<!DOCTYPE HTML>
<html>
	<head>
		<title>Code Analysis - MetricStream</title>
		<meta charset="utf-8" />
		<meta name="viewport" content="width=device-width, initial-scale=1, user-scalable=no" />
		<!--[if lte IE 8]><script src="../../lib/assets/js/ie/html5shiv.js"></script><![endif]-->
		<link rel="stylesheet" href="../../lib/assets/css/main.css" />
		<!--[if lte IE 9]><link rel="stylesheet" href="../../lib/assets/css/ie9.css" /><![endif]-->
		<!--[if lte IE 8]><link rel="stylesheet" href="../../lib/assets/css/ie8.css" /><![endif]-->
	</head>
	<body>

		<!-- Wrapper -->
			<div id="wrapper">

				<!-- Main -->
					<div id="main">
						<div class="inner">
							<!-- Header -->
								<header id="header">
									<a href="index.html" class="logo"><strong>Static Code Analysis Report</strong> by Code Analyzer Tool</a>
								</header>

							<!-- Content -->
								<section>
									<!-- Content -->
										<header class="major"><h2>Infolet Details</h2></header>
										<div class="table-wrapper">
											<table>
												<tbody>
													<tr>
														<td><b>Name</b></td>
														<td>MS_GRC_GET_METRIC_ID_SCHEDULED_ID_BY_METRIC_NAME (100896)</td>
													</tr>
													<tr>
														<td><b>SQL</b></td>
														<td><pre><code>SELECT METRIC_ID, METRIC_SCHEDULE_ID FROM SI_METRIC_SCHEDULES WHERE METRIC_ID IN 
(SELECT METRIC_ID FROM SI_METRICS_T WHERE METRIC_NAME = :1) AND ROWNUM = 1</code></pre></td>
													</tr>
													<tr>
														<td><b>Description</b></td>
														<td>null</td>
													</tr>
												</tbody>
											</table>
										</div>

										<h2 align="center" id="content">Analysis Report</h2>
										<hr>

<header class="major"><h2>Plan hash value: 4033079830</h2></header><pre><code>
 
----------------------------------------------------------------------------------------------------------
| Id  | Operation                       | Name                   | Rows  | Bytes | Cost (%CPU)| Time     |
----------------------------------------------------------------------------------------------------------
|   0 | SELECT STATEMENT                |                        |     1 |    44 |     3  (34)| 00:00:01 |
|*  1 |  COUNT STOPKEY                  |                        |       |       |            |          |
|   2 |   NESTED LOOPS                  |                        |     1 |    44 |     3  (34)| 00:00:01 |
|   3 |    NESTED LOOPS                 |                        |     1 |    44 |     3  (34)| 00:00:01 |
|   4 |     SORT UNIQUE                 |                        |     1 |    34 |     1   (0)| 00:00:01 |
|   5 |      TABLE ACCESS BY INDEX ROWID| SI_METRICS_T           |     1 |    34 |     1   (0)| 00:00:01 |
|*  6 |       INDEX RANGE SCAN          | SI_METRICS_T_N7        |     1 |       |     1   (0)| 00:00:01 |
|*  7 |     INDEX RANGE SCAN            | SI_METRIC_SCHEDULES_N2 |     1 |       |     1   (0)| 00:00:01 |
|   8 |    TABLE ACCESS BY INDEX ROWID  | SI_METRIC_SCHEDULES    |     1 |    10 |     1   (0)| 00:00:01 |
----------------------------------------------------------------------------------------------------------
 
</code></pre><header class="major"><h2>Query Block Name / Object Alias (identified by operation id):</h2></header><pre><code>
 
   1 - SEL$5DA710D3
   5 - SEL$5DA710D3 / SI_METRICS_T@SEL$2
   6 - SEL$5DA710D3 / SI_METRICS_T@SEL$2
   7 - SEL$5DA710D3 / SI_METRIC_SCHEDULES@SEL$1
   8 - SEL$5DA710D3 / SI_METRIC_SCHEDULES@SEL$1
 
</code></pre><header class="major"><h2>Predicate Information (identified by operation id):</h2></header><pre><code>
 
   1 - filter(ROWNUM=1)
   6 - access("METRIC_NAME"=:1)
   7 - access("METRIC_ID"="METRIC_ID")
 
</code></pre><header class="major"><h2>Column Projection Information (identified by operation id):</h2></header><pre><code>
 
   1 - "METRIC_ID"[NUMBER,22], "METRIC_SCHEDULE_ID"[NUMBER,22]
   2 - (#keys=0) "METRIC_ID"[NUMBER,22], "METRIC_SCHEDULE_ID"[NUMBER,22]
   3 - (#keys=0) "SI_METRIC_SCHEDULES".ROWID[ROWID,10], "METRIC_ID"[NUMBER,22]
   4 - (#keys=1) "METRIC_ID"[NUMBER,22]
   5 - "METRIC_ID"[NUMBER,22]
   6 - "SI_METRICS_T".ROWID[ROWID,10]
   7 - "SI_METRIC_SCHEDULES".ROWID[ROWID,10], "METRIC_ID"[NUMBER,22]
   8 - "METRIC_SCHEDULE_ID"[NUMBER,22]
										</code></pre>
								</section>
						</div>
					</div>

				<!-- Sidebar -->
				<div id="sidebar">
					<div class="inner">
						<!-- Menu -->
						<nav id="menu">
							<header class="major">
								<h2>Menu</h2>
							</header>
							<ul>
								<li><a href="../index.html">Module List</a></li>
								<li><a href="index.html">Summary</a></li>
								<li>
									<span class="opener">DB Analysis</span>
									<ul>
										<li><a href="bad-sql.html">Bad SQL</a></li>
										<li><a href="poor-sql.html">Poor SQL Plan</a></li>
										<li><a href="invalid-sql.html">Invalid SQL</a></li>
										<li><a href="full-sql.html">Full SQL Report</a></li>
										<li><a href="table-nil-key.html">Primary/Unique Key Miss</a></li>
										<li><a href="invalid-db-object.html">Invalid DB Objects</a></li>
									</ul>
								</li>
								<li>
									<span class="opener">Infolets</span>
									<ul>
										<li><a href="keep-history-infolets.html">Keep History Infolets</a></li>
									</ul>
								</li>
								<li>
									<span class="opener">Pushforms</span>
									<ul>
										<li><a href="pushform-denormalize.html">Pushform Denormalized</a></li>
									</ul>
								</li>
							</ul>
						</nav>

						<!-- Section -->
						<section>
							<header class="major">
								<h2>Get in touch</h2>
							</header>
							<p>You need more details on the report or want more functionality, don't hesitate to reach out to us.</p>
							<ul class="contact">
								<li class="fa-envelope-o"><a href="mailto:rnd@metricstream.com?Subject=Reg - Static Code Analysis Tool" target="_top">rnd@metricstream.com</a></li>
							</ul>
						</section>

						<!-- Footer -->
						<footer id="footer">
							<p class="copyright">&copy; <a href="http://www.metricstream.com" target="_blank">MetricStream</a>. All rights reserved. </p>
						</footer>
					</div>
				</div>
			</div>

		<!-- Scripts -->
			<script src="../../lib/assets/js/jquery.min.js"></script>
			<script src="../../lib/assets/js/skel.min.js"></script>
			<script src="../../lib/assets/js/util.js"></script>
			<!--[if lte IE 8]><script src="../../lib/assets/js/ie/respond.min.js"></script><![endif]-->
			<script src="../../lib/assets/js/main.js"></script>
	</body>
</html>