<!DOCTYPE HTML>
<html>
	<head>
		<title>Code Analysis - MetricStream</title>
		<meta charset="utf-8" />
		<meta name="viewport" content="width=device-width, initial-scale=1, user-scalable=no" />
		<!--[if lte IE 8]><script src="../../lib/assets/js/ie/html5shiv.js"></script><![endif]-->
		<link rel="stylesheet" href="../../lib/assets/css/main.css" />
		<!--[if lte IE 9]><link rel="stylesheet" href="../../lib/assets/css/ie9.css" /><![endif]-->
		<!--[if lte IE 8]><link rel="stylesheet" href="../../lib/assets/css/ie8.css" /><![endif]-->
	</head>
	<body>

		<!-- Wrapper -->
			<div id="wrapper">

				<!-- Main -->
					<div id="main">
						<div class="inner">
							<!-- Header -->
								<header id="header">
									<a href="index.html" class="logo"><strong>Static Code Analysis Report</strong> by Code Analyzer Tool</a>
								</header>

							<!-- Content -->
								<section>
									<!-- Content -->
										<header class="major"><h2>Infolet Details</h2></header>
										<div class="table-wrapper">
											<table>
												<tbody>
													<tr>
														<td><b>Name</b></td>
														<td>MS_GRC_61_SP2_PROCESS_PARENT (100722)</td>
													</tr>
													<tr>
														<td><b>SQL</b></td>
														<td><pre><code>SELECT 
OBJECT_NAME as OBJ_NAME,
OBJECT_LEVEL AS OBJECT_LEVEL,
DD_OBJECT_TYPE AS OBJ_TYPE,
OBJECT_ID AS OBJ_ID,
loc.locale_id AS LOCALE_ID
FROM MS_GRC_PROCESS_DENORM_RV rv,(select locale_id from si_locales where locale_string=(select locale FROM si_users_t WHERE user_name=:2)
  ) loc
WHERE EXISTS
    (SELECT column_value
    FROM TABLE(cast(ms_grc_rep_browser_fil_denorm.fn_process_rpt_filter(ms_grc_array_type(NULL, NULL, 'ACT', NULL, NULL, NULL, NULL, NULL, NULL, NULL, :1-1, NULL, NULL,NULL,NULL, NULL, NULL, NULL, NULL, NULL,NULL, NULL,NULL, NULL, NULL,NULL, NULL, NULL, NULL, NULL, NULL, NULL, NULL, NULL, NULL, NULL, NULL,NULL, NULL, 'MS_GRC_PROCESS', :2))
    as varchar2_array))
  WHERE column_value = OBJECT_ID
  ) and LOC.LOCALE_ID=rv.LOCALE_ID</code></pre></td>
													</tr>
													<tr>
														<td><b>Description</b></td>
														<td>This infolet extracts data from MS_GRC_PROCESS_DENORM_RV view and is thereby used in Process form</td>
													</tr>
												</tbody>
											</table>
										</div>

										<h2 align="center" id="content">Analysis Report</h2>
										<hr>

<header class="major"><h2>Plan hash value: 3988137533</h2></header><pre><code>
 
-------------------------------------------------------------------------------------------------------------------
| Id  | Operation                            | Name                       | Rows  | Bytes | Cost (%CPU)| Time     |
-------------------------------------------------------------------------------------------------------------------
|   0 | SELECT STATEMENT                     |                            |     1 |   164 |   141   (0)| 00:00:02 |
|   1 |  NESTED LOOPS                        |                            |     1 |   164 |   141   (0)| 00:00:02 |
|   2 |   NESTED LOOPS                       |                            |     1 |   153 |   140   (0)| 00:00:02 |
|*  3 |    HASH JOIN SEMI                    |                            |     1 |   126 |   139   (0)| 00:00:02 |
<font style="background-color: lightblue; color: red">|   4 |     MERGE JOIN CARTESIAN             |                            |   340 | 42160 |   110   (0)| 00:00:02 |</font>
|   5 |      VIEW                            | VW_SQ_1                    |     1 |    52 |     1   (0)| 00:00:01 |
|   6 |       TABLE ACCESS BY INDEX ROWID    | SI_USERS_T                 |     1 |    19 |     1   (0)| 00:00:01 |
|*  7 |        INDEX RANGE SCAN              | SI_USERS_T_N3              |     1 |       |     1   (0)| 00:00:01 |
|   8 |      BUFFER SORT                     |                            |   340 | 24480 |   110   (0)| 00:00:02 |
|   9 |       INDEX FULL SCAN                | MS_GRC_PROC_PK             |   340 | 24480 |    80   (0)| 00:00:01 |
<font style="background-color: lightblue; color: red">|  10 |     COLLECTION ITERATOR PICKLER FETCH| FN_PROCESS_RPT_FILTER      |  8168 | 16336 |    29   (0)| 00:00:01 |</font>
|  11 |    TABLE ACCESS BY INDEX ROWID       | MS_GRC_PROCESS_MLS_SUMMARY |     1 |    27 |     1   (0)| 00:00:01 |
|* 12 |     INDEX RANGE SCAN                 | MS_GRC_PROC_MLS_SUMM_IDX2  |     1 |       |     1   (0)| 00:00:01 |
|* 13 |   TABLE ACCESS BY INDEX ROWID        | SI_LOCALES                 |     1 |    11 |     1   (0)| 00:00:01 |
|* 14 |    INDEX UNIQUE SCAN                 | SI_LOCALES_U1              |     1 |       |     1   (0)| 00:00:01 |
-------------------------------------------------------------------------------------------------------------------
 
</code></pre><header class="major"><h2>Query Block Name / Object Alias (identified by operation id):</h2></header><pre><code>
 
   1 - SEL$E1BE3644
   5 - SEL$3512B053 / VW_SQ_1@SEL$2DF9124B
   6 - SEL$3512B053 / SI_USERS_T@SEL$8
   7 - SEL$3512B053 / SI_USERS_T@SEL$8
   9 - SEL$E1BE3644 / PROCSUMM@SEL$2
  10 - SEL$E1BE3644 / KOKBF$0@SEL$10
  11 - SEL$E1BE3644 / PROCMLSSUMM@SEL$2
  12 - SEL$E1BE3644 / PROCMLSSUMM@SEL$2
  13 - SEL$E1BE3644 / SI_LOCALES@SEL$7
  14 - SEL$E1BE3644 / SI_LOCALES@SEL$7
 
</code></pre><header class="major"><h2>Predicate Information (identified by operation id):</h2></header><pre><code>
 
   3 - access("PROCSUMM"."OBJECT_ID"=VALUE(KOKBF$))
   7 - access("USER_NAME"=:2)
  12 - access("PROCSUMM"."OBJECT_ID"="PROCMLSSUMM"."OBJECT_ID")
  13 - filter("LOCALE_STRING"="LOCALE")
  14 - access("LOCALE_ID"=TO_NUMBER("PROCMLSSUMM"."LOCALE_ID"))
 
</code></pre><header class="major"><h2>Column Projection Information (identified by operation id):</h2></header><pre><code>
 
   1 - (#keys=0) "PROCSUMM"."OBJECT_ID"[VARCHAR2,1600], "PROCSUMM"."DD_OBJECT_TYPE"[VARCHAR2,1600], 
       "PROCSUMM"."OBJECT_NAME"[VARCHAR2,4000], "PROCMLSSUMM"."OBJECT_LEVEL"[VARCHAR2,1600], 
       "LOCALE_ID"[NUMBER,22]
   2 - (#keys=0) "PROCSUMM"."OBJECT_ID"[VARCHAR2,1600], "LOCALE"[VARCHAR2,100], 
       "PROCSUMM"."DD_OBJECT_TYPE"[VARCHAR2,1600], "PROCSUMM"."OBJECT_NAME"[VARCHAR2,4000], 
       "PROCMLSSUMM"."LOCALE_ID"[VARCHAR2,400], "PROCMLSSUMM"."OBJECT_LEVEL"[VARCHAR2,1600]
   3 - (#keys=1) "PROCSUMM"."OBJECT_ID"[VARCHAR2,1600], "LOCALE"[VARCHAR2,100], 
       "PROCSUMM"."DD_OBJECT_TYPE"[VARCHAR2,1600], "PROCSUMM"."OBJECT_NAME"[VARCHAR2,4000]
   4 - (#keys=0) "LOCALE"[VARCHAR2,100], "PROCSUMM"."OBJECT_ID"[VARCHAR2,1600], 
       "PROCSUMM"."OBJECT_NAME"[VARCHAR2,4000], "PROCSUMM"."DD_OBJECT_TYPE"[VARCHAR2,1600]
   5 - "LOCALE"[VARCHAR2,100]
   6 - "LOCALE"[VARCHAR2,100]
   7 - "SI_USERS_T".ROWID[ROWID,10]
   8 - (#keys=0) "PROCSUMM"."OBJECT_ID"[VARCHAR2,1600], "PROCSUMM"."OBJECT_NAME"[VARCHAR2,4000], 
       "PROCSUMM"."DD_OBJECT_TYPE"[VARCHAR2,1600]
   9 - "PROCSUMM"."OBJECT_ID"[VARCHAR2,1600], "PROCSUMM"."OBJECT_NAME"[VARCHAR2,4000], 
       "PROCSUMM"."DD_OBJECT_TYPE"[VARCHAR2,1600]
  10 - VALUE(A0)[4000]
  11 - "PROCMLSSUMM"."LOCALE_ID"[VARCHAR2,400], "PROCMLSSUMM"."OBJECT_LEVEL"[VARCHAR2,1600]
  12 - "PROCMLSSUMM".ROWID[ROWID,10], "PROCMLSSUMM"."LOCALE_ID"[VARCHAR2,400]
  13 - "LOCALE_ID"[NUMBER,22]
  14 - "SI_LOCALES".ROWID[ROWID,10], "LOCALE_ID"[NUMBER,22]
										</code></pre>
								</section>
						</div>
					</div>

				<!-- Sidebar -->
				<div id="sidebar">
					<div class="inner">
						<!-- Menu -->
						<nav id="menu">
							<header class="major">
								<h2>Menu</h2>
							</header>
							<ul>
								<li><a href="../index.html">Module List</a></li>
								<li><a href="index.html">Summary</a></li>
								<li>
									<span class="opener">DB Analysis</span>
									<ul>
										<li><a href="bad-sql.html">Bad SQL</a></li>
										<li><a href="poor-sql.html">Poor SQL Plan</a></li>
										<li><a href="invalid-sql.html">Invalid SQL</a></li>
										<li><a href="full-sql.html">Full SQL Report</a></li>
										<li><a href="table-nil-key.html">Primary/Unique Key Miss</a></li>
										<li><a href="invalid-db-object.html">Invalid DB Objects</a></li>
									</ul>
								</li>
								<li>
									<span class="opener">Infolets</span>
									<ul>
										<li><a href="keep-history-infolets.html">Keep History Infolets</a></li>
									</ul>
								</li>
								<li>
									<span class="opener">Pushforms</span>
									<ul>
										<li><a href="pushform-denormalize.html">Pushform Denormalized</a></li>
									</ul>
								</li>
							</ul>
						</nav>

						<!-- Section -->
						<section>
							<header class="major">
								<h2>Get in touch</h2>
							</header>
							<p>You need more details on the report or want more functionality, don't hesitate to reach out to us.</p>
							<ul class="contact">
								<li class="fa-envelope-o"><a href="mailto:rnd@metricstream.com?Subject=Reg - Static Code Analysis Tool" target="_top">rnd@metricstream.com</a></li>
							</ul>
						</section>

						<!-- Footer -->
						<footer id="footer">
							<p class="copyright">&copy; <a href="http://www.metricstream.com" target="_blank">MetricStream</a>. All rights reserved. </p>
						</footer>
					</div>
				</div>
			</div>

		<!-- Scripts -->
			<script src="../../lib/assets/js/jquery.min.js"></script>
			<script src="../../lib/assets/js/skel.min.js"></script>
			<script src="../../lib/assets/js/util.js"></script>
			<!--[if lte IE 8]><script src="../../lib/assets/js/ie/respond.min.js"></script><![endif]-->
			<script src="../../lib/assets/js/main.js"></script>
	</body>
</html>