<!DOCTYPE HTML>
<html>
	<head>
		<title>Code Analysis - MetricStream</title>
		<meta charset="utf-8" />
		<meta name="viewport" content="width=device-width, initial-scale=1, user-scalable=no" />
		<!--[if lte IE 8]><script src="../../lib/assets/js/ie/html5shiv.js"></script><![endif]-->
		<link rel="stylesheet" href="../../lib/assets/css/main.css" />
		<!--[if lte IE 9]><link rel="stylesheet" href="../../lib/assets/css/ie9.css" /><![endif]-->
		<!--[if lte IE 8]><link rel="stylesheet" href="../../lib/assets/css/ie8.css" /><![endif]-->
	</head>
	<body>

		<!-- Wrapper -->
			<div id="wrapper">

				<!-- Main -->
					<div id="main">
						<div class="inner">
							<!-- Header -->
								<header id="header">
									<a href="index.html" class="logo"><strong>Static Code Analysis Report</strong> by Code Analyzer Tool</a>
								</header>

							<!-- Content -->
								<section>
									<!-- Content -->
										<header class="major"><h2>Infolet Details</h2></header>
										<div class="table-wrapper">
											<table>
												<tbody>
													<tr>
														<td><b>Name</b></td>
														<td>MS_GRC_Yes_No_Infolet (101100)</td>
													</tr>
													<tr>
														<td><b>SQL</b></td>
														<td><pre><code>Select Stored_Value,
       Displayed_Value
From   MS_GRC_LOV_ORG_VALUES_V
where (trim(LOV_NAME) = 'MS GRC Yes No') and locale_id =
(select locale_id from si_locales a,si_users_t b where locale=locale_string and user_name = :1)
order by display_order asc</code></pre></td>
													</tr>
													<tr>
														<td><b>Description</b></td>
														<td>This infolet extracts data from MS_GRC_LOV_ORG_VALUES_V table and is thereby used in all GRC library forms including Area of Compliance, Asset, Asset Class, Control, Evidence, Exception, Financial Account, Function, Framework Reference, Objective, Organizational Profile, Process, Product, Question/Procedure, Reference, Regulatory Body, Requirement, Risk and Standard </td>
													</tr>
												</tbody>
											</table>
										</div>

										<h2 align="center" id="content">Analysis Report</h2>
										<hr>

<header class="major"><h2>Plan hash value: 3932191357</h2></header><pre><code>
 
---------------------------------------------------------------------------------------------------------------
| Id  | Operation                        | Name                       | Rows  | Bytes | Cost (%CPU)| Time     |
---------------------------------------------------------------------------------------------------------------
|   0 | SELECT STATEMENT                 |                            |   123 |   520K|    41   (3)| 00:00:01 |
|   1 |  SORT ORDER BY                   |                            |   123 |   520K|    41   (3)| 00:00:01 |
|*  2 |   HASH JOIN RIGHT OUTER          |                            |   123 |   520K|    36   (0)| 00:00:01 |
<font style="background-color: lightblue; color: red">|   3 |    TABLE ACCESS FULL             | MS_QS_LIST_OF_VALUES_TL    |     1 |  2028 |     2   (0)| 00:00:01 |</font>
|*  4 |    HASH JOIN                     |                            |   123 |   276K|    34   (0)| 00:00:01 |
|*  5 |     HASH JOIN                    |                            |    10 |   740 |    14   (0)| 00:00:01 |
|*  6 |      HASH JOIN OUTER             |                            |     5 |   305 |     7   (0)| 00:00:01 |
<font style="background-color: lightblue; color: red">|*  7 |       TABLE ACCESS FULL          | MS_QS_LOV_NAMES            |     5 |   175 |     5   (0)| 00:00:01 |</font>
<font style="background-color: lightblue; color: red">|*  8 |       TABLE ACCESS FULL          | MS_QS_LOV_NAMES_TL         |     1 |    26 |     2   (0)| 00:00:01 |</font>
|   9 |      VIEW                        | SI_REGISTER_APPLICATION_V  |    40 |   520 |     7   (0)| 00:00:01 |
|  10 |       UNION-ALL                  |                            |       |       |            |          |
|* 11 |        HASH JOIN OUTER           |                            |    39 |  1287 |     5   (0)| 00:00:01 |
<font style="background-color: lightblue; color: red">|  12 |         TABLE ACCESS FULL        | SI_REGISTER_APPLICATION    |    39 |   273 |     3   (0)| 00:00:01 |</font>
<font style="background-color: lightblue; color: red">|* 13 |         TABLE ACCESS FULL        | SI_REGISTER_APPLICATION_TL |     1 |    26 |     2   (0)| 00:00:01 |</font>
|  14 |        FAST DUAL                 |                            |     1 |       |     2   (0)| 00:00:01 |
|* 15 |     VIEW                         |                            |  5524 |    11M|    20   (0)| 00:00:01 |
<font style="background-color: lightblue; color: red">|  16 |      MERGE JOIN CARTESIAN        |                            |  5524 |   151K|    20   (0)| 00:00:01 |</font>
<font style="background-color: lightblue; color: red">|* 17 |       TABLE ACCESS FULL          | SI_LOCALES                 |     1 |     6 |     3   (0)| 00:00:01 |</font>
|  18 |       BUFFER SORT                |                            |  5524 |   118K|    17   (0)| 00:00:01 |
<font style="background-color: lightblue; color: red">|  19 |        TABLE ACCESS FULL         | MS_QS_LIST_OF_VALUES_T     |  5524 |   118K|    17   (0)| 00:00:01 |</font>
|  20 |      NESTED LOOPS                |                            |     1 |    30 |     4   (0)| 00:00:01 |
|  21 |       TABLE ACCESS BY INDEX ROWID| SI_USERS_T                 |     1 |    19 |     1   (0)| 00:00:01 |
|* 22 |        INDEX RANGE SCAN          | SI_USERS_T_N3              |     1 |       |     1   (0)| 00:00:01 |
<font style="background-color: lightblue; color: red">|* 23 |       TABLE ACCESS FULL          | SI_LOCALES                 |     1 |    11 |     3   (0)| 00:00:01 |</font>
---------------------------------------------------------------------------------------------------------------
 
</code></pre><header class="major"><h2>Query Block Name / Object Alias (identified by operation id):</h2></header><pre><code>
 
   1 - SEL$D3661FD6
   3 - SEL$D3661FD6 / TL@SEL$3
   7 - SEL$D3661FD6 / T@SEL$7
   8 - SEL$D3661FD6 / TL@SEL$7
   9 - SET$1        / SRA@SEL$6
  10 - SET$1       
  11 - SEL$8       
  12 - SEL$8        / T@SEL$8
  13 - SEL$8        / TL@SEL$8
  14 - SEL$11       / DUAL@SEL$11
  15 - SEL$7286615E / X@SEL$3
  16 - SEL$7286615E
  17 - SEL$7286615E / SI_LOCALES@SEL$5
  19 - SEL$7286615E / T@SEL$4
  20 - SEL$16      
  21 - SEL$16       / B@SEL$16
  22 - SEL$16       / B@SEL$16
  23 - SEL$16       / A@SEL$16
 
</code></pre><header class="major"><h2>Predicate Information (identified by operation id):</h2></header><pre><code>
 
   2 - access("X"."LOV_VALUE_ID"="TL"."LOV_VALUE_ID"(+) AND "X"."LOCALE_ID"="TL"."LOCALE_ID"(+))
   4 - access("X"."LOV_ID"="T"."LOV_ID")
   5 - access(NVL("PACKAGE_ID",0)=NVL("SRA"."PACKAGE_ID",0))
   6 - access("T"."LOV_ID"="TL"."LOV_ID"(+))
   7 - filter(TRIM("T"."LOV_NAME")='MS GRC Yes No')
   8 - filter("TL"."LOCALE_ID"(+)=TO_NUMBER("SI_DB_LOCALE_SV"."GETVALUE"()))
  11 - access("TL"."MODULE_ID"(+)="T"."MODULE_ID")
  13 - filter("TL"."LOCALE_ID"(+)=TO_NUMBER("SI_DB_LOCALE_SV"."GETVALUE"()))
  15 - filter("X"."LOCALE_ID"= (SELECT "LOCALE_ID" FROM "SI_USERS_T" "B","SI_LOCALES" "A" WHERE 
              "LOCALE"="LOCALE_STRING" AND "USER_NAME"=:1))
  17 - filter("ENABLED_FLAG"='Y')
  22 - access("USER_NAME"=:1)
  23 - filter("LOCALE"="LOCALE_STRING")
 
</code></pre><header class="major"><h2>Column Projection Information (identified by operation id):</h2></header><pre><code>
 
   1 - (#keys=1) "X"."DISPLAY_ORDER"[NUMBER,22], "X"."STORED_VALUE"[VARCHAR2,400], 
       NVL("TL"."DISPLAYED_VALUE","X"."DISPLAYED_VALUE")[4000]
   2 - (#keys=2) "TL"."DISPLAYED_VALUE"[VARCHAR2,4000], "X"."DISPLAYED_VALUE"[VARCHAR2,4000], 
       "X"."DISPLAY_ORDER"[NUMBER,22], "X"."STORED_VALUE"[VARCHAR2,400]
   3 - "TL"."LOV_VALUE_ID"[NUMBER,22], "TL"."DISPLAYED_VALUE"[VARCHAR2,4000], 
       "TL"."LOCALE_ID"[NUMBER,22]
   4 - (#keys=1) "X"."LOV_VALUE_ID"[NUMBER,22], "X"."DISPLAY_ORDER"[NUMBER,22], 
       "X"."STORED_VALUE"[VARCHAR2,400], "X"."DISPLAYED_VALUE"[VARCHAR2,4000], "X"."LOCALE_ID"[NUMBER,22]
   5 - (#keys=1) "T"."LOV_ID"[NUMBER,22]
   6 - (#keys=1) "T"."LOV_ID"[NUMBER,22], "PACKAGE_ID"[NUMBER,22]
   7 - "T"."LOV_ID"[NUMBER,22], "PACKAGE_ID"[NUMBER,22]
   8 - "TL"."LOV_ID"[NUMBER,22]
   9 - "SRA"."PACKAGE_ID"[NUMBER,22]
  10 - STRDEF[22]
  11 - (#keys=1) "T"."MODULE_ID"[NUMBER,22]
  12 - "T"."MODULE_ID"[NUMBER,22]
  13 - "TL"."MODULE_ID"[NUMBER,22]
  15 - "X"."LOV_VALUE_ID"[NUMBER,22], "X"."LOV_ID"[NUMBER,22], "X"."STORED_VALUE"[VARCHAR2,400], 
       "X"."DISPLAYED_VALUE"[VARCHAR2,4000], "X"."LOCALE_ID"[NUMBER,22], "X"."DISPLAY_ORDER"[NUMBER,22]
  16 - (#keys=0) "LOCALE_ID"[NUMBER,22], "T"."LOV_VALUE_ID"[NUMBER,22], "T"."LOV_ID"[NUMBER,22], 
       "T"."STORED_VALUE"[VARCHAR2,400], "T"."DISPLAYED_VALUE"[VARCHAR2,4000], "T"."DISPLAY_ORDER"[NUMBER,22]
  17 - "LOCALE_ID"[NUMBER,22]
  18 - (#keys=0) "T"."LOV_VALUE_ID"[NUMBER,22], "T"."LOV_ID"[NUMBER,22], 
       "T"."STORED_VALUE"[VARCHAR2,400], "T"."DISPLAYED_VALUE"[VARCHAR2,4000], "T"."DISPLAY_ORDER"[NUMBER,22]
  19 - "T"."LOV_VALUE_ID"[NUMBER,22], "T"."LOV_ID"[NUMBER,22], "T"."STORED_VALUE"[VARCHAR2,400], 
       "T"."DISPLAYED_VALUE"[VARCHAR2,4000], "T"."DISPLAY_ORDER"[NUMBER,22]
  20 - (#keys=0) "LOCALE_ID"[NUMBER,22]
  21 - "LOCALE"[VARCHAR2,100]
  22 - "B".ROWID[ROWID,10]
  23 - "LOCALE_ID"[NUMBER,22]
										</code></pre>
								</section>
						</div>
					</div>

				<!-- Sidebar -->
				<div id="sidebar">
					<div class="inner">
						<!-- Menu -->
						<nav id="menu">
							<header class="major">
								<h2>Menu</h2>
							</header>
							<ul>
								<li><a href="../index.html">Module List</a></li>
								<li><a href="index.html">Summary</a></li>
								<li>
									<span class="opener">DB Analysis</span>
									<ul>
										<li><a href="bad-sql.html">Bad SQL</a></li>
										<li><a href="poor-sql.html">Poor SQL Plan</a></li>
										<li><a href="invalid-sql.html">Invalid SQL</a></li>
										<li><a href="full-sql.html">Full SQL Report</a></li>
										<li><a href="table-nil-key.html">Primary/Unique Key Miss</a></li>
										<li><a href="invalid-db-object.html">Invalid DB Objects</a></li>
									</ul>
								</li>
								<li>
									<span class="opener">Infolets</span>
									<ul>
										<li><a href="keep-history-infolets.html">Keep History Infolets</a></li>
									</ul>
								</li>
								<li>
									<span class="opener">Pushforms</span>
									<ul>
										<li><a href="pushform-denormalize.html">Pushform Denormalized</a></li>
									</ul>
								</li>
							</ul>
						</nav>

						<!-- Section -->
						<section>
							<header class="major">
								<h2>Get in touch</h2>
							</header>
							<p>You need more details on the report or want more functionality, don't hesitate to reach out to us.</p>
							<ul class="contact">
								<li class="fa-envelope-o"><a href="mailto:rnd@metricstream.com?Subject=Reg - Static Code Analysis Tool" target="_top">rnd@metricstream.com</a></li>
							</ul>
						</section>

						<!-- Footer -->
						<footer id="footer">
							<p class="copyright">&copy; <a href="http://www.metricstream.com" target="_blank">MetricStream</a>. All rights reserved. </p>
						</footer>
					</div>
				</div>
			</div>

		<!-- Scripts -->
			<script src="../../lib/assets/js/jquery.min.js"></script>
			<script src="../../lib/assets/js/skel.min.js"></script>
			<script src="../../lib/assets/js/util.js"></script>
			<!--[if lte IE 8]><script src="../../lib/assets/js/ie/respond.min.js"></script><![endif]-->
			<script src="../../lib/assets/js/main.js"></script>
	</body>
</html>