<!DOCTYPE HTML>
<html>
	<head>
		<title>Code Analysis - MetricStream</title>
		<meta charset="utf-8" />
		<meta name="viewport" content="width=device-width, initial-scale=1, user-scalable=no" />
		<!--[if lte IE 8]><script src="../../lib/assets/js/ie/html5shiv.js"></script><![endif]-->
		<link rel="stylesheet" href="../../lib/assets/css/main.css" />
		<!--[if lte IE 9]><link rel="stylesheet" href="../../lib/assets/css/ie9.css" /><![endif]-->
		<!--[if lte IE 8]><link rel="stylesheet" href="../../lib/assets/css/ie8.css" /><![endif]-->
	</head>
	<body>

		<!-- Wrapper -->
			<div id="wrapper">

				<!-- Main -->
					<div id="main">
						<div class="inner">
							<!-- Header -->
								<header id="header">
									<a href="index.html" class="logo"><strong>Static Code Analysis Report</strong> by Code Analyzer Tool</a>
								</header>

							<!-- Content -->
								<section>
									<!-- Content -->
										<header class="major"><h2>Infolet Details</h2></header>
										<div class="table-wrapper">
											<table>
												<tbody>
													<tr>
														<td><b>Name</b></td>
														<td>MS_GRC_61_SP2_RISK_PARENT (100744)</td>
													</tr>
													<tr>
														<td><b>SQL</b></td>
														<td><pre><code>SELECT 
OBJECT_NAME AS OBJ_NAME,
OBJECT_LEVEL AS OBJ_LEVEL,
OBJECT_TYPE AS OBJ_TYPE,
OBJECT_ID AS OBJ_ID,
loc.locale_id AS LOCALE_ID
FROM MS_GRC_RISK_DENORM_RV Rv,(select locale_id from si_locales where locale_string=(select locale FROM si_users_t WHERE user_name=:2)
  ) loc
WHERE EXISTS
    (SELECT column_value
    FROM TABLE(cast(ms_grc_rep_browser_fil_denorm.fn_risk_rpt_filter(ms_grc_array_type(NULL,NULL,'ACT',:1-1, NULL,NULL,NULL,NULL,NULL,NULL,NULL,NULL,NULL,NULL,NULL,NULL,NULL,NULL,NULL,NULL,NULL,NULL,NULL,NULL,NULL,NULL,NULL,NULL,NULL,NULL,NULL,NULL,NULL,NULL,NULL,NULL,NULL,NULL,NULL,'MS_GRC_RISK',:2))
    as varchar2_array))
  WHERE column_value = Rv.OBJECT_ID
  ) and LOC.LOCALE_ID=rv.LOCALE_ID</code></pre></td>
													</tr>
													<tr>
														<td><b>Description</b></td>
														<td>MS_GRC_61_SP2_RISK_PARENT</td>
													</tr>
												</tbody>
											</table>
										</div>

										<h2 align="center" id="content">Analysis Report</h2>
										<hr>

<header class="major"><h2>Plan hash value: 3137335949</h2></header><pre><code>
 
--------------------------------------------------------------------------------------------------------------------
| Id  | Operation                            | Name                        | Rows  | Bytes | Cost (%CPU)| Time     |
--------------------------------------------------------------------------------------------------------------------
|   0 | SELECT STATEMENT                     |                             |     1 |   157 |    69   (0)| 00:00:01 |
|   1 |  NESTED LOOPS                        |                             |     1 |   157 |    69   (0)| 00:00:01 |
|   2 |   NESTED LOOPS                       |                             |     1 |   146 |    68   (0)| 00:00:01 |
|*  3 |    HASH JOIN SEMI                    |                             |     1 |   118 |    67   (0)| 00:00:01 |
<font style="background-color: lightblue; color: red">|   4 |     MERGE JOIN CARTESIAN             |                             |   230 | 26680 |    38   (0)| 00:00:01 |</font>
|   5 |      VIEW                            | VW_SQ_1                     |     1 |    52 |     1   (0)| 00:00:01 |
|   6 |       TABLE ACCESS BY INDEX ROWID    | SI_USERS_T                  |     1 |    19 |     1   (0)| 00:00:01 |
|*  7 |        INDEX RANGE SCAN              | SI_USERS_T_N3               |     1 |       |     1   (0)| 00:00:01 |
|   8 |      BUFFER SORT                     |                             |   230 | 14720 |    38   (0)| 00:00:01 |
|   9 |       INDEX FAST FULL SCAN           | MS_GRC_RISK_SUMMARY_PK      |   230 | 14720 |    37   (0)| 00:00:01 |
<font style="background-color: lightblue; color: red">|  10 |     COLLECTION ITERATOR PICKLER FETCH| FN_RISK_RPT_FILTER          |  8168 | 16336 |    29   (0)| 00:00:01 |</font>
|  11 |    TABLE ACCESS BY INDEX ROWID       | MS_GRC_RISK_OBJ_MLS_SUMMARY |     1 |    28 |     1   (0)| 00:00:01 |
|* 12 |     INDEX RANGE SCAN                 | MS_GRC_OBJ_MLS_SUMM_IDX2    |     1 |       |     1   (0)| 00:00:01 |
|* 13 |   TABLE ACCESS BY INDEX ROWID        | SI_LOCALES                  |     1 |    11 |     1   (0)| 00:00:01 |
|* 14 |    INDEX UNIQUE SCAN                 | SI_LOCALES_U1               |     1 |       |     1   (0)| 00:00:01 |
--------------------------------------------------------------------------------------------------------------------
 
</code></pre><header class="major"><h2>Query Block Name / Object Alias (identified by operation id):</h2></header><pre><code>
 
   1 - SEL$6ED71D73
   5 - SEL$A9DBB1CB / VW_SQ_1@SEL$F34E3A6F
   6 - SEL$A9DBB1CB / SI_USERS_T@SEL$9
   7 - SEL$A9DBB1CB / SI_USERS_T@SEL$9
   9 - SEL$6ED71D73 / RSK_SUMM@SEL$2
  10 - SEL$6ED71D73 / KOKBF$0@SEL$11
  11 - SEL$6ED71D73 / MLS_SUMM@SEL$2
  12 - SEL$6ED71D73 / MLS_SUMM@SEL$2
  13 - SEL$6ED71D73 / SI_LOCALES@SEL$8
  14 - SEL$6ED71D73 / SI_LOCALES@SEL$8
 
</code></pre><header class="major"><h2>Predicate Information (identified by operation id):</h2></header><pre><code>
 
   3 - access("RSK_SUMM"."OBJECT_ID"=VALUE(KOKBF$))
   7 - access("USER_NAME"=:2)
  12 - access("MLS_SUMM"."OBJECT_ID"="RSK_SUMM"."OBJECT_ID")
  13 - filter("LOCALE_STRING"="LOCALE")
  14 - access("LOCALE_ID"=TO_NUMBER("MLS_SUMM"."LOCALE_ID"))
 
</code></pre><header class="major"><h2>Column Projection Information (identified by operation id):</h2></header><pre><code>
 
   1 - (#keys=0) "RSK_SUMM"."OBJECT_ID"[VARCHAR2,1600], "RSK_SUMM"."DD_OBJECT_TYPE"[VARCHAR2,1600], 
       "RSK_SUMM"."OBJECT_NAME"[VARCHAR2,4000], "MLS_SUMM"."OBJECT_LEVEL"[VARCHAR2,4000], "LOCALE_ID"[NUMBER,22]
   2 - (#keys=0) "RSK_SUMM"."OBJECT_ID"[VARCHAR2,1600], "LOCALE"[VARCHAR2,100], 
       "RSK_SUMM"."DD_OBJECT_TYPE"[VARCHAR2,1600], "RSK_SUMM"."OBJECT_NAME"[VARCHAR2,4000], 
       "MLS_SUMM"."LOCALE_ID"[VARCHAR2,400], "MLS_SUMM"."OBJECT_LEVEL"[VARCHAR2,4000]
   3 - (#keys=1) "RSK_SUMM"."OBJECT_ID"[VARCHAR2,1600], "LOCALE"[VARCHAR2,100], 
       "RSK_SUMM"."DD_OBJECT_TYPE"[VARCHAR2,1600], "RSK_SUMM"."OBJECT_NAME"[VARCHAR2,4000]
   4 - (#keys=0) "LOCALE"[VARCHAR2,100], "RSK_SUMM"."OBJECT_ID"[VARCHAR2,1600], 
       "RSK_SUMM"."OBJECT_NAME"[VARCHAR2,4000], "RSK_SUMM"."DD_OBJECT_TYPE"[VARCHAR2,1600]
   5 - "LOCALE"[VARCHAR2,100]
   6 - "LOCALE"[VARCHAR2,100]
   7 - "SI_USERS_T".ROWID[ROWID,10]
   8 - (#keys=0) "RSK_SUMM"."OBJECT_ID"[VARCHAR2,1600], "RSK_SUMM"."OBJECT_NAME"[VARCHAR2,4000], 
       "RSK_SUMM"."DD_OBJECT_TYPE"[VARCHAR2,1600]
   9 - "RSK_SUMM"."OBJECT_ID"[VARCHAR2,1600], "RSK_SUMM"."OBJECT_NAME"[VARCHAR2,4000], 
       "RSK_SUMM"."DD_OBJECT_TYPE"[VARCHAR2,1600]
  10 - VALUE(A0)[4000]
  11 - "MLS_SUMM"."LOCALE_ID"[VARCHAR2,400], "MLS_SUMM"."OBJECT_LEVEL"[VARCHAR2,4000]
  12 - "MLS_SUMM".ROWID[ROWID,10], "MLS_SUMM"."LOCALE_ID"[VARCHAR2,400]
  13 - "LOCALE_ID"[NUMBER,22]
  14 - "SI_LOCALES".ROWID[ROWID,10], "LOCALE_ID"[NUMBER,22]
										</code></pre>
								</section>
						</div>
					</div>

				<!-- Sidebar -->
				<div id="sidebar">
					<div class="inner">
						<!-- Menu -->
						<nav id="menu">
							<header class="major">
								<h2>Menu</h2>
							</header>
							<ul>
								<li><a href="../index.html">Module List</a></li>
								<li><a href="index.html">Summary</a></li>
								<li>
									<span class="opener">DB Analysis</span>
									<ul>
										<li><a href="bad-sql.html">Bad SQL</a></li>
										<li><a href="poor-sql.html">Poor SQL Plan</a></li>
										<li><a href="invalid-sql.html">Invalid SQL</a></li>
										<li><a href="full-sql.html">Full SQL Report</a></li>
										<li><a href="table-nil-key.html">Primary/Unique Key Miss</a></li>
										<li><a href="invalid-db-object.html">Invalid DB Objects</a></li>
									</ul>
								</li>
								<li>
									<span class="opener">Infolets</span>
									<ul>
										<li><a href="keep-history-infolets.html">Keep History Infolets</a></li>
									</ul>
								</li>
								<li>
									<span class="opener">Pushforms</span>
									<ul>
										<li><a href="pushform-denormalize.html">Pushform Denormalized</a></li>
									</ul>
								</li>
							</ul>
						</nav>

						<!-- Section -->
						<section>
							<header class="major">
								<h2>Get in touch</h2>
							</header>
							<p>You need more details on the report or want more functionality, don't hesitate to reach out to us.</p>
							<ul class="contact">
								<li class="fa-envelope-o"><a href="mailto:rnd@metricstream.com?Subject=Reg - Static Code Analysis Tool" target="_top">rnd@metricstream.com</a></li>
							</ul>
						</section>

						<!-- Footer -->
						<footer id="footer">
							<p class="copyright">&copy; <a href="http://www.metricstream.com" target="_blank">MetricStream</a>. All rights reserved. </p>
						</footer>
					</div>
				</div>
			</div>

		<!-- Scripts -->
			<script src="../../lib/assets/js/jquery.min.js"></script>
			<script src="../../lib/assets/js/skel.min.js"></script>
			<script src="../../lib/assets/js/util.js"></script>
			<!--[if lte IE 8]><script src="../../lib/assets/js/ie/respond.min.js"></script><![endif]-->
			<script src="../../lib/assets/js/main.js"></script>
	</body>
</html>