<!DOCTYPE HTML>
<html>
	<head>
		<title>Code Analysis - MetricStream</title>
		<meta charset="utf-8" />
		<meta name="viewport" content="width=device-width, initial-scale=1, user-scalable=no" />
		<!--[if lte IE 8]><script src="../../lib/assets/js/ie/html5shiv.js"></script><![endif]-->
		<link rel="stylesheet" href="../../lib/assets/css/main.css" />
		<!--[if lte IE 9]><link rel="stylesheet" href="../../lib/assets/css/ie9.css" /><![endif]-->
		<!--[if lte IE 8]><link rel="stylesheet" href="../../lib/assets/css/ie8.css" /><![endif]-->
	</head>
	<body>

		<!-- Wrapper -->
			<div id="wrapper">

				<!-- Main -->
					<div id="main">
						<div class="inner">
							<!-- Header -->
								<header id="header">
									<a href="index.html" class="logo"><strong>Static Code Analysis Report</strong> by Code Analyzer Tool</a>
								</header>

							<!-- Content -->
								<section>
									<!-- Content -->
										<header class="major"><h2>Infolet Details</h2></header>
										<div class="table-wrapper">
											<table>
												<tbody>
													<tr>
														<th>Name</th>
														<td>MS_GRC_LIB_ORGANIZATIONS (100943)</td>
													</tr>
													<tr>
														<th>SQL</th>
														<td><pre><code>SELECT org.org_entity_id   AS org_entity_id
, org.parent_org_entity_id    AS parent_org_entity_id
, org.org_entity_name          AS org_entity_name
, porg.org_entity_name       AS parent_org_entity_name
, org.description                   AS org_description
, loc.location_name            AS org_location
, ohl.org_level                       AS org_level
, ohl.org_hierarchy_name          AS org_hierarchy_name
FROM si_org_entities org
, si_org_locations loc
, si_org_hierarchy_levels ohl
, si_org_entities porg
WHERE org.location_id = loc.location_id (+)
AND SYSDATE BETWEEN org.start_date AND Nvl(org.end_date, SYSDATE)
AND org.org_hierarchy_id = ohl.org_hierarchy_id
AND org.parent_org_entity_id = porg.org_entity_id (+)
and ORG.ORG_ENTITY_id <> 1
Order By org.org_entity_name </code></pre></td>
													</tr>
													<tr>
														<th>Description</th>
														<td>This infolet extracts data from si_org_entities, si_org_locations, si_org_hierarchy_levels tables and is thereby used in Risk form</td>
													</tr>
												</tbody>
											</table>
										</div>

										<h2 align="center" id="content">Analysis Report</h2>
										<hr>

<header class="major"><h2>Plan hash value: 584629049</h2></header><pre><code>
 
-----------------------------------------------------------------------------------------------------------------
| Id  | Operation                          | Name                       | Rows  | Bytes | Cost (%CPU)| Time     |
-----------------------------------------------------------------------------------------------------------------
|   0 | SELECT STATEMENT                   |                            |     6 | 13962 |    15   (7)| 00:00:01 |
|   1 |  SORT ORDER BY                     |                            |     6 | 13962 |    15   (7)| 00:00:01 |
|*  2 |   HASH JOIN RIGHT OUTER            |                            |     6 | 13962 |    14   (0)| 00:00:01 |
<font style="background-color: lightblue; color: red">|*  3 |    TABLE ACCESS FULL               | SI_ORG_HIERARCHY_LEVELS_TL |     1 |    26 |     2   (0)| 00:00:01 |</font>
|*  4 |    HASH JOIN                       |                            |     6 | 13806 |    12   (0)| 00:00:01 |
<font style="background-color: lightblue; color: red">|   5 |     TABLE ACCESS FULL              | SI_ORG_HIERARCHY_LEVELS_T  |    33 |   726 |     3   (0)| 00:00:01 |</font>
|   6 |     NESTED LOOPS OUTER             |                            |     6 | 13674 |     9   (0)| 00:00:01 |
|   7 |      NESTED LOOPS OUTER            |                            |     6 | 13590 |     6   (0)| 00:00:01 |
|   8 |       VIEW                         | SI_ORG_ENTITIES            |     6 | 13452 |     4   (0)| 00:00:01 |
|*  9 |        HASH JOIN OUTER             |                            |     6 |   558 |     4   (0)| 00:00:01 |
<font style="background-color: lightblue; color: red">|* 10 |         TABLE ACCESS FULL          | SI_ORG_ENTITIES_T          |     6 |   390 |     3   (0)| 00:00:01 |</font>
|  11 |         TABLE ACCESS BY INDEX ROWID| SI_ORG_ENTITIES_TL         |     2 |    56 |     1   (0)| 00:00:01 |
<font style="background-color: lightblue; color: red">|* 12 |          INDEX SKIP SCAN           | SI_ORG_ENTITIES_TL_IDX     |     2 |       |     1   (0)| 00:00:01 |</font>
|  13 |       VIEW PUSHED PREDICATE        | SI_ORG_ENTITIES            |     1 |    23 |     1   (0)| 00:00:01 |
|  14 |        NESTED LOOPS OUTER          |                            |     1 |    30 |     2   (0)| 00:00:01 |
|  15 |         TABLE ACCESS BY INDEX ROWID| SI_ORG_ENTITIES_T          |     1 |    23 |     1   (0)| 00:00:01 |
|* 16 |          INDEX RANGE SCAN          | SI_ORG_ENTITIES_N5         |     1 |       |     1   (0)| 00:00:01 |
|* 17 |         INDEX RANGE SCAN           | SI_ORG_ENTITIES_TL_IDX     |     1 |     7 |     1   (0)| 00:00:01 |
|  18 |      TABLE ACCESS BY INDEX ROWID   | SI_ORG_LOCATIONS_T         |     1 |    14 |     1   (0)| 00:00:01 |
|* 19 |       INDEX RANGE SCAN             | SI_ORG_LOCATIONS_N1        |     1 |       |     1   (0)| 00:00:01 |
-----------------------------------------------------------------------------------------------------------------
 
</code></pre><header class="major"><h2>Query Block Name / Object Alias (identified by operation id):</h2></header><pre><code>
 
   1 - SEL$3B14A707
   3 - SEL$3B14A707 / TL@SEL$4
   5 - SEL$3B14A707 / T@SEL$4
   8 - SEL$2        / ORG@SEL$1
   9 - SEL$2       
  10 - SEL$2        / T@SEL$2
  11 - SEL$2        / TL@SEL$2
  12 - SEL$2        / TL@SEL$2
  13 - SEL$693A5C0E / PORG@SEL$1
  14 - SEL$693A5C0E
  15 - SEL$693A5C0E / T@SEL$5
  16 - SEL$693A5C0E / T@SEL$5
  17 - SEL$693A5C0E / TL@SEL$5
  18 - SEL$3B14A707 / SI_ORG_LOCATIONS_T@SEL$3
  19 - SEL$3B14A707 / SI_ORG_LOCATIONS_T@SEL$3
 
</code></pre><header class="major"><h2>Predicate Information (identified by operation id):</h2></header><pre><code>
 
   2 - access("T"."ORG_HIERARCHY_ID"="TL"."ORG_HIERARCHY_ID"(+))
   3 - filter("TL"."LOCALE_ID"(+)=TO_NUMBER("SI_DB_LOCALE_SV"."GETVALUE"()))
   4 - access("ORG"."ORG_HIERARCHY_ID"="T"."ORG_HIERARCHY_ID")
   9 - access("T"."ORG_ENTITY_ID"="TL"."ORG_ENTITY_ID"(+))
  10 - filter(NVL("END_DATE",SYSDATE@!)>=SYSDATE@! AND "T"."ORG_ENTITY_ID"<>1 AND 
              "START_DATE"<=SYSDATE@!)
  12 - access("TL"."LOCALE_ID"(+)=TO_NUMBER("SI_DB_LOCALE_SV"."GETVALUE"()))
       filter("TL"."LOCALE_ID"(+)=TO_NUMBER("SI_DB_LOCALE_SV"."GETVALUE"()) AND 
              "TL"."ORG_ENTITY_ID"(+)<>1)
  16 - access("T"."ORG_ENTITY_ID"="ORG"."PARENT_ORG_ENTITY_ID")
  17 - access("TL"."ORG_ENTITY_ID"(+)="ORG"."PARENT_ORG_ENTITY_ID" AND 
              "TL"."LOCALE_ID"(+)=TO_NUMBER("SI_DB_LOCALE_SV"."GETVALUE"()))
       filter("T"."ORG_ENTITY_ID"="TL"."ORG_ENTITY_ID"(+))
  19 - access("ORG"."LOCATION_ID"="LOCATION_ID"(+))
 
</code></pre><header class="major"><h2>Column Projection Information (identified by operation id):</h2></header><pre><code>
 
   1 - (#keys=1) "ORG"."ORG_ENTITY_NAME"[VARCHAR2,400], "ORG"."ORG_ENTITY_ID"[NUMBER,22], 
       "ORG"."PARENT_ORG_ENTITY_ID"[NUMBER,22], "ORG_HIERARCHY_NAME"[VARCHAR2,400], 
       "PORG"."ORG_ENTITY_NAME"[VARCHAR2,400], "ORG"."DESCRIPTION"[VARCHAR2,4000], 
       "LOCATION_NAME"[VARCHAR2,400], "ORG_LEVEL"[NUMBER,22]
   2 - (#keys=1) "ORG_LEVEL"[NUMBER,22], "ORG_HIERARCHY_NAME"[VARCHAR2,400], 
       "ORG"."ORG_ENTITY_ID"[NUMBER,22], "ORG"."ORG_ENTITY_NAME"[VARCHAR2,400], 
       "ORG"."DESCRIPTION"[VARCHAR2,4000], "LOCATION_NAME"[VARCHAR2,400], 
       "ORG"."PARENT_ORG_ENTITY_ID"[NUMBER,22], "PORG"."ORG_ENTITY_NAME"[VARCHAR2,400]
   3 - "TL"."ORG_HIERARCHY_ID"[NUMBER,22]
   4 - (#keys=1) "T"."ORG_HIERARCHY_ID"[NUMBER,22], "ORG_LEVEL"[NUMBER,22], 
       "ORG_HIERARCHY_NAME"[VARCHAR2,400], "ORG"."ORG_ENTITY_ID"[NUMBER,22], 
       "ORG"."ORG_ENTITY_NAME"[VARCHAR2,400], "ORG"."DESCRIPTION"[VARCHAR2,4000], 
       "LOCATION_NAME"[VARCHAR2,400], "ORG"."PARENT_ORG_ENTITY_ID"[NUMBER,22], 
       "PORG"."ORG_ENTITY_NAME"[VARCHAR2,400]
   5 - "T"."ORG_HIERARCHY_ID"[NUMBER,22], "ORG_HIERARCHY_NAME"[VARCHAR2,400], "ORG_LEVEL"[NUMBER,22]
   6 - (#keys=0) "ORG"."ORG_ENTITY_ID"[NUMBER,22], "ORG"."ORG_ENTITY_NAME"[VARCHAR2,400], 
       "ORG"."DESCRIPTION"[VARCHAR2,4000], "ORG"."ORG_HIERARCHY_ID"[NUMBER,22], 
       "ORG"."PARENT_ORG_ENTITY_ID"[NUMBER,22], "PORG"."ORG_ENTITY_NAME"[VARCHAR2,400], 
       "LOCATION_NAME"[VARCHAR2,400]
   7 - (#keys=0) "ORG"."ORG_ENTITY_ID"[NUMBER,22], "ORG"."ORG_ENTITY_NAME"[VARCHAR2,400], 
       "ORG"."DESCRIPTION"[VARCHAR2,4000], "ORG"."ORG_HIERARCHY_ID"[NUMBER,22], 
       "ORG"."PARENT_ORG_ENTITY_ID"[NUMBER,22], "ORG"."LOCATION_ID"[NUMBER,22], 
       "PORG"."ORG_ENTITY_NAME"[VARCHAR2,400]
   8 - "ORG"."ORG_ENTITY_ID"[NUMBER,22], "ORG"."ORG_ENTITY_NAME"[VARCHAR2,400], 
       "ORG"."DESCRIPTION"[VARCHAR2,4000], "ORG"."ORG_HIERARCHY_ID"[NUMBER,22], 
       "ORG"."PARENT_ORG_ENTITY_ID"[NUMBER,22], "ORG"."LOCATION_ID"[NUMBER,22]
   9 - (#keys=1) "T"."ORG_ENTITY_ID"[NUMBER,22], "T"."ORG_ENTITY_NAME"[VARCHAR2,400], 
       "T"."DESCRIPTION"[VARCHAR2,4000], "ORG_HIERARCHY_ID"[NUMBER,22], "PARENT_ORG_ENTITY_ID"[NUMBER,22], 
       "LOCATION_ID"[NUMBER,22], "TL"."DESCRIPTION"[VARCHAR2,3000]
  10 - "T"."ORG_ENTITY_ID"[NUMBER,22], "T"."ORG_ENTITY_NAME"[VARCHAR2,400], 
       "T"."DESCRIPTION"[VARCHAR2,4000], "ORG_HIERARCHY_ID"[NUMBER,22], "PARENT_ORG_ENTITY_ID"[NUMBER,22], 
       "LOCATION_ID"[NUMBER,22]
  11 - "TL"."ORG_ENTITY_ID"[NUMBER,22], "TL"."DESCRIPTION"[VARCHAR2,3000]
  12 - "TL".ROWID[ROWID,10], "TL"."ORG_ENTITY_ID"[NUMBER,22]
  13 - "PORG"."ORG_ENTITY_NAME"[VARCHAR2,400]
  14 - (#keys=0) "T"."ORG_ENTITY_NAME"[VARCHAR2,400]
  15 - "T"."ORG_ENTITY_ID"[NUMBER,22], "T"."ORG_ENTITY_NAME"[VARCHAR2,400]
  16 - "T".ROWID[ROWID,10], "T"."ORG_ENTITY_ID"[NUMBER,22]
  18 - "LOCATION_NAME"[VARCHAR2,400]
  19 - "SI_ORG_LOCATIONS_T".ROWID[ROWID,10]
										</code></pre>
								</section>
						</div>
					</div>

				<!-- Sidebar -->
				<div id="sidebar">
					<div class="inner">
						<!-- Menu -->
						<nav id="menu">
							<header class="major">
								<h2>Menu</h2>
							</header>
							<ul>
								<li><a href="../index.html">Module List</a></li>
								<li><a href="index.html">Summary</a></li>
								<li>
									<span class="opener">DB Analysis</span>
									<ul>
										<li><a href="bad-sql.html">Bad SQL</a></li>
										<li><a href="poor-sql.html">Poor SQL Plan</a></li>
										<li><a href="invalid-sql.html">Invalid SQL</a></li>
										<li><a href="full-sql.html">Full SQL Report</a></li>
										<li><a href="table-nil-key.html">Primary/Unique Key Miss</a></li>
										<li><a href="invalid-db-object.html">Invalid DB Objects</a></li>
										<li><a href="sequence-with-less-cache.html">Sequence</a></li>
										<li><a href="table-index-lob-size.html">Table Size</a></li>
										<li><a href="table-row-count.html">Table Row Count</a></li>
									</ul>
								</li>
								<li>
								    <span class="opener">LOB</span>
								    <ul>
								        <li><a href="lob-no-cache.html">LOB - No Cache</a></li>
								        <li><a href="lob-columns.html">LOB - All Columns</a></li>
								    </ul>
								</li>
								<li>
									<span class="opener">Infolets</span>
									<ul>
										<li><a href="keep-history-infolets.html">Keep History Infolets</a></li>
										<li><a href="plsql-context-switch.html">SQL-PL/SQL Context Switch</a></li>
									</ul>
								</li>
								<li>
									<span class="opener">Pushforms</span>
									<ul>
										<li><a href="pushform-denormalize.html">Pushform Denormalized</a></li>
									</ul>
								</li>
								<li>
									<span class="opener">PL/SQL</span>
									<ul>
										<li><a href="plsql-dyn-qry-objs.html">Dynamic Query</a></li>
									</ul>
								</li>
							</ul>
						</nav>

						<!-- Section -->
						<section>
							<header class="major">
								<h2>Get in touch</h2>
							</header>
							<p>You need more details on the report or want more functionality, don't hesitate to reach out to us.</p>
							<ul class="contact">
								<li class="fa-envelope-o"><a href="mailto:apps-rnd-arch-team@metricstream.com?Subject=Reg - Code Analysis Tool" target="_top">apps-rnd-arch-team@metricstream.com</a></li>
							</ul>
						</section>

						<!-- Footer -->
						<footer id="footer">
							<p class="copyright">&copy; <a href="http://www.metricstream.com" target="_blank">MetricStream</a>. All rights reserved. </p>
						</footer>
					</div>
				</div>
			</div>

		<!-- Scripts -->
			<script src="../../lib/assets/js/jquery.min.js"></script>
			<script src="../../lib/assets/js/skel.min.js"></script>
			<script src="../../lib/assets/js/util.js"></script>
			<!--[if lte IE 8]><script src="../../lib/assets/js/ie/respond.min.js"></script><![endif]-->
			<script src="../../lib/assets/js/main.js"></script>
	</body>
</html>