<!DOCTYPE HTML>
<html>
	<head>
		<title>Code Analysis - MetricStream</title>
		<meta charset="utf-8" />
		<meta name="viewport" content="width=device-width, initial-scale=1, user-scalable=no" />
		<!--[if lte IE 8]><script src="../../lib/assets/js/ie/html5shiv.js"></script><![endif]-->
		<link rel="stylesheet" href="../../lib/assets/css/main.css" />
		<!--[if lte IE 9]><link rel="stylesheet" href="../../lib/assets/css/ie9.css" /><![endif]-->
		<!--[if lte IE 8]><link rel="stylesheet" href="../../lib/assets/css/ie8.css" /><![endif]-->
	</head>
	<body>

		<!-- Wrapper -->
			<div id="wrapper">

				<!-- Main -->
					<div id="main">
						<div class="inner">
							<!-- Header -->
								<header id="header">
									<a href="index.html" class="logo"><strong>Static Code Analysis Report</strong> by Code Analyzer Tool</a>
								</header>

							<!-- Content -->
								<section>
									<!-- Content -->
										<header class="major"><h2>Infolet Details</h2></header>
										<div class="table-wrapper">
											<table>
												<tbody>
													<tr>
														<th>Name</th>
														<td>MS_GRC_61_SP2_ASSET_CLASS_PARENT_OBJ (100691)</td>
													</tr>
													<tr>
														<th>SQL</th>
														<td><pre><code>SELECT 
asstSumm.OBJECT_NAME as OBJ_NAME,
asstMlsSumm.OBJECT_LEVEL as OBJ_LEVEL,
asstSumm.DD_OBJECT_TYPE as OBJ_TYPE,
asstSumm.OBJECT_ID as OBJ_ID,
asstMlsSumm.locale_id AS LOCALE_ID
FROM MS_GRC_ASSET_CLASS_SUMMARY asstSumm,MS_GRC_ASSET_CLASS_MLS_SUMMARY asstMlsSumm
where asstMlsSumm.object_id=asstSumm.object_id
AND :1!='1'
and asstMlsSumm.object_id in
 (
    SELECT COLUMN_VALUE 
    FROM TABLE( CAST (ms_grc_rep_browser_fil_denorm.fn_Asst_class_report_filters(ms_grc_array_type(null,null,null,'ACT', null,null,null,null,null,:1-1,null,null,null,null,null,null,null,null,null,null,null,null,NULL,NULL,null,NULL,NULL,NULL,NULL,NULL,NULL,NULL,null, NULL,null,null,null,NULL,'MS_GRC_ASSET_CLASS',:2))
    
   AS ms_varchar2_array))) and asstMlsSumm.locale_id = (select LOCALE_ID from SI_USERS_T T1 ,SI_LOCALES T2 where USER_NAME = :2  and T1.LOCALE = T2.LOCALE_STRING)
   ORDER BY UPPER_OBJECT_NAME</code></pre></td>
													</tr>
													<tr>
														<th>Description</th>
														<td>This infolet extracts data from ms_grc_asset_class_denorm_rv view and thereby used in Asset Class, Exception, Financial Account and objective forms</td>
													</tr>
												</tbody>
											</table>
										</div>

										<h2 align="center" id="content">Analysis Report</h2>
										<hr>

<header class="major"><h2>Plan hash value: 1030225788</h2></header><pre><code>
 
-----------------------------------------------------------------------------------------------------------------------
| Id  | Operation                            | Name                           | Rows  | Bytes | Cost (%CPU)| Time     |
-----------------------------------------------------------------------------------------------------------------------
|   0 | SELECT STATEMENT                     |                                |     1 |  5016 |    38   (3)| 00:00:01 |
|   1 |  SORT ORDER BY                       |                                |     1 |  5016 |    38   (3)| 00:00:01 |
|*  2 |   FILTER                             |                                |       |       |            |          |
|*  3 |    HASH JOIN SEMI                    |                                |     1 |  5016 |    33   (0)| 00:00:01 |
|   4 |     NESTED LOOPS                     |                                |     1 |  5014 |     4   (0)| 00:00:01 |
|   5 |      NESTED LOOPS                    |                                |     1 |  5014 |     4   (0)| 00:00:01 |
<font style="background-color: lightblue; color: red">|*  6 |       TABLE ACCESS FULL              | MS_GRC_ASSET_CLASS_MLS_SUMMARY |     1 |   606 |     3   (0)| 00:00:01 |</font>
|   7 |        NESTED LOOPS                  |                                |     1 |    30 |     4   (0)| 00:00:01 |
|   8 |         TABLE ACCESS BY INDEX ROWID  | SI_USERS_T                     |     1 |    19 |     1   (0)| 00:00:01 |
|*  9 |          INDEX UNIQUE SCAN           | USER_NAME_UK                   |     1 |       |     1   (0)| 00:00:01 |
<font style="background-color: lightblue; color: red">|* 10 |         TABLE ACCESS FULL            | SI_LOCALES                     |     1 |    11 |     3   (0)| 00:00:01 |</font>
|* 11 |       INDEX UNIQUE SCAN              | MS_GRC_ASCL_SUMM_IDX1          |     1 |       |     1   (0)| 00:00:01 |
|  12 |      TABLE ACCESS BY INDEX ROWID     | MS_GRC_ASSET_CLASS_SUMMARY     |     1 |  4408 |     1   (0)| 00:00:01 |
<font style="background-color: lightblue; color: red">|  13 |     COLLECTION ITERATOR PICKLER FETCH| FN_ASST_CLASS_REPORT_FILTERS   |  8168 | 16336 |    29   (0)| 00:00:01 |</font>
-----------------------------------------------------------------------------------------------------------------------
 
</code></pre><header class="major"><h2>Query Block Name / Object Alias (identified by operation id):</h2></header><pre><code>
 
   1 - SEL$09D7319C
   6 - SEL$09D7319C / ASSTMLSSUMM@SEL$1
   7 - SEL$4       
   8 - SEL$4        / T1@SEL$4
   9 - SEL$4        / T1@SEL$4
  10 - SEL$4        / T2@SEL$4
  11 - SEL$09D7319C / ASSTSUMM@SEL$1
  12 - SEL$09D7319C / ASSTSUMM@SEL$1
  13 - SEL$09D7319C / KOKBF$0@SEL$3
 
</code></pre><header class="major"><h2>Predicate Information (identified by operation id):</h2></header><pre><code>
 
   2 - filter(:1<>'1')
   3 - access("ASSTMLSSUMM"."OBJECT_ID"=VALUE(KOKBF$))
   6 - filter(TO_NUMBER("ASSTMLSSUMM"."LOCALE_ID")= (SELECT "LOCALE_ID" FROM "SI_LOCALES" "T2","SI_USERS_T" 
              "T1" WHERE "USER_NAME"=:2 AND "T1"."LOCALE"="T2"."LOCALE_STRING"))
   9 - access("USER_NAME"=:2)
  10 - filter("T1"."LOCALE"="T2"."LOCALE_STRING")
  11 - access("ASSTMLSSUMM"."OBJECT_ID"="ASSTSUMM"."OBJECT_ID")
 
</code></pre><header class="major"><h2>Column Projection Information (identified by operation id):</h2></header><pre><code>
 
   1 - (#keys=1) "UPPER_OBJECT_NAME"[VARCHAR2,4000], "ASSTSUMM"."OBJECT_NAME"[VARCHAR2,4000], 
       "ASSTMLSSUMM"."OBJECT_LEVEL"[VARCHAR2,400], "ASSTSUMM"."DD_OBJECT_TYPE"[VARCHAR2,400], 
       "ASSTSUMM"."OBJECT_ID"[VARCHAR2,400], "ASSTMLSSUMM"."LOCALE_ID"[VARCHAR2,400]
   2 - "ASSTSUMM"."OBJECT_NAME"[VARCHAR2,4000], "ASSTMLSSUMM"."LOCALE_ID"[VARCHAR2,400], 
       "ASSTMLSSUMM"."OBJECT_LEVEL"[VARCHAR2,400], "ASSTSUMM"."DD_OBJECT_TYPE"[VARCHAR2,400], 
       "UPPER_OBJECT_NAME"[VARCHAR2,4000], "ASSTSUMM"."OBJECT_ID"[VARCHAR2,400]
   3 - (#keys=1) "ASSTSUMM"."OBJECT_NAME"[VARCHAR2,4000], "ASSTMLSSUMM"."LOCALE_ID"[VARCHAR2,400], 
       "ASSTMLSSUMM"."OBJECT_LEVEL"[VARCHAR2,400], "ASSTSUMM"."DD_OBJECT_TYPE"[VARCHAR2,400], 
       "UPPER_OBJECT_NAME"[VARCHAR2,4000], "ASSTSUMM"."OBJECT_ID"[VARCHAR2,400]
   4 - (#keys=0) "ASSTMLSSUMM"."OBJECT_ID"[VARCHAR2,400], "ASSTMLSSUMM"."LOCALE_ID"[VARCHAR2,400], 
       "ASSTMLSSUMM"."OBJECT_LEVEL"[VARCHAR2,400], "ASSTSUMM"."DD_OBJECT_TYPE"[VARCHAR2,400], 
       "UPPER_OBJECT_NAME"[VARCHAR2,4000], "ASSTSUMM"."OBJECT_ID"[VARCHAR2,400], 
       "ASSTSUMM"."OBJECT_NAME"[VARCHAR2,4000]
   5 - (#keys=0) "ASSTMLSSUMM"."OBJECT_ID"[VARCHAR2,400], "ASSTMLSSUMM"."LOCALE_ID"[VARCHAR2,400], 
       "ASSTMLSSUMM"."OBJECT_LEVEL"[VARCHAR2,400], "ASSTSUMM".ROWID[ROWID,10], "ASSTSUMM"."OBJECT_ID"[VARCHAR2,400]
   6 - "ASSTMLSSUMM"."OBJECT_ID"[VARCHAR2,400], "ASSTMLSSUMM"."LOCALE_ID"[VARCHAR2,400], 
       "ASSTMLSSUMM"."OBJECT_LEVEL"[VARCHAR2,400]
   7 - (#keys=0) "LOCALE_ID"[NUMBER,22]
   8 - "T1"."LOCALE"[VARCHAR2,400]
   9 - "T1".ROWID[ROWID,10]
  10 - "LOCALE_ID"[NUMBER,22]
  11 - "ASSTSUMM".ROWID[ROWID,10], "ASSTSUMM"."OBJECT_ID"[VARCHAR2,400]
  12 - "ASSTSUMM"."DD_OBJECT_TYPE"[VARCHAR2,400], "UPPER_OBJECT_NAME"[VARCHAR2,4000], 
       "ASSTSUMM"."OBJECT_NAME"[VARCHAR2,4000]
  13 - VALUE(A0)[8000]
										</code></pre>
								</section>
						</div>
					</div>

				<!-- Sidebar -->
				<div id="sidebar">
					<div class="inner">
						<!-- Menu -->
						<nav id="menu">
							<header class="major">
								<h2>Menu</h2>
							</header>
							<ul>
								<li><a href="../index.html">Module List</a></li>
								<li><a href="index.html">Summary</a></li>
								<li>
									<span class="opener">DB Analysis</span>
									<ul>
										<li><a href="bad-sql.html">Bad SQL</a></li>
										<li><a href="poor-sql.html">Poor SQL Plan</a></li>
										<li><a href="invalid-sql.html">Invalid SQL</a></li>
										<li><a href="full-sql.html">Full SQL Report</a></li>
										<li><a href="table-nil-key.html">Primary/Unique Key Miss</a></li>
										<li><a href="invalid-db-object.html">Invalid DB Objects</a></li>
										<li><a href="sequence-with-less-cache.html">Sequence</a></li>
										<li><a href="table-index-lob-size.html">Table Size</a></li>
									</ul>
								</li>
								<li>
								    <span class="opener">LOB</span>
								    <ul>
								        <li><a href="lob-no-cache.html">LOB - No Cache</a></li>
								        <li><a href="lob-columns.html">LOB - All Columns</a></li>
								    </ul>
								</li>
								<li>
									<span class="opener">Infolets</span>
									<ul>
										<li><a href="keep-history-infolets.html">Keep History Infolets</a></li>
										<li><a href="plsql-context-switch.html">SQL-PL/SQL Context Switch</a></li>
									</ul>
								</li>
								<li>
									<span class="opener">Pushforms</span>
									<ul>
										<li><a href="pushform-denormalize.html">Pushform Denormalized</a></li>
									</ul>
								</li>
								<li>
									<span class="opener">PL/SQL</span>
									<ul>
										<li><a href="plsql-dyn-qry-objs.html">Dynamic Query</a></li>
									</ul>
								</li>
							</ul>
						</nav>

						<!-- Section -->
						<section>
							<header class="major">
								<h2>Get in touch</h2>
							</header>
							<p>You need more details on the report or want more functionality, don't hesitate to reach out to us.</p>
							<ul class="contact">
								<li class="fa-envelope-o"><a href="mailto:apps-rnd-arch-team@metricstream.com?Subject=Reg - Code Analysis Tool" target="_top">apps-rnd-arch-team@metricstream.com</a></li>
							</ul>
						</section>

						<!-- Footer -->
						<footer id="footer">
							<p class="copyright">&copy; <a href="http://www.metricstream.com" target="_blank">MetricStream</a>. All rights reserved. </p>
						</footer>
					</div>
				</div>
			</div>

		<!-- Scripts -->
			<script src="../../lib/assets/js/jquery.min.js"></script>
			<script src="../../lib/assets/js/skel.min.js"></script>
			<script src="../../lib/assets/js/util.js"></script>
			<!--[if lte IE 8]><script src="../../lib/assets/js/ie/respond.min.js"></script><![endif]-->
			<script src="../../lib/assets/js/main.js"></script>
	</body>
</html>