<!DOCTYPE HTML>
<html>
	<head>
		<title>Code Analysis - MetricStream</title>
		<meta charset="utf-8" />
		<meta name="viewport" content="width=device-width, initial-scale=1, user-scalable=no" />
		<!--[if lte IE 8]><script src="../../lib/assets/js/ie/html5shiv.js"></script><![endif]-->
		<link rel="stylesheet" href="../../lib/assets/css/main.css" />
		<!--[if lte IE 9]><link rel="stylesheet" href="../../lib/assets/css/ie9.css" /><![endif]-->
		<!--[if lte IE 8]><link rel="stylesheet" href="../../lib/assets/css/ie8.css" /><![endif]-->
	</head>
	<body>

		<!-- Wrapper -->
			<div id="wrapper">

				<!-- Main -->
					<div id="main">
						<div class="inner">
							<!-- Header -->
								<header id="header">
									<a href="index.html" class="logo"><strong>Static Code Analysis Report</strong> by Code Analyzer Tool</a>
								</header>

							<!-- Content -->
								<section>
									<!-- Content -->
										<header class="major"><h2>Infolet Details</h2></header>
										<div class="table-wrapper">
											<table>
												<tbody>
													<tr>
														<td><b>Name</b></td>
														<td>MS_GRC_61_SP2_OBJECTIVE_TYPES (100712)</td>
													</tr>
													<tr>
														<td><b>SQL</b></td>
														<td><pre><code>SELECT c.Stored_Value,
  c.Displayed_Value,
  c.Lov_Name
FROM MS_GRC_LOV_ORG_VALUES_V c,
  si_locales a,
  si_users_t b
WHERE c.locale_id   = a.locale_id
AND a.locale_string = b.locale
AND b.user_name     = :1
AND (trim(Lov_Name) ='MS_GRC_Objective_Type')
AND C.Stored_Value IN
  (SELECT '1'
  FROM Dual
  WHERE EXISTS
    (SELECT 1
    FROM SI_USER_ORG_ACT_VIEW
    WHERE User_Name    =:1
    AND ACTIVITY_NAME IN
      (SELECT Column_Value
      FROM TABLE(Ms_Apps_Utilities.Parse_String(Ms_Grc_Utilities.Get_Objectives_Activity('1'),','))
      )
    )
  UNION ALL
  SELECT '2'
  FROM Dual
  WHERE EXISTS
    (SELECT 1
    FROM SI_USER_ORG_ACT_VIEW
    WHERE User_Name    =:1
    AND ACTIVITY_NAME IN
      (SELECT Column_Value
      FROM TABLE(Ms_Apps_Utilities.Parse_String(Ms_Grc_Utilities.Get_Objectives_Activity('2'),','))
      )
    )
  UNION ALL
  SELECT '3'
  FROM Dual
  WHERE EXISTS
    (SELECT 1
    FROM SI_USER_ORG_ACT_VIEW
    WHERE User_Name    =:1
    AND ACTIVITY_NAME IN
      (SELECT Column_Value
      FROM TABLE(Ms_Apps_Utilities.Parse_String(Ms_Grc_Utilities.Get_Objectives_Activity('3'),','))
      )
    )
  )order by stored_value asc</code></pre></td>
													</tr>
													<tr>
														<td><b>Description</b></td>
														<td>This infolet extracts data from Ms_Apps_Utilities.Parse_String function and is thereby used in Objectives form</td>
													</tr>
												</tbody>
											</table>
										</div>

										<h2 align="center" id="content">Analysis Report</h2>
										<hr>

<header class="major"><h2>Plan hash value: 3293409927</h2></header><pre><code>
 
---------------------------------------------------------------------------------------------------------------------------------
| Id  | Operation                                          | Name                       | Rows  | Bytes | Cost (%CPU)| Time     |
---------------------------------------------------------------------------------------------------------------------------------
|   0 | SELECT STATEMENT                                   |                            |     1 |  4154 |   187   (2)| 00:00:03 |
|   1 |  SORT ORDER BY                                     |                            |     1 |  4154 |   187   (2)| 00:00:03 |
|*  2 |   HASH JOIN                                        |                            |     1 |  4154 |   186   (1)| 00:00:03 |
|   3 |    NESTED LOOPS                                    |                            |     1 |  4141 |   179   (1)| 00:00:03 |
|*  4 |     HASH JOIN OUTER                                |                            |     1 |  4130 |   178   (1)| 00:00:03 |
|*  5 |      HASH JOIN OUTER                               |                            |     1 |  4104 |   176   (1)| 00:00:03 |
|*  6 |       HASH JOIN                                    |                            |     1 |  2076 |   174   (1)| 00:00:03 |
<font style="background-color: lightblue; color: red">|*  7 |        TABLE ACCESS FULL                           | MS_QS_LOV_NAMES            |     5 |   175 |     5   (0)| 00:00:01 |</font>
|*  8 |        HASH JOIN                                   |                            |    45 | 91845 |   168   (0)| 00:00:03 |
|   9 |         NESTED LOOPS                               |                            |     3 |    66 |   148   (0)| 00:00:02 |
|  10 |          TABLE ACCESS BY INDEX ROWID               | SI_USERS_T                 |     1 |    19 |     1   (0)| 00:00:01 |
|* 11 |           INDEX RANGE SCAN                         | SI_USERS_T_N3              |     1 |       |     1   (0)| 00:00:01 |
|  12 |          VIEW                                      | VW_NSO_1                   |     3 |     9 |   147   (0)| 00:00:02 |
|  13 |           SORT UNIQUE                              |                            |     3 |       |   147   (0)| 00:00:02 |
|  14 |            UNION-ALL                               |                            |       |       |            |          |
|* 15 |             FILTER                                 |                            |       |       |            |          |
|  16 |              FAST DUAL                             |                            |     1 |       |     2   (0)| 00:00:01 |
|* 17 |              HASH JOIN                             |                            |     2 |   354 |    47   (0)| 00:00:01 |
|  18 |               NESTED LOOPS                         |                            |     1 |   175 |    18   (0)| 00:00:01 |
|  19 |                NESTED LOOPS                        |                            |     1 |   175 |    18   (0)| 00:00:01 |
|  20 |                 NESTED LOOPS                       |                            |     1 |   143 |    17   (0)| 00:00:01 |
|  21 |                  NESTED LOOPS                      |                            |     1 |   133 |    16   (0)| 00:00:01 |
|  22 |                   NESTED LOOPS                     |                            |     1 |   128 |    15   (0)| 00:00:01 |
|  23 |                    NESTED LOOPS                    |                            |     1 |   122 |    14   (0)| 00:00:01 |
|  24 |                     NESTED LOOPS                   |                            |     1 |   107 |    13   (0)| 00:00:01 |
|* 25 |                      HASH JOIN                     |                            |     1 |    97 |    12   (0)| 00:00:01 |
|* 26 |                       HASH JOIN                    |                            |     1 |    84 |     9   (0)| 00:00:01 |
|  27 |                        NESTED LOOPS                |                            |     1 |    51 |     4   (0)| 00:00:01 |
|* 28 |                         TABLE ACCESS BY INDEX ROWID| SI_USERS_T                 |     1 |    19 |     1   (0)| 00:00:01 |
|* 29 |                          INDEX RANGE SCAN          | SI_USERS_T_N3              |     1 |       |     1   (0)| 00:00:01 |
<font style="background-color: lightblue; color: red">|* 30 |                         TABLE ACCESS FULL          | MS_QS_PARAMETER_TYPES      |     1 |    32 |     3   (0)| 00:00:01 |</font>
<font style="background-color: lightblue; color: red">|* 31 |                        TABLE ACCESS FULL           | MS_QS_PARAMETER_NAMES      |     3 |    99 |     5   (0)| 00:00:01 |</font>
<font style="background-color: lightblue; color: red">|* 32 |                       TABLE ACCESS FULL            | MS_QS_PARAMETER_VALUES     |   257 |  3341 |     3   (0)| 00:00:01 |</font>
|  33 |                      TABLE ACCESS BY INDEX ROWID   | SI_USER_ORG_ROLES          |     3 |    30 |     1   (0)| 00:00:01 |
|* 34 |                       INDEX RANGE SCAN             | SI_USER_ORG_ROLES_N1       |     3 |       |     1   (0)| 00:00:01 |
|* 35 |                     INDEX RANGE SCAN               | SI_ORG_ROLES_N3            |     1 |    15 |     1   (0)| 00:00:01 |
|* 36 |                    TABLE ACCESS BY INDEX ROWID     | SI_ORG_ENTITIES_T          |     1 |     6 |     1   (0)| 00:00:01 |
|* 37 |                     INDEX RANGE SCAN               | SI_ORG_ENTITIES_N5         |     1 |       |     1   (0)| 00:00:01 |
|* 38 |                   INDEX RANGE SCAN                 | SI_ROLES_N2                |     1 |     5 |     1   (0)| 00:00:01 |
|* 39 |                  INDEX RANGE SCAN                  | SI_ROLE_ACTIVITIES_N2      |    12 |   120 |     1   (0)| 00:00:01 |
|* 40 |                 INDEX RANGE SCAN                   | SI_ACTIVITIES_N1           |     1 |       |     1   (0)| 00:00:01 |
|  41 |                TABLE ACCESS BY INDEX ROWID         | SI_ACTIVITIES_T            |     1 |    32 |     1   (0)| 00:00:01 |
<font style="background-color: lightblue; color: red">|  42 |               COLLECTION ITERATOR PICKLER FETCH    | PARSE_STRING               |  8168 | 16336 |    29   (0)| 00:00:01 |</font>
|* 43 |             FILTER                                 |                            |       |       |            |          |
|  44 |              FAST DUAL                             |                            |     1 |       |     2   (0)| 00:00:01 |
|* 45 |              HASH JOIN                             |                            |     2 |   354 |    47   (0)| 00:00:01 |
|  46 |               NESTED LOOPS                         |                            |     1 |   175 |    18   (0)| 00:00:01 |
|  47 |                NESTED LOOPS                        |                            |     1 |   175 |    18   (0)| 00:00:01 |
|  48 |                 NESTED LOOPS                       |                            |     1 |   143 |    17   (0)| 00:00:01 |
|  49 |                  NESTED LOOPS                      |                            |     1 |   133 |    16   (0)| 00:00:01 |
|  50 |                   NESTED LOOPS                     |                            |     1 |   128 |    15   (0)| 00:00:01 |
|  51 |                    NESTED LOOPS                    |                            |     1 |   122 |    14   (0)| 00:00:01 |
|  52 |                     NESTED LOOPS                   |                            |     1 |   107 |    13   (0)| 00:00:01 |
|* 53 |                      HASH JOIN                     |                            |     1 |    97 |    12   (0)| 00:00:01 |
|* 54 |                       HASH JOIN                    |                            |     1 |    84 |     9   (0)| 00:00:01 |
|  55 |                        NESTED LOOPS                |                            |     1 |    51 |     4   (0)| 00:00:01 |
|* 56 |                         TABLE ACCESS BY INDEX ROWID| SI_USERS_T                 |     1 |    19 |     1   (0)| 00:00:01 |
|* 57 |                          INDEX RANGE SCAN          | SI_USERS_T_N3              |     1 |       |     1   (0)| 00:00:01 |
<font style="background-color: lightblue; color: red">|* 58 |                         TABLE ACCESS FULL          | MS_QS_PARAMETER_TYPES      |     1 |    32 |     3   (0)| 00:00:01 |</font>
<font style="background-color: lightblue; color: red">|* 59 |                        TABLE ACCESS FULL           | MS_QS_PARAMETER_NAMES      |     3 |    99 |     5   (0)| 00:00:01 |</font>
<font style="background-color: lightblue; color: red">|* 60 |                       TABLE ACCESS FULL            | MS_QS_PARAMETER_VALUES     |   257 |  3341 |     3   (0)| 00:00:01 |</font>
|  61 |                      TABLE ACCESS BY INDEX ROWID   | SI_USER_ORG_ROLES          |     3 |    30 |     1   (0)| 00:00:01 |
|* 62 |                       INDEX RANGE SCAN             | SI_USER_ORG_ROLES_N1       |     3 |       |     1   (0)| 00:00:01 |
|* 63 |                     INDEX RANGE SCAN               | SI_ORG_ROLES_N3            |     1 |    15 |     1   (0)| 00:00:01 |
|* 64 |                    TABLE ACCESS BY INDEX ROWID     | SI_ORG_ENTITIES_T          |     1 |     6 |     1   (0)| 00:00:01 |
|* 65 |                     INDEX RANGE SCAN               | SI_ORG_ENTITIES_N5         |     1 |       |     1   (0)| 00:00:01 |
|* 66 |                   INDEX RANGE SCAN                 | SI_ROLES_N2                |     1 |     5 |     1   (0)| 00:00:01 |
|* 67 |                  INDEX RANGE SCAN                  | SI_ROLE_ACTIVITIES_N2      |    12 |   120 |     1   (0)| 00:00:01 |
|* 68 |                 INDEX RANGE SCAN                   | SI_ACTIVITIES_N1           |     1 |       |     1   (0)| 00:00:01 |
|  69 |                TABLE ACCESS BY INDEX ROWID         | SI_ACTIVITIES_T            |     1 |    32 |     1   (0)| 00:00:01 |
<font style="background-color: lightblue; color: red">|  70 |               COLLECTION ITERATOR PICKLER FETCH    | PARSE_STRING               |  8168 | 16336 |    29   (0)| 00:00:01 |</font>
|* 71 |             FILTER                                 |                            |       |       |            |          |
|  72 |              FAST DUAL                             |                            |     1 |       |     2   (0)| 00:00:01 |
|* 73 |              HASH JOIN                             |                            |     2 |   354 |    47   (0)| 00:00:01 |
|  74 |               NESTED LOOPS                         |                            |     1 |   175 |    18   (0)| 00:00:01 |
|  75 |                NESTED LOOPS                        |                            |     1 |   175 |    18   (0)| 00:00:01 |
|  76 |                 NESTED LOOPS                       |                            |     1 |   143 |    17   (0)| 00:00:01 |
|  77 |                  NESTED LOOPS                      |                            |     1 |   133 |    16   (0)| 00:00:01 |
|  78 |                   NESTED LOOPS                     |                            |     1 |   128 |    15   (0)| 00:00:01 |
|  79 |                    NESTED LOOPS                    |                            |     1 |   122 |    14   (0)| 00:00:01 |
|  80 |                     NESTED LOOPS                   |                            |     1 |   107 |    13   (0)| 00:00:01 |
|* 81 |                      HASH JOIN                     |                            |     1 |    97 |    12   (0)| 00:00:01 |
|* 82 |                       HASH JOIN                    |                            |     1 |    84 |     9   (0)| 00:00:01 |
|  83 |                        NESTED LOOPS                |                            |     1 |    51 |     4   (0)| 00:00:01 |
|* 84 |                         TABLE ACCESS BY INDEX ROWID| SI_USERS_T                 |     1 |    19 |     1   (0)| 00:00:01 |
|* 85 |                          INDEX RANGE SCAN          | SI_USERS_T_N3              |     1 |       |     1   (0)| 00:00:01 |
<font style="background-color: lightblue; color: red">|* 86 |                         TABLE ACCESS FULL          | MS_QS_PARAMETER_TYPES      |     1 |    32 |     3   (0)| 00:00:01 |</font>
<font style="background-color: lightblue; color: red">|* 87 |                        TABLE ACCESS FULL           | MS_QS_PARAMETER_NAMES      |     3 |    99 |     5   (0)| 00:00:01 |</font>
<font style="background-color: lightblue; color: red">|* 88 |                       TABLE ACCESS FULL            | MS_QS_PARAMETER_VALUES     |   257 |  3341 |     3   (0)| 00:00:01 |</font>
|  89 |                      TABLE ACCESS BY INDEX ROWID   | SI_USER_ORG_ROLES          |     3 |    30 |     1   (0)| 00:00:01 |
|* 90 |                       INDEX RANGE SCAN             | SI_USER_ORG_ROLES_N1       |     3 |       |     1   (0)| 00:00:01 |
|* 91 |                     INDEX RANGE SCAN               | SI_ORG_ROLES_N3            |     1 |    15 |     1   (0)| 00:00:01 |
|* 92 |                    TABLE ACCESS BY INDEX ROWID     | SI_ORG_ENTITIES_T          |     1 |     6 |     1   (0)| 00:00:01 |
|* 93 |                     INDEX RANGE SCAN               | SI_ORG_ENTITIES_N5         |     1 |       |     1   (0)| 00:00:01 |
|* 94 |                   INDEX RANGE SCAN                 | SI_ROLES_N2                |     1 |     5 |     1   (0)| 00:00:01 |
|* 95 |                  INDEX RANGE SCAN                  | SI_ROLE_ACTIVITIES_N2      |    12 |   120 |     1   (0)| 00:00:01 |
|* 96 |                 INDEX RANGE SCAN                   | SI_ACTIVITIES_N1           |     1 |       |     1   (0)| 00:00:01 |
|  97 |                TABLE ACCESS BY INDEX ROWID         | SI_ACTIVITIES_T            |     1 |    32 |     1   (0)| 00:00:01 |
<font style="background-color: lightblue; color: red">|  98 |               COLLECTION ITERATOR PICKLER FETCH    | PARSE_STRING               |  8168 | 16336 |    29   (0)| 00:00:01 |</font>
|  99 |         VIEW                                       |                            |  5524 |    10M|    20   (0)| 00:00:01 |
<font style="background-color: lightblue; color: red">| 100 |          MERGE JOIN CARTESIAN                      |                            |  5524 |   140K|    20   (0)| 00:00:01 |</font>
<font style="background-color: lightblue; color: red">|*101 |           TABLE ACCESS FULL                        | SI_LOCALES                 |     1 |     6 |     3   (0)| 00:00:01 |</font>
| 102 |           BUFFER SORT                              |                            |  5524 |   107K|    17   (0)| 00:00:01 |
<font style="background-color: lightblue; color: red">| 103 |            TABLE ACCESS FULL                       | MS_QS_LIST_OF_VALUES_T     |  5524 |   107K|    17   (0)| 00:00:01 |</font>
<font style="background-color: lightblue; color: red">| 104 |       TABLE ACCESS FULL                            | MS_QS_LIST_OF_VALUES_TL    |     1 |  2028 |     2   (0)| 00:00:01 |</font>
<font style="background-color: lightblue; color: red">|*105 |      TABLE ACCESS FULL                             | MS_QS_LOV_NAMES_TL         |     1 |    26 |     2   (0)| 00:00:01 |</font>
|*106 |     TABLE ACCESS BY INDEX ROWID                    | SI_LOCALES                 |     1 |    11 |     1   (0)| 00:00:01 |
|*107 |      INDEX UNIQUE SCAN                             | SI_LOCALES_U1              |     1 |       |     1   (0)| 00:00:01 |
| 108 |    VIEW                                            | SI_REGISTER_APPLICATION_V  |    40 |   520 |     7   (0)| 00:00:01 |
| 109 |     UNION-ALL                                      |                            |       |       |            |          |
|*110 |      HASH JOIN OUTER                               |                            |    39 |  1287 |     5   (0)| 00:00:01 |
<font style="background-color: lightblue; color: red">| 111 |       TABLE ACCESS FULL                            | SI_REGISTER_APPLICATION    |    39 |   273 |     3   (0)| 00:00:01 |</font>
<font style="background-color: lightblue; color: red">|*112 |       TABLE ACCESS FULL                            | SI_REGISTER_APPLICATION_TL |     1 |    26 |     2   (0)| 00:00:01 |</font>
| 113 |      FAST DUAL                                     |                            |     1 |       |     2   (0)| 00:00:01 |
---------------------------------------------------------------------------------------------------------------------------------
 
</code></pre><header class="major"><h2>Query Block Name / Object Alias (identified by operation id):</h2></header><pre><code>
 
   1 - SEL$D5C930D6
   7 - SEL$D5C930D6 / T@SEL$7
  10 - SEL$D5C930D6 / B@SEL$1
  11 - SEL$D5C930D6 / B@SEL$1
  12 - SET$BEF9A72B / VW_NSO_1@SEL$D5C930D6
  13 - SET$BEF9A72B
  15 - SEL$16      
  16 - SEL$16       / DUAL@SEL$16
  17 - SEL$4429685D
  28 - SEL$4429685D / USERS@SEL$18
  29 - SEL$4429685D / USERS@SEL$18
  30 - SEL$4429685D / PTYPE@SEL$18
  31 - SEL$4429685D / PNAME@SEL$18
  32 - SEL$4429685D / PVALUE@SEL$18
  33 - SEL$4429685D / USR_ORG_ROLES@SEL$18
  34 - SEL$4429685D / USR_ORG_ROLES@SEL$18
  35 - SEL$4429685D / ORG_ROLES@SEL$18
  36 - SEL$4429685D / ORGS@SEL$18
  37 - SEL$4429685D / ORGS@SEL$18
  38 - SEL$4429685D / ROLES@SEL$18
  39 - SEL$4429685D / ROLE_ACT@SEL$18
  40 - SEL$4429685D / ACT@SEL$18
  41 - SEL$4429685D / ACT@SEL$18
  42 - SEL$4429685D / KOKBF$0@SEL$20
  43 - SEL$21      
  44 - SEL$21       / DUAL@SEL$21
  45 - SEL$10C65AE5
  56 - SEL$10C65AE5 / USERS@SEL$23
  57 - SEL$10C65AE5 / USERS@SEL$23
  58 - SEL$10C65AE5 / PTYPE@SEL$23
  59 - SEL$10C65AE5 / PNAME@SEL$23
  60 - SEL$10C65AE5 / PVALUE@SEL$23
  61 - SEL$10C65AE5 / USR_ORG_ROLES@SEL$23
  62 - SEL$10C65AE5 / USR_ORG_ROLES@SEL$23
  63 - SEL$10C65AE5 / ORG_ROLES@SEL$23
  64 - SEL$10C65AE5 / ORGS@SEL$23
  65 - SEL$10C65AE5 / ORGS@SEL$23
  66 - SEL$10C65AE5 / ROLES@SEL$23
  67 - SEL$10C65AE5 / ROLE_ACT@SEL$23
  68 - SEL$10C65AE5 / ACT@SEL$23
  69 - SEL$10C65AE5 / ACT@SEL$23
  70 - SEL$10C65AE5 / KOKBF$1@SEL$25
  71 - SEL$26      
  72 - SEL$26       / DUAL@SEL$26
  73 - SEL$A18490CC
  84 - SEL$A18490CC / USERS@SEL$28
  85 - SEL$A18490CC / USERS@SEL$28
  86 - SEL$A18490CC / PTYPE@SEL$28
  87 - SEL$A18490CC / PNAME@SEL$28
  88 - SEL$A18490CC / PVALUE@SEL$28
  89 - SEL$A18490CC / USR_ORG_ROLES@SEL$28
  90 - SEL$A18490CC / USR_ORG_ROLES@SEL$28
  91 - SEL$A18490CC / ORG_ROLES@SEL$28
  92 - SEL$A18490CC / ORGS@SEL$28
  93 - SEL$A18490CC / ORGS@SEL$28
  94 - SEL$A18490CC / ROLES@SEL$28
  95 - SEL$A18490CC / ROLE_ACT@SEL$28
  96 - SEL$A18490CC / ACT@SEL$28
  97 - SEL$A18490CC / ACT@SEL$28
  98 - SEL$A18490CC / KOKBF$2@SEL$30
  99 - SEL$7286615E / X@SEL$3
 100 - SEL$7286615E
 101 - SEL$7286615E / SI_LOCALES@SEL$5
 103 - SEL$7286615E / T@SEL$4
 104 - SEL$D5C930D6 / TL@SEL$3
 105 - SEL$D5C930D6 / TL@SEL$7
 106 - SEL$D5C930D6 / A@SEL$1
 107 - SEL$D5C930D6 / A@SEL$1
 108 - SET$1        / SRA@SEL$6
 109 - SET$1       
 110 - SEL$8       
 111 - SEL$8        / T@SEL$8
 112 - SEL$8        / TL@SEL$8
 113 - SEL$11       / DUAL@SEL$11
 
</code></pre><header class="major"><h2>Predicate Information (identified by operation id):</h2></header><pre><code>
 
   2 - access(NVL("PACKAGE_ID",0)=NVL("SRA"."PACKAGE_ID",0))
   4 - access("T"."LOV_ID"="TL"."LOV_ID"(+))
   5 - access("X"."LOV_VALUE_ID"="TL"."LOV_VALUE_ID"(+) AND "X"."LOCALE_ID"="TL"."LOCALE_ID"(+))
   6 - access("X"."LOV_ID"="T"."LOV_ID")
   7 - filter(TRIM("T"."LOV_NAME")='MS_GRC_Objective_Type')
   8 - access("X"."STORED_VALUE"="'1'")
  11 - access("B"."USER_NAME"=:1)
  15 - filter( EXISTS (SELECT 0 FROM METRICSTREAM."MS_QS_PARAMETER_NAMES" "PNAME",METRICSTREAM."MS_QS_PARAMETER_TYPES" 
              "PTYPE",METRICSTREAM."MS_QS_PARAMETER_VALUES" "PVALUE",METRICSTREAM."SI_ROLES_T" 
              "ROLES",METRICSTREAM."SI_ORG_ENTITIES_T" "ORGS",METRICSTREAM."SI_ACTIVITIES_T" "ACT",METRICSTREAM."SI_ROLE_ACTIVITIES" 
              "ROLE_ACT",METRICSTREAM."SI_ORG_ROLES" "ORG_ROLES",METRICSTREAM."SI_USER_ORG_ROLES" 
              "USR_ORG_ROLES",METRICSTREAM."SI_USERS_T" "USERS",TABLE() "KOKBF$0" WHERE "ACT"."ACTIVITY_NAME"=VALUE(KOKBF$) AND 
              "USERS"."USER_NAME"=:1 AND NVL("USERS"."END_DATE",SYSDATE@!)>=SYSDATE@! AND "USERS"."USER_ID"="USR_ORG_ROLES"."USER_ID" 
              AND "USR_ORG_ROLES"."ORG_ROLE_ID"="ORG_ROLES"."ORG_ROLE_ID" AND "ROLE_ACT"."ROLE_ID"="ORG_ROLES"."ROLE_ID" AND 
              "ROLE_ACT"."ACTIVITY_ID"="ACT"."ACTIVITY_ID" AND "ORGS"."ORG_ENTITY_ID"="ORG_ROLES"."ORG_ENTITY_ID" AND 
              NVL("ORGS"."END_DATE",SYSDATE@!)>=SYSDATE@! AND "ROLES"."ROLE_ID"="ORG_ROLES"."ROLE_ID" AND 
              "PTYPE"."PARAMETER_TYPE_ID"="PVALUE"."PARAMETER_TYPE_ID" AND "PNAME"."PARAMETER_ID"="PVALUE"."PARAMETER_ID" AND 
              "PVALUE"."ORG_ENTITY_ID"=1 AND UPPER("PTYPE"."PARAMETER_TYPE")='MS APPS USER NAME DISPLAY FORMAT' AND 
              "PTYPE"."PARAMETER_TYPE_ID"="PNAME"."PARAMETER_TYPE_ID" AND UPPER("PNAME"."PARAMETER_NAME")='DISPLAY_FORMAT'))
  17 - access("ACT"."ACTIVITY_NAME"=VALUE(KOKBF$))
  25 - access("PNAME"."PARAMETER_ID"="PVALUE"."PARAMETER_ID" AND 
              "PTYPE"."PARAMETER_TYPE_ID"="PVALUE"."PARAMETER_TYPE_ID")
  26 - access("PTYPE"."PARAMETER_TYPE_ID"="PNAME"."PARAMETER_TYPE_ID")
  28 - filter(NVL("USERS"."END_DATE",SYSDATE@!)>=SYSDATE@!)
  29 - access("USERS"."USER_NAME"=:1)
  30 - filter(UPPER("PTYPE"."PARAMETER_TYPE")='MS APPS USER NAME DISPLAY FORMAT')
  31 - filter(UPPER("PNAME"."PARAMETER_NAME")='DISPLAY_FORMAT')
  32 - filter("PVALUE"."ORG_ENTITY_ID"=1)
  34 - access("USERS"."USER_ID"="USR_ORG_ROLES"."USER_ID")
  35 - access("USR_ORG_ROLES"."ORG_ROLE_ID"="ORG_ROLES"."ORG_ROLE_ID")
  36 - filter(NVL("ORGS"."END_DATE",SYSDATE@!)>=SYSDATE@!)
  37 - access("ORGS"."ORG_ENTITY_ID"="ORG_ROLES"."ORG_ENTITY_ID")
  38 - access("ROLES"."ROLE_ID"="ORG_ROLES"."ROLE_ID")
  39 - access("ROLE_ACT"."ROLE_ID"="ORG_ROLES"."ROLE_ID")
  40 - access("ROLE_ACT"."ACTIVITY_ID"="ACT"."ACTIVITY_ID")
  43 - filter( EXISTS (SELECT 0 FROM METRICSTREAM."MS_QS_PARAMETER_NAMES" "PNAME",METRICSTREAM."MS_QS_PARAMETER_TYPES" 
              "PTYPE",METRICSTREAM."MS_QS_PARAMETER_VALUES" "PVALUE",METRICSTREAM."SI_ROLES_T" 
              "ROLES",METRICSTREAM."SI_ORG_ENTITIES_T" "ORGS",METRICSTREAM."SI_ACTIVITIES_T" "ACT",METRICSTREAM."SI_ROLE_ACTIVITIES" 
              "ROLE_ACT",METRICSTREAM."SI_ORG_ROLES" "ORG_ROLES",METRICSTREAM."SI_USER_ORG_ROLES" 
              "USR_ORG_ROLES",METRICSTREAM."SI_USERS_T" "USERS",TABLE() "KOKBF$1" WHERE "ACT"."ACTIVITY_NAME"=VALUE(KOKBF$) AND 
              "USERS"."USER_NAME"=:1 AND NVL("USERS"."END_DATE",SYSDATE@!)>=SYSDATE@! AND "USERS"."USER_ID"="USR_ORG_ROLES"."USER_ID" 
              AND "USR_ORG_ROLES"."ORG_ROLE_ID"="ORG_ROLES"."ORG_ROLE_ID" AND "ROLE_ACT"."ROLE_ID"="ORG_ROLES"."ROLE_ID" AND 
              "ROLE_ACT"."ACTIVITY_ID"="ACT"."ACTIVITY_ID" AND "ORGS"."ORG_ENTITY_ID"="ORG_ROLES"."ORG_ENTITY_ID" AND 
              NVL("ORGS"."END_DATE",SYSDATE@!)>=SYSDATE@! AND "ROLES"."ROLE_ID"="ORG_ROLES"."ROLE_ID" AND 
              "PTYPE"."PARAMETER_TYPE_ID"="PVALUE"."PARAMETER_TYPE_ID" AND "PNAME"."PARAMETER_ID"="PVALUE"."PARAMETER_ID" AND 
              "PVALUE"."ORG_ENTITY_ID"=1 AND UPPER("PTYPE"."PARAMETER_TYPE")='MS APPS USER NAME DISPLAY FORMAT' AND 
              "PTYPE"."PARAMETER_TYPE_ID"="PNAME"."PARAMETER_TYPE_ID" AND UPPER("PNAME"."PARAMETER_NAME")='DISPLAY_FORMAT'))
  45 - access("ACT"."ACTIVITY_NAME"=VALUE(KOKBF$))
  53 - access("PNAME"."PARAMETER_ID"="PVALUE"."PARAMETER_ID" AND 
              "PTYPE"."PARAMETER_TYPE_ID"="PVALUE"."PARAMETER_TYPE_ID")
  54 - access("PTYPE"."PARAMETER_TYPE_ID"="PNAME"."PARAMETER_TYPE_ID")
  56 - filter(NVL("USERS"."END_DATE",SYSDATE@!)>=SYSDATE@!)
  57 - access("USERS"."USER_NAME"=:1)
  58 - filter(UPPER("PTYPE"."PARAMETER_TYPE")='MS APPS USER NAME DISPLAY FORMAT')
  59 - filter(UPPER("PNAME"."PARAMETER_NAME")='DISPLAY_FORMAT')
  60 - filter("PVALUE"."ORG_ENTITY_ID"=1)
  62 - access("USERS"."USER_ID"="USR_ORG_ROLES"."USER_ID")
  63 - access("USR_ORG_ROLES"."ORG_ROLE_ID"="ORG_ROLES"."ORG_ROLE_ID")
  64 - filter(NVL("ORGS"."END_DATE",SYSDATE@!)>=SYSDATE@!)
  65 - access("ORGS"."ORG_ENTITY_ID"="ORG_ROLES"."ORG_ENTITY_ID")
  66 - access("ROLES"."ROLE_ID"="ORG_ROLES"."ROLE_ID")
  67 - access("ROLE_ACT"."ROLE_ID"="ORG_ROLES"."ROLE_ID")
  68 - access("ROLE_ACT"."ACTIVITY_ID"="ACT"."ACTIVITY_ID")
  71 - filter( EXISTS (SELECT 0 FROM METRICSTREAM."MS_QS_PARAMETER_NAMES" "PNAME",METRICSTREAM."MS_QS_PARAMETER_TYPES" 
              "PTYPE",METRICSTREAM."MS_QS_PARAMETER_VALUES" "PVALUE",METRICSTREAM."SI_ROLES_T" 
              "ROLES",METRICSTREAM."SI_ORG_ENTITIES_T" "ORGS",METRICSTREAM."SI_ACTIVITIES_T" "ACT",METRICSTREAM."SI_ROLE_ACTIVITIES" 
              "ROLE_ACT",METRICSTREAM."SI_ORG_ROLES" "ORG_ROLES",METRICSTREAM."SI_USER_ORG_ROLES" 
              "USR_ORG_ROLES",METRICSTREAM."SI_USERS_T" "USERS",TABLE() "KOKBF$2" WHERE "ACT"."ACTIVITY_NAME"=VALUE(KOKBF$) AND 
              "USERS"."USER_NAME"=:1 AND NVL("USERS"."END_DATE",SYSDATE@!)>=SYSDATE@! AND "USERS"."USER_ID"="USR_ORG_ROLES"."USER_ID" 
              AND "USR_ORG_ROLES"."ORG_ROLE_ID"="ORG_ROLES"."ORG_ROLE_ID" AND "ROLE_ACT"."ROLE_ID"="ORG_ROLES"."ROLE_ID" AND 
              "ROLE_ACT"."ACTIVITY_ID"="ACT"."ACTIVITY_ID" AND "ORGS"."ORG_ENTITY_ID"="ORG_ROLES"."ORG_ENTITY_ID" AND 
              NVL("ORGS"."END_DATE",SYSDATE@!)>=SYSDATE@! AND "ROLES"."ROLE_ID"="ORG_ROLES"."ROLE_ID" AND 
              "PTYPE"."PARAMETER_TYPE_ID"="PVALUE"."PARAMETER_TYPE_ID" AND "PNAME"."PARAMETER_ID"="PVALUE"."PARAMETER_ID" AND 
              "PVALUE"."ORG_ENTITY_ID"=1 AND UPPER("PTYPE"."PARAMETER_TYPE")='MS APPS USER NAME DISPLAY FORMAT' AND 
              "PTYPE"."PARAMETER_TYPE_ID"="PNAME"."PARAMETER_TYPE_ID" AND UPPER("PNAME"."PARAMETER_NAME")='DISPLAY_FORMAT'))
  73 - access("ACT"."ACTIVITY_NAME"=VALUE(KOKBF$))
  81 - access("PNAME"."PARAMETER_ID"="PVALUE"."PARAMETER_ID" AND 
              "PTYPE"."PARAMETER_TYPE_ID"="PVALUE"."PARAMETER_TYPE_ID")
  82 - access("PTYPE"."PARAMETER_TYPE_ID"="PNAME"."PARAMETER_TYPE_ID")
  84 - filter(NVL("USERS"."END_DATE",SYSDATE@!)>=SYSDATE@!)
  85 - access("USERS"."USER_NAME"=:1)
  86 - filter(UPPER("PTYPE"."PARAMETER_TYPE")='MS APPS USER NAME DISPLAY FORMAT')
  87 - filter(UPPER("PNAME"."PARAMETER_NAME")='DISPLAY_FORMAT')
  88 - filter("PVALUE"."ORG_ENTITY_ID"=1)
  90 - access("USERS"."USER_ID"="USR_ORG_ROLES"."USER_ID")
  91 - access("USR_ORG_ROLES"."ORG_ROLE_ID"="ORG_ROLES"."ORG_ROLE_ID")
  92 - filter(NVL("ORGS"."END_DATE",SYSDATE@!)>=SYSDATE@!)
  93 - access("ORGS"."ORG_ENTITY_ID"="ORG_ROLES"."ORG_ENTITY_ID")
  94 - access("ROLES"."ROLE_ID"="ORG_ROLES"."ROLE_ID")
  95 - access("ROLE_ACT"."ROLE_ID"="ORG_ROLES"."ROLE_ID")
  96 - access("ROLE_ACT"."ACTIVITY_ID"="ACT"."ACTIVITY_ID")
 101 - filter("ENABLED_FLAG"='Y')
 105 - filter("TL"."LOCALE_ID"(+)=TO_NUMBER("SI_DB_LOCALE_SV"."GETVALUE"()))
 106 - filter("A"."LOCALE_STRING"="B"."LOCALE")
 107 - access("X"."LOCALE_ID"="A"."LOCALE_ID")
 110 - access("TL"."MODULE_ID"(+)="T"."MODULE_ID")
 112 - filter("TL"."LOCALE_ID"(+)=TO_NUMBER("SI_DB_LOCALE_SV"."GETVALUE"()))
 
</code></pre><header class="major"><h2>Column Projection Information (identified by operation id):</h2></header><pre><code>
 
   1 - (#keys=1) "X"."STORED_VALUE"[VARCHAR2,400], "T"."LOV_NAME"[VARCHAR2,400], 
       NVL("TL"."DISPLAYED_VALUE","X"."DISPLAYED_VALUE")[4000]
   2 - (#keys=1) "TL"."DISPLAYED_VALUE"[VARCHAR2,4000], "T"."LOV_NAME"[VARCHAR2,400], "X"."STORED_VALUE"[VARCHAR2,400], 
       "X"."DISPLAYED_VALUE"[VARCHAR2,4000]
   3 - (#keys=0) "TL"."DISPLAYED_VALUE"[VARCHAR2,4000], "T"."LOV_NAME"[VARCHAR2,400], "PACKAGE_ID"[NUMBER,22], 
       "X"."STORED_VALUE"[VARCHAR2,400], "X"."DISPLAYED_VALUE"[VARCHAR2,4000]
   4 - (#keys=1) "X"."LOCALE_ID"[NUMBER,22], "TL"."DISPLAYED_VALUE"[VARCHAR2,4000], "T"."LOV_NAME"[VARCHAR2,400], 
       "PACKAGE_ID"[NUMBER,22], "X"."STORED_VALUE"[VARCHAR2,400], "B"."LOCALE"[VARCHAR2,100], 
       "X"."DISPLAYED_VALUE"[VARCHAR2,4000]
   5 - (#keys=2) "X"."LOCALE_ID"[NUMBER,22], "T"."LOV_ID"[NUMBER,22], "T"."LOV_NAME"[VARCHAR2,400], 
       "PACKAGE_ID"[NUMBER,22], "X"."STORED_VALUE"[VARCHAR2,400], "B"."LOCALE"[VARCHAR2,100], 
       "X"."DISPLAYED_VALUE"[VARCHAR2,4000], "TL"."DISPLAYED_VALUE"[VARCHAR2,4000]
   6 - (#keys=1) "T"."LOV_ID"[NUMBER,22], "T"."LOV_NAME"[VARCHAR2,400], "PACKAGE_ID"[NUMBER,22], 
       "X"."STORED_VALUE"[VARCHAR2,400], "B"."LOCALE"[VARCHAR2,100], "X"."LOV_VALUE_ID"[NUMBER,22], 
       "X"."DISPLAYED_VALUE"[VARCHAR2,4000], "X"."LOCALE_ID"[NUMBER,22]
   7 - "T"."LOV_NAME"[VARCHAR2,400], "T"."LOV_ID"[NUMBER,22], "PACKAGE_ID"[NUMBER,22]
   8 - (#keys=1) "X"."STORED_VALUE"[VARCHAR2,400], "B"."LOCALE"[VARCHAR2,100], "X"."LOV_VALUE_ID"[NUMBER,22], 
       "X"."LOV_ID"[NUMBER,22], "X"."LOCALE_ID"[NUMBER,22], "X"."DISPLAYED_VALUE"[VARCHAR2,4000]
   9 - (#keys=0) "B"."LOCALE"[VARCHAR2,100], "'1'"[CHARACTER,1]
  10 - "B"."LOCALE"[VARCHAR2,100]
  11 - "B".ROWID[ROWID,10]
  12 - "'1'"[CHARACTER,1]
  13 - (#keys=1) STRDEF[1]
  14 - STRDEF[1]
  17 - (#keys=1) "ACT"."ACTIVITY_NAME"[VARCHAR2,400], VALUE(KOKBF$)[8000]
  18 - (#keys=0) "ACT"."ACTIVITY_NAME"[VARCHAR2,400]
  19 - (#keys=0) "ACT".ROWID[ROWID,10]
  20 - (#keys=0) "ROLE_ACT"."ACTIVITY_ID"[NUMBER,22]
  21 - (#keys=0) "ORG_ROLES"."ROLE_ID"[NUMBER,22]
  22 - (#keys=0) "ORG_ROLES"."ROLE_ID"[NUMBER,22]
  23 - (#keys=0) "ORG_ROLES"."ORG_ENTITY_ID"[NUMBER,22], "ORG_ROLES"."ROLE_ID"[NUMBER,22]
  24 - (#keys=0) "USR_ORG_ROLES"."ORG_ROLE_ID"[NUMBER,22]
  25 - (#keys=2) "USERS"."USER_ID"[NUMBER,22]
  26 - (#keys=1) "PTYPE"."PARAMETER_TYPE_ID"[NUMBER,22], "USERS"."USER_ID"[NUMBER,22], "PNAME"."PARAMETER_ID"[NUMBER,22]
  27 - (#keys=0) "USERS"."USER_ID"[NUMBER,22], "PTYPE"."PARAMETER_TYPE_ID"[NUMBER,22]
  28 - "USERS"."USER_ID"[NUMBER,22]
  29 - "USERS".ROWID[ROWID,10]
  30 - "PTYPE"."PARAMETER_TYPE_ID"[NUMBER,22]
  31 - "PNAME"."PARAMETER_ID"[NUMBER,22], "PNAME"."PARAMETER_TYPE_ID"[NUMBER,22]
  32 - "PVALUE"."PARAMETER_TYPE_ID"[NUMBER,22], "PVALUE"."PARAMETER_ID"[NUMBER,22]
  33 - "USR_ORG_ROLES"."ORG_ROLE_ID"[NUMBER,22]
  34 - "USR_ORG_ROLES".ROWID[ROWID,10]
  35 - "ORG_ROLES"."ORG_ENTITY_ID"[NUMBER,22], "ORG_ROLES"."ROLE_ID"[NUMBER,22]
  37 - "ORGS".ROWID[ROWID,10]
  39 - "ROLE_ACT"."ACTIVITY_ID"[NUMBER,22]
  40 - "ACT".ROWID[ROWID,10]
  41 - "ACT"."ACTIVITY_NAME"[VARCHAR2,400]
  42 - VALUE(A0)[8000]
  45 - (#keys=1) "ACT"."ACTIVITY_NAME"[VARCHAR2,400], VALUE(KOKBF$)[8000]
  46 - (#keys=0) "ACT"."ACTIVITY_NAME"[VARCHAR2,400]
  47 - (#keys=0) "ACT".ROWID[ROWID,10]
  48 - (#keys=0) "ROLE_ACT"."ACTIVITY_ID"[NUMBER,22]
  49 - (#keys=0) "ORG_ROLES"."ROLE_ID"[NUMBER,22]
  50 - (#keys=0) "ORG_ROLES"."ROLE_ID"[NUMBER,22]
  51 - (#keys=0) "ORG_ROLES"."ORG_ENTITY_ID"[NUMBER,22], "ORG_ROLES"."ROLE_ID"[NUMBER,22]
  52 - (#keys=0) "USR_ORG_ROLES"."ORG_ROLE_ID"[NUMBER,22]
  53 - (#keys=2) "USERS"."USER_ID"[NUMBER,22]
  54 - (#keys=1) "PTYPE"."PARAMETER_TYPE_ID"[NUMBER,22], "USERS"."USER_ID"[NUMBER,22], "PNAME"."PARAMETER_ID"[NUMBER,22]
  55 - (#keys=0) "USERS"."USER_ID"[NUMBER,22], "PTYPE"."PARAMETER_TYPE_ID"[NUMBER,22]
  56 - "USERS"."USER_ID"[NUMBER,22]
  57 - "USERS".ROWID[ROWID,10]
  58 - "PTYPE"."PARAMETER_TYPE_ID"[NUMBER,22]
  59 - "PNAME"."PARAMETER_ID"[NUMBER,22], "PNAME"."PARAMETER_TYPE_ID"[NUMBER,22]
  60 - "PVALUE"."PARAMETER_TYPE_ID"[NUMBER,22], "PVALUE"."PARAMETER_ID"[NUMBER,22]
  61 - "USR_ORG_ROLES"."ORG_ROLE_ID"[NUMBER,22]
  62 - "USR_ORG_ROLES".ROWID[ROWID,10]
  63 - "ORG_ROLES"."ORG_ENTITY_ID"[NUMBER,22], "ORG_ROLES"."ROLE_ID"[NUMBER,22]
  65 - "ORGS".ROWID[ROWID,10]
  67 - "ROLE_ACT"."ACTIVITY_ID"[NUMBER,22]
  68 - "ACT".ROWID[ROWID,10]
  69 - "ACT"."ACTIVITY_NAME"[VARCHAR2,400]
  70 - VALUE(A0)[8000]
  73 - (#keys=1) "ACT"."ACTIVITY_NAME"[VARCHAR2,400], VALUE(KOKBF$)[8000]
  74 - (#keys=0) "ACT"."ACTIVITY_NAME"[VARCHAR2,400]
  75 - (#keys=0) "ACT".ROWID[ROWID,10]
  76 - (#keys=0) "ROLE_ACT"."ACTIVITY_ID"[NUMBER,22]
  77 - (#keys=0) "ORG_ROLES"."ROLE_ID"[NUMBER,22]
  78 - (#keys=0) "ORG_ROLES"."ROLE_ID"[NUMBER,22]
  79 - (#keys=0) "ORG_ROLES"."ORG_ENTITY_ID"[NUMBER,22], "ORG_ROLES"."ROLE_ID"[NUMBER,22]
  80 - (#keys=0) "USR_ORG_ROLES"."ORG_ROLE_ID"[NUMBER,22]
  81 - (#keys=2) "USERS"."USER_ID"[NUMBER,22]
  82 - (#keys=1) "PTYPE"."PARAMETER_TYPE_ID"[NUMBER,22], "USERS"."USER_ID"[NUMBER,22], "PNAME"."PARAMETER_ID"[NUMBER,22]
  83 - (#keys=0) "USERS"."USER_ID"[NUMBER,22], "PTYPE"."PARAMETER_TYPE_ID"[NUMBER,22]
  84 - "USERS"."USER_ID"[NUMBER,22]
  85 - "USERS".ROWID[ROWID,10]
  86 - "PTYPE"."PARAMETER_TYPE_ID"[NUMBER,22]
  87 - "PNAME"."PARAMETER_ID"[NUMBER,22], "PNAME"."PARAMETER_TYPE_ID"[NUMBER,22]
  88 - "PVALUE"."PARAMETER_TYPE_ID"[NUMBER,22], "PVALUE"."PARAMETER_ID"[NUMBER,22]
  89 - "USR_ORG_ROLES"."ORG_ROLE_ID"[NUMBER,22]
  90 - "USR_ORG_ROLES".ROWID[ROWID,10]
  91 - "ORG_ROLES"."ORG_ENTITY_ID"[NUMBER,22], "ORG_ROLES"."ROLE_ID"[NUMBER,22]
  93 - "ORGS".ROWID[ROWID,10]
  95 - "ROLE_ACT"."ACTIVITY_ID"[NUMBER,22]
  96 - "ACT".ROWID[ROWID,10]
  97 - "ACT"."ACTIVITY_NAME"[VARCHAR2,400]
  98 - VALUE(A0)[8000]
  99 - "X"."LOV_VALUE_ID"[NUMBER,22], "X"."LOV_ID"[NUMBER,22], "X"."STORED_VALUE"[VARCHAR2,400], 
       "X"."DISPLAYED_VALUE"[VARCHAR2,4000], "X"."LOCALE_ID"[NUMBER,22]
 100 - (#keys=0) "LOCALE_ID"[NUMBER,22], "T"."LOV_VALUE_ID"[NUMBER,22], "T"."LOV_ID"[NUMBER,22], 
       "T"."STORED_VALUE"[VARCHAR2,400], "T"."DISPLAYED_VALUE"[VARCHAR2,4000]
 101 - "LOCALE_ID"[NUMBER,22]
 102 - (#keys=0) "T"."LOV_VALUE_ID"[NUMBER,22], "T"."LOV_ID"[NUMBER,22], "T"."STORED_VALUE"[VARCHAR2,400], 
       "T"."DISPLAYED_VALUE"[VARCHAR2,4000]
 103 - "T"."LOV_VALUE_ID"[NUMBER,22], "T"."LOV_ID"[NUMBER,22], "T"."STORED_VALUE"[VARCHAR2,400], 
       "T"."DISPLAYED_VALUE"[VARCHAR2,4000]
 104 - "TL"."LOV_VALUE_ID"[NUMBER,22], "TL"."DISPLAYED_VALUE"[VARCHAR2,4000], "TL"."LOCALE_ID"[NUMBER,22]
 105 - "TL"."LOV_ID"[NUMBER,22]
 107 - "A".ROWID[ROWID,10]
 108 - "SRA"."PACKAGE_ID"[NUMBER,22]
 109 - STRDEF[22]
 110 - (#keys=1) "T"."MODULE_ID"[NUMBER,22]
 111 - "T"."MODULE_ID"[NUMBER,22]
 112 - "TL"."MODULE_ID"[NUMBER,22]
										</code></pre>
								</section>
						</div>
					</div>

				<!-- Sidebar -->
				<div id="sidebar">
					<div class="inner">
						<!-- Menu -->
						<nav id="menu">
							<header class="major">
								<h2>Menu</h2>
							</header>
							<ul>
								<li><a href="../index.html">Module List</a></li>
								<li><a href="index.html">Summary</a></li>
								<li>
									<span class="opener">DB Analysis</span>
									<ul>
										<li><a href="bad-sql.html">Bad SQL</a></li>
										<li><a href="poor-sql.html">Poor SQL Plan</a></li>
										<li><a href="invalid-sql.html">Invalid SQL</a></li>
										<li><a href="full-sql.html">Full SQL Report</a></li>
										<li><a href="table-nil-key.html">Primary/Unique Key Miss</a></li>
										<li><a href="invalid-db-object.html">Invalid DB Objects</a></li>
									</ul>
								</li>
								<li>
									<span class="opener">Infolets</span>
									<ul>
										<li><a href="keep-history-infolets.html">Keep History Infolets</a></li>
									</ul>
								</li>
								<li>
									<span class="opener">Pushforms</span>
									<ul>
										<li><a href="pushform-denormalize.html">Pushform Denormalized</a></li>
									</ul>
								</li>
							</ul>
						</nav>

						<!-- Section -->
						<section>
							<header class="major">
								<h2>Get in touch</h2>
							</header>
							<p>You need more details on the report or want more functionality, don't hesitate to reach out to us.</p>
							<ul class="contact">
								<li class="fa-envelope-o"><a href="mailto:rnd@metricstream.com?Subject=Reg - Static Code Analysis Tool" target="_top">rnd@metricstream.com</a></li>
							</ul>
						</section>

						<!-- Footer -->
						<footer id="footer">
							<p class="copyright">&copy; <a href="http://www.metricstream.com" target="_blank">MetricStream</a>. All rights reserved. </p>
						</footer>
					</div>
				</div>
			</div>

		<!-- Scripts -->
			<script src="../../lib/assets/js/jquery.min.js"></script>
			<script src="../../lib/assets/js/skel.min.js"></script>
			<script src="../../lib/assets/js/util.js"></script>
			<!--[if lte IE 8]><script src="../../lib/assets/js/ie/respond.min.js"></script><![endif]-->
			<script src="../../lib/assets/js/main.js"></script>
	</body>
</html>