<!DOCTYPE HTML>
<html>
	<head>
		<title>Code Analysis - MetricStream</title>
		<meta charset="utf-8" />
		<meta name="viewport" content="width=device-width, initial-scale=1, user-scalable=no" />
		<!--[if lte IE 8]><script src="../../lib/assets/js/ie/html5shiv.js"></script><![endif]-->
		<link rel="stylesheet" href="../../lib/assets/css/main.css" />
		<!--[if lte IE 9]><link rel="stylesheet" href="../../lib/assets/css/ie9.css" /><![endif]-->
		<!--[if lte IE 8]><link rel="stylesheet" href="../../lib/assets/css/ie8.css" /><![endif]-->
	</head>
	<body>

		<!-- Wrapper -->
			<div id="wrapper">

				<!-- Main -->
					<div id="main">
						<div class="inner">
							<!-- Header -->
								<header id="header">
									<a href="index.html" class="logo"><strong>Static Code Analysis Report</strong> by Code Analyzer Tool</a>
								</header>

							<!-- Content -->
								<section>
									<!-- Content -->
										<header class="major"><h2>Infolet Details</h2></header>
										<div class="table-wrapper">
											<table>
												<tbody>
													<tr>
														<td><b>Name</b></td>
														<td>MS GRC Requirement Infolet (100674)</td>
													</tr>
													<tr>
														<td><b>SQL</b></td>
														<td><pre><code>SELECT req_summ.Object_Id  AS Requirement_id,
req_summ.OBJECT_NAME AS Edit,
req_mls.OBJECT_STATUS AS Obj_Status,
req_summ.SECTION_NO,
Req_Mls.Object_Level As Object_Level,
req_summ.OBJECT_PARENT,
req_mls.KEY_REQUIREMENT,
req_mls.FREQUENCY,
req_mls.CATEGORY,
req_mls.COMPLIANCE_TYPE,
req_mls.IMPACT,
req_summ.CREATED_ON,
MS_GRC_UTILITIES.FN_user_name(req_summ.CREATED_BY)  as Created_by,
req_summ.UPDATED_ON,
MS_GRC_UTILITIES.FN_user_name(req_summ.updated_by) as updated_by,
req_summ.Valid_Until,
req_summ.Valid_From,
req_summ.Description,
req_summ.PENALTIES,
req_summ.OWNER_ORG_NAMES AS Owner_Organization,
req_summ.OWNER_NAME,
MS_GRC_UTILITIES.FN_user_name(req_summ.level_1_approver) AS level_1_approver,
MS_GRC_UTILITIES.FN_user_name(req_summ.level_2_approver) AS level_2_approver,
req_summ.REL_ORGANIZATION_NAMES AS Applies_To_Organizations,
req_summ.REL_AOC_OBJ_NAME_AGG AS Related_Areas_Of_Compliance,
req_summ.REL_ASSET_OBJ_NAME_AGG AS Related_Assets,
req_summ.REL_CTRL_OBJ_NAME_AGG AS Related_Control,
req_summ.REL_FIN_ACT_OBJ_NAME_AGG AS RELATED_FINANCIAL_ACCOUNTS,
req_summ.REL_MOD_REF_OBJ_NAME_AGG AS RELATED_FRAMEWORK_REFERENCES,
 req_summ.REL_FUNCTION_OBJ_NAME_AGG AS Related_Function,
req_summ.REL_OBJECTIVE_OBJ_NAME_AGG AS Related_Objectives,
 req_summ.REL_PROCESS_OBJ_NAME_AGG AS Related_Process,
 req_summ.REL_PRODUCT_NAME_AGG AS Related_Products,
 req_summ.REL_REFRENCES_OBJ_NAME_AGG AS Related_References,
req_summ.REL_RISK_OBJ_NAME_AGG AS Related_risks,
req_summ.REL_STANDARD_OBJ_NAME_AGG AS Related_Standards
,
(MS_GRC_UTILITIES.FN_GET_REPORT_JSON((SELECT METRIC_ID FROM SI_METRICS_T WHERE METRIC_NAME='MS_GRC_REQUIREMENT'),req_summ.DD_PROCESS_INSTANCE_ID,(SELECT DD_INSTANCE_ID FROM MS_GRC_REQUIREMENT WHERE OBJECT_ID=req_summ.OBJECT_ID),
'''flag=1'||CHR(38)||'emd=1'||CHR(38)||'x_edit_mode=Yes'||CHR (38)|| 'wrapper= No'|| CHR (38)|| 'mode=view''')) AS REPORT_JSON
,
req_summ.OBJ_PARENT_ID as OBJ_PARENT_ID,
LEVEL_1_APPROVER as level_1_appr,
level_2_approver as level_2_appr
,req_summ.UPPER_OBJECT_NAME as UPPER_OBJECT_NAME
FROM MS_GRC_REQ_SUMMARY req_summ,
    MS_GRC_REQ_MLS_SUMMARY req_mls, (SELECT column_value
FROM TABLE(CAST(MS_GRC_REP_BROWSER_FIL_DENORM.FN_REQ_RPT_FILTER(ms_grc_array_type(:1,:2,:3,:4,:5,:6,:7,:8,:9,:10,:11,:12,TO_CHAR(:13,'YYYY-MM-DD'),TO_CHAR(:14,'YYYY-MM-DD'),:15,:16,TO_CHAR(:17,'YYYY-MM-DD'),TO_CHAR(:18,'YYYY-MM-DD'),TO_CHAR(:19,'YYYY-MM-DD'),to_char(:20,'YYYY-MM-DD'),:21,:22,:23,:24,:25,:26,:27,NULL,NULL,:28,:29,:31,:30,NULL,:32,NULL,:33,:34,NULL,NULL,:35,:36,:37,'MS_GRC_REQUIREMENT',:38))AS MS_VARCHAR2_ARRAY))
) COLVAL, (select LOCALE_ID from SI_USERS_T T1 ,SI_LOCALES T2 where USER_NAME = :38  and T1.LOCALE = T2.LOCALE_STRING) LOC
where COLVAL.column_value = REQ_MLS.OBJECT_ID
and colval.column_value = req_summ.object_id
and LOC.LOCALE_ID = REQ_MLS.LOCALE_ID</code></pre></td>
													</tr>
													<tr>
														<td><b>Description</b></td>
														<td>MS GRC Risk Report Infolet</td>
													</tr>
												</tbody>
											</table>
										</div>

										<h2 align="center" id="content">Analysis Report</h2>
										<hr>

<header class="major"><h2>Plan hash value: 909680700</h2></header><pre><code>
 
----------------------------------------------------------------------------------------------------------------
| Id  | Operation                             | Name                   | Rows  | Bytes | Cost (%CPU)| Time     |
----------------------------------------------------------------------------------------------------------------
|   0 | SELECT STATEMENT                      |                        |  4084 |  6692K|    69   (0)| 00:00:01 |
|   1 |  TABLE ACCESS BY INDEX ROWID          | SI_METRICS_T           |     1 |    34 |     1   (0)| 00:00:01 |
|*  2 |   INDEX RANGE SCAN                    | SI_METRICS_T_N7        |     1 |       |     1   (0)| 00:00:01 |
|   3 |   TABLE ACCESS BY INDEX ROWID         | MS_GRC_REQUIREMENT     |     1 |    17 |     1   (0)| 00:00:01 |
|*  4 |    INDEX UNIQUE SCAN                  | MS_GRC_REQUIREMENT_PK  |     1 |       |     1   (0)| 00:00:01 |
|*  5 |  HASH JOIN                            |                        |  4084 |  6692K|    69   (0)| 00:00:01 |
|   6 |   INDEX FAST FULL SCAN                | MS_GRC_REQ_SUMMARY_PK  |   289 |   438K|    31   (0)| 00:00:01 |
|*  7 |   HASH JOIN                           |                        |  4084 |   494K|    38   (0)| 00:00:01 |
<font style="background-color: lightblue; color: red">|   8 |    TABLE ACCESS FULL                  | MS_GRC_REQ_MLS_SUMMARY |   289 | 26588 |     5   (0)| 00:00:01 |</font>
<font style="background-color: lightblue; color: red">|   9 |    MERGE JOIN CARTESIAN               |                        |  8168 |   255K|    33   (0)| 00:00:01 |</font>
|  10 |     NESTED LOOPS                      |                        |     1 |    30 |     4   (0)| 00:00:01 |
|  11 |      TABLE ACCESS BY INDEX ROWID      | SI_USERS_T             |     1 |    19 |     1   (0)| 00:00:01 |
|* 12 |       INDEX RANGE SCAN                | SI_USERS_T_N3          |     1 |       |     1   (0)| 00:00:01 |
<font style="background-color: lightblue; color: red">|* 13 |      TABLE ACCESS FULL                | SI_LOCALES             |     1 |    11 |     3   (0)| 00:00:01 |</font>
|  14 |     BUFFER SORT                       |                        |  8168 | 16336 |    30   (0)| 00:00:01 |
<font style="background-color: lightblue; color: red">|  15 |      COLLECTION ITERATOR PICKLER FETCH| FN_REQ_RPT_FILTER      |  8168 | 16336 |    29   (0)| 00:00:01 |</font>
----------------------------------------------------------------------------------------------------------------
 
</code></pre><header class="major"><h2>Query Block Name / Object Alias (identified by operation id):</h2></header><pre><code>
 
   1 - SEL$2        / SI_METRICS_T@SEL$2
   2 - SEL$2        / SI_METRICS_T@SEL$2
   3 - SEL$3        / MS_GRC_REQUIREMENT@SEL$3
   4 - SEL$3        / MS_GRC_REQUIREMENT@SEL$3
   5 - SEL$2416F508
   6 - SEL$2416F508 / REQ_SUMM@SEL$1
   8 - SEL$2416F508 / REQ_MLS@SEL$1
  11 - SEL$2416F508 / T1@SEL$6
  12 - SEL$2416F508 / T1@SEL$6
  13 - SEL$2416F508 / T2@SEL$6
  15 - SEL$2416F508 / KOKBF$0@SEL$5
 
</code></pre><header class="major"><h2>Predicate Information (identified by operation id):</h2></header><pre><code>
 
   2 - access("METRIC_NAME"='MS_GRC_REQUIREMENT')
   4 - access("OBJECT_ID"=:B1)
   5 - access("REQ_SUMM"."OBJECT_ID"=VALUE(KOKBF$))
   7 - access("REQ_MLS"."OBJECT_ID"=VALUE(KOKBF$) AND "LOCALE_ID"=TO_NUMBER("REQ_MLS"."LOCALE_ID"))
  12 - access("USER_NAME"=:38)
  13 - filter("T1"."LOCALE"="T2"."LOCALE_STRING")
 
</code></pre><header class="major"><h2>Column Projection Information (identified by operation id):</h2></header><pre><code>
 
   1 - "SI_METRICS_T".ROWID[ROWID,10], "METRIC_ID"[NUMBER,22]
   2 - "SI_METRICS_T".ROWID[ROWID,10]
   3 - "MS_GRC_REQUIREMENT".ROWID[ROWID,10], "DD_INSTANCE_ID"[NUMBER,22]
   4 - "MS_GRC_REQUIREMENT".ROWID[ROWID,10]
   5 - (#keys=1) "REQ_SUMM"."OBJECT_ID"[VARCHAR2,1600], "REQ_SUMM"."UPPER_OBJECT_NAME"[VARCHAR2,3000], 
       "REQ_SUMM"."REL_ASSET_OBJ_NAME_AGG"[LOB,4000], "REQ_SUMM"."REL_CTRL_OBJ_NAME_AGG"[LOB,4000], 
       "REQ_SUMM"."REL_FIN_ACT_OBJ_NAME_AGG"[LOB,4000], "REQ_SUMM"."REL_FUNCTION_OBJ_NAME_AGG"[LOB,4000], 
       "REQ_SUMM"."REL_MOD_REF_OBJ_NAME_AGG"[LOB,4000], "REQ_SUMM"."REL_OBJECTIVE_OBJ_NAME_AGG"[LOB,4000], 
       "REQ_SUMM"."REL_ORGANIZATION_NAMES"[LOB,4000], "REQ_SUMM"."REL_PROCESS_OBJ_NAME_AGG"[LOB,4000], 
       "REQ_SUMM"."REL_PRODUCT_NAME_AGG"[LOB,4000], "REQ_SUMM"."REL_REFRENCES_OBJ_NAME_AGG"[LOB,4000], 
       "REQ_SUMM"."REL_RISK_OBJ_NAME_AGG"[LOB,4000], "REQ_SUMM"."REL_STANDARD_OBJ_NAME_AGG"[LOB,4000], 
       "REQ_SUMM"."REL_AOC_OBJ_NAME_AGG"[LOB,4000], "REQ_SUMM"."OBJECT_NAME"[VARCHAR2,4000], 
       "REQ_SUMM"."OBJECT_PARENT"[VARCHAR2,4000], "REQ_SUMM"."OBJ_PARENT_ID"[VARCHAR2,4000], 
       "LEVEL_1_APPROVER"[VARCHAR2,400], "LEVEL_2_APPROVER"[VARCHAR2,400], "REQ_SUMM"."VALID_UNTIL"[DATE,7], 
       "REQ_SUMM"."VALID_FROM"[DATE,7], "REQ_SUMM"."SECTION_NO"[VARCHAR2,1600], 
       "REQ_SUMM"."DESCRIPTION"[LOB,4000], "REQ_SUMM"."PENALTIES"[LOB,4000], 
       "REQ_SUMM"."DD_PROCESS_INSTANCE_ID"[NUMBER,22], "REQ_SUMM"."OWNER_NAME"[LOB,4000], 
       "REQ_SUMM"."OWNER_ORG_NAMES"[LOB,4000], "REQ_SUMM"."CREATED_ON"[DATE,7], 
       "REQ_SUMM"."CREATED_BY"[VARCHAR2,400], "REQ_SUMM"."UPDATED_ON"[DATE,7], 
       "REQ_SUMM"."UPDATED_BY"[VARCHAR2,400], "REQ_MLS"."KEY_REQUIREMENT"[VARCHAR2,400], 
       "REQ_MLS"."OBJECT_STATUS"[VARCHAR2,4000], "REQ_MLS"."OBJECT_LEVEL"[VARCHAR2,1600], 
       "REQ_MLS"."FREQUENCY"[VARCHAR2,1600], "REQ_MLS"."CATEGORY"[VARCHAR2,1600], 
       "REQ_MLS"."COMPLIANCE_TYPE"[VARCHAR2,1600], "REQ_MLS"."IMPACT"[VARCHAR2,1600]
   6 - "REQ_SUMM".ROWID[ROWID,3034], "REQ_SUMM"."UPPER_OBJECT_NAME"[VARCHAR2,3000], 
       "OBJ_SUMM_WID"[NUMBER,22], "REQ_SUMM"."REL_ASSET_OBJ_NAME_AGG"[LOB,4000], 
       "REQ_SUMM"."REL_CTRL_OBJ_NAME_AGG"[LOB,4000], "REQ_SUMM"."REL_FIN_ACT_OBJ_NAME_AGG"[LOB,4000], 
       "REQ_SUMM"."REL_FUNCTION_OBJ_NAME_AGG"[LOB,4000], "REQ_SUMM"."REL_MOD_REF_OBJ_NAME_AGG"[LOB,4000], 
       "REQ_SUMM"."REL_OBJECTIVE_OBJ_NAME_AGG"[LOB,4000], "REQ_SUMM"."REL_ORGANIZATION_NAMES"[LOB,4000], 
       "REQ_SUMM"."REL_PROCESS_OBJ_NAME_AGG"[LOB,4000], "REQ_SUMM"."REL_PRODUCT_NAME_AGG"[LOB,4000], 
       "REQ_SUMM"."REL_REFRENCES_OBJ_NAME_AGG"[LOB,4000], "REQ_SUMM"."REL_RISK_OBJ_NAME_AGG"[LOB,4000], 
       "REQ_SUMM"."REL_STANDARD_OBJ_NAME_AGG"[LOB,4000], "REQ_SUMM"."OBJECT_ID"[VARCHAR2,1600], 
       "REQ_SUMM"."OBJECT_NAME"[VARCHAR2,4000], "REQ_SUMM"."OBJECT_PARENT"[VARCHAR2,4000], 
       "REQ_SUMM"."OBJ_PARENT_ID"[VARCHAR2,4000], "LEVEL_1_APPROVER"[VARCHAR2,400], 
       "LEVEL_2_APPROVER"[VARCHAR2,400], "REQ_SUMM"."VALID_UNTIL"[DATE,7], "REQ_SUMM"."VALID_FROM"[DATE,7], 
       "REQ_SUMM"."SECTION_NO"[VARCHAR2,1600], "REQ_SUMM"."DESCRIPTION"[LOB,4000], 
       "REQ_SUMM"."PENALTIES"[LOB,4000], "REQ_SUMM"."DD_PROCESS_INSTANCE_ID"[NUMBER,22], 
       "REQ_SUMM"."OWNER_NAME"[LOB,4000], "REQ_SUMM"."OWNER_ORG_NAMES"[LOB,4000], 
       "REQ_SUMM"."CREATED_ON"[DATE,7], "REQ_SUMM"."CREATED_BY"[VARCHAR2,400], 
       "REQ_SUMM"."UPDATED_ON"[DATE,7], "REQ_SUMM"."UPDATED_BY"[VARCHAR2,400], 
       "REQ_SUMM"."REL_AOC_OBJ_NAME_AGG"[LOB,4000]
   7 - (#keys=2) "REQ_MLS"."KEY_REQUIREMENT"[VARCHAR2,400], "REQ_MLS"."OBJECT_STATUS"[VARCHAR2,4000], 
       "REQ_MLS"."OBJECT_LEVEL"[VARCHAR2,1600], "REQ_MLS"."FREQUENCY"[VARCHAR2,1600], 
       "REQ_MLS"."CATEGORY"[VARCHAR2,1600], "REQ_MLS"."COMPLIANCE_TYPE"[VARCHAR2,1600], 
       "REQ_MLS"."IMPACT"[VARCHAR2,1600], VALUE(A0)[8000]
   8 - "REQ_MLS"."OBJECT_ID"[VARCHAR2,1600], "REQ_MLS"."LOCALE_ID"[VARCHAR2,400], 
       "REQ_MLS"."OBJECT_STATUS"[VARCHAR2,4000], "REQ_MLS"."OBJECT_LEVEL"[VARCHAR2,1600], 
       "REQ_MLS"."FREQUENCY"[VARCHAR2,1600], "REQ_MLS"."CATEGORY"[VARCHAR2,1600], 
       "REQ_MLS"."COMPLIANCE_TYPE"[VARCHAR2,1600], "REQ_MLS"."IMPACT"[VARCHAR2,1600], 
       "REQ_MLS"."KEY_REQUIREMENT"[VARCHAR2,400]
   9 - (#keys=0) "LOCALE_ID"[NUMBER,22], VALUE(A0)[8000]
  10 - (#keys=0) "LOCALE_ID"[NUMBER,22]
  11 - "T1"."LOCALE"[VARCHAR2,100]
  12 - "T1".ROWID[ROWID,10]
  13 - "LOCALE_ID"[NUMBER,22]
  14 - (#keys=0) VALUE(A0)[8000]
  15 - VALUE(A0)[8000]
										</code></pre>
								</section>
						</div>
					</div>

				<!-- Sidebar -->
				<div id="sidebar">
					<div class="inner">
						<!-- Menu -->
						<nav id="menu">
							<header class="major">
								<h2>Menu</h2>
							</header>
							<ul>
								<li><a href="../index.html">Module List</a></li>
								<li><a href="index.html">Summary</a></li>
								<li>
									<span class="opener">DB Analysis</span>
									<ul>
										<li><a href="bad-sql.html">Bad SQL</a></li>
										<li><a href="poor-sql.html">Poor SQL Plan</a></li>
										<li><a href="invalid-sql.html">Invalid SQL</a></li>
										<li><a href="full-sql.html">Full SQL Report</a></li>
										<li><a href="table-nil-key.html">Primary/Unique Key Miss</a></li>
										<li><a href="invalid-db-object.html">Invalid DB Objects</a></li>
									</ul>
								</li>
								<li>
									<span class="opener">Infolets</span>
									<ul>
										<li><a href="keep-history-infolets.html">Keep History Infolets</a></li>
									</ul>
								</li>
								<li>
									<span class="opener">Pushforms</span>
									<ul>
										<li><a href="pushform-denormalize.html">Pushform Denormalized</a></li>
									</ul>
								</li>
							</ul>
						</nav>

						<!-- Section -->
						<section>
							<header class="major">
								<h2>Get in touch</h2>
							</header>
							<p>You need more details on the report or want more functionality, don't hesitate to reach out to us.</p>
							<ul class="contact">
								<li class="fa-envelope-o"><a href="mailto:rnd@metricstream.com?Subject=Reg - Static Code Analysis Tool" target="_top">rnd@metricstream.com</a></li>
							</ul>
						</section>

						<!-- Footer -->
						<footer id="footer">
							<p class="copyright">&copy; <a href="http://www.metricstream.com" target="_blank">MetricStream</a>. All rights reserved. </p>
						</footer>
					</div>
				</div>
			</div>

		<!-- Scripts -->
			<script src="../../lib/assets/js/jquery.min.js"></script>
			<script src="../../lib/assets/js/skel.min.js"></script>
			<script src="../../lib/assets/js/util.js"></script>
			<!--[if lte IE 8]><script src="../../lib/assets/js/ie/respond.min.js"></script><![endif]-->
			<script src="../../lib/assets/js/main.js"></script>
	</body>
</html>