<!DOCTYPE HTML>
<html>
	<head>
		<title>Code Analysis - MetricStream</title>
		<meta charset="utf-8" />
		<meta name="viewport" content="width=device-width, initial-scale=1, user-scalable=no" />
		<!--[if lte IE 8]><script src="../../lib/assets/js/ie/html5shiv.js"></script><![endif]-->
		<link rel="stylesheet" href="../../lib/assets/css/main.css" />
		<!--[if lte IE 9]><link rel="stylesheet" href="../../lib/assets/css/ie9.css" /><![endif]-->
		<!--[if lte IE 8]><link rel="stylesheet" href="../../lib/assets/css/ie8.css" /><![endif]-->
	</head>
	<body>

		<!-- Wrapper -->
			<div id="wrapper">

				<!-- Main -->
					<div id="main">
						<div class="inner">
							<!-- Header -->
								<header id="header">
									<a href="index.html" class="logo"><strong>Static Code Analysis Report</strong> by Code Analyzer Tool</a>
								</header>

							<!-- Content -->
								<section>
									<!-- Content -->
										<header class="major"><h2>Infolet Details</h2></header>
										<div class="table-wrapper">
											<table>
												<tbody>
													<tr>
														<td><b>Name</b></td>
														<td>MS_GRC_61_SP2_EVI_LIST_INF (100703)</td>
													</tr>
													<tr>
														<td><b>SQL</b></td>
														<td><pre><code>SELECT eviSumm.object_id,
eviSumm.object_name,
eviMlsSumm.object_status    AS Status,
evisumm.created_on       as created_on,
MS_GRC_UTILITIES.FN_user_name(EVISUMM.CREATED_BY) AS CREATED_BY,
evisumm.updated_on       as modified_on,
MS_GRC_UTILITIES.FN_user_name(EVISUMM.Updated_By) AS modification_requested_by,
eviSumm.valid_from       AS valid_from,
eviSumm.valid_until      AS valid_until ,
eviSumm.description      AS description,
eviSumm.owner_org_names  AS Owner_Organizations,
evisumm.owner_name       as owners,
MS_GRC_UTILITIES.FN_user_name(EVISUMM.LEVEL_1_APPROVER) AS LEVEL_1_APPROVER,
ms_grc_utilities.fn_user_name(evisumm.LEVEL_2_APPROVER) as LEVEL_2_APPROVER,
REL_ORGANIZATION_NAMES,
REL_ASSET_CLASS_OBJ_NAME_AGG,
REL_ASSET_OBJ_NAME_AGG,
REL_CTRL_OBJ_NAME_AGG,
REL_MOD_REF_OBJ_NAME_AGG,
REL_PROCESS_OBJ_NAME_AGG,
REL_PRODUCT_NAME_AGG,
REL_REFRENCES_OBJ_NAME_AGG,
REL_REQUIREMENT_OBJ_NAME_AGG,
REL_RISK_OBJ_NAME_AGG,
REL_STANDARD_OBJ_NAME_AGG
,  (MS_GRC_UTILITIES.FN_GET_REPORT_JSON((SELECT METRIC_ID FROM SI_METRICS_T WHERE METRIC_NAME='MS_GRC_EVIDENCE'),eviSumm.DD_PROCESS_INSTANCE_ID,(SELECT DD_INSTANCE_ID FROM MS_GRC_EVIDENCE WHERE OBJECT_ID=eviSumm.OBJECT_ID),
'''flag=1'||CHR(38)||'emd=1'||CHR(38)||'x_edit_mode=Yes'||CHR (38)|| 'wrapper= No'|| CHR (38)|| 'mode=view''')) AS REPORT_JSON
,eviSumm.level_1_approver AS Level_1_Appr,
EVISUMM.LEVEL_2_APPROVER as LEVEL_2_APPR,
EVISUMM.UPPER_OBJECT_NAME
FROM MS_GRC_EVIDENCE_SUMMARY eviSumm,
MS_GRC_EVIDENCE_MLS_SUMMARY eviMlsSumm,   ( SELECT COLUMN_VALUE 
FROM TABLE
( cast(
ms_grc_rep_browser_fil_denorm.fn_evi_report_filters(ms_grc_array_type(:1,:2,:3,:4, TO_CHAR(:5,'YYYY-MM-DD'),TO_CHAR(:6,'YYYY-MM-DD'),:7,:8,TO_CHAR(:9,'YYYY-MM-DD'),TO_CHAR(:10,'YYYY-MM-DD'),TO_CHAR(:11,'YYYY-MM-DD'),TO_CHAR(:12,'YYYY-MM-DD'), :13,:14,:15,:16,:17,NULL,:18,:19,NULL,:20,NULL, :21,NULL,NULL,NULL,NULL,:22,:23,NULL,:24,:25, :26,:27,'MS_GRC_EVIDENCE',:28))
AS ms_varchar2_array ))) colval, (select LOCALE_ID from SI_USERS_T T1 ,SI_LOCALES T2 where USER_NAME = :28 and T1.LOCALE = T2.LOCALE_STRING) LOC
WHERE COLVAL.column_value = eviMlsSumm.OBJECT_ID
and colval.column_value = evisumm.object_id
and LOC.LOCALE_ID = eviMlsSumm.LOCALE_ID</code></pre></td>
													</tr>
													<tr>
														<td><b>Description</b></td>
														<td>MS_GRC_61_SP2_EVI_LIST_INF</td>
													</tr>
												</tbody>
											</table>
										</div>

										<h2 align="center" id="content">Analysis Report</h2>
										<hr>

<header class="major"><h2>Plan hash value: 227324552</h2></header><pre><code>
 
-----------------------------------------------------------------------------------------------------------------------
| Id  | Operation                             | Name                          | Rows  | Bytes | Cost (%CPU)| Time     |
-----------------------------------------------------------------------------------------------------------------------
|   0 | SELECT STATEMENT                      |                               |     1 | 36033 |    33   (0)| 00:00:01 |
|   1 |  TABLE ACCESS BY INDEX ROWID          | SI_METRICS_T                  |     1 |    34 |     1   (0)| 00:00:01 |
|*  2 |   INDEX RANGE SCAN                    | SI_METRICS_T_N7               |     1 |       |     1   (0)| 00:00:01 |
|   3 |   TABLE ACCESS BY INDEX ROWID         | MS_GRC_EVIDENCE               |     1 |   215 |     1   (0)| 00:00:01 |
|*  4 |    INDEX UNIQUE SCAN                  | MS_GRC_EVIDENCE_PK            |     1 |       |     1   (0)| 00:00:01 |
|   5 |  NESTED LOOPS                         |                               |     1 | 36033 |    33   (0)| 00:00:01 |
|   6 |   NESTED LOOPS                        |                               |     1 | 36022 |    32   (0)| 00:00:01 |
|   7 |    NESTED LOOPS                       |                               |     1 | 33616 |    31   (0)| 00:00:01 |
|   8 |     NESTED LOOPS                      |                               |  8168 |   167K|    30   (0)| 00:00:01 |
|   9 |      TABLE ACCESS BY INDEX ROWID      | SI_USERS_T                    |     1 |    19 |     1   (0)| 00:00:01 |
|* 10 |       INDEX RANGE SCAN                | SI_USERS_T_N3                 |     1 |       |     1   (0)| 00:00:01 |
<font style="background-color: lightblue; color: red">|  11 |      COLLECTION ITERATOR PICKLER FETCH| FN_EVI_REPORT_FILTERS         |  8168 | 16336 |    29   (0)| 00:00:01 |</font>
|* 12 |     INDEX UNIQUE SCAN                 | MS_GRC_EVIDENCE_PK_1          |     1 | 33595 |     1   (0)| 00:00:01 |
|* 13 |      INDEX RANGE SCAN                 | MS_GRC_EVIDENCE_SUMM_IDX1     |     1 |       |     1   (0)| 00:00:01 |
|  14 |    TABLE ACCESS BY INDEX ROWID        | MS_GRC_EVIDENCE_MLS_SUMMARY   |     1 |  2406 |     1   (0)| 00:00:01 |
|* 15 |     INDEX RANGE SCAN                  | MS_GRC_EVIDENCE_MLS_SUMM_IDX2 |     1 |       |     1   (0)| 00:00:01 |
|* 16 |   TABLE ACCESS BY INDEX ROWID         | SI_LOCALES                    |     1 |    11 |     1   (0)| 00:00:01 |
|* 17 |    INDEX UNIQUE SCAN                  | SI_LOCALES_U1                 |     1 |       |     1   (0)| 00:00:01 |
-----------------------------------------------------------------------------------------------------------------------
 
</code></pre><header class="major"><h2>Query Block Name / Object Alias (identified by operation id):</h2></header><pre><code>
 
   1 - SEL$2        / SI_METRICS_T@SEL$2
   2 - SEL$2        / SI_METRICS_T@SEL$2
   3 - SEL$3        / MS_GRC_EVIDENCE@SEL$3
   4 - SEL$3        / MS_GRC_EVIDENCE@SEL$3
   5 - SEL$2416F508
   9 - SEL$2416F508 / T1@SEL$6
  10 - SEL$2416F508 / T1@SEL$6
  11 - SEL$2416F508 / KOKBF$0@SEL$5
  12 - SEL$2416F508 / EVISUMM@SEL$1
  13 - SEL$2416F508 / EVISUMM@SEL$1
  14 - SEL$2416F508 / EVIMLSSUMM@SEL$1
  15 - SEL$2416F508 / EVIMLSSUMM@SEL$1
  16 - SEL$2416F508 / T2@SEL$6
  17 - SEL$2416F508 / T2@SEL$6
 
</code></pre><header class="major"><h2>Predicate Information (identified by operation id):</h2></header><pre><code>
 
   2 - access("METRIC_NAME"='MS_GRC_EVIDENCE')
   4 - access("OBJECT_ID"=:B1)
  10 - access("USER_NAME"=:28)
  12 - access("EVISUMM"."OBJECT_ID"=VALUE(KOKBF$))
  13 - access("EVISUMM"."OBJECT_ID"=VALUE(KOKBF$))
  15 - access("EVIMLSSUMM"."OBJECT_ID"=VALUE(KOKBF$))
  16 - filter("T1"."LOCALE"="T2"."LOCALE_STRING")
  17 - access("LOCALE_ID"=TO_NUMBER("EVIMLSSUMM"."LOCALE_ID"))
 
</code></pre><header class="major"><h2>Column Projection Information (identified by operation id):</h2></header><pre><code>
 
   1 - "SI_METRICS_T".ROWID[ROWID,10], "METRIC_ID"[NUMBER,22]
   2 - "SI_METRICS_T".ROWID[ROWID,10]
   3 - "MS_GRC_EVIDENCE".ROWID[ROWID,10], "DD_INSTANCE_ID"[NUMBER,22]
   4 - "MS_GRC_EVIDENCE".ROWID[ROWID,10]
   5 - (#keys=0) "T1".ROWID[ROWID,10], "USER_NAME"[VARCHAR2,80], "T1"."LOCALE"[VARCHAR2,100], VALUE(A0)[8000], 
       "EVISUMM".ROWID[ROWID,3034], "EVISUMM"."UPPER_OBJECT_NAME"[VARCHAR2,3000], "OBJ_EVI_SUMM_WID"[NUMBER,22], 
       "REL_MOD_REF_OBJ_NAME_AGG"[LOB,4000], "REL_ORGANIZATION_NAMES"[LOB,4000], 
       "REL_PROCESS_OBJ_NAME_AGG"[LOB,4000], "REL_PRODUCT_NAME_AGG"[LOB,4000], 
       "REL_REFRENCES_OBJ_NAME_AGG"[LOB,4000], "REL_REQUIREMENT_OBJ_NAME_AGG"[LOB,4000], 
       "REL_RISK_OBJ_NAME_AGG"[LOB,4000], "REL_STANDARD_OBJ_NAME_AGG"[LOB,4000], "EVISUMM"."OBJECT_ID"[VARCHAR2,400], 
       "EVISUMM"."OBJECT_NAME"[VARCHAR2,4000], "EVISUMM"."DESCRIPTION"[LOB,4000], "EVISUMM"."VALID_UNTIL"[DATE,7], 
       "EVISUMM"."VALID_FROM"[DATE,7], "EVISUMM"."DD_PROCESS_INSTANCE_ID"[NUMBER,22], 
       "EVISUMM"."OWNER_NAME"[LOB,4000], "EVISUMM"."OWNER_ORG_NAMES"[LOB,4000], 
       "EVISUMM"."LEVEL_1_APPROVER"[VARCHAR2,1000], "EVISUMM"."LEVEL_2_APPROVER"[VARCHAR2,1000], 
       "EVISUMM"."UPDATED_BY"[VARCHAR2,804], "EVISUMM"."UPDATED_ON"[DATE,7], "EVISUMM"."CREATED_BY"[VARCHAR2,804], 
       "EVISUMM"."CREATED_ON"[DATE,7], "REL_ASSET_CLASS_OBJ_NAME_AGG"[LOB,4000], "REL_ASSET_OBJ_NAME_AGG"[LOB,4000], 
       "REL_CTRL_OBJ_NAME_AGG"[LOB,4000], "EVISUMM".ROWID[ROWID,3034], "EVIMLSSUMM".ROWID[ROWID,10], 
       "EVIMLSSUMM"."OBJECT_ID"[VARCHAR2,400], "EVIMLSSUMM"."LOCALE_ID"[VARCHAR2,400], 
       "EVIMLSSUMM"."OBJECT_STATUS"[VARCHAR2,4000], "T2".ROWID[ROWID,10], "LOCALE_ID"[NUMBER,22], 
       "T2"."LOCALE_STRING"[VARCHAR2,400]
   6 - (#keys=0) "T1".ROWID[ROWID,10], "USER_NAME"[VARCHAR2,80], "T1"."LOCALE"[VARCHAR2,100], VALUE(A0)[8000], 
       "EVISUMM".ROWID[ROWID,3034], "EVISUMM"."UPPER_OBJECT_NAME"[VARCHAR2,3000], "OBJ_EVI_SUMM_WID"[NUMBER,22], 
       "REL_MOD_REF_OBJ_NAME_AGG"[LOB,4000], "REL_ORGANIZATION_NAMES"[LOB,4000], 
       "REL_PROCESS_OBJ_NAME_AGG"[LOB,4000], "REL_PRODUCT_NAME_AGG"[LOB,4000], 
       "REL_REFRENCES_OBJ_NAME_AGG"[LOB,4000], "REL_REQUIREMENT_OBJ_NAME_AGG"[LOB,4000], 
       "REL_RISK_OBJ_NAME_AGG"[LOB,4000], "REL_STANDARD_OBJ_NAME_AGG"[LOB,4000], "EVISUMM"."OBJECT_ID"[VARCHAR2,400], 
       "EVISUMM"."OBJECT_NAME"[VARCHAR2,4000], "EVISUMM"."DESCRIPTION"[LOB,4000], "EVISUMM"."VALID_UNTIL"[DATE,7], 
       "EVISUMM"."VALID_FROM"[DATE,7], "EVISUMM"."DD_PROCESS_INSTANCE_ID"[NUMBER,22], 
       "EVISUMM"."OWNER_NAME"[LOB,4000], "EVISUMM"."OWNER_ORG_NAMES"[LOB,4000], 
       "EVISUMM"."LEVEL_1_APPROVER"[VARCHAR2,1000], "EVISUMM"."LEVEL_2_APPROVER"[VARCHAR2,1000], 
       "EVISUMM"."UPDATED_BY"[VARCHAR2,804], "EVISUMM"."UPDATED_ON"[DATE,7], "EVISUMM"."CREATED_BY"[VARCHAR2,804], 
       "EVISUMM"."CREATED_ON"[DATE,7], "REL_ASSET_CLASS_OBJ_NAME_AGG"[LOB,4000], "REL_ASSET_OBJ_NAME_AGG"[LOB,4000], 
       "REL_CTRL_OBJ_NAME_AGG"[LOB,4000], "EVISUMM".ROWID[ROWID,3034], "EVIMLSSUMM".ROWID[ROWID,10], 
       "EVIMLSSUMM"."OBJECT_ID"[VARCHAR2,400], "EVIMLSSUMM"."LOCALE_ID"[VARCHAR2,400], 
       "EVIMLSSUMM"."OBJECT_STATUS"[VARCHAR2,4000]
   7 - (#keys=0) "T1".ROWID[ROWID,10], "USER_NAME"[VARCHAR2,80], "T1"."LOCALE"[VARCHAR2,100], VALUE(A0)[8000], 
       "EVISUMM".ROWID[ROWID,3034], "EVISUMM"."UPPER_OBJECT_NAME"[VARCHAR2,3000], "OBJ_EVI_SUMM_WID"[NUMBER,22], 
       "REL_MOD_REF_OBJ_NAME_AGG"[LOB,4000], "REL_ORGANIZATION_NAMES"[LOB,4000], 
       "REL_PROCESS_OBJ_NAME_AGG"[LOB,4000], "REL_PRODUCT_NAME_AGG"[LOB,4000], 
       "REL_REFRENCES_OBJ_NAME_AGG"[LOB,4000], "REL_REQUIREMENT_OBJ_NAME_AGG"[LOB,4000], 
       "REL_RISK_OBJ_NAME_AGG"[LOB,4000], "REL_STANDARD_OBJ_NAME_AGG"[LOB,4000], "EVISUMM"."OBJECT_ID"[VARCHAR2,400], 
       "EVISUMM"."OBJECT_NAME"[VARCHAR2,4000], "EVISUMM"."DESCRIPTION"[LOB,4000], "EVISUMM"."VALID_UNTIL"[DATE,7], 
       "EVISUMM"."VALID_FROM"[DATE,7], "EVISUMM"."DD_PROCESS_INSTANCE_ID"[NUMBER,22], 
       "EVISUMM"."OWNER_NAME"[LOB,4000], "EVISUMM"."OWNER_ORG_NAMES"[LOB,4000], 
       "EVISUMM"."LEVEL_1_APPROVER"[VARCHAR2,1000], "EVISUMM"."LEVEL_2_APPROVER"[VARCHAR2,1000], 
       "EVISUMM"."UPDATED_BY"[VARCHAR2,804], "EVISUMM"."UPDATED_ON"[DATE,7], "EVISUMM"."CREATED_BY"[VARCHAR2,804], 
       "EVISUMM"."CREATED_ON"[DATE,7], "REL_ASSET_CLASS_OBJ_NAME_AGG"[LOB,4000], "REL_ASSET_OBJ_NAME_AGG"[LOB,4000], 
       "REL_CTRL_OBJ_NAME_AGG"[LOB,4000], "EVISUMM".ROWID[ROWID,3034]
   8 - (#keys=0) "T1".ROWID[ROWID,10], "USER_NAME"[VARCHAR2,80], "T1"."LOCALE"[VARCHAR2,100], VALUE(A0)[8000]
   9 - "T1".ROWID[ROWID,10], "USER_NAME"[VARCHAR2,80], "T1"."LOCALE"[VARCHAR2,100]
  10 - "T1".ROWID[ROWID,10], "USER_NAME"[VARCHAR2,80]
  11 - VALUE(A0)[8000]
  12 - "EVISUMM"."UPPER_OBJECT_NAME"[VARCHAR2,3000], "REL_MOD_REF_OBJ_NAME_AGG"[LOB,4000], 
       "REL_ORGANIZATION_NAMES"[LOB,4000], "REL_PROCESS_OBJ_NAME_AGG"[LOB,4000], "REL_PRODUCT_NAME_AGG"[LOB,4000], 
       "REL_REFRENCES_OBJ_NAME_AGG"[LOB,4000], "REL_REQUIREMENT_OBJ_NAME_AGG"[LOB,4000], 
       "REL_RISK_OBJ_NAME_AGG"[LOB,4000], "REL_STANDARD_OBJ_NAME_AGG"[LOB,4000], "EVISUMM"."OBJECT_ID"[VARCHAR2,400], 
       "EVISUMM"."OBJECT_NAME"[VARCHAR2,4000], "EVISUMM"."DESCRIPTION"[LOB,4000], "EVISUMM"."VALID_UNTIL"[DATE,7], 
       "EVISUMM"."VALID_FROM"[DATE,7], "EVISUMM"."DD_PROCESS_INSTANCE_ID"[NUMBER,22], 
       "EVISUMM"."OWNER_NAME"[LOB,4000], "EVISUMM"."OWNER_ORG_NAMES"[LOB,4000], 
       "EVISUMM"."LEVEL_1_APPROVER"[VARCHAR2,1000], "EVISUMM"."LEVEL_2_APPROVER"[VARCHAR2,1000], 
       "EVISUMM"."UPDATED_BY"[VARCHAR2,804], "EVISUMM"."UPDATED_ON"[DATE,7], "EVISUMM"."CREATED_BY"[VARCHAR2,804], 
       "EVISUMM"."CREATED_ON"[DATE,7], "REL_ASSET_CLASS_OBJ_NAME_AGG"[LOB,4000], "REL_ASSET_OBJ_NAME_AGG"[LOB,4000], 
       "REL_CTRL_OBJ_NAME_AGG"[LOB,4000]
  13 - "EVISUMM".ROWID[ROWID,3034], "EVISUMM"."UPPER_OBJECT_NAME"[VARCHAR2,3000], 
       "OBJ_EVI_SUMM_WID"[NUMBER,22], "REL_MOD_REF_OBJ_NAME_AGG"[LOB,4000], "REL_ORGANIZATION_NAMES"[LOB,4000], 
       "REL_PROCESS_OBJ_NAME_AGG"[LOB,4000], "REL_PRODUCT_NAME_AGG"[LOB,4000], 
       "REL_REFRENCES_OBJ_NAME_AGG"[LOB,4000], "REL_REQUIREMENT_OBJ_NAME_AGG"[LOB,4000], 
       "REL_RISK_OBJ_NAME_AGG"[LOB,4000], "REL_STANDARD_OBJ_NAME_AGG"[LOB,4000], "EVISUMM"."OBJECT_ID"[VARCHAR2,400], 
       "EVISUMM"."OBJECT_NAME"[VARCHAR2,4000], "EVISUMM"."DESCRIPTION"[LOB,4000], "EVISUMM"."VALID_UNTIL"[DATE,7], 
       "EVISUMM"."VALID_FROM"[DATE,7], "EVISUMM"."DD_PROCESS_INSTANCE_ID"[NUMBER,22], 
       "EVISUMM"."OWNER_NAME"[LOB,4000], "EVISUMM"."OWNER_ORG_NAMES"[LOB,4000], 
       "EVISUMM"."LEVEL_1_APPROVER"[VARCHAR2,1000], "EVISUMM"."LEVEL_2_APPROVER"[VARCHAR2,1000], 
       "EVISUMM"."UPDATED_BY"[VARCHAR2,804], "EVISUMM"."UPDATED_ON"[DATE,7], "EVISUMM"."CREATED_BY"[VARCHAR2,804], 
       "EVISUMM"."CREATED_ON"[DATE,7], "REL_ASSET_CLASS_OBJ_NAME_AGG"[LOB,4000], "REL_ASSET_OBJ_NAME_AGG"[LOB,4000], 
       "REL_CTRL_OBJ_NAME_AGG"[LOB,4000], "EVISUMM".ROWID[ROWID,3034]
  14 - "EVIMLSSUMM"."LOCALE_ID"[VARCHAR2,400], "EVIMLSSUMM"."OBJECT_STATUS"[VARCHAR2,4000]
  15 - "EVIMLSSUMM".ROWID[ROWID,10], "EVIMLSSUMM"."LOCALE_ID"[VARCHAR2,400]
  17 - "T2".ROWID[ROWID,10]
										</code></pre>
								</section>
						</div>
					</div>

				<!-- Sidebar -->
				<div id="sidebar">
					<div class="inner">
						<!-- Menu -->
						<nav id="menu">
							<header class="major">
								<h2>Menu</h2>
							</header>
							<ul>
								<li><a href="../index.html">Module List</a></li>
								<li><a href="index.html">Summary</a></li>
								<li>
									<span class="opener">DB Analysis</span>
									<ul>
										<li><a href="bad-sql.html">Bad SQL</a></li>
										<li><a href="poor-sql.html">Poor SQL Plan</a></li>
										<li><a href="invalid-sql.html">Invalid SQL</a></li>
										<li><a href="full-sql.html">Full SQL Report</a></li>
										<li><a href="table-nil-key.html">Primary/Unique Key Miss</a></li>
										<li><a href="invalid-db-object.html">Invalid DB Objects</a></li>
									</ul>
								</li>
								<li>
									<span class="opener">Infolets</span>
									<ul>
										<li><a href="keep-history-infolets.html">Keep History Infolets</a></li>
									</ul>
								</li>
								<li>
									<span class="opener">Pushforms</span>
									<ul>
										<li><a href="pushform-denormalize.html">Pushform Denormalized</a></li>
									</ul>
								</li>
							</ul>
						</nav>

						<!-- Section -->
						<section>
							<header class="major">
								<h2>Get in touch</h2>
							</header>
							<p>You need more details on the report or want more functionality, don't hesitate to reach out to us.</p>
							<ul class="contact">
								<li class="fa-envelope-o"><a href="mailto:rnd@metricstream.com?Subject=Reg - Static Code Analysis Tool" target="_top">rnd@metricstream.com</a></li>
							</ul>
						</section>

						<!-- Footer -->
						<footer id="footer">
							<p class="copyright">&copy; <a href="http://www.metricstream.com" target="_blank">MetricStream</a>. All rights reserved. </p>
						</footer>
					</div>
				</div>
			</div>

		<!-- Scripts -->
			<script src="../../lib/assets/js/jquery.min.js"></script>
			<script src="../../lib/assets/js/skel.min.js"></script>
			<script src="../../lib/assets/js/util.js"></script>
			<!--[if lte IE 8]><script src="../../lib/assets/js/ie/respond.min.js"></script><![endif]-->
			<script src="../../lib/assets/js/main.js"></script>
	</body>
</html>