<!DOCTYPE HTML>
<html>
	<head>
		<title>Code Analysis - MetricStream</title>
		<meta charset="utf-8" />
		<meta name="viewport" content="width=device-width, initial-scale=1, user-scalable=no" />
		<!--[if lte IE 8]><script src="../../lib/assets/js/ie/html5shiv.js"></script><![endif]-->
		<link rel="stylesheet" href="../../lib/assets/css/main.css" />
		<!--[if lte IE 9]><link rel="stylesheet" href="../../lib/assets/css/ie9.css" /><![endif]-->
		<!--[if lte IE 8]><link rel="stylesheet" href="../../lib/assets/css/ie8.css" /><![endif]-->
	</head>
	<body>

		<!-- Wrapper -->
			<div id="wrapper">

				<!-- Main -->
					<div id="main">
						<div class="inner">
							<!-- Header -->
								<header id="header">
									<a href="index.html" class="logo"><strong>Static Code Analysis Report</strong> by Code Analyzer Tool</a>
								</header>

							<!-- Content -->
								<section>
									<!-- Content -->
										<header class="major"><h2>Infolet Details</h2></header>
										<div class="table-wrapper">
											<table>
												<tbody>
													<tr>
														<th>Name</th>
														<td>MS_GRC_61_SP2_PROCESS_PARENT (100723)</td>
													</tr>
													<tr>
														<th>SQL</th>
														<td><pre><code>SELECT 
PRCSUMM.OBJECT_NAME as OBJ_NAME,
PRCMLSSUMM.OBJECT_LEVEL AS OBJECT_LEVEL,
PRCSUMM.DD_OBJECT_TYPE AS OBJ_TYPE,
PRCSUMM.OBJECT_ID AS OBJ_ID,
PRCMLSSUMM.locale_id AS LOCALE_ID
FROM MS_GRC_PROCESS_SUMMARY PRCSUMM, 
MS_GRC_PROCESS_MLS_SUMMARY PRCMLSSUMM
where PRCMLSSUMM.OBJECT_ID = PRCSUMM.OBJECT_ID
AND :1 !='1'
AND PRCMLSSUMM.OBJECT_ID IN (SELECT column_value
    FROM TABLE(cast(ms_grc_rep_browser_fil_denorm.fn_process_rpt_filter(ms_grc_array_type(NULL, NULL, 'ACT', NULL, NULL, NULL, NULL, NULL, NULL, NULL, :1-1, NULL, NULL,NULL,NULL, NULL, NULL, NULL, NULL, NULL,NULL, NULL,NULL, NULL, NULL,NULL, NULL, NULL, NULL, NULL, NULL, NULL, NULL, NULL, NULL, NULL, NULL,NULL, NULL, 'MS_GRC_PROCESS', :2))
    as varchar2_array)))
	and PRCMLSSUMM.LOCALE_ID=(select locale_id from si_locales where locale_string=(select locale FROM si_users_t WHERE user_name=:2))
	order by upper_object_name</code></pre></td>
													</tr>
													<tr>
														<th>Description</th>
														<td>This infolet extracts data from MS_GRC_PROCESS_DENORM_RV view and is thereby used in Process form</td>
													</tr>
												</tbody>
											</table>
										</div>

										<h2 align="center" id="content">Analysis Report</h2>
										<hr>

<header class="major"><h2>Plan hash value: 4102837571</h2></header><pre><code>
 
---------------------------------------------------------------------------------------------------------------------
| Id  | Operation                              | Name                       | Rows  | Bytes | Cost (%CPU)| Time     |
---------------------------------------------------------------------------------------------------------------------
|   0 | SELECT STATEMENT                       |                            |     1 |  7416 |    37   (6)| 00:00:01 |
|   1 |  SORT ORDER BY                         |                            |     1 |  7416 |    37   (6)| 00:00:01 |
|*  2 |   FILTER                               |                            |       |       |            |          |
|   3 |    NESTED LOOPS                        |                            |     1 |  7416 |    32   (4)| 00:00:01 |
|   4 |     NESTED LOOPS                       |                            |     1 |  1808 |    31   (4)| 00:00:01 |
|   5 |      SORT UNIQUE                       |                            |  8168 | 16336 |    29   (0)| 00:00:01 |
<font style="background-color: lightblue; color: red">|   6 |       COLLECTION ITERATOR PICKLER FETCH| FN_PROCESS_RPT_FILTER      |  8168 | 16336 |    29   (0)| 00:00:01 |</font>
|   7 |      TABLE ACCESS BY INDEX ROWID       | MS_GRC_PROCESS_MLS_SUMMARY |     1 |  1806 |     1   (0)| 00:00:01 |
|*  8 |       INDEX RANGE SCAN                 | MS_GRC_PROC_MLS_SUMM_IDX2  |     1 |       |     1   (0)| 00:00:01 |
|*  9 |        HASH JOIN                       |                            |     1 |   213 |     4   (0)| 00:00:01 |
|  10 |         VIEW                           | VW_SQ_1                    |     1 |   202 |     1   (0)| 00:00:01 |
|  11 |          TABLE ACCESS BY INDEX ROWID   | SI_USERS_T                 |     1 |    19 |     1   (0)| 00:00:01 |
|* 12 |           INDEX UNIQUE SCAN            | USER_NAME_UK               |     1 |       |     1   (0)| 00:00:01 |
<font style="background-color: lightblue; color: red">|  13 |         TABLE ACCESS FULL              | SI_LOCALES                 |    35 |   385 |     3   (0)| 00:00:01 |</font>
|  14 |     TABLE ACCESS BY INDEX ROWID        | MS_GRC_PROCESS_SUMMARY     |     1 |  5608 |     1   (0)| 00:00:01 |
|* 15 |      INDEX UNIQUE SCAN                 | MS_GRC_PROCE_SUMM_IDX1     |     1 |       |     1   (0)| 00:00:01 |
---------------------------------------------------------------------------------------------------------------------
 
</code></pre><header class="major"><h2>Query Block Name / Object Alias (identified by operation id):</h2></header><pre><code>
 
   1 - SEL$09D7319C
   6 - SEL$09D7319C / KOKBF$0@SEL$3
   7 - SEL$09D7319C / PRCMLSSUMM@SEL$1
   8 - SEL$09D7319C / PRCMLSSUMM@SEL$1
   9 - SEL$583B776D
  10 - SEL$F495C89B / VW_SQ_1@SEL$E5511D0C
  11 - SEL$F495C89B / SI_USERS_T@SEL$5
  12 - SEL$F495C89B / SI_USERS_T@SEL$5
  13 - SEL$583B776D / SI_LOCALES@SEL$4
  14 - SEL$09D7319C / PRCSUMM@SEL$1
  15 - SEL$09D7319C / PRCSUMM@SEL$1
 
</code></pre><header class="major"><h2>Predicate Information (identified by operation id):</h2></header><pre><code>
 
   2 - filter(:1<>'1')
   8 - access("PRCMLSSUMM"."OBJECT_ID"=VALUE(KOKBF$))
       filter(TO_NUMBER("PRCMLSSUMM"."LOCALE_ID")= (SELECT "LOCALE_ID" FROM "SI_LOCALES" "SI_LOCALES", 
              (SELECT "LOCALE" "LOCALE" FROM "SI_USERS_T" "SI_USERS_T" WHERE "USER_NAME"=:2) "VW_SQ_1" WHERE 
              "LOCALE_STRING"="LOCALE"))
   9 - access("LOCALE_STRING"="LOCALE")
  12 - access("USER_NAME"=:2)
  15 - access("PRCMLSSUMM"."OBJECT_ID"="PRCSUMM"."OBJECT_ID")
 
</code></pre><header class="major"><h2>Column Projection Information (identified by operation id):</h2></header><pre><code>
 
   1 - (#keys=1) "UPPER_OBJECT_NAME"[VARCHAR2,4000], "PRCSUMM"."OBJECT_NAME"[VARCHAR2,4000], 
       "PRCMLSSUMM"."OBJECT_LEVEL"[VARCHAR2,1600], "PRCSUMM"."DD_OBJECT_TYPE"[VARCHAR2,1600], 
       "PRCSUMM"."OBJECT_ID"[VARCHAR2,1600], "PRCMLSSUMM"."LOCALE_ID"[VARCHAR2,400]
   2 - "PRCMLSSUMM"."LOCALE_ID"[VARCHAR2,400], "PRCMLSSUMM"."OBJECT_LEVEL"[VARCHAR2,1600], 
       "PRCSUMM"."OBJECT_ID"[VARCHAR2,1600], "PRCSUMM"."OBJECT_NAME"[VARCHAR2,4000], 
       "PRCSUMM"."DD_OBJECT_TYPE"[VARCHAR2,1600], "UPPER_OBJECT_NAME"[VARCHAR2,4000]
   3 - (#keys=0) "PRCMLSSUMM"."LOCALE_ID"[VARCHAR2,400], "PRCMLSSUMM"."OBJECT_LEVEL"[VARCHAR2,1600], 
       "PRCSUMM"."OBJECT_ID"[VARCHAR2,1600], "PRCSUMM"."OBJECT_NAME"[VARCHAR2,4000], 
       "PRCSUMM"."DD_OBJECT_TYPE"[VARCHAR2,1600], "UPPER_OBJECT_NAME"[VARCHAR2,4000]
   4 - (#keys=0) "PRCMLSSUMM"."OBJECT_ID"[VARCHAR2,1600], "PRCMLSSUMM"."LOCALE_ID"[VARCHAR2,400], 
       "PRCMLSSUMM"."OBJECT_LEVEL"[VARCHAR2,1600]
   5 - (#keys=1) VALUE(KOKBF$)[16000]
   6 - VALUE(A0)[16000]
   7 - "PRCMLSSUMM"."OBJECT_ID"[VARCHAR2,1600], "PRCMLSSUMM"."LOCALE_ID"[VARCHAR2,400], 
       "PRCMLSSUMM"."OBJECT_LEVEL"[VARCHAR2,1600]
   8 - "PRCMLSSUMM".ROWID[ROWID,10], "PRCMLSSUMM"."OBJECT_ID"[VARCHAR2,1600], 
       "PRCMLSSUMM"."LOCALE_ID"[VARCHAR2,400]
   9 - (#keys=1) "LOCALE"[VARCHAR2,400], "LOCALE_STRING"[VARCHAR2,400], "LOCALE_ID"[NUMBER,22]
  10 - "LOCALE"[VARCHAR2,400]
  11 - "LOCALE"[VARCHAR2,400]
  12 - "SI_USERS_T".ROWID[ROWID,10]
  13 - "LOCALE_ID"[NUMBER,22], "LOCALE_STRING"[VARCHAR2,400]
  14 - "PRCSUMM"."OBJECT_ID"[VARCHAR2,1600], "PRCSUMM"."OBJECT_NAME"[VARCHAR2,4000], 
       "PRCSUMM"."DD_OBJECT_TYPE"[VARCHAR2,1600], "UPPER_OBJECT_NAME"[VARCHAR2,4000]
  15 - "PRCSUMM".ROWID[ROWID,10], "PRCSUMM"."OBJECT_ID"[VARCHAR2,1600]
										</code></pre>
								</section>
						</div>
					</div>

				<!-- Sidebar -->
				<div id="sidebar">
					<div class="inner">
						<!-- Menu -->
						<nav id="menu">
							<header class="major">
								<h2>Menu</h2>
							</header>
							<ul>
								<li><a href="../index.html">Module List</a></li>
								<li><a href="index.html">Summary</a></li>
								<li>
									<span class="opener">DB Analysis</span>
									<ul>
										<li><a href="bad-sql.html">Bad SQL</a></li>
										<li><a href="poor-sql.html">Poor SQL Plan</a></li>
										<li><a href="invalid-sql.html">Invalid SQL</a></li>
										<li><a href="full-sql.html">Full SQL Report</a></li>
										<li><a href="table-nil-key.html">Primary/Unique Key Miss</a></li>
										<li><a href="invalid-db-object.html">Invalid DB Objects</a></li>
										<li><a href="sequence-with-less-cache.html">Sequence</a></li>
										<li><a href="table-index-lob-size.html">Table Size</a></li>
										<li><a href="table-row-count.html">Table Row Count</a></li>
									</ul>
								</li>
								<li>
								    <span class="opener">LOB</span>
								    <ul>
								        <li><a href="lob-no-cache.html">LOB - No Cache</a></li>
								        <li><a href="lob-columns.html">LOB - All Columns</a></li>
								    </ul>
								</li>
								<li>
									<span class="opener">Infolets</span>
									<ul>
										<li><a href="keep-history-infolets.html">Keep History Infolets</a></li>
										<li><a href="plsql-context-switch.html">SQL-PL/SQL Context Switch</a></li>
									</ul>
								</li>
								<li>
									<span class="opener">Pushforms</span>
									<ul>
										<li><a href="pushform-denormalize.html">Pushform Denormalized</a></li>
									</ul>
								</li>
								<li>
									<span class="opener">PL/SQL</span>
									<ul>
										<li><a href="plsql-dyn-qry-objs.html">Dynamic Query</a></li>
									</ul>
								</li>
							</ul>
						</nav>

						<!-- Section -->
						<section>
							<header class="major">
								<h2>Get in touch</h2>
							</header>
							<p>You need more details on the report or want more functionality, don't hesitate to reach out to us.</p>
							<ul class="contact">
								<li class="fa-envelope-o"><a href="mailto:apps-rnd-arch-team@metricstream.com?Subject=Reg - Code Analysis Tool" target="_top">apps-rnd-arch-team@metricstream.com</a></li>
							</ul>
						</section>

						<!-- Footer -->
						<footer id="footer">
							<p class="copyright">&copy; <a href="http://www.metricstream.com" target="_blank">MetricStream</a>. All rights reserved. </p>
						</footer>
					</div>
				</div>
			</div>

		<!-- Scripts -->
			<script src="../../lib/assets/js/jquery.min.js"></script>
			<script src="../../lib/assets/js/skel.min.js"></script>
			<script src="../../lib/assets/js/util.js"></script>
			<!--[if lte IE 8]><script src="../../lib/assets/js/ie/respond.min.js"></script><![endif]-->
			<script src="../../lib/assets/js/main.js"></script>
	</body>
</html>