<!DOCTYPE HTML>
<html>
	<head>
		<title>Code Analysis - MetricStream</title>
		<meta charset="utf-8" />
		<meta name="viewport" content="width=device-width, initial-scale=1, user-scalable=no" />
		<!--[if lte IE 8]><script src="../../lib/assets/js/ie/html5shiv.js"></script><![endif]-->
		<link rel="stylesheet" href="../../lib/assets/css/main.css" />
		<!--[if lte IE 9]><link rel="stylesheet" href="../../lib/assets/css/ie9.css" /><![endif]-->
		<!--[if lte IE 8]><link rel="stylesheet" href="../../lib/assets/css/ie8.css" /><![endif]-->
	</head>
	<body>

		<!-- Wrapper -->
			<div id="wrapper">

				<!-- Main -->
					<div id="main">
						<div class="inner">
							<!-- Header -->
								<header id="header">
									<a href="index.html" class="logo"><strong>Static Code Analysis Report</strong> by Code Analyzer Tool</a>
								</header>

							<!-- Content -->
								<section>
									<!-- Content -->
										<header class="major"><h2>Infolet Details</h2></header>
										<div class="table-wrapper">
											<table>
												<tbody>
													<tr>
														<th>Name</th>
														<td>MS_GRC_GET_PROD_PARENT (100914)</td>
													</tr>
													<tr>
														<th>SQL</th>
														<td><pre><code>select distinct names.object_id,
       names.object_name
  from ms_grc_product prnt,
       ms_grc_product names
 where prnt.object_parent = names.object_id</code></pre></td>
													</tr>
													<tr>
														<th>Description</th>
														<td>This infolet extracts data from ms_grc_product table and is thereby used in MS_GRC_Product_Rpt_Infolet infolet</td>
													</tr>
												</tbody>
											</table>
										</div>

										<h2 align="center" id="content">Analysis Report</h2>
										<hr>

<header class="major"><h2>Plan hash value: 446583264</h2></header><pre><code>
 
---------------------------------------------------------------------------------------------------
| Id  | Operation                     | Name              | Rows  | Bytes | Cost (%CPU)| Time     |
---------------------------------------------------------------------------------------------------
|   0 | SELECT STATEMENT              |                   |     7 |   301 |     7  (15)| 00:00:01 |
|   1 |  SORT UNIQUE                  |                   |     7 |   301 |     7  (15)| 00:00:01 |
|   2 |   NESTED LOOPS                |                   |     7 |   301 |     6   (0)| 00:00:01 |
|   3 |    NESTED LOOPS               |                   |     7 |   301 |     6   (0)| 00:00:01 |
<font style="background-color: lightblue; color: red">|*  4 |     TABLE ACCESS FULL         | MS_GRC_PRODUCT    |     7 |    56 |     3   (0)| 00:00:01 |</font>
|*  5 |     INDEX UNIQUE SCAN         | MS_GRC_PRODUCT_PK |     1 |       |     1   (0)| 00:00:01 |
|   6 |    TABLE ACCESS BY INDEX ROWID| MS_GRC_PRODUCT    |     1 |    35 |     1   (0)| 00:00:01 |
---------------------------------------------------------------------------------------------------
 
</code></pre><header class="major"><h2>Query Block Name / Object Alias (identified by operation id):</h2></header><pre><code>
 
   1 - SEL$1
   4 - SEL$1 / PRNT@SEL$1
   5 - SEL$1 / NAMES@SEL$1
   6 - SEL$1 / NAMES@SEL$1
 
</code></pre><header class="major"><h2>Predicate Information (identified by operation id):</h2></header><pre><code>
 
   4 - filter("PRNT"."OBJECT_PARENT" IS NOT NULL)
   5 - access("PRNT"."OBJECT_PARENT"="NAMES"."OBJECT_ID")
 
</code></pre><header class="major"><h2>Column Projection Information (identified by operation id):</h2></header><pre><code>
 
   1 - (#keys=2) "NAMES"."OBJECT_ID"[VARCHAR2,400], "NAMES"."OBJECT_NAME"[VARCHAR2,4000]
   2 - (#keys=0) "NAMES"."OBJECT_ID"[VARCHAR2,400], "NAMES"."OBJECT_NAME"[VARCHAR2,4000]
   3 - (#keys=0) "NAMES".ROWID[ROWID,10], "NAMES"."OBJECT_ID"[VARCHAR2,400]
   4 - "PRNT"."OBJECT_PARENT"[VARCHAR2,4000]
   5 - "NAMES".ROWID[ROWID,10], "NAMES"."OBJECT_ID"[VARCHAR2,400]
   6 - "NAMES"."OBJECT_NAME"[VARCHAR2,4000]
										</code></pre>
								</section>
						</div>
					</div>

				<!-- Sidebar -->
				<div id="sidebar">
					<div class="inner">
						<!-- Menu -->
						<nav id="menu">
							<header class="major">
								<h2>Menu</h2>
							</header>
							<ul>
								<li><a href="../index.html">Module List</a></li>
								<li><a href="index.html">Summary</a></li>
								<li>
									<span class="opener">DB Analysis</span>
									<ul>
										<li><a href="bad-sql.html">Bad SQL</a></li>
										<li><a href="poor-sql.html">Poor SQL Plan</a></li>
										<li><a href="invalid-sql.html">Invalid SQL</a></li>
										<li><a href="full-sql.html">Full SQL Report</a></li>
										<li><a href="table-nil-key.html">Primary/Unique Key Miss</a></li>
										<li><a href="invalid-db-object.html">Invalid DB Objects</a></li>
										<li><a href="sequence-with-less-cache.html">Sequence</a></li>
										<li><a href="table-index-lob-size.html">Table Size</a></li>
									</ul>
								</li>
								<li>
								    <span class="opener">LOB</span>
								    <ul>
								        <li><a href="lob-no-cache.html">LOB - No Cache</a></li>
								        <li><a href="lob-columns.html">LOB - All Columns</a></li>
								    </ul>
								</li>
								<li>
									<span class="opener">Infolets</span>
									<ul>
										<li><a href="keep-history-infolets.html">Keep History Infolets</a></li>
										<li><a href="plsql-context-switch.html">SQL-PL/SQL Context Switch</a></li>
									</ul>
								</li>
								<li>
									<span class="opener">Pushforms</span>
									<ul>
										<li><a href="pushform-denormalize.html">Pushform Denormalized</a></li>
									</ul>
								</li>
								<li>
									<span class="opener">PL/SQL</span>
									<ul>
										<li><a href="plsql-dyn-qry-objs.html">Dynamic Query</a></li>
									</ul>
								</li>
							</ul>
						</nav>

						<!-- Section -->
						<section>
							<header class="major">
								<h2>Get in touch</h2>
							</header>
							<p>You need more details on the report or want more functionality, don't hesitate to reach out to us.</p>
							<ul class="contact">
								<li class="fa-envelope-o"><a href="mailto:apps-rnd-arch-team@metricstream.com?Subject=Reg - Code Analysis Tool" target="_top">apps-rnd-arch-team@metricstream.com</a></li>
							</ul>
						</section>

						<!-- Footer -->
						<footer id="footer">
							<p class="copyright">&copy; <a href="http://www.metricstream.com" target="_blank">MetricStream</a>. All rights reserved. </p>
						</footer>
					</div>
				</div>
			</div>

		<!-- Scripts -->
			<script src="../../lib/assets/js/jquery.min.js"></script>
			<script src="../../lib/assets/js/skel.min.js"></script>
			<script src="../../lib/assets/js/util.js"></script>
			<!--[if lte IE 8]><script src="../../lib/assets/js/ie/respond.min.js"></script><![endif]-->
			<script src="../../lib/assets/js/main.js"></script>
	</body>
</html>