<!DOCTYPE HTML>
<html>
	<head>
		<title>Code Analysis - MetricStream</title>
		<meta charset="utf-8" />
		<meta name="viewport" content="width=device-width, initial-scale=1, user-scalable=no" />
		<!--[if lte IE 8]><script src="../../lib/assets/js/ie/html5shiv.js"></script><![endif]-->
		<link rel="stylesheet" href="../../lib/assets/css/main.css" />
		<!--[if lte IE 9]><link rel="stylesheet" href="../../lib/assets/css/ie9.css" /><![endif]-->
		<!--[if lte IE 8]><link rel="stylesheet" href="../../lib/assets/css/ie8.css" /><![endif]-->
	</head>
	<body>

		<!-- Wrapper -->
			<div id="wrapper">

				<!-- Main -->
					<div id="main">
						<div class="inner">
							<!-- Header -->
								<header id="header">
									<a href="index.html" class="logo"><strong>Static Code Analysis Report</strong> by Code Analyzer Tool</a>
								</header>

							<!-- Content -->
								<section>
									<!-- Content -->
										<header class="major"><h2>Infolet Details</h2></header>
										<div class="table-wrapper">
											<table>
												<tbody>
													<tr>
														<th>Name</th>
														<td>MS_GRC_GET_OBJECTIVE_PARENT (100907)</td>
													</tr>
													<tr>
														<th>SQL</th>
														<td><pre><code>select distinct a.OBJECT_NAME as OBJ_NAME,
'Level '||a.objective_level AS obj_level,
  a.DD_OBJECT_TYPE   as OBJ_TYPE,
a.OBJECT_ID as OBJ_ID,
a.Objective_Type as Objective_Type,c.locale_id as locale_id
FROM MS_GRC_OBJECTIVES a, Ms_Grc_Objectives_Org b,si_locales c,
si_users_t d where 
c.locale_string = d.locale
AND d.user_name = :3
and a.object_id = b.object_id
and OBJECTIVE_TYPE = :1
AND a.DD_OBJECT_TYPE = 'MS_GRC_OBJECTIVES'
and TRUNC(sysdate)  >= TRUNC(NVL(VALID_FROM,sysdate))
And Trunc(Sysdate)  <= Trunc(Nvl(Valid_Until,Sysdate))
And A.Objective_Level = (:2 -1)
And ms_grc_utilities.MS_GRC_SECURITY_OBJ(a.dd_object_type, a.restrict_access_to, b.OWNER_ORGANIZATIONS, :3, 'VIEW',:1) = 'ACCESS'
order by obj_name</code></pre></td>
													</tr>
													<tr>
														<th>Description</th>
														<td>null</td>
													</tr>
												</tbody>
											</table>
										</div>

										<h2 align="center" id="content">Analysis Report</h2>
										<hr>

<header class="major"><h2>Plan hash value: 177219183</h2></header><pre><code>
 
--------------------------------------------------------------------------------------------------------------
| Id  | Operation                       | Name                       | Rows  | Bytes | Cost (%CPU)| Time     |
--------------------------------------------------------------------------------------------------------------
|   0 | SELECT STATEMENT                |                            |     1 |   162 |     8  (25)| 00:00:01 |
|   1 |  SORT UNIQUE                    |                            |     1 |   162 |     7  (15)| 00:00:01 |
|   2 |   NESTED LOOPS                  |                            |     1 |   162 |     6   (0)| 00:00:01 |
<font style="background-color: lightblue; color: red">|   3 |    MERGE JOIN CARTESIAN         |                            |     1 |   140 |     5   (0)| 00:00:01 |</font>
|   4 |     NESTED LOOPS                |                            |     1 |    30 |     4   (0)| 00:00:01 |
|   5 |      TABLE ACCESS BY INDEX ROWID| SI_USERS_T                 |     1 |    19 |     1   (0)| 00:00:01 |
|*  6 |       INDEX UNIQUE SCAN         | USER_NAME_UK               |     1 |       |     1   (0)| 00:00:01 |
<font style="background-color: lightblue; color: red">|*  7 |      TABLE ACCESS FULL          | SI_LOCALES                 |     1 |    11 |     3   (0)| 00:00:01 |</font>
|   8 |     BUFFER SORT                 |                            |     1 |   110 |     2   (0)| 00:00:01 |
|*  9 |      TABLE ACCESS BY INDEX ROWID| MS_GRC_OBJECTIVES          |     1 |   110 |     1   (0)| 00:00:01 |
|* 10 |       INDEX RANGE SCAN          | MS_GRC_IDX_DD_OBJ_TYP_OBJC |     6 |       |     1   (0)| 00:00:01 |
|* 11 |    INDEX RANGE SCAN             | MS_GRC_OBJECTIVES_ORG_UK   |     1 |    22 |     1   (0)| 00:00:01 |
--------------------------------------------------------------------------------------------------------------
 
</code></pre><header class="major"><h2>Query Block Name / Object Alias (identified by operation id):</h2></header><pre><code>
 
   1 - SEL$1
   5 - SEL$1 / D@SEL$1
   6 - SEL$1 / D@SEL$1
   7 - SEL$1 / C@SEL$1
   9 - SEL$1 / A@SEL$1
  10 - SEL$1 / A@SEL$1
  11 - SEL$1 / B@SEL$1
 
</code></pre><header class="major"><h2>Predicate Information (identified by operation id):</h2></header><pre><code>
 
   6 - access("D"."USER_NAME"=:3)
   7 - filter("C"."LOCALE_STRING"="D"."LOCALE")
   9 - filter("OBJECTIVE_TYPE"=:1 AND TRUNC(NVL("VALID_FROM",SYSDATE@!))<=TRUNC(SYSDATE@!) AND 
              TRUNC(NVL("VALID_UNTIL",SYSDATE@!))>=TRUNC(SYSDATE@!) AND 
              TO_NUMBER("A"."OBJECTIVE_LEVEL")=TO_NUMBER(:2)-1)
  10 - access("A"."DD_OBJECT_TYPE"='MS_GRC_OBJECTIVES')
  11 - access("A"."OBJECT_ID"="B"."OBJECT_ID")
       filter("MS_GRC_UTILITIES"."MS_GRC_SECURITY_OBJ"("A"."DD_OBJECT_TYPE","A"."RESTRICT_ACCESS_TO","
              B"."OWNER_ORGANIZATIONS",:3,'VIEW',:1)='ACCESS')
 
</code></pre><header class="major"><h2>Column Projection Information (identified by operation id):</h2></header><pre><code>
 
   1 - (#keys=6) "A"."OBJECT_NAME"[VARCHAR2,4000], 'Level '||"A"."OBJECTIVE_LEVEL"[4000], 
       "A"."DD_OBJECT_TYPE"[VARCHAR2,400], "A"."OBJECT_ID"[VARCHAR2,400], 
       "A"."OBJECTIVE_TYPE"[VARCHAR2,1020], "C"."LOCALE_ID"[NUMBER,22]
   2 - (#keys=0) "C"."LOCALE_ID"[NUMBER,22], "A"."OBJECT_ID"[VARCHAR2,400], 
       "OBJECTIVE_TYPE"[VARCHAR2,1020], "A"."OBJECTIVE_LEVEL"[VARCHAR2,4000], 
       "A"."OBJECT_NAME"[VARCHAR2,4000], "A"."DD_OBJECT_TYPE"[VARCHAR2,400]
   3 - (#keys=0) "C"."LOCALE_ID"[NUMBER,22], "A"."OBJECT_ID"[VARCHAR2,400], 
       "OBJECTIVE_TYPE"[VARCHAR2,1020], "A"."RESTRICT_ACCESS_TO"[VARCHAR2,4000], 
       "A"."OBJECTIVE_LEVEL"[VARCHAR2,4000], "A"."OBJECT_NAME"[VARCHAR2,4000], 
       "A"."DD_OBJECT_TYPE"[VARCHAR2,400]
   4 - (#keys=0) "C"."LOCALE_ID"[NUMBER,22]
   5 - "D"."LOCALE"[VARCHAR2,400]
   6 - "D".ROWID[ROWID,10]
   7 - "C"."LOCALE_ID"[NUMBER,22]
   8 - (#keys=0) "A"."OBJECT_ID"[VARCHAR2,400], "OBJECTIVE_TYPE"[VARCHAR2,1020], 
       "A"."RESTRICT_ACCESS_TO"[VARCHAR2,4000], "A"."OBJECTIVE_LEVEL"[VARCHAR2,4000], 
       "A"."OBJECT_NAME"[VARCHAR2,4000], "A"."DD_OBJECT_TYPE"[VARCHAR2,400]
   9 - "A"."OBJECT_ID"[VARCHAR2,400], "OBJECTIVE_TYPE"[VARCHAR2,1020], 
       "A"."RESTRICT_ACCESS_TO"[VARCHAR2,4000], "A"."OBJECTIVE_LEVEL"[VARCHAR2,4000], 
       "A"."OBJECT_NAME"[VARCHAR2,4000], "A"."DD_OBJECT_TYPE"[VARCHAR2,400]
  10 - "A".ROWID[ROWID,10], "A"."DD_OBJECT_TYPE"[VARCHAR2,400]
										</code></pre>
								</section>
						</div>
					</div>

				<!-- Sidebar -->
				<div id="sidebar">
					<div class="inner">
						<!-- Menu -->
						<nav id="menu">
							<header class="major">
								<h2>Menu</h2>
							</header>
							<ul>
								<li><a href="../index.html">Module List</a></li>
								<li><a href="index.html">Summary</a></li>
								<li>
									<span class="opener">DB Analysis</span>
									<ul>
										<li><a href="bad-sql.html">Bad SQL</a></li>
										<li><a href="poor-sql.html">Poor SQL Plan</a></li>
										<li><a href="invalid-sql.html">Invalid SQL</a></li>
										<li><a href="full-sql.html">Full SQL Report</a></li>
										<li><a href="table-nil-key.html">Primary/Unique Key Miss</a></li>
										<li><a href="invalid-db-object.html">Invalid DB Objects</a></li>
										<li><a href="sequence-with-less-cache.html">Sequence</a></li>
										<li><a href="table-index-lob-size.html">Table Size</a></li>
										<li><a href="table-row-count.html">Table Row Count</a></li>
									</ul>
								</li>
								<li>
								    <span class="opener">LOB</span>
								    <ul>
								        <li><a href="lob-no-cache.html">LOB - No Cache</a></li>
								        <li><a href="lob-columns.html">LOB - All Columns</a></li>
								    </ul>
								</li>
								<li>
									<span class="opener">Infolets</span>
									<ul>
										<li><a href="keep-history-infolets.html">Keep History Infolets</a></li>
										<li><a href="plsql-context-switch.html">SQL-PL/SQL Context Switch</a></li>
									</ul>
								</li>
								<li>
									<span class="opener">Pushforms</span>
									<ul>
										<li><a href="pushform-denormalize.html">Pushform Denormalized</a></li>
									</ul>
								</li>
								<li>
									<span class="opener">PL/SQL</span>
									<ul>
										<li><a href="plsql-dyn-qry-objs.html">Dynamic Query</a></li>
									</ul>
								</li>
							</ul>
						</nav>

						<!-- Section -->
						<section>
							<header class="major">
								<h2>Get in touch</h2>
							</header>
							<p>You need more details on the report or want more functionality, don't hesitate to reach out to us.</p>
							<ul class="contact">
								<li class="fa-envelope-o"><a href="mailto:apps-rnd-arch-team@metricstream.com?Subject=Reg - Code Analysis Tool" target="_top">apps-rnd-arch-team@metricstream.com</a></li>
							</ul>
						</section>

						<!-- Footer -->
						<footer id="footer">
							<p class="copyright">&copy; <a href="http://www.metricstream.com" target="_blank">MetricStream</a>. All rights reserved. </p>
						</footer>
					</div>
				</div>
			</div>

		<!-- Scripts -->
			<script src="../../lib/assets/js/jquery.min.js"></script>
			<script src="../../lib/assets/js/skel.min.js"></script>
			<script src="../../lib/assets/js/util.js"></script>
			<!--[if lte IE 8]><script src="../../lib/assets/js/ie/respond.min.js"></script><![endif]-->
			<script src="../../lib/assets/js/main.js"></script>
	</body>
</html>