<!DOCTYPE HTML>
<html>
	<head>
		<title>Code Analysis - MetricStream</title>
		<meta charset="utf-8" />
		<meta name="viewport" content="width=device-width, initial-scale=1, user-scalable=no" />
		<!--[if lte IE 8]><script src="../../lib/assets/js/ie/html5shiv.js"></script><![endif]-->
		<link rel="stylesheet" href="../../lib/assets/css/main.css" />
		<!--[if lte IE 9]><link rel="stylesheet" href="../../lib/assets/css/ie9.css" /><![endif]-->
		<!--[if lte IE 8]><link rel="stylesheet" href="../../lib/assets/css/ie8.css" /><![endif]-->
	</head>
	<body>

		<!-- Wrapper -->
			<div id="wrapper">

				<!-- Main -->
					<div id="main">
						<div class="inner">
							<!-- Header -->
								<header id="header">
									<a href="index.html" class="logo"><strong>Static Code Analysis Report</strong> by Code Analyzer Tool</a>
								</header>

							<!-- Content -->
								<section>
									<!-- Content -->
										<header class="major"><h2>Infolet Details</h2></header>
										<div class="table-wrapper">
											<table>
												<tbody>
													<tr>
														<th>Name</th>
														<td>MS_GRC_61_SP2_OBJ_REP_INF (100715)</td>
													</tr>
													<tr>
														<th>SQL</th>
														<td><pre><code>select OBJSUMM.OBJECT_ID  as OBJECTIVE_ID,
OBJSUMM.OBJECT_NAME     as OBJECTIVE_NAME,
OBJSUMM.OBJECT_NAME AS Objective_name_Url,
mlsSumm.KEY_OBJECTIVE as KEY_OBJECTIVE,
to_char(mlsSumm.OBJECTIVE_TYPE) AS OBJECTIVE_TYPE,
mlsSumm.COSO_TYPE as COSO_TYPE,
mlsSumm.object_level as OBJECT_LEVEL,
(SELECT object_name
FROM MS_GRC_OBJECTIVES objc
WHERE objc.object_id = objSumm.parent
) AS OBJECT_PARENT,
MLSSUMM.OBJECT_STATUS as OBJECT_STATUS,
objsumm.created_date as created_date,
(SELECT USER_FULL_NAME FROM MS_GRC_USER_FULL_NAME_V where user_name = objSumm.CREATED_BY) AS CREATED_BY,
objsumm.updated_date as updated_date,
(SELECT USER_FULL_NAME FROM MS_GRC_USER_FULL_NAME_V where user_name = objSumm.Updated_By) AS Updated_By,
OBJSUMM.VALID_FROM as VALID_FROM,
OBJSUMM.VALID_UNTIL as VALID_UNTIL,
OBJSUMM.DESCRIPTION as DESCRIPTION,
OBJSUMM.OWNER_ORG_NAMES as OWNER_ORG_NAMES,
objsumm.owner_name as owner_name,
(SELECT USER_FULL_NAME FROM MS_GRC_USER_FULL_NAME_V where user_name = objSumm.LEVEL_1_APPROVER) AS LEVEL_1_APPROVER,
(SELECT USER_FULL_NAME FROM MS_GRC_USER_FULL_NAME_V where user_name = objSumm.LEVEL_2_APPROVER) AS LEVEL_2_APPROVER,
REL_ORGANIZATION_NAMES ,
REL_AOC_OBJ_NAME_AGG ,
REL_ASSET_OBJ_NAME_AGG,
REL_ASSET_CLASS_OBJ_NAME_AGG,
REL_CTRL_OBJ_NAME_AGG,
REL_FIN_ACT_OBJ_NAME_AGG,
REL_FUNCTION_OBJ_NAME_AGG,
REL_OBJECTIVE_OBJ_NAME_AGG,
REL_PROCESS_OBJ_NAME_AGG,
REL_PRODUCT_NAME_AGG,
REL_REFRENCES_OBJ_NAME_AGG,
REL_REQUIREMENT_OBJ_NAME_AGG,
REL_RISK_OBJ_NAME_AGG,
objsumm.REPORT_JSON as REPORT_JSON
,OBJSUMM.parent AS OBJECT_PARENT_ID,
OBJSUMM.LEVEL_1_APPROVER as LEVEL_1_APPR,
OBJSUMM.LEVEL_2_APPROVER as LEVEL_2_APPR,
OBJSUMM.UPPER_OBJECT_NAME as upper_object_name
from MS_GRC_OBJECTIVE_SUMMARY OBJSUMM,
ms_grc_objective_mls_summary mlssumm
where mlsSumm.OBJECT_ID = OBJSUMM.OBJECT_ID
and mlsSumm.OBJECT_ID in (select column_value
from table(cast(MS_GRC_REP_BROWSER_FIL_DENORM.FN_OBJ_REPORT_FILTER(ms_grc_array_type(:1,:2,:3,:4,:5, :7,:8,to_char(:9,'YYYY-MM-DD'),TO_CHAR(:10,'YYYY-MM-DD'),:11,:12,:13,:14,TO_CHAR(:15,'YYYY-MM-DD'),TO_CHAR(:16,'YYYY-MM-DD'), TO_CHAR(:17,'YYYY-MM-DD'),TO_CHAR(:18,'YYYY-MM-DD'),:19,:20,:21,:22, :23,:24,:25,:26,null,:27,:28,null,:29,null,:30,null,:31,:32,null,:33,:34, :35,null,'MS_GRC_OBJECTIVES',:36)) as MS_VARCHAR2_ARRAY)))
and mlssumm.locale_id = (select LOCALE_ID from SI_USERS_T T1 ,SI_LOCALES T2 where USER_NAME = :36 and T1.LOCALE = T2.LOCALE_STRING)
AND NVL(is_orphan, 1)=NVL(:6,NVL(is_orphan,1)) ORDER BY UPPER_OBJECT_NAME</code></pre></td>
													</tr>
													<tr>
														<th>Description</th>
														<td>This infolet is used for fetching the Library data for Objective list report. It consists of the parameters specific to Objective object and also the related library object parmaters. It does not contain any mandatory parameter.</td>
													</tr>
												</tbody>
											</table>
										</div>

										<h2 align="center" id="content">Analysis Report</h2>
										<hr>

<header class="major"><h2>Plan hash value: 880177748</h2></header><pre><code>
 
----------------------------------------------------------------------------------------------------------------------
| Id  | Operation                             | Name                         | Rows  | Bytes | Cost (%CPU)| Time     |
----------------------------------------------------------------------------------------------------------------------
|   0 | SELECT STATEMENT                      |                              |     1 | 50025 |    37   (6)| 00:00:01 |
|   1 |  TABLE ACCESS BY INDEX ROWID          | MS_GRC_OBJECTIVES            |     1 |    84 |     1   (0)| 00:00:01 |
|*  2 |   INDEX UNIQUE SCAN                   | MS_GRC_OBJECTIVES_PK         |     1 |       |     1   (0)| 00:00:01 |
|   3 |  NESTED LOOPS                         |                              |     1 |    83 |     3   (0)| 00:00:01 |
|   4 |   NESTED LOOPS                        |                              |     1 |    83 |     3   (0)| 00:00:01 |
|   5 |    NESTED LOOPS                       |                              |     1 |    66 |     2   (0)| 00:00:01 |
|   6 |     TABLE ACCESS BY INDEX ROWID       | MS_QS_PARAMETER_NAMES        |     1 |    34 |     1   (0)| 00:00:01 |
|*  7 |      INDEX RANGE SCAN                 | MS_QS_PARAMETER_NAMES_N1     |     1 |       |     1   (0)| 00:00:01 |
|*  8 |     TABLE ACCESS BY INDEX ROWID       | MS_QS_PARAMETER_TYPES        |     1 |    32 |     1   (0)| 00:00:01 |
|*  9 |      INDEX RANGE SCAN                 | MS_QS_PARAMETER_TYPES_N1     |     1 |       |     1   (0)| 00:00:01 |
|* 10 |    INDEX RANGE SCAN                   | MS_QS_PARAMETER_VALUES_IDX   |     1 |       |     1   (0)| 00:00:01 |
|  11 |   TABLE ACCESS BY INDEX ROWID         | MS_QS_PARAMETER_VALUES       |     1 |    17 |     1   (0)| 00:00:01 |
|  12 |  TABLE ACCESS BY INDEX ROWID          | SI_USERS_T                   |     1 |    28 |     1   (0)| 00:00:01 |
|* 13 |   INDEX UNIQUE SCAN                   | USER_NAME_UK                 |     1 |       |     1   (0)| 00:00:01 |
|  14 |  NESTED LOOPS                         |                              |     1 |    83 |     3   (0)| 00:00:01 |
|  15 |   NESTED LOOPS                        |                              |     1 |    83 |     3   (0)| 00:00:01 |
|  16 |    NESTED LOOPS                       |                              |     1 |    66 |     2   (0)| 00:00:01 |
|  17 |     TABLE ACCESS BY INDEX ROWID       | MS_QS_PARAMETER_NAMES        |     1 |    34 |     1   (0)| 00:00:01 |
|* 18 |      INDEX RANGE SCAN                 | MS_QS_PARAMETER_NAMES_N1     |     1 |       |     1   (0)| 00:00:01 |
|* 19 |     TABLE ACCESS BY INDEX ROWID       | MS_QS_PARAMETER_TYPES        |     1 |    32 |     1   (0)| 00:00:01 |
|* 20 |      INDEX RANGE SCAN                 | MS_QS_PARAMETER_TYPES_N1     |     1 |       |     1   (0)| 00:00:01 |
|* 21 |    INDEX RANGE SCAN                   | MS_QS_PARAMETER_VALUES_IDX   |     1 |       |     1   (0)| 00:00:01 |
|  22 |   TABLE ACCESS BY INDEX ROWID         | MS_QS_PARAMETER_VALUES       |     1 |    17 |     1   (0)| 00:00:01 |
|  23 |  TABLE ACCESS BY INDEX ROWID          | SI_USERS_T                   |     1 |    28 |     1   (0)| 00:00:01 |
|* 24 |   INDEX UNIQUE SCAN                   | USER_NAME_UK                 |     1 |       |     1   (0)| 00:00:01 |
|  25 |  NESTED LOOPS                         |                              |     1 |    83 |     3   (0)| 00:00:01 |
|  26 |   NESTED LOOPS                        |                              |     1 |    83 |     3   (0)| 00:00:01 |
|  27 |    NESTED LOOPS                       |                              |     1 |    66 |     2   (0)| 00:00:01 |
|  28 |     TABLE ACCESS BY INDEX ROWID       | MS_QS_PARAMETER_NAMES        |     1 |    34 |     1   (0)| 00:00:01 |
|* 29 |      INDEX RANGE SCAN                 | MS_QS_PARAMETER_NAMES_N1     |     1 |       |     1   (0)| 00:00:01 |
|* 30 |     TABLE ACCESS BY INDEX ROWID       | MS_QS_PARAMETER_TYPES        |     1 |    32 |     1   (0)| 00:00:01 |
|* 31 |      INDEX RANGE SCAN                 | MS_QS_PARAMETER_TYPES_N1     |     1 |       |     1   (0)| 00:00:01 |
|* 32 |    INDEX RANGE SCAN                   | MS_QS_PARAMETER_VALUES_IDX   |     1 |       |     1   (0)| 00:00:01 |
|  33 |   TABLE ACCESS BY INDEX ROWID         | MS_QS_PARAMETER_VALUES       |     1 |    17 |     1   (0)| 00:00:01 |
|  34 |  TABLE ACCESS BY INDEX ROWID          | SI_USERS_T                   |     1 |    28 |     1   (0)| 00:00:01 |
|* 35 |   INDEX UNIQUE SCAN                   | USER_NAME_UK                 |     1 |       |     1   (0)| 00:00:01 |
|  36 |  NESTED LOOPS                         |                              |     1 |    83 |     3   (0)| 00:00:01 |
|  37 |   NESTED LOOPS                        |                              |     1 |    83 |     3   (0)| 00:00:01 |
|  38 |    NESTED LOOPS                       |                              |     1 |    66 |     2   (0)| 00:00:01 |
|  39 |     TABLE ACCESS BY INDEX ROWID       | MS_QS_PARAMETER_NAMES        |     1 |    34 |     1   (0)| 00:00:01 |
|* 40 |      INDEX RANGE SCAN                 | MS_QS_PARAMETER_NAMES_N1     |     1 |       |     1   (0)| 00:00:01 |
|* 41 |     TABLE ACCESS BY INDEX ROWID       | MS_QS_PARAMETER_TYPES        |     1 |    32 |     1   (0)| 00:00:01 |
|* 42 |      INDEX RANGE SCAN                 | MS_QS_PARAMETER_TYPES_N1     |     1 |       |     1   (0)| 00:00:01 |
|* 43 |    INDEX RANGE SCAN                   | MS_QS_PARAMETER_VALUES_IDX   |     1 |       |     1   (0)| 00:00:01 |
|  44 |   TABLE ACCESS BY INDEX ROWID         | MS_QS_PARAMETER_VALUES       |     1 |    17 |     1   (0)| 00:00:01 |
|  45 |  TABLE ACCESS BY INDEX ROWID          | SI_USERS_T                   |     1 |    28 |     1   (0)| 00:00:01 |
|* 46 |   INDEX UNIQUE SCAN                   | USER_NAME_UK                 |     1 |       |     1   (0)| 00:00:01 |
|  47 |  SORT ORDER BY                        |                              |     1 | 50025 |    37   (6)| 00:00:01 |
|  48 |   NESTED LOOPS                        |                              |     1 | 50025 |    32   (4)| 00:00:01 |
|  49 |    NESTED LOOPS                       |                              |     1 |  9526 |    31   (4)| 00:00:01 |
|  50 |     SORT UNIQUE                       |                              |  8168 | 16336 |    29   (0)| 00:00:01 |
<font style="background-color: lightblue; color: red">|  51 |      COLLECTION ITERATOR PICKLER FETCH| FN_OBJ_REPORT_FILTER         |  8168 | 16336 |    29   (0)| 00:00:01 |</font>
|  52 |     TABLE ACCESS BY INDEX ROWID       | MS_GRC_OBJECTIVE_MLS_SUMMARY |     1 |  9524 |     1   (0)| 00:00:01 |
|* 53 |      INDEX RANGE SCAN                 | MS_GRC_OBJC_MLS_SUMM_IDX2    |     1 |       |     1   (0)| 00:00:01 |
|  54 |       NESTED LOOPS                    |                              |     1 |    30 |     4   (0)| 00:00:01 |
|  55 |        TABLE ACCESS BY INDEX ROWID    | SI_USERS_T                   |     1 |    19 |     1   (0)| 00:00:01 |
|* 56 |         INDEX UNIQUE SCAN             | USER_NAME_UK                 |     1 |       |     1   (0)| 00:00:01 |
<font style="background-color: lightblue; color: red">|* 57 |        TABLE ACCESS FULL              | SI_LOCALES                   |     1 |    11 |     3   (0)| 00:00:01 |</font>
|* 58 |    TABLE ACCESS BY INDEX ROWID        | MS_GRC_OBJECTIVE_SUMMARY     |     1 | 40499 |     1   (0)| 00:00:01 |
|* 59 |     INDEX UNIQUE SCAN                 | MS_GRC_OBJEC_SUMM_IDX1       |     1 |       |     1   (0)| 00:00:01 |
----------------------------------------------------------------------------------------------------------------------
 
</code></pre><header class="major"><h2>Query Block Name / Object Alias (identified by operation id):</h2></header><pre><code>
 
   1 - SEL$2        / OBJC@SEL$2
   2 - SEL$2        / OBJC@SEL$2
   3 - SEL$9FBDA764
   6 - SEL$9FBDA764 / PNAME@SEL$4
   7 - SEL$9FBDA764 / PNAME@SEL$4
   8 - SEL$9FBDA764 / PTYPE@SEL$4
   9 - SEL$9FBDA764 / PTYPE@SEL$4
  10 - SEL$9FBDA764 / PVALUE@SEL$4
  11 - SEL$9FBDA764 / PVALUE@SEL$4
  12 - SEL$24D5D062 / USERS@SEL$5
  13 - SEL$24D5D062 / USERS@SEL$5
  14 - SEL$67A6E4F6
  17 - SEL$67A6E4F6 / PNAME@SEL$8
  18 - SEL$67A6E4F6 / PNAME@SEL$8
  19 - SEL$67A6E4F6 / PTYPE@SEL$8
  20 - SEL$67A6E4F6 / PTYPE@SEL$8
  21 - SEL$67A6E4F6 / PVALUE@SEL$8
  22 - SEL$67A6E4F6 / PVALUE@SEL$8
  23 - SEL$DA86A24D / USERS@SEL$9
  24 - SEL$DA86A24D / USERS@SEL$9
  25 - SEL$997D63A8
  28 - SEL$997D63A8 / PNAME@SEL$12
  29 - SEL$997D63A8 / PNAME@SEL$12
  30 - SEL$997D63A8 / PTYPE@SEL$12
  31 - SEL$997D63A8 / PTYPE@SEL$12
  32 - SEL$997D63A8 / PVALUE@SEL$12
  33 - SEL$997D63A8 / PVALUE@SEL$12
  34 - SEL$F1555001 / USERS@SEL$13
  35 - SEL$F1555001 / USERS@SEL$13
  36 - SEL$B7A2C06E
  39 - SEL$B7A2C06E / PNAME@SEL$16
  40 - SEL$B7A2C06E / PNAME@SEL$16
  41 - SEL$B7A2C06E / PTYPE@SEL$16
  42 - SEL$B7A2C06E / PTYPE@SEL$16
  43 - SEL$B7A2C06E / PVALUE@SEL$16
  44 - SEL$B7A2C06E / PVALUE@SEL$16
  45 - SEL$07096EF6 / USERS@SEL$17
  46 - SEL$07096EF6 / USERS@SEL$17
  47 - SEL$74EB6AFA
  51 - SEL$74EB6AFA / KOKBF$0@SEL$20
  52 - SEL$74EB6AFA / MLSSUMM@SEL$1
  53 - SEL$74EB6AFA / MLSSUMM@SEL$1
  54 - SEL$21      
  55 - SEL$21       / T1@SEL$21
  56 - SEL$21       / T1@SEL$21
  57 - SEL$21       / T2@SEL$21
  58 - SEL$74EB6AFA / OBJSUMM@SEL$1
  59 - SEL$74EB6AFA / OBJSUMM@SEL$1
 
</code></pre><header class="major"><h2>Predicate Information (identified by operation id):</h2></header><pre><code>
 
   2 - access("OBJC"."OBJECT_ID"=:B1)
   7 - access("PNAME"."PARAMETER_NAME"='DISPLAY_FORMAT')
   8 - filter("PTYPE"."PARAMETER_TYPE_ID"="PNAME"."PARAMETER_TYPE_ID")
   9 - access("PTYPE"."PARAMETER_TYPE"='MS Apps User Name Display Format')
  10 - access("PTYPE"."PARAMETER_TYPE_ID"="PVALUE"."PARAMETER_TYPE_ID" AND 
              "PNAME"."PARAMETER_ID"="PVALUE"."PARAMETER_ID" AND "PVALUE"."ORG_ENTITY_ID"=1)
  13 - access("USERS"."USER_NAME"=:B1)
  18 - access("PNAME"."PARAMETER_NAME"='DISPLAY_FORMAT')
  19 - filter("PTYPE"."PARAMETER_TYPE_ID"="PNAME"."PARAMETER_TYPE_ID")
  20 - access("PTYPE"."PARAMETER_TYPE"='MS Apps User Name Display Format')
  21 - access("PTYPE"."PARAMETER_TYPE_ID"="PVALUE"."PARAMETER_TYPE_ID" AND 
              "PNAME"."PARAMETER_ID"="PVALUE"."PARAMETER_ID" AND "PVALUE"."ORG_ENTITY_ID"=1)
  24 - access("USERS"."USER_NAME"=:B1)
  29 - access("PNAME"."PARAMETER_NAME"='DISPLAY_FORMAT')
  30 - filter("PTYPE"."PARAMETER_TYPE_ID"="PNAME"."PARAMETER_TYPE_ID")
  31 - access("PTYPE"."PARAMETER_TYPE"='MS Apps User Name Display Format')
  32 - access("PTYPE"."PARAMETER_TYPE_ID"="PVALUE"."PARAMETER_TYPE_ID" AND 
              "PNAME"."PARAMETER_ID"="PVALUE"."PARAMETER_ID" AND "PVALUE"."ORG_ENTITY_ID"=1)
  35 - access("USERS"."USER_NAME"=:B1)
  40 - access("PNAME"."PARAMETER_NAME"='DISPLAY_FORMAT')
  41 - filter("PTYPE"."PARAMETER_TYPE_ID"="PNAME"."PARAMETER_TYPE_ID")
  42 - access("PTYPE"."PARAMETER_TYPE"='MS Apps User Name Display Format')
  43 - access("PTYPE"."PARAMETER_TYPE_ID"="PVALUE"."PARAMETER_TYPE_ID" AND 
              "PNAME"."PARAMETER_ID"="PVALUE"."PARAMETER_ID" AND "PVALUE"."ORG_ENTITY_ID"=1)
  46 - access("USERS"."USER_NAME"=:B1)
  53 - access("MLSSUMM"."OBJECT_ID"=VALUE(KOKBF$))
       filter(TO_NUMBER("MLSSUMM"."LOCALE_ID")= (SELECT "LOCALE_ID" FROM "SI_LOCALES" "T2","SI_USERS_T" "T1" 
              WHERE "USER_NAME"=:36 AND "T1"."LOCALE"="T2"."LOCALE_STRING"))
  56 - access("USER_NAME"=:36)
  57 - filter("T1"."LOCALE"="T2"."LOCALE_STRING")
  58 - filter(NVL("IS_ORPHAN",1)=NVL(:6,NVL("IS_ORPHAN",1)))
  59 - access("MLSSUMM"."OBJECT_ID"="OBJSUMM"."OBJECT_ID")
 
</code></pre><header class="major"><h2>Column Projection Information (identified by operation id):</h2></header><pre><code>
 
   1 - "OBJC".ROWID[ROWID,10], "OBJECT_NAME"[VARCHAR2,4000]
   2 - "OBJC".ROWID[ROWID,10]
   3 - (#keys=0) "PVALUE"."PARAMETER_VALUE"[VARCHAR2,400]
   4 - (#keys=0) "PVALUE".ROWID[ROWID,10]
   5 - (#keys=0) "PNAME"."PARAMETER_ID"[NUMBER,22], "PTYPE"."PARAMETER_TYPE_ID"[NUMBER,22]
   6 - "PNAME"."PARAMETER_ID"[NUMBER,22], "PNAME"."PARAMETER_TYPE_ID"[NUMBER,22]
   7 - "PNAME".ROWID[ROWID,10]
   8 - "PTYPE"."PARAMETER_TYPE_ID"[NUMBER,22]
   9 - "PTYPE".ROWID[ROWID,10]
  10 - "PVALUE".ROWID[ROWID,10]
  11 - "PVALUE"."PARAMETER_VALUE"[VARCHAR2,400]
  12 - "USERS".ROWID[ROWID,10], "USERS"."LAST_NAME"[VARCHAR2,400], "USERS"."FIRST_NAME"[VARCHAR2,400], 
       "USERS"."USER_NAME"[VARCHAR2,320]
  13 - "USERS".ROWID[ROWID,10], "USERS"."USER_NAME"[VARCHAR2,320]
  14 - (#keys=0) "PVALUE"."PARAMETER_VALUE"[VARCHAR2,400]
  15 - (#keys=0) "PVALUE".ROWID[ROWID,10]
  16 - (#keys=0) "PNAME"."PARAMETER_ID"[NUMBER,22], "PTYPE"."PARAMETER_TYPE_ID"[NUMBER,22]
  17 - "PNAME"."PARAMETER_ID"[NUMBER,22], "PNAME"."PARAMETER_TYPE_ID"[NUMBER,22]
  18 - "PNAME".ROWID[ROWID,10]
  19 - "PTYPE"."PARAMETER_TYPE_ID"[NUMBER,22]
  20 - "PTYPE".ROWID[ROWID,10]
  21 - "PVALUE".ROWID[ROWID,10]
  22 - "PVALUE"."PARAMETER_VALUE"[VARCHAR2,400]
  23 - "USERS".ROWID[ROWID,10], "USERS"."LAST_NAME"[VARCHAR2,400], "USERS"."FIRST_NAME"[VARCHAR2,400], 
       "USERS"."USER_NAME"[VARCHAR2,320]
  24 - "USERS".ROWID[ROWID,10], "USERS"."USER_NAME"[VARCHAR2,320]
  25 - (#keys=0) "PVALUE"."PARAMETER_VALUE"[VARCHAR2,400]
  26 - (#keys=0) "PVALUE".ROWID[ROWID,10]
  27 - (#keys=0) "PNAME"."PARAMETER_ID"[NUMBER,22], "PTYPE"."PARAMETER_TYPE_ID"[NUMBER,22]
  28 - "PNAME"."PARAMETER_ID"[NUMBER,22], "PNAME"."PARAMETER_TYPE_ID"[NUMBER,22]
  29 - "PNAME".ROWID[ROWID,10]
  30 - "PTYPE"."PARAMETER_TYPE_ID"[NUMBER,22]
  31 - "PTYPE".ROWID[ROWID,10]
  32 - "PVALUE".ROWID[ROWID,10]
  33 - "PVALUE"."PARAMETER_VALUE"[VARCHAR2,400]
  34 - "USERS".ROWID[ROWID,10], "USERS"."LAST_NAME"[VARCHAR2,400], "USERS"."FIRST_NAME"[VARCHAR2,400], 
       "USERS"."USER_NAME"[VARCHAR2,320]
  35 - "USERS".ROWID[ROWID,10], "USERS"."USER_NAME"[VARCHAR2,320]
  36 - (#keys=0) "PVALUE"."PARAMETER_VALUE"[VARCHAR2,400]
  37 - (#keys=0) "PVALUE".ROWID[ROWID,10]
  38 - (#keys=0) "PNAME"."PARAMETER_ID"[NUMBER,22], "PTYPE"."PARAMETER_TYPE_ID"[NUMBER,22]
  39 - "PNAME"."PARAMETER_ID"[NUMBER,22], "PNAME"."PARAMETER_TYPE_ID"[NUMBER,22]
  40 - "PNAME".ROWID[ROWID,10]
  41 - "PTYPE"."PARAMETER_TYPE_ID"[NUMBER,22]
  42 - "PTYPE".ROWID[ROWID,10]
  43 - "PVALUE".ROWID[ROWID,10]
  44 - "PVALUE"."PARAMETER_VALUE"[VARCHAR2,400]
  45 - "USERS".ROWID[ROWID,10], "USERS"."LAST_NAME"[VARCHAR2,400], "USERS"."FIRST_NAME"[VARCHAR2,400], 
       "USERS"."USER_NAME"[VARCHAR2,320]
  46 - "USERS".ROWID[ROWID,10], "USERS"."USER_NAME"[VARCHAR2,320]
  47 - (#keys=1) "OBJSUMM"."UPPER_OBJECT_NAME"[VARCHAR2,4000], "OBJSUMM"."OBJECT_ID"[VARCHAR2,1600], 
       "OBJSUMM"."OBJECT_NAME"[VARCHAR2,4000], "OBJSUMM"."OBJECT_NAME"[VARCHAR2,4000], 
       "MLSSUMM"."KEY_OBJECTIVE"[VARCHAR2,1020], TO_CHAR("MLSSUMM"."OBJECTIVE_TYPE")[4000], 
       "MLSSUMM"."COSO_TYPE"[LOB,4000], "MLSSUMM"."OBJECT_LEVEL"[VARCHAR2,4000],  (SELECT "OBJECT_NAME" FROM 
       "MS_GRC_OBJECTIVES" "OBJC" WHERE "OBJC"."OBJECT_ID"=:B1)[4000], "MLSSUMM"."OBJECT_STATUS"[VARCHAR2,4000], 
       "OBJSUMM"."CREATED_DATE"[DATE,7],  (SELECT CASE  WHEN  (SELECT "PVALUE"."PARAMETER_VALUE" FROM 
       METRICSTREAM."MS_QS_PARAMETER_NAMES" "PNAME",METRICSTREAM."MS_QS_PARAMETER_TYPES" 
       "PTYPE",METRICSTREAM."MS_QS_PARAMETER_VALUES" "PVALUE" WHERE "PVALUE"."ORG_ENTITY_ID"=1 AND 
       "PNAME"."PARAMETER_ID"="PVALUE"."PARAMETER_ID" AND "PTYPE"."PARAMETER_TYPE_ID"="PVALUE"."PARAMETER_TYPE_ID" 
       AND "PTYPE"."PARAMETER_TYPE"='MS Apps User Name Display Format' AND 
       "PTYPE"."PARAMETER_TYPE_ID"="PNAME"."PARAMETER_TYPE_ID" AND "PNAME"."PARAMETER_NAME"='DISPLAY_FORMAT')='2' 
       THEN "USERS"."LAST_NAME"||' '||"USERS"."FIRST_NAME" WHEN  (SELECT "PVALUE"."PARAMETER_VALUE" FROM 
       METRICSTREAM."MS_QS_PARAMETER_NAMES" "PNAME",METRICSTREAM."MS_QS_PARAMETER_TYPES" 
       "PTYPE",METRICSTREAM."MS_QS_PARAMETER_VALUES" "PVALUE" WHERE "PVALUE"."ORG_ENTITY_ID"=1 AND 
       "PNAME"."PARAMETER_ID"="PVALUE"."PARAMETER_ID" AND "PTYPE"."PARAMETER_TYPE_ID"="PVALUE"."PARAMETER_TYPE_ID" 
       AND "PTYPE"."PARAMETER_TYPE"='MS Apps User Name Display Format' AND 
       "PTYPE"."PARAMETER_TYPE_ID"="PNAME"."PARAMETER_TYPE_ID" AND "PNAME"."PARAMETER_NAME"='DISPLAY_FORMAT')='3' 
       THEN "USERS"."LAST_NAME"||','||' '||"USERS"."FIRST_NAME"||' '||'('||"USERS"."USER_NAME"||')' WHEN  (SELECT 
       "PVALUE"."PARAMETER_VALUE" FROM METRICSTREAM."MS_QS_PARAMETER_NAMES" 
       "PNAME",METRICSTREAM."MS_QS_PARAMETER_TYPES" "PTYPE",METRICSTREAM."MS_QS_PARAMETER_VALUES" "PVALUE" WHERE 
       "PVALUE"."ORG_ENTITY_ID"=1 AND "PNAME"."PARAMETER_ID"="PVALUE"."PARAMETER_ID" AND 
       "PTYPE"."PARAMETER_TYPE_ID"="PVALUE"."PARAMETER_TYPE_ID" AND "PTYPE"."PARAMETER_TYPE"='MS Apps User Name 
       Display Format' AND "PTYPE"."PARAMETER_TYPE_ID"="PNAME"."PARAMETER_TYPE_ID" AND 
       "PNAME"."PARAMETER_NAME"='DISPLAY_FORMAT')='1' THEN "USERS"."FIRST_NAME"||' '||"USERS"."LAST_NAME" WHEN  
       (SELECT "PVALUE"."PARAMETER_VALUE" FROM METRICSTREAM."MS_QS_PARAMETER_NAMES" 
       "PNAME",METRICSTREAM."MS_QS_PARAMETER_TYPES" "PTYPE",METRICSTREAM."MS_QS_PARAMETER_VALUES" "PVALUE" WHERE 
       "PVALUE"."ORG_ENTITY_ID"=1 AND "PNAME"."PARAMETER_ID"="PVALUE"."PARAMETER_ID" AND 
       "PTYPE"."PARAMETER_TYPE_ID"="PVALUE"."PARAMETER_TYPE_ID" AND "PTYPE"."PARAMETER_TYPE"='MS Apps User Name 
       Display Format' AND "PTYPE"."PARAMETER_TYPE_ID"="PNAME"."PARAMETER_TYPE_ID" AND 
       "PNAME"."PARAMETER_NAME"='DISPLAY_FORMAT')='4' THEN "USERS"."FIRST_NAME"||','||' '||"USERS"."LAST_NAME"||' 
       '||'('||"USERS"."USER_NAME"||')' ELSE "USERS"."LAST_NAME"||' '||"USERS"."FIRST_NAME" END  FROM 
       METRICSTREAM."SI_USERS_T" "USERS" WHERE "USERS"."USER_NAME"=:B2)[1125], "OBJSUMM"."UPDATED_DATE"[DATE,7],  
       (SELECT CASE  WHEN  (SELECT "PVALUE"."PARAMETER_VALUE" FROM METRICSTREAM."MS_QS_PARAMETER_NAMES" 
       "PNAME",METRICSTREAM."MS_QS_PARAMETER_TYPES" "PTYPE",METRICSTREAM."MS_QS_PARAMETER_VALUES" "PVALUE" WHERE 
       "PVALUE"."ORG_ENTITY_ID"=1 AND "PNAME"."PARAMETER_ID"="PVALUE"."PARAMETER_ID" AND 
       "PTYPE"."PARAMETER_TYPE_ID"="PVALUE"."PARAMETER_TYPE_ID" AND "PTYPE"."PARAMETER_TYPE"='MS Apps User Name 
       Display Format' AND "PTYPE"."PARAMETER_TYPE_ID"="PNAME"."PARAMETER_TYPE_ID" AND 
       "PNAME"."PARAMETER_NAME"='DISPLAY_FORMAT')='2' THEN "USERS"."LAST_NAME"||' '||"USERS"."FIRST_NAME" WHEN  
       (SELECT "PVALUE"."PARAMETER_VALUE" FROM METRICSTREAM."MS_QS_PARAMETER_NAMES" 
       "PNAME",METRICSTREAM."MS_QS_PARAMETER_TYPES" "PTYPE",METRICSTREAM."MS_QS_PARAMETER_VALUES" "PVALUE" WHERE 
       "PVALUE"."ORG_ENTITY_ID"=1 AND "PNAME"."PARAMETER_ID"="PVALUE"."PARAMETER_ID" AND 
       "PTYPE"."PARAMETER_TYPE_ID"="PVALUE"."PARAMETER_TYPE_ID" AND "PTYPE"."PARAMETER_TYPE"='MS Apps User Name 
       Display Format' AND "PTYPE"."PARAMETER_TYPE_ID"="PNAME"."PARAMETER_
  48 - (#keys=0) "MLSSUMM"."OBJECTIVE_TYPE"[LOB,4000], "MLSSUMM"."COSO_TYPE"[LOB,4000], 
       "MLSSUMM"."KEY_OBJECTIVE"[VARCHAR2,1020], "MLSSUMM"."OBJECT_LEVEL"[VARCHAR2,4000], 
       "MLSSUMM"."OBJECT_STATUS"[VARCHAR2,4000], "REL_AOC_OBJ_NAME_AGG"[LOB,4000], 
       "REL_ASSET_CLASS_OBJ_NAME_AGG"[LOB,4000], "REL_ASSET_OBJ_NAME_AGG"[LOB,4000], 
       "REL_CTRL_OBJ_NAME_AGG"[LOB,4000], "REL_FIN_ACT_OBJ_NAME_AGG"[LOB,4000], 
       "REL_FUNCTION_OBJ_NAME_AGG"[LOB,4000], "REL_OBJECTIVE_OBJ_NAME_AGG"[LOB,4000], 
       "REL_ORGANIZATION_NAMES"[LOB,4000], "REL_PROCESS_OBJ_NAME_AGG"[LOB,4000], "REL_PRODUCT_NAME_AGG"[LOB,4000], 
       "REL_REFRENCES_OBJ_NAME_AGG"[LOB,4000], "REL_REQUIREMENT_OBJ_NAME_AGG"[LOB,4000], 
       "REL_RISK_OBJ_NAME_AGG"[LOB,4000], "OBJSUMM"."UPPER_OBJECT_NAME"[VARCHAR2,4000], 
       "OBJSUMM"."REPORT_JSON"[VARCHAR2,4000], "OBJSUMM"."OBJECT_ID"[VARCHAR2,1600], 
       "OBJSUMM"."OBJECT_NAME"[VARCHAR2,4000], "OBJSUMM"."PARENT"[VARCHAR2,1600], "OBJSUMM"."CREATED_DATE"[DATE,7], 
       "OBJSUMM"."CREATED_BY"[VARCHAR2,400], "OBJSUMM"."UPDATED_DATE"[DATE,7], "OBJSUMM"."UPDATED_BY"[VARCHAR2,400], 
       "OBJSUMM"."VALID_UNTIL"[DATE,7], "OBJSUMM"."VALID_FROM"[DATE,7], "OBJSUMM"."DESCRIPTION"[LOB,4000], 
       "OBJSUMM"."LEVEL_1_APPROVER"[VARCHAR2,400], "OBJSUMM"."LEVEL_2_APPROVER"[VARCHAR2,400], 
       "OBJSUMM"."OWNER_NAME"[LOB,4000], "OBJSUMM"."OWNER_ORG_NAMES"[LOB,4000]
  49 - (#keys=0) "MLSSUMM"."OBJECT_ID"[VARCHAR2,1600], "MLSSUMM"."OBJECTIVE_TYPE"[LOB,4000], 
       "MLSSUMM"."COSO_TYPE"[LOB,4000], "MLSSUMM"."KEY_OBJECTIVE"[VARCHAR2,1020], 
       "MLSSUMM"."OBJECT_LEVEL"[VARCHAR2,4000], "MLSSUMM"."OBJECT_STATUS"[VARCHAR2,4000]
  50 - (#keys=1) VALUE(KOKBF$)[8000]
  51 - VALUE(A0)[8000]
  52 - "MLSSUMM"."OBJECT_ID"[VARCHAR2,1600], "MLSSUMM"."OBJECTIVE_TYPE"[LOB,4000], 
       "MLSSUMM"."COSO_TYPE"[LOB,4000], "MLSSUMM"."KEY_OBJECTIVE"[VARCHAR2,1020], 
       "MLSSUMM"."OBJECT_LEVEL"[VARCHAR2,4000], "MLSSUMM"."OBJECT_STATUS"[VARCHAR2,4000]
  53 - "MLSSUMM".ROWID[ROWID,10], "MLSSUMM"."OBJECT_ID"[VARCHAR2,1600]
  54 - (#keys=0) "LOCALE_ID"[NUMBER,22]
  55 - "T1"."LOCALE"[VARCHAR2,400]
  56 - "T1".ROWID[ROWID,10]
  57 - "LOCALE_ID"[NUMBER,22]
  58 - "REL_AOC_OBJ_NAME_AGG"[LOB,4000], "REL_ASSET_CLASS_OBJ_NAME_AGG"[LOB,4000], 
       "REL_ASSET_OBJ_NAME_AGG"[LOB,4000], "REL_CTRL_OBJ_NAME_AGG"[LOB,4000], "REL_FIN_ACT_OBJ_NAME_AGG"[LOB,4000], 
       "REL_FUNCTION_OBJ_NAME_AGG"[LOB,4000], "REL_OBJECTIVE_OBJ_NAME_AGG"[LOB,4000], 
       "REL_ORGANIZATION_NAMES"[LOB,4000], "REL_PROCESS_OBJ_NAME_AGG"[LOB,4000], "REL_PRODUCT_NAME_AGG"[LOB,4000], 
       "REL_REFRENCES_OBJ_NAME_AGG"[LOB,4000], "REL_REQUIREMENT_OBJ_NAME_AGG"[LOB,4000], 
       "REL_RISK_OBJ_NAME_AGG"[LOB,4000], "OBJSUMM"."UPPER_OBJECT_NAME"[VARCHAR2,4000], 
       "OBJSUMM"."REPORT_JSON"[VARCHAR2,4000], "OBJSUMM"."OBJECT_ID"[VARCHAR2,1600], 
       "OBJSUMM"."OBJECT_NAME"[VARCHAR2,4000], "OBJSUMM"."PARENT"[VARCHAR2,1600], "OBJSUMM"."CREATED_DATE"[DATE,7], 
       "OBJSUMM"."CREATED_BY"[VARCHAR2,400], "OBJSUMM"."UPDATED_DATE"[DATE,7], "OBJSUMM"."UPDATED_BY"[VARCHAR2,400], 
       "OBJSUMM"."VALID_UNTIL"[DATE,7], "OBJSUMM"."VALID_FROM"[DATE,7], "OBJSUMM"."DESCRIPTION"[LOB,4000], 
       "OBJSUMM"."LEVEL_1_APPROVER"[VARCHAR2,400], "OBJSUMM"."LEVEL_2_APPROVER"[VARCHAR2,400], 
       "OBJSUMM"."OWNER_NAME"[LOB,4000], "OBJSUMM"."OWNER_ORG_NAMES"[LOB,4000]
  59 - "OBJSUMM".ROWID[ROWID,10], "OBJSUMM"."OBJECT_ID"[VARCHAR2,1600]
										</code></pre>
								</section>
						</div>
					</div>

				<!-- Sidebar -->
				<div id="sidebar">
					<div class="inner">
						<!-- Menu -->
						<nav id="menu">
							<header class="major">
								<h2>Menu</h2>
							</header>
							<ul>
								<li><a href="../index.html">Module List</a></li>
								<li><a href="index.html">Summary</a></li>
								<li>
									<span class="opener">DB Analysis</span>
									<ul>
										<li><a href="bad-sql.html">Bad SQL</a></li>
										<li><a href="poor-sql.html">Poor SQL Plan</a></li>
										<li><a href="invalid-sql.html">Invalid SQL</a></li>
										<li><a href="full-sql.html">Full SQL Report</a></li>
										<li><a href="table-nil-key.html">Primary/Unique Key Miss</a></li>
										<li><a href="invalid-db-object.html">Invalid DB Objects</a></li>
										<li><a href="sequence-with-less-cache.html">Sequence</a></li>
										<li><a href="table-index-lob-size.html">Table Size</a></li>
										<li><a href="table-row-count.html">Table Row Count</a></li>
									</ul>
								</li>
								<li>
								    <span class="opener">LOB</span>
								    <ul>
								        <li><a href="lob-no-cache.html">LOB - No Cache</a></li>
								        <li><a href="lob-columns.html">LOB - All Columns</a></li>
								    </ul>
								</li>
								<li>
									<span class="opener">Infolets</span>
									<ul>
										<li><a href="keep-history-infolets.html">Keep History Infolets</a></li>
										<li><a href="plsql-context-switch.html">SQL-PL/SQL Context Switch</a></li>
									</ul>
								</li>
								<li>
									<span class="opener">Pushforms</span>
									<ul>
										<li><a href="pushform-denormalize.html">Pushform Denormalized</a></li>
									</ul>
								</li>
								<li>
									<span class="opener">PL/SQL</span>
									<ul>
										<li><a href="plsql-dyn-qry-objs.html">Dynamic Query</a></li>
									</ul>
								</li>
							</ul>
						</nav>

						<!-- Section -->
						<section>
							<header class="major">
								<h2>Get in touch</h2>
							</header>
							<p>You need more details on the report or want more functionality, don't hesitate to reach out to us.</p>
							<ul class="contact">
								<li class="fa-envelope-o"><a href="mailto:apps-rnd-arch-team@metricstream.com?Subject=Reg - Code Analysis Tool" target="_top">apps-rnd-arch-team@metricstream.com</a></li>
							</ul>
						</section>

						<!-- Footer -->
						<footer id="footer">
							<p class="copyright">&copy; <a href="http://www.metricstream.com" target="_blank">MetricStream</a>. All rights reserved. </p>
						</footer>
					</div>
				</div>
			</div>

		<!-- Scripts -->
			<script src="../../lib/assets/js/jquery.min.js"></script>
			<script src="../../lib/assets/js/skel.min.js"></script>
			<script src="../../lib/assets/js/util.js"></script>
			<!--[if lte IE 8]><script src="../../lib/assets/js/ie/respond.min.js"></script><![endif]-->
			<script src="../../lib/assets/js/main.js"></script>
	</body>
</html>