<!DOCTYPE HTML>
<html>
	<head>
		<title>Code Analysis - MetricStream</title>
		<meta charset="utf-8" />
		<meta name="viewport" content="width=device-width, initial-scale=1, user-scalable=no" />
		<!--[if lte IE 8]><script src="../../lib/assets/js/ie/html5shiv.js"></script><![endif]-->
		<link rel="stylesheet" href="../../lib/assets/css/main.css" />
		<!--[if lte IE 9]><link rel="stylesheet" href="../../lib/assets/css/ie9.css" /><![endif]-->
		<!--[if lte IE 8]><link rel="stylesheet" href="../../lib/assets/css/ie8.css" /><![endif]-->
	</head>
	<body>

		<!-- Wrapper -->
			<div id="wrapper">

				<!-- Main -->
					<div id="main">
						<div class="inner">
							<!-- Header -->
								<header id="header">
									<a href="index.html" class="logo"><strong>Static Code Analysis Report</strong> by Code Analyzer Tool</a>
								</header>

							<!-- Content -->
								<section>
									<!-- Content -->
										<header class="major"><h2>Infolet Details</h2></header>
										<div class="table-wrapper">
											<table>
												<tbody>
													<tr>
														<th>Name</th>
														<td>MS_GRC_LIBRARY_RELATIONSHIP_REPORT (100942)</td>
													</tr>
													<tr>
														<th>SQL</th>
														<td><pre><code>SELECT '['
  ||(select FORM_TITLE from MS_GRC_ORB_CONFIG_FORM_TITLE where OBJECT_TYPE= dd_object_Type and LOCALE_ID= (select LOCALE_ID from SI_LOCALES where LOCALE_STRING = (
            select LOCALE from SI_USERS_T where USER_NAME=:3 )))
  ||'] '
  ||SUBSTR(t2.object_name,1,3600) AS NAME,
  t2.object_id   AS ID,
  t1.tgt_obj_name AS mapped_name,
  t1.tgt_obj_id                    AS mapped_id,
  DECODE (NVL (T1.TGT_OBJ_NAME, 'n\a'), 'n\a', NULL, 'X') data,
  REPLACE(REPLACE(TGT_OBJ_TYPE,'(',''),')','') AS TGT_OBJ_TYPE,
  SUBSTR(T1.TGT_OBJ_NAME,1,3600)               AS MAPPED_NAME_ONLY
FROM
  (SELECT C.ADDITIONAL_COLUMN3,
    ms_grc_utilities.get_grc_object_name (b.rel_source_object_id, ms_apps_utilities.get_parameter_value (1, 'MS GRC Mapping Report Parameter', 'Library Object' ) ) object_name,
    b.rel_source_object_id AS object_id,
    c.tgt_obj_name,
    c.tgt_obj_id,
    c.tgt_obj_type
  FROM ms_grc_rel_defn a,
    ms_grc_orb_relations b,
    ms_grc_orb_relations_orb c
  WHERE c.rel_config_id IN
    (SELECT rel_id
    FROM ms_grc_rel_defn d
    WHERE d.src_obj_type = ms_apps_utilities.get_parameter_value (1, 'MS GRC Mapping Report Parameter', 'Library Object' )
    )
  AND c.rel_config_id = a.rel_id
  AND b.rel_source_id = c.rel_source_id
  ) t1,
  (SELECT object_name,
    object_id,
    dd_object_Type
  FROM ms_grc_all_published_objects_v
  WHERE dd_object_type = ms_apps_utilities.get_parameter_value (1, 'MS GRC Mapping Report Parameter', 'Library Object' )
  ) t2
where T2.OBJECT_ID = T1.OBJECT_ID(+)
and  (ADDITIONAL_COLUMN3 = decode (:1, 'All',ADDITIONAL_COLUMN3,:1))
AND (LOWER(T1.TGT_OBJ_NAME) LIKE '%'
  ||LOWER(:2)
  ||'%')
AND :3 IS NOT NULL
ORDER BY UPPER(t2.object_name)</code></pre></td>
													</tr>
													<tr>
														<th>Description</th>
														<td>null</td>
													</tr>
												</tbody>
											</table>
										</div>

										<h2 align="center" id="content">Analysis Report</h2>
										<hr>

<header class="major"><h2>Plan hash value: 1512697206</h2></header><pre><code>
 
----------------------------------------------------------------------------------------------------------------------
| Id  | Operation                           | Name                           | Rows  | Bytes | Cost (%CPU)| Time     |
----------------------------------------------------------------------------------------------------------------------
|   0 | SELECT STATEMENT                    |                                |     1 |   219 |    10  (10)| 00:00:01 |
|   1 |  TABLE ACCESS BY INDEX ROWID        | MS_GRC_ORB_CONFIG_FORM_TITLE   |     1 |    39 |     1   (0)| 00:00:01 |
|*  2 |   INDEX UNIQUE SCAN                 | IDX_FORM_TITLE                 |     1 |       |     1   (0)| 00:00:01 |
|*  3 |    HASH JOIN                        |                                |     1 |   213 |     4   (0)| 00:00:01 |
|   4 |     VIEW                            | VW_SQ_1                        |     1 |   202 |     1   (0)| 00:00:01 |
|   5 |      TABLE ACCESS BY INDEX ROWID    | SI_USERS_T                     |     1 |    19 |     1   (0)| 00:00:01 |
|*  6 |       INDEX UNIQUE SCAN             | USER_NAME_UK                   |     1 |       |     1   (0)| 00:00:01 |
<font style="background-color: lightblue; color: red">|   7 |     TABLE ACCESS FULL               | SI_LOCALES                     |    35 |   385 |     3   (0)| 00:00:01 |</font>
|   8 |  SORT ORDER BY                      |                                |     1 |   219 |    10  (10)| 00:00:01 |
|*  9 |   FILTER                            |                                |       |       |            |          |
|  10 |    NESTED LOOPS                     |                                |     1 |   219 |     9   (0)| 00:00:01 |
|  11 |     NESTED LOOPS                    |                                |     1 |   193 |     8   (0)| 00:00:01 |
|  12 |      NESTED LOOPS                   |                                |     1 |   185 |     7   (0)| 00:00:01 |
|  13 |       NESTED LOOPS                  |                                |     3 |   363 |     6   (0)| 00:00:01 |
<font style="background-color: lightblue; color: red">|* 14 |        TABLE ACCESS FULL            | MS_GRC_ORB_RELATIONS_ORB       |     3 |   270 |     5   (0)| 00:00:01 |</font>
|  15 |        TABLE ACCESS BY INDEX ROWID  | MS_GRC_ORB_RELATIONS           |     1 |    31 |     1   (0)| 00:00:01 |
|* 16 |         INDEX UNIQUE SCAN           | MS_GRC_ORB_RELATIONS_PK        |     1 |       |     1   (0)| 00:00:01 |
|  17 |       VIEW                          | MS_GRC_ALL_PUBLISHED_OBJECTS_V |     1 |    64 |     1   (0)| 00:00:01 |
|  18 |        SORT UNIQUE                  |                                |       |       |            |          |
|  19 |         UNION-ALL PARTITION         |                                |       |       |            |          |
|* 20 |          TABLE ACCESS BY INDEX ROWID| MS_GRC_FINANCIAL_ACCOU         |     1 |    69 |     1   (0)| 00:00:01 |
|* 21 |           INDEX UNIQUE SCAN         | MS_GRC_FINANCIAL_ACCOU_PK      |     1 |       |     1   (0)| 00:00:01 |
|* 22 |          TABLE ACCESS BY INDEX ROWID| MS_GRC_RISK                    |     1 |    49 |     1   (0)| 00:00:01 |
|* 23 |           INDEX UNIQUE SCAN         | MS_GRC_RISK_PK                 |     1 |       |     1   (0)| 00:00:01 |
|* 24 |          TABLE ACCESS BY INDEX ROWID| MS_GRC_AREA_OF_COMPLIA         |     1 |    63 |     1   (0)| 00:00:01 |
|* 25 |           INDEX UNIQUE SCAN         | MS_GRC_AREA_OF_COMPLIA_PK      |     1 |       |     1   (0)| 00:00:01 |
|* 26 |          TABLE ACCESS BY INDEX ROWID| MS_GRC_REFERENCE               |     1 |  2406 |     1   (0)| 00:00:01 |
|* 27 |           INDEX RANGE SCAN          | MS_GRC_IDX_DD_OBJ_TYP_REF      |     1 |       |     1   (0)| 00:00:01 |
|* 28 |          TABLE ACCESS BY INDEX ROWID| MS_GRC_MODEL_REFERENCE         |     1 |  2406 |     1   (0)| 00:00:01 |
|* 29 |           INDEX RANGE SCAN          | MS_GRC_IDX_DD_OBJ_TYP_MREF     |     1 |       |     1   (0)| 00:00:01 |
|* 30 |          TABLE ACCESS BY INDEX ROWID| MS_GRC_OBJECTIVES              |     1 |   102 |     1   (0)| 00:00:01 |
|* 31 |           INDEX UNIQUE SCAN         | MS_GRC_OBJECTIVES_PK           |     1 |       |     1   (0)| 00:00:01 |
|* 32 |          TABLE ACCESS BY INDEX ROWID| MS_GRC_QUESTION_PROC           |     1 |   122 |     1   (0)| 00:00:01 |
|* 33 |           INDEX UNIQUE SCAN         | MS_GRC_QUESTION_PROC_PK        |     1 |       |     1   (0)| 00:00:01 |
|* 34 |          TABLE ACCESS BY INDEX ROWID| MS_GRC_FUNCTION                |     1 |    56 |     1   (0)| 00:00:01 |
|* 35 |           INDEX UNIQUE SCAN         | MS_GRC_FUNCTION_PK             |     1 |       |     1   (0)| 00:00:01 |
|* 36 |          TABLE ACCESS BY INDEX ROWID| MS_GRC_REQUIREMENT             |     1 |    55 |     1   (0)| 00:00:01 |
|* 37 |           INDEX UNIQUE SCAN         | MS_GRC_REQUIREMENT_PK          |     1 |       |     1   (0)| 00:00:01 |
|* 38 |          TABLE ACCESS BY INDEX ROWID| MS_GRC_REGULATORY_BODY         |     1 |    42 |     1   (0)| 00:00:01 |
|* 39 |           INDEX UNIQUE SCAN         | MS_GRC_REGULATORY_BODY_PK      |     1 |       |     1   (0)| 00:00:01 |
|* 40 |          TABLE ACCESS BY INDEX ROWID| MS_GRC_ORG_PROFILE             |     1 |   916 |     1   (0)| 00:00:01 |
|* 41 |           INDEX RANGE SCAN          | MS_GRC_IDX_DD_OBJ_TYP_ORG      |     1 |       |     1   (0)| 00:00:01 |
|* 42 |          TABLE ACCESS BY INDEX ROWID| MS_GRC_COMPLIANCE_OBJE         |     1 |    79 |     1   (0)| 00:00:01 |
|* 43 |           INDEX UNIQUE SCAN         | MS_GRC_COMPLIANCE_OBJE_PK      |     1 |       |     1   (0)| 00:00:01 |
|* 44 |          TABLE ACCESS BY INDEX ROWID| MS_GRC_CORE_OBJECT             |     1 |    58 |     1   (0)| 00:00:01 |
|* 45 |           INDEX UNIQUE SCAN         | MS_GRC_CORE_OBJECT_PK          |     1 |       |     1   (0)| 00:00:01 |
|* 46 |      INDEX UNIQUE SCAN              | MS_GRC_REL_DEFN_PK             |     1 |     8 |     1   (0)| 00:00:01 |
|* 47 |     TABLE ACCESS BY INDEX ROWID     | MS_GRC_REL_DEFN                |     1 |    26 |     1   (0)| 00:00:01 |
|* 48 |      INDEX UNIQUE SCAN              | MS_GRC_REL_DEFN_PK             |     1 |       |     1   (0)| 00:00:01 |
----------------------------------------------------------------------------------------------------------------------
 
</code></pre><header class="major"><h2>Query Block Name / Object Alias (identified by operation id):</h2></header><pre><code>
 
   1 - SEL$2        / MS_GRC_ORB_CONFIG_FORM_TITLE@SEL$2
   2 - SEL$2        / MS_GRC_ORB_CONFIG_FORM_TITLE@SEL$2
   3 - SEL$0CEE953B
   4 - SEL$8F9407EC / VW_SQ_1@SEL$2F12090E
   5 - SEL$8F9407EC / SI_USERS_T@SEL$4
   6 - SEL$8F9407EC / SI_USERS_T@SEL$4
   7 - SEL$0CEE953B / SI_LOCALES@SEL$3
   8 - SEL$06758968
  14 - SEL$06758968 / C@SEL$5
  15 - SEL$06758968 / B@SEL$5
  16 - SEL$06758968 / B@SEL$5
  17 - SET$AD7CC163 / MS_GRC_ALL_PUBLISHED_OBJECTS_V@SEL$7
  18 - SET$AD7CC163
  20 - SEL$81C74289 / MS_GRC_FINANCIAL_ACCOU@SEL$8
  21 - SEL$81C74289 / MS_GRC_FINANCIAL_ACCOU@SEL$8
  22 - SEL$193D1E52 / MS_GRC_RISK@SEL$9
  23 - SEL$193D1E52 / MS_GRC_RISK@SEL$9
  24 - SEL$A66D0F29 / MS_GRC_AREA_OF_COMPLIA@SEL$10
  25 - SEL$A66D0F29 / MS_GRC_AREA_OF_COMPLIA@SEL$10
  26 - SEL$FEC66756 / MS_GRC_REFERENCE@SEL$11
  27 - SEL$FEC66756 / MS_GRC_REFERENCE@SEL$11
  28 - SEL$3461DC8E / MS_GRC_MODEL_REFERENCE@SEL$12
  29 - SEL$3461DC8E / MS_GRC_MODEL_REFERENCE@SEL$12
  30 - SEL$42DA16AB / MS_GRC_OBJECTIVES@SEL$13
  31 - SEL$42DA16AB / MS_GRC_OBJECTIVES@SEL$13
  32 - SEL$354EC8B6 / MS_GRC_QUESTION_PROC@SEL$14
  33 - SEL$354EC8B6 / MS_GRC_QUESTION_PROC@SEL$14
  34 - SEL$620EB3CF / MS_GRC_FUNCTION@SEL$15
  35 - SEL$620EB3CF / MS_GRC_FUNCTION@SEL$15
  36 - SEL$A9CAA6A0 / MS_GRC_REQUIREMENT@SEL$16
  37 - SEL$A9CAA6A0 / MS_GRC_REQUIREMENT@SEL$16
  38 - SEL$FE9B0E79 / MS_GRC_REGULATORY_BODY@SEL$17
  39 - SEL$FE9B0E79 / MS_GRC_REGULATORY_BODY@SEL$17
  40 - SEL$5BC7B592 / MS_GRC_ORG_PROFILE@SEL$18
  41 - SEL$5BC7B592 / MS_GRC_ORG_PROFILE@SEL$18
  42 - SEL$ACB53FAB / MS_GRC_COMPLIANCE_OBJE@SEL$19
  43 - SEL$ACB53FAB / MS_GRC_COMPLIANCE_OBJE@SEL$19
  44 - SEL$5AD72408 / MS_GRC_CORE_OBJECT@SEL$20
  45 - SEL$5AD72408 / MS_GRC_CORE_OBJECT@SEL$20
  46 - SEL$06758968 / A@SEL$5
  47 - SEL$06758968 / D@SEL$6
  48 - SEL$06758968 / D@SEL$6
 
</code></pre><header class="major"><h2>Predicate Information (identified by operation id):</h2></header><pre><code>
 
   2 - access("OBJECT_TYPE"=:B1 AND "LOCALE_ID"= (SELECT "LOCALE_ID" FROM "SI_LOCALES" "SI_LOCALES", (SELECT 
              "LOCALE" "LOCALE" FROM "SI_USERS_T" "SI_USERS_T" WHERE "USER_NAME"=:3) "VW_SQ_1" WHERE 
              "LOCALE_STRING"="LOCALE"))
   3 - access("LOCALE_STRING"="LOCALE")
   6 - access("USER_NAME"=:3)
   9 - filter(:3 IS NOT NULL)
  14 - filter("C"."ADDITIONAL_COLUMN3"=DECODE(:1,'All',"C"."ADDITIONAL_COLUMN3",:1) AND 
              LOWER("C"."TGT_OBJ_NAME") LIKE '%'||LOWER(:2)||'%')
  16 - access("B"."REL_SOURCE_ID"="C"."REL_SOURCE_ID")
  20 - filter("DD_OBJECT_TYPE"="MS_APPS_UTILITIES"."GET_PARAMETER_VALUE"(1,'MS GRC Mapping Report 
              Parameter','Library Object'))
  21 - access("OBJECT_ID"="B"."REL_SOURCE_OBJECT_ID")
  22 - filter("DD_OBJECT_TYPE"="MS_APPS_UTILITIES"."GET_PARAMETER_VALUE"(1,'MS GRC Mapping Report 
              Parameter','Library Object'))
  23 - access("OBJECT_ID"="B"."REL_SOURCE_OBJECT_ID")
  24 - filter("DD_OBJECT_TYPE"="MS_APPS_UTILITIES"."GET_PARAMETER_VALUE"(1,'MS GRC Mapping Report 
              Parameter','Library Object'))
  25 - access("OBJECT_ID"="B"."REL_SOURCE_OBJECT_ID")
  26 - filter("OBJECT_ID"="B"."REL_SOURCE_OBJECT_ID")
  27 - access("DD_OBJECT_TYPE"="MS_APPS_UTILITIES"."GET_PARAMETER_VALUE"(1,'MS GRC Mapping Report 
              Parameter','Library Object'))
  28 - filter("OBJECT_ID"="B"."REL_SOURCE_OBJECT_ID")
  29 - access("DD_OBJECT_TYPE"="MS_APPS_UTILITIES"."GET_PARAMETER_VALUE"(1,'MS GRC Mapping Report 
              Parameter','Library Object'))
  30 - filter("DD_OBJECT_TYPE"="MS_APPS_UTILITIES"."GET_PARAMETER_VALUE"(1,'MS GRC Mapping Report 
              Parameter','Library Object'))
  31 - access("OBJECT_ID"="B"."REL_SOURCE_OBJECT_ID")
  32 - filter("DD_OBJECT_TYPE"="MS_APPS_UTILITIES"."GET_PARAMETER_VALUE"(1,'MS GRC Mapping Report 
              Parameter','Library Object'))
  33 - access("OBJECT_ID"="B"."REL_SOURCE_OBJECT_ID")
  34 - filter("DD_OBJECT_TYPE"="MS_APPS_UTILITIES"."GET_PARAMETER_VALUE"(1,'MS GRC Mapping Report 
              Parameter','Library Object'))
  35 - access("OBJECT_ID"="B"."REL_SOURCE_OBJECT_ID")
  36 - filter("DD_OBJECT_TYPE"="MS_APPS_UTILITIES"."GET_PARAMETER_VALUE"(1,'MS GRC Mapping Report 
              Parameter','Library Object'))
  37 - access("OBJECT_ID"="B"."REL_SOURCE_OBJECT_ID")
  38 - filter("DD_OBJECT_TYPE"="MS_APPS_UTILITIES"."GET_PARAMETER_VALUE"(1,'MS GRC Mapping Report 
              Parameter','Library Object'))
  39 - access("OBJECT_ID"="B"."REL_SOURCE_OBJECT_ID")
  40 - filter("OBJECT_ID"="B"."REL_SOURCE_OBJECT_ID")
  41 - access("DD_OBJECT_TYPE"="MS_APPS_UTILITIES"."GET_PARAMETER_VALUE"(1,'MS GRC Mapping Report 
              Parameter','Library Object'))
  42 - filter("DD_OBJECT_TYPE"="MS_APPS_UTILITIES"."GET_PARAMETER_VALUE"(1,'MS GRC Mapping Report 
              Parameter','Library Object'))
  43 - access("OBJECT_ID"="B"."REL_SOURCE_OBJECT_ID")
  44 - filter("DD_OBJECT_TYPE"="MS_APPS_UTILITIES"."GET_PARAMETER_VALUE"(1,'MS GRC Mapping Report 
              Parameter','Library Object'))
  45 - access("OBJECT_ID"="B"."REL_SOURCE_OBJECT_ID")
  46 - access("C"."REL_CONFIG_ID"="A"."REL_ID")
  47 - filter("D"."SRC_OBJ_TYPE"="MS_APPS_UTILITIES"."GET_PARAMETER_VALUE"(1,'MS GRC Mapping Report 
              Parameter','Library Object'))
  48 - access("C"."REL_CONFIG_ID"="REL_ID")
 
</code></pre><header class="major"><h2>Column Projection Information (identified by operation id):</h2></header><pre><code>
 
   1 - "MS_GRC_ORB_CONFIG_FORM_TITLE".ROWID[ROWID,10], "FORM_TITLE"[VARCHAR2,4000]
   2 - "MS_GRC_ORB_CONFIG_FORM_TITLE".ROWID[ROWID,10]
   3 - (#keys=1) "LOCALE"[VARCHAR2,400], "LOCALE_STRING"[VARCHAR2,400], "LOCALE_ID"[NUMBER,22]
   4 - "LOCALE"[VARCHAR2,400]
   5 - "LOCALE"[VARCHAR2,400]
   6 - "SI_USERS_T".ROWID[ROWID,10]
   7 - "LOCALE_ID"[NUMBER,22], "LOCALE_STRING"[VARCHAR2,400]
   8 - (#keys=1) UPPER("OBJECT_NAME")[4000], '['|| (SELECT "FORM_TITLE" FROM "MS_GRC_ORB_CONFIG_FORM_TITLE" 
       "MS_GRC_ORB_CONFIG_FORM_TITLE" WHERE "LOCALE_ID"= (SELECT "LOCALE_ID" FROM "SI_LOCALES" "SI_LOCALES", (SELECT 
       "LOCALE" "LOCALE" FROM "SI_USERS_T" "SI_USERS_T" WHERE "USER_NAME"=:3) "VW_SQ_1" WHERE 
       "LOCALE_STRING"="LOCALE") AND "OBJECT_TYPE"=:B1)||'] '||SUBSTR("OBJECT_NAME",1,3600)[4000], 
       "OBJECT_ID"[VARCHAR2,400], "C"."TGT_OBJ_NAME"[VARCHAR2,4000], "C"."TGT_OBJ_ID"[VARCHAR2,4000], 
       DECODE(NVL("C"."TGT_OBJ_NAME",'n\a'),'n\a',NULL,'X')[1], 
       REPLACE(REPLACE("C"."TGT_OBJ_TYPE",'(',''),')','')[1020], SUBSTR("C"."TGT_OBJ_NAME",1,3600)[4000]
   9 - "C"."TGT_OBJ_NAME"[VARCHAR2,4000], "C"."TGT_OBJ_TYPE"[VARCHAR2,1020], "C"."TGT_OBJ_ID"[VARCHAR2,4000], 
       "OBJECT_NAME"[VARCHAR2,4000], "OBJECT_ID"[VARCHAR2,400], "DD_OBJECT_TYPE"[VARCHAR2,400]
  10 - (#keys=0) "C"."TGT_OBJ_NAME"[VARCHAR2,4000], "C"."TGT_OBJ_TYPE"[VARCHAR2,1020], 
       "C"."TGT_OBJ_ID"[VARCHAR2,4000], "OBJECT_NAME"[VARCHAR2,4000], "OBJECT_ID"[VARCHAR2,400], 
       "DD_OBJECT_TYPE"[VARCHAR2,400]
  11 - (#keys=0) "C"."TGT_OBJ_NAME"[VARCHAR2,4000], "C"."TGT_OBJ_TYPE"[VARCHAR2,1020], 
       "C"."REL_CONFIG_ID"[VARCHAR2,1020], "C"."TGT_OBJ_ID"[VARCHAR2,4000], "OBJECT_NAME"[VARCHAR2,4000], 
       "OBJECT_ID"[VARCHAR2,400], "DD_OBJECT_TYPE"[VARCHAR2,400]
  12 - (#keys=0) "C"."TGT_OBJ_NAME"[VARCHAR2,4000], "C"."TGT_OBJ_TYPE"[VARCHAR2,1020], 
       "C"."REL_CONFIG_ID"[VARCHAR2,1020], "C"."TGT_OBJ_ID"[VARCHAR2,4000], "OBJECT_NAME"[VARCHAR2,4000], 
       "OBJECT_ID"[VARCHAR2,400], "DD_OBJECT_TYPE"[VARCHAR2,400]
  13 - (#keys=0) "C"."TGT_OBJ_NAME"[VARCHAR2,4000], "C"."TGT_OBJ_TYPE"[VARCHAR2,1020], 
       "C"."REL_CONFIG_ID"[VARCHAR2,1020], "C"."TGT_OBJ_ID"[VARCHAR2,4000], "B"."REL_SOURCE_OBJECT_ID"[VARCHAR2,1016]
  14 - "C"."TGT_OBJ_NAME"[VARCHAR2,4000], "C"."TGT_OBJ_TYPE"[VARCHAR2,1020], 
       "C"."REL_CONFIG_ID"[VARCHAR2,1020], "C"."TGT_OBJ_ID"[VARCHAR2,4000], "C"."REL_SOURCE_ID"[VARCHAR2,1020]
  15 - "B"."REL_SOURCE_OBJECT_ID"[VARCHAR2,1016]
  16 - "B".ROWID[ROWID,10]
  17 - "OBJECT_NAME"[VARCHAR2,4000], "OBJECT_ID"[VARCHAR2,400], "DD_OBJECT_TYPE"[VARCHAR2,400]
  18 - (#keys=3) STRDEF[4000], STRDEF[400], STRDEF[400]
  19 - STRDEF[4000], STRDEF[400], STRDEF[400]
  20 - "OBJECT_ID"[VARCHAR2,400], "OBJECT_NAME"[VARCHAR2,4000], "DD_OBJECT_TYPE"[VARCHAR2,400]
  21 - "MS_GRC_FINANCIAL_ACCOU".ROWID[ROWID,10], "OBJECT_ID"[VARCHAR2,400]
  22 - "OBJECT_NAME"[VARCHAR2,4000], "DD_OBJECT_TYPE"[VARCHAR2,400], "OBJECT_ID"[VARCHAR2,400]
  23 - "MS_GRC_RISK".ROWID[ROWID,10], "OBJECT_ID"[VARCHAR2,400]
  24 - "DD_OBJECT_TYPE"[VARCHAR2,400], "OBJECT_NAME"[VARCHAR2,4000], "OBJECT_ID"[VARCHAR2,400]
  25 - "MS_GRC_AREA_OF_COMPLIA".ROWID[ROWID,10], "OBJECT_ID"[VARCHAR2,400]
  26 - "OBJECT_ID"[VARCHAR2,400], "OBJECT_NAME"[VARCHAR2,4000], "DD_OBJECT_TYPE"[VARCHAR2,400]
  27 - "MS_GRC_REFERENCE".ROWID[ROWID,10], "DD_OBJECT_TYPE"[VARCHAR2,400]
  28 - "OBJECT_NAME"[VARCHAR2,4000], "DD_OBJECT_TYPE"[VARCHAR2,400], "OBJECT_ID"[VARCHAR2,400]
  29 - "MS_GRC_MODEL_REFERENCE".ROWID[ROWID,10], "DD_OBJECT_TYPE"[VARCHAR2,400]
  30 - "OBJECT_ID"[VARCHAR2,400], "OBJECT_NAME"[VARCHAR2,4000], "DD_OBJECT_TYPE"[VARCHAR2,400]
  31 - "MS_GRC_OBJECTIVES".ROWID[ROWID,10], "OBJECT_ID"[VARCHAR2,400]
  32 - "OBJECT_ID"[VARCHAR2,400], "OBJECT_NAME"[VARCHAR2,4000], "DD_OBJECT_TYPE"[VARCHAR2,400]
  33 - "MS_GRC_QUESTION_PROC".ROWID[ROWID,10], "OBJECT_ID"[VARCHAR2,400]
  34 - "OBJECT_ID"[VARCHAR2,400], "OBJECT_NAME"[VARCHAR2,4000], "DD_OBJECT_TYPE"[VARCHAR2,400]
  35 - "MS_GRC_FUNCTION".ROWID[ROWID,10], "OBJECT_ID"[VARCHAR2,400]
  36 - "DD_OBJECT_TYPE"[VARCHAR2,400], "OBJECT_NAME"[VARCHAR2,4000], "OBJECT_ID"[VARCHAR2,400]
  37 - "MS_GRC_REQUIREMENT".ROWID[ROWID,10], "OBJECT_ID"[VARCHAR2,400]
  38 - "OBJECT_ID"[VARCHAR2,400], "OBJECT_NAME"[VARCHAR2,4000], "DD_OBJECT_TYPE"[VARCHAR2,400]
  39 - "MS_GRC_REGULATORY_BODY".ROWID[ROWID,10], "OBJECT_ID"[VARCHAR2,400]
  40 - "OBJECT_ID"[VARCHAR2,400], "OBJECT_NAME"[VARCHAR2,1020], "DD_OBJECT_TYPE"[VARCHAR2,400]
  41 - "MS_GRC_ORG_PROFILE".ROWID[ROWID,10], "DD_OBJECT_TYPE"[VARCHAR2,400]
  42 - "OBJECT_ID"[VARCHAR2,400], "OBJECT_NAME"[VARCHAR2,4000], "DD_OBJECT_TYPE"[VARCHAR2,400]
  43 - "MS_GRC_COMPLIANCE_OBJE".ROWID[ROWID,10], "OBJECT_ID"[VARCHAR2,400]
  44 - "OBJECT_ID"[VARCHAR2,400], "DD_OBJECT_TYPE"[VARCHAR2,400], "OBJECT_NAME"[VARCHAR2,4000]
  45 - "MS_GRC_CORE_OBJECT".ROWID[ROWID,10], "OBJECT_ID"[VARCHAR2,400]
  48 - "D".ROWID[ROWID,10]
										</code></pre>
								</section>
						</div>
					</div>

				<!-- Sidebar -->
				<div id="sidebar">
					<div class="inner">
						<!-- Menu -->
						<nav id="menu">
							<header class="major">
								<h2>Menu</h2>
							</header>
							<ul>
								<li><a href="../index.html">Module List</a></li>
								<li><a href="index.html">Summary</a></li>
								<li>
									<span class="opener">DB Analysis</span>
									<ul>
										<li><a href="bad-sql.html">Bad SQL</a></li>
										<li><a href="poor-sql.html">Poor SQL Plan</a></li>
										<li><a href="invalid-sql.html">Invalid SQL</a></li>
										<li><a href="full-sql.html">Full SQL Report</a></li>
										<li><a href="table-nil-key.html">Primary/Unique Key Miss</a></li>
										<li><a href="invalid-db-object.html">Invalid DB Objects</a></li>
										<li><a href="sequence-with-less-cache.html">Sequence</a></li>
										<li><a href="table-index-lob-size.html">Table Size</a></li>
										<li><a href="table-row-count.html">Table Row Count</a></li>
									</ul>
								</li>
								<li>
								    <span class="opener">LOB</span>
								    <ul>
								        <li><a href="lob-no-cache.html">LOB - No Cache</a></li>
								        <li><a href="lob-columns.html">LOB - All Columns</a></li>
								    </ul>
								</li>
								<li>
									<span class="opener">Infolets</span>
									<ul>
										<li><a href="keep-history-infolets.html">Keep History Infolets</a></li>
										<li><a href="plsql-context-switch.html">SQL-PL/SQL Context Switch</a></li>
									</ul>
								</li>
								<li>
									<span class="opener">Pushforms</span>
									<ul>
										<li><a href="pushform-denormalize.html">Pushform Denormalized</a></li>
									</ul>
								</li>
								<li>
									<span class="opener">PL/SQL</span>
									<ul>
										<li><a href="plsql-dyn-qry-objs.html">Dynamic Query</a></li>
									</ul>
								</li>
							</ul>
						</nav>

						<!-- Section -->
						<section>
							<header class="major">
								<h2>Get in touch</h2>
							</header>
							<p>You need more details on the report or want more functionality, don't hesitate to reach out to us.</p>
							<ul class="contact">
								<li class="fa-envelope-o"><a href="mailto:apps-rnd-arch-team@metricstream.com?Subject=Reg - Code Analysis Tool" target="_top">apps-rnd-arch-team@metricstream.com</a></li>
							</ul>
						</section>

						<!-- Footer -->
						<footer id="footer">
							<p class="copyright">&copy; <a href="http://www.metricstream.com" target="_blank">MetricStream</a>. All rights reserved. </p>
						</footer>
					</div>
				</div>
			</div>

		<!-- Scripts -->
			<script src="../../lib/assets/js/jquery.min.js"></script>
			<script src="../../lib/assets/js/skel.min.js"></script>
			<script src="../../lib/assets/js/util.js"></script>
			<!--[if lte IE 8]><script src="../../lib/assets/js/ie/respond.min.js"></script><![endif]-->
			<script src="../../lib/assets/js/main.js"></script>
	</body>
</html>