<!DOCTYPE HTML>
<html>
	<head>
		<title>Code Analysis - MetricStream</title>
		<meta charset="utf-8" />
		<meta name="viewport" content="width=device-width, initial-scale=1, user-scalable=no" />
		<!--[if lte IE 8]><script src="../../lib/assets/js/ie/html5shiv.js"></script><![endif]-->
		<link rel="stylesheet" href="../../lib/assets/css/main.css" />
		<!--[if lte IE 9]><link rel="stylesheet" href="../../lib/assets/css/ie9.css" /><![endif]-->
		<!--[if lte IE 8]><link rel="stylesheet" href="../../lib/assets/css/ie8.css" /><![endif]-->
	</head>
	<body>

		<!-- Wrapper -->
			<div id="wrapper">

				<!-- Main -->
					<div id="main">
						<div class="inner">
							<!-- Header -->
								<header id="header">
									<a href="index.html" class="logo"><strong>Static Code Analysis Report</strong> by Code Analyzer Tool</a>
								</header>

							<!-- Content -->
								<section>
									<!-- Content -->
										<header class="major"><h2>Infolet Details</h2></header>
										<div class="table-wrapper">
											<table>
												<tbody>
													<tr>
														<td><b>Name</b></td>
														<td>MS_GRC_ASSR_Drilldown_Rpt_Inf (103137)</td>
													</tr>
													<tr>
														<td><b>SQL</b></td>
														<td><pre><code>SELECT Lovvalue.Displayed_Value as ASSERTIONS
FROM
  (SELECT DISTINCT tgt_obj_id,
    Src_Obj_Id ,
    rel_dir_type
  FROM ms_grc_orb_relations_pub_v vw
  WHERE vw.tgt_obj_type ='ASSERTION'
  AND vw.src_obj_type   = :1
  )                                                                                           inn,
 (select Lov_Id, Enterprise_Id, Lov_Name from Ms_Qs_Lov_Names where Lov_Name                 = 'MS_GRC_Assertions_Lov')     Lovname,
 Ms_Qs_List_Of_Values 																		  Lovvalue,
Si_Ent               Ent 
WHERE 
Lovvalue.Lov_Id   = Lovname.Lov_Id
AND Lovvalue.Org_Entity_Id           = 1
AND Lovvalue.Enterprise_Id           = Ent.Enterprise_Id
AND Lovname.Enterprise_Id            = Ent.Enterprise_Id
AND Lovvalue.Locale_Id  =  (SELECT loc.locale_id FROM si_users_t usr, si_locales loc where usr.USER_NAME = :2 and usr.LOCALE = loc.locale_string )
AND inn.tgt_obj_id = Lovvalue.Stored_Value
AND inn.Src_Obj_Id = :3
order by Lovvalue.Displayed_Value</code></pre></td>
													</tr>
													<tr>
														<td><b>Description</b></td>
														<td>This infolet fetched Related assertions</td>
													</tr>
												</tbody>
											</table>
										</div>

										<h2 align="center" id="content">Analysis Report</h2>
										<hr>

<header class="major"><h2>Plan hash value: 1909715063</h2></header><pre><code>
 
------------------------------------------------------------------------------------------------------------------------
| Id  | Operation                              | Name                          | Rows  | Bytes | Cost (%CPU)| Time     |
------------------------------------------------------------------------------------------------------------------------
|   0 | SELECT STATEMENT                       |                               |     1 |  4100 |    37   (6)| 00:00:01 |
|   1 |  SORT ORDER BY                         |                               |     1 |  4100 |    37   (6)| 00:00:01 |
|*  2 |   HASH JOIN OUTER                      |                               |     1 |  4100 |    32   (4)| 00:00:01 |
|*  3 |    HASH JOIN                           |                               |     1 |  2072 |    30   (4)| 00:00:01 |
|   4 |     VIEW                               |                               |     2 |    28 |     8  (13)| 00:00:01 |
|   5 |      SORT UNIQUE                       |                               |     2 |    74 |     8  (13)| 00:00:01 |
|   6 |       VIEW                             | MS_GRC_ORB_RELATIONS_PUB_V    |     2 |    74 |     7   (0)| 00:00:01 |
|   7 |        UNION-ALL                       |                               |       |       |            |          |
|   8 |         NESTED LOOPS                   |                               |     1 |   141 |     3   (0)| 00:00:01 |
|   9 |          NESTED LOOPS                  |                               |     2 |   141 |     3   (0)| 00:00:01 |
<font style="background-color: lightblue; color: red">|  10 |           MERGE JOIN CARTESIAN         |                               |     1 |    73 |     2   (0)| 00:00:01 |</font>
|  11 |            TABLE ACCESS BY INDEX ROWID | MS_GRC_ORB_RELATIONS          |     1 |    29 |     1   (0)| 00:00:01 |
|* 12 |             INDEX RANGE SCAN           | MS_GRC_ORB_RELATIONS_IDX1     |     1 |       |     1   (0)| 00:00:01 |
|  13 |            BUFFER SORT                 |                               |     1 |    44 |     1   (0)| 00:00:01 |
|  14 |             TABLE ACCESS BY INDEX ROWID| MS_GRC_REL_DEFN               |     1 |    44 |     1   (0)| 00:00:01 |
|* 15 |              INDEX RANGE SCAN          | MS_GRC_REL_DEFN_IDX1          |     1 |       |     1   (0)| 00:00:01 |
|* 16 |           INDEX RANGE SCAN             | MS_GRC_ORB_RELATIONS_ORB_FK2  |     2 |       |     1   (0)| 00:00:01 |
|* 17 |          TABLE ACCESS BY INDEX ROWID   | MS_GRC_ORB_RELATIONS_ORB      |     1 |    68 |     1   (0)| 00:00:01 |
|  18 |         NESTED LOOPS                   |                               |     1 |   141 |     4   (0)| 00:00:01 |
|  19 |          NESTED LOOPS                  |                               |     1 |   112 |     3   (0)| 00:00:01 |
|  20 |           TABLE ACCESS BY INDEX ROWID  | MS_GRC_REL_DEFN               |     1 |    44 |     1   (0)| 00:00:01 |
|* 21 |            INDEX RANGE SCAN            | MS_GRC_REL_DEFN_IDX1          |     1 |       |     1   (0)| 00:00:01 |
|* 22 |           TABLE ACCESS BY INDEX ROWID  | MS_GRC_ORB_RELATIONS_ORB      |     1 |    68 |     2   (0)| 00:00:01 |
|* 23 |            INDEX RANGE SCAN            | MS_GRC_ORB_RELATIONS_ORB_IDX1 |     9 |       |     1   (0)| 00:00:01 |
|  24 |          TABLE ACCESS BY INDEX ROWID   | MS_GRC_ORB_RELATIONS          |     1 |    29 |     1   (0)| 00:00:01 |
|* 25 |           INDEX UNIQUE SCAN            | MS_GRC_ORB_RELATIONS_PK       |     1 |       |     1   (0)| 00:00:01 |
|* 26 |     HASH JOIN                          |                               |    12 | 24696 |    22   (0)| 00:00:01 |
|  27 |      NESTED LOOPS                      |                               |     1 |    36 |     2   (0)| 00:00:01 |
|  28 |       TABLE ACCESS BY INDEX ROWID      | MS_QS_LOV_NAMES               |     1 |    33 |     1   (0)| 00:00:01 |
|* 29 |        INDEX RANGE SCAN                | MS_QS_LOV_NAMES_N1            |     1 |       |     1   (0)| 00:00:01 |
|* 30 |       INDEX RANGE SCAN                 | SI_ENT_N1                     |     1 |     3 |     1   (0)| 00:00:01 |
|* 31 |      VIEW                              |                               |  5524 |    10M|    20   (0)| 00:00:01 |
<font style="background-color: lightblue; color: red">|  32 |       MERGE JOIN CARTESIAN             |                               |  5524 |   172K|    20   (0)| 00:00:01 |</font>
<font style="background-color: lightblue; color: red">|* 33 |        TABLE ACCESS FULL               | SI_LOCALES                    |     1 |     6 |     3   (0)| 00:00:01 |</font>
|  34 |        BUFFER SORT                     |                               |  5524 |   140K|    17   (0)| 00:00:01 |
<font style="background-color: lightblue; color: red">|* 35 |         TABLE ACCESS FULL              | MS_QS_LIST_OF_VALUES_T        |  5524 |   140K|    17   (0)| 00:00:01 |</font>
|  36 |       NESTED LOOPS                     |                               |     1 |    30 |     4   (0)| 00:00:01 |
|  37 |        TABLE ACCESS BY INDEX ROWID     | SI_USERS_T                    |     1 |    19 |     1   (0)| 00:00:01 |
|* 38 |         INDEX RANGE SCAN               | SI_USERS_T_N3                 |     1 |       |     1   (0)| 00:00:01 |
<font style="background-color: lightblue; color: red">|* 39 |        TABLE ACCESS FULL               | SI_LOCALES                    |     1 |    11 |     3   (0)| 00:00:01 |</font>
<font style="background-color: lightblue; color: red">|  40 |    TABLE ACCESS FULL                   | MS_QS_LIST_OF_VALUES_TL       |     1 |  2028 |     2   (0)| 00:00:01 |</font>
------------------------------------------------------------------------------------------------------------------------
 
</code></pre><header class="major"><h2>Query Block Name / Object Alias (identified by operation id):</h2></header><pre><code>
 
   1 - SEL$D372D59E
   4 - SEL$2        / INN@SEL$1
   5 - SEL$2       
   6 - SET$1        / VW@SEL$2
   7 - SET$1       
   8 - SEL$3       
  11 - SEL$3        / REL@SEL$3
  12 - SEL$3        / REL@SEL$3
  14 - SEL$3        / DEFN@SEL$3
  15 - SEL$3        / DEFN@SEL$3
  16 - SEL$3        / REL_ORB@SEL$3
  17 - SEL$3        / REL_ORB@SEL$3
  18 - SEL$5       
  20 - SEL$5        / DEFN@SEL$5
  21 - SEL$5        / DEFN@SEL$5
  22 - SEL$5        / REL_ORB@SEL$5
  23 - SEL$5        / REL_ORB@SEL$5
  24 - SEL$5        / REL@SEL$5
  25 - SEL$5        / REL@SEL$5
  28 - SEL$D372D59E / MS_QS_LOV_NAMES@SEL$7
  29 - SEL$D372D59E / MS_QS_LOV_NAMES@SEL$7
  30 - SEL$D372D59E / ENT@SEL$1
  31 - SEL$0EE6DB63 / X@SEL$8
  32 - SEL$0EE6DB63
  33 - SEL$0EE6DB63 / SI_LOCALES@SEL$10
  35 - SEL$0EE6DB63 / T@SEL$9
  36 - SEL$11      
  37 - SEL$11       / USR@SEL$11
  38 - SEL$11       / USR@SEL$11
  39 - SEL$11       / LOC@SEL$11
  40 - SEL$D372D59E / TL@SEL$8
 
</code></pre><header class="major"><h2>Predicate Information (identified by operation id):</h2></header><pre><code>
 
   2 - access("X"."LOV_VALUE_ID"="TL"."LOV_VALUE_ID"(+) AND "X"."LOCALE_ID"="TL"."LOCALE_ID"(+))
   3 - access("INN"."TGT_OBJ_ID"="X"."STORED_VALUE")
  12 - access("REL"."REL_SOURCE_OBJECT_ID"=:3)
  15 - access("DEFN"."SRC_OBJ_TYPE"=:1 AND "DEFN"."DEST_OBJ_TYPE"='ASSERTION')
  16 - access("REL"."REL_SOURCE_ID"="REL_ORB"."REL_SOURCE_ID")
  17 - filter("DEFN"."REL_ID"="REL_ORB"."REL_CONFIG_ID")
  21 - access("DEFN"."SRC_OBJ_TYPE"='ASSERTION' AND "DEFN"."DEST_OBJ_TYPE"=:1)
  22 - filter("DEFN"."REL_ID"="REL_ORB"."REL_CONFIG_ID")
  23 - access("REL_ORB"."TGT_OBJ_ID"=:3)
  25 - access("REL"."REL_SOURCE_ID"="REL_ORB"."REL_SOURCE_ID")
  26 - access("X"."LOV_ID"="LOV_ID" AND "X"."ENTERPRISE_ID"="ENT"."ENTERPRISE_ID")
  29 - access("LOV_NAME"='MS_GRC_Assertions_Lov')
  30 - access("ENTERPRISE_ID"="ENT"."ENTERPRISE_ID")
  31 - filter("X"."LOCALE_ID"= (SELECT "LOC"."LOCALE_ID" FROM "SI_LOCALES" "LOC","SI_USERS_T" "USR" WHERE 
              "USR"."USER_NAME"=:2 AND "USR"."LOCALE"="LOC"."LOCALE_STRING"))
  33 - filter("ENABLED_FLAG"='Y')
  35 - filter("T"."ORG_ENTITY_ID"=1)
  38 - access("USR"."USER_NAME"=:2)
  39 - filter("USR"."LOCALE"="LOC"."LOCALE_STRING")
 
</code></pre><header class="major"><h2>Column Projection Information (identified by operation id):</h2></header><pre><code>
 
   1 - (#keys=1) NVL("TL"."DISPLAYED_VALUE","X"."DISPLAYED_VALUE")[4000]
   2 - (#keys=2) "X"."DISPLAYED_VALUE"[VARCHAR2,4000], "TL"."DISPLAYED_VALUE"[VARCHAR2,4000]
   3 - (#keys=1) "X"."LOV_VALUE_ID"[NUMBER,22], "X"."LOCALE_ID"[NUMBER,22], "X"."DISPLAYED_VALUE"[VARCHAR2,4000]
   4 - "INN"."TGT_OBJ_ID"[VARCHAR2,4000]
   5 - (#keys=3) "TGT_OBJ_ID"[VARCHAR2,4000], "SRC_OBJ_ID"[VARCHAR2,4000], "REL_DIR_TYPE"[CHARACTER,7]
   6 - "SRC_OBJ_ID"[VARCHAR2,4000], "TGT_OBJ_ID"[VARCHAR2,4000], "REL_DIR_TYPE"[CHARACTER,7]
   7 - STRDEF[512], STRDEF[4000], STRDEF[512], STRDEF[4000], STRDEF[7]
   8 - (#keys=0) "REL"."REL_SOURCE_OBJECT_ID"[VARCHAR2,1016], "DEFN"."SRC_OBJ_TYPE"[VARCHAR2,512], 
       "DEFN"."DEST_OBJ_TYPE"[VARCHAR2,512], "REL_ORB"."TGT_OBJ_ID"[VARCHAR2,4000]
   9 - (#keys=0) "REL"."REL_SOURCE_OBJECT_ID"[VARCHAR2,1016], "DEFN"."REL_ID"[VARCHAR2,160], 
       "DEFN"."SRC_OBJ_TYPE"[VARCHAR2,512], "DEFN"."DEST_OBJ_TYPE"[VARCHAR2,512], "REL_ORB".ROWID[ROWID,10]
  10 - (#keys=0) "REL"."REL_SOURCE_OBJECT_ID"[VARCHAR2,1016], "REL"."REL_SOURCE_ID"[VARCHAR2,1020], 
       "DEFN"."REL_ID"[VARCHAR2,160], "DEFN"."SRC_OBJ_TYPE"[VARCHAR2,512], "DEFN"."DEST_OBJ_TYPE"[VARCHAR2,512]
  11 - "REL"."REL_SOURCE_OBJECT_ID"[VARCHAR2,1016], "REL"."REL_SOURCE_ID"[VARCHAR2,1020]
  12 - "REL".ROWID[ROWID,10], "REL"."REL_SOURCE_OBJECT_ID"[VARCHAR2,1016]
  13 - (#keys=0) "DEFN"."REL_ID"[VARCHAR2,160], "DEFN"."SRC_OBJ_TYPE"[VARCHAR2,512], 
       "DEFN"."DEST_OBJ_TYPE"[VARCHAR2,512]
  14 - "DEFN"."REL_ID"[VARCHAR2,160], "DEFN"."SRC_OBJ_TYPE"[VARCHAR2,512], "DEFN"."DEST_OBJ_TYPE"[VARCHAR2,512]
  15 - "DEFN".ROWID[ROWID,10], "DEFN"."SRC_OBJ_TYPE"[VARCHAR2,512], "DEFN"."DEST_OBJ_TYPE"[VARCHAR2,512]
  16 - "REL_ORB".ROWID[ROWID,10]
  17 - "REL_ORB"."TGT_OBJ_ID"[VARCHAR2,4000]
  18 - (#keys=0) "DEFN"."SRC_OBJ_TYPE"[VARCHAR2,512], "DEFN"."DEST_OBJ_TYPE"[VARCHAR2,512], 
       "REL_ORB"."TGT_OBJ_ID"[VARCHAR2,4000], "REL"."REL_SOURCE_OBJECT_ID"[VARCHAR2,1016]
  19 - (#keys=0) "DEFN"."SRC_OBJ_TYPE"[VARCHAR2,512], "DEFN"."DEST_OBJ_TYPE"[VARCHAR2,512], 
       "REL_ORB"."TGT_OBJ_ID"[VARCHAR2,4000], "REL_ORB"."REL_SOURCE_ID"[VARCHAR2,1020]
  20 - "DEFN"."REL_ID"[VARCHAR2,160], "DEFN"."SRC_OBJ_TYPE"[VARCHAR2,512], "DEFN"."DEST_OBJ_TYPE"[VARCHAR2,512]
  21 - "DEFN".ROWID[ROWID,10], "DEFN"."SRC_OBJ_TYPE"[VARCHAR2,512], "DEFN"."DEST_OBJ_TYPE"[VARCHAR2,512]
  22 - "REL_ORB"."TGT_OBJ_ID"[VARCHAR2,4000], "REL_ORB"."REL_SOURCE_ID"[VARCHAR2,1020]
  23 - "REL_ORB".ROWID[ROWID,10], "REL_ORB"."TGT_OBJ_ID"[VARCHAR2,4000]
  24 - "REL"."REL_SOURCE_OBJECT_ID"[VARCHAR2,1016]
  25 - "REL".ROWID[ROWID,10]
  26 - (#keys=2) "X"."LOV_VALUE_ID"[NUMBER,22], "X"."LOCALE_ID"[NUMBER,22], "X"."STORED_VALUE"[VARCHAR2,400], 
       "X"."DISPLAYED_VALUE"[VARCHAR2,4000]
  27 - (#keys=0) "LOV_ID"[NUMBER,22], "ENT"."ENTERPRISE_ID"[NUMBER,22]
  28 - "LOV_ID"[NUMBER,22], "ENTERPRISE_ID"[NUMBER,22]
  29 - "MS_QS_LOV_NAMES".ROWID[ROWID,10]
  30 - "ENT"."ENTERPRISE_ID"[NUMBER,22]
  31 - "X"."LOV_VALUE_ID"[NUMBER,22], "X"."LOV_ID"[NUMBER,22], "X"."STORED_VALUE"[VARCHAR2,400], 
       "X"."DISPLAYED_VALUE"[VARCHAR2,4000], "X"."LOCALE_ID"[NUMBER,22], "X"."ENTERPRISE_ID"[NUMBER,22]
  32 - (#keys=0) "LOCALE_ID"[NUMBER,22], "T"."LOV_VALUE_ID"[NUMBER,22], "T"."LOV_ID"[NUMBER,22], 
       "T"."STORED_VALUE"[VARCHAR2,400], "T"."DISPLAYED_VALUE"[VARCHAR2,4000], "T"."ENTERPRISE_ID"[NUMBER,22]
  33 - "LOCALE_ID"[NUMBER,22]
  34 - (#keys=0) "T"."LOV_VALUE_ID"[NUMBER,22], "T"."LOV_ID"[NUMBER,22], "T"."STORED_VALUE"[VARCHAR2,400], 
       "T"."DISPLAYED_VALUE"[VARCHAR2,4000], "T"."ENTERPRISE_ID"[NUMBER,22]
  35 - "T"."LOV_VALUE_ID"[NUMBER,22], "T"."LOV_ID"[NUMBER,22], "T"."STORED_VALUE"[VARCHAR2,400], 
       "T"."DISPLAYED_VALUE"[VARCHAR2,4000], "T"."ENTERPRISE_ID"[NUMBER,22]
  36 - (#keys=0) "LOC"."LOCALE_ID"[NUMBER,22]
  37 - "USR"."LOCALE"[VARCHAR2,100]
  38 - "USR".ROWID[ROWID,10]
  39 - "LOC"."LOCALE_ID"[NUMBER,22]
  40 - "TL"."LOV_VALUE_ID"[NUMBER,22], "TL"."DISPLAYED_VALUE"[VARCHAR2,4000], "TL"."LOCALE_ID"[NUMBER,22]
										</code></pre>
								</section>
						</div>
					</div>

				<!-- Sidebar -->
				<div id="sidebar">
					<div class="inner">
						<!-- Menu -->
						<nav id="menu">
							<header class="major">
								<h2>Menu</h2>
							</header>
							<ul>
								<li><a href="../index.html">Module List</a></li>
								<li><a href="index.html">Summary</a></li>
								<li>
									<span class="opener">DB Analysis</span>
									<ul>
										<li><a href="bad-sql.html">Bad SQL</a></li>
										<li><a href="poor-sql.html">Poor SQL Plan</a></li>
										<li><a href="invalid-sql.html">Invalid SQL</a></li>
										<li><a href="full-sql.html">Full SQL Report</a></li>
										<li><a href="table-nil-key.html">Primary/Unique Key Miss</a></li>
										<li><a href="invalid-db-object.html">Invalid DB Objects</a></li>
									</ul>
								</li>
								<li>
									<span class="opener">Infolets</span>
									<ul>
										<li><a href="keep-history-infolets.html">Keep History Infolets</a></li>
									</ul>
								</li>
								<li>
									<span class="opener">Pushforms</span>
									<ul>
										<li><a href="pushform-denormalize.html">Pushform Denormalized</a></li>
									</ul>
								</li>
							</ul>
						</nav>

						<!-- Section -->
						<section>
							<header class="major">
								<h2>Get in touch</h2>
							</header>
							<p>You need more details on the report or want more functionality, don't hesitate to reach out to us.</p>
							<ul class="contact">
								<li class="fa-envelope-o"><a href="mailto:rnd@metricstream.com?Subject=Reg - Static Code Analysis Tool" target="_top">rnd@metricstream.com</a></li>
							</ul>
						</section>

						<!-- Footer -->
						<footer id="footer">
							<p class="copyright">&copy; <a href="http://www.metricstream.com" target="_blank">MetricStream</a>. All rights reserved. </p>
						</footer>
					</div>
				</div>
			</div>

		<!-- Scripts -->
			<script src="../../lib/assets/js/jquery.min.js"></script>
			<script src="../../lib/assets/js/skel.min.js"></script>
			<script src="../../lib/assets/js/util.js"></script>
			<!--[if lte IE 8]><script src="../../lib/assets/js/ie/respond.min.js"></script><![endif]-->
			<script src="../../lib/assets/js/main.js"></script>
	</body>
</html>