<!DOCTYPE HTML>
<html>
	<head>
		<title>Code Analysis - MetricStream</title>
		<meta charset="utf-8" />
		<meta name="viewport" content="width=device-width, initial-scale=1, user-scalable=no" />
		<!--[if lte IE 8]><script src="../../lib/assets/js/ie/html5shiv.js"></script><![endif]-->
		<link rel="stylesheet" href="../../lib/assets/css/main.css" />
		<!--[if lte IE 9]><link rel="stylesheet" href="../../lib/assets/css/ie9.css" /><![endif]-->
		<!--[if lte IE 8]><link rel="stylesheet" href="../../lib/assets/css/ie8.css" /><![endif]-->
	</head>
	<body>

		<!-- Wrapper -->
			<div id="wrapper">

				<!-- Main -->
					<div id="main">
						<div class="inner">
							<!-- Header -->
								<header id="header">
									<a href="index.html" class="logo"><strong>Static Code Analysis Report</strong> by Code Analyzer Tool</a>
								</header>

							<!-- Content -->
								<section>
									<!-- Content -->
										<header class="major"><h2>Infolet Details</h2></header>
										<div class="table-wrapper">
											<table>
												<tbody>
													<tr>
														<td><b>Name</b></td>
														<td>MS_GRC_61_SP2_ORG_LIST_INFO (100716)</td>
													</tr>
													<tr>
														<td><b>SQL</b></td>
														<td><pre><code>select AOCSUMM.OBJECT_ID as OBJECT_ID,
AOCSUMM.object_name as object_name,
AOCMLSSUMM.OBJECT_LEVEL as OBJECT_LEVEL,
aocSumm.object_parent as OBJECT_PARENT,
AOCMLSSUMM.BASEL_II_ENTITY as BASEL_II_ENTITY,
AOCMLSSUMM.OBJECT_STATUS as OBJECT_STATUS,
aocsumm.created_on as created_on,
MS_GRC_UTILITIES.FN_user_name(aocSumm.CREATED_BY) AS CREATED_BY,
updated_on,
MS_GRC_UTILITIES.FN_user_name(aocSumm.Updated_By) AS Updated_By,
AOCSUMM.VALID_FROM as VALID_FROM,
AOCSUMM.VALID_UNTIL as VALID_UNTIL,
AOCSUMM.DESCRIPTION as DESCRIPTION,
AOCSUMM.OWNER_ORG_NAMES as OWNER_ORG_NAMES,
aocsumm.owner_name as owner_name,
ms_grc_utilities.fn_user_name(aocsumm.level_1_approver) as level_1_approver,
MS_GRC_UTILITIES.FN_user_name(aocSumm.LEVEL_2_APPROVER) AS LEVEL_2_APPROVER,
REL_OBJECTIVE_OBJ_NAME_AGG,
REL_REFRENCES_OBJ_NAME_AGG
,(MS_GRC_UTILITIES.FN_GET_REPORT_JSON((SELECT METRIC_ID FROM SI_METRICS_T WHERE METRIC_NAME='MS_GRC_ORG_PROFILE'),AOCSUMM.DD_PROCESS_INSTANCE_ID,(SELECT DD_INSTANCE_ID FROM MS_GRC_ORG_PROFILE WHERE OBJECT_ID=AOCSUMM.OBJECT_ID),
'''flag=1'||CHR(38)||'emd=1'||CHR(38)||'x_edit_mode=Yes'||CHR (38)|| 'wrapper= No'|| CHR (38)|| 'mode=view''')) as REPORT_JSON
,LEVEL_1_APPROVER AS LEVEL_1_APPR,
LEVEL_2_APPROVER AS LEVEL_2_APPR
,aocSumm.parent_object_id AS parent_object_id
from  MS_GRC_ORG_PRO_SUMMARY AOCSUMM,
ms_grc_org_pro_mls_summary aocmlssumm,(select column_value
from table(cast(ms_grc_rep_browser_fil_denorm.fn_org_report_filter(ms_grc_array_type(:1,:2,:3,:5,:6,to_char(:7,'YYYY-MM-DD'), TO_CHAR(:8,'YYYY-MM-DD'),:9,:10,:11,:12,TO_CHAR(:13,'YYYY-MM-DD'),TO_CHAR(:14,'YYYY-MM-DD'),TO_CHAR(:15,'YYYY-MM-DD'),TO_CHAR(:16,'YYYY-MM-DD'), :17,:18,:19,:20, null,null,null,
null,null,null,null,null,null,null,:21,null,null,null,null,null,:22, null,null,'MS_GRC_ORG_PROFILE',:23)) as MS_VARCHAR2_ARRAY))) COLVAL, (select LOCALE_ID from SI_USERS_T T1 ,SI_LOCALES T2 where USER_NAME = :23 and T1.LOCALE = T2.LOCALE_STRING) LOC
where COLVAL.column_value = AOCMLSSUMM.OBJECT_ID
and COLVAL.column_value = AOCSUMM.OBJECT_ID
and LOC.LOCALE_ID = AOCMLSSUMM.LOCALE_ID
and nvl(is_orphan, 1)=nvl(:4,nvl(is_orphan,1))
order by upper(object_name)</code></pre></td>
													</tr>
													<tr>
														<td><b>Description</b></td>
														<td>This infolet is used for fetching the Library data for Organizational Profile list report. It consists of the parameters specific to Organizational Profile object and also the related library object parmaters. It does not contain any mandatory parameter.</td>
													</tr>
												</tbody>
											</table>
										</div>

										<h2 align="center" id="content">Analysis Report</h2>
										<hr>

<header class="major"><h2>Plan hash value: 1898731337</h2></header><pre><code>
 
------------------------------------------------------------------------------------------------------------------------
| Id  | Operation                              | Name                          | Rows  | Bytes | Cost (%CPU)| Time     |
------------------------------------------------------------------------------------------------------------------------
|   0 | SELECT STATEMENT                       |                               |     1 | 21134 |    34   (3)| 00:00:01 |
|   1 |  TABLE ACCESS BY INDEX ROWID           | SI_METRICS_T                  |     1 |    34 |     1   (0)| 00:00:01 |
|*  2 |   INDEX RANGE SCAN                     | SI_METRICS_T_N7               |     1 |       |     1   (0)| 00:00:01 |
|   3 |   TABLE ACCESS BY INDEX ROWID          | MS_GRC_ORG_PROFILE            |     1 |   215 |     1   (0)| 00:00:01 |
|*  4 |    INDEX UNIQUE SCAN                   | MS_GRC_ORG_PROFILE_PK         |     1 |       |     1   (0)| 00:00:01 |
|   5 |  SORT ORDER BY                         |                               |     1 | 21134 |    34   (3)| 00:00:01 |
|   6 |   NESTED LOOPS                         |                               |     1 | 21134 |    33   (0)| 00:00:01 |
|   7 |    NESTED LOOPS                        |                               |     1 | 21123 |    32   (0)| 00:00:01 |
|   8 |     NESTED LOOPS                       |                               |     1 | 16513 |    31   (0)| 00:00:01 |
|   9 |      NESTED LOOPS                      |                               |  8168 |   167K|    30   (0)| 00:00:01 |
|  10 |       TABLE ACCESS BY INDEX ROWID      | SI_USERS_T                    |     1 |    19 |     1   (0)| 00:00:01 |
|* 11 |        INDEX RANGE SCAN                | SI_USERS_T_N3                 |     1 |       |     1   (0)| 00:00:01 |
<font style="background-color: lightblue; color: red">|  12 |       COLLECTION ITERATOR PICKLER FETCH| FN_ORG_REPORT_FILTER          |  8168 | 16336 |    29   (0)| 00:00:01 |</font>
|* 13 |      INDEX UNIQUE SCAN                 | MS_GRC_ORG_PRO_PK             |     1 | 16492 |     1   (0)| 00:00:01 |
|* 14 |       INDEX RANGE SCAN                 | MS_GRC_ORG_PROF_SUMM_IDX1     |     1 |       |     1   (0)| 00:00:01 |
|  15 |     TABLE ACCESS BY INDEX ROWID        | MS_GRC_ORG_PRO_MLS_SUMMARY    |     1 |  4610 |     1   (0)| 00:00:01 |
|* 16 |      INDEX RANGE SCAN                  | MS_GRC_ORG_PROF_MLS_SUMM_IDX2 |     1 |       |     1   (0)| 00:00:01 |
|* 17 |    TABLE ACCESS BY INDEX ROWID         | SI_LOCALES                    |     1 |    11 |     1   (0)| 00:00:01 |
|* 18 |     INDEX UNIQUE SCAN                  | SI_LOCALES_U1                 |     1 |       |     1   (0)| 00:00:01 |
------------------------------------------------------------------------------------------------------------------------
 
</code></pre><header class="major"><h2>Query Block Name / Object Alias (identified by operation id):</h2></header><pre><code>
 
   1 - SEL$2        / SI_METRICS_T@SEL$2
   2 - SEL$2        / SI_METRICS_T@SEL$2
   3 - SEL$3        / MS_GRC_ORG_PROFILE@SEL$3
   4 - SEL$3        / MS_GRC_ORG_PROFILE@SEL$3
   5 - SEL$2416F508
  10 - SEL$2416F508 / T1@SEL$6
  11 - SEL$2416F508 / T1@SEL$6
  12 - SEL$2416F508 / KOKBF$0@SEL$5
  13 - SEL$2416F508 / AOCSUMM@SEL$1
  14 - SEL$2416F508 / AOCSUMM@SEL$1
  15 - SEL$2416F508 / AOCMLSSUMM@SEL$1
  16 - SEL$2416F508 / AOCMLSSUMM@SEL$1
  17 - SEL$2416F508 / T2@SEL$6
  18 - SEL$2416F508 / T2@SEL$6
 
</code></pre><header class="major"><h2>Predicate Information (identified by operation id):</h2></header><pre><code>
 
   2 - access("METRIC_NAME"='MS_GRC_ORG_PROFILE')
   4 - access("OBJECT_ID"=:B1)
  11 - access("USER_NAME"=:23)
  13 - access("AOCSUMM"."OBJECT_ID"=VALUE(KOKBF$))
       filter(NVL("IS_ORPHAN",1)=NVL(:4,NVL("IS_ORPHAN",1)))
  14 - access("AOCSUMM"."OBJECT_ID"=VALUE(KOKBF$))
  16 - access("AOCMLSSUMM"."OBJECT_ID"=VALUE(KOKBF$))
  17 - filter("T1"."LOCALE"="T2"."LOCALE_STRING")
  18 - access("LOCALE_ID"=TO_NUMBER("AOCMLSSUMM"."LOCALE_ID"))
 
</code></pre><header class="major"><h2>Column Projection Information (identified by operation id):</h2></header><pre><code>
 
   1 - "SI_METRICS_T".ROWID[ROWID,10], "METRIC_ID"[NUMBER,22]
   2 - "SI_METRICS_T".ROWID[ROWID,10]
   3 - "MS_GRC_ORG_PROFILE".ROWID[ROWID,10], "DD_INSTANCE_ID"[NUMBER,22]
   4 - "MS_GRC_ORG_PROFILE".ROWID[ROWID,10]
   5 - (#keys=1) UPPER("AOCSUMM"."OBJECT_NAME")[4000], "AOCSUMM"."OBJECT_ID"[VARCHAR2,400], 
       "AOCSUMM"."OBJECT_NAME"[VARCHAR2,4000], "AOCMLSSUMM"."OBJECT_LEVEL"[VARCHAR2,400], 
       "AOCSUMM"."OBJECT_PARENT"[VARCHAR2,4000], "AOCMLSSUMM"."BASEL_II_ENTITY"[VARCHAR2,4000], 
       "AOCMLSSUMM"."OBJECT_STATUS"[VARCHAR2,4000], "AOCSUMM"."CREATED_ON"[DATE,7], 
       "MS_GRC_UTILITIES"."FN_USER_NAME"("AOCSUMM"."CREATED_BY")[4000], "UPDATED_ON"[DATE,7], 
       "MS_GRC_UTILITIES"."FN_USER_NAME"("AOCSUMM"."UPDATED_BY")[4000], "AOCSUMM"."VALID_FROM"[DATE,7], 
       "AOCSUMM"."VALID_UNTIL"[DATE,7], "AOCSUMM"."DESCRIPTION"[LOB,4000], "AOCSUMM"."OWNER_ORG_NAMES"[LOB,4000], 
       "AOCSUMM"."OWNER_NAME"[LOB,4000], "MS_GRC_UTILITIES"."FN_USER_NAME"("AOCSUMM"."LEVEL_1_APPROVER")[4000], 
       "MS_GRC_UTILITIES"."FN_USER_NAME"("AOCSUMM"."LEVEL_2_APPROVER")[4000], "REL_OBJECTIVE_OBJ_NAME_AGG"[LOB,4000], 
       "REL_REFRENCES_OBJ_NAME_AGG"[LOB,4000], "MS_GRC_UTILITIES"."FN_GET_REPORT_JSON"( (SELECT "METRIC_ID" FROM 
       "SI_METRICS_T" "SI_METRICS_T" WHERE "METRIC_NAME"='MS_GRC_ORG_PROFILE'),"AOCSUMM"."DD_PROCESS_INSTANCE_ID", 
       (SELECT "DD_INSTANCE_ID" FROM "MS_GRC_ORG_PROFILE" "MS_GRC_ORG_PROFILE" WHERE 
       "OBJECT_ID"=:B1),'''flag=1&emd=1&x_edit_mode=Yes&wrapper= No&mode=view''')[4000], 
       "LEVEL_1_APPROVER"[VARCHAR2,1000], "LEVEL_2_APPROVER"[VARCHAR2,1000], "AOCSUMM"."PARENT_OBJECT_ID"[VARCHAR2,800]
   6 - (#keys=0) "T1".ROWID[ROWID,10], "USER_NAME"[VARCHAR2,80], "T1"."LOCALE"[VARCHAR2,100], VALUE(A0)[8000], 
       "AOCSUMM".ROWID[ROWID,3034], "UPPER_OBJECT_NAME"[VARCHAR2,3000], "OBJ_ORG_SUMM_WID"[NUMBER,22], 
       "AOCSUMM"."PARENT_OBJECT_ID"[VARCHAR2,800], "IS_ORPHAN"[NUMBER,22], "AOCSUMM"."OBJECT_PARENT"[VARCHAR2,4000], 
       "AOCSUMM"."OBJECT_ID"[VARCHAR2,400], "AOCSUMM"."OBJECT_NAME"[VARCHAR2,4000], "AOCSUMM"."DESCRIPTION"[LOB,4000], 
       "AOCSUMM"."VALID_UNTIL"[DATE,7], "AOCSUMM"."VALID_FROM"[DATE,7], "AOCSUMM"."DD_PROCESS_INSTANCE_ID"[NUMBER,22], 
       "AOCSUMM"."OWNER_NAME"[LOB,4000], "AOCSUMM"."OWNER_ORG_NAMES"[LOB,4000], "LEVEL_1_APPROVER"[VARCHAR2,1000], 
       "LEVEL_2_APPROVER"[VARCHAR2,1000], "AOCSUMM"."UPDATED_BY"[VARCHAR2,804], "UPDATED_ON"[DATE,7], 
       "AOCSUMM"."CREATED_BY"[VARCHAR2,804], "AOCSUMM"."CREATED_ON"[DATE,7], "REL_OBJECTIVE_OBJ_NAME_AGG"[LOB,4000], 
       "REL_REFRENCES_OBJ_NAME_AGG"[LOB,4000], "AOCSUMM".ROWID[ROWID,3034], "AOCMLSSUMM".ROWID[ROWID,10], 
       "AOCMLSSUMM"."OBJECT_ID"[VARCHAR2,400], "AOCMLSSUMM"."LOCALE_ID"[VARCHAR2,400], 
       "AOCMLSSUMM"."BASEL_II_ENTITY"[VARCHAR2,4000], "AOCMLSSUMM"."OBJECT_STATUS"[VARCHAR2,4000], 
       "AOCMLSSUMM"."OBJECT_LEVEL"[VARCHAR2,400], "T2".ROWID[ROWID,10], "LOCALE_ID"[NUMBER,22], 
       "T2"."LOCALE_STRING"[VARCHAR2,400]
   7 - (#keys=0) "T1".ROWID[ROWID,10], "USER_NAME"[VARCHAR2,80], "T1"."LOCALE"[VARCHAR2,100], VALUE(A0)[8000], 
       "AOCSUMM".ROWID[ROWID,3034], "UPPER_OBJECT_NAME"[VARCHAR2,3000], "OBJ_ORG_SUMM_WID"[NUMBER,22], 
       "AOCSUMM"."PARENT_OBJECT_ID"[VARCHAR2,800], "IS_ORPHAN"[NUMBER,22], "AOCSUMM"."OBJECT_PARENT"[VARCHAR2,4000], 
       "AOCSUMM"."OBJECT_ID"[VARCHAR2,400], "AOCSUMM"."OBJECT_NAME"[VARCHAR2,4000], "AOCSUMM"."DESCRIPTION"[LOB,4000], 
       "AOCSUMM"."VALID_UNTIL"[DATE,7], "AOCSUMM"."VALID_FROM"[DATE,7], "AOCSUMM"."DD_PROCESS_INSTANCE_ID"[NUMBER,22], 
       "AOCSUMM"."OWNER_NAME"[LOB,4000], "AOCSUMM"."OWNER_ORG_NAMES"[LOB,4000], "LEVEL_1_APPROVER"[VARCHAR2,1000], 
       "LEVEL_2_APPROVER"[VARCHAR2,1000], "AOCSUMM"."UPDATED_BY"[VARCHAR2,804], "UPDATED_ON"[DATE,7], 
       "AOCSUMM"."CREATED_BY"[VARCHAR2,804], "AOCSUMM"."CREATED_ON"[DATE,7], "REL_OBJECTIVE_OBJ_NAME_AGG"[LOB,4000], 
       "REL_REFRENCES_OBJ_NAME_AGG"[LOB,4000], "AOCSUMM".ROWID[ROWID,3034], "AOCMLSSUMM".ROWID[ROWID,10], 
       "AOCMLSSUMM"."OBJECT_ID"[VARCHAR2,400], "AOCMLSSUMM"."LOCALE_ID"[VARCHAR2,400], 
       "AOCMLSSUMM"."BASEL_II_ENTITY"[VARCHAR2,4000], "AOCMLSSUMM"."OBJECT_STATUS"[VARCHAR2,4000], 
       "AOCMLSSUMM"."OBJECT_LEVEL"[VARCHAR2,400]
   8 - (#keys=0) "T1".ROWID[ROWID,10], "USER_NAME"[VARCHAR2,80], "T1"."LOCALE"[VARCHAR2,100], VALUE(A0)[8000], 
       "AOCSUMM".ROWID[ROWID,3034], "UPPER_OBJECT_NAME"[VARCHAR2,3000], "OBJ_ORG_SUMM_WID"[NUMBER,22], 
       "AOCSUMM"."PARENT_OBJECT_ID"[VARCHAR2,800], "IS_ORPHAN"[NUMBER,22], "AOCSUMM"."OBJECT_PARENT"[VARCHAR2,4000], 
       "AOCSUMM"."OBJECT_ID"[VARCHAR2,400], "AOCSUMM"."OBJECT_NAME"[VARCHAR2,4000], "AOCSUMM"."DESCRIPTION"[LOB,4000], 
       "AOCSUMM"."VALID_UNTIL"[DATE,7], "AOCSUMM"."VALID_FROM"[DATE,7], "AOCSUMM"."DD_PROCESS_INSTANCE_ID"[NUMBER,22], 
       "AOCSUMM"."OWNER_NAME"[LOB,4000], "AOCSUMM"."OWNER_ORG_NAMES"[LOB,4000], "LEVEL_1_APPROVER"[VARCHAR2,1000], 
       "LEVEL_2_APPROVER"[VARCHAR2,1000], "AOCSUMM"."UPDATED_BY"[VARCHAR2,804], "UPDATED_ON"[DATE,7], 
       "AOCSUMM"."CREATED_BY"[VARCHAR2,804], "AOCSUMM"."CREATED_ON"[DATE,7], "REL_OBJECTIVE_OBJ_NAME_AGG"[LOB,4000], 
       "REL_REFRENCES_OBJ_NAME_AGG"[LOB,4000], "AOCSUMM".ROWID[ROWID,3034]
   9 - (#keys=0) "T1".ROWID[ROWID,10], "USER_NAME"[VARCHAR2,80], "T1"."LOCALE"[VARCHAR2,100], VALUE(A0)[8000]
  10 - "T1".ROWID[ROWID,10], "USER_NAME"[VARCHAR2,80], "T1"."LOCALE"[VARCHAR2,100]
  11 - "T1".ROWID[ROWID,10], "USER_NAME"[VARCHAR2,80]
  12 - VALUE(A0)[8000]
  13 - "AOCSUMM"."PARENT_OBJECT_ID"[VARCHAR2,800], "AOCSUMM"."OBJECT_PARENT"[VARCHAR2,4000], 
       "AOCSUMM"."OBJECT_ID"[VARCHAR2,400], "AOCSUMM"."OBJECT_NAME"[VARCHAR2,4000], "AOCSUMM"."DESCRIPTION"[LOB,4000], 
       "AOCSUMM"."VALID_UNTIL"[DATE,7], "AOCSUMM"."VALID_FROM"[DATE,7], "AOCSUMM"."DD_PROCESS_INSTANCE_ID"[NUMBER,22], 
       "AOCSUMM"."OWNER_NAME"[LOB,4000], "AOCSUMM"."OWNER_ORG_NAMES"[LOB,4000], "LEVEL_1_APPROVER"[VARCHAR2,1000], 
       "LEVEL_2_APPROVER"[VARCHAR2,1000], "AOCSUMM"."UPDATED_BY"[VARCHAR2,804], "UPDATED_ON"[DATE,7], 
       "AOCSUMM"."CREATED_BY"[VARCHAR2,804], "AOCSUMM"."CREATED_ON"[DATE,7], "REL_OBJECTIVE_OBJ_NAME_AGG"[LOB,4000], 
       "REL_REFRENCES_OBJ_NAME_AGG"[LOB,4000]
  14 - "AOCSUMM".ROWID[ROWID,3034], "UPPER_OBJECT_NAME"[VARCHAR2,3000], "OBJ_ORG_SUMM_WID"[NUMBER,22], 
       "AOCSUMM"."PARENT_OBJECT_ID"[VARCHAR2,800], "IS_ORPHAN"[NUMBER,22], "AOCSUMM"."OBJECT_PARENT"[VARCHAR2,4000], 
       "AOCSUMM"."OBJECT_ID"[VARCHAR2,400], "AOCSUMM"."OBJECT_NAME"[VARCHAR2,4000], "AOCSUMM"."DESCRIPTION"[LOB,4000], 
       "AOCSUMM"."VALID_UNTIL"[DATE,7], "AOCSUMM"."VALID_FROM"[DATE,7], "AOCSUMM"."DD_PROCESS_INSTANCE_ID"[NUMBER,22], 
       "AOCSUMM"."OWNER_NAME"[LOB,4000], "AOCSUMM"."OWNER_ORG_NAMES"[LOB,4000], "LEVEL_1_APPROVER"[VARCHAR2,1000], 
       "LEVEL_2_APPROVER"[VARCHAR2,1000], "AOCSUMM"."UPDATED_BY"[VARCHAR2,804], "UPDATED_ON"[DATE,7], 
       "AOCSUMM"."CREATED_BY"[VARCHAR2,804], "AOCSUMM"."CREATED_ON"[DATE,7], "REL_OBJECTIVE_OBJ_NAME_AGG"[LOB,4000], 
       "REL_REFRENCES_OBJ_NAME_AGG"[LOB,4000], "AOCSUMM".ROWID[ROWID,3034]
  15 - "AOCMLSSUMM"."LOCALE_ID"[VARCHAR2,400], "AOCMLSSUMM"."BASEL_II_ENTITY"[VARCHAR2,4000], 
       "AOCMLSSUMM"."OBJECT_STATUS"[VARCHAR2,4000], "AOCMLSSUMM"."OBJECT_LEVEL"[VARCHAR2,400]
  16 - "AOCMLSSUMM".ROWID[ROWID,10], "AOCMLSSUMM"."LOCALE_ID"[VARCHAR2,400]
  18 - "T2".ROWID[ROWID,10]
										</code></pre>
								</section>
						</div>
					</div>

				<!-- Sidebar -->
				<div id="sidebar">
					<div class="inner">
						<!-- Menu -->
						<nav id="menu">
							<header class="major">
								<h2>Menu</h2>
							</header>
							<ul>
								<li><a href="../index.html">Module List</a></li>
								<li><a href="index.html">Summary</a></li>
								<li>
									<span class="opener">DB Analysis</span>
									<ul>
										<li><a href="bad-sql.html">Bad SQL</a></li>
										<li><a href="poor-sql.html">Poor SQL Plan</a></li>
										<li><a href="invalid-sql.html">Invalid SQL</a></li>
										<li><a href="full-sql.html">Full SQL Report</a></li>
										<li><a href="table-nil-key.html">Primary/Unique Key Miss</a></li>
										<li><a href="invalid-db-object.html">Invalid DB Objects</a></li>
									</ul>
								</li>
								<li>
									<span class="opener">Infolets</span>
									<ul>
										<li><a href="keep-history-infolets.html">Keep History Infolets</a></li>
									</ul>
								</li>
								<li>
									<span class="opener">Pushforms</span>
									<ul>
										<li><a href="pushform-denormalize.html">Pushform Denormalized</a></li>
									</ul>
								</li>
							</ul>
						</nav>

						<!-- Section -->
						<section>
							<header class="major">
								<h2>Get in touch</h2>
							</header>
							<p>You need more details on the report or want more functionality, don't hesitate to reach out to us.</p>
							<ul class="contact">
								<li class="fa-envelope-o"><a href="mailto:rnd@metricstream.com?Subject=Reg - Static Code Analysis Tool" target="_top">rnd@metricstream.com</a></li>
							</ul>
						</section>

						<!-- Footer -->
						<footer id="footer">
							<p class="copyright">&copy; <a href="http://www.metricstream.com" target="_blank">MetricStream</a>. All rights reserved. </p>
						</footer>
					</div>
				</div>
			</div>

		<!-- Scripts -->
			<script src="../../lib/assets/js/jquery.min.js"></script>
			<script src="../../lib/assets/js/skel.min.js"></script>
			<script src="../../lib/assets/js/util.js"></script>
			<!--[if lte IE 8]><script src="../../lib/assets/js/ie/respond.min.js"></script><![endif]-->
			<script src="../../lib/assets/js/main.js"></script>
	</body>
</html>