<!DOCTYPE HTML>
<html>
	<head>
		<title>Code Analysis - MetricStream</title>
		<meta charset="utf-8" />
		<meta name="viewport" content="width=device-width, initial-scale=1, user-scalable=no" />
		<!--[if lte IE 8]><script src="../../lib/assets/js/ie/html5shiv.js"></script><![endif]-->
		<link rel="stylesheet" href="../../lib/assets/css/main.css" />
		<!--[if lte IE 9]><link rel="stylesheet" href="../../lib/assets/css/ie9.css" /><![endif]-->
		<!--[if lte IE 8]><link rel="stylesheet" href="../../lib/assets/css/ie8.css" /><![endif]-->
	</head>
	<body>

		<!-- Wrapper -->
			<div id="wrapper">

				<!-- Main -->
					<div id="main">
						<div class="inner">
							<!-- Header -->
								<header id="header">
									<a href="index.html" class="logo"><strong>Static Code Analysis Report</strong> by Code Analyzer Tool</a>
								</header>

							<!-- Content -->
								<section>
									<!-- Content -->
										<header class="major"><h2>Infolet Details</h2></header>
										<div class="table-wrapper">
											<table>
												<tbody>
													<tr>
														<td><b>Name</b></td>
														<td>MS_GRC_61_SP2_REF_LIST_INF (100736)</td>
													</tr>
													<tr>
														<td><b>SQL</b></td>
														<td><pre><code>select REFSUMM.OBJECT_ID,
refSumm.OBJECT_NAME,
refMlsSumm.REFERENCE_TYPE,
refSumm.FILE_URL,
refSumm.REFERENCE_URL,
'"'
||REFSUMM.REFERENCE_DOCUMENT
||'",8' AS DOWNLOAD,
refMlsSumm.OBJECT_STATUS,
refsumm.created_on,
ms_grc_utilities.fn_user_name(refSumm.CREATED_BY) as CREATED_BY,
refsumm.updated_on,
ms_grc_utilities.fn_user_name(refSumm.Updated_By) as Updated_By,
refSumm.VALID_FROM,
refSumm.VALID_UNTIL,
refSumm.DESCRIPTION,
refSumm.OWNER_ORG_NAMES,
refsumm.owner_name,
ms_grc_utilities.fn_user_name(refsumm.level_1_approver) as level_1_approver,
ms_grc_utilities.fn_user_name(refSumm.LEVEL_2_APPROVER) as LEVEL_2_APPROVER
,(MS_GRC_UTILITIES.FN_GET_REPORT_JSON((SELECT METRIC_ID FROM SI_METRICS_T WHERE METRIC_NAME='MS_GRC_REFERENCE'),refSumm.DD_PROCESS_INSTANCE_ID,(SELECT DD_INSTANCE_ID FROM MS_GRC_REFERENCE WHERE OBJECT_ID=refSumm.OBJECT_ID),
'''flag=1'||CHR(38)||'emd=1'||CHR(38)||'x_edit_mode=Yes'||CHR (38)|| 'wrapper= No'|| CHR (38)|| 'mode=view''')) AS REPORT_JSON,
refMlsSumm.REFERENCE_CATEGORY as REFERENCE_CATEGORY
,refSumm.LEVEL_1_APPROVER as LEVEL_1_APPR,
REFSUMM.LEVEL_2_APPROVER as LEVEL_2_APPR,
'' as SRC,
refSumm.UPPER_OBJECT_NAME AS UPPER_OBJECT_NAME
FROM MS_GRC_REFERENCE_SUMMARY refSumm,
MS_GRC_REFERENCE_MLS_SUMMARY refMlsSumm,
(select column_value
from table(cast(ms_grc_rep_browser_fil_denorm.fn_ref_report_filters(ms_grc_array_type(:1,:2,:3,:4,:5,:6,TO_CHAR(:7,'YYYY-MM-DD'),TO_CHAR(:8,'YYYY-MM-DD'),:9,:10,TO_CHAR(:11,'YYYY-MM-DD'),TO_CHAR(:12,'YYYY-MM-DD'),TO_CHAR(:13,'YYYY-MM-DD'),TO_CHAR(:14,'YYYY-MM-DD'),:15,:16,:17,:18,
'MS_GRC_REFERENCE',:19))as ms_varchar2_array))
) COLVAL, (select LOCALE_ID from SI_USERS_T T1 ,SI_LOCALES T2 where USER_NAME = :19 and T1.LOCALE = T2.LOCALE_STRING) LOC	
WHERE COLVAL.column_value = refMlsSumm.OBJECT_ID
and colval.column_value = refsumm.object_id
and LOC.LOCALE_ID = REFMLSSUMM.LOCALE_ID</code></pre></td>
													</tr>
													<tr>
														<td><b>Description</b></td>
														<td>MS_GRC_61_SP2_REF_LIST_INF</td>
													</tr>
												</tbody>
											</table>
										</div>

										<h2 align="center" id="content">Analysis Report</h2>
										<hr>

<header class="major"><h2>Plan hash value: 3331106030</h2></header><pre><code>
 
------------------------------------------------------------------------------------------------------------------------
| Id  | Operation                             | Name                           | Rows  | Bytes | Cost (%CPU)| Time     |
------------------------------------------------------------------------------------------------------------------------
|   0 | SELECT STATEMENT                      |                                |     1 | 20421 |    33   (0)| 00:00:01 |
|   1 |  TABLE ACCESS BY INDEX ROWID          | SI_METRICS_T                   |     1 |    34 |     1   (0)| 00:00:01 |
|*  2 |   INDEX RANGE SCAN                    | SI_METRICS_T_N7                |     1 |       |     1   (0)| 00:00:01 |
|   3 |   TABLE ACCESS BY INDEX ROWID         | MS_GRC_REFERENCE               |     1 |   215 |     1   (0)| 00:00:01 |
|*  4 |    INDEX UNIQUE SCAN                  | MS_GRC_REFERENCE_PK            |     1 |       |     1   (0)| 00:00:01 |
|   5 |  NESTED LOOPS                         |                                |     1 | 20421 |    33   (0)| 00:00:01 |
|   6 |   NESTED LOOPS                        |                                |     1 | 20410 |    32   (0)| 00:00:01 |
|   7 |    NESTED LOOPS                       |                                |     1 | 17600 |    31   (0)| 00:00:01 |
|   8 |     NESTED LOOPS                      |                                |  8168 |   167K|    30   (0)| 00:00:01 |
|   9 |      TABLE ACCESS BY INDEX ROWID      | SI_USERS_T                     |     1 |    19 |     1   (0)| 00:00:01 |
|* 10 |       INDEX RANGE SCAN                | SI_USERS_T_N3                  |     1 |       |     1   (0)| 00:00:01 |
<font style="background-color: lightblue; color: red">|  11 |      COLLECTION ITERATOR PICKLER FETCH| FN_REF_REPORT_FILTERS          |  8168 | 16336 |    29   (0)| 00:00:01 |</font>
|* 12 |     INDEX UNIQUE SCAN                 | MS_GRC_REF_SUMMARY_PK          |     1 | 17579 |     1   (0)| 00:00:01 |
|* 13 |      INDEX RANGE SCAN                 | MS_GRC_REFERENCE_SUMM_IDX1     |     1 |       |     1   (0)| 00:00:01 |
|  14 |    TABLE ACCESS BY INDEX ROWID        | MS_GRC_REFERENCE_MLS_SUMMARY   |     1 |  2810 |     1   (0)| 00:00:01 |
|* 15 |     INDEX RANGE SCAN                  | MS_GRC_REFERENCE_MLS_SUMM_IDX2 |     1 |       |     1   (0)| 00:00:01 |
|* 16 |   TABLE ACCESS BY INDEX ROWID         | SI_LOCALES                     |     1 |    11 |     1   (0)| 00:00:01 |
|* 17 |    INDEX UNIQUE SCAN                  | SI_LOCALES_U1                  |     1 |       |     1   (0)| 00:00:01 |
------------------------------------------------------------------------------------------------------------------------
 
</code></pre><header class="major"><h2>Query Block Name / Object Alias (identified by operation id):</h2></header><pre><code>
 
   1 - SEL$2        / SI_METRICS_T@SEL$2
   2 - SEL$2        / SI_METRICS_T@SEL$2
   3 - SEL$3        / MS_GRC_REFERENCE@SEL$3
   4 - SEL$3        / MS_GRC_REFERENCE@SEL$3
   5 - SEL$2416F508
   9 - SEL$2416F508 / T1@SEL$6
  10 - SEL$2416F508 / T1@SEL$6
  11 - SEL$2416F508 / KOKBF$0@SEL$5
  12 - SEL$2416F508 / REFSUMM@SEL$1
  13 - SEL$2416F508 / REFSUMM@SEL$1
  14 - SEL$2416F508 / REFMLSSUMM@SEL$1
  15 - SEL$2416F508 / REFMLSSUMM@SEL$1
  16 - SEL$2416F508 / T2@SEL$6
  17 - SEL$2416F508 / T2@SEL$6
 
</code></pre><header class="major"><h2>Predicate Information (identified by operation id):</h2></header><pre><code>
 
   2 - access("METRIC_NAME"='MS_GRC_REFERENCE')
   4 - access("OBJECT_ID"=:B1)
  10 - access("USER_NAME"=:19)
  12 - access("REFSUMM"."OBJECT_ID"=VALUE(KOKBF$))
  13 - access("REFSUMM"."OBJECT_ID"=VALUE(KOKBF$))
  15 - access("REFMLSSUMM"."OBJECT_ID"=VALUE(KOKBF$))
  16 - filter("T1"."LOCALE"="T2"."LOCALE_STRING")
  17 - access("LOCALE_ID"=TO_NUMBER("REFMLSSUMM"."LOCALE_ID"))
 
</code></pre><header class="major"><h2>Column Projection Information (identified by operation id):</h2></header><pre><code>
 
   1 - "SI_METRICS_T".ROWID[ROWID,10], "METRIC_ID"[NUMBER,22]
   2 - "SI_METRICS_T".ROWID[ROWID,10]
   3 - "MS_GRC_REFERENCE".ROWID[ROWID,10], "DD_INSTANCE_ID"[NUMBER,22]
   4 - "MS_GRC_REFERENCE".ROWID[ROWID,10]
   5 - (#keys=0) "T1".ROWID[ROWID,10], "USER_NAME"[VARCHAR2,80], "T1"."LOCALE"[VARCHAR2,100], VALUE(A0)[8000], 
       "REFSUMM".ROWID[ROWID,3034], "REFSUMM"."UPPER_OBJECT_NAME"[VARCHAR2,3000], "OBJ_REF_SUMM_WID"[NUMBER,22], 
       "REFSUMM"."OBJECT_ID"[VARCHAR2,400], "REFSUMM"."OBJECT_NAME"[VARCHAR2,4000], 
       "REFSUMM"."REFERENCE_URL"[VARCHAR2,4000], "REFSUMM"."FILE_URL"[VARCHAR2,4000], 
       "REFSUMM"."DESCRIPTION"[LOB,4000], "REFSUMM"."VALID_UNTIL"[DATE,7], "REFSUMM"."VALID_FROM"[DATE,7], 
       "REFSUMM"."DD_PROCESS_INSTANCE_ID"[NUMBER,22], "REFSUMM"."OWNER_NAME"[LOB,4000], 
       "REFSUMM"."OWNER_ORG_NAMES"[LOB,4000], "REFSUMM"."LEVEL_1_APPROVER"[VARCHAR2,1000], 
       "REFSUMM"."LEVEL_2_APPROVER"[VARCHAR2,1000], "REFSUMM"."UPDATED_BY"[VARCHAR2,804], 
       "REFSUMM"."UPDATED_ON"[DATE,7], "REFSUMM"."CREATED_BY"[VARCHAR2,804], "REFSUMM"."CREATED_ON"[DATE,7], 
       "REFSUMM"."REFERENCE_DOCUMENT"[VARCHAR2,4000], "REFSUMM".ROWID[ROWID,3034], "REFMLSSUMM".ROWID[ROWID,10], 
       "REFMLSSUMM"."OBJECT_ID"[VARCHAR2,400], "REFMLSSUMM"."LOCALE_ID"[VARCHAR2,400], 
       "REFMLSSUMM"."OBJECT_STATUS"[VARCHAR2,4000], "REFMLSSUMM"."REFERENCE_TYPE"[VARCHAR2,400], 
       "REFMLSSUMM"."REFERENCE_CATEGORY"[VARCHAR2,400], "T2".ROWID[ROWID,10], "LOCALE_ID"[NUMBER,22], 
       "T2"."LOCALE_STRING"[VARCHAR2,400]
   6 - (#keys=0) "T1".ROWID[ROWID,10], "USER_NAME"[VARCHAR2,80], "T1"."LOCALE"[VARCHAR2,100], VALUE(A0)[8000], 
       "REFSUMM".ROWID[ROWID,3034], "REFSUMM"."UPPER_OBJECT_NAME"[VARCHAR2,3000], "OBJ_REF_SUMM_WID"[NUMBER,22], 
       "REFSUMM"."OBJECT_ID"[VARCHAR2,400], "REFSUMM"."OBJECT_NAME"[VARCHAR2,4000], 
       "REFSUMM"."REFERENCE_URL"[VARCHAR2,4000], "REFSUMM"."FILE_URL"[VARCHAR2,4000], 
       "REFSUMM"."DESCRIPTION"[LOB,4000], "REFSUMM"."VALID_UNTIL"[DATE,7], "REFSUMM"."VALID_FROM"[DATE,7], 
       "REFSUMM"."DD_PROCESS_INSTANCE_ID"[NUMBER,22], "REFSUMM"."OWNER_NAME"[LOB,4000], 
       "REFSUMM"."OWNER_ORG_NAMES"[LOB,4000], "REFSUMM"."LEVEL_1_APPROVER"[VARCHAR2,1000], 
       "REFSUMM"."LEVEL_2_APPROVER"[VARCHAR2,1000], "REFSUMM"."UPDATED_BY"[VARCHAR2,804], 
       "REFSUMM"."UPDATED_ON"[DATE,7], "REFSUMM"."CREATED_BY"[VARCHAR2,804], "REFSUMM"."CREATED_ON"[DATE,7], 
       "REFSUMM"."REFERENCE_DOCUMENT"[VARCHAR2,4000], "REFSUMM".ROWID[ROWID,3034], "REFMLSSUMM".ROWID[ROWID,10], 
       "REFMLSSUMM"."OBJECT_ID"[VARCHAR2,400], "REFMLSSUMM"."LOCALE_ID"[VARCHAR2,400], 
       "REFMLSSUMM"."OBJECT_STATUS"[VARCHAR2,4000], "REFMLSSUMM"."REFERENCE_TYPE"[VARCHAR2,400], 
       "REFMLSSUMM"."REFERENCE_CATEGORY"[VARCHAR2,400]
   7 - (#keys=0) "T1".ROWID[ROWID,10], "USER_NAME"[VARCHAR2,80], "T1"."LOCALE"[VARCHAR2,100], VALUE(A0)[8000], 
       "REFSUMM".ROWID[ROWID,3034], "REFSUMM"."UPPER_OBJECT_NAME"[VARCHAR2,3000], "OBJ_REF_SUMM_WID"[NUMBER,22], 
       "REFSUMM"."OBJECT_ID"[VARCHAR2,400], "REFSUMM"."OBJECT_NAME"[VARCHAR2,4000], 
       "REFSUMM"."REFERENCE_URL"[VARCHAR2,4000], "REFSUMM"."FILE_URL"[VARCHAR2,4000], 
       "REFSUMM"."DESCRIPTION"[LOB,4000], "REFSUMM"."VALID_UNTIL"[DATE,7], "REFSUMM"."VALID_FROM"[DATE,7], 
       "REFSUMM"."DD_PROCESS_INSTANCE_ID"[NUMBER,22], "REFSUMM"."OWNER_NAME"[LOB,4000], 
       "REFSUMM"."OWNER_ORG_NAMES"[LOB,4000], "REFSUMM"."LEVEL_1_APPROVER"[VARCHAR2,1000], 
       "REFSUMM"."LEVEL_2_APPROVER"[VARCHAR2,1000], "REFSUMM"."UPDATED_BY"[VARCHAR2,804], 
       "REFSUMM"."UPDATED_ON"[DATE,7], "REFSUMM"."CREATED_BY"[VARCHAR2,804], "REFSUMM"."CREATED_ON"[DATE,7], 
       "REFSUMM"."REFERENCE_DOCUMENT"[VARCHAR2,4000], "REFSUMM".ROWID[ROWID,3034]
   8 - (#keys=0) "T1".ROWID[ROWID,10], "USER_NAME"[VARCHAR2,80], "T1"."LOCALE"[VARCHAR2,100], VALUE(A0)[8000]
   9 - "T1".ROWID[ROWID,10], "USER_NAME"[VARCHAR2,80], "T1"."LOCALE"[VARCHAR2,100]
  10 - "T1".ROWID[ROWID,10], "USER_NAME"[VARCHAR2,80]
  11 - VALUE(A0)[8000]
  12 - "REFSUMM"."UPPER_OBJECT_NAME"[VARCHAR2,3000], "REFSUMM"."OBJECT_ID"[VARCHAR2,400], 
       "REFSUMM"."OBJECT_NAME"[VARCHAR2,4000], "REFSUMM"."REFERENCE_URL"[VARCHAR2,4000], 
       "REFSUMM"."FILE_URL"[VARCHAR2,4000], "REFSUMM"."DESCRIPTION"[LOB,4000], "REFSUMM"."VALID_UNTIL"[DATE,7], 
       "REFSUMM"."VALID_FROM"[DATE,7], "REFSUMM"."DD_PROCESS_INSTANCE_ID"[NUMBER,22], 
       "REFSUMM"."OWNER_NAME"[LOB,4000], "REFSUMM"."OWNER_ORG_NAMES"[LOB,4000], 
       "REFSUMM"."LEVEL_1_APPROVER"[VARCHAR2,1000], "REFSUMM"."LEVEL_2_APPROVER"[VARCHAR2,1000], 
       "REFSUMM"."UPDATED_BY"[VARCHAR2,804], "REFSUMM"."UPDATED_ON"[DATE,7], "REFSUMM"."CREATED_BY"[VARCHAR2,804], 
       "REFSUMM"."CREATED_ON"[DATE,7], "REFSUMM"."REFERENCE_DOCUMENT"[VARCHAR2,4000]
  13 - "REFSUMM".ROWID[ROWID,3034], "REFSUMM"."UPPER_OBJECT_NAME"[VARCHAR2,3000], 
       "OBJ_REF_SUMM_WID"[NUMBER,22], "REFSUMM"."OBJECT_ID"[VARCHAR2,400], "REFSUMM"."OBJECT_NAME"[VARCHAR2,4000], 
       "REFSUMM"."REFERENCE_URL"[VARCHAR2,4000], "REFSUMM"."FILE_URL"[VARCHAR2,4000], 
       "REFSUMM"."DESCRIPTION"[LOB,4000], "REFSUMM"."VALID_UNTIL"[DATE,7], "REFSUMM"."VALID_FROM"[DATE,7], 
       "REFSUMM"."DD_PROCESS_INSTANCE_ID"[NUMBER,22], "REFSUMM"."OWNER_NAME"[LOB,4000], 
       "REFSUMM"."OWNER_ORG_NAMES"[LOB,4000], "REFSUMM"."LEVEL_1_APPROVER"[VARCHAR2,1000], 
       "REFSUMM"."LEVEL_2_APPROVER"[VARCHAR2,1000], "REFSUMM"."UPDATED_BY"[VARCHAR2,804], 
       "REFSUMM"."UPDATED_ON"[DATE,7], "REFSUMM"."CREATED_BY"[VARCHAR2,804], "REFSUMM"."CREATED_ON"[DATE,7], 
       "REFSUMM"."REFERENCE_DOCUMENT"[VARCHAR2,4000], "REFSUMM".ROWID[ROWID,3034]
  14 - "REFMLSSUMM"."LOCALE_ID"[VARCHAR2,400], "REFMLSSUMM"."OBJECT_STATUS"[VARCHAR2,4000], 
       "REFMLSSUMM"."REFERENCE_TYPE"[VARCHAR2,400], "REFMLSSUMM"."REFERENCE_CATEGORY"[VARCHAR2,400]
  15 - "REFMLSSUMM".ROWID[ROWID,10], "REFMLSSUMM"."LOCALE_ID"[VARCHAR2,400]
  17 - "T2".ROWID[ROWID,10]
										</code></pre>
								</section>
						</div>
					</div>

				<!-- Sidebar -->
				<div id="sidebar">
					<div class="inner">
						<!-- Menu -->
						<nav id="menu">
							<header class="major">
								<h2>Menu</h2>
							</header>
							<ul>
								<li><a href="../index.html">Module List</a></li>
								<li><a href="index.html">Summary</a></li>
								<li>
									<span class="opener">DB Analysis</span>
									<ul>
										<li><a href="bad-sql.html">Bad SQL</a></li>
										<li><a href="poor-sql.html">Poor SQL Plan</a></li>
										<li><a href="invalid-sql.html">Invalid SQL</a></li>
										<li><a href="full-sql.html">Full SQL Report</a></li>
										<li><a href="table-nil-key.html">Primary/Unique Key Miss</a></li>
										<li><a href="invalid-db-object.html">Invalid DB Objects</a></li>
									</ul>
								</li>
								<li>
									<span class="opener">Infolets</span>
									<ul>
										<li><a href="keep-history-infolets.html">Keep History Infolets</a></li>
									</ul>
								</li>
								<li>
									<span class="opener">Pushforms</span>
									<ul>
										<li><a href="pushform-denormalize.html">Pushform Denormalized</a></li>
									</ul>
								</li>
							</ul>
						</nav>

						<!-- Section -->
						<section>
							<header class="major">
								<h2>Get in touch</h2>
							</header>
							<p>You need more details on the report or want more functionality, don't hesitate to reach out to us.</p>
							<ul class="contact">
								<li class="fa-envelope-o"><a href="mailto:rnd@metricstream.com?Subject=Reg - Static Code Analysis Tool" target="_top">rnd@metricstream.com</a></li>
							</ul>
						</section>

						<!-- Footer -->
						<footer id="footer">
							<p class="copyright">&copy; <a href="http://www.metricstream.com" target="_blank">MetricStream</a>. All rights reserved. </p>
						</footer>
					</div>
				</div>
			</div>

		<!-- Scripts -->
			<script src="../../lib/assets/js/jquery.min.js"></script>
			<script src="../../lib/assets/js/skel.min.js"></script>
			<script src="../../lib/assets/js/util.js"></script>
			<!--[if lte IE 8]><script src="../../lib/assets/js/ie/respond.min.js"></script><![endif]-->
			<script src="../../lib/assets/js/main.js"></script>
	</body>
</html>