<!DOCTYPE HTML>
<html>
	<head>
		<title>Code Analysis - MetricStream</title>
		<meta charset="utf-8" />
		<meta name="viewport" content="width=device-width, initial-scale=1, user-scalable=no" />
		<!--[if lte IE 8]><script src="../../lib/assets/js/ie/html5shiv.js"></script><![endif]-->
		<link rel="stylesheet" href="../../lib/assets/css/main.css" />
		<!--[if lte IE 9]><link rel="stylesheet" href="../../lib/assets/css/ie9.css" /><![endif]-->
		<!--[if lte IE 8]><link rel="stylesheet" href="../../lib/assets/css/ie8.css" /><![endif]-->
	</head>
	<body>

		<!-- Wrapper -->
			<div id="wrapper">

				<!-- Main -->
					<div id="main">
						<div class="inner">
							<!-- Header -->
								<header id="header">
									<a href="index.html" class="logo"><strong>Static Code Analysis Report</strong> by Code Analyzer Tool</a>
								</header>

							<!-- Content -->
								<section>
									<!-- Content -->
										<header class="major"><h2>Infolet Details</h2></header>
										<div class="table-wrapper">
											<table>
												<tbody>
													<tr>
														<th>Name</th>
														<td>MS_GRC_61_SP2_AOC_TYPE (100685)</td>
													</tr>
													<tr>
														<th>SQL</th>
														<td><pre><code>SELECT c.Stored_Value as Stored_Value,
  c.Displayed_Value as AOC_Type,
  c.Lov_Name as Lov_Name,
  c.locale_id as locale_id
FROM MS_GRC_LOV_ORG_VALUES_V c,
  si_locales a,
  si_users_t b
WHERE c.locale_id      = a.locale_id
AND a.locale_string    = b.locale
AND b.user_name = :1
AND (trim(Lov_Name)    ='MS_GRC_AOC_TYPES')
 
and NVL(C.END_DATE,sysdate) >= sysdate and NVL(C.START_DATE,sysdate) <= sysdate
ORDER BY displayed_value ASC</code></pre></td>
													</tr>
													<tr>
														<th>Description</th>
														<td>This infolet extracts data from MS_GRC_LOV_ORG_VALUES_V table and is thereby used in Area of Compliance form</td>
													</tr>
												</tbody>
											</table>
										</div>

										<h2 align="center" id="content">Analysis Report</h2>
										<hr>

<header class="major"><h2>Plan hash value: 1518509315</h2></header><pre><code>
 
--------------------------------------------------------------------------------------------------------------------
| Id  | Operation                          | Name                          | Rows  | Bytes | Cost (%CPU)| Time     |
--------------------------------------------------------------------------------------------------------------------
|   0 | SELECT STATEMENT                   |                               |     3 |  7095 |    40   (3)| 00:00:01 |
|   1 |  SORT ORDER BY                     |                               |     3 |  7095 |    40   (3)| 00:00:01 |
|*  2 |   HASH JOIN                        |                               |     3 |  7095 |    39   (0)| 00:00:01 |
|   3 |    NESTED LOOPS OUTER              |                               |     1 |  2352 |    33   (0)| 00:00:01 |
|   4 |     NESTED LOOPS OUTER             |                               |     1 |  2327 |    32   (0)| 00:00:01 |
|*  5 |      HASH JOIN                     |                               |     1 |  2301 |    31   (0)| 00:00:01 |
|*  6 |       HASH JOIN                    |                               |     9 |   585 |    13   (0)| 00:00:01 |
|   7 |        NESTED LOOPS                |                               |     9 |   486 |    10   (0)| 00:00:01 |
|   8 |         TABLE ACCESS BY INDEX ROWID| SI_USERS_T                    |     1 |    19 |     1   (0)| 00:00:01 |
|*  9 |          INDEX UNIQUE SCAN         | USER_NAME_UK                  |     1 |       |     1   (0)| 00:00:01 |
<font style="background-color: lightblue; color: red">|* 10 |         TABLE ACCESS FULL          | MS_QS_LOV_NAMES               |     9 |   315 |     9   (0)| 00:00:01 |</font>
<font style="background-color: lightblue; color: red">|  11 |        TABLE ACCESS FULL           | SI_LOCALES                    |    35 |   385 |     3   (0)| 00:00:01 |</font>
|  12 |       VIEW                         |                               |  4234 |  9245K|    18   (0)| 00:00:01 |
<font style="background-color: lightblue; color: red">|  13 |        MERGE JOIN CARTESIAN        |                               |  4234 |   181K|    18   (0)| 00:00:01 |</font>
<font style="background-color: lightblue; color: red">|* 14 |         TABLE ACCESS FULL          | SI_LOCALES                    |     1 |     6 |     3   (0)| 00:00:01 |</font>
|  15 |         BUFFER SORT                |                               |  4234 |   157K|    15   (0)| 00:00:01 |
<font style="background-color: lightblue; color: red">|* 16 |          TABLE ACCESS FULL         | MS_QS_LIST_OF_VALUES_T        |  4234 |   157K|    15   (0)| 00:00:01 |</font>
|* 17 |      INDEX RANGE SCAN              | MS_QS_LOV_NAMES_TL_IDX        |     1 |    26 |     1   (0)| 00:00:01 |
|  18 |     TABLE ACCESS BY INDEX ROWID    | MS_QS_LIST_OF_VALUES_TL       |     1 |    25 |     1   (0)| 00:00:01 |
|* 19 |      INDEX RANGE SCAN              | MS_QS_LIST_OF_VALUES_TL_IDX   |     1 |       |     1   (0)| 00:00:01 |
|  20 |    VIEW                            | SI_REGISTER_APPLICATION_V     |    66 |   858 |     6   (0)| 00:00:01 |
|  21 |     UNION-ALL                      |                               |       |       |            |          |
|  22 |      NESTED LOOPS OUTER            |                               |    65 |  2145 |     4   (0)| 00:00:01 |
<font style="background-color: lightblue; color: red">|  23 |       TABLE ACCESS FULL            | SI_REGISTER_APPLICATION       |    65 |   455 |     3   (0)| 00:00:01 |</font>
|* 24 |       INDEX RANGE SCAN             | SI_REGISTER_APPLICATION_TL_N1 |     1 |    26 |     1   (0)| 00:00:01 |
|  25 |      FAST DUAL                     |                               |     1 |       |     2   (0)| 00:00:01 |
--------------------------------------------------------------------------------------------------------------------
 
</code></pre><header class="major"><h2>Query Block Name / Object Alias (identified by operation id):</h2></header><pre><code>
 
   1 - SEL$D3661FD6
   8 - SEL$D3661FD6 / B@SEL$1
   9 - SEL$D3661FD6 / B@SEL$1
  10 - SEL$D3661FD6 / T@SEL$7
  11 - SEL$D3661FD6 / A@SEL$1
  12 - SEL$7286615E / X@SEL$3
  13 - SEL$7286615E
  14 - SEL$7286615E / SI_LOCALES@SEL$5
  16 - SEL$7286615E / T@SEL$4
  17 - SEL$D3661FD6 / TL@SEL$7
  18 - SEL$D3661FD6 / TL@SEL$3
  19 - SEL$D3661FD6 / TL@SEL$3
  20 - SET$1        / SRA@SEL$6
  21 - SET$1       
  22 - SEL$8       
  23 - SEL$8        / T@SEL$8
  24 - SEL$8        / TL@SEL$8
  25 - SEL$11       / DUAL@SEL$11
 
</code></pre><header class="major"><h2>Predicate Information (identified by operation id):</h2></header><pre><code>
 
   2 - access(NVL("PACKAGE_ID",0)=NVL("SRA"."PACKAGE_ID",0))
   5 - access("X"."LOCALE_ID"="A"."LOCALE_ID" AND "X"."LOV_ID"="T"."LOV_ID")
   6 - access("A"."LOCALE_STRING"="B"."LOCALE")
   9 - access("B"."USER_NAME"=:1)
  10 - filter(TRIM("T"."LOV_NAME")='MS_GRC_AOC_TYPES')
  14 - filter("ENABLED_FLAG"='Y')
  16 - filter(NVL("T"."END_DATE",SYSDATE@!)>=SYSDATE@! AND NVL("T"."START_DATE",SYSDATE@!)<=SYSDATE@!)
  17 - access("T"."LOV_ID"="TL"."LOV_ID"(+) AND "TL"."LOCALE_ID"(+)=TO_NUMBER("SI_DB_LOCALE_SV"."GETVALUE"()
              ))
  19 - access("X"."LOV_VALUE_ID"="TL"."LOV_VALUE_ID"(+) AND "X"."LOCALE_ID"="TL"."LOCALE_ID"(+))
  24 - access("TL"."MODULE_ID"(+)="T"."MODULE_ID" AND 
              "TL"."LOCALE_ID"(+)=TO_NUMBER("SI_DB_LOCALE_SV"."GETVALUE"()))
 
</code></pre><header class="major"><h2>Column Projection Information (identified by operation id):</h2></header><pre><code>
 
   1 - (#keys=1) NVL("TL"."DISPLAYED_VALUE","X"."DISPLAYED_VALUE")[4000], "X"."STORED_VALUE"[VARCHAR2,400], 
       "X"."LOCALE_ID"[NUMBER,22], "T"."LOV_NAME"[VARCHAR2,400]
   2 - (#keys=1) "X"."LOCALE_ID"[NUMBER,22], "T"."LOV_NAME"[VARCHAR2,400], 
       "X"."STORED_VALUE"[VARCHAR2,400], "X"."DISPLAYED_VALUE"[VARCHAR2,4000], 
       "TL"."DISPLAYED_VALUE"[VARCHAR2,4000]
   3 - (#keys=0) "X"."LOCALE_ID"[NUMBER,22], "PACKAGE_ID"[NUMBER,22], "T"."LOV_NAME"[VARCHAR2,400], 
       "X"."STORED_VALUE"[VARCHAR2,400], "X"."DISPLAYED_VALUE"[VARCHAR2,4000], 
       "TL"."DISPLAYED_VALUE"[VARCHAR2,4000]
   4 - (#keys=0) "X"."LOCALE_ID"[NUMBER,22], "PACKAGE_ID"[NUMBER,22], "T"."LOV_NAME"[VARCHAR2,400], 
       "X"."LOV_VALUE_ID"[NUMBER,22], "X"."STORED_VALUE"[VARCHAR2,400], "X"."DISPLAYED_VALUE"[VARCHAR2,4000]
   5 - (#keys=2) "X"."LOCALE_ID"[NUMBER,22], "T"."LOV_ID"[NUMBER,22], "PACKAGE_ID"[NUMBER,22], 
       "T"."LOV_NAME"[VARCHAR2,400], "X"."LOV_VALUE_ID"[NUMBER,22], "X"."STORED_VALUE"[VARCHAR2,400], 
       "X"."DISPLAYED_VALUE"[VARCHAR2,4000]
   6 - (#keys=1) "PACKAGE_ID"[NUMBER,22], "T"."LOV_NAME"[VARCHAR2,400], "T"."LOV_ID"[NUMBER,22], 
       "A"."LOCALE_ID"[NUMBER,22]
   7 - (#keys=0) "B"."LOCALE"[VARCHAR2,400], "T"."LOV_NAME"[VARCHAR2,400], "T"."LOV_ID"[NUMBER,22], 
       "PACKAGE_ID"[NUMBER,22]
   8 - "B"."LOCALE"[VARCHAR2,400]
   9 - "B".ROWID[ROWID,10]
  10 - "T"."LOV_NAME"[VARCHAR2,400], "T"."LOV_ID"[NUMBER,22], "PACKAGE_ID"[NUMBER,22]
  11 - "A"."LOCALE_ID"[NUMBER,22], "A"."LOCALE_STRING"[VARCHAR2,400]
  12 - "X"."LOV_VALUE_ID"[NUMBER,22], "X"."LOV_ID"[NUMBER,22], "X"."STORED_VALUE"[VARCHAR2,400], 
       "X"."DISPLAYED_VALUE"[VARCHAR2,4000], "X"."LOCALE_ID"[NUMBER,22]
  13 - (#keys=0) "LOCALE_ID"[NUMBER,22], "T"."LOV_VALUE_ID"[NUMBER,22], "T"."LOV_ID"[NUMBER,22], 
       "T"."STORED_VALUE"[VARCHAR2,400], "T"."DISPLAYED_VALUE"[VARCHAR2,4000]
  14 - "LOCALE_ID"[NUMBER,22]
  15 - (#keys=0) "T"."LOV_VALUE_ID"[NUMBER,22], "T"."LOV_ID"[NUMBER,22], "T"."STORED_VALUE"[VARCHAR2,400], 
       "T"."DISPLAYED_VALUE"[VARCHAR2,4000]
  16 - "T"."LOV_VALUE_ID"[NUMBER,22], "T"."LOV_ID"[NUMBER,22], "T"."STORED_VALUE"[VARCHAR2,400], 
       "T"."DISPLAYED_VALUE"[VARCHAR2,4000]
  18 - "TL"."DISPLAYED_VALUE"[VARCHAR2,4000]
  19 - "TL".ROWID[ROWID,10]
  20 - "SRA"."PACKAGE_ID"[NUMBER,22]
  21 - STRDEF[22]
  22 - (#keys=0) "T"."MODULE_ID"[NUMBER,22]
  23 - "T"."MODULE_ID"[NUMBER,22]
										</code></pre>
								</section>
						</div>
					</div>

				<!-- Sidebar -->
				<div id="sidebar">
					<div class="inner">
						<!-- Menu -->
						<nav id="menu">
							<header class="major">
								<h2>Menu</h2>
							</header>
							<ul>
								<li><a href="../index.html">Module List</a></li>
								<li><a href="index.html">Summary</a></li>
								<li>
									<span class="opener">DB Analysis</span>
									<ul>
										<li><a href="bad-sql.html">Bad SQL</a></li>
										<li><a href="poor-sql.html">Poor SQL Plan</a></li>
										<li><a href="invalid-sql.html">Invalid SQL</a></li>
										<li><a href="full-sql.html">Full SQL Report</a></li>
										<li><a href="table-nil-key.html">Primary/Unique Key Miss</a></li>
										<li><a href="invalid-db-object.html">Invalid DB Objects</a></li>
										<li><a href="sequence-with-less-cache.html">Sequence</a></li>
										<li><a href="table-index-lob-size.html">Table Size</a></li>
										<li><a href="table-row-count.html">Table Row Count</a></li>
									</ul>
								</li>
								<li>
								    <span class="opener">LOB</span>
								    <ul>
								        <li><a href="lob-no-cache.html">LOB - No Cache</a></li>
								        <li><a href="lob-columns.html">LOB - All Columns</a></li>
								    </ul>
								</li>
								<li>
									<span class="opener">Infolets</span>
									<ul>
										<li><a href="keep-history-infolets.html">Keep History Infolets</a></li>
										<li><a href="plsql-context-switch.html">SQL-PL/SQL Context Switch</a></li>
									</ul>
								</li>
								<li>
									<span class="opener">Pushforms</span>
									<ul>
										<li><a href="pushform-denormalize.html">Pushform Denormalized</a></li>
									</ul>
								</li>
								<li>
									<span class="opener">PL/SQL</span>
									<ul>
										<li><a href="plsql-dyn-qry-objs.html">Dynamic Query</a></li>
									</ul>
								</li>
							</ul>
						</nav>

						<!-- Section -->
						<section>
							<header class="major">
								<h2>Get in touch</h2>
							</header>
							<p>You need more details on the report or want more functionality, don't hesitate to reach out to us.</p>
							<ul class="contact">
								<li class="fa-envelope-o"><a href="mailto:apps-rnd-arch-team@metricstream.com?Subject=Reg - Code Analysis Tool" target="_top">apps-rnd-arch-team@metricstream.com</a></li>
							</ul>
						</section>

						<!-- Footer -->
						<footer id="footer">
							<p class="copyright">&copy; <a href="http://www.metricstream.com" target="_blank">MetricStream</a>. All rights reserved. </p>
						</footer>
					</div>
				</div>
			</div>

		<!-- Scripts -->
			<script src="../../lib/assets/js/jquery.min.js"></script>
			<script src="../../lib/assets/js/skel.min.js"></script>
			<script src="../../lib/assets/js/util.js"></script>
			<!--[if lte IE 8]><script src="../../lib/assets/js/ie/respond.min.js"></script><![endif]-->
			<script src="../../lib/assets/js/main.js"></script>
	</body>
</html>