<!DOCTYPE HTML>
<html>
	<head>
		<title>Code Analysis - MetricStream</title>
		<meta charset="utf-8" />
		<meta name="viewport" content="width=device-width, initial-scale=1, user-scalable=no" />
		<!--[if lte IE 8]><script src="../../lib/assets/js/ie/html5shiv.js"></script><![endif]-->
		<link rel="stylesheet" href="../../lib/assets/css/main.css" />
		<!--[if lte IE 9]><link rel="stylesheet" href="../../lib/assets/css/ie9.css" /><![endif]-->
		<!--[if lte IE 8]><link rel="stylesheet" href="../../lib/assets/css/ie8.css" /><![endif]-->
	</head>
	<body>

		<!-- Wrapper -->
			<div id="wrapper">

				<!-- Main -->
					<div id="main">
						<div class="inner">
							<!-- Header -->
								<header id="header">
									<a href="index.html" class="logo"><strong>Static Code Analysis Report</strong> by Code Analyzer Tool</a>
								</header>

							<!-- Content -->
								<section>
									<!-- Content -->
										<header class="major"><h2>Infolet Details</h2></header>
										<div class="table-wrapper">
											<table>
												<tbody>
													<tr>
														<td><b>Name</b></td>
														<td>MS_GRC_Exception_Users (100837)</td>
													</tr>
													<tr>
														<td><b>SQL</b></td>
														<td><pre><code>SELECT DISTINCT (a.user_name) AS user_name,
USER_FULL_NAME as UserFullName,
c.locale_id as locale_id
    FROM SI_USER_ORG_ACT_VIEW a
    ,si_locales c,
si_users_t d where 
c.locale_string = d.locale
AND d.user_name = :1
and activity_name IN ('GRC - Edit GRC Object')</code></pre></td>
													</tr>
													<tr>
														<td><b>Description</b></td>
														<td>This infolet extracts data from SI_USER_ORG_ACT_VIEW view and is thereby used in Exception form</td>
													</tr>
												</tbody>
											</table>
										</div>

										<h2 align="center" id="content">Analysis Report</h2>
										<hr>

<header class="major"><h2>Plan hash value: 841758360</h2></header><pre><code>
 
-------------------------------------------------------------------------------------------------------------------
| Id  | Operation                                | Name                   | Rows  | Bytes | Cost (%CPU)| Time     |
-------------------------------------------------------------------------------------------------------------------
|   0 | SELECT STATEMENT                         |                        |     1 |   224 |    24   (5)| 00:00:01 |
|   1 |  SORT UNIQUE                             |                        |     1 |   224 |    24   (5)| 00:00:01 |
|   2 |   NESTED LOOPS                           |                        |     1 |   224 |    23   (0)| 00:00:01 |
|   3 |    NESTED LOOPS                          |                        |     1 |   224 |    23   (0)| 00:00:01 |
|   4 |     NESTED LOOPS                         |                        |     1 |   190 |    22   (0)| 00:00:01 |
|   5 |      NESTED LOOPS                        |                        |     1 |   180 |    21   (0)| 00:00:01 |
|   6 |       NESTED LOOPS                       |                        |     1 |   175 |    20   (0)| 00:00:01 |
|   7 |        NESTED LOOPS                      |                        |     1 |   169 |    19   (0)| 00:00:01 |
|   8 |         NESTED LOOPS                     |                        |     1 |   154 |    18   (0)| 00:00:01 |
<font style="background-color: lightblue; color: red">|   9 |          MERGE JOIN CARTESIAN            |                        |     1 |   144 |    16   (0)| 00:00:01 |</font>
|* 10 |           HASH JOIN                      |                        |     1 |   112 |    15   (0)| 00:00:01 |
|* 11 |            HASH JOIN                     |                        |     1 |    95 |    12   (0)| 00:00:01 |
|* 12 |             HASH JOIN                    |                        |     1 |    84 |     9   (0)| 00:00:01 |
|  13 |              NESTED LOOPS                |                        |     1 |    51 |     4   (0)| 00:00:01 |
|  14 |               TABLE ACCESS BY INDEX ROWID| SI_USERS_T             |     1 |    19 |     1   (0)| 00:00:01 |
|* 15 |                INDEX RANGE SCAN          | SI_USERS_T_N3          |     1 |       |     1   (0)| 00:00:01 |
<font style="background-color: lightblue; color: red">|* 16 |               TABLE ACCESS FULL          | MS_QS_PARAMETER_TYPES  |     1 |    32 |     3   (0)| 00:00:01 |</font>
<font style="background-color: lightblue; color: red">|* 17 |              TABLE ACCESS FULL           | MS_QS_PARAMETER_NAMES  |     3 |    99 |     5   (0)| 00:00:01 |</font>
<font style="background-color: lightblue; color: red">|  18 |             TABLE ACCESS FULL            | SI_LOCALES             |    35 |   385 |     3   (0)| 00:00:01 |</font>
<font style="background-color: lightblue; color: red">|* 19 |            TABLE ACCESS FULL             | MS_QS_PARAMETER_VALUES |   257 |  4369 |     3   (0)| 00:00:01 |</font>
|  20 |           BUFFER SORT                    |                        |     1 |    32 |    13   (0)| 00:00:01 |
|  21 |            TABLE ACCESS BY INDEX ROWID   | SI_ACTIVITIES_T        |     1 |    32 |     1   (0)| 00:00:01 |
|* 22 |             INDEX RANGE SCAN             | SI_ACTIVITIES_N2       |     1 |       |     1   (0)| 00:00:01 |
|* 23 |          INDEX FULL SCAN                 | SI_ROLE_ACTIVITIES_N2  |     3 |    30 |     2   (0)| 00:00:01 |
|  24 |         TABLE ACCESS BY INDEX ROWID      | SI_ORG_ROLES           |     1 |    15 |     1   (0)| 00:00:01 |
|* 25 |          INDEX RANGE SCAN                | SI_ORG_ROLES_N2        |     1 |       |     1   (0)| 00:00:01 |
|* 26 |        TABLE ACCESS BY INDEX ROWID       | SI_ORG_ENTITIES_T      |     1 |     6 |     1   (0)| 00:00:01 |
|* 27 |         INDEX RANGE SCAN                 | SI_ORG_ENTITIES_N5     |     1 |       |     1   (0)| 00:00:01 |
|* 28 |       INDEX RANGE SCAN                   | SI_ROLES_N2            |     1 |     5 |     1   (0)| 00:00:01 |
|* 29 |      INDEX RANGE SCAN                    | SI_USER_ORG_ROLES_N2   |     2 |    20 |     1   (0)| 00:00:01 |
|* 30 |     INDEX UNIQUE SCAN                    | SI_USERS_T_N1          |     1 |       |     1   (0)| 00:00:01 |
|* 31 |    TABLE ACCESS BY INDEX ROWID           | SI_USERS_T             |     1 |    34 |     1   (0)| 00:00:01 |
-------------------------------------------------------------------------------------------------------------------
 
</code></pre><header class="major"><h2>Query Block Name / Object Alias (identified by operation id):</h2></header><pre><code>
 
   1 - SEL$F5BB74E1
  14 - SEL$F5BB74E1 / D@SEL$1
  15 - SEL$F5BB74E1 / D@SEL$1
  16 - SEL$F5BB74E1 / PTYPE@SEL$2
  17 - SEL$F5BB74E1 / PNAME@SEL$2
  18 - SEL$F5BB74E1 / C@SEL$1
  19 - SEL$F5BB74E1 / PVALUE@SEL$2
  21 - SEL$F5BB74E1 / ACT@SEL$2
  22 - SEL$F5BB74E1 / ACT@SEL$2
  23 - SEL$F5BB74E1 / ROLE_ACT@SEL$2
  24 - SEL$F5BB74E1 / ORG_ROLES@SEL$2
  25 - SEL$F5BB74E1 / ORG_ROLES@SEL$2
  26 - SEL$F5BB74E1 / ORGS@SEL$2
  27 - SEL$F5BB74E1 / ORGS@SEL$2
  28 - SEL$F5BB74E1 / ROLES@SEL$2
  29 - SEL$F5BB74E1 / USR_ORG_ROLES@SEL$2
  30 - SEL$F5BB74E1 / USERS@SEL$2
  31 - SEL$F5BB74E1 / USERS@SEL$2
 
</code></pre><header class="major"><h2>Predicate Information (identified by operation id):</h2></header><pre><code>
 
  10 - access("PNAME"."PARAMETER_ID"="PVALUE"."PARAMETER_ID" AND 
              "PTYPE"."PARAMETER_TYPE_ID"="PVALUE"."PARAMETER_TYPE_ID")
  11 - access("C"."LOCALE_STRING"="D"."LOCALE")
  12 - access("PTYPE"."PARAMETER_TYPE_ID"="PNAME"."PARAMETER_TYPE_ID")
  15 - access("D"."USER_NAME"=:1)
  16 - filter(UPPER("PTYPE"."PARAMETER_TYPE")='MS APPS USER NAME DISPLAY FORMAT')
  17 - filter(UPPER("PNAME"."PARAMETER_NAME")='DISPLAY_FORMAT')
  19 - filter("PVALUE"."ORG_ENTITY_ID"=1)
  22 - access("ACT"."ACTIVITY_NAME"='GRC - Edit GRC Object')
  23 - access("ROLE_ACT"."ACTIVITY_ID"="ACT"."ACTIVITY_ID")
       filter("ROLE_ACT"."ACTIVITY_ID"="ACT"."ACTIVITY_ID")
  25 - access("ROLE_ACT"."ROLE_ID"="ORG_ROLES"."ROLE_ID")
  26 - filter(NVL("ORGS"."END_DATE",SYSDATE@!)>=SYSDATE@!)
  27 - access("ORGS"."ORG_ENTITY_ID"="ORG_ROLES"."ORG_ENTITY_ID")
  28 - access("ROLES"."ROLE_ID"="ORG_ROLES"."ROLE_ID")
  29 - access("USR_ORG_ROLES"."ORG_ROLE_ID"="ORG_ROLES"."ORG_ROLE_ID")
  30 - access("USERS"."USER_ID"="USR_ORG_ROLES"."USER_ID")
  31 - filter(NVL("USERS"."END_DATE",SYSDATE@!)>=SYSDATE@!)
 
</code></pre><header class="major"><h2>Column Projection Information (identified by operation id):</h2></header><pre><code>
 
   1 - (#keys=3) "USERS"."USER_NAME"[VARCHAR2,80], CASE "PVALUE"."PARAMETER_VALUE" WHEN '2' THEN 
       "USERS"."LAST_NAME"||' '||"USERS"."FIRST_NAME" WHEN '3' THEN "USERS"."LAST_NAME"||','||' 
       '||"USERS"."FIRST_NAME"||' '||'('||"USERS"."USER_NAME"||')' WHEN '1' THEN "USERS"."FIRST_NAME"||' 
       '||"USERS"."LAST_NAME" WHEN '4' THEN "USERS"."FIRST_NAME"||','||' '||"USERS"."LAST_NAME"||' 
       '||'('||"USERS"."USER_NAME"||')' ELSE "USERS"."LAST_NAME"||' '||"USERS"."FIRST_NAME" END [285], 
       "C"."LOCALE_ID"[NUMBER,22]
   2 - (#keys=0) "C"."LOCALE_ID"[NUMBER,22], "PVALUE"."PARAMETER_VALUE"[VARCHAR2,400], 
       "USERS"."LAST_NAME"[VARCHAR2,100], "USERS"."FIRST_NAME"[VARCHAR2,100], "USERS"."USER_NAME"[VARCHAR2,80]
   3 - (#keys=0) "C"."LOCALE_ID"[NUMBER,22], "PVALUE"."PARAMETER_VALUE"[VARCHAR2,400], 
       "USERS".ROWID[ROWID,10]
   4 - (#keys=0) "C"."LOCALE_ID"[NUMBER,22], "PVALUE"."PARAMETER_VALUE"[VARCHAR2,400], 
       "USR_ORG_ROLES"."USER_ID"[NUMBER,22]
   5 - (#keys=0) "C"."LOCALE_ID"[NUMBER,22], "PVALUE"."PARAMETER_VALUE"[VARCHAR2,400], 
       "ORG_ROLES"."ORG_ROLE_ID"[NUMBER,22]
   6 - (#keys=0) "C"."LOCALE_ID"[NUMBER,22], "PVALUE"."PARAMETER_VALUE"[VARCHAR2,400], 
       "ORG_ROLES"."ORG_ROLE_ID"[NUMBER,22], "ORG_ROLES"."ROLE_ID"[NUMBER,22]
   7 - (#keys=0) "C"."LOCALE_ID"[NUMBER,22], "PVALUE"."PARAMETER_VALUE"[VARCHAR2,400], 
       "ORG_ROLES"."ORG_ROLE_ID"[NUMBER,22], "ORG_ROLES"."ORG_ENTITY_ID"[NUMBER,22], 
       "ORG_ROLES"."ROLE_ID"[NUMBER,22]
   8 - (#keys=0) "C"."LOCALE_ID"[NUMBER,22], "PVALUE"."PARAMETER_VALUE"[VARCHAR2,400], 
       "ROLE_ACT"."ROLE_ID"[NUMBER,22]
   9 - (#keys=0) "C"."LOCALE_ID"[NUMBER,22], "PVALUE"."PARAMETER_VALUE"[VARCHAR2,400], 
       "ACT"."ACTIVITY_ID"[NUMBER,22]
  10 - (#keys=2) "C"."LOCALE_ID"[NUMBER,22], "PVALUE"."PARAMETER_VALUE"[VARCHAR2,400]
  11 - (#keys=1) "PTYPE"."PARAMETER_TYPE_ID"[NUMBER,22], "PNAME"."PARAMETER_ID"[NUMBER,22], 
       "C"."LOCALE_ID"[NUMBER,22]
  12 - (#keys=1) "PTYPE"."PARAMETER_TYPE_ID"[NUMBER,22], "D"."LOCALE"[VARCHAR2,100], 
       "PNAME"."PARAMETER_ID"[NUMBER,22]
  13 - (#keys=0) "D"."LOCALE"[VARCHAR2,100], "PTYPE"."PARAMETER_TYPE_ID"[NUMBER,22]
  14 - "D"."LOCALE"[VARCHAR2,100]
  15 - "D".ROWID[ROWID,10]
  16 - "PTYPE"."PARAMETER_TYPE_ID"[NUMBER,22]
  17 - "PNAME"."PARAMETER_ID"[NUMBER,22], "PNAME"."PARAMETER_TYPE_ID"[NUMBER,22]
  18 - "C"."LOCALE_ID"[NUMBER,22], "C"."LOCALE_STRING"[VARCHAR2,400]
  19 - "PVALUE"."PARAMETER_TYPE_ID"[NUMBER,22], "PVALUE"."PARAMETER_ID"[NUMBER,22], 
       "PVALUE"."PARAMETER_VALUE"[VARCHAR2,400]
  20 - (#keys=0) "ACT"."ACTIVITY_ID"[NUMBER,22]
  21 - "ACT"."ACTIVITY_ID"[NUMBER,22]
  22 - "ACT".ROWID[ROWID,10]
  23 - "ROLE_ACT"."ROLE_ID"[NUMBER,22]
  24 - "ORG_ROLES"."ORG_ROLE_ID"[NUMBER,22], "ORG_ROLES"."ORG_ENTITY_ID"[NUMBER,22], 
       "ORG_ROLES"."ROLE_ID"[NUMBER,22]
  25 - "ORG_ROLES".ROWID[ROWID,10], "ORG_ROLES"."ROLE_ID"[NUMBER,22]
  27 - "ORGS".ROWID[ROWID,10]
  29 - "USR_ORG_ROLES"."USER_ID"[NUMBER,22]
  30 - "USERS".ROWID[ROWID,10]
  31 - "USERS"."LAST_NAME"[VARCHAR2,100], "USERS"."FIRST_NAME"[VARCHAR2,100], 
       "USERS"."USER_NAME"[VARCHAR2,80]
										</code></pre>
								</section>
						</div>
					</div>

				<!-- Sidebar -->
				<div id="sidebar">
					<div class="inner">
						<!-- Menu -->
						<nav id="menu">
							<header class="major">
								<h2>Menu</h2>
							</header>
							<ul>
								<li><a href="../index.html">Module List</a></li>
								<li><a href="index.html">Summary</a></li>
								<li>
									<span class="opener">DB Analysis</span>
									<ul>
										<li><a href="bad-sql.html">Bad SQL</a></li>
										<li><a href="poor-sql.html">Poor SQL Plan</a></li>
										<li><a href="invalid-sql.html">Invalid SQL</a></li>
										<li><a href="full-sql.html">Full SQL Report</a></li>
										<li><a href="table-nil-key.html">Primary/Unique Key Miss</a></li>
										<li><a href="invalid-db-object.html">Invalid DB Objects</a></li>
									</ul>
								</li>
								<li>
									<span class="opener">Infolets</span>
									<ul>
										<li><a href="keep-history-infolets.html">Keep History Infolets</a></li>
									</ul>
								</li>
								<li>
									<span class="opener">Pushforms</span>
									<ul>
										<li><a href="pushform-denormalize.html">Pushform Denormalized</a></li>
									</ul>
								</li>
							</ul>
						</nav>

						<!-- Section -->
						<section>
							<header class="major">
								<h2>Get in touch</h2>
							</header>
							<p>You need more details on the report or want more functionality, don't hesitate to reach out to us.</p>
							<ul class="contact">
								<li class="fa-envelope-o"><a href="mailto:rnd@metricstream.com?Subject=Reg - Static Code Analysis Tool" target="_top">rnd@metricstream.com</a></li>
							</ul>
						</section>

						<!-- Footer -->
						<footer id="footer">
							<p class="copyright">&copy; <a href="http://www.metricstream.com" target="_blank">MetricStream</a>. All rights reserved. </p>
						</footer>
					</div>
				</div>
			</div>

		<!-- Scripts -->
			<script src="../../lib/assets/js/jquery.min.js"></script>
			<script src="../../lib/assets/js/skel.min.js"></script>
			<script src="../../lib/assets/js/util.js"></script>
			<!--[if lte IE 8]><script src="../../lib/assets/js/ie/respond.min.js"></script><![endif]-->
			<script src="../../lib/assets/js/main.js"></script>
	</body>
</html>