<!DOCTYPE HTML>
<html>
	<head>
		<title>Code Analysis - MetricStream</title>
		<meta charset="utf-8" />
		<meta name="viewport" content="width=device-width, initial-scale=1, user-scalable=no" />
		<!--[if lte IE 8]><script src="../../lib/assets/js/ie/html5shiv.js"></script><![endif]-->
		<link rel="stylesheet" href="../../lib/assets/css/main.css" />
		<!--[if lte IE 9]><link rel="stylesheet" href="../../lib/assets/css/ie9.css" /><![endif]-->
		<!--[if lte IE 8]><link rel="stylesheet" href="../../lib/assets/css/ie8.css" /><![endif]-->
	</head>
	<body>

		<!-- Wrapper -->
			<div id="wrapper">

				<!-- Main -->
					<div id="main">
						<div class="inner">
							<!-- Header -->
								<header id="header">
									<a href="index.html" class="logo"><strong>Static Code Analysis Report</strong> by Code Analyzer Tool</a>
								</header>

							<!-- Content -->
								<section>
									<!-- Content -->
										<header class="major"><h2>Infolet Details</h2></header>
										<div class="table-wrapper">
											<table>
												<tbody>
													<tr>
														<td><b>Name</b></td>
														<td>MS_GRC_MREF_Drilldown_Rpt_Inf (103147)</td>
													</tr>
													<tr>
														<td><b>SQL</b></td>
														<td><pre><code>SELECT ctrl.object_id                                                        AS object_id ,
  ctrl.object_name                                                           AS object_name ,
  ctrl.object_status                                                       AS object_status ,
  inn.rel_dir_type                                                           AS relationship_type,
(MS_GRC_UTILITIES.FN_GET_REPORT_JSON((SELECT METRIC_ID FROM SI_METRICS_T WHERE METRIC_NAME='MS_GRC_MODEL_REFERENCE'),ctrl.DD_PROCESS_INSTANCE_ID,(SELECT DD_INSTANCE_ID FROM MS_GRC_MODEL_REFERENCE WHERE OBJECT_ID=ctrl.OBJECT_ID),
'''flag=1'||CHR(38)||'emd=1'||CHR(38)||'x_edit_mode=Yes'||CHR (38)|| 'wrapper= No'|| CHR (38)|| 'mode=view''')) AS REPORT_JSON
  FROM
  (SELECT DISTINCT tgt_obj_id,
    Src_Obj_Id ,
    rel_dir_type
  FROM ms_grc_orb_relations_pub_v vw
  WHERE vw.tgt_obj_type ='MS_GRC_MODEL_REFERENCE'
  AND vw.src_obj_type   = :1
  ) inn,
  MS_GRC_MREF_ENTP_RV ctrl
WHERE inn.Src_Obj_Id = :2
AND inn.tgt_obj_id   = ctrl.object_id
and 
ctrl.LOCALE = (SELECT LOCALE FROM si_users_t where USER_NAME = :3)
order by ctrl.upper_object_name</code></pre></td>
													</tr>
													<tr>
														<td><b>Description</b></td>
														<td>This infolet fetches related Model reference</td>
													</tr>
												</tbody>
											</table>
										</div>

										<h2 align="center" id="content">Analysis Report</h2>
										<hr>

<header class="major"><h2>Plan hash value: 67911898</h2></header><pre><code>
 
----------------------------------------------------------------------------------------------------------------------------
| Id  | Operation                                  | Name                          | Rows  | Bytes | Cost (%CPU)| Time     |
----------------------------------------------------------------------------------------------------------------------------
|   0 | SELECT STATEMENT                           |                               |     1 |  6250 |    35   (6)| 00:00:01 |
|   1 |  TABLE ACCESS BY INDEX ROWID               | SI_METRICS_T                  |     1 |    34 |     1   (0)| 00:00:01 |
|*  2 |   INDEX RANGE SCAN                         | SI_METRICS_T_N7               |     1 |       |     1   (0)| 00:00:01 |
|   3 |   TABLE ACCESS BY INDEX ROWID              | MS_GRC_MODEL_REFERENCE        |     1 |   215 |     1   (0)| 00:00:01 |
|*  4 |    INDEX UNIQUE SCAN                       | MS_GRC_MODEL_REFERENCE_PK     |     1 |       |     1   (0)| 00:00:01 |
|   5 |  SORT ORDER BY                             |                               |     1 |  6250 |    35   (6)| 00:00:01 |
|   6 |   NESTED LOOPS                             |                               |     1 |  6250 |    34   (3)| 00:00:01 |
|*  7 |    HASH JOIN OUTER                         |                               |     1 |  6220 |    33   (4)| 00:00:01 |
|*  8 |     HASH JOIN                              |                               |     1 |  6194 |    31   (4)| 00:00:01 |
|*  9 |      HASH JOIN                             |                               |     1 |  6180 |    11  (10)| 00:00:01 |
|  10 |       NESTED LOOPS                         |                               |     1 |  6174 |    10  (10)| 00:00:01 |
|  11 |        NESTED LOOPS                        |                               |     1 |  3755 |     9  (12)| 00:00:01 |
|  12 |         VIEW                               |                               |     2 |    46 |     8  (13)| 00:00:01 |
|  13 |          SORT UNIQUE                       |                               |     2 |    74 |     8  (13)| 00:00:01 |
|  14 |           VIEW                             | MS_GRC_ORB_RELATIONS_PUB_V    |     2 |    74 |     7   (0)| 00:00:01 |
|  15 |            UNION-ALL                       |                               |       |       |            |          |
|  16 |             NESTED LOOPS                   |                               |     1 |   141 |     3   (0)| 00:00:01 |
|  17 |              NESTED LOOPS                  |                               |     2 |   141 |     3   (0)| 00:00:01 |
<font style="background-color: lightblue; color: red">|  18 |               MERGE JOIN CARTESIAN         |                               |     1 |    73 |     2   (0)| 00:00:01 |</font>
|  19 |                TABLE ACCESS BY INDEX ROWID | MS_GRC_ORB_RELATIONS          |     1 |    29 |     1   (0)| 00:00:01 |
|* 20 |                 INDEX RANGE SCAN           | MS_GRC_ORB_RELATIONS_IDX1     |     1 |       |     1   (0)| 00:00:01 |
|  21 |                BUFFER SORT                 |                               |     1 |    44 |     1   (0)| 00:00:01 |
|  22 |                 TABLE ACCESS BY INDEX ROWID| MS_GRC_REL_DEFN               |     1 |    44 |     1   (0)| 00:00:01 |
|* 23 |                  INDEX RANGE SCAN          | MS_GRC_REL_DEFN_IDX1          |     1 |       |     1   (0)| 00:00:01 |
|* 24 |               INDEX RANGE SCAN             | MS_GRC_ORB_RELATIONS_ORB_FK2  |     2 |       |     1   (0)| 00:00:01 |
|* 25 |              TABLE ACCESS BY INDEX ROWID   | MS_GRC_ORB_RELATIONS_ORB      |     1 |    68 |     1   (0)| 00:00:01 |
|  26 |             NESTED LOOPS                   |                               |     1 |   141 |     4   (0)| 00:00:01 |
|  27 |              NESTED LOOPS                  |                               |     1 |   112 |     3   (0)| 00:00:01 |
|  28 |               TABLE ACCESS BY INDEX ROWID  | MS_GRC_REL_DEFN               |     1 |    44 |     1   (0)| 00:00:01 |
|* 29 |                INDEX RANGE SCAN            | MS_GRC_REL_DEFN_IDX1          |     1 |       |     1   (0)| 00:00:01 |
|* 30 |               TABLE ACCESS BY INDEX ROWID  | MS_GRC_ORB_RELATIONS_ORB      |     1 |    68 |     2   (0)| 00:00:01 |
|* 31 |                INDEX RANGE SCAN            | MS_GRC_ORB_RELATIONS_ORB_IDX1 |     9 |       |     1   (0)| 00:00:01 |
|  32 |              TABLE ACCESS BY INDEX ROWID   | MS_GRC_ORB_RELATIONS          |     1 |    29 |     1   (0)| 00:00:01 |
|* 33 |               INDEX UNIQUE SCAN            | MS_GRC_ORB_RELATIONS_PK       |     1 |       |     1   (0)| 00:00:01 |
|* 34 |         INDEX FULL SCAN                    | MS_GRC_MODREF_PK              |     1 |  3732 |     1   (0)| 00:00:01 |
|  35 |        TABLE ACCESS BY INDEX ROWID         | MS_GRC_MOD_REF_MLS_SUMMARY    |     1 |  2419 |     1   (0)| 00:00:01 |
|* 36 |         INDEX RANGE SCAN                   | MS_GRC_MOD_MLS_SUMM_IDX1      |     1 |       |     1   (0)| 00:00:01 |
|  37 |       VIEW                                 | VW_SQ_1                       |     1 |     6 |     1   (0)| 00:00:01 |
|  38 |        TABLE ACCESS BY INDEX ROWID         | SI_USERS_T                    |     1 |    19 |     1   (0)| 00:00:01 |
|* 39 |         INDEX RANGE SCAN                   | SI_USERS_T_N3                 |     1 |       |     1   (0)| 00:00:01 |
|  40 |      VIEW                                  |                               |     2 |    28 |    20   (0)| 00:00:01 |
<font style="background-color: lightblue; color: red">|  41 |       MERGE JOIN CARTESIAN                 |                               |     2 |    44 |    20   (0)| 00:00:01 |</font>
<font style="background-color: lightblue; color: red">|* 42 |        TABLE ACCESS FULL                   | SI_LOCALES                    |     1 |     6 |     3   (0)| 00:00:01 |</font>
|  43 |        BUFFER SORT                         |                               |     2 |    32 |    17   (0)| 00:00:01 |
<font style="background-color: lightblue; color: red">|* 44 |         TABLE ACCESS FULL                  | MS_QS_LIST_OF_VALUES_T        |     2 |    32 |    17   (0)| 00:00:01 |</font>
<font style="background-color: lightblue; color: red">|  45 |     TABLE ACCESS FULL                      | MS_QS_LIST_OF_VALUES_TL       |     1 |    26 |     2   (0)| 00:00:01 |</font>
|* 46 |    TABLE ACCESS BY INDEX ROWID             | MS_QS_LOV_NAMES               |     1 |    30 |     1   (0)| 00:00:01 |
|* 47 |     INDEX RANGE SCAN                       | MS_QS_LOV_NAMES_N1            |     1 |       |     1   (0)| 00:00:01 |
----------------------------------------------------------------------------------------------------------------------------
 
</code></pre><header class="major"><h2>Query Block Name / Object Alias (identified by operation id):</h2></header><pre><code>
 
   1 - SEL$2        / SI_METRICS_T@SEL$2
   2 - SEL$2        / SI_METRICS_T@SEL$2
   3 - SEL$3        / MS_GRC_MODEL_REFERENCE@SEL$3
   4 - SEL$3        / MS_GRC_MODEL_REFERENCE@SEL$3
   5 - SEL$90581D86
  12 - SEL$4        / INN@SEL$1
  13 - SEL$4       
  14 - SET$1        / VW@SEL$4
  15 - SET$1       
  16 - SEL$5       
  19 - SEL$5        / REL@SEL$5
  20 - SEL$5        / REL@SEL$5
  22 - SEL$5        / DEFN@SEL$5
  23 - SEL$5        / DEFN@SEL$5
  24 - SEL$5        / REL_ORB@SEL$5
  25 - SEL$5        / REL_ORB@SEL$5
  26 - SEL$7       
  28 - SEL$7        / DEFN@SEL$7
  29 - SEL$7        / DEFN@SEL$7
  30 - SEL$7        / REL_ORB@SEL$7
  31 - SEL$7        / REL_ORB@SEL$7
  32 - SEL$7        / REL@SEL$7
  33 - SEL$7        / REL@SEL$7
  34 - SEL$90581D86 / MODSUMM@SEL$9
  35 - SEL$90581D86 / MODMLSSUMM@SEL$9
  36 - SEL$90581D86 / MODMLSSUMM@SEL$9
  37 - SEL$B2DAC886 / VW_SQ_1@SEL$E44EC48B
  38 - SEL$B2DAC886 / SI_USERS_T@SEL$17
  39 - SEL$B2DAC886 / SI_USERS_T@SEL$17
  40 - SEL$29F99543 / X@SEL$14
  41 - SEL$29F99543
  42 - SEL$29F99543 / SI_LOCALES@SEL$16
  44 - SEL$29F99543 / T@SEL$15
  45 - SEL$90581D86 / TL@SEL$14
  46 - SEL$90581D86 / LOVNAME@SEL$9
  47 - SEL$90581D86 / LOVNAME@SEL$9
 
</code></pre><header class="major"><h2>Predicate Information (identified by operation id):</h2></header><pre><code>
 
   2 - access("METRIC_NAME"='MS_GRC_MODEL_REFERENCE')
   4 - access("OBJECT_ID"=:B1)
   7 - access("X"."LOV_VALUE_ID"="TL"."LOV_VALUE_ID"(+) AND "X"."LOCALE_ID"="TL"."LOCALE_ID"(+))
   8 - access("X"."LOCALE_ID"=TO_NUMBER("MODMLSSUMM"."LOCALE_ID"))
   9 - access("MODMLSSUMM"."LOCALE"="LOCALE")
  20 - access("REL"."REL_SOURCE_OBJECT_ID"=:2)
  23 - access("DEFN"."SRC_OBJ_TYPE"=:1 AND "DEFN"."DEST_OBJ_TYPE"='MS_GRC_MODEL_REFERENCE')
  24 - access("REL"."REL_SOURCE_ID"="REL_ORB"."REL_SOURCE_ID")
  25 - filter("DEFN"."REL_ID"="REL_ORB"."REL_CONFIG_ID")
  29 - access("DEFN"."SRC_OBJ_TYPE"='MS_GRC_MODEL_REFERENCE' AND "DEFN"."DEST_OBJ_TYPE"=:1)
  30 - filter("DEFN"."REL_ID"="REL_ORB"."REL_CONFIG_ID")
  31 - access("REL_ORB"."TGT_OBJ_ID"=:2)
  33 - access("REL"."REL_SOURCE_ID"="REL_ORB"."REL_SOURCE_ID")
  34 - filter("INN"."TGT_OBJ_ID"="MODSUMM"."OBJECT_ID")
  36 - access("MODSUMM"."OBJ_MOD_SUMM_WID"="MODMLSSUMM"."OBJ_MOD_SUMM_WID")
  39 - access("USER_NAME"=:3)
  42 - filter("ENABLED_FLAG"='Y')
  44 - filter("T"."STORED_VALUE"='CLICK_HERE' AND "T"."ORG_ENTITY_ID"=1)
  46 - filter("X"."LOV_ID"="LOVNAME"."LOV_ID")
  47 - access("LOVNAME"."LOV_NAME"='MS_GRC_LABLES')
 
</code></pre><header class="major"><h2>Column Projection Information (identified by operation id):</h2></header><pre><code>
 
   1 - "SI_METRICS_T".ROWID[ROWID,10], "METRIC_ID"[NUMBER,22]
   2 - "SI_METRICS_T".ROWID[ROWID,10]
   3 - "MS_GRC_MODEL_REFERENCE".ROWID[ROWID,10], "DD_INSTANCE_ID"[NUMBER,22]
   4 - "MS_GRC_MODEL_REFERENCE".ROWID[ROWID,10]
   5 - (#keys=1) "MODSUMM"."UPPER_OBJECT_NAME"[VARCHAR2,3000], "MODSUMM"."OBJECT_ID"[VARCHAR2,400], 
       "MODSUMM"."OBJECT_NAME"[VARCHAR2,4000], "MODMLSSUMM"."OBJECT_STATUS"[VARCHAR2,4000], 
       "INN"."REL_DIR_TYPE"[CHARACTER,7], "MS_GRC_UTILITIES"."FN_GET_REPORT_JSON"( (SELECT "METRIC_ID" FROM "SI_METRICS_T" 
       "SI_METRICS_T" WHERE "METRIC_NAME"='MS_GRC_MODEL_REFERENCE'),"MODSUMM"."DD_PROCESS_INSTANCE_ID", (SELECT 
       "DD_INSTANCE_ID" FROM "MS_GRC_MODEL_REFERENCE" "MS_GRC_MODEL_REFERENCE" WHERE 
       "OBJECT_ID"=:B1),'''flag=1&emd=1&x_edit_mode=Yes&wrapper= No&mode=view''')[4000]
   6 - (#keys=0) "INN"."REL_DIR_TYPE"[CHARACTER,7], "MODSUMM"."UPPER_OBJECT_NAME"[VARCHAR2,3000], 
       "MODSUMM"."OBJECT_ID"[VARCHAR2,400], "MODSUMM"."OBJECT_NAME"[VARCHAR2,4000], 
       "MODSUMM"."DD_PROCESS_INSTANCE_ID"[NUMBER,22], "MODMLSSUMM"."OBJECT_STATUS"[VARCHAR2,4000]
   7 - (#keys=2) "X"."LOV_ID"[NUMBER,22], "INN"."REL_DIR_TYPE"[CHARACTER,7], 
       "MODSUMM"."UPPER_OBJECT_NAME"[VARCHAR2,3000], "MODSUMM"."OBJECT_ID"[VARCHAR2,400], 
       "MODSUMM"."OBJECT_NAME"[VARCHAR2,4000], "MODSUMM"."DD_PROCESS_INSTANCE_ID"[NUMBER,22], 
       "MODMLSSUMM"."OBJECT_STATUS"[VARCHAR2,4000]
   8 - (#keys=1) "X"."LOCALE_ID"[NUMBER,22], "INN"."REL_DIR_TYPE"[CHARACTER,7], 
       "MODSUMM"."UPPER_OBJECT_NAME"[VARCHAR2,3000], "MODSUMM"."OBJECT_ID"[VARCHAR2,400], 
       "MODSUMM"."OBJECT_NAME"[VARCHAR2,4000], "MODSUMM"."DD_PROCESS_INSTANCE_ID"[NUMBER,22], 
       "MODMLSSUMM"."OBJECT_STATUS"[VARCHAR2,4000], "X"."LOV_VALUE_ID"[NUMBER,22], "X"."LOV_ID"[NUMBER,22]
   9 - (#keys=1) "INN"."REL_DIR_TYPE"[CHARACTER,7], "MODSUMM"."UPPER_OBJECT_NAME"[VARCHAR2,3000], 
       "MODSUMM"."OBJECT_ID"[VARCHAR2,400], "MODSUMM"."OBJECT_NAME"[VARCHAR2,4000], 
       "MODSUMM"."DD_PROCESS_INSTANCE_ID"[NUMBER,22], "MODMLSSUMM"."LOCALE_ID"[VARCHAR2,400], 
       "MODMLSSUMM"."OBJECT_STATUS"[VARCHAR2,4000]
  10 - (#keys=0) "INN"."REL_DIR_TYPE"[CHARACTER,7], "MODSUMM"."UPPER_OBJECT_NAME"[VARCHAR2,3000], 
       "MODSUMM"."OBJECT_ID"[VARCHAR2,400], "MODSUMM"."OBJECT_NAME"[VARCHAR2,4000], 
       "MODSUMM"."DD_PROCESS_INSTANCE_ID"[NUMBER,22], "MODMLSSUMM"."LOCALE_ID"[VARCHAR2,400], 
       "MODMLSSUMM"."LOCALE"[VARCHAR2,400], "MODMLSSUMM"."OBJECT_STATUS"[VARCHAR2,4000]
  11 - (#keys=0) "INN"."REL_DIR_TYPE"[CHARACTER,7], "MODSUMM"."UPPER_OBJECT_NAME"[VARCHAR2,3000], 
       "MODSUMM"."OBJ_MOD_SUMM_WID"[NUMBER,22], "MODSUMM"."OBJECT_ID"[VARCHAR2,400], 
       "MODSUMM"."OBJECT_NAME"[VARCHAR2,4000], "MODSUMM"."DD_PROCESS_INSTANCE_ID"[NUMBER,22]
  12 - "INN"."TGT_OBJ_ID"[VARCHAR2,4000], "INN"."REL_DIR_TYPE"[CHARACTER,7]
  13 - (#keys=3) "TGT_OBJ_ID"[VARCHAR2,4000], "SRC_OBJ_ID"[VARCHAR2,4000], "REL_DIR_TYPE"[CHARACTER,7]
  14 - "SRC_OBJ_ID"[VARCHAR2,4000], "TGT_OBJ_ID"[VARCHAR2,4000], "REL_DIR_TYPE"[CHARACTER,7]
  15 - STRDEF[512], STRDEF[4000], STRDEF[512], STRDEF[4000], STRDEF[7]
  16 - (#keys=0) "REL"."REL_SOURCE_OBJECT_ID"[VARCHAR2,1016], "DEFN"."SRC_OBJ_TYPE"[VARCHAR2,512], 
       "DEFN"."DEST_OBJ_TYPE"[VARCHAR2,512], "REL_ORB"."TGT_OBJ_ID"[VARCHAR2,4000]
  17 - (#keys=0) "REL"."REL_SOURCE_OBJECT_ID"[VARCHAR2,1016], "DEFN"."REL_ID"[VARCHAR2,160], 
       "DEFN"."SRC_OBJ_TYPE"[VARCHAR2,512], "DEFN"."DEST_OBJ_TYPE"[VARCHAR2,512], "REL_ORB".ROWID[ROWID,10]
  18 - (#keys=0) "REL"."REL_SOURCE_OBJECT_ID"[VARCHAR2,1016], "REL"."REL_SOURCE_ID"[VARCHAR2,1020], 
       "DEFN"."REL_ID"[VARCHAR2,160], "DEFN"."SRC_OBJ_TYPE"[VARCHAR2,512], "DEFN"."DEST_OBJ_TYPE"[VARCHAR2,512]
  19 - "REL"."REL_SOURCE_OBJECT_ID"[VARCHAR2,1016], "REL"."REL_SOURCE_ID"[VARCHAR2,1020]
  20 - "REL".ROWID[ROWID,10], "REL"."REL_SOURCE_OBJECT_ID"[VARCHAR2,1016]
  21 - (#keys=0) "DEFN"."REL_ID"[VARCHAR2,160], "DEFN"."SRC_OBJ_TYPE"[VARCHAR2,512], 
       "DEFN"."DEST_OBJ_TYPE"[VARCHAR2,512]
  22 - "DEFN"."REL_ID"[VARCHAR2,160], "DEFN"."SRC_OBJ_TYPE"[VARCHAR2,512], "DEFN"."DEST_OBJ_TYPE"[VARCHAR2,512]
  23 - "DEFN".ROWID[ROWID,10], "DEFN"."SRC_OBJ_TYPE"[VARCHAR2,512], "DEFN"."DEST_OBJ_TYPE"[VARCHAR2,512]
  24 - "REL_ORB".ROWID[ROWID,10]
  25 - "REL_ORB"."TGT_OBJ_ID"[VARCHAR2,4000]
  26 - (#keys=0) "DEFN"."SRC_OBJ_TYPE"[VARCHAR2,512], "DEFN"."DEST_OBJ_TYPE"[VARCHAR2,512], 
       "REL_ORB"."TGT_OBJ_ID"[VARCHAR2,4000], "REL"."REL_SOURCE_OBJECT_ID"[VARCHAR2,1016]
  27 - (#keys=0) "DEFN"."SRC_OBJ_TYPE"[VARCHAR2,512], "DEFN"."DEST_OBJ_TYPE"[VARCHAR2,512], 
       "REL_ORB"."TGT_OBJ_ID"[VARCHAR2,4000], "REL_ORB"."REL_SOURCE_ID"[VARCHAR2,1020]
  28 - "DEFN"."REL_ID"[VARCHAR2,160], "DEFN"."SRC_OBJ_TYPE"[VARCHAR2,512], "DEFN"."DEST_OBJ_TYPE"[VARCHAR2,512]
  29 - "DEFN".ROWID[ROWID,10], "DEFN"."SRC_OBJ_TYPE"[VARCHAR2,512], "DEFN"."DEST_OBJ_TYPE"[VARCHAR2,512]
  30 - "REL_ORB"."TGT_OBJ_ID"[VARCHAR2,4000], "REL_ORB"."REL_SOURCE_ID"[VARCHAR2,1020]
  31 - "REL_ORB".ROWID[ROWID,10], "REL_ORB"."TGT_OBJ_ID"[VARCHAR2,4000]
  32 - "REL"."REL_SOURCE_OBJECT_ID"[VARCHAR2,1016]
  33 - "REL".ROWID[ROWID,10]
  34 - "MODSUMM"."UPPER_OBJECT_NAME"[VARCHAR2,3000], "MODSUMM"."OBJ_MOD_SUMM_WID"[NUMBER,22], 
       "MODSUMM"."OBJECT_ID"[VARCHAR2,400], "MODSUMM"."OBJECT_NAME"[VARCHAR2,4000], 
       "MODSUMM"."DD_PROCESS_INSTANCE_ID"[NUMBER,22]
  35 - "MODMLSSUMM"."LOCALE_ID"[VARCHAR2,400], "MODMLSSUMM"."LOCALE"[VARCHAR2,400], 
       "MODMLSSUMM"."OBJECT_STATUS"[VARCHAR2,4000]
  36 - "MODMLSSUMM".ROWID[ROWID,10], "MODMLSSUMM"."LOCALE_ID"[VARCHAR2,400]
  37 - "LOCALE"[VARCHAR2,100]
  38 - "LOCALE"[VARCHAR2,100]
  39 - "SI_USERS_T".ROWID[ROWID,10]
  40 - "X"."LOV_VALUE_ID"[NUMBER,22], "X"."LOV_ID"[NUMBER,22], "X"."LOCALE_ID"[NUMBER,22]
  41 - (#keys=0) "LOCALE_ID"[NUMBER,22], "T"."LOV_VALUE_ID"[NUMBER,22], "T"."LOV_ID"[NUMBER,22]
  42 - "LOCALE_ID"[NUMBER,22]
  43 - (#keys=0) "T"."LOV_VALUE_ID"[NUMBER,22], "T"."LOV_ID"[NUMBER,22]
  44 - "T"."LOV_VALUE_ID"[NUMBER,22], "T"."LOV_ID"[NUMBER,22]
  45 - "TL"."LOV_VALUE_ID"[NUMBER,22], "TL"."LOCALE_ID"[NUMBER,22]
  47 - "LOVNAME".ROWID[ROWID,10]
										</code></pre>
								</section>
						</div>
					</div>

				<!-- Sidebar -->
				<div id="sidebar">
					<div class="inner">
						<!-- Menu -->
						<nav id="menu">
							<header class="major">
								<h2>Menu</h2>
							</header>
							<ul>
								<li><a href="../index.html">Module List</a></li>
								<li><a href="index.html">Summary</a></li>
								<li>
									<span class="opener">DB Analysis</span>
									<ul>
										<li><a href="bad-sql.html">Bad SQL</a></li>
										<li><a href="poor-sql.html">Poor SQL Plan</a></li>
										<li><a href="invalid-sql.html">Invalid SQL</a></li>
										<li><a href="full-sql.html">Full SQL Report</a></li>
										<li><a href="table-nil-key.html">Primary/Unique Key Miss</a></li>
										<li><a href="invalid-db-object.html">Invalid DB Objects</a></li>
									</ul>
								</li>
								<li>
									<span class="opener">Infolets</span>
									<ul>
										<li><a href="keep-history-infolets.html">Keep History Infolets</a></li>
									</ul>
								</li>
								<li>
									<span class="opener">Pushforms</span>
									<ul>
										<li><a href="pushform-denormalize.html">Pushform Denormalized</a></li>
									</ul>
								</li>
							</ul>
						</nav>

						<!-- Section -->
						<section>
							<header class="major">
								<h2>Get in touch</h2>
							</header>
							<p>You need more details on the report or want more functionality, don't hesitate to reach out to us.</p>
							<ul class="contact">
								<li class="fa-envelope-o"><a href="mailto:rnd@metricstream.com?Subject=Reg - Static Code Analysis Tool" target="_top">rnd@metricstream.com</a></li>
							</ul>
						</section>

						<!-- Footer -->
						<footer id="footer">
							<p class="copyright">&copy; <a href="http://www.metricstream.com" target="_blank">MetricStream</a>. All rights reserved. </p>
						</footer>
					</div>
				</div>
			</div>

		<!-- Scripts -->
			<script src="../../lib/assets/js/jquery.min.js"></script>
			<script src="../../lib/assets/js/skel.min.js"></script>
			<script src="../../lib/assets/js/util.js"></script>
			<!--[if lte IE 8]><script src="../../lib/assets/js/ie/respond.min.js"></script><![endif]-->
			<script src="../../lib/assets/js/main.js"></script>
	</body>
</html>