<!DOCTYPE HTML>
<html>
	<head>
		<title>Code Analysis - MetricStream</title>
		<meta charset="utf-8" />
		<meta name="viewport" content="width=device-width, initial-scale=1, user-scalable=no" />
		<!--[if lte IE 8]><script src="../../lib/assets/js/ie/html5shiv.js"></script><![endif]-->
		<link rel="stylesheet" href="../../lib/assets/css/main.css" />
		<!--[if lte IE 9]><link rel="stylesheet" href="../../lib/assets/css/ie9.css" /><![endif]-->
		<!--[if lte IE 8]><link rel="stylesheet" href="../../lib/assets/css/ie8.css" /><![endif]-->
	</head>
	<body>

		<!-- Wrapper -->
			<div id="wrapper">

				<!-- Main -->
					<div id="main">
						<div class="inner">
							<!-- Header -->
								<header id="header">
									<a href="index.html" class="logo"><strong>Static Code Analysis Report</strong> by Code Analyzer Tool</a>
								</header>

							<!-- Content -->
								<section>
									<!-- Content -->
										<header class="major"><h2>Infolet Details</h2></header>
										<div class="table-wrapper">
											<table>
												<tbody>
													<tr>
														<th>Name</th>
														<td>MS_GRC_AOC_ORB_INFOLET (100757)</td>
													</tr>
													<tr>
														<th>SQL</th>
														<td><pre><code>SELECT
V.object_id as Area_of_Compliance_ID,
V.OBJECT_NAME as Area_of_Compliance_Name,	
v.object_status as Status,					
v.aoc_type as aoc_type,	
V.created_on as created_on,
v.created_by as created_by,
v.updated_on as modified_on,
v.updated_by as modification_requested_by,
v.valid_from as valid_from,
v.valid_until as valid_until ,
v.description as description,
v.owner_org_names as Owner_Organizations,
v.owner_name as owners,
v.level_1_approver as Level_1_Approver,
v.level_2_approver as Level_2_Approver,
'MS_GRC_AREA_OF_COMPLIANCE'  as Additional_column_3,
ms_grc_utilities.get_form_url (dd_object_type, object_id) as form_url,
rel_id  as rel_config_id
FROM ms_grc_AOC_DENORM_RV V,
     MS_GRC_REL_DEFN A
WHERE v.LOCALE = (SELECT LOCALE FROM si_users_t where USER_NAME = :1)
AND src_obj_type   = :5
AND a.dest_obj_type = 'MS_GRC_AREA_OF_COMPLIANCE'
AND a.enabled = 'Y'
AND EXISTS
(
	SELECT COLUMN_VALUE
	FROM 
	TABLE( CAST(ms_grc_orb_report_filter.fn_AOC_ORB_filters(:1, :2,:3,:4)AS ms_varchar2_array) ) 
	WHERE COLUMN_VALUE = v.OBJECT_ID
)
order by upper(V.OBJECT_NAME)</code></pre></td>
													</tr>
													<tr>
														<th>Description</th>
														<td>This infolet is being used for 7.0 and later AOC ORB report.</td>
													</tr>
												</tbody>
											</table>
										</div>

										<h2 align="center" id="content">Analysis Report</h2>
										<hr>

<header class="major"><h2>Plan hash value: 1984484425</h2></header><pre><code>
 
--------------------------------------------------------------------------------------------------------------------
| Id  | Operation                               | Name                     | Rows  | Bytes | Cost (%CPU)| Time     |
--------------------------------------------------------------------------------------------------------------------
|   0 | SELECT STATEMENT                        |                          |     1 | 14546 |    34   (3)| 00:00:01 |
|   1 |  TABLE ACCESS BY INDEX ROWID            | SI_USERS_T               |     1 |    28 |     1   (0)| 00:00:01 |
|*  2 |   INDEX UNIQUE SCAN                     | USER_NAME_UK             |     1 |       |     1   (0)| 00:00:01 |
|   3 |  TABLE ACCESS BY INDEX ROWID            | SI_USERS_T               |     1 |    28 |     1   (0)| 00:00:01 |
|*  4 |   INDEX UNIQUE SCAN                     | USER_NAME_UK             |     1 |       |     1   (0)| 00:00:01 |
|   5 |  TABLE ACCESS BY INDEX ROWID            | SI_USERS_T               |     1 |    28 |     1   (0)| 00:00:01 |
|*  6 |   INDEX UNIQUE SCAN                     | USER_NAME_UK             |     1 |       |     1   (0)| 00:00:01 |
|   7 |  TABLE ACCESS BY INDEX ROWID            | SI_USERS_T               |     1 |    28 |     1   (0)| 00:00:01 |
|*  8 |   INDEX UNIQUE SCAN                     | USER_NAME_UK             |     1 |       |     1   (0)| 00:00:01 |
|   9 |  SORT ORDER BY                          |                          |     1 | 14546 |    34   (3)| 00:00:01 |
|  10 |   NESTED LOOPS                          |                          |     1 | 14546 |    33   (0)| 00:00:01 |
|  11 |    NESTED LOOPS                         |                          |     1 | 10327 |    32   (0)| 00:00:01 |
<font style="background-color: lightblue; color: red">|  12 |     MERGE JOIN CARTESIAN                |                          |  4736 |   249K|    31   (0)| 00:00:01 |</font>
<font style="background-color: lightblue; color: red">|  13 |      MERGE JOIN CARTESIAN               |                          |     1 |    52 |     2   (0)| 00:00:01 |</font>
|* 14 |       TABLE ACCESS BY INDEX ROWID       | MS_GRC_REL_DEFN          |     1 |    46 |     1   (0)| 00:00:01 |
|* 15 |        INDEX RANGE SCAN                 | MS_GRC_REL_DEFN_IDX1     |     1 |       |     1   (0)| 00:00:01 |
|  16 |       BUFFER SORT                       |                          |     1 |     6 |     1   (0)| 00:00:01 |
|  17 |        VIEW                             | VW_SQ_1                  |     1 |     6 |     1   (0)| 00:00:01 |
|  18 |         TABLE ACCESS BY INDEX ROWID     | SI_USERS_T               |     1 |    19 |     1   (0)| 00:00:01 |
|* 19 |          INDEX UNIQUE SCAN              | USER_NAME_UK             |     1 |       |     1   (0)| 00:00:01 |
|  20 |      BUFFER SORT                        |                          |  8168 | 16336 |    30   (0)| 00:00:01 |
|  21 |       SORT UNIQUE                       |                          |  8168 | 16336 |    29   (0)| 00:00:01 |
<font style="background-color: lightblue; color: red">|  22 |        COLLECTION ITERATOR PICKLER FETCH| FN_AOC_ORB_FILTERS       |  8168 | 16336 |    29   (0)| 00:00:01 |</font>
|  23 |     TABLE ACCESS BY INDEX ROWID         | MS_GRC_AOC_SUMMARY       |     1 | 10273 |     1   (0)| 00:00:01 |
|* 24 |      INDEX UNIQUE SCAN                  | MS_GRC_AOC_SUMM_IDX1     |     1 |       |     1   (0)| 00:00:01 |
|* 25 |    TABLE ACCESS BY INDEX ROWID          | MS_GRC_AOC_MLS_SUMMARY   |     1 |  4219 |     1   (0)| 00:00:01 |
|* 26 |     INDEX RANGE SCAN                    | MS_GRC_AOC_MLS_SUMM_IDX1 |     1 |       |     1   (0)| 00:00:01 |
--------------------------------------------------------------------------------------------------------------------
 
</code></pre><header class="major"><h2>Query Block Name / Object Alias (identified by operation id):</h2></header><pre><code>
 
   1 - SEL$6        / USR@SEL$6
   2 - SEL$6        / USR@SEL$6
   3 - SEL$5        / USR@SEL$5
   4 - SEL$5        / USR@SEL$5
   5 - SEL$3        / USR@SEL$3
   6 - SEL$3        / USR@SEL$3
   7 - SEL$4        / USR@SEL$4
   8 - SEL$4        / USR@SEL$4
   9 - SEL$25C62072
  14 - SEL$25C62072 / A@SEL$1
  15 - SEL$25C62072 / A@SEL$1
  17 - SEL$3C459230 / VW_SQ_1@SEL$C266EC21
  18 - SEL$3C459230 / SI_USERS_T@SEL$7
  19 - SEL$3C459230 / SI_USERS_T@SEL$7
  22 - SEL$25C62072 / KOKBF$0@SEL$9
  23 - SEL$25C62072 / AOCSUMM@SEL$2
  24 - SEL$25C62072 / AOCSUMM@SEL$2
  25 - SEL$25C62072 / AOCMLSSUMM@SEL$2
  26 - SEL$25C62072 / AOCMLSSUMM@SEL$2
 
</code></pre><header class="major"><h2>Predicate Information (identified by operation id):</h2></header><pre><code>
 
   2 - access("USR"."USER_NAME"=:B1)
   4 - access("USR"."USER_NAME"=:B1)
   6 - access("USR"."USER_NAME"=:B1)
   8 - access("USR"."USER_NAME"=:B1)
  14 - filter("A"."ENABLED"='Y')
  15 - access("SRC_OBJ_TYPE"=:5 AND "A"."DEST_OBJ_TYPE"='MS_GRC_AREA_OF_COMPLIANCE')
  19 - access("USER_NAME"=:1)
  24 - access("AOCSUMM"."OBJECT_ID"=VALUE(KOKBF$))
  25 - filter("AOCMLSSUMM"."LOCALE"="LOCALE")
  26 - access("AOCSUMM"."OBJ_AOC_SUMM_WID"="AOCMLSSUMM"."OBJ_AOC_SUMM_WID")
 
</code></pre><header class="major"><h2>Column Projection Information (identified by operation id):</h2></header><pre><code>
 
   1 - "USR".ROWID[ROWID,10], "USR"."LAST_NAME"[VARCHAR2,400], "USR"."FIRST_NAME"[VARCHAR2,400]
   2 - "USR".ROWID[ROWID,10]
   3 - "USR".ROWID[ROWID,10], "USR"."LAST_NAME"[VARCHAR2,400], "USR"."FIRST_NAME"[VARCHAR2,400]
   4 - "USR".ROWID[ROWID,10]
   5 - "USR".ROWID[ROWID,10], "USR"."LAST_NAME"[VARCHAR2,400], "USR"."FIRST_NAME"[VARCHAR2,400]
   6 - "USR".ROWID[ROWID,10]
   7 - "USR".ROWID[ROWID,10], "USR"."LAST_NAME"[VARCHAR2,400], "USR"."FIRST_NAME"[VARCHAR2,400]
   8 - "USR".ROWID[ROWID,10]
   9 - (#keys=1) UPPER("AOCSUMM"."OBJECT_NAME")[4000], "AOCSUMM"."OBJECT_ID"[VARCHAR2,400], 
       "AOCSUMM"."OBJECT_NAME"[VARCHAR2,4000], "AOCMLSSUMM"."OBJECT_STATUS"[VARCHAR2,4000], 
       "AOCMLSSUMM"."AOC_TYPE"[LOB,4000], "CREATED_ON"[DATE,7],  (SELECT "USR"."FIRST_NAME"||' 
       '||"USR"."LAST_NAME" FROM METRICSTREAM."SI_USERS_T" "USR" WHERE "USR"."USER_NAME"=:B1)[801], 
       "UPDATED_ON"[DATE,7],  (SELECT "USR"."FIRST_NAME"||' '||"USR"."LAST_NAME" FROM METRICSTREAM."SI_USERS_T" 
       "USR" WHERE "USR"."USER_NAME"=:B2)[801], "AOCSUMM"."VALID_FROM"[DATE,7], "AOCSUMM"."VALID_UNTIL"[DATE,7], 
       "AOCSUMM"."DESCRIPTION"[LOB,4000], "OWNER_ORG_NAMES"[LOB,4000], "OWNER_NAME"[LOB,4000],  (SELECT 
       "USR"."FIRST_NAME"||' '||"USR"."LAST_NAME" FROM METRICSTREAM."SI_USERS_T" "USR" WHERE 
       "USR"."USER_NAME"=:B3)[801],  (SELECT "USR"."FIRST_NAME"||' '||"USR"."LAST_NAME" FROM 
       METRICSTREAM."SI_USERS_T" "USR" WHERE "USR"."USER_NAME"=:B4)[801], 'MS_GRC_AREA_OF_COMPLIANCE'[25], 
       "MS_GRC_UTILITIES"."GET_FORM_URL"("AOCSUMM"."DD_OBJECT_TYPE","AOCSUMM"."OBJECT_ID")[4000], 
       "REL_ID"[VARCHAR2,160]
  10 - (#keys=0) "REL_ID"[VARCHAR2,160], "AOCSUMM"."OBJECT_ID"[VARCHAR2,400], 
       "AOCSUMM"."OBJECT_NAME"[VARCHAR2,4000], "AOCSUMM"."DESCRIPTION"[LOB,4000], "AOCSUMM"."VALID_UNTIL"[DATE,7], 
       "AOCSUMM"."VALID_FROM"[DATE,7], "AOCSUMM"."DD_OBJECT_TYPE"[VARCHAR2,400], "OWNER_NAME"[LOB,4000], 
       "OWNER_ORG_NAMES"[LOB,4000], "AOCSUMM"."LEVEL_1_APPROVER"[VARCHAR2,1000], 
       "AOCSUMM"."LEVEL_2_APPROVER"[VARCHAR2,1000], "AOCSUMM"."UPDATED_BY"[VARCHAR2,804], "UPDATED_ON"[DATE,7], 
       "AOCSUMM"."CREATED_BY"[VARCHAR2,804], "CREATED_ON"[DATE,7], "AOCMLSSUMM"."AOC_TYPE"[LOB,4000], 
       "AOCMLSSUMM"."OBJECT_STATUS"[VARCHAR2,4000]
  11 - (#keys=0) "REL_ID"[VARCHAR2,160], "LOCALE"[VARCHAR2,400], "AOCSUMM"."OBJ_AOC_SUMM_WID"[NUMBER,22], 
       "AOCSUMM"."OBJECT_ID"[VARCHAR2,400], "AOCSUMM"."OBJECT_NAME"[VARCHAR2,4000], 
       "AOCSUMM"."DESCRIPTION"[LOB,4000], "AOCSUMM"."VALID_UNTIL"[DATE,7], "AOCSUMM"."VALID_FROM"[DATE,7], 
       "AOCSUMM"."DD_OBJECT_TYPE"[VARCHAR2,400], "OWNER_NAME"[LOB,4000], "OWNER_ORG_NAMES"[LOB,4000], 
       "AOCSUMM"."LEVEL_1_APPROVER"[VARCHAR2,1000], "AOCSUMM"."LEVEL_2_APPROVER"[VARCHAR2,1000], 
       "AOCSUMM"."UPDATED_BY"[VARCHAR2,804], "UPDATED_ON"[DATE,7], "AOCSUMM"."CREATED_BY"[VARCHAR2,804], 
       "CREATED_ON"[DATE,7]
  12 - (#keys=0) "REL_ID"[VARCHAR2,160], "LOCALE"[VARCHAR2,400], VALUE(KOKBF$)[8000]
  13 - (#keys=0) "REL_ID"[VARCHAR2,160], "LOCALE"[VARCHAR2,400]
  14 - "REL_ID"[VARCHAR2,160]
  15 - "A".ROWID[ROWID,10]
  16 - (#keys=0) "LOCALE"[VARCHAR2,400]
  17 - "LOCALE"[VARCHAR2,400]
  18 - "LOCALE"[VARCHAR2,400]
  19 - "SI_USERS_T".ROWID[ROWID,10]
  20 - (#keys=0) VALUE(KOKBF$)[8000]
  21 - (#keys=1) VALUE(KOKBF$)[8000]
  22 - VALUE(A0)[8000]
  23 - "AOCSUMM"."OBJ_AOC_SUMM_WID"[NUMBER,22], "AOCSUMM"."OBJECT_ID"[VARCHAR2,400], 
       "AOCSUMM"."OBJECT_NAME"[VARCHAR2,4000], "AOCSUMM"."DESCRIPTION"[LOB,4000], "AOCSUMM"."VALID_UNTIL"[DATE,7], 
       "AOCSUMM"."VALID_FROM"[DATE,7], "AOCSUMM"."DD_OBJECT_TYPE"[VARCHAR2,400], "OWNER_NAME"[LOB,4000], 
       "OWNER_ORG_NAMES"[LOB,4000], "AOCSUMM"."LEVEL_1_APPROVER"[VARCHAR2,1000], 
       "AOCSUMM"."LEVEL_2_APPROVER"[VARCHAR2,1000], "AOCSUMM"."UPDATED_BY"[VARCHAR2,804], "UPDATED_ON"[DATE,7], 
       "AOCSUMM"."CREATED_BY"[VARCHAR2,804], "CREATED_ON"[DATE,7]
  24 - "AOCSUMM".ROWID[ROWID,10], "AOCSUMM"."OBJECT_ID"[VARCHAR2,400]
  25 - "AOCMLSSUMM"."AOC_TYPE"[LOB,4000], "AOCMLSSUMM"."OBJECT_STATUS"[VARCHAR2,4000]
  26 - "AOCMLSSUMM".ROWID[ROWID,10]
										</code></pre>
								</section>
						</div>
					</div>

				<!-- Sidebar -->
				<div id="sidebar">
					<div class="inner">
						<!-- Menu -->
						<nav id="menu">
							<header class="major">
								<h2>Menu</h2>
							</header>
							<ul>
								<li><a href="../index.html">Module List</a></li>
								<li><a href="index.html">Summary</a></li>
								<li>
									<span class="opener">DB Analysis</span>
									<ul>
										<li><a href="bad-sql.html">Bad SQL</a></li>
										<li><a href="poor-sql.html">Poor SQL Plan</a></li>
										<li><a href="invalid-sql.html">Invalid SQL</a></li>
										<li><a href="full-sql.html">Full SQL Report</a></li>
										<li><a href="table-nil-key.html">Primary/Unique Key Miss</a></li>
										<li><a href="invalid-db-object.html">Invalid DB Objects</a></li>
										<li><a href="sequence-with-less-cache.html">Sequence</a></li>
										<li><a href="table-index-lob-size.html">Table Size</a></li>
									</ul>
								</li>
								<li>
								    <span class="opener">LOB</span>
								    <ul>
								        <li><a href="lob-no-cache.html">LOB - No Cache</a></li>
								        <li><a href="lob-columns.html">LOB - All Columns</a></li>
								    </ul>
								</li>
								<li>
									<span class="opener">Infolets</span>
									<ul>
										<li><a href="keep-history-infolets.html">Keep History Infolets</a></li>
										<li><a href="plsql-context-switch.html">SQL-PL/SQL Context Switch</a></li>
									</ul>
								</li>
								<li>
									<span class="opener">Pushforms</span>
									<ul>
										<li><a href="pushform-denormalize.html">Pushform Denormalized</a></li>
									</ul>
								</li>
								<li>
									<span class="opener">PL/SQL</span>
									<ul>
										<li><a href="plsql-dyn-qry-objs.html">Dynamic Query</a></li>
									</ul>
								</li>
							</ul>
						</nav>

						<!-- Section -->
						<section>
							<header class="major">
								<h2>Get in touch</h2>
							</header>
							<p>You need more details on the report or want more functionality, don't hesitate to reach out to us.</p>
							<ul class="contact">
								<li class="fa-envelope-o"><a href="mailto:apps-rnd-arch-team@metricstream.com?Subject=Reg - Code Analysis Tool" target="_top">apps-rnd-arch-team@metricstream.com</a></li>
							</ul>
						</section>

						<!-- Footer -->
						<footer id="footer">
							<p class="copyright">&copy; <a href="http://www.metricstream.com" target="_blank">MetricStream</a>. All rights reserved. </p>
						</footer>
					</div>
				</div>
			</div>

		<!-- Scripts -->
			<script src="../../lib/assets/js/jquery.min.js"></script>
			<script src="../../lib/assets/js/skel.min.js"></script>
			<script src="../../lib/assets/js/util.js"></script>
			<!--[if lte IE 8]><script src="../../lib/assets/js/ie/respond.min.js"></script><![endif]-->
			<script src="../../lib/assets/js/main.js"></script>
	</body>
</html>