<!DOCTYPE HTML>
<html>
	<head>
		<title>Code Analysis - MetricStream</title>
		<meta charset="utf-8" />
		<meta name="viewport" content="width=device-width, initial-scale=1, user-scalable=no" />
		<!--[if lte IE 8]><script src="../../lib/assets/js/ie/html5shiv.js"></script><![endif]-->
		<link rel="stylesheet" href="../../lib/assets/css/main.css" />
		<!--[if lte IE 9]><link rel="stylesheet" href="../../lib/assets/css/ie9.css" /><![endif]-->
		<!--[if lte IE 8]><link rel="stylesheet" href="../../lib/assets/css/ie8.css" /><![endif]-->
	</head>
	<body>

		<!-- Wrapper -->
			<div id="wrapper">

				<!-- Main -->
					<div id="main">
						<div class="inner">
							<!-- Header -->
								<header id="header">
									<a href="index.html" class="logo"><strong>Static Code Analysis Report</strong> by Code Analyzer Tool</a>
								</header>

							<!-- Content -->
								<section>
									<!-- Content -->
										<header class="major"><h2>Infolet Details</h2></header>
										<div class="table-wrapper">
											<table>
												<tbody>
													<tr>
														<td><b>Name</b></td>
														<td>MS_GRC_61_SP2_ASSET_CLASS_LIST_INF (100687)</td>
													</tr>
													<tr>
														<td><b>SQL</b></td>
														<td><pre><code>SELECT
  asstSumm.OBJECT_ID,
  asstSumm.OBJECT_NAME,
  asstMlsSumm.ASSET_CLASS_TYPE,
  asstMlsSumm.OBJECT_LEVEL,
  Asstsumm.OBJECT_PARENT_NAME,
  asstMlsSumm.OBJECT_STATUS,
  Asstsumm.CREATED_ON,
	   (SELECT usr.first_name
			   || ' '
			   || usr.last_name
		  FROM si_users_t usr
		 WHERE asstSumm.CREATED_BY = usr.user_name
	   ) AS CREATED_BY,  
	   UPDATED_ON,
	   (SELECT usr.first_name
			   || ' '
			   || usr.last_name
		  FROM si_users_t usr
		 WHERE asstSumm.Updated_By = usr.user_name
	   ) AS Updated_By,  VALID_FROM,
  Asstsumm.VALID_UNTIL,
  Asstsumm.DESCRIPTION,
  Asstsumm.OWNER_ORG_NAMES,
  Asstsumm.OWNER_NAME,
	   (SELECT usr.first_name
			   || ' '
			   || usr.last_name
		  FROM si_users_t usr
		 WHERE asstSumm.LEVEL_1_APPROVER = usr.user_name
	   ) AS LEVEL_1_APPROVER,
	   (SELECT usr.first_name
			   || ' '
			   || usr.last_name
		  FROM si_users_t usr
		 WHERE asstSumm.LEVEL_2_APPROVER = usr.user_name
	   ) AS LEVEL_2_APPROVER,
  REL_ORGANIZATION_NAMES,
  REL_AOC_OBJ_NAME_AGG,
  REL_ASSET_OBJ_NAME_AGG,
  REL_CTRL_OBJ_NAME_AGG,
  REL_PRODUCT_NAME_AGG,
  REL_REFRENCES_OBJ_NAME_AGG,
  REL_REQUIREMENT_OBJ_NAME_AGG,
  REL_RISK_OBJ_NAME_AGG
,(MS_GRC_UTILITIES.FN_GET_REPORT_JSON((SELECT METRIC_ID FROM SI_METRICS_T WHERE METRIC_NAME='MS_GRC_ASSET_CLASS'),asstSumm.DD_PROCESS_INSTANCE_ID,(SELECT DD_INSTANCE_ID FROM MS_GRC_ASSET_CLASS WHERE OBJECT_ID=asstSumm.OBJECT_ID),
'''flag=1'||CHR(38)||'emd=1'||CHR(38)||'x_edit_mode=Yes'||CHR (38)|| 'wrapper= No'|| CHR (38)|| 'mode=view''')) AS REPORT_JSON,
  ASSTSUMM.LEVEL_1_APPROVER as LEVEL_1_APPR,
  ASSTSUMM.LEVEL_2_APPROVER as LEVEL_2_APPR,
  ASSTSUMM.OBJECT_PARENT_ID,
  ASSTSUMM.upper_object_name as upper_object_name
FROM MS_GRC_ASSET_CLASS_SUMMARY asstSumm,
	   MS_GRC_ASSET_CLASS_MLS_SUMMARY asstMlsSumm,   (SELECT COLUMN_VALUE 
    FROM TABLE( CAST (ms_grc_rep_browser_fil_denorm.fn_Asst_class_report_filters(ms_grc_array_type(:1,:2,:3,:4,:6,to_char(:7,'YYYY-MM-DD'),to_char(:8,'YYYY-MM-DD'),:9,:10,:11,:12,to_char(:13,'YYYY-MM-DD'),to_char(:14,'YYYY-MM-DD'),to_char(:15,'YYYY-MM-DD'),to_char(:16,'YYYY-MM-DD'),:17,:18,:19,:20,:21,:22,:23,NULL,NULL,:24,NULL,NULL,NULL,NULL,NULL,NULL,NULL,:25, NULL,:26,:27,:28,NULL,'MS_GRC_ASSET_CLASS',:29))
	AS ms_varchar2_array))  
  ) colval, (select LOCALE_ID from SI_USERS_T T1 ,SI_LOCALES T2 where USER_NAME = :29  and T1.LOCALE = T2.LOCALE_STRING) LOC
where COLVAL.column_value = asstMlsSumm.OBJECT_ID
and COLVAL.column_value = asstSumm.OBJECT_ID
and LOC.LOCALE_ID = asstMlsSumm.LOCALE_ID
AND NVL(is_orphan, 1)=NVL(:5,NVL(is_orphan,1))</code></pre></td>
													</tr>
													<tr>
														<td><b>Description</b></td>
														<td>Asset Class List Infolet</td>
													</tr>
												</tbody>
											</table>
										</div>

										<h2 align="center" id="content">Analysis Report</h2>
										<hr>

<header class="major"><h2>Plan hash value: 2054566109</h2></header><pre><code>
 
----------------------------------------------------------------------------------------------------------------------
| Id  | Operation                           | Name                           | Rows  | Bytes | Cost (%CPU)| Time     |
----------------------------------------------------------------------------------------------------------------------
|   0 | SELECT STATEMENT                    |                                |  2042 |  2030K|    52   (0)| 00:00:01 |
|   1 |  TABLE ACCESS BY INDEX ROWID        | SI_USERS_T                     |     1 |    28 |     1   (0)| 00:00:01 |
|*  2 |   INDEX RANGE SCAN                  | SI_USERS_T_N3                  |     1 |       |     1   (0)| 00:00:01 |
|   3 |  TABLE ACCESS BY INDEX ROWID        | SI_USERS_T                     |     1 |    28 |     1   (0)| 00:00:01 |
|*  4 |   INDEX RANGE SCAN                  | SI_USERS_T_N3                  |     1 |       |     1   (0)| 00:00:01 |
|   5 |  TABLE ACCESS BY INDEX ROWID        | SI_USERS_T                     |     1 |    28 |     1   (0)| 00:00:01 |
|*  6 |   INDEX RANGE SCAN                  | SI_USERS_T_N3                  |     1 |       |     1   (0)| 00:00:01 |
|   7 |  TABLE ACCESS BY INDEX ROWID        | SI_USERS_T                     |     1 |    28 |     1   (0)| 00:00:01 |
|*  8 |   INDEX RANGE SCAN                  | SI_USERS_T_N3                  |     1 |       |     1   (0)| 00:00:01 |
|   9 |  TABLE ACCESS BY INDEX ROWID        | SI_METRICS_T                   |     1 |    34 |     1   (0)| 00:00:01 |
|* 10 |   INDEX RANGE SCAN                  | SI_METRICS_T_N7                |     1 |       |     1   (0)| 00:00:01 |
|  11 |   TABLE ACCESS BY INDEX ROWID       | MS_GRC_ASSET_CLASS             |     1 |    21 |     1   (0)| 00:00:01 |
|* 12 |    INDEX UNIQUE SCAN                | MS_GRC_ASSET_CLASS_PK          |     1 |       |     1   (0)| 00:00:01 |
|* 13 |  HASH JOIN                          |                                |  2042 |  2030K|    52   (0)| 00:00:01 |
<font style="background-color: lightblue; color: red">|  14 |   TABLE ACCESS FULL                 | MS_GRC_ASSET_CLASS_MLS_SUMMARY |   128 |  7424 |     5   (0)| 00:00:01 |</font>
|* 15 |   HASH JOIN                         |                                |  4084 |  3828K|    47   (0)| 00:00:01 |
<font style="background-color: lightblue; color: red">|  16 |    MERGE JOIN CARTESIAN             |                                |    64 | 61312 |    18   (0)| 00:00:01 |</font>
|  17 |     NESTED LOOPS                    |                                |     1 |    30 |     4   (0)| 00:00:01 |
|  18 |      TABLE ACCESS BY INDEX ROWID    | SI_USERS_T                     |     1 |    19 |     1   (0)| 00:00:01 |
|* 19 |       INDEX RANGE SCAN              | SI_USERS_T_N3                  |     1 |       |     1   (0)| 00:00:01 |
<font style="background-color: lightblue; color: red">|* 20 |      TABLE ACCESS FULL              | SI_LOCALES                     |     1 |    11 |     3   (0)| 00:00:01 |</font>
|  21 |     BUFFER SORT                     |                                |    64 | 59392 |    15   (0)| 00:00:01 |
|* 22 |      INDEX FULL SCAN                | MS_GRC_ASSET_CLASS_SUMMARY_PK  |    64 | 59392 |    12   (0)| 00:00:01 |
<font style="background-color: lightblue; color: red">|  23 |    COLLECTION ITERATOR PICKLER FETCH| FN_ASST_CLASS_REPORT_FILTERS   |  8168 | 16336 |    29   (0)| 00:00:01 |</font>
----------------------------------------------------------------------------------------------------------------------
 
</code></pre><header class="major"><h2>Query Block Name / Object Alias (identified by operation id):</h2></header><pre><code>
 
   1 - SEL$2        / USR@SEL$2
   2 - SEL$2        / USR@SEL$2
   3 - SEL$3        / USR@SEL$3
   4 - SEL$3        / USR@SEL$3
   5 - SEL$4        / USR@SEL$4
   6 - SEL$4        / USR@SEL$4
   7 - SEL$5        / USR@SEL$5
   8 - SEL$5        / USR@SEL$5
   9 - SEL$6        / SI_METRICS_T@SEL$6
  10 - SEL$6        / SI_METRICS_T@SEL$6
  11 - SEL$7        / MS_GRC_ASSET_CLASS@SEL$7
  12 - SEL$7        / MS_GRC_ASSET_CLASS@SEL$7
  13 - SEL$5CF41B13
  14 - SEL$5CF41B13 / ASSTMLSSUMM@SEL$1
  18 - SEL$5CF41B13 / T1@SEL$10
  19 - SEL$5CF41B13 / T1@SEL$10
  20 - SEL$5CF41B13 / T2@SEL$10
  22 - SEL$5CF41B13 / ASSTSUMM@SEL$1
  23 - SEL$5CF41B13 / KOKBF$0@SEL$9
 
</code></pre><header class="major"><h2>Predicate Information (identified by operation id):</h2></header><pre><code>
 
   2 - access("USR"."USER_NAME"=:B1)
   4 - access("USR"."USER_NAME"=:B1)
   6 - access("USR"."USER_NAME"=:B1)
   8 - access("USR"."USER_NAME"=:B1)
  10 - access("METRIC_NAME"='MS_GRC_ASSET_CLASS')
  12 - access("OBJECT_ID"=:B1)
  13 - access("ASSTMLSSUMM"."OBJECT_ID"=VALUE(KOKBF$) AND "LOCALE_ID"=TO_NUMBER("ASSTMLSSUMM"."LOCALE_ID"))
  15 - access("ASSTSUMM"."OBJECT_ID"=VALUE(KOKBF$))
  19 - access("USER_NAME"=:29)
  20 - filter("T1"."LOCALE"="T2"."LOCALE_STRING")
  22 - filter(NVL("IS_ORPHAN",1)=NVL(:5,NVL("IS_ORPHAN",1)))
 
</code></pre><header class="major"><h2>Column Projection Information (identified by operation id):</h2></header><pre><code>
 
   1 - "USR".ROWID[ROWID,10], "USR"."LAST_NAME"[VARCHAR2,100], "USR"."FIRST_NAME"[VARCHAR2,100]
   2 - "USR".ROWID[ROWID,10]
   3 - "USR".ROWID[ROWID,10], "USR"."LAST_NAME"[VARCHAR2,100], "USR"."FIRST_NAME"[VARCHAR2,100]
   4 - "USR".ROWID[ROWID,10]
   5 - "USR".ROWID[ROWID,10], "USR"."LAST_NAME"[VARCHAR2,100], "USR"."FIRST_NAME"[VARCHAR2,100]
   6 - "USR".ROWID[ROWID,10]
   7 - "USR".ROWID[ROWID,10], "USR"."LAST_NAME"[VARCHAR2,100], "USR"."FIRST_NAME"[VARCHAR2,100]
   8 - "USR".ROWID[ROWID,10]
   9 - "SI_METRICS_T".ROWID[ROWID,10], "METRIC_ID"[NUMBER,22]
  10 - "SI_METRICS_T".ROWID[ROWID,10]
  11 - "MS_GRC_ASSET_CLASS".ROWID[ROWID,10], "DD_INSTANCE_ID"[NUMBER,22]
  12 - "MS_GRC_ASSET_CLASS".ROWID[ROWID,10]
  13 - (#keys=2) "ASSTMLSSUMM"."ASSET_CLASS_TYPE"[VARCHAR2,1020], 
       "ASSTMLSSUMM"."OBJECT_STATUS"[VARCHAR2,4000], "ASSTMLSSUMM"."OBJECT_LEVEL"[VARCHAR2,400], 
       "ASSTSUMM"."OBJECT_ID"[VARCHAR2,400], "ASSTSUMM"."UPPER_OBJECT_NAME"[VARCHAR2,3000], 
       "ASSTSUMM"."OBJECT_NAME"[VARCHAR2,4000], "ASSTSUMM"."DESCRIPTION"[LOB,4000], 
       "ASSTSUMM"."VALID_UNTIL"[DATE,7], "VALID_FROM"[DATE,7], "ASSTSUMM"."DD_PROCESS_INSTANCE_ID"[NUMBER,22], 
       "ASSTSUMM"."OWNER_NAME"[LOB,4000], "ASSTSUMM"."OWNER_ORG_NAMES"[LOB,4000], 
       "ASSTSUMM"."LEVEL_1_APPROVER"[VARCHAR2,1000], "ASSTSUMM"."LEVEL_2_APPROVER"[VARCHAR2,1000], 
       "ASSTSUMM"."UPDATED_BY"[VARCHAR2,804], "UPDATED_ON"[DATE,7], "ASSTSUMM"."CREATED_BY"[VARCHAR2,804], 
       "ASSTSUMM"."CREATED_ON"[DATE,7], "REL_AOC_OBJ_NAME_AGG"[LOB,4000], "REL_ASSET_OBJ_NAME_AGG"[LOB,4000], 
       "REL_CTRL_OBJ_NAME_AGG"[LOB,4000], "REL_ORGANIZATION_NAMES"[LOB,4000], "REL_PRODUCT_NAME_AGG"[LOB,4000], 
       "REL_REFRENCES_OBJ_NAME_AGG"[LOB,4000], "REL_REQUIREMENT_OBJ_NAME_AGG"[LOB,4000], 
       "REL_RISK_OBJ_NAME_AGG"[LOB,4000], "ASSTSUMM"."OBJECT_PARENT_NAME"[VARCHAR2,4000], 
       "ASSTSUMM"."OBJECT_PARENT_ID"[VARCHAR2,400]
  14 - "ASSTMLSSUMM"."OBJECT_ID"[VARCHAR2,400], "ASSTMLSSUMM"."LOCALE_ID"[VARCHAR2,400], 
       "ASSTMLSSUMM"."OBJECT_STATUS"[VARCHAR2,4000], "ASSTMLSSUMM"."OBJECT_LEVEL"[VARCHAR2,400], 
       "ASSTMLSSUMM"."ASSET_CLASS_TYPE"[VARCHAR2,1020]
  15 - (#keys=1) "ASSTSUMM"."OBJECT_ID"[VARCHAR2,400], "LOCALE_ID"[NUMBER,22], 
       "ASSTSUMM"."UPPER_OBJECT_NAME"[VARCHAR2,3000], "ASSTSUMM"."OBJECT_NAME"[VARCHAR2,4000], 
       "ASSTSUMM"."DESCRIPTION"[LOB,4000], "ASSTSUMM"."VALID_UNTIL"[DATE,7], "VALID_FROM"[DATE,7], 
       "ASSTSUMM"."DD_PROCESS_INSTANCE_ID"[NUMBER,22], "ASSTSUMM"."OWNER_NAME"[LOB,4000], 
       "ASSTSUMM"."OWNER_ORG_NAMES"[LOB,4000], "ASSTSUMM"."LEVEL_1_APPROVER"[VARCHAR2,1000], 
       "ASSTSUMM"."LEVEL_2_APPROVER"[VARCHAR2,1000], "ASSTSUMM"."UPDATED_BY"[VARCHAR2,804], "UPDATED_ON"[DATE,7], 
       "ASSTSUMM"."CREATED_BY"[VARCHAR2,804], "ASSTSUMM"."CREATED_ON"[DATE,7], "REL_AOC_OBJ_NAME_AGG"[LOB,4000], 
       "REL_ASSET_OBJ_NAME_AGG"[LOB,4000], "REL_CTRL_OBJ_NAME_AGG"[LOB,4000], "REL_ORGANIZATION_NAMES"[LOB,4000], 
       "REL_PRODUCT_NAME_AGG"[LOB,4000], "REL_REFRENCES_OBJ_NAME_AGG"[LOB,4000], 
       "REL_REQUIREMENT_OBJ_NAME_AGG"[LOB,4000], "REL_RISK_OBJ_NAME_AGG"[LOB,4000], 
       "ASSTSUMM"."OBJECT_PARENT_NAME"[VARCHAR2,4000], "ASSTSUMM"."OBJECT_PARENT_ID"[VARCHAR2,400], VALUE(A0)[8000]
  16 - (#keys=0) "T1".ROWID[ROWID,10], "USER_NAME"[VARCHAR2,80], "T1"."LOCALE"[VARCHAR2,100], 
       "LOCALE_ID"[NUMBER,22], "T2"."LOCALE_STRING"[VARCHAR2,400], "ASSTSUMM".ROWID[ROWID,3034], 
       "ASSTSUMM"."UPPER_OBJECT_NAME"[VARCHAR2,3000], "OBJ_ASSET_CLASS_SUMM_WID"[NUMBER,22], 
       "ASSTSUMM"."OBJECT_ID"[VARCHAR2,400], "ASSTSUMM"."OBJECT_NAME"[VARCHAR2,4000], 
       "ASSTSUMM"."DESCRIPTION"[LOB,4000], "ASSTSUMM"."VALID_UNTIL"[DATE,7], "VALID_FROM"[DATE,7], 
       "ASSTSUMM"."DD_PROCESS_INSTANCE_ID"[NUMBER,22], "ASSTSUMM"."OWNER_NAME"[LOB,4000], 
       "ASSTSUMM"."OWNER_ORG_NAMES"[LOB,4000], "ASSTSUMM"."LEVEL_1_APPROVER"[VARCHAR2,1000], 
       "ASSTSUMM"."LEVEL_2_APPROVER"[VARCHAR2,1000], "ASSTSUMM"."UPDATED_BY"[VARCHAR2,804], "UPDATED_ON"[DATE,7], 
       "ASSTSUMM"."CREATED_BY"[VARCHAR2,804], "ASSTSUMM"."CREATED_ON"[DATE,7], "REL_AOC_OBJ_NAME_AGG"[LOB,4000], 
       "REL_ASSET_OBJ_NAME_AGG"[LOB,4000], "REL_CTRL_OBJ_NAME_AGG"[LOB,4000], "REL_ORGANIZATION_NAMES"[LOB,4000], 
       "REL_PRODUCT_NAME_AGG"[LOB,4000], "REL_REFRENCES_OBJ_NAME_AGG"[LOB,4000], 
       "REL_REQUIREMENT_OBJ_NAME_AGG"[LOB,4000], "REL_RISK_OBJ_NAME_AGG"[LOB,4000], 
       "ASSTSUMM"."OBJECT_PARENT_NAME"[VARCHAR2,4000], "ASSTSUMM"."OBJECT_PARENT_ID"[VARCHAR2,400], 
       "IS_ORPHAN"[NUMBER,22]
  17 - (#keys=0) "T1".ROWID[ROWID,10], "USER_NAME"[VARCHAR2,80], "T1"."LOCALE"[VARCHAR2,100], 
       "LOCALE_ID"[NUMBER,22], "T2"."LOCALE_STRING"[VARCHAR2,400]
  18 - "T1".ROWID[ROWID,10], "USER_NAME"[VARCHAR2,80], "T1"."LOCALE"[VARCHAR2,100]
  19 - "T1".ROWID[ROWID,10], "USER_NAME"[VARCHAR2,80]
  20 - "LOCALE_ID"[NUMBER,22], "T2"."LOCALE_STRING"[VARCHAR2,400]
  21 - (#keys=0) "ASSTSUMM".ROWID[ROWID,3034], "ASSTSUMM"."UPPER_OBJECT_NAME"[VARCHAR2,3000], 
       "OBJ_ASSET_CLASS_SUMM_WID"[NUMBER,22], "ASSTSUMM"."OBJECT_ID"[VARCHAR2,400], 
       "ASSTSUMM"."OBJECT_NAME"[VARCHAR2,4000], "ASSTSUMM"."DESCRIPTION"[LOB,4000], 
       "ASSTSUMM"."VALID_UNTIL"[DATE,7], "VALID_FROM"[DATE,7], "ASSTSUMM"."DD_PROCESS_INSTANCE_ID"[NUMBER,22], 
       "ASSTSUMM"."OWNER_NAME"[LOB,4000], "ASSTSUMM"."OWNER_ORG_NAMES"[LOB,4000], 
       "ASSTSUMM"."LEVEL_1_APPROVER"[VARCHAR2,1000], "ASSTSUMM"."LEVEL_2_APPROVER"[VARCHAR2,1000], 
       "ASSTSUMM"."UPDATED_BY"[VARCHAR2,804], "UPDATED_ON"[DATE,7], "ASSTSUMM"."CREATED_BY"[VARCHAR2,804], 
       "ASSTSUMM"."CREATED_ON"[DATE,7], "REL_AOC_OBJ_NAME_AGG"[LOB,4000], "REL_ASSET_OBJ_NAME_AGG"[LOB,4000], 
       "REL_CTRL_OBJ_NAME_AGG"[LOB,4000], "REL_ORGANIZATION_NAMES"[LOB,4000], "REL_PRODUCT_NAME_AGG"[LOB,4000], 
       "REL_REFRENCES_OBJ_NAME_AGG"[LOB,4000], "REL_REQUIREMENT_OBJ_NAME_AGG"[LOB,4000], 
       "REL_RISK_OBJ_NAME_AGG"[LOB,4000], "ASSTSUMM"."OBJECT_PARENT_NAME"[VARCHAR2,4000], 
       "ASSTSUMM"."OBJECT_PARENT_ID"[VARCHAR2,400], "IS_ORPHAN"[NUMBER,22]
  22 - "ASSTSUMM".ROWID[ROWID,3034], "ASSTSUMM"."UPPER_OBJECT_NAME"[VARCHAR2,3000], 
       "OBJ_ASSET_CLASS_SUMM_WID"[NUMBER,22], "ASSTSUMM"."OBJECT_ID"[VARCHAR2,400], 
       "ASSTSUMM"."OBJECT_NAME"[VARCHAR2,4000], "ASSTSUMM"."DESCRIPTION"[LOB,4000], 
       "ASSTSUMM"."VALID_UNTIL"[DATE,7], "VALID_FROM"[DATE,7], "ASSTSUMM"."DD_PROCESS_INSTANCE_ID"[NUMBER,22], 
       "ASSTSUMM"."OWNER_NAME"[LOB,4000], "ASSTSUMM"."OWNER_ORG_NAMES"[LOB,4000], 
       "ASSTSUMM"."LEVEL_1_APPROVER"[VARCHAR2,1000], "ASSTSUMM"."LEVEL_2_APPROVER"[VARCHAR2,1000], 
       "ASSTSUMM"."UPDATED_BY"[VARCHAR2,804], "UPDATED_ON"[DATE,7], "ASSTSUMM"."CREATED_BY"[VARCHAR2,804], 
       "ASSTSUMM"."CREATED_ON"[DATE,7], "REL_AOC_OBJ_NAME_AGG"[LOB,4000], "REL_ASSET_OBJ_NAME_AGG"[LOB,4000], 
       "REL_CTRL_OBJ_NAME_AGG"[LOB,4000], "REL_ORGANIZATION_NAMES"[LOB,4000], "REL_PRODUCT_NAME_AGG"[LOB,4000], 
       "REL_REFRENCES_OBJ_NAME_AGG"[LOB,4000], "REL_REQUIREMENT_OBJ_NAME_AGG"[LOB,4000], 
       "REL_RISK_OBJ_NAME_AGG"[LOB,4000], "ASSTSUMM"."OBJECT_PARENT_NAME"[VARCHAR2,4000], 
       "ASSTSUMM"."OBJECT_PARENT_ID"[VARCHAR2,400], "IS_ORPHAN"[NUMBER,22]
  23 - VALUE(A0)[8000]
										</code></pre>
								</section>
						</div>
					</div>

				<!-- Sidebar -->
				<div id="sidebar">
					<div class="inner">
						<!-- Menu -->
						<nav id="menu">
							<header class="major">
								<h2>Menu</h2>
							</header>
							<ul>
								<li><a href="../index.html">Module List</a></li>
								<li><a href="index.html">Summary</a></li>
								<li>
									<span class="opener">DB Analysis</span>
									<ul>
										<li><a href="bad-sql.html">Bad SQL</a></li>
										<li><a href="poor-sql.html">Poor SQL Plan</a></li>
										<li><a href="invalid-sql.html">Invalid SQL</a></li>
										<li><a href="full-sql.html">Full SQL Report</a></li>
										<li><a href="table-nil-key.html">Primary/Unique Key Miss</a></li>
										<li><a href="invalid-db-object.html">Invalid DB Objects</a></li>
									</ul>
								</li>
								<li>
									<span class="opener">Infolets</span>
									<ul>
										<li><a href="keep-history-infolets.html">Keep History Infolets</a></li>
									</ul>
								</li>
								<li>
									<span class="opener">Pushforms</span>
									<ul>
										<li><a href="pushform-denormalize.html">Pushform Denormalized</a></li>
									</ul>
								</li>
							</ul>
						</nav>

						<!-- Section -->
						<section>
							<header class="major">
								<h2>Get in touch</h2>
							</header>
							<p>You need more details on the report or want more functionality, don't hesitate to reach out to us.</p>
							<ul class="contact">
								<li class="fa-envelope-o"><a href="mailto:rnd@metricstream.com?Subject=Reg - Static Code Analysis Tool" target="_top">rnd@metricstream.com</a></li>
							</ul>
						</section>

						<!-- Footer -->
						<footer id="footer">
							<p class="copyright">&copy; <a href="http://www.metricstream.com" target="_blank">MetricStream</a>. All rights reserved. </p>
						</footer>
					</div>
				</div>
			</div>

		<!-- Scripts -->
			<script src="../../lib/assets/js/jquery.min.js"></script>
			<script src="../../lib/assets/js/skel.min.js"></script>
			<script src="../../lib/assets/js/util.js"></script>
			<!--[if lte IE 8]><script src="../../lib/assets/js/ie/respond.min.js"></script><![endif]-->
			<script src="../../lib/assets/js/main.js"></script>
	</body>
</html>