<!DOCTYPE HTML>
<html>
	<head>
		<title>Code Analysis - MetricStream</title>
		<meta charset="utf-8" />
		<meta name="viewport" content="width=device-width, initial-scale=1, user-scalable=no" />
		<!--[if lte IE 8]><script src="../../lib/assets/js/ie/html5shiv.js"></script><![endif]-->
		<link rel="stylesheet" href="../../lib/assets/css/main.css" />
		<!--[if lte IE 9]><link rel="stylesheet" href="../../lib/assets/css/ie9.css" /><![endif]-->
		<!--[if lte IE 8]><link rel="stylesheet" href="../../lib/assets/css/ie8.css" /><![endif]-->
	</head>
	<body>

		<!-- Wrapper -->
			<div id="wrapper">

				<!-- Main -->
					<div id="main">
						<div class="inner">
							<!-- Header -->
								<header id="header">
									<a href="index.html" class="logo"><strong>Static Code Analysis Report</strong> by Code Analyzer Tool</a>
								</header>

							<!-- Content -->
								<section>
									<!-- Content -->
										<header class="major"><h2>Infolet Details</h2></header>
										<div class="table-wrapper">
											<table>
												<tbody>
													<tr>
														<th>Name</th>
														<td>MS GRC Risk Infolet (100676)</td>
													</tr>
													<tr>
														<th>SQL</th>
														<td><pre><code>SELECT rsk_summ.Object_Id  AS Risk_id,
rsk_summ.Object_Name     AS risk_name,
rsk_summ.OBJECT_NAME AS Edit,
mls_Summ.Obj_Status      AS Obj_Status,
mls_Summ.Object_Level as Object_Level,
rsk_summ.OBJECT_PARENT as OBJECT_PARENT,
INITCAP(mls_Summ.key_risk) as key_risk,
mls_Summ.CAT_NAME_AGG AS RISK_CATEGORIES,
rsk_summ.CREATED_DATE as CREATED_DATE,
 (select USER_FULL_NAME from MS_GRC_USER_FULL_NAME_V where USER_NAME = RSK_SUMM.CREATED_BY) as CREATED_BY,
rsk_summ.UPDATED_DATE  as UPDATED_DATE,
(SELECT USER_FULL_NAME FROM MS_GRC_USER_FULL_NAME_V where user_name = rsk_summ.UPDATED_BY) AS UPDATED_BY,
rsk_summ.valid_from as valid_from,
rsk_summ.valid_until as valid_until,
rsk_summ.description as description,
rsk_summ.OWNER_ORG_NAMES AS Owner_Organization,
rsk_summ.OWNER_NAME as Owner_names,
rsk_summ.level_1_approver as level_1_approver,
rsk_summ.level_2_approver as level_2_approver,
rsk_summ.Rel_Organization_names as Applies_To_Organizations,
rsk_summ.Rel_Aoc_Obj_Name_Agg as Related_Areas_Of_Compliance,
rsk_summ.Rel_Asset_Obj_Name_Agg as Related_Assets,
rsk_summ.Rel_Ctrl_Obj_Name_Agg as Related_Control,
rsk_summ.Rel_Function_Obj_Name_Agg  as Related_Function,
Rel_Objective_Obj_Name_Agg as Related_Objectives,
rsk_summ.Rel_Process_Obj_Name_Agg as Related_Process,
Rel_Product_name_Agg as Related_Products,
rsk_summ.Rel_Reg_Body_Obj_Name_Agg as Related_Regulatory_Body,
rsk_summ.Rel_Requirement_Obj_Name_Agg as Related_Requirement,
rsk_summ.Rel_Risk_Obj_Name_Agg  as Related_risks,
Rel_Standard_Obj_Name_Agg as Related_Standards
,rsk_summ.REPORT_JSON AS REPORT_JSON
,OBJ_PARENT_ID,
(SELECT USER_NAME FROM MS_GRC_USER_FULL_NAME_V where USER_FULL_NAME = rsk_summ.LEVEL_1_APPROVER) AS LEVEL_1_APPR,
(SELECT USER_NAME FROM MS_GRC_USER_FULL_NAME_V where USER_FULL_NAME = RSK_SUMM.LEVEL_2_APPROVER)  AS LEVEL_2_APPR,
rsk_summ.UPPER_OBJECT_NAME as UPPER_OBJECT_NAME
,MLS_SUMM.TYPE_RISK AS TYPE_RISK,
mls_Summ.AREAS_OF_IMPACT as AREAS_OF_IMPACT,
Owner_ids AS OWNR_NAMES
FROM MS_GRC_RISK_OBJ_SUMMARY rsk_summ,
MS_GRC_RISK_OBJ_MLS_SUMMARY mls_Summ
WHERE mls_Summ.OBJECT_id=rsk_summ.OBJECT_ID and mls_Summ.OBJECT_id in (SELECT COLUMN_VALUE
from table(cast(MS_GRC_REP_BROWSER_FIL_DENORM.FN_RISK_RPT_FILTER(MS_GRC_ARRAY_TYPE(:1,:2,:3,:5,:7,:6,:8,:9,to_char(:10,'YYYY-MM-DD'),to_char(:11,'YYYY-MM-DD'),:12,:13,to_char(:14,'YYYY-MM-DD'),to_char(:15,'YYYY-MM-DD'),to_char(:16,'YYYY-MM-DD'),to_char(:17,'YYYY-MM-DD'),:18,:19,:20,:21,:22,:23,:24,null,null,:25,null,null,:26,null,:27,null,:28,:29,:30,:31,null,:32,:33,'MS_GRC_RISK',:34))as MS_VARCHAR2_ARRAY))
)  and MLS_SUMM.LOCALE_ID = (select LOCALE_ID from SI_USERS_T T1 ,SI_LOCALES T2 where USER_NAME = :34  and T1.LOCALE = T2.LOCALE_STRING) 
and NVL(IS_ORPHAN, 1)=NVL(:4,NVL(IS_ORPHAN,1)) ORDER BY UPPER_OBJECT_NAME</code></pre></td>
													</tr>
													<tr>
														<th>Description</th>
														<td>This infolet is used for fetching the Library data for Risk list report. It consists of the parameters specific to Risk object and also the related library object parmaters. It does not contain any mandatory parameter.</td>
													</tr>
												</tbody>
											</table>
										</div>

										<h2 align="center" id="content">Analysis Report</h2>
										<hr>

<header class="major"><h2>Plan hash value: 2925691880</h2></header><pre><code>
 
---------------------------------------------------------------------------------------------------------------------
| Id  | Operation                             | Name                        | Rows  | Bytes | Cost (%CPU)| Time     |
---------------------------------------------------------------------------------------------------------------------
|   0 | SELECT STATEMENT                      |                             |     1 | 53739 |    37   (6)| 00:00:01 |
|   1 |  NESTED LOOPS                         |                             |     1 |    83 |     3   (0)| 00:00:01 |
|   2 |   NESTED LOOPS                        |                             |     1 |    83 |     3   (0)| 00:00:01 |
|   3 |    NESTED LOOPS                       |                             |     1 |    66 |     2   (0)| 00:00:01 |
|   4 |     TABLE ACCESS BY INDEX ROWID       | MS_QS_PARAMETER_NAMES       |     1 |    34 |     1   (0)| 00:00:01 |
|*  5 |      INDEX RANGE SCAN                 | MS_QS_PARAMETER_NAMES_N1    |     1 |       |     1   (0)| 00:00:01 |
|*  6 |     TABLE ACCESS BY INDEX ROWID       | MS_QS_PARAMETER_TYPES       |     1 |    32 |     1   (0)| 00:00:01 |
|*  7 |      INDEX RANGE SCAN                 | MS_QS_PARAMETER_TYPES_N1    |     1 |       |     1   (0)| 00:00:01 |
|*  8 |    INDEX RANGE SCAN                   | MS_QS_PARAMETER_VALUES_IDX  |     1 |       |     1   (0)| 00:00:01 |
|   9 |   TABLE ACCESS BY INDEX ROWID         | MS_QS_PARAMETER_VALUES      |     1 |    17 |     1   (0)| 00:00:01 |
|  10 |  TABLE ACCESS BY INDEX ROWID          | SI_USERS_T                  |     1 |    28 |     1   (0)| 00:00:01 |
|* 11 |   INDEX UNIQUE SCAN                   | USER_NAME_UK                |     1 |       |     1   (0)| 00:00:01 |
|  12 |  NESTED LOOPS                         |                             |     1 |    83 |     3   (0)| 00:00:01 |
|  13 |   NESTED LOOPS                        |                             |     1 |    83 |     3   (0)| 00:00:01 |
|  14 |    NESTED LOOPS                       |                             |     1 |    66 |     2   (0)| 00:00:01 |
|  15 |     TABLE ACCESS BY INDEX ROWID       | MS_QS_PARAMETER_NAMES       |     1 |    34 |     1   (0)| 00:00:01 |
|* 16 |      INDEX RANGE SCAN                 | MS_QS_PARAMETER_NAMES_N1    |     1 |       |     1   (0)| 00:00:01 |
|* 17 |     TABLE ACCESS BY INDEX ROWID       | MS_QS_PARAMETER_TYPES       |     1 |    32 |     1   (0)| 00:00:01 |
|* 18 |      INDEX RANGE SCAN                 | MS_QS_PARAMETER_TYPES_N1    |     1 |       |     1   (0)| 00:00:01 |
|* 19 |    INDEX RANGE SCAN                   | MS_QS_PARAMETER_VALUES_IDX  |     1 |       |     1   (0)| 00:00:01 |
|  20 |   TABLE ACCESS BY INDEX ROWID         | MS_QS_PARAMETER_VALUES      |     1 |    17 |     1   (0)| 00:00:01 |
|  21 |  TABLE ACCESS BY INDEX ROWID          | SI_USERS_T                  |     1 |    28 |     1   (0)| 00:00:01 |
|* 22 |   INDEX UNIQUE SCAN                   | USER_NAME_UK                |     1 |       |     1   (0)| 00:00:01 |
<font style="background-color: lightblue; color: red">|* 23 |  TABLE ACCESS FULL                    | SI_USERS_T                  |     2 |    56 |     5   (0)| 00:00:01 |</font>
|  24 |   NESTED LOOPS                        |                             |     1 |    83 |     3   (0)| 00:00:01 |
|  25 |    NESTED LOOPS                       |                             |     1 |    83 |     3   (0)| 00:00:01 |
|  26 |     NESTED LOOPS                      |                             |     1 |    66 |     2   (0)| 00:00:01 |
|  27 |      TABLE ACCESS BY INDEX ROWID      | MS_QS_PARAMETER_NAMES       |     1 |    34 |     1   (0)| 00:00:01 |
|* 28 |       INDEX RANGE SCAN                | MS_QS_PARAMETER_NAMES_N1    |     1 |       |     1   (0)| 00:00:01 |
|* 29 |      TABLE ACCESS BY INDEX ROWID      | MS_QS_PARAMETER_TYPES       |     1 |    32 |     1   (0)| 00:00:01 |
|* 30 |       INDEX RANGE SCAN                | MS_QS_PARAMETER_TYPES_N1    |     1 |       |     1   (0)| 00:00:01 |
|* 31 |     INDEX RANGE SCAN                  | MS_QS_PARAMETER_VALUES_IDX  |     1 |       |     1   (0)| 00:00:01 |
|  32 |    TABLE ACCESS BY INDEX ROWID        | MS_QS_PARAMETER_VALUES      |     1 |    17 |     1   (0)| 00:00:01 |
<font style="background-color: lightblue; color: red">|* 33 |  TABLE ACCESS FULL                    | SI_USERS_T                  |     2 |    56 |     5   (0)| 00:00:01 |</font>
|  34 |   NESTED LOOPS                        |                             |     1 |    83 |     3   (0)| 00:00:01 |
|  35 |    NESTED LOOPS                       |                             |     1 |    83 |     3   (0)| 00:00:01 |
|  36 |     NESTED LOOPS                      |                             |     1 |    66 |     2   (0)| 00:00:01 |
|  37 |      TABLE ACCESS BY INDEX ROWID      | MS_QS_PARAMETER_NAMES       |     1 |    34 |     1   (0)| 00:00:01 |
|* 38 |       INDEX RANGE SCAN                | MS_QS_PARAMETER_NAMES_N1    |     1 |       |     1   (0)| 00:00:01 |
|* 39 |      TABLE ACCESS BY INDEX ROWID      | MS_QS_PARAMETER_TYPES       |     1 |    32 |     1   (0)| 00:00:01 |
|* 40 |       INDEX RANGE SCAN                | MS_QS_PARAMETER_TYPES_N1    |     1 |       |     1   (0)| 00:00:01 |
|* 41 |     INDEX RANGE SCAN                  | MS_QS_PARAMETER_VALUES_IDX  |     1 |       |     1   (0)| 00:00:01 |
|  42 |    TABLE ACCESS BY INDEX ROWID        | MS_QS_PARAMETER_VALUES      |     1 |    17 |     1   (0)| 00:00:01 |
|  43 |  SORT ORDER BY                        |                             |     1 | 53739 |    37   (6)| 00:00:01 |
|  44 |   NESTED LOOPS                        |                             |     1 | 53739 |    32   (4)| 00:00:01 |
|  45 |    NESTED LOOPS                       |                             |     1 | 10038 |    31   (4)| 00:00:01 |
|  46 |     SORT UNIQUE                       |                             |  8168 | 16336 |    29   (0)| 00:00:01 |
<font style="background-color: lightblue; color: red">|  47 |      COLLECTION ITERATOR PICKLER FETCH| FN_RISK_RPT_FILTER          |  8168 | 16336 |    29   (0)| 00:00:01 |</font>
|  48 |     TABLE ACCESS BY INDEX ROWID       | MS_GRC_RISK_OBJ_MLS_SUMMARY |     1 | 10036 |     1   (0)| 00:00:01 |
|* 49 |      INDEX RANGE SCAN                 | MS_GRC_OBJ_MLS_SUMM_IDX2    |     1 |       |     1   (0)| 00:00:01 |
|  50 |       NESTED LOOPS                    |                             |     1 |    30 |     4   (0)| 00:00:01 |
|  51 |        TABLE ACCESS BY INDEX ROWID    | SI_USERS_T                  |     1 |    19 |     1   (0)| 00:00:01 |
|* 52 |         INDEX UNIQUE SCAN             | USER_NAME_UK                |     1 |       |     1   (0)| 00:00:01 |
<font style="background-color: lightblue; color: red">|* 53 |        TABLE ACCESS FULL              | SI_LOCALES                  |     1 |    11 |     3   (0)| 00:00:01 |</font>
|* 54 |    TABLE ACCESS BY INDEX ROWID        | MS_GRC_RISK_OBJ_SUMMARY     |     1 | 43701 |     1   (0)| 00:00:01 |
|* 55 |     INDEX UNIQUE SCAN                 | MS_GRC_RISK_SUMM_IDX1       |     1 |       |     1   (0)| 00:00:01 |
---------------------------------------------------------------------------------------------------------------------
 
</code></pre><header class="major"><h2>Query Block Name / Object Alias (identified by operation id):</h2></header><pre><code>
 
   1 - SEL$B7E8C768
   4 - SEL$B7E8C768 / PNAME@SEL$3
   5 - SEL$B7E8C768 / PNAME@SEL$3
   6 - SEL$B7E8C768 / PTYPE@SEL$3
   7 - SEL$B7E8C768 / PTYPE@SEL$3
   8 - SEL$B7E8C768 / PVALUE@SEL$3
   9 - SEL$B7E8C768 / PVALUE@SEL$3
  10 - SEL$1FF6F973 / USERS@SEL$4
  11 - SEL$1FF6F973 / USERS@SEL$4
  12 - SEL$E2C0F2F4
  15 - SEL$E2C0F2F4 / PNAME@SEL$7
  16 - SEL$E2C0F2F4 / PNAME@SEL$7
  17 - SEL$E2C0F2F4 / PTYPE@SEL$7
  18 - SEL$E2C0F2F4 / PTYPE@SEL$7
  19 - SEL$E2C0F2F4 / PVALUE@SEL$7
  20 - SEL$E2C0F2F4 / PVALUE@SEL$7
  21 - SEL$570E831A / USERS@SEL$8
  22 - SEL$570E831A / USERS@SEL$8
  23 - SEL$18BE6699 / USERS@SEL$12
  24 - SEL$5D238E44
  27 - SEL$5D238E44 / PNAME@SEL$11
  28 - SEL$5D238E44 / PNAME@SEL$11
  29 - SEL$5D238E44 / PTYPE@SEL$11
  30 - SEL$5D238E44 / PTYPE@SEL$11
  31 - SEL$5D238E44 / PVALUE@SEL$11
  32 - SEL$5D238E44 / PVALUE@SEL$11
  33 - SEL$D2366DAE / USERS@SEL$16
  34 - SEL$28C398ED
  37 - SEL$28C398ED / PNAME@SEL$15
  38 - SEL$28C398ED / PNAME@SEL$15
  39 - SEL$28C398ED / PTYPE@SEL$15
  40 - SEL$28C398ED / PTYPE@SEL$15
  41 - SEL$28C398ED / PVALUE@SEL$15
  42 - SEL$28C398ED / PVALUE@SEL$15
  43 - SEL$7B6CD1A2
  47 - SEL$7B6CD1A2 / KOKBF$0@SEL$19
  48 - SEL$7B6CD1A2 / MLS_SUMM@SEL$1
  49 - SEL$7B6CD1A2 / MLS_SUMM@SEL$1
  50 - SEL$20      
  51 - SEL$20       / T1@SEL$20
  52 - SEL$20       / T1@SEL$20
  53 - SEL$20       / T2@SEL$20
  54 - SEL$7B6CD1A2 / RSK_SUMM@SEL$1
  55 - SEL$7B6CD1A2 / RSK_SUMM@SEL$1
 
</code></pre><header class="major"><h2>Predicate Information (identified by operation id):</h2></header><pre><code>
 
   5 - access("PNAME"."PARAMETER_NAME"='DISPLAY_FORMAT')
   6 - filter("PTYPE"."PARAMETER_TYPE_ID"="PNAME"."PARAMETER_TYPE_ID")
   7 - access("PTYPE"."PARAMETER_TYPE"='MS Apps User Name Display Format')
   8 - access("PTYPE"."PARAMETER_TYPE_ID"="PVALUE"."PARAMETER_TYPE_ID" AND 
              "PNAME"."PARAMETER_ID"="PVALUE"."PARAMETER_ID" AND "PVALUE"."ORG_ENTITY_ID"=1)
  11 - access("USERS"."USER_NAME"=:B1)
  16 - access("PNAME"."PARAMETER_NAME"='DISPLAY_FORMAT')
  17 - filter("PTYPE"."PARAMETER_TYPE_ID"="PNAME"."PARAMETER_TYPE_ID")
  18 - access("PTYPE"."PARAMETER_TYPE"='MS Apps User Name Display Format')
  19 - access("PTYPE"."PARAMETER_TYPE_ID"="PVALUE"."PARAMETER_TYPE_ID" AND 
              "PNAME"."PARAMETER_ID"="PVALUE"."PARAMETER_ID" AND "PVALUE"."ORG_ENTITY_ID"=1)
  22 - access("USERS"."USER_NAME"=:B1)
  23 - filter(CASE  WHEN  (SELECT "PVALUE"."PARAMETER_VALUE" FROM METRICSTREAM."MS_QS_PARAMETER_NAMES" 
              "PNAME",METRICSTREAM."MS_QS_PARAMETER_TYPES" "PTYPE",METRICSTREAM."MS_QS_PARAMETER_VALUES" "PVALUE" WHERE 
              "PVALUE"."ORG_ENTITY_ID"=1 AND "PNAME"."PARAMETER_ID"="PVALUE"."PARAMETER_ID" AND 
              "PTYPE"."PARAMETER_TYPE_ID"="PVALUE"."PARAMETER_TYPE_ID" AND "PTYPE"."PARAMETER_TYPE"='MS Apps User Name 
              Display Format' AND "PTYPE"."PARAMETER_TYPE_ID"="PNAME"."PARAMETER_TYPE_ID" AND 
              "PNAME"."PARAMETER_NAME"='DISPLAY_FORMAT')='2' THEN "USERS"."LAST_NAME"||' '||"USERS"."FIRST_NAME" WHEN  
              (SELECT "PVALUE"."PARAMETER_VALUE" FROM METRICSTREAM."MS_QS_PARAMETER_NAMES" 
              "PNAME",METRICSTREAM."MS_QS_PARAMETER_TYPES" "PTYPE",METRICSTREAM."MS_QS_PARAMETER_VALUES" "PVALUE" WHERE 
              "PVALUE"."ORG_ENTITY_ID"=1 AND "PNAME"."PARAMETER_ID"="PVALUE"."PARAMETER_ID" AND 
              "PTYPE"."PARAMETER_TYPE_ID"="PVALUE"."PARAMETER_TYPE_ID" AND "PTYPE"."PARAMETER_TYPE"='MS Apps User Name 
              Display Format' AND "PTYPE"."PARAMETER_TYPE_ID"="PNAME"."PARAMETER_TYPE_ID" AND 
              "PNAME"."PARAMETER_NAME"='DISPLAY_FORMAT')='3' THEN "USERS"."LAST_NAME"||','||' '||"USERS"."FIRST_NAME"||' 
              '||'('||"USERS"."USER_NAME"||')' WHEN  (SELECT "PVALUE"."PARAMETER_VALUE" FROM 
              METRICSTREAM."MS_QS_PARAMETER_NAMES" "PNAME",METRICSTREAM."MS_QS_PARAMETER_TYPES" 
              "PTYPE",METRICSTREAM."MS_QS_PARAMETER_VALUES" "PVALUE" WHERE "PVALUE"."ORG_ENTITY_ID"=1 AND 
              "PNAME"."PARAMETER_ID"="PVALUE"."PARAMETER_ID" AND "PTYPE"."PARAMETER_TYPE_ID"="PVALUE"."PARAMETER_TYPE_ID" 
              AND "PTYPE"."PARAMETER_TYPE"='MS Apps User Name Display Format' AND 
              "PTYPE"."PARAMETER_TYPE_ID"="PNAME"."PARAMETER_TYPE_ID" AND "PNAME"."PARAMETER_NAME"='DISPLAY_FORMAT')='1' 
              THEN "USERS"."FIRST_NAME"||' '||"USERS"."LAST_NAME" WHEN  (SELECT "PVALUE"."PARAMETER_VALUE" FROM 
              METRICSTREAM."MS_QS_PARAMETER_NAMES" "PNAME",METRICSTREAM."MS_QS_PARAMETER_TYPES" 
              "PTYPE",METRICSTREAM."MS_QS_PARAMETER_VALUES" "PVALUE" WHERE "PVALUE"."ORG_ENTITY_ID"=1 AND 
              "PNAME"."PARAMETER_ID"="PVALUE"."PARAMETER_ID" AND "PTYPE"."PARAMETER_TYPE_ID"="PVALUE"."PARAMETER_TYPE_ID" 
              AND "PTYPE"."PARAMETER_TYPE"='MS Apps User Name Display Format' AND 
              "PTYPE"."PARAMETER_TYPE_ID"="PNAME"."PARAMETER_TYPE_ID" AND "PNAME"."PARAMETER_NAME"='DISPLAY_FORMAT')='4' 
              THEN "USERS"."FIRST_NAME"||','||' '||"USERS"."LAST_NAME"||' '||'('||"USERS"."USER_NAME"||')' ELSE 
              "USERS"."LAST_NAME"||' '||"USERS"."FIRST_NAME" END =:B1)
  28 - access("PNAME"."PARAMETER_NAME"='DISPLAY_FORMAT')
  29 - filter("PTYPE"."PARAMETER_TYPE_ID"="PNAME"."PARAMETER_TYPE_ID")
  30 - access("PTYPE"."PARAMETER_TYPE"='MS Apps User Name Display Format')
  31 - access("PTYPE"."PARAMETER_TYPE_ID"="PVALUE"."PARAMETER_TYPE_ID" AND 
              "PNAME"."PARAMETER_ID"="PVALUE"."PARAMETER_ID" AND "PVALUE"."ORG_ENTITY_ID"=1)
  33 - filter(CASE  WHEN  (SELECT "PVALUE"."PARAMETER_VALUE" FROM METRICSTREAM."MS_QS_PARAMETER_NAMES" 
              "PNAME",METRICSTREAM."MS_QS_PARAMETER_TYPES" "PTYPE",METRICSTREAM."MS_QS_PARAMETER_VALUES" "PVALUE" WHERE 
              "PVALUE"."ORG_ENTITY_ID"=1 AND "PNAME"."PARAMETER_ID"="PVALUE"."PARAMETER_ID" AND 
              "PTYPE"."PARAMETER_TYPE_ID"="PVALUE"."PARAMETER_TYPE_ID" AND "PTYPE"."PARAMETER_TYPE"='MS Apps User Name 
              Display Format' AND "PTYPE"."PARAMETER_TYPE_ID"="PNAME"."PARAMETER_TYPE_ID" AND 
              "PNAME"."PARAMETER_NAME"='DISPLAY_FORMAT')='2' THEN "USERS"."LAST_NAME"||' '||"USERS"."FIRST_NAME" WHEN  
              (SELECT "PVALUE"."PARAMETER_VALUE" FROM METRICSTREAM."MS_QS_PARAMETER_NAMES" 
              "PNAME",METRICSTREAM."MS_QS_PARAMETER_TYPES" "PTYPE",METRICSTREAM."MS_QS_PARAMETER_VALUES" "PVALUE" WHERE 
              "PVALUE"."ORG_ENTITY_ID"=1 AND "PNAME"."PARAMETER_ID"="PVALUE"."PARAMETER_ID" AND 
              "PTYPE"."PARAMETER_TYPE_ID"="PVALUE"."PARAMETER_TYPE_ID" AND "PTYPE"."PARAMETER_TYPE"='MS Apps User Name 
              Display Format' AND "PTYPE"."PARAMETER_TYPE_ID"="PNAME"."PARAMETER_TYPE_ID" AND 
              "PNAME"."PARAMETER_NAME"='DISPLAY_FORMAT')='3' THEN "USERS"."LAST_NAME"||','||' '||"USERS"."FIRST_NAME"||' 
              '||'('||"USERS"."USER_NAME"||')' WHEN  (SELECT "PVALUE"."PARAMETER_VALUE" FROM 
              METRICSTREAM."MS_QS_PARAMETER_NAMES" "PNAME",METRICSTREAM."MS_QS_PARAMETER_TYPES" 
              "PTYPE",METRICSTREAM."MS_QS_PARAMETER_VALUES" "PVALUE" WHERE "PVALUE"."ORG_ENTITY_ID"=1 AND 
              "PNAME"."PARAMETER_ID"="PVALUE"."PARAMETER_ID" AND "PTYPE"."PARAMETER_TYPE_ID"="PVALUE"."PARAMETER_TYPE_ID" 
              AND "PTYPE"."PARAMETER_TYPE"='MS Apps User Name Display Format' AND 
              "PTYPE"."PARAMETER_TYPE_ID"="PNAME"."PARAMETER_TYPE_ID" AND "PNAME"."PARAMETER_NAME"='DISPLAY_FORMAT')='1' 
              THEN "USERS"."FIRST_NAME"||' '||"USERS"."LAST_NAME" WHEN  (SELECT "PVALUE"."PARAMETER_VALUE" FROM 
              METRICSTREAM."MS_QS_PARAMETER_NAMES" "PNAME",METRICSTREAM."MS_QS_PARAMETER_TYPES" 
              "PTYPE",METRICSTREAM."MS_QS_PARAMETER_VALUES" "PVALUE" WHERE "PVALUE"."ORG_ENTITY_ID"=1 AND 
              "PNAME"."PARAMETER_ID"="PVALUE"."PARAMETER_ID" AND "PTYPE"."PARAMETER_TYPE_ID"="PVALUE"."PARAMETER_TYPE_ID" 
              AND "PTYPE"."PARAMETER_TYPE"='MS Apps User Name Display Format' AND 
              "PTYPE"."PARAMETER_TYPE_ID"="PNAME"."PARAMETER_TYPE_ID" AND "PNAME"."PARAMETER_NAME"='DISPLAY_FORMAT')='4' 
              THEN "USERS"."FIRST_NAME"||','||' '||"USERS"."LAST_NAME"||' '||'('||"USERS"."USER_NAME"||')' ELSE 
              "USERS"."LAST_NAME"||' '||"USERS"."FIRST_NAME" END =:B1)
  38 - access("PNAME"."PARAMETER_NAME"='DISPLAY_FORMAT')
  39 - filter("PTYPE"."PARAMETER_TYPE_ID"="PNAME"."PARAMETER_TYPE_ID")
  40 - access("PTYPE"."PARAMETER_TYPE"='MS Apps User Name Display Format')
  41 - access("PTYPE"."PARAMETER_TYPE_ID"="PVALUE"."PARAMETER_TYPE_ID" AND 
              "PNAME"."PARAMETER_ID"="PVALUE"."PARAMETER_ID" AND "PVALUE"."ORG_ENTITY_ID"=1)
  49 - access("MLS_SUMM"."OBJECT_ID"=VALUE(KOKBF$))
       filter(TO_NUMBER("MLS_SUMM"."LOCALE_ID")= (SELECT "LOCALE_ID" FROM "SI_LOCALES" "T2","SI_USERS_T" 
              "T1" WHERE "USER_NAME"=:34 AND "T1"."LOCALE"="T2"."LOCALE_STRING"))
  52 - access("USER_NAME"=:34)
  53 - filter("T1"."LOCALE"="T2"."LOCALE_STRING")
  54 - filter(NVL("IS_ORPHAN",1)=NVL(:4,NVL("IS_ORPHAN",1)))
  55 - access("MLS_SUMM"."OBJECT_ID"="RSK_SUMM"."OBJECT_ID")
 
</code></pre><header class="major"><h2>Column Projection Information (identified by operation id):</h2></header><pre><code>
 
   1 - (#keys=0) "PVALUE"."PARAMETER_VALUE"[VARCHAR2,400]
   2 - (#keys=0) "PVALUE".ROWID[ROWID,10]
   3 - (#keys=0) "PNAME"."PARAMETER_ID"[NUMBER,22], "PTYPE"."PARAMETER_TYPE_ID"[NUMBER,22]
   4 - "PNAME"."PARAMETER_ID"[NUMBER,22], "PNAME"."PARAMETER_TYPE_ID"[NUMBER,22]
   5 - "PNAME".ROWID[ROWID,10]
   6 - "PTYPE"."PARAMETER_TYPE_ID"[NUMBER,22]
   7 - "PTYPE".ROWID[ROWID,10]
   8 - "PVALUE".ROWID[ROWID,10]
   9 - "PVALUE"."PARAMETER_VALUE"[VARCHAR2,400]
  10 - "USERS".ROWID[ROWID,10], "USERS"."LAST_NAME"[VARCHAR2,400], "USERS"."FIRST_NAME"[VARCHAR2,400], 
       "USERS"."USER_NAME"[VARCHAR2,320]
  11 - "USERS".ROWID[ROWID,10], "USERS"."USER_NAME"[VARCHAR2,320]
  12 - (#keys=0) "PVALUE"."PARAMETER_VALUE"[VARCHAR2,400]
  13 - (#keys=0) "PVALUE".ROWID[ROWID,10]
  14 - (#keys=0) "PNAME"."PARAMETER_ID"[NUMBER,22], "PTYPE"."PARAMETER_TYPE_ID"[NUMBER,22]
  15 - "PNAME"."PARAMETER_ID"[NUMBER,22], "PNAME"."PARAMETER_TYPE_ID"[NUMBER,22]
  16 - "PNAME".ROWID[ROWID,10]
  17 - "PTYPE"."PARAMETER_TYPE_ID"[NUMBER,22]
  18 - "PTYPE".ROWID[ROWID,10]
  19 - "PVALUE".ROWID[ROWID,10]
  20 - "PVALUE"."PARAMETER_VALUE"[VARCHAR2,400]
  21 - "USERS".ROWID[ROWID,10], "USERS"."LAST_NAME"[VARCHAR2,400], "USERS"."FIRST_NAME"[VARCHAR2,400], 
       "USERS"."USER_NAME"[VARCHAR2,320]
  22 - "USERS".ROWID[ROWID,10], "USERS"."USER_NAME"[VARCHAR2,320]
  23 - "USERS"."LAST_NAME"[VARCHAR2,400], "USERS"."FIRST_NAME"[VARCHAR2,400], 
       "USERS"."USER_NAME"[VARCHAR2,320]
  24 - (#keys=0) "PVALUE"."PARAMETER_VALUE"[VARCHAR2,400]
  25 - (#keys=0) "PVALUE".ROWID[ROWID,10]
  26 - (#keys=0) "PNAME"."PARAMETER_ID"[NUMBER,22], "PTYPE"."PARAMETER_TYPE_ID"[NUMBER,22]
  27 - "PNAME"."PARAMETER_ID"[NUMBER,22], "PNAME"."PARAMETER_TYPE_ID"[NUMBER,22]
  28 - "PNAME".ROWID[ROWID,10]
  29 - "PTYPE"."PARAMETER_TYPE_ID"[NUMBER,22]
  30 - "PTYPE".ROWID[ROWID,10]
  31 - "PVALUE".ROWID[ROWID,10]
  32 - "PVALUE"."PARAMETER_VALUE"[VARCHAR2,400]
  33 - "USERS"."LAST_NAME"[VARCHAR2,400], "USERS"."FIRST_NAME"[VARCHAR2,400], 
       "USERS"."USER_NAME"[VARCHAR2,320]
  34 - (#keys=0) "PVALUE"."PARAMETER_VALUE"[VARCHAR2,400]
  35 - (#keys=0) "PVALUE".ROWID[ROWID,10]
  36 - (#keys=0) "PNAME"."PARAMETER_ID"[NUMBER,22], "PTYPE"."PARAMETER_TYPE_ID"[NUMBER,22]
  37 - "PNAME"."PARAMETER_ID"[NUMBER,22], "PNAME"."PARAMETER_TYPE_ID"[NUMBER,22]
  38 - "PNAME".ROWID[ROWID,10]
  39 - "PTYPE"."PARAMETER_TYPE_ID"[NUMBER,22]
  40 - "PTYPE".ROWID[ROWID,10]
  41 - "PVALUE".ROWID[ROWID,10]
  42 - "PVALUE"."PARAMETER_VALUE"[VARCHAR2,400]
  43 - (#keys=1) "RSK_SUMM"."UPPER_OBJECT_NAME"[VARCHAR2,4000], "RSK_SUMM"."OBJECT_ID"[VARCHAR2,1600], 
       "RSK_SUMM"."OBJECT_NAME"[VARCHAR2,4000], "RSK_SUMM"."OBJECT_NAME"[VARCHAR2,4000], 
       "MLS_SUMM"."OBJ_STATUS"[VARCHAR2,4000], "MLS_SUMM"."OBJECT_LEVEL"[VARCHAR2,4000], 
       "RSK_SUMM"."OBJECT_PARENT"[VARCHAR2,4000], INITCAP("MLS_SUMM"."KEY_RISK")[1020], 
       "MLS_SUMM"."CAT_NAME_AGG"[LOB,4000], "RSK_SUMM"."CREATED_DATE"[DATE,7],  (SELECT CASE  WHEN  (SELECT 
       "PVALUE"."PARAMETER_VALUE" FROM METRICSTREAM."MS_QS_PARAMETER_NAMES" 
       "PNAME",METRICSTREAM."MS_QS_PARAMETER_TYPES" "PTYPE",METRICSTREAM."MS_QS_PARAMETER_VALUES" "PVALUE" WHERE 
       "PVALUE"."ORG_ENTITY_ID"=1 AND "PNAME"."PARAMETER_ID"="PVALUE"."PARAMETER_ID" AND 
       "PTYPE"."PARAMETER_TYPE_ID"="PVALUE"."PARAMETER_TYPE_ID" AND "PTYPE"."PARAMETER_TYPE"='MS Apps User Name 
       Display Format' AND "PTYPE"."PARAMETER_TYPE_ID"="PNAME"."PARAMETER_TYPE_ID" AND 
       "PNAME"."PARAMETER_NAME"='DISPLAY_FORMAT')='2' THEN "USERS"."LAST_NAME"||' '||"USERS"."FIRST_NAME" WHEN  
       (SELECT "PVALUE"."PARAMETER_VALUE" FROM METRICSTREAM."MS_QS_PARAMETER_NAMES" 
       "PNAME",METRICSTREAM."MS_QS_PARAMETER_TYPES" "PTYPE",METRICSTREAM."MS_QS_PARAMETER_VALUES" "PVALUE" WHERE 
       "PVALUE"."ORG_ENTITY_ID"=1 AND "PNAME"."PARAMETER_ID"="PVALUE"."PARAMETER_ID" AND 
       "PTYPE"."PARAMETER_TYPE_ID"="PVALUE"."PARAMETER_TYPE_ID" AND "PTYPE"."PARAMETER_TYPE"='MS Apps User Name 
       Display Format' AND "PTYPE"."PARAMETER_TYPE_ID"="PNAME"."PARAMETER_TYPE_ID" AND 
       "PNAME"."PARAMETER_NAME"='DISPLAY_FORMAT')='3' THEN "USERS"."LAST_NAME"||','||' '||"USERS"."FIRST_NAME"||' 
       '||'('||"USERS"."USER_NAME"||')' WHEN  (SELECT "PVALUE"."PARAMETER_VALUE" FROM 
       METRICSTREAM."MS_QS_PARAMETER_NAMES" "PNAME",METRICSTREAM."MS_QS_PARAMETER_TYPES" 
       "PTYPE",METRICSTREAM."MS_QS_PARAMETER_VALUES" "PVALUE" WHERE "PVALUE"."ORG_ENTITY_ID"=1 AND 
       "PNAME"."PARAMETER_ID"="PVALUE"."PARAMETER_ID" AND "PTYPE"."PARAMETER_TYPE_ID"="PVALUE"."PARAMETER_TYPE_ID" 
       AND "PTYPE"."PARAMETER_TYPE"='MS Apps User Name Display Format' AND 
       "PTYPE"."PARAMETER_TYPE_ID"="PNAME"."PARAMETER_TYPE_ID" AND "PNAME"."PARAMETER_NAME"='DISPLAY_FORMAT')='1' 
       THEN "USERS"."FIRST_NAME"||' '||"USERS"."LAST_NAME" WHEN  (SELECT "PVALUE"."PARAMETER_VALUE" FROM 
       METRICSTREAM."MS_QS_PARAMETER_NAMES" "PNAME",METRICSTREAM."MS_QS_PARAMETER_TYPES" 
       "PTYPE",METRICSTREAM."MS_QS_PARAMETER_VALUES" "PVALUE" WHERE "PVALUE"."ORG_ENTITY_ID"=1 AND 
       "PNAME"."PARAMETER_ID"="PVALUE"."PARAMETER_ID" AND "PTYPE"."PARAMETER_TYPE_ID"="PVALUE"."PARAMETER_TYPE_ID" 
       AND "PTYPE"."PARAMETER_TYPE"='MS Apps User Name Display Format' AND 
       "PTYPE"."PARAMETER_TYPE_ID"="PNAME"."PARAMETER_TYPE_ID" AND "PNAME"."PARAMETER_NAME"='DISPLAY_FORMAT')='4' 
       THEN "USERS"."FIRST_NAME"||','||' '||"USERS"."LAST_NAME"||' '||'('||"USERS"."USER_NAME"||')' ELSE 
       "USERS"."LAST_NAME"||' '||"USERS"."FIRST_NAME" END  FROM METRICSTREAM."SI_USERS_T" "USERS" WHERE 
       "USERS"."USER_NAME"=:B1)[1125], "RSK_SUMM"."UPDATED_DATE"[DATE,7],  (SELECT CASE  WHEN  (SELECT 
       "PVALUE"."PARAMETER_VALUE" FROM METRICSTREAM."MS_QS_PARAMETER_NAMES" 
       "PNAME",METRICSTREAM."MS_QS_PARAMETER_TYPES" "PTYPE",METRICSTREAM."MS_QS_PARAMETER_VALUES" "PVALUE" WHERE 
       "PVALUE"."ORG_ENTITY_ID"=1 AND "PNAME"."PARAMETER_ID"="PVALUE"."PARAMETER_ID" AND 
       "PTYPE"."PARAMETER_TYPE_ID"="PVALUE"."PARAMETER_TYPE_ID" AND "PTYPE"."PARAMETER_TYPE"='MS Apps User Name 
       Display Format' AND "PTYPE"."PARAMETER_TYPE_ID"="PNAME"."PARAMETER_TYPE_ID" AND 
       "PNAME"."PARAMETER_NAME"='DISPLAY_FORMAT')='2' THEN "USERS"."LAST_NAME"||' '||"USERS"."FIRST_NAME" WHEN  
       (SELECT "PVALUE"."PARAMETER_VALUE" FROM METRICSTREAM."MS_QS_PARAMETER_NAMES" 
       "PNAME",METRICSTREAM."MS_QS_PARAMETER_TYPES" "PTYPE",METRICSTREAM."MS_QS_PARAMETER_VALUES" "PVALUE" WHERE 
       "PVALUE"."ORG_ENTITY_ID"=1 AND "PNAME"."PARAMETER_ID"="PVALUE"."PARAMETER_ID" AND 
       "PTYPE"."PARAMETER_TYPE_ID"="PVALUE"."PARAMETER_TYPE_ID" AND "PTYPE"."PARAMETER_TYPE"='MS Apps User Name 
       Display Format' AND "PTYPE"."PARAMETER_TYPE_ID"="PNAME"."PARAMETER_TYPE_ID" AND 
       "PNAME"."PARAMETER_NAME"='DISPLAY_FORMAT')='3' THEN "USERS"."LAST_NAME"||'
  44 - (#keys=0) "MLS_SUMM"."CAT_NAME_AGG"[LOB,4000], "MLS_SUMM"."OBJECT_LEVEL"[VARCHAR2,4000], 
       "MLS_SUMM"."OBJ_STATUS"[VARCHAR2,4000], "MLS_SUMM"."TYPE_RISK"[VARCHAR2,1020], 
       "MLS_SUMM"."KEY_RISK"[VARCHAR2,1020], "MLS_SUMM"."AREAS_OF_IMPACT"[VARCHAR2,4000], 
       "RSK_SUMM"."REL_ORGANIZATION_NAMES"[LOB,4000], "RSK_SUMM"."UPPER_OBJECT_NAME"[VARCHAR2,4000], 
       "RSK_SUMM"."REPORT_JSON"[VARCHAR2,4000], "RSK_SUMM"."OBJECT_ID"[VARCHAR2,1600], 
       "RSK_SUMM"."OBJECT_NAME"[VARCHAR2,4000], "RSK_SUMM"."OBJECT_PARENT"[VARCHAR2,4000], 
       "OBJ_PARENT_ID"[LOB,4000], "RSK_SUMM"."LEVEL_1_APPROVER"[VARCHAR2,400], 
       "RSK_SUMM"."LEVEL_2_APPROVER"[VARCHAR2,400], "RSK_SUMM"."VALID_UNTIL"[DATE,7], 
       "RSK_SUMM"."VALID_FROM"[DATE,7], "RSK_SUMM"."DESCRIPTION"[LOB,4000], "OWNER_IDS"[LOB,4000], 
       "RSK_SUMM"."OWNER_NAME"[LOB,4000], "RSK_SUMM"."OWNER_ORG_NAMES"[LOB,4000], 
       "RSK_SUMM"."CREATED_DATE"[DATE,7], "RSK_SUMM"."CREATED_BY"[VARCHAR2,400], "RSK_SUMM"."UPDATED_DATE"[DATE,7], 
       "RSK_SUMM"."UPDATED_BY"[VARCHAR2,400], "RSK_SUMM"."REL_RISK_OBJ_NAME_AGG"[LOB,4000], 
       "RSK_SUMM"."REL_CTRL_OBJ_NAME_AGG"[LOB,4000], "RSK_SUMM"."REL_ASSET_OBJ_NAME_AGG"[LOB,4000], 
       "REL_OBJECTIVE_OBJ_NAME_AGG"[LOB,4000], "RSK_SUMM"."REL_AOC_OBJ_NAME_AGG"[LOB,4000], 
       "REL_STANDARD_OBJ_NAME_AGG"[LOB,4000], "RSK_SUMM"."REL_FUNCTION_OBJ_NAME_AGG"[LOB,4000], 
       "RSK_SUMM"."REL_REQUIREMENT_OBJ_NAME_AGG"[LOB,4000], "RSK_SUMM"."REL_REG_BODY_OBJ_NAME_AGG"[LOB,4000], 
       "RSK_SUMM"."REL_PROCESS_OBJ_NAME_AGG"[LOB,4000], "REL_PRODUCT_NAME_AGG"[LOB,4000]
  45 - (#keys=0) "MLS_SUMM"."OBJECT_ID"[VARCHAR2,1600], "MLS_SUMM"."CAT_NAME_AGG"[LOB,4000], 
       "MLS_SUMM"."OBJECT_LEVEL"[VARCHAR2,4000], "MLS_SUMM"."OBJ_STATUS"[VARCHAR2,4000], 
       "MLS_SUMM"."TYPE_RISK"[VARCHAR2,1020], "MLS_SUMM"."KEY_RISK"[VARCHAR2,1020], 
       "MLS_SUMM"."AREAS_OF_IMPACT"[VARCHAR2,4000]
  46 - (#keys=1) VALUE(KOKBF$)[8000]
  47 - VALUE(A0)[8000]
  48 - "MLS_SUMM"."OBJECT_ID"[VARCHAR2,1600], "MLS_SUMM"."CAT_NAME_AGG"[LOB,4000], 
       "MLS_SUMM"."OBJECT_LEVEL"[VARCHAR2,4000], "MLS_SUMM"."OBJ_STATUS"[VARCHAR2,4000], 
       "MLS_SUMM"."TYPE_RISK"[VARCHAR2,1020], "MLS_SUMM"."KEY_RISK"[VARCHAR2,1020], 
       "MLS_SUMM"."AREAS_OF_IMPACT"[VARCHAR2,4000]
  49 - "MLS_SUMM".ROWID[ROWID,10], "MLS_SUMM"."OBJECT_ID"[VARCHAR2,1600]
  50 - (#keys=0) "LOCALE_ID"[NUMBER,22]
  51 - "T1"."LOCALE"[VARCHAR2,400]
  52 - "T1".ROWID[ROWID,10]
  53 - "LOCALE_ID"[NUMBER,22]
  54 - "RSK_SUMM"."REL_ORGANIZATION_NAMES"[LOB,4000], "RSK_SUMM"."UPPER_OBJECT_NAME"[VARCHAR2,4000], 
       "RSK_SUMM"."REPORT_JSON"[VARCHAR2,4000], "RSK_SUMM"."OBJECT_ID"[VARCHAR2,1600], 
       "RSK_SUMM"."OBJECT_NAME"[VARCHAR2,4000], "RSK_SUMM"."OBJECT_PARENT"[VARCHAR2,4000], 
       "OBJ_PARENT_ID"[LOB,4000], "RSK_SUMM"."LEVEL_1_APPROVER"[VARCHAR2,400], 
       "RSK_SUMM"."LEVEL_2_APPROVER"[VARCHAR2,400], "RSK_SUMM"."VALID_UNTIL"[DATE,7], 
       "RSK_SUMM"."VALID_FROM"[DATE,7], "RSK_SUMM"."DESCRIPTION"[LOB,4000], "OWNER_IDS"[LOB,4000], 
       "RSK_SUMM"."OWNER_NAME"[LOB,4000], "RSK_SUMM"."OWNER_ORG_NAMES"[LOB,4000], 
       "RSK_SUMM"."CREATED_DATE"[DATE,7], "RSK_SUMM"."CREATED_BY"[VARCHAR2,400], "RSK_SUMM"."UPDATED_DATE"[DATE,7], 
       "RSK_SUMM"."UPDATED_BY"[VARCHAR2,400], "RSK_SUMM"."REL_RISK_OBJ_NAME_AGG"[LOB,4000], 
       "RSK_SUMM"."REL_CTRL_OBJ_NAME_AGG"[LOB,4000], "RSK_SUMM"."REL_ASSET_OBJ_NAME_AGG"[LOB,4000], 
       "REL_OBJECTIVE_OBJ_NAME_AGG"[LOB,4000], "RSK_SUMM"."REL_AOC_OBJ_NAME_AGG"[LOB,4000], 
       "REL_STANDARD_OBJ_NAME_AGG"[LOB,4000], "RSK_SUMM"."REL_FUNCTION_OBJ_NAME_AGG"[LOB,4000], 
       "RSK_SUMM"."REL_REQUIREMENT_OBJ_NAME_AGG"[LOB,4000], "RSK_SUMM"."REL_REG_BODY_OBJ_NAME_AGG"[LOB,4000], 
       "RSK_SUMM"."REL_PROCESS_OBJ_NAME_AGG"[LOB,4000], "REL_PRODUCT_NAME_AGG"[LOB,4000]
  55 - "RSK_SUMM".ROWID[ROWID,10], "RSK_SUMM"."OBJECT_ID"[VARCHAR2,1600]
										</code></pre>
								</section>
						</div>
					</div>

				<!-- Sidebar -->
				<div id="sidebar">
					<div class="inner">
						<!-- Menu -->
						<nav id="menu">
							<header class="major">
								<h2>Menu</h2>
							</header>
							<ul>
								<li><a href="../index.html">Module List</a></li>
								<li><a href="index.html">Summary</a></li>
								<li>
									<span class="opener">DB Analysis</span>
									<ul>
										<li><a href="bad-sql.html">Bad SQL</a></li>
										<li><a href="poor-sql.html">Poor SQL Plan</a></li>
										<li><a href="invalid-sql.html">Invalid SQL</a></li>
										<li><a href="full-sql.html">Full SQL Report</a></li>
										<li><a href="table-nil-key.html">Primary/Unique Key Miss</a></li>
										<li><a href="invalid-db-object.html">Invalid DB Objects</a></li>
										<li><a href="sequence-with-less-cache.html">Sequence</a></li>
										<li><a href="table-index-lob-size.html">Table Size</a></li>
									</ul>
								</li>
								<li>
								    <span class="opener">LOB</span>
								    <ul>
								        <li><a href="lob-no-cache.html">LOB - No Cache</a></li>
								        <li><a href="lob-columns.html">LOB - All Columns</a></li>
								    </ul>
								</li>
								<li>
									<span class="opener">Infolets</span>
									<ul>
										<li><a href="keep-history-infolets.html">Keep History Infolets</a></li>
										<li><a href="plsql-context-switch.html">SQL-PL/SQL Context Switch</a></li>
									</ul>
								</li>
								<li>
									<span class="opener">Pushforms</span>
									<ul>
										<li><a href="pushform-denormalize.html">Pushform Denormalized</a></li>
									</ul>
								</li>
								<li>
									<span class="opener">PL/SQL</span>
									<ul>
										<li><a href="plsql-dyn-qry-objs.html">Dynamic Query</a></li>
									</ul>
								</li>
							</ul>
						</nav>

						<!-- Section -->
						<section>
							<header class="major">
								<h2>Get in touch</h2>
							</header>
							<p>You need more details on the report or want more functionality, don't hesitate to reach out to us.</p>
							<ul class="contact">
								<li class="fa-envelope-o"><a href="mailto:apps-rnd-arch-team@metricstream.com?Subject=Reg - Code Analysis Tool" target="_top">apps-rnd-arch-team@metricstream.com</a></li>
							</ul>
						</section>

						<!-- Footer -->
						<footer id="footer">
							<p class="copyright">&copy; <a href="http://www.metricstream.com" target="_blank">MetricStream</a>. All rights reserved. </p>
						</footer>
					</div>
				</div>
			</div>

		<!-- Scripts -->
			<script src="../../lib/assets/js/jquery.min.js"></script>
			<script src="../../lib/assets/js/skel.min.js"></script>
			<script src="../../lib/assets/js/util.js"></script>
			<!--[if lte IE 8]><script src="../../lib/assets/js/ie/respond.min.js"></script><![endif]-->
			<script src="../../lib/assets/js/main.js"></script>
	</body>
</html>