<!DOCTYPE HTML>
<html>
	<head>
		<title>Code Analysis - MetricStream</title>
		<meta charset="utf-8" />
		<meta name="viewport" content="width=device-width, initial-scale=1, user-scalable=no" />
		<!--[if lte IE 8]><script src="../../lib/assets/js/ie/html5shiv.js"></script><![endif]-->
		<link rel="stylesheet" href="../../lib/assets/css/main.css" />
		<!--[if lte IE 9]><link rel="stylesheet" href="../../lib/assets/css/ie9.css" /><![endif]-->
		<!--[if lte IE 8]><link rel="stylesheet" href="../../lib/assets/css/ie8.css" /><![endif]-->
	</head>
	<body>

		<!-- Wrapper -->
			<div id="wrapper">

				<!-- Main -->
					<div id="main">
						<div class="inner">
							<!-- Header -->
								<header id="header">
									<a href="index.html" class="logo"><strong>Static Code Analysis Report</strong> by Code Analyzer Tool</a>
								</header>

							<!-- Content -->
								<section>
									<!-- Content -->
										<header class="major"><h2>Infolet Details</h2></header>
										<div class="table-wrapper">
											<table>
												<tbody>
													<tr>
														<th>Name</th>
														<td>MS_GRC_Exception_Users (100845)</td>
													</tr>
													<tr>
														<th>SQL</th>
														<td><pre><code>SELECT DISTINCT (a.user_name) AS user_name,
USER_FULL_NAME as UserFullName,
c.locale_id as locale_id
    FROM SI_USER_ORG_ACT_VIEW a
    ,si_locales c,
si_users_t d where 
d.end_date is null and
c.locale_string = d.locale
AND d.user_name = :1
and activity_name IN ('GRC - Edit GRC Object')</code></pre></td>
													</tr>
													<tr>
														<th>Description</th>
														<td>This infolet extracts data from SI_USER_ORG_ACT_VIEW view and is thereby used in Exception form</td>
													</tr>
												</tbody>
											</table>
										</div>

										<h2 align="center" id="content">Analysis Report</h2>
										<hr>

<header class="major"><h2>Plan hash value: 2300200535</h2></header><pre><code>
 
--------------------------------------------------------------------------------------------------------------------------------
| Id  | Operation                                     | Name                           | Rows  | Bytes | Cost (%CPU)| Time     |
--------------------------------------------------------------------------------------------------------------------------------
|   0 | SELECT STATEMENT                              |                                |     1 |   269 |    36   (3)| 00:00:01 |
|   1 |  SORT UNIQUE                                  |                                |     1 |   269 |    36   (3)| 00:00:01 |
|*  2 |   HASH JOIN                                   |                                |     1 |   269 |    35   (0)| 00:00:01 |
|   3 |    NESTED LOOPS OUTER                         |                                |     1 |   256 |    29   (0)| 00:00:01 |
|*  4 |     HASH JOIN                                 |                                |     1 |   247 |    28   (0)| 00:00:01 |
|   5 |      NESTED LOOPS OUTER                       |                                |     1 |   239 |    18   (0)| 00:00:01 |
|*  6 |       HASH JOIN                               |                                |     1 |   232 |    17   (0)| 00:00:01 |
|*  7 |        HASH JOIN                              |                                |     1 |   224 |    13   (0)| 00:00:01 |
|   8 |         NESTED LOOPS                          |                                |     1 |   213 |    10   (0)| 00:00:01 |
|   9 |          NESTED LOOPS                         |                                |     1 |   213 |    10   (0)| 00:00:01 |
|  10 |           NESTED LOOPS                        |                                |     1 |   176 |     9   (0)| 00:00:01 |
|  11 |            NESTED LOOPS                       |                                |     1 |   166 |     8   (0)| 00:00:01 |
|  12 |             NESTED LOOPS                      |                                |     1 |   160 |     7   (0)| 00:00:01 |
|  13 |              NESTED LOOPS                     |                                |     1 |   145 |     6   (0)| 00:00:01 |
<font style="background-color: lightblue; color: red">|  14 |               MERGE JOIN CARTESIAN            |                                |     1 |   135 |     5   (0)| 00:00:01 |</font>
|  15 |                NESTED LOOPS                   |                                |     1 |   103 |     4   (0)| 00:00:01 |
|  16 |                 NESTED LOOPS                  |                                |     1 |   103 |     4   (0)| 00:00:01 |
|  17 |                  NESTED LOOPS                 |                                |     1 |    86 |     3   (0)| 00:00:01 |
|  18 |                   NESTED LOOPS                |                                |     1 |    54 |     2   (0)| 00:00:01 |
|* 19 |                    TABLE ACCESS BY INDEX ROWID| SI_USERS_T                     |     1 |    20 |     1   (0)| 00:00:01 |
|* 20 |                     INDEX UNIQUE SCAN         | USER_NAME_UK                   |     1 |       |     1   (0)| 00:00:01 |
|  21 |                    TABLE ACCESS BY INDEX ROWID| MS_QS_PARAMETER_NAMES          |     1 |    34 |     1   (0)| 00:00:01 |
|* 22 |                     INDEX RANGE SCAN          | MS_QS_PARAMETER_NAMES_N2       |     1 |       |     1   (0)| 00:00:01 |
|* 23 |                   INDEX RANGE SCAN            | MS_QS_PARAMETERTYPE_TYPEID_IDX |     1 |    32 |     1   (0)| 00:00:01 |
|* 24 |                  INDEX RANGE SCAN             | MS_QS_PARAMETER_VALUES_IDX     |     1 |       |     1   (0)| 00:00:01 |
|  25 |                 TABLE ACCESS BY INDEX ROWID   | MS_QS_PARAMETER_VALUES         |     1 |    17 |     1   (0)| 00:00:01 |
|  26 |                BUFFER SORT                    |                                |     1 |    32 |     4   (0)| 00:00:01 |
|  27 |                 TABLE ACCESS BY INDEX ROWID   | SI_ACTIVITIES_T                |     1 |    32 |     1   (0)| 00:00:01 |
|* 28 |                  INDEX RANGE SCAN             | SI_ACTIVITIES_N2               |     1 |       |     1   (0)| 00:00:01 |
|* 29 |               INDEX RANGE SCAN                | ROLE_ACTIVITY_UQ               |     6 |    60 |     1   (0)| 00:00:01 |
|  30 |              TABLE ACCESS BY INDEX ROWID      | SI_ORG_ROLES                   |     2 |    30 |     1   (0)| 00:00:01 |
|* 31 |               INDEX RANGE SCAN                | SI_ORG_ROLES_N2                |     2 |       |     1   (0)| 00:00:01 |
|* 32 |             TABLE ACCESS BY INDEX ROWID       | SI_ORG_ENTITIES_T              |     1 |     6 |     1   (0)| 00:00:01 |
|* 33 |              INDEX RANGE SCAN                 | SI_ORG_ENTITIES_N5             |     1 |       |     1   (0)| 00:00:01 |
|* 34 |            INDEX RANGE SCAN                   | SI_USER_ORG_ROLES_N2           |     3 |    30 |     1   (0)| 00:00:01 |
|* 35 |           INDEX UNIQUE SCAN                   | SI_USERS_T_N1                  |     1 |       |     1   (0)| 00:00:01 |
|* 36 |          TABLE ACCESS BY INDEX ROWID          | SI_USERS_T                     |     1 |    37 |     1   (0)| 00:00:01 |
<font style="background-color: lightblue; color: red">|  37 |         TABLE ACCESS FULL                     | SI_LOCALES                     |    35 |   385 |     3   (0)| 00:00:01 |</font>
|  38 |        VIEW                                   | SI_ORG_ENTITIES                |   113 |   904 |     4   (0)| 00:00:01 |
|  39 |         NESTED LOOPS OUTER                    |                                |   113 |  1695 |     4   (0)| 00:00:01 |
<font style="background-color: lightblue; color: red">|  40 |          TABLE ACCESS FULL                    | SI_ORG_ENTITIES_T              |   113 |   904 |     3   (0)| 00:00:01 |</font>
|* 41 |          INDEX RANGE SCAN                     | SI_ORG_ENTITIES_TL_IDX         |     1 |     7 |     1   (0)| 00:00:01 |
|* 42 |       INDEX RANGE SCAN                        | SI_ORG_ENTITIES_TL_IDX         |     1 |     7 |     1   (0)| 00:00:01 |
|  43 |      VIEW                                     | SI_ROLES                       |   446 |  3568 |    10   (0)| 00:00:01 |
|* 44 |       HASH JOIN                               |                                |   446 | 15164 |    10   (0)| 00:00:01 |
|  45 |        NESTED LOOPS OUTER                     |                                |   115 |  2415 |     4   (0)| 00:00:01 |
<font style="background-color: lightblue; color: red">|  46 |         TABLE ACCESS FULL                     | SI_ROLES_T                     |   115 |  1380 |     3   (0)| 00:00:01 |</font>
|* 47 |         INDEX RANGE SCAN                      | SI_ROLES_TL_N2                 |     1 |     9 |     1   (0)| 00:00:01 |
|  48 |        VIEW                                   | SI_REGISTER_APPLICATION_V      |    66 |   858 |     6   (0)| 00:00:01 |
|  49 |         UNION-ALL                             |                                |       |       |            |          |
|  50 |          NESTED LOOPS OUTER                   |                                |    65 |  2145 |     4   (0)| 00:00:01 |
<font style="background-color: lightblue; color: red">|  51 |           TABLE ACCESS FULL                   | SI_REGISTER_APPLICATION        |    65 |   455 |     3   (0)| 00:00:01 |</font>
|* 52 |           INDEX RANGE SCAN                    | SI_REGISTER_APPLICATION_TL_N1  |     1 |    26 |     1   (0)| 00:00:01 |
|  53 |          FAST DUAL                            |                                |     1 |       |     2   (0)| 00:00:01 |
|* 54 |     INDEX RANGE SCAN                          | SI_ROLES_TL_N2                 |     1 |     9 |     1   (0)| 00:00:01 |
|  55 |    VIEW                                       | SI_REGISTER_APPLICATION_V      |    66 |   858 |     6   (0)| 00:00:01 |
|  56 |     UNION-ALL                                 |                                |       |       |            |          |
|  57 |      NESTED LOOPS OUTER                       |                                |    65 |  2145 |     4   (0)| 00:00:01 |
<font style="background-color: lightblue; color: red">|  58 |       TABLE ACCESS FULL                       | SI_REGISTER_APPLICATION        |    65 |   455 |     3   (0)| 00:00:01 |</font>
|* 59 |       INDEX RANGE SCAN                        | SI_REGISTER_APPLICATION_TL_N1  |     1 |    26 |     1   (0)| 00:00:01 |
|  60 |      FAST DUAL                                |                                |     1 |       |     2   (0)| 00:00:01 |
--------------------------------------------------------------------------------------------------------------------------------
 
</code></pre><header class="major"><h2>Query Block Name / Object Alias (identified by operation id):</h2></header><pre><code>
 
   1 - SEL$C88F640E
  19 - SEL$C88F640E / D@SEL$1
  20 - SEL$C88F640E / D@SEL$1
  21 - SEL$C88F640E / PNAME@SEL$2
  22 - SEL$C88F640E / PNAME@SEL$2
  23 - SEL$C88F640E / PTYPE@SEL$2
  24 - SEL$C88F640E / PVALUE@SEL$2
  25 - SEL$C88F640E / PVALUE@SEL$2
  27 - SEL$C88F640E / ACT@SEL$2
  28 - SEL$C88F640E / ACT@SEL$2
  29 - SEL$C88F640E / ROLE_ACT@SEL$2
  30 - SEL$C88F640E / A@SEL$3
  31 - SEL$C88F640E / A@SEL$3
  32 - SEL$C88F640E / ORGS@SEL$2
  33 - SEL$C88F640E / ORGS@SEL$2
  34 - SEL$C88F640E / D@SEL$3
  35 - SEL$C88F640E / USERS@SEL$2
  36 - SEL$C88F640E / USERS@SEL$2
  37 - SEL$C88F640E / C@SEL$1
  38 - SEL$13       / B@SEL$3
  39 - SEL$13      
  40 - SEL$13       / T@SEL$13
  41 - SEL$13       / TL@SEL$13
  42 - SEL$C88F640E / BL@SEL$3
  43 - SEL$1FB6C052 / C@SEL$3
  44 - SEL$1FB6C052
  46 - SEL$1FB6C052 / T@SEL$15
  47 - SEL$1FB6C052 / TL@SEL$15
  48 - SET$2        / SRA@SEL$14
  49 - SET$2       
  50 - SEL$16      
  51 - SEL$16       / T@SEL$16
  52 - SEL$16       / TL@SEL$16
  53 - SEL$19       / DUAL@SEL$19
  54 - SEL$C88F640E / CL@SEL$3
  55 - SET$1        / SRA@SEL$4
  56 - SET$1       
  57 - SEL$5       
  58 - SEL$5        / T@SEL$5
  59 - SEL$5        / TL@SEL$5
  60 - SEL$8        / DUAL@SEL$8
 
</code></pre><header class="major"><h2>Predicate Information (identified by operation id):</h2></header><pre><code>
 
   2 - access(NVL("PACKAGE_ID",0)=NVL("SRA"."PACKAGE_ID",0))
   4 - access("C"."ROLE_ID"="A"."ROLE_ID" AND "C"."ENTERPRISE_ID"="B"."ENTERPRISE_ID")
   6 - access("B"."ORG_ENTITY_ID"="A"."ORG_ENTITY_ID")
   7 - access("C"."LOCALE_STRING"="D"."LOCALE")
  19 - filter("D"."END_DATE" IS NULL)
  20 - access("D"."USER_NAME"=:1)
  22 - access(UPPER("PARAMETER_NAME")='DISPLAY_FORMAT')
  23 - access("PTYPE"."PARAMETER_TYPE_ID"="PNAME"."PARAMETER_TYPE_ID" AND UPPER("PARAMETER_TYPE")='MS APPS USER NAME 
              DISPLAY FORMAT')
  24 - access("PTYPE"."PARAMETER_TYPE_ID"="PVALUE"."PARAMETER_TYPE_ID" AND 
              "PNAME"."PARAMETER_ID"="PVALUE"."PARAMETER_ID" AND "PVALUE"."ORG_ENTITY_ID"=1)
  28 - access("ACT"."ACTIVITY_NAME"='GRC - Edit GRC Object')
  29 - access("ROLE_ACT"."ACTIVITY_ID"="ACT"."ACTIVITY_ID")
  31 - access("ROLE_ACT"."ROLE_ID"="A"."ROLE_ID")
  32 - filter(NVL("ORGS"."END_DATE",SYSDATE@!)>=SYSDATE@!)
  33 - access("ORGS"."ORG_ENTITY_ID"="A"."ORG_ENTITY_ID")
  34 - access("D"."ORG_ROLE_ID"="A"."ORG_ROLE_ID")
  35 - access("USERS"."USER_ID"="D"."USER_ID")
       filter("USERS"."USER_ID" IS NOT NULL)
  36 - filter(NVL("USERS"."END_DATE",SYSDATE@!)>=SYSDATE@!)
  41 - access("T"."ORG_ENTITY_ID"="TL"."ORG_ENTITY_ID"(+) AND 
              "TL"."LOCALE_ID"(+)=TO_NUMBER("SI_DB_LOCALE_SV"."GETVALUE"()))
  42 - access("B"."ORG_ENTITY_ID"="BL"."ORG_ENTITY_ID"(+) AND 
              "BL"."LOCALE_ID"(+)=TO_NUMBER("SI_DB_LOCALE_SV"."GETVALUE"()))
  44 - access(NVL("PACKAGE_ID",0)=NVL("SRA"."PACKAGE_ID",0))
  47 - access("T"."ROLE_ID"="TL"."ROLE_ID"(+) AND "TL"."LOCALE_ID"(+)=TO_NUMBER("SI_DB_LOCALE_SV"."GETVALUE"()))
  52 - access("TL"."MODULE_ID"(+)="T"."MODULE_ID" AND "TL"."LOCALE_ID"(+)=TO_NUMBER("SI_DB_LOCALE_SV"."GETVALUE"()))
  54 - access("C"."ROLE_ID"="CL"."ROLE_ID"(+) AND "CL"."LOCALE_ID"(+)=TO_NUMBER("SI_DB_LOCALE_SV"."GETVALUE"()))
  59 - access("TL"."MODULE_ID"(+)="T"."MODULE_ID" AND "TL"."LOCALE_ID"(+)=TO_NUMBER("SI_DB_LOCALE_SV"."GETVALUE"()))
 
</code></pre><header class="major"><h2>Column Projection Information (identified by operation id):</h2></header><pre><code>
 
   1 - (#keys=3) "USERS"."USER_NAME"[VARCHAR2,320], CASE "PVALUE"."PARAMETER_VALUE" WHEN '2' THEN 
       "USERS"."LAST_NAME"||' '||"USERS"."FIRST_NAME" WHEN '3' THEN "USERS"."LAST_NAME"||','||' '||"USERS"."FIRST_NAME"||' 
       '||'('||"USERS"."USER_NAME"||')' WHEN '1' THEN "USERS"."FIRST_NAME"||' '||"USERS"."LAST_NAME" WHEN '4' THEN 
       "USERS"."FIRST_NAME"||','||' '||"USERS"."LAST_NAME"||' '||'('||"USERS"."USER_NAME"||')' ELSE "USERS"."LAST_NAME"||' 
       '||"USERS"."FIRST_NAME" END [1125], "C"."LOCALE_ID"[NUMBER,22]
   2 - (#keys=1) "PVALUE"."PARAMETER_VALUE"[VARCHAR2,400], "C"."LOCALE_ID"[NUMBER,22], 
       "USERS"."LAST_NAME"[VARCHAR2,400], "USERS"."FIRST_NAME"[VARCHAR2,400], "USERS"."USER_NAME"[VARCHAR2,320]
   3 - (#keys=0) "PACKAGE_ID"[NUMBER,22], "PVALUE"."PARAMETER_VALUE"[VARCHAR2,400], "C"."LOCALE_ID"[NUMBER,22], 
       "USERS"."LAST_NAME"[VARCHAR2,400], "USERS"."FIRST_NAME"[VARCHAR2,400], "USERS"."USER_NAME"[VARCHAR2,320]
   4 - (#keys=2) "C"."ROLE_ID"[NUMBER,22], "PACKAGE_ID"[NUMBER,22], "PVALUE"."PARAMETER_VALUE"[VARCHAR2,400], 
       "C"."LOCALE_ID"[NUMBER,22], "USERS"."LAST_NAME"[VARCHAR2,400], "USERS"."FIRST_NAME"[VARCHAR2,400], 
       "USERS"."USER_NAME"[VARCHAR2,320]
   5 - (#keys=0) "PACKAGE_ID"[NUMBER,22], "PVALUE"."PARAMETER_VALUE"[VARCHAR2,400], "C"."LOCALE_ID"[NUMBER,22], 
       "A"."ROLE_ID"[NUMBER,22], "USERS"."LAST_NAME"[VARCHAR2,400], "USERS"."FIRST_NAME"[VARCHAR2,400], 
       "USERS"."USER_NAME"[VARCHAR2,320], "B"."ENTERPRISE_ID"[NUMBER,22]
   6 - (#keys=1) "B"."ORG_ENTITY_ID"[NUMBER,22], "PACKAGE_ID"[NUMBER,22], "PVALUE"."PARAMETER_VALUE"[VARCHAR2,400], 
       "C"."LOCALE_ID"[NUMBER,22], "A"."ROLE_ID"[NUMBER,22], "USERS"."LAST_NAME"[VARCHAR2,400], 
       "USERS"."FIRST_NAME"[VARCHAR2,400], "USERS"."USER_NAME"[VARCHAR2,320], "B"."ENTERPRISE_ID"[NUMBER,22]
   7 - (#keys=1) "PACKAGE_ID"[NUMBER,22], "PVALUE"."PARAMETER_VALUE"[VARCHAR2,400], "A"."ORG_ENTITY_ID"[NUMBER,22], 
       "A"."ROLE_ID"[NUMBER,22], "USERS"."LAST_NAME"[VARCHAR2,400], "USERS"."FIRST_NAME"[VARCHAR2,400], 
       "USERS"."USER_NAME"[VARCHAR2,320], "C"."LOCALE_ID"[NUMBER,22]
   8 - (#keys=0) "D"."LOCALE"[VARCHAR2,400], "PVALUE"."PARAMETER_VALUE"[VARCHAR2,400], "A"."ORG_ENTITY_ID"[NUMBER,22], 
       "A"."ROLE_ID"[NUMBER,22], "USERS"."LAST_NAME"[VARCHAR2,400], "USERS"."FIRST_NAME"[VARCHAR2,400], 
       "USERS"."USER_NAME"[VARCHAR2,320], "PACKAGE_ID"[NUMBER,22]
   9 - (#keys=0) "D"."LOCALE"[VARCHAR2,400], "PVALUE"."PARAMETER_VALUE"[VARCHAR2,400], "A"."ORG_ENTITY_ID"[NUMBER,22], 
       "A"."ROLE_ID"[NUMBER,22], "USERS".ROWID[ROWID,10]
  10 - (#keys=0) "D"."LOCALE"[VARCHAR2,400], "PVALUE"."PARAMETER_VALUE"[VARCHAR2,400], "A"."ORG_ENTITY_ID"[NUMBER,22], 
       "A"."ROLE_ID"[NUMBER,22], "D"."USER_ID"[NUMBER,22]
  11 - (#keys=0) "D"."LOCALE"[VARCHAR2,400], "PVALUE"."PARAMETER_VALUE"[VARCHAR2,400], "A"."ORG_ROLE_ID"[NUMBER,22], 
       "A"."ORG_ENTITY_ID"[NUMBER,22], "A"."ROLE_ID"[NUMBER,22]
  12 - (#keys=0) "D"."LOCALE"[VARCHAR2,400], "PVALUE"."PARAMETER_VALUE"[VARCHAR2,400], "A"."ORG_ROLE_ID"[NUMBER,22], 
       "A"."ORG_ENTITY_ID"[NUMBER,22], "A"."ROLE_ID"[NUMBER,22]
  13 - (#keys=0) "D"."LOCALE"[VARCHAR2,400], "PVALUE"."PARAMETER_VALUE"[VARCHAR2,400], "ROLE_ACT"."ROLE_ID"[NUMBER,22]
  14 - (#keys=0) "D"."LOCALE"[VARCHAR2,400], "PVALUE"."PARAMETER_VALUE"[VARCHAR2,400], "ACT"."ACTIVITY_ID"[NUMBER,22]
  15 - (#keys=0) "D"."LOCALE"[VARCHAR2,400], "PVALUE"."PARAMETER_VALUE"[VARCHAR2,400]
  16 - (#keys=0) "D"."LOCALE"[VARCHAR2,400], "PVALUE".ROWID[ROWID,10]
  17 - (#keys=0) "D"."LOCALE"[VARCHAR2,400], "PNAME"."PARAMETER_ID"[NUMBER,22], "PTYPE"."PARAMETER_TYPE_ID"[NUMBER,22]
  18 - (#keys=0) "D"."LOCALE"[VARCHAR2,400], "PNAME"."PARAMETER_ID"[NUMBER,22], "PNAME"."PARAMETER_TYPE_ID"[NUMBER,22]
  19 - "D"."LOCALE"[VARCHAR2,400]
  20 - "D".ROWID[ROWID,10]
  21 - "PNAME"."PARAMETER_ID"[NUMBER,22], "PNAME"."PARAMETER_TYPE_ID"[NUMBER,22]
  22 - "PNAME".ROWID[ROWID,10], UPPER("PARAMETER_NAME")[VARCHAR2,400]
  23 - "PTYPE"."PARAMETER_TYPE_ID"[NUMBER,22]
  24 - "PVALUE".ROWID[ROWID,10]
  25 - "PVALUE"."PARAMETER_VALUE"[VARCHAR2,400]
  26 - (#keys=0) "ACT"."ACTIVITY_ID"[NUMBER,22]
  27 - "ACT"."ACTIVITY_ID"[NUMBER,22]
  28 - "ACT".ROWID[ROWID,10]
  29 - "ROLE_ACT"."ROLE_ID"[NUMBER,22]
  30 - "A"."ORG_ROLE_ID"[NUMBER,22], "A"."ORG_ENTITY_ID"[NUMBER,22], "A"."ROLE_ID"[NUMBER,22]
  31 - "A".ROWID[ROWID,10], "A"."ROLE_ID"[NUMBER,22]
  33 - "ORGS".ROWID[ROWID,10]
  34 - "D"."USER_ID"[NUMBER,22]
  35 - "USERS".ROWID[ROWID,10]
  36 - "USERS"."LAST_NAME"[VARCHAR2,400], "USERS"."FIRST_NAME"[VARCHAR2,400], "USERS"."USER_NAME"[VARCHAR2,320], 
       "PACKAGE_ID"[NUMBER,22]
  37 - "C"."LOCALE_ID"[NUMBER,22], "C"."LOCALE_STRING"[VARCHAR2,400]
  38 - "B"."ENTERPRISE_ID"[NUMBER,22], "B"."ORG_ENTITY_ID"[NUMBER,22]
  39 - (#keys=0) "T"."ENTERPRISE_ID"[NUMBER,22], "T"."ORG_ENTITY_ID"[NUMBER,22]
  40 - "T"."ENTERPRISE_ID"[NUMBER,22], "T"."ORG_ENTITY_ID"[NUMBER,22]
  43 - "C"."ENTERPRISE_ID"[NUMBER,22], "C"."ROLE_ID"[NUMBER,22]
  44 - (#keys=1) "ENTERPRISE_ID"[NUMBER,22], "T"."ROLE_ID"[NUMBER,22]
  45 - (#keys=0) "ENTERPRISE_ID"[NUMBER,22], "T"."ROLE_ID"[NUMBER,22], "PACKAGE_ID"[NUMBER,22]
  46 - "ENTERPRISE_ID"[NUMBER,22], "T"."ROLE_ID"[NUMBER,22], "PACKAGE_ID"[NUMBER,22]
  48 - "SRA"."PACKAGE_ID"[NUMBER,22]
  49 - STRDEF[22]
  50 - (#keys=0) "T"."MODULE_ID"[NUMBER,22]
  51 - "T"."MODULE_ID"[NUMBER,22]
  55 - "SRA"."PACKAGE_ID"[NUMBER,22]
  56 - STRDEF[22]
  57 - (#keys=0) "T"."MODULE_ID"[NUMBER,22]
  58 - "T"."MODULE_ID"[NUMBER,22]
										</code></pre>
								</section>
						</div>
					</div>

				<!-- Sidebar -->
				<div id="sidebar">
					<div class="inner">
						<!-- Menu -->
						<nav id="menu">
							<header class="major">
								<h2>Menu</h2>
							</header>
							<ul>
								<li><a href="../index.html">Module List</a></li>
								<li><a href="index.html">Summary</a></li>
								<li>
									<span class="opener">DB Analysis</span>
									<ul>
										<li><a href="bad-sql.html">Bad SQL</a></li>
										<li><a href="poor-sql.html">Poor SQL Plan</a></li>
										<li><a href="invalid-sql.html">Invalid SQL</a></li>
										<li><a href="full-sql.html">Full SQL Report</a></li>
										<li><a href="table-nil-key.html">Primary/Unique Key Miss</a></li>
										<li><a href="invalid-db-object.html">Invalid DB Objects</a></li>
										<li><a href="sequence-with-less-cache.html">Sequence</a></li>
										<li><a href="table-index-lob-size.html">Table Size</a></li>
									</ul>
								</li>
								<li>
								    <span class="opener">LOB</span>
								    <ul>
								        <li><a href="lob-no-cache.html">LOB - No Cache</a></li>
								        <li><a href="lob-columns.html">LOB - All Columns</a></li>
								    </ul>
								</li>
								<li>
									<span class="opener">Infolets</span>
									<ul>
										<li><a href="keep-history-infolets.html">Keep History Infolets</a></li>
										<li><a href="plsql-context-switch.html">SQL-PL/SQL Context Switch</a></li>
									</ul>
								</li>
								<li>
									<span class="opener">Pushforms</span>
									<ul>
										<li><a href="pushform-denormalize.html">Pushform Denormalized</a></li>
									</ul>
								</li>
								<li>
									<span class="opener">PL/SQL</span>
									<ul>
										<li><a href="plsql-dyn-qry-objs.html">Dynamic Query</a></li>
									</ul>
								</li>
							</ul>
						</nav>

						<!-- Section -->
						<section>
							<header class="major">
								<h2>Get in touch</h2>
							</header>
							<p>You need more details on the report or want more functionality, don't hesitate to reach out to us.</p>
							<ul class="contact">
								<li class="fa-envelope-o"><a href="mailto:apps-rnd-arch-team@metricstream.com?Subject=Reg - Code Analysis Tool" target="_top">apps-rnd-arch-team@metricstream.com</a></li>
							</ul>
						</section>

						<!-- Footer -->
						<footer id="footer">
							<p class="copyright">&copy; <a href="http://www.metricstream.com" target="_blank">MetricStream</a>. All rights reserved. </p>
						</footer>
					</div>
				</div>
			</div>

		<!-- Scripts -->
			<script src="../../lib/assets/js/jquery.min.js"></script>
			<script src="../../lib/assets/js/skel.min.js"></script>
			<script src="../../lib/assets/js/util.js"></script>
			<!--[if lte IE 8]><script src="../../lib/assets/js/ie/respond.min.js"></script><![endif]-->
			<script src="../../lib/assets/js/main.js"></script>
	</body>
</html>