<!DOCTYPE HTML>
<html>
	<head>
		<title>Code Analysis - MetricStream</title>
		<meta charset="utf-8" />
		<meta name="viewport" content="width=device-width, initial-scale=1, user-scalable=no" />
		<!--[if lte IE 8]><script src="../../lib/assets/js/ie/html5shiv.js"></script><![endif]-->
		<link rel="stylesheet" href="../../lib/assets/css/main.css" />
		<!--[if lte IE 9]><link rel="stylesheet" href="../../lib/assets/css/ie9.css" /><![endif]-->
		<!--[if lte IE 8]><link rel="stylesheet" href="../../lib/assets/css/ie8.css" /><![endif]-->
	</head>
	<body>

		<!-- Wrapper -->
			<div id="wrapper">

				<!-- Main -->
					<div id="main">
						<div class="inner">
							<!-- Header -->
								<header id="header">
									<a href="index.html" class="logo"><strong>Static Code Analysis Report</strong> by Code Analyzer Tool</a>
								</header>

							<!-- Content -->
								<section>
									<!-- Content -->
										<header class="major"><h2>Infolet Details</h2></header>
										<div class="table-wrapper">
											<table>
												<tbody>
													<tr>
														<th>Name</th>
														<td>MS_GRC_Product_Type_Infolet_dbf (101026)</td>
													</tr>
													<tr>
														<th>SQL</th>
														<td><pre><code>select  distinct type_name,type_id from ms_grc_product_category_type c,si_locales a,si_users_t b
where c.locale_id=a.locale_id
and a.locale_string=b.locale
and b.user_name = :1 order by type_name</code></pre></td>
													</tr>
													<tr>
														<th>Description</th>
														<td>MS_GRC_Product_Type_Infolet</td>
													</tr>
												</tbody>
											</table>
										</div>

										<h2 align="center" id="content">Analysis Report</h2>
										<hr>

<header class="major"><h2>Plan hash value: 3895866339</h2></header><pre><code>
 
---------------------------------------------------------------------------------------------------------------
| Id  | Operation                      | Name                         | Rows  | Bytes | Cost (%CPU)| Time     |
---------------------------------------------------------------------------------------------------------------
|   0 | SELECT STATEMENT               |                              |    28 |  1568 |     9  (23)| 00:00:01 |
|   1 |  SORT UNIQUE                   |                              |    28 |  1568 |     8  (13)| 00:00:01 |
|*  2 |   HASH JOIN                    |                              |    28 |  1568 |     7   (0)| 00:00:01 |
|   3 |    NESTED LOOPS                |                              |     1 |    30 |     4   (0)| 00:00:01 |
|   4 |     TABLE ACCESS BY INDEX ROWID| SI_USERS_T                   |     1 |    19 |     1   (0)| 00:00:01 |
|*  5 |      INDEX UNIQUE SCAN         | USER_NAME_UK                 |     1 |       |     1   (0)| 00:00:01 |
<font style="background-color: lightblue; color: red">|*  6 |     TABLE ACCESS FULL          | SI_LOCALES                   |     1 |    11 |     3   (0)| 00:00:01 |</font>
<font style="background-color: lightblue; color: red">|   7 |    TABLE ACCESS FULL           | MS_GRC_PRODUCT_CATEGORY_TYPE |    56 |  1456 |     3   (0)| 00:00:01 |</font>
---------------------------------------------------------------------------------------------------------------
 
</code></pre><header class="major"><h2>Query Block Name / Object Alias (identified by operation id):</h2></header><pre><code>
 
   1 - SEL$1
   4 - SEL$1 / B@SEL$1
   5 - SEL$1 / B@SEL$1
   6 - SEL$1 / A@SEL$1
   7 - SEL$1 / C@SEL$1
 
</code></pre><header class="major"><h2>Predicate Information (identified by operation id):</h2></header><pre><code>
 
   2 - access("C"."LOCALE_ID"="A"."LOCALE_ID")
   5 - access("B"."USER_NAME"=:1)
   6 - filter("A"."LOCALE_STRING"="B"."LOCALE")
 
</code></pre><header class="major"><h2>Column Projection Information (identified by operation id):</h2></header><pre><code>
 
   1 - (#keys=2) "TYPE_NAME"[VARCHAR2,400], "TYPE_ID"[NUMBER,22]
   2 - (#keys=1) "TYPE_ID"[NUMBER,22], "TYPE_NAME"[VARCHAR2,400]
   3 - (#keys=0) "A"."LOCALE_ID"[NUMBER,22]
   4 - "B"."LOCALE"[VARCHAR2,400]
   5 - "B".ROWID[ROWID,10]
   6 - "A"."LOCALE_ID"[NUMBER,22]
   7 - "TYPE_ID"[NUMBER,22], "TYPE_NAME"[VARCHAR2,400], "C"."LOCALE_ID"[NUMBER,22]
										</code></pre>
								</section>
						</div>
					</div>

				<!-- Sidebar -->
				<div id="sidebar">
					<div class="inner">
						<!-- Menu -->
						<nav id="menu">
							<header class="major">
								<h2>Menu</h2>
							</header>
							<ul>
								<li><a href="../index.html">Module List</a></li>
								<li><a href="index.html">Summary</a></li>
								<li>
									<span class="opener">DB Analysis</span>
									<ul>
										<li><a href="bad-sql.html">Bad SQL</a></li>
										<li><a href="poor-sql.html">Poor SQL Plan</a></li>
										<li><a href="invalid-sql.html">Invalid SQL</a></li>
										<li><a href="full-sql.html">Full SQL Report</a></li>
										<li><a href="table-nil-key.html">Primary/Unique Key Miss</a></li>
										<li><a href="invalid-db-object.html">Invalid DB Objects</a></li>
										<li><a href="sequence-with-less-cache.html">Sequence</a></li>
										<li><a href="table-index-lob-size.html">Table Size</a></li>
										<li><a href="table-row-count.html">Table Row Count</a></li>
									</ul>
								</li>
								<li>
								    <span class="opener">LOB</span>
								    <ul>
								        <li><a href="lob-no-cache.html">LOB - No Cache</a></li>
								        <li><a href="lob-columns.html">LOB - All Columns</a></li>
								    </ul>
								</li>
								<li>
									<span class="opener">Infolets</span>
									<ul>
										<li><a href="keep-history-infolets.html">Keep History Infolets</a></li>
										<li><a href="plsql-context-switch.html">SQL-PL/SQL Context Switch</a></li>
									</ul>
								</li>
								<li>
									<span class="opener">Pushforms</span>
									<ul>
										<li><a href="pushform-denormalize.html">Pushform Denormalized</a></li>
									</ul>
								</li>
								<li>
									<span class="opener">PL/SQL</span>
									<ul>
										<li><a href="plsql-dyn-qry-objs.html">Dynamic Query</a></li>
									</ul>
								</li>
							</ul>
						</nav>

						<!-- Section -->
						<section>
							<header class="major">
								<h2>Get in touch</h2>
							</header>
							<p>You need more details on the report or want more functionality, don't hesitate to reach out to us.</p>
							<ul class="contact">
								<li class="fa-envelope-o"><a href="mailto:apps-rnd-arch-team@metricstream.com?Subject=Reg - Code Analysis Tool" target="_top">apps-rnd-arch-team@metricstream.com</a></li>
							</ul>
						</section>

						<!-- Footer -->
						<footer id="footer">
							<p class="copyright">&copy; <a href="http://www.metricstream.com" target="_blank">MetricStream</a>. All rights reserved. </p>
						</footer>
					</div>
				</div>
			</div>

		<!-- Scripts -->
			<script src="../../lib/assets/js/jquery.min.js"></script>
			<script src="../../lib/assets/js/skel.min.js"></script>
			<script src="../../lib/assets/js/util.js"></script>
			<!--[if lte IE 8]><script src="../../lib/assets/js/ie/respond.min.js"></script><![endif]-->
			<script src="../../lib/assets/js/main.js"></script>
	</body>
</html>