<!DOCTYPE HTML>
<html>
	<head>
		<title>Code Analysis - MetricStream</title>
		<meta charset="utf-8" />
		<meta name="viewport" content="width=device-width, initial-scale=1, user-scalable=no" />
		<!--[if lte IE 8]><script src="../../lib/assets/js/ie/html5shiv.js"></script><![endif]-->
		<link rel="stylesheet" href="../../lib/assets/css/main.css" />
		<!--[if lte IE 9]><link rel="stylesheet" href="../../lib/assets/css/ie9.css" /><![endif]-->
		<!--[if lte IE 8]><link rel="stylesheet" href="../../lib/assets/css/ie8.css" /><![endif]-->
	</head>
	<body>

		<!-- Wrapper -->
			<div id="wrapper">

				<!-- Main -->
					<div id="main">
						<div class="inner">
							<!-- Header -->
								<header id="header">
									<a href="index.html" class="logo"><strong>Static Code Analysis Report</strong> by Code Analyzer Tool</a>
								</header>

							<!-- Content -->
								<section>
									<!-- Content -->
										<header class="major"><h2>Infolet Details</h2></header>
										<div class="table-wrapper">
											<table>
												<tbody>
													<tr>
														<td><b>Name</b></td>
														<td>MS_GRC_61_SP2_MOD_REF_LIST_INF (100709)</td>
													</tr>
													<tr>
														<td><b>SQL</b></td>
														<td><pre><code>SELECT
modSumm.object_id as Framework_Reference_ID,
modSumm.object_name as Framework_Reference_Name,
modMlsSumm.MOD_TYPE as Framework_Reference_Type,
modMlsSumm.object_status as Status,
modsumm.created_on as created_on,
ms_grc_utilities.fn_user_name(MODSUMM.CREATED_BY) as CREATED_BY,
modsumm.updated_on as modified_on,
ms_grc_utilities.fn_user_name(modsumm.Updated_By) as modification_requested_by,
modSumm.valid_from as valid_from,
modSumm.valid_until as valid_until ,
modSumm.description as description,
modSumm.owner_org_names as Owner_Organizations,
modsumm.owner_name as owners,
ms_grc_utilities.fn_user_name(modsumm.level_1_approver) as level_1_approver,
ms_grc_utilities.fn_user_name(modsumm.level_2_approver) as Level_2_Approver,
REL_MOD_REF_OBJ_NAME_AGG as Framework_Reference,
rel_refrences_obj_name_agg as References,
attachments as Attached_Files
,modMlsSumm.mod_source as source
,(MS_GRC_UTILITIES.FN_GET_REPORT_JSON((SELECT METRIC_ID FROM SI_METRICS_T WHERE METRIC_NAME='MS_GRC_MODEL_REFERENCE'),modSumm.DD_PROCESS_INSTANCE_ID,(SELECT DD_INSTANCE_ID FROM MS_GRC_MODEL_REFERENCE WHERE OBJECT_ID=modSumm.OBJECT_ID),
'''flag=1'||CHR(38)||'emd=1'||CHR(38)||'x_edit_mode=Yes'||CHR (38)|| 'wrapper= No'|| CHR (38)|| 'mode=view''')) AS REPORT_JSON
,modSumm.level_1_approver as Level_1_Appr,
modSumm.level_2_approver as Level_2_Appr,
modSumm.upper_object_name as upper_object_name
FROM MS_GRC_MOD_REF_SUMMARY modSumm,
MS_GRC_MOD_REF_MLS_SUMMARY modMlsSumm,
(SELECT COLUMN_VALUE
FROM 
TABLE( CAST(ms_grc_rep_browser_fil_denorm.fn_MOD_REF_report_filters(MS_GRC_ARRAY_TYPE(:1,:2,:3,:4,:6,to_char(:7,'YYYY-MM-DD'),to_char(:8,'YYYY-MM-DD'), :9,:10,to_char(:11,'YYYY-MM-DD'),to_char(:12,'YYYY-MM-DD'),to_char(:13,'YYYY-MM-DD'),to_char(:14,'YYYY-MM-DD'),
:15,:16,:17,:18,NULL,NULL,NULL,NULL,NULL,NULL,NULL,
:19,NULL,NULL,NULL,NULL,NULL,NULL,NULL,NULL,:20,
NULL,NULL,'MS_GRC_MODEL_REFERENCE',:21)) AS ms_varchar2_array)) 
) colval, (select LOCALE_ID from SI_USERS_T T1 ,SI_LOCALES T2 where USER_NAME = :21 and T1.LOCALE = T2.LOCALE_STRING) LOC
WHERE COLVAL.column_value = modMlsSumm.OBJECT_ID
and COLVAL.column_value = modSumm.OBJECT_ID
and loc.locale_id = modmlssumm.locale_id
AND nvl(is_orphan, 1)=nvl(:5,nvl(is_orphan,1))</code></pre></td>
													</tr>
													<tr>
														<td><b>Description</b></td>
														<td>MS_GRC_61_SP2_MOD_REF_LIST_INF</td>
													</tr>
												</tbody>
											</table>
										</div>

										<h2 align="center" id="content">Analysis Report</h2>
										<hr>

<header class="major"><h2>Plan hash value: 494980676</h2></header><pre><code>
 
--------------------------------------------------------------------------------------------------------------------
| Id  | Operation                             | Name                       | Rows  | Bytes | Cost (%CPU)| Time     |
--------------------------------------------------------------------------------------------------------------------
|   0 | SELECT STATEMENT                      |                            |     1 | 20834 |    33   (0)| 00:00:01 |
|   1 |  TABLE ACCESS BY INDEX ROWID          | SI_METRICS_T               |     1 |    34 |     1   (0)| 00:00:01 |
|*  2 |   INDEX RANGE SCAN                    | SI_METRICS_T_N7            |     1 |       |     1   (0)| 00:00:01 |
|   3 |   TABLE ACCESS BY INDEX ROWID         | MS_GRC_MODEL_REFERENCE     |     1 |   215 |     1   (0)| 00:00:01 |
|*  4 |    INDEX UNIQUE SCAN                  | MS_GRC_MODEL_REFERENCE_PK  |     1 |       |     1   (0)| 00:00:01 |
|   5 |  NESTED LOOPS                         |                            |     1 | 20834 |    33   (0)| 00:00:01 |
|   6 |   NESTED LOOPS                        |                            |     1 | 20823 |    32   (0)| 00:00:01 |
|   7 |    NESTED LOOPS                       |                            |     1 | 17613 |    31   (0)| 00:00:01 |
|   8 |     NESTED LOOPS                      |                            |  8168 |   167K|    30   (0)| 00:00:01 |
|   9 |      TABLE ACCESS BY INDEX ROWID      | SI_USERS_T                 |     1 |    19 |     1   (0)| 00:00:01 |
|* 10 |       INDEX RANGE SCAN                | SI_USERS_T_N3              |     1 |       |     1   (0)| 00:00:01 |
<font style="background-color: lightblue; color: red">|  11 |      COLLECTION ITERATOR PICKLER FETCH| FN_MOD_REF_REPORT_FILTERS  |  8168 | 16336 |    29   (0)| 00:00:01 |</font>
|* 12 |     INDEX UNIQUE SCAN                 | MS_GRC_MODREF_PK           |     1 | 17592 |     1   (0)| 00:00:01 |
|* 13 |      INDEX RANGE SCAN                 | MS_GRC_MOD_SUMM_IDX1       |     1 |       |     1   (0)| 00:00:01 |
|  14 |    TABLE ACCESS BY INDEX ROWID        | MS_GRC_MOD_REF_MLS_SUMMARY |     1 |  3210 |     1   (0)| 00:00:01 |
|* 15 |     INDEX RANGE SCAN                  | MS_GRC_MOD_MLS_SUMM_IDX2   |     1 |       |     1   (0)| 00:00:01 |
|* 16 |   TABLE ACCESS BY INDEX ROWID         | SI_LOCALES                 |     1 |    11 |     1   (0)| 00:00:01 |
|* 17 |    INDEX UNIQUE SCAN                  | SI_LOCALES_U1              |     1 |       |     1   (0)| 00:00:01 |
--------------------------------------------------------------------------------------------------------------------
 
</code></pre><header class="major"><h2>Query Block Name / Object Alias (identified by operation id):</h2></header><pre><code>
 
   1 - SEL$2        / SI_METRICS_T@SEL$2
   2 - SEL$2        / SI_METRICS_T@SEL$2
   3 - SEL$3        / MS_GRC_MODEL_REFERENCE@SEL$3
   4 - SEL$3        / MS_GRC_MODEL_REFERENCE@SEL$3
   5 - SEL$2416F508
   9 - SEL$2416F508 / T1@SEL$6
  10 - SEL$2416F508 / T1@SEL$6
  11 - SEL$2416F508 / KOKBF$0@SEL$5
  12 - SEL$2416F508 / MODSUMM@SEL$1
  13 - SEL$2416F508 / MODSUMM@SEL$1
  14 - SEL$2416F508 / MODMLSSUMM@SEL$1
  15 - SEL$2416F508 / MODMLSSUMM@SEL$1
  16 - SEL$2416F508 / T2@SEL$6
  17 - SEL$2416F508 / T2@SEL$6
 
</code></pre><header class="major"><h2>Predicate Information (identified by operation id):</h2></header><pre><code>
 
   2 - access("METRIC_NAME"='MS_GRC_MODEL_REFERENCE')
   4 - access("OBJECT_ID"=:B1)
  10 - access("USER_NAME"=:21)
  12 - access("MODSUMM"."OBJECT_ID"=VALUE(KOKBF$))
       filter(NVL("IS_ORPHAN",1)=NVL(:5,NVL("IS_ORPHAN",1)))
  13 - access("MODSUMM"."OBJECT_ID"=VALUE(KOKBF$))
  15 - access("MODMLSSUMM"."OBJECT_ID"=VALUE(KOKBF$))
  16 - filter("T1"."LOCALE"="T2"."LOCALE_STRING")
  17 - access("LOCALE_ID"=TO_NUMBER("MODMLSSUMM"."LOCALE_ID"))
 
</code></pre><header class="major"><h2>Column Projection Information (identified by operation id):</h2></header><pre><code>
 
   1 - "SI_METRICS_T".ROWID[ROWID,10], "METRIC_ID"[NUMBER,22]
   2 - "SI_METRICS_T".ROWID[ROWID,10]
   3 - "MS_GRC_MODEL_REFERENCE".ROWID[ROWID,10], "DD_INSTANCE_ID"[NUMBER,22]
   4 - "MS_GRC_MODEL_REFERENCE".ROWID[ROWID,10]
   5 - (#keys=0) "T1".ROWID[ROWID,10], "USER_NAME"[VARCHAR2,80], "T1"."LOCALE"[VARCHAR2,100], 
       VALUE(A0)[8000], "MODSUMM".ROWID[ROWID,3034], "MODSUMM"."UPPER_OBJECT_NAME"[VARCHAR2,3000], 
       "OBJ_MOD_SUMM_WID"[NUMBER,22], "MODSUMM"."OBJECT_ID"[VARCHAR2,400], "MODSUMM"."OBJECT_NAME"[VARCHAR2,4000], 
       "MODSUMM"."DESCRIPTION"[LOB,4000], "MODSUMM"."VALID_UNTIL"[DATE,7], "MODSUMM"."VALID_FROM"[DATE,7], 
       "MODSUMM"."DD_PROCESS_INSTANCE_ID"[NUMBER,22], "MODSUMM"."OWNER_NAME"[LOB,4000], 
       "MODSUMM"."OWNER_ORG_NAMES"[LOB,4000], "MODSUMM"."LEVEL_1_APPROVER"[VARCHAR2,1000], 
       "MODSUMM"."LEVEL_2_APPROVER"[VARCHAR2,1000], "ATTACHMENTS"[LOB,4000], "MODSUMM"."UPDATED_BY"[VARCHAR2,804], 
       "MODSUMM"."UPDATED_ON"[DATE,7], "MODSUMM"."CREATED_BY"[VARCHAR2,804], "MODSUMM"."CREATED_ON"[DATE,7], 
       "REL_MOD_REF_OBJ_NAME_AGG"[LOB,4000], "REL_REFRENCES_OBJ_NAME_AGG"[LOB,4000], "IS_ORPHAN"[NUMBER,22], 
       "MODSUMM".ROWID[ROWID,3034], "MODMLSSUMM".ROWID[ROWID,10], "MODMLSSUMM"."OBJECT_ID"[VARCHAR2,400], 
       "MODMLSSUMM"."LOCALE_ID"[VARCHAR2,400], "MODMLSSUMM"."MOD_TYPE"[VARCHAR2,800], 
       "MODMLSSUMM"."MOD_SOURCE"[VARCHAR2,800], "MODMLSSUMM"."OBJECT_STATUS"[VARCHAR2,4000], "T2".ROWID[ROWID,10], 
       "LOCALE_ID"[NUMBER,22], "T2"."LOCALE_STRING"[VARCHAR2,400]
   6 - (#keys=0) "T1".ROWID[ROWID,10], "USER_NAME"[VARCHAR2,80], "T1"."LOCALE"[VARCHAR2,100], 
       VALUE(A0)[8000], "MODSUMM".ROWID[ROWID,3034], "MODSUMM"."UPPER_OBJECT_NAME"[VARCHAR2,3000], 
       "OBJ_MOD_SUMM_WID"[NUMBER,22], "MODSUMM"."OBJECT_ID"[VARCHAR2,400], "MODSUMM"."OBJECT_NAME"[VARCHAR2,4000], 
       "MODSUMM"."DESCRIPTION"[LOB,4000], "MODSUMM"."VALID_UNTIL"[DATE,7], "MODSUMM"."VALID_FROM"[DATE,7], 
       "MODSUMM"."DD_PROCESS_INSTANCE_ID"[NUMBER,22], "MODSUMM"."OWNER_NAME"[LOB,4000], 
       "MODSUMM"."OWNER_ORG_NAMES"[LOB,4000], "MODSUMM"."LEVEL_1_APPROVER"[VARCHAR2,1000], 
       "MODSUMM"."LEVEL_2_APPROVER"[VARCHAR2,1000], "ATTACHMENTS"[LOB,4000], "MODSUMM"."UPDATED_BY"[VARCHAR2,804], 
       "MODSUMM"."UPDATED_ON"[DATE,7], "MODSUMM"."CREATED_BY"[VARCHAR2,804], "MODSUMM"."CREATED_ON"[DATE,7], 
       "REL_MOD_REF_OBJ_NAME_AGG"[LOB,4000], "REL_REFRENCES_OBJ_NAME_AGG"[LOB,4000], "IS_ORPHAN"[NUMBER,22], 
       "MODSUMM".ROWID[ROWID,3034], "MODMLSSUMM".ROWID[ROWID,10], "MODMLSSUMM"."OBJECT_ID"[VARCHAR2,400], 
       "MODMLSSUMM"."LOCALE_ID"[VARCHAR2,400], "MODMLSSUMM"."MOD_TYPE"[VARCHAR2,800], 
       "MODMLSSUMM"."MOD_SOURCE"[VARCHAR2,800], "MODMLSSUMM"."OBJECT_STATUS"[VARCHAR2,4000]
   7 - (#keys=0) "T1".ROWID[ROWID,10], "USER_NAME"[VARCHAR2,80], "T1"."LOCALE"[VARCHAR2,100], 
       VALUE(A0)[8000], "MODSUMM".ROWID[ROWID,3034], "MODSUMM"."UPPER_OBJECT_NAME"[VARCHAR2,3000], 
       "OBJ_MOD_SUMM_WID"[NUMBER,22], "MODSUMM"."OBJECT_ID"[VARCHAR2,400], "MODSUMM"."OBJECT_NAME"[VARCHAR2,4000], 
       "MODSUMM"."DESCRIPTION"[LOB,4000], "MODSUMM"."VALID_UNTIL"[DATE,7], "MODSUMM"."VALID_FROM"[DATE,7], 
       "MODSUMM"."DD_PROCESS_INSTANCE_ID"[NUMBER,22], "MODSUMM"."OWNER_NAME"[LOB,4000], 
       "MODSUMM"."OWNER_ORG_NAMES"[LOB,4000], "MODSUMM"."LEVEL_1_APPROVER"[VARCHAR2,1000], 
       "MODSUMM"."LEVEL_2_APPROVER"[VARCHAR2,1000], "ATTACHMENTS"[LOB,4000], "MODSUMM"."UPDATED_BY"[VARCHAR2,804], 
       "MODSUMM"."UPDATED_ON"[DATE,7], "MODSUMM"."CREATED_BY"[VARCHAR2,804], "MODSUMM"."CREATED_ON"[DATE,7], 
       "REL_MOD_REF_OBJ_NAME_AGG"[LOB,4000], "REL_REFRENCES_OBJ_NAME_AGG"[LOB,4000], "IS_ORPHAN"[NUMBER,22], 
       "MODSUMM".ROWID[ROWID,3034]
   8 - (#keys=0) "T1".ROWID[ROWID,10], "USER_NAME"[VARCHAR2,80], "T1"."LOCALE"[VARCHAR2,100], 
       VALUE(A0)[8000]
   9 - "T1".ROWID[ROWID,10], "USER_NAME"[VARCHAR2,80], "T1"."LOCALE"[VARCHAR2,100]
  10 - "T1".ROWID[ROWID,10], "USER_NAME"[VARCHAR2,80]
  11 - VALUE(A0)[8000]
  12 - "MODSUMM"."UPPER_OBJECT_NAME"[VARCHAR2,3000], "MODSUMM"."OBJECT_ID"[VARCHAR2,400], 
       "MODSUMM"."OBJECT_NAME"[VARCHAR2,4000], "MODSUMM"."DESCRIPTION"[LOB,4000], "MODSUMM"."VALID_UNTIL"[DATE,7], 
       "MODSUMM"."VALID_FROM"[DATE,7], "MODSUMM"."DD_PROCESS_INSTANCE_ID"[NUMBER,22], 
       "MODSUMM"."OWNER_NAME"[LOB,4000], "MODSUMM"."OWNER_ORG_NAMES"[LOB,4000], 
       "MODSUMM"."LEVEL_1_APPROVER"[VARCHAR2,1000], "MODSUMM"."LEVEL_2_APPROVER"[VARCHAR2,1000], 
       "ATTACHMENTS"[LOB,4000], "MODSUMM"."UPDATED_BY"[VARCHAR2,804], "MODSUMM"."UPDATED_ON"[DATE,7], 
       "MODSUMM"."CREATED_BY"[VARCHAR2,804], "MODSUMM"."CREATED_ON"[DATE,7], "REL_MOD_REF_OBJ_NAME_AGG"[LOB,4000], 
       "REL_REFRENCES_OBJ_NAME_AGG"[LOB,4000]
  13 - "MODSUMM".ROWID[ROWID,3034], "MODSUMM"."UPPER_OBJECT_NAME"[VARCHAR2,3000], 
       "OBJ_MOD_SUMM_WID"[NUMBER,22], "MODSUMM"."OBJECT_ID"[VARCHAR2,400], "MODSUMM"."OBJECT_NAME"[VARCHAR2,4000], 
       "MODSUMM"."DESCRIPTION"[LOB,4000], "MODSUMM"."VALID_UNTIL"[DATE,7], "MODSUMM"."VALID_FROM"[DATE,7], 
       "MODSUMM"."DD_PROCESS_INSTANCE_ID"[NUMBER,22], "MODSUMM"."OWNER_NAME"[LOB,4000], 
       "MODSUMM"."OWNER_ORG_NAMES"[LOB,4000], "MODSUMM"."LEVEL_1_APPROVER"[VARCHAR2,1000], 
       "MODSUMM"."LEVEL_2_APPROVER"[VARCHAR2,1000], "ATTACHMENTS"[LOB,4000], "MODSUMM"."UPDATED_BY"[VARCHAR2,804], 
       "MODSUMM"."UPDATED_ON"[DATE,7], "MODSUMM"."CREATED_BY"[VARCHAR2,804], "MODSUMM"."CREATED_ON"[DATE,7], 
       "REL_MOD_REF_OBJ_NAME_AGG"[LOB,4000], "REL_REFRENCES_OBJ_NAME_AGG"[LOB,4000], "IS_ORPHAN"[NUMBER,22], 
       "MODSUMM".ROWID[ROWID,3034]
  14 - "MODMLSSUMM"."LOCALE_ID"[VARCHAR2,400], "MODMLSSUMM"."MOD_TYPE"[VARCHAR2,800], 
       "MODMLSSUMM"."MOD_SOURCE"[VARCHAR2,800], "MODMLSSUMM"."OBJECT_STATUS"[VARCHAR2,4000]
  15 - "MODMLSSUMM".ROWID[ROWID,10], "MODMLSSUMM"."LOCALE_ID"[VARCHAR2,400]
  17 - "T2".ROWID[ROWID,10]
										</code></pre>
								</section>
						</div>
					</div>

				<!-- Sidebar -->
				<div id="sidebar">
					<div class="inner">
						<!-- Menu -->
						<nav id="menu">
							<header class="major">
								<h2>Menu</h2>
							</header>
							<ul>
								<li><a href="../index.html">Module List</a></li>
								<li><a href="index.html">Summary</a></li>
								<li>
									<span class="opener">DB Analysis</span>
									<ul>
										<li><a href="bad-sql.html">Bad SQL</a></li>
										<li><a href="poor-sql.html">Poor SQL Plan</a></li>
										<li><a href="invalid-sql.html">Invalid SQL</a></li>
										<li><a href="full-sql.html">Full SQL Report</a></li>
										<li><a href="table-nil-key.html">Primary/Unique Key Miss</a></li>
										<li><a href="invalid-db-object.html">Invalid DB Objects</a></li>
									</ul>
								</li>
								<li>
									<span class="opener">Infolets</span>
									<ul>
										<li><a href="keep-history-infolets.html">Keep History Infolets</a></li>
									</ul>
								</li>
								<li>
									<span class="opener">Pushforms</span>
									<ul>
										<li><a href="pushform-denormalize.html">Pushform Denormalized</a></li>
									</ul>
								</li>
							</ul>
						</nav>

						<!-- Section -->
						<section>
							<header class="major">
								<h2>Get in touch</h2>
							</header>
							<p>You need more details on the report or want more functionality, don't hesitate to reach out to us.</p>
							<ul class="contact">
								<li class="fa-envelope-o"><a href="mailto:rnd@metricstream.com?Subject=Reg - Static Code Analysis Tool" target="_top">rnd@metricstream.com</a></li>
							</ul>
						</section>

						<!-- Footer -->
						<footer id="footer">
							<p class="copyright">&copy; <a href="http://www.metricstream.com" target="_blank">MetricStream</a>. All rights reserved. </p>
						</footer>
					</div>
				</div>
			</div>

		<!-- Scripts -->
			<script src="../../lib/assets/js/jquery.min.js"></script>
			<script src="../../lib/assets/js/skel.min.js"></script>
			<script src="../../lib/assets/js/util.js"></script>
			<!--[if lte IE 8]><script src="../../lib/assets/js/ie/respond.min.js"></script><![endif]-->
			<script src="../../lib/assets/js/main.js"></script>
	</body>
</html>