<!DOCTYPE HTML>
<html>
	<head>
		<title>Code Analysis - MetricStream</title>
		<meta charset="utf-8" />
		<meta name="viewport" content="width=device-width, initial-scale=1, user-scalable=no" />
		<!--[if lte IE 8]><script src="../../lib/assets/js/ie/html5shiv.js"></script><![endif]-->
		<link rel="stylesheet" href="../../lib/assets/css/main.css" />
		<!--[if lte IE 9]><link rel="stylesheet" href="../../lib/assets/css/ie9.css" /><![endif]-->
		<!--[if lte IE 8]><link rel="stylesheet" href="../../lib/assets/css/ie8.css" /><![endif]-->
	</head>
	<body>

		<!-- Wrapper -->
			<div id="wrapper">

				<!-- Main -->
					<div id="main">
						<div class="inner">
							<!-- Header -->
								<header id="header">
									<a href="index.html" class="logo"><strong>Static Code Analysis Report</strong> by Code Analyzer Tool</a>
								</header>

							<!-- Content -->
								<section>
									<!-- Content -->
										<header class="major"><h2>Infolet Details</h2></header>
										<div class="table-wrapper">
											<table>
												<tbody>
													<tr>
														<td><b>Name</b></td>
														<td>MS_GRC_Control Ownership Report (100814)</td>
													</tr>
													<tr>
														<td><b>SQL</b></td>
														<td><pre><code>SELECT object_id,
  object_name,
  legacy_id,
  OWNER_ORGS,
  MS_APPS_UTILITIES.GET_DISPLAY_VALUES (MS_GRC_UTILITIES.ACTIVE_ENT_ID, 'MS_GRC_COMPLIANCE_CATEGORY', COMPLIANCE_CATEGORY, ',', 1,(SELECT LOCALE_ID FROM SI_LOCALES WHERE LOCALE_STRING = (SELECT LOCALE FROM SI_USERS_T WHERE USER_NAME=:1)))  AS  COMPLIANCE_CATEGORY,
  MS_APPS_UTILITIES.GET_DISPLAY_VALUE (MS_GRC_UTILITIES.ACTIVE_ENT_ID,'MS_GRC_YES_NO_MLS',KEY_CONTROL,1,(SELECT LOCALE_ID FROM SI_LOCALES WHERE LOCALE_STRING = (SELECT LOCALE FROM SI_USERS_T WHERE USER_NAME=:1)))  AS  KEY_CONTROL,
  ms_apps_utilities.get_display_value (ms_grc_utilities.active_ent_id,'MS_GRC_Frequency',frequency,1,(select LOCALE_ID from SI_LOCALES where LOCALE_STRING = (SELECT LOCALE FROM SI_USERS_T WHERE USER_NAME=:1)))  as  frequency,
  owners,
  ato_organizations,
  restrict_access_to,
  dd_object_type,
  dummy1,
  dummy2,
  dummy3,
  dummy4,
  dummy5,
  owner_org_ids,
  ato_org_ids,
  OWNER_IDS,
  MS_GRC_UTILITIES.GET_EDIT_URL(DD_OBJECT_TYPE, DD_PROCESS_INSTANCE_ID, DD_INSTANCE_ID, DD_EDIT_FLAG,OBJECT_NAME) AS EDIT_FLAG,
  (MS_GRC_UTILITIES.FN_GET_REPORT_JSON((SELECT METRIC_ID FROM SI_METRICS_T WHERE METRIC_NAME = 'MS_GRC_CONTROL'), DD_PROCESS_INSTANCE_ID, DD_INSTANCE_ID,
   '''flag=1'||CHR(38)||'emd=1'||CHR(38)||'x_edit_mode=Yes'||CHR (38)|| 'wrapper= No'|| CHR (38)|| 'mode=view''')) as report_json  
FROM MS_GRC_CONTROL_OWNERSHIP_RPT
where object_id in  (SELECT column_value
      FROM TABLE(MS_GRC_SECURITY.GET_OBJECT_LIST_BY_USER(:1, DD_OBJECT_TYPE))
      WHERE COLUMN_VALUE IS NOT NULL
      )</code></pre></td>
													</tr>
													<tr>
														<td><b>Description</b></td>
														<td>This infolet is used for fetching the Library data in Control Ownership report.This report provides information about different Controls available in the system, grouped by Owners. It consists of the parameters specific to Control object.it does not contain any mandatory parameters.</td>
													</tr>
												</tbody>
											</table>
										</div>

										<h2 align="center" id="content">Analysis Report</h2>
										<hr>

<header class="major"><h2>Plan hash value: 3178423516</h2></header><pre><code>
 
--------------------------------------------------------------------------------------------------------------------
| Id  | Operation                          | Name                          | Rows  | Bytes | Cost (%CPU)| Time     |
--------------------------------------------------------------------------------------------------------------------
|   0 | SELECT STATEMENT                   |                               |     1 |   451 | 38401   (1)| 00:07:41 |
|   1 |  SORT AGGREGATE                    |                               |     1 |    21 |            |          |
|*  2 |   INDEX RANGE SCAN                 | MS_GRC_COMPLIANCE_OBJE_OGN_UK |     1 |    21 |     1   (0)| 00:00:01 |
|   3 |  SORT AGGREGATE                    |                               |     1 |    16 |            |          |
|*  4 |   INDEX RANGE SCAN                 | MS_GRC_COMPLIANCE_OBJE_PUR_UK |     1 |    16 |     1   (0)| 00:00:01 |
|*  5 |    HASH JOIN                       |                               |     1 |    63 |     4   (0)| 00:00:01 |
|   6 |     VIEW                           | VW_SQ_1                       |     1 |    52 |     1   (0)| 00:00:01 |
|   7 |      TABLE ACCESS BY INDEX ROWID   | SI_USERS_T                    |     1 |    19 |     1   (0)| 00:00:01 |
|*  8 |       INDEX RANGE SCAN             | SI_USERS_T_N3                 |     1 |       |     1   (0)| 00:00:01 |
<font style="background-color: lightblue; color: red">|   9 |     TABLE ACCESS FULL              | SI_LOCALES                    |    35 |   385 |     3   (0)| 00:00:01 |</font>
|* 10 |  HASH JOIN                         |                               |     1 |    63 |     4   (0)| 00:00:01 |
|  11 |   VIEW                             | VW_SQ_2                       |     1 |    52 |     1   (0)| 00:00:01 |
|  12 |    TABLE ACCESS BY INDEX ROWID     | SI_USERS_T                    |     1 |    19 |     1   (0)| 00:00:01 |
|* 13 |     INDEX RANGE SCAN               | SI_USERS_T_N3                 |     1 |       |     1   (0)| 00:00:01 |
<font style="background-color: lightblue; color: red">|  14 |   TABLE ACCESS FULL                | SI_LOCALES                    |    35 |   385 |     3   (0)| 00:00:01 |</font>
|* 15 |  HASH JOIN                         |                               |     1 |    63 |     4   (0)| 00:00:01 |
|  16 |   VIEW                             | VW_SQ_3                       |     1 |    52 |     1   (0)| 00:00:01 |
|  17 |    TABLE ACCESS BY INDEX ROWID     | SI_USERS_T                    |     1 |    19 |     1   (0)| 00:00:01 |
|* 18 |     INDEX RANGE SCAN               | SI_USERS_T_N3                 |     1 |       |     1   (0)| 00:00:01 |
<font style="background-color: lightblue; color: red">|  19 |   TABLE ACCESS FULL                | SI_LOCALES                    |    35 |   385 |     3   (0)| 00:00:01 |</font>
|  20 |  FAST DUAL                         |                               |     1 |       |     2   (0)| 00:00:01 |
|  21 |  SORT AGGREGATE                    |                               |     1 |    21 |            |          |
|* 22 |   INDEX RANGE SCAN                 | MS_GRC_COMPLIANCE_OBJE_OGN_UK |     1 |    21 |     1   (0)| 00:00:01 |
|  23 |  FAST DUAL                         |                               |     1 |       |     2   (0)| 00:00:01 |
|  24 |  SORT AGGREGATE                    |                               |     1 |    27 |            |          |
<font style="background-color: lightblue; color: red">|* 25 |   INDEX SKIP SCAN                  | MS_GRC_COMPLIANCE_OBJE_OWN_UK |     1 |    27 |     3   (0)| 00:00:01 |</font>
|  26 |  TABLE ACCESS BY INDEX ROWID       | SI_METRICS_T                  |     1 |    34 |     1   (0)| 00:00:01 |
|* 27 |   INDEX RANGE SCAN                 | SI_METRICS_T_N7               |     1 |       |     1   (0)| 00:00:01 |
|  28 |  NESTED LOOPS SEMI                 |                               |     1 |   451 | 38401   (1)| 00:07:41 |
|* 29 |   HASH JOIN                        |                               |  1409 |   617K|    81   (0)| 00:00:01 |
<font style="background-color: lightblue; color: red">|  30 |    TABLE ACCESS FULL               | MS_GRC_CONTROL                |  1403 | 25254 |     9   (0)| 00:00:01 |</font>
|* 31 |    HASH JOIN                       |                               |  1409 |   593K|    72   (0)| 00:00:01 |
|  32 |     INDEX FULL SCAN                | MS_GRC_COMPLIANCE_OBJE_OWN_UK |  1409 | 38043 |     4   (0)| 00:00:01 |
<font style="background-color: lightblue; color: red">|  33 |     TABLE ACCESS FULL              | MS_GRC_COMPLIANCE_OBJE        |  1403 |   553K|    68   (0)| 00:00:01 |</font>
<font style="background-color: lightblue; color: red">|* 34 |   COLLECTION ITERATOR PICKLER FETCH| GET_OBJECT_LIST_BY_USER       |     1 |     2 |    27   (0)| 00:00:01 |</font>
--------------------------------------------------------------------------------------------------------------------
 
</code></pre><header class="major"><h2>Query Block Name / Object Alias (identified by operation id):</h2></header><pre><code>
 
   1 - SEL$10      
   2 - SEL$10       / D@SEL$10
   3 - SEL$11      
   4 - SEL$11       / E@SEL$11
   5 - SEL$B29E968D
   6 - SEL$291F8F59 / VW_SQ_1@SEL$E9784550
   7 - SEL$291F8F59 / SI_USERS_T@SEL$3
   8 - SEL$291F8F59 / SI_USERS_T@SEL$3
   9 - SEL$B29E968D / SI_LOCALES@SEL$2
  10 - SEL$583B776D
  11 - SEL$F495C89B / VW_SQ_2@SEL$E5511D0C
  12 - SEL$F495C89B / SI_USERS_T@SEL$5
  13 - SEL$F495C89B / SI_USERS_T@SEL$5
  14 - SEL$583B776D / SI_LOCALES@SEL$4
  15 - SEL$BD6BB982
  16 - SEL$3C459230 / VW_SQ_3@SEL$14FED4F1
  17 - SEL$3C459230 / SI_USERS_T@SEL$7
  18 - SEL$3C459230 / SI_USERS_T@SEL$7
  19 - SEL$BD6BB982 / SI_LOCALES@SEL$6
  20 - SEL$12       / DUAL@SEL$12
  21 - SEL$13      
  22 - SEL$13       / D@SEL$13
  23 - SEL$14       / DUAL@SEL$14
  24 - SEL$15      
  25 - SEL$15       / MS_GRC_COMPLIANCE_OBJE_OWN@SEL$15
  26 - SEL$8        / SI_METRICS_T@SEL$8
  27 - SEL$8        / SI_METRICS_T@SEL$8
  28 - SEL$E041D284
  30 - SEL$E041D284 / C@SEL$9
  32 - SEL$E041D284 / B@SEL$9
  33 - SEL$E041D284 / A@SEL$9
  34 - SEL$E041D284 / KOKBF$0@SEL$17
 
</code></pre><header class="major"><h2>Predicate Information (identified by operation id):</h2></header><pre><code>
 
   2 - access("D"."OBJECT_ID"=:B1)
   4 - access("E"."OBJECT_ID"=:B1)
   5 - access("LOCALE_STRING"="LOCALE")
   8 - access("USER_NAME"=:1)
  10 - access("LOCALE_STRING"="LOCALE")
  13 - access("USER_NAME"=:1)
  15 - access("LOCALE_STRING"="LOCALE")
  18 - access("USER_NAME"=:1)
  22 - access("D"."OBJECT_ID"=:B1)
  25 - access("OBJECT_ID"=:B1)
       filter("OBJECT_ID"=:B1)
  27 - access("METRIC_NAME"='MS_GRC_CONTROL')
  29 - access("B"."OBJECT_ID"="C"."OBJECT_ID")
  31 - access("B"."OBJECT_ID"="A"."OBJECT_ID")
  34 - filter(VALUE(KOKBF$) IS NOT NULL AND "A"."OBJECT_ID"=VALUE(KOKBF$))
 
</code></pre><header class="major"><h2>Column Projection Information (identified by operation id):</h2></header><pre><code>
 
   1 - (#keys=0) "MS_CONCAT"("MS_APPS_UTILITIES"."GET_DISPLAY_VALUES"("MS_GRC_UTILITIES"."ACTIVE_ENT_ID"(),'
       ORGENTITY',"D"."OWNER_ORGANIZATIONS",','))[4000]
   2 - "D"."OWNER_ORGANIZATIONS"[VARCHAR2,4000]
   3 - (#keys=0) "MS_CONCAT"("E"."PURPOSE")[4000]
   4 - "E"."PURPOSE"[VARCHAR2,4000]
   5 - (#keys=1) "LOCALE"[VARCHAR2,100], "LOCALE_STRING"[VARCHAR2,400], "LOCALE_ID"[NUMBER,22]
   6 - "LOCALE"[VARCHAR2,100]
   7 - "LOCALE"[VARCHAR2,100]
   8 - "SI_USERS_T".ROWID[ROWID,10]
   9 - "LOCALE_ID"[NUMBER,22], "LOCALE_STRING"[VARCHAR2,400]
  10 - (#keys=1) "LOCALE"[VARCHAR2,100], "LOCALE_STRING"[VARCHAR2,400], "LOCALE_ID"[NUMBER,22]
  11 - "LOCALE"[VARCHAR2,100]
  12 - "LOCALE"[VARCHAR2,100]
  13 - "SI_USERS_T".ROWID[ROWID,10]
  14 - "LOCALE_ID"[NUMBER,22], "LOCALE_STRING"[VARCHAR2,400]
  15 - (#keys=1) "LOCALE"[VARCHAR2,100], "LOCALE_STRING"[VARCHAR2,400], "LOCALE_ID"[NUMBER,22]
  16 - "LOCALE"[VARCHAR2,100]
  17 - "LOCALE"[VARCHAR2,100]
  18 - "SI_USERS_T".ROWID[ROWID,10]
  19 - "LOCALE_ID"[NUMBER,22], "LOCALE_STRING"[VARCHAR2,400]
  21 - (#keys=0) "MS_CONCAT"("D"."OWNER_ORGANIZATIONS")[4000]
  22 - "D"."OWNER_ORGANIZATIONS"[VARCHAR2,4000]
  24 - (#keys=0) "MS_CONCAT"("OWNERS")[4000]
  25 - "OWNERS"[VARCHAR2,4000]
  26 - "SI_METRICS_T".ROWID[ROWID,10], "METRIC_ID"[NUMBER,22]
  27 - "SI_METRICS_T".ROWID[ROWID,10]
  28 - (#keys=0) "C"."OBJECT_ID"[VARCHAR2,400], "B"."OBJECT_ID"[VARCHAR2,400], 
       "C"."DD_EDIT_FLAG"[VARCHAR2,4], "A"."DD_OBJECT_TYPE"[VARCHAR2,400], "A"."OBJECT_ID"[VARCHAR2,400], 
       "B".ROWID[ROWID,10], "B"."OWNERS"[VARCHAR2,4000], "A"."DD_INSTANCE_ID"[NUMBER,22], 
       "A"."DD_EDIT_FLAG"[VARCHAR2,4], "KEY_COMPLIANCE"[VARCHAR2,400], "A"."LEGACY_ID"[VARCHAR2,400], 
       "RESTRICT_ACCESS_TO"[VARCHAR2,400], "A"."DD_PROCESS_INSTANCE_ID"[NUMBER,22], 
       "A"."OBJECT_NAME"[VARCHAR2,4000], "A"."FREQUENCY"[VARCHAR2,400]
  29 - (#keys=1) "C"."OBJECT_ID"[VARCHAR2,400], "B"."OBJECT_ID"[VARCHAR2,400], 
       "C"."DD_EDIT_FLAG"[VARCHAR2,4], "A"."DD_OBJECT_TYPE"[VARCHAR2,400], "A"."OBJECT_ID"[VARCHAR2,400], 
       "B".ROWID[ROWID,10], "B"."OWNERS"[VARCHAR2,4000], "A"."DD_INSTANCE_ID"[NUMBER,22], 
       "A"."DD_EDIT_FLAG"[VARCHAR2,4], "KEY_COMPLIANCE"[VARCHAR2,400], "A"."LEGACY_ID"[VARCHAR2,400], 
       "RESTRICT_ACCESS_TO"[VARCHAR2,400], "A"."DD_PROCESS_INSTANCE_ID"[NUMBER,22], 
       "A"."OBJECT_NAME"[VARCHAR2,4000], "A"."FREQUENCY"[VARCHAR2,400]
  30 - "C"."OBJECT_ID"[VARCHAR2,400], "C"."DD_EDIT_FLAG"[VARCHAR2,4]
  31 - (#keys=1) "B"."OBJECT_ID"[VARCHAR2,400], "A"."OBJECT_ID"[VARCHAR2,400], "B".ROWID[ROWID,10], 
       "B"."OWNERS"[VARCHAR2,4000], "A"."DD_INSTANCE_ID"[NUMBER,22], "A"."DD_EDIT_FLAG"[VARCHAR2,4], 
       "KEY_COMPLIANCE"[VARCHAR2,400], "A"."LEGACY_ID"[VARCHAR2,400], "RESTRICT_ACCESS_TO"[VARCHAR2,400], 
       "A"."DD_PROCESS_INSTANCE_ID"[NUMBER,22], "A"."OBJECT_NAME"[VARCHAR2,4000], "A"."FREQUENCY"[VARCHAR2,400], 
       "A"."DD_OBJECT_TYPE"[VARCHAR2,400]
  32 - "B".ROWID[ROWID,10], "B"."OBJECT_ID"[VARCHAR2,400], "B"."OWNERS"[VARCHAR2,4000]
  33 - "A"."DD_INSTANCE_ID"[NUMBER,22], "A"."DD_EDIT_FLAG"[VARCHAR2,4], "KEY_COMPLIANCE"[VARCHAR2,400], 
       "A"."LEGACY_ID"[VARCHAR2,400], "RESTRICT_ACCESS_TO"[VARCHAR2,400], "A"."OBJECT_ID"[VARCHAR2,400], 
       "A"."OBJECT_NAME"[VARCHAR2,4000], "A"."FREQUENCY"[VARCHAR2,400], "A"."DD_OBJECT_TYPE"[VARCHAR2,400], 
       "A"."DD_PROCESS_INSTANCE_ID"[NUMBER,22]
  34 - VALUE(A0)[8000]
										</code></pre>
								</section>
						</div>
					</div>

				<!-- Sidebar -->
				<div id="sidebar">
					<div class="inner">
						<!-- Menu -->
						<nav id="menu">
							<header class="major">
								<h2>Menu</h2>
							</header>
							<ul>
								<li><a href="../index.html">Module List</a></li>
								<li><a href="index.html">Summary</a></li>
								<li>
									<span class="opener">DB Analysis</span>
									<ul>
										<li><a href="bad-sql.html">Bad SQL</a></li>
										<li><a href="poor-sql.html">Poor SQL Plan</a></li>
										<li><a href="invalid-sql.html">Invalid SQL</a></li>
										<li><a href="full-sql.html">Full SQL Report</a></li>
										<li><a href="table-nil-key.html">Primary/Unique Key Miss</a></li>
										<li><a href="invalid-db-object.html">Invalid DB Objects</a></li>
									</ul>
								</li>
								<li>
									<span class="opener">Infolets</span>
									<ul>
										<li><a href="keep-history-infolets.html">Keep History Infolets</a></li>
									</ul>
								</li>
								<li>
									<span class="opener">Pushforms</span>
									<ul>
										<li><a href="pushform-denormalize.html">Pushform Denormalized</a></li>
									</ul>
								</li>
							</ul>
						</nav>

						<!-- Section -->
						<section>
							<header class="major">
								<h2>Get in touch</h2>
							</header>
							<p>You need more details on the report or want more functionality, don't hesitate to reach out to us.</p>
							<ul class="contact">
								<li class="fa-envelope-o"><a href="mailto:rnd@metricstream.com?Subject=Reg - Static Code Analysis Tool" target="_top">rnd@metricstream.com</a></li>
							</ul>
						</section>

						<!-- Footer -->
						<footer id="footer">
							<p class="copyright">&copy; <a href="http://www.metricstream.com" target="_blank">MetricStream</a>. All rights reserved. </p>
						</footer>
					</div>
				</div>
			</div>

		<!-- Scripts -->
			<script src="../../lib/assets/js/jquery.min.js"></script>
			<script src="../../lib/assets/js/skel.min.js"></script>
			<script src="../../lib/assets/js/util.js"></script>
			<!--[if lte IE 8]><script src="../../lib/assets/js/ie/respond.min.js"></script><![endif]-->
			<script src="../../lib/assets/js/main.js"></script>
	</body>
</html>