<!DOCTYPE HTML>
<html>
	<head>
		<title>Code Analysis - MetricStream</title>
		<meta charset="utf-8" />
		<meta name="viewport" content="width=device-width, initial-scale=1, user-scalable=no" />
		<!--[if lte IE 8]><script src="../../lib/assets/js/ie/html5shiv.js"></script><![endif]-->
		<link rel="stylesheet" href="../../lib/assets/css/main.css" />
		<!--[if lte IE 9]><link rel="stylesheet" href="../../lib/assets/css/ie9.css" /><![endif]-->
		<!--[if lte IE 8]><link rel="stylesheet" href="../../lib/assets/css/ie8.css" /><![endif]-->
	</head>
	<body>

		<!-- Wrapper -->
			<div id="wrapper">

				<!-- Main -->
					<div id="main">
						<div class="inner">
							<!-- Header -->
								<header id="header">
									<a href="index.html" class="logo"><strong>Static Code Analysis Report</strong> by Code Analyzer Tool</a>
								</header>

							<!-- Content -->
								<section>
									<!-- Content -->
										<header class="major"><h2>Infolet Details</h2></header>
										<div class="table-wrapper">
											<table>
												<tbody>
													<tr>
														<td><b>Name</b></td>
														<td>MS_GRC_ACCT_ORB_Rpt_Inf (100751)</td>
													</tr>
													<tr>
														<td><b>SQL</b></td>
														<td><pre><code>SELECT 
  FIN_SUMM.object_id  AS object_id,
  FIN_SUMM.object_name as object_name ,
  MLS_SUMM.Fin_Type as Fin_Type,
  MLS_SUMM.FIn_Category as FIn_Category,
  'MS_GRC_FINANCIAL_ACCOUNTS' AS ADDITIONAL_COLUMN3,
NULL AS FORM_URL,
'MS_GRC_FINANCIAL_ACCOU' AS ADDITIONAL_COLUMN4,
FIN_SUMM.upper_object_name as upper_object_name
FROM MS_GRC_FIN_ACC_SUMMARY FIN_SUMM,MS_GRC_FIN_ACC_MLS_SUMMARY MLS_SUMM
where FIN_SUMM.OBJECT_ID = MLS_SUMM.OBJECT_ID
and MLS_SUMM.LOCALE_ID = (select LOCALE_ID from SI_USERS_T T1 ,SI_LOCALES T2 where USER_NAME = :1 and T1.LOCALE = T2.LOCALE_STRING)
AND EXISTS
    (SELECT COLUMN_VALUE
    FROM TABLE(CAST(ms_grc_orb_report_filter.Fn_Financial_Acc_orb_Filters( :1, :2, :3, :4,:5) as ms_varchar2_array))
    WHERE COLUMN_VALUE = FIN_SUMM.OBJECT_ID
    )
AND TRUNC(SYSDATE) BETWEEN NVL(TRUNC(FIN_SUMM.VALID_FROM),TRUNC(SYSDATE)) AND NVL(TRUNC(FIN_SUMM.VALID_UNTIL),TRUNC(SYSDATE))</code></pre></td>
													</tr>
													<tr>
														<td><b>Description</b></td>
														<td>This infolet extracts data from MS_GRC_FIN_ACC_DENORM_RV view and is thereby used in Policies Report</td>
													</tr>
												</tbody>
											</table>
										</div>

										<h2 align="center" id="content">Analysis Report</h2>
										<hr>

<header class="major"><h2>Plan hash value: 980486208</h2></header><pre><code>
 
-------------------------------------------------------------------------------------------------------------------
| Id  | Operation                          | Name                         | Rows  | Bytes | Cost (%CPU)| Time     |
-------------------------------------------------------------------------------------------------------------------
|   0 | SELECT STATEMENT                   |                              |     1 |   337 |    36   (0)| 00:00:01 |
|*  1 |  HASH JOIN SEMI                    |                              |     1 |   337 |    32   (0)| 00:00:01 |
|   2 |   NESTED LOOPS                     |                              |     1 |   335 |     3   (0)| 00:00:01 |
|*  3 |    INDEX FULL SCAN                 | MS_GRC_FIN_ACC_SUMMARY_PK    |     1 |    62 |     2   (0)| 00:00:01 |
|   4 |    TABLE ACCESS BY INDEX ROWID     | MS_GRC_FIN_ACC_MLS_SUMMARY   |     1 |   273 |     1   (0)| 00:00:01 |
|*  5 |     INDEX RANGE SCAN               | MS_GRC_FIN_MLS_SUMM_IDX2     |     1 |       |     1   (0)| 00:00:01 |
|   6 |      NESTED LOOPS                  |                              |     1 |    30 |     4   (0)| 00:00:01 |
|   7 |       TABLE ACCESS BY INDEX ROWID  | SI_USERS_T                   |     1 |    19 |     1   (0)| 00:00:01 |
|*  8 |        INDEX RANGE SCAN            | SI_USERS_T_N3                |     1 |       |     1   (0)| 00:00:01 |
<font style="background-color: lightblue; color: red">|*  9 |       TABLE ACCESS FULL            | SI_LOCALES                   |     1 |    11 |     3   (0)| 00:00:01 |</font>
<font style="background-color: lightblue; color: red">|  10 |   COLLECTION ITERATOR PICKLER FETCH| FN_FINANCIAL_ACC_ORB_FILTERS |  8168 | 16336 |    29   (0)| 00:00:01 |</font>
-------------------------------------------------------------------------------------------------------------------
 
</code></pre><header class="major"><h2>Query Block Name / Object Alias (identified by operation id):</h2></header><pre><code>
 
   1 - SEL$ABEA6AB6
   3 - SEL$ABEA6AB6 / FIN_SUMM@SEL$1
   4 - SEL$ABEA6AB6 / MLS_SUMM@SEL$1
   5 - SEL$ABEA6AB6 / MLS_SUMM@SEL$1
   6 - SEL$2       
   7 - SEL$2        / T1@SEL$2
   8 - SEL$2        / T1@SEL$2
   9 - SEL$2        / T2@SEL$2
  10 - SEL$ABEA6AB6 / KOKBF$0@SEL$4
 
</code></pre><header class="major"><h2>Predicate Information (identified by operation id):</h2></header><pre><code>
 
   1 - access("FIN_SUMM"."OBJECT_ID"=VALUE(KOKBF$))
   3 - filter(NVL(TRUNC(INTERNAL_FUNCTION("FIN_SUMM"."VALID_FROM")),TRUNC(SYSDATE@!))<=TRUNC(SYSDATE@!) 
              AND NVL(TRUNC(INTERNAL_FUNCTION("FIN_SUMM"."VALID_UNTIL")),TRUNC(SYSDATE@!))>=TRUNC(SYSDATE@!))
   5 - access("FIN_SUMM"."OBJECT_ID"="MLS_SUMM"."OBJECT_ID")
       filter(TO_NUMBER("MLS_SUMM"."LOCALE_ID")= (SELECT "LOCALE_ID" FROM "SI_LOCALES" "T2","SI_USERS_T" 
              "T1" WHERE "USER_NAME"=:1 AND "T1"."LOCALE"="T2"."LOCALE_STRING"))
   8 - access("USER_NAME"=:1)
   9 - filter("T1"."LOCALE"="T2"."LOCALE_STRING")
 
</code></pre><header class="major"><h2>Column Projection Information (identified by operation id):</h2></header><pre><code>
 
   1 - (#keys=1) "FIN_SUMM"."OBJECT_ID"[VARCHAR2,400], "FIN_SUMM"."UPPER_OBJECT_NAME"[VARCHAR2,3000], 
       "MLS_SUMM"."FIN_CATEGORY"[LOB,4000], "FIN_SUMM"."OBJECT_NAME"[VARCHAR2,4000], 
       "MLS_SUMM"."FIN_TYPE"[LOB,4000]
   2 - (#keys=0) "FIN_SUMM".ROWID[ROWID,3034], "FIN_SUMM"."UPPER_OBJECT_NAME"[VARCHAR2,3000], 
       "OBJ_FIN_SUMM_WID"[NUMBER,22], "FIN_SUMM"."OBJECT_ID"[VARCHAR2,400], 
       "FIN_SUMM"."OBJECT_NAME"[VARCHAR2,4000], "FIN_SUMM"."VALID_UNTIL"[DATE,7], 
       "FIN_SUMM"."VALID_FROM"[DATE,7], "MLS_SUMM".ROWID[ROWID,10], "MLS_SUMM"."OBJECT_ID"[VARCHAR2,400], 
       "MLS_SUMM"."LOCALE_ID"[VARCHAR2,400], "MLS_SUMM"."FIN_TYPE"[LOB,4000], "MLS_SUMM"."FIN_CATEGORY"[LOB,4000]
   3 - "FIN_SUMM".ROWID[ROWID,3034], "FIN_SUMM"."UPPER_OBJECT_NAME"[VARCHAR2,3000], 
       "OBJ_FIN_SUMM_WID"[NUMBER,22], "FIN_SUMM"."OBJECT_ID"[VARCHAR2,400], 
       "FIN_SUMM"."OBJECT_NAME"[VARCHAR2,4000], "FIN_SUMM"."VALID_UNTIL"[DATE,7], "FIN_SUMM"."VALID_FROM"[DATE,7]
   4 - "MLS_SUMM".ROWID[ROWID,10], "MLS_SUMM"."OBJECT_ID"[VARCHAR2,400], 
       "MLS_SUMM"."LOCALE_ID"[VARCHAR2,400], "MLS_SUMM"."FIN_TYPE"[LOB,4000], "MLS_SUMM"."FIN_CATEGORY"[LOB,4000]
   5 - "MLS_SUMM".ROWID[ROWID,10], "MLS_SUMM"."OBJECT_ID"[VARCHAR2,400], 
       "MLS_SUMM"."LOCALE_ID"[VARCHAR2,400]
   6 - (#keys=0) "T1".ROWID[ROWID,10], "USER_NAME"[VARCHAR2,80], "T1"."LOCALE"[VARCHAR2,100], 
       "LOCALE_ID"[NUMBER,22], "T2"."LOCALE_STRING"[VARCHAR2,400]
   7 - "T1".ROWID[ROWID,10], "USER_NAME"[VARCHAR2,80], "T1"."LOCALE"[VARCHAR2,100]
   8 - "T1".ROWID[ROWID,10], "USER_NAME"[VARCHAR2,80]
   9 - "LOCALE_ID"[NUMBER,22], "T2"."LOCALE_STRING"[VARCHAR2,400]
  10 - VALUE(A0)[8000]
										</code></pre>
								</section>
						</div>
					</div>

				<!-- Sidebar -->
				<div id="sidebar">
					<div class="inner">
						<!-- Menu -->
						<nav id="menu">
							<header class="major">
								<h2>Menu</h2>
							</header>
							<ul>
								<li><a href="../index.html">Module List</a></li>
								<li><a href="index.html">Summary</a></li>
								<li>
									<span class="opener">DB Analysis</span>
									<ul>
										<li><a href="bad-sql.html">Bad SQL</a></li>
										<li><a href="poor-sql.html">Poor SQL Plan</a></li>
										<li><a href="invalid-sql.html">Invalid SQL</a></li>
										<li><a href="full-sql.html">Full SQL Report</a></li>
										<li><a href="table-nil-key.html">Primary/Unique Key Miss</a></li>
										<li><a href="invalid-db-object.html">Invalid DB Objects</a></li>
									</ul>
								</li>
								<li>
									<span class="opener">Infolets</span>
									<ul>
										<li><a href="keep-history-infolets.html">Keep History Infolets</a></li>
									</ul>
								</li>
								<li>
									<span class="opener">Pushforms</span>
									<ul>
										<li><a href="pushform-denormalize.html">Pushform Denormalized</a></li>
									</ul>
								</li>
							</ul>
						</nav>

						<!-- Section -->
						<section>
							<header class="major">
								<h2>Get in touch</h2>
							</header>
							<p>You need more details on the report or want more functionality, don't hesitate to reach out to us.</p>
							<ul class="contact">
								<li class="fa-envelope-o"><a href="mailto:rnd@metricstream.com?Subject=Reg - Static Code Analysis Tool" target="_top">rnd@metricstream.com</a></li>
							</ul>
						</section>

						<!-- Footer -->
						<footer id="footer">
							<p class="copyright">&copy; <a href="http://www.metricstream.com" target="_blank">MetricStream</a>. All rights reserved. </p>
						</footer>
					</div>
				</div>
			</div>

		<!-- Scripts -->
			<script src="../../lib/assets/js/jquery.min.js"></script>
			<script src="../../lib/assets/js/skel.min.js"></script>
			<script src="../../lib/assets/js/util.js"></script>
			<!--[if lte IE 8]><script src="../../lib/assets/js/ie/respond.min.js"></script><![endif]-->
			<script src="../../lib/assets/js/main.js"></script>
	</body>
</html>