<!DOCTYPE HTML>
<html>
	<head>
		<title>Code Analysis - MetricStream</title>
		<meta charset="utf-8" />
		<meta name="viewport" content="width=device-width, initial-scale=1, user-scalable=no" />
		<!--[if lte IE 8]><script src="../../lib/assets/js/ie/html5shiv.js"></script><![endif]-->
		<link rel="stylesheet" href="../../lib/assets/css/main.css" />
		<!--[if lte IE 9]><link rel="stylesheet" href="../../lib/assets/css/ie9.css" /><![endif]-->
		<!--[if lte IE 8]><link rel="stylesheet" href="../../lib/assets/css/ie8.css" /><![endif]-->
	</head>
	<body>

		<!-- Wrapper -->
			<div id="wrapper">

				<!-- Main -->
					<div id="main">
						<div class="inner">
							<!-- Header -->
								<header id="header">
									<a href="index.html" class="logo"><strong>Static Code Analysis Report</strong> by Code Analyzer Tool</a>
								</header>

							<!-- Content -->
								<section>
									<!-- Content -->
										<header class="major"><h2>Infolet Details</h2></header>
										<div class="table-wrapper">
											<table>
												<tbody>
													<tr>
														<td><b>Name</b></td>
														<td>MS_GRC_Physical_Location (100987)</td>
													</tr>
													<tr>
														<td><b>SQL</b></td>
														<td><pre><code>Select c.Stored_Value as Stored_Value,
       c.Displayed_Value as Displayed_Value,
       c.Locale_Id as Locale_Id,
       c.Org_Entity_Id as Org_Entity_Id,
       c.Org_Entity_Name as Org_Entity_Name,
       c.Start_Date as Start_Date,
       c.End_Date as End_Date
From   MS_GRC_LOV_ORG_VALUES_V c,
si_locales a,si_users_t b 
where  c.locale_id= a.locale_id
and a.locale_string = b.locale and b.user_name = :1
and 
(trim(LOV_Name) = 'MS GRC Physical Location') order by c.display_order</code></pre></td>
													</tr>
													<tr>
														<td><b>Description</b></td>
														<td>This infolet extracts data from MS_GRC_LOV_ORG_VALUES_V view and is thereby used in MS_GRC_61_SP2_ASSET_LIST_INF infolet</td>
													</tr>
												</tbody>
											</table>
										</div>

										<h2 align="center" id="content">Analysis Report</h2>
										<hr>

<header class="major"><h2>Plan hash value: 1344492870</h2></header><pre><code>
 
-----------------------------------------------------------------------------------------------------------------
| Id  | Operation                          | Name                       | Rows  | Bytes | Cost (%CPU)| Time     |
-----------------------------------------------------------------------------------------------------------------
|   0 | SELECT STATEMENT                   |                            |     4 | 17524 |    41   (3)| 00:00:01 |
|   1 |  SORT ORDER BY                     |                            |     4 | 17524 |    41   (3)| 00:00:01 |
|*  2 |   HASH JOIN                        |                            |     4 | 17524 |    40   (0)| 00:00:01 |
|   3 |    VIEW                            | SI_REGISTER_APPLICATION_V  |    40 |   520 |     7   (0)| 00:00:01 |
|   4 |     UNION-ALL                      |                            |       |       |            |          |
|*  5 |      HASH JOIN OUTER               |                            |    39 |  1287 |     5   (0)| 00:00:01 |
<font style="background-color: lightblue; color: red">|   6 |       TABLE ACCESS FULL            | SI_REGISTER_APPLICATION    |    39 |   273 |     3   (0)| 00:00:01 |</font>
<font style="background-color: lightblue; color: red">|*  7 |       TABLE ACCESS FULL            | SI_REGISTER_APPLICATION_TL |     1 |    26 |     2   (0)| 00:00:01 |</font>
|   8 |      FAST DUAL                     |                            |     1 |       |     2   (0)| 00:00:01 |
|*  9 |    HASH JOIN RIGHT OUTER           |                            |     2 |  8736 |    33   (0)| 00:00:01 |
<font style="background-color: lightblue; color: red">|* 10 |     TABLE ACCESS FULL              | MS_QS_LOV_NAMES_TL         |     1 |    26 |     2   (0)| 00:00:01 |</font>
|* 11 |     HASH JOIN OUTER                |                            |     2 |  8684 |    31   (0)| 00:00:01 |
|* 12 |      HASH JOIN                     |                            |     2 |  4628 |    29   (0)| 00:00:01 |
|* 13 |       HASH JOIN                    |                            |     5 |   325 |     9   (0)| 00:00:01 |
|  14 |        NESTED LOOPS                |                            |     5 |   270 |     6   (0)| 00:00:01 |
|  15 |         TABLE ACCESS BY INDEX ROWID| SI_USERS_T                 |     1 |    19 |     1   (0)| 00:00:01 |
|* 16 |          INDEX RANGE SCAN          | SI_USERS_T_N3              |     1 |       |     1   (0)| 00:00:01 |
<font style="background-color: lightblue; color: red">|* 17 |         TABLE ACCESS FULL          | MS_QS_LOV_NAMES            |     5 |   175 |     5   (0)| 00:00:01 |</font>
<font style="background-color: lightblue; color: red">|  18 |        TABLE ACCESS FULL           | SI_LOCALES                 |    35 |   385 |     3   (0)| 00:00:01 |</font>
|  19 |       VIEW                         |                            |  5524 |    11M|    20   (0)| 00:00:01 |
<font style="background-color: lightblue; color: red">|  20 |        MERGE JOIN CARTESIAN        |                            |  5524 |   226K|    20   (0)| 00:00:01 |</font>
<font style="background-color: lightblue; color: red">|* 21 |         TABLE ACCESS FULL          | SI_LOCALES                 |     1 |     6 |     3   (0)| 00:00:01 |</font>
|  22 |         BUFFER SORT                |                            |  5524 |   194K|    17   (0)| 00:00:01 |
<font style="background-color: lightblue; color: red">|  23 |          TABLE ACCESS FULL         | MS_QS_LIST_OF_VALUES_T     |  5524 |   194K|    17   (0)| 00:00:01 |</font>
<font style="background-color: lightblue; color: red">|  24 |      TABLE ACCESS FULL             | MS_QS_LIST_OF_VALUES_TL    |     1 |  2028 |     2   (0)| 00:00:01 |</font>
-----------------------------------------------------------------------------------------------------------------
 
</code></pre><header class="major"><h2>Query Block Name / Object Alias (identified by operation id):</h2></header><pre><code>
 
   1 - SEL$D3661FD6
   3 - SET$1        / SRA@SEL$6
   4 - SET$1       
   5 - SEL$8       
   6 - SEL$8        / T@SEL$8
   7 - SEL$8        / TL@SEL$8
   8 - SEL$11       / DUAL@SEL$11
  10 - SEL$D3661FD6 / TL@SEL$7
  15 - SEL$D3661FD6 / B@SEL$1
  16 - SEL$D3661FD6 / B@SEL$1
  17 - SEL$D3661FD6 / T@SEL$7
  18 - SEL$D3661FD6 / A@SEL$1
  19 - SEL$7286615E / X@SEL$3
  20 - SEL$7286615E
  21 - SEL$7286615E / SI_LOCALES@SEL$5
  23 - SEL$7286615E / T@SEL$4
  24 - SEL$D3661FD6 / TL@SEL$3
 
</code></pre><header class="major"><h2>Predicate Information (identified by operation id):</h2></header><pre><code>
 
   2 - access(NVL("PACKAGE_ID",0)=NVL("SRA"."PACKAGE_ID",0))
   5 - access("TL"."MODULE_ID"(+)="T"."MODULE_ID")
   7 - filter("TL"."LOCALE_ID"(+)=TO_NUMBER("SI_DB_LOCALE_SV"."GETVALUE"()))
   9 - access("T"."LOV_ID"="TL"."LOV_ID"(+))
  10 - filter("TL"."LOCALE_ID"(+)=TO_NUMBER("SI_DB_LOCALE_SV"."GETVALUE"()))
  11 - access("X"."LOV_VALUE_ID"="TL"."LOV_VALUE_ID"(+) AND "X"."LOCALE_ID"="TL"."LOCALE_ID"(+))
  12 - access("X"."LOCALE_ID"="A"."LOCALE_ID" AND "X"."LOV_ID"="T"."LOV_ID")
  13 - access("A"."LOCALE_STRING"="B"."LOCALE")
  16 - access("B"."USER_NAME"=:1)
  17 - filter(TRIM("T"."LOV_NAME")='MS GRC Physical Location')
  21 - filter("ENABLED_FLAG"='Y')
 
</code></pre><header class="major"><h2>Column Projection Information (identified by operation id):</h2></header><pre><code>
 
   1 - (#keys=1) "X"."DISPLAY_ORDER"[NUMBER,22], "X"."STORED_VALUE"[VARCHAR2,400], 
       NVL("TL"."DISPLAYED_VALUE","X"."DISPLAYED_VALUE")[4000], "X"."LOCALE_ID"[NUMBER,22], NULL[0], NULL[0], 
       "X"."START_DATE"[DATE,7], "X"."END_DATE"[DATE,7]
   2 - (#keys=1) "X"."LOCALE_ID"[NUMBER,22], "X"."DISPLAY_ORDER"[NUMBER,22], 
       "TL"."DISPLAYED_VALUE"[VARCHAR2,4000], "X"."START_DATE"[DATE,7], "X"."END_DATE"[DATE,7], 
       "X"."STORED_VALUE"[VARCHAR2,400], "X"."DISPLAYED_VALUE"[VARCHAR2,4000]
   3 - "SRA"."PACKAGE_ID"[NUMBER,22]
   4 - STRDEF[22]
   5 - (#keys=1) "T"."MODULE_ID"[NUMBER,22]
   6 - "T"."MODULE_ID"[NUMBER,22]
   7 - "TL"."MODULE_ID"[NUMBER,22]
   9 - (#keys=1) "X"."LOCALE_ID"[NUMBER,22], "X"."DISPLAY_ORDER"[NUMBER,22], 
       "TL"."DISPLAYED_VALUE"[VARCHAR2,4000], "PACKAGE_ID"[NUMBER,22], "X"."START_DATE"[DATE,7], 
       "X"."END_DATE"[DATE,7], "X"."STORED_VALUE"[VARCHAR2,400], "X"."DISPLAYED_VALUE"[VARCHAR2,4000]
  10 - "TL"."LOV_ID"[NUMBER,22]
  11 - (#keys=2) "X"."LOCALE_ID"[NUMBER,22], "X"."DISPLAY_ORDER"[NUMBER,22], "T"."LOV_ID"[NUMBER,22], 
       "PACKAGE_ID"[NUMBER,22], "X"."START_DATE"[DATE,7], "X"."END_DATE"[DATE,7], 
       "X"."STORED_VALUE"[VARCHAR2,400], "X"."DISPLAYED_VALUE"[VARCHAR2,4000], 
       "TL"."DISPLAYED_VALUE"[VARCHAR2,4000]
  12 - (#keys=2) "X"."LOCALE_ID"[NUMBER,22], "T"."LOV_ID"[NUMBER,22], "PACKAGE_ID"[NUMBER,22], 
       "X"."LOV_VALUE_ID"[NUMBER,22], "X"."END_DATE"[DATE,7], "X"."STORED_VALUE"[VARCHAR2,400], 
       "X"."DISPLAYED_VALUE"[VARCHAR2,4000], "X"."DISPLAY_ORDER"[NUMBER,22], "X"."START_DATE"[DATE,7]
  13 - (#keys=1) "PACKAGE_ID"[NUMBER,22], "T"."LOV_ID"[NUMBER,22], "A"."LOCALE_ID"[NUMBER,22]
  14 - (#keys=0) "B"."LOCALE"[VARCHAR2,100], "T"."LOV_ID"[NUMBER,22], "PACKAGE_ID"[NUMBER,22]
  15 - "B"."LOCALE"[VARCHAR2,100]
  16 - "B".ROWID[ROWID,10]
  17 - "T"."LOV_ID"[NUMBER,22], "PACKAGE_ID"[NUMBER,22]
  18 - "A"."LOCALE_ID"[NUMBER,22], "A"."LOCALE_STRING"[VARCHAR2,400]
  19 - "X"."LOV_VALUE_ID"[NUMBER,22], "X"."LOV_ID"[NUMBER,22], "X"."STORED_VALUE"[VARCHAR2,400], 
       "X"."DISPLAYED_VALUE"[VARCHAR2,4000], "X"."LOCALE_ID"[NUMBER,22], "X"."START_DATE"[DATE,7], 
       "X"."END_DATE"[DATE,7], "X"."DISPLAY_ORDER"[NUMBER,22]
  20 - (#keys=0) "LOCALE_ID"[NUMBER,22], "T"."LOV_VALUE_ID"[NUMBER,22], "T"."LOV_ID"[NUMBER,22], 
       "T"."STORED_VALUE"[VARCHAR2,400], "T"."DISPLAYED_VALUE"[VARCHAR2,4000], "T"."START_DATE"[DATE,7], 
       "T"."END_DATE"[DATE,7], "T"."DISPLAY_ORDER"[NUMBER,22]
  21 - "LOCALE_ID"[NUMBER,22]
  22 - (#keys=0) "T"."LOV_VALUE_ID"[NUMBER,22], "T"."LOV_ID"[NUMBER,22], 
       "T"."STORED_VALUE"[VARCHAR2,400], "T"."DISPLAYED_VALUE"[VARCHAR2,4000], "T"."START_DATE"[DATE,7], 
       "T"."END_DATE"[DATE,7], "T"."DISPLAY_ORDER"[NUMBER,22]
  23 - "T"."LOV_VALUE_ID"[NUMBER,22], "T"."LOV_ID"[NUMBER,22], "T"."STORED_VALUE"[VARCHAR2,400], 
       "T"."DISPLAYED_VALUE"[VARCHAR2,4000], "T"."START_DATE"[DATE,7], "T"."END_DATE"[DATE,7], 
       "T"."DISPLAY_ORDER"[NUMBER,22]
  24 - "TL"."LOV_VALUE_ID"[NUMBER,22], "TL"."DISPLAYED_VALUE"[VARCHAR2,4000], "TL"."LOCALE_ID"[NUMBER,22]
										</code></pre>
								</section>
						</div>
					</div>

				<!-- Sidebar -->
				<div id="sidebar">
					<div class="inner">
						<!-- Menu -->
						<nav id="menu">
							<header class="major">
								<h2>Menu</h2>
							</header>
							<ul>
								<li><a href="../index.html">Module List</a></li>
								<li><a href="index.html">Summary</a></li>
								<li>
									<span class="opener">DB Analysis</span>
									<ul>
										<li><a href="bad-sql.html">Bad SQL</a></li>
										<li><a href="poor-sql.html">Poor SQL Plan</a></li>
										<li><a href="invalid-sql.html">Invalid SQL</a></li>
										<li><a href="full-sql.html">Full SQL Report</a></li>
										<li><a href="table-nil-key.html">Primary/Unique Key Miss</a></li>
										<li><a href="invalid-db-object.html">Invalid DB Objects</a></li>
									</ul>
								</li>
								<li>
									<span class="opener">Infolets</span>
									<ul>
										<li><a href="keep-history-infolets.html">Keep History Infolets</a></li>
									</ul>
								</li>
								<li>
									<span class="opener">Pushforms</span>
									<ul>
										<li><a href="pushform-denormalize.html">Pushform Denormalized</a></li>
									</ul>
								</li>
							</ul>
						</nav>

						<!-- Section -->
						<section>
							<header class="major">
								<h2>Get in touch</h2>
							</header>
							<p>You need more details on the report or want more functionality, don't hesitate to reach out to us.</p>
							<ul class="contact">
								<li class="fa-envelope-o"><a href="mailto:rnd@metricstream.com?Subject=Reg - Static Code Analysis Tool" target="_top">rnd@metricstream.com</a></li>
							</ul>
						</section>

						<!-- Footer -->
						<footer id="footer">
							<p class="copyright">&copy; <a href="http://www.metricstream.com" target="_blank">MetricStream</a>. All rights reserved. </p>
						</footer>
					</div>
				</div>
			</div>

		<!-- Scripts -->
			<script src="../../lib/assets/js/jquery.min.js"></script>
			<script src="../../lib/assets/js/skel.min.js"></script>
			<script src="../../lib/assets/js/util.js"></script>
			<!--[if lte IE 8]><script src="../../lib/assets/js/ie/respond.min.js"></script><![endif]-->
			<script src="../../lib/assets/js/main.js"></script>
	</body>
</html>