<!DOCTYPE HTML>
<html>
	<head>
		<title>Code Analysis - MetricStream</title>
		<meta charset="utf-8" />
		<meta name="viewport" content="width=device-width, initial-scale=1, user-scalable=no" />
		<!--[if lte IE 8]><script src="../../lib/assets/js/ie/html5shiv.js"></script><![endif]-->
		<link rel="stylesheet" href="../../lib/assets/css/main.css" />
		<!--[if lte IE 9]><link rel="stylesheet" href="../../lib/assets/css/ie9.css" /><![endif]-->
		<!--[if lte IE 8]><link rel="stylesheet" href="../../lib/assets/css/ie8.css" /><![endif]-->
	</head>
	<body>

		<!-- Wrapper -->
			<div id="wrapper">

				<!-- Main -->
					<div id="main">
						<div class="inner">
							<!-- Header -->
								<header id="header">
									<a href="index.html" class="logo"><strong>Static Code Analysis Report</strong> by Code Analyzer Tool</a>
								</header>

							<!-- Content -->
								<section>
									<!-- Content -->
										<header class="major"><h2>Infolet Details</h2></header>
										<div class="table-wrapper">
											<table>
												<tbody>
													<tr>
														<th>Name</th>
														<td>MS_GRC_PROD_Entp_List_Rpt_Inf (101002)</td>
													</tr>
													<tr>
														<th>SQL</th>
														<td><pre><code>SELECT object_id,
  object_name,
  object_type,
  Object_Name as edit,
  object_level,
  object_parent,
  PRODUCT_CATEGORY_AGG,
  PRODUCT_TYPE_AGG,
  SALES_CHANNEL_AGG,
  OBJ_LOCATION,
  object_status as obj_status,
  CREATED_DATE,
  created_by,
  UPDATED_DATE,
  UPDATED_BY,
  valid_from,
  valid_until,
  description,
  OBJ_OWN_ORG_NAME_AGG,
  OBJ_OWNER_NAME_AGG,
  level_1_approver,
  level_2_approver,
  REL_DATA_LINK as REL_AOC_OBJ_NAME_AGG,
  REL_DATA_LINK as REL_ASSET_OBJ_NAME_AGG,
  REL_DATA_LINK as REL_CTRL_OBJ_NAME_AGG,
  REL_DATA_LINK as REL_OBJECTIVE_OBJ_NAME_AGG,
  REL_DATA_LINK as REL_ORGANIZATION_NAMES,
  REL_DATA_LINK as REL_PROCESS_OBJ_NAME_AGG,
  REL_DATA_LINK as REL_PRODUCT_NAME_AGG,
  REL_DATA_LINK as REL_REFRENCES_OBJ_NAME_AGG,
  REL_DATA_LINK as REL_RISK_OBJ_NAME_AGG,
  (MS_GRC_UTILITIES.FN_GET_REPORT_JSON((SELECT METRIC_ID FROM SI_METRICS_T WHERE METRIC_NAME='MS_GRC_PRODUCT'),DD_PROCESS_INSTANCE_ID,(SELECT DD_INSTANCE_ID FROM MS_GRC_PRODUCT WHERE OBJECT_ID=rv.OBJECT_ID),
'''flag=1'||CHR(38)||'emd=1'||CHR(38)||'x_edit_mode=Yes'||CHR (38)|| 'wrapper= No'|| CHR (38)|| 'mode=view''')) AS REPORT_JSON,
OBJECT_PARENT_ID
FROM MS_GRC_PROD_ENTP_RV rv
WHERE LOCALE =
  (SELECT LOCALE FROM si_users_t WHERE USER_NAME = :33
  )
AND NVL(is_orphan, 1)=NVL(:4,NVL(is_orphan,1))
AND EXISTS
  (SELECT COLUMN_VALUE
  FROM TABLE(CAST(ms_grc_rep_browser_fil_denorm.fn_product_rpt_filters(ms_grc_array_type(:1,:2,:3,:5,:6,:7,:8,:9,TO_CHAR(:10,'YYYY-MM-DD'),TO_CHAR(:11,'YYYY-MM-DD'),:12,:13,:14,:15,TO_CHAR(:16,'YYYY-MM-DD'),TO_CHAR(:17,'YYYY-MM-DD'),TO_CHAR(:18,'YYYY-MM-DD'),TO_CHAR(:19,'YYYY-MM-DD'),:20,:21,:22,:23,:24,:25,:27,NULL,NULL,:26,NULL,NULL,NULL,NULL,:28,NULL,:29,:30,NULL,NULL,:31,:32,NULL,'MS_GRC_PRODUCT',:33)) AS ms_varchar2_array))
  WHERE column_value = OBJECT_ID
  )ORDER BY upper(OBJECT_NAME)</code></pre></td>
													</tr>
													<tr>
														<th>Description</th>
														<td>New product report infolet</td>
													</tr>
												</tbody>
											</table>
										</div>

										<h2 align="center" id="content">Analysis Report</h2>
										<hr>

<header class="major"><h2>Plan hash value: 2107865282</h2></header><pre><code>
 
------------------------------------------------------------------------------------------------------------------------
| Id  | Operation                                | Name                        | Rows  | Bytes | Cost (%CPU)| Time     |
------------------------------------------------------------------------------------------------------------------------
|   0 | SELECT STATEMENT                         |                             |     1 | 25981 |    53   (2)| 00:00:01 |
|   1 |  TABLE ACCESS BY INDEX ROWID             | SI_USERS_T                  |     1 |    28 |     1   (0)| 00:00:01 |
|*  2 |   INDEX UNIQUE SCAN                      | USER_NAME_UK                |     1 |       |     1   (0)| 00:00:01 |
|   3 |  TABLE ACCESS BY INDEX ROWID             | SI_USERS_T                  |     1 |    28 |     1   (0)| 00:00:01 |
|*  4 |   INDEX UNIQUE SCAN                      | USER_NAME_UK                |     1 |       |     1   (0)| 00:00:01 |
|   5 |  TABLE ACCESS BY INDEX ROWID             | SI_USERS_T                  |     1 |    28 |     1   (0)| 00:00:01 |
|*  6 |   INDEX UNIQUE SCAN                      | USER_NAME_UK                |     1 |       |     1   (0)| 00:00:01 |
|   7 |  TABLE ACCESS BY INDEX ROWID             | SI_USERS_T                  |     1 |    28 |     1   (0)| 00:00:01 |
|*  8 |   INDEX UNIQUE SCAN                      | USER_NAME_UK                |     1 |       |     1   (0)| 00:00:01 |
|   9 |  TABLE ACCESS BY INDEX ROWID             | SI_METRICS_T                |     1 |    34 |     1   (0)| 00:00:01 |
|* 10 |   INDEX RANGE SCAN                       | SI_METRICS_T_N7             |     1 |       |     1   (0)| 00:00:01 |
|  11 |   TABLE ACCESS BY INDEX ROWID            | MS_GRC_PRODUCT              |     1 |    19 |     1   (0)| 00:00:01 |
|* 12 |    INDEX UNIQUE SCAN                     | MS_GRC_PRODUCT_PK           |     1 |       |     1   (0)| 00:00:01 |
|  13 |  SORT ORDER BY                           |                             |     1 | 25981 |    53   (2)| 00:00:01 |
|* 14 |   HASH JOIN                              |                             |     1 | 25981 |    52   (0)| 00:00:01 |
|  15 |    VIEW                                  | VW_SQ_1                     |     1 |     6 |     1   (0)| 00:00:01 |
|  16 |     TABLE ACCESS BY INDEX ROWID          | SI_USERS_T                  |     1 |    19 |     1   (0)| 00:00:01 |
|* 17 |      INDEX UNIQUE SCAN                   | USER_NAME_UK                |     1 |       |     1   (0)| 00:00:01 |
|  18 |    NESTED LOOPS                          |                             |     1 | 25975 |    51   (0)| 00:00:01 |
|  19 |     NESTED LOOPS                         |                             |     1 | 13357 |    50   (0)| 00:00:01 |
<font style="background-color: lightblue; color: red">|  20 |      MERGE JOIN CARTESIAN                |                             |  8168 |    16M|    49   (0)| 00:00:01 |</font>
|  21 |       NESTED LOOPS OUTER                 |                             |     1 |  2071 |    20   (0)| 00:00:01 |
|* 22 |        HASH JOIN                         |                             |     1 |  2046 |    19   (0)| 00:00:01 |
|  23 |         TABLE ACCESS BY INDEX ROWID      | MS_QS_LOV_NAMES             |     1 |    30 |     1   (0)| 00:00:01 |
|* 24 |          INDEX RANGE SCAN                | MS_QS_LOV_NAMES_N1          |     1 |       |     1   (0)| 00:00:01 |
|  25 |         VIEW                             |                             |     2 |  4032 |    18   (0)| 00:00:01 |
<font style="background-color: lightblue; color: red">|  26 |          MERGE JOIN CARTESIAN            |                             |     2 |    74 |    18   (0)| 00:00:01 |</font>
<font style="background-color: lightblue; color: red">|* 27 |           TABLE ACCESS FULL              | SI_LOCALES                  |     1 |     6 |     3   (0)| 00:00:01 |</font>
|  28 |           BUFFER SORT                    |                             |     2 |    62 |    15   (0)| 00:00:01 |
<font style="background-color: lightblue; color: red">|* 29 |            TABLE ACCESS FULL             | MS_QS_LIST_OF_VALUES_T      |     2 |    62 |    15   (0)| 00:00:01 |</font>
|  30 |        TABLE ACCESS BY INDEX ROWID       | MS_QS_LIST_OF_VALUES_TL     |     1 |    25 |     1   (0)| 00:00:01 |
|* 31 |         INDEX RANGE SCAN                 | MS_QS_LIST_OF_VALUES_TL_IDX |     1 |       |     1   (0)| 00:00:01 |
|  32 |       BUFFER SORT                        |                             |  8168 | 16336 |    48   (0)| 00:00:01 |
|  33 |        SORT UNIQUE                       |                             |  8168 | 16336 |    29   (0)| 00:00:01 |
<font style="background-color: lightblue; color: red">|  34 |         COLLECTION ITERATOR PICKLER FETCH| FN_PRODUCT_RPT_FILTERS      |  8168 | 16336 |    29   (0)| 00:00:01 |</font>
|* 35 |      TABLE ACCESS BY INDEX ROWID         | MS_GRC_PRODUCT_SUMMARY      |     1 | 11284 |     1   (0)| 00:00:01 |
|* 36 |       INDEX UNIQUE SCAN                  | MS_GRC_PROD_SUMM_IDX1       |     1 |       |     1   (0)| 00:00:01 |
|* 37 |     TABLE ACCESS BY INDEX ROWID          | MS_GRC_PRODUCT_MLS_SUMMARY  |     1 | 12618 |     1   (0)| 00:00:01 |
|* 38 |      INDEX RANGE SCAN                    | MS_GRC_PROD_MLS_IDX1        |     1 |       |     1   (0)| 00:00:01 |
------------------------------------------------------------------------------------------------------------------------
 
</code></pre><header class="major"><h2>Query Block Name / Object Alias (identified by operation id):</h2></header><pre><code>
 
   1 - SEL$5        / USR@SEL$5
   2 - SEL$5        / USR@SEL$5
   3 - SEL$6        / USR@SEL$6
   4 - SEL$6        / USR@SEL$6
   5 - SEL$7        / USR@SEL$7
   6 - SEL$7        / USR@SEL$7
   7 - SEL$8        / USR@SEL$8
   8 - SEL$8        / USR@SEL$8
   9 - SEL$2        / SI_METRICS_T@SEL$2
  10 - SEL$2        / SI_METRICS_T@SEL$2
  11 - SEL$3        / MS_GRC_PRODUCT@SEL$3
  12 - SEL$3        / MS_GRC_PRODUCT@SEL$3
  13 - SEL$48207252
  15 - SEL$32487103 / VW_SQ_1@SEL$4BBC00B6
  16 - SEL$32487103 / SI_USERS_T@SEL$12
  17 - SEL$32487103 / SI_USERS_T@SEL$12
  23 - SEL$48207252 / LOVNAME@SEL$4
  24 - SEL$48207252 / LOVNAME@SEL$4
  25 - SEL$285A8194 / X@SEL$9
  26 - SEL$285A8194
  27 - SEL$285A8194 / SI_LOCALES@SEL$11
  29 - SEL$285A8194 / T@SEL$10
  30 - SEL$48207252 / TL@SEL$9
  31 - SEL$48207252 / TL@SEL$9
  34 - SEL$48207252 / KOKBF$0@SEL$14
  35 - SEL$48207252 / PRDSUMM@SEL$4
  36 - SEL$48207252 / PRDSUMM@SEL$4
  37 - SEL$48207252 / MLSSUMM@SEL$4
  38 - SEL$48207252 / MLSSUMM@SEL$4
 
</code></pre><header class="major"><h2>Predicate Information (identified by operation id):</h2></header><pre><code>
 
   2 - access("USR"."USER_NAME"=:B1)
   4 - access("USR"."USER_NAME"=:B1)
   6 - access("USR"."USER_NAME"=:B1)
   8 - access("USR"."USER_NAME"=:B1)
  10 - access("METRIC_NAME"='MS_GRC_PRODUCT')
  12 - access("OBJECT_ID"=:B1)
  14 - access("MLSSUMM"."LOCALE"="LOCALE")
  17 - access("USER_NAME"=:33)
  22 - access("X"."LOV_ID"="LOVNAME"."LOV_ID")
  24 - access("LOVNAME"."LOV_NAME"='MS_GRC_LABLES')
  27 - filter("ENABLED_FLAG"='Y')
  29 - filter("T"."STORED_VALUE"='CLICK_HERE' AND "T"."ORG_ENTITY_ID"=1)
  31 - access("X"."LOV_VALUE_ID"="TL"."LOV_VALUE_ID"(+) AND "X"."LOCALE_ID"="TL"."LOCALE_ID"(+))
  35 - filter(NVL("PRDSUMM"."IS_ORPHAN",1)=NVL(:4,NVL("PRDSUMM"."IS_ORPHAN",1)))
  36 - access("PRDSUMM"."OBJECT_ID"=VALUE(KOKBF$))
  37 - filter("X"."LOCALE_ID"=TO_NUMBER("MLSSUMM"."LOCALE_ID"))
  38 - access("PRDSUMM"."OBJECT_ID"="MLSSUMM"."OBJECT_ID")
 
</code></pre><header class="major"><h2>Column Projection Information (identified by operation id):</h2></header><pre><code>
 
   1 - "USR".ROWID[ROWID,10], "USR"."LAST_NAME"[VARCHAR2,400], "USR"."FIRST_NAME"[VARCHAR2,400]
   2 - "USR".ROWID[ROWID,10]
   3 - "USR".ROWID[ROWID,10], "USR"."LAST_NAME"[VARCHAR2,400], "USR"."FIRST_NAME"[VARCHAR2,400]
   4 - "USR".ROWID[ROWID,10]
   5 - "USR".ROWID[ROWID,10], "USR"."LAST_NAME"[VARCHAR2,400], "USR"."FIRST_NAME"[VARCHAR2,400]
   6 - "USR".ROWID[ROWID,10]
   7 - "USR".ROWID[ROWID,10], "USR"."LAST_NAME"[VARCHAR2,400], "USR"."FIRST_NAME"[VARCHAR2,400]
   8 - "USR".ROWID[ROWID,10]
   9 - "SI_METRICS_T".ROWID[ROWID,10], "METRIC_ID"[NUMBER,22]
  10 - "SI_METRICS_T".ROWID[ROWID,10]
  11 - "MS_GRC_PRODUCT".ROWID[ROWID,10], "DD_INSTANCE_ID"[NUMBER,22]
  12 - "MS_GRC_PRODUCT".ROWID[ROWID,10]
  13 - (#keys=1) UPPER("PRDSUMM"."OBJECT_NAME")[4000], "PRDSUMM"."OBJECT_ID"[VARCHAR2,400], 
       "PRDSUMM"."OBJECT_NAME"[VARCHAR2,4000], 'MS_GRC_PRODUCT'[14], "PRDSUMM"."OBJECT_NAME"[VARCHAR2,4000], 
       "MLSSUMM"."OBJECT_LEVEL"[VARCHAR2,4000], "PRDSUMM"."OBJECT_PARENT_NAME"[VARCHAR2,4000], 
       "MLSSUMM"."PRODUCT_CATEGORY_AGG"[VARCHAR2,4000], "MLSSUMM"."PRODUCT_TYPE_AGG"[VARCHAR2,4000], 
       "MLSSUMM"."SALES_CHANNEL_AGG"[VARCHAR2,4000], "MLSSUMM"."LOCATIONS_AGG"[LOB,4000], 
       "MLSSUMM"."OBJ_STATUS"[VARCHAR2,4000], "PRDSUMM"."CREATED_DATE"[DATE,7],  (SELECT "USR"."FIRST_NAME"||' 
       '||"USR"."LAST_NAME" FROM METRICSTREAM."SI_USERS_T" "USR" WHERE "USR"."USER_NAME"=:B1)[801], 
       "PRDSUMM"."UPDATED_DATE"[DATE,7],  (SELECT "USR"."FIRST_NAME"||' '||"USR"."LAST_NAME" FROM 
       METRICSTREAM."SI_USERS_T" "USR" WHERE "USR"."USER_NAME"=:B2)[801], "PRDSUMM"."VALID_FROM"[DATE,7], 
       "PRDSUMM"."VALID_UNTIL"[DATE,7], "PRDSUMM"."DESCRIPTION"[LOB,4000], "PRDSUMM"."OWNER_ORG_NAMES"[LOB,4000], 
       "PRDSUMM"."OWNER_NAME"[LOB,4000],  (SELECT "USR"."FIRST_NAME"||' '||"USR"."LAST_NAME" FROM 
       METRICSTREAM."SI_USERS_T" "USR" WHERE "USR"."USER_NAME"=:B3)[801],  (SELECT "USR"."FIRST_NAME"||' 
       '||"USR"."LAST_NAME" FROM METRICSTREAM."SI_USERS_T" "USR" WHERE "USR"."USER_NAME"=:B4)[801], 
       NVL("TL"."DISPLAYED_VALUE","X"."DISPLAYED_VALUE")[4000], 
       NVL("TL"."DISPLAYED_VALUE","X"."DISPLAYED_VALUE")[4000], 
       NVL("TL"."DISPLAYED_VALUE","X"."DISPLAYED_VALUE")[4000], 
       NVL("TL"."DISPLAYED_VALUE","X"."DISPLAYED_VALUE")[4000], 
       NVL("TL"."DISPLAYED_VALUE","X"."DISPLAYED_VALUE")[4000], 
       NVL("TL"."DISPLAYED_VALUE","X"."DISPLAYED_VALUE")[4000], 
       NVL("TL"."DISPLAYED_VALUE","X"."DISPLAYED_VALUE")[4000], 
       NVL("TL"."DISPLAYED_VALUE","X"."DISPLAYED_VALUE")[4000], 
       NVL("TL"."DISPLAYED_VALUE","X"."DISPLAYED_VALUE")[4000], "MS_GRC_UTILITIES"."FN_GET_REPORT_JSON"( (SELECT 
       "METRIC_ID" FROM "SI_METRICS_T" "SI_METRICS_T" WHERE "METRIC_NAME"='MS_GRC_PRODUCT'),"PRDSUMM"."DD_PROCESS_INSTA
       NCE_ID", (SELECT "DD_INSTANCE_ID" FROM "MS_GRC_PRODUCT" "MS_GRC_PRODUCT" WHERE 
       "OBJECT_ID"=:B5),'''flag=1&emd=1&x_edit_mode=Yes&wrapper= No&mode=view''')[4000], 
       "PRDSUMM"."OBJECT_PARENT_ID"[VARCHAR2,400]
  14 - (#keys=1) "X"."DISPLAYED_VALUE"[VARCHAR2,4000], "TL"."DISPLAYED_VALUE"[VARCHAR2,4000], 
       "PRDSUMM"."OBJECT_PARENT_NAME"[VARCHAR2,4000], "PRDSUMM"."OBJECT_PARENT_ID"[VARCHAR2,400], 
       "PRDSUMM"."OBJECT_ID"[VARCHAR2,400], "PRDSUMM"."OBJECT_NAME"[VARCHAR2,4000], 
       "PRDSUMM"."LEVEL_1_APPROVER"[VARCHAR2,400], "PRDSUMM"."LEVEL_2_APPROVER"[VARCHAR2,400], 
       "PRDSUMM"."VALID_UNTIL"[DATE,7], "PRDSUMM"."VALID_FROM"[DATE,7], "PRDSUMM"."DESCRIPTION"[LOB,4000], 
       "PRDSUMM"."DD_PROCESS_INSTANCE_ID"[NUMBER,22], "PRDSUMM"."OWNER_ORG_NAMES"[LOB,4000], 
       "PRDSUMM"."OWNER_NAME"[LOB,4000], "PRDSUMM"."CREATED_DATE"[DATE,7], "PRDSUMM"."CREATED_BY"[VARCHAR2,400], 
       "PRDSUMM"."UPDATED_DATE"[DATE,7], "PRDSUMM"."UPDATED_BY"[VARCHAR2,400], "MLSSUMM"."LOCATIONS_AGG"[LOB,4000], 
       "MLSSUMM"."OBJECT_LEVEL"[VARCHAR2,4000], "MLSSUMM"."OBJ_STATUS"[VARCHAR2,4000], 
       "MLSSUMM"."PRODUCT_CATEGORY_AGG"[VARCHAR2,4000], "MLSSUMM"."PRODUCT_TYPE_AGG"[VARCHAR2,4000], 
       "MLSSUMM"."SALES_CHANNEL_AGG"[VARCHAR2,4000]
  15 - "LOCALE"[VARCHAR2,400]
  16 - "LOCALE"[VARCHAR2,400]
  17 - "SI_USERS_T".ROWID[ROWID,10]
  18 - (#keys=0) "X"."DISPLAYED_VALUE"[VARCHAR2,4000], "TL"."DISPLAYED_VALUE"[VARCHAR2,4000], 
       "PRDSUMM"."OBJECT_PARENT_NAME"[VARCHAR2,4000], "PRDSUMM"."OBJECT_PARENT_ID"[VARCHAR2,400], 
       "PRDSUMM"."OBJECT_ID"[VARCHAR2,400], "PRDSUMM"."OBJECT_NAME"[VARCHAR2,4000], 
       "PRDSUMM"."LEVEL_1_APPROVER"[VARCHAR2,400], "PRDSUMM"."LEVEL_2_APPROVER"[VARCHAR2,400], 
       "PRDSUMM"."VALID_UNTIL"[DATE,7], "PRDSUMM"."VALID_FROM"[DATE,7], "PRDSUMM"."DESCRIPTION"[LOB,4000], 
       "PRDSUMM"."DD_PROCESS_INSTANCE_ID"[NUMBER,22], "PRDSUMM"."OWNER_ORG_NAMES"[LOB,4000], 
       "PRDSUMM"."OWNER_NAME"[LOB,4000], "PRDSUMM"."CREATED_DATE"[DATE,7], "PRDSUMM"."CREATED_BY"[VARCHAR2,400], 
       "PRDSUMM"."UPDATED_DATE"[DATE,7], "PRDSUMM"."UPDATED_BY"[VARCHAR2,400], "MLSSUMM"."LOCALE"[VARCHAR2,400], 
       "MLSSUMM"."OBJECT_LEVEL"[VARCHAR2,4000], "MLSSUMM"."OBJ_STATUS"[VARCHAR2,4000], 
       "MLSSUMM"."PRODUCT_CATEGORY_AGG"[VARCHAR2,4000], "MLSSUMM"."PRODUCT_TYPE_AGG"[VARCHAR2,4000], 
       "MLSSUMM"."SALES_CHANNEL_AGG"[VARCHAR2,4000], "MLSSUMM"."LOCATIONS_AGG"[LOB,4000]
  19 - (#keys=0) "X"."LOCALE_ID"[NUMBER,22], "X"."DISPLAYED_VALUE"[VARCHAR2,4000], 
       "TL"."DISPLAYED_VALUE"[VARCHAR2,4000], "PRDSUMM"."OBJECT_PARENT_NAME"[VARCHAR2,4000], 
       "PRDSUMM"."OBJECT_PARENT_ID"[VARCHAR2,400], "PRDSUMM"."OBJECT_ID"[VARCHAR2,400], 
       "PRDSUMM"."OBJECT_NAME"[VARCHAR2,4000], "PRDSUMM"."LEVEL_1_APPROVER"[VARCHAR2,400], 
       "PRDSUMM"."LEVEL_2_APPROVER"[VARCHAR2,400], "PRDSUMM"."VALID_UNTIL"[DATE,7], "PRDSUMM"."VALID_FROM"[DATE,7], 
       "PRDSUMM"."DESCRIPTION"[LOB,4000], "PRDSUMM"."DD_PROCESS_INSTANCE_ID"[NUMBER,22], 
       "PRDSUMM"."OWNER_ORG_NAMES"[LOB,4000], "PRDSUMM"."OWNER_NAME"[LOB,4000], "PRDSUMM"."CREATED_DATE"[DATE,7], 
       "PRDSUMM"."CREATED_BY"[VARCHAR2,400], "PRDSUMM"."UPDATED_DATE"[DATE,7], "PRDSUMM"."UPDATED_BY"[VARCHAR2,400]
  20 - (#keys=0) "X"."LOCALE_ID"[NUMBER,22], "X"."DISPLAYED_VALUE"[VARCHAR2,4000], 
       "TL"."DISPLAYED_VALUE"[VARCHAR2,4000], VALUE(KOKBF$)[8000]
  21 - (#keys=0) "X"."LOCALE_ID"[NUMBER,22], "X"."DISPLAYED_VALUE"[VARCHAR2,4000], 
       "TL"."DISPLAYED_VALUE"[VARCHAR2,4000]
  22 - (#keys=1) "X"."LOV_VALUE_ID"[NUMBER,22], "X"."LOCALE_ID"[NUMBER,22], "X"."DISPLAYED_VALUE"[VARCHAR2,4000]
  23 - "LOVNAME"."LOV_ID"[NUMBER,22]
  24 - "LOVNAME".ROWID[ROWID,10]
  25 - "X"."LOV_VALUE_ID"[NUMBER,22], "X"."LOV_ID"[NUMBER,22], "X"."DISPLAYED_VALUE"[VARCHAR2,4000], 
       "X"."LOCALE_ID"[NUMBER,22]
  26 - (#keys=0) "LOCALE_ID"[NUMBER,22], "T"."LOV_VALUE_ID"[NUMBER,22], "T"."LOV_ID"[NUMBER,22], 
       "T"."DISPLAYED_VALUE"[VARCHAR2,4000]
  27 - "LOCALE_ID"[NUMBER,22]
  28 - (#keys=0) "T"."LOV_VALUE_ID"[NUMBER,22], "T"."LOV_ID"[NUMBER,22], "T"."DISPLAYED_VALUE"[VARCHAR2,4000]
  29 - "T"."LOV_VALUE_ID"[NUMBER,22], "T"."LOV_ID"[NUMBER,22], "T"."DISPLAYED_VALUE"[VARCHAR2,4000]
  30 - "TL"."DISPLAYED_VALUE"[VARCHAR2,4000]
  31 - "TL".ROWID[ROWID,10]
  32 - (#keys=0) VALUE(KOKBF$)[8000]
  33 - (#keys=1) VALUE(KOKBF$)[8000]
  34 - VALUE(A0)[8000]
  35 - "PRDSUMM"."OBJECT_PARENT_NAME"[VARCHAR2,4000], "PRDSUMM"."OBJECT_PARENT_ID"[VARCHAR2,400], 
       "PRDSUMM"."OBJECT_ID"[VARCHAR2,400], "PRDSUMM"."OBJECT_NAME"[VARCHAR2,4000], 
       "PRDSUMM"."LEVEL_1_APPROVER"[VARCHAR2,400], "PRDSUMM"."LEVEL_2_APPROVER"[VARCHAR2,400], 
       "PRDSUMM"."VALID_UNTIL"[DATE,7], "PRDSUMM"."VALID_FROM"[DATE,7], "PRDSUMM"."DESCRIPTION"[LOB,4000], 
       "PRDSUMM"."DD_PROCESS_INSTANCE_ID"[NUMBER,22], "PRDSUMM"."OWNER_ORG_NAMES"[LOB,4000], 
       "PRDSUMM"."OWNER_NAME"[LOB,4000], "PRDSUMM"."CREATED_DATE"[DATE,7], "PRDSUMM"."CREATED_BY"[VARCHAR2,400], 
       "PRDSUMM"."UPDATED_DATE"[DATE,7], "PRDSUMM"."UPDATED_BY"[VARCHAR2,400]
  36 - "PRDSUMM".ROWID[ROWID,10], "PRDSUMM"."OBJECT_ID"[VARCHAR2,400]
  37 - "MLSSUMM"."LOCALE"[VARCHAR2,400], "MLSSUMM"."OBJECT_LEVEL"[VARCHAR2,4000], 
       "MLSSUMM"."OBJ_STATUS"[VARCHAR2,4000], "MLSSUMM"."PRODUCT_CATEGORY_AGG"[VARCHAR2,4000], 
       "MLSSUMM"."PRODUCT_TYPE_AGG"[VARCHAR2,4000], "MLSSUMM"."SALES_CHANNEL_AGG"[VARCHAR2,4000], 
       "MLSSUMM"."LOCATIONS_AGG"[LOB,4000]
  38 - "MLSSUMM".ROWID[ROWID,10]
										</code></pre>
								</section>
						</div>
					</div>

				<!-- Sidebar -->
				<div id="sidebar">
					<div class="inner">
						<!-- Menu -->
						<nav id="menu">
							<header class="major">
								<h2>Menu</h2>
							</header>
							<ul>
								<li><a href="../index.html">Module List</a></li>
								<li><a href="index.html">Summary</a></li>
								<li>
									<span class="opener">DB Analysis</span>
									<ul>
										<li><a href="bad-sql.html">Bad SQL</a></li>
										<li><a href="poor-sql.html">Poor SQL Plan</a></li>
										<li><a href="invalid-sql.html">Invalid SQL</a></li>
										<li><a href="full-sql.html">Full SQL Report</a></li>
										<li><a href="table-nil-key.html">Primary/Unique Key Miss</a></li>
										<li><a href="invalid-db-object.html">Invalid DB Objects</a></li>
										<li><a href="sequence-with-less-cache.html">Sequence</a></li>
										<li><a href="table-index-lob-size.html">Table Size</a></li>
										<li><a href="table-row-count.html">Table Row Count</a></li>
									</ul>
								</li>
								<li>
								    <span class="opener">LOB</span>
								    <ul>
								        <li><a href="lob-no-cache.html">LOB - No Cache</a></li>
								        <li><a href="lob-columns.html">LOB - All Columns</a></li>
								    </ul>
								</li>
								<li>
									<span class="opener">Infolets</span>
									<ul>
										<li><a href="keep-history-infolets.html">Keep History Infolets</a></li>
										<li><a href="plsql-context-switch.html">SQL-PL/SQL Context Switch</a></li>
									</ul>
								</li>
								<li>
									<span class="opener">Pushforms</span>
									<ul>
										<li><a href="pushform-denormalize.html">Pushform Denormalized</a></li>
									</ul>
								</li>
								<li>
									<span class="opener">PL/SQL</span>
									<ul>
										<li><a href="plsql-dyn-qry-objs.html">Dynamic Query</a></li>
									</ul>
								</li>
							</ul>
						</nav>

						<!-- Section -->
						<section>
							<header class="major">
								<h2>Get in touch</h2>
							</header>
							<p>You need more details on the report or want more functionality, don't hesitate to reach out to us.</p>
							<ul class="contact">
								<li class="fa-envelope-o"><a href="mailto:apps-rnd-arch-team@metricstream.com?Subject=Reg - Code Analysis Tool" target="_top">apps-rnd-arch-team@metricstream.com</a></li>
							</ul>
						</section>

						<!-- Footer -->
						<footer id="footer">
							<p class="copyright">&copy; <a href="http://www.metricstream.com" target="_blank">MetricStream</a>. All rights reserved. </p>
						</footer>
					</div>
				</div>
			</div>

		<!-- Scripts -->
			<script src="../../lib/assets/js/jquery.min.js"></script>
			<script src="../../lib/assets/js/skel.min.js"></script>
			<script src="../../lib/assets/js/util.js"></script>
			<!--[if lte IE 8]><script src="../../lib/assets/js/ie/respond.min.js"></script><![endif]-->
			<script src="../../lib/assets/js/main.js"></script>
	</body>
</html>