<!DOCTYPE HTML>
<html>
	<head>
		<title>Code Analysis - MetricStream</title>
		<meta charset="utf-8" />
		<meta name="viewport" content="width=device-width, initial-scale=1, user-scalable=no" />
		<!--[if lte IE 8]><script src="../../lib/assets/js/ie/html5shiv.js"></script><![endif]-->
		<link rel="stylesheet" href="../../lib/assets/css/main.css" />
		<!--[if lte IE 9]><link rel="stylesheet" href="../../lib/assets/css/ie9.css" /><![endif]-->
		<!--[if lte IE 8]><link rel="stylesheet" href="../../lib/assets/css/ie8.css" /><![endif]-->
	</head>
	<body>

		<!-- Wrapper -->
			<div id="wrapper">

				<!-- Main -->
					<div id="main">
						<div class="inner">
							<!-- Header -->
								<header id="header">
									<a href="index.html" class="logo"><strong>Static Code Analysis Report</strong> by Code Analyzer Tool</a>
								</header>

							<!-- Content -->
								<section>
									<!-- Content -->
										<header class="major"><h2>Infolet Details</h2></header>
										<div class="table-wrapper">
											<table>
												<tbody>
													<tr>
														<td><b>Name</b></td>
														<td>MS_GRC_OBJC_ORB_Rpt_Inf (100948)</td>
													</tr>
													<tr>
														<td><b>SQL</b></td>
														<td><pre><code>select OBJC_SUMM.object_id AS object_id
,OBJC_SUMM.OBJECT_NAME AS OBJECT_NAME
,(SELECT object_name
    FROM MS_GRC_OBJECTIVES objc
    WHERE objc.object_id = OBJC_SUMM.parent
    ) AS PARENT_NAME
,MLS_SUMM.OBJECTIVE_TYPE AS OBJECTIVE_TYPE
,MLS_SUMM.COSO_TYPE AS COSO_TYPE
,TO_CHAR(MLS_SUMM.OBJECTIVE_TYPE) AS additional_details
,'MS_GRC_OBJECTIVES' AS ADDITIONAL_COLUMN3,
NULL AS FORM_URL 
,'MS_GRC_OBJECTIVES' AS ADDITIONAL_COLUMN4,
OBJC_SUMM.UPPER_OBJECT_NAME as upper_object_name
from MS_GRC_OBJECTIVE_SUMMARY OBJC_SUMM,MS_GRC_OBJECTIVE_MLS_SUMMARY MLS_SUMM
where OBJC_SUMM.OBJECT_ID = MLS_SUMM.OBJECT_ID
and MLS_SUMM.LOCALE_ID = (select LOCALE_ID from SI_USERS_T T1 ,SI_LOCALES T2 where USER_NAME = :1 and T1.LOCALE = T2.LOCALE_STRING)
AND EXISTS
    (SELECT COLUMN_VALUE 
    from table (CAST(ms_grc_orb_report_filter.Fn_Objectives_ORB_Filters(:1,:2,:3,:4,:5,:6) as ms_varchar2_array)) 
    WHERE COLUMN_VALUE = OBJC_SUMM.OBJECT_ID
    )
AND TRUNC(sysdate) BETWEEN NVL(TRUNC(OBJC_SUMM.valid_from),TRUNC(sysdate)) AND NVL(TRUNC(OBJC_SUMM.valid_until),TRUNC(sysdate)) </code></pre></td>
													</tr>
													<tr>
														<td><b>Description</b></td>
														<td>This infolet extracts data from MS_GRC_OBJECTIVE_DENORM_RV view and is thereby used in MS_GRC_OBJC_ORB_REPORT report</td>
													</tr>
												</tbody>
											</table>
										</div>

										<h2 align="center" id="content">Analysis Report</h2>
										<hr>

<header class="major"><h2>Plan hash value: 3456748036</h2></header><pre><code>
 
-------------------------------------------------------------------------------------------------------------------
| Id  | Operation                          | Name                         | Rows  | Bytes | Cost (%CPU)| Time     |
-------------------------------------------------------------------------------------------------------------------
|   0 | SELECT STATEMENT                   |                              |     1 |  1141 |    37   (0)| 00:00:01 |
|   1 |  TABLE ACCESS BY INDEX ROWID       | MS_GRC_OBJECTIVES            |     1 |    81 |     1   (0)| 00:00:01 |
|*  2 |   INDEX UNIQUE SCAN                | MS_GRC_OBJECTIVES_PK         |     1 |       |     1   (0)| 00:00:01 |
|*  3 |  HASH JOIN SEMI                    |                              |     1 |  1141 |    33   (0)| 00:00:01 |
|   4 |   NESTED LOOPS                     |                              |     1 |  1139 |     4   (0)| 00:00:01 |
|*  5 |    INDEX FULL SCAN                 | MS_GRC_OBJ_PK                |     1 |   951 |     3   (0)| 00:00:01 |
|   6 |    TABLE ACCESS BY INDEX ROWID     | MS_GRC_OBJECTIVE_MLS_SUMMARY |     1 |   188 |     1   (0)| 00:00:01 |
|*  7 |     INDEX RANGE SCAN               | MS_GRC_OBJC_MLS_SUMM_IDX2    |     1 |       |     1   (0)| 00:00:01 |
|   8 |      NESTED LOOPS                  |                              |     1 |    30 |     4   (0)| 00:00:01 |
|   9 |       TABLE ACCESS BY INDEX ROWID  | SI_USERS_T                   |     1 |    19 |     1   (0)| 00:00:01 |
|* 10 |        INDEX RANGE SCAN            | SI_USERS_T_N3                |     1 |       |     1   (0)| 00:00:01 |
<font style="background-color: lightblue; color: red">|* 11 |       TABLE ACCESS FULL            | SI_LOCALES                   |     1 |    11 |     3   (0)| 00:00:01 |</font>
<font style="background-color: lightblue; color: red">|  12 |   COLLECTION ITERATOR PICKLER FETCH| FN_OBJECTIVES_ORB_FILTERS    |  8168 | 16336 |    29   (0)| 00:00:01 |</font>
-------------------------------------------------------------------------------------------------------------------
 
</code></pre><header class="major"><h2>Query Block Name / Object Alias (identified by operation id):</h2></header><pre><code>
 
   1 - SEL$2        / OBJC@SEL$2
   2 - SEL$2        / OBJC@SEL$2
   3 - SEL$9A916132
   5 - SEL$9A916132 / OBJC_SUMM@SEL$1
   6 - SEL$9A916132 / MLS_SUMM@SEL$1
   7 - SEL$9A916132 / MLS_SUMM@SEL$1
   8 - SEL$3       
   9 - SEL$3        / T1@SEL$3
  10 - SEL$3        / T1@SEL$3
  11 - SEL$3        / T2@SEL$3
  12 - SEL$9A916132 / KOKBF$0@SEL$5
 
</code></pre><header class="major"><h2>Predicate Information (identified by operation id):</h2></header><pre><code>
 
   2 - access("OBJC"."OBJECT_ID"=:B1)
   3 - access("OBJC_SUMM"."OBJECT_ID"=VALUE(KOKBF$))
   5 - filter(NVL(TRUNC(INTERNAL_FUNCTION("OBJC_SUMM"."VALID_FROM")),TRUNC(SYSDATE@!))<=TRUNC(SYSDATE@!) 
              AND NVL(TRUNC(INTERNAL_FUNCTION("OBJC_SUMM"."VALID_UNTIL")),TRUNC(SYSDATE@!))>=TRUNC(SYSDATE@!))
   7 - access("OBJC_SUMM"."OBJECT_ID"="MLS_SUMM"."OBJECT_ID")
       filter(TO_NUMBER("MLS_SUMM"."LOCALE_ID")= (SELECT "LOCALE_ID" FROM "SI_LOCALES" "T2","SI_USERS_T" 
              "T1" WHERE "USER_NAME"=:1 AND "T1"."LOCALE"="T2"."LOCALE_STRING"))
  10 - access("USER_NAME"=:1)
  11 - filter("T1"."LOCALE"="T2"."LOCALE_STRING")
 
</code></pre><header class="major"><h2>Column Projection Information (identified by operation id):</h2></header><pre><code>
 
   1 - "OBJC".ROWID[ROWID,10], "OBJECT_NAME"[VARCHAR2,4000]
   2 - "OBJC".ROWID[ROWID,10]
   3 - (#keys=1) "OBJC_SUMM"."OBJECT_ID"[VARCHAR2,1600], "OBJC_SUMM"."UPPER_OBJECT_NAME"[VARCHAR2,3000], 
       "MLS_SUMM"."COSO_TYPE"[LOB,4000], "OBJC_SUMM"."OBJECT_NAME"[VARCHAR2,4000], 
       "OBJC_SUMM"."PARENT"[VARCHAR2,1600], "MLS_SUMM"."OBJECTIVE_TYPE"[LOB,4000]
   4 - (#keys=0) "OBJC_SUMM".ROWID[ROWID,3034], "OBJC_SUMM"."UPPER_OBJECT_NAME"[VARCHAR2,3000], 
       "OBJ_SUMM_WID"[NUMBER,22], "OBJC_SUMM"."OBJECT_ID"[VARCHAR2,1600], 
       "OBJC_SUMM"."OBJECT_NAME"[VARCHAR2,4000], "OBJC_SUMM"."PARENT"[VARCHAR2,1600], 
       "OBJC_SUMM"."VALID_UNTIL"[DATE,7], "OBJC_SUMM"."VALID_FROM"[DATE,7], "MLS_SUMM".ROWID[ROWID,10], 
       "MLS_SUMM"."OBJECT_ID"[VARCHAR2,1600], "MLS_SUMM"."LOCALE_ID"[VARCHAR2,400], 
       "MLS_SUMM"."OBJECTIVE_TYPE"[LOB,4000], "MLS_SUMM"."COSO_TYPE"[LOB,4000]
   5 - "OBJC_SUMM".ROWID[ROWID,3034], "OBJC_SUMM"."UPPER_OBJECT_NAME"[VARCHAR2,3000], 
       "OBJ_SUMM_WID"[NUMBER,22], "OBJC_SUMM"."OBJECT_ID"[VARCHAR2,1600], 
       "OBJC_SUMM"."OBJECT_NAME"[VARCHAR2,4000], "OBJC_SUMM"."PARENT"[VARCHAR2,1600], 
       "OBJC_SUMM"."VALID_UNTIL"[DATE,7], "OBJC_SUMM"."VALID_FROM"[DATE,7]
   6 - "MLS_SUMM".ROWID[ROWID,10], "MLS_SUMM"."OBJECT_ID"[VARCHAR2,1600], 
       "MLS_SUMM"."LOCALE_ID"[VARCHAR2,400], "MLS_SUMM"."OBJECTIVE_TYPE"[LOB,4000], 
       "MLS_SUMM"."COSO_TYPE"[LOB,4000]
   7 - "MLS_SUMM".ROWID[ROWID,10], "MLS_SUMM"."OBJECT_ID"[VARCHAR2,1600], 
       "MLS_SUMM"."LOCALE_ID"[VARCHAR2,400]
   8 - (#keys=0) "T1".ROWID[ROWID,10], "USER_NAME"[VARCHAR2,80], "T1"."LOCALE"[VARCHAR2,100], 
       "LOCALE_ID"[NUMBER,22], "T2"."LOCALE_STRING"[VARCHAR2,400]
   9 - "T1".ROWID[ROWID,10], "USER_NAME"[VARCHAR2,80], "T1"."LOCALE"[VARCHAR2,100]
  10 - "T1".ROWID[ROWID,10], "USER_NAME"[VARCHAR2,80]
  11 - "LOCALE_ID"[NUMBER,22], "T2"."LOCALE_STRING"[VARCHAR2,400]
  12 - VALUE(A0)[8000]
										</code></pre>
								</section>
						</div>
					</div>

				<!-- Sidebar -->
				<div id="sidebar">
					<div class="inner">
						<!-- Menu -->
						<nav id="menu">
							<header class="major">
								<h2>Menu</h2>
							</header>
							<ul>
								<li><a href="../index.html">Module List</a></li>
								<li><a href="index.html">Summary</a></li>
								<li>
									<span class="opener">DB Analysis</span>
									<ul>
										<li><a href="bad-sql.html">Bad SQL</a></li>
										<li><a href="poor-sql.html">Poor SQL Plan</a></li>
										<li><a href="invalid-sql.html">Invalid SQL</a></li>
										<li><a href="full-sql.html">Full SQL Report</a></li>
										<li><a href="table-nil-key.html">Primary/Unique Key Miss</a></li>
										<li><a href="invalid-db-object.html">Invalid DB Objects</a></li>
									</ul>
								</li>
								<li>
									<span class="opener">Infolets</span>
									<ul>
										<li><a href="keep-history-infolets.html">Keep History Infolets</a></li>
									</ul>
								</li>
								<li>
									<span class="opener">Pushforms</span>
									<ul>
										<li><a href="pushform-denormalize.html">Pushform Denormalized</a></li>
									</ul>
								</li>
							</ul>
						</nav>

						<!-- Section -->
						<section>
							<header class="major">
								<h2>Get in touch</h2>
							</header>
							<p>You need more details on the report or want more functionality, don't hesitate to reach out to us.</p>
							<ul class="contact">
								<li class="fa-envelope-o"><a href="mailto:rnd@metricstream.com?Subject=Reg - Static Code Analysis Tool" target="_top">rnd@metricstream.com</a></li>
							</ul>
						</section>

						<!-- Footer -->
						<footer id="footer">
							<p class="copyright">&copy; <a href="http://www.metricstream.com" target="_blank">MetricStream</a>. All rights reserved. </p>
						</footer>
					</div>
				</div>
			</div>

		<!-- Scripts -->
			<script src="../../lib/assets/js/jquery.min.js"></script>
			<script src="../../lib/assets/js/skel.min.js"></script>
			<script src="../../lib/assets/js/util.js"></script>
			<!--[if lte IE 8]><script src="../../lib/assets/js/ie/respond.min.js"></script><![endif]-->
			<script src="../../lib/assets/js/main.js"></script>
	</body>
</html>