<!DOCTYPE HTML>
<html>
	<head>
		<title>Code Analysis - MetricStream</title>
		<meta charset="utf-8" />
		<meta name="viewport" content="width=device-width, initial-scale=1, user-scalable=no" />
		<!--[if lte IE 8]><script src="../../lib/assets/js/ie/html5shiv.js"></script><![endif]-->
		<link rel="stylesheet" href="../../lib/assets/css/main.css" />
		<!--[if lte IE 9]><link rel="stylesheet" href="../../lib/assets/css/ie9.css" /><![endif]-->
		<!--[if lte IE 8]><link rel="stylesheet" href="../../lib/assets/css/ie8.css" /><![endif]-->
	</head>
	<body>

		<!-- Wrapper -->
			<div id="wrapper">

				<!-- Main -->
					<div id="main">
						<div class="inner">
							<!-- Header -->
								<header id="header">
									<a href="index.html" class="logo"><strong>Static Code Analysis Report</strong> by Code Analyzer Tool</a>
								</header>

							<!-- Content -->
								<section>
									<!-- Content -->
										<header class="major"><h2>Infolet Details</h2></header>
										<div class="table-wrapper">
											<table>
												<tbody>
													<tr>
														<th>Name</th>
														<td>MS_GRC_Bus_Criticality (100792)</td>
													</tr>
													<tr>
														<th>SQL</th>
														<td><pre><code>Select c.Stored_Value as Stored_Value,
       c.Displayed_Value as Displayed_Value,
       c.Lov_Name as Lov_Name,
       c.Locale_Id as Locale_Id,
       c.Enterprise_Id as Enterprise_Id,
       c.Lov_Id as Lov_Id,
       c.Lov_Value_Id as Lov_Value_Id,
       c.Org_Entity_Id as Org_Entity_Id,
       c.Org_Entity_Name as Org_Entity_Name,
       c.Start_Date as Start_Date,
       c.End_Date as End_Date
  From MS_GRC_LOV_ORG_VALUES_V c,
       si_locales a,
       si_users_t b 
 where c.locale_id= a.locale_id
   and a.locale_string = b.locale
   and b.user_name = :1
   and LOV_Name = 'MS_GRC_Business_Criticality'
and NVL(C.END_DATE,sysdate) >= sysdate and NVL(C.START_DATE,sysdate) <= sysdate 
order by c.display_order</code></pre></td>
													</tr>
													<tr>
														<th>Description</th>
														<td>This infolet extracts data from MS_GRC_LOV_ORG_VALUES_V view and is thereby used in Process form</td>
													</tr>
												</tbody>
											</table>
										</div>

										<h2 align="center" id="content">Analysis Report</h2>
										<hr>

<header class="major"><h2>Plan hash value: 385614310</h2></header><pre><code>
 
--------------------------------------------------------------------------------------------------------------------
| Id  | Operation                          | Name                          | Rows  | Bytes | Cost (%CPU)| Time     |
--------------------------------------------------------------------------------------------------------------------
|   0 | SELECT STATEMENT                   |                               |     1 |  2391 |    31   (4)| 00:00:01 |
|   1 |  SORT ORDER BY                     |                               |     1 |  2391 |    31   (4)| 00:00:01 |
|*  2 |   HASH JOIN                        |                               |     1 |  2391 |    30   (0)| 00:00:01 |
|   3 |    NESTED LOOPS OUTER              |                               |     1 |  2378 |    24   (0)| 00:00:01 |
|   4 |     NESTED LOOPS OUTER             |                               |     1 |  2352 |    23   (0)| 00:00:01 |
|   5 |      NESTED LOOPS                  |                               |     1 |  2327 |    22   (0)| 00:00:01 |
|*  6 |       HASH JOIN                    |                               |     5 | 11580 |    20   (0)| 00:00:01 |
|   7 |        NESTED LOOPS                |                               |     1 |    54 |     2   (0)| 00:00:01 |
|   8 |         TABLE ACCESS BY INDEX ROWID| SI_USERS_T                    |     1 |    19 |     1   (0)| 00:00:01 |
|*  9 |          INDEX UNIQUE SCAN         | USER_NAME_UK                  |     1 |       |     1   (0)| 00:00:01 |
|  10 |         TABLE ACCESS BY INDEX ROWID| MS_QS_LOV_NAMES               |     1 |    35 |     1   (0)| 00:00:01 |
|* 11 |          INDEX RANGE SCAN          | MS_QS_LOV_NAMES_N1            |     1 |       |     1   (0)| 00:00:01 |
|  12 |        VIEW                        |                               |  4233 |  9350K|    18   (0)| 00:00:01 |
<font style="background-color: lightblue; color: red">|  13 |         MERGE JOIN CARTESIAN       |                               |  4233 |   206K|    18   (0)| 00:00:01 |</font>
<font style="background-color: lightblue; color: red">|* 14 |          TABLE ACCESS FULL         | SI_LOCALES                    |     1 |     6 |     3   (0)| 00:00:01 |</font>
|  15 |          BUFFER SORT               |                               |  4233 |   181K|    15   (0)| 00:00:01 |
<font style="background-color: lightblue; color: red">|* 16 |           TABLE ACCESS FULL        | MS_QS_LIST_OF_VALUES_T        |  4233 |   181K|    15   (0)| 00:00:01 |</font>
|* 17 |       TABLE ACCESS BY INDEX ROWID  | SI_LOCALES                    |     1 |    11 |     1   (0)| 00:00:01 |
|* 18 |        INDEX UNIQUE SCAN           | SI_LOCALES_U1                 |     1 |       |     1   (0)| 00:00:01 |
|  19 |      TABLE ACCESS BY INDEX ROWID   | MS_QS_LIST_OF_VALUES_TL       |     1 |    25 |     1   (0)| 00:00:01 |
|* 20 |       INDEX RANGE SCAN             | MS_QS_LIST_OF_VALUES_TL_IDX   |     1 |       |     1   (0)| 00:00:01 |
|* 21 |     INDEX RANGE SCAN               | MS_QS_LOV_NAMES_TL_IDX        |     1 |    26 |     1   (0)| 00:00:01 |
|  22 |    VIEW                            | SI_REGISTER_APPLICATION_V     |    66 |   858 |     6   (0)| 00:00:01 |
|  23 |     UNION-ALL                      |                               |       |       |            |          |
|  24 |      NESTED LOOPS OUTER            |                               |    65 |  2145 |     4   (0)| 00:00:01 |
<font style="background-color: lightblue; color: red">|  25 |       TABLE ACCESS FULL            | SI_REGISTER_APPLICATION       |    65 |   455 |     3   (0)| 00:00:01 |</font>
|* 26 |       INDEX RANGE SCAN             | SI_REGISTER_APPLICATION_TL_N1 |     1 |    26 |     1   (0)| 00:00:01 |
|  27 |      FAST DUAL                     |                               |     1 |       |     2   (0)| 00:00:01 |
--------------------------------------------------------------------------------------------------------------------
 
</code></pre><header class="major"><h2>Query Block Name / Object Alias (identified by operation id):</h2></header><pre><code>
 
   1 - SEL$D3661FD6
   8 - SEL$D3661FD6 / B@SEL$1
   9 - SEL$D3661FD6 / B@SEL$1
  10 - SEL$D3661FD6 / T@SEL$7
  11 - SEL$D3661FD6 / T@SEL$7
  12 - SEL$7286615E / X@SEL$3
  13 - SEL$7286615E
  14 - SEL$7286615E / SI_LOCALES@SEL$5
  16 - SEL$7286615E / T@SEL$4
  17 - SEL$D3661FD6 / A@SEL$1
  18 - SEL$D3661FD6 / A@SEL$1
  19 - SEL$D3661FD6 / TL@SEL$3
  20 - SEL$D3661FD6 / TL@SEL$3
  21 - SEL$D3661FD6 / TL@SEL$7
  22 - SET$1        / SRA@SEL$6
  23 - SET$1       
  24 - SEL$8       
  25 - SEL$8        / T@SEL$8
  26 - SEL$8        / TL@SEL$8
  27 - SEL$11       / DUAL@SEL$11
 
</code></pre><header class="major"><h2>Predicate Information (identified by operation id):</h2></header><pre><code>
 
   2 - access(NVL("PACKAGE_ID",0)=NVL("SRA"."PACKAGE_ID",0))
   6 - access("X"."LOV_ID"="T"."LOV_ID")
   9 - access("B"."USER_NAME"=:1)
  11 - access("T"."LOV_NAME"='MS_GRC_Business_Criticality')
  14 - filter("ENABLED_FLAG"='Y')
  16 - filter(NVL("T"."END_DATE",SYSDATE@!)>=SYSDATE@! AND NVL("T"."START_DATE",SYSDATE@!)<=SYSDATE@!)
  17 - filter("A"."LOCALE_STRING"="B"."LOCALE")
  18 - access("X"."LOCALE_ID"="A"."LOCALE_ID")
  20 - access("X"."LOV_VALUE_ID"="TL"."LOV_VALUE_ID"(+) AND "X"."LOCALE_ID"="TL"."LOCALE_ID"(+))
  21 - access("T"."LOV_ID"="TL"."LOV_ID"(+) AND "TL"."LOCALE_ID"(+)=TO_NUMBER("SI_DB_LOCALE_SV"."GETVALUE"()
              ))
  26 - access("TL"."MODULE_ID"(+)="T"."MODULE_ID" AND 
              "TL"."LOCALE_ID"(+)=TO_NUMBER("SI_DB_LOCALE_SV"."GETVALUE"()))
 
</code></pre><header class="major"><h2>Column Projection Information (identified by operation id):</h2></header><pre><code>
 
   1 - (#keys=1) "X"."DISPLAY_ORDER"[NUMBER,22], "X"."STORED_VALUE"[VARCHAR2,400], 
       NVL("TL"."DISPLAYED_VALUE","X"."DISPLAYED_VALUE")[4000], "T"."LOV_NAME"[VARCHAR2,400], 
       "X"."LOCALE_ID"[NUMBER,22], "X"."ENTERPRISE_ID"[NUMBER,22], "X"."LOV_ID"[NUMBER,22], 
       "X"."LOV_VALUE_ID"[NUMBER,22], NULL[0], NULL[0], "X"."START_DATE"[DATE,7], "X"."END_DATE"[DATE,7]
   2 - (#keys=1) "X"."LOV_ID"[NUMBER,22], "T"."LOV_NAME"[VARCHAR2,400], "X"."LOV_VALUE_ID"[NUMBER,22], 
       "X"."DISPLAY_ORDER"[NUMBER,22], "X"."STORED_VALUE"[VARCHAR2,400], "X"."DISPLAYED_VALUE"[VARCHAR2,4000], 
       "X"."LOCALE_ID"[NUMBER,22], "X"."START_DATE"[DATE,7], "X"."END_DATE"[DATE,7], 
       "X"."ENTERPRISE_ID"[NUMBER,22], "TL"."DISPLAYED_VALUE"[VARCHAR2,4000]
   3 - (#keys=0) "X"."LOV_ID"[NUMBER,22], "T"."LOV_NAME"[VARCHAR2,400], "PACKAGE_ID"[NUMBER,22], 
       "X"."LOV_VALUE_ID"[NUMBER,22], "X"."DISPLAY_ORDER"[NUMBER,22], "X"."STORED_VALUE"[VARCHAR2,400], 
       "X"."DISPLAYED_VALUE"[VARCHAR2,4000], "X"."LOCALE_ID"[NUMBER,22], "X"."START_DATE"[DATE,7], 
       "X"."END_DATE"[DATE,7], "X"."ENTERPRISE_ID"[NUMBER,22], "TL"."DISPLAYED_VALUE"[VARCHAR2,4000]
   4 - (#keys=0) "T"."LOV_ID"[NUMBER,22], "X"."LOV_ID"[NUMBER,22], "T"."LOV_NAME"[VARCHAR2,400], 
       "PACKAGE_ID"[NUMBER,22], "X"."LOV_VALUE_ID"[NUMBER,22], "X"."DISPLAY_ORDER"[NUMBER,22], 
       "X"."STORED_VALUE"[VARCHAR2,400], "X"."DISPLAYED_VALUE"[VARCHAR2,4000], "X"."LOCALE_ID"[NUMBER,22], 
       "X"."START_DATE"[DATE,7], "X"."END_DATE"[DATE,7], "X"."ENTERPRISE_ID"[NUMBER,22], 
       "TL"."DISPLAYED_VALUE"[VARCHAR2,4000]
   5 - (#keys=0) "T"."LOV_ID"[NUMBER,22], "X"."LOV_ID"[NUMBER,22], "T"."LOV_NAME"[VARCHAR2,400], 
       "PACKAGE_ID"[NUMBER,22], "X"."LOV_VALUE_ID"[NUMBER,22], "X"."DISPLAY_ORDER"[NUMBER,22], 
       "X"."STORED_VALUE"[VARCHAR2,400], "X"."DISPLAYED_VALUE"[VARCHAR2,4000], "X"."LOCALE_ID"[NUMBER,22], 
       "X"."START_DATE"[DATE,7], "X"."END_DATE"[DATE,7], "X"."ENTERPRISE_ID"[NUMBER,22]
   6 - (#keys=1) "T"."LOV_ID"[NUMBER,22], "X"."LOV_ID"[NUMBER,22], "B"."LOCALE"[VARCHAR2,400], 
       "T"."LOV_NAME"[VARCHAR2,400], "PACKAGE_ID"[NUMBER,22], "X"."LOV_VALUE_ID"[NUMBER,22], 
       "X"."DISPLAY_ORDER"[NUMBER,22], "X"."STORED_VALUE"[VARCHAR2,400], "X"."DISPLAYED_VALUE"[VARCHAR2,4000], 
       "X"."LOCALE_ID"[NUMBER,22], "X"."START_DATE"[DATE,7], "X"."END_DATE"[DATE,7], "X"."ENTERPRISE_ID"[NUMBER,22]
   7 - (#keys=0) "B"."LOCALE"[VARCHAR2,400], "T"."LOV_NAME"[VARCHAR2,400], "T"."LOV_ID"[NUMBER,22], 
       "PACKAGE_ID"[NUMBER,22]
   8 - "B"."LOCALE"[VARCHAR2,400]
   9 - "B".ROWID[ROWID,10]
  10 - "T"."LOV_NAME"[VARCHAR2,400], "T"."LOV_ID"[NUMBER,22], "PACKAGE_ID"[NUMBER,22]
  11 - "T".ROWID[ROWID,10], "T"."LOV_NAME"[VARCHAR2,400]
  12 - "X"."LOV_VALUE_ID"[NUMBER,22], "X"."LOV_ID"[NUMBER,22], "X"."STORED_VALUE"[VARCHAR2,400], 
       "X"."DISPLAYED_VALUE"[VARCHAR2,4000], "X"."LOCALE_ID"[NUMBER,22], "X"."START_DATE"[DATE,7], 
       "X"."END_DATE"[DATE,7], "X"."ENTERPRISE_ID"[NUMBER,22], "X"."DISPLAY_ORDER"[NUMBER,22]
  13 - (#keys=0) "LOCALE_ID"[NUMBER,22], "T"."LOV_VALUE_ID"[NUMBER,22], "T"."LOV_ID"[NUMBER,22], 
       "T"."STORED_VALUE"[VARCHAR2,400], "T"."DISPLAYED_VALUE"[VARCHAR2,4000], "T"."START_DATE"[DATE,7], 
       "T"."END_DATE"[DATE,7], "T"."ENTERPRISE_ID"[NUMBER,22], "T"."DISPLAY_ORDER"[NUMBER,22]
  14 - "LOCALE_ID"[NUMBER,22]
  15 - (#keys=0) "T"."LOV_VALUE_ID"[NUMBER,22], "T"."LOV_ID"[NUMBER,22], "T"."STORED_VALUE"[VARCHAR2,400], 
       "T"."DISPLAYED_VALUE"[VARCHAR2,4000], "T"."START_DATE"[DATE,7], "T"."END_DATE"[DATE,7], 
       "T"."ENTERPRISE_ID"[NUMBER,22], "T"."DISPLAY_ORDER"[NUMBER,22]
  16 - "T"."LOV_VALUE_ID"[NUMBER,22], "T"."LOV_ID"[NUMBER,22], "T"."STORED_VALUE"[VARCHAR2,400], 
       "T"."DISPLAYED_VALUE"[VARCHAR2,4000], "T"."START_DATE"[DATE,7], "T"."END_DATE"[DATE,7], 
       "T"."ENTERPRISE_ID"[NUMBER,22], "T"."DISPLAY_ORDER"[NUMBER,22]
  18 - "A".ROWID[ROWID,10]
  19 - "TL"."DISPLAYED_VALUE"[VARCHAR2,4000]
  20 - "TL".ROWID[ROWID,10]
  22 - "SRA"."PACKAGE_ID"[NUMBER,22]
  23 - STRDEF[22]
  24 - (#keys=0) "T"."MODULE_ID"[NUMBER,22]
  25 - "T"."MODULE_ID"[NUMBER,22]
										</code></pre>
								</section>
						</div>
					</div>

				<!-- Sidebar -->
				<div id="sidebar">
					<div class="inner">
						<!-- Menu -->
						<nav id="menu">
							<header class="major">
								<h2>Menu</h2>
							</header>
							<ul>
								<li><a href="../index.html">Module List</a></li>
								<li><a href="index.html">Summary</a></li>
								<li>
									<span class="opener">DB Analysis</span>
									<ul>
										<li><a href="bad-sql.html">Bad SQL</a></li>
										<li><a href="poor-sql.html">Poor SQL Plan</a></li>
										<li><a href="invalid-sql.html">Invalid SQL</a></li>
										<li><a href="full-sql.html">Full SQL Report</a></li>
										<li><a href="table-nil-key.html">Primary/Unique Key Miss</a></li>
										<li><a href="invalid-db-object.html">Invalid DB Objects</a></li>
										<li><a href="sequence-with-less-cache.html">Sequence</a></li>
										<li><a href="table-index-lob-size.html">Table Size</a></li>
									</ul>
								</li>
								<li>
								    <span class="opener">LOB</span>
								    <ul>
								        <li><a href="lob-no-cache.html">LOB - No Cache</a></li>
								        <li><a href="lob-columns.html">LOB - All Columns</a></li>
								    </ul>
								</li>
								<li>
									<span class="opener">Infolets</span>
									<ul>
										<li><a href="keep-history-infolets.html">Keep History Infolets</a></li>
										<li><a href="plsql-context-switch.html">SQL-PL/SQL Context Switch</a></li>
									</ul>
								</li>
								<li>
									<span class="opener">Pushforms</span>
									<ul>
										<li><a href="pushform-denormalize.html">Pushform Denormalized</a></li>
									</ul>
								</li>
								<li>
									<span class="opener">PL/SQL</span>
									<ul>
										<li><a href="plsql-dyn-qry-objs.html">Dynamic Query</a></li>
									</ul>
								</li>
							</ul>
						</nav>

						<!-- Section -->
						<section>
							<header class="major">
								<h2>Get in touch</h2>
							</header>
							<p>You need more details on the report or want more functionality, don't hesitate to reach out to us.</p>
							<ul class="contact">
								<li class="fa-envelope-o"><a href="mailto:apps-rnd-arch-team@metricstream.com?Subject=Reg - Code Analysis Tool" target="_top">apps-rnd-arch-team@metricstream.com</a></li>
							</ul>
						</section>

						<!-- Footer -->
						<footer id="footer">
							<p class="copyright">&copy; <a href="http://www.metricstream.com" target="_blank">MetricStream</a>. All rights reserved. </p>
						</footer>
					</div>
				</div>
			</div>

		<!-- Scripts -->
			<script src="../../lib/assets/js/jquery.min.js"></script>
			<script src="../../lib/assets/js/skel.min.js"></script>
			<script src="../../lib/assets/js/util.js"></script>
			<!--[if lte IE 8]><script src="../../lib/assets/js/ie/respond.min.js"></script><![endif]-->
			<script src="../../lib/assets/js/main.js"></script>
	</body>
</html>