<!DOCTYPE HTML>
<html>
	<head>
		<title>Code Analysis - MetricStream</title>
		<meta charset="utf-8" />
		<meta name="viewport" content="width=device-width, initial-scale=1, user-scalable=no" />
		<!--[if lte IE 8]><script src="../../lib/assets/js/ie/html5shiv.js"></script><![endif]-->
		<link rel="stylesheet" href="../../lib/assets/css/main.css" />
		<!--[if lte IE 9]><link rel="stylesheet" href="../../lib/assets/css/ie9.css" /><![endif]-->
		<!--[if lte IE 8]><link rel="stylesheet" href="../../lib/assets/css/ie8.css" /><![endif]-->
	</head>
	<body>

		<!-- Wrapper -->
			<div id="wrapper">

				<!-- Main -->
					<div id="main">
						<div class="inner">
							<!-- Header -->
								<header id="header">
									<a href="index.html" class="logo"><strong>Static Code Analysis Report</strong> by Code Analyzer Tool</a>
								</header>

							<!-- Content -->
								<section>
									<!-- Content -->
										<header class="major"><h2>Infolet Details</h2></header>
										<div class="table-wrapper">
											<table>
												<tbody>
													<tr>
														<td><b>Name</b></td>
														<td>MS_GRC_ORGANIZATIONS (100965)</td>
													</tr>
													<tr>
														<td><b>SQL</b></td>
														<td><pre><code>SELECT org.org_entity_id   AS org_entity_id
, org.parent_org_entity_id    AS parent_org_entity_id
, org.org_entity_name          AS org_entity_name
, porg.org_entity_name       AS parent_org_entity_name
, org.description                   AS org_description
, loc.location_name            AS org_location
, ohl.org_level                       AS org_level
, ohl.org_hierarchy_name          AS org_hierarchy_name
, c.locale_id as locale_id
FROM si_org_entities org
, si_org_locations loc
, si_org_hierarchy_levels ohl
, si_org_entities porg
,si_locales c,
si_users_t d where 
c.locale_string = d.locale
AND d.user_name = :1
and org.location_id = loc.location_id (+)
AND SYSDATE BETWEEN org.start_date AND Nvl(org.end_date, SYSDATE)
AND org.org_hierarchy_id = ohl.org_hierarchy_id
AND org.parent_org_entity_id = porg.org_entity_id (+)
and ORG.ORG_ENTITY_id <> 1
Order By org.org_entity_name</code></pre></td>
													</tr>
													<tr>
														<td><b>Description</b></td>
														<td>This infolet extracts data from si_reports table and is thereby used in all GRC library forms including Area of Compliance, Asset, Asset Class, Control, Evidence, Exception, Financial Account, Function, Framework Reference, Objective, Organizational Profile, Process, Product, Question/Procedure, Reference, Regulatory Body, Requirement, Risk and Standard and in all list report Infolets</td>
													</tr>
												</tbody>
											</table>
										</div>

										<h2 align="center" id="content">Analysis Report</h2>
										<hr>

<header class="major"><h2>Plan hash value: 2521460029</h2></header><pre><code>
 
---------------------------------------------------------------------------------------------------------------
| Id  | Operation                         | Name                      | Rows  | Bytes | Cost (%CPU)| Time     |
---------------------------------------------------------------------------------------------------------------
|   0 | SELECT STATEMENT                  |                           |     4 |  5316 |    17   (6)| 00:00:01 |
|   1 |  SORT ORDER BY                    |                           |     4 |  5316 |    17   (6)| 00:00:01 |
|*  2 |   HASH JOIN                       |                           |     4 |  5316 |    16   (0)| 00:00:01 |
|   3 |    NESTED LOOPS OUTER             |                           |     4 |  5232 |    13   (0)| 00:00:01 |
|   4 |     NESTED LOOPS OUTER            |                           |     4 |  5184 |    12   (0)| 00:00:01 |
<font style="background-color: lightblue; color: red">|   5 |      MERGE JOIN CARTESIAN         |                           |     4 |  5084 |    10   (0)| 00:00:01 |</font>
|   6 |       NESTED LOOPS                |                           |     1 |    30 |     4   (0)| 00:00:01 |
|   7 |        TABLE ACCESS BY INDEX ROWID| SI_USERS_T                |     1 |    19 |     1   (0)| 00:00:01 |
|*  8 |         INDEX RANGE SCAN          | SI_USERS_T_N3             |     1 |       |     1   (0)| 00:00:01 |
<font style="background-color: lightblue; color: red">|*  9 |        TABLE ACCESS FULL          | SI_LOCALES                |     1 |    11 |     3   (0)| 00:00:01 |</font>
|  10 |       BUFFER SORT                 |                           |     4 |  4964 |     7   (0)| 00:00:01 |
|  11 |        VIEW                       | SI_ORG_ENTITIES           |     4 |  4964 |     6   (0)| 00:00:01 |
|* 12 |         HASH JOIN OUTER           |                           |     4 |   384 |     6   (0)| 00:00:01 |
<font style="background-color: lightblue; color: red">|* 13 |          TABLE ACCESS FULL        | SI_ORG_ENTITIES_T         |     4 |   272 |     3   (0)| 00:00:01 |</font>
<font style="background-color: lightblue; color: red">|* 14 |          TABLE ACCESS FULL        | SI_ORG_ENTITIES_TL        |     2 |    56 |     3   (0)| 00:00:01 |</font>
|  15 |      VIEW PUSHED PREDICATE        | SI_ORG_ENTITIES           |     1 |    25 |     1   (0)| 00:00:01 |
|* 16 |       HASH JOIN OUTER             |                           |     1 |    32 |     4   (0)| 00:00:01 |
|  17 |        TABLE ACCESS BY INDEX ROWID| SI_ORG_ENTITIES_T         |     1 |    25 |     1   (0)| 00:00:01 |
|* 18 |         INDEX RANGE SCAN          | SI_ORG_ENTITIES_N5        |     1 |       |     1   (0)| 00:00:01 |
<font style="background-color: lightblue; color: red">|* 19 |        TABLE ACCESS FULL          | SI_ORG_ENTITIES_TL        |     1 |     7 |     3   (0)| 00:00:01 |</font>
|  20 |     TABLE ACCESS BY INDEX ROWID   | SI_ORG_LOCATIONS_T        |     1 |    12 |     1   (0)| 00:00:01 |
|* 21 |      INDEX RANGE SCAN             | SI_ORG_LOCATIONS_N1       |     1 |       |     1   (0)| 00:00:01 |
<font style="background-color: lightblue; color: red">|  22 |    TABLE ACCESS FULL              | SI_ORG_HIERARCHY_LEVELS_T |     9 |   189 |     3   (0)| 00:00:01 |</font>
---------------------------------------------------------------------------------------------------------------
 
</code></pre><header class="major"><h2>Query Block Name / Object Alias (identified by operation id):</h2></header><pre><code>
 
   1 - SEL$3B14A707
   7 - SEL$3B14A707 / D@SEL$1
   8 - SEL$3B14A707 / D@SEL$1
   9 - SEL$3B14A707 / C@SEL$1
  11 - SEL$2        / ORG@SEL$1
  12 - SEL$2       
  13 - SEL$2        / T@SEL$2
  14 - SEL$2        / TL@SEL$2
  15 - SEL$693A5C0E / PORG@SEL$1
  16 - SEL$693A5C0E
  17 - SEL$693A5C0E / T@SEL$5
  18 - SEL$693A5C0E / T@SEL$5
  19 - SEL$693A5C0E / TL@SEL$5
  20 - SEL$3B14A707 / SI_ORG_LOCATIONS_T@SEL$3
  21 - SEL$3B14A707 / SI_ORG_LOCATIONS_T@SEL$3
  22 - SEL$3B14A707 / SI_ORG_HIERARCHY_LEVELS_T@SEL$4
 
</code></pre><header class="major"><h2>Predicate Information (identified by operation id):</h2></header><pre><code>
 
   2 - access("ORG"."ORG_HIERARCHY_ID"="ORG_HIERARCHY_ID")
   8 - access("D"."USER_NAME"=:1)
   9 - filter("C"."LOCALE_STRING"="D"."LOCALE")
  12 - access("T"."ORG_ENTITY_ID"="TL"."ORG_ENTITY_ID"(+))
  13 - filter(NVL("END_DATE",SYSDATE@!)>=SYSDATE@! AND "T"."ORG_ENTITY_ID"<>1 AND 
              "START_DATE"<=SYSDATE@!)
  14 - filter("TL"."LOCALE_ID"(+)=TO_NUMBER("SI_DB_LOCALE_SV"."GETVALUE"()) AND 
              "TL"."ORG_ENTITY_ID"(+)<>1)
  16 - access("T"."ORG_ENTITY_ID"="TL"."ORG_ENTITY_ID"(+))
  18 - access("T"."ORG_ENTITY_ID"="ORG"."PARENT_ORG_ENTITY_ID")
  19 - filter("TL"."ORG_ENTITY_ID"(+)="ORG"."PARENT_ORG_ENTITY_ID" AND 
              "TL"."LOCALE_ID"(+)=TO_NUMBER("SI_DB_LOCALE_SV"."GETVALUE"()))
  21 - access("ORG"."LOCATION_ID"="LOCATION_ID"(+))
 
</code></pre><header class="major"><h2>Column Projection Information (identified by operation id):</h2></header><pre><code>
 
   1 - (#keys=1) "ORG"."ORG_ENTITY_NAME"[VARCHAR2,400], "ORG"."ORG_ENTITY_ID"[NUMBER,22], 
       "ORG"."PARENT_ORG_ENTITY_ID"[NUMBER,22], "C"."LOCALE_ID"[NUMBER,22], 
       "PORG"."ORG_ENTITY_NAME"[VARCHAR2,400], "ORG"."DESCRIPTION"[VARCHAR2,2000], 
       "LOCATION_NAME"[VARCHAR2,400], "ORG_LEVEL"[NUMBER,22], "ORG_HIERARCHY_NAME"[VARCHAR2,400]
   2 - (#keys=1) "C"."LOCALE_ID"[NUMBER,22], "ORG"."ORG_ENTITY_ID"[NUMBER,22], 
       "ORG"."ORG_ENTITY_NAME"[VARCHAR2,400], "ORG"."DESCRIPTION"[VARCHAR2,2000], 
       "LOCATION_NAME"[VARCHAR2,400], "ORG"."PARENT_ORG_ENTITY_ID"[NUMBER,22], 
       "PORG"."ORG_ENTITY_NAME"[VARCHAR2,400], "ORG_LEVEL"[NUMBER,22], "ORG_HIERARCHY_NAME"[VARCHAR2,400]
   3 - (#keys=0) "C"."LOCALE_ID"[NUMBER,22], "ORG"."ORG_ENTITY_ID"[NUMBER,22], 
       "ORG"."ORG_ENTITY_NAME"[VARCHAR2,400], "ORG"."DESCRIPTION"[VARCHAR2,2000], 
       "ORG"."ORG_HIERARCHY_ID"[NUMBER,22], "ORG"."PARENT_ORG_ENTITY_ID"[NUMBER,22], 
       "PORG"."ORG_ENTITY_NAME"[VARCHAR2,400], "LOCATION_NAME"[VARCHAR2,400]
   4 - (#keys=0) "C"."LOCALE_ID"[NUMBER,22], "ORG"."ORG_ENTITY_ID"[NUMBER,22], 
       "ORG"."ORG_ENTITY_NAME"[VARCHAR2,400], "ORG"."DESCRIPTION"[VARCHAR2,2000], 
       "ORG"."ORG_HIERARCHY_ID"[NUMBER,22], "ORG"."PARENT_ORG_ENTITY_ID"[NUMBER,22], 
       "ORG"."LOCATION_ID"[NUMBER,22], "PORG"."ORG_ENTITY_NAME"[VARCHAR2,400]
   5 - (#keys=0) "C"."LOCALE_ID"[NUMBER,22], "ORG"."ORG_ENTITY_ID"[NUMBER,22], 
       "ORG"."ORG_ENTITY_NAME"[VARCHAR2,400], "ORG"."DESCRIPTION"[VARCHAR2,2000], 
       "ORG"."ORG_HIERARCHY_ID"[NUMBER,22], "ORG"."PARENT_ORG_ENTITY_ID"[NUMBER,22], 
       "ORG"."LOCATION_ID"[NUMBER,22]
   6 - (#keys=0) "C"."LOCALE_ID"[NUMBER,22]
   7 - "D"."LOCALE"[VARCHAR2,100]
   8 - "D".ROWID[ROWID,10]
   9 - "C"."LOCALE_ID"[NUMBER,22]
  10 - (#keys=0) "ORG"."ORG_ENTITY_ID"[NUMBER,22], "ORG"."ORG_ENTITY_NAME"[VARCHAR2,400], 
       "ORG"."DESCRIPTION"[VARCHAR2,2000], "ORG"."ORG_HIERARCHY_ID"[NUMBER,22], 
       "ORG"."PARENT_ORG_ENTITY_ID"[NUMBER,22], "ORG"."LOCATION_ID"[NUMBER,22]
  11 - "ORG"."ORG_ENTITY_ID"[NUMBER,22], "ORG"."ORG_ENTITY_NAME"[VARCHAR2,400], 
       "ORG"."DESCRIPTION"[VARCHAR2,2000], "ORG"."ORG_HIERARCHY_ID"[NUMBER,22], 
       "ORG"."PARENT_ORG_ENTITY_ID"[NUMBER,22], "ORG"."LOCATION_ID"[NUMBER,22]
  12 - (#keys=1) "T"."ORG_ENTITY_ID"[NUMBER,22], "T"."ORG_ENTITY_NAME"[VARCHAR2,400], 
       "T"."DESCRIPTION"[VARCHAR2,1000], "ORG_HIERARCHY_ID"[NUMBER,22], "PARENT_ORG_ENTITY_ID"[NUMBER,22], 
       "LOCATION_ID"[NUMBER,22], "TL"."DESCRIPTION"[VARCHAR2,2000]
  13 - "T"."ORG_ENTITY_ID"[NUMBER,22], "T"."ORG_ENTITY_NAME"[VARCHAR2,400], 
       "T"."DESCRIPTION"[VARCHAR2,1000], "ORG_HIERARCHY_ID"[NUMBER,22], "PARENT_ORG_ENTITY_ID"[NUMBER,22], 
       "LOCATION_ID"[NUMBER,22]
  14 - "TL"."ORG_ENTITY_ID"[NUMBER,22], "TL"."DESCRIPTION"[VARCHAR2,2000]
  15 - "PORG"."ORG_ENTITY_NAME"[VARCHAR2,400]
  16 - (#keys=1) "T"."ORG_ENTITY_NAME"[VARCHAR2,400]
  17 - "T"."ORG_ENTITY_ID"[NUMBER,22], "T"."ORG_ENTITY_NAME"[VARCHAR2,400]
  18 - "T".ROWID[ROWID,10], "T"."ORG_ENTITY_ID"[NUMBER,22]
  19 - "TL"."ORG_ENTITY_ID"[NUMBER,22]
  20 - "LOCATION_NAME"[VARCHAR2,400]
  21 - "SI_ORG_LOCATIONS_T".ROWID[ROWID,10]
  22 - "ORG_HIERARCHY_ID"[NUMBER,22], "ORG_HIERARCHY_NAME"[VARCHAR2,400], "ORG_LEVEL"[NUMBER,22]
										</code></pre>
								</section>
						</div>
					</div>

				<!-- Sidebar -->
				<div id="sidebar">
					<div class="inner">
						<!-- Menu -->
						<nav id="menu">
							<header class="major">
								<h2>Menu</h2>
							</header>
							<ul>
								<li><a href="../index.html">Module List</a></li>
								<li><a href="index.html">Summary</a></li>
								<li>
									<span class="opener">DB Analysis</span>
									<ul>
										<li><a href="bad-sql.html">Bad SQL</a></li>
										<li><a href="poor-sql.html">Poor SQL Plan</a></li>
										<li><a href="invalid-sql.html">Invalid SQL</a></li>
										<li><a href="full-sql.html">Full SQL Report</a></li>
										<li><a href="table-nil-key.html">Primary/Unique Key Miss</a></li>
										<li><a href="invalid-db-object.html">Invalid DB Objects</a></li>
									</ul>
								</li>
								<li>
									<span class="opener">Infolets</span>
									<ul>
										<li><a href="keep-history-infolets.html">Keep History Infolets</a></li>
									</ul>
								</li>
								<li>
									<span class="opener">Pushforms</span>
									<ul>
										<li><a href="pushform-denormalize.html">Pushform Denormalized</a></li>
									</ul>
								</li>
							</ul>
						</nav>

						<!-- Section -->
						<section>
							<header class="major">
								<h2>Get in touch</h2>
							</header>
							<p>You need more details on the report or want more functionality, don't hesitate to reach out to us.</p>
							<ul class="contact">
								<li class="fa-envelope-o"><a href="mailto:rnd@metricstream.com?Subject=Reg - Static Code Analysis Tool" target="_top">rnd@metricstream.com</a></li>
							</ul>
						</section>

						<!-- Footer -->
						<footer id="footer">
							<p class="copyright">&copy; <a href="http://www.metricstream.com" target="_blank">MetricStream</a>. All rights reserved. </p>
						</footer>
					</div>
				</div>
			</div>

		<!-- Scripts -->
			<script src="../../lib/assets/js/jquery.min.js"></script>
			<script src="../../lib/assets/js/skel.min.js"></script>
			<script src="../../lib/assets/js/util.js"></script>
			<!--[if lte IE 8]><script src="../../lib/assets/js/ie/respond.min.js"></script><![endif]-->
			<script src="../../lib/assets/js/main.js"></script>
	</body>
</html>