<!DOCTYPE HTML>
<html>
	<head>
		<title>Code Analysis - MetricStream</title>
		<meta charset="utf-8" />
		<meta name="viewport" content="width=device-width, initial-scale=1, user-scalable=no" />
		<!--[if lte IE 8]><script src="../../lib/assets/js/ie/html5shiv.js"></script><![endif]-->
		<link rel="stylesheet" href="../../lib/assets/css/main.css" />
		<!--[if lte IE 9]><link rel="stylesheet" href="../../lib/assets/css/ie9.css" /><![endif]-->
		<!--[if lte IE 8]><link rel="stylesheet" href="../../lib/assets/css/ie8.css" /><![endif]-->
	</head>
	<body>

		<!-- Wrapper -->
			<div id="wrapper">

				<!-- Main -->
					<div id="main">
						<div class="inner">
							<!-- Header -->
								<header id="header">
									<a href="index.html" class="logo"><strong>Static Code Analysis Report</strong> by Code Analyzer Tool</a>
								</header>

							<!-- Content -->
								<section>
									<!-- Content -->
										<header class="major"><h2>Infolet Details</h2></header>
										<div class="table-wrapper">
											<table>
												<tbody>
													<tr>
														<th>Name</th>
														<td>MS_GRC_GET_DATA_EXCEPTION_FOR (100882)</td>
													</tr>
													<tr>
														<th>SQL</th>
														<td><pre><code>Select c.Stored_Value,
       c.Displayed_Value,
       c.Lov_Name,
       c.Locale_Id,
       c.Enterprise_Id,
       c.Lov_Id,
       c.Lov_Value_Id,
       c.Org_Entity_Id,
       c.Org_Entity_Name,
       c.Start_Date,
       c.End_Date
From   Ms_Qs_Lov_Org_Values_v c,
si_locales a,si_users_t b 
where  c.locale_id= a.locale_id
and a.locale_string = b.locale and b.user_name = :1 and (trim(LOV_Name)='MS_GRC_Exception_For')
and NVL(C.END_DATE,sysdate) >= sysdate and NVL(C.START_DATE,sysdate) <= sysdate 
order by c.display_order</code></pre></td>
													</tr>
													<tr>
														<th>Description</th>
														<td>This infolet extracts data from Ms_Qs_Lov_Org_Values_v, si_locales, si_users_t tables and is thereby used in MS_GRC_Exception_Report_Infolet infolet</td>
													</tr>
												</tbody>
											</table>
										</div>

										<h2 align="center" id="content">Analysis Report</h2>
										<hr>

<header class="major"><h2>Plan hash value: 381019296</h2></header><pre><code>
 
----------------------------------------------------------------------------------------------------------------------
| Id  | Operation                            | Name                          | Rows  | Bytes | Cost (%CPU)| Time     |
----------------------------------------------------------------------------------------------------------------------
|   0 | SELECT STATEMENT                     |                               |     3 |  7251 |    42   (3)| 00:00:01 |
|   1 |  SORT ORDER BY                       |                               |     3 |  7251 |    42   (3)| 00:00:01 |
|*  2 |   HASH JOIN                          |                               |     3 |  7251 |    41   (0)| 00:00:01 |
|   3 |    NESTED LOOPS OUTER                |                               |     1 |  2404 |    35   (0)| 00:00:01 |
|   4 |     NESTED LOOPS OUTER               |                               |     1 |  2379 |    34   (0)| 00:00:01 |
|   5 |      NESTED LOOPS                    |                               |     1 |  2372 |    33   (0)| 00:00:01 |
|*  6 |       HASH JOIN                      |                               |     1 |  2346 |    32   (0)| 00:00:01 |
|*  7 |        HASH JOIN                     |                               |     9 |   819 |    14   (0)| 00:00:01 |
|   8 |         NESTED LOOPS OUTER           |                               |     9 |   720 |    11   (0)| 00:00:01 |
|   9 |          NESTED LOOPS                |                               |     9 |   486 |    10   (0)| 00:00:01 |
|  10 |           TABLE ACCESS BY INDEX ROWID| SI_USERS_T                    |     1 |    19 |     1   (0)| 00:00:01 |
|* 11 |            INDEX UNIQUE SCAN         | USER_NAME_UK                  |     1 |       |     1   (0)| 00:00:01 |
<font style="background-color: lightblue; color: red">|* 12 |           TABLE ACCESS FULL          | MS_QS_LOV_NAMES               |     9 |   315 |     9   (0)| 00:00:01 |</font>
|* 13 |          INDEX RANGE SCAN            | MS_QS_LOV_NAMES_TL_IDX        |     1 |    26 |     1   (0)| 00:00:01 |
<font style="background-color: lightblue; color: red">|  14 |         TABLE ACCESS FULL            | SI_LOCALES                    |    35 |   385 |     3   (0)| 00:00:01 |</font>
|  15 |        VIEW                          |                               |  4233 |  9321K|    18   (0)| 00:00:01 |
<font style="background-color: lightblue; color: red">|  16 |         MERGE JOIN CARTESIAN         |                               |  4233 |   219K|    18   (0)| 00:00:01 |</font>
<font style="background-color: lightblue; color: red">|* 17 |          TABLE ACCESS FULL           | SI_LOCALES                    |     1 |     6 |     3   (0)| 00:00:01 |</font>
|  18 |          BUFFER SORT                 |                               |  4233 |   194K|    15   (0)| 00:00:01 |
<font style="background-color: lightblue; color: red">|* 19 |           TABLE ACCESS FULL          | MS_QS_LIST_OF_VALUES_T        |  4233 |   194K|    15   (0)| 00:00:01 |</font>
|  20 |       TABLE ACCESS BY INDEX ROWID    | SI_ORG_ENTITIES_T             |     1 |    26 |     1   (0)| 00:00:01 |
|* 21 |        INDEX RANGE SCAN              | SI_ORG_ENTITIES_N1            |     1 |       |     1   (0)| 00:00:01 |
|* 22 |      INDEX RANGE SCAN                | SI_ORG_ENTITIES_TL_IDX        |     1 |     7 |     1   (0)| 00:00:01 |
|  23 |     TABLE ACCESS BY INDEX ROWID      | MS_QS_LIST_OF_VALUES_TL       |     1 |    25 |     1   (0)| 00:00:01 |
|* 24 |      INDEX RANGE SCAN                | MS_QS_LIST_OF_VALUES_TL_IDX   |     1 |       |     1   (0)| 00:00:01 |
|  25 |    VIEW                              | SI_REGISTER_APPLICATION_V     |    66 |   858 |     6   (0)| 00:00:01 |
|  26 |     UNION-ALL                        |                               |       |       |            |          |
|  27 |      NESTED LOOPS OUTER              |                               |    65 |  2145 |     4   (0)| 00:00:01 |
<font style="background-color: lightblue; color: red">|  28 |       TABLE ACCESS FULL              | SI_REGISTER_APPLICATION       |    65 |   455 |     3   (0)| 00:00:01 |</font>
|* 29 |       INDEX RANGE SCAN               | SI_REGISTER_APPLICATION_TL_N1 |     1 |    26 |     1   (0)| 00:00:01 |
|  30 |      FAST DUAL                       |                               |     1 |       |     2   (0)| 00:00:01 |
----------------------------------------------------------------------------------------------------------------------
 
</code></pre><header class="major"><h2>Query Block Name / Object Alias (identified by operation id):</h2></header><pre><code>
 
   1 - SEL$4D23A876
  10 - SEL$4D23A876 / B@SEL$1
  11 - SEL$4D23A876 / B@SEL$1
  12 - SEL$4D23A876 / T@SEL$7
  13 - SEL$4D23A876 / TL@SEL$7
  14 - SEL$4D23A876 / A@SEL$1
  15 - SEL$7286615E / X@SEL$3
  16 - SEL$7286615E
  17 - SEL$7286615E / SI_LOCALES@SEL$5
  19 - SEL$7286615E / T@SEL$4
  20 - SEL$4D23A876 / T@SEL$16
  21 - SEL$4D23A876 / T@SEL$16
  22 - SEL$4D23A876 / TL@SEL$16
  23 - SEL$4D23A876 / TL@SEL$3
  24 - SEL$4D23A876 / TL@SEL$3
  25 - SET$1        / SRA@SEL$6
  26 - SET$1       
  27 - SEL$8       
  28 - SEL$8        / T@SEL$8
  29 - SEL$8        / TL@SEL$8
  30 - SEL$11       / DUAL@SEL$11
 
</code></pre><header class="major"><h2>Predicate Information (identified by operation id):</h2></header><pre><code>
 
   2 - access(NVL("PACKAGE_ID",0)=NVL("SRA"."PACKAGE_ID",0))
   6 - access("X"."LOCALE_ID"="A"."LOCALE_ID" AND "X"."LOV_ID"="T"."LOV_ID")
   7 - access("A"."LOCALE_STRING"="B"."LOCALE")
  11 - access("B"."USER_NAME"=:1)
  12 - filter(TRIM("T"."LOV_NAME")='MS_GRC_Exception_For')
  13 - access("T"."LOV_ID"="TL"."LOV_ID"(+) AND "TL"."LOCALE_ID"(+)=TO_NUMBER("SI_DB_LOCALE_SV"."GETVALUE"()))
  17 - filter("ENABLED_FLAG"='Y')
  19 - filter(NVL("T"."END_DATE",SYSDATE@!)>=SYSDATE@! AND NVL("T"."START_DATE",SYSDATE@!)<=SYSDATE@!)
  21 - access("T"."ENTERPRISE_ID"="X"."ENTERPRISE_ID" AND "T"."ORG_ENTITY_ID"="X"."ORG_ENTITY_ID")
  22 - access("T"."ORG_ENTITY_ID"="TL"."ORG_ENTITY_ID"(+) AND 
              "TL"."LOCALE_ID"(+)=TO_NUMBER("SI_DB_LOCALE_SV"."GETVALUE"()))
  24 - access("X"."LOV_VALUE_ID"="TL"."LOV_VALUE_ID"(+) AND "X"."LOCALE_ID"="TL"."LOCALE_ID"(+))
  29 - access("TL"."MODULE_ID"(+)="T"."MODULE_ID" AND "TL"."LOCALE_ID"(+)=TO_NUMBER("SI_DB_LOCALE_SV"."GETVALU
              E"()))
 
</code></pre><header class="major"><h2>Column Projection Information (identified by operation id):</h2></header><pre><code>
 
   1 - (#keys=1) "X"."DISPLAY_ORDER"[NUMBER,22], "X"."STORED_VALUE"[VARCHAR2,400], 
       NVL("TL"."DISPLAYED_VALUE","X"."DISPLAYED_VALUE")[4000], "T"."LOV_NAME"[VARCHAR2,400], 
       "X"."LOCALE_ID"[NUMBER,22], "X"."ENTERPRISE_ID"[NUMBER,22], "X"."LOV_ID"[NUMBER,22], 
       "X"."LOV_VALUE_ID"[NUMBER,22], "T"."ORG_ENTITY_ID"[NUMBER,22], "T"."ORG_ENTITY_NAME"[VARCHAR2,400], 
       "X"."START_DATE"[DATE,7], "X"."END_DATE"[DATE,7]
   2 - (#keys=1) "X"."LOCALE_ID"[NUMBER,22], "X"."LOV_ID"[NUMBER,22], "T"."LOV_NAME"[VARCHAR2,400], 
       "X"."LOV_VALUE_ID"[NUMBER,22], "X"."ENTERPRISE_ID"[NUMBER,22], "X"."STORED_VALUE"[VARCHAR2,400], 
       "X"."DISPLAYED_VALUE"[VARCHAR2,4000], "X"."DISPLAY_ORDER"[NUMBER,22], "X"."START_DATE"[DATE,7], 
       "X"."END_DATE"[DATE,7], "T"."ORG_ENTITY_ID"[NUMBER,22], "T"."ORG_ENTITY_NAME"[VARCHAR2,400], 
       "TL"."DISPLAYED_VALUE"[VARCHAR2,4000]
   3 - (#keys=0) "X"."LOCALE_ID"[NUMBER,22], "X"."LOV_ID"[NUMBER,22], "T"."LOV_NAME"[VARCHAR2,400], 
       "PACKAGE_ID"[NUMBER,22], "X"."LOV_VALUE_ID"[NUMBER,22], "X"."ENTERPRISE_ID"[NUMBER,22], 
       "X"."STORED_VALUE"[VARCHAR2,400], "X"."DISPLAYED_VALUE"[VARCHAR2,4000], "X"."DISPLAY_ORDER"[NUMBER,22], 
       "X"."START_DATE"[DATE,7], "X"."END_DATE"[DATE,7], "T"."ORG_ENTITY_ID"[NUMBER,22], 
       "T"."ORG_ENTITY_NAME"[VARCHAR2,400], "TL"."DISPLAYED_VALUE"[VARCHAR2,4000]
   4 - (#keys=0) "X"."LOCALE_ID"[NUMBER,22], "X"."LOV_ID"[NUMBER,22], "T"."LOV_NAME"[VARCHAR2,400], 
       "PACKAGE_ID"[NUMBER,22], "X"."LOV_VALUE_ID"[NUMBER,22], "X"."ENTERPRISE_ID"[NUMBER,22], 
       "X"."STORED_VALUE"[VARCHAR2,400], "X"."DISPLAYED_VALUE"[VARCHAR2,4000], "X"."DISPLAY_ORDER"[NUMBER,22], 
       "X"."START_DATE"[DATE,7], "X"."END_DATE"[DATE,7], "T"."ORG_ENTITY_ID"[NUMBER,22], 
       "T"."ORG_ENTITY_NAME"[VARCHAR2,400]
   5 - (#keys=0) "X"."LOCALE_ID"[NUMBER,22], "X"."LOV_ID"[NUMBER,22], "T"."LOV_NAME"[VARCHAR2,400], 
       "PACKAGE_ID"[NUMBER,22], "X"."LOV_VALUE_ID"[NUMBER,22], "X"."ENTERPRISE_ID"[NUMBER,22], 
       "X"."STORED_VALUE"[VARCHAR2,400], "X"."DISPLAYED_VALUE"[VARCHAR2,4000], "X"."DISPLAY_ORDER"[NUMBER,22], 
       "X"."START_DATE"[DATE,7], "X"."END_DATE"[DATE,7], "T"."ORG_ENTITY_ID"[NUMBER,22], 
       "T"."ORG_ENTITY_NAME"[VARCHAR2,400]
   6 - (#keys=2) "X"."LOCALE_ID"[NUMBER,22], "X"."LOV_ID"[NUMBER,22], "T"."LOV_NAME"[VARCHAR2,400], 
       "PACKAGE_ID"[NUMBER,22], "X"."LOV_VALUE_ID"[NUMBER,22], "X"."ENTERPRISE_ID"[NUMBER,22], 
       "X"."ORG_ENTITY_ID"[NUMBER,22], "X"."STORED_VALUE"[VARCHAR2,400], "X"."DISPLAYED_VALUE"[VARCHAR2,4000], 
       "X"."DISPLAY_ORDER"[NUMBER,22], "X"."START_DATE"[DATE,7], "X"."END_DATE"[DATE,7]
   7 - (#keys=1) "T"."LOV_NAME"[VARCHAR2,400], "T"."LOV_ID"[NUMBER,22], "PACKAGE_ID"[NUMBER,22], 
       "A"."LOCALE_ID"[NUMBER,22]
   8 - (#keys=0) "B"."LOCALE"[VARCHAR2,400], "T"."LOV_NAME"[VARCHAR2,400], "T"."LOV_ID"[NUMBER,22], 
       "PACKAGE_ID"[NUMBER,22]
   9 - (#keys=0) "B"."LOCALE"[VARCHAR2,400], "T"."LOV_NAME"[VARCHAR2,400], "T"."LOV_ID"[NUMBER,22], 
       "PACKAGE_ID"[NUMBER,22]
  10 - "B"."LOCALE"[VARCHAR2,400]
  11 - "B".ROWID[ROWID,10]
  12 - "T"."LOV_NAME"[VARCHAR2,400], "T"."LOV_ID"[NUMBER,22], "PACKAGE_ID"[NUMBER,22]
  14 - "A"."LOCALE_ID"[NUMBER,22], "A"."LOCALE_STRING"[VARCHAR2,400]
  15 - "X"."LOV_VALUE_ID"[NUMBER,22], "X"."LOV_ID"[NUMBER,22], "X"."ORG_ENTITY_ID"[NUMBER,22], 
       "X"."STORED_VALUE"[VARCHAR2,400], "X"."DISPLAYED_VALUE"[VARCHAR2,4000], "X"."LOCALE_ID"[NUMBER,22], 
       "X"."START_DATE"[DATE,7], "X"."END_DATE"[DATE,7], "X"."ENTERPRISE_ID"[NUMBER,22], 
       "X"."DISPLAY_ORDER"[NUMBER,22]
  16 - (#keys=0) "LOCALE_ID"[NUMBER,22], "T"."LOV_VALUE_ID"[NUMBER,22], "T"."LOV_ID"[NUMBER,22], 
       "T"."ORG_ENTITY_ID"[NUMBER,22], "T"."STORED_VALUE"[VARCHAR2,400], "T"."DISPLAYED_VALUE"[VARCHAR2,4000], 
       "T"."START_DATE"[DATE,7], "T"."END_DATE"[DATE,7], "T"."ENTERPRISE_ID"[NUMBER,22], 
       "T"."DISPLAY_ORDER"[NUMBER,22]
  17 - "LOCALE_ID"[NUMBER,22]
  18 - (#keys=0) "T"."LOV_VALUE_ID"[NUMBER,22], "T"."LOV_ID"[NUMBER,22], "T"."ORG_ENTITY_ID"[NUMBER,22], 
       "T"."STORED_VALUE"[VARCHAR2,400], "T"."DISPLAYED_VALUE"[VARCHAR2,4000], "T"."START_DATE"[DATE,7], 
       "T"."END_DATE"[DATE,7], "T"."ENTERPRISE_ID"[NUMBER,22], "T"."DISPLAY_ORDER"[NUMBER,22]
  19 - "T"."LOV_VALUE_ID"[NUMBER,22], "T"."LOV_ID"[NUMBER,22], "T"."ORG_ENTITY_ID"[NUMBER,22], 
       "T"."STORED_VALUE"[VARCHAR2,400], "T"."DISPLAYED_VALUE"[VARCHAR2,4000], "T"."START_DATE"[DATE,7], 
       "T"."END_DATE"[DATE,7], "T"."ENTERPRISE_ID"[NUMBER,22], "T"."DISPLAY_ORDER"[NUMBER,22]
  20 - "T"."ORG_ENTITY_ID"[NUMBER,22], "T"."ORG_ENTITY_NAME"[VARCHAR2,400]
  21 - "T".ROWID[ROWID,10], "T"."ORG_ENTITY_ID"[NUMBER,22]
  23 - "TL"."DISPLAYED_VALUE"[VARCHAR2,4000]
  24 - "TL".ROWID[ROWID,10]
  25 - "SRA"."PACKAGE_ID"[NUMBER,22]
  26 - STRDEF[22]
  27 - (#keys=0) "T"."MODULE_ID"[NUMBER,22]
  28 - "T"."MODULE_ID"[NUMBER,22]
										</code></pre>
								</section>
						</div>
					</div>

				<!-- Sidebar -->
				<div id="sidebar">
					<div class="inner">
						<!-- Menu -->
						<nav id="menu">
							<header class="major">
								<h2>Menu</h2>
							</header>
							<ul>
								<li><a href="../index.html">Module List</a></li>
								<li><a href="index.html">Summary</a></li>
								<li>
									<span class="opener">DB Analysis</span>
									<ul>
										<li><a href="bad-sql.html">Bad SQL</a></li>
										<li><a href="poor-sql.html">Poor SQL Plan</a></li>
										<li><a href="invalid-sql.html">Invalid SQL</a></li>
										<li><a href="full-sql.html">Full SQL Report</a></li>
										<li><a href="table-nil-key.html">Primary/Unique Key Miss</a></li>
										<li><a href="invalid-db-object.html">Invalid DB Objects</a></li>
										<li><a href="sequence-with-less-cache.html">Sequence</a></li>
										<li><a href="table-index-lob-size.html">Table Size</a></li>
									</ul>
								</li>
								<li>
								    <span class="opener">LOB</span>
								    <ul>
								        <li><a href="lob-no-cache.html">LOB - No Cache</a></li>
								        <li><a href="lob-columns.html">LOB - All Columns</a></li>
								    </ul>
								</li>
								<li>
									<span class="opener">Infolets</span>
									<ul>
										<li><a href="keep-history-infolets.html">Keep History Infolets</a></li>
										<li><a href="plsql-context-switch.html">SQL-PL/SQL Context Switch</a></li>
									</ul>
								</li>
								<li>
									<span class="opener">Pushforms</span>
									<ul>
										<li><a href="pushform-denormalize.html">Pushform Denormalized</a></li>
									</ul>
								</li>
								<li>
									<span class="opener">PL/SQL</span>
									<ul>
										<li><a href="plsql-dyn-qry-objs.html">Dynamic Query</a></li>
									</ul>
								</li>
							</ul>
						</nav>

						<!-- Section -->
						<section>
							<header class="major">
								<h2>Get in touch</h2>
							</header>
							<p>You need more details on the report or want more functionality, don't hesitate to reach out to us.</p>
							<ul class="contact">
								<li class="fa-envelope-o"><a href="mailto:apps-rnd-arch-team@metricstream.com?Subject=Reg - Code Analysis Tool" target="_top">apps-rnd-arch-team@metricstream.com</a></li>
							</ul>
						</section>

						<!-- Footer -->
						<footer id="footer">
							<p class="copyright">&copy; <a href="http://www.metricstream.com" target="_blank">MetricStream</a>. All rights reserved. </p>
						</footer>
					</div>
				</div>
			</div>

		<!-- Scripts -->
			<script src="../../lib/assets/js/jquery.min.js"></script>
			<script src="../../lib/assets/js/skel.min.js"></script>
			<script src="../../lib/assets/js/util.js"></script>
			<!--[if lte IE 8]><script src="../../lib/assets/js/ie/respond.min.js"></script><![endif]-->
			<script src="../../lib/assets/js/main.js"></script>
	</body>
</html>