<!DOCTYPE HTML>
<html>
	<head>
		<title>Code Analysis - MetricStream</title>
		<meta charset="utf-8" />
		<meta name="viewport" content="width=device-width, initial-scale=1, user-scalable=no" />
		<!--[if lte IE 8]><script src="../../lib/assets/js/ie/html5shiv.js"></script><![endif]-->
		<link rel="stylesheet" href="../../lib/assets/css/main.css" />
		<!--[if lte IE 9]><link rel="stylesheet" href="../../lib/assets/css/ie9.css" /><![endif]-->
		<!--[if lte IE 8]><link rel="stylesheet" href="../../lib/assets/css/ie8.css" /><![endif]-->
	</head>
	<body>

		<!-- Wrapper -->
			<div id="wrapper">

				<!-- Main -->
					<div id="main">
						<div class="inner">
							<!-- Header -->
								<header id="header">
									<a href="index.html" class="logo"><strong>Static Code Analysis Report</strong> by Code Analyzer Tool</a>
								</header>

							<!-- Content -->
								<section>
									<!-- Content -->
										<header class="major"><h2>Infolet Details</h2></header>
										<div class="table-wrapper">
											<table>
												<tbody>
													<tr>
														<th>Name</th>
														<td>MS_GRC_AOC_Entp_List_Rpt_Inf (100756)</td>
													</tr>
													<tr>
														<th>SQL</th>
														<td><pre><code>SELECT
V.object_id as Area_of_Compliance_ID,
V.OBJECT_NAME as Area_of_Compliance_Name,
v.OBJECT_TYPE as OBJECT_TYPE,
v.object_status as Status,
v.aoc_type as aoc_type,
V.created_on as created_on,
v.created_by as created_by,
v.updated_on as modified_on,
v.updated_by as modification_requested_by,
v.valid_from as valid_from,
v.valid_until as valid_until ,
v.description as description,
v.owner_org_names as Owner_Organizations,
v.owner_name as owners,
v.level_1_approver as Level_1_Approver,
v.level_2_approver as Level_2_Approver,
V.REL_DATA_LINK as Applies_to_Organizations,
V.REL_DATA_LINK as Controls,
V.REL_DATA_LINK as Framework_Reference,
V.REL_DATA_LINK as Functions,
V.REL_DATA_LINK as Products,
V.REL_DATA_LINK as References,
V.REL_DATA_LINK as Regulatory_Bodies,
V.REL_DATA_LINK as Requirements,
V.REL_DATA_LINK as Risks,
V.REL_DATA_LINK as Standards,
v.attachments as Attached_Files
,
(ms_grc_utilities.fn_get_report_json((select metric_id from si_metrics_t where metric_name='MS_GRC_AREA_OF_COMPLIANCE'),V.dd_process_instance_id,(select dd_instance_id from ms_grc_area_of_complia where object_id=V.object_id),
'''flag=1'||CHR(38)||'emd=1'||CHR(38)||'x_edit_mode=Yes'||CHR (38)|| 'wrapper= No'|| CHR (38)|| 'mode=view''')) as REPORT_JSON
FROM MS_GRC_AOC_ENTP_RV V
WHERE nvl(is_orphan, 1)=nvl(:5,nvl(is_orphan,1)) AND v.LOCALE = (SELECT LOCALE FROM si_users_t where USER_NAME = :29)
AND EXISTS (SELECT COLUMN_VALUE	FROM TABLE( CAST(ms_grc_rep_browser_fil_denorm.fn_AOC_report_filters(MS_GRC_ARRAY_TYPE(:1,:2,:3,:4,:6, to_char(:7,'YYYY-MM-DD'),TO_CHAR(:8,'YYYY-MM-DD'),:9,:10,TO_CHAR(:11,'YYYY-MM-DD'),TO_CHAR(:12,'YYYY-MM-DD'),TO_CHAR(:13,'YYYY-MM-DD'),TO_CHAR(:14,'YYYY-MM-DD'),
 :15,:16,:17,:18,:19,NULL,NULL,NULL,NULL,:20,NULL,
:21,:22,NULL,NULL,NULL,NULL,:23,:24, :25,:26, :27,:28,'MS_GRC_AREA_OF_COMPLIANCE',:29))AS ms_varchar2_array) ) 
 WHERE COLUMN_VALUE = v.OBJECT_ID)</code></pre></td>
													</tr>
													<tr>
														<th>Description</th>
														<td>This infolet is used for fetching the Library data for Area of Compliance enterprise report. It consists of the parameters specific to Area of compliance object and also the related library object parmaters. It does not contain any mandatory parameter.</td>
													</tr>
												</tbody>
											</table>
										</div>

										<h2 align="center" id="content">Analysis Report</h2>
										<hr>

<header class="major"><h2>Plan hash value: 473888161</h2></header><pre><code>
 
-----------------------------------------------------------------------------------------------------------------------
| Id  | Operation                               | Name                        | Rows  | Bytes | Cost (%CPU)| Time     |
-----------------------------------------------------------------------------------------------------------------------
|   0 | SELECT STATEMENT                        |                             |     1 | 18795 |    52   (0)| 00:00:01 |
|   1 |  TABLE ACCESS BY INDEX ROWID            | SI_USERS_T                  |     1 |    28 |     1   (0)| 00:00:01 |
|*  2 |   INDEX UNIQUE SCAN                     | USER_NAME_UK                |     1 |       |     1   (0)| 00:00:01 |
|   3 |  TABLE ACCESS BY INDEX ROWID            | SI_USERS_T                  |     1 |    28 |     1   (0)| 00:00:01 |
|*  4 |   INDEX UNIQUE SCAN                     | USER_NAME_UK                |     1 |       |     1   (0)| 00:00:01 |
|   5 |  TABLE ACCESS BY INDEX ROWID            | SI_USERS_T                  |     1 |    28 |     1   (0)| 00:00:01 |
|*  6 |   INDEX UNIQUE SCAN                     | USER_NAME_UK                |     1 |       |     1   (0)| 00:00:01 |
|   7 |  TABLE ACCESS BY INDEX ROWID            | SI_USERS_T                  |     1 |    28 |     1   (0)| 00:00:01 |
|*  8 |   INDEX UNIQUE SCAN                     | USER_NAME_UK                |     1 |       |     1   (0)| 00:00:01 |
|   9 |  TABLE ACCESS BY INDEX ROWID            | SI_METRICS_T                |     1 |    34 |     1   (0)| 00:00:01 |
|* 10 |   INDEX RANGE SCAN                      | SI_METRICS_T_N7             |     1 |       |     1   (0)| 00:00:01 |
|  11 |   TABLE ACCESS BY INDEX ROWID           | MS_GRC_AREA_OF_COMPLIA      |     1 |    18 |     1   (0)| 00:00:01 |
|* 12 |    INDEX UNIQUE SCAN                    | MS_GRC_AREA_OF_COMPLIA_PK   |     1 |       |     1   (0)| 00:00:01 |
|* 13 |  HASH JOIN                              |                             |     1 | 18795 |    52   (0)| 00:00:01 |
|  14 |   VIEW                                  | VW_SQ_1                     |     1 |   202 |     1   (0)| 00:00:01 |
|  15 |    TABLE ACCESS BY INDEX ROWID          | SI_USERS_T                  |     1 |    19 |     1   (0)| 00:00:01 |
|* 16 |     INDEX UNIQUE SCAN                   | USER_NAME_UK                |     1 |       |     1   (0)| 00:00:01 |
|  17 |   NESTED LOOPS                          |                             |     1 | 18593 |    51   (0)| 00:00:01 |
|  18 |    NESTED LOOPS                         |                             |     1 | 14172 |    50   (0)| 00:00:01 |
<font style="background-color: lightblue; color: red">|  19 |     MERGE JOIN CARTESIAN                |                             |  8168 |    16M|    49   (0)| 00:00:01 |</font>
|  20 |      NESTED LOOPS OUTER                 |                             |     1 |  2071 |    20   (0)| 00:00:01 |
|* 21 |       HASH JOIN                         |                             |     1 |  2046 |    19   (0)| 00:00:01 |
|  22 |        TABLE ACCESS BY INDEX ROWID      | MS_QS_LOV_NAMES             |     1 |    30 |     1   (0)| 00:00:01 |
|* 23 |         INDEX RANGE SCAN                | MS_QS_LOV_NAMES_N1          |     1 |       |     1   (0)| 00:00:01 |
|  24 |        VIEW                             |                             |     2 |  4032 |    18   (0)| 00:00:01 |
<font style="background-color: lightblue; color: red">|  25 |         MERGE JOIN CARTESIAN            |                             |     2 |    74 |    18   (0)| 00:00:01 |</font>
<font style="background-color: lightblue; color: red">|* 26 |          TABLE ACCESS FULL              | SI_LOCALES                  |     1 |     6 |     3   (0)| 00:00:01 |</font>
|  27 |          BUFFER SORT                    |                             |     2 |    62 |    15   (0)| 00:00:01 |
<font style="background-color: lightblue; color: red">|* 28 |           TABLE ACCESS FULL             | MS_QS_LIST_OF_VALUES_T      |     2 |    62 |    15   (0)| 00:00:01 |</font>
|  29 |       TABLE ACCESS BY INDEX ROWID       | MS_QS_LIST_OF_VALUES_TL     |     1 |    25 |     1   (0)| 00:00:01 |
|* 30 |        INDEX RANGE SCAN                 | MS_QS_LIST_OF_VALUES_TL_IDX |     1 |       |     1   (0)| 00:00:01 |
|  31 |      BUFFER SORT                        |                             |  8168 | 16336 |    48   (0)| 00:00:01 |
|  32 |       SORT UNIQUE                       |                             |  8168 | 16336 |    29   (0)| 00:00:01 |
<font style="background-color: lightblue; color: red">|  33 |        COLLECTION ITERATOR PICKLER FETCH| FN_AOC_REPORT_FILTERS       |  8168 | 16336 |    29   (0)| 00:00:01 |</font>
|* 34 |     TABLE ACCESS BY INDEX ROWID         | MS_GRC_AOC_SUMMARY          |     1 | 12099 |     1   (0)| 00:00:01 |
|* 35 |      INDEX UNIQUE SCAN                  | MS_GRC_AOC_SUMM_IDX1        |     1 |       |     1   (0)| 00:00:01 |
|  36 |    TABLE ACCESS BY INDEX ROWID          | MS_GRC_AOC_MLS_SUMMARY      |     1 |  4421 |     1   (0)| 00:00:01 |
|* 37 |     INDEX RANGE SCAN                    | MS_GRC_AOC_MLS_SUMM_IDX1    |     1 |       |     1   (0)| 00:00:01 |
-----------------------------------------------------------------------------------------------------------------------
 
</code></pre><header class="major"><h2>Query Block Name / Object Alias (identified by operation id):</h2></header><pre><code>
 
   1 - SEL$8        / USR@SEL$8
   2 - SEL$8        / USR@SEL$8
   3 - SEL$7        / USR@SEL$7
   4 - SEL$7        / USR@SEL$7
   5 - SEL$5        / USR@SEL$5
   6 - SEL$5        / USR@SEL$5
   7 - SEL$6        / USR@SEL$6
   8 - SEL$6        / USR@SEL$6
   9 - SEL$2        / SI_METRICS_T@SEL$2
  10 - SEL$2        / SI_METRICS_T@SEL$2
  11 - SEL$3        / MS_GRC_AREA_OF_COMPLIA@SEL$3
  12 - SEL$3        / MS_GRC_AREA_OF_COMPLIA@SEL$3
  13 - SEL$48207252
  14 - SEL$32487103 / VW_SQ_1@SEL$4BBC00B6
  15 - SEL$32487103 / SI_USERS_T@SEL$12
  16 - SEL$32487103 / SI_USERS_T@SEL$12
  22 - SEL$48207252 / LOVNAME@SEL$4
  23 - SEL$48207252 / LOVNAME@SEL$4
  24 - SEL$285A8194 / X@SEL$9
  25 - SEL$285A8194
  26 - SEL$285A8194 / SI_LOCALES@SEL$11
  28 - SEL$285A8194 / T@SEL$10
  29 - SEL$48207252 / TL@SEL$9
  30 - SEL$48207252 / TL@SEL$9
  33 - SEL$48207252 / KOKBF$0@SEL$14
  34 - SEL$48207252 / AOCSUMM@SEL$4
  35 - SEL$48207252 / AOCSUMM@SEL$4
  36 - SEL$48207252 / AOCMLSSUMM@SEL$4
  37 - SEL$48207252 / AOCMLSSUMM@SEL$4
 
</code></pre><header class="major"><h2>Predicate Information (identified by operation id):</h2></header><pre><code>
 
   2 - access("USR"."USER_NAME"=:B1)
   4 - access("USR"."USER_NAME"=:B1)
   6 - access("USR"."USER_NAME"=:B1)
   8 - access("USR"."USER_NAME"=:B1)
  10 - access("METRIC_NAME"='MS_GRC_AREA_OF_COMPLIANCE')
  12 - access("OBJECT_ID"=:B1)
  13 - access("AOCMLSSUMM"."LOCALE"="LOCALE")
  16 - access("USER_NAME"=:29)
  21 - access("X"."LOV_ID"="LOVNAME"."LOV_ID")
  23 - access("LOVNAME"."LOV_NAME"='MS_GRC_LABLES')
  26 - filter("ENABLED_FLAG"='Y')
  28 - filter("T"."STORED_VALUE"='CLICK_HERE' AND "T"."ORG_ENTITY_ID"=1)
  30 - access("X"."LOV_VALUE_ID"="TL"."LOV_VALUE_ID"(+) AND "X"."LOCALE_ID"="TL"."LOCALE_ID"(+))
  34 - filter(NVL("IS_ORPHAN",1)=NVL(:5,NVL("IS_ORPHAN",1)))
  35 - access("AOCSUMM"."OBJECT_ID"=VALUE(KOKBF$))
  37 - access("AOCSUMM"."OBJ_AOC_SUMM_WID"="AOCMLSSUMM"."OBJ_AOC_SUMM_WID")
       filter("X"."LOCALE_ID"=TO_NUMBER("AOCMLSSUMM"."LOCALE_ID"))
 
</code></pre><header class="major"><h2>Column Projection Information (identified by operation id):</h2></header><pre><code>
 
   1 - "USR".ROWID[ROWID,10], "USR"."LAST_NAME"[VARCHAR2,400], "USR"."FIRST_NAME"[VARCHAR2,400]
   2 - "USR".ROWID[ROWID,10]
   3 - "USR".ROWID[ROWID,10], "USR"."LAST_NAME"[VARCHAR2,400], "USR"."FIRST_NAME"[VARCHAR2,400]
   4 - "USR".ROWID[ROWID,10]
   5 - "USR".ROWID[ROWID,10], "USR"."LAST_NAME"[VARCHAR2,400], "USR"."FIRST_NAME"[VARCHAR2,400]
   6 - "USR".ROWID[ROWID,10]
   7 - "USR".ROWID[ROWID,10], "USR"."LAST_NAME"[VARCHAR2,400], "USR"."FIRST_NAME"[VARCHAR2,400]
   8 - "USR".ROWID[ROWID,10]
   9 - "SI_METRICS_T".ROWID[ROWID,10], "METRIC_ID"[NUMBER,22]
  10 - "SI_METRICS_T".ROWID[ROWID,10]
  11 - "MS_GRC_AREA_OF_COMPLIA".ROWID[ROWID,10], "DD_INSTANCE_ID"[NUMBER,22]
  12 - "MS_GRC_AREA_OF_COMPLIA".ROWID[ROWID,10]
  13 - (#keys=1) "X"."DISPLAYED_VALUE"[VARCHAR2,4000], "TL"."DISPLAYED_VALUE"[VARCHAR2,4000], 
       "AOCSUMM"."OBJECT_ID"[VARCHAR2,400], "AOCSUMM"."OBJECT_NAME"[VARCHAR2,4000], 
       "AOCSUMM"."DESCRIPTION"[LOB,4000], "AOCSUMM"."VALID_UNTIL"[DATE,7], "AOCSUMM"."VALID_FROM"[DATE,7], 
       "AOCSUMM"."DD_PROCESS_INSTANCE_ID"[NUMBER,22], "OWNER_NAME"[LOB,4000], "OWNER_ORG_NAMES"[LOB,4000], 
       "AOCSUMM"."LEVEL_1_APPROVER"[VARCHAR2,1000], "AOCSUMM"."LEVEL_2_APPROVER"[VARCHAR2,1000], 
       "ATTACHMENTS"[LOB,4000], "AOCSUMM"."UPDATED_BY"[VARCHAR2,804], "UPDATED_ON"[DATE,7], 
       "AOCSUMM"."CREATED_BY"[VARCHAR2,804], "CREATED_ON"[DATE,7], "AOCMLSSUMM"."OBJECT_STATUS"[VARCHAR2,4000], 
       "AOCMLSSUMM"."AOC_TYPE"[LOB,4000]
  14 - "LOCALE"[VARCHAR2,400]
  15 - "LOCALE"[VARCHAR2,400]
  16 - "SI_USERS_T".ROWID[ROWID,10]
  17 - (#keys=0) "X"."DISPLAYED_VALUE"[VARCHAR2,4000], "TL"."DISPLAYED_VALUE"[VARCHAR2,4000], 
       "AOCSUMM"."OBJECT_ID"[VARCHAR2,400], "AOCSUMM"."OBJECT_NAME"[VARCHAR2,4000], 
       "AOCSUMM"."DESCRIPTION"[LOB,4000], "AOCSUMM"."VALID_UNTIL"[DATE,7], "AOCSUMM"."VALID_FROM"[DATE,7], 
       "AOCSUMM"."DD_PROCESS_INSTANCE_ID"[NUMBER,22], "OWNER_NAME"[LOB,4000], "OWNER_ORG_NAMES"[LOB,4000], 
       "AOCSUMM"."LEVEL_1_APPROVER"[VARCHAR2,1000], "AOCSUMM"."LEVEL_2_APPROVER"[VARCHAR2,1000], 
       "ATTACHMENTS"[LOB,4000], "AOCSUMM"."UPDATED_BY"[VARCHAR2,804], "UPDATED_ON"[DATE,7], 
       "AOCSUMM"."CREATED_BY"[VARCHAR2,804], "CREATED_ON"[DATE,7], "AOCMLSSUMM"."LOCALE"[VARCHAR2,400], 
       "AOCMLSSUMM"."AOC_TYPE"[LOB,4000], "AOCMLSSUMM"."OBJECT_STATUS"[VARCHAR2,4000]
  18 - (#keys=0) "X"."LOCALE_ID"[NUMBER,22], "X"."DISPLAYED_VALUE"[VARCHAR2,4000], 
       "TL"."DISPLAYED_VALUE"[VARCHAR2,4000], "AOCSUMM"."OBJ_AOC_SUMM_WID"[NUMBER,22], 
       "AOCSUMM"."OBJECT_ID"[VARCHAR2,400], "AOCSUMM"."OBJECT_NAME"[VARCHAR2,4000], 
       "AOCSUMM"."DESCRIPTION"[LOB,4000], "AOCSUMM"."VALID_UNTIL"[DATE,7], "AOCSUMM"."VALID_FROM"[DATE,7], 
       "AOCSUMM"."DD_PROCESS_INSTANCE_ID"[NUMBER,22], "OWNER_NAME"[LOB,4000], "OWNER_ORG_NAMES"[LOB,4000], 
       "AOCSUMM"."LEVEL_1_APPROVER"[VARCHAR2,1000], "AOCSUMM"."LEVEL_2_APPROVER"[VARCHAR2,1000], 
       "ATTACHMENTS"[LOB,4000], "AOCSUMM"."UPDATED_BY"[VARCHAR2,804], "UPDATED_ON"[DATE,7], 
       "AOCSUMM"."CREATED_BY"[VARCHAR2,804], "CREATED_ON"[DATE,7]
  19 - (#keys=0) "X"."LOCALE_ID"[NUMBER,22], "X"."DISPLAYED_VALUE"[VARCHAR2,4000], 
       "TL"."DISPLAYED_VALUE"[VARCHAR2,4000], VALUE(KOKBF$)[8000]
  20 - (#keys=0) "X"."LOCALE_ID"[NUMBER,22], "X"."DISPLAYED_VALUE"[VARCHAR2,4000], 
       "TL"."DISPLAYED_VALUE"[VARCHAR2,4000]
  21 - (#keys=1) "X"."LOV_VALUE_ID"[NUMBER,22], "X"."LOCALE_ID"[NUMBER,22], 
       "X"."DISPLAYED_VALUE"[VARCHAR2,4000]
  22 - "LOVNAME"."LOV_ID"[NUMBER,22]
  23 - "LOVNAME".ROWID[ROWID,10]
  24 - "X"."LOV_VALUE_ID"[NUMBER,22], "X"."LOV_ID"[NUMBER,22], "X"."DISPLAYED_VALUE"[VARCHAR2,4000], 
       "X"."LOCALE_ID"[NUMBER,22]
  25 - (#keys=0) "LOCALE_ID"[NUMBER,22], "T"."LOV_VALUE_ID"[NUMBER,22], "T"."LOV_ID"[NUMBER,22], 
       "T"."DISPLAYED_VALUE"[VARCHAR2,4000]
  26 - "LOCALE_ID"[NUMBER,22]
  27 - (#keys=0) "T"."LOV_VALUE_ID"[NUMBER,22], "T"."LOV_ID"[NUMBER,22], "T"."DISPLAYED_VALUE"[VARCHAR2,4000]
  28 - "T"."LOV_VALUE_ID"[NUMBER,22], "T"."LOV_ID"[NUMBER,22], "T"."DISPLAYED_VALUE"[VARCHAR2,4000]
  29 - "TL"."DISPLAYED_VALUE"[VARCHAR2,4000]
  30 - "TL".ROWID[ROWID,10]
  31 - (#keys=0) VALUE(KOKBF$)[8000]
  32 - (#keys=1) VALUE(KOKBF$)[8000]
  33 - VALUE(A0)[8000]
  34 - "AOCSUMM"."OBJ_AOC_SUMM_WID"[NUMBER,22], "AOCSUMM"."OBJECT_ID"[VARCHAR2,400], 
       "AOCSUMM"."OBJECT_NAME"[VARCHAR2,4000], "AOCSUMM"."DESCRIPTION"[LOB,4000], "AOCSUMM"."VALID_UNTIL"[DATE,7], 
       "AOCSUMM"."VALID_FROM"[DATE,7], "AOCSUMM"."DD_PROCESS_INSTANCE_ID"[NUMBER,22], "OWNER_NAME"[LOB,4000], 
       "OWNER_ORG_NAMES"[LOB,4000], "AOCSUMM"."LEVEL_1_APPROVER"[VARCHAR2,1000], 
       "AOCSUMM"."LEVEL_2_APPROVER"[VARCHAR2,1000], "ATTACHMENTS"[LOB,4000], "AOCSUMM"."UPDATED_BY"[VARCHAR2,804], 
       "UPDATED_ON"[DATE,7], "AOCSUMM"."CREATED_BY"[VARCHAR2,804], "CREATED_ON"[DATE,7]
  35 - "AOCSUMM".ROWID[ROWID,10], "AOCSUMM"."OBJECT_ID"[VARCHAR2,400]
  36 - "AOCMLSSUMM"."LOCALE"[VARCHAR2,400], "AOCMLSSUMM"."AOC_TYPE"[LOB,4000], 
       "AOCMLSSUMM"."OBJECT_STATUS"[VARCHAR2,4000]
  37 - "AOCMLSSUMM".ROWID[ROWID,10]
										</code></pre>
								</section>
						</div>
					</div>

				<!-- Sidebar -->
				<div id="sidebar">
					<div class="inner">
						<!-- Menu -->
						<nav id="menu">
							<header class="major">
								<h2>Menu</h2>
							</header>
							<ul>
								<li><a href="../index.html">Module List</a></li>
								<li><a href="index.html">Summary</a></li>
								<li>
									<span class="opener">DB Analysis</span>
									<ul>
										<li><a href="bad-sql.html">Bad SQL</a></li>
										<li><a href="poor-sql.html">Poor SQL Plan</a></li>
										<li><a href="invalid-sql.html">Invalid SQL</a></li>
										<li><a href="full-sql.html">Full SQL Report</a></li>
										<li><a href="table-nil-key.html">Primary/Unique Key Miss</a></li>
										<li><a href="invalid-db-object.html">Invalid DB Objects</a></li>
										<li><a href="sequence-with-less-cache.html">Sequence</a></li>
										<li><a href="table-index-lob-size.html">Table Size</a></li>
									</ul>
								</li>
								<li>
								    <span class="opener">LOB</span>
								    <ul>
								        <li><a href="lob-no-cache.html">LOB - No Cache</a></li>
								        <li><a href="lob-columns.html">LOB - All Columns</a></li>
								    </ul>
								</li>
								<li>
									<span class="opener">Infolets</span>
									<ul>
										<li><a href="keep-history-infolets.html">Keep History Infolets</a></li>
										<li><a href="plsql-context-switch.html">SQL-PL/SQL Context Switch</a></li>
									</ul>
								</li>
								<li>
									<span class="opener">Pushforms</span>
									<ul>
										<li><a href="pushform-denormalize.html">Pushform Denormalized</a></li>
									</ul>
								</li>
								<li>
									<span class="opener">PL/SQL</span>
									<ul>
										<li><a href="plsql-dyn-qry-objs.html">Dynamic Query</a></li>
									</ul>
								</li>
							</ul>
						</nav>

						<!-- Section -->
						<section>
							<header class="major">
								<h2>Get in touch</h2>
							</header>
							<p>You need more details on the report or want more functionality, don't hesitate to reach out to us.</p>
							<ul class="contact">
								<li class="fa-envelope-o"><a href="mailto:apps-rnd-arch-team@metricstream.com?Subject=Reg - Code Analysis Tool" target="_top">apps-rnd-arch-team@metricstream.com</a></li>
							</ul>
						</section>

						<!-- Footer -->
						<footer id="footer">
							<p class="copyright">&copy; <a href="http://www.metricstream.com" target="_blank">MetricStream</a>. All rights reserved. </p>
						</footer>
					</div>
				</div>
			</div>

		<!-- Scripts -->
			<script src="../../lib/assets/js/jquery.min.js"></script>
			<script src="../../lib/assets/js/skel.min.js"></script>
			<script src="../../lib/assets/js/util.js"></script>
			<!--[if lte IE 8]><script src="../../lib/assets/js/ie/respond.min.js"></script><![endif]-->
			<script src="../../lib/assets/js/main.js"></script>
	</body>
</html>