<!DOCTYPE HTML>
<html>
	<head>
		<title>Code Analysis - MetricStream</title>
		<meta charset="utf-8" />
		<meta name="viewport" content="width=device-width, initial-scale=1, user-scalable=no" />
		<!--[if lte IE 8]><script src="../../lib/assets/js/ie/html5shiv.js"></script><![endif]-->
		<link rel="stylesheet" href="../../lib/assets/css/main.css" />
		<!--[if lte IE 9]><link rel="stylesheet" href="../../lib/assets/css/ie9.css" /><![endif]-->
		<!--[if lte IE 8]><link rel="stylesheet" href="../../lib/assets/css/ie8.css" /><![endif]-->
	</head>
	<body>

		<!-- Wrapper -->
			<div id="wrapper">

				<!-- Main -->
					<div id="main">
						<div class="inner">
							<!-- Header -->
								<header id="header">
									<a href="index.html" class="logo"><strong>Static Code Analysis Report</strong> by Code Analyzer Tool</a>
								</header>

							<!-- Content -->
								<section>
									<!-- Content -->
										<header class="major"><h2>Infolet Details</h2></header>
										<div class="table-wrapper">
											<table>
												<tbody>
													<tr>
														<td><b>Name</b></td>
														<td>MS_GRC_OBJC_Entp_List_Rpt_Inf (103150)</td>
													</tr>
													<tr>
														<td><b>SQL</b></td>
														<td><pre><code>SELECT OBJECT_ID  AS Objective_id,
  OBJECT_NAME     AS Objective_name,
  object_type,
  OBJECT_NAME AS Objective_name_Url,
  Objective_Type,
  key_objective,
  Coso_Type,
  OBJECT_LEVEL,
  OBJECT_PARENT,
  OBJECT_STATUS,
  CREATED_date,
  CREATED_BY,
  UPDATED_date,
  UPDATED_BY,
  VALID_FROM,
  VALID_UNTIL,
  Description,
  OWNER_ORG_NAMES,
  OWNER_NAME,
  LEVEL_1_APPROVER,
  LEVEL_2_APPROVER,
  REL_DATA_LINK as REL_ORGANIZATION_NAMES,
  REL_DATA_LINK as REL_AOC_OBJ_NAME_AGG,
  REL_DATA_LINK as REL_ASSET_OBJ_NAME_AGG,
  REL_DATA_LINK as REL_ASSET_CLASS_OBJ_NAME_AGG,
  REL_DATA_LINK as REL_CTRL_OBJ_NAME_AGG,
  REL_DATA_LINK as REL_FIN_ACT_OBJ_NAME_AGG,
  REL_DATA_LINK as REL_FUNCTION_OBJ_NAME_AGG,
  REL_DATA_LINK as REL_OBJECTIVE_OBJ_NAME_AGG,
  REL_DATA_LINK as REL_PROCESS_OBJ_NAME_AGG,
  REL_DATA_LINK as REL_PRODUCT_NAME_AGG,
  REL_DATA_LINK as REL_REFRENCES_OBJ_NAME_AGG,
  REL_DATA_LINK as REL_REQUIREMENT_OBJ_NAME_AGG,
  REL_DATA_LINK as REL_RISK_OBJ_NAME_AGG,
  (MS_GRC_UTILITIES.FN_GET_REPORT_JSON((SELECT METRIC_ID FROM SI_METRICS_T WHERE METRIC_NAME='MS_GRC_OBJECTIVES'),rv.DD_PROCESS_INSTANCE_ID,(SELECT DD_INSTANCE_ID FROM MS_GRC_OBJECTIVES WHERE OBJECT_ID=rv.OBJECT_ID),
'''flag=1'||CHR(38)||'emd=1'||CHR(38)||'x_edit_mode=Yes'||CHR (38)|| 'wrapper= No'|| CHR (38)|| 'mode=view''')) as REPORT_JSON
FROM MS_GRC_OBJC_ENTP_RV rv
WHERE LOCALE =
  (SELECT LOCALE FROM si_users_t WHERE USER_NAME = :36
  )
AND NVL(is_orphan, 1)=NVL(:6,NVL(is_orphan,1))
AND EXISTS
    (Select column_value
    FROM TABLE(CAST(ms_grc_rep_browser_fil_denorm.fn_obj_report_filter(ms_grc_array_type(:1,:2,:3,:4,:5, :7,:8,to_char(:9,'YYYY-MM-DD'),TO_CHAR(:10,'YYYY-MM-DD'),:11,:12,:13,:14,TO_CHAR(:15,'YYYY-MM-DD'),TO_CHAR(:16,'YYYY-MM-DD'), TO_CHAR(:17,'YYYY-MM-DD'),TO_CHAR(:18,'YYYY-MM-DD'),:19,:20,:21,:22, :23,:24,:25,:26,NULL,:27,:28,NULL,:29,NULL,:30,NULL,:31,:32,NULL,:33,:34, :35,NULL,'MS_GRC_OBJECTIVES',:36)) as ms_varchar2_array))
  WHERE column_value = OBJECT_ID) order by UPPER_OBJECT_NAME</code></pre></td>
													</tr>
													<tr>
														<td><b>Description</b></td>
														<td>MS_GRC_OBJC_Entp_List_Rpt_Inf</td>
													</tr>
												</tbody>
											</table>
										</div>

										<h2 align="center" id="content">Analysis Report</h2>
										<hr>

<header class="major"><h2>Plan hash value: 963415070</h2></header><pre><code>
 
--------------------------------------------------------------------------------------------------------------------
| Id  | Operation                           | Name                         | Rows  | Bytes | Cost (%CPU)| Time     |
--------------------------------------------------------------------------------------------------------------------
|   0 | SELECT STATEMENT                    |                              |     1 |  5478 |    60   (2)| 00:00:01 |
|   1 |  TABLE ACCESS BY INDEX ROWID        | MS_GRC_OBJECTIVES            |     1 |    81 |     1   (0)| 00:00:01 |
|*  2 |   INDEX UNIQUE SCAN                 | MS_GRC_OBJECTIVES_PK         |     1 |       |     1   (0)| 00:00:01 |
|   3 |  TABLE ACCESS BY INDEX ROWID        | SI_USERS_T                   |     1 |    28 |     1   (0)| 00:00:01 |
|*  4 |   INDEX RANGE SCAN                  | SI_USERS_T_N3                |     1 |       |     1   (0)| 00:00:01 |
|   5 |  TABLE ACCESS BY INDEX ROWID        | SI_USERS_T                   |     1 |    28 |     1   (0)| 00:00:01 |
|*  6 |   INDEX RANGE SCAN                  | SI_USERS_T_N3                |     1 |       |     1   (0)| 00:00:01 |
|   7 |  TABLE ACCESS BY INDEX ROWID        | SI_USERS_T                   |     1 |    28 |     1   (0)| 00:00:01 |
|*  8 |   INDEX RANGE SCAN                  | SI_USERS_T_N3                |     1 |       |     1   (0)| 00:00:01 |
|   9 |  TABLE ACCESS BY INDEX ROWID        | SI_USERS_T                   |     1 |    28 |     1   (0)| 00:00:01 |
|* 10 |   INDEX RANGE SCAN                  | SI_USERS_T_N3                |     1 |       |     1   (0)| 00:00:01 |
|  11 |  TABLE ACCESS BY INDEX ROWID        | SI_METRICS_T                 |     1 |    34 |     1   (0)| 00:00:01 |
|* 12 |   INDEX RANGE SCAN                  | SI_METRICS_T_N7              |     1 |       |     1   (0)| 00:00:01 |
|  13 |   TABLE ACCESS BY INDEX ROWID       | MS_GRC_OBJECTIVES            |     1 |    20 |     1   (0)| 00:00:01 |
|* 14 |    INDEX UNIQUE SCAN                | MS_GRC_OBJECTIVES_PK         |     1 |       |     1   (0)| 00:00:01 |
|  15 |  SORT ORDER BY                      |                              |     1 |  5478 |    60   (2)| 00:00:01 |
|* 16 |   HASH JOIN SEMI                    |                              |     1 |  5478 |    59   (0)| 00:00:01 |
|* 17 |    HASH JOIN                        |                              |     9 | 49284 |    30   (0)| 00:00:01 |
|  18 |     VIEW                            | VW_SQ_1                      |     1 |     6 |     1   (0)| 00:00:01 |
|  19 |      TABLE ACCESS BY INDEX ROWID    | SI_USERS_T                   |     1 |    19 |     1   (0)| 00:00:01 |
|* 20 |       INDEX RANGE SCAN              | SI_USERS_T_N3                |     1 |       |     1   (0)| 00:00:01 |
|* 21 |     HASH JOIN                       |                              |     9 | 49230 |    29   (0)| 00:00:01 |
<font style="background-color: lightblue; color: red">|  22 |      TABLE ACCESS FULL              | MS_GRC_OBJECTIVE_MLS_SUMMARY |    36 |  6768 |     3   (0)| 00:00:01 |</font>
<font style="background-color: lightblue; color: red">|  23 |      MERGE JOIN CARTESIAN           |                              |    18 | 95076 |    26   (0)| 00:00:01 |</font>
|* 24 |       HASH JOIN OUTER               |                              |     1 |  4074 |    23   (0)| 00:00:01 |
|* 25 |        HASH JOIN                    |                              |     1 |  2046 |    21   (0)| 00:00:01 |
|  26 |         TABLE ACCESS BY INDEX ROWID | MS_QS_LOV_NAMES              |     1 |    30 |     1   (0)| 00:00:01 |
|* 27 |          INDEX RANGE SCAN           | MS_QS_LOV_NAMES_N1           |     1 |       |     1   (0)| 00:00:01 |
|  28 |         VIEW                        |                              |     2 |  4032 |    20   (0)| 00:00:01 |
<font style="background-color: lightblue; color: red">|  29 |          MERGE JOIN CARTESIAN       |                              |     2 |    58 |    20   (0)| 00:00:01 |</font>
<font style="background-color: lightblue; color: red">|* 30 |           TABLE ACCESS FULL         | SI_LOCALES                   |     1 |     6 |     3   (0)| 00:00:01 |</font>
|  31 |           BUFFER SORT               |                              |     2 |    46 |    17   (0)| 00:00:01 |
<font style="background-color: lightblue; color: red">|* 32 |            TABLE ACCESS FULL        | MS_QS_LIST_OF_VALUES_T       |     2 |    46 |    17   (0)| 00:00:01 |</font>
<font style="background-color: lightblue; color: red">|  33 |        TABLE ACCESS FULL            | MS_QS_LIST_OF_VALUES_TL      |     1 |  2028 |     2   (0)| 00:00:01 |</font>
|  34 |       BUFFER SORT                   |                              |    18 | 21744 |    24   (0)| 00:00:01 |
|* 35 |        INDEX FULL SCAN              | MS_GRC_OBJ_PK                |    18 | 21744 |     3   (0)| 00:00:01 |
<font style="background-color: lightblue; color: red">|  36 |    COLLECTION ITERATOR PICKLER FETCH| FN_OBJ_REPORT_FILTER         |  8168 | 16336 |    29   (0)| 00:00:01 |</font>
--------------------------------------------------------------------------------------------------------------------
 
</code></pre><header class="major"><h2>Query Block Name / Object Alias (identified by operation id):</h2></header><pre><code>
 
   1 - SEL$5        / OBJC@SEL$5
   2 - SEL$5        / OBJC@SEL$5
   3 - SEL$6        / USR@SEL$6
   4 - SEL$6        / USR@SEL$6
   5 - SEL$7        / USR@SEL$7
   6 - SEL$7        / USR@SEL$7
   7 - SEL$8        / USR@SEL$8
   8 - SEL$8        / USR@SEL$8
   9 - SEL$9        / USR@SEL$9
  10 - SEL$9        / USR@SEL$9
  11 - SEL$2        / SI_METRICS_T@SEL$2
  12 - SEL$2        / SI_METRICS_T@SEL$2
  13 - SEL$3        / MS_GRC_OBJECTIVES@SEL$3
  14 - SEL$3        / MS_GRC_OBJECTIVES@SEL$3
  15 - SEL$96E83A54
  18 - SEL$4CC056F3 / VW_SQ_1@SEL$83565F55
  19 - SEL$4CC056F3 / SI_USERS_T@SEL$13
  20 - SEL$4CC056F3 / SI_USERS_T@SEL$13
  22 - SEL$96E83A54 / MLSSUMM@SEL$4
  26 - SEL$96E83A54 / LOVNAME@SEL$4
  27 - SEL$96E83A54 / LOVNAME@SEL$4
  28 - SEL$42DFC41A / X@SEL$10
  29 - SEL$42DFC41A
  30 - SEL$42DFC41A / SI_LOCALES@SEL$12
  32 - SEL$42DFC41A / T@SEL$11
  33 - SEL$96E83A54 / TL@SEL$10
  35 - SEL$96E83A54 / OBJSUMM@SEL$4
  36 - SEL$96E83A54 / KOKBF$0@SEL$15
 
</code></pre><header class="major"><h2>Predicate Information (identified by operation id):</h2></header><pre><code>
 
   2 - access("OBJC"."OBJECT_ID"=:B1)
   4 - access("USR"."USER_NAME"=:B1)
   6 - access("USR"."USER_NAME"=:B1)
   8 - access("USR"."USER_NAME"=:B1)
  10 - access("USR"."USER_NAME"=:B1)
  12 - access("METRIC_NAME"='MS_GRC_OBJECTIVES')
  14 - access("OBJECT_ID"=:B1)
  16 - access("OBJSUMM"."OBJECT_ID"=VALUE(KOKBF$))
  17 - access("MLSSUMM"."LOCALE"="LOCALE")
  20 - access("USER_NAME"=:36)
  21 - access("OBJSUMM"."OBJECT_ID"="MLSSUMM"."OBJECT_ID" AND 
              "X"."LOCALE_ID"=TO_NUMBER("MLSSUMM"."LOCALE_ID"))
  24 - access("X"."LOV_VALUE_ID"="TL"."LOV_VALUE_ID"(+) AND "X"."LOCALE_ID"="TL"."LOCALE_ID"(+))
  25 - access("X"."LOV_ID"="LOVNAME"."LOV_ID")
  27 - access("LOVNAME"."LOV_NAME"='MS_GRC_LABLES')
  30 - filter("ENABLED_FLAG"='Y')
  32 - filter("T"."STORED_VALUE"='CLICK_HERE' AND "T"."ORG_ENTITY_ID"=1)
  35 - filter(NVL("OBJSUMM"."IS_ORPHAN",1)=NVL(:6,NVL("OBJSUMM"."IS_ORPHAN",1)))
 
</code></pre><header class="major"><h2>Column Projection Information (identified by operation id):</h2></header><pre><code>
 
   1 - "OBJC".ROWID[ROWID,10], "OBJECT_NAME"[VARCHAR2,4000]
   2 - "OBJC".ROWID[ROWID,10]
   3 - "USR".ROWID[ROWID,10], "USR"."LAST_NAME"[VARCHAR2,100], "USR"."FIRST_NAME"[VARCHAR2,100]
   4 - "USR".ROWID[ROWID,10]
   5 - "USR".ROWID[ROWID,10], "USR"."LAST_NAME"[VARCHAR2,100], "USR"."FIRST_NAME"[VARCHAR2,100]
   6 - "USR".ROWID[ROWID,10]
   7 - "USR".ROWID[ROWID,10], "USR"."LAST_NAME"[VARCHAR2,100], "USR"."FIRST_NAME"[VARCHAR2,100]
   8 - "USR".ROWID[ROWID,10]
   9 - "USR".ROWID[ROWID,10], "USR"."LAST_NAME"[VARCHAR2,100], "USR"."FIRST_NAME"[VARCHAR2,100]
  10 - "USR".ROWID[ROWID,10]
  11 - "SI_METRICS_T".ROWID[ROWID,10], "METRIC_ID"[NUMBER,22]
  12 - "SI_METRICS_T".ROWID[ROWID,10]
  13 - "MS_GRC_OBJECTIVES".ROWID[ROWID,10], "DD_INSTANCE_ID"[NUMBER,22]
  14 - "MS_GRC_OBJECTIVES".ROWID[ROWID,10]
  15 - (#keys=1) "OBJSUMM"."UPPER_OBJECT_NAME"[VARCHAR2,3000], "OBJSUMM"."OBJECT_ID"[VARCHAR2,1600], 
       "OBJSUMM"."OBJECT_NAME"[VARCHAR2,4000], 'MS_GRC_OBJECTIVES'[17], "OBJSUMM"."OBJECT_NAME"[VARCHAR2,4000], 
       "MLSSUMM"."OBJECTIVE_TYPE"[LOB,4000], "MLSSUMM"."KEY_OBJECTIVE"[VARCHAR2,1020], 
       "MLSSUMM"."COSO_TYPE"[LOB,4000], "MLSSUMM"."OBJECT_LEVEL"[VARCHAR2,4000],  (SELECT "OBJECT_NAME" FROM 
       METRICSTREAM."MS_GRC_OBJECTIVES" "OBJC" WHERE "OBJC"."OBJECT_ID"=:B1)[4000], 
       "MLSSUMM"."OBJECT_STATUS"[VARCHAR2,4000], "OBJSUMM"."CREATED_DATE"[DATE,7],  (SELECT "USR"."FIRST_NAME"||' 
       '||"USR"."LAST_NAME" FROM METRICSTREAM."SI_USERS_T" "USR" WHERE "USR"."USER_NAME"=:B2)[201], 
       "OBJSUMM"."UPDATED_DATE"[DATE,7],  (SELECT "USR"."FIRST_NAME"||' '||"USR"."LAST_NAME" FROM 
       METRICSTREAM."SI_USERS_T" "USR" WHERE "USR"."USER_NAME"=:B3)[201], "OBJSUMM"."VALID_FROM"[DATE,7], 
       "OBJSUMM"."VALID_UNTIL"[DATE,7], "OBJSUMM"."DESCRIPTION"[LOB,4000], "OBJSUMM"."OWNER_ORG_NAMES"[LOB,4000], 
       "OBJSUMM"."OWNER_NAME"[LOB,4000],  (SELECT "USR"."FIRST_NAME"||' '||"USR"."LAST_NAME" FROM 
       METRICSTREAM."SI_USERS_T" "USR" WHERE "USR"."USER_NAME"=:B4)[201],  (SELECT "USR"."FIRST_NAME"||' 
       '||"USR"."LAST_NAME" FROM METRICSTREAM."SI_USERS_T" "USR" WHERE "USR"."USER_NAME"=:B5)[201], 
       NVL("TL"."DISPLAYED_VALUE","X"."DISPLAYED_VALUE")[4000], 
       NVL("TL"."DISPLAYED_VALUE","X"."DISPLAYED_VALUE")[4000], 
       NVL("TL"."DISPLAYED_VALUE","X"."DISPLAYED_VALUE")[4000], 
       NVL("TL"."DISPLAYED_VALUE","X"."DISPLAYED_VALUE")[4000], 
       NVL("TL"."DISPLAYED_VALUE","X"."DISPLAYED_VALUE")[4000], 
       NVL("TL"."DISPLAYED_VALUE","X"."DISPLAYED_VALUE")[4000], 
       NVL("TL"."DISPLAYED_VALUE","X"."DISPLAYED_VALUE")[4000], 
       NVL("TL"."DISPLAYED_VALUE","X"."DISPLAYED_VALUE")[4000], 
       NVL("TL"."DISPLAYED_VALUE","X"."DISPLAYED_VALUE")[4000], 
       NVL("TL"."DISPLAYED_VALUE","X"."DISPLAYED_VALUE")[4000], 
       NVL("TL"."DISPLAYED_VALUE","X"."DISPLAYED_VALUE")[4000], 
       NVL("TL"."DISPLAYED_VALUE","X"."DISPLAYED_VALUE")[4000], 
       NVL("TL"."DISPLAYED_VALUE","X"."DISPLAYED_VALUE")[4000], "MS_GRC_UTILITIES"."FN_GET_REPORT_JSON"( (SELECT 
       "METRIC_ID" FROM "SI_METRICS_T" "SI_METRICS_T" WHERE "METRIC_NAME"='MS_GRC_OBJECTIVES'),"OBJSUMM"."DD_PROCES
       S_INSTANCE_ID", (SELECT "DD_INSTANCE_ID" FROM "MS_GRC_OBJECTIVES" "MS_GRC_OBJECTIVES" WHERE 
       "OBJECT_ID"=:B6),'''flag=1&emd=1&x_edit_mode=Yes&wrapper= No&mode=view''')[4000]
  16 - (#keys=1) "OBJSUMM"."OBJECT_ID"[VARCHAR2,1600], "OBJSUMM"."OWNER_NAME"[LOB,4000], 
       "MLSSUMM"."OBJECT_STATUS"[VARCHAR2,4000], "OBJSUMM"."OWNER_ORG_NAMES"[LOB,4000], 
       "MLSSUMM"."OBJECTIVE_TYPE"[LOB,4000], "MLSSUMM"."COSO_TYPE"[LOB,4000], 
       "MLSSUMM"."KEY_OBJECTIVE"[VARCHAR2,1020], "MLSSUMM"."OBJECT_LEVEL"[VARCHAR2,4000], 
       "OBJSUMM"."DD_PROCESS_INSTANCE_ID"[NUMBER,22], "X"."DISPLAYED_VALUE"[VARCHAR2,4000], 
       "TL"."DISPLAYED_VALUE"[VARCHAR2,4000], "OBJSUMM"."UPPER_OBJECT_NAME"[VARCHAR2,3000], 
       "OBJSUMM"."OBJECT_NAME"[VARCHAR2,4000], "OBJSUMM"."PARENT"[VARCHAR2,1600], 
       "OBJSUMM"."CREATED_DATE"[DATE,7], "OBJSUMM"."CREATED_BY"[VARCHAR2,400], "OBJSUMM"."UPDATED_DATE"[DATE,7], 
       "OBJSUMM"."UPDATED_BY"[VARCHAR2,400], "OBJSUMM"."VALID_UNTIL"[DATE,7], "OBJSUMM"."VALID_FROM"[DATE,7], 
       "OBJSUMM"."DESCRIPTION"[LOB,4000], "OBJSUMM"."LEVEL_1_APPROVER"[VARCHAR2,400], 
       "OBJSUMM"."LEVEL_2_APPROVER"[VARCHAR2,400]
  17 - (#keys=1) "LOCALE"[VARCHAR2,100], "MLSSUMM"."LOCALE"[VARCHAR2,400], 
       "MLSSUMM"."OBJECT_ID"[VARCHAR2,1600], "OBJSUMM"."OBJECT_ID"[VARCHAR2,1600], 
       TO_NUMBER("MLSSUMM"."LOCALE_ID")[22], "X"."LOCALE_ID"[NUMBER,22], "MLSSUMM"."OBJECT_STATUS"[VARCHAR2,4000], 
       "MLSSUMM"."LOCALE_ID"[VARCHAR2,400], "OBJSUMM"."OWNER_ORG_NAMES"[LOB,4000], 
       "MLSSUMM"."OBJECTIVE_TYPE"[LOB,4000], "MLSSUMM"."COSO_TYPE"[LOB,4000], 
       "MLSSUMM"."KEY_OBJECTIVE"[VARCHAR2,1020], "MLSSUMM"."OBJECT_LEVEL"[VARCHAR2,4000], 
       "X"."LOV_VALUE_ID"[NUMBER,22], "TL"."LOV_VALUE_ID"[NUMBER,22], 
       "OBJSUMM"."DD_PROCESS_INSTANCE_ID"[NUMBER,22], "TL"."LOCALE_ID"[NUMBER,22], "LOVNAME"."LOV_ID"[NUMBER,22], 
       "X"."LOV_ID"[NUMBER,22], "LOVNAME".ROWID[ROWID,10], "LOVNAME"."LOV_NAME"[VARCHAR2,400], 
       "X"."DISPLAYED_VALUE"[VARCHAR2,4000], "TL"."DISPLAYED_VALUE"[VARCHAR2,4000], "OBJSUMM".ROWID[ROWID,3034], 
       "OBJSUMM"."UPPER_OBJECT_NAME"[VARCHAR2,3000], "OBJ_SUMM_WID"[NUMBER,22], "OBJSUMM"."IS_ORPHAN"[NUMBER,22], 
       "OBJSUMM"."OBJECT_NAME"[VARCHAR2,4000], "OBJSUMM"."PARENT"[VARCHAR2,1600], 
       "OBJSUMM"."CREATED_DATE"[DATE,7], "OBJSUMM"."CREATED_BY"[VARCHAR2,400], "OBJSUMM"."UPDATED_DATE"[DATE,7], 
       "OBJSUMM"."UPDATED_BY"[VARCHAR2,400], "OBJSUMM"."VALID_UNTIL"[DATE,7], "OBJSUMM"."VALID_FROM"[DATE,7], 
       "OBJSUMM"."DESCRIPTION"[LOB,4000], "OBJSUMM"."LEVEL_1_APPROVER"[VARCHAR2,400], 
       "OBJSUMM"."LEVEL_2_APPROVER"[VARCHAR2,400], "OBJSUMM"."OWNER_NAME"[LOB,4000]
  18 - "LOCALE"[VARCHAR2,100]
  19 - "SI_USERS_T".ROWID[ROWID,10], "USER_NAME"[VARCHAR2,80], "LOCALE"[VARCHAR2,100]
  20 - "SI_USERS_T".ROWID[ROWID,10], "USER_NAME"[VARCHAR2,80]
  21 - (#keys=2) "MLSSUMM"."OBJECT_ID"[VARCHAR2,1600], "OBJSUMM"."OBJECT_ID"[VARCHAR2,1600], 
       TO_NUMBER("MLSSUMM"."LOCALE_ID")[22], "X"."LOCALE_ID"[NUMBER,22], "MLSSUMM"."OBJECT_STATUS"[VARCHAR2,4000], 
       "MLSSUMM"."LOCALE_ID"[VARCHAR2,400], "MLSSUMM"."LOCALE"[VARCHAR2,400], 
       "MLSSUMM"."OBJECTIVE_TYPE"[LOB,4000], "MLSSUMM"."COSO_TYPE"[LOB,4000], 
       "MLSSUMM"."KEY_OBJECTIVE"[VARCHAR2,1020], "MLSSUMM"."OBJECT_LEVEL"[VARCHAR2,4000], 
       "X"."LOV_VALUE_ID"[NUMBER,22], "TL"."LOV_VALUE_ID"[NUMBER,22], 
       "OBJSUMM"."DD_PROCESS_INSTANCE_ID"[NUMBER,22], "TL"."LOCALE_ID"[NUMBER,22], "LOVNAME"."LOV_ID"[NUMBER,22], 
       "X"."LOV_ID"[NUMBER,22], "LOVNAME".ROWID[ROWID,10], "LOVNAME"."LOV_NAME"[VARCHAR2,400], 
       "X"."DISPLAYED_VALUE"[VARCHAR2,4000], "TL"."DISPLAYED_VALUE"[VARCHAR2,4000], "OBJSUMM".ROWID[ROWID,3034], 
       "OBJSUMM"."UPPER_OBJECT_NAME"[VARCHAR2,3000], "OBJ_SUMM_WID"[NUMBER,22], "OBJSUMM"."IS_ORPHAN"[NUMBER,22], 
       "OBJSUMM"."OBJECT_NAME"[VARCHAR2,4000], "OBJSUMM"."PARENT"[VARCHAR2,1600], 
       "OBJSUMM"."CREATED_DATE"[DATE,7], "OBJSUMM"."CREATED_BY"[VARCHAR2,400], "OBJSUMM"."UPDATED_DATE"[DATE,7], 
       "OBJSUMM"."UPDATED_BY"[VARCHAR2,400], "OBJSUMM"."VALID_UNTIL"[DATE,7], "OBJSUMM"."VALID_FROM"[DATE,7], 
       "OBJSUMM"."DESCRIPTION"[LOB,4000], "OBJSUMM"."LEVEL_1_APPROVER"[VARCHAR2,400], 
       "OBJSUMM"."LEVEL_2_APPROVER"[VARCHAR2,400], "OBJSUMM"."OWNER_NAME"[LOB,4000], 
       "OBJSUMM"."OWNER_ORG_NAMES"[LOB,4000]
  22 - "MLSSUMM"."OBJECT_ID"[VARCHAR2,1600], "MLSSUMM"."LOCALE_ID"[VARCHAR2,400], 
       "MLSSUMM"."LOCALE"[VARCHAR2,400], "MLSSUMM"."OBJECTIVE_TYPE"[LOB,4000], "MLSSUMM"."COSO_TYPE"[LOB,4000], 
       "MLSSUMM"."KEY_OBJECTIVE"[VARCHAR2,1020], "MLSSUMM"."OBJECT_LEVEL"[VARCHAR2,4000], 
       "MLSSUMM"."OBJECT_STATUS"[VARCHAR2,4000]
  23 - (#keys=0) "X"."LOV_VALUE_ID"[NUMBER,22], "TL"."LOV_VALUE_ID"[NUMBER,22], "X"."LOCALE_ID"[NUMBER,22], 
       "TL"."LOCALE_ID"[NUMBER,22], "LOVNAME"."LOV_ID"[NUMBER,22], "X"."LOV_ID"[NUMBER,22], 
       "LOVNAME".ROWID[ROWID,10], "LOVNAME"."LOV_NAME"[VARCHAR2,400], "X"."DISPLAYED_VALUE"[VARCHAR2,4000], 
       "TL"."DISPLAYED_VALUE"[VARCHAR2,4000], "OBJSUMM".ROWID[ROWID,3034], 
       "OBJSUMM"."UPPER_OBJECT_NAME"[VARCHAR2,3000], "OBJ_SUMM_WID"[NUMBER,22], 
       "OBJSUMM"."OBJECT_ID"[VARCHAR2,1600], "OBJSUMM"."OBJECT_NAME"[VARCHAR2,4000], 
       "OBJSUMM"."PARENT"[VARCHAR2,1600], "OBJSUMM"."CREATED_DATE"[DATE,7], "OBJSUMM"."CREATED_BY"[VARCHAR2,400], 
       "OBJSUMM"."UPDATED_DATE"[DATE,7], "OBJSUMM"."UPDATED_BY"[VARCHAR2,400], "OBJSUMM"."VALID_UNTIL"[DATE,7], 
       "OBJSUMM"."VALID_FROM"[DATE,7], "OBJSUMM"."DESCRIPTION"[LOB,4000], 
       "OBJSUMM"."LEVEL_1_APPROVER"[VARCHAR2,400], "OBJSUMM"."LEVEL_2_APPROVER"[VARCHAR2,400], 
       "OBJSUMM"."OWNER_NAME"[LOB,4000], "OBJSUMM"."OWNER_ORG_NAMES"[LOB,4000], 
       "OBJSUMM"."DD_PROCESS_INSTANCE_ID"[NUMBER,22], "OBJSUMM"."IS_ORPHAN"[NUMBER,22]
  24 - (#keys=2) "X"."LOV_VALUE_ID"[NUMBER,22], "TL"."LOV_VALUE_ID"[NUMBER,22], "X"."LOCALE_ID"[NUMBER,22], 
       "TL"."LOCALE_ID"[NUMBER,22], "LOVNAME"."LOV_ID"[NUMBER,22], "X"."LOV_ID"[NUMBER,22], 
       "LOVNAME".ROWID[ROWID,10], "LOVNAME"."LOV_NAME"[VARCHAR2,400], "X"."DISPLAYED_VALUE"[VARCHAR2,4000], 
       "TL"."DISPLAYED_VALUE"[VARCHAR2,4000]
  25 - (#keys=1) "LOVNAME"."LOV_ID"[NUMBER,22], "X"."LOV_ID"[NUMBER,22], "LOVNAME".ROWID[ROWID,10], 
       "LOVNAME"."LOV_NAME"[VARCHAR2,400], "X"."LOV_VALUE_ID"[NUMBER,22], "X"."LOCALE_ID"[NUMBER,22], 
       "X"."DISPLAYED_VALUE"[VARCHAR2,4000]
  26 - "LOVNAME".ROWID[ROWID,10], "LOVNAME"."LOV_NAME"[VARCHAR2,400], "LOVNAME"."LOV_ID"[NUMBER,22]
  27 - "LOVNAME".ROWID[ROWID,10], "LOVNAME"."LOV_NAME"[VARCHAR2,400]
  28 - "X"."LOV_VALUE_ID"[NUMBER,22], "X"."LOV_ID"[NUMBER,22], "X"."DISPLAYED_VALUE"[VARCHAR2,4000], 
       "X"."LOCALE_ID"[NUMBER,22]
  29 - (#keys=0) "LOCALE_ID"[NUMBER,22], "ENABLED_FLAG"[VARCHAR2,4], "T"."LOV_VALUE_ID"[NUMBER,22], 
       "T"."LOV_ID"[NUMBER,22], "T"."ORG_ENTITY_ID"[NUMBER,22], "T"."STORED_VALUE"[VARCHAR2,400], 
       "T"."DISPLAYED_VALUE"[VARCHAR2,4000]
  30 - "LOCALE_ID"[NUMBER,22], "ENABLED_FLAG"[VARCHAR2,4]
  31 - (#keys=0) "T"."LOV_VALUE_ID"[NUMBER,22], "T"."LOV_ID"[NUMBER,22], "T"."ORG_ENTITY_ID"[NUMBER,22], 
       "T"."STORED_VALUE"[VARCHAR2,400], "T"."DISPLAYED_VALUE"[VARCHAR2,4000]
  32 - "T"."LOV_VALUE_ID"[NUMBER,22], "T"."LOV_ID"[NUMBER,22], "T"."ORG_ENTITY_ID"[NUMBER,22], 
       "T"."STORED_VALUE"[VARCHAR2,400], "T"."DISPLAYED_VALUE"[VARCHAR2,4000]
  33 - "TL"."LOV_VALUE_ID"[NUMBER,22], "TL"."DISPLAYED_VALUE"[VARCHAR2,4000], "TL"."LOCALE_ID"[NUMBER,22]
  34 - (#keys=0) "OBJSUMM".ROWID[ROWID,3034], "OBJSUMM"."UPPER_OBJECT_NAME"[VARCHAR2,3000], 
       "OBJ_SUMM_WID"[NUMBER,22], "OBJSUMM"."OBJECT_ID"[VARCHAR2,1600], "OBJSUMM"."OBJECT_NAME"[VARCHAR2,4000], 
       "OBJSUMM"."PARENT"[VARCHAR2,1600], "OBJSUMM"."CREATED_DATE"[DATE,7], "OBJSUMM"."CREATED_BY"[VARCHAR2,400], 
       "OBJSUMM"."UPDATED_DATE"[DATE,7], "OBJSUMM"."UPDATED_BY"[VARCHAR2,400], "OBJSUMM"."VALID_UNTIL"[DATE,7], 
       "OBJSUMM"."VALID_FROM"[DATE,7], "OBJSUMM"."DESCRIPTION"[LOB,4000], 
       "OBJSUMM"."LEVEL_1_APPROVER"[VARCHAR2,400], "OBJSUMM"."LEVEL_2_APPROVER"[VARCHAR2,400], 
       "OBJSUMM"."OWNER_NAME"[LOB,4000], "OBJSUMM"."OWNER_ORG_NAMES"[LOB,4000], 
       "OBJSUMM"."DD_PROCESS_INSTANCE_ID"[NUMBER,22], "OBJSUMM"."IS_ORPHAN"[NUMBER,22]
  35 - "OBJSUMM".ROWID[ROWID,3034], "OBJSUMM"."UPPER_OBJECT_NAME"[VARCHAR2,3000], 
       "OBJ_SUMM_WID"[NUMBER,22], "OBJSUMM"."OBJECT_ID"[VARCHAR2,1600], "OBJSUMM"."OBJECT_NAME"[VARCHAR2,4000], 
       "OBJSUMM"."PARENT"[VARCHAR2,1600], "OBJSUMM"."CREATED_DATE"[DATE,7], "OBJSUMM"."CREATED_BY"[VARCHAR2,400], 
       "OBJSUMM"."UPDATED_DATE"[DATE,7], "OBJSUMM"."UPDATED_BY"[VARCHAR2,400], "OBJSUMM"."VALID_UNTIL"[DATE,7], 
       "OBJSUMM"."VALID_FROM"[DATE,7], "OBJSUMM"."DESCRIPTION"[LOB,4000], 
       "OBJSUMM"."LEVEL_1_APPROVER"[VARCHAR2,400], "OBJSUMM"."LEVEL_2_APPROVER"[VARCHAR2,400], 
       "OBJSUMM"."OWNER_NAME"[LOB,4000], "OBJSUMM"."OWNER_ORG_NAMES"[LOB,4000], 
       "OBJSUMM"."DD_PROCESS_INSTANCE_ID"[NUMBER,22], "OBJSUMM"."IS_ORPHAN"[NUMBER,22]
  36 - VALUE(A0)[8000]
										</code></pre>
								</section>
						</div>
					</div>

				<!-- Sidebar -->
				<div id="sidebar">
					<div class="inner">
						<!-- Menu -->
						<nav id="menu">
							<header class="major">
								<h2>Menu</h2>
							</header>
							<ul>
								<li><a href="../index.html">Module List</a></li>
								<li><a href="index.html">Summary</a></li>
								<li>
									<span class="opener">DB Analysis</span>
									<ul>
										<li><a href="bad-sql.html">Bad SQL</a></li>
										<li><a href="poor-sql.html">Poor SQL Plan</a></li>
										<li><a href="invalid-sql.html">Invalid SQL</a></li>
										<li><a href="full-sql.html">Full SQL Report</a></li>
										<li><a href="table-nil-key.html">Primary/Unique Key Miss</a></li>
										<li><a href="invalid-db-object.html">Invalid DB Objects</a></li>
									</ul>
								</li>
								<li>
									<span class="opener">Infolets</span>
									<ul>
										<li><a href="keep-history-infolets.html">Keep History Infolets</a></li>
									</ul>
								</li>
								<li>
									<span class="opener">Pushforms</span>
									<ul>
										<li><a href="pushform-denormalize.html">Pushform Denormalized</a></li>
									</ul>
								</li>
							</ul>
						</nav>

						<!-- Section -->
						<section>
							<header class="major">
								<h2>Get in touch</h2>
							</header>
							<p>You need more details on the report or want more functionality, don't hesitate to reach out to us.</p>
							<ul class="contact">
								<li class="fa-envelope-o"><a href="mailto:rnd@metricstream.com?Subject=Reg - Static Code Analysis Tool" target="_top">rnd@metricstream.com</a></li>
							</ul>
						</section>

						<!-- Footer -->
						<footer id="footer">
							<p class="copyright">&copy; <a href="http://www.metricstream.com" target="_blank">MetricStream</a>. All rights reserved. </p>
						</footer>
					</div>
				</div>
			</div>

		<!-- Scripts -->
			<script src="../../lib/assets/js/jquery.min.js"></script>
			<script src="../../lib/assets/js/skel.min.js"></script>
			<script src="../../lib/assets/js/util.js"></script>
			<!--[if lte IE 8]><script src="../../lib/assets/js/ie/respond.min.js"></script><![endif]-->
			<script src="../../lib/assets/js/main.js"></script>
	</body>
</html>