<!DOCTYPE HTML>
<html>
	<head>
		<title>Code Analysis - MetricStream</title>
		<meta charset="utf-8" />
		<meta name="viewport" content="width=device-width, initial-scale=1, user-scalable=no" />
		<!--[if lte IE 8]><script src="../../lib/assets/js/ie/html5shiv.js"></script><![endif]-->
		<link rel="stylesheet" href="../../lib/assets/css/main.css" />
		<!--[if lte IE 9]><link rel="stylesheet" href="../../lib/assets/css/ie9.css" /><![endif]-->
		<!--[if lte IE 8]><link rel="stylesheet" href="../../lib/assets/css/ie8.css" /><![endif]-->
	</head>
	<body>

		<!-- Wrapper -->
			<div id="wrapper">

				<!-- Main -->
					<div id="main">
						<div class="inner">
							<!-- Header -->
								<header id="header">
									<a href="index.html" class="logo"><strong>Static Code Analysis Report</strong> by Code Analyzer Tool</a>
								</header>

							<!-- Content -->
								<section>
									<!-- Content -->
										<header class="major"><h2>Infolet Details</h2></header>
										<div class="table-wrapper">
											<table>
												<tbody>
													<tr>
														<th>Name</th>
														<td>MS_GRC_REF_Drilldown_Rpt_Inf (101038)</td>
													</tr>
													<tr>
														<th>SQL</th>
														<td><pre><code>SELECT ctrl.object_id                                                        AS object_id ,
  ctrl.object_name                                                           AS object_name ,
  ctrl.object_status                                                       AS object_status ,
  inn.rel_dir_type                                                           AS relationship_type,
(MS_GRC_UTILITIES.FN_GET_REPORT_JSON((SELECT METRIC_ID FROM SI_METRICS_T WHERE METRIC_NAME='MS_GRC_REFERENCE'),ctrl.DD_PROCESS_INSTANCE_ID,(SELECT DD_INSTANCE_ID FROM MS_GRC_REFERENCE WHERE OBJECT_ID=ctrl.OBJECT_ID),
'''flag=1'||CHR(38)||'emd=1'||CHR(38)||'x_edit_mode=Yes'||CHR (38)|| 'wrapper= No'|| CHR (38)|| 'mode=view''')) AS REPORT_JSON  
FROM
  (SELECT DISTINCT tgt_obj_id,
    Src_Obj_Id ,
    rel_dir_type
  FROM ms_grc_orb_relations_pub_v vw
  WHERE vw.tgt_obj_type ='MS_GRC_REFERENCE'
  AND vw.src_obj_type   = :1
  ) inn,
  MS_GRC_REFERENCE_DENORM_RV ctrl
WHERE inn.Src_Obj_Id = :2
AND inn.tgt_obj_id   = ctrl.object_id
and 
ctrl.LOCALE = (SELECT LOCALE FROM si_users_t where USER_NAME = :3)</code></pre></td>
													</tr>
													<tr>
														<th>Description</th>
														<td>This infolet fetched related references</td>
													</tr>
												</tbody>
											</table>
										</div>

										<h2 align="center" id="content">Analysis Report</h2>
										<hr>

<header class="major"><h2>Plan hash value: 2536593381</h2></header><pre><code>
 
-------------------------------------------------------------------------------------------------------------------------
| Id  | Operation                              | Name                           | Rows  | Bytes | Cost (%CPU)| Time     |
-------------------------------------------------------------------------------------------------------------------------
|   0 | SELECT STATEMENT                       |                                |     1 |  4672 |    11  (10)| 00:00:01 |
|   1 |  TABLE ACCESS BY INDEX ROWID           | SI_METRICS_T                   |     1 |    34 |     1   (0)| 00:00:01 |
|*  2 |   INDEX RANGE SCAN                     | SI_METRICS_T_N7                |     1 |       |     1   (0)| 00:00:01 |
|   3 |   TABLE ACCESS BY INDEX ROWID          | MS_GRC_REFERENCE               |     1 |   215 |     1   (0)| 00:00:01 |
|*  4 |    INDEX UNIQUE SCAN                   | MS_GRC_REFERENCE_PK            |     1 |       |     1   (0)| 00:00:01 |
|   5 |  NESTED LOOPS                          |                                |     1 |  4672 |    11  (10)| 00:00:01 |
<font style="background-color: lightblue; color: red">|   6 |   MERGE JOIN CARTESIAN                 |                                |     1 |  2455 |    10  (10)| 00:00:01 |</font>
|   7 |    NESTED LOOPS                        |                                |     1 |  2253 |     9  (12)| 00:00:01 |
|   8 |     NESTED LOOPS                       |                                |     2 |  2253 |     9  (12)| 00:00:01 |
|   9 |      VIEW                              |                                |     2 |    46 |     8  (13)| 00:00:01 |
|  10 |       SORT UNIQUE                      |                                |     2 |    74 |     8  (13)| 00:00:01 |
|  11 |        VIEW                            | MS_GRC_ORB_RELATIONS_PUB_V     |     2 |    74 |     7   (0)| 00:00:01 |
|  12 |         UNION-ALL                      |                                |       |       |            |          |
|  13 |          NESTED LOOPS                  |                                |     1 |   125 |     3   (0)| 00:00:01 |
|  14 |           NESTED LOOPS                 |                                |     1 |   125 |     3   (0)| 00:00:01 |
|  15 |            NESTED LOOPS                |                                |     1 |    67 |     2   (0)| 00:00:01 |
|* 16 |             INDEX UNIQUE SCAN          | UC_FORM_NAME                   |     1 |    19 |     1   (0)| 00:00:01 |
|* 17 |             TABLE ACCESS BY INDEX ROWID| MS_GRC_ORB_RELATIONS           |     1 |    48 |     1   (0)| 00:00:01 |
|* 18 |              INDEX RANGE SCAN          | MS_GRC_ORB_RELATIONS_IDX1      |     1 |       |     1   (0)| 00:00:01 |
|* 19 |            INDEX RANGE SCAN            | IDX_ADDITIONAL_COLUMN3         |     1 |       |     1   (0)| 00:00:01 |
|* 20 |           TABLE ACCESS BY INDEX ROWID  | MS_GRC_ORB_RELATIONS_ORB       |     1 |    58 |     1   (0)| 00:00:01 |
|  21 |          NESTED LOOPS                  |                                |     1 |   110 |     4   (0)| 00:00:01 |
|  22 |           NESTED LOOPS                 |                                |     8 |   110 |     4   (0)| 00:00:01 |
|  23 |            NESTED LOOPS                |                                |     2 |   134 |     2   (0)| 00:00:01 |
|* 24 |             INDEX UNIQUE SCAN          | UC_FORM_NAME                   |     1 |    19 |     1   (0)| 00:00:01 |
|  25 |             TABLE ACCESS BY INDEX ROWID| MS_GRC_ORB_RELATIONS           |     2 |    96 |     1   (0)| 00:00:01 |
|* 26 |              INDEX RANGE SCAN          | MS_GRC_ORB_RELATIONS_IDX2      |     2 |       |     1   (0)| 00:00:01 |
|* 27 |            INDEX RANGE SCAN            | MS_GRC_ORB_RELATIONS_ORB_FK2   |     4 |       |     1   (0)| 00:00:01 |
|* 28 |           TABLE ACCESS BY INDEX ROWID  | MS_GRC_ORB_RELATIONS_ORB       |     1 |    43 |     1   (0)| 00:00:01 |
|* 29 |      INDEX UNIQUE SCAN                 | MS_GRC_REF_SUMM_IDX1           |     1 |       |     1   (0)| 00:00:01 |
|  30 |     TABLE ACCESS BY INDEX ROWID        | MS_GRC_REFERENCE_SUMMARY       |     1 |  2230 |     1   (0)| 00:00:01 |
|  31 |    BUFFER SORT                         |                                |     1 |   202 |     9  (12)| 00:00:01 |
|  32 |     VIEW                               | VW_SQ_1                        |     1 |   202 |     1   (0)| 00:00:01 |
|  33 |      TABLE ACCESS BY INDEX ROWID       | SI_USERS_T                     |     1 |    19 |     1   (0)| 00:00:01 |
|* 34 |       INDEX UNIQUE SCAN                | USER_NAME_UK                   |     1 |       |     1   (0)| 00:00:01 |
|* 35 |   TABLE ACCESS BY INDEX ROWID          | MS_GRC_REFERENCE_MLS_SUMMARY   |     1 |  2217 |     1   (0)| 00:00:01 |
|* 36 |    INDEX RANGE SCAN                    | MS_GRC_REFERENCE_MLS_SUMM_IDX1 |     1 |       |     1   (0)| 00:00:01 |
-------------------------------------------------------------------------------------------------------------------------
 
</code></pre><header class="major"><h2>Query Block Name / Object Alias (identified by operation id):</h2></header><pre><code>
 
   1 - SEL$2        / SI_METRICS_T@SEL$2
   2 - SEL$2        / SI_METRICS_T@SEL$2
   3 - SEL$3        / MS_GRC_REFERENCE@SEL$3
   4 - SEL$3        / MS_GRC_REFERENCE@SEL$3
   5 - SEL$40BDA00B
   9 - SEL$4        / INN@SEL$1
  10 - SEL$4       
  11 - SET$1        / VW@SEL$4
  12 - SET$1       
  13 - SEL$5       
  16 - SEL$5        / CO@SEL$5
  17 - SEL$5        / REL@SEL$5
  18 - SEL$5        / REL@SEL$5
  19 - SEL$5        / REL_ORB@SEL$5
  20 - SEL$5        / REL_ORB@SEL$5
  21 - SEL$7       
  24 - SEL$7        / CO@SEL$7
  25 - SEL$7        / REL@SEL$7
  26 - SEL$7        / REL@SEL$7
  27 - SEL$7        / REL_ORB@SEL$7
  28 - SEL$7        / REL_ORB@SEL$7
  29 - SEL$40BDA00B / REFSUMM@SEL$8
  30 - SEL$40BDA00B / REFSUMM@SEL$8
  32 - SEL$4CC056F3 / VW_SQ_1@SEL$59BDBF5F
  33 - SEL$4CC056F3 / SI_USERS_T@SEL$13
  34 - SEL$4CC056F3 / SI_USERS_T@SEL$13
  35 - SEL$40BDA00B / REFMLSSUMM@SEL$8
  36 - SEL$40BDA00B / REFMLSSUMM@SEL$8
 
</code></pre><header class="major"><h2>Predicate Information (identified by operation id):</h2></header><pre><code>
 
   2 - access("METRIC_NAME"='MS_GRC_REFERENCE')
   4 - access("OBJECT_ID"=:B1)
  16 - access("CO"."FORM_NAME"=:1)
  17 - filter("REL"."DD_OBJECT_TYPE"=:1)
  18 - access("REL"."REL_SOURCE_OBJECT_ID"=:2)
  19 - access("REL_ORB"."ADDITIONAL_COLUMN3"='MS_GRC_REFERENCE')
  20 - filter("REL"."REL_SOURCE_ID"="REL_ORB"."REL_SOURCE_ID")
  24 - access("CO"."FORM_NAME"='MS_GRC_REFERENCE')
  26 - access("REL"."DD_OBJECT_TYPE"='MS_GRC_REFERENCE')
  27 - access("REL"."REL_SOURCE_ID"="REL_ORB"."REL_SOURCE_ID")
  28 - filter("REL_ORB"."TGT_OBJ_ID"=:2 AND "REL_ORB"."ADDITIONAL_COLUMN3"=:1)
  29 - access("INN"."TGT_OBJ_ID"="REFSUMM"."OBJECT_ID")
  34 - access("USER_NAME"=:3)
  35 - filter("REFMLSSUMM"."LOCALE"="LOCALE")
  36 - access("REFSUMM"."OBJ_REF_SUMM_WID"="REFMLSSUMM"."OBJ_REF_SUMM_WID")
 
</code></pre><header class="major"><h2>Column Projection Information (identified by operation id):</h2></header><pre><code>
 
   1 - "SI_METRICS_T".ROWID[ROWID,10], "METRIC_ID"[NUMBER,22]
   2 - "SI_METRICS_T".ROWID[ROWID,10]
   3 - "MS_GRC_REFERENCE".ROWID[ROWID,10], "DD_INSTANCE_ID"[NUMBER,22]
   4 - "MS_GRC_REFERENCE".ROWID[ROWID,10]
   5 - (#keys=0) "INN"."REL_DIR_TYPE"[CHARACTER,7], "REFSUMM"."OBJECT_ID"[VARCHAR2,400], 
       "REFSUMM"."OBJECT_NAME"[VARCHAR2,4000], "REFSUMM"."DD_PROCESS_INSTANCE_ID"[NUMBER,22], 
       "REFMLSSUMM"."OBJECT_STATUS"[VARCHAR2,4000]
   6 - (#keys=0) "INN"."REL_DIR_TYPE"[CHARACTER,7], "REFSUMM"."OBJ_REF_SUMM_WID"[NUMBER,22], 
       "REFSUMM"."OBJECT_ID"[VARCHAR2,400], "REFSUMM"."OBJECT_NAME"[VARCHAR2,4000], 
       "REFSUMM"."DD_PROCESS_INSTANCE_ID"[NUMBER,22], "LOCALE"[VARCHAR2,400]
   7 - (#keys=0) "INN"."REL_DIR_TYPE"[CHARACTER,7], "REFSUMM"."OBJ_REF_SUMM_WID"[NUMBER,22], 
       "REFSUMM"."OBJECT_ID"[VARCHAR2,400], "REFSUMM"."OBJECT_NAME"[VARCHAR2,4000], 
       "REFSUMM"."DD_PROCESS_INSTANCE_ID"[NUMBER,22]
   8 - (#keys=0) "INN"."REL_DIR_TYPE"[CHARACTER,7], "REFSUMM".ROWID[ROWID,10], 
       "REFSUMM"."OBJECT_ID"[VARCHAR2,400]
   9 - "INN"."TGT_OBJ_ID"[VARCHAR2,4000], "INN"."REL_DIR_TYPE"[CHARACTER,7]
  10 - (#keys=3) "TGT_OBJ_ID"[VARCHAR2,4000], "SRC_OBJ_ID"[VARCHAR2,4000], "REL_DIR_TYPE"[CHARACTER,7]
  11 - "SRC_OBJ_ID"[VARCHAR2,4000], "TGT_OBJ_ID"[VARCHAR2,4000], "REL_DIR_TYPE"[CHARACTER,7]
  12 - STRDEF[4000], STRDEF[4000], STRDEF[4000], STRDEF[4000], STRDEF[7]
  13 - (#keys=0) "REL"."REL_SOURCE_OBJECT_ID"[VARCHAR2,1016], "REL"."DD_OBJECT_TYPE"[VARCHAR2,400], 
       "REL_ORB"."TGT_OBJ_ID"[VARCHAR2,4000], "REL_ORB"."ADDITIONAL_COLUMN3"[VARCHAR2,4000]
  14 - (#keys=0) "REL"."REL_SOURCE_OBJECT_ID"[VARCHAR2,1016], "REL"."REL_SOURCE_ID"[VARCHAR2,1020], 
       "REL"."DD_OBJECT_TYPE"[VARCHAR2,400], "REL_ORB".ROWID[ROWID,10], "REL_ORB"."ADDITIONAL_COLUMN3"[VARCHAR2,4000]
  15 - (#keys=0) "REL"."REL_SOURCE_OBJECT_ID"[VARCHAR2,1016], "REL"."REL_SOURCE_ID"[VARCHAR2,1020], 
       "REL"."DD_OBJECT_TYPE"[VARCHAR2,400]
  17 - "REL"."REL_SOURCE_OBJECT_ID"[VARCHAR2,1016], "REL"."REL_SOURCE_ID"[VARCHAR2,1020], 
       "REL"."DD_OBJECT_TYPE"[VARCHAR2,400]
  18 - "REL".ROWID[ROWID,10], "REL"."REL_SOURCE_OBJECT_ID"[VARCHAR2,1016]
  19 - "REL_ORB".ROWID[ROWID,10], "REL_ORB"."ADDITIONAL_COLUMN3"[VARCHAR2,4000]
  20 - "REL_ORB"."TGT_OBJ_ID"[VARCHAR2,4000]
  21 - (#keys=0) "REL"."REL_SOURCE_OBJECT_ID"[VARCHAR2,1016], "REL"."DD_OBJECT_TYPE"[VARCHAR2,400], 
       "REL_ORB"."TGT_OBJ_ID"[VARCHAR2,4000], "REL_ORB"."ADDITIONAL_COLUMN3"[VARCHAR2,4000]
  22 - (#keys=0) "REL"."REL_SOURCE_OBJECT_ID"[VARCHAR2,1016], "REL"."DD_OBJECT_TYPE"[VARCHAR2,400], 
       "REL_ORB".ROWID[ROWID,10]
  23 - (#keys=0) "REL"."REL_SOURCE_OBJECT_ID"[VARCHAR2,1016], "REL"."REL_SOURCE_ID"[VARCHAR2,1020], 
       "REL"."DD_OBJECT_TYPE"[VARCHAR2,400]
  25 - "REL"."REL_SOURCE_OBJECT_ID"[VARCHAR2,1016], "REL"."REL_SOURCE_ID"[VARCHAR2,1020], 
       "REL"."DD_OBJECT_TYPE"[VARCHAR2,400]
  26 - "REL".ROWID[ROWID,10], "REL"."DD_OBJECT_TYPE"[VARCHAR2,400]
  27 - "REL_ORB".ROWID[ROWID,10]
  28 - "REL_ORB"."TGT_OBJ_ID"[VARCHAR2,4000], "REL_ORB"."ADDITIONAL_COLUMN3"[VARCHAR2,4000]
  29 - "REFSUMM".ROWID[ROWID,10], "REFSUMM"."OBJECT_ID"[VARCHAR2,400]
  30 - "REFSUMM"."OBJ_REF_SUMM_WID"[NUMBER,22], "REFSUMM"."OBJECT_NAME"[VARCHAR2,4000], 
       "REFSUMM"."DD_PROCESS_INSTANCE_ID"[NUMBER,22]
  31 - (#keys=0) "LOCALE"[VARCHAR2,400]
  32 - "LOCALE"[VARCHAR2,400]
  33 - "LOCALE"[VARCHAR2,400]
  34 - "SI_USERS_T".ROWID[ROWID,10]
  35 - "REFMLSSUMM"."OBJECT_STATUS"[VARCHAR2,4000]
  36 - "REFMLSSUMM".ROWID[ROWID,10]
										</code></pre>
								</section>
						</div>
					</div>

				<!-- Sidebar -->
				<div id="sidebar">
					<div class="inner">
						<!-- Menu -->
						<nav id="menu">
							<header class="major">
								<h2>Menu</h2>
							</header>
							<ul>
								<li><a href="../index.html">Module List</a></li>
								<li><a href="index.html">Summary</a></li>
								<li>
									<span class="opener">DB Analysis</span>
									<ul>
										<li><a href="bad-sql.html">Bad SQL</a></li>
										<li><a href="poor-sql.html">Poor SQL Plan</a></li>
										<li><a href="invalid-sql.html">Invalid SQL</a></li>
										<li><a href="full-sql.html">Full SQL Report</a></li>
										<li><a href="table-nil-key.html">Primary/Unique Key Miss</a></li>
										<li><a href="invalid-db-object.html">Invalid DB Objects</a></li>
										<li><a href="sequence-with-less-cache.html">Sequence</a></li>
										<li><a href="table-index-lob-size.html">Table Size</a></li>
									</ul>
								</li>
								<li>
								    <span class="opener">LOB</span>
								    <ul>
								        <li><a href="lob-no-cache.html">LOB - No Cache</a></li>
								        <li><a href="lob-columns.html">LOB - All Columns</a></li>
								    </ul>
								</li>
								<li>
									<span class="opener">Infolets</span>
									<ul>
										<li><a href="keep-history-infolets.html">Keep History Infolets</a></li>
										<li><a href="plsql-context-switch.html">SQL-PL/SQL Context Switch</a></li>
									</ul>
								</li>
								<li>
									<span class="opener">Pushforms</span>
									<ul>
										<li><a href="pushform-denormalize.html">Pushform Denormalized</a></li>
									</ul>
								</li>
								<li>
									<span class="opener">PL/SQL</span>
									<ul>
										<li><a href="plsql-dyn-qry-objs.html">Dynamic Query</a></li>
									</ul>
								</li>
							</ul>
						</nav>

						<!-- Section -->
						<section>
							<header class="major">
								<h2>Get in touch</h2>
							</header>
							<p>You need more details on the report or want more functionality, don't hesitate to reach out to us.</p>
							<ul class="contact">
								<li class="fa-envelope-o"><a href="mailto:apps-rnd-arch-team@metricstream.com?Subject=Reg - Code Analysis Tool" target="_top">apps-rnd-arch-team@metricstream.com</a></li>
							</ul>
						</section>

						<!-- Footer -->
						<footer id="footer">
							<p class="copyright">&copy; <a href="http://www.metricstream.com" target="_blank">MetricStream</a>. All rights reserved. </p>
						</footer>
					</div>
				</div>
			</div>

		<!-- Scripts -->
			<script src="../../lib/assets/js/jquery.min.js"></script>
			<script src="../../lib/assets/js/skel.min.js"></script>
			<script src="../../lib/assets/js/util.js"></script>
			<!--[if lte IE 8]><script src="../../lib/assets/js/ie/respond.min.js"></script><![endif]-->
			<script src="../../lib/assets/js/main.js"></script>
	</body>
</html>