<!DOCTYPE HTML>
<html>
	<head>
		<title>Code Analysis - MetricStream</title>
		<meta charset="utf-8" />
		<meta name="viewport" content="width=device-width, initial-scale=1, user-scalable=no" />
		<!--[if lte IE 8]><script src="../../lib/assets/js/ie/html5shiv.js"></script><![endif]-->
		<link rel="stylesheet" href="../../lib/assets/css/main.css" />
		<!--[if lte IE 9]><link rel="stylesheet" href="../../lib/assets/css/ie9.css" /><![endif]-->
		<!--[if lte IE 8]><link rel="stylesheet" href="../../lib/assets/css/ie8.css" /><![endif]-->
	</head>
	<body>

		<!-- Wrapper -->
			<div id="wrapper">

				<!-- Main -->
					<div id="main">
						<div class="inner">
							<!-- Header -->
								<header id="header">
									<a href="index.html" class="logo"><strong>Static Code Analysis Report</strong> by Code Analyzer Tool</a>
								</header>

							<!-- Content -->
								<section>
									<!-- Content -->
										<header class="major"><h2>Infolet Details</h2></header>
										<div class="table-wrapper">
											<table>
												<tbody>
													<tr>
														<th>Name</th>
														<td>MS_GRC_Objectives_Type (100990)</td>
													</tr>
													<tr>
														<th>SQL</th>
														<td><pre><code>Select c.Stored_Value as Stored_Value,
       c.Displayed_Value as Displayed_Value,
       c.Lov_Name as Lov_Name
From   MS_GRC_LOV_ORG_VALUES_V c,
si_locales a,si_users_t b 
where 
c.locale_id= a.locale_id
and a.locale_string = b.locale and b.user_name = :1 and  (trim(Lov_Name)='MS_GRC_Objective_Type')
and NVL(C.END_DATE,sysdate) >= sysdate and NVL(C.START_DATE,sysdate) <= sysdate 
and C.STORED_VALUE IN (select distinct '1' from SI_USER_ORG_ACT_VIEW where USER_NAME =:1
and ACTIVITY_NAME in ('GRC - View Business Objective',ms_grc_utilities.GET_TYPE_ACTIVITY('MS_GRC_OBJECTIVES',:2,1,'E'),'GRC - Approve Business Objective')
union all 
select distinct '2' from SI_USER_ORG_ACT_VIEW where USER_NAME =:1
and ACTIVITY_NAME in ('GRC - View Control Objective',ms_grc_utilities.GET_TYPE_ACTIVITY('MS_GRC_OBJECTIVES',:2,2,'E'),'GRC - Approve Control Objective')
union all 
select distinct '3' from SI_USER_ORG_ACT_VIEW where USER_NAME =:1
and ACTIVITY_NAME in ('GRC - View Process Objective',ms_grc_utilities.GET_TYPE_ACTIVITY('MS_GRC_OBJECTIVES',:2,3,'E'),'GRC - Approve Process Objective'))
order by stored_value asc</code></pre></td>
													</tr>
													<tr>
														<th>Description</th>
														<td>null</td>
													</tr>
												</tbody>
											</table>
										</div>

										<h2 align="center" id="content">Analysis Report</h2>
										<hr>

<header class="major"><h2>Plan hash value: 2241951393</h2></header><pre><code>
 
-----------------------------------------------------------------------------------------------------------------------------------------
| Id  | Operation                                              | Name                           | Rows  | Bytes | Cost (%CPU)| Time     |
-----------------------------------------------------------------------------------------------------------------------------------------
|   0 | SELECT STATEMENT                                       |                                |     1 |  2170 |   135   (3)| 00:00:02 |
|   1 |  SORT ORDER BY                                         |                                |     1 |  2170 |   135   (3)| 00:00:02 |
|   2 |   NESTED LOOPS OUTER                                   |                                |     1 |  2170 |   134   (3)| 00:00:02 |
|*  3 |    HASH JOIN                                           |                                |     1 |  2145 |   133   (3)| 00:00:02 |
|   4 |     NESTED LOOPS                                       |                                |     1 |  2132 |   127   (3)| 00:00:02 |
|   5 |      NESTED LOOPS                                      |                                |     1 |  2132 |   127   (3)| 00:00:02 |
|   6 |       NESTED LOOPS OUTER                               |                                |     1 |  2121 |   126   (3)| 00:00:02 |
|*  7 |        HASH JOIN                                       |                                |     1 |  2095 |   125   (3)| 00:00:02 |
<font style="background-color: lightblue; color: red">|*  8 |         TABLE ACCESS FULL                              | MS_QS_LOV_NAMES                |     9 |   315 |     9   (0)| 00:00:01 |</font>
|*  9 |         HASH JOIN                                      |                                |    18 | 37080 |   116   (3)| 00:00:02 |
|  10 |          NESTED LOOPS                                  |                                |     3 |    66 |    98   (4)| 00:00:02 |
|  11 |           TABLE ACCESS BY INDEX ROWID                  | SI_USERS_T                     |     1 |    19 |     1   (0)| 00:00:01 |
|* 12 |            INDEX UNIQUE SCAN                           | USER_NAME_UK                   |     1 |       |     1   (0)| 00:00:01 |
|  13 |           VIEW                                         | VW_NSO_1                       |     3 |     9 |    97   (4)| 00:00:02 |
|  14 |            SORT UNIQUE                                 |                                |     3 |  1422 |    97   (4)| 00:00:02 |
|  15 |             UNION-ALL                                  |                                |       |       |            |          |
|  16 |              SORT UNIQUE                               |                                |     1 |   219 |    32   (4)| 00:00:01 |
|* 17 |               HASH JOIN                                |                                |     1 |   219 |    31   (0)| 00:00:01 |
|  18 |                NESTED LOOPS OUTER                      |                                |     1 |   206 |    25   (0)| 00:00:01 |
|* 19 |                 HASH JOIN                              |                                |     1 |   197 |    24   (0)| 00:00:01 |
|  20 |                  NESTED LOOPS OUTER                    |                                |     1 |   189 |    14   (0)| 00:00:01 |
|* 21 |                   HASH JOIN                            |                                |     1 |   182 |    13   (0)| 00:00:01 |
|  22 |                    NESTED LOOPS                        |                                |     1 |   174 |     9   (0)| 00:00:01 |
|  23 |                     NESTED LOOPS                       |                                |     1 |   174 |     9   (0)| 00:00:01 |
|  24 |                      NESTED LOOPS                      |                                |     1 |   142 |     8   (0)| 00:00:01 |
|  25 |                       NESTED LOOPS                     |                                |     1 |   132 |     7   (0)| 00:00:01 |
|  26 |                        NESTED LOOPS                    |                                |     1 |   126 |     6   (0)| 00:00:01 |
|  27 |                         NESTED LOOPS                   |                                |     1 |   111 |     5   (0)| 00:00:01 |
|  28 |                          NESTED LOOPS                  |                                |     1 |   101 |     4   (0)| 00:00:01 |
|  29 |                           NESTED LOOPS                 |                                |     1 |    88 |     3   (0)| 00:00:01 |
|  30 |                            NESTED LOOPS                |                                |     1 |    56 |     2   (0)| 00:00:01 |
|* 31 |                             TABLE ACCESS BY INDEX ROWID| SI_USERS_T                     |     1 |    22 |     1   (0)| 00:00:01 |
|* 32 |                              INDEX UNIQUE SCAN         | USER_NAME_UK                   |     1 |       |     1   (0)| 00:00:01 |
|  33 |                             TABLE ACCESS BY INDEX ROWID| MS_QS_PARAMETER_NAMES          |     1 |    34 |     1   (0)| 00:00:01 |
|* 34 |                              INDEX RANGE SCAN          | MS_QS_PARAMETER_NAMES_N2       |     1 |       |     1   (0)| 00:00:01 |
|* 35 |                            INDEX RANGE SCAN            | MS_QS_PARAMETERTYPE_TYPEID_IDX |     1 |    32 |     1   (0)| 00:00:01 |
|* 36 |                           INDEX RANGE SCAN             | MS_QS_PARAMETER_VALUES_IDX     |     1 |    13 |     1   (0)| 00:00:01 |
|  37 |                          TABLE ACCESS BY INDEX ROWID   | SI_USER_ORG_ROLES              |     2 |    20 |     1   (0)| 00:00:01 |
|* 38 |                           INDEX RANGE SCAN             | SI_USER_ORG_ROLES_N1           |     2 |       |     1   (0)| 00:00:01 |
|* 39 |                         INDEX RANGE SCAN               | SI_ORG_ROLES_N3                |     1 |    15 |     1   (0)| 00:00:01 |
|* 40 |                        TABLE ACCESS BY INDEX ROWID     | SI_ORG_ENTITIES_T              |     1 |     6 |     1   (0)| 00:00:01 |
|* 41 |                         INDEX RANGE SCAN               | SI_ORG_ENTITIES_N5             |     1 |       |     1   (0)| 00:00:01 |
|* 42 |                       INDEX RANGE SCAN                 | SI_ROLE_ACTIVITIES_N2          |    23 |   230 |     1   (0)| 00:00:01 |
|* 43 |                      INDEX RANGE SCAN                  | SI_ACTIVITIES_N1               |     1 |       |     1   (0)| 00:00:01 |
|* 44 |                     TABLE ACCESS BY INDEX ROWID        | SI_ACTIVITIES_T                |     1 |    32 |     1   (0)| 00:00:01 |
|  45 |                    VIEW                                | SI_ORG_ENTITIES                |   113 |   904 |     4   (0)| 00:00:01 |
|  46 |                     NESTED LOOPS OUTER                 |                                |   113 |  1695 |     4   (0)| 00:00:01 |
<font style="background-color: lightblue; color: red">|  47 |                      TABLE ACCESS FULL                 | SI_ORG_ENTITIES_T              |   113 |   904 |     3   (0)| 00:00:01 |</font>
|* 48 |                      INDEX RANGE SCAN                  | SI_ORG_ENTITIES_TL_IDX         |     1 |     7 |     1   (0)| 00:00:01 |
|* 49 |                   INDEX RANGE SCAN                     | SI_ORG_ENTITIES_TL_IDX         |     1 |     7 |     1   (0)| 00:00:01 |
|  50 |                  VIEW                                  | SI_ROLES                       |   446 |  3568 |    10   (0)| 00:00:01 |
|* 51 |                   HASH JOIN                            |                                |   446 | 15164 |    10   (0)| 00:00:01 |
|  52 |                    NESTED LOOPS OUTER                  |                                |   115 |  2415 |     4   (0)| 00:00:01 |
<font style="background-color: lightblue; color: red">|  53 |                     TABLE ACCESS FULL                  | SI_ROLES_T                     |   115 |  1380 |     3   (0)| 00:00:01 |</font>
|* 54 |                     INDEX RANGE SCAN                   | SI_ROLES_TL_N2                 |     1 |     9 |     1   (0)| 00:00:01 |
|  55 |                    VIEW                                | SI_REGISTER_APPLICATION_V      |    66 |   858 |     6   (0)| 00:00:01 |
|  56 |                     UNION-ALL                          |                                |       |       |            |          |
|  57 |                      NESTED LOOPS OUTER                |                                |    65 |  2145 |     4   (0)| 00:00:01 |
<font style="background-color: lightblue; color: red">|  58 |                       TABLE ACCESS FULL                | SI_REGISTER_APPLICATION        |    65 |   455 |     3   (0)| 00:00:01 |</font>
|* 59 |                       INDEX RANGE SCAN                 | SI_REGISTER_APPLICATION_TL_N1  |     1 |    26 |     1   (0)| 00:00:01 |
|  60 |                      FAST DUAL                         |                                |     1 |       |     2   (0)| 00:00:01 |
|* 61 |                 INDEX RANGE SCAN                       | SI_ROLES_TL_N2                 |     1 |     9 |     1   (0)| 00:00:01 |
|  62 |                VIEW                                    | SI_REGISTER_APPLICATION_V      |    66 |   858 |     6   (0)| 00:00:01 |
|  63 |                 UNION-ALL                              |                                |       |       |            |          |
|  64 |                  NESTED LOOPS OUTER                    |                                |    65 |  2145 |     4   (0)| 00:00:01 |
<font style="background-color: lightblue; color: red">|  65 |                   TABLE ACCESS FULL                    | SI_REGISTER_APPLICATION        |    65 |   455 |     3   (0)| 00:00:01 |</font>
|* 66 |                   INDEX RANGE SCAN                     | SI_REGISTER_APPLICATION_TL_N1  |     1 |    26 |     1   (0)| 00:00:01 |
|  67 |                  FAST DUAL                             |                                |     1 |       |     2   (0)| 00:00:01 |
|  68 |              SORT UNIQUE                               |                                |     1 |   219 |    32   (4)| 00:00:01 |
|* 69 |               HASH JOIN                                |                                |     1 |   219 |    31   (0)| 00:00:01 |
|  70 |                NESTED LOOPS OUTER                      |                                |     1 |   206 |    25   (0)| 00:00:01 |
|* 71 |                 HASH JOIN                              |                                |     1 |   197 |    24   (0)| 00:00:01 |
|  72 |                  NESTED LOOPS OUTER                    |                                |     1 |   189 |    14   (0)| 00:00:01 |
|* 73 |                   HASH JOIN                            |                                |     1 |   182 |    13   (0)| 00:00:01 |
|  74 |                    NESTED LOOPS                        |                                |     1 |   174 |     9   (0)| 00:00:01 |
|  75 |                     NESTED LOOPS                       |                                |     1 |   174 |     9   (0)| 00:00:01 |
|  76 |                      NESTED LOOPS                      |                                |     1 |   142 |     8   (0)| 00:00:01 |
|  77 |                       NESTED LOOPS                     |                                |     1 |   132 |     7   (0)| 00:00:01 |
|  78 |                        NESTED LOOPS                    |                                |     1 |   126 |     6   (0)| 00:00:01 |
|  79 |                         NESTED LOOPS                   |                                |     1 |   111 |     5   (0)| 00:00:01 |
|  80 |                          NESTED LOOPS                  |                                |     1 |   101 |     4   (0)| 00:00:01 |
|  81 |                           NESTED LOOPS                 |                                |     1 |    88 |     3   (0)| 00:00:01 |
|  82 |                            NESTED LOOPS                |                                |     1 |    56 |     2   (0)| 00:00:01 |
|* 83 |                             TABLE ACCESS BY INDEX ROWID| SI_USERS_T                     |     1 |    22 |     1   (0)| 00:00:01 |
|* 84 |                              INDEX UNIQUE SCAN         | USER_NAME_UK                   |     1 |       |     1   (0)| 00:00:01 |
|  85 |                             TABLE ACCESS BY INDEX ROWID| MS_QS_PARAMETER_NAMES          |     1 |    34 |     1   (0)| 00:00:01 |
|* 86 |                              INDEX RANGE SCAN          | MS_QS_PARAMETER_NAMES_N2       |     1 |       |     1   (0)| 00:00:01 |
|* 87 |                            INDEX RANGE SCAN            | MS_QS_PARAMETERTYPE_TYPEID_IDX |     1 |    32 |     1   (0)| 00:00:01 |
|* 88 |                           INDEX RANGE SCAN             | MS_QS_PARAMETER_VALUES_IDX     |     1 |    13 |     1   (0)| 00:00:01 |
|  89 |                          TABLE ACCESS BY INDEX ROWID   | SI_USER_ORG_ROLES              |     2 |    20 |     1   (0)| 00:00:01 |
|* 90 |                           INDEX RANGE SCAN             | SI_USER_ORG_ROLES_N1           |     2 |       |     1   (0)| 00:00:01 |
|* 91 |                         INDEX RANGE SCAN               | SI_ORG_ROLES_N3                |     1 |    15 |     1   (0)| 00:00:01 |
|* 92 |                        TABLE ACCESS BY INDEX ROWID     | SI_ORG_ENTITIES_T              |     1 |     6 |     1   (0)| 00:00:01 |
|* 93 |                         INDEX RANGE SCAN               | SI_ORG_ENTITIES_N5             |     1 |       |     1   (0)| 00:00:01 |
|* 94 |                       INDEX RANGE SCAN                 | SI_ROLE_ACTIVITIES_N2          |    23 |   230 |     1   (0)| 00:00:01 |
|* 95 |                      INDEX RANGE SCAN                  | SI_ACTIVITIES_N1               |     1 |       |     1   (0)| 00:00:01 |
|* 96 |                     TABLE ACCESS BY INDEX ROWID        | SI_ACTIVITIES_T                |     1 |    32 |     1   (0)| 00:00:01 |
|  97 |                    VIEW                                | SI_ORG_ENTITIES                |   113 |   904 |     4   (0)| 00:00:01 |
|  98 |                     NESTED LOOPS OUTER                 |                                |   113 |  1695 |     4   (0)| 00:00:01 |
<font style="background-color: lightblue; color: red">|  99 |                      TABLE ACCESS FULL                 | SI_ORG_ENTITIES_T              |   113 |   904 |     3   (0)| 00:00:01 |</font>
|*100 |                      INDEX RANGE SCAN                  | SI_ORG_ENTITIES_TL_IDX         |     1 |     7 |     1   (0)| 00:00:01 |
|*101 |                   INDEX RANGE SCAN                     | SI_ORG_ENTITIES_TL_IDX         |     1 |     7 |     1   (0)| 00:00:01 |
| 102 |                  VIEW                                  | SI_ROLES                       |   446 |  3568 |    10   (0)| 00:00:01 |
|*103 |                   HASH JOIN                            |                                |   446 | 15164 |    10   (0)| 00:00:01 |
| 104 |                    NESTED LOOPS OUTER                  |                                |   115 |  2415 |     4   (0)| 00:00:01 |
<font style="background-color: lightblue; color: red">| 105 |                     TABLE ACCESS FULL                  | SI_ROLES_T                     |   115 |  1380 |     3   (0)| 00:00:01 |</font>
|*106 |                     INDEX RANGE SCAN                   | SI_ROLES_TL_N2                 |     1 |     9 |     1   (0)| 00:00:01 |
| 107 |                    VIEW                                | SI_REGISTER_APPLICATION_V      |    66 |   858 |     6   (0)| 00:00:01 |
| 108 |                     UNION-ALL                          |                                |       |       |            |          |
| 109 |                      NESTED LOOPS OUTER                |                                |    65 |  2145 |     4   (0)| 00:00:01 |
<font style="background-color: lightblue; color: red">| 110 |                       TABLE ACCESS FULL                | SI_REGISTER_APPLICATION        |    65 |   455 |     3   (0)| 00:00:01 |</font>
|*111 |                       INDEX RANGE SCAN                 | SI_REGISTER_APPLICATION_TL_N1  |     1 |    26 |     1   (0)| 00:00:01 |
| 112 |                      FAST DUAL                         |                                |     1 |       |     2   (0)| 00:00:01 |
|*113 |                 INDEX RANGE SCAN                       | SI_ROLES_TL_N2                 |     1 |     9 |     1   (0)| 00:00:01 |
| 114 |                VIEW                                    | SI_REGISTER_APPLICATION_V      |    66 |   858 |     6   (0)| 00:00:01 |
| 115 |                 UNION-ALL                              |                                |       |       |            |          |
| 116 |                  NESTED LOOPS OUTER                    |                                |    65 |  2145 |     4   (0)| 00:00:01 |
<font style="background-color: lightblue; color: red">| 117 |                   TABLE ACCESS FULL                    | SI_REGISTER_APPLICATION        |    65 |   455 |     3   (0)| 00:00:01 |</font>
|*118 |                   INDEX RANGE SCAN                     | SI_REGISTER_APPLICATION_TL_N1  |     1 |    26 |     1   (0)| 00:00:01 |
| 119 |                  FAST DUAL                             |                                |     1 |       |     2   (0)| 00:00:01 |
| 120 |              SORT UNIQUE                               |                                |     1 |   219 |    32   (4)| 00:00:01 |
|*121 |               HASH JOIN                                |                                |     1 |   219 |    31   (0)| 00:00:01 |
| 122 |                NESTED LOOPS OUTER                      |                                |     1 |   206 |    25   (0)| 00:00:01 |
|*123 |                 HASH JOIN                              |                                |     1 |   197 |    24   (0)| 00:00:01 |
| 124 |                  NESTED LOOPS OUTER                    |                                |     1 |   189 |    14   (0)| 00:00:01 |
|*125 |                   HASH JOIN                            |                                |     1 |   182 |    13   (0)| 00:00:01 |
| 126 |                    NESTED LOOPS                        |                                |     1 |   174 |     9   (0)| 00:00:01 |
| 127 |                     NESTED LOOPS                       |                                |     1 |   174 |     9   (0)| 00:00:01 |
| 128 |                      NESTED LOOPS                      |                                |     1 |   142 |     8   (0)| 00:00:01 |
| 129 |                       NESTED LOOPS                     |                                |     1 |   132 |     7   (0)| 00:00:01 |
| 130 |                        NESTED LOOPS                    |                                |     1 |   126 |     6   (0)| 00:00:01 |
| 131 |                         NESTED LOOPS                   |                                |     1 |   111 |     5   (0)| 00:00:01 |
| 132 |                          NESTED LOOPS                  |                                |     1 |   101 |     4   (0)| 00:00:01 |
| 133 |                           NESTED LOOPS                 |                                |     1 |    88 |     3   (0)| 00:00:01 |
| 134 |                            NESTED LOOPS                |                                |     1 |    56 |     2   (0)| 00:00:01 |
|*135 |                             TABLE ACCESS BY INDEX ROWID| SI_USERS_T                     |     1 |    22 |     1   (0)| 00:00:01 |
|*136 |                              INDEX UNIQUE SCAN         | USER_NAME_UK                   |     1 |       |     1   (0)| 00:00:01 |
| 137 |                             TABLE ACCESS BY INDEX ROWID| MS_QS_PARAMETER_NAMES          |     1 |    34 |     1   (0)| 00:00:01 |
|*138 |                              INDEX RANGE SCAN          | MS_QS_PARAMETER_NAMES_N2       |     1 |       |     1   (0)| 00:00:01 |
|*139 |                            INDEX RANGE SCAN            | MS_QS_PARAMETERTYPE_TYPEID_IDX |     1 |    32 |     1   (0)| 00:00:01 |
|*140 |                           INDEX RANGE SCAN             | MS_QS_PARAMETER_VALUES_IDX     |     1 |    13 |     1   (0)| 00:00:01 |
| 141 |                          TABLE ACCESS BY INDEX ROWID   | SI_USER_ORG_ROLES              |     2 |    20 |     1   (0)| 00:00:01 |
|*142 |                           INDEX RANGE SCAN             | SI_USER_ORG_ROLES_N1           |     2 |       |     1   (0)| 00:00:01 |
|*143 |                         INDEX RANGE SCAN               | SI_ORG_ROLES_N3                |     1 |    15 |     1   (0)| 00:00:01 |
|*144 |                        TABLE ACCESS BY INDEX ROWID     | SI_ORG_ENTITIES_T              |     1 |     6 |     1   (0)| 00:00:01 |
|*145 |                         INDEX RANGE SCAN               | SI_ORG_ENTITIES_N5             |     1 |       |     1   (0)| 00:00:01 |
|*146 |                       INDEX RANGE SCAN                 | SI_ROLE_ACTIVITIES_N2          |    23 |   230 |     1   (0)| 00:00:01 |
|*147 |                      INDEX RANGE SCAN                  | SI_ACTIVITIES_N1               |     1 |       |     1   (0)| 00:00:01 |
|*148 |                     TABLE ACCESS BY INDEX ROWID        | SI_ACTIVITIES_T                |     1 |    32 |     1   (0)| 00:00:01 |
| 149 |                    VIEW                                | SI_ORG_ENTITIES                |   113 |   904 |     4   (0)| 00:00:01 |
| 150 |                     NESTED LOOPS OUTER                 |                                |   113 |  1695 |     4   (0)| 00:00:01 |
<font style="background-color: lightblue; color: red">| 151 |                      TABLE ACCESS FULL                 | SI_ORG_ENTITIES_T              |   113 |   904 |     3   (0)| 00:00:01 |</font>
|*152 |                      INDEX RANGE SCAN                  | SI_ORG_ENTITIES_TL_IDX         |     1 |     7 |     1   (0)| 00:00:01 |
|*153 |                   INDEX RANGE SCAN                     | SI_ORG_ENTITIES_TL_IDX         |     1 |     7 |     1   (0)| 00:00:01 |
| 154 |                  VIEW                                  | SI_ROLES                       |   446 |  3568 |    10   (0)| 00:00:01 |
|*155 |                   HASH JOIN                            |                                |   446 | 15164 |    10   (0)| 00:00:01 |
| 156 |                    NESTED LOOPS OUTER                  |                                |   115 |  2415 |     4   (0)| 00:00:01 |
<font style="background-color: lightblue; color: red">| 157 |                     TABLE ACCESS FULL                  | SI_ROLES_T                     |   115 |  1380 |     3   (0)| 00:00:01 |</font>
|*158 |                     INDEX RANGE SCAN                   | SI_ROLES_TL_N2                 |     1 |     9 |     1   (0)| 00:00:01 |
| 159 |                    VIEW                                | SI_REGISTER_APPLICATION_V      |    66 |   858 |     6   (0)| 00:00:01 |
| 160 |                     UNION-ALL                          |                                |       |       |            |          |
| 161 |                      NESTED LOOPS OUTER                |                                |    65 |  2145 |     4   (0)| 00:00:01 |
<font style="background-color: lightblue; color: red">| 162 |                       TABLE ACCESS FULL                | SI_REGISTER_APPLICATION        |    65 |   455 |     3   (0)| 00:00:01 |</font>
|*163 |                       INDEX RANGE SCAN                 | SI_REGISTER_APPLICATION_TL_N1  |     1 |    26 |     1   (0)| 00:00:01 |
| 164 |                      FAST DUAL                         |                                |     1 |       |     2   (0)| 00:00:01 |
|*165 |                 INDEX RANGE SCAN                       | SI_ROLES_TL_N2                 |     1 |     9 |     1   (0)| 00:00:01 |
| 166 |                VIEW                                    | SI_REGISTER_APPLICATION_V      |    66 |   858 |     6   (0)| 00:00:01 |
| 167 |                 UNION-ALL                              |                                |       |       |            |          |
| 168 |                  NESTED LOOPS OUTER                    |                                |    65 |  2145 |     4   (0)| 00:00:01 |
<font style="background-color: lightblue; color: red">| 169 |                   TABLE ACCESS FULL                    | SI_REGISTER_APPLICATION        |    65 |   455 |     3   (0)| 00:00:01 |</font>
|*170 |                   INDEX RANGE SCAN                     | SI_REGISTER_APPLICATION_TL_N1  |     1 |    26 |     1   (0)| 00:00:01 |
| 171 |                  FAST DUAL                             |                                |     1 |       |     2   (0)| 00:00:01 |
| 172 |          VIEW                                          |                                |  4234 |  8426K|    18   (0)| 00:00:01 |
<font style="background-color: lightblue; color: red">| 173 |           MERGE JOIN CARTESIAN                         |                                |  4234 |   181K|    18   (0)| 00:00:01 |</font>
<font style="background-color: lightblue; color: red">|*174 |            TABLE ACCESS FULL                           | SI_LOCALES                     |     1 |     6 |     3   (0)| 00:00:01 |</font>
| 175 |            BUFFER SORT                                 |                                |  4234 |   157K|    15   (0)| 00:00:01 |
<font style="background-color: lightblue; color: red">|*176 |             TABLE ACCESS FULL                          | MS_QS_LIST_OF_VALUES_T         |  4234 |   157K|    15   (0)| 00:00:01 |</font>
|*177 |        INDEX RANGE SCAN                                | MS_QS_LOV_NAMES_TL_IDX         |     1 |    26 |     1   (0)| 00:00:01 |
|*178 |       INDEX UNIQUE SCAN                                | SI_LOCALES_U1                  |     1 |       |     1   (0)| 00:00:01 |
|*179 |      TABLE ACCESS BY INDEX ROWID                       | SI_LOCALES                     |     1 |    11 |     1   (0)| 00:00:01 |
| 180 |     VIEW                                               | SI_REGISTER_APPLICATION_V      |    66 |   858 |     6   (0)| 00:00:01 |
| 181 |      UNION-ALL                                         |                                |       |       |            |          |
| 182 |       NESTED LOOPS OUTER                               |                                |    65 |  2145 |     4   (0)| 00:00:01 |
<font style="background-color: lightblue; color: red">| 183 |        TABLE ACCESS FULL                               | SI_REGISTER_APPLICATION        |    65 |   455 |     3   (0)| 00:00:01 |</font>
|*184 |        INDEX RANGE SCAN                                | SI_REGISTER_APPLICATION_TL_N1  |     1 |    26 |     1   (0)| 00:00:01 |
| 185 |       FAST DUAL                                        |                                |     1 |       |     2   (0)| 00:00:01 |
| 186 |    TABLE ACCESS BY INDEX ROWID                         | MS_QS_LIST_OF_VALUES_TL        |     1 |    25 |     1   (0)| 00:00:01 |
|*187 |     INDEX RANGE SCAN                                   | MS_QS_LIST_OF_VALUES_TL_IDX    |     1 |       |     1   (0)| 00:00:01 |
-----------------------------------------------------------------------------------------------------------------------------------------
 
</code></pre><header class="major"><h2>Query Block Name / Object Alias (identified by operation id):</h2></header><pre><code>
 
   1 - SEL$D5C930D6
   8 - SEL$D5C930D6 / T@SEL$7
  11 - SEL$D5C930D6 / B@SEL$1
  12 - SEL$D5C930D6 / B@SEL$1
  13 - SET$BEF9A72B / VW_NSO_1@SEL$D5C930D6
  14 - SET$BEF9A72B
  16 - SEL$50AE96FF
  31 - SEL$50AE96FF / USERS@SEL$17
  32 - SEL$50AE96FF / USERS@SEL$17
  33 - SEL$50AE96FF / PNAME@SEL$17
  34 - SEL$50AE96FF / PNAME@SEL$17
  35 - SEL$50AE96FF / PTYPE@SEL$17
  36 - SEL$50AE96FF / PVALUE@SEL$17
  37 - SEL$50AE96FF / D@SEL$18
  38 - SEL$50AE96FF / D@SEL$18
  39 - SEL$50AE96FF / A@SEL$18
  40 - SEL$50AE96FF / ORGS@SEL$17
  41 - SEL$50AE96FF / ORGS@SEL$17
  42 - SEL$50AE96FF / ROLE_ACT@SEL$17
  43 - SEL$50AE96FF / ACT@SEL$17
  44 - SEL$50AE96FF / ACT@SEL$17
  45 - SEL$28       / B@SEL$18
  46 - SEL$28      
  47 - SEL$28       / T@SEL$28
  48 - SEL$28       / TL@SEL$28
  49 - SEL$50AE96FF / BL@SEL$18
  50 - SEL$F7A62D4D / C@SEL$18
  51 - SEL$F7A62D4D
  53 - SEL$F7A62D4D / T@SEL$30
  54 - SEL$F7A62D4D / TL@SEL$30
  55 - SET$4        / SRA@SEL$29
  56 - SET$4       
  57 - SEL$31      
  58 - SEL$31       / T@SEL$31
  59 - SEL$31       / TL@SEL$31
  60 - SEL$34       / DUAL@SEL$34
  61 - SEL$50AE96FF / CL@SEL$18
  62 - SET$3        / SRA@SEL$19
  63 - SET$3       
  64 - SEL$20      
  65 - SEL$20       / T@SEL$20
  66 - SEL$20       / TL@SEL$20
  67 - SEL$23       / DUAL@SEL$23
  68 - SEL$20CF863E
  83 - SEL$20CF863E / USERS@SEL$40
  84 - SEL$20CF863E / USERS@SEL$40
  85 - SEL$20CF863E / PNAME@SEL$40
  86 - SEL$20CF863E / PNAME@SEL$40
  87 - SEL$20CF863E / PTYPE@SEL$40
  88 - SEL$20CF863E / PVALUE@SEL$40
  89 - SEL$20CF863E / D@SEL$41
  90 - SEL$20CF863E / D@SEL$41
  91 - SEL$20CF863E / A@SEL$41
  92 - SEL$20CF863E / ORGS@SEL$40
  93 - SEL$20CF863E / ORGS@SEL$40
  94 - SEL$20CF863E / ROLE_ACT@SEL$40
  95 - SEL$20CF863E / ACT@SEL$40
  96 - SEL$20CF863E / ACT@SEL$40
  97 - SEL$51       / B@SEL$41
  98 - SEL$51      
  99 - SEL$51       / T@SEL$51
 100 - SEL$51       / TL@SEL$51
 101 - SEL$20CF863E / BL@SEL$41
 102 - SEL$A384D0E3 / C@SEL$41
 103 - SEL$A384D0E3
 105 - SEL$A384D0E3 / T@SEL$53
 106 - SEL$A384D0E3 / TL@SEL$53
 107 - SET$6        / SRA@SEL$52
 108 - SET$6       
 109 - SEL$54      
 110 - SEL$54       / T@SEL$54
 111 - SEL$54       / TL@SEL$54
 112 - SEL$57       / DUAL@SEL$57
 113 - SEL$20CF863E / CL@SEL$41
 114 - SET$5        / SRA@SEL$42
 115 - SET$5       
 116 - SEL$43      
 117 - SEL$43       / T@SEL$43
 118 - SEL$43       / TL@SEL$43
 119 - SEL$46       / DUAL@SEL$46
 120 - SEL$7712E703
 135 - SEL$7712E703 / USERS@SEL$63
 136 - SEL$7712E703 / USERS@SEL$63
 137 - SEL$7712E703 / PNAME@SEL$63
 138 - SEL$7712E703 / PNAME@SEL$63
 139 - SEL$7712E703 / PTYPE@SEL$63
 140 - SEL$7712E703 / PVALUE@SEL$63
 141 - SEL$7712E703 / D@SEL$64
 142 - SEL$7712E703 / D@SEL$64
 143 - SEL$7712E703 / A@SEL$64
 144 - SEL$7712E703 / ORGS@SEL$63
 145 - SEL$7712E703 / ORGS@SEL$63
 146 - SEL$7712E703 / ROLE_ACT@SEL$63
 147 - SEL$7712E703 / ACT@SEL$63
 148 - SEL$7712E703 / ACT@SEL$63
 149 - SEL$74       / B@SEL$64
 150 - SEL$74      
 151 - SEL$74       / T@SEL$74
 152 - SEL$74       / TL@SEL$74
 153 - SEL$7712E703 / BL@SEL$64
 154 - SEL$5BBBDBCA / C@SEL$64
 155 - SEL$5BBBDBCA
 157 - SEL$5BBBDBCA / T@SEL$76
 158 - SEL$5BBBDBCA / TL@SEL$76
 159 - SET$8        / SRA@SEL$75
 160 - SET$8       
 161 - SEL$77      
 162 - SEL$77       / T@SEL$77
 163 - SEL$77       / TL@SEL$77
 164 - SEL$80       / DUAL@SEL$80
 165 - SEL$7712E703 / CL@SEL$64
 166 - SET$7        / SRA@SEL$65
 167 - SET$7       
 168 - SEL$66      
 169 - SEL$66       / T@SEL$66
 170 - SEL$66       / TL@SEL$66
 171 - SEL$69       / DUAL@SEL$69
 172 - SEL$7286615E / X@SEL$3
 173 - SEL$7286615E
 174 - SEL$7286615E / SI_LOCALES@SEL$5
 176 - SEL$7286615E / T@SEL$4
 177 - SEL$D5C930D6 / TL@SEL$7
 178 - SEL$D5C930D6 / A@SEL$1
 179 - SEL$D5C930D6 / A@SEL$1
 180 - SET$1        / SRA@SEL$6
 181 - SET$1       
 182 - SEL$8       
 183 - SEL$8        / T@SEL$8
 184 - SEL$8        / TL@SEL$8
 185 - SEL$11       / DUAL@SEL$11
 186 - SEL$D5C930D6 / TL@SEL$3
 187 - SEL$D5C930D6 / TL@SEL$3
 
</code></pre><header class="major"><h2>Predicate Information (identified by operation id):</h2></header><pre><code>
 
   3 - access(NVL("PACKAGE_ID",0)=NVL("SRA"."PACKAGE_ID",0))
   7 - access("X"."LOV_ID"="T"."LOV_ID")
   8 - filter(TRIM("T"."LOV_NAME")='MS_GRC_Objective_Type')
   9 - access("X"."STORED_VALUE"="'1'")
  12 - access("B"."USER_NAME"=:1)
  17 - access(NVL("PACKAGE_ID",0)=NVL("SRA"."PACKAGE_ID",0))
  19 - access("C"."ROLE_ID"="A"."ROLE_ID" AND "C"."ENTERPRISE_ID"="B"."ENTERPRISE_ID")
  21 - access("B"."ORG_ENTITY_ID"="A"."ORG_ENTITY_ID")
  31 - filter(NVL("USERS"."END_DATE",SYSDATE@!)>=SYSDATE@! AND "USERS"."USER_ID" IS NOT NULL)
  32 - access("USERS"."USER_NAME"=:1)
  34 - access(UPPER("PARAMETER_NAME")='DISPLAY_FORMAT')
  35 - access("PTYPE"."PARAMETER_TYPE_ID"="PNAME"."PARAMETER_TYPE_ID" AND UPPER("PARAMETER_TYPE")='MS APPS USER NAME DISPLAY 
              FORMAT')
  36 - access("PTYPE"."PARAMETER_TYPE_ID"="PVALUE"."PARAMETER_TYPE_ID" AND "PNAME"."PARAMETER_ID"="PVALUE"."PARAMETER_ID" AND 
              "PVALUE"."ORG_ENTITY_ID"=1)
  38 - access("USERS"."USER_ID"="D"."USER_ID")
  39 - access("D"."ORG_ROLE_ID"="A"."ORG_ROLE_ID")
  40 - filter(NVL("ORGS"."END_DATE",SYSDATE@!)>=SYSDATE@!)
  41 - access("ORGS"."ORG_ENTITY_ID"="A"."ORG_ENTITY_ID")
  42 - access("ROLE_ACT"."ROLE_ID"="A"."ROLE_ID")
  43 - access("ROLE_ACT"."ACTIVITY_ID"="ACT"."ACTIVITY_ID")
  44 - filter("ACT"."ACTIVITY_NAME"='GRC - Approve Business Objective' OR "ACT"."ACTIVITY_NAME"='GRC - View Business Objective' 
              OR "ACT"."ACTIVITY_NAME"="MS_GRC_UTILITIES"."GET_TYPE_ACTIVITY"('MS_GRC_OBJECTIVES',:2,'1','E'))
  48 - access("T"."ORG_ENTITY_ID"="TL"."ORG_ENTITY_ID"(+) AND "TL"."LOCALE_ID"(+)=TO_NUMBER("SI_DB_LOCALE_SV"."GETVALUE"()))
  49 - access("B"."ORG_ENTITY_ID"="BL"."ORG_ENTITY_ID"(+) AND "BL"."LOCALE_ID"(+)=TO_NUMBER("SI_DB_LOCALE_SV"."GETVALUE"()))
  51 - access(NVL("PACKAGE_ID",0)=NVL("SRA"."PACKAGE_ID",0))
  54 - access("T"."ROLE_ID"="TL"."ROLE_ID"(+) AND "TL"."LOCALE_ID"(+)=TO_NUMBER("SI_DB_LOCALE_SV"."GETVALUE"()))
  59 - access("TL"."MODULE_ID"(+)="T"."MODULE_ID" AND "TL"."LOCALE_ID"(+)=TO_NUMBER("SI_DB_LOCALE_SV"."GETVALUE"()))
  61 - access("C"."ROLE_ID"="CL"."ROLE_ID"(+) AND "CL"."LOCALE_ID"(+)=TO_NUMBER("SI_DB_LOCALE_SV"."GETVALUE"()))
  66 - access("TL"."MODULE_ID"(+)="T"."MODULE_ID" AND "TL"."LOCALE_ID"(+)=TO_NUMBER("SI_DB_LOCALE_SV"."GETVALUE"()))
  69 - access(NVL("PACKAGE_ID",0)=NVL("SRA"."PACKAGE_ID",0))
  71 - access("C"."ROLE_ID"="A"."ROLE_ID" AND "C"."ENTERPRISE_ID"="B"."ENTERPRISE_ID")
  73 - access("B"."ORG_ENTITY_ID"="A"."ORG_ENTITY_ID")
  83 - filter(NVL("USERS"."END_DATE",SYSDATE@!)>=SYSDATE@! AND "USERS"."USER_ID" IS NOT NULL)
  84 - access("USERS"."USER_NAME"=:1)
  86 - access(UPPER("PARAMETER_NAME")='DISPLAY_FORMAT')
  87 - access("PTYPE"."PARAMETER_TYPE_ID"="PNAME"."PARAMETER_TYPE_ID" AND UPPER("PARAMETER_TYPE")='MS APPS USER NAME DISPLAY 
              FORMAT')
  88 - access("PTYPE"."PARAMETER_TYPE_ID"="PVALUE"."PARAMETER_TYPE_ID" AND "PNAME"."PARAMETER_ID"="PVALUE"."PARAMETER_ID" AND 
              "PVALUE"."ORG_ENTITY_ID"=1)
  90 - access("USERS"."USER_ID"="D"."USER_ID")
  91 - access("D"."ORG_ROLE_ID"="A"."ORG_ROLE_ID")
  92 - filter(NVL("ORGS"."END_DATE",SYSDATE@!)>=SYSDATE@!)
  93 - access("ORGS"."ORG_ENTITY_ID"="A"."ORG_ENTITY_ID")
  94 - access("ROLE_ACT"."ROLE_ID"="A"."ROLE_ID")
  95 - access("ROLE_ACT"."ACTIVITY_ID"="ACT"."ACTIVITY_ID")
  96 - filter("ACT"."ACTIVITY_NAME"='GRC - Approve Control Objective' OR "ACT"."ACTIVITY_NAME"='GRC - View Control Objective' OR 
              "ACT"."ACTIVITY_NAME"="MS_GRC_UTILITIES"."GET_TYPE_ACTIVITY"('MS_GRC_OBJECTIVES',:2,'2','E'))
 100 - access("T"."ORG_ENTITY_ID"="TL"."ORG_ENTITY_ID"(+) AND "TL"."LOCALE_ID"(+)=TO_NUMBER("SI_DB_LOCALE_SV"."GETVALUE"()))
 101 - access("B"."ORG_ENTITY_ID"="BL"."ORG_ENTITY_ID"(+) AND "BL"."LOCALE_ID"(+)=TO_NUMBER("SI_DB_LOCALE_SV"."GETVALUE"()))
 103 - access(NVL("PACKAGE_ID",0)=NVL("SRA"."PACKAGE_ID",0))
 106 - access("T"."ROLE_ID"="TL"."ROLE_ID"(+) AND "TL"."LOCALE_ID"(+)=TO_NUMBER("SI_DB_LOCALE_SV"."GETVALUE"()))
 111 - access("TL"."MODULE_ID"(+)="T"."MODULE_ID" AND "TL"."LOCALE_ID"(+)=TO_NUMBER("SI_DB_LOCALE_SV"."GETVALUE"()))
 113 - access("C"."ROLE_ID"="CL"."ROLE_ID"(+) AND "CL"."LOCALE_ID"(+)=TO_NUMBER("SI_DB_LOCALE_SV"."GETVALUE"()))
 118 - access("TL"."MODULE_ID"(+)="T"."MODULE_ID" AND "TL"."LOCALE_ID"(+)=TO_NUMBER("SI_DB_LOCALE_SV"."GETVALUE"()))
 121 - access(NVL("PACKAGE_ID",0)=NVL("SRA"."PACKAGE_ID",0))
 123 - access("C"."ROLE_ID"="A"."ROLE_ID" AND "C"."ENTERPRISE_ID"="B"."ENTERPRISE_ID")
 125 - access("B"."ORG_ENTITY_ID"="A"."ORG_ENTITY_ID")
 135 - filter(NVL("USERS"."END_DATE",SYSDATE@!)>=SYSDATE@! AND "USERS"."USER_ID" IS NOT NULL)
 136 - access("USERS"."USER_NAME"=:1)
 138 - access(UPPER("PARAMETER_NAME")='DISPLAY_FORMAT')
 139 - access("PTYPE"."PARAMETER_TYPE_ID"="PNAME"."PARAMETER_TYPE_ID" AND UPPER("PARAMETER_TYPE")='MS APPS USER NAME DISPLAY 
              FORMAT')
 140 - access("PTYPE"."PARAMETER_TYPE_ID"="PVALUE"."PARAMETER_TYPE_ID" AND "PNAME"."PARAMETER_ID"="PVALUE"."PARAMETER_ID" AND 
              "PVALUE"."ORG_ENTITY_ID"=1)
 142 - access("USERS"."USER_ID"="D"."USER_ID")
 143 - access("D"."ORG_ROLE_ID"="A"."ORG_ROLE_ID")
 144 - filter(NVL("ORGS"."END_DATE",SYSDATE@!)>=SYSDATE@!)
 145 - access("ORGS"."ORG_ENTITY_ID"="A"."ORG_ENTITY_ID")
 146 - access("ROLE_ACT"."ROLE_ID"="A"."ROLE_ID")
 147 - access("ROLE_ACT"."ACTIVITY_ID"="ACT"."ACTIVITY_ID")
 148 - filter("ACT"."ACTIVITY_NAME"='GRC - Approve Process Objective' OR "ACT"."ACTIVITY_NAME"='GRC - View Process Objective' OR 
              "ACT"."ACTIVITY_NAME"="MS_GRC_UTILITIES"."GET_TYPE_ACTIVITY"('MS_GRC_OBJECTIVES',:2,'3','E'))
 152 - access("T"."ORG_ENTITY_ID"="TL"."ORG_ENTITY_ID"(+) AND "TL"."LOCALE_ID"(+)=TO_NUMBER("SI_DB_LOCALE_SV"."GETVALUE"()))
 153 - access("B"."ORG_ENTITY_ID"="BL"."ORG_ENTITY_ID"(+) AND "BL"."LOCALE_ID"(+)=TO_NUMBER("SI_DB_LOCALE_SV"."GETVALUE"()))
 155 - access(NVL("PACKAGE_ID",0)=NVL("SRA"."PACKAGE_ID",0))
 158 - access("T"."ROLE_ID"="TL"."ROLE_ID"(+) AND "TL"."LOCALE_ID"(+)=TO_NUMBER("SI_DB_LOCALE_SV"."GETVALUE"()))
 163 - access("TL"."MODULE_ID"(+)="T"."MODULE_ID" AND "TL"."LOCALE_ID"(+)=TO_NUMBER("SI_DB_LOCALE_SV"."GETVALUE"()))
 165 - access("C"."ROLE_ID"="CL"."ROLE_ID"(+) AND "CL"."LOCALE_ID"(+)=TO_NUMBER("SI_DB_LOCALE_SV"."GETVALUE"()))
 170 - access("TL"."MODULE_ID"(+)="T"."MODULE_ID" AND "TL"."LOCALE_ID"(+)=TO_NUMBER("SI_DB_LOCALE_SV"."GETVALUE"()))
 174 - filter("ENABLED_FLAG"='Y')
 176 - filter(NVL("T"."END_DATE",SYSDATE@!)>=SYSDATE@! AND NVL("T"."START_DATE",SYSDATE@!)<=SYSDATE@!)
 177 - access("T"."LOV_ID"="TL"."LOV_ID"(+) AND "TL"."LOCALE_ID"(+)=TO_NUMBER("SI_DB_LOCALE_SV"."GETVALUE"()))
 178 - access("X"."LOCALE_ID"="A"."LOCALE_ID")
 179 - filter("A"."LOCALE_STRING"="B"."LOCALE")
 184 - access("TL"."MODULE_ID"(+)="T"."MODULE_ID" AND "TL"."LOCALE_ID"(+)=TO_NUMBER("SI_DB_LOCALE_SV"."GETVALUE"()))
 187 - access("X"."LOV_VALUE_ID"="TL"."LOV_VALUE_ID"(+) AND "X"."LOCALE_ID"="TL"."LOCALE_ID"(+))
 
</code></pre><header class="major"><h2>Column Projection Information (identified by operation id):</h2></header><pre><code>
 
   1 - (#keys=1) "X"."STORED_VALUE"[VARCHAR2,400], "T"."LOV_NAME"[VARCHAR2,400], 
       NVL("TL"."DISPLAYED_VALUE","X"."DISPLAYED_VALUE")[4000]
   2 - (#keys=0) "T"."LOV_NAME"[VARCHAR2,400], "X"."STORED_VALUE"[VARCHAR2,400], "X"."DISPLAYED_VALUE"[VARCHAR2,4000], 
       "TL"."DISPLAYED_VALUE"[VARCHAR2,4000]
   3 - (#keys=1) "T"."LOV_NAME"[VARCHAR2,400], "X"."STORED_VALUE"[VARCHAR2,400], "X"."LOV_VALUE_ID"[NUMBER,22], 
       "X"."DISPLAYED_VALUE"[VARCHAR2,4000], "X"."LOCALE_ID"[NUMBER,22]
   4 - (#keys=0) "T"."LOV_NAME"[VARCHAR2,400], "PACKAGE_ID"[NUMBER,22], "X"."STORED_VALUE"[VARCHAR2,400], 
       "X"."LOV_VALUE_ID"[NUMBER,22], "X"."DISPLAYED_VALUE"[VARCHAR2,4000], "X"."LOCALE_ID"[NUMBER,22]
   5 - (#keys=0) "T"."LOV_NAME"[VARCHAR2,400], "PACKAGE_ID"[NUMBER,22], "X"."STORED_VALUE"[VARCHAR2,400], 
       "B"."LOCALE"[VARCHAR2,400], "X"."LOV_VALUE_ID"[NUMBER,22], "X"."DISPLAYED_VALUE"[VARCHAR2,4000], "X"."LOCALE_ID"[NUMBER,22], 
       "A".ROWID[ROWID,10]
   6 - (#keys=0) "T"."LOV_NAME"[VARCHAR2,400], "PACKAGE_ID"[NUMBER,22], "X"."STORED_VALUE"[VARCHAR2,400], 
       "B"."LOCALE"[VARCHAR2,400], "X"."LOV_VALUE_ID"[NUMBER,22], "X"."DISPLAYED_VALUE"[VARCHAR2,4000], "X"."LOCALE_ID"[NUMBER,22]
   7 - (#keys=1) "T"."LOV_ID"[NUMBER,22], "T"."LOV_NAME"[VARCHAR2,400], "PACKAGE_ID"[NUMBER,22], 
       "X"."STORED_VALUE"[VARCHAR2,400], "B"."LOCALE"[VARCHAR2,400], "X"."LOV_VALUE_ID"[NUMBER,22], 
       "X"."DISPLAYED_VALUE"[VARCHAR2,4000], "X"."LOCALE_ID"[NUMBER,22]
   8 - "T"."LOV_NAME"[VARCHAR2,400], "T"."LOV_ID"[NUMBER,22], "PACKAGE_ID"[NUMBER,22]
   9 - (#keys=1) "X"."STORED_VALUE"[VARCHAR2,400], "B"."LOCALE"[VARCHAR2,400], "X"."LOV_VALUE_ID"[NUMBER,22], 
       "X"."LOV_ID"[NUMBER,22], "X"."DISPLAYED_VALUE"[VARCHAR2,4000], "X"."LOCALE_ID"[NUMBER,22]
  10 - (#keys=0) "B"."LOCALE"[VARCHAR2,400], "'1'"[CHARACTER,1]
  11 - "B"."LOCALE"[VARCHAR2,400]
  12 - "B".ROWID[ROWID,10]
  13 - "'1'"[CHARACTER,1]
  14 - (#keys=1) STRDEF[1]
  15 - STRDEF[1]
  16 - (#keys=1) '1'[1]
  17 - (#keys=1) 
  18 - (#keys=0) "PACKAGE_ID"[NUMBER,22]
  19 - (#keys=2) "C"."ROLE_ID"[NUMBER,22], "PACKAGE_ID"[NUMBER,22]
  20 - (#keys=0) "PACKAGE_ID"[NUMBER,22], "A"."ROLE_ID"[NUMBER,22], "B"."ENTERPRISE_ID"[NUMBER,22]
  21 - (#keys=1) "B"."ORG_ENTITY_ID"[NUMBER,22], "PACKAGE_ID"[NUMBER,22], "A"."ROLE_ID"[NUMBER,22], 
       "B"."ENTERPRISE_ID"[NUMBER,22]
  22 - (#keys=0) "PACKAGE_ID"[NUMBER,22], "A"."ORG_ENTITY_ID"[NUMBER,22], "A"."ROLE_ID"[NUMBER,22]
  23 - (#keys=0) "PACKAGE_ID"[NUMBER,22], "A"."ORG_ENTITY_ID"[NUMBER,22], "A"."ROLE_ID"[NUMBER,22], "ACT".ROWID[ROWID,10]
  24 - (#keys=0) "PACKAGE_ID"[NUMBER,22], "A"."ORG_ENTITY_ID"[NUMBER,22], "A"."ROLE_ID"[NUMBER,22], 
       "ROLE_ACT"."ACTIVITY_ID"[NUMBER,22]
  25 - (#keys=0) "PACKAGE_ID"[NUMBER,22], "A"."ORG_ENTITY_ID"[NUMBER,22], "A"."ROLE_ID"[NUMBER,22]
  26 - (#keys=0) "PACKAGE_ID"[NUMBER,22], "A"."ORG_ENTITY_ID"[NUMBER,22], "A"."ROLE_ID"[NUMBER,22]
  27 - (#keys=0) "PACKAGE_ID"[NUMBER,22], "D"."ORG_ROLE_ID"[NUMBER,22]
  28 - (#keys=0) "USERS"."USER_ID"[NUMBER,22], "PACKAGE_ID"[NUMBER,22]
  29 - (#keys=0) "USERS"."USER_ID"[NUMBER,22], "PACKAGE_ID"[NUMBER,22], "PNAME"."PARAMETER_ID"[NUMBER,22], 
       "PTYPE"."PARAMETER_TYPE_ID"[NUMBER,22]
  30 - (#keys=0) "USERS"."USER_ID"[NUMBER,22], "PACKAGE_ID"[NUMBER,22], "PNAME"."PARAMETER_ID"[NUMBER,22], 
       "PNAME"."PARAMETER_TYPE_ID"[NUMBER,22]
  31 - "USERS"."USER_ID"[NUMBER,22], "PACKAGE_ID"[NUMBER,22]
  32 - "USERS".ROWID[ROWID,10]
  33 - "PNAME"."PARAMETER_ID"[NUMBER,22], "PNAME"."PARAMETER_TYPE_ID"[NUMBER,22]
  34 - "PNAME".ROWID[ROWID,10], UPPER("PARAMETER_NAME")[VARCHAR2,400]
  35 - "PTYPE"."PARAMETER_TYPE_ID"[NUMBER,22]
  37 - "D"."ORG_ROLE_ID"[NUMBER,22]
  38 - "D".ROWID[ROWID,10]
  39 - "A"."ORG_ENTITY_ID"[NUMBER,22], "A"."ROLE_ID"[NUMBER,22]
  41 - "ORGS".ROWID[ROWID,10]
  42 - "ROLE_ACT"."ACTIVITY_ID"[NUMBER,22]
  43 - "ACT".ROWID[ROWID,10]
  45 - "B"."ENTERPRISE_ID"[NUMBER,22], "B"."ORG_ENTITY_ID"[NUMBER,22]
  46 - (#keys=0) "T"."ENTERPRISE_ID"[NUMBER,22], "T"."ORG_ENTITY_ID"[NUMBER,22]
  47 - "T"."ENTERPRISE_ID"[NUMBER,22], "T"."ORG_ENTITY_ID"[NUMBER,22]
  50 - "C"."ENTERPRISE_ID"[NUMBER,22], "C"."ROLE_ID"[NUMBER,22]
  51 - (#keys=1) "ENTERPRISE_ID"[NUMBER,22], "T"."ROLE_ID"[NUMBER,22]
  52 - (#keys=0) "ENTERPRISE_ID"[NUMBER,22], "T"."ROLE_ID"[NUMBER,22], "PACKAGE_ID"[NUMBER,22]
  53 - "ENTERPRISE_ID"[NUMBER,22], "T"."ROLE_ID"[NUMBER,22], "PACKAGE_ID"[NUMBER,22]
  55 - "SRA"."PACKAGE_ID"[NUMBER,22]
  56 - STRDEF[22]
  57 - (#keys=0) "T"."MODULE_ID"[NUMBER,22]
  58 - "T"."MODULE_ID"[NUMBER,22]
  62 - "SRA"."PACKAGE_ID"[NUMBER,22]
  63 - STRDEF[22]
  64 - (#keys=0) "T"."MODULE_ID"[NUMBER,22]
  65 - "T"."MODULE_ID"[NUMBER,22]
  68 - (#keys=1) '2'[1]
  69 - (#keys=1) 
  70 - (#keys=0) "PACKAGE_ID"[NUMBER,22]
  71 - (#keys=2) "C"."ROLE_ID"[NUMBER,22], "PACKAGE_ID"[NUMBER,22]
  72 - (#keys=0) "PACKAGE_ID"[NUMBER,22], "A"."ROLE_ID"[NUMBER,22], "B"."ENTERPRISE_ID"[NUMBER,22]
  73 - (#keys=1) "B"."ORG_ENTITY_ID"[NUMBER,22], "PACKAGE_ID"[NUMBER,22], "A"."ROLE_ID"[NUMBER,22], 
       "B"."ENTERPRISE_ID"[NUMBER,22]
  74 - (#keys=0) "PACKAGE_ID"[NUMBER,22], "A"."ORG_ENTITY_ID"[NUMBER,22], "A"."ROLE_ID"[NUMBER,22]
  75 - (#keys=0) "PACKAGE_ID"[NUMBER,22], "A"."ORG_ENTITY_ID"[NUMBER,22], "A"."ROLE_ID"[NUMBER,22], "ACT".ROWID[ROWID,10]
  76 - (#keys=0) "PACKAGE_ID"[NUMBER,22], "A"."ORG_ENTITY_ID"[NUMBER,22], "A"."ROLE_ID"[NUMBER,22], 
       "ROLE_ACT"."ACTIVITY_ID"[NUMBER,22]
  77 - (#keys=0) "PACKAGE_ID"[NUMBER,22], "A"."ORG_ENTITY_ID"[NUMBER,22], "A"."ROLE_ID"[NUMBER,22]
  78 - (#keys=0) "PACKAGE_ID"[NUMBER,22], "A"."ORG_ENTITY_ID"[NUMBER,22], "A"."ROLE_ID"[NUMBER,22]
  79 - (#keys=0) "PACKAGE_ID"[NUMBER,22], "D"."ORG_ROLE_ID"[NUMBER,22]
  80 - (#keys=0) "USERS"."USER_ID"[NUMBER,22], "PACKAGE_ID"[NUMBER,22]
  81 - (#keys=0) "USERS"."USER_ID"[NUMBER,22], "PACKAGE_ID"[NUMBER,22], "PNAME"."PARAMETER_ID"[NUMBER,22], 
       "PTYPE"."PARAMETER_TYPE_ID"[NUMBER,22]
  82 - (#keys=0) "USERS"."USER_ID"[NUMBER,22], "PACKAGE_ID"[NUMBER,22], "PNAME"."PARAMETER_ID"[NUMBER,22], 
       "PNAME"."PARAMETER_TYPE_ID"[NUMBER,22]
  83 - "USERS"."USER_ID"[NUMBER,22], "PACKAGE_ID"[NUMBER,22]
  84 - "USERS".ROWID[ROWID,10]
  85 - "PNAME"."PARAMETER_ID"[NUMBER,22], "PNAME"."PARAMETER_TYPE_ID"[NUMBER,22]
  86 - "PNAME".ROWID[ROWID,10], UPPER("PARAMETER_NAME")[VARCHAR2,400]
  87 - "PTYPE"."PARAMETER_TYPE_ID"[NUMBER,22]
  89 - "D"."ORG_ROLE_ID"[NUMBER,22]
  90 - "D".ROWID[ROWID,10]
  91 - "A"."ORG_ENTITY_ID"[NUMBER,22], "A"."ROLE_ID"[NUMBER,22]
  93 - "ORGS".ROWID[ROWID,10]
  94 - "ROLE_ACT"."ACTIVITY_ID"[NUMBER,22]
  95 - "ACT".ROWID[ROWID,10]
  97 - "B"."ENTERPRISE_ID"[NUMBER,22], "B"."ORG_ENTITY_ID"[NUMBER,22]
  98 - (#keys=0) "T"."ENTERPRISE_ID"[NUMBER,22], "T"."ORG_ENTITY_ID"[NUMBER,22]
  99 - "T"."ENTERPRISE_ID"[NUMBER,22], "T"."ORG_ENTITY_ID"[NUMBER,22]
 102 - "C"."ENTERPRISE_ID"[NUMBER,22], "C"."ROLE_ID"[NUMBER,22]
 103 - (#keys=1) "ENTERPRISE_ID"[NUMBER,22], "T"."ROLE_ID"[NUMBER,22]
 104 - (#keys=0) "ENTERPRISE_ID"[NUMBER,22], "T"."ROLE_ID"[NUMBER,22], "PACKAGE_ID"[NUMBER,22]
 105 - "ENTERPRISE_ID"[NUMBER,22], "T"."ROLE_ID"[NUMBER,22], "PACKAGE_ID"[NUMBER,22]
 107 - "SRA"."PACKAGE_ID"[NUMBER,22]
 108 - STRDEF[22]
 109 - (#keys=0) "T"."MODULE_ID"[NUMBER,22]
 110 - "T"."MODULE_ID"[NUMBER,22]
 114 - "SRA"."PACKAGE_ID"[NUMBER,22]
 115 - STRDEF[22]
 116 - (#keys=0) "T"."MODULE_ID"[NUMBER,22]
 117 - "T"."MODULE_ID"[NUMBER,22]
 120 - (#keys=1) '3'[1]
 121 - (#keys=1) 
 122 - (#keys=0) "PACKAGE_ID"[NUMBER,22]
 123 - (#keys=2) "C"."ROLE_ID"[NUMBER,22], "PACKAGE_ID"[NUMBER,22]
 124 - (#keys=0) "PACKAGE_ID"[NUMBER,22], "A"."ROLE_ID"[NUMBER,22], "B"."ENTERPRISE_ID"[NUMBER,22]
 125 - (#keys=1) "B"."ORG_ENTITY_ID"[NUMBER,22], "PACKAGE_ID"[NUMBER,22], "A"."ROLE_ID"[NUMBER,22], 
       "B"."ENTERPRISE_ID"[NUMBER,22]
 126 - (#keys=0) "PACKAGE_ID"[NUMBER,22], "A"."ORG_ENTITY_ID"[NUMBER,22], "A"."ROLE_ID"[NUMBER,22]
 127 - (#keys=0) "PACKAGE_ID"[NUMBER,22], "A"."ORG_ENTITY_ID"[NUMBER,22], "A"."ROLE_ID"[NUMBER,22], "ACT".ROWID[ROWID,10]
 128 - (#keys=0) "PACKAGE_ID"[NUMBER,22], "A"."ORG_ENTITY_ID"[NUMBER,22], "A"."ROLE_ID"[NUMBER,22], 
       "ROLE_ACT"."ACTIVITY_ID"[NUMBER,22]
 129 - (#keys=0) "PACKAGE_ID"[NUMBER,22], "A"."ORG_ENTITY_ID"[NUMBER,22], "A"."ROLE_ID"[NUMBER,22]
 130 - (#keys=0) "PACKAGE_ID"[NUMBER,22], "A"."ORG_ENTITY_ID"[NUMBER,22], "A"."ROLE_ID"[NUMBER,22]
 131 - (#keys=0) "PACKAGE_ID"[NUMBER,22], "D"."ORG_ROLE_ID"[NUMBER,22]
 132 - (#keys=0) "USERS"."USER_ID"[NUMBER,22], "PACKAGE_ID"[NUMBER,22]
 133 - (#keys=0) "USERS"."USER_ID"[NUMBER,22], "PACKAGE_ID"[NUMBER,22], "PNAME"."PARAMETER_ID"[NUMBER,22], 
       "PTYPE"."PARAMETER_TYPE_ID"[NUMBER,22]
 134 - (#keys=0) "USERS"."USER_ID"[NUMBER,22], "PACKAGE_ID"[NUMBER,22], "PNAME"."PARAMETER_ID"[NUMBER,22], 
       "PNAME"."PARAMETER_TYPE_ID"[NUMBER,22]
 135 - "USERS"."USER_ID"[NUMBER,22], "PACKAGE_ID"[NUMBER,22]
 136 - "USERS".ROWID[ROWID,10]
 137 - "PNAME"."PARAMETER_ID"[NUMBER,22], "PNAME"."PARAMETER_TYPE_ID"[NUMBER,22]
 138 - "PNAME".ROWID[ROWID,10], UPPER("PARAMETER_NAME")[VARCHAR2,400]
 139 - "PTYPE"."PARAMETER_TYPE_ID"[NUMBER,22]
 141 - "D"."ORG_ROLE_ID"[NUMBER,22]
 142 - "D".ROWID[ROWID,10]
 143 - "A"."ORG_ENTITY_ID"[NUMBER,22], "A"."ROLE_ID"[NUMBER,22]
 145 - "ORGS".ROWID[ROWID,10]
 146 - "ROLE_ACT"."ACTIVITY_ID"[NUMBER,22]
 147 - "ACT".ROWID[ROWID,10]
 149 - "B"."ENTERPRISE_ID"[NUMBER,22], "B"."ORG_ENTITY_ID"[NUMBER,22]
 150 - (#keys=0) "T"."ENTERPRISE_ID"[NUMBER,22], "T"."ORG_ENTITY_ID"[NUMBER,22]
 151 - "T"."ENTERPRISE_ID"[NUMBER,22], "T"."ORG_ENTITY_ID"[NUMBER,22]
 154 - "C"."ENTERPRISE_ID"[NUMBER,22], "C"."ROLE_ID"[NUMBER,22]
 155 - (#keys=1) "ENTERPRISE_ID"[NUMBER,22], "T"."ROLE_ID"[NUMBER,22]
 156 - (#keys=0) "ENTERPRISE_ID"[NUMBER,22], "T"."ROLE_ID"[NUMBER,22], "PACKAGE_ID"[NUMBER,22]
 157 - "ENTERPRISE_ID"[NUMBER,22], "T"."ROLE_ID"[NUMBER,22], "PACKAGE_ID"[NUMBER,22]
 159 - "SRA"."PACKAGE_ID"[NUMBER,22]
 160 - STRDEF[22]
 161 - (#keys=0) "T"."MODULE_ID"[NUMBER,22]
 162 - "T"."MODULE_ID"[NUMBER,22]
 166 - "SRA"."PACKAGE_ID"[NUMBER,22]
 167 - STRDEF[22]
 168 - (#keys=0) "T"."MODULE_ID"[NUMBER,22]
 169 - "T"."MODULE_ID"[NUMBER,22]
 172 - "X"."LOV_VALUE_ID"[NUMBER,22], "X"."LOV_ID"[NUMBER,22], "X"."STORED_VALUE"[VARCHAR2,400], 
       "X"."DISPLAYED_VALUE"[VARCHAR2,4000], "X"."LOCALE_ID"[NUMBER,22]
 173 - (#keys=0) "LOCALE_ID"[NUMBER,22], "T"."LOV_VALUE_ID"[NUMBER,22], "T"."LOV_ID"[NUMBER,22], 
       "T"."STORED_VALUE"[VARCHAR2,400], "T"."DISPLAYED_VALUE"[VARCHAR2,4000]
 174 - "LOCALE_ID"[NUMBER,22]
 175 - (#keys=0) "T"."LOV_VALUE_ID"[NUMBER,22], "T"."LOV_ID"[NUMBER,22], "T"."STORED_VALUE"[VARCHAR2,400], 
       "T"."DISPLAYED_VALUE"[VARCHAR2,4000]
 176 - "T"."LOV_VALUE_ID"[NUMBER,22], "T"."LOV_ID"[NUMBER,22], "T"."STORED_VALUE"[VARCHAR2,400], 
       "T"."DISPLAYED_VALUE"[VARCHAR2,4000]
 178 - "A".ROWID[ROWID,10]
 180 - "SRA"."PACKAGE_ID"[NUMBER,22]
 181 - STRDEF[22]
 182 - (#keys=0) "T"."MODULE_ID"[NUMBER,22]
 183 - "T"."MODULE_ID"[NUMBER,22]
 186 - "TL"."DISPLAYED_VALUE"[VARCHAR2,4000]
 187 - "TL".ROWID[ROWID,10]
										</code></pre>
								</section>
						</div>
					</div>

				<!-- Sidebar -->
				<div id="sidebar">
					<div class="inner">
						<!-- Menu -->
						<nav id="menu">
							<header class="major">
								<h2>Menu</h2>
							</header>
							<ul>
								<li><a href="../index.html">Module List</a></li>
								<li><a href="index.html">Summary</a></li>
								<li>
									<span class="opener">DB Analysis</span>
									<ul>
										<li><a href="bad-sql.html">Bad SQL</a></li>
										<li><a href="poor-sql.html">Poor SQL Plan</a></li>
										<li><a href="invalid-sql.html">Invalid SQL</a></li>
										<li><a href="full-sql.html">Full SQL Report</a></li>
										<li><a href="table-nil-key.html">Primary/Unique Key Miss</a></li>
										<li><a href="invalid-db-object.html">Invalid DB Objects</a></li>
										<li><a href="sequence-with-less-cache.html">Sequence</a></li>
										<li><a href="table-index-lob-size.html">Table Size</a></li>
										<li><a href="table-row-count.html">Table Row Count</a></li>
									</ul>
								</li>
								<li>
								    <span class="opener">LOB</span>
								    <ul>
								        <li><a href="lob-no-cache.html">LOB - No Cache</a></li>
								        <li><a href="lob-columns.html">LOB - All Columns</a></li>
								    </ul>
								</li>
								<li>
									<span class="opener">Infolets</span>
									<ul>
										<li><a href="keep-history-infolets.html">Keep History Infolets</a></li>
										<li><a href="plsql-context-switch.html">SQL-PL/SQL Context Switch</a></li>
									</ul>
								</li>
								<li>
									<span class="opener">Pushforms</span>
									<ul>
										<li><a href="pushform-denormalize.html">Pushform Denormalized</a></li>
									</ul>
								</li>
								<li>
									<span class="opener">PL/SQL</span>
									<ul>
										<li><a href="plsql-dyn-qry-objs.html">Dynamic Query</a></li>
									</ul>
								</li>
							</ul>
						</nav>

						<!-- Section -->
						<section>
							<header class="major">
								<h2>Get in touch</h2>
							</header>
							<p>You need more details on the report or want more functionality, don't hesitate to reach out to us.</p>
							<ul class="contact">
								<li class="fa-envelope-o"><a href="mailto:apps-rnd-arch-team@metricstream.com?Subject=Reg - Code Analysis Tool" target="_top">apps-rnd-arch-team@metricstream.com</a></li>
							</ul>
						</section>

						<!-- Footer -->
						<footer id="footer">
							<p class="copyright">&copy; <a href="http://www.metricstream.com" target="_blank">MetricStream</a>. All rights reserved. </p>
						</footer>
					</div>
				</div>
			</div>

		<!-- Scripts -->
			<script src="../../lib/assets/js/jquery.min.js"></script>
			<script src="../../lib/assets/js/skel.min.js"></script>
			<script src="../../lib/assets/js/util.js"></script>
			<!--[if lte IE 8]><script src="../../lib/assets/js/ie/respond.min.js"></script><![endif]-->
			<script src="../../lib/assets/js/main.js"></script>
	</body>
</html>