<!DOCTYPE HTML>
<html>
	<head>
		<title>Code Analysis - MetricStream</title>
		<meta charset="utf-8" />
		<meta name="viewport" content="width=device-width, initial-scale=1, user-scalable=no" />
		<!--[if lte IE 8]><script src="../../lib/assets/js/ie/html5shiv.js"></script><![endif]-->
		<link rel="stylesheet" href="../../lib/assets/css/main.css" />
		<!--[if lte IE 9]><link rel="stylesheet" href="../../lib/assets/css/ie9.css" /><![endif]-->
		<!--[if lte IE 8]><link rel="stylesheet" href="../../lib/assets/css/ie8.css" /><![endif]-->
	</head>
	<body>

		<!-- Wrapper -->
			<div id="wrapper">

				<!-- Main -->
					<div id="main">
						<div class="inner">
							<!-- Header -->
								<header id="header">
									<a href="index.html" class="logo"><strong>Static Code Analysis Report</strong> by Code Analyzer Tool</a>
								</header>

							<!-- Content -->
								<section>
									<!-- Content -->
										<header class="major"><h2>Infolet Details</h2></header>
										<div class="table-wrapper">
											<table>
												<tbody>
													<tr>
														<td><b>Name</b></td>
														<td>MS_GRC_61_SP2_REF_RESTRICT_ACCESS (100737)</td>
													</tr>
													<tr>
														<td><b>SQL</b></td>
														<td><pre><code>Select c.Stored_Value,
       c.Displayed_Value,
       c.Lov_Name,
       c.Locale_Id,
       c.Enterprise_Id,
       c.Lov_Id,
       c.Lov_Value_Id,
       c.Org_Entity_Id,
       c.Org_Entity_Name,
       c.Start_Date,
       c.End_Date
From   MS_GRC_LOV_ORG_VALUES_V c,
si_locales a,si_users_t b 
where  c.locale_id= a.locale_id
and a.locale_string = b.locale and b.user_name = :1
and c.lov_name = 'MS GRC Restrict Access To'
and c.displayed_value != 'Owner Organization and Applies To Organizations'
order by c.display_order</code></pre></td>
													</tr>
													<tr>
														<td><b>Description</b></td>
														<td>MS_GRC_61_SP2_REF_RESTRICT_ACCESS</td>
													</tr>
												</tbody>
											</table>
										</div>

										<h2 align="center" id="content">Analysis Report</h2>
										<hr>

<header class="major"><h2>Plan hash value: 3442923243</h2></header><pre><code>
 
-------------------------------------------------------------------------------------------------------------------
| Id  | Operation                            | Name                       | Rows  | Bytes | Cost (%CPU)| Time     |
-------------------------------------------------------------------------------------------------------------------
|   0 | SELECT STATEMENT                     |                            |     1 |  4394 |    37   (3)| 00:00:01 |
|   1 |  SORT ORDER BY                       |                            |     1 |  4394 |    37   (3)| 00:00:01 |
|*  2 |   HASH JOIN                          |                            |     1 |  4394 |    36   (0)| 00:00:01 |
|*  3 |    FILTER                            |                            |       |       |            |          |
|*  4 |     HASH JOIN OUTER                  |                            |     1 |  4381 |    29   (0)| 00:00:01 |
|*  5 |      HASH JOIN                       |                            |     1 |  2353 |    27   (0)| 00:00:01 |
|*  6 |       HASH JOIN                      |                            |     1 |    91 |     7   (0)| 00:00:01 |
|*  7 |        HASH JOIN OUTER               |                            |     1 |    80 |     4   (0)| 00:00:01 |
|   8 |         NESTED LOOPS                 |                            |     1 |    54 |     2   (0)| 00:00:01 |
|   9 |          NESTED LOOPS                |                            |     1 |    54 |     2   (0)| 00:00:01 |
|  10 |           TABLE ACCESS BY INDEX ROWID| SI_USERS_T                 |     1 |    19 |     1   (0)| 00:00:01 |
|* 11 |            INDEX RANGE SCAN          | SI_USERS_T_N3              |     1 |       |     1   (0)| 00:00:01 |
|* 12 |           INDEX RANGE SCAN           | MS_QS_LOV_NAMES_N1         |     1 |       |     1   (0)| 00:00:01 |
|  13 |          TABLE ACCESS BY INDEX ROWID | MS_QS_LOV_NAMES            |     1 |    35 |     1   (0)| 00:00:01 |
<font style="background-color: lightblue; color: red">|* 14 |         TABLE ACCESS FULL            | MS_QS_LOV_NAMES_TL         |     1 |    26 |     2   (0)| 00:00:01 |</font>
<font style="background-color: lightblue; color: red">|  15 |        TABLE ACCESS FULL             | SI_LOCALES                 |    35 |   385 |     3   (0)| 00:00:01 |</font>
|  16 |       VIEW                           |                            |  5524 |    11M|    20   (0)| 00:00:01 |
<font style="background-color: lightblue; color: red">|  17 |        MERGE JOIN CARTESIAN          |                            |  5524 |   242K|    20   (0)| 00:00:01 |</font>
<font style="background-color: lightblue; color: red">|* 18 |         TABLE ACCESS FULL            | SI_LOCALES                 |     1 |     6 |     3   (0)| 00:00:01 |</font>
|  19 |         BUFFER SORT                  |                            |  5524 |   210K|    17   (0)| 00:00:01 |
<font style="background-color: lightblue; color: red">|  20 |          TABLE ACCESS FULL           | MS_QS_LIST_OF_VALUES_T     |  5524 |   210K|    17   (0)| 00:00:01 |</font>
<font style="background-color: lightblue; color: red">|  21 |      TABLE ACCESS FULL               | MS_QS_LIST_OF_VALUES_TL    |     1 |  2028 |     2   (0)| 00:00:01 |</font>
|  22 |    VIEW                              | SI_REGISTER_APPLICATION_V  |    40 |   520 |     7   (0)| 00:00:01 |
|  23 |     UNION-ALL                        |                            |       |       |            |          |
|* 24 |      HASH JOIN OUTER                 |                            |    39 |  1287 |     5   (0)| 00:00:01 |
<font style="background-color: lightblue; color: red">|  25 |       TABLE ACCESS FULL              | SI_REGISTER_APPLICATION    |    39 |   273 |     3   (0)| 00:00:01 |</font>
<font style="background-color: lightblue; color: red">|* 26 |       TABLE ACCESS FULL              | SI_REGISTER_APPLICATION_TL |     1 |    26 |     2   (0)| 00:00:01 |</font>
|  27 |      FAST DUAL                       |                            |     1 |       |     2   (0)| 00:00:01 |
-------------------------------------------------------------------------------------------------------------------
 
</code></pre><header class="major"><h2>Query Block Name / Object Alias (identified by operation id):</h2></header><pre><code>
 
   1 - SEL$D3661FD6
  10 - SEL$D3661FD6 / B@SEL$1
  11 - SEL$D3661FD6 / B@SEL$1
  12 - SEL$D3661FD6 / T@SEL$7
  13 - SEL$D3661FD6 / T@SEL$7
  14 - SEL$D3661FD6 / TL@SEL$7
  15 - SEL$D3661FD6 / A@SEL$1
  16 - SEL$7286615E / X@SEL$3
  17 - SEL$7286615E
  18 - SEL$7286615E / SI_LOCALES@SEL$5
  20 - SEL$7286615E / T@SEL$4
  21 - SEL$D3661FD6 / TL@SEL$3
  22 - SET$1        / SRA@SEL$6
  23 - SET$1       
  24 - SEL$8       
  25 - SEL$8        / T@SEL$8
  26 - SEL$8        / TL@SEL$8
  27 - SEL$11       / DUAL@SEL$11
 
</code></pre><header class="major"><h2>Predicate Information (identified by operation id):</h2></header><pre><code>
 
   2 - access(NVL("PACKAGE_ID",0)=NVL("SRA"."PACKAGE_ID",0))
   3 - filter(NVL("TL"."DISPLAYED_VALUE","X"."DISPLAYED_VALUE")<>'Owner Organization and Applies To 
              Organizations')
   4 - access("X"."LOV_VALUE_ID"="TL"."LOV_VALUE_ID"(+) AND "X"."LOCALE_ID"="TL"."LOCALE_ID"(+))
   5 - access("X"."LOCALE_ID"="A"."LOCALE_ID" AND "X"."LOV_ID"="T"."LOV_ID")
   6 - access("A"."LOCALE_STRING"="B"."LOCALE")
   7 - access("T"."LOV_ID"="TL"."LOV_ID"(+))
  11 - access("B"."USER_NAME"=:1)
  12 - access("T"."LOV_NAME"='MS GRC Restrict Access To')
  14 - filter("TL"."LOCALE_ID"(+)=TO_NUMBER("SI_DB_LOCALE_SV"."GETVALUE"()))
  18 - filter("ENABLED_FLAG"='Y')
  24 - access("TL"."MODULE_ID"(+)="T"."MODULE_ID")
  26 - filter("TL"."LOCALE_ID"(+)=TO_NUMBER("SI_DB_LOCALE_SV"."GETVALUE"()))
 
</code></pre><header class="major"><h2>Column Projection Information (identified by operation id):</h2></header><pre><code>
 
   1 - (#keys=1) "X"."DISPLAY_ORDER"[NUMBER,22], "X"."STORED_VALUE"[VARCHAR2,400], 
       NVL("TL"."DISPLAYED_VALUE","X"."DISPLAYED_VALUE")[4000], "T"."LOV_NAME"[VARCHAR2,400], 
       "X"."LOCALE_ID"[NUMBER,22], "X"."ENTERPRISE_ID"[NUMBER,22], "X"."LOV_ID"[NUMBER,22], 
       "X"."LOV_VALUE_ID"[NUMBER,22], NULL[0], NULL[0], "X"."START_DATE"[DATE,7], "X"."END_DATE"[DATE,7]
   2 - (#keys=1) "X"."LOV_VALUE_ID"[NUMBER,22], "X"."LOCALE_ID"[NUMBER,22], "X"."START_DATE"[DATE,7], 
       "X"."LOV_ID"[NUMBER,22], "T"."LOV_NAME"[VARCHAR2,400], "X"."END_DATE"[DATE,7], 
       "X"."ENTERPRISE_ID"[NUMBER,22], "X"."STORED_VALUE"[VARCHAR2,400], "X"."DISPLAYED_VALUE"[VARCHAR2,4000], 
       "X"."DISPLAY_ORDER"[NUMBER,22], "TL"."DISPLAYED_VALUE"[VARCHAR2,4000]
   3 - "X"."LOV_VALUE_ID"[NUMBER,22], "X"."LOCALE_ID"[NUMBER,22], "X"."START_DATE"[DATE,7], 
       "X"."LOV_ID"[NUMBER,22], "PACKAGE_ID"[NUMBER,22], "T"."LOV_NAME"[VARCHAR2,400], "X"."END_DATE"[DATE,7], 
       "X"."ENTERPRISE_ID"[NUMBER,22], "X"."STORED_VALUE"[VARCHAR2,400], "X"."DISPLAYED_VALUE"[VARCHAR2,4000], 
       "X"."DISPLAY_ORDER"[NUMBER,22], "TL"."DISPLAYED_VALUE"[VARCHAR2,4000]
   4 - (#keys=2) "X"."LOV_VALUE_ID"[NUMBER,22], "X"."LOCALE_ID"[NUMBER,22], "X"."START_DATE"[DATE,7], 
       "X"."LOV_ID"[NUMBER,22], "PACKAGE_ID"[NUMBER,22], "T"."LOV_NAME"[VARCHAR2,400], "X"."END_DATE"[DATE,7], 
       "X"."ENTERPRISE_ID"[NUMBER,22], "X"."STORED_VALUE"[VARCHAR2,400], "X"."DISPLAYED_VALUE"[VARCHAR2,4000], 
       "X"."DISPLAY_ORDER"[NUMBER,22], "TL"."DISPLAYED_VALUE"[VARCHAR2,4000]
   5 - (#keys=2) "X"."LOCALE_ID"[NUMBER,22], "X"."LOV_ID"[NUMBER,22], "PACKAGE_ID"[NUMBER,22], 
       "T"."LOV_NAME"[VARCHAR2,400], "X"."LOV_VALUE_ID"[NUMBER,22], "X"."ENTERPRISE_ID"[NUMBER,22], 
       "X"."STORED_VALUE"[VARCHAR2,400], "X"."DISPLAYED_VALUE"[VARCHAR2,4000], "X"."DISPLAY_ORDER"[NUMBER,22], 
       "X"."START_DATE"[DATE,7], "X"."END_DATE"[DATE,7]
   6 - (#keys=1) "T"."LOV_ID"[NUMBER,22], "T"."LOV_NAME"[VARCHAR2,400], "PACKAGE_ID"[NUMBER,22], 
       "A"."LOCALE_ID"[NUMBER,22]
   7 - (#keys=1) "T"."LOV_ID"[NUMBER,22], "B"."LOCALE"[VARCHAR2,100], "T"."LOV_NAME"[VARCHAR2,400], 
       "PACKAGE_ID"[NUMBER,22]
   8 - (#keys=0) "B"."LOCALE"[VARCHAR2,100], "T"."LOV_NAME"[VARCHAR2,400], "T"."LOV_ID"[NUMBER,22], 
       "PACKAGE_ID"[NUMBER,22]
   9 - (#keys=0) "B"."LOCALE"[VARCHAR2,100], "T".ROWID[ROWID,10], "T"."LOV_NAME"[VARCHAR2,400]
  10 - "B"."LOCALE"[VARCHAR2,100]
  11 - "B".ROWID[ROWID,10]
  12 - "T".ROWID[ROWID,10], "T"."LOV_NAME"[VARCHAR2,400]
  13 - "T"."LOV_ID"[NUMBER,22], "PACKAGE_ID"[NUMBER,22]
  14 - "TL"."LOV_ID"[NUMBER,22]
  15 - "A"."LOCALE_ID"[NUMBER,22], "A"."LOCALE_STRING"[VARCHAR2,400]
  16 - "X"."LOV_VALUE_ID"[NUMBER,22], "X"."LOV_ID"[NUMBER,22], "X"."STORED_VALUE"[VARCHAR2,400], 
       "X"."DISPLAYED_VALUE"[VARCHAR2,4000], "X"."LOCALE_ID"[NUMBER,22], "X"."START_DATE"[DATE,7], 
       "X"."END_DATE"[DATE,7], "X"."ENTERPRISE_ID"[NUMBER,22], "X"."DISPLAY_ORDER"[NUMBER,22]
  17 - (#keys=0) "LOCALE_ID"[NUMBER,22], "T"."LOV_VALUE_ID"[NUMBER,22], "T"."LOV_ID"[NUMBER,22], 
       "T"."STORED_VALUE"[VARCHAR2,400], "T"."DISPLAYED_VALUE"[VARCHAR2,4000], "T"."START_DATE"[DATE,7], 
       "T"."END_DATE"[DATE,7], "T"."ENTERPRISE_ID"[NUMBER,22], "T"."DISPLAY_ORDER"[NUMBER,22]
  18 - "LOCALE_ID"[NUMBER,22]
  19 - (#keys=0) "T"."LOV_VALUE_ID"[NUMBER,22], "T"."LOV_ID"[NUMBER,22], "T"."STORED_VALUE"[VARCHAR2,400], 
       "T"."DISPLAYED_VALUE"[VARCHAR2,4000], "T"."START_DATE"[DATE,7], "T"."END_DATE"[DATE,7], 
       "T"."ENTERPRISE_ID"[NUMBER,22], "T"."DISPLAY_ORDER"[NUMBER,22]
  20 - "T"."LOV_VALUE_ID"[NUMBER,22], "T"."LOV_ID"[NUMBER,22], "T"."STORED_VALUE"[VARCHAR2,400], 
       "T"."DISPLAYED_VALUE"[VARCHAR2,4000], "T"."START_DATE"[DATE,7], "T"."END_DATE"[DATE,7], 
       "T"."ENTERPRISE_ID"[NUMBER,22], "T"."DISPLAY_ORDER"[NUMBER,22]
  21 - "TL"."LOV_VALUE_ID"[NUMBER,22], "TL"."DISPLAYED_VALUE"[VARCHAR2,4000], "TL"."LOCALE_ID"[NUMBER,22]
  22 - "SRA"."PACKAGE_ID"[NUMBER,22]
  23 - STRDEF[22]
  24 - (#keys=1) "T"."MODULE_ID"[NUMBER,22]
  25 - "T"."MODULE_ID"[NUMBER,22]
  26 - "TL"."MODULE_ID"[NUMBER,22]
										</code></pre>
								</section>
						</div>
					</div>

				<!-- Sidebar -->
				<div id="sidebar">
					<div class="inner">
						<!-- Menu -->
						<nav id="menu">
							<header class="major">
								<h2>Menu</h2>
							</header>
							<ul>
								<li><a href="../index.html">Module List</a></li>
								<li><a href="index.html">Summary</a></li>
								<li>
									<span class="opener">DB Analysis</span>
									<ul>
										<li><a href="bad-sql.html">Bad SQL</a></li>
										<li><a href="poor-sql.html">Poor SQL Plan</a></li>
										<li><a href="invalid-sql.html">Invalid SQL</a></li>
										<li><a href="full-sql.html">Full SQL Report</a></li>
										<li><a href="table-nil-key.html">Primary/Unique Key Miss</a></li>
										<li><a href="invalid-db-object.html">Invalid DB Objects</a></li>
									</ul>
								</li>
								<li>
									<span class="opener">Infolets</span>
									<ul>
										<li><a href="keep-history-infolets.html">Keep History Infolets</a></li>
									</ul>
								</li>
								<li>
									<span class="opener">Pushforms</span>
									<ul>
										<li><a href="pushform-denormalize.html">Pushform Denormalized</a></li>
									</ul>
								</li>
							</ul>
						</nav>

						<!-- Section -->
						<section>
							<header class="major">
								<h2>Get in touch</h2>
							</header>
							<p>You need more details on the report or want more functionality, don't hesitate to reach out to us.</p>
							<ul class="contact">
								<li class="fa-envelope-o"><a href="mailto:rnd@metricstream.com?Subject=Reg - Static Code Analysis Tool" target="_top">rnd@metricstream.com</a></li>
							</ul>
						</section>

						<!-- Footer -->
						<footer id="footer">
							<p class="copyright">&copy; <a href="http://www.metricstream.com" target="_blank">MetricStream</a>. All rights reserved. </p>
						</footer>
					</div>
				</div>
			</div>

		<!-- Scripts -->
			<script src="../../lib/assets/js/jquery.min.js"></script>
			<script src="../../lib/assets/js/skel.min.js"></script>
			<script src="../../lib/assets/js/util.js"></script>
			<!--[if lte IE 8]><script src="../../lib/assets/js/ie/respond.min.js"></script><![endif]-->
			<script src="../../lib/assets/js/main.js"></script>
	</body>
</html>