<!DOCTYPE HTML>
<html>
	<head>
		<title>Code Analysis - MetricStream</title>
		<meta charset="utf-8" />
		<meta name="viewport" content="width=device-width, initial-scale=1, user-scalable=no" />
		<!--[if lte IE 8]><script src="../../lib/assets/js/ie/html5shiv.js"></script><![endif]-->
		<link rel="stylesheet" href="../../lib/assets/css/main.css" />
		<!--[if lte IE 9]><link rel="stylesheet" href="../../lib/assets/css/ie9.css" /><![endif]-->
		<!--[if lte IE 8]><link rel="stylesheet" href="../../lib/assets/css/ie8.css" /><![endif]-->
	</head>
	<body>

		<!-- Wrapper -->
			<div id="wrapper">

				<!-- Main -->
					<div id="main">
						<div class="inner">
							<!-- Header -->
								<header id="header">
									<a href="index.html" class="logo"><strong>Static Code Analysis Report</strong> by Code Analyzer Tool</a>
								</header>

							<!-- Content -->
								<section>
									<!-- Content -->
										<header class="major"><h2>Infolet Details</h2></header>
										<div class="table-wrapper">
											<table>
												<tbody>
													<tr>
														<td><b>Name</b></td>
														<td>MS_GRC_Lib_Overview_Type_Rpt_Flt_Inf (100939)</td>
													</tr>
													<tr>
														<td><b>SQL</b></td>
														<td><pre><code>SELECT displayed_value,
  stored_value,
  lov_name
FROM Ms_Qs_Lov_Org_Values_v c,
  si_locales a,
  si_users_t b
WHERE c.locale_id      = a.locale_id
AND a.locale_string    = b.locale
AND upper(b.user_name) = upper(:1)
AND (trim(Lov_Name)    ='MS_GRC_Lib_Overview_Type')
ORDER BY displayed_value ASC</code></pre></td>
													</tr>
													<tr>
														<td><b>Description</b></td>
														<td>This infolet is used to fetch object types for Library Overview Report</td>
													</tr>
												</tbody>
											</table>
										</div>

										<h2 align="center" id="content">Analysis Report</h2>
										<hr>

<header class="major"><h2>Plan hash value: 482687446</h2></header><pre><code>
 
-------------------------------------------------------------------------------------------------------------------
| Id  | Operation                            | Name                       | Rows  | Bytes | Cost (%CPU)| Time     |
-------------------------------------------------------------------------------------------------------------------
|   0 | SELECT STATEMENT                     |                            |     4 | 17484 |    45   (3)| 00:00:01 |
|   1 |  SORT ORDER BY                       |                            |     4 | 17484 |    45   (3)| 00:00:01 |
|*  2 |   HASH JOIN RIGHT OUTER              |                            |     4 | 17484 |    44   (0)| 00:00:01 |
<font style="background-color: lightblue; color: red">|*  3 |    TABLE ACCESS FULL                 | SI_ORG_ENTITIES_TL         |     2 |    14 |     3   (0)| 00:00:01 |</font>
|*  4 |    HASH JOIN RIGHT OUTER             |                            |     4 | 17456 |    41   (0)| 00:00:01 |
<font style="background-color: lightblue; color: red">|   5 |     TABLE ACCESS FULL                | MS_QS_LIST_OF_VALUES_TL    |     1 |  2028 |     2   (0)| 00:00:01 |</font>
|   6 |     NESTED LOOPS                     |                            |     4 |  9344 |    39   (0)| 00:00:01 |
|*  7 |      HASH JOIN RIGHT OUTER           |                            |     4 |  9312 |    38   (0)| 00:00:01 |
<font style="background-color: lightblue; color: red">|*  8 |       TABLE ACCESS FULL              | MS_QS_LOV_NAMES_TL         |     1 |    26 |     2   (0)| 00:00:01 |</font>
|*  9 |       HASH JOIN                      |                            |     4 |  9208 |    36   (0)| 00:00:01 |
|* 10 |        HASH JOIN                     |                            |     2 |  4578 |    29   (0)| 00:00:01 |
<font style="background-color: lightblue; color: red">|* 11 |         TABLE ACCESS FULL            | MS_QS_LOV_NAMES            |     5 |   175 |     5   (0)| 00:00:01 |</font>
|* 12 |         HASH JOIN                    |                            |   158 |   347K|    24   (0)| 00:00:01 |
|* 13 |          HASH JOIN                   |                            |     1 |    30 |     4   (0)| 00:00:01 |
|  14 |           TABLE ACCESS BY INDEX ROWID| SI_USERS_T                 |     1 |    19 |     1   (0)| 00:00:01 |
|* 15 |            INDEX RANGE SCAN          | SI_USERS_UP_NAME_IDX       |     1 |       |     1   (0)| 00:00:01 |
<font style="background-color: lightblue; color: red">|  16 |           TABLE ACCESS FULL          | SI_LOCALES                 |    35 |   385 |     3   (0)| 00:00:01 |</font>
|  17 |          VIEW                        |                            |  5524 |    11M|    20   (0)| 00:00:01 |
<font style="background-color: lightblue; color: red">|  18 |           MERGE JOIN CARTESIAN       |                            |  5524 |   172K|    20   (0)| 00:00:01 |</font>
<font style="background-color: lightblue; color: red">|* 19 |            TABLE ACCESS FULL         | SI_LOCALES                 |     1 |     6 |     3   (0)| 00:00:01 |</font>
|  20 |            BUFFER SORT               |                            |  5524 |   140K|    17   (0)| 00:00:01 |
<font style="background-color: lightblue; color: red">|  21 |             TABLE ACCESS FULL        | MS_QS_LIST_OF_VALUES_T     |  5524 |   140K|    17   (0)| 00:00:01 |</font>
|  22 |        VIEW                          | SI_REGISTER_APPLICATION_V  |    40 |   520 |     7   (0)| 00:00:01 |
|  23 |         UNION-ALL                    |                            |       |       |            |          |
|* 24 |          HASH JOIN OUTER             |                            |    39 |  1287 |     5   (0)| 00:00:01 |
<font style="background-color: lightblue; color: red">|  25 |           TABLE ACCESS FULL          | SI_REGISTER_APPLICATION    |    39 |   273 |     3   (0)| 00:00:01 |</font>
<font style="background-color: lightblue; color: red">|* 26 |           TABLE ACCESS FULL          | SI_REGISTER_APPLICATION_TL |     1 |    26 |     2   (0)| 00:00:01 |</font>
|  27 |          FAST DUAL                   |                            |     1 |       |     2   (0)| 00:00:01 |
|* 28 |      INDEX RANGE SCAN                | SI_ORG_ENTITIES_N1         |     1 |     8 |     1   (0)| 00:00:01 |
-------------------------------------------------------------------------------------------------------------------
 
</code></pre><header class="major"><h2>Query Block Name / Object Alias (identified by operation id):</h2></header><pre><code>
 
   1 - SEL$4D23A876
   3 - SEL$4D23A876 / TL@SEL$16
   5 - SEL$4D23A876 / TL@SEL$3
   8 - SEL$4D23A876 / TL@SEL$7
  11 - SEL$4D23A876 / T@SEL$7
  14 - SEL$4D23A876 / B@SEL$1
  15 - SEL$4D23A876 / B@SEL$1
  16 - SEL$4D23A876 / A@SEL$1
  17 - SEL$7286615E / X@SEL$3
  18 - SEL$7286615E
  19 - SEL$7286615E / SI_LOCALES@SEL$5
  21 - SEL$7286615E / T@SEL$4
  22 - SET$1        / SRA@SEL$6
  23 - SET$1       
  24 - SEL$8       
  25 - SEL$8        / T@SEL$8
  26 - SEL$8        / TL@SEL$8
  27 - SEL$11       / DUAL@SEL$11
  28 - SEL$4D23A876 / T@SEL$16
 
</code></pre><header class="major"><h2>Predicate Information (identified by operation id):</h2></header><pre><code>
 
   2 - access("T"."ORG_ENTITY_ID"="TL"."ORG_ENTITY_ID"(+))
   3 - filter("TL"."LOCALE_ID"(+)=TO_NUMBER("SI_DB_LOCALE_SV"."GETVALUE"()))
   4 - access("X"."LOV_VALUE_ID"="TL"."LOV_VALUE_ID"(+) AND "X"."LOCALE_ID"="TL"."LOCALE_ID"(+))
   7 - access("T"."LOV_ID"="TL"."LOV_ID"(+))
   8 - filter("TL"."LOCALE_ID"(+)=TO_NUMBER("SI_DB_LOCALE_SV"."GETVALUE"()))
   9 - access(NVL("PACKAGE_ID",0)=NVL("SRA"."PACKAGE_ID",0))
  10 - access("X"."LOV_ID"="T"."LOV_ID")
  11 - filter(TRIM("T"."LOV_NAME")='MS_GRC_Lib_Overview_Type')
  12 - access("X"."LOCALE_ID"="A"."LOCALE_ID")
  13 - access("A"."LOCALE_STRING"="B"."LOCALE")
  15 - access(UPPER("USER_NAME")=UPPER(:1))
  19 - filter("ENABLED_FLAG"='Y')
  24 - access("TL"."MODULE_ID"(+)="T"."MODULE_ID")
  26 - filter("TL"."LOCALE_ID"(+)=TO_NUMBER("SI_DB_LOCALE_SV"."GETVALUE"()))
  28 - access("T"."ENTERPRISE_ID"="X"."ENTERPRISE_ID" AND "T"."ORG_ENTITY_ID"="X"."ORG_ENTITY_ID")
 
</code></pre><header class="major"><h2>Column Projection Information (identified by operation id):</h2></header><pre><code>
 
   1 - (#keys=1) NVL("TL"."DISPLAYED_VALUE","X"."DISPLAYED_VALUE")[4000], "T"."LOV_NAME"[VARCHAR2,400], 
       "X"."STORED_VALUE"[VARCHAR2,400]
   2 - (#keys=1) "TL"."DISPLAYED_VALUE"[VARCHAR2,4000], "T"."LOV_NAME"[VARCHAR2,400], 
       "X"."STORED_VALUE"[VARCHAR2,400], "X"."DISPLAYED_VALUE"[VARCHAR2,4000]
   3 - "TL"."ORG_ENTITY_ID"[NUMBER,22]
   4 - (#keys=2) "TL"."DISPLAYED_VALUE"[VARCHAR2,4000], "T"."LOV_NAME"[VARCHAR2,400], 
       "T"."ORG_ENTITY_ID"[NUMBER,22], "X"."STORED_VALUE"[VARCHAR2,400], "X"."DISPLAYED_VALUE"[VARCHAR2,4000]
   5 - "TL"."LOV_VALUE_ID"[NUMBER,22], "TL"."DISPLAYED_VALUE"[VARCHAR2,4000], "TL"."LOCALE_ID"[NUMBER,22]
   6 - (#keys=0) "T"."LOV_NAME"[VARCHAR2,400], "X"."LOCALE_ID"[NUMBER,22], "X"."LOV_VALUE_ID"[NUMBER,22], 
       "X"."STORED_VALUE"[VARCHAR2,400], "X"."DISPLAYED_VALUE"[VARCHAR2,4000], "T"."ORG_ENTITY_ID"[NUMBER,22]
   7 - (#keys=1) "T"."LOV_NAME"[VARCHAR2,400], "X"."LOCALE_ID"[NUMBER,22], "X"."LOV_VALUE_ID"[NUMBER,22], 
       "X"."ENTERPRISE_ID"[NUMBER,22], "X"."ORG_ENTITY_ID"[NUMBER,22], "X"."STORED_VALUE"[VARCHAR2,400], 
       "X"."DISPLAYED_VALUE"[VARCHAR2,4000]
   8 - "TL"."LOV_ID"[NUMBER,22]
   9 - (#keys=1) "T"."LOV_ID"[NUMBER,22], "T"."LOV_NAME"[VARCHAR2,400], "X"."LOCALE_ID"[NUMBER,22], 
       "X"."LOV_VALUE_ID"[NUMBER,22], "X"."ENTERPRISE_ID"[NUMBER,22], "X"."ORG_ENTITY_ID"[NUMBER,22], 
       "X"."STORED_VALUE"[VARCHAR2,400], "X"."DISPLAYED_VALUE"[VARCHAR2,4000]
  10 - (#keys=1) "T"."LOV_ID"[NUMBER,22], "T"."LOV_NAME"[VARCHAR2,400], "PACKAGE_ID"[NUMBER,22], 
       "X"."LOCALE_ID"[NUMBER,22], "X"."LOV_VALUE_ID"[NUMBER,22], "X"."ENTERPRISE_ID"[NUMBER,22], 
       "X"."ORG_ENTITY_ID"[NUMBER,22], "X"."STORED_VALUE"[VARCHAR2,400], "X"."DISPLAYED_VALUE"[VARCHAR2,4000]
  11 - "T"."LOV_NAME"[VARCHAR2,400], "T"."LOV_ID"[NUMBER,22], "PACKAGE_ID"[NUMBER,22]
  12 - (#keys=1) "X"."LOCALE_ID"[NUMBER,22], "X"."LOV_VALUE_ID"[NUMBER,22], "X"."LOV_ID"[NUMBER,22], 
       "X"."ORG_ENTITY_ID"[NUMBER,22], "X"."STORED_VALUE"[VARCHAR2,400], "X"."DISPLAYED_VALUE"[VARCHAR2,4000], 
       "X"."ENTERPRISE_ID"[NUMBER,22]
  13 - (#keys=1) "A"."LOCALE_ID"[NUMBER,22]
  14 - "B"."LOCALE"[VARCHAR2,100]
  15 - "B".ROWID[ROWID,10], UPPER("USER_NAME")[VARCHAR2,80]
  16 - "A"."LOCALE_ID"[NUMBER,22], "A"."LOCALE_STRING"[VARCHAR2,400]
  17 - "X"."LOV_VALUE_ID"[NUMBER,22], "X"."LOV_ID"[NUMBER,22], "X"."ORG_ENTITY_ID"[NUMBER,22], 
       "X"."STORED_VALUE"[VARCHAR2,400], "X"."DISPLAYED_VALUE"[VARCHAR2,4000], "X"."LOCALE_ID"[NUMBER,22], 
       "X"."ENTERPRISE_ID"[NUMBER,22]
  18 - (#keys=0) "LOCALE_ID"[NUMBER,22], "T"."LOV_VALUE_ID"[NUMBER,22], "T"."LOV_ID"[NUMBER,22], 
       "T"."ORG_ENTITY_ID"[NUMBER,22], "T"."STORED_VALUE"[VARCHAR2,400], "T"."DISPLAYED_VALUE"[VARCHAR2,4000], 
       "T"."ENTERPRISE_ID"[NUMBER,22]
  19 - "LOCALE_ID"[NUMBER,22]
  20 - (#keys=0) "T"."LOV_VALUE_ID"[NUMBER,22], "T"."LOV_ID"[NUMBER,22], "T"."ORG_ENTITY_ID"[NUMBER,22], 
       "T"."STORED_VALUE"[VARCHAR2,400], "T"."DISPLAYED_VALUE"[VARCHAR2,4000], "T"."ENTERPRISE_ID"[NUMBER,22]
  21 - "T"."LOV_VALUE_ID"[NUMBER,22], "T"."LOV_ID"[NUMBER,22], "T"."ORG_ENTITY_ID"[NUMBER,22], 
       "T"."STORED_VALUE"[VARCHAR2,400], "T"."DISPLAYED_VALUE"[VARCHAR2,4000], "T"."ENTERPRISE_ID"[NUMBER,22]
  22 - "SRA"."PACKAGE_ID"[NUMBER,22]
  23 - STRDEF[22]
  24 - (#keys=1) "T"."MODULE_ID"[NUMBER,22]
  25 - "T"."MODULE_ID"[NUMBER,22]
  26 - "TL"."MODULE_ID"[NUMBER,22]
  28 - "T"."ORG_ENTITY_ID"[NUMBER,22]
										</code></pre>
								</section>
						</div>
					</div>

				<!-- Sidebar -->
				<div id="sidebar">
					<div class="inner">
						<!-- Menu -->
						<nav id="menu">
							<header class="major">
								<h2>Menu</h2>
							</header>
							<ul>
								<li><a href="../index.html">Module List</a></li>
								<li><a href="index.html">Summary</a></li>
								<li>
									<span class="opener">DB Analysis</span>
									<ul>
										<li><a href="bad-sql.html">Bad SQL</a></li>
										<li><a href="poor-sql.html">Poor SQL Plan</a></li>
										<li><a href="invalid-sql.html">Invalid SQL</a></li>
										<li><a href="full-sql.html">Full SQL Report</a></li>
										<li><a href="table-nil-key.html">Primary/Unique Key Miss</a></li>
										<li><a href="invalid-db-object.html">Invalid DB Objects</a></li>
									</ul>
								</li>
								<li>
									<span class="opener">Infolets</span>
									<ul>
										<li><a href="keep-history-infolets.html">Keep History Infolets</a></li>
									</ul>
								</li>
								<li>
									<span class="opener">Pushforms</span>
									<ul>
										<li><a href="pushform-denormalize.html">Pushform Denormalized</a></li>
									</ul>
								</li>
							</ul>
						</nav>

						<!-- Section -->
						<section>
							<header class="major">
								<h2>Get in touch</h2>
							</header>
							<p>You need more details on the report or want more functionality, don't hesitate to reach out to us.</p>
							<ul class="contact">
								<li class="fa-envelope-o"><a href="mailto:rnd@metricstream.com?Subject=Reg - Static Code Analysis Tool" target="_top">rnd@metricstream.com</a></li>
							</ul>
						</section>

						<!-- Footer -->
						<footer id="footer">
							<p class="copyright">&copy; <a href="http://www.metricstream.com" target="_blank">MetricStream</a>. All rights reserved. </p>
						</footer>
					</div>
				</div>
			</div>

		<!-- Scripts -->
			<script src="../../lib/assets/js/jquery.min.js"></script>
			<script src="../../lib/assets/js/skel.min.js"></script>
			<script src="../../lib/assets/js/util.js"></script>
			<!--[if lte IE 8]><script src="../../lib/assets/js/ie/respond.min.js"></script><![endif]-->
			<script src="../../lib/assets/js/main.js"></script>
	</body>
</html>