<!DOCTYPE HTML>
<html>
	<head>
		<title>Code Analysis - MetricStream</title>
		<meta charset="utf-8" />
		<meta name="viewport" content="width=device-width, initial-scale=1, user-scalable=no" />
		<!--[if lte IE 8]><script src="../../lib/assets/js/ie/html5shiv.js"></script><![endif]-->
		<link rel="stylesheet" href="../../lib/assets/css/main.css" />
		<!--[if lte IE 9]><link rel="stylesheet" href="../../lib/assets/css/ie9.css" /><![endif]-->
		<!--[if lte IE 8]><link rel="stylesheet" href="../../lib/assets/css/ie8.css" /><![endif]-->
	</head>
	<body>

		<!-- Wrapper -->
			<div id="wrapper">

				<!-- Main -->
					<div id="main">
						<div class="inner">
							<!-- Header -->
								<header id="header">
									<a href="index.html" class="logo"><strong>Static Code Analysis Report</strong> by Code Analyzer Tool</a>
								</header>

							<!-- Content -->
								<section>
									<!-- Content -->
										<header class="major"><h2>Infolet Details</h2></header>
										<div class="table-wrapper">
											<table>
												<tbody>
													<tr>
														<th>Name</th>
														<td>MS_GRC_Get_Exception_Name (100927)</td>
													</tr>
													<tr>
														<th>SQL</th>
														<td><pre><code>SELECT c.Exception_for_value
    FROM ms_grc_exception_config c
    WHERE c.Exception_for_id= :2
    AND c.locale_id IN (SELECT locale_id from si_locales
                        WHERE locale_string IN(SELECT locale from si_users_t 
                                              where user_name=:1))</code></pre></td>
													</tr>
													<tr>
														<th>Description</th>
														<td>Infolet to fetch exception name for MLS users</td>
													</tr>
												</tbody>
											</table>
										</div>

										<h2 align="center" id="content">Analysis Report</h2>
										<hr>

<header class="major"><h2>Plan hash value: 2837330283</h2></header><pre><code>
 
----------------------------------------------------------------------------------------------------------
| Id  | Operation                      | Name                    | Rows  | Bytes | Cost (%CPU)| Time     |
----------------------------------------------------------------------------------------------------------
|   0 | SELECT STATEMENT               |                         |     1 |    50 |     3   (0)| 00:00:01 |
|   1 |  NESTED LOOPS                  |                         |     1 |    50 |     3   (0)| 00:00:01 |
|   2 |   NESTED LOOPS                 |                         |     1 |    50 |     3   (0)| 00:00:01 |
|   3 |    NESTED LOOPS                |                         |     1 |    39 |     2   (0)| 00:00:01 |
|   4 |     TABLE ACCESS BY INDEX ROWID| SI_USERS_T              |     1 |    19 |     1   (0)| 00:00:01 |
|*  5 |      INDEX UNIQUE SCAN         | USER_NAME_UK            |     1 |       |     1   (0)| 00:00:01 |
|   6 |     TABLE ACCESS BY INDEX ROWID| MS_GRC_EXCEPTION_CONFIG |     1 |    20 |     1   (0)| 00:00:01 |
|*  7 |      INDEX RANGE SCAN          | IDX_EXCEPTION_CONFIG    |     1 |       |     1   (0)| 00:00:01 |
|*  8 |    INDEX UNIQUE SCAN           | SI_LOCALES_U1           |     1 |       |     1   (0)| 00:00:01 |
|*  9 |   TABLE ACCESS BY INDEX ROWID  | SI_LOCALES              |     1 |    11 |     1   (0)| 00:00:01 |
----------------------------------------------------------------------------------------------------------
 
</code></pre><header class="major"><h2>Query Block Name / Object Alias (identified by operation id):</h2></header><pre><code>
 
   1 - SEL$032ACE5F
   4 - SEL$032ACE5F / SI_USERS_T@SEL$3
   5 - SEL$032ACE5F / SI_USERS_T@SEL$3
   6 - SEL$032ACE5F / C@SEL$1
   7 - SEL$032ACE5F / C@SEL$1
   8 - SEL$032ACE5F / SI_LOCALES@SEL$2
   9 - SEL$032ACE5F / SI_LOCALES@SEL$2
 
</code></pre><header class="major"><h2>Predicate Information (identified by operation id):</h2></header><pre><code>
 
   5 - access("USER_NAME"=:1)
   7 - access("C"."EXCEPTION_FOR_ID"=TO_NUMBER(:2))
   8 - access("C"."LOCALE_ID"="LOCALE_ID")
   9 - filter("LOCALE_STRING"="LOCALE")
 
</code></pre><header class="major"><h2>Column Projection Information (identified by operation id):</h2></header><pre><code>
 
   1 - (#keys=0) "C"."EXCEPTION_FOR_VALUE"[VARCHAR2,400]
   2 - (#keys=0) "LOCALE"[VARCHAR2,400], "C"."EXCEPTION_FOR_VALUE"[VARCHAR2,400], 
       "SI_LOCALES".ROWID[ROWID,10]
   3 - (#keys=0) "LOCALE"[VARCHAR2,400], "C"."EXCEPTION_FOR_VALUE"[VARCHAR2,400], 
       "C"."LOCALE_ID"[NUMBER,22]
   4 - "LOCALE"[VARCHAR2,400]
   5 - "SI_USERS_T".ROWID[ROWID,10]
   6 - "C"."EXCEPTION_FOR_VALUE"[VARCHAR2,400], "C"."LOCALE_ID"[NUMBER,22]
   7 - "C".ROWID[ROWID,10], "C"."LOCALE_ID"[NUMBER,22]
   8 - "SI_LOCALES".ROWID[ROWID,10]
										</code></pre>
								</section>
						</div>
					</div>

				<!-- Sidebar -->
				<div id="sidebar">
					<div class="inner">
						<!-- Menu -->
						<nav id="menu">
							<header class="major">
								<h2>Menu</h2>
							</header>
							<ul>
								<li><a href="../index.html">Module List</a></li>
								<li><a href="index.html">Summary</a></li>
								<li>
									<span class="opener">DB Analysis</span>
									<ul>
										<li><a href="bad-sql.html">Bad SQL</a></li>
										<li><a href="poor-sql.html">Poor SQL Plan</a></li>
										<li><a href="invalid-sql.html">Invalid SQL</a></li>
										<li><a href="full-sql.html">Full SQL Report</a></li>
										<li><a href="table-nil-key.html">Primary/Unique Key Miss</a></li>
										<li><a href="invalid-db-object.html">Invalid DB Objects</a></li>
										<li><a href="sequence-with-less-cache.html">Sequence</a></li>
										<li><a href="table-index-lob-size.html">Table Size</a></li>
									</ul>
								</li>
								<li>
								    <span class="opener">LOB</span>
								    <ul>
								        <li><a href="lob-no-cache.html">LOB - No Cache</a></li>
								        <li><a href="lob-columns.html">LOB - All Columns</a></li>
								    </ul>
								</li>
								<li>
									<span class="opener">Infolets</span>
									<ul>
										<li><a href="keep-history-infolets.html">Keep History Infolets</a></li>
										<li><a href="plsql-context-switch.html">SQL-PL/SQL Context Switch</a></li>
									</ul>
								</li>
								<li>
									<span class="opener">Pushforms</span>
									<ul>
										<li><a href="pushform-denormalize.html">Pushform Denormalized</a></li>
									</ul>
								</li>
								<li>
									<span class="opener">PL/SQL</span>
									<ul>
										<li><a href="plsql-dyn-qry-objs.html">Dynamic Query</a></li>
									</ul>
								</li>
							</ul>
						</nav>

						<!-- Section -->
						<section>
							<header class="major">
								<h2>Get in touch</h2>
							</header>
							<p>You need more details on the report or want more functionality, don't hesitate to reach out to us.</p>
							<ul class="contact">
								<li class="fa-envelope-o"><a href="mailto:apps-rnd-arch-team@metricstream.com?Subject=Reg - Code Analysis Tool" target="_top">apps-rnd-arch-team@metricstream.com</a></li>
							</ul>
						</section>

						<!-- Footer -->
						<footer id="footer">
							<p class="copyright">&copy; <a href="http://www.metricstream.com" target="_blank">MetricStream</a>. All rights reserved. </p>
						</footer>
					</div>
				</div>
			</div>

		<!-- Scripts -->
			<script src="../../lib/assets/js/jquery.min.js"></script>
			<script src="../../lib/assets/js/skel.min.js"></script>
			<script src="../../lib/assets/js/util.js"></script>
			<!--[if lte IE 8]><script src="../../lib/assets/js/ie/respond.min.js"></script><![endif]-->
			<script src="../../lib/assets/js/main.js"></script>
	</body>
</html>