<!DOCTYPE HTML>
<html>
	<head>
		<title>Code Analysis - MetricStream</title>
		<meta charset="utf-8" />
		<meta name="viewport" content="width=device-width, initial-scale=1, user-scalable=no" />
		<!--[if lte IE 8]><script src="../../lib/assets/js/ie/html5shiv.js"></script><![endif]-->
		<link rel="stylesheet" href="../../lib/assets/css/main.css" />
		<!--[if lte IE 9]><link rel="stylesheet" href="../../lib/assets/css/ie9.css" /><![endif]-->
		<!--[if lte IE 8]><link rel="stylesheet" href="../../lib/assets/css/ie8.css" /><![endif]-->
	</head>
	<body>

		<!-- Wrapper -->
			<div id="wrapper">

				<!-- Main -->
					<div id="main">
						<div class="inner">
							<!-- Header -->
								<header id="header">
									<a href="index.html" class="logo"><strong>Static Code Analysis Report</strong> by Code Analyzer Tool</a>
								</header>

							<!-- Content -->
								<section>
									<!-- Content -->
										<header class="major"><h2>Infolet Details</h2></header>
										<div class="table-wrapper">
											<table>
												<tbody>
													<tr>
														<td><b>Name</b></td>
														<td>MS GRC Process Rep Infolet (100665)</td>
													</tr>
													<tr>
														<td><b>SQL</b></td>
														<td><pre><code>SELECT ProcSumm.Object_Id  AS OBJECT_ID,
ProcSumm.OBJECT_NAME AS Object_Name,
ProcMlsSumm.object_level              AS OBJECT_LEVEL,
ProcSumm.OBJ_PARENT                   AS PARENT,
ProcMlsSumm.PROCESS_TYPE              AS TYPE,
ProcMlsSumm.PROCESS_CATEGORY          AS CATEGORY,
PROCMLSSUMM.OBJECT_STATUS   as OBJ_STATUS,
procsumm.created_on as created_on,
MS_GRC_UTILITIES.FN_user_name(procsumm.CREATED_BY) as CREATED_BY,
procsumm.updated_on as updated_on,
MS_GRC_UTILITIES.FN_user_name(procsumm.UPDATED_BY) as UPDATED_BY,
PROCSUMM.VALID_FROM as VALID_FROM,
PROCSUMM.VALID_UNTIL as VALID_UNTIL,
PROCSUMM.DESCRIPTION as DESCRIPTION,
PROCSUMM.OWNER_ORG_NAMES as OWNER_ORG_NAMES,
procsumm.owner_name as owner_name,
ms_grc_utilities.fn_user_name(procsumm.level_1_approver) as level_1_approver,
MS_GRC_UTILITIES.FN_user_name(procsumm.Level_2_Approver) as Level_2_Approver,
ProcSumm.REL_ORGANIZATION_NAMES AS Applies_To_Organizations,
ProcSumm.REL_AOC_OBJ_NAME_AGG            AS Related_Areas_Of_Compliance,
ProcSumm.REL_ASSET_OBJ_NAME_AGG          AS Related_Assets,
ProcSumm.REL_CTRL_OBJ_NAME_AGG        AS Related_Control,
ProcSumm.REL_FUNCTION_OBJ_NAME_AGG       AS Related_Function,
ProcSumm.REL_OBJECTIVE_OBJ_NAME_AGG      AS Related_Objectives,
ProcSumm.REL_PROCESS_OBJ_NAME_AGG        AS Related_Process,
ProcSumm.REL_PRODUCT_NAME_AGG        AS Related_Products,
ProcSumm.REL_REFRENCES_OBJ_NAME_AGG      AS related_reference,
ProcSumm.REL_REQUIREMENT_OBJ_NAME_AGG    AS related_requirement,
ProcSumm.REL_RISK_OBJ_NAME_AGG           AS Related_risks
,(MS_GRC_UTILITIES.FN_GET_REPORT_JSON((SELECT METRIC_ID FROM SI_METRICS_T WHERE METRIC_NAME='MS_GRC_PROCESS'),ProcSumm.DD_PROCESS_INSTANCE_ID,(SELECT DD_INSTANCE_ID FROM MS_GRC_PROCESS WHERE OBJECT_ID=ProcSumm.OBJECT_ID),
'''flag=1'||CHR(38)||'emd=1'||CHR(38)||'x_edit_mode=Yes'||CHR (38)|| 'wrapper= No'|| CHR (38)|| 'mode=view''')) AS REPORT_JSON
,ProcSumm.OBJ_PARENT_ID as OBJ_PARENT_ID,
ProcSumm.Level_1_Approver as Level_1_Appr,
ProcSumm.Level_2_Approver as Level_2_Appr
,ProcSumm.UPPER_OBJECT_NAME AS UPPER_OBJECT_NAME
FROM MS_GRC_PROCESS_SUMMARY ProcSumm,
ms_grc_process_mls_summary procmlssumm, (select column_value
FROM TABLE(CAST(ms_grc_rep_browser_fil_denorm.fn_process_rpt_filter(ms_grc_array_type(:1, :2, :3, :5, :6, :7, TO_CHAR(:8,'YYYY-MM-DD'), TO_CHAR(:9,'YYYY-MM-DD'), :10, :11, :12, :13, TO_CHAR(:14,'YYYY-MM-DD'), TO_CHAR(:15,'YYYY-MM-DD'), TO_CHAR(:16,'YYYY-MM-DD'), TO_CHAR(:17,'YYYY-MM-DD'), :18, :19, :20, :21, :22, :23, :24, NULL, NULL, :25, NULL, NULL, :26, NULL, :27, NULL, :28, :29, NULL, :31, :30, :32, NULL, 'MS_GRC_PROCESS', :33))AS ms_varchar2_array))
) COLVAL, (select LOCALE_ID from SI_USERS_T T1 ,SI_LOCALES T2 where USER_NAME = :33  and T1.LOCALE = T2.LOCALE_STRING) LOC
where COLVAL.column_value = PROCMLSSUMM.OBJECT_ID
and COLVAL.column_value = PROCSUMM.OBJECT_ID
and loc.locale_id = procmlssumm.locale_id
and NVL(IS_ORPHAN, 1)=NVL(:4,NVL(IS_ORPHAN,1))</code></pre></td>
													</tr>
													<tr>
														<td><b>Description</b></td>
														<td>This infolet is used for fetching the Library data for Process list report. It consists of the parameters specific to Process object and also the related library object parmaters. It does not contain any mandatory parameter.</td>
													</tr>
												</tbody>
											</table>
										</div>

										<h2 align="center" id="content">Analysis Report</h2>
										<hr>

<header class="major"><h2>Plan hash value: 3407544199</h2></header><pre><code>
 
--------------------------------------------------------------------------------------------------------------------
| Id  | Operation                             | Name                       | Rows  | Bytes | Cost (%CPU)| Time     |
--------------------------------------------------------------------------------------------------------------------
|   0 | SELECT STATEMENT                      |                            |  2042 |  2917K|   145   (0)| 00:00:02 |
|   1 |  TABLE ACCESS BY INDEX ROWID          | SI_METRICS_T               |     1 |    34 |     1   (0)| 00:00:01 |
|*  2 |   INDEX RANGE SCAN                    | SI_METRICS_T_N7            |     1 |       |     1   (0)| 00:00:01 |
|   3 |   TABLE ACCESS BY INDEX ROWID         | MS_GRC_PROCESS             |     1 |    19 |     1   (0)| 00:00:01 |
|*  4 |    INDEX UNIQUE SCAN                  | MS_GRC_PROCESS_PK          |     1 |       |     1   (0)| 00:00:01 |
|*  5 |  HASH JOIN                            |                            |  2042 |  2917K|   145   (0)| 00:00:02 |
<font style="background-color: lightblue; color: red">|   6 |   TABLE ACCESS FULL                   | MS_GRC_PROCESS_MLS_SUMMARY |   340 | 16320 |     3   (0)| 00:00:01 |</font>
|*  7 |   HASH JOIN                           |                            |  4084 |  5643K|   142   (0)| 00:00:02 |
|*  8 |    INDEX FULL SCAN                    | MS_GRC_PROC_PK             |   170 |   229K|    80   (0)| 00:00:01 |
<font style="background-color: lightblue; color: red">|   9 |    MERGE JOIN CARTESIAN               |                            |  8168 |   255K|    33   (0)| 00:00:01 |</font>
|  10 |     NESTED LOOPS                      |                            |     1 |    30 |     4   (0)| 00:00:01 |
|  11 |      TABLE ACCESS BY INDEX ROWID      | SI_USERS_T                 |     1 |    19 |     1   (0)| 00:00:01 |
|* 12 |       INDEX RANGE SCAN                | SI_USERS_T_N3              |     1 |       |     1   (0)| 00:00:01 |
<font style="background-color: lightblue; color: red">|* 13 |      TABLE ACCESS FULL                | SI_LOCALES                 |     1 |    11 |     3   (0)| 00:00:01 |</font>
|  14 |     BUFFER SORT                       |                            |  8168 | 16336 |    30   (0)| 00:00:01 |
<font style="background-color: lightblue; color: red">|  15 |      COLLECTION ITERATOR PICKLER FETCH| FN_PROCESS_RPT_FILTER      |  8168 | 16336 |    29   (0)| 00:00:01 |</font>
--------------------------------------------------------------------------------------------------------------------
 
</code></pre><header class="major"><h2>Query Block Name / Object Alias (identified by operation id):</h2></header><pre><code>
 
   1 - SEL$2        / SI_METRICS_T@SEL$2
   2 - SEL$2        / SI_METRICS_T@SEL$2
   3 - SEL$3        / MS_GRC_PROCESS@SEL$3
   4 - SEL$3        / MS_GRC_PROCESS@SEL$3
   5 - SEL$2416F508
   6 - SEL$2416F508 / PROCMLSSUMM@SEL$1
   8 - SEL$2416F508 / PROCSUMM@SEL$1
  11 - SEL$2416F508 / T1@SEL$6
  12 - SEL$2416F508 / T1@SEL$6
  13 - SEL$2416F508 / T2@SEL$6
  15 - SEL$2416F508 / KOKBF$0@SEL$5
 
</code></pre><header class="major"><h2>Predicate Information (identified by operation id):</h2></header><pre><code>
 
   2 - access("METRIC_NAME"='MS_GRC_PROCESS')
   4 - access("OBJECT_ID"=:B1)
   5 - access("PROCMLSSUMM"."OBJECT_ID"=VALUE(KOKBF$) AND "LOCALE_ID"=TO_NUMBER("PROCMLSSUMM"."LOCALE_ID"))
   7 - access("PROCSUMM"."OBJECT_ID"=VALUE(KOKBF$))
   8 - filter(NVL("IS_ORPHAN",1)=NVL(:4,NVL("IS_ORPHAN",1)))
  12 - access("USER_NAME"=:33)
  13 - filter("T1"."LOCALE"="T2"."LOCALE_STRING")
 
</code></pre><header class="major"><h2>Column Projection Information (identified by operation id):</h2></header><pre><code>
 
   1 - "SI_METRICS_T".ROWID[ROWID,10], "METRIC_ID"[NUMBER,22]
   2 - "SI_METRICS_T".ROWID[ROWID,10]
   3 - "MS_GRC_PROCESS".ROWID[ROWID,10], "DD_INSTANCE_ID"[NUMBER,22]
   4 - "MS_GRC_PROCESS".ROWID[ROWID,10]
   5 - (#keys=2) "PROCMLSSUMM"."OBJECT_LEVEL"[VARCHAR2,1600], 
       "PROCMLSSUMM"."PROCESS_CATEGORY"[VARCHAR2,4000], "PROCMLSSUMM"."PROCESS_TYPE"[VARCHAR2,4000], 
       "PROCMLSSUMM"."OBJECT_STATUS"[VARCHAR2,4000], "PROCSUMM"."OBJECT_ID"[VARCHAR2,1600], 
       "PROCSUMM"."UPPER_OBJECT_NAME"[VARCHAR2,3000], "PROCSUMM"."OBJECT_NAME"[VARCHAR2,4000], 
       "PROCSUMM"."OBJ_PARENT"[VARCHAR2,4000], "PROCSUMM"."OBJ_PARENT_ID"[VARCHAR2,4000], 
       "PROCSUMM"."LEVEL_1_APPROVER"[VARCHAR2,400], "PROCSUMM"."LEVEL_2_APPROVER"[VARCHAR2,400], 
       "PROCSUMM"."VALID_UNTIL"[DATE,7], "PROCSUMM"."VALID_FROM"[DATE,7], "PROCSUMM"."DESCRIPTION"[LOB,4000], 
       "PROCSUMM"."DD_PROCESS_INSTANCE_ID"[NUMBER,22], "PROCSUMM"."OWNER_NAME"[LOB,4000], 
       "PROCSUMM"."OWNER_ORG_NAMES"[LOB,4000], "PROCSUMM"."CREATED_ON"[DATE,7], 
       "PROCSUMM"."CREATED_BY"[VARCHAR2,400], "PROCSUMM"."UPDATED_ON"[DATE,7], 
       "PROCSUMM"."UPDATED_BY"[VARCHAR2,400], "PROCSUMM"."REL_AOC_OBJ_NAME_AGG"[LOB,4000], 
       "PROCSUMM"."REL_ASSET_OBJ_NAME_AGG"[LOB,4000], "PROCSUMM"."REL_CTRL_OBJ_NAME_AGG"[LOB,4000], 
       "PROCSUMM"."REL_FUNCTION_OBJ_NAME_AGG"[LOB,4000], "PROCSUMM"."REL_OBJECTIVE_OBJ_NAME_AGG"[LOB,4000], 
       "PROCSUMM"."REL_ORGANIZATION_NAMES"[LOB,4000], "PROCSUMM"."REL_PROCESS_OBJ_NAME_AGG"[LOB,4000], 
       "PROCSUMM"."REL_PRODUCT_NAME_AGG"[LOB,4000], "PROCSUMM"."REL_REFRENCES_OBJ_NAME_AGG"[LOB,4000], 
       "PROCSUMM"."REL_REQUIREMENT_OBJ_NAME_AGG"[LOB,4000], "PROCSUMM"."REL_RISK_OBJ_NAME_AGG"[LOB,4000]
   6 - "PROCMLSSUMM"."OBJECT_ID"[VARCHAR2,1600], "PROCMLSSUMM"."LOCALE_ID"[VARCHAR2,400], 
       "PROCMLSSUMM"."PROCESS_CATEGORY"[VARCHAR2,4000], "PROCMLSSUMM"."PROCESS_TYPE"[VARCHAR2,4000], 
       "PROCMLSSUMM"."OBJECT_STATUS"[VARCHAR2,4000], "PROCMLSSUMM"."OBJECT_LEVEL"[VARCHAR2,1600]
   7 - (#keys=1) "PROCSUMM"."OBJECT_ID"[VARCHAR2,1600], "PROCSUMM"."UPPER_OBJECT_NAME"[VARCHAR2,3000], 
       "PROCSUMM"."OBJECT_NAME"[VARCHAR2,4000], "PROCSUMM"."OBJ_PARENT"[VARCHAR2,4000], 
       "PROCSUMM"."OBJ_PARENT_ID"[VARCHAR2,4000], "PROCSUMM"."LEVEL_1_APPROVER"[VARCHAR2,400], 
       "PROCSUMM"."LEVEL_2_APPROVER"[VARCHAR2,400], "PROCSUMM"."VALID_UNTIL"[DATE,7], 
       "PROCSUMM"."VALID_FROM"[DATE,7], "PROCSUMM"."DESCRIPTION"[LOB,4000], 
       "PROCSUMM"."DD_PROCESS_INSTANCE_ID"[NUMBER,22], "PROCSUMM"."OWNER_NAME"[LOB,4000], 
       "PROCSUMM"."OWNER_ORG_NAMES"[LOB,4000], "PROCSUMM"."CREATED_ON"[DATE,7], 
       "PROCSUMM"."CREATED_BY"[VARCHAR2,400], "PROCSUMM"."UPDATED_ON"[DATE,7], 
       "PROCSUMM"."UPDATED_BY"[VARCHAR2,400], "PROCSUMM"."REL_AOC_OBJ_NAME_AGG"[LOB,4000], 
       "PROCSUMM"."REL_ASSET_OBJ_NAME_AGG"[LOB,4000], "PROCSUMM"."REL_CTRL_OBJ_NAME_AGG"[LOB,4000], 
       "PROCSUMM"."REL_FUNCTION_OBJ_NAME_AGG"[LOB,4000], "PROCSUMM"."REL_OBJECTIVE_OBJ_NAME_AGG"[LOB,4000], 
       "PROCSUMM"."REL_ORGANIZATION_NAMES"[LOB,4000], "PROCSUMM"."REL_PROCESS_OBJ_NAME_AGG"[LOB,4000], 
       "PROCSUMM"."REL_PRODUCT_NAME_AGG"[LOB,4000], "PROCSUMM"."REL_REFRENCES_OBJ_NAME_AGG"[LOB,4000], 
       "PROCSUMM"."REL_REQUIREMENT_OBJ_NAME_AGG"[LOB,4000], "PROCSUMM"."REL_RISK_OBJ_NAME_AGG"[LOB,4000], 
       "LOCALE_ID"[NUMBER,22], VALUE(A0)[8000]
   8 - "PROCSUMM".ROWID[ROWID,3034], "PROCSUMM"."UPPER_OBJECT_NAME"[VARCHAR2,3000], 
       "OBJ_SUMM_WID"[NUMBER,22], "PROCSUMM"."OBJECT_ID"[VARCHAR2,1600], "PROCSUMM"."OBJECT_NAME"[VARCHAR2,4000], 
       "PROCSUMM"."OBJ_PARENT"[VARCHAR2,4000], "PROCSUMM"."OBJ_PARENT_ID"[VARCHAR2,4000], 
       "PROCSUMM"."LEVEL_1_APPROVER"[VARCHAR2,400], "PROCSUMM"."LEVEL_2_APPROVER"[VARCHAR2,400], 
       "PROCSUMM"."VALID_UNTIL"[DATE,7], "PROCSUMM"."VALID_FROM"[DATE,7], "PROCSUMM"."DESCRIPTION"[LOB,4000], 
       "PROCSUMM"."DD_PROCESS_INSTANCE_ID"[NUMBER,22], "PROCSUMM"."OWNER_NAME"[LOB,4000], 
       "PROCSUMM"."OWNER_ORG_NAMES"[LOB,4000], "PROCSUMM"."CREATED_ON"[DATE,7], 
       "PROCSUMM"."CREATED_BY"[VARCHAR2,400], "PROCSUMM"."UPDATED_ON"[DATE,7], 
       "PROCSUMM"."UPDATED_BY"[VARCHAR2,400], "PROCSUMM"."REL_AOC_OBJ_NAME_AGG"[LOB,4000], 
       "PROCSUMM"."REL_ASSET_OBJ_NAME_AGG"[LOB,4000], "PROCSUMM"."REL_CTRL_OBJ_NAME_AGG"[LOB,4000], 
       "PROCSUMM"."REL_FUNCTION_OBJ_NAME_AGG"[LOB,4000], "PROCSUMM"."REL_OBJECTIVE_OBJ_NAME_AGG"[LOB,4000], 
       "PROCSUMM"."REL_ORGANIZATION_NAMES"[LOB,4000], "PROCSUMM"."REL_PROCESS_OBJ_NAME_AGG"[LOB,4000], 
       "PROCSUMM"."REL_PRODUCT_NAME_AGG"[LOB,4000], "PROCSUMM"."REL_REFRENCES_OBJ_NAME_AGG"[LOB,4000], 
       "PROCSUMM"."REL_REQUIREMENT_OBJ_NAME_AGG"[LOB,4000], "PROCSUMM"."REL_RISK_OBJ_NAME_AGG"[LOB,4000], 
       "IS_ORPHAN"[NUMBER,22]
   9 - (#keys=0) "LOCALE_ID"[NUMBER,22], VALUE(A0)[8000]
  10 - (#keys=0) "LOCALE_ID"[NUMBER,22]
  11 - "T1"."LOCALE"[VARCHAR2,100]
  12 - "T1".ROWID[ROWID,10]
  13 - "LOCALE_ID"[NUMBER,22]
  14 - (#keys=0) VALUE(A0)[8000]
  15 - VALUE(A0)[8000]
										</code></pre>
								</section>
						</div>
					</div>

				<!-- Sidebar -->
				<div id="sidebar">
					<div class="inner">
						<!-- Menu -->
						<nav id="menu">
							<header class="major">
								<h2>Menu</h2>
							</header>
							<ul>
								<li><a href="../index.html">Module List</a></li>
								<li><a href="index.html">Summary</a></li>
								<li>
									<span class="opener">DB Analysis</span>
									<ul>
										<li><a href="bad-sql.html">Bad SQL</a></li>
										<li><a href="poor-sql.html">Poor SQL Plan</a></li>
										<li><a href="invalid-sql.html">Invalid SQL</a></li>
										<li><a href="full-sql.html">Full SQL Report</a></li>
										<li><a href="table-nil-key.html">Primary/Unique Key Miss</a></li>
										<li><a href="invalid-db-object.html">Invalid DB Objects</a></li>
									</ul>
								</li>
								<li>
									<span class="opener">Infolets</span>
									<ul>
										<li><a href="keep-history-infolets.html">Keep History Infolets</a></li>
									</ul>
								</li>
								<li>
									<span class="opener">Pushforms</span>
									<ul>
										<li><a href="pushform-denormalize.html">Pushform Denormalized</a></li>
									</ul>
								</li>
							</ul>
						</nav>

						<!-- Section -->
						<section>
							<header class="major">
								<h2>Get in touch</h2>
							</header>
							<p>You need more details on the report or want more functionality, don't hesitate to reach out to us.</p>
							<ul class="contact">
								<li class="fa-envelope-o"><a href="mailto:rnd@metricstream.com?Subject=Reg - Static Code Analysis Tool" target="_top">rnd@metricstream.com</a></li>
							</ul>
						</section>

						<!-- Footer -->
						<footer id="footer">
							<p class="copyright">&copy; <a href="http://www.metricstream.com" target="_blank">MetricStream</a>. All rights reserved. </p>
						</footer>
					</div>
				</div>
			</div>

		<!-- Scripts -->
			<script src="../../lib/assets/js/jquery.min.js"></script>
			<script src="../../lib/assets/js/skel.min.js"></script>
			<script src="../../lib/assets/js/util.js"></script>
			<!--[if lte IE 8]><script src="../../lib/assets/js/ie/respond.min.js"></script><![endif]-->
			<script src="../../lib/assets/js/main.js"></script>
	</body>
</html>