<!DOCTYPE HTML>
<html>
	<head>
		<title>Code Analysis - MetricStream</title>
		<meta charset="utf-8" />
		<meta name="viewport" content="width=device-width, initial-scale=1, user-scalable=no" />
		<!--[if lte IE 8]><script src="../../lib/assets/js/ie/html5shiv.js"></script><![endif]-->
		<link rel="stylesheet" href="../../lib/assets/css/main.css" />
		<!--[if lte IE 9]><link rel="stylesheet" href="../../lib/assets/css/ie9.css" /><![endif]-->
		<!--[if lte IE 8]><link rel="stylesheet" href="../../lib/assets/css/ie8.css" /><![endif]-->
	</head>
	<body>

		<!-- Wrapper -->
			<div id="wrapper">

				<!-- Main -->
					<div id="main">
						<div class="inner">
							<!-- Header -->
								<header id="header">
									<a href="index.html" class="logo"><strong>Static Code Analysis Report</strong> by Code Analyzer Tool</a>
								</header>

							<!-- Content -->
								<section>
									<!-- Content -->
										<header class="major"><h2>Infolet Details</h2></header>
										<div class="table-wrapper">
											<table>
												<tbody>
													<tr>
														<th>Name</th>
														<td>MS_GRC_EXCP_Entp_List_Rpt_Inf (100841)</td>
													</tr>
													<tr>
														<th>SQL</th>
														<td><pre><code>select object_id,
object_type as object_type,
exception_for,
      type_exception,
       OBJ_CREATED_ON,
      OBJ_CREATED_BY,
      OBJ_MODIFIED_ON,
      OBJ_MODIFIED_BY,
      REL_DATA_LINK as Applies_To_Organizations,
      REL_DATA_LINK as Related_Areas_Of_Compliance,
      REL_DATA_LINK as Related_Asset_Classes,
      REL_DATA_LINK as Related_Assets,
      REL_DATA_LINK as Related_Controls,
      REL_DATA_LINK as RELATED_FRAMEWORK_REFERENCES,
      REL_DATA_LINK as Related_Processes,
      REL_DATA_LINK as Related_References,
      REL_DATA_LINK as Related_Requirements,
      REL_DATA_LINK as Related_Standards,
      valid_from,
      expires_on,
      (Select Ms_Grc_Utilities.Get_Status_Name(:26, RV.status) From Dual) as status,
      items,
      exception_approver,
      explanation,
      edit,
      ITEMS_DISP,
(MS_GRC_UTILITIES.FN_GET_REPORT_JSON((SELECT METRIC_ID FROM SI_METRICS_T 
WHERE METRIC_NAME='MS_GRC_EXCEPTION'),DD_PROCESS_INSTANCE_ID,(SELECT MAX(INSTANCE_ID) FROM MS_GRC_EXCEPTION_V WHERE OBJECT_ID=RV.OBJECT_ID),
'''flag=1'||CHR(38)||'emd=1'||CHR(38)||'x_edit_mode=Yes'||CHR (38)|| 'wrapper= No'|| CHR (38)|| 'mode=view''')) as REPORT_JSON
   from MS_GRC_EXCP_ENTP_RV RV
   WHERE locale = (SELECT LOCALE FROM si_users_t where USER_NAME = :26)
   AND EXISTS
(SELECT COLUMN_VALUE
FROM TABLE(cast(ms_grc_reportbrowser_filters.GET_Filters_exception_entp(:1,               
:2,         
:3,             
:4,            
:5,         
:6,                    
:7,  
:8,              
:9,             
:10, 
:11,  
:12,              
:13,       
:14,          
:15,          
:16,            
:17,       
:18, 
:19,     
:20,   
:21,     
:22,   
:23, 
:24,       
:25,    
'',
:26   ) AS ms_varchar2_array))
WHERE COLUMN_VALUE = RV.OBJECT_ID
)</code></pre></td>
													</tr>
													<tr>
														<th>Description</th>
														<td>This infolet is used for fetching the Library data for Exception Enterprise report. It consists of the parameters specific to Exception object and also the related library object parameters. It does not contain any mandatory parameter.</td>
													</tr>
												</tbody>
											</table>
										</div>

										<h2 align="center" id="content">Analysis Report</h2>
										<hr>

<header class="major"><h2>Plan hash value: 3296978909</h2></header><pre><code>
 
------------------------------------------------------------------------------------------------------------------
| Id  | Operation                          | Name                        | Rows  | Bytes | Cost (%CPU)| Time     |
------------------------------------------------------------------------------------------------------------------
|   0 | SELECT STATEMENT                   |                             |     1 |  7878 |    53   (0)| 00:00:01 |
|   1 |  NESTED LOOPS OUTER                |                             |     1 |  2796 |    20   (0)| 00:00:01 |
|   2 |   NESTED LOOPS                     |                             |     1 |  2771 |    19   (0)| 00:00:01 |
|   3 |    NESTED LOOPS                    |                             |     1 |   748 |     3   (0)| 00:00:01 |
|   4 |     NESTED LOOPS                   |                             |     1 |   745 |     2   (0)| 00:00:01 |
|   5 |      TABLE ACCESS BY INDEX ROWID   | MS_GRC_EXCEPTION            |     1 |   712 |     1   (0)| 00:00:01 |
|*  6 |       INDEX UNIQUE SCAN            | MS_GRC_EXCEPTION_PK         |     1 |       |     1   (0)| 00:00:01 |
|   7 |      TABLE ACCESS BY INDEX ROWID   | MS_QS_LOV_NAMES             |     1 |    33 |     1   (0)| 00:00:01 |
|*  8 |       INDEX RANGE SCAN             | MS_QS_LOV_NAMES_N1          |     1 |       |     1   (0)| 00:00:01 |
|*  9 |     INDEX RANGE SCAN               | SI_ENT_N1                   |     1 |     3 |     1   (0)| 00:00:01 |
|* 10 |    VIEW                            |                             |     1 |  2023 |    16   (0)| 00:00:01 |
|  11 |     NESTED LOOPS                   |                             |  4321 |   168K|    16   (0)| 00:00:01 |
|* 12 |      TABLE ACCESS BY INDEX ROWID   | SI_LOCALES                  |     1 |     6 |     1   (0)| 00:00:01 |
|* 13 |       INDEX UNIQUE SCAN            | SI_LOCALES_U1               |     1 |       |     1   (0)| 00:00:01 |
<font style="background-color: lightblue; color: red">|* 14 |      TABLE ACCESS FULL             | MS_QS_LIST_OF_VALUES_T      |  4321 |   143K|    15   (0)| 00:00:01 |</font>
|  15 |   TABLE ACCESS BY INDEX ROWID      | MS_QS_LIST_OF_VALUES_TL     |     1 |    25 |     1   (0)| 00:00:01 |
|* 16 |    INDEX RANGE SCAN                | MS_QS_LIST_OF_VALUES_TL_IDX |     1 |       |     1   (0)| 00:00:01 |
|  17 |  NESTED LOOPS OUTER                |                             |     1 |  4288 |    20   (0)| 00:00:01 |
|  18 |   NESTED LOOPS                     |                             |     1 |  4263 |    19   (0)| 00:00:01 |
|  19 |    NESTED LOOPS                    |                             |     1 |  2240 |     3   (0)| 00:00:01 |
|  20 |     NESTED LOOPS                   |                             |     1 |  2237 |     2   (0)| 00:00:01 |
|  21 |      TABLE ACCESS BY INDEX ROWID   | MS_GRC_EXCEPTION            |     1 |  2204 |     1   (0)| 00:00:01 |
|* 22 |       INDEX UNIQUE SCAN            | MS_GRC_EXCEPTION_PK         |     1 |       |     1   (0)| 00:00:01 |
|  23 |      TABLE ACCESS BY INDEX ROWID   | MS_QS_LOV_NAMES             |     1 |    33 |     1   (0)| 00:00:01 |
|* 24 |       INDEX RANGE SCAN             | MS_QS_LOV_NAMES_N1          |     1 |       |     1   (0)| 00:00:01 |
|* 25 |     INDEX RANGE SCAN               | SI_ENT_N1                   |     1 |     3 |     1   (0)| 00:00:01 |
|* 26 |    VIEW                            |                             |     1 |  2023 |    16   (0)| 00:00:01 |
|  27 |     NESTED LOOPS                   |                             |  4321 |   168K|    16   (0)| 00:00:01 |
|* 28 |      TABLE ACCESS BY INDEX ROWID   | SI_LOCALES                  |     1 |     6 |     1   (0)| 00:00:01 |
|* 29 |       INDEX UNIQUE SCAN            | SI_LOCALES_U1               |     1 |       |     1   (0)| 00:00:01 |
<font style="background-color: lightblue; color: red">|* 30 |      TABLE ACCESS FULL             | MS_QS_LIST_OF_VALUES_T      |  4321 |   143K|    15   (0)| 00:00:01 |</font>
|  31 |   TABLE ACCESS BY INDEX ROWID      | MS_QS_LIST_OF_VALUES_TL     |     1 |    25 |     1   (0)| 00:00:01 |
|* 32 |    INDEX RANGE SCAN                | MS_QS_LIST_OF_VALUES_TL_IDX |     1 |       |     1   (0)| 00:00:01 |
|  33 |  FAST DUAL                         |                             |     1 |       |     2   (0)| 00:00:01 |
|  34 |  SORT AGGREGATE                    |                             |     1 |   714 |            |          |
|* 35 |   INDEX RANGE SCAN                 | MS_GRC_EXCEPTION_ITM_UK     |     1 |   714 |     1   (0)| 00:00:01 |
|  36 |  SORT AGGREGATE                    |                             |     1 |   714 |            |          |
|* 37 |   INDEX RANGE SCAN                 | MS_GRC_EXCEPTION_ITM_UK     |     1 |   714 |     1   (0)| 00:00:01 |
|  38 |  TABLE ACCESS BY INDEX ROWID       | SI_METRICS_T                |     1 |    34 |     1   (0)| 00:00:01 |
|* 39 |   INDEX RANGE SCAN                 | SI_METRICS_T_N7             |     1 |       |     1   (0)| 00:00:01 |
|  40 |   SORT AGGREGATE                   |                             |     1 |  2015 |            |          |
|  41 |    TABLE ACCESS BY INDEX ROWID     | SI_101194_T                 |     1 |  2015 |     1   (0)| 00:00:01 |
|* 42 |     INDEX RANGE SCAN               | MS_GRC_EXCP_OBJ_ID_IDX      |     1 |       |     1   (0)| 00:00:01 |
|* 43 |  HASH JOIN SEMI                    |                             |     1 |  7878 |    53   (0)| 00:00:01 |
|* 44 |   HASH JOIN                        |                             |     1 |  7876 |    24   (0)| 00:00:01 |
|  45 |    NESTED LOOPS                    |                             |     1 |  7674 |    23   (0)| 00:00:01 |
|  46 |     NESTED LOOPS                   |                             |     1 |  7644 |    22   (0)| 00:00:01 |
|  47 |      NESTED LOOPS OUTER            |                             |     1 |  7631 |    21   (0)| 00:00:01 |
<font style="background-color: lightblue; color: red">|  48 |       MERGE JOIN CARTESIAN         |                             |     1 |  7606 |    20   (0)| 00:00:01 |</font>
<font style="background-color: lightblue; color: red">|  49 |        TABLE ACCESS FULL           | MS_GRC_EXCEPTION            |     1 |  5590 |     2   (0)| 00:00:01 |</font>
|  50 |        BUFFER SORT                 |                             |     2 |  4032 |    18   (0)| 00:00:01 |
|  51 |         VIEW                       |                             |     2 |  4032 |    18   (0)| 00:00:01 |
<font style="background-color: lightblue; color: red">|  52 |          MERGE JOIN CARTESIAN      |                             |     2 |    74 |    18   (0)| 00:00:01 |</font>
<font style="background-color: lightblue; color: red">|* 53 |           TABLE ACCESS FULL        | SI_LOCALES                  |     1 |     6 |     3   (0)| 00:00:01 |</font>
|  54 |           BUFFER SORT              |                             |     2 |    62 |    15   (0)| 00:00:01 |
<font style="background-color: lightblue; color: red">|* 55 |            TABLE ACCESS FULL       | MS_QS_LIST_OF_VALUES_T      |     2 |    62 |    15   (0)| 00:00:01 |</font>
|  56 |       TABLE ACCESS BY INDEX ROWID  | MS_QS_LIST_OF_VALUES_TL     |     1 |    25 |     1   (0)| 00:00:01 |
|* 57 |        INDEX RANGE SCAN            | MS_QS_LIST_OF_VALUES_TL_IDX |     1 |       |     1   (0)| 00:00:01 |
|* 58 |      TABLE ACCESS BY INDEX ROWID   | SI_LOCALES                  |     1 |    13 |     1   (0)| 00:00:01 |
|* 59 |       INDEX UNIQUE SCAN            | SI_LOCALES_U1               |     1 |       |     1   (0)| 00:00:01 |
|* 60 |     TABLE ACCESS BY INDEX ROWID    | MS_QS_LOV_NAMES             |     1 |    30 |     1   (0)| 00:00:01 |
|* 61 |      INDEX RANGE SCAN              | MS_QS_LOV_NAMES_N1          |     1 |       |     1   (0)| 00:00:01 |
|  62 |    VIEW                            | VW_SQ_1                     |     1 |   202 |     1   (0)| 00:00:01 |
|  63 |     TABLE ACCESS BY INDEX ROWID    | SI_USERS_T                  |     1 |    19 |     1   (0)| 00:00:01 |
|* 64 |      INDEX UNIQUE SCAN             | USER_NAME_UK                |     1 |       |     1   (0)| 00:00:01 |
<font style="background-color: lightblue; color: red">|  65 |   COLLECTION ITERATOR PICKLER FETCH| GET_FILTERS_EXCEPTION_ENTP  |  8168 | 16336 |    29   (0)| 00:00:01 |</font>
------------------------------------------------------------------------------------------------------------------
 
</code></pre><header class="major"><h2>Query Block Name / Object Alias (identified by operation id):</h2></header><pre><code>
 
   1 - SEL$8A3193DA
   5 - SEL$8A3193DA / EXPC@SEL$7
   6 - SEL$8A3193DA / EXPC@SEL$7
   7 - SEL$8A3193DA / LOVNAME@SEL$7
   8 - SEL$8A3193DA / LOVNAME@SEL$7
   9 - SEL$8A3193DA / ENT@SEL$7
  10 - SEL$0EE6DB63 / X@SEL$8
  11 - SEL$0EE6DB63
  12 - SEL$0EE6DB63 / SI_LOCALES@SEL$10
  13 - SEL$0EE6DB63 / SI_LOCALES@SEL$10
  14 - SEL$0EE6DB63 / T@SEL$9
  15 - SEL$8A3193DA / TL@SEL$8
  16 - SEL$8A3193DA / TL@SEL$8
  17 - SEL$42DFC41A
  21 - SEL$42DFC41A / EXPC@SEL$11
  22 - SEL$42DFC41A / EXPC@SEL$11
  23 - SEL$42DFC41A / LOVNAME@SEL$11
  24 - SEL$42DFC41A / LOVNAME@SEL$11
  25 - SEL$42DFC41A / ENT@SEL$11
  26 - SEL$1CF66C63 / X@SEL$12
  27 - SEL$1CF66C63
  28 - SEL$1CF66C63 / SI_LOCALES@SEL$14
  29 - SEL$1CF66C63 / SI_LOCALES@SEL$14
  30 - SEL$1CF66C63 / T@SEL$13
  31 - SEL$42DFC41A / TL@SEL$12
  32 - SEL$42DFC41A / TL@SEL$12
  33 - SEL$2        / DUAL@SEL$2
  34 - SEL$15      
  35 - SEL$15       / ITM@SEL$15
  36 - SEL$16      
  37 - SEL$16       / ITM@SEL$16
  38 - SEL$3        / SI_METRICS_T@SEL$3
  39 - SEL$3        / SI_METRICS_T@SEL$3
  40 - SEL$7286615E
  41 - SEL$7286615E / SI_101194_T@SEL$5
  42 - SEL$7286615E / SI_101194_T@SEL$5
  43 - SEL$8679C6AD
  49 - SEL$8679C6AD / A@SEL$6
  51 - SEL$07C48A2D / X@SEL$17
  52 - SEL$07C48A2D
  53 - SEL$07C48A2D / SI_LOCALES@SEL$19
  55 - SEL$07C48A2D / T@SEL$18
  56 - SEL$8679C6AD / TL@SEL$17
  57 - SEL$8679C6AD / TL@SEL$17
  58 - SEL$8679C6AD / LOC@SEL$6
  59 - SEL$8679C6AD / LOC@SEL$6
  60 - SEL$8679C6AD / LOVNAME@SEL$6
  61 - SEL$8679C6AD / LOVNAME@SEL$6
  62 - SEL$A5A27A5E / VW_SQ_1@SEL$84375428
  63 - SEL$A5A27A5E / SI_USERS_T@SEL$20
  64 - SEL$A5A27A5E / SI_USERS_T@SEL$20
  65 - SEL$8679C6AD / KOKBF$0@SEL$22
 
</code></pre><header class="major"><h2>Predicate Information (identified by operation id):</h2></header><pre><code>
 
   6 - access("EXPC"."OBJECT_ID"=:B1)
   8 - access("LOVNAME"."LOV_NAME"='MS_GRC_Exception_For')
   9 - access("LOVNAME"."ENTERPRISE_ID"="ENT"."ENTERPRISE_ID")
  10 - filter("X"."LOV_ID"="LOVNAME"."LOV_ID" AND "X"."ENTERPRISE_ID"="ENT"."ENTERPRISE_ID" AND 
              "EXPC"."EXCEPTION_FOR"="X"."STORED_VALUE")
  12 - filter("ENABLED_FLAG"='Y')
  13 - access("LOCALE_ID"=:B1)
  14 - filter("T"."ORG_ENTITY_ID"=1)
  16 - access("X"."LOV_VALUE_ID"="TL"."LOV_VALUE_ID"(+) AND "TL"."LOCALE_ID"(+)=:B1)
       filter("X"."LOCALE_ID"="TL"."LOCALE_ID"(+))
  22 - access("EXPC"."OBJECT_ID"=:B1)
  24 - access("LOVNAME"."LOV_NAME"='MS_GRC_Type_Of_Exception')
  25 - access("LOVNAME"."ENTERPRISE_ID"="ENT"."ENTERPRISE_ID")
  26 - filter("X"."LOV_ID"="LOVNAME"."LOV_ID" AND "X"."ENTERPRISE_ID"="ENT"."ENTERPRISE_ID" AND 
              "EXPC"."TYPE_EXCEPTION"="X"."STORED_VALUE")
  28 - filter("ENABLED_FLAG"='Y')
  29 - access("LOCALE_ID"=:B1)
  30 - filter("T"."ORG_ENTITY_ID"=1)
  32 - access("X"."LOV_VALUE_ID"="TL"."LOV_VALUE_ID"(+) AND "TL"."LOCALE_ID"(+)=:B1)
       filter("X"."LOCALE_ID"="TL"."LOCALE_ID"(+))
  35 - access("ITM"."OBJECT_ID"=:B1)
  37 - access("ITM"."OBJECT_ID"=:B1)
  39 - access("METRIC_NAME"='MS_GRC_EXCEPTION')
  42 - access("OBJECT_ID"=:B1)
  43 - access("A"."OBJECT_ID"=VALUE(KOKBF$))
  44 - access("LOC"."LOCALE_STRING"="LOCALE")
  53 - filter("ENABLED_FLAG"='Y')
  55 - filter("T"."STORED_VALUE"='CLICK_HERE' AND "T"."ORG_ENTITY_ID"=1)
  57 - access("X"."LOV_VALUE_ID"="TL"."LOV_VALUE_ID"(+) AND "X"."LOCALE_ID"="TL"."LOCALE_ID"(+))
  58 - filter("LOC"."ENABLED_FLAG"='Y')
  59 - access("X"."LOCALE_ID"="LOC"."LOCALE_ID")
  60 - filter("X"."LOV_ID"="LOVNAME"."LOV_ID")
  61 - access("LOVNAME"."LOV_NAME"='MS_GRC_LABLES')
  64 - access("USER_NAME"=:26)
 
</code></pre><header class="major"><h2>Column Projection Information (identified by operation id):</h2></header><pre><code>
 
   1 - (#keys=0) "X"."DISPLAYED_VALUE"[VARCHAR2,4000], "TL"."DISPLAYED_VALUE"[VARCHAR2,4000]
   2 - (#keys=0) "X"."LOV_VALUE_ID"[NUMBER,22], "X"."DISPLAYED_VALUE"[VARCHAR2,4000], 
       "X"."LOCALE_ID"[NUMBER,22]
   3 - (#keys=0) "EXPC"."EXCEPTION_FOR"[VARCHAR2,1016], "LOVNAME"."LOV_ID"[NUMBER,22], 
       "ENT"."ENTERPRISE_ID"[NUMBER,22]
   4 - (#keys=0) "EXPC"."EXCEPTION_FOR"[VARCHAR2,1016], "LOVNAME"."LOV_ID"[NUMBER,22], 
       "LOVNAME"."ENTERPRISE_ID"[NUMBER,22]
   5 - "EXPC"."EXCEPTION_FOR"[VARCHAR2,1016]
   6 - "EXPC".ROWID[ROWID,10]
   7 - "LOVNAME"."LOV_ID"[NUMBER,22], "LOVNAME"."ENTERPRISE_ID"[NUMBER,22]
   8 - "LOVNAME".ROWID[ROWID,10]
   9 - "ENT"."ENTERPRISE_ID"[NUMBER,22]
  10 - "X"."LOV_VALUE_ID"[NUMBER,22], "X"."LOV_ID"[NUMBER,22], "X"."STORED_VALUE"[VARCHAR2,400], 
       "X"."DISPLAYED_VALUE"[VARCHAR2,4000], "X"."LOCALE_ID"[NUMBER,22], "X"."ENTERPRISE_ID"[NUMBER,22]
  11 - (#keys=0) "LOCALE_ID"[NUMBER,22], "T"."LOV_VALUE_ID"[NUMBER,22], "T"."LOV_ID"[NUMBER,22], 
       "T"."STORED_VALUE"[VARCHAR2,400], "T"."DISPLAYED_VALUE"[VARCHAR2,4000], "T"."ENTERPRISE_ID"[NUMBER,22]
  12 - "LOCALE_ID"[NUMBER,22]
  13 - "SI_LOCALES".ROWID[ROWID,10], "LOCALE_ID"[NUMBER,22]
  14 - "T"."LOV_VALUE_ID"[NUMBER,22], "T"."LOV_ID"[NUMBER,22], "T"."STORED_VALUE"[VARCHAR2,400], 
       "T"."DISPLAYED_VALUE"[VARCHAR2,4000], "T"."ENTERPRISE_ID"[NUMBER,22]
  15 - "TL"."DISPLAYED_VALUE"[VARCHAR2,4000]
  16 - "TL".ROWID[ROWID,10]
  17 - (#keys=0) "X"."DISPLAYED_VALUE"[VARCHAR2,4000], "TL"."DISPLAYED_VALUE"[VARCHAR2,4000]
  18 - (#keys=0) "X"."LOV_VALUE_ID"[NUMBER,22], "X"."DISPLAYED_VALUE"[VARCHAR2,4000], 
       "X"."LOCALE_ID"[NUMBER,22]
  19 - (#keys=0) "EXPC"."TYPE_EXCEPTION"[VARCHAR2,4000], "LOVNAME"."LOV_ID"[NUMBER,22], 
       "ENT"."ENTERPRISE_ID"[NUMBER,22]
  20 - (#keys=0) "EXPC"."TYPE_EXCEPTION"[VARCHAR2,4000], "LOVNAME"."LOV_ID"[NUMBER,22], 
       "LOVNAME"."ENTERPRISE_ID"[NUMBER,22]
  21 - "EXPC"."TYPE_EXCEPTION"[VARCHAR2,4000]
  22 - "EXPC".ROWID[ROWID,10]
  23 - "LOVNAME"."LOV_ID"[NUMBER,22], "LOVNAME"."ENTERPRISE_ID"[NUMBER,22]
  24 - "LOVNAME".ROWID[ROWID,10]
  25 - "ENT"."ENTERPRISE_ID"[NUMBER,22]
  26 - "X"."LOV_VALUE_ID"[NUMBER,22], "X"."LOV_ID"[NUMBER,22], "X"."STORED_VALUE"[VARCHAR2,400], 
       "X"."DISPLAYED_VALUE"[VARCHAR2,4000], "X"."LOCALE_ID"[NUMBER,22], "X"."ENTERPRISE_ID"[NUMBER,22]
  27 - (#keys=0) "LOCALE_ID"[NUMBER,22], "T"."LOV_VALUE_ID"[NUMBER,22], "T"."LOV_ID"[NUMBER,22], 
       "T"."STORED_VALUE"[VARCHAR2,400], "T"."DISPLAYED_VALUE"[VARCHAR2,4000], "T"."ENTERPRISE_ID"[NUMBER,22]
  28 - "LOCALE_ID"[NUMBER,22]
  29 - "SI_LOCALES".ROWID[ROWID,10], "LOCALE_ID"[NUMBER,22]
  30 - "T"."LOV_VALUE_ID"[NUMBER,22], "T"."LOV_ID"[NUMBER,22], "T"."STORED_VALUE"[VARCHAR2,400], 
       "T"."DISPLAYED_VALUE"[VARCHAR2,4000], "T"."ENTERPRISE_ID"[NUMBER,22]
  31 - "TL"."DISPLAYED_VALUE"[VARCHAR2,4000]
  32 - "TL".ROWID[ROWID,10]
  34 - (#keys=0) "MS_CONCAT"("ITM"."SELECT_ITEMS")[4000]
  35 - "ITM"."SELECT_ITEMS"[VARCHAR2,1020]
  36 - (#keys=0) "MS_CONCAT"("ITM"."SELECT_ITEMS")[4000]
  37 - "ITM"."SELECT_ITEMS"[VARCHAR2,1020]
  38 - "SI_METRICS_T".ROWID[ROWID,10], "METRIC_ID"[NUMBER,22]
  39 - "SI_METRICS_T".ROWID[ROWID,10]
  40 - (#keys=0) MAX("INSTANCE_ID")[22]
  41 - "INSTANCE_ID"[NUMBER,22]
  42 - "SI_101194_T".ROWID[ROWID,10]
  43 - (#keys=1) "A"."OBJECT_ID"[VARCHAR2,400], "A"."OBJ_CREATED_BY"[VARCHAR2,400], 
       "A"."OBJ_STATUS"[VARCHAR2,400], "A"."APPROVER"[VARCHAR2,4000], "A"."OBJ_MODIFIED_BY"[VARCHAR2,400], 
       "EXCEPTION_FOR"[VARCHAR2,1016], "A"."VALID_UNTIL"[DATE,7], "A"."VALID_FROM"[DATE,7], 
       "A"."OBJ_MODIFIED_ON"[DATE,7], "A"."OBJ_CREATED_ON"[DATE,7], "A"."EXPLANATION"[LOB,4000], 
       "A"."DD_OBJECT_TYPE"[VARCHAR2,400], "A"."DD_PROCESS_INSTANCE_ID"[NUMBER,22], 
       "A"."DD_INSTANCE_ID"[NUMBER,22], "A"."DD_EDIT_FLAG"[VARCHAR2,4], "X"."DISPLAYED_VALUE"[VARCHAR2,4000], 
       "TL"."DISPLAYED_VALUE"[VARCHAR2,4000], "LOC"."LOCALE_ID"[NUMBER,22]
  44 - (#keys=1) "LOC"."LOCALE_STRING"[VARCHAR2,400], "LOCALE"[VARCHAR2,400], 
       "A"."OBJECT_ID"[VARCHAR2,400], "A"."OBJ_CREATED_BY"[VARCHAR2,400], "A"."OBJ_STATUS"[VARCHAR2,400], 
       "A"."APPROVER"[VARCHAR2,4000], "A"."OBJ_MODIFIED_BY"[VARCHAR2,400], "EXCEPTION_FOR"[VARCHAR2,1016], 
       "A"."VALID_UNTIL"[DATE,7], "A"."VALID_FROM"[DATE,7], "A"."OBJ_MODIFIED_ON"[DATE,7], 
       "A"."OBJ_CREATED_ON"[DATE,7], "A"."EXPLANATION"[LOB,4000], "A"."DD_OBJECT_TYPE"[VARCHAR2,400], 
       "A"."DD_PROCESS_INSTANCE_ID"[NUMBER,22], "A"."DD_INSTANCE_ID"[NUMBER,22], "A"."DD_EDIT_FLAG"[VARCHAR2,4], 
       "X"."LOV_VALUE_ID"[NUMBER,22], "X"."LOV_ID"[NUMBER,22], "X"."DISPLAYED_VALUE"[VARCHAR2,4000], 
       "X"."LOCALE_ID"[NUMBER,22], "TL".ROWID[ROWID,10], "TL"."LOV_VALUE_ID"[NUMBER,22], 
       "TL"."DISPLAYED_VALUE"[VARCHAR2,4000], "TL"."LOCALE_ID"[NUMBER,22], "LOC".ROWID[ROWID,10], 
       "LOC"."LOCALE_ID"[NUMBER,22], "LOVNAME"."LOV_ID"[NUMBER,22], "LOC"."ENABLED_FLAG"[VARCHAR2,4], 
       "LOVNAME".ROWID[ROWID,10], "LOVNAME"."LOV_NAME"[VARCHAR2,400]
  45 - (#keys=0) "A"."OBJECT_ID"[VARCHAR2,400], "A"."OBJ_CREATED_BY"[VARCHAR2,400], 
       "A"."OBJ_STATUS"[VARCHAR2,400], "A"."APPROVER"[VARCHAR2,4000], "A"."OBJ_MODIFIED_BY"[VARCHAR2,400], 
       "EXCEPTION_FOR"[VARCHAR2,1016], "A"."VALID_UNTIL"[DATE,7], "A"."VALID_FROM"[DATE,7], 
       "A"."OBJ_MODIFIED_ON"[DATE,7], "A"."OBJ_CREATED_ON"[DATE,7], "A"."EXPLANATION"[LOB,4000], 
       "A"."DD_OBJECT_TYPE"[VARCHAR2,400], "A"."DD_PROCESS_INSTANCE_ID"[NUMBER,22], 
       "A"."DD_INSTANCE_ID"[NUMBER,22], "A"."DD_EDIT_FLAG"[VARCHAR2,4], "X"."LOV_VALUE_ID"[NUMBER,22], 
       "X"."LOV_ID"[NUMBER,22], "X"."DISPLAYED_VALUE"[VARCHAR2,4000], "X"."LOCALE_ID"[NUMBER,22], 
       "TL".ROWID[ROWID,10], "TL"."LOV_VALUE_ID"[NUMBER,22], "TL"."DISPLAYED_VALUE"[VARCHAR2,4000], 
       "TL"."LOCALE_ID"[NUMBER,22], "LOC".ROWID[ROWID,10], "LOC"."LOCALE_ID"[NUMBER,22], 
       "LOC"."LOCALE_STRING"[VARCHAR2,400], "LOC"."ENABLED_FLAG"[VARCHAR2,4], "LOVNAME".ROWID[ROWID,10], 
       "LOVNAME"."LOV_NAME"[VARCHAR2,400], "LOVNAME"."LOV_ID"[NUMBER,22]
  46 - (#keys=0) "A"."OBJECT_ID"[VARCHAR2,400], "A"."OBJ_CREATED_BY"[VARCHAR2,400], 
       "A"."OBJ_STATUS"[VARCHAR2,400], "A"."APPROVER"[VARCHAR2,4000], "A"."OBJ_MODIFIED_BY"[VARCHAR2,400], 
       "EXCEPTION_FOR"[VARCHAR2,1016], "A"."VALID_UNTIL"[DATE,7], "A"."VALID_FROM"[DATE,7], 
       "A"."OBJ_MODIFIED_ON"[DATE,7], "A"."OBJ_CREATED_ON"[DATE,7], "A"."EXPLANATION"[LOB,4000], 
       "A"."DD_OBJECT_TYPE"[VARCHAR2,400], "A"."DD_PROCESS_INSTANCE_ID"[NUMBER,22], 
       "A"."DD_INSTANCE_ID"[NUMBER,22], "A"."DD_EDIT_FLAG"[VARCHAR2,4], "X"."LOV_VALUE_ID"[NUMBER,22], 
       "X"."LOV_ID"[NUMBER,22], "X"."DISPLAYED_VALUE"[VARCHAR2,4000], "X"."LOCALE_ID"[NUMBER,22], 
       "TL".ROWID[ROWID,10], "TL"."LOV_VALUE_ID"[NUMBER,22], "TL"."DISPLAYED_VALUE"[VARCHAR2,4000], 
       "TL"."LOCALE_ID"[NUMBER,22], "LOC".ROWID[ROWID,10], "LOC"."LOCALE_ID"[NUMBER,22], 
       "LOC"."LOCALE_STRING"[VARCHAR2,400], "LOC"."ENABLED_FLAG"[VARCHAR2,4]
  47 - (#keys=0) "A"."OBJECT_ID"[VARCHAR2,400], "A"."OBJ_CREATED_BY"[VARCHAR2,400], 
       "A"."OBJ_STATUS"[VARCHAR2,400], "A"."APPROVER"[VARCHAR2,4000], "A"."OBJ_MODIFIED_BY"[VARCHAR2,400], 
       "EXCEPTION_FOR"[VARCHAR2,1016], "A"."VALID_UNTIL"[DATE,7], "A"."VALID_FROM"[DATE,7], 
       "A"."OBJ_MODIFIED_ON"[DATE,7], "A"."OBJ_CREATED_ON"[DATE,7], "A"."EXPLANATION"[LOB,4000], 
       "A"."DD_OBJECT_TYPE"[VARCHAR2,400], "A"."DD_PROCESS_INSTANCE_ID"[NUMBER,22], 
       "A"."DD_INSTANCE_ID"[NUMBER,22], "A"."DD_EDIT_FLAG"[VARCHAR2,4], "X"."LOV_VALUE_ID"[NUMBER,22], 
       "X"."LOV_ID"[NUMBER,22], "X"."DISPLAYED_VALUE"[VARCHAR2,4000], "X"."LOCALE_ID"[NUMBER,22], 
       "TL".ROWID[ROWID,10], "TL"."LOV_VALUE_ID"[NUMBER,22], "TL"."DISPLAYED_VALUE"[VARCHAR2,4000], 
       "TL"."LOCALE_ID"[NUMBER,22]
  48 - (#keys=0) "A"."OBJECT_ID"[VARCHAR2,400], "A"."OBJ_CREATED_BY"[VARCHAR2,400], 
       "A"."OBJ_STATUS"[VARCHAR2,400], "A"."APPROVER"[VARCHAR2,4000], "A"."OBJ_MODIFIED_BY"[VARCHAR2,400], 
       "EXCEPTION_FOR"[VARCHAR2,1016], "A"."VALID_UNTIL"[DATE,7], "A"."VALID_FROM"[DATE,7], 
       "A"."OBJ_MODIFIED_ON"[DATE,7], "A"."OBJ_CREATED_ON"[DATE,7], "A"."EXPLANATION"[LOB,4000], 
       "A"."DD_OBJECT_TYPE"[VARCHAR2,400], "A"."DD_PROCESS_INSTANCE_ID"[NUMBER,22], 
       "A"."DD_INSTANCE_ID"[NUMBER,22], "A"."DD_EDIT_FLAG"[VARCHAR2,4], "X"."LOV_VALUE_ID"[NUMBER,22], 
       "X"."LOV_ID"[NUMBER,22], "X"."DISPLAYED_VALUE"[VARCHAR2,4000], "X"."LOCALE_ID"[NUMBER,22]
  49 - "A"."OBJECT_ID"[VARCHAR2,400], "A"."OBJ_CREATED_BY"[VARCHAR2,400], "A"."OBJ_STATUS"[VARCHAR2,400], 
       "A"."APPROVER"[VARCHAR2,4000], "A"."OBJ_MODIFIED_BY"[VARCHAR2,400], "EXCEPTION_FOR"[VARCHAR2,1016], 
       "A"."VALID_UNTIL"[DATE,7], "A"."VALID_FROM"[DATE,7], "A"."OBJ_MODIFIED_ON"[DATE,7], 
       "A"."OBJ_CREATED_ON"[DATE,7], "A"."EXPLANATION"[LOB,4000], "A"."DD_OBJECT_TYPE"[VARCHAR2,400], 
       "A"."DD_PROCESS_INSTANCE_ID"[NUMBER,22], "A"."DD_INSTANCE_ID"[NUMBER,22], "A"."DD_EDIT_FLAG"[VARCHAR2,4]
  50 - (#keys=0) "X"."LOV_VALUE_ID"[NUMBER,22], "X"."LOV_ID"[NUMBER,22], 
       "X"."DISPLAYED_VALUE"[VARCHAR2,4000], "X"."LOCALE_ID"[NUMBER,22]
  51 - "X"."LOV_VALUE_ID"[NUMBER,22], "X"."LOV_ID"[NUMBER,22], "X"."DISPLAYED_VALUE"[VARCHAR2,4000], 
       "X"."LOCALE_ID"[NUMBER,22]
  52 - (#keys=0) "LOCALE_ID"[NUMBER,22], "ENABLED_FLAG"[VARCHAR2,4], "T"."LOV_VALUE_ID"[NUMBER,22], 
       "T"."LOV_ID"[NUMBER,22], "T"."ORG_ENTITY_ID"[NUMBER,22], "T"."STORED_VALUE"[VARCHAR2,400], 
       "T"."DISPLAYED_VALUE"[VARCHAR2,4000]
  53 - "LOCALE_ID"[NUMBER,22], "ENABLED_FLAG"[VARCHAR2,4]
  54 - (#keys=0) "T"."LOV_VALUE_ID"[NUMBER,22], "T"."LOV_ID"[NUMBER,22], "T"."ORG_ENTITY_ID"[NUMBER,22], 
       "T"."STORED_VALUE"[VARCHAR2,400], "T"."DISPLAYED_VALUE"[VARCHAR2,4000]
  55 - "T"."LOV_VALUE_ID"[NUMBER,22], "T"."LOV_ID"[NUMBER,22], "T"."ORG_ENTITY_ID"[NUMBER,22], 
       "T"."STORED_VALUE"[VARCHAR2,400], "T"."DISPLAYED_VALUE"[VARCHAR2,4000]
  56 - "TL".ROWID[ROWID,10], "TL"."LOV_VALUE_ID"[NUMBER,22], "TL"."DISPLAYED_VALUE"[VARCHAR2,4000], 
       "TL"."LOCALE_ID"[NUMBER,22]
  57 - "TL".ROWID[ROWID,10], "TL"."LOV_VALUE_ID"[NUMBER,22], "TL"."LOCALE_ID"[NUMBER,22]
  58 - "LOC".ROWID[ROWID,10], "LOC"."LOCALE_ID"[NUMBER,22], "LOC"."LOCALE_STRING"[VARCHAR2,400], 
       "LOC"."ENABLED_FLAG"[VARCHAR2,4]
  59 - "LOC".ROWID[ROWID,10], "LOC"."LOCALE_ID"[NUMBER,22]
  60 - "LOVNAME".ROWID[ROWID,10], "LOVNAME"."LOV_NAME"[VARCHAR2,400], "LOVNAME"."LOV_ID"[NUMBER,22]
  61 - "LOVNAME".ROWID[ROWID,10], "LOVNAME"."LOV_NAME"[VARCHAR2,400]
  62 - "LOCALE"[VARCHAR2,400]
  63 - "SI_USERS_T".ROWID[ROWID,10], "USER_NAME"[VARCHAR2,320], "LOCALE"[VARCHAR2,400]
  64 - "SI_USERS_T".ROWID[ROWID,10], "USER_NAME"[VARCHAR2,320]
  65 - VALUE(A0)[8000]
										</code></pre>
								</section>
						</div>
					</div>

				<!-- Sidebar -->
				<div id="sidebar">
					<div class="inner">
						<!-- Menu -->
						<nav id="menu">
							<header class="major">
								<h2>Menu</h2>
							</header>
							<ul>
								<li><a href="../index.html">Module List</a></li>
								<li><a href="index.html">Summary</a></li>
								<li>
									<span class="opener">DB Analysis</span>
									<ul>
										<li><a href="bad-sql.html">Bad SQL</a></li>
										<li><a href="poor-sql.html">Poor SQL Plan</a></li>
										<li><a href="invalid-sql.html">Invalid SQL</a></li>
										<li><a href="full-sql.html">Full SQL Report</a></li>
										<li><a href="table-nil-key.html">Primary/Unique Key Miss</a></li>
										<li><a href="invalid-db-object.html">Invalid DB Objects</a></li>
										<li><a href="sequence-with-less-cache.html">Sequence</a></li>
										<li><a href="table-index-lob-size.html">Table Size</a></li>
										<li><a href="table-row-count.html">Table Row Count</a></li>
									</ul>
								</li>
								<li>
								    <span class="opener">LOB</span>
								    <ul>
								        <li><a href="lob-no-cache.html">LOB - No Cache</a></li>
								        <li><a href="lob-columns.html">LOB - All Columns</a></li>
								    </ul>
								</li>
								<li>
									<span class="opener">Infolets</span>
									<ul>
										<li><a href="keep-history-infolets.html">Keep History Infolets</a></li>
										<li><a href="plsql-context-switch.html">SQL-PL/SQL Context Switch</a></li>
									</ul>
								</li>
								<li>
									<span class="opener">Pushforms</span>
									<ul>
										<li><a href="pushform-denormalize.html">Pushform Denormalized</a></li>
									</ul>
								</li>
								<li>
									<span class="opener">PL/SQL</span>
									<ul>
										<li><a href="plsql-dyn-qry-objs.html">Dynamic Query</a></li>
									</ul>
								</li>
							</ul>
						</nav>

						<!-- Section -->
						<section>
							<header class="major">
								<h2>Get in touch</h2>
							</header>
							<p>You need more details on the report or want more functionality, don't hesitate to reach out to us.</p>
							<ul class="contact">
								<li class="fa-envelope-o"><a href="mailto:apps-rnd-arch-team@metricstream.com?Subject=Reg - Code Analysis Tool" target="_top">apps-rnd-arch-team@metricstream.com</a></li>
							</ul>
						</section>

						<!-- Footer -->
						<footer id="footer">
							<p class="copyright">&copy; <a href="http://www.metricstream.com" target="_blank">MetricStream</a>. All rights reserved. </p>
						</footer>
					</div>
				</div>
			</div>

		<!-- Scripts -->
			<script src="../../lib/assets/js/jquery.min.js"></script>
			<script src="../../lib/assets/js/skel.min.js"></script>
			<script src="../../lib/assets/js/util.js"></script>
			<!--[if lte IE 8]><script src="../../lib/assets/js/ie/respond.min.js"></script><![endif]-->
			<script src="../../lib/assets/js/main.js"></script>
	</body>
</html>