<!DOCTYPE HTML>
<html>
	<head>
		<title>Code Analysis - MetricStream</title>
		<meta charset="utf-8" />
		<meta name="viewport" content="width=device-width, initial-scale=1, user-scalable=no" />
		<!--[if lte IE 8]><script src="../../lib/assets/js/ie/html5shiv.js"></script><![endif]-->
		<link rel="stylesheet" href="../../lib/assets/css/main.css" />
		<!--[if lte IE 9]><link rel="stylesheet" href="../../lib/assets/css/ie9.css" /><![endif]-->
		<!--[if lte IE 8]><link rel="stylesheet" href="../../lib/assets/css/ie8.css" /><![endif]-->
	</head>
	<body>

		<!-- Wrapper -->
			<div id="wrapper">

				<!-- Main -->
					<div id="main">
						<div class="inner">
							<!-- Header -->
								<header id="header">
									<a href="index.html" class="logo"><strong>Static Code Analysis Report</strong> by Code Analyzer Tool</a>
								</header>

							<!-- Content -->
								<section>
									<!-- Content -->
										<header class="major"><h2>Infolet Details</h2></header>
										<div class="table-wrapper">
											<table>
												<tbody>
													<tr>
														<th>Name</th>
														<td>MS_GRC_Exception_Report_Infolet (100844)</td>
													</tr>
													<tr>
														<th>SQL</th>
														<td><pre><code>select Exception_Id,Exception_for,
      type_of_exception,Applies_To_Organizations,
      OBJ_CREATED_ON,
      OBJ_CREATED_BY,
      OBJ_MODIFIED_ON,
      OBJ_MODIFIED_BY,
      Related_Areas_Of_Compliance,Related_Asset_Classes,Related_Assets,
      Related_Controls,RELATED_FRAMEWORK_REFERENCES,Related_Processes,
      Related_References,Related_Requirements,Related_Standards,
      valid_from,
      expires_on,
      status,
      items,
      (select user_full_name from ms_grc_user_full_name_v where user_name=exception_approver) AS exception_approver1,
      explanation,
     Exception_Id as object_id,
 exception_approver AS APPROVER_1,
 report_json,Related_Risks
   from table(ms_grc_reportbrowser_filters.GET_Filters_exception(ms_grc_array_type(:1,:2,:3,:4,:5,:6,to_char(:7,'YYYY-MM-DD'),to_char(:8,'YYYY-MM-DD'),:9,:10,TO_CHAR(:11,'YYYY-MM-DD'),TO_CHAR(:12,'YYYY-MM-DD'),
              TO_CHAR(:13,'YYYY-MM-DD'),TO_CHAR(:14,'YYYY-MM-DD'),:15,:16,:17,:18,:19,:20,:21,:22,:23,:24,:25,'',:26)))
  where exists(SELECT 1
        FROM SI_USER_ORG_ACT_VIEW
        WHERE activity_name IN ('GRC - View GRC Object','GRC - View All GRC Objects')
        AND user_name = :26)</code></pre></td>
													</tr>
													<tr>
														<th>Description</th>
														<td>This infolet is used for fetching the Library data for Exception list report. It consists of the parameters specific to Exception object and also the related library object parmaters. It does not contain any mandatory parameter.</td>
													</tr>
												</tbody>
											</table>
										</div>

										<h2 align="center" id="content">Analysis Report</h2>
										<hr>

<header class="major"><h2>Plan hash value: 4206411580</h2></header><pre><code>
 
----------------------------------------------------------------------------------------------------------------------------
| Id  | Operation                                 | Name                           | Rows  | Bytes | Cost (%CPU)| Time     |
----------------------------------------------------------------------------------------------------------------------------
|   0 | SELECT STATEMENT                          |                                |  8168 | 16336 |    60   (0)| 00:00:01 |
|   1 |  NESTED LOOPS                             |                                |     1 |    83 |     3   (0)| 00:00:01 |
|   2 |   NESTED LOOPS                            |                                |     1 |    83 |     3   (0)| 00:00:01 |
|   3 |    NESTED LOOPS                           |                                |     1 |    66 |     2   (0)| 00:00:01 |
|   4 |     TABLE ACCESS BY INDEX ROWID           | MS_QS_PARAMETER_NAMES          |     1 |    34 |     1   (0)| 00:00:01 |
|*  5 |      INDEX RANGE SCAN                     | MS_QS_PARAMETER_NAMES_N1       |     1 |       |     1   (0)| 00:00:01 |
|*  6 |     TABLE ACCESS BY INDEX ROWID           | MS_QS_PARAMETER_TYPES          |     1 |    32 |     1   (0)| 00:00:01 |
|*  7 |      INDEX RANGE SCAN                     | MS_QS_PARAMETER_TYPES_N1       |     1 |       |     1   (0)| 00:00:01 |
|*  8 |    INDEX RANGE SCAN                       | MS_QS_PARAMETER_VALUES_IDX     |     1 |       |     1   (0)| 00:00:01 |
|   9 |   TABLE ACCESS BY INDEX ROWID             | MS_QS_PARAMETER_VALUES         |     1 |    17 |     1   (0)| 00:00:01 |
|  10 |  TABLE ACCESS BY INDEX ROWID              | SI_USERS_T                     |     1 |    28 |     1   (0)| 00:00:01 |
|* 11 |   INDEX UNIQUE SCAN                       | USER_NAME_UK                   |     1 |       |     1   (0)| 00:00:01 |
|* 12 |  FILTER                                   |                                |       |       |            |          |
<font style="background-color: lightblue; color: red">|  13 |   COLLECTION ITERATOR PICKLER FETCH       | GET_FILTERS_EXCEPTION          |  8168 | 16336 |    29   (0)| 00:00:01 |</font>
|* 14 |   HASH JOIN                               |                                |     1 |   219 |    31   (0)| 00:00:01 |
|  15 |    NESTED LOOPS OUTER                     |                                |     1 |   206 |    25   (0)| 00:00:01 |
|* 16 |     HASH JOIN                             |                                |     1 |   199 |    24   (0)| 00:00:01 |
|  17 |      NESTED LOOPS OUTER                   |                                |     1 |   191 |    20   (0)| 00:00:01 |
|* 18 |       HASH JOIN                           |                                |     1 |   182 |    19   (0)| 00:00:01 |
|  19 |        NESTED LOOPS                       |                                |     1 |   174 |     9   (0)| 00:00:01 |
|  20 |         NESTED LOOPS                      |                                |     1 |   164 |     8   (0)| 00:00:01 |
|  21 |          NESTED LOOPS                     |                                |     1 |   158 |     7   (0)| 00:00:01 |
|  22 |           NESTED LOOPS                    |                                |     1 |   143 |     6   (0)| 00:00:01 |
<font style="background-color: lightblue; color: red">|  23 |            MERGE JOIN CARTESIAN           |                                |     1 |   133 |     5   (0)| 00:00:01 |</font>
|  24 |             NESTED LOOPS                  |                                |     1 |   101 |     4   (0)| 00:00:01 |
|  25 |              NESTED LOOPS                 |                                |     1 |    88 |     3   (0)| 00:00:01 |
|  26 |               NESTED LOOPS                |                                |     1 |    56 |     2   (0)| 00:00:01 |
|* 27 |                TABLE ACCESS BY INDEX ROWID| SI_USERS_T                     |     1 |    22 |     1   (0)| 00:00:01 |
|* 28 |                 INDEX UNIQUE SCAN         | USER_NAME_UK                   |     1 |       |     1   (0)| 00:00:01 |
|  29 |                TABLE ACCESS BY INDEX ROWID| MS_QS_PARAMETER_NAMES          |     1 |    34 |     1   (0)| 00:00:01 |
|* 30 |                 INDEX RANGE SCAN          | MS_QS_PARAMETER_NAMES_N2       |     1 |       |     1   (0)| 00:00:01 |
|* 31 |               INDEX RANGE SCAN            | MS_QS_PARAMETERTYPE_TYPEID_IDX |     1 |    32 |     1   (0)| 00:00:01 |
|* 32 |              INDEX RANGE SCAN             | MS_QS_PARAMETER_VALUES_IDX     |     1 |    13 |     1   (0)| 00:00:01 |
|  33 |             BUFFER SORT                   |                                |     2 |    64 |     4   (0)| 00:00:01 |
|  34 |              INLIST ITERATOR              |                                |       |       |            |          |
|  35 |               TABLE ACCESS BY INDEX ROWID | SI_ACTIVITIES_T                |     2 |    64 |     1   (0)| 00:00:01 |
|* 36 |                INDEX RANGE SCAN           | SI_ACTIVITIES_N2               |     2 |       |     1   (0)| 00:00:01 |
|* 37 |            INDEX RANGE SCAN               | ROLE_ACTIVITY_UQ               |     6 |    60 |     1   (0)| 00:00:01 |
|  38 |           TABLE ACCESS BY INDEX ROWID     | SI_ORG_ROLES                   |     2 |    30 |     1   (0)| 00:00:01 |
|* 39 |            INDEX RANGE SCAN               | SI_ORG_ROLES_N2                |     2 |       |     1   (0)| 00:00:01 |
|* 40 |          TABLE ACCESS BY INDEX ROWID      | SI_ORG_ENTITIES_T              |     1 |     6 |     1   (0)| 00:00:01 |
|* 41 |           INDEX RANGE SCAN                | SI_ORG_ENTITIES_N5             |     1 |       |     1   (0)| 00:00:01 |
|* 42 |         INDEX RANGE SCAN                  | SI_USER_ORG_ROLES_N2           |     1 |    10 |     1   (0)| 00:00:01 |
|  43 |        VIEW                               | SI_ROLES                       |   446 |  3568 |    10   (0)| 00:00:01 |
|* 44 |         HASH JOIN                         |                                |   446 | 15164 |    10   (0)| 00:00:01 |
|  45 |          NESTED LOOPS OUTER               |                                |   115 |  2415 |     4   (0)| 00:00:01 |
<font style="background-color: lightblue; color: red">|  46 |           TABLE ACCESS FULL               | SI_ROLES_T                     |   115 |  1380 |     3   (0)| 00:00:01 |</font>
|* 47 |           INDEX RANGE SCAN                | SI_ROLES_TL_N2                 |     1 |     9 |     1   (0)| 00:00:01 |
|  48 |          VIEW                             | SI_REGISTER_APPLICATION_V      |    66 |   858 |     6   (0)| 00:00:01 |
|  49 |           UNION-ALL                       |                                |       |       |            |          |
|  50 |            NESTED LOOPS OUTER             |                                |    65 |  2145 |     4   (0)| 00:00:01 |
<font style="background-color: lightblue; color: red">|  51 |             TABLE ACCESS FULL             | SI_REGISTER_APPLICATION        |    65 |   455 |     3   (0)| 00:00:01 |</font>
|* 52 |             INDEX RANGE SCAN              | SI_REGISTER_APPLICATION_TL_N1  |     1 |    26 |     1   (0)| 00:00:01 |
|  53 |            FAST DUAL                      |                                |     1 |       |     2   (0)| 00:00:01 |
|* 54 |       INDEX RANGE SCAN                    | SI_ROLES_TL_N2                 |     1 |     9 |     1   (0)| 00:00:01 |
|  55 |      VIEW                                 | SI_ORG_ENTITIES                |   113 |   904 |     4   (0)| 00:00:01 |
|  56 |       NESTED LOOPS OUTER                  |                                |   113 |  1695 |     4   (0)| 00:00:01 |
<font style="background-color: lightblue; color: red">|  57 |        TABLE ACCESS FULL                  | SI_ORG_ENTITIES_T              |   113 |   904 |     3   (0)| 00:00:01 |</font>
|* 58 |        INDEX RANGE SCAN                   | SI_ORG_ENTITIES_TL_IDX         |     1 |     7 |     1   (0)| 00:00:01 |
|* 59 |     INDEX RANGE SCAN                      | SI_ORG_ENTITIES_TL_IDX         |     1 |     7 |     1   (0)| 00:00:01 |
|  60 |    VIEW                                   | SI_REGISTER_APPLICATION_V      |    66 |   858 |     6   (0)| 00:00:01 |
|  61 |     UNION-ALL                             |                                |       |       |            |          |
|  62 |      NESTED LOOPS OUTER                   |                                |    65 |  2145 |     4   (0)| 00:00:01 |
<font style="background-color: lightblue; color: red">|  63 |       TABLE ACCESS FULL                   | SI_REGISTER_APPLICATION        |    65 |   455 |     3   (0)| 00:00:01 |</font>
|* 64 |       INDEX RANGE SCAN                    | SI_REGISTER_APPLICATION_TL_N1  |     1 |    26 |     1   (0)| 00:00:01 |
|  65 |      FAST DUAL                            |                                |     1 |       |     2   (0)| 00:00:01 |
----------------------------------------------------------------------------------------------------------------------------
 
</code></pre><header class="major"><h2>Query Block Name / Object Alias (identified by operation id):</h2></header><pre><code>
 
   1 - SEL$B7E8C768
   4 - SEL$B7E8C768 / PNAME@SEL$3
   5 - SEL$B7E8C768 / PNAME@SEL$3
   6 - SEL$B7E8C768 / PTYPE@SEL$3
   7 - SEL$B7E8C768 / PTYPE@SEL$3
   8 - SEL$B7E8C768 / PVALUE@SEL$3
   9 - SEL$B7E8C768 / PVALUE@SEL$3
  10 - SEL$1FF6F973 / USERS@SEL$4
  11 - SEL$1FF6F973 / USERS@SEL$4
  12 - SEL$560A7E3C
  13 - SEL$560A7E3C / KOKBF$0@SEL$6
  14 - SEL$0FC64E03
  27 - SEL$0FC64E03 / USERS@SEL$8
  28 - SEL$0FC64E03 / USERS@SEL$8
  29 - SEL$0FC64E03 / PNAME@SEL$8
  30 - SEL$0FC64E03 / PNAME@SEL$8
  31 - SEL$0FC64E03 / PTYPE@SEL$8
  32 - SEL$0FC64E03 / PVALUE@SEL$8
  35 - SEL$0FC64E03 / ACT@SEL$8
  36 - SEL$0FC64E03 / ACT@SEL$8
  37 - SEL$0FC64E03 / ROLE_ACT@SEL$8
  38 - SEL$0FC64E03 / A@SEL$9
  39 - SEL$0FC64E03 / A@SEL$9
  40 - SEL$0FC64E03 / ORGS@SEL$8
  41 - SEL$0FC64E03 / ORGS@SEL$8
  42 - SEL$0FC64E03 / D@SEL$9
  43 - SEL$5EC70623 / C@SEL$9
  44 - SEL$5EC70623
  46 - SEL$5EC70623 / T@SEL$21
  47 - SEL$5EC70623 / TL@SEL$21
  48 - SET$2        / SRA@SEL$20
  49 - SET$2       
  50 - SEL$22      
  51 - SEL$22       / T@SEL$22
  52 - SEL$22       / TL@SEL$22
  53 - SEL$25       / DUAL@SEL$25
  54 - SEL$0FC64E03 / CL@SEL$9
  55 - SEL$19       / B@SEL$9
  56 - SEL$19      
  57 - SEL$19       / T@SEL$19
  58 - SEL$19       / TL@SEL$19
  59 - SEL$0FC64E03 / BL@SEL$9
  60 - SET$1        / SRA@SEL$10
  61 - SET$1       
  62 - SEL$11      
  63 - SEL$11       / T@SEL$11
  64 - SEL$11       / TL@SEL$11
  65 - SEL$14       / DUAL@SEL$14
 
</code></pre><header class="major"><h2>Predicate Information (identified by operation id):</h2></header><pre><code>
 
   5 - access("PNAME"."PARAMETER_NAME"='DISPLAY_FORMAT')
   6 - filter("PTYPE"."PARAMETER_TYPE_ID"="PNAME"."PARAMETER_TYPE_ID")
   7 - access("PTYPE"."PARAMETER_TYPE"='MS Apps User Name Display Format')
   8 - access("PTYPE"."PARAMETER_TYPE_ID"="PVALUE"."PARAMETER_TYPE_ID" AND 
              "PNAME"."PARAMETER_ID"="PVALUE"."PARAMETER_ID" AND "PVALUE"."ORG_ENTITY_ID"=1)
  11 - access("USERS"."USER_NAME"=:B1)
  12 - filter( EXISTS (SELECT 0 FROM METRICSTREAM."MS_QS_PARAMETER_NAMES" 
              "PNAME",METRICSTREAM."MS_QS_PARAMETER_TYPES" "PTYPE",METRICSTREAM."MS_QS_PARAMETER_VALUES" 
              "PVALUE",METRICSTREAM."SI_ORG_ENTITIES_T" "ORGS",METRICSTREAM."SI_ACTIVITIES_T" 
              "ACT",METRICSTREAM."SI_ROLE_ACTIVITIES" "ROLE_ACT",METRICSTREAM."SI_ORG_ENTITIES_TL" 
              "BL",METRICSTREAM."SI_ROLES_TL" "CL", (SELECT "ENTERPRISE_ID" "ENTERPRISE_ID","T"."ROLE_ID" "ROLE_ID" FROM  ( 
              (SELECT "T"."MODULE_ID" "PACKAGE_ID",NVL("TL"."PACKAGE_TITLE","T"."PACKAGE_TITLE") "PACKAGE_TITLE", (SELECT 
              NVL("TL"."MEANING","T"."MEANING") FROM METRICSTREAM."SI_LOOKUPS_TL" "TL",METRICSTREAM."SI_LOOKUPS_T" "T" WHERE 
              "T"."LOOKUP_CODE"=:B1 AND "T"."LOOKUP_TYPE"='PACKAGE_TYPE' AND 
              "TL"."LOCALE_ID"(+)=TO_NUMBER("SI_DB_LOCALE_SV"."GETVALUE"()) AND "T"."LOOKUP_ID"="TL"."LOOKUP_ID"(+)) 
              "PACKAGE_TYPE" FROM METRICSTREAM."SI_REGISTER_APPLICATION_TL" "TL",METRICSTREAM."SI_REGISTER_APPLICATION" "T" WHERE 
              "TL"."LOCALE_ID"(+)=TO_NUMBER("SI_DB_LOCALE_SV"."GETVALUE"()) AND "TL"."MODULE_ID"(+)="T"."MODULE_ID") UNION ALL  
              (SELECT NULL "PACKAGE_ID", (SELECT NVL("TL"."MEANING","T"."MEANING") FROM METRICSTREAM."SI_LOOKUPS_TL" 
              "TL",METRICSTREAM."SI_LOOKUPS_T" "T" WHERE "T"."LOOKUP_CODE"='U' AND "T"."LOOKUP_TYPE"='PACKAGE_TYPE' AND 
              "TL"."LOCALE_ID"(+)=TO_NUMBER("SI_DB_LOCALE_SV"."GETVALUE"()) AND "T"."LOOKUP_ID"="TL"."LOOKUP_ID"(+)) 
              "PACKAGE_TITLE", (SELECT NVL("TL"."MEANING","T"."MEANING") FROM METRICSTREAM."SI_LOOKUPS_TL" 
              "TL",METRICSTREAM."SI_LOOKUPS_T" "T" WHERE "T"."LOOKUP_CODE"='U' AND "T"."LOOKUP_TYPE"='PACKAGE_TYPE' AND 
              "TL"."LOCALE_ID"(+)=TO_NUMBER("SI_DB_LOCALE_SV"."GETVALUE"()) AND "T"."LOOKUP_ID"="TL"."LOOKUP_ID"(+)) 
              "PACKAGE_TYPE" FROM "SYS"."DUAL" "DUAL")) "SRA",METRICSTREAM."SI_ROLES_TL" "TL",METRICSTREAM."SI_ROLES_T" "T" WHERE 
              "TL"."LOCALE_ID"(+)=TO_NUMBER("SI_DB_LOCALE_SV"."GETVALUE"()) AND "T"."ROLE_ID"="TL"."ROLE_ID"(+) AND 
              NVL("PACKAGE_ID",0)=NVL("SRA"."PACKAGE_ID",0)) "C", (SELECT "T"."ENTERPRISE_ID" "ENTERPRISE_ID","T"."ORG_ENTITY_ID" 
              "ORG_ENTITY_ID" FROM METRICSTREAM."SI_ORG_ENTITIES_TL" "TL",METRICSTREAM."SI_ORG_ENTITIES_T" "T" WHERE 
              "TL"."LOCALE_ID"(+)=TO_NUMBER("SI_DB_LOCALE_SV"."GETVALUE"()) AND "T"."ORG_ENTITY_ID"="TL"."ORG_ENTITY_ID"(+)) 
              "B",METRICSTREAM."SI_ORG_ROLES" "A",METRICSTREAM."SI_USER_ORG_ROLES" "D", ( (SELECT "T"."MODULE_ID" 
              "PACKAGE_ID",NVL("TL"."PACKAGE_TITLE","T"."PACKAGE_TITLE") "PACKAGE_TITLE", (SELECT 
              NVL("TL"."MEANING","T"."MEANING") FROM METRICSTREAM."SI_LOOKUPS_TL" "TL",METRICSTREAM."SI_LOOKUPS_T" "T" WHERE 
              "T"."LOOKUP_CODE"=:B2 AND "T"."LOOKUP_TYPE"='PACKAGE_TYPE' AND 
              "TL"."LOCALE_ID"(+)=TO_NUMBER("SI_DB_LOCALE_SV"."GETVALUE"()) AND "T"."LOOKUP_ID"="TL"."LOOKUP_ID"(+)) 
              "PACKAGE_TYPE" FROM METRICSTREAM."SI_REGISTER_APPLICATION_TL" "TL",METRICSTREAM."SI_REGISTER_APPLICATION" "T" WHERE 
              "TL"."LOCALE_ID"(+)=TO_NUMBER("SI_DB_LOCALE_SV"."GETVALUE"()) AND "TL"."MODULE_ID"(+)="T"."MODULE_ID") UNION ALL  
              (SELECT NULL "PACKAGE_ID", (SELECT NVL("TL"."MEANING","T"."MEANING") FROM METRICSTREAM."SI_LOOKUPS_TL" 
              "TL",METRICSTREAM."SI_LOOKUPS_T" "T" WHERE "T"."LOOKUP_CODE"='U' AND "T"."LOOKUP_TYPE"='PACKAGE_TYPE' AND 
              "TL"."LOCALE_ID"(+)=TO_NUMBER("SI_DB_LOCALE_SV"."GETVALUE"()) AND "T"."LOOKUP_ID"="TL"."LOOKUP_ID"(+)) 
              "PACKAGE_TITLE", (SELECT NVL("TL"."MEANING","T"."MEANING") FROM METRICSTREAM."SI_LOOKUPS_TL" 
              "TL",METRICSTREAM."SI_LOOKUPS_T" "T" WHERE "T"."LOOKUP_CODE"='U' AND "T"."LOOKUP_TYPE"='PACKAGE_TYPE' AND 
              "TL"."LOCALE_ID"(+)=TO_NUMBER("SI_DB_LOCALE_SV"."GETVALUE"()) AND "T"."LOOKUP_ID"="TL"."LOOKUP_ID"(+)) 
              "PACKAGE_TYPE" FROM "SYS"."DUAL" "DUAL")) "SRA",METRICSTREAM."SI_USERS_T" "USERS" WHERE "USERS"."USER_NAME"=:26 AND 
              NVL("USERS"."END_DATE",SYSDATE@!)>=SYSDATE@! AND "USERS"."USER_ID" IS NOT NULL AND 
              NVL("PACKAGE_ID",0)=NVL("SRA"."PACKAGE_ID",0) AND "USERS"."USER_ID"="D"."USER_ID" AND 
              "D"."ORG_ROLE_ID"="A"."ORG_ROLE_ID" AND "ROLE_ACT"."ROLE_ID"="A"."ROLE_ID" AND 
              "C"."ENTERPRISE_ID"="B"."ENTERPRISE_ID" AND "B"."ORG_ENTITY_ID"="A"."ORG_ENTITY_ID" AND "C"."ROLE_ID"="A"."ROLE_ID" 
              AND "CL"."L)
  14 - access(NVL("PACKAGE_ID",0)=NVL("SRA"."PACKAGE_ID",0))
  16 - access("B"."ORG_ENTITY_ID"="A"."ORG_ENTITY_ID" AND "C"."ENTERPRISE_ID"="B"."ENTERPRISE_ID")
  18 - access("C"."ROLE_ID"="A"."ROLE_ID")
  27 - filter(NVL("USERS"."END_DATE",SYSDATE@!)>=SYSDATE@! AND "USERS"."USER_ID" IS NOT NULL)
  28 - access("USERS"."USER_NAME"=:26)
  30 - access(UPPER("PARAMETER_NAME")='DISPLAY_FORMAT')
  31 - access("PTYPE"."PARAMETER_TYPE_ID"="PNAME"."PARAMETER_TYPE_ID" AND UPPER("PARAMETER_TYPE")='MS APPS USER 
              NAME DISPLAY FORMAT')
  32 - access("PTYPE"."PARAMETER_TYPE_ID"="PVALUE"."PARAMETER_TYPE_ID" AND 
              "PNAME"."PARAMETER_ID"="PVALUE"."PARAMETER_ID" AND "PVALUE"."ORG_ENTITY_ID"=1)
  36 - access("ACT"."ACTIVITY_NAME"='GRC - View All GRC Objects' OR "ACT"."ACTIVITY_NAME"='GRC - View GRC Object')
  37 - access("ROLE_ACT"."ACTIVITY_ID"="ACT"."ACTIVITY_ID")
  39 - access("ROLE_ACT"."ROLE_ID"="A"."ROLE_ID")
  40 - filter(NVL("ORGS"."END_DATE",SYSDATE@!)>=SYSDATE@!)
  41 - access("ORGS"."ORG_ENTITY_ID"="A"."ORG_ENTITY_ID")
  42 - access("D"."ORG_ROLE_ID"="A"."ORG_ROLE_ID" AND "USERS"."USER_ID"="D"."USER_ID")
  44 - access(NVL("PACKAGE_ID",0)=NVL("SRA"."PACKAGE_ID",0))
  47 - access("T"."ROLE_ID"="TL"."ROLE_ID"(+) AND "TL"."LOCALE_ID"(+)=TO_NUMBER("SI_DB_LOCALE_SV"."GETVALUE"()))
  52 - access("TL"."MODULE_ID"(+)="T"."MODULE_ID" AND "TL"."LOCALE_ID"(+)=TO_NUMBER("SI_DB_LOCALE_SV"."GETVALUE"()))
  54 - access("C"."ROLE_ID"="CL"."ROLE_ID"(+) AND "CL"."LOCALE_ID"(+)=TO_NUMBER("SI_DB_LOCALE_SV"."GETVALUE"()))
  58 - access("T"."ORG_ENTITY_ID"="TL"."ORG_ENTITY_ID"(+) AND 
              "TL"."LOCALE_ID"(+)=TO_NUMBER("SI_DB_LOCALE_SV"."GETVALUE"()))
  59 - access("B"."ORG_ENTITY_ID"="BL"."ORG_ENTITY_ID"(+) AND 
              "BL"."LOCALE_ID"(+)=TO_NUMBER("SI_DB_LOCALE_SV"."GETVALUE"()))
  64 - access("TL"."MODULE_ID"(+)="T"."MODULE_ID" AND "TL"."LOCALE_ID"(+)=TO_NUMBER("SI_DB_LOCALE_SV"."GETVALUE"()))
 
</code></pre><header class="major"><h2>Column Projection Information (identified by operation id):</h2></header><pre><code>
 
   1 - (#keys=0) "PVALUE"."PARAMETER_VALUE"[VARCHAR2,400]
   2 - (#keys=0) "PVALUE".ROWID[ROWID,10]
   3 - (#keys=0) "PNAME"."PARAMETER_ID"[NUMBER,22], "PTYPE"."PARAMETER_TYPE_ID"[NUMBER,22]
   4 - "PNAME"."PARAMETER_ID"[NUMBER,22], "PNAME"."PARAMETER_TYPE_ID"[NUMBER,22]
   5 - "PNAME".ROWID[ROWID,10]
   6 - "PTYPE"."PARAMETER_TYPE_ID"[NUMBER,22]
   7 - "PTYPE".ROWID[ROWID,10]
   8 - "PVALUE".ROWID[ROWID,10]
   9 - "PVALUE"."PARAMETER_VALUE"[VARCHAR2,400]
  10 - "USERS".ROWID[ROWID,10], "USERS"."LAST_NAME"[VARCHAR2,400], "USERS"."FIRST_NAME"[VARCHAR2,400], 
       "USERS"."USER_NAME"[VARCHAR2,320]
  11 - "USERS".ROWID[ROWID,10], "USERS"."USER_NAME"[VARCHAR2,320]
  12 - VALUE(A0)[400], VALUE(A0)[1016], VALUE(A0)[16000], VALUE(A0)[21], VALUE(A0)[21], VALUE(A0)[400], 
       VALUE(A0)[21], VALUE(A0)[400], VALUE(A0)[21], VALUE(A0)[400], VALUE(A0)[16000], VALUE(A0)[16000], VALUE(A0)[16000], 
       VALUE(A0)[32767], VALUE(A0)[16000], VALUE(A0)[32767], VALUE(A0)[32767], VALUE(A0)[32767], VALUE(A0)[32767], 
       VALUE(A0)[32767], VALUE(A0)[32767], VALUE(A0)[32767], VALUE(A0)[32767], VALUE(A0)[32767], VALUE(A0)[32767], 
       VALUE(A0)[32767], VALUE(A0)[32767], VALUE(A0)[400], VALUE(A0)[22], VALUE(A0)[22], VALUE(A0)[4], VALUE(A0)[16000], 
       VALUE(A0)[22], VALUE(A0)[16000], VALUE(A0)[400], VALUE(A0)[420], VALUE(A0)[4], VALUE(A0)[16000]
  13 - VALUE(A0)[400], VALUE(A0)[1016], VALUE(A0)[16000], VALUE(A0)[21], VALUE(A0)[21], VALUE(A0)[400], 
       VALUE(A0)[21], VALUE(A0)[400], VALUE(A0)[21], VALUE(A0)[400], VALUE(A0)[16000], VALUE(A0)[16000], VALUE(A0)[16000], 
       VALUE(A0)[32767], VALUE(A0)[16000], VALUE(A0)[32767], VALUE(A0)[32767], VALUE(A0)[32767], VALUE(A0)[32767], 
       VALUE(A0)[32767], VALUE(A0)[32767], VALUE(A0)[32767], VALUE(A0)[32767], VALUE(A0)[32767], VALUE(A0)[32767], 
       VALUE(A0)[32767], VALUE(A0)[32767], VALUE(A0)[400], VALUE(A0)[22], VALUE(A0)[22], VALUE(A0)[4], VALUE(A0)[16000], 
       VALUE(A0)[22], VALUE(A0)[16000], VALUE(A0)[400], VALUE(A0)[420], VALUE(A0)[4], VALUE(A0)[16000]
  14 - (#keys=1) NVL("PACKAGE_ID",0)[22], NVL("SRA"."PACKAGE_ID",0)[22]
  15 - (#keys=0) "PACKAGE_ID"[NUMBER,22]
  16 - (#keys=2) "B"."ORG_ENTITY_ID"[NUMBER,22], "PACKAGE_ID"[NUMBER,22]
  17 - (#keys=0) "PACKAGE_ID"[NUMBER,22], "A"."ORG_ENTITY_ID"[NUMBER,22], "C"."ENTERPRISE_ID"[NUMBER,22]
  18 - (#keys=1) "C"."ROLE_ID"[NUMBER,22], "PACKAGE_ID"[NUMBER,22], "A"."ORG_ENTITY_ID"[NUMBER,22], 
       "C"."ENTERPRISE_ID"[NUMBER,22]
  19 - (#keys=0) "PACKAGE_ID"[NUMBER,22], "A"."ORG_ENTITY_ID"[NUMBER,22], "A"."ROLE_ID"[NUMBER,22]
  20 - (#keys=0) "USERS"."USER_ID"[NUMBER,22], "PACKAGE_ID"[NUMBER,22], "A"."ORG_ROLE_ID"[NUMBER,22], 
       "A"."ORG_ENTITY_ID"[NUMBER,22], "A"."ROLE_ID"[NUMBER,22]
  21 - (#keys=0) "USERS"."USER_ID"[NUMBER,22], "PACKAGE_ID"[NUMBER,22], "A"."ORG_ROLE_ID"[NUMBER,22], 
       "A"."ORG_ENTITY_ID"[NUMBER,22], "A"."ROLE_ID"[NUMBER,22]
  22 - (#keys=0) "USERS"."USER_ID"[NUMBER,22], "PACKAGE_ID"[NUMBER,22], "ROLE_ACT"."ROLE_ID"[NUMBER,22]
  23 - (#keys=0) "USERS"."USER_ID"[NUMBER,22], "PACKAGE_ID"[NUMBER,22], "ACT"."ACTIVITY_ID"[NUMBER,22]
  24 - (#keys=0) "USERS"."USER_ID"[NUMBER,22], "PACKAGE_ID"[NUMBER,22]
  25 - (#keys=0) "USERS"."USER_ID"[NUMBER,22], "PACKAGE_ID"[NUMBER,22], "PNAME"."PARAMETER_ID"[NUMBER,22], 
       "PTYPE"."PARAMETER_TYPE_ID"[NUMBER,22]
  26 - (#keys=0) "USERS"."USER_ID"[NUMBER,22], "PACKAGE_ID"[NUMBER,22], "PNAME"."PARAMETER_ID"[NUMBER,22], 
       "PNAME"."PARAMETER_TYPE_ID"[NUMBER,22]
  27 - "USERS"."USER_ID"[NUMBER,22], "PACKAGE_ID"[NUMBER,22]
  28 - "USERS".ROWID[ROWID,10]
  29 - "PNAME"."PARAMETER_ID"[NUMBER,22], "PNAME"."PARAMETER_TYPE_ID"[NUMBER,22]
  30 - "PNAME".ROWID[ROWID,10], UPPER("PARAMETER_NAME")[VARCHAR2,400]
  31 - "PTYPE"."PARAMETER_TYPE_ID"[NUMBER,22]
  33 - (#keys=0) "ACT"."ACTIVITY_ID"[NUMBER,22]
  34 - "ACT"."ACTIVITY_ID"[NUMBER,22]
  35 - "ACT"."ACTIVITY_ID"[NUMBER,22]
  36 - "ACT".ROWID[ROWID,10]
  37 - "ROLE_ACT"."ROLE_ID"[NUMBER,22]
  38 - "A"."ORG_ROLE_ID"[NUMBER,22], "A"."ORG_ENTITY_ID"[NUMBER,22], "A"."ROLE_ID"[NUMBER,22]
  39 - "A".ROWID[ROWID,10], "A"."ROLE_ID"[NUMBER,22]
  41 - "ORGS".ROWID[ROWID,10]
  43 - "C"."ENTERPRISE_ID"[NUMBER,22], "C"."ROLE_ID"[NUMBER,22]
  44 - (#keys=1) "ENTERPRISE_ID"[NUMBER,22], "T"."ROLE_ID"[NUMBER,22]
  45 - (#keys=0) "ENTERPRISE_ID"[NUMBER,22], "T"."ROLE_ID"[NUMBER,22], "PACKAGE_ID"[NUMBER,22]
  46 - "ENTERPRISE_ID"[NUMBER,22], "T"."ROLE_ID"[NUMBER,22], "PACKAGE_ID"[NUMBER,22]
  48 - "SRA"."PACKAGE_ID"[NUMBER,22]
  49 - STRDEF[22]
  50 - (#keys=0) "T"."MODULE_ID"[NUMBER,22]
  51 - "T"."MODULE_ID"[NUMBER,22]
  55 - "B"."ENTERPRISE_ID"[NUMBER,22], "B"."ORG_ENTITY_ID"[NUMBER,22]
  56 - (#keys=0) "T"."ENTERPRISE_ID"[NUMBER,22], "T"."ORG_ENTITY_ID"[NUMBER,22]
  57 - "T"."ENTERPRISE_ID"[NUMBER,22], "T"."ORG_ENTITY_ID"[NUMBER,22]
  60 - "SRA"."PACKAGE_ID"[NUMBER,22]
  61 - STRDEF[22]
  62 - (#keys=0) "T"."MODULE_ID"[NUMBER,22]
  63 - "T"."MODULE_ID"[NUMBER,22]
										</code></pre>
								</section>
						</div>
					</div>

				<!-- Sidebar -->
				<div id="sidebar">
					<div class="inner">
						<!-- Menu -->
						<nav id="menu">
							<header class="major">
								<h2>Menu</h2>
							</header>
							<ul>
								<li><a href="../index.html">Module List</a></li>
								<li><a href="index.html">Summary</a></li>
								<li>
									<span class="opener">DB Analysis</span>
									<ul>
										<li><a href="bad-sql.html">Bad SQL</a></li>
										<li><a href="poor-sql.html">Poor SQL Plan</a></li>
										<li><a href="invalid-sql.html">Invalid SQL</a></li>
										<li><a href="full-sql.html">Full SQL Report</a></li>
										<li><a href="table-nil-key.html">Primary/Unique Key Miss</a></li>
										<li><a href="invalid-db-object.html">Invalid DB Objects</a></li>
										<li><a href="sequence-with-less-cache.html">Sequence</a></li>
										<li><a href="table-index-lob-size.html">Table Size</a></li>
										<li><a href="table-row-count.html">Table Row Count</a></li>
									</ul>
								</li>
								<li>
								    <span class="opener">LOB</span>
								    <ul>
								        <li><a href="lob-no-cache.html">LOB - No Cache</a></li>
								        <li><a href="lob-columns.html">LOB - All Columns</a></li>
								    </ul>
								</li>
								<li>
									<span class="opener">Infolets</span>
									<ul>
										<li><a href="keep-history-infolets.html">Keep History Infolets</a></li>
										<li><a href="plsql-context-switch.html">SQL-PL/SQL Context Switch</a></li>
									</ul>
								</li>
								<li>
									<span class="opener">Pushforms</span>
									<ul>
										<li><a href="pushform-denormalize.html">Pushform Denormalized</a></li>
									</ul>
								</li>
								<li>
									<span class="opener">PL/SQL</span>
									<ul>
										<li><a href="plsql-dyn-qry-objs.html">Dynamic Query</a></li>
									</ul>
								</li>
							</ul>
						</nav>

						<!-- Section -->
						<section>
							<header class="major">
								<h2>Get in touch</h2>
							</header>
							<p>You need more details on the report or want more functionality, don't hesitate to reach out to us.</p>
							<ul class="contact">
								<li class="fa-envelope-o"><a href="mailto:apps-rnd-arch-team@metricstream.com?Subject=Reg - Code Analysis Tool" target="_top">apps-rnd-arch-team@metricstream.com</a></li>
							</ul>
						</section>

						<!-- Footer -->
						<footer id="footer">
							<p class="copyright">&copy; <a href="http://www.metricstream.com" target="_blank">MetricStream</a>. All rights reserved. </p>
						</footer>
					</div>
				</div>
			</div>

		<!-- Scripts -->
			<script src="../../lib/assets/js/jquery.min.js"></script>
			<script src="../../lib/assets/js/skel.min.js"></script>
			<script src="../../lib/assets/js/util.js"></script>
			<!--[if lte IE 8]><script src="../../lib/assets/js/ie/respond.min.js"></script><![endif]-->
			<script src="../../lib/assets/js/main.js"></script>
	</body>
</html>