<!DOCTYPE HTML>
<html>
	<head>
		<title>Code Analysis - MetricStream</title>
		<meta charset="utf-8" />
		<meta name="viewport" content="width=device-width, initial-scale=1, user-scalable=no" />
		<!--[if lte IE 8]><script src="../../lib/assets/js/ie/html5shiv.js"></script><![endif]-->
		<link rel="stylesheet" href="../../lib/assets/css/main.css" />
		<!--[if lte IE 9]><link rel="stylesheet" href="../../lib/assets/css/ie9.css" /><![endif]-->
		<!--[if lte IE 8]><link rel="stylesheet" href="../../lib/assets/css/ie8.css" /><![endif]-->
	</head>
	<body>

		<!-- Wrapper -->
			<div id="wrapper">

				<!-- Main -->
					<div id="main">
						<div class="inner">
							<!-- Header -->
								<header id="header">
									<a href="index.html" class="logo"><strong>Static Code Analysis Report</strong> by Code Analyzer Tool</a>
								</header>

							<!-- Content -->
								<section>
									<!-- Content -->
										<header class="major"><h2>Infolet Details</h2></header>
										<div class="table-wrapper">
											<table>
												<tbody>
													<tr>
														<td><b>Name</b></td>
														<td>MS_GRC_RISK_Entp_List_Rpt_Inf (103164)</td>
													</tr>
													<tr>
														<td><b>SQL</b></td>
														<td><pre><code>SELECT Object_Id  AS Risk_id,
  Object_Name     AS risk_name,
  object_type,
  OBJECT_NAME AS Edit,
  Object_Status      AS Obj_Status,
  Object_Level,
  object_parent,
  key_risk,
  RISK_CATEGORIES,
  Created_date,
  Created_by,
  updated_date,
  updated_by,
  Valid_From,
  Valid_Until,
  Description,
  OWNER_ORG_NAMES AS Owner_Organization,
  Owner_names,
  LEVEL_1_APPROVER,
  LEVEL_2_APPROVER,
 REL_DATA_LINK as Applies_To_Organizations,
 REL_DATA_LINK as Related_Areas_Of_Compliance,
 REL_DATA_LINK as Related_Assets,
 REL_DATA_LINK as Related_Control,
 REL_DATA_LINK as Related_Function,
 REL_DATA_LINK as Related_Objectives,
 REL_DATA_LINK as Related_Process,
 REL_DATA_LINK as Related_Products,
 REL_DATA_LINK as Related_Regulatory_Body,
 REL_DATA_LINK as Related_Requirement,
 REL_DATA_LINK as Related_risks,
 REL_DATA_LINK as Related_Standards,
 (MS_GRC_UTILITIES.FN_GET_REPORT_JSON((SELECT METRIC_ID FROM SI_METRICS_T WHERE METRIC_NAME='MS_GRC_RISK'),RV.DD_PROCESS_INSTANCE_ID,(SELECT DD_INSTANCE_ID FROM MS_GRC_RISK WHERE OBJECT_ID=RV.OBJECT_ID),
'''flag=1'||CHR(38)||'emd=1'||CHR(38)||'x_edit_mode=Yes'||CHR (38)|| 'wrapper= No'|| CHR (38)|| 'mode=view''')) AS REPORT_JSON
FROM MS_GRC_RISK_ENTP_RV  Rv
WHERE EXISTS
  (SELECT COLUMN_VALUE
  FROM TABLE(CAST(ms_grc_rep_browser_fil_denorm.fn_risk_rpt_filter(ms_grc_array_type(:1,:2,:3,:5,:7,:6,:8,:9,to_char(:10,'YYYY-MM-DD'),TO_CHAR(:11,'YYYY-MM-DD'),:12,:13,TO_CHAR(:14,'YYYY-MM-DD'),TO_CHAR(:15,'YYYY-MM-DD'),TO_CHAR(:16,'YYYY-MM-DD'),TO_CHAR(:17,'YYYY-MM-DD'),:18,:19,:20,:21,:22,:23,:24,NULL,NULL,:25,NULL,NULL,:26,NULL,:27,NULL,:28,:29,:30,:31,NULL,:32,:33,'MS_GRC_RISK',:34))AS ms_varchar2_array))
  WHERE column_value = Rv.OBJECT_ID
  )
AND locale =
  (SELECT LOCALE FROM si_users_t WHERE USER_NAME = :34
  )
AND NVL(IS_ORPHAN, 1)=NVL(:4,NVL(IS_ORPHAN,1))
order by upper(Rv.OBJECT_NAME)</code></pre></td>
													</tr>
													<tr>
														<td><b>Description</b></td>
														<td>MS GRC Risk Report Infolet</td>
													</tr>
												</tbody>
											</table>
										</div>

										<h2 align="center" id="content">Analysis Report</h2>
										<hr>

<header class="major"><h2>Plan hash value: 2242375753</h2></header><pre><code>
 
-------------------------------------------------------------------------------------------------------------------
| Id  | Operation                           | Name                        | Rows  | Bytes | Cost (%CPU)| Time     |
-------------------------------------------------------------------------------------------------------------------
|   0 | SELECT STATEMENT                    |                             |     1 |  5353 |    94   (2)| 00:00:02 |
|   1 |  TABLE ACCESS BY INDEX ROWID        | SI_USERS_T                  |     1 |    28 |     1   (0)| 00:00:01 |
|*  2 |   INDEX RANGE SCAN                  | SI_USERS_T_N3               |     1 |       |     1   (0)| 00:00:01 |
|   3 |  TABLE ACCESS BY INDEX ROWID        | SI_USERS_T                  |     1 |    28 |     1   (0)| 00:00:01 |
|*  4 |   INDEX RANGE SCAN                  | SI_USERS_T_N3               |     1 |       |     1   (0)| 00:00:01 |
|   5 |  TABLE ACCESS BY INDEX ROWID        | SI_METRICS_T                |     1 |    34 |     1   (0)| 00:00:01 |
|*  6 |   INDEX RANGE SCAN                  | SI_METRICS_T_N7             |     1 |       |     1   (0)| 00:00:01 |
|   7 |   TABLE ACCESS BY INDEX ROWID       | MS_GRC_RISK                 |     1 |    20 |     1   (0)| 00:00:01 |
|*  8 |    INDEX UNIQUE SCAN                | MS_GRC_RISK_PK              |     1 |       |     1   (0)| 00:00:01 |
|   9 |  SORT ORDER BY                      |                             |     1 |  5353 |    94   (2)| 00:00:02 |
|* 10 |   HASH JOIN RIGHT SEMI              |                             |     1 |  5353 |    93   (0)| 00:00:02 |
<font style="background-color: lightblue; color: red">|  11 |    COLLECTION ITERATOR PICKLER FETCH| FN_RISK_RPT_FILTER          |  8168 | 16336 |    29   (0)| 00:00:01 |</font>
|* 12 |    HASH JOIN                        |                             |    58 |   303K|    64   (0)| 00:00:01 |
|  13 |     VIEW                            | VW_SQ_1                     |     1 |     6 |     1   (0)| 00:00:01 |
|  14 |      TABLE ACCESS BY INDEX ROWID    | SI_USERS_T                  |     1 |    19 |     1   (0)| 00:00:01 |
|* 15 |       INDEX RANGE SCAN              | SI_USERS_T_N3               |     1 |       |     1   (0)| 00:00:01 |
|* 16 |     HASH JOIN                       |                             |    58 |   302K|    63   (0)| 00:00:01 |
<font style="background-color: lightblue; color: red">|  17 |      TABLE ACCESS FULL              | MS_GRC_RISK_OBJ_MLS_SUMMARY |   230 | 42550 |     3   (0)| 00:00:01 |</font>
<font style="background-color: lightblue; color: red">|  18 |      MERGE JOIN CARTESIAN           |                             |   115 |   579K|    60   (0)| 00:00:01 |</font>
|* 19 |       HASH JOIN OUTER               |                             |     1 |  4074 |    23   (0)| 00:00:01 |
|* 20 |        HASH JOIN                    |                             |     1 |  2046 |    21   (0)| 00:00:01 |
|  21 |         TABLE ACCESS BY INDEX ROWID | MS_QS_LOV_NAMES             |     1 |    30 |     1   (0)| 00:00:01 |
|* 22 |          INDEX RANGE SCAN           | MS_QS_LOV_NAMES_N1          |     1 |       |     1   (0)| 00:00:01 |
|  23 |         VIEW                        |                             |     2 |  4032 |    20   (0)| 00:00:01 |
<font style="background-color: lightblue; color: red">|  24 |          MERGE JOIN CARTESIAN       |                             |     2 |    58 |    20   (0)| 00:00:01 |</font>
<font style="background-color: lightblue; color: red">|* 25 |           TABLE ACCESS FULL         | SI_LOCALES                  |     1 |     6 |     3   (0)| 00:00:01 |</font>
|  26 |           BUFFER SORT               |                             |     2 |    46 |    17   (0)| 00:00:01 |
<font style="background-color: lightblue; color: red">|* 27 |            TABLE ACCESS FULL        | MS_QS_LIST_OF_VALUES_T      |     2 |    46 |    17   (0)| 00:00:01 |</font>
<font style="background-color: lightblue; color: red">|  28 |        TABLE ACCESS FULL            | MS_QS_LIST_OF_VALUES_TL     |     1 |  2028 |     2   (0)| 00:00:01 |</font>
|  29 |       BUFFER SORT                   |                             |   115 |   121K|    58   (0)| 00:00:01 |
|* 30 |        INDEX FAST FULL SCAN         | MS_GRC_RISK_SUMMARY_PK      |   115 |   121K|    37   (0)| 00:00:01 |
-------------------------------------------------------------------------------------------------------------------
 
</code></pre><header class="major"><h2>Query Block Name / Object Alias (identified by operation id):</h2></header><pre><code>
 
   1 - SEL$6        / USR@SEL$6
   2 - SEL$6        / USR@SEL$6
   3 - SEL$7        / USR@SEL$7
   4 - SEL$7        / USR@SEL$7
   5 - SEL$2        / SI_METRICS_T@SEL$2
   6 - SEL$2        / SI_METRICS_T@SEL$2
   7 - SEL$3        / MS_GRC_RISK@SEL$3
   8 - SEL$3        / MS_GRC_RISK@SEL$3
   9 - SEL$A3AF42F8
  11 - SEL$A3AF42F8 / KOKBF$0@SEL$12
  13 - SEL$4CC056F3 / VW_SQ_1@SEL$FB74106C
  14 - SEL$4CC056F3 / SI_USERS_T@SEL$13
  15 - SEL$4CC056F3 / SI_USERS_T@SEL$13
  17 - SEL$A3AF42F8 / MLS_SUMM@SEL$4
  21 - SEL$A3AF42F8 / LOVNAME@SEL$4
  22 - SEL$A3AF42F8 / LOVNAME@SEL$4
  23 - SEL$0EE6DB63 / X@SEL$8
  24 - SEL$0EE6DB63
  25 - SEL$0EE6DB63 / SI_LOCALES@SEL$10
  27 - SEL$0EE6DB63 / T@SEL$9
  28 - SEL$A3AF42F8 / TL@SEL$8
  30 - SEL$A3AF42F8 / RSK_SUMM@SEL$4
 
</code></pre><header class="major"><h2>Predicate Information (identified by operation id):</h2></header><pre><code>
 
   2 - access("USR"."USER_NAME"=:B1)
   4 - access("USR"."USER_NAME"=:B1)
   6 - access("METRIC_NAME"='MS_GRC_RISK')
   8 - access("OBJECT_ID"=:B1)
  10 - access("RSK_SUMM"."OBJECT_ID"=VALUE(KOKBF$))
  12 - access("MLS_SUMM"."LOCALE"="LOCALE")
  15 - access("USER_NAME"=:34)
  16 - access("MLS_SUMM"."OBJECT_ID"="RSK_SUMM"."OBJECT_ID" AND 
              "X"."LOCALE_ID"=TO_NUMBER("MLS_SUMM"."LOCALE_ID"))
  19 - access("X"."LOV_VALUE_ID"="TL"."LOV_VALUE_ID"(+) AND "X"."LOCALE_ID"="TL"."LOCALE_ID"(+))
  20 - access("X"."LOV_ID"="LOVNAME"."LOV_ID")
  22 - access("LOVNAME"."LOV_NAME"='MS_GRC_LABLES')
  25 - filter("ENABLED_FLAG"='Y')
  27 - filter("T"."STORED_VALUE"='CLICK_HERE' AND "T"."ORG_ENTITY_ID"=1)
  30 - filter(NVL("RSK_SUMM"."IS_ORPHAN",1)=NVL(:4,NVL("RSK_SUMM"."IS_ORPHAN",1)))
 
</code></pre><header class="major"><h2>Column Projection Information (identified by operation id):</h2></header><pre><code>
 
   1 - "USR".ROWID[ROWID,10], "USR"."LAST_NAME"[VARCHAR2,100], "USR"."FIRST_NAME"[VARCHAR2,100]
   2 - "USR".ROWID[ROWID,10]
   3 - "USR".ROWID[ROWID,10], "USR"."LAST_NAME"[VARCHAR2,100], "USR"."FIRST_NAME"[VARCHAR2,100]
   4 - "USR".ROWID[ROWID,10]
   5 - "SI_METRICS_T".ROWID[ROWID,10], "METRIC_ID"[NUMBER,22]
   6 - "SI_METRICS_T".ROWID[ROWID,10]
   7 - "MS_GRC_RISK".ROWID[ROWID,10], "DD_INSTANCE_ID"[NUMBER,22]
   8 - "MS_GRC_RISK".ROWID[ROWID,10]
   9 - (#keys=1) UPPER("RSK_SUMM"."OBJECT_NAME")[4000], "RSK_SUMM"."OBJECT_ID"[VARCHAR2,1600], 
       "RSK_SUMM"."OBJECT_NAME"[VARCHAR2,4000], "RSK_SUMM"."DD_OBJECT_TYPE"[VARCHAR2,1600], 
       "RSK_SUMM"."OBJECT_NAME"[VARCHAR2,4000], "MLS_SUMM"."OBJ_STATUS"[VARCHAR2,4000], 
       "MLS_SUMM"."OBJECT_LEVEL"[VARCHAR2,4000], "RSK_SUMM"."OBJECT_PARENT"[VARCHAR2,4000], 
       INITCAP("MLS_SUMM"."KEY_RISK")[1020], "MLS_SUMM"."CAT_NAME_AGG"[LOB,4000], 
       "RSK_SUMM"."CREATED_DATE"[DATE,7],  (SELECT "USR"."FIRST_NAME"||' '||"USR"."LAST_NAME" FROM 
       METRICSTREAM."SI_USERS_T" "USR" WHERE "USR"."USER_NAME"=:B1)[201], "RSK_SUMM"."UPDATED_DATE"[DATE,7],  
       (SELECT "USR"."FIRST_NAME"||' '||"USR"."LAST_NAME" FROM METRICSTREAM."SI_USERS_T" "USR" WHERE 
       "USR"."USER_NAME"=:B2)[201], "RSK_SUMM"."VALID_FROM"[DATE,7], "RSK_SUMM"."VALID_UNTIL"[DATE,7], 
       "RSK_SUMM"."DESCRIPTION"[LOB,4000], "RSK_SUMM"."OWNER_ORG_NAMES"[LOB,4000], 
       "RSK_SUMM"."OWNER_NAME"[LOB,4000], "RSK_SUMM"."LEVEL_1_APPROVER"[VARCHAR2,400], 
       "RSK_SUMM"."LEVEL_2_APPROVER"[VARCHAR2,400], NVL("TL"."DISPLAYED_VALUE","X"."DISPLAYED_VALUE")[4000], 
       NVL("TL"."DISPLAYED_VALUE","X"."DISPLAYED_VALUE")[4000], 
       NVL("TL"."DISPLAYED_VALUE","X"."DISPLAYED_VALUE")[4000], 
       NVL("TL"."DISPLAYED_VALUE","X"."DISPLAYED_VALUE")[4000], 
       NVL("TL"."DISPLAYED_VALUE","X"."DISPLAYED_VALUE")[4000], 
       NVL("TL"."DISPLAYED_VALUE","X"."DISPLAYED_VALUE")[4000], 
       NVL("TL"."DISPLAYED_VALUE","X"."DISPLAYED_VALUE")[4000], 
       NVL("TL"."DISPLAYED_VALUE","X"."DISPLAYED_VALUE")[4000], 
       NVL("TL"."DISPLAYED_VALUE","X"."DISPLAYED_VALUE")[4000], 
       NVL("TL"."DISPLAYED_VALUE","X"."DISPLAYED_VALUE")[4000], 
       NVL("TL"."DISPLAYED_VALUE","X"."DISPLAYED_VALUE")[4000], 
       NVL("TL"."DISPLAYED_VALUE","X"."DISPLAYED_VALUE")[4000], "MS_GRC_UTILITIES"."FN_GET_REPORT_JSON"( (SELECT 
       "METRIC_ID" FROM "SI_METRICS_T" "SI_METRICS_T" WHERE "METRIC_NAME"='MS_GRC_RISK'),"RSK_SUMM"."DD_PROCESS_IN
       STANCE_ID", (SELECT "DD_INSTANCE_ID" FROM "MS_GRC_RISK" "MS_GRC_RISK" WHERE 
       "OBJECT_ID"=:B3),'''flag=1&emd=1&x_edit_mode=Yes&wrapper= No&mode=view''')[4000]
  10 - (#keys=1) "RSK_SUMM"."OBJECT_ID"[VARCHAR2,1600], "RSK_SUMM"."CREATED_DATE"[DATE,7], 
       "MLS_SUMM"."KEY_RISK"[VARCHAR2,1020], "RSK_SUMM"."CREATED_BY"[VARCHAR2,400], 
       "MLS_SUMM"."CAT_NAME_AGG"[LOB,4000], "MLS_SUMM"."OBJECT_LEVEL"[VARCHAR2,4000], 
       "MLS_SUMM"."OBJ_STATUS"[VARCHAR2,4000], "RSK_SUMM"."UPDATED_DATE"[DATE,7], 
       "X"."DISPLAYED_VALUE"[VARCHAR2,4000], "TL"."DISPLAYED_VALUE"[VARCHAR2,4000], 
       "RSK_SUMM"."UPDATED_BY"[VARCHAR2,400], "RSK_SUMM"."OBJECT_NAME"[VARCHAR2,4000], 
       "RSK_SUMM"."OBJECT_PARENT"[VARCHAR2,4000], "RSK_SUMM"."LEVEL_1_APPROVER"[VARCHAR2,400], 
       "RSK_SUMM"."LEVEL_2_APPROVER"[VARCHAR2,400], "RSK_SUMM"."VALID_UNTIL"[DATE,7], 
       "RSK_SUMM"."VALID_FROM"[DATE,7], "RSK_SUMM"."DESCRIPTION"[LOB,4000], 
       "RSK_SUMM"."DD_PROCESS_INSTANCE_ID"[NUMBER,22], "RSK_SUMM"."DD_OBJECT_TYPE"[VARCHAR2,1600], 
       "RSK_SUMM"."OWNER_NAME"[LOB,4000], "RSK_SUMM"."OWNER_ORG_NAMES"[LOB,4000]
  11 - VALUE(A0)[8000]
  12 - (#keys=1) "RSK_SUMM"."OBJECT_ID"[VARCHAR2,1600], "MLS_SUMM"."KEY_RISK"[VARCHAR2,1020], 
       "RSK_SUMM"."CREATED_BY"[VARCHAR2,400], "MLS_SUMM"."CAT_NAME_AGG"[LOB,4000], 
       "MLS_SUMM"."OBJECT_LEVEL"[VARCHAR2,4000], "MLS_SUMM"."OBJ_STATUS"[VARCHAR2,4000], 
       "RSK_SUMM"."UPDATED_DATE"[DATE,7], "X"."DISPLAYED_VALUE"[VARCHAR2,4000], 
       "TL"."DISPLAYED_VALUE"[VARCHAR2,4000], "RSK_SUMM"."UPDATED_BY"[VARCHAR2,400], 
       "RSK_SUMM"."OBJECT_NAME"[VARCHAR2,4000], "RSK_SUMM"."OBJECT_PARENT"[VARCHAR2,4000], 
       "RSK_SUMM"."LEVEL_1_APPROVER"[VARCHAR2,400], "RSK_SUMM"."LEVEL_2_APPROVER"[VARCHAR2,400], 
       "RSK_SUMM"."VALID_UNTIL"[DATE,7], "RSK_SUMM"."VALID_FROM"[DATE,7], "RSK_SUMM"."DESCRIPTION"[LOB,4000], 
       "RSK_SUMM"."DD_PROCESS_INSTANCE_ID"[NUMBER,22], "RSK_SUMM"."DD_OBJECT_TYPE"[VARCHAR2,1600], 
       "RSK_SUMM"."OWNER_NAME"[LOB,4000], "RSK_SUMM"."OWNER_ORG_NAMES"[LOB,4000], 
       "RSK_SUMM"."CREATED_DATE"[DATE,7]
  13 - "LOCALE"[VARCHAR2,100]
  14 - "LOCALE"[VARCHAR2,100]
  15 - "SI_USERS_T".ROWID[ROWID,10]
  16 - (#keys=2) "RSK_SUMM"."OBJECT_ID"[VARCHAR2,1600], "MLS_SUMM"."KEY_RISK"[VARCHAR2,1020], 
       "MLS_SUMM"."LOCALE"[VARCHAR2,400], "MLS_SUMM"."CAT_NAME_AGG"[LOB,4000], 
       "MLS_SUMM"."OBJECT_LEVEL"[VARCHAR2,4000], "MLS_SUMM"."OBJ_STATUS"[VARCHAR2,4000], 
       "RSK_SUMM"."UPDATED_DATE"[DATE,7], "X"."DISPLAYED_VALUE"[VARCHAR2,4000], 
       "TL"."DISPLAYED_VALUE"[VARCHAR2,4000], "RSK_SUMM"."UPDATED_BY"[VARCHAR2,400], 
       "RSK_SUMM"."OBJECT_NAME"[VARCHAR2,4000], "RSK_SUMM"."OBJECT_PARENT"[VARCHAR2,4000], 
       "RSK_SUMM"."LEVEL_1_APPROVER"[VARCHAR2,400], "RSK_SUMM"."LEVEL_2_APPROVER"[VARCHAR2,400], 
       "RSK_SUMM"."VALID_UNTIL"[DATE,7], "RSK_SUMM"."VALID_FROM"[DATE,7], "RSK_SUMM"."DESCRIPTION"[LOB,4000], 
       "RSK_SUMM"."DD_PROCESS_INSTANCE_ID"[NUMBER,22], "RSK_SUMM"."DD_OBJECT_TYPE"[VARCHAR2,1600], 
       "RSK_SUMM"."OWNER_NAME"[LOB,4000], "RSK_SUMM"."OWNER_ORG_NAMES"[LOB,4000], 
       "RSK_SUMM"."CREATED_DATE"[DATE,7], "RSK_SUMM"."CREATED_BY"[VARCHAR2,400]
  17 - "MLS_SUMM"."OBJECT_ID"[VARCHAR2,1600], "MLS_SUMM"."LOCALE_ID"[VARCHAR2,400], 
       "MLS_SUMM"."LOCALE"[VARCHAR2,400], "MLS_SUMM"."CAT_NAME_AGG"[LOB,4000], 
       "MLS_SUMM"."OBJECT_LEVEL"[VARCHAR2,4000], "MLS_SUMM"."OBJ_STATUS"[VARCHAR2,4000], 
       "MLS_SUMM"."KEY_RISK"[VARCHAR2,1020]
  18 - (#keys=0) "X"."LOCALE_ID"[NUMBER,22], "X"."DISPLAYED_VALUE"[VARCHAR2,4000], 
       "TL"."DISPLAYED_VALUE"[VARCHAR2,4000], "RSK_SUMM"."OBJECT_ID"[VARCHAR2,1600], 
       "RSK_SUMM"."OBJECT_NAME"[VARCHAR2,4000], "RSK_SUMM"."OBJECT_PARENT"[VARCHAR2,4000], 
       "RSK_SUMM"."LEVEL_1_APPROVER"[VARCHAR2,400], "RSK_SUMM"."LEVEL_2_APPROVER"[VARCHAR2,400], 
       "RSK_SUMM"."VALID_UNTIL"[DATE,7], "RSK_SUMM"."VALID_FROM"[DATE,7], "RSK_SUMM"."DESCRIPTION"[LOB,4000], 
       "RSK_SUMM"."DD_PROCESS_INSTANCE_ID"[NUMBER,22], "RSK_SUMM"."DD_OBJECT_TYPE"[VARCHAR2,1600], 
       "RSK_SUMM"."OWNER_NAME"[LOB,4000], "RSK_SUMM"."OWNER_ORG_NAMES"[LOB,4000], 
       "RSK_SUMM"."CREATED_DATE"[DATE,7], "RSK_SUMM"."CREATED_BY"[VARCHAR2,400], 
       "RSK_SUMM"."UPDATED_DATE"[DATE,7], "RSK_SUMM"."UPDATED_BY"[VARCHAR2,400]
  19 - (#keys=2) "X"."LOCALE_ID"[NUMBER,22], "X"."DISPLAYED_VALUE"[VARCHAR2,4000], 
       "TL"."DISPLAYED_VALUE"[VARCHAR2,4000]
  20 - (#keys=1) "X"."LOV_VALUE_ID"[NUMBER,22], "X"."LOCALE_ID"[NUMBER,22], 
       "X"."DISPLAYED_VALUE"[VARCHAR2,4000]
  21 - "LOVNAME"."LOV_ID"[NUMBER,22]
  22 - "LOVNAME".ROWID[ROWID,10]
  23 - "X"."LOV_VALUE_ID"[NUMBER,22], "X"."LOV_ID"[NUMBER,22], "X"."DISPLAYED_VALUE"[VARCHAR2,4000], 
       "X"."LOCALE_ID"[NUMBER,22]
  24 - (#keys=0) "LOCALE_ID"[NUMBER,22], "T"."LOV_VALUE_ID"[NUMBER,22], "T"."LOV_ID"[NUMBER,22], 
       "T"."DISPLAYED_VALUE"[VARCHAR2,4000]
  25 - "LOCALE_ID"[NUMBER,22]
  26 - (#keys=0) "T"."LOV_VALUE_ID"[NUMBER,22], "T"."LOV_ID"[NUMBER,22], 
       "T"."DISPLAYED_VALUE"[VARCHAR2,4000]
  27 - "T"."LOV_VALUE_ID"[NUMBER,22], "T"."LOV_ID"[NUMBER,22], "T"."DISPLAYED_VALUE"[VARCHAR2,4000]
  28 - "TL"."LOV_VALUE_ID"[NUMBER,22], "TL"."DISPLAYED_VALUE"[VARCHAR2,4000], "TL"."LOCALE_ID"[NUMBER,22]
  29 - (#keys=0) "RSK_SUMM"."OBJECT_ID"[VARCHAR2,1600], "RSK_SUMM"."OBJECT_NAME"[VARCHAR2,4000], 
       "RSK_SUMM"."OBJECT_PARENT"[VARCHAR2,4000], "RSK_SUMM"."LEVEL_1_APPROVER"[VARCHAR2,400], 
       "RSK_SUMM"."LEVEL_2_APPROVER"[VARCHAR2,400], "RSK_SUMM"."VALID_UNTIL"[DATE,7], 
       "RSK_SUMM"."VALID_FROM"[DATE,7], "RSK_SUMM"."DESCRIPTION"[LOB,4000], 
       "RSK_SUMM"."DD_PROCESS_INSTANCE_ID"[NUMBER,22], "RSK_SUMM"."DD_OBJECT_TYPE"[VARCHAR2,1600], 
       "RSK_SUMM"."OWNER_NAME"[LOB,4000], "RSK_SUMM"."OWNER_ORG_NAMES"[LOB,4000], 
       "RSK_SUMM"."CREATED_DATE"[DATE,7], "RSK_SUMM"."CREATED_BY"[VARCHAR2,400], 
       "RSK_SUMM"."UPDATED_DATE"[DATE,7], "RSK_SUMM"."UPDATED_BY"[VARCHAR2,400]
  30 - "RSK_SUMM".ROWID[ROWID,3034], "UPPER_OBJECT_NAME"[VARCHAR2,3000], "OBJ_SUMM_WID"[NUMBER,22], 
       "RSK_SUMM"."OBJECT_ID"[VARCHAR2,1600], "RSK_SUMM"."OBJECT_NAME"[VARCHAR2,4000], 
       "RSK_SUMM"."OBJECT_PARENT"[VARCHAR2,4000], "RSK_SUMM"."LEVEL_1_APPROVER"[VARCHAR2,400], 
       "RSK_SUMM"."LEVEL_2_APPROVER"[VARCHAR2,400], "RSK_SUMM"."VALID_UNTIL"[DATE,7], 
       "RSK_SUMM"."VALID_FROM"[DATE,7], "RSK_SUMM"."DESCRIPTION"[LOB,4000], "RSK_SUMM"."IS_ORPHAN"[NUMBER,22], 
       "RSK_SUMM"."DD_PROCESS_INSTANCE_ID"[NUMBER,22], "RSK_SUMM"."DD_OBJECT_TYPE"[VARCHAR2,1600], 
       "RSK_SUMM"."OWNER_NAME"[LOB,4000], "RSK_SUMM"."OWNER_ORG_NAMES"[LOB,4000], 
       "RSK_SUMM"."CREATED_DATE"[DATE,7], "RSK_SUMM"."CREATED_BY"[VARCHAR2,400], 
       "RSK_SUMM"."UPDATED_DATE"[DATE,7], "RSK_SUMM"."UPDATED_BY"[VARCHAR2,400]
										</code></pre>
								</section>
						</div>
					</div>

				<!-- Sidebar -->
				<div id="sidebar">
					<div class="inner">
						<!-- Menu -->
						<nav id="menu">
							<header class="major">
								<h2>Menu</h2>
							</header>
							<ul>
								<li><a href="../index.html">Module List</a></li>
								<li><a href="index.html">Summary</a></li>
								<li>
									<span class="opener">DB Analysis</span>
									<ul>
										<li><a href="bad-sql.html">Bad SQL</a></li>
										<li><a href="poor-sql.html">Poor SQL Plan</a></li>
										<li><a href="invalid-sql.html">Invalid SQL</a></li>
										<li><a href="full-sql.html">Full SQL Report</a></li>
										<li><a href="table-nil-key.html">Primary/Unique Key Miss</a></li>
										<li><a href="invalid-db-object.html">Invalid DB Objects</a></li>
									</ul>
								</li>
								<li>
									<span class="opener">Infolets</span>
									<ul>
										<li><a href="keep-history-infolets.html">Keep History Infolets</a></li>
									</ul>
								</li>
								<li>
									<span class="opener">Pushforms</span>
									<ul>
										<li><a href="pushform-denormalize.html">Pushform Denormalized</a></li>
									</ul>
								</li>
							</ul>
						</nav>

						<!-- Section -->
						<section>
							<header class="major">
								<h2>Get in touch</h2>
							</header>
							<p>You need more details on the report or want more functionality, don't hesitate to reach out to us.</p>
							<ul class="contact">
								<li class="fa-envelope-o"><a href="mailto:rnd@metricstream.com?Subject=Reg - Static Code Analysis Tool" target="_top">rnd@metricstream.com</a></li>
							</ul>
						</section>

						<!-- Footer -->
						<footer id="footer">
							<p class="copyright">&copy; <a href="http://www.metricstream.com" target="_blank">MetricStream</a>. All rights reserved. </p>
						</footer>
					</div>
				</div>
			</div>

		<!-- Scripts -->
			<script src="../../lib/assets/js/jquery.min.js"></script>
			<script src="../../lib/assets/js/skel.min.js"></script>
			<script src="../../lib/assets/js/util.js"></script>
			<!--[if lte IE 8]><script src="../../lib/assets/js/ie/respond.min.js"></script><![endif]-->
			<script src="../../lib/assets/js/main.js"></script>
	</body>
</html>