<!DOCTYPE HTML>
<html>
	<head>
		<title>Code Analysis - MetricStream</title>
		<meta charset="utf-8" />
		<meta name="viewport" content="width=device-width, initial-scale=1, user-scalable=no" />
		<!--[if lte IE 8]><script src="../../lib/assets/js/ie/html5shiv.js"></script><![endif]-->
		<link rel="stylesheet" href="../../lib/assets/css/main.css" />
		<!--[if lte IE 9]><link rel="stylesheet" href="../../lib/assets/css/ie9.css" /><![endif]-->
		<!--[if lte IE 8]><link rel="stylesheet" href="../../lib/assets/css/ie8.css" /><![endif]-->
	</head>
	<body>

		<!-- Wrapper -->
			<div id="wrapper">

				<!-- Main -->
					<div id="main">
						<div class="inner">
							<!-- Header -->
								<header id="header">
									<a href="index.html" class="logo"><strong>Static Code Analysis Report</strong> by Code Analyzer Tool</a>
								</header>

							<!-- Content -->
								<section>
									<!-- Content -->
										<header class="major"><h2>Infolet Details</h2></header>
										<div class="table-wrapper">
											<table>
												<tbody>
													<tr>
														<td><b>Name</b></td>
														<td>MS_GRC_GET_ORGANIZATIONS (100899)</td>
													</tr>
													<tr>
														<td><b>SQL</b></td>
														<td><pre><code>SELECT org.org_entity_id   AS org_entity_id
, org.org_entity_name          AS org_entity_name
FROM si_org_entities org
, si_org_locations loc
, si_org_hierarchy_levels ohl
, si_org_entities porg
WHERE org.location_id = loc.location_id (+)
AND SYSDATE BETWEEN org.start_date AND Nvl(org.end_date, SYSDATE)
AND org.org_hierarchy_id = ohl.org_hierarchy_id
AND org.parent_org_entity_id = porg.org_entity_id (+)
Order By org.org_entity_name</code></pre></td>
													</tr>
													<tr>
														<td><b>Description</b></td>
														<td>This infolet extracts data from si_org_entities, si_org_locations, si_org_hierarchy_levels tables and is thereby used in some of the list report infolets</td>
													</tr>
												</tbody>
											</table>
										</div>

										<h2 align="center" id="content">Analysis Report</h2>
										<hr>

<header class="major"><h2>Plan hash value: 2143135754</h2></header><pre><code>
 
-------------------------------------------------------------------------------------------------------
| Id  | Operation                | Name                       | Rows  | Bytes | Cost (%CPU)| Time     |
-------------------------------------------------------------------------------------------------------
|   0 | SELECT STATEMENT         |                            |     4 |  1012 |    10  (10)| 00:00:01 |
|   1 |  SORT ORDER BY           |                            |     4 |  1012 |    10  (10)| 00:00:01 |
|   2 |   NESTED LOOPS OUTER     |                            |     4 |  1012 |     9   (0)| 00:00:01 |
|*  3 |    HASH JOIN             |                            |     4 |   992 |     8   (0)| 00:00:01 |
|   4 |     NESTED LOOPS OUTER   |                            |     4 |   972 |     7   (0)| 00:00:01 |
|   5 |      VIEW                | SI_ORG_ENTITIES            |     4 |   956 |     6   (0)| 00:00:01 |
|*  6 |       HASH JOIN OUTER    |                            |     4 |   216 |     6   (0)| 00:00:01 |
<font style="background-color: lightblue; color: red">|*  7 |        TABLE ACCESS FULL | SI_ORG_ENTITIES_T          |     4 |   188 |     3   (0)| 00:00:01 |</font>
<font style="background-color: lightblue; color: red">|*  8 |        TABLE ACCESS FULL | SI_ORG_ENTITIES_TL         |     2 |    14 |     3   (0)| 00:00:01 |</font>
|*  9 |      INDEX RANGE SCAN    | SI_ORG_LOCATIONS_N1        |     1 |     4 |     1   (0)| 00:00:01 |
|  10 |     INDEX FULL SCAN      | SI_ORG_HIERARCHY_LEVELS_N1 |     9 |    45 |     1   (0)| 00:00:01 |
|  11 |    VIEW PUSHED PREDICATE | SI_ORG_ENTITIES            |     1 |     5 |     1   (0)| 00:00:01 |
|* 12 |     HASH JOIN OUTER      |                            |     1 |    12 |     4   (0)| 00:00:01 |
|* 13 |      INDEX RANGE SCAN    | SI_ORG_ENTITIES_N5         |     1 |     5 |     1   (0)| 00:00:01 |
<font style="background-color: lightblue; color: red">|* 14 |      TABLE ACCESS FULL   | SI_ORG_ENTITIES_TL         |     1 |     7 |     3   (0)| 00:00:01 |</font>
-------------------------------------------------------------------------------------------------------
 
</code></pre><header class="major"><h2>Query Block Name / Object Alias (identified by operation id):</h2></header><pre><code>
 
   1 - SEL$3B14A707
   5 - SEL$2        / ORG@SEL$1
   6 - SEL$2       
   7 - SEL$2        / T@SEL$2
   8 - SEL$2        / TL@SEL$2
   9 - SEL$3B14A707 / SI_ORG_LOCATIONS_T@SEL$3
  10 - SEL$3B14A707 / SI_ORG_HIERARCHY_LEVELS_T@SEL$4
  11 - SEL$693A5C0E / PORG@SEL$1
  12 - SEL$693A5C0E
  13 - SEL$693A5C0E / T@SEL$5
  14 - SEL$693A5C0E / TL@SEL$5
 
</code></pre><header class="major"><h2>Predicate Information (identified by operation id):</h2></header><pre><code>
 
   3 - access("ORG"."ORG_HIERARCHY_ID"="ORG_HIERARCHY_ID")
   6 - access("T"."ORG_ENTITY_ID"="TL"."ORG_ENTITY_ID"(+))
   7 - filter(NVL("END_DATE",SYSDATE@!)>=SYSDATE@! AND "START_DATE"<=SYSDATE@!)
   8 - filter("TL"."LOCALE_ID"(+)=TO_NUMBER("SI_DB_LOCALE_SV"."GETVALUE"()))
   9 - access("ORG"."LOCATION_ID"="LOCATION_ID"(+))
  12 - access("T"."ORG_ENTITY_ID"="TL"."ORG_ENTITY_ID"(+))
  13 - access("T"."ORG_ENTITY_ID"="ORG"."PARENT_ORG_ENTITY_ID")
  14 - filter("TL"."ORG_ENTITY_ID"(+)="ORG"."PARENT_ORG_ENTITY_ID" AND 
              "TL"."LOCALE_ID"(+)=TO_NUMBER("SI_DB_LOCALE_SV"."GETVALUE"()))
 
</code></pre><header class="major"><h2>Column Projection Information (identified by operation id):</h2></header><pre><code>
 
   1 - (#keys=1) "ORG"."ORG_ENTITY_NAME"[VARCHAR2,400], "ORG"."ORG_ENTITY_ID"[NUMBER,22]
   2 - (#keys=0) "ORG"."ORG_ENTITY_ID"[NUMBER,22], "ORG"."ORG_ENTITY_NAME"[VARCHAR2,400]
   3 - (#keys=1) "ORG"."ORG_ENTITY_ID"[NUMBER,22], "ORG"."ORG_ENTITY_NAME"[VARCHAR2,400], 
       "ORG"."PARENT_ORG_ENTITY_ID"[NUMBER,22]
   4 - (#keys=0) "ORG"."ORG_ENTITY_ID"[NUMBER,22], "ORG"."ORG_ENTITY_NAME"[VARCHAR2,400], 
       "ORG"."ORG_HIERARCHY_ID"[NUMBER,22], "ORG"."PARENT_ORG_ENTITY_ID"[NUMBER,22]
   5 - "ORG"."ORG_ENTITY_ID"[NUMBER,22], "ORG"."ORG_ENTITY_NAME"[VARCHAR2,400], 
       "ORG"."ORG_HIERARCHY_ID"[NUMBER,22], "ORG"."PARENT_ORG_ENTITY_ID"[NUMBER,22], 
       "ORG"."LOCATION_ID"[NUMBER,22]
   6 - (#keys=1) "T"."ORG_ENTITY_ID"[NUMBER,22], "T"."ORG_ENTITY_NAME"[VARCHAR2,400], 
       "ORG_HIERARCHY_ID"[NUMBER,22], "PARENT_ORG_ENTITY_ID"[NUMBER,22], "LOCATION_ID"[NUMBER,22]
   7 - "T"."ORG_ENTITY_ID"[NUMBER,22], "T"."ORG_ENTITY_NAME"[VARCHAR2,400], 
       "ORG_HIERARCHY_ID"[NUMBER,22], "PARENT_ORG_ENTITY_ID"[NUMBER,22], "LOCATION_ID"[NUMBER,22]
   8 - "TL"."ORG_ENTITY_ID"[NUMBER,22]
  10 - "ORG_HIERARCHY_ID"[NUMBER,22]
  12 - (#keys=1) 
  13 - "T"."ORG_ENTITY_ID"[NUMBER,22]
  14 - "TL"."ORG_ENTITY_ID"[NUMBER,22]
										</code></pre>
								</section>
						</div>
					</div>

				<!-- Sidebar -->
				<div id="sidebar">
					<div class="inner">
						<!-- Menu -->
						<nav id="menu">
							<header class="major">
								<h2>Menu</h2>
							</header>
							<ul>
								<li><a href="../index.html">Module List</a></li>
								<li><a href="index.html">Summary</a></li>
								<li>
									<span class="opener">DB Analysis</span>
									<ul>
										<li><a href="bad-sql.html">Bad SQL</a></li>
										<li><a href="poor-sql.html">Poor SQL Plan</a></li>
										<li><a href="invalid-sql.html">Invalid SQL</a></li>
										<li><a href="full-sql.html">Full SQL Report</a></li>
										<li><a href="table-nil-key.html">Primary/Unique Key Miss</a></li>
										<li><a href="invalid-db-object.html">Invalid DB Objects</a></li>
									</ul>
								</li>
								<li>
									<span class="opener">Infolets</span>
									<ul>
										<li><a href="keep-history-infolets.html">Keep History Infolets</a></li>
									</ul>
								</li>
								<li>
									<span class="opener">Pushforms</span>
									<ul>
										<li><a href="pushform-denormalize.html">Pushform Denormalized</a></li>
									</ul>
								</li>
							</ul>
						</nav>

						<!-- Section -->
						<section>
							<header class="major">
								<h2>Get in touch</h2>
							</header>
							<p>You need more details on the report or want more functionality, don't hesitate to reach out to us.</p>
							<ul class="contact">
								<li class="fa-envelope-o"><a href="mailto:rnd@metricstream.com?Subject=Reg - Static Code Analysis Tool" target="_top">rnd@metricstream.com</a></li>
							</ul>
						</section>

						<!-- Footer -->
						<footer id="footer">
							<p class="copyright">&copy; <a href="http://www.metricstream.com" target="_blank">MetricStream</a>. All rights reserved. </p>
						</footer>
					</div>
				</div>
			</div>

		<!-- Scripts -->
			<script src="../../lib/assets/js/jquery.min.js"></script>
			<script src="../../lib/assets/js/skel.min.js"></script>
			<script src="../../lib/assets/js/util.js"></script>
			<!--[if lte IE 8]><script src="../../lib/assets/js/ie/respond.min.js"></script><![endif]-->
			<script src="../../lib/assets/js/main.js"></script>
	</body>
</html>