<!DOCTYPE HTML>
<html>
	<head>
		<title>Code Analysis - MetricStream</title>
		<meta charset="utf-8" />
		<meta name="viewport" content="width=device-width, initial-scale=1, user-scalable=no" />
		<!--[if lte IE 8]><script src="../../lib/assets/js/ie/html5shiv.js"></script><![endif]-->
		<link rel="stylesheet" href="../../lib/assets/css/main.css" />
		<!--[if lte IE 9]><link rel="stylesheet" href="../../lib/assets/css/ie9.css" /><![endif]-->
		<!--[if lte IE 8]><link rel="stylesheet" href="../../lib/assets/css/ie8.css" /><![endif]-->
	</head>
	<body>

		<!-- Wrapper -->
			<div id="wrapper">

				<!-- Main -->
					<div id="main">
						<div class="inner">
							<!-- Header -->
								<header id="header">
									<a href="index.html" class="logo"><strong>Static Code Analysis Report</strong> by Code Analyzer Tool</a>
								</header>

							<!-- Content -->
								<section>
									<!-- Content -->
										<header class="major"><h2>Infolet Details</h2></header>
										<div class="table-wrapper">
											<table>
												<tbody>
													<tr>
														<td><b>Name</b></td>
														<td>MS_GRC_61_SP2_ASSET_PARENT (100692)</td>
													</tr>
													<tr>
														<td><b>SQL</b></td>
														<td><pre><code>SELECT OBJECT_NAME AS OBJ_NAME,
  OBJECT_LEVEL AS OBJ_LEVEL,
  DD_OBJECT_TYPE AS OBJ_TYPE,
  OBJECT_ID AS OBJ_ID,
loc.locale_id AS LOCALE_ID
FROM MS_GRC_ASSET_DENORM_RV rv,(select locale_id from si_locales where locale_string=(select locale FROM si_users_t WHERE user_name=:2)
  ) loc
WHERE EXISTS
  (SELECT COLUMN_VALUE
  FROM TABLE(CAST(ms_grc_rep_browser_fil_denorm.fn_ASSET_report_filters(ms_grc_array_type(NULL,NULL,NULL,'ACT',NULL,NULL, NULL,NULL,NULL,NULL, NULL, NULL,NULL,NULL,NULL,:1-1,NULL,NULL,NULL,NULL, NULL, NULL,NULL,NULL,NULL,NULL,NULL,NULL,NULL,NULL, NULL,NULL, NULL,NULL,NULL,NULL,NULL,NULL,NULL,NULL,NULL,NULL,NULL,NULL,'MS_GRC_ASSET',:2)) AS ms_varchar2_array))
  WHERE COLUMN_VALUE = OBJECT_ID
  ) and LOC.LOCALE_ID=rv.LOCALE_ID</code></pre></td>
													</tr>
													<tr>
														<td><b>Description</b></td>
														<td>This infolet extracts data from MS_GRC_ASSET_DENORM_RV table and is there by used in MS_GRC_61_SP2_ASSET_LIST_INF infolet and Asset form</td>
													</tr>
												</tbody>
											</table>
										</div>

										<h2 align="center" id="content">Analysis Report</h2>
										<hr>

<header class="major"><h2>Plan hash value: 2597527928</h2></header><pre><code>
 
--------------------------------------------------------------------------------------------------------------------
| Id  | Operation                             | Name                       | Rows  | Bytes | Cost (%CPU)| Time     |
--------------------------------------------------------------------------------------------------------------------
|   0 | SELECT STATEMENT                      |                            |     1 |   138 |    99   (0)| 00:00:02 |
|   1 |  NESTED LOOPS                         |                            |     1 |   138 |    99   (0)| 00:00:02 |
|   2 |   NESTED LOOPS                        |                            |     1 |   127 |    98   (0)| 00:00:02 |
<font style="background-color: lightblue; color: red">|   3 |    MERGE JOIN CARTESIAN               |                            |     1 |   110 |    97   (0)| 00:00:02 |</font>
|*  4 |     HASH JOIN SEMI                    |                            |     1 |    58 |    96   (0)| 00:00:02 |
|   5 |      INDEX FAST FULL SCAN             | MS_GRC_ASSET_SUMMARY_PK    |  1427 | 79912 |    67   (0)| 00:00:01 |
<font style="background-color: lightblue; color: red">|   6 |      COLLECTION ITERATOR PICKLER FETCH| FN_ASSET_REPORT_FILTERS    |  8168 | 16336 |    29   (0)| 00:00:01 |</font>
|   7 |     BUFFER SORT                       |                            |     1 |    52 |    68   (0)| 00:00:01 |
|   8 |      VIEW                             | VW_SQ_1                    |     1 |    52 |     1   (0)| 00:00:01 |
|   9 |       TABLE ACCESS BY INDEX ROWID     | SI_USERS_T                 |     1 |    19 |     1   (0)| 00:00:01 |
|* 10 |        INDEX RANGE SCAN               | SI_USERS_T_N3              |     1 |       |     1   (0)| 00:00:01 |
|  11 |    TABLE ACCESS BY INDEX ROWID        | MS_GRC_ASSET_MLS_SUMMARY   |     1 |    17 |     1   (0)| 00:00:01 |
|* 12 |     INDEX RANGE SCAN                  | MS_GRC_ASSET_MLS_SUMM_IDX1 |     1 |       |     1   (0)| 00:00:01 |
|* 13 |   TABLE ACCESS BY INDEX ROWID         | SI_LOCALES                 |     1 |    11 |     1   (0)| 00:00:01 |
|* 14 |    INDEX UNIQUE SCAN                  | SI_LOCALES_U1              |     1 |       |     1   (0)| 00:00:01 |
--------------------------------------------------------------------------------------------------------------------
 
</code></pre><header class="major"><h2>Query Block Name / Object Alias (identified by operation id):</h2></header><pre><code>
 
   1 - SEL$E1BE3644
   5 - SEL$E1BE3644 / ASSTSUMM@SEL$2
   6 - SEL$E1BE3644 / KOKBF$0@SEL$10
   8 - SEL$3512B053 / VW_SQ_1@SEL$2DF9124B
   9 - SEL$3512B053 / SI_USERS_T@SEL$8
  10 - SEL$3512B053 / SI_USERS_T@SEL$8
  11 - SEL$E1BE3644 / ASSTMLSSUMM@SEL$2
  12 - SEL$E1BE3644 / ASSTMLSSUMM@SEL$2
  13 - SEL$E1BE3644 / SI_LOCALES@SEL$7
  14 - SEL$E1BE3644 / SI_LOCALES@SEL$7
 
</code></pre><header class="major"><h2>Predicate Information (identified by operation id):</h2></header><pre><code>
 
   4 - access("ASSTSUMM"."OBJECT_ID"=VALUE(KOKBF$))
  10 - access("USER_NAME"=:2)
  12 - access("ASSTSUMM"."OBJ_ASSET_SUMM_WID"="ASSTMLSSUMM"."OBJ_ASSET_SUMM_WID")
  13 - filter("LOCALE_STRING"="LOCALE")
  14 - access("LOCALE_ID"=TO_NUMBER("ASSTMLSSUMM"."LOCALE_ID"))
 
</code></pre><header class="major"><h2>Column Projection Information (identified by operation id):</h2></header><pre><code>
 
   1 - (#keys=0) "ASSTSUMM"."OBJECT_ID"[VARCHAR2,400], "ASSTSUMM"."DD_OBJECT_TYPE"[VARCHAR2,400], 
       "ASSTSUMM"."OBJECT_NAME"[VARCHAR2,4000], "ASSTMLSSUMM"."OBJECT_LEVEL"[VARCHAR2,400], "LOCALE_ID"[NUMBER,22]
   2 - (#keys=0) "ASSTSUMM"."OBJECT_ID"[VARCHAR2,400], "ASSTSUMM"."DD_OBJECT_TYPE"[VARCHAR2,400], 
       "ASSTSUMM"."OBJECT_NAME"[VARCHAR2,4000], "LOCALE"[VARCHAR2,100], "ASSTMLSSUMM"."LOCALE_ID"[VARCHAR2,400], 
       "ASSTMLSSUMM"."OBJECT_LEVEL"[VARCHAR2,400]
   3 - (#keys=0) "ASSTSUMM"."OBJECT_ID"[VARCHAR2,400], "ASSTSUMM"."OBJ_ASSET_SUMM_WID"[NUMBER,22], 
       "ASSTSUMM"."DD_OBJECT_TYPE"[VARCHAR2,400], "ASSTSUMM"."OBJECT_NAME"[VARCHAR2,4000], "LOCALE"[VARCHAR2,100]
   4 - (#keys=1) "ASSTSUMM"."OBJECT_ID"[VARCHAR2,400], "ASSTSUMM"."OBJ_ASSET_SUMM_WID"[NUMBER,22], 
       "ASSTSUMM"."DD_OBJECT_TYPE"[VARCHAR2,400], "ASSTSUMM"."OBJECT_NAME"[VARCHAR2,4000]
   5 - "ASSTSUMM"."OBJ_ASSET_SUMM_WID"[NUMBER,22], "ASSTSUMM"."OBJECT_ID"[VARCHAR2,400], 
       "ASSTSUMM"."OBJECT_NAME"[VARCHAR2,4000], "ASSTSUMM"."DD_OBJECT_TYPE"[VARCHAR2,400]
   6 - VALUE(A0)[8000]
   7 - (#keys=0) "LOCALE"[VARCHAR2,100]
   8 - "LOCALE"[VARCHAR2,100]
   9 - "LOCALE"[VARCHAR2,100]
  10 - "SI_USERS_T".ROWID[ROWID,10]
  11 - "ASSTMLSSUMM"."LOCALE_ID"[VARCHAR2,400], "ASSTMLSSUMM"."OBJECT_LEVEL"[VARCHAR2,400]
  12 - "ASSTMLSSUMM".ROWID[ROWID,10], "ASSTMLSSUMM"."LOCALE_ID"[VARCHAR2,400]
  13 - "LOCALE_ID"[NUMBER,22]
  14 - "SI_LOCALES".ROWID[ROWID,10], "LOCALE_ID"[NUMBER,22]
										</code></pre>
								</section>
						</div>
					</div>

				<!-- Sidebar -->
				<div id="sidebar">
					<div class="inner">
						<!-- Menu -->
						<nav id="menu">
							<header class="major">
								<h2>Menu</h2>
							</header>
							<ul>
								<li><a href="../index.html">Module List</a></li>
								<li><a href="index.html">Summary</a></li>
								<li>
									<span class="opener">DB Analysis</span>
									<ul>
										<li><a href="bad-sql.html">Bad SQL</a></li>
										<li><a href="poor-sql.html">Poor SQL Plan</a></li>
										<li><a href="invalid-sql.html">Invalid SQL</a></li>
										<li><a href="full-sql.html">Full SQL Report</a></li>
										<li><a href="table-nil-key.html">Primary/Unique Key Miss</a></li>
										<li><a href="invalid-db-object.html">Invalid DB Objects</a></li>
									</ul>
								</li>
								<li>
									<span class="opener">Infolets</span>
									<ul>
										<li><a href="keep-history-infolets.html">Keep History Infolets</a></li>
									</ul>
								</li>
								<li>
									<span class="opener">Pushforms</span>
									<ul>
										<li><a href="pushform-denormalize.html">Pushform Denormalized</a></li>
									</ul>
								</li>
							</ul>
						</nav>

						<!-- Section -->
						<section>
							<header class="major">
								<h2>Get in touch</h2>
							</header>
							<p>You need more details on the report or want more functionality, don't hesitate to reach out to us.</p>
							<ul class="contact">
								<li class="fa-envelope-o"><a href="mailto:rnd@metricstream.com?Subject=Reg - Static Code Analysis Tool" target="_top">rnd@metricstream.com</a></li>
							</ul>
						</section>

						<!-- Footer -->
						<footer id="footer">
							<p class="copyright">&copy; <a href="http://www.metricstream.com" target="_blank">MetricStream</a>. All rights reserved. </p>
						</footer>
					</div>
				</div>
			</div>

		<!-- Scripts -->
			<script src="../../lib/assets/js/jquery.min.js"></script>
			<script src="../../lib/assets/js/skel.min.js"></script>
			<script src="../../lib/assets/js/util.js"></script>
			<!--[if lte IE 8]><script src="../../lib/assets/js/ie/respond.min.js"></script><![endif]-->
			<script src="../../lib/assets/js/main.js"></script>
	</body>
</html>