<!DOCTYPE HTML>
<html>
	<head>
		<title>Code Analysis - MetricStream</title>
		<meta charset="utf-8" />
		<meta name="viewport" content="width=device-width, initial-scale=1, user-scalable=no" />
		<!--[if lte IE 8]><script src="../../lib/assets/js/ie/html5shiv.js"></script><![endif]-->
		<link rel="stylesheet" href="../../lib/assets/css/main.css" />
		<!--[if lte IE 9]><link rel="stylesheet" href="../../lib/assets/css/ie9.css" /><![endif]-->
		<!--[if lte IE 8]><link rel="stylesheet" href="../../lib/assets/css/ie8.css" /><![endif]-->
	</head>
	<body>

		<!-- Wrapper -->
			<div id="wrapper">

				<!-- Main -->
					<div id="main">
						<div class="inner">
							<!-- Header -->
								<header id="header">
									<a href="index.html" class="logo"><strong>Static Code Analysis Report</strong> by Code Analyzer Tool</a>
								</header>

							<!-- Content -->
								<section>
									<!-- Content -->
										<header class="major"><h2>Infolet Details</h2></header>
										<div class="table-wrapper">
											<table>
												<tbody>
													<tr>
														<th>Name</th>
														<td>MS_GRC_61_SP2_RISK_PARENT (100743)</td>
													</tr>
													<tr>
														<th>SQL</th>
														<td><pre><code>SELECT 
rsk_summ.OBJECT_NAME AS Risk_Name,
mls_Summ.OBJECT_LEVEL AS Risk_Level,
rsk_summ.dd_OBJECT_TYPE AS Risk_Type,
rsk_summ.OBJECT_ID AS Risk_ID,
mls_Summ.locale_id AS LOCALE_ID
FROM MS_GRC_RISK_OBJ_SUMMARY rsk_summ,
MS_GRC_RISK_OBJ_MLS_SUMMARY mls_Summ
WHERE :1!='1' and mls_Summ.OBJECT_id=rsk_summ.OBJECT_ID and mls_Summ.OBJECT_id in     (SELECT column_value
    FROM TABLE(cast(ms_grc_rep_browser_fil_denorm.fn_risk_rpt_filter(ms_grc_array_type(NULL,NULL,'ACT',:1-1, NULL,NULL,NULL,NULL,NULL,NULL,NULL,NULL,NULL,NULL,NULL,NULL,NULL,NULL,NULL,NULL,NULL,NULL,NULL,NULL,NULL,NULL,NULL,NULL,NULL,NULL,NULL,NULL,NULL,NULL,NULL,NULL,NULL,NULL,NULL,'MS_GRC_RISK',:2))
    as varchar2_array))) and mls_Summ.locale_id = (select LOCALE_ID from SI_USERS_T T1 ,SI_LOCALES T2 where USER_NAME = :2  and T1.LOCALE = T2.LOCALE_STRING) 
ORDER BY UPPER_OBJECT_NAME</code></pre></td>
													</tr>
													<tr>
														<th>Description</th>
														<td>This infolet is used to fetch available Risks in the system based on Level.</td>
													</tr>
												</tbody>
											</table>
										</div>

										<h2 align="center" id="content">Analysis Report</h2>
										<hr>

<header class="major"><h2>Plan hash value: 1467644762</h2></header><pre><code>
 
----------------------------------------------------------------------------------------------------------------------
| Id  | Operation                              | Name                        | Rows  | Bytes | Cost (%CPU)| Time     |
----------------------------------------------------------------------------------------------------------------------
|   0 | SELECT STATEMENT                       |                             |     1 |  8616 |    37   (6)| 00:00:01 |
|   1 |  SORT ORDER BY                         |                             |     1 |  8616 |    37   (6)| 00:00:01 |
|*  2 |   FILTER                               |                             |       |       |            |          |
|   3 |    NESTED LOOPS                        |                             |     1 |  8616 |    32   (4)| 00:00:01 |
|   4 |     NESTED LOOPS                       |                             |     1 |  3008 |    31   (4)| 00:00:01 |
|   5 |      SORT UNIQUE                       |                             |  8168 | 16336 |    29   (0)| 00:00:01 |
<font style="background-color: lightblue; color: red">|   6 |       COLLECTION ITERATOR PICKLER FETCH| FN_RISK_RPT_FILTER          |  8168 | 16336 |    29   (0)| 00:00:01 |</font>
|   7 |      TABLE ACCESS BY INDEX ROWID       | MS_GRC_RISK_OBJ_MLS_SUMMARY |     1 |  3006 |     1   (0)| 00:00:01 |
|*  8 |       INDEX RANGE SCAN                 | MS_GRC_OBJ_MLS_SUMM_IDX2    |     1 |       |     1   (0)| 00:00:01 |
|   9 |        NESTED LOOPS                    |                             |     1 |    30 |     4   (0)| 00:00:01 |
|  10 |         TABLE ACCESS BY INDEX ROWID    | SI_USERS_T                  |     1 |    19 |     1   (0)| 00:00:01 |
|* 11 |          INDEX UNIQUE SCAN             | USER_NAME_UK                |     1 |       |     1   (0)| 00:00:01 |
<font style="background-color: lightblue; color: red">|* 12 |         TABLE ACCESS FULL              | SI_LOCALES                  |     1 |    11 |     3   (0)| 00:00:01 |</font>
|  13 |     TABLE ACCESS BY INDEX ROWID        | MS_GRC_RISK_OBJ_SUMMARY     |     1 |  5608 |     1   (0)| 00:00:01 |
|* 14 |      INDEX UNIQUE SCAN                 | MS_GRC_RISK_SUMM_IDX1       |     1 |       |     1   (0)| 00:00:01 |
----------------------------------------------------------------------------------------------------------------------
 
</code></pre><header class="major"><h2>Query Block Name / Object Alias (identified by operation id):</h2></header><pre><code>
 
   1 - SEL$09D7319C
   6 - SEL$09D7319C / KOKBF$0@SEL$3
   7 - SEL$09D7319C / MLS_SUMM@SEL$1
   8 - SEL$09D7319C / MLS_SUMM@SEL$1
   9 - SEL$4       
  10 - SEL$4        / T1@SEL$4
  11 - SEL$4        / T1@SEL$4
  12 - SEL$4        / T2@SEL$4
  13 - SEL$09D7319C / RSK_SUMM@SEL$1
  14 - SEL$09D7319C / RSK_SUMM@SEL$1
 
</code></pre><header class="major"><h2>Predicate Information (identified by operation id):</h2></header><pre><code>
 
   2 - filter(:1<>'1')
   8 - access("MLS_SUMM"."OBJECT_ID"=VALUE(KOKBF$))
       filter(TO_NUMBER("MLS_SUMM"."LOCALE_ID")= (SELECT "LOCALE_ID" FROM "SI_LOCALES" "T2","SI_USERS_T" "T1" 
              WHERE "USER_NAME"=:2 AND "T1"."LOCALE"="T2"."LOCALE_STRING"))
  11 - access("USER_NAME"=:2)
  12 - filter("T1"."LOCALE"="T2"."LOCALE_STRING")
  14 - access("MLS_SUMM"."OBJECT_ID"="RSK_SUMM"."OBJECT_ID")
 
</code></pre><header class="major"><h2>Column Projection Information (identified by operation id):</h2></header><pre><code>
 
   1 - (#keys=1) "UPPER_OBJECT_NAME"[VARCHAR2,4000], "RSK_SUMM"."OBJECT_NAME"[VARCHAR2,4000], 
       "MLS_SUMM"."OBJECT_LEVEL"[VARCHAR2,4000], "RSK_SUMM"."DD_OBJECT_TYPE"[VARCHAR2,1600], 
       "RSK_SUMM"."OBJECT_ID"[VARCHAR2,1600], "MLS_SUMM"."LOCALE_ID"[VARCHAR2,400]
   2 - "MLS_SUMM"."LOCALE_ID"[VARCHAR2,400], "MLS_SUMM"."OBJECT_LEVEL"[VARCHAR2,4000], 
       "UPPER_OBJECT_NAME"[VARCHAR2,4000], "RSK_SUMM"."OBJECT_ID"[VARCHAR2,1600], 
       "RSK_SUMM"."OBJECT_NAME"[VARCHAR2,4000], "RSK_SUMM"."DD_OBJECT_TYPE"[VARCHAR2,1600]
   3 - (#keys=0) "MLS_SUMM"."LOCALE_ID"[VARCHAR2,400], "MLS_SUMM"."OBJECT_LEVEL"[VARCHAR2,4000], 
       "UPPER_OBJECT_NAME"[VARCHAR2,4000], "RSK_SUMM"."OBJECT_ID"[VARCHAR2,1600], 
       "RSK_SUMM"."OBJECT_NAME"[VARCHAR2,4000], "RSK_SUMM"."DD_OBJECT_TYPE"[VARCHAR2,1600]
   4 - (#keys=0) "MLS_SUMM"."OBJECT_ID"[VARCHAR2,1600], "MLS_SUMM"."LOCALE_ID"[VARCHAR2,400], 
       "MLS_SUMM"."OBJECT_LEVEL"[VARCHAR2,4000]
   5 - (#keys=1) VALUE(KOKBF$)[16000]
   6 - VALUE(A0)[16000]
   7 - "MLS_SUMM"."OBJECT_ID"[VARCHAR2,1600], "MLS_SUMM"."LOCALE_ID"[VARCHAR2,400], 
       "MLS_SUMM"."OBJECT_LEVEL"[VARCHAR2,4000]
   8 - "MLS_SUMM".ROWID[ROWID,10], "MLS_SUMM"."OBJECT_ID"[VARCHAR2,1600], "MLS_SUMM"."LOCALE_ID"[VARCHAR2,400]
   9 - (#keys=0) "LOCALE_ID"[NUMBER,22]
  10 - "T1"."LOCALE"[VARCHAR2,400]
  11 - "T1".ROWID[ROWID,10]
  12 - "LOCALE_ID"[NUMBER,22]
  13 - "UPPER_OBJECT_NAME"[VARCHAR2,4000], "RSK_SUMM"."OBJECT_ID"[VARCHAR2,1600], 
       "RSK_SUMM"."OBJECT_NAME"[VARCHAR2,4000], "RSK_SUMM"."DD_OBJECT_TYPE"[VARCHAR2,1600]
  14 - "RSK_SUMM".ROWID[ROWID,10], "RSK_SUMM"."OBJECT_ID"[VARCHAR2,1600]
										</code></pre>
								</section>
						</div>
					</div>

				<!-- Sidebar -->
				<div id="sidebar">
					<div class="inner">
						<!-- Menu -->
						<nav id="menu">
							<header class="major">
								<h2>Menu</h2>
							</header>
							<ul>
								<li><a href="../index.html">Module List</a></li>
								<li><a href="index.html">Summary</a></li>
								<li>
									<span class="opener">DB Analysis</span>
									<ul>
										<li><a href="bad-sql.html">Bad SQL</a></li>
										<li><a href="poor-sql.html">Poor SQL Plan</a></li>
										<li><a href="invalid-sql.html">Invalid SQL</a></li>
										<li><a href="full-sql.html">Full SQL Report</a></li>
										<li><a href="table-nil-key.html">Primary/Unique Key Miss</a></li>
										<li><a href="invalid-db-object.html">Invalid DB Objects</a></li>
										<li><a href="sequence-with-less-cache.html">Sequence</a></li>
										<li><a href="table-index-lob-size.html">Table Size</a></li>
										<li><a href="table-row-count.html">Table Row Count</a></li>
									</ul>
								</li>
								<li>
								    <span class="opener">LOB</span>
								    <ul>
								        <li><a href="lob-no-cache.html">LOB - No Cache</a></li>
								        <li><a href="lob-columns.html">LOB - All Columns</a></li>
								    </ul>
								</li>
								<li>
									<span class="opener">Infolets</span>
									<ul>
										<li><a href="keep-history-infolets.html">Keep History Infolets</a></li>
										<li><a href="plsql-context-switch.html">SQL-PL/SQL Context Switch</a></li>
									</ul>
								</li>
								<li>
									<span class="opener">Pushforms</span>
									<ul>
										<li><a href="pushform-denormalize.html">Pushform Denormalized</a></li>
									</ul>
								</li>
								<li>
									<span class="opener">PL/SQL</span>
									<ul>
										<li><a href="plsql-dyn-qry-objs.html">Dynamic Query</a></li>
									</ul>
								</li>
							</ul>
						</nav>

						<!-- Section -->
						<section>
							<header class="major">
								<h2>Get in touch</h2>
							</header>
							<p>You need more details on the report or want more functionality, don't hesitate to reach out to us.</p>
							<ul class="contact">
								<li class="fa-envelope-o"><a href="mailto:apps-rnd-arch-team@metricstream.com?Subject=Reg - Code Analysis Tool" target="_top">apps-rnd-arch-team@metricstream.com</a></li>
							</ul>
						</section>

						<!-- Footer -->
						<footer id="footer">
							<p class="copyright">&copy; <a href="http://www.metricstream.com" target="_blank">MetricStream</a>. All rights reserved. </p>
						</footer>
					</div>
				</div>
			</div>

		<!-- Scripts -->
			<script src="../../lib/assets/js/jquery.min.js"></script>
			<script src="../../lib/assets/js/skel.min.js"></script>
			<script src="../../lib/assets/js/util.js"></script>
			<!--[if lte IE 8]><script src="../../lib/assets/js/ie/respond.min.js"></script><![endif]-->
			<script src="../../lib/assets/js/main.js"></script>
	</body>
</html>