<!DOCTYPE HTML>
<html>
	<head>
		<title>Code Analysis - MetricStream</title>
		<meta charset="utf-8" />
		<meta name="viewport" content="width=device-width, initial-scale=1, user-scalable=no" />
		<!--[if lte IE 8]><script src="../../lib/assets/js/ie/html5shiv.js"></script><![endif]-->
		<link rel="stylesheet" href="../../lib/assets/css/main.css" />
		<!--[if lte IE 9]><link rel="stylesheet" href="../../lib/assets/css/ie9.css" /><![endif]-->
		<!--[if lte IE 8]><link rel="stylesheet" href="../../lib/assets/css/ie8.css" /><![endif]-->
	</head>
	<body>

		<!-- Wrapper -->
			<div id="wrapper">

				<!-- Main -->
					<div id="main">
						<div class="inner">
							<!-- Header -->
								<header id="header">
									<a href="index.html" class="logo"><strong>Static Code Analysis Report</strong> by Code Analyzer Tool</a>
								</header>

							<!-- Content -->
								<section>
									<!-- Content -->
										<header class="major"><h2>Infolet Details</h2></header>
										<div class="table-wrapper">
											<table>
												<tbody>
													<tr>
														<td><b>Name</b></td>
														<td>MS GRC Product Type (100671)</td>
													</tr>
													<tr>
														<td><b>SQL</b></td>
														<td><pre><code>Select c.type_id as type_id,
       c.type_name as type_name,
       c.category_id as category_id,a.locale_id as locale_id From   MS_GRC_Product_Category_type c,
si_locales a,si_users_t b 
where 
c.locale_id= a.locale_id
and a.locale_string = b.locale and b.user_name = :1 and  category_id=:2
order by Type_name asc</code></pre></td>
													</tr>
													<tr>
														<td><b>Description</b></td>
														<td>This infolet extracts data from  MS_GRC_Product_Category_type table and is thereby used in Product form</td>
													</tr>
												</tbody>
											</table>
										</div>

										<h2 align="center" id="content">Analysis Report</h2>
										<hr>

<header class="major"><h2>Plan hash value: 2385117747</h2></header><pre><code>
 
----------------------------------------------------------------------------------------------------------------
| Id  | Operation                       | Name                         | Rows  | Bytes | Cost (%CPU)| Time     |
----------------------------------------------------------------------------------------------------------------
|   0 | SELECT STATEMENT                |                              |     2 |   118 |     7  (15)| 00:00:01 |
|   1 |  SORT ORDER BY                  |                              |     2 |   118 |     7  (15)| 00:00:01 |
|   2 |   NESTED LOOPS                  |                              |     2 |   118 |     6   (0)| 00:00:01 |
|   3 |    NESTED LOOPS                 |                              |     5 |   118 |     6   (0)| 00:00:01 |
|   4 |     NESTED LOOPS                |                              |     5 |   240 |     4   (0)| 00:00:01 |
|   5 |      TABLE ACCESS BY INDEX ROWID| SI_USERS_T                   |     1 |    19 |     1   (0)| 00:00:01 |
|*  6 |       INDEX RANGE SCAN          | SI_USERS_T_N3                |     1 |       |     1   (0)| 00:00:01 |
<font style="background-color: lightblue; color: red">|*  7 |      TABLE ACCESS FULL          | MS_GRC_PRODUCT_CATEGORY_TYPE |     5 |   145 |     3   (0)| 00:00:01 |</font>
|*  8 |     INDEX UNIQUE SCAN           | SI_LOCALES_U1                |     1 |       |     1   (0)| 00:00:01 |
|*  9 |    TABLE ACCESS BY INDEX ROWID  | SI_LOCALES                   |     1 |    11 |     1   (0)| 00:00:01 |
----------------------------------------------------------------------------------------------------------------
 
</code></pre><header class="major"><h2>Query Block Name / Object Alias (identified by operation id):</h2></header><pre><code>
 
   1 - SEL$1
   5 - SEL$1 / B@SEL$1
   6 - SEL$1 / B@SEL$1
   7 - SEL$1 / C@SEL$1
   8 - SEL$1 / A@SEL$1
   9 - SEL$1 / A@SEL$1
 
</code></pre><header class="major"><h2>Predicate Information (identified by operation id):</h2></header><pre><code>
 
   6 - access("B"."USER_NAME"=:1)
   7 - filter("CATEGORY_ID"=TO_NUMBER(:2))
   8 - access("C"."LOCALE_ID"="A"."LOCALE_ID")
   9 - filter("A"."LOCALE_STRING"="B"."LOCALE")
 
</code></pre><header class="major"><h2>Column Projection Information (identified by operation id):</h2></header><pre><code>
 
   1 - (#keys=1) "C"."TYPE_NAME"[VARCHAR2,400], "C"."TYPE_ID"[NUMBER,22], "A"."LOCALE_ID"[NUMBER,22], 
       "C"."CATEGORY_ID"[NUMBER,22]
   2 - (#keys=0) "CATEGORY_ID"[NUMBER,22], "C"."TYPE_ID"[NUMBER,22], "C"."TYPE_NAME"[VARCHAR2,400], 
       "A"."LOCALE_ID"[NUMBER,22]
   3 - (#keys=0) "B"."LOCALE"[VARCHAR2,100], "CATEGORY_ID"[NUMBER,22], "C"."TYPE_ID"[NUMBER,22], 
       "C"."TYPE_NAME"[VARCHAR2,400], "A".ROWID[ROWID,10], "A"."LOCALE_ID"[NUMBER,22]
   4 - (#keys=0) "B"."LOCALE"[VARCHAR2,100], "CATEGORY_ID"[NUMBER,22], "C"."TYPE_ID"[NUMBER,22], 
       "C"."TYPE_NAME"[VARCHAR2,400], "C"."LOCALE_ID"[NUMBER,22]
   5 - "B"."LOCALE"[VARCHAR2,100]
   6 - "B".ROWID[ROWID,10]
   7 - "CATEGORY_ID"[NUMBER,22], "C"."TYPE_ID"[NUMBER,22], "C"."TYPE_NAME"[VARCHAR2,400], 
       "C"."LOCALE_ID"[NUMBER,22]
   8 - "A".ROWID[ROWID,10], "A"."LOCALE_ID"[NUMBER,22]
										</code></pre>
								</section>
						</div>
					</div>

				<!-- Sidebar -->
				<div id="sidebar">
					<div class="inner">
						<!-- Menu -->
						<nav id="menu">
							<header class="major">
								<h2>Menu</h2>
							</header>
							<ul>
								<li><a href="../index.html">Module List</a></li>
								<li><a href="index.html">Summary</a></li>
								<li>
									<span class="opener">DB Analysis</span>
									<ul>
										<li><a href="bad-sql.html">Bad SQL</a></li>
										<li><a href="poor-sql.html">Poor SQL Plan</a></li>
										<li><a href="invalid-sql.html">Invalid SQL</a></li>
										<li><a href="full-sql.html">Full SQL Report</a></li>
										<li><a href="table-nil-key.html">Primary/Unique Key Miss</a></li>
										<li><a href="invalid-db-object.html">Invalid DB Objects</a></li>
									</ul>
								</li>
								<li>
									<span class="opener">Infolets</span>
									<ul>
										<li><a href="keep-history-infolets.html">Keep History Infolets</a></li>
									</ul>
								</li>
								<li>
									<span class="opener">Pushforms</span>
									<ul>
										<li><a href="pushform-denormalize.html">Pushform Denormalized</a></li>
									</ul>
								</li>
							</ul>
						</nav>

						<!-- Section -->
						<section>
							<header class="major">
								<h2>Get in touch</h2>
							</header>
							<p>You need more details on the report or want more functionality, don't hesitate to reach out to us.</p>
							<ul class="contact">
								<li class="fa-envelope-o"><a href="mailto:rnd@metricstream.com?Subject=Reg - Static Code Analysis Tool" target="_top">rnd@metricstream.com</a></li>
							</ul>
						</section>

						<!-- Footer -->
						<footer id="footer">
							<p class="copyright">&copy; <a href="http://www.metricstream.com" target="_blank">MetricStream</a>. All rights reserved. </p>
						</footer>
					</div>
				</div>
			</div>

		<!-- Scripts -->
			<script src="../../lib/assets/js/jquery.min.js"></script>
			<script src="../../lib/assets/js/skel.min.js"></script>
			<script src="../../lib/assets/js/util.js"></script>
			<!--[if lte IE 8]><script src="../../lib/assets/js/ie/respond.min.js"></script><![endif]-->
			<script src="../../lib/assets/js/main.js"></script>
	</body>
</html>