<!DOCTYPE HTML>
<html>
	<head>
		<title>Code Analysis - MetricStream</title>
		<meta charset="utf-8" />
		<meta name="viewport" content="width=device-width, initial-scale=1, user-scalable=no" />
		<!--[if lte IE 8]><script src="../../lib/assets/js/ie/html5shiv.js"></script><![endif]-->
		<link rel="stylesheet" href="../../lib/assets/css/main.css" />
		<!--[if lte IE 9]><link rel="stylesheet" href="../../lib/assets/css/ie9.css" /><![endif]-->
		<!--[if lte IE 8]><link rel="stylesheet" href="../../lib/assets/css/ie8.css" /><![endif]-->
	</head>
	<body>

		<!-- Wrapper -->
			<div id="wrapper">

				<!-- Main -->
					<div id="main">
						<div class="inner">
							<!-- Header -->
								<header id="header">
									<a href="index.html" class="logo"><strong>Static Code Analysis Report</strong> by Code Analyzer Tool</a>
								</header>

							<!-- Content -->
								<section>
									<!-- Content -->
										<header class="major"><h2>Infolet Details</h2></header>
										<div class="table-wrapper">
											<table>
												<tbody>
													<tr>
														<th>Name</th>
														<td>MS_GRC_Product_Rpt_Infolet (101024)</td>
													</tr>
													<tr>
														<th>SQL</th>
														<td><pre><code>SELECT prdSumm.object_id,
prdSumm.object_name,
Prdsumm.Object_Name_Url AS edit,
mlsSumm.object_level,
prdSumm.OBJECT_PARENT_NAME as object_parent,
mlsSumm.Product_Category_Agg as PRODUCT_CATEGORY_AGG,
mlsSumm.Product_Type_Agg as PRODUCT_TYPE_AGG,
mlsSumm.SALES_CHANNEL_AGG,
mlsSumm.LOCATIONS_AGG as OBJ_LOCATION,
mlsSumm.Obj_status,
prdsumm.created_date,
(SELECT USER_FULL_NAME FROM MS_GRC_USER_FULL_NAME_V where user_name = prdSumm.CREATED_BY) AS created_by,    
prdsumm.updated_date,
(SELECT USER_FULL_NAME FROM MS_GRC_USER_FULL_NAME_V where user_name = prdSumm.Updated_By) as UPDATED_BY,
prdSumm.valid_from,
prdSumm.valid_until,
PRDSUMM.DESCRIPTION,
PRDSUMM.OWNER_ORG_NAMES AS OBJ_OWN_ORG_NAME_AGG,
prdsumm.owner_name as obj_owner_name_agg,
(SELECT USER_FULL_NAME FROM MS_GRC_USER_FULL_NAME_V where user_name = prdSumm.level_1_approver) AS LEVEL_1_APPROVER,
(SELECT USER_FULL_NAME FROM MS_GRC_USER_FULL_NAME_V where user_name = Prdsumm.Level_2_Approver) AS LEVEL_2_APPROVER,  
prdSumm.REL_AOC_OBJ_NAME_AGG,
prdSumm.REL_ASSET_OBJ_NAME_AGG,
prdSumm.REL_CTRL_OBJ_NAME_AGG,
prdSumm.REL_OBJECTIVE_OBJ_NAME_AGG,
prdSumm.REL_ORGANIZATION_NAMES,
prdSumm.REL_PROCESS_OBJ_NAME_AGG,
prdSumm.REL_PRODUCT_NAME_AGG,
prdSumm.REL_REFRENCES_OBJ_NAME_AGG,
prdSumm.REL_RISK_OBJ_NAME_AGG,
prdSumm.REPORT_JSON AS REPORT_JSON
,prdSumm.OBJECT_PARENT_ID,
LEVEL_1_APPROVER as LEVEL_1_APPR,
LEVEL_2_APPROVER as LEVEL_2_APPR
,prdSumm.UPPER_OBJECT_NAME AS UPPER_OBJECT_NAME
FROM MS_GRC_PRODUCT_SUMMARY prdSumm,
MS_GRC_PRODUCT_MLS_SUMMARY mlsSumm
where mlsSumm.object_id=prdSumm.object_id
and mlsSumm.object_id in (select column_value
FROM TABLE(CAST(ms_grc_rep_browser_fil_denorm.fn_product_rpt_filters(ms_grc_array_type(:1,:2,:3,:5,:6,:7,:8,:9,TO_CHAR(:10,'YYYY-MM-DD'),TO_CHAR(:11,'YYYY-MM-DD'),:12,:13,:14,:15,TO_CHAR(:16,'YYYY-MM-DD'),TO_CHAR(:17,'YYYY-MM-DD'),TO_CHAR(:18,'YYYY-MM-DD'),TO_CHAR(:19,'YYYY-MM-DD'),:20,:21,:22,:23,:24,:25,:27,NULL,NULL,:26,NULL,NULL,NULL,NULL,:28,NULL,:29,:30,NULL,NULL,:31,:32,NULL,'MS_GRC_PRODUCT',:33)) AS ms_varchar2_array))
) and  mlsSumm.locale_id =(select LOCALE_ID from SI_USERS_T T1 ,SI_LOCALES T2 where USER_NAME = :33  and T1.LOCALE = T2.LOCALE_STRING)
and NVL(IS_ORPHAN, 1)=NVL(:4,NVL(IS_ORPHAN,1)) order by upper_object_name</code></pre></td>
													</tr>
													<tr>
														<th>Description</th>
														<td>This infolet is used for fetching the Library data for Product list report. It consists of the parameters specific to Product object and also the related library object parmaters. It does not contain any mandatory parameter.</td>
													</tr>
												</tbody>
											</table>
										</div>

										<h2 align="center" id="content">Analysis Report</h2>
										<hr>

<header class="major"><h2>Plan hash value: 1474846632</h2></header><pre><code>
 
--------------------------------------------------------------------------------------------------------------------
| Id  | Operation                             | Name                       | Rows  | Bytes | Cost (%CPU)| Time     |
--------------------------------------------------------------------------------------------------------------------
|   0 | SELECT STATEMENT                      |                            |     1 | 47713 |    37   (6)| 00:00:01 |
|   1 |  NESTED LOOPS                         |                            |     1 |    83 |     3   (0)| 00:00:01 |
|   2 |   NESTED LOOPS                        |                            |     1 |    83 |     3   (0)| 00:00:01 |
|   3 |    NESTED LOOPS                       |                            |     1 |    66 |     2   (0)| 00:00:01 |
|   4 |     TABLE ACCESS BY INDEX ROWID       | MS_QS_PARAMETER_NAMES      |     1 |    34 |     1   (0)| 00:00:01 |
|*  5 |      INDEX RANGE SCAN                 | MS_QS_PARAMETER_NAMES_N1   |     1 |       |     1   (0)| 00:00:01 |
|*  6 |     TABLE ACCESS BY INDEX ROWID       | MS_QS_PARAMETER_TYPES      |     1 |    32 |     1   (0)| 00:00:01 |
|*  7 |      INDEX RANGE SCAN                 | MS_QS_PARAMETER_TYPES_N1   |     1 |       |     1   (0)| 00:00:01 |
|*  8 |    INDEX RANGE SCAN                   | MS_QS_PARAMETER_VALUES_IDX |     1 |       |     1   (0)| 00:00:01 |
|   9 |   TABLE ACCESS BY INDEX ROWID         | MS_QS_PARAMETER_VALUES     |     1 |    17 |     1   (0)| 00:00:01 |
|  10 |  TABLE ACCESS BY INDEX ROWID          | SI_USERS_T                 |     1 |    28 |     1   (0)| 00:00:01 |
|* 11 |   INDEX UNIQUE SCAN                   | USER_NAME_UK               |     1 |       |     1   (0)| 00:00:01 |
|  12 |  NESTED LOOPS                         |                            |     1 |    83 |     3   (0)| 00:00:01 |
|  13 |   NESTED LOOPS                        |                            |     1 |    83 |     3   (0)| 00:00:01 |
|  14 |    NESTED LOOPS                       |                            |     1 |    66 |     2   (0)| 00:00:01 |
|  15 |     TABLE ACCESS BY INDEX ROWID       | MS_QS_PARAMETER_NAMES      |     1 |    34 |     1   (0)| 00:00:01 |
|* 16 |      INDEX RANGE SCAN                 | MS_QS_PARAMETER_NAMES_N1   |     1 |       |     1   (0)| 00:00:01 |
|* 17 |     TABLE ACCESS BY INDEX ROWID       | MS_QS_PARAMETER_TYPES      |     1 |    32 |     1   (0)| 00:00:01 |
|* 18 |      INDEX RANGE SCAN                 | MS_QS_PARAMETER_TYPES_N1   |     1 |       |     1   (0)| 00:00:01 |
|* 19 |    INDEX RANGE SCAN                   | MS_QS_PARAMETER_VALUES_IDX |     1 |       |     1   (0)| 00:00:01 |
|  20 |   TABLE ACCESS BY INDEX ROWID         | MS_QS_PARAMETER_VALUES     |     1 |    17 |     1   (0)| 00:00:01 |
|  21 |  TABLE ACCESS BY INDEX ROWID          | SI_USERS_T                 |     1 |    28 |     1   (0)| 00:00:01 |
|* 22 |   INDEX UNIQUE SCAN                   | USER_NAME_UK               |     1 |       |     1   (0)| 00:00:01 |
|  23 |  NESTED LOOPS                         |                            |     1 |    83 |     3   (0)| 00:00:01 |
|  24 |   NESTED LOOPS                        |                            |     1 |    83 |     3   (0)| 00:00:01 |
|  25 |    NESTED LOOPS                       |                            |     1 |    66 |     2   (0)| 00:00:01 |
|  26 |     TABLE ACCESS BY INDEX ROWID       | MS_QS_PARAMETER_NAMES      |     1 |    34 |     1   (0)| 00:00:01 |
|* 27 |      INDEX RANGE SCAN                 | MS_QS_PARAMETER_NAMES_N1   |     1 |       |     1   (0)| 00:00:01 |
|* 28 |     TABLE ACCESS BY INDEX ROWID       | MS_QS_PARAMETER_TYPES      |     1 |    32 |     1   (0)| 00:00:01 |
|* 29 |      INDEX RANGE SCAN                 | MS_QS_PARAMETER_TYPES_N1   |     1 |       |     1   (0)| 00:00:01 |
|* 30 |    INDEX RANGE SCAN                   | MS_QS_PARAMETER_VALUES_IDX |     1 |       |     1   (0)| 00:00:01 |
|  31 |   TABLE ACCESS BY INDEX ROWID         | MS_QS_PARAMETER_VALUES     |     1 |    17 |     1   (0)| 00:00:01 |
|  32 |  TABLE ACCESS BY INDEX ROWID          | SI_USERS_T                 |     1 |    28 |     1   (0)| 00:00:01 |
|* 33 |   INDEX UNIQUE SCAN                   | USER_NAME_UK               |     1 |       |     1   (0)| 00:00:01 |
|  34 |  NESTED LOOPS                         |                            |     1 |    83 |     3   (0)| 00:00:01 |
|  35 |   NESTED LOOPS                        |                            |     1 |    83 |     3   (0)| 00:00:01 |
|  36 |    NESTED LOOPS                       |                            |     1 |    66 |     2   (0)| 00:00:01 |
|  37 |     TABLE ACCESS BY INDEX ROWID       | MS_QS_PARAMETER_NAMES      |     1 |    34 |     1   (0)| 00:00:01 |
|* 38 |      INDEX RANGE SCAN                 | MS_QS_PARAMETER_NAMES_N1   |     1 |       |     1   (0)| 00:00:01 |
|* 39 |     TABLE ACCESS BY INDEX ROWID       | MS_QS_PARAMETER_TYPES      |     1 |    32 |     1   (0)| 00:00:01 |
|* 40 |      INDEX RANGE SCAN                 | MS_QS_PARAMETER_TYPES_N1   |     1 |       |     1   (0)| 00:00:01 |
|* 41 |    INDEX RANGE SCAN                   | MS_QS_PARAMETER_VALUES_IDX |     1 |       |     1   (0)| 00:00:01 |
|  42 |   TABLE ACCESS BY INDEX ROWID         | MS_QS_PARAMETER_VALUES     |     1 |    17 |     1   (0)| 00:00:01 |
|  43 |  TABLE ACCESS BY INDEX ROWID          | SI_USERS_T                 |     1 |    28 |     1   (0)| 00:00:01 |
|* 44 |   INDEX UNIQUE SCAN                   | USER_NAME_UK               |     1 |       |     1   (0)| 00:00:01 |
|  45 |  SORT ORDER BY                        |                            |     1 | 47713 |    37   (6)| 00:00:01 |
|  46 |   NESTED LOOPS                        |                            |     1 | 47713 |    32   (4)| 00:00:01 |
|  47 |    MERGE JOIN SEMI                    |                            |     1 | 12418 |    31   (4)| 00:00:01 |
|* 48 |     TABLE ACCESS BY INDEX ROWID       | MS_GRC_PRODUCT_MLS_SUMMARY |     1 | 12416 |     1   (0)| 00:00:01 |
|  49 |      INDEX FULL SCAN                  | MS_GRC_PROD_MLS_IDX1       |     1 |       |     1   (0)| 00:00:01 |
|  50 |      NESTED LOOPS                     |                            |     1 |    30 |     4   (0)| 00:00:01 |
|  51 |       TABLE ACCESS BY INDEX ROWID     | SI_USERS_T                 |     1 |    19 |     1   (0)| 00:00:01 |
|* 52 |        INDEX UNIQUE SCAN              | USER_NAME_UK               |     1 |       |     1   (0)| 00:00:01 |
<font style="background-color: lightblue; color: red">|* 53 |       TABLE ACCESS FULL               | SI_LOCALES                 |     1 |    11 |     3   (0)| 00:00:01 |</font>
|* 54 |     SORT UNIQUE                       |                            |  8168 | 16336 |    30   (4)| 00:00:01 |
<font style="background-color: lightblue; color: red">|  55 |      COLLECTION ITERATOR PICKLER FETCH| FN_PRODUCT_RPT_FILTERS     |  8168 | 16336 |    29   (0)| 00:00:01 |</font>
|* 56 |    TABLE ACCESS BY INDEX ROWID        | MS_GRC_PRODUCT_SUMMARY     |     1 | 35295 |     1   (0)| 00:00:01 |
|* 57 |     INDEX UNIQUE SCAN                 | MS_GRC_PROD_SUMM_IDX1      |     1 |       |     1   (0)| 00:00:01 |
--------------------------------------------------------------------------------------------------------------------
 
</code></pre><header class="major"><h2>Query Block Name / Object Alias (identified by operation id):</h2></header><pre><code>
 
   1 - SEL$B7E8C768
   4 - SEL$B7E8C768 / PNAME@SEL$3
   5 - SEL$B7E8C768 / PNAME@SEL$3
   6 - SEL$B7E8C768 / PTYPE@SEL$3
   7 - SEL$B7E8C768 / PTYPE@SEL$3
   8 - SEL$B7E8C768 / PVALUE@SEL$3
   9 - SEL$B7E8C768 / PVALUE@SEL$3
  10 - SEL$1FF6F973 / USERS@SEL$4
  11 - SEL$1FF6F973 / USERS@SEL$4
  12 - SEL$E2C0F2F4
  15 - SEL$E2C0F2F4 / PNAME@SEL$7
  16 - SEL$E2C0F2F4 / PNAME@SEL$7
  17 - SEL$E2C0F2F4 / PTYPE@SEL$7
  18 - SEL$E2C0F2F4 / PTYPE@SEL$7
  19 - SEL$E2C0F2F4 / PVALUE@SEL$7
  20 - SEL$E2C0F2F4 / PVALUE@SEL$7
  21 - SEL$570E831A / USERS@SEL$8
  22 - SEL$570E831A / USERS@SEL$8
  23 - SEL$5D238E44
  26 - SEL$5D238E44 / PNAME@SEL$11
  27 - SEL$5D238E44 / PNAME@SEL$11
  28 - SEL$5D238E44 / PTYPE@SEL$11
  29 - SEL$5D238E44 / PTYPE@SEL$11
  30 - SEL$5D238E44 / PVALUE@SEL$11
  31 - SEL$5D238E44 / PVALUE@SEL$11
  32 - SEL$18BE6699 / USERS@SEL$12
  33 - SEL$18BE6699 / USERS@SEL$12
  34 - SEL$28C398ED
  37 - SEL$28C398ED / PNAME@SEL$15
  38 - SEL$28C398ED / PNAME@SEL$15
  39 - SEL$28C398ED / PTYPE@SEL$15
  40 - SEL$28C398ED / PTYPE@SEL$15
  41 - SEL$28C398ED / PVALUE@SEL$15
  42 - SEL$28C398ED / PVALUE@SEL$15
  43 - SEL$D2366DAE / USERS@SEL$16
  44 - SEL$D2366DAE / USERS@SEL$16
  45 - SEL$7B6CD1A2
  48 - SEL$7B6CD1A2 / MLSSUMM@SEL$1
  49 - SEL$7B6CD1A2 / MLSSUMM@SEL$1
  50 - SEL$20      
  51 - SEL$20       / T1@SEL$20
  52 - SEL$20       / T1@SEL$20
  53 - SEL$20       / T2@SEL$20
  55 - SEL$7B6CD1A2 / KOKBF$0@SEL$19
  56 - SEL$7B6CD1A2 / PRDSUMM@SEL$1
  57 - SEL$7B6CD1A2 / PRDSUMM@SEL$1
 
</code></pre><header class="major"><h2>Predicate Information (identified by operation id):</h2></header><pre><code>
 
   5 - access("PNAME"."PARAMETER_NAME"='DISPLAY_FORMAT')
   6 - filter("PTYPE"."PARAMETER_TYPE_ID"="PNAME"."PARAMETER_TYPE_ID")
   7 - access("PTYPE"."PARAMETER_TYPE"='MS Apps User Name Display Format')
   8 - access("PTYPE"."PARAMETER_TYPE_ID"="PVALUE"."PARAMETER_TYPE_ID" AND 
              "PNAME"."PARAMETER_ID"="PVALUE"."PARAMETER_ID" AND "PVALUE"."ORG_ENTITY_ID"=1)
  11 - access("USERS"."USER_NAME"=:B1)
  16 - access("PNAME"."PARAMETER_NAME"='DISPLAY_FORMAT')
  17 - filter("PTYPE"."PARAMETER_TYPE_ID"="PNAME"."PARAMETER_TYPE_ID")
  18 - access("PTYPE"."PARAMETER_TYPE"='MS Apps User Name Display Format')
  19 - access("PTYPE"."PARAMETER_TYPE_ID"="PVALUE"."PARAMETER_TYPE_ID" AND 
              "PNAME"."PARAMETER_ID"="PVALUE"."PARAMETER_ID" AND "PVALUE"."ORG_ENTITY_ID"=1)
  22 - access("USERS"."USER_NAME"=:B1)
  27 - access("PNAME"."PARAMETER_NAME"='DISPLAY_FORMAT')
  28 - filter("PTYPE"."PARAMETER_TYPE_ID"="PNAME"."PARAMETER_TYPE_ID")
  29 - access("PTYPE"."PARAMETER_TYPE"='MS Apps User Name Display Format')
  30 - access("PTYPE"."PARAMETER_TYPE_ID"="PVALUE"."PARAMETER_TYPE_ID" AND 
              "PNAME"."PARAMETER_ID"="PVALUE"."PARAMETER_ID" AND "PVALUE"."ORG_ENTITY_ID"=1)
  33 - access("USERS"."USER_NAME"=:B1)
  38 - access("PNAME"."PARAMETER_NAME"='DISPLAY_FORMAT')
  39 - filter("PTYPE"."PARAMETER_TYPE_ID"="PNAME"."PARAMETER_TYPE_ID")
  40 - access("PTYPE"."PARAMETER_TYPE"='MS Apps User Name Display Format')
  41 - access("PTYPE"."PARAMETER_TYPE_ID"="PVALUE"."PARAMETER_TYPE_ID" AND 
              "PNAME"."PARAMETER_ID"="PVALUE"."PARAMETER_ID" AND "PVALUE"."ORG_ENTITY_ID"=1)
  44 - access("USERS"."USER_NAME"=:B1)
  48 - filter(TO_NUMBER("MLSSUMM"."LOCALE_ID")= (SELECT "LOCALE_ID" FROM "SI_LOCALES" "T2","SI_USERS_T" 
              "T1" WHERE "USER_NAME"=:33 AND "T1"."LOCALE"="T2"."LOCALE_STRING"))
  52 - access("USER_NAME"=:33)
  53 - filter("T1"."LOCALE"="T2"."LOCALE_STRING")
  54 - access("MLSSUMM"."OBJECT_ID"=VALUE(KOKBF$))
       filter("MLSSUMM"."OBJECT_ID"=VALUE(KOKBF$))
  56 - filter(NVL("IS_ORPHAN",1)=NVL(:4,NVL("IS_ORPHAN",1)))
  57 - access("MLSSUMM"."OBJECT_ID"="PRDSUMM"."OBJECT_ID")
 
</code></pre><header class="major"><h2>Column Projection Information (identified by operation id):</h2></header><pre><code>
 
   1 - (#keys=0) "PVALUE"."PARAMETER_VALUE"[VARCHAR2,400]
   2 - (#keys=0) "PVALUE".ROWID[ROWID,10]
   3 - (#keys=0) "PNAME"."PARAMETER_ID"[NUMBER,22], "PTYPE"."PARAMETER_TYPE_ID"[NUMBER,22]
   4 - "PNAME"."PARAMETER_ID"[NUMBER,22], "PNAME"."PARAMETER_TYPE_ID"[NUMBER,22]
   5 - "PNAME".ROWID[ROWID,10]
   6 - "PTYPE"."PARAMETER_TYPE_ID"[NUMBER,22]
   7 - "PTYPE".ROWID[ROWID,10]
   8 - "PVALUE".ROWID[ROWID,10]
   9 - "PVALUE"."PARAMETER_VALUE"[VARCHAR2,400]
  10 - "USERS".ROWID[ROWID,10], "USERS"."LAST_NAME"[VARCHAR2,400], "USERS"."FIRST_NAME"[VARCHAR2,400], 
       "USERS"."USER_NAME"[VARCHAR2,320]
  11 - "USERS".ROWID[ROWID,10], "USERS"."USER_NAME"[VARCHAR2,320]
  12 - (#keys=0) "PVALUE"."PARAMETER_VALUE"[VARCHAR2,400]
  13 - (#keys=0) "PVALUE".ROWID[ROWID,10]
  14 - (#keys=0) "PNAME"."PARAMETER_ID"[NUMBER,22], "PTYPE"."PARAMETER_TYPE_ID"[NUMBER,22]
  15 - "PNAME"."PARAMETER_ID"[NUMBER,22], "PNAME"."PARAMETER_TYPE_ID"[NUMBER,22]
  16 - "PNAME".ROWID[ROWID,10]
  17 - "PTYPE"."PARAMETER_TYPE_ID"[NUMBER,22]
  18 - "PTYPE".ROWID[ROWID,10]
  19 - "PVALUE".ROWID[ROWID,10]
  20 - "PVALUE"."PARAMETER_VALUE"[VARCHAR2,400]
  21 - "USERS".ROWID[ROWID,10], "USERS"."LAST_NAME"[VARCHAR2,400], "USERS"."FIRST_NAME"[VARCHAR2,400], 
       "USERS"."USER_NAME"[VARCHAR2,320]
  22 - "USERS".ROWID[ROWID,10], "USERS"."USER_NAME"[VARCHAR2,320]
  23 - (#keys=0) "PVALUE"."PARAMETER_VALUE"[VARCHAR2,400]
  24 - (#keys=0) "PVALUE".ROWID[ROWID,10]
  25 - (#keys=0) "PNAME"."PARAMETER_ID"[NUMBER,22], "PTYPE"."PARAMETER_TYPE_ID"[NUMBER,22]
  26 - "PNAME"."PARAMETER_ID"[NUMBER,22], "PNAME"."PARAMETER_TYPE_ID"[NUMBER,22]
  27 - "PNAME".ROWID[ROWID,10]
  28 - "PTYPE"."PARAMETER_TYPE_ID"[NUMBER,22]
  29 - "PTYPE".ROWID[ROWID,10]
  30 - "PVALUE".ROWID[ROWID,10]
  31 - "PVALUE"."PARAMETER_VALUE"[VARCHAR2,400]
  32 - "USERS".ROWID[ROWID,10], "USERS"."LAST_NAME"[VARCHAR2,400], "USERS"."FIRST_NAME"[VARCHAR2,400], 
       "USERS"."USER_NAME"[VARCHAR2,320]
  33 - "USERS".ROWID[ROWID,10], "USERS"."USER_NAME"[VARCHAR2,320]
  34 - (#keys=0) "PVALUE"."PARAMETER_VALUE"[VARCHAR2,400]
  35 - (#keys=0) "PVALUE".ROWID[ROWID,10]
  36 - (#keys=0) "PNAME"."PARAMETER_ID"[NUMBER,22], "PTYPE"."PARAMETER_TYPE_ID"[NUMBER,22]
  37 - "PNAME"."PARAMETER_ID"[NUMBER,22], "PNAME"."PARAMETER_TYPE_ID"[NUMBER,22]
  38 - "PNAME".ROWID[ROWID,10]
  39 - "PTYPE"."PARAMETER_TYPE_ID"[NUMBER,22]
  40 - "PTYPE".ROWID[ROWID,10]
  41 - "PVALUE".ROWID[ROWID,10]
  42 - "PVALUE"."PARAMETER_VALUE"[VARCHAR2,400]
  43 - "USERS".ROWID[ROWID,10], "USERS"."LAST_NAME"[VARCHAR2,400], "USERS"."FIRST_NAME"[VARCHAR2,400], 
       "USERS"."USER_NAME"[VARCHAR2,320]
  44 - "USERS".ROWID[ROWID,10], "USERS"."USER_NAME"[VARCHAR2,320]
  45 - (#keys=1) "PRDSUMM"."UPPER_OBJECT_NAME"[VARCHAR2,4000], "PRDSUMM"."OBJECT_ID"[VARCHAR2,400], 
       "PRDSUMM"."OBJECT_NAME"[VARCHAR2,4000], "PRDSUMM"."OBJECT_NAME_URL"[VARCHAR2,4000], 
       "MLSSUMM"."OBJECT_LEVEL"[VARCHAR2,4000], "PRDSUMM"."OBJECT_PARENT_NAME"[VARCHAR2,4000], 
       "MLSSUMM"."PRODUCT_CATEGORY_AGG"[VARCHAR2,4000], "MLSSUMM"."PRODUCT_TYPE_AGG"[VARCHAR2,4000], 
       "MLSSUMM"."SALES_CHANNEL_AGG"[VARCHAR2,4000], "MLSSUMM"."LOCATIONS_AGG"[LOB,4000], 
       "MLSSUMM"."OBJ_STATUS"[VARCHAR2,4000], "PRDSUMM"."CREATED_DATE"[DATE,7],  (SELECT CASE  WHEN  (SELECT 
       "PVALUE"."PARAMETER_VALUE" FROM METRICSTREAM."MS_QS_PARAMETER_NAMES" 
       "PNAME",METRICSTREAM."MS_QS_PARAMETER_TYPES" "PTYPE",METRICSTREAM."MS_QS_PARAMETER_VALUES" "PVALUE" WHERE 
       "PVALUE"."ORG_ENTITY_ID"=1 AND "PNAME"."PARAMETER_ID"="PVALUE"."PARAMETER_ID" AND 
       "PTYPE"."PARAMETER_TYPE_ID"="PVALUE"."PARAMETER_TYPE_ID" AND "PTYPE"."PARAMETER_TYPE"='MS Apps User Name 
       Display Format' AND "PTYPE"."PARAMETER_TYPE_ID"="PNAME"."PARAMETER_TYPE_ID" AND 
       "PNAME"."PARAMETER_NAME"='DISPLAY_FORMAT')='2' THEN "USERS"."LAST_NAME"||' '||"USERS"."FIRST_NAME" WHEN  
       (SELECT "PVALUE"."PARAMETER_VALUE" FROM METRICSTREAM."MS_QS_PARAMETER_NAMES" 
       "PNAME",METRICSTREAM."MS_QS_PARAMETER_TYPES" "PTYPE",METRICSTREAM."MS_QS_PARAMETER_VALUES" "PVALUE" WHERE 
       "PVALUE"."ORG_ENTITY_ID"=1 AND "PNAME"."PARAMETER_ID"="PVALUE"."PARAMETER_ID" AND 
       "PTYPE"."PARAMETER_TYPE_ID"="PVALUE"."PARAMETER_TYPE_ID" AND "PTYPE"."PARAMETER_TYPE"='MS Apps User Name 
       Display Format' AND "PTYPE"."PARAMETER_TYPE_ID"="PNAME"."PARAMETER_TYPE_ID" AND 
       "PNAME"."PARAMETER_NAME"='DISPLAY_FORMAT')='3' THEN "USERS"."LAST_NAME"||','||' '||"USERS"."FIRST_NAME"||' 
       '||'('||"USERS"."USER_NAME"||')' WHEN  (SELECT "PVALUE"."PARAMETER_VALUE" FROM 
       METRICSTREAM."MS_QS_PARAMETER_NAMES" "PNAME",METRICSTREAM."MS_QS_PARAMETER_TYPES" 
       "PTYPE",METRICSTREAM."MS_QS_PARAMETER_VALUES" "PVALUE" WHERE "PVALUE"."ORG_ENTITY_ID"=1 AND 
       "PNAME"."PARAMETER_ID"="PVALUE"."PARAMETER_ID" AND "PTYPE"."PARAMETER_TYPE_ID"="PVALUE"."PARAMETER_TYPE_ID" 
       AND "PTYPE"."PARAMETER_TYPE"='MS Apps User Name Display Format' AND 
       "PTYPE"."PARAMETER_TYPE_ID"="PNAME"."PARAMETER_TYPE_ID" AND "PNAME"."PARAMETER_NAME"='DISPLAY_FORMAT')='1' 
       THEN "USERS"."FIRST_NAME"||' '||"USERS"."LAST_NAME" WHEN  (SELECT "PVALUE"."PARAMETER_VALUE" FROM 
       METRICSTREAM."MS_QS_PARAMETER_NAMES" "PNAME",METRICSTREAM."MS_QS_PARAMETER_TYPES" 
       "PTYPE",METRICSTREAM."MS_QS_PARAMETER_VALUES" "PVALUE" WHERE "PVALUE"."ORG_ENTITY_ID"=1 AND 
       "PNAME"."PARAMETER_ID"="PVALUE"."PARAMETER_ID" AND "PTYPE"."PARAMETER_TYPE_ID"="PVALUE"."PARAMETER_TYPE_ID" 
       AND "PTYPE"."PARAMETER_TYPE"='MS Apps User Name Display Format' AND 
       "PTYPE"."PARAMETER_TYPE_ID"="PNAME"."PARAMETER_TYPE_ID" AND "PNAME"."PARAMETER_NAME"='DISPLAY_FORMAT')='4' 
       THEN "USERS"."FIRST_NAME"||','||' '||"USERS"."LAST_NAME"||' '||'('||"USERS"."USER_NAME"||')' ELSE 
       "USERS"."LAST_NAME"||' '||"USERS"."FIRST_NAME" END  FROM METRICSTREAM."SI_USERS_T" "USERS" WHERE 
       "USERS"."USER_NAME"=:B1)[1125], "PRDSUMM"."UPDATED_DATE"[DATE,7],  (SELECT CASE  WHEN  (SELECT 
       "PVALUE"."PARAMETER_VALUE" FROM METRICSTREAM."MS_QS_PARAMETER_NAMES" 
       "PNAME",METRICSTREAM."MS_QS_PARAMETER_TYPES" "PTYPE",METRICSTREAM."MS_QS_PARAMETER_VALUES" "PVALUE" WHERE 
       "PVALUE"."ORG_ENTITY_ID"=1 AND "PNAME"."PARAMETER_ID"="PVALUE"."PARAMETER_ID" AND 
       "PTYPE"."PARAMETER_TYPE_ID"="PVALUE"."PARAMETER_TYPE_ID" AND "PTYPE"."PARAMETER_TYPE"='MS Apps User Name 
       Display Format' AND "PTYPE"."PARAMETER_TYPE_ID"="PNAME"."PARAMETER_TYPE_ID" AND 
       "PNAME"."PARAMETER_NAME"='DISPLAY_FORMAT')='2' THEN "USERS"."LAST_NAME"||' '||"USERS"."FIRST_NAME" WHEN  
       (SELECT "PVALUE"."PARAMETER_VALUE" FROM METRICSTREAM."MS_QS_PARAMETER_NAMES" 
       "PNAME",METRICSTREAM."MS_QS_PARAMETER_TYPES" "PTYPE",METRICSTREAM."MS_QS_PARAMETER_VALUES" "PVALUE" WHERE 
       "PVALUE"."ORG_ENTITY_ID"=1 AND "PNAME"."PARAMETER_ID"="PVALUE"."PARAMETER_ID" AND 
       "PTYPE"."PARAMETER_TYPE_ID"="PVALUE"."PARAMETER_TYPE_ID" AND "PTYPE"."PARAMETER_TYPE"='MS Apps User Name 
       Display Format' AND "PTYPE"."PARAMETER_TYPE_ID"="PNAM
  46 - (#keys=0) "MLSSUMM"."LOCATIONS_AGG"[LOB,4000], "MLSSUMM"."OBJECT_LEVEL"[VARCHAR2,4000], 
       "MLSSUMM"."OBJ_STATUS"[VARCHAR2,4000], "MLSSUMM"."PRODUCT_CATEGORY_AGG"[VARCHAR2,4000], 
       "MLSSUMM"."PRODUCT_TYPE_AGG"[VARCHAR2,4000], "MLSSUMM"."SALES_CHANNEL_AGG"[VARCHAR2,4000], 
       "PRDSUMM"."REL_OBJECTIVE_OBJ_NAME_AGG"[LOB,4000], "PRDSUMM"."REL_ORGANIZATION_NAMES"[LOB,4000], 
       "PRDSUMM"."REL_PROCESS_OBJ_NAME_AGG"[LOB,4000], "PRDSUMM"."REL_PRODUCT_NAME_AGG"[LOB,4000], 
       "PRDSUMM"."REL_REFRENCES_OBJ_NAME_AGG"[LOB,4000], "PRDSUMM"."REL_RISK_OBJ_NAME_AGG"[LOB,4000], 
       "PRDSUMM"."OBJECT_PARENT_NAME"[VARCHAR2,4000], "PRDSUMM"."OBJECT_PARENT_ID"[VARCHAR2,400], 
       "PRDSUMM"."OBJECT_ID"[VARCHAR2,400], "PRDSUMM"."OBJECT_NAME"[VARCHAR2,4000], 
       "LEVEL_1_APPROVER"[VARCHAR2,400], "LEVEL_2_APPROVER"[VARCHAR2,400], "PRDSUMM"."VALID_UNTIL"[DATE,7], 
       "PRDSUMM"."VALID_FROM"[DATE,7], "PRDSUMM"."DESCRIPTION"[LOB,4000], 
       "PRDSUMM"."OBJECT_NAME_URL"[VARCHAR2,4000], "PRDSUMM"."OWNER_ORG_NAMES"[LOB,4000], 
       "PRDSUMM"."OWNER_NAME"[LOB,4000], "PRDSUMM"."CREATED_DATE"[DATE,7], "PRDSUMM"."CREATED_BY"[VARCHAR2,400], 
       "PRDSUMM"."UPDATED_DATE"[DATE,7], "PRDSUMM"."UPDATED_BY"[VARCHAR2,400], 
       "PRDSUMM"."REL_AOC_OBJ_NAME_AGG"[LOB,4000], "PRDSUMM"."REL_ASSET_OBJ_NAME_AGG"[LOB,4000], 
       "PRDSUMM"."UPPER_OBJECT_NAME"[VARCHAR2,4000], "PRDSUMM"."REPORT_JSON"[VARCHAR2,4000], 
       "PRDSUMM"."REL_CTRL_OBJ_NAME_AGG"[LOB,4000]
  47 - (#keys=0) "MLSSUMM"."OBJECT_ID"[VARCHAR2,400], "MLSSUMM"."LOCATIONS_AGG"[LOB,4000], 
       "MLSSUMM"."OBJECT_LEVEL"[VARCHAR2,4000], "MLSSUMM"."OBJ_STATUS"[VARCHAR2,4000], 
       "MLSSUMM"."PRODUCT_CATEGORY_AGG"[VARCHAR2,4000], "MLSSUMM"."PRODUCT_TYPE_AGG"[VARCHAR2,4000], 
       "MLSSUMM"."SALES_CHANNEL_AGG"[VARCHAR2,4000]
  48 - "MLSSUMM"."OBJECT_ID"[VARCHAR2,400], "MLSSUMM"."OBJECT_LEVEL"[VARCHAR2,4000], 
       "MLSSUMM"."OBJ_STATUS"[VARCHAR2,4000], "MLSSUMM"."PRODUCT_CATEGORY_AGG"[VARCHAR2,4000], 
       "MLSSUMM"."PRODUCT_TYPE_AGG"[VARCHAR2,4000], "MLSSUMM"."SALES_CHANNEL_AGG"[VARCHAR2,4000], 
       "MLSSUMM"."LOCATIONS_AGG"[LOB,4000]
  49 - "MLSSUMM".ROWID[ROWID,10], "MLSSUMM"."OBJECT_ID"[VARCHAR2,400]
  50 - (#keys=0) "LOCALE_ID"[NUMBER,22]
  51 - "T1"."LOCALE"[VARCHAR2,400]
  52 - "T1".ROWID[ROWID,10]
  53 - "LOCALE_ID"[NUMBER,22]
  54 - (#keys=1) VALUE(KOKBF$)[8000]
  55 - VALUE(A0)[8000]
  56 - "PRDSUMM"."REL_OBJECTIVE_OBJ_NAME_AGG"[LOB,4000], "PRDSUMM"."REL_ORGANIZATION_NAMES"[LOB,4000], 
       "PRDSUMM"."REL_PROCESS_OBJ_NAME_AGG"[LOB,4000], "PRDSUMM"."REL_PRODUCT_NAME_AGG"[LOB,4000], 
       "PRDSUMM"."REL_REFRENCES_OBJ_NAME_AGG"[LOB,4000], "PRDSUMM"."REL_RISK_OBJ_NAME_AGG"[LOB,4000], 
       "PRDSUMM"."OBJECT_PARENT_NAME"[VARCHAR2,4000], "PRDSUMM"."OBJECT_PARENT_ID"[VARCHAR2,400], 
       "PRDSUMM"."OBJECT_ID"[VARCHAR2,400], "PRDSUMM"."OBJECT_NAME"[VARCHAR2,4000], 
       "LEVEL_1_APPROVER"[VARCHAR2,400], "LEVEL_2_APPROVER"[VARCHAR2,400], "PRDSUMM"."VALID_UNTIL"[DATE,7], 
       "PRDSUMM"."VALID_FROM"[DATE,7], "PRDSUMM"."DESCRIPTION"[LOB,4000], 
       "PRDSUMM"."OBJECT_NAME_URL"[VARCHAR2,4000], "PRDSUMM"."OWNER_ORG_NAMES"[LOB,4000], 
       "PRDSUMM"."OWNER_NAME"[LOB,4000], "PRDSUMM"."CREATED_DATE"[DATE,7], "PRDSUMM"."CREATED_BY"[VARCHAR2,400], 
       "PRDSUMM"."UPDATED_DATE"[DATE,7], "PRDSUMM"."UPDATED_BY"[VARCHAR2,400], 
       "PRDSUMM"."REL_AOC_OBJ_NAME_AGG"[LOB,4000], "PRDSUMM"."REL_ASSET_OBJ_NAME_AGG"[LOB,4000], 
       "PRDSUMM"."UPPER_OBJECT_NAME"[VARCHAR2,4000], "PRDSUMM"."REPORT_JSON"[VARCHAR2,4000], 
       "PRDSUMM"."REL_CTRL_OBJ_NAME_AGG"[LOB,4000]
  57 - "PRDSUMM".ROWID[ROWID,10], "PRDSUMM"."OBJECT_ID"[VARCHAR2,400]
										</code></pre>
								</section>
						</div>
					</div>

				<!-- Sidebar -->
				<div id="sidebar">
					<div class="inner">
						<!-- Menu -->
						<nav id="menu">
							<header class="major">
								<h2>Menu</h2>
							</header>
							<ul>
								<li><a href="../index.html">Module List</a></li>
								<li><a href="index.html">Summary</a></li>
								<li>
									<span class="opener">DB Analysis</span>
									<ul>
										<li><a href="bad-sql.html">Bad SQL</a></li>
										<li><a href="poor-sql.html">Poor SQL Plan</a></li>
										<li><a href="invalid-sql.html">Invalid SQL</a></li>
										<li><a href="full-sql.html">Full SQL Report</a></li>
										<li><a href="table-nil-key.html">Primary/Unique Key Miss</a></li>
										<li><a href="invalid-db-object.html">Invalid DB Objects</a></li>
										<li><a href="sequence-with-less-cache.html">Sequence</a></li>
										<li><a href="table-index-lob-size.html">Table Size</a></li>
										<li><a href="table-row-count.html">Table Row Count</a></li>
									</ul>
								</li>
								<li>
								    <span class="opener">LOB</span>
								    <ul>
								        <li><a href="lob-no-cache.html">LOB - No Cache</a></li>
								        <li><a href="lob-columns.html">LOB - All Columns</a></li>
								    </ul>
								</li>
								<li>
									<span class="opener">Infolets</span>
									<ul>
										<li><a href="keep-history-infolets.html">Keep History Infolets</a></li>
										<li><a href="plsql-context-switch.html">SQL-PL/SQL Context Switch</a></li>
									</ul>
								</li>
								<li>
									<span class="opener">Pushforms</span>
									<ul>
										<li><a href="pushform-denormalize.html">Pushform Denormalized</a></li>
									</ul>
								</li>
								<li>
									<span class="opener">PL/SQL</span>
									<ul>
										<li><a href="plsql-dyn-qry-objs.html">Dynamic Query</a></li>
									</ul>
								</li>
							</ul>
						</nav>

						<!-- Section -->
						<section>
							<header class="major">
								<h2>Get in touch</h2>
							</header>
							<p>You need more details on the report or want more functionality, don't hesitate to reach out to us.</p>
							<ul class="contact">
								<li class="fa-envelope-o"><a href="mailto:apps-rnd-arch-team@metricstream.com?Subject=Reg - Code Analysis Tool" target="_top">apps-rnd-arch-team@metricstream.com</a></li>
							</ul>
						</section>

						<!-- Footer -->
						<footer id="footer">
							<p class="copyright">&copy; <a href="http://www.metricstream.com" target="_blank">MetricStream</a>. All rights reserved. </p>
						</footer>
					</div>
				</div>
			</div>

		<!-- Scripts -->
			<script src="../../lib/assets/js/jquery.min.js"></script>
			<script src="../../lib/assets/js/skel.min.js"></script>
			<script src="../../lib/assets/js/util.js"></script>
			<!--[if lte IE 8]><script src="../../lib/assets/js/ie/respond.min.js"></script><![endif]-->
			<script src="../../lib/assets/js/main.js"></script>
	</body>
</html>