<!DOCTYPE HTML>
<html>
	<head>
		<title>Code Analysis - MetricStream</title>
		<meta charset="utf-8" />
		<meta name="viewport" content="width=device-width, initial-scale=1, user-scalable=no" />
		<!--[if lte IE 8]><script src="../../lib/assets/js/ie/html5shiv.js"></script><![endif]-->
		<link rel="stylesheet" href="../../lib/assets/css/main.css" />
		<!--[if lte IE 9]><link rel="stylesheet" href="../../lib/assets/css/ie9.css" /><![endif]-->
		<!--[if lte IE 8]><link rel="stylesheet" href="../../lib/assets/css/ie8.css" /><![endif]-->
	</head>
	<body>

		<!-- Wrapper -->
			<div id="wrapper">

				<!-- Main -->
					<div id="main">
						<div class="inner">
							<!-- Header -->
								<header id="header">
									<a href="index.html" class="logo"><strong>Static Code Analysis Report</strong> by Code Analyzer Tool</a>
								</header>

							<!-- Content -->
								<section>
									<!-- Content -->
										<header class="major"><h2>Infolet Details</h2></header>
										<div class="table-wrapper">
											<table>
												<tbody>
													<tr>
														<th>Name</th>
														<td>MS_GRC_REGB_ORB_Rpt_Inf (101043)</td>
													</tr>
													<tr>
														<th>SQL</th>
														<td><pre><code>SELECT REG_SUMM.OBJECT_ID as Regulatory_Body_ID,
  REG_SUMM.OBJECT_NAME as Regulatory_Body_Name,
   'MS_GRC_REGULATORY_BODY' as Additional_column3,
NULL as form_url,
 'MS_GRC_REGULATORY_BODY' as Additional_column4,
REG_SUMM.UPPER_OBJECT_NAME as upper_object_name
FROM MS_GRC_REG_SUMMARY	REG_SUMM,MS_GRC_REG_MLS_SUMMARY MLS_SUMM
where REG_SUMM.OBJECT_ID = MLS_SUMM.OBJECT_ID
and MLS_SUMM.LOCALE_ID = (select LOCALE_ID from SI_USERS_T T1 ,SI_LOCALES T2 where USER_NAME = :1 and T1.LOCALE = T2.LOCALE_STRING)
AND EXISTS
    (SELECT column_value
    FROM TABLE(CAST(ms_grc_orb_report_filter.fn_regulatory_body_orb_filter(:1,:2,:3) as ms_varchar2_array))
    WHERE column_value = REG_SUMM.OBJECT_ID
    )
AND TRUNC(SYSDATE) BETWEEN NVL(TRUNC(REG_SUMM.VALID_FROM),TRUNC(SYSDATE)) AND NVL(TRUNC(REG_SUMM.VALID_UNTIL),TRUNC(SYSDATE))</code></pre></td>
													</tr>
													<tr>
														<th>Description</th>
														<td>This infolet extracts data from summary tables and is thereby used in MS_GRC_REGB_ORB_REPORT report</td>
													</tr>
												</tbody>
											</table>
										</div>

										<h2 align="center" id="content">Analysis Report</h2>
										<hr>

<header class="major"><h2>Plan hash value: 3282953420</h2></header><pre><code>
 
-----------------------------------------------------------------------------------------------------------------------
| Id  | Operation                             | Name                          | Rows  | Bytes | Cost (%CPU)| Time     |
-----------------------------------------------------------------------------------------------------------------------
|   0 | SELECT STATEMENT                      |                               |     1 |  4630 |    35   (0)| 00:00:01 |
|   1 |  NESTED LOOPS                         |                               |     1 |  4630 |    31   (0)| 00:00:01 |
<font style="background-color: lightblue; color: red">|   2 |   MERGE JOIN CARTESIAN                |                               |     1 |   406 |    30   (0)| 00:00:01 |</font>
|*  3 |    INDEX FULL SCAN                    | MS_GRC_REG_MLS_SUMM_IDX2      |     1 |   404 |     1   (0)| 00:00:01 |
|   4 |     NESTED LOOPS                      |                               |     1 |    30 |     4   (0)| 00:00:01 |
|   5 |      TABLE ACCESS BY INDEX ROWID      | SI_USERS_T                    |     1 |    19 |     1   (0)| 00:00:01 |
|*  6 |       INDEX UNIQUE SCAN               | USER_NAME_UK                  |     1 |       |     1   (0)| 00:00:01 |
<font style="background-color: lightblue; color: red">|*  7 |      TABLE ACCESS FULL                | SI_LOCALES                    |     1 |    11 |     3   (0)| 00:00:01 |</font>
|   8 |    BUFFER SORT                        |                               |  8168 | 16336 |    29   (0)| 00:00:01 |
|   9 |     SORT UNIQUE                       |                               |  8168 | 16336 |    29   (0)| 00:00:01 |
<font style="background-color: lightblue; color: red">|  10 |      COLLECTION ITERATOR PICKLER FETCH| FN_REGULATORY_BODY_ORB_FILTER |  8168 | 16336 |    29   (0)| 00:00:01 |</font>
|* 11 |   TABLE ACCESS BY INDEX ROWID         | MS_GRC_REG_SUMMARY            |     1 |  4224 |     1   (0)| 00:00:01 |
|* 12 |    INDEX UNIQUE SCAN                  | MS_GRC_REGB_SUMM_IDX1         |     1 |       |     1   (0)| 00:00:01 |
-----------------------------------------------------------------------------------------------------------------------
 
</code></pre><header class="major"><h2>Query Block Name / Object Alias (identified by operation id):</h2></header><pre><code>
 
   1 - SEL$ABEA6AB6
   3 - SEL$ABEA6AB6 / MLS_SUMM@SEL$1
   4 - SEL$2       
   5 - SEL$2        / T1@SEL$2
   6 - SEL$2        / T1@SEL$2
   7 - SEL$2        / T2@SEL$2
  10 - SEL$ABEA6AB6 / KOKBF$0@SEL$4
  11 - SEL$ABEA6AB6 / REG_SUMM@SEL$1
  12 - SEL$ABEA6AB6 / REG_SUMM@SEL$1
 
</code></pre><header class="major"><h2>Predicate Information (identified by operation id):</h2></header><pre><code>
 
   3 - filter(TO_NUMBER("MLS_SUMM"."LOCALE_ID")= (SELECT "LOCALE_ID" FROM "SI_LOCALES" "T2","SI_USERS_T" "T1" 
              WHERE "USER_NAME"=:1 AND "T1"."LOCALE"="T2"."LOCALE_STRING"))
   6 - access("USER_NAME"=:1)
   7 - filter("T1"."LOCALE"="T2"."LOCALE_STRING")
  11 - filter(NVL(TRUNC(INTERNAL_FUNCTION("REG_SUMM"."VALID_FROM")),TRUNC(SYSDATE@!))<=TRUNC(SYSDATE@!) AND 
              NVL(TRUNC(INTERNAL_FUNCTION("REG_SUMM"."VALID_UNTIL")),TRUNC(SYSDATE@!))>=TRUNC(SYSDATE@!))
  12 - access("REG_SUMM"."OBJECT_ID"=VALUE(KOKBF$))
       filter("REG_SUMM"."OBJECT_ID"="MLS_SUMM"."OBJECT_ID")
 
</code></pre><header class="major"><h2>Column Projection Information (identified by operation id):</h2></header><pre><code>
 
   1 - (#keys=0) "REG_SUMM"."OBJECT_NAME"[VARCHAR2,4000], "REG_SUMM"."UPPER_OBJECT_NAME"[VARCHAR2,4000], 
       "REG_SUMM"."OBJECT_ID"[VARCHAR2,400]
   2 - (#keys=0) "MLS_SUMM"."OBJECT_ID"[VARCHAR2,400], VALUE(KOKBF$)[8000]
   3 - "MLS_SUMM"."OBJECT_ID"[VARCHAR2,400]
   4 - (#keys=0) "LOCALE_ID"[NUMBER,22]
   5 - "T1"."LOCALE"[VARCHAR2,400]
   6 - "T1".ROWID[ROWID,10]
   7 - "LOCALE_ID"[NUMBER,22]
   8 - (#keys=0) VALUE(KOKBF$)[8000]
   9 - (#keys=1) VALUE(KOKBF$)[8000]
  10 - VALUE(A0)[8000]
  11 - "REG_SUMM"."OBJECT_NAME"[VARCHAR2,4000], "REG_SUMM"."UPPER_OBJECT_NAME"[VARCHAR2,4000], 
       "REG_SUMM"."OBJECT_ID"[VARCHAR2,400]
  12 - "REG_SUMM".ROWID[ROWID,10], "REG_SUMM"."OBJECT_ID"[VARCHAR2,400]
										</code></pre>
								</section>
						</div>
					</div>

				<!-- Sidebar -->
				<div id="sidebar">
					<div class="inner">
						<!-- Menu -->
						<nav id="menu">
							<header class="major">
								<h2>Menu</h2>
							</header>
							<ul>
								<li><a href="../index.html">Module List</a></li>
								<li><a href="index.html">Summary</a></li>
								<li>
									<span class="opener">DB Analysis</span>
									<ul>
										<li><a href="bad-sql.html">Bad SQL</a></li>
										<li><a href="poor-sql.html">Poor SQL Plan</a></li>
										<li><a href="invalid-sql.html">Invalid SQL</a></li>
										<li><a href="full-sql.html">Full SQL Report</a></li>
										<li><a href="table-nil-key.html">Primary/Unique Key Miss</a></li>
										<li><a href="invalid-db-object.html">Invalid DB Objects</a></li>
										<li><a href="sequence-with-less-cache.html">Sequence</a></li>
										<li><a href="table-index-lob-size.html">Table Size</a></li>
									</ul>
								</li>
								<li>
								    <span class="opener">LOB</span>
								    <ul>
								        <li><a href="lob-no-cache.html">LOB - No Cache</a></li>
								        <li><a href="lob-columns.html">LOB - All Columns</a></li>
								    </ul>
								</li>
								<li>
									<span class="opener">Infolets</span>
									<ul>
										<li><a href="keep-history-infolets.html">Keep History Infolets</a></li>
										<li><a href="plsql-context-switch.html">SQL-PL/SQL Context Switch</a></li>
									</ul>
								</li>
								<li>
									<span class="opener">Pushforms</span>
									<ul>
										<li><a href="pushform-denormalize.html">Pushform Denormalized</a></li>
									</ul>
								</li>
								<li>
									<span class="opener">PL/SQL</span>
									<ul>
										<li><a href="plsql-dyn-qry-objs.html">Dynamic Query</a></li>
									</ul>
								</li>
							</ul>
						</nav>

						<!-- Section -->
						<section>
							<header class="major">
								<h2>Get in touch</h2>
							</header>
							<p>You need more details on the report or want more functionality, don't hesitate to reach out to us.</p>
							<ul class="contact">
								<li class="fa-envelope-o"><a href="mailto:apps-rnd-arch-team@metricstream.com?Subject=Reg - Code Analysis Tool" target="_top">apps-rnd-arch-team@metricstream.com</a></li>
							</ul>
						</section>

						<!-- Footer -->
						<footer id="footer">
							<p class="copyright">&copy; <a href="http://www.metricstream.com" target="_blank">MetricStream</a>. All rights reserved. </p>
						</footer>
					</div>
				</div>
			</div>

		<!-- Scripts -->
			<script src="../../lib/assets/js/jquery.min.js"></script>
			<script src="../../lib/assets/js/skel.min.js"></script>
			<script src="../../lib/assets/js/util.js"></script>
			<!--[if lte IE 8]><script src="../../lib/assets/js/ie/respond.min.js"></script><![endif]-->
			<script src="../../lib/assets/js/main.js"></script>
	</body>
</html>