<!DOCTYPE HTML>
<html>
	<head>
		<title>Code Analysis - MetricStream</title>
		<meta charset="utf-8" />
		<meta name="viewport" content="width=device-width, initial-scale=1, user-scalable=no" />
		<!--[if lte IE 8]><script src="../../lib/assets/js/ie/html5shiv.js"></script><![endif]-->
		<link rel="stylesheet" href="../../lib/assets/css/main.css" />
		<!--[if lte IE 9]><link rel="stylesheet" href="../../lib/assets/css/ie9.css" /><![endif]-->
		<!--[if lte IE 8]><link rel="stylesheet" href="../../lib/assets/css/ie8.css" /><![endif]-->
	</head>
	<body>

		<!-- Wrapper -->
			<div id="wrapper">

				<!-- Main -->
					<div id="main">
						<div class="inner">
							<!-- Header -->
								<header id="header">
									<a href="index.html" class="logo"><strong>Static Code Analysis Report</strong> by Code Analyzer Tool</a>
								</header>

							<!-- Content -->
								<section>
									<!-- Content -->
										<header class="major"><h2>Infolet Details</h2></header>
										<div class="table-wrapper">
											<table>
												<tbody>
													<tr>
														<th>Name</th>
														<td>MS_GRC_GET_DATA_ASSERTIONS (100874)</td>
													</tr>
													<tr>
														<th>SQL</th>
														<td><pre><code>SELECT Displayed_Value, stored_value
FROM Ms_Qs_List_Of_Values Lovvalue,
  Ms_Qs_Lov_Names Lovname,
  Si_Ent Ent,
  si_users_t usr,
  si_locales loc
WHERE Lovname.Lov_Name     = 'MS_GRC_Assertions_Lov'
AND Lovvalue.Lov_Id        = Lovname.Lov_Id
AND Lovvalue.Org_Entity_Id = 1
AND Lovvalue.Enterprise_Id = Ent.Enterprise_Id
AND Lovname.Enterprise_Id  = Ent.Enterprise_Id
AND loc.Locale_string      = usr.LOCALE
AND loc.LOCALE_ID          = Lovvalue.locale_id
and NVL(Lovvalue.END_DATE,sysdate) >= sysdate and NVL(Lovvalue.START_DATE,sysdate) <= sysdate
 
AND usr.USER_NAME          = :1 order by Displayed_Value</code></pre></td>
													</tr>
													<tr>
														<th>Description</th>
														<td>This infolet extracts data from Ms_Qs_List_Of_Values, Ms_Qs_Lov_Names, Si_Ent Ent, si_users_t  and si_locales tables and is thereby used in MS GRC Control Infolet and MS_GRC_61_SP2_FIN_ACC_LIST_INF infolets</td>
													</tr>
												</tbody>
											</table>
										</div>

										<h2 align="center" id="content">Analysis Report</h2>
										<hr>

<header class="major"><h2>Plan hash value: 2286722864</h2></header><pre><code>
 
-----------------------------------------------------------------------------------------------------------------
| Id  | Operation                         | Name                        | Rows  | Bytes | Cost (%CPU)| Time     |
-----------------------------------------------------------------------------------------------------------------
|   0 | SELECT STATEMENT                  |                             |     1 |  2332 |    25   (4)| 00:00:01 |
|   1 |  SORT ORDER BY                    |                             |     1 |  2332 |    25   (4)| 00:00:01 |
|   2 |   NESTED LOOPS OUTER              |                             |     1 |  2332 |    24   (0)| 00:00:01 |
|   3 |    NESTED LOOPS                   |                             |     1 |  2307 |    23   (0)| 00:00:01 |
|*  4 |     HASH JOIN                     |                             |     5 | 11480 |    21   (0)| 00:00:01 |
|   5 |      NESTED LOOPS                 |                             |     1 |    55 |     3   (0)| 00:00:01 |
|   6 |       NESTED LOOPS                |                             |     1 |    52 |     2   (0)| 00:00:01 |
|   7 |        TABLE ACCESS BY INDEX ROWID| SI_USERS_T                  |     1 |    19 |     1   (0)| 00:00:01 |
|*  8 |         INDEX UNIQUE SCAN         | USER_NAME_UK                |     1 |       |     1   (0)| 00:00:01 |
|   9 |        TABLE ACCESS BY INDEX ROWID| MS_QS_LOV_NAMES             |     1 |    33 |     1   (0)| 00:00:01 |
|* 10 |         INDEX RANGE SCAN          | MS_QS_LOV_NAMES_N1          |     1 |       |     1   (0)| 00:00:01 |
|* 11 |       INDEX RANGE SCAN            | SI_ENT_N1                   |     1 |     3 |     1   (0)| 00:00:01 |
|  12 |      VIEW                         |                             |  4234 |  9266K|    18   (0)| 00:00:01 |
<font style="background-color: lightblue; color: red">|  13 |       MERGE JOIN CARTESIAN        |                             |  4234 |   206K|    18   (0)| 00:00:01 |</font>
<font style="background-color: lightblue; color: red">|* 14 |        TABLE ACCESS FULL          | SI_LOCALES                  |     1 |     6 |     3   (0)| 00:00:01 |</font>
|  15 |        BUFFER SORT                |                             |  4234 |   181K|    15   (0)| 00:00:01 |
<font style="background-color: lightblue; color: red">|* 16 |         TABLE ACCESS FULL         | MS_QS_LIST_OF_VALUES_T      |  4234 |   181K|    15   (0)| 00:00:01 |</font>
|* 17 |     TABLE ACCESS BY INDEX ROWID   | SI_LOCALES                  |     1 |    11 |     1   (0)| 00:00:01 |
|* 18 |      INDEX UNIQUE SCAN            | SI_LOCALES_U1               |     1 |       |     1   (0)| 00:00:01 |
|  19 |    TABLE ACCESS BY INDEX ROWID    | MS_QS_LIST_OF_VALUES_TL     |     1 |    25 |     1   (0)| 00:00:01 |
|* 20 |     INDEX RANGE SCAN              | MS_QS_LIST_OF_VALUES_TL_IDX |     1 |       |     1   (0)| 00:00:01 |
-----------------------------------------------------------------------------------------------------------------
 
</code></pre><header class="major"><h2>Query Block Name / Object Alias (identified by operation id):</h2></header><pre><code>
 
   1 - SEL$F5BB74E1
   7 - SEL$F5BB74E1 / USR@SEL$1
   8 - SEL$F5BB74E1 / USR@SEL$1
   9 - SEL$F5BB74E1 / LOVNAME@SEL$1
  10 - SEL$F5BB74E1 / LOVNAME@SEL$1
  11 - SEL$F5BB74E1 / ENT@SEL$1
  12 - SEL$07BDC5B4 / X@SEL$2
  13 - SEL$07BDC5B4
  14 - SEL$07BDC5B4 / SI_LOCALES@SEL$4
  16 - SEL$07BDC5B4 / T@SEL$3
  17 - SEL$F5BB74E1 / LOC@SEL$1
  18 - SEL$F5BB74E1 / LOC@SEL$1
  19 - SEL$F5BB74E1 / TL@SEL$2
  20 - SEL$F5BB74E1 / TL@SEL$2
 
</code></pre><header class="major"><h2>Predicate Information (identified by operation id):</h2></header><pre><code>
 
   4 - access("X"."LOV_ID"="LOVNAME"."LOV_ID" AND "X"."ENTERPRISE_ID"="ENT"."ENTERPRISE_ID")
   8 - access("USR"."USER_NAME"=:1)
  10 - access("LOVNAME"."LOV_NAME"='MS_GRC_Assertions_Lov')
  11 - access("LOVNAME"."ENTERPRISE_ID"="ENT"."ENTERPRISE_ID")
  14 - filter("ENABLED_FLAG"='Y')
  16 - filter(NVL("T"."END_DATE",SYSDATE@!)>=SYSDATE@! AND NVL("T"."START_DATE",SYSDATE@!)<=SYSDATE@! 
              AND "T"."ORG_ENTITY_ID"=1)
  17 - filter("LOC"."LOCALE_STRING"="USR"."LOCALE")
  18 - access("LOC"."LOCALE_ID"="X"."LOCALE_ID")
  20 - access("X"."LOV_VALUE_ID"="TL"."LOV_VALUE_ID"(+) AND "X"."LOCALE_ID"="TL"."LOCALE_ID"(+))
 
</code></pre><header class="major"><h2>Column Projection Information (identified by operation id):</h2></header><pre><code>
 
   1 - (#keys=1) NVL("TL"."DISPLAYED_VALUE","X"."DISPLAYED_VALUE")[4000], 
       "X"."STORED_VALUE"[VARCHAR2,400]
   2 - (#keys=0) "X"."STORED_VALUE"[VARCHAR2,400], "X"."DISPLAYED_VALUE"[VARCHAR2,4000], 
       "TL"."DISPLAYED_VALUE"[VARCHAR2,4000]
   3 - (#keys=0) "X"."LOV_VALUE_ID"[NUMBER,22], "X"."STORED_VALUE"[VARCHAR2,400], 
       "X"."DISPLAYED_VALUE"[VARCHAR2,4000], "X"."LOCALE_ID"[NUMBER,22]
   4 - (#keys=2) "USR"."LOCALE"[VARCHAR2,400], "X"."LOV_VALUE_ID"[NUMBER,22], 
       "X"."STORED_VALUE"[VARCHAR2,400], "X"."DISPLAYED_VALUE"[VARCHAR2,4000], "X"."LOCALE_ID"[NUMBER,22]
   5 - (#keys=0) "USR"."LOCALE"[VARCHAR2,400], "LOVNAME"."LOV_ID"[NUMBER,22], 
       "ENT"."ENTERPRISE_ID"[NUMBER,22]
   6 - (#keys=0) "USR"."LOCALE"[VARCHAR2,400], "LOVNAME"."LOV_ID"[NUMBER,22], 
       "LOVNAME"."ENTERPRISE_ID"[NUMBER,22]
   7 - "USR"."LOCALE"[VARCHAR2,400]
   8 - "USR".ROWID[ROWID,10]
   9 - "LOVNAME"."LOV_ID"[NUMBER,22], "LOVNAME"."ENTERPRISE_ID"[NUMBER,22]
  10 - "LOVNAME".ROWID[ROWID,10]
  11 - "ENT"."ENTERPRISE_ID"[NUMBER,22]
  12 - "X"."LOV_VALUE_ID"[NUMBER,22], "X"."LOV_ID"[NUMBER,22], "X"."STORED_VALUE"[VARCHAR2,400], 
       "X"."DISPLAYED_VALUE"[VARCHAR2,4000], "X"."LOCALE_ID"[NUMBER,22], "X"."ENTERPRISE_ID"[NUMBER,22]
  13 - (#keys=0) "LOCALE_ID"[NUMBER,22], "T"."LOV_VALUE_ID"[NUMBER,22], "T"."LOV_ID"[NUMBER,22], 
       "T"."STORED_VALUE"[VARCHAR2,400], "T"."DISPLAYED_VALUE"[VARCHAR2,4000], "T"."ENTERPRISE_ID"[NUMBER,22]
  14 - "LOCALE_ID"[NUMBER,22]
  15 - (#keys=0) "T"."LOV_VALUE_ID"[NUMBER,22], "T"."LOV_ID"[NUMBER,22], 
       "T"."STORED_VALUE"[VARCHAR2,400], "T"."DISPLAYED_VALUE"[VARCHAR2,4000], "T"."ENTERPRISE_ID"[NUMBER,22]
  16 - "T"."LOV_VALUE_ID"[NUMBER,22], "T"."LOV_ID"[NUMBER,22], "T"."STORED_VALUE"[VARCHAR2,400], 
       "T"."DISPLAYED_VALUE"[VARCHAR2,4000], "T"."ENTERPRISE_ID"[NUMBER,22]
  18 - "LOC".ROWID[ROWID,10]
  19 - "TL"."DISPLAYED_VALUE"[VARCHAR2,4000]
  20 - "TL".ROWID[ROWID,10]
										</code></pre>
								</section>
						</div>
					</div>

				<!-- Sidebar -->
				<div id="sidebar">
					<div class="inner">
						<!-- Menu -->
						<nav id="menu">
							<header class="major">
								<h2>Menu</h2>
							</header>
							<ul>
								<li><a href="../index.html">Module List</a></li>
								<li><a href="index.html">Summary</a></li>
								<li>
									<span class="opener">DB Analysis</span>
									<ul>
										<li><a href="bad-sql.html">Bad SQL</a></li>
										<li><a href="poor-sql.html">Poor SQL Plan</a></li>
										<li><a href="invalid-sql.html">Invalid SQL</a></li>
										<li><a href="full-sql.html">Full SQL Report</a></li>
										<li><a href="table-nil-key.html">Primary/Unique Key Miss</a></li>
										<li><a href="invalid-db-object.html">Invalid DB Objects</a></li>
										<li><a href="sequence-with-less-cache.html">Sequence</a></li>
										<li><a href="table-index-lob-size.html">Table Size</a></li>
										<li><a href="table-row-count.html">Table Row Count</a></li>
									</ul>
								</li>
								<li>
								    <span class="opener">LOB</span>
								    <ul>
								        <li><a href="lob-no-cache.html">LOB - No Cache</a></li>
								        <li><a href="lob-columns.html">LOB - All Columns</a></li>
								    </ul>
								</li>
								<li>
									<span class="opener">Infolets</span>
									<ul>
										<li><a href="keep-history-infolets.html">Keep History Infolets</a></li>
										<li><a href="plsql-context-switch.html">SQL-PL/SQL Context Switch</a></li>
									</ul>
								</li>
								<li>
									<span class="opener">Pushforms</span>
									<ul>
										<li><a href="pushform-denormalize.html">Pushform Denormalized</a></li>
									</ul>
								</li>
								<li>
									<span class="opener">PL/SQL</span>
									<ul>
										<li><a href="plsql-dyn-qry-objs.html">Dynamic Query</a></li>
									</ul>
								</li>
							</ul>
						</nav>

						<!-- Section -->
						<section>
							<header class="major">
								<h2>Get in touch</h2>
							</header>
							<p>You need more details on the report or want more functionality, don't hesitate to reach out to us.</p>
							<ul class="contact">
								<li class="fa-envelope-o"><a href="mailto:apps-rnd-arch-team@metricstream.com?Subject=Reg - Code Analysis Tool" target="_top">apps-rnd-arch-team@metricstream.com</a></li>
							</ul>
						</section>

						<!-- Footer -->
						<footer id="footer">
							<p class="copyright">&copy; <a href="http://www.metricstream.com" target="_blank">MetricStream</a>. All rights reserved. </p>
						</footer>
					</div>
				</div>
			</div>

		<!-- Scripts -->
			<script src="../../lib/assets/js/jquery.min.js"></script>
			<script src="../../lib/assets/js/skel.min.js"></script>
			<script src="../../lib/assets/js/util.js"></script>
			<!--[if lte IE 8]><script src="../../lib/assets/js/ie/respond.min.js"></script><![endif]-->
			<script src="../../lib/assets/js/main.js"></script>
	</body>
</html>