<!DOCTYPE HTML>
<html>
	<head>
		<title>Code Analysis - MetricStream</title>
		<meta charset="utf-8" />
		<meta name="viewport" content="width=device-width, initial-scale=1, user-scalable=no" />
		<!--[if lte IE 8]><script src="../../lib/assets/js/ie/html5shiv.js"></script><![endif]-->
		<link rel="stylesheet" href="../../lib/assets/css/main.css" />
		<!--[if lte IE 9]><link rel="stylesheet" href="../../lib/assets/css/ie9.css" /><![endif]-->
		<!--[if lte IE 8]><link rel="stylesheet" href="../../lib/assets/css/ie8.css" /><![endif]-->
	</head>
	<body>

		<!-- Wrapper -->
			<div id="wrapper">

				<!-- Main -->
					<div id="main">
						<div class="inner">
							<!-- Header -->
								<header id="header">
									<a href="index.html" class="logo"><strong>Static Code Analysis Report</strong> by Code Analyzer Tool</a>
								</header>

							<!-- Content -->
								<section>
									<!-- Content -->
										<header class="major"><h2>Infolet Details</h2></header>
										<div class="table-wrapper">
											<table>
												<tbody>
													<tr>
														<th>Name</th>
														<td>MS_GRC_Requirement_Parent (101075)</td>
													</tr>
													<tr>
														<th>SQL</th>
														<td><pre><code>SELECT DISTINCT a.object_name AS obj_name,
  'Level '
  ||a.object_level AS obj_level,
  a.DD_OBJECT_TYPE AS OBJ_TYPE,
  a.OBJECT_ID    AS OBJ_ID,c.locale_id as locale_id
FROM MS_GRC_REQUIREMENT a,
  MS_GRC_REQUIREMENT_ORG b,si_locales c,
si_users_t d where 
c.locale_string = d.locale
AND d.user_name = :2
and a.OBJECT_ID          =B.OBJECT_ID
AND object_level                                                                                            = (:1 -1)
AND TRUNC(sysdate)                                                                                         >= TRUNC(NVL(VALID_FROM,sysdate))
AND TRUNC(sysdate)                                                                                         <= TRUNC(NVL(VALID_UNTIL,sysdate))
AND ms_grc_utilities.ms_grc_SECURITY(dd_object_type, restrict_access_to, b.OWNER_ORGANIZATIONS, :2, 'VIEW') = 'ACCESS'</code></pre></td>
													</tr>
													<tr>
														<th>Description</th>
														<td>Requirement Parent Infolet</td>
													</tr>
												</tbody>
											</table>
										</div>

										<h2 align="center" id="content">Analysis Report</h2>
										<hr>

<header class="major"><h2>Plan hash value: 3598085148</h2></header><pre><code>
 
--------------------------------------------------------------------------------------------------------------
| Id  | Operation                        | Name                      | Rows  | Bytes | Cost (%CPU)| Time     |
--------------------------------------------------------------------------------------------------------------
|   0 | SELECT STATEMENT                 |                           |     1 |   112 |     8  (13)| 00:00:01 |
|   1 |  SORT UNIQUE                     |                           |     1 |   112 |     8  (13)| 00:00:01 |
|   2 |   NESTED LOOPS                   |                           |     1 |   112 |     7   (0)| 00:00:01 |
|   3 |    NESTED LOOPS                  |                           |     6 |   112 |     7   (0)| 00:00:01 |
<font style="background-color: lightblue; color: red">|   4 |     MERGE JOIN CARTESIAN         |                           |     6 |   306 |     5   (0)| 00:00:01 |</font>
|   5 |      NESTED LOOPS                |                           |     1 |    30 |     4   (0)| 00:00:01 |
|   6 |       TABLE ACCESS BY INDEX ROWID| SI_USERS_T                |     1 |    19 |     1   (0)| 00:00:01 |
|*  7 |        INDEX UNIQUE SCAN         | USER_NAME_UK              |     1 |       |     1   (0)| 00:00:01 |
<font style="background-color: lightblue; color: red">|*  8 |       TABLE ACCESS FULL          | SI_LOCALES                |     1 |    11 |     3   (0)| 00:00:01 |</font>
|   9 |      BUFFER SORT                 |                           |     6 |   126 |     2   (0)| 00:00:01 |
|  10 |       INDEX FULL SCAN            | MS_GRC_REQUIREMENT_ORG_UK |     6 |   126 |     1   (0)| 00:00:01 |
|* 11 |     INDEX UNIQUE SCAN            | MS_GRC_REQUIREMENT_PK     |     1 |       |     1   (0)| 00:00:01 |
|* 12 |    TABLE ACCESS BY INDEX ROWID   | MS_GRC_REQUIREMENT        |     1 |    61 |     1   (0)| 00:00:01 |
--------------------------------------------------------------------------------------------------------------
 
</code></pre><header class="major"><h2>Query Block Name / Object Alias (identified by operation id):</h2></header><pre><code>
 
   1 - SEL$1
   6 - SEL$1 / D@SEL$1
   7 - SEL$1 / D@SEL$1
   8 - SEL$1 / C@SEL$1
  10 - SEL$1 / B@SEL$1
  11 - SEL$1 / A@SEL$1
  12 - SEL$1 / A@SEL$1
 
</code></pre><header class="major"><h2>Predicate Information (identified by operation id):</h2></header><pre><code>
 
   7 - access("D"."USER_NAME"=:2)
   8 - filter("C"."LOCALE_STRING"="D"."LOCALE")
  11 - access("A"."OBJECT_ID"="B"."OBJECT_ID")
  12 - filter(TRUNC(NVL("VALID_FROM",SYSDATE@!))<=TRUNC(SYSDATE@!) AND 
              TRUNC(NVL("VALID_UNTIL",SYSDATE@!))>=TRUNC(SYSDATE@!) AND TO_NUMBER("OBJECT_LEVEL")=TO_NUMBER(:1)-1 
              AND "MS_GRC_UTILITIES"."MS_GRC_SECURITY"("DD_OBJECT_TYPE","RESTRICT_ACCESS_TO","B"."OWNER_ORGANIZATION
              S",:2,'VIEW')='ACCESS')
 
</code></pre><header class="major"><h2>Column Projection Information (identified by operation id):</h2></header><pre><code>
 
   1 - (#keys=5) "A"."OBJECT_NAME"[VARCHAR2,4000], 'Level '||"A"."OBJECT_LEVEL"[4000], 
       "A"."DD_OBJECT_TYPE"[VARCHAR2,400], "A"."OBJECT_ID"[VARCHAR2,400], "C"."LOCALE_ID"[NUMBER,22]
   2 - (#keys=0) "C"."LOCALE_ID"[NUMBER,22], "DD_OBJECT_TYPE"[VARCHAR2,400], 
       "OBJECT_LEVEL"[VARCHAR2,4000], "A"."OBJECT_NAME"[VARCHAR2,4000], "A"."OBJECT_ID"[VARCHAR2,400]
   3 - (#keys=0) "C"."LOCALE_ID"[NUMBER,22], "B"."OWNER_ORGANIZATIONS"[VARCHAR2,4000], 
       "A".ROWID[ROWID,10], "A"."OBJECT_ID"[VARCHAR2,400]
   4 - (#keys=0) "C"."LOCALE_ID"[NUMBER,22], "B"."OWNER_ORGANIZATIONS"[VARCHAR2,4000], 
       "B"."OBJECT_ID"[VARCHAR2,400]
   5 - (#keys=0) "C"."LOCALE_ID"[NUMBER,22]
   6 - "D"."LOCALE"[VARCHAR2,400]
   7 - "D".ROWID[ROWID,10]
   8 - "C"."LOCALE_ID"[NUMBER,22]
   9 - (#keys=0) "B"."OWNER_ORGANIZATIONS"[VARCHAR2,4000], "B"."OBJECT_ID"[VARCHAR2,400]
  10 - "B"."OWNER_ORGANIZATIONS"[VARCHAR2,4000], "B"."OBJECT_ID"[VARCHAR2,400]
  11 - "A".ROWID[ROWID,10], "A"."OBJECT_ID"[VARCHAR2,400]
  12 - "DD_OBJECT_TYPE"[VARCHAR2,400], "OBJECT_LEVEL"[VARCHAR2,4000], "A"."OBJECT_NAME"[VARCHAR2,4000]
										</code></pre>
								</section>
						</div>
					</div>

				<!-- Sidebar -->
				<div id="sidebar">
					<div class="inner">
						<!-- Menu -->
						<nav id="menu">
							<header class="major">
								<h2>Menu</h2>
							</header>
							<ul>
								<li><a href="../index.html">Module List</a></li>
								<li><a href="index.html">Summary</a></li>
								<li>
									<span class="opener">DB Analysis</span>
									<ul>
										<li><a href="bad-sql.html">Bad SQL</a></li>
										<li><a href="poor-sql.html">Poor SQL Plan</a></li>
										<li><a href="invalid-sql.html">Invalid SQL</a></li>
										<li><a href="full-sql.html">Full SQL Report</a></li>
										<li><a href="table-nil-key.html">Primary/Unique Key Miss</a></li>
										<li><a href="invalid-db-object.html">Invalid DB Objects</a></li>
										<li><a href="sequence-with-less-cache.html">Sequence</a></li>
										<li><a href="table-index-lob-size.html">Table Size</a></li>
									</ul>
								</li>
								<li>
								    <span class="opener">LOB</span>
								    <ul>
								        <li><a href="lob-no-cache.html">LOB - No Cache</a></li>
								        <li><a href="lob-columns.html">LOB - All Columns</a></li>
								    </ul>
								</li>
								<li>
									<span class="opener">Infolets</span>
									<ul>
										<li><a href="keep-history-infolets.html">Keep History Infolets</a></li>
										<li><a href="plsql-context-switch.html">SQL-PL/SQL Context Switch</a></li>
									</ul>
								</li>
								<li>
									<span class="opener">Pushforms</span>
									<ul>
										<li><a href="pushform-denormalize.html">Pushform Denormalized</a></li>
									</ul>
								</li>
								<li>
									<span class="opener">PL/SQL</span>
									<ul>
										<li><a href="plsql-dyn-qry-objs.html">Dynamic Query</a></li>
									</ul>
								</li>
							</ul>
						</nav>

						<!-- Section -->
						<section>
							<header class="major">
								<h2>Get in touch</h2>
							</header>
							<p>You need more details on the report or want more functionality, don't hesitate to reach out to us.</p>
							<ul class="contact">
								<li class="fa-envelope-o"><a href="mailto:apps-rnd-arch-team@metricstream.com?Subject=Reg - Code Analysis Tool" target="_top">apps-rnd-arch-team@metricstream.com</a></li>
							</ul>
						</section>

						<!-- Footer -->
						<footer id="footer">
							<p class="copyright">&copy; <a href="http://www.metricstream.com" target="_blank">MetricStream</a>. All rights reserved. </p>
						</footer>
					</div>
				</div>
			</div>

		<!-- Scripts -->
			<script src="../../lib/assets/js/jquery.min.js"></script>
			<script src="../../lib/assets/js/skel.min.js"></script>
			<script src="../../lib/assets/js/util.js"></script>
			<!--[if lte IE 8]><script src="../../lib/assets/js/ie/respond.min.js"></script><![endif]-->
			<script src="../../lib/assets/js/main.js"></script>
	</body>
</html>