<!DOCTYPE HTML>
<html>
	<head>
		<title>Code Analysis - MetricStream</title>
		<meta charset="utf-8" />
		<meta name="viewport" content="width=device-width, initial-scale=1, user-scalable=no" />
		<!--[if lte IE 8]><script src="../../lib/assets/js/ie/html5shiv.js"></script><![endif]-->
		<link rel="stylesheet" href="../../lib/assets/css/main.css" />
		<!--[if lte IE 9]><link rel="stylesheet" href="../../lib/assets/css/ie9.css" /><![endif]-->
		<!--[if lte IE 8]><link rel="stylesheet" href="../../lib/assets/css/ie8.css" /><![endif]-->
	</head>
	<body>

		<!-- Wrapper -->
			<div id="wrapper">

				<!-- Main -->
					<div id="main">
						<div class="inner">
							<!-- Header -->
								<header id="header">
									<a href="index.html" class="logo"><strong>Static Code Analysis Report</strong> by Code Analyzer Tool</a>
								</header>

							<!-- Content -->
								<section>
									<!-- Content -->
										<header class="major"><h2>Infolet Details</h2></header>
										<div class="table-wrapper">
											<table>
												<tbody>
													<tr>
														<td><b>Name</b></td>
														<td>MS_GRC_RQMT_Entp_List_Rpt_Inf (103166)</td>
													</tr>
													<tr>
														<td><b>SQL</b></td>
														<td><pre><code>SELECT Object_Id  AS Requirement_id,
OBJECT_NAME AS Edit,
object_type,
OBJECT_STATUS AS Obj_Status,
SECTION_NO,
Object_Level,
object_parent,
key_requirement,
FREQUENCY,
CATEGORY,
COMPLIANCE_TYPE,
IMPACT,
CREATED_ON,
Created_by,
UPDATED_ON,
updated_by,
Valid_Until,
Valid_From,
Description,
PENALTIES,
OWNER_ORG_NAMES AS Owner_Organization,
OWNER_NAME,
LEVEL_1_APPROVER,
LEVEL_2_APPROVER,
REL_DATA_LINK as Applies_To_Organizations,
REL_DATA_LINK as Related_Areas_Of_Compliance,
REL_DATA_LINK as Related_Assets,
REL_DATA_LINK as Related_Control,
REL_DATA_LINK as RELATED_FINANCIAL_ACCOUNTS,
REL_DATA_LINK as RELATED_FRAMEWORK_REFERENCES,
REL_DATA_LINK as Related_Function,
REL_DATA_LINK as Related_Objectives,
REL_DATA_LINK as Related_Process,
REL_DATA_LINK as Related_Products,
REL_DATA_LINK as Related_References,
REL_DATA_LINK as Related_risks,
REL_DATA_LINK as Related_Standards,
(MS_GRC_UTILITIES.FN_GET_REPORT_JSON((SELECT METRIC_ID FROM SI_METRICS_T WHERE METRIC_NAME='MS_GRC_REQUIREMENT'),RV.DD_PROCESS_INSTANCE_ID,(SELECT DD_INSTANCE_ID FROM MS_GRC_REQUIREMENT WHERE OBJECT_ID=RV.OBJECT_ID),
'''flag=1'||CHR(38)||'emd=1'||CHR(38)||'x_edit_mode=Yes'||CHR (38)|| 'wrapper= No'|| CHR (38)|| 'mode=view''')) AS REPORT_JSON
FROM MS_GRC_RQMT_ENTP_RV RV
WHERE locale = (SELECT LOCALE FROM si_users_t where USER_NAME = :38)
AND EXISTS
(SELECT column_value
FROM TABLE(CAST(MS_GRC_REP_BROWSER_FIL_DENORM.FN_REQ_RPT_FILTER(ms_grc_array_type(:1,:2,:3,:4,:5,:6,:7,:8,:9,:10,:11,:12,to_char(:13,'YYYY-MM-DD'),TO_CHAR(:14,'YYYY-MM-DD'),:15,:16,TO_CHAR(:17,'YYYY-MM-DD'),TO_CHAR(:18,'YYYY-MM-DD'),TO_CHAR(:19,'YYYY-MM-DD'),TO_CHAR(:20,'YYYY-MM-DD'),:21,:22,:23,:24,:25,:26,:27,NULL,NULL,:28,:29,:31,:30,NULL,:32,NULL,:33,:34,NULL,NULL,:35,:36,:37,'MS_GRC_REQUIREMENT',:38))AS MS_VARCHAR2_ARRAY))
WHERE column_value = OBJECT_ID
)ORDER BY upper(OBJECT_NAME)</code></pre></td>
													</tr>
													<tr>
														<td><b>Description</b></td>
														<td>MS GRC Risk Report Infolet</td>
													</tr>
												</tbody>
											</table>
										</div>

										<h2 align="center" id="content">Analysis Report</h2>
										<hr>

<header class="major"><h2>Plan hash value: 1420686948</h2></header><pre><code>
 
---------------------------------------------------------------------------------------------------------------
| Id  | Operation                           | Name                    | Rows  | Bytes | Cost (%CPU)| Time     |
---------------------------------------------------------------------------------------------------------------
|   0 | SELECT STATEMENT                    |                         |     1 |  5728 |    90   (2)| 00:00:02 |
|   1 |  TABLE ACCESS BY INDEX ROWID        | SI_USERS_T              |     1 |    28 |     1   (0)| 00:00:01 |
|*  2 |   INDEX RANGE SCAN                  | SI_USERS_T_N3           |     1 |       |     1   (0)| 00:00:01 |
|   3 |  TABLE ACCESS BY INDEX ROWID        | SI_USERS_T              |     1 |    28 |     1   (0)| 00:00:01 |
|*  4 |   INDEX RANGE SCAN                  | SI_USERS_T_N3           |     1 |       |     1   (0)| 00:00:01 |
|   5 |  TABLE ACCESS BY INDEX ROWID        | SI_USERS_T              |     1 |    28 |     1   (0)| 00:00:01 |
|*  6 |   INDEX RANGE SCAN                  | SI_USERS_T_N3           |     1 |       |     1   (0)| 00:00:01 |
|   7 |  TABLE ACCESS BY INDEX ROWID        | SI_USERS_T              |     1 |    28 |     1   (0)| 00:00:01 |
|*  8 |   INDEX RANGE SCAN                  | SI_USERS_T_N3           |     1 |       |     1   (0)| 00:00:01 |
|   9 |  TABLE ACCESS BY INDEX ROWID        | SI_METRICS_T            |     1 |    34 |     1   (0)| 00:00:01 |
|* 10 |   INDEX RANGE SCAN                  | SI_METRICS_T_N7         |     1 |       |     1   (0)| 00:00:01 |
|  11 |   TABLE ACCESS BY INDEX ROWID       | MS_GRC_REQUIREMENT      |     1 |    17 |     1   (0)| 00:00:01 |
|* 12 |    INDEX UNIQUE SCAN                | MS_GRC_REQUIREMENT_PK   |     1 |       |     1   (0)| 00:00:01 |
|  13 |  SORT ORDER BY                      |                         |     1 |  5728 |    90   (2)| 00:00:02 |
|* 14 |   HASH JOIN RIGHT SEMI              |                         |     1 |  5728 |    89   (0)| 00:00:02 |
<font style="background-color: lightblue; color: red">|  15 |    COLLECTION ITERATOR PICKLER FETCH| FN_REQ_RPT_FILTER       |  8168 | 16336 |    29   (0)| 00:00:01 |</font>
|* 16 |    HASH JOIN                        |                         |   145 |   810K|    60   (0)| 00:00:01 |
|  17 |     INDEX FAST FULL SCAN            | MS_GRC_REQ_SUMMARY_PK   |   289 |   438K|    31   (0)| 00:00:01 |
|* 18 |     HASH JOIN                       |                         |   145 |   590K|    29   (0)| 00:00:01 |
<font style="background-color: lightblue; color: red">|  19 |      MERGE JOIN CARTESIAN           |                         |     1 |  4080 |    24   (0)| 00:00:01 |</font>
|* 20 |       HASH JOIN OUTER               |                         |     1 |  4074 |    23   (0)| 00:00:01 |
|* 21 |        HASH JOIN                    |                         |     1 |  2046 |    21   (0)| 00:00:01 |
|  22 |         TABLE ACCESS BY INDEX ROWID | MS_QS_LOV_NAMES         |     1 |    30 |     1   (0)| 00:00:01 |
|* 23 |          INDEX RANGE SCAN           | MS_QS_LOV_NAMES_N1      |     1 |       |     1   (0)| 00:00:01 |
|  24 |         VIEW                        |                         |     2 |  4032 |    20   (0)| 00:00:01 |
<font style="background-color: lightblue; color: red">|  25 |          MERGE JOIN CARTESIAN       |                         |     2 |    58 |    20   (0)| 00:00:01 |</font>
<font style="background-color: lightblue; color: red">|* 26 |           TABLE ACCESS FULL         | SI_LOCALES              |     1 |     6 |     3   (0)| 00:00:01 |</font>
|  27 |           BUFFER SORT               |                         |     2 |    46 |    17   (0)| 00:00:01 |
<font style="background-color: lightblue; color: red">|* 28 |            TABLE ACCESS FULL        | MS_QS_LIST_OF_VALUES_T  |     2 |    46 |    17   (0)| 00:00:01 |</font>
<font style="background-color: lightblue; color: red">|  29 |        TABLE ACCESS FULL            | MS_QS_LIST_OF_VALUES_TL |     1 |  2028 |     2   (0)| 00:00:01 |</font>
|  30 |       BUFFER SORT                   |                         |     1 |     6 |    22   (0)| 00:00:01 |
|  31 |        VIEW                         | VW_SQ_1                 |     1 |     6 |     1   (0)| 00:00:01 |
|  32 |         TABLE ACCESS BY INDEX ROWID | SI_USERS_T              |     1 |    19 |     1   (0)| 00:00:01 |
|* 33 |          INDEX RANGE SCAN           | SI_USERS_T_N3           |     1 |       |     1   (0)| 00:00:01 |
<font style="background-color: lightblue; color: red">|  34 |      TABLE ACCESS FULL              | MS_GRC_REQ_MLS_SUMMARY  |   289 | 26588 |     5   (0)| 00:00:01 |</font>
---------------------------------------------------------------------------------------------------------------
 
</code></pre><header class="major"><h2>Query Block Name / Object Alias (identified by operation id):</h2></header><pre><code>
 
   1 - SEL$7        / USR@SEL$7
   2 - SEL$7        / USR@SEL$7
   3 - SEL$8        / USR@SEL$8
   4 - SEL$8        / USR@SEL$8
   5 - SEL$5        / USR@SEL$5
   6 - SEL$5        / USR@SEL$5
   7 - SEL$6        / USR@SEL$6
   8 - SEL$6        / USR@SEL$6
   9 - SEL$2        / SI_METRICS_T@SEL$2
  10 - SEL$2        / SI_METRICS_T@SEL$2
  11 - SEL$3        / MS_GRC_REQUIREMENT@SEL$3
  12 - SEL$3        / MS_GRC_REQUIREMENT@SEL$3
  13 - SEL$48207252
  15 - SEL$48207252 / KOKBF$0@SEL$14
  17 - SEL$48207252 / REQ_SUMM@SEL$4
  22 - SEL$48207252 / LOVNAME@SEL$4
  23 - SEL$48207252 / LOVNAME@SEL$4
  24 - SEL$285A8194 / X@SEL$9
  25 - SEL$285A8194
  26 - SEL$285A8194 / SI_LOCALES@SEL$11
  28 - SEL$285A8194 / T@SEL$10
  29 - SEL$48207252 / TL@SEL$9
  31 - SEL$32487103 / VW_SQ_1@SEL$4BBC00B6
  32 - SEL$32487103 / SI_USERS_T@SEL$12
  33 - SEL$32487103 / SI_USERS_T@SEL$12
  34 - SEL$48207252 / REQ_MLS@SEL$4
 
</code></pre><header class="major"><h2>Predicate Information (identified by operation id):</h2></header><pre><code>
 
   2 - access("USR"."USER_NAME"=:B1)
   4 - access("USR"."USER_NAME"=:B1)
   6 - access("USR"."USER_NAME"=:B1)
   8 - access("USR"."USER_NAME"=:B1)
  10 - access("METRIC_NAME"='MS_GRC_REQUIREMENT')
  12 - access("OBJECT_ID"=:B1)
  14 - access("REQ_SUMM"."OBJECT_ID"=VALUE(KOKBF$))
  16 - access("REQ_MLS"."OBJECT_ID"="REQ_SUMM"."OBJECT_ID")
  18 - access("REQ_MLS"."LOCALE"="LOCALE" AND "X"."LOCALE_ID"=TO_NUMBER("REQ_MLS"."LOCALE_ID"))
  20 - access("X"."LOV_VALUE_ID"="TL"."LOV_VALUE_ID"(+) AND "X"."LOCALE_ID"="TL"."LOCALE_ID"(+))
  21 - access("X"."LOV_ID"="LOVNAME"."LOV_ID")
  23 - access("LOVNAME"."LOV_NAME"='MS_GRC_LABLES')
  26 - filter("ENABLED_FLAG"='Y')
  28 - filter("T"."STORED_VALUE"='CLICK_HERE' AND "T"."ORG_ENTITY_ID"=1)
  33 - access("USER_NAME"=:38)
 
</code></pre><header class="major"><h2>Column Projection Information (identified by operation id):</h2></header><pre><code>
 
   1 - "USR".ROWID[ROWID,10], "USR"."LAST_NAME"[VARCHAR2,100], "USR"."FIRST_NAME"[VARCHAR2,100]
   2 - "USR".ROWID[ROWID,10]
   3 - "USR".ROWID[ROWID,10], "USR"."LAST_NAME"[VARCHAR2,100], "USR"."FIRST_NAME"[VARCHAR2,100]
   4 - "USR".ROWID[ROWID,10]
   5 - "USR".ROWID[ROWID,10], "USR"."LAST_NAME"[VARCHAR2,100], "USR"."FIRST_NAME"[VARCHAR2,100]
   6 - "USR".ROWID[ROWID,10]
   7 - "USR".ROWID[ROWID,10], "USR"."LAST_NAME"[VARCHAR2,100], "USR"."FIRST_NAME"[VARCHAR2,100]
   8 - "USR".ROWID[ROWID,10]
   9 - "SI_METRICS_T".ROWID[ROWID,10], "METRIC_ID"[NUMBER,22]
  10 - "SI_METRICS_T".ROWID[ROWID,10]
  11 - "MS_GRC_REQUIREMENT".ROWID[ROWID,10], "DD_INSTANCE_ID"[NUMBER,22]
  12 - "MS_GRC_REQUIREMENT".ROWID[ROWID,10]
  13 - (#keys=1) UPPER("REQ_SUMM"."OBJECT_NAME")[4000], "REQ_SUMM"."OBJECT_ID"[VARCHAR2,1600], 
       "REQ_SUMM"."OBJECT_NAME"[VARCHAR2,4000], 'MS_GRC_REQUIREMENT'[18], 
       "REQ_MLS"."OBJECT_STATUS"[VARCHAR2,4000], "REQ_SUMM"."SECTION_NO"[VARCHAR2,1600], 
       "REQ_MLS"."OBJECT_LEVEL"[VARCHAR2,1600], "REQ_SUMM"."OBJECT_PARENT"[VARCHAR2,4000], 
       "REQ_MLS"."KEY_REQUIREMENT"[VARCHAR2,400], "REQ_MLS"."FREQUENCY"[VARCHAR2,1600], 
       "REQ_MLS"."CATEGORY"[VARCHAR2,1600], "REQ_MLS"."COMPLIANCE_TYPE"[VARCHAR2,1600], 
       "REQ_MLS"."IMPACT"[VARCHAR2,1600], "REQ_SUMM"."CREATED_ON"[DATE,7],  (SELECT "USR"."FIRST_NAME"||' 
       '||"USR"."LAST_NAME" FROM METRICSTREAM."SI_USERS_T" "USR" WHERE "USR"."USER_NAME"=:B1)[201], 
       "REQ_SUMM"."UPDATED_ON"[DATE,7],  (SELECT "USR"."FIRST_NAME"||' '||"USR"."LAST_NAME" FROM 
       METRICSTREAM."SI_USERS_T" "USR" WHERE "USR"."USER_NAME"=:B2)[201], "REQ_SUMM"."VALID_UNTIL"[DATE,7], 
       "REQ_SUMM"."VALID_FROM"[DATE,7], "REQ_SUMM"."DESCRIPTION"[LOB,4000], "REQ_SUMM"."PENALTIES"[LOB,4000], 
       "REQ_SUMM"."OWNER_ORG_NAMES"[LOB,4000], "REQ_SUMM"."OWNER_NAME"[LOB,4000],  (SELECT 
       "USR"."FIRST_NAME"||' '||"USR"."LAST_NAME" FROM METRICSTREAM."SI_USERS_T" "USR" WHERE 
       "USR"."USER_NAME"=:B3)[201],  (SELECT "USR"."FIRST_NAME"||' '||"USR"."LAST_NAME" FROM 
       METRICSTREAM."SI_USERS_T" "USR" WHERE "USR"."USER_NAME"=:B4)[201], 
       NVL("TL"."DISPLAYED_VALUE","X"."DISPLAYED_VALUE")[4000], 
       NVL("TL"."DISPLAYED_VALUE","X"."DISPLAYED_VALUE")[4000], 
       NVL("TL"."DISPLAYED_VALUE","X"."DISPLAYED_VALUE")[4000], 
       NVL("TL"."DISPLAYED_VALUE","X"."DISPLAYED_VALUE")[4000], 
       NVL("TL"."DISPLAYED_VALUE","X"."DISPLAYED_VALUE")[4000], 
       NVL("TL"."DISPLAYED_VALUE","X"."DISPLAYED_VALUE")[4000], 
       NVL("TL"."DISPLAYED_VALUE","X"."DISPLAYED_VALUE")[4000], 
       NVL("TL"."DISPLAYED_VALUE","X"."DISPLAYED_VALUE")[4000], 
       NVL("TL"."DISPLAYED_VALUE","X"."DISPLAYED_VALUE")[4000], 
       NVL("TL"."DISPLAYED_VALUE","X"."DISPLAYED_VALUE")[4000], 
       NVL("TL"."DISPLAYED_VALUE","X"."DISPLAYED_VALUE")[4000], 
       NVL("TL"."DISPLAYED_VALUE","X"."DISPLAYED_VALUE")[4000], 
       NVL("TL"."DISPLAYED_VALUE","X"."DISPLAYED_VALUE")[4000], "MS_GRC_UTILITIES"."FN_GET_REPORT_JSON"( 
       (SELECT "METRIC_ID" FROM "SI_METRICS_T" "SI_METRICS_T" WHERE 
       "METRIC_NAME"='MS_GRC_REQUIREMENT'),"REQ_SUMM"."DD_PROCESS_INSTANCE_ID", (SELECT "DD_INSTANCE_ID" FROM 
       "MS_GRC_REQUIREMENT" "MS_GRC_REQUIREMENT" WHERE "OBJECT_ID"=:B5),'''flag=1&emd=1&x_edit_mode=Yes&wrappe
       r= No&mode=view''')[4000]
  14 - (#keys=1) "REQ_SUMM"."OBJECT_ID"[VARCHAR2,1600], "REQ_MLS"."COMPLIANCE_TYPE"[VARCHAR2,1600], 
       "REQ_SUMM"."UPDATED_BY"[VARCHAR2,400], "REQ_SUMM"."OBJECT_NAME"[VARCHAR2,4000], 
       "REQ_SUMM"."OBJECT_PARENT"[VARCHAR2,4000], "REQ_SUMM"."LEVEL_1_APPROVER"[VARCHAR2,400], 
       "REQ_SUMM"."LEVEL_2_APPROVER"[VARCHAR2,400], "REQ_SUMM"."VALID_UNTIL"[DATE,7], 
       "REQ_SUMM"."VALID_FROM"[DATE,7], "REQ_SUMM"."SECTION_NO"[VARCHAR2,1600], 
       "REQ_SUMM"."DESCRIPTION"[LOB,4000], "REQ_SUMM"."PENALTIES"[LOB,4000], 
       "REQ_SUMM"."DD_PROCESS_INSTANCE_ID"[NUMBER,22], "REQ_SUMM"."OWNER_NAME"[LOB,4000], 
       "REQ_SUMM"."OWNER_ORG_NAMES"[LOB,4000], "REQ_SUMM"."CREATED_ON"[DATE,7], 
       "REQ_SUMM"."CREATED_BY"[VARCHAR2,400], "REQ_SUMM"."UPDATED_ON"[DATE,7], 
       "TL"."DISPLAYED_VALUE"[VARCHAR2,4000], "X"."DISPLAYED_VALUE"[VARCHAR2,4000], 
       "REQ_MLS"."IMPACT"[VARCHAR2,1600], "REQ_MLS"."KEY_REQUIREMENT"[VARCHAR2,400], 
       "REQ_MLS"."OBJECT_STATUS"[VARCHAR2,4000], "REQ_MLS"."OBJECT_LEVEL"[VARCHAR2,1600], 
       "REQ_MLS"."FREQUENCY"[VARCHAR2,1600], "REQ_MLS"."CATEGORY"[VARCHAR2,1600]
  15 - VALUE(A0)[8000]
  16 - (#keys=1) "REQ_SUMM"."OBJECT_ID"[VARCHAR2,1600], "REQ_SUMM"."UPDATED_BY"[VARCHAR2,400], 
       "REQ_SUMM"."OBJECT_NAME"[VARCHAR2,4000], "REQ_SUMM"."OBJECT_PARENT"[VARCHAR2,4000], 
       "REQ_SUMM"."LEVEL_1_APPROVER"[VARCHAR2,400], "REQ_SUMM"."LEVEL_2_APPROVER"[VARCHAR2,400], 
       "REQ_SUMM"."VALID_UNTIL"[DATE,7], "REQ_SUMM"."VALID_FROM"[DATE,7], 
       "REQ_SUMM"."SECTION_NO"[VARCHAR2,1600], "REQ_SUMM"."DESCRIPTION"[LOB,4000], 
       "REQ_SUMM"."PENALTIES"[LOB,4000], "REQ_SUMM"."DD_PROCESS_INSTANCE_ID"[NUMBER,22], 
       "REQ_SUMM"."OWNER_NAME"[LOB,4000], "REQ_SUMM"."OWNER_ORG_NAMES"[LOB,4000], 
       "REQ_SUMM"."CREATED_ON"[DATE,7], "REQ_SUMM"."CREATED_BY"[VARCHAR2,400], 
       "REQ_SUMM"."UPDATED_ON"[DATE,7], "TL"."DISPLAYED_VALUE"[VARCHAR2,4000], 
       "X"."DISPLAYED_VALUE"[VARCHAR2,4000], "REQ_MLS"."IMPACT"[VARCHAR2,1600], 
       "REQ_MLS"."KEY_REQUIREMENT"[VARCHAR2,400], "REQ_MLS"."OBJECT_STATUS"[VARCHAR2,4000], 
       "REQ_MLS"."OBJECT_LEVEL"[VARCHAR2,1600], "REQ_MLS"."FREQUENCY"[VARCHAR2,1600], 
       "REQ_MLS"."CATEGORY"[VARCHAR2,1600], "REQ_MLS"."COMPLIANCE_TYPE"[VARCHAR2,1600]
  17 - "REQ_SUMM".ROWID[ROWID,3034], "UPPER_OBJECT_NAME"[VARCHAR2,3000], "OBJ_SUMM_WID"[NUMBER,22], 
       "REQ_SUMM"."OBJECT_ID"[VARCHAR2,1600], "REQ_SUMM"."OBJECT_NAME"[VARCHAR2,4000], 
       "REQ_SUMM"."OBJECT_PARENT"[VARCHAR2,4000], "REQ_SUMM"."LEVEL_1_APPROVER"[VARCHAR2,400], 
       "REQ_SUMM"."LEVEL_2_APPROVER"[VARCHAR2,400], "REQ_SUMM"."VALID_UNTIL"[DATE,7], 
       "REQ_SUMM"."VALID_FROM"[DATE,7], "REQ_SUMM"."SECTION_NO"[VARCHAR2,1600], 
       "REQ_SUMM"."DESCRIPTION"[LOB,4000], "REQ_SUMM"."PENALTIES"[LOB,4000], 
       "REQ_SUMM"."DD_PROCESS_INSTANCE_ID"[NUMBER,22], "REQ_SUMM"."OWNER_NAME"[LOB,4000], 
       "REQ_SUMM"."OWNER_ORG_NAMES"[LOB,4000], "REQ_SUMM"."CREATED_ON"[DATE,7], 
       "REQ_SUMM"."CREATED_BY"[VARCHAR2,400], "REQ_SUMM"."UPDATED_ON"[DATE,7], 
       "REQ_SUMM"."UPDATED_BY"[VARCHAR2,400]
  18 - (#keys=2) "TL"."DISPLAYED_VALUE"[VARCHAR2,4000], "X"."DISPLAYED_VALUE"[VARCHAR2,4000], 
       "REQ_MLS"."OBJECT_ID"[VARCHAR2,1600], "REQ_MLS"."KEY_REQUIREMENT"[VARCHAR2,400], 
       "REQ_MLS"."OBJECT_STATUS"[VARCHAR2,4000], "REQ_MLS"."OBJECT_LEVEL"[VARCHAR2,1600], 
       "REQ_MLS"."FREQUENCY"[VARCHAR2,1600], "REQ_MLS"."CATEGORY"[VARCHAR2,1600], 
       "REQ_MLS"."COMPLIANCE_TYPE"[VARCHAR2,1600], "REQ_MLS"."IMPACT"[VARCHAR2,1600]
  19 - (#keys=0) "X"."LOCALE_ID"[NUMBER,22], "X"."DISPLAYED_VALUE"[VARCHAR2,4000], 
       "TL"."DISPLAYED_VALUE"[VARCHAR2,4000], "LOCALE"[VARCHAR2,100]
  20 - (#keys=2) "X"."LOCALE_ID"[NUMBER,22], "X"."DISPLAYED_VALUE"[VARCHAR2,4000], 
       "TL"."DISPLAYED_VALUE"[VARCHAR2,4000]
  21 - (#keys=1) "X"."LOV_VALUE_ID"[NUMBER,22], "X"."LOCALE_ID"[NUMBER,22], 
       "X"."DISPLAYED_VALUE"[VARCHAR2,4000]
  22 - "LOVNAME"."LOV_ID"[NUMBER,22]
  23 - "LOVNAME".ROWID[ROWID,10]
  24 - "X"."LOV_VALUE_ID"[NUMBER,22], "X"."LOV_ID"[NUMBER,22], "X"."DISPLAYED_VALUE"[VARCHAR2,4000], 
       "X"."LOCALE_ID"[NUMBER,22]
  25 - (#keys=0) "LOCALE_ID"[NUMBER,22], "T"."LOV_VALUE_ID"[NUMBER,22], "T"."LOV_ID"[NUMBER,22], 
       "T"."DISPLAYED_VALUE"[VARCHAR2,4000]
  26 - "LOCALE_ID"[NUMBER,22]
  27 - (#keys=0) "T"."LOV_VALUE_ID"[NUMBER,22], "T"."LOV_ID"[NUMBER,22], 
       "T"."DISPLAYED_VALUE"[VARCHAR2,4000]
  28 - "T"."LOV_VALUE_ID"[NUMBER,22], "T"."LOV_ID"[NUMBER,22], "T"."DISPLAYED_VALUE"[VARCHAR2,4000]
  29 - "TL"."LOV_VALUE_ID"[NUMBER,22], "TL"."DISPLAYED_VALUE"[VARCHAR2,4000], 
       "TL"."LOCALE_ID"[NUMBER,22]
  30 - (#keys=0) "LOCALE"[VARCHAR2,100]
  31 - "LOCALE"[VARCHAR2,100]
  32 - "LOCALE"[VARCHAR2,100]
  33 - "SI_USERS_T".ROWID[ROWID,10]
  34 - "REQ_MLS"."OBJECT_ID"[VARCHAR2,1600], "REQ_MLS"."LOCALE_ID"[VARCHAR2,400], 
       "REQ_MLS"."LOCALE"[VARCHAR2,400], "REQ_MLS"."OBJECT_STATUS"[VARCHAR2,4000], 
       "REQ_MLS"."OBJECT_LEVEL"[VARCHAR2,1600], "REQ_MLS"."FREQUENCY"[VARCHAR2,1600], 
       "REQ_MLS"."CATEGORY"[VARCHAR2,1600], "REQ_MLS"."COMPLIANCE_TYPE"[VARCHAR2,1600], 
       "REQ_MLS"."IMPACT"[VARCHAR2,1600], "REQ_MLS"."KEY_REQUIREMENT"[VARCHAR2,400]
										</code></pre>
								</section>
						</div>
					</div>

				<!-- Sidebar -->
				<div id="sidebar">
					<div class="inner">
						<!-- Menu -->
						<nav id="menu">
							<header class="major">
								<h2>Menu</h2>
							</header>
							<ul>
								<li><a href="../index.html">Module List</a></li>
								<li><a href="index.html">Summary</a></li>
								<li>
									<span class="opener">DB Analysis</span>
									<ul>
										<li><a href="bad-sql.html">Bad SQL</a></li>
										<li><a href="poor-sql.html">Poor SQL Plan</a></li>
										<li><a href="invalid-sql.html">Invalid SQL</a></li>
										<li><a href="full-sql.html">Full SQL Report</a></li>
										<li><a href="table-nil-key.html">Primary/Unique Key Miss</a></li>
										<li><a href="invalid-db-object.html">Invalid DB Objects</a></li>
									</ul>
								</li>
								<li>
									<span class="opener">Infolets</span>
									<ul>
										<li><a href="keep-history-infolets.html">Keep History Infolets</a></li>
									</ul>
								</li>
								<li>
									<span class="opener">Pushforms</span>
									<ul>
										<li><a href="pushform-denormalize.html">Pushform Denormalized</a></li>
									</ul>
								</li>
							</ul>
						</nav>

						<!-- Section -->
						<section>
							<header class="major">
								<h2>Get in touch</h2>
							</header>
							<p>You need more details on the report or want more functionality, don't hesitate to reach out to us.</p>
							<ul class="contact">
								<li class="fa-envelope-o"><a href="mailto:rnd@metricstream.com?Subject=Reg - Static Code Analysis Tool" target="_top">rnd@metricstream.com</a></li>
							</ul>
						</section>

						<!-- Footer -->
						<footer id="footer">
							<p class="copyright">&copy; <a href="http://www.metricstream.com" target="_blank">MetricStream</a>. All rights reserved. </p>
						</footer>
					</div>
				</div>
			</div>

		<!-- Scripts -->
			<script src="../../lib/assets/js/jquery.min.js"></script>
			<script src="../../lib/assets/js/skel.min.js"></script>
			<script src="../../lib/assets/js/util.js"></script>
			<!--[if lte IE 8]><script src="../../lib/assets/js/ie/respond.min.js"></script><![endif]-->
			<script src="../../lib/assets/js/main.js"></script>
	</body>
</html>