<!DOCTYPE HTML>
<html>
	<head>
		<title>Code Analysis - MetricStream</title>
		<meta charset="utf-8" />
		<meta name="viewport" content="width=device-width, initial-scale=1, user-scalable=no" />
		<!--[if lte IE 8]><script src="../../lib/assets/js/ie/html5shiv.js"></script><![endif]-->
		<link rel="stylesheet" href="../../lib/assets/css/main.css" />
		<!--[if lte IE 9]><link rel="stylesheet" href="../../lib/assets/css/ie9.css" /><![endif]-->
		<!--[if lte IE 8]><link rel="stylesheet" href="../../lib/assets/css/ie8.css" /><![endif]-->
	</head>
	<body>

		<!-- Wrapper -->
			<div id="wrapper">

				<!-- Main -->
					<div id="main">
						<div class="inner">
							<!-- Header -->
								<header id="header">
									<a href="index.html" class="logo"><strong>Static Code Analysis Report</strong> by Code Analyzer Tool</a>
								</header>

							<!-- Content -->
								<section>
									<!-- Content -->
										<header class="major"><h2>Infolet Details</h2></header>
										<div class="table-wrapper">
											<table>
												<tbody>
													<tr>
														<td><b>Name</b></td>
														<td>MS_GRC_PROD_ORB_Rpt_Inf (100985)</td>
													</tr>
													<tr>
														<td><b>SQL</b></td>
														<td><pre><code>SELECT prdSumm.OBJECT_ID
,prdSumm.OBJECT_NAME
,prdSumm.OBJECT_PARENT_NAME as OBJECT_PARENT
,mlsSumm.Product_Category_Agg AS PRODUCT_CATEGORY_AGG
,mlsSumm.Product_Type_Agg AS PRODUCT_TYPE_AGG
,mlsSumm.Sales_Channel_Agg AS SALES_CHANNEL_AGG
,mlsSumm.LOCATIONS_AGG AS  OBJ_LOCATION
,'MS_GRC_PRODUCT' AS ADDITIONAL_COLUMN3
,NULL AS FORM_URL 
,'MS_GRC_PRODUCT' AS ADDITIONAL_COLUMN4,
prdSumm.UPPER_OBJECT_NAME AS UPPER_OBJECT_NAME
  from MS_GRC_PRODUCT_SUMMARY prdSumm,
    MS_GRC_PRODUCT_MLS_SUMMARY mlsSumm
	where prdSumm.OBJECT_ID = mlsSumm.OBJECT_ID
	and mlsSumm.LOCALE_ID = (select LOCALE_ID from SI_USERS_T T1 ,SI_LOCALES T2 where USER_NAME = :1 and T1.LOCALE = T2.LOCALE_STRING)
and exists  (SELECT COLUMN_VALUE 
    from table (cast(MS_GRC_ORB_REPORT_FILTER.FN_PRODUCT_ORB_FILTERS(:1,:2,:3,:4,:5,:6,:7,:8,:9)as MS_VARCHAR2_ARRAY)) 
     where COLUMN_VALUE=prdSumm.OBJECT_ID)
AND TRUNC(sysdate) BETWEEN NVL(TRUNC(prdSumm.valid_from),TRUNC(sysdate)) AND NVL(TRUNC(prdSumm.valid_until),TRUNC(sysdate))</code></pre></td>
													</tr>
													<tr>
														<td><b>Description</b></td>
														<td>This infolet extracts data from MS_GRC_PRODUCT_DENORM_RV view and is thereby used in MS_GRC_PROD_ORB_REPORT report</td>
													</tr>
												</tbody>
											</table>
										</div>

										<h2 align="center" id="content">Analysis Report</h2>
										<hr>

<header class="major"><h2>Plan hash value: 2902621819</h2></header><pre><code>
 
-----------------------------------------------------------------------------------------------------------------
| Id  | Operation                          | Name                       | Rows  | Bytes | Cost (%CPU)| Time     |
-----------------------------------------------------------------------------------------------------------------
|   0 | SELECT STATEMENT                   |                            |     1 |   120 |    39   (0)| 00:00:01 |
|*  1 |  HASH JOIN SEMI                    |                            |     1 |   120 |    35   (0)| 00:00:01 |
|   2 |   NESTED LOOPS                     |                            |     1 |   118 |     6   (0)| 00:00:01 |
|*  3 |    INDEX FAST FULL SCAN            | MS_GRC_PRODUCT_SUMMARY_PK  |     1 |    72 |     5   (0)| 00:00:01 |
|*  4 |    TABLE ACCESS BY INDEX ROWID     | MS_GRC_PRODUCT_MLS_SUMMARY |     1 |    46 |     1   (0)| 00:00:01 |
|*  5 |     INDEX RANGE SCAN               | MS_GRC_PROD_MLS_IDX1       |     1 |       |     1   (0)| 00:00:01 |
|   6 |     NESTED LOOPS                   |                            |     1 |    30 |     4   (0)| 00:00:01 |
|   7 |      TABLE ACCESS BY INDEX ROWID   | SI_USERS_T                 |     1 |    19 |     1   (0)| 00:00:01 |
|*  8 |       INDEX RANGE SCAN             | SI_USERS_T_N3              |     1 |       |     1   (0)| 00:00:01 |
<font style="background-color: lightblue; color: red">|*  9 |      TABLE ACCESS FULL             | SI_LOCALES                 |     1 |    11 |     3   (0)| 00:00:01 |</font>
<font style="background-color: lightblue; color: red">|  10 |   COLLECTION ITERATOR PICKLER FETCH| FN_PRODUCT_ORB_FILTERS     |  8168 | 16336 |    29   (0)| 00:00:01 |</font>
-----------------------------------------------------------------------------------------------------------------
 
</code></pre><header class="major"><h2>Query Block Name / Object Alias (identified by operation id):</h2></header><pre><code>
 
   1 - SEL$ABEA6AB6
   3 - SEL$ABEA6AB6 / PRDSUMM@SEL$1
   4 - SEL$ABEA6AB6 / MLSSUMM@SEL$1
   5 - SEL$ABEA6AB6 / MLSSUMM@SEL$1
   6 - SEL$2       
   7 - SEL$2        / T1@SEL$2
   8 - SEL$2        / T1@SEL$2
   9 - SEL$2        / T2@SEL$2
  10 - SEL$ABEA6AB6 / KOKBF$0@SEL$4
 
</code></pre><header class="major"><h2>Predicate Information (identified by operation id):</h2></header><pre><code>
 
   1 - access("PRDSUMM"."OBJECT_ID"=VALUE(KOKBF$))
   3 - filter(NVL(TRUNC(INTERNAL_FUNCTION("PRDSUMM"."VALID_FROM")),TRUNC(SYSDATE@!))<=TRUNC(SYSDATE@!) 
              AND NVL(TRUNC(INTERNAL_FUNCTION("PRDSUMM"."VALID_UNTIL")),TRUNC(SYSDATE@!))>=TRUNC(SYSDATE@!))
   4 - filter(TO_NUMBER("MLSSUMM"."LOCALE_ID")= (SELECT "LOCALE_ID" FROM "SI_LOCALES" "T2","SI_USERS_T" 
              "T1" WHERE "USER_NAME"=:1 AND "T1"."LOCALE"="T2"."LOCALE_STRING"))
   5 - access("PRDSUMM"."OBJECT_ID"="MLSSUMM"."OBJECT_ID")
   8 - access("USER_NAME"=:1)
   9 - filter("T1"."LOCALE"="T2"."LOCALE_STRING")
 
</code></pre><header class="major"><h2>Column Projection Information (identified by operation id):</h2></header><pre><code>
 
   1 - (#keys=1) "PRDSUMM"."OBJECT_ID"[VARCHAR2,400], "PRDSUMM"."UPPER_OBJECT_NAME"[VARCHAR2,3000], 
       "PRDSUMM"."OBJECT_PARENT_NAME"[VARCHAR2,4000], "MLSSUMM"."LOCATIONS_AGG"[LOB,4000], 
       "PRDSUMM"."OBJECT_NAME"[VARCHAR2,4000], "MLSSUMM"."PRODUCT_CATEGORY_AGG"[VARCHAR2,4000], 
       "MLSSUMM"."PRODUCT_TYPE_AGG"[VARCHAR2,4000], "MLSSUMM"."SALES_CHANNEL_AGG"[VARCHAR2,4000]
   2 - (#keys=0) "PRDSUMM".ROWID[ROWID,3034], "PRDSUMM"."UPPER_OBJECT_NAME"[VARCHAR2,3000], 
       "PRODUCT_SUMM_ID"[NUMBER,22], "PRDSUMM"."OBJECT_PARENT_NAME"[VARCHAR2,4000], 
       "PRDSUMM"."OBJECT_ID"[VARCHAR2,400], "PRDSUMM"."OBJECT_NAME"[VARCHAR2,4000], 
       "PRDSUMM"."VALID_UNTIL"[DATE,7], "PRDSUMM"."VALID_FROM"[DATE,7], "MLSSUMM".ROWID[ROWID,10], 
       "MLSSUMM"."OBJECT_ID"[VARCHAR2,400], "MLSSUMM"."LOCALE_ID"[VARCHAR2,400], 
       "MLSSUMM"."PRODUCT_CATEGORY_AGG"[VARCHAR2,4000], "MLSSUMM"."PRODUCT_TYPE_AGG"[VARCHAR2,4000], 
       "MLSSUMM"."SALES_CHANNEL_AGG"[VARCHAR2,4000], "MLSSUMM"."LOCATIONS_AGG"[LOB,4000]
   3 - "PRDSUMM".ROWID[ROWID,3034], "PRDSUMM"."UPPER_OBJECT_NAME"[VARCHAR2,3000], 
       "PRODUCT_SUMM_ID"[NUMBER,22], "PRDSUMM"."OBJECT_PARENT_NAME"[VARCHAR2,4000], 
       "PRDSUMM"."OBJECT_ID"[VARCHAR2,400], "PRDSUMM"."OBJECT_NAME"[VARCHAR2,4000], 
       "PRDSUMM"."VALID_UNTIL"[DATE,7], "PRDSUMM"."VALID_FROM"[DATE,7]
   4 - "MLSSUMM".ROWID[ROWID,10], "MLSSUMM"."OBJECT_ID"[VARCHAR2,400], 
       "MLSSUMM"."LOCALE_ID"[VARCHAR2,400], "MLSSUMM"."PRODUCT_CATEGORY_AGG"[VARCHAR2,4000], 
       "MLSSUMM"."PRODUCT_TYPE_AGG"[VARCHAR2,4000], "MLSSUMM"."SALES_CHANNEL_AGG"[VARCHAR2,4000], 
       "MLSSUMM"."LOCATIONS_AGG"[LOB,4000]
   5 - "MLSSUMM".ROWID[ROWID,10], "MLSSUMM"."OBJECT_ID"[VARCHAR2,400]
   6 - (#keys=0) "T1".ROWID[ROWID,10], "USER_NAME"[VARCHAR2,80], "T1"."LOCALE"[VARCHAR2,100], 
       "LOCALE_ID"[NUMBER,22], "T2"."LOCALE_STRING"[VARCHAR2,400]
   7 - "T1".ROWID[ROWID,10], "USER_NAME"[VARCHAR2,80], "T1"."LOCALE"[VARCHAR2,100]
   8 - "T1".ROWID[ROWID,10], "USER_NAME"[VARCHAR2,80]
   9 - "LOCALE_ID"[NUMBER,22], "T2"."LOCALE_STRING"[VARCHAR2,400]
  10 - VALUE(A0)[8000]
										</code></pre>
								</section>
						</div>
					</div>

				<!-- Sidebar -->
				<div id="sidebar">
					<div class="inner">
						<!-- Menu -->
						<nav id="menu">
							<header class="major">
								<h2>Menu</h2>
							</header>
							<ul>
								<li><a href="../index.html">Module List</a></li>
								<li><a href="index.html">Summary</a></li>
								<li>
									<span class="opener">DB Analysis</span>
									<ul>
										<li><a href="bad-sql.html">Bad SQL</a></li>
										<li><a href="poor-sql.html">Poor SQL Plan</a></li>
										<li><a href="invalid-sql.html">Invalid SQL</a></li>
										<li><a href="full-sql.html">Full SQL Report</a></li>
										<li><a href="table-nil-key.html">Primary/Unique Key Miss</a></li>
										<li><a href="invalid-db-object.html">Invalid DB Objects</a></li>
									</ul>
								</li>
								<li>
									<span class="opener">Infolets</span>
									<ul>
										<li><a href="keep-history-infolets.html">Keep History Infolets</a></li>
									</ul>
								</li>
								<li>
									<span class="opener">Pushforms</span>
									<ul>
										<li><a href="pushform-denormalize.html">Pushform Denormalized</a></li>
									</ul>
								</li>
							</ul>
						</nav>

						<!-- Section -->
						<section>
							<header class="major">
								<h2>Get in touch</h2>
							</header>
							<p>You need more details on the report or want more functionality, don't hesitate to reach out to us.</p>
							<ul class="contact">
								<li class="fa-envelope-o"><a href="mailto:rnd@metricstream.com?Subject=Reg - Static Code Analysis Tool" target="_top">rnd@metricstream.com</a></li>
							</ul>
						</section>

						<!-- Footer -->
						<footer id="footer">
							<p class="copyright">&copy; <a href="http://www.metricstream.com" target="_blank">MetricStream</a>. All rights reserved. </p>
						</footer>
					</div>
				</div>
			</div>

		<!-- Scripts -->
			<script src="../../lib/assets/js/jquery.min.js"></script>
			<script src="../../lib/assets/js/skel.min.js"></script>
			<script src="../../lib/assets/js/util.js"></script>
			<!--[if lte IE 8]><script src="../../lib/assets/js/ie/respond.min.js"></script><![endif]-->
			<script src="../../lib/assets/js/main.js"></script>
	</body>
</html>