<!DOCTYPE HTML>
<html>
	<head>
		<title>Code Analysis - MetricStream</title>
		<meta charset="utf-8" />
		<meta name="viewport" content="width=device-width, initial-scale=1, user-scalable=no" />
		<!--[if lte IE 8]><script src="../../lib/assets/js/ie/html5shiv.js"></script><![endif]-->
		<link rel="stylesheet" href="../../lib/assets/css/main.css" />
		<!--[if lte IE 9]><link rel="stylesheet" href="../../lib/assets/css/ie9.css" /><![endif]-->
		<!--[if lte IE 8]><link rel="stylesheet" href="../../lib/assets/css/ie8.css" /><![endif]-->
	</head>
	<body>

		<!-- Wrapper -->
			<div id="wrapper">

				<!-- Main -->
					<div id="main">
						<div class="inner">
							<!-- Header -->
								<header id="header">
									<a href="index.html" class="logo"><strong>Static Code Analysis Report</strong> by Code Analyzer Tool</a>
								</header>

							<!-- Content -->
								<section>
									<!-- Content -->
										<header class="major"><h2>Infolet Details</h2></header>
										<div class="table-wrapper">
											<table>
												<tbody>
													<tr>
														<td><b>Name</b></td>
														<td>MS_GRC_REF_Drilldown_Rpt_Inf (103160)</td>
													</tr>
													<tr>
														<td><b>SQL</b></td>
														<td><pre><code>SELECT ctrl.object_id                                                        AS object_id ,
  ctrl.object_name                                                           AS object_name ,
  ctrl.object_status                                                       AS object_status ,
  inn.rel_dir_type                                                           AS relationship_type,
(MS_GRC_UTILITIES.FN_GET_REPORT_JSON((SELECT METRIC_ID FROM SI_METRICS_T WHERE METRIC_NAME='MS_GRC_REFERENCE'),ctrl.DD_PROCESS_INSTANCE_ID,(SELECT DD_INSTANCE_ID FROM MS_GRC_REFERENCE WHERE OBJECT_ID=ctrl.OBJECT_ID),
'''flag=1'||CHR(38)||'emd=1'||CHR(38)||'x_edit_mode=Yes'||CHR (38)|| 'wrapper= No'|| CHR (38)|| 'mode=view''')) AS REPORT_JSON  
FROM
  (SELECT DISTINCT tgt_obj_id,
    Src_Obj_Id ,
    rel_dir_type
  FROM ms_grc_orb_relations_pub_v vw
  WHERE vw.tgt_obj_type ='MS_GRC_REFERENCE'
  AND vw.src_obj_type   = :1
  ) inn,
  MS_GRC_REFERENCE_DENORM_RV ctrl
WHERE inn.Src_Obj_Id = :2
AND inn.tgt_obj_id   = ctrl.object_id
and 
ctrl.LOCALE = (SELECT LOCALE FROM si_users_t where USER_NAME = :3)</code></pre></td>
													</tr>
													<tr>
														<td><b>Description</b></td>
														<td>This infolet fetched related references</td>
													</tr>
												</tbody>
											</table>
										</div>

										<h2 align="center" id="content">Analysis Report</h2>
										<hr>

<header class="major"><h2>Plan hash value: 4092608534</h2></header><pre><code>
 
-------------------------------------------------------------------------------------------------------------------------
| Id  | Operation                              | Name                           | Rows  | Bytes | Cost (%CPU)| Time     |
-------------------------------------------------------------------------------------------------------------------------
|   0 | SELECT STATEMENT                       |                                |     1 |  4522 |    11  (10)| 00:00:01 |
|   1 |  TABLE ACCESS BY INDEX ROWID           | SI_METRICS_T                   |     1 |    34 |     1   (0)| 00:00:01 |
|*  2 |   INDEX RANGE SCAN                     | SI_METRICS_T_N7                |     1 |       |     1   (0)| 00:00:01 |
|   3 |   TABLE ACCESS BY INDEX ROWID          | MS_GRC_REFERENCE               |     1 |   215 |     1   (0)| 00:00:01 |
|*  4 |    INDEX UNIQUE SCAN                   | MS_GRC_REFERENCE_PK            |     1 |       |     1   (0)| 00:00:01 |
|   5 |  NESTED LOOPS                          |                                |     1 |  4522 |    11  (10)| 00:00:01 |
<font style="background-color: lightblue; color: red">|   6 |   MERGE JOIN CARTESIAN                 |                                |     1 |  2305 |    10  (10)| 00:00:01 |</font>
|   7 |    NESTED LOOPS                        |                                |     1 |  2253 |     9  (12)| 00:00:01 |
|   8 |     VIEW                               |                                |     2 |    46 |     8  (13)| 00:00:01 |
|   9 |      SORT UNIQUE                       |                                |     2 |    74 |     8  (13)| 00:00:01 |
|  10 |       VIEW                             | MS_GRC_ORB_RELATIONS_PUB_V     |     2 |    74 |     7   (0)| 00:00:01 |
|  11 |        UNION-ALL                       |                                |       |       |            |          |
|  12 |         NESTED LOOPS                   |                                |     1 |   141 |     3   (0)| 00:00:01 |
|  13 |          NESTED LOOPS                  |                                |     2 |   141 |     3   (0)| 00:00:01 |
<font style="background-color: lightblue; color: red">|  14 |           MERGE JOIN CARTESIAN         |                                |     1 |    73 |     2   (0)| 00:00:01 |</font>
|  15 |            TABLE ACCESS BY INDEX ROWID | MS_GRC_ORB_RELATIONS           |     1 |    29 |     1   (0)| 00:00:01 |
|* 16 |             INDEX RANGE SCAN           | MS_GRC_ORB_RELATIONS_IDX1      |     1 |       |     1   (0)| 00:00:01 |
|  17 |            BUFFER SORT                 |                                |     1 |    44 |     1   (0)| 00:00:01 |
|  18 |             TABLE ACCESS BY INDEX ROWID| MS_GRC_REL_DEFN                |     1 |    44 |     1   (0)| 00:00:01 |
|* 19 |              INDEX RANGE SCAN          | MS_GRC_REL_DEFN_IDX1           |     1 |       |     1   (0)| 00:00:01 |
|* 20 |           INDEX RANGE SCAN             | MS_GRC_ORB_RELATIONS_ORB_FK2   |     2 |       |     1   (0)| 00:00:01 |
|* 21 |          TABLE ACCESS BY INDEX ROWID   | MS_GRC_ORB_RELATIONS_ORB       |     1 |    68 |     1   (0)| 00:00:01 |
|  22 |         NESTED LOOPS                   |                                |     1 |   141 |     4   (0)| 00:00:01 |
|  23 |          NESTED LOOPS                  |                                |     1 |   112 |     3   (0)| 00:00:01 |
|  24 |           TABLE ACCESS BY INDEX ROWID  | MS_GRC_REL_DEFN                |     1 |    44 |     1   (0)| 00:00:01 |
|* 25 |            INDEX RANGE SCAN            | MS_GRC_REL_DEFN_IDX1           |     1 |       |     1   (0)| 00:00:01 |
|* 26 |           TABLE ACCESS BY INDEX ROWID  | MS_GRC_ORB_RELATIONS_ORB       |     1 |    68 |     2   (0)| 00:00:01 |
|* 27 |            INDEX RANGE SCAN            | MS_GRC_ORB_RELATIONS_ORB_IDX1  |     9 |       |     1   (0)| 00:00:01 |
|  28 |          TABLE ACCESS BY INDEX ROWID   | MS_GRC_ORB_RELATIONS           |     1 |    29 |     1   (0)| 00:00:01 |
|* 29 |           INDEX UNIQUE SCAN            | MS_GRC_ORB_RELATIONS_PK        |     1 |       |     1   (0)| 00:00:01 |
|* 30 |     INDEX FULL SCAN                    | MS_GRC_REF_SUMMARY_PK          |     1 |  2230 |     1   (0)| 00:00:01 |
|  31 |    BUFFER SORT                         |                                |     1 |    52 |     9  (12)| 00:00:01 |
|  32 |     VIEW                               | VW_SQ_1                        |     1 |    52 |     1   (0)| 00:00:01 |
|  33 |      TABLE ACCESS BY INDEX ROWID       | SI_USERS_T                     |     1 |    19 |     1   (0)| 00:00:01 |
|* 34 |       INDEX RANGE SCAN                 | SI_USERS_T_N3                  |     1 |       |     1   (0)| 00:00:01 |
|* 35 |   TABLE ACCESS BY INDEX ROWID          | MS_GRC_REFERENCE_MLS_SUMMARY   |     1 |  2217 |     1   (0)| 00:00:01 |
|* 36 |    INDEX RANGE SCAN                    | MS_GRC_REFERENCE_MLS_SUMM_IDX1 |     1 |       |     1   (0)| 00:00:01 |
-------------------------------------------------------------------------------------------------------------------------
 
</code></pre><header class="major"><h2>Query Block Name / Object Alias (identified by operation id):</h2></header><pre><code>
 
   1 - SEL$2        / SI_METRICS_T@SEL$2
   2 - SEL$2        / SI_METRICS_T@SEL$2
   3 - SEL$3        / MS_GRC_REFERENCE@SEL$3
   4 - SEL$3        / MS_GRC_REFERENCE@SEL$3
   5 - SEL$F3F41AC7
   8 - SEL$4        / INN@SEL$1
   9 - SEL$4       
  10 - SET$1        / VW@SEL$4
  11 - SET$1       
  12 - SEL$5       
  15 - SEL$5        / REL@SEL$5
  16 - SEL$5        / REL@SEL$5
  18 - SEL$5        / DEFN@SEL$5
  19 - SEL$5        / DEFN@SEL$5
  20 - SEL$5        / REL_ORB@SEL$5
  21 - SEL$5        / REL_ORB@SEL$5
  22 - SEL$7       
  24 - SEL$7        / DEFN@SEL$7
  25 - SEL$7        / DEFN@SEL$7
  26 - SEL$7        / REL_ORB@SEL$7
  27 - SEL$7        / REL_ORB@SEL$7
  28 - SEL$7        / REL@SEL$7
  29 - SEL$7        / REL@SEL$7
  30 - SEL$F3F41AC7 / REFSUMM@SEL$9
  32 - SEL$AD4650EE / VW_SQ_1@SEL$296D6ED2
  33 - SEL$AD4650EE / SI_USERS_T@SEL$14
  34 - SEL$AD4650EE / SI_USERS_T@SEL$14
  35 - SEL$F3F41AC7 / REFMLSSUMM@SEL$9
  36 - SEL$F3F41AC7 / REFMLSSUMM@SEL$9
 
</code></pre><header class="major"><h2>Predicate Information (identified by operation id):</h2></header><pre><code>
 
   2 - access("METRIC_NAME"='MS_GRC_REFERENCE')
   4 - access("OBJECT_ID"=:B1)
  16 - access("REL"."REL_SOURCE_OBJECT_ID"=:2)
  19 - access("DEFN"."SRC_OBJ_TYPE"=:1 AND "DEFN"."DEST_OBJ_TYPE"='MS_GRC_REFERENCE')
  20 - access("REL"."REL_SOURCE_ID"="REL_ORB"."REL_SOURCE_ID")
  21 - filter("DEFN"."REL_ID"="REL_ORB"."REL_CONFIG_ID")
  25 - access("DEFN"."SRC_OBJ_TYPE"='MS_GRC_REFERENCE' AND "DEFN"."DEST_OBJ_TYPE"=:1)
  26 - filter("DEFN"."REL_ID"="REL_ORB"."REL_CONFIG_ID")
  27 - access("REL_ORB"."TGT_OBJ_ID"=:2)
  29 - access("REL"."REL_SOURCE_ID"="REL_ORB"."REL_SOURCE_ID")
  30 - filter("INN"."TGT_OBJ_ID"="REFSUMM"."OBJECT_ID")
  34 - access("USER_NAME"=:3)
  35 - filter("REFMLSSUMM"."LOCALE"="LOCALE")
  36 - access("REFSUMM"."OBJ_REF_SUMM_WID"="REFMLSSUMM"."OBJ_REF_SUMM_WID")
 
</code></pre><header class="major"><h2>Column Projection Information (identified by operation id):</h2></header><pre><code>
 
   1 - "SI_METRICS_T".ROWID[ROWID,10], "METRIC_ID"[NUMBER,22]
   2 - "SI_METRICS_T".ROWID[ROWID,10]
   3 - "MS_GRC_REFERENCE".ROWID[ROWID,10], "DD_INSTANCE_ID"[NUMBER,22]
   4 - "MS_GRC_REFERENCE".ROWID[ROWID,10]
   5 - (#keys=0) "INN"."REL_DIR_TYPE"[CHARACTER,7], "REFSUMM"."OBJECT_ID"[VARCHAR2,400], 
       "REFSUMM"."OBJECT_NAME"[VARCHAR2,4000], "REFSUMM"."DD_PROCESS_INSTANCE_ID"[NUMBER,22], 
       "REFMLSSUMM"."OBJECT_STATUS"[VARCHAR2,4000]
   6 - (#keys=0) "INN"."REL_DIR_TYPE"[CHARACTER,7], "REFSUMM"."OBJ_REF_SUMM_WID"[NUMBER,22], 
       "REFSUMM"."OBJECT_ID"[VARCHAR2,400], "REFSUMM"."OBJECT_NAME"[VARCHAR2,4000], 
       "REFSUMM"."DD_PROCESS_INSTANCE_ID"[NUMBER,22], "LOCALE"[VARCHAR2,100]
   7 - (#keys=0) "INN"."REL_DIR_TYPE"[CHARACTER,7], "REFSUMM"."OBJ_REF_SUMM_WID"[NUMBER,22], 
       "REFSUMM"."OBJECT_ID"[VARCHAR2,400], "REFSUMM"."OBJECT_NAME"[VARCHAR2,4000], 
       "REFSUMM"."DD_PROCESS_INSTANCE_ID"[NUMBER,22]
   8 - "INN"."TGT_OBJ_ID"[VARCHAR2,4000], "INN"."REL_DIR_TYPE"[CHARACTER,7]
   9 - (#keys=3) "TGT_OBJ_ID"[VARCHAR2,4000], "SRC_OBJ_ID"[VARCHAR2,4000], "REL_DIR_TYPE"[CHARACTER,7]
  10 - "SRC_OBJ_ID"[VARCHAR2,4000], "TGT_OBJ_ID"[VARCHAR2,4000], "REL_DIR_TYPE"[CHARACTER,7]
  11 - STRDEF[512], STRDEF[4000], STRDEF[512], STRDEF[4000], STRDEF[7]
  12 - (#keys=0) "REL"."REL_SOURCE_OBJECT_ID"[VARCHAR2,1016], "DEFN"."SRC_OBJ_TYPE"[VARCHAR2,512], 
       "DEFN"."DEST_OBJ_TYPE"[VARCHAR2,512], "REL_ORB"."TGT_OBJ_ID"[VARCHAR2,4000]
  13 - (#keys=0) "REL"."REL_SOURCE_OBJECT_ID"[VARCHAR2,1016], "DEFN"."REL_ID"[VARCHAR2,160], 
       "DEFN"."SRC_OBJ_TYPE"[VARCHAR2,512], "DEFN"."DEST_OBJ_TYPE"[VARCHAR2,512], "REL_ORB".ROWID[ROWID,10]
  14 - (#keys=0) "REL"."REL_SOURCE_OBJECT_ID"[VARCHAR2,1016], "REL"."REL_SOURCE_ID"[VARCHAR2,1020], 
       "DEFN"."REL_ID"[VARCHAR2,160], "DEFN"."SRC_OBJ_TYPE"[VARCHAR2,512], "DEFN"."DEST_OBJ_TYPE"[VARCHAR2,512]
  15 - "REL"."REL_SOURCE_OBJECT_ID"[VARCHAR2,1016], "REL"."REL_SOURCE_ID"[VARCHAR2,1020]
  16 - "REL".ROWID[ROWID,10], "REL"."REL_SOURCE_OBJECT_ID"[VARCHAR2,1016]
  17 - (#keys=0) "DEFN"."REL_ID"[VARCHAR2,160], "DEFN"."SRC_OBJ_TYPE"[VARCHAR2,512], 
       "DEFN"."DEST_OBJ_TYPE"[VARCHAR2,512]
  18 - "DEFN"."REL_ID"[VARCHAR2,160], "DEFN"."SRC_OBJ_TYPE"[VARCHAR2,512], "DEFN"."DEST_OBJ_TYPE"[VARCHAR2,512]
  19 - "DEFN".ROWID[ROWID,10], "DEFN"."SRC_OBJ_TYPE"[VARCHAR2,512], "DEFN"."DEST_OBJ_TYPE"[VARCHAR2,512]
  20 - "REL_ORB".ROWID[ROWID,10]
  21 - "REL_ORB"."TGT_OBJ_ID"[VARCHAR2,4000]
  22 - (#keys=0) "DEFN"."SRC_OBJ_TYPE"[VARCHAR2,512], "DEFN"."DEST_OBJ_TYPE"[VARCHAR2,512], 
       "REL_ORB"."TGT_OBJ_ID"[VARCHAR2,4000], "REL"."REL_SOURCE_OBJECT_ID"[VARCHAR2,1016]
  23 - (#keys=0) "DEFN"."SRC_OBJ_TYPE"[VARCHAR2,512], "DEFN"."DEST_OBJ_TYPE"[VARCHAR2,512], 
       "REL_ORB"."TGT_OBJ_ID"[VARCHAR2,4000], "REL_ORB"."REL_SOURCE_ID"[VARCHAR2,1020]
  24 - "DEFN"."REL_ID"[VARCHAR2,160], "DEFN"."SRC_OBJ_TYPE"[VARCHAR2,512], "DEFN"."DEST_OBJ_TYPE"[VARCHAR2,512]
  25 - "DEFN".ROWID[ROWID,10], "DEFN"."SRC_OBJ_TYPE"[VARCHAR2,512], "DEFN"."DEST_OBJ_TYPE"[VARCHAR2,512]
  26 - "REL_ORB"."TGT_OBJ_ID"[VARCHAR2,4000], "REL_ORB"."REL_SOURCE_ID"[VARCHAR2,1020]
  27 - "REL_ORB".ROWID[ROWID,10], "REL_ORB"."TGT_OBJ_ID"[VARCHAR2,4000]
  28 - "REL"."REL_SOURCE_OBJECT_ID"[VARCHAR2,1016]
  29 - "REL".ROWID[ROWID,10]
  30 - "REFSUMM"."OBJ_REF_SUMM_WID"[NUMBER,22], "REFSUMM"."OBJECT_ID"[VARCHAR2,400], 
       "REFSUMM"."OBJECT_NAME"[VARCHAR2,4000], "REFSUMM"."DD_PROCESS_INSTANCE_ID"[NUMBER,22]
  31 - (#keys=0) "LOCALE"[VARCHAR2,100]
  32 - "LOCALE"[VARCHAR2,100]
  33 - "LOCALE"[VARCHAR2,100]
  34 - "SI_USERS_T".ROWID[ROWID,10]
  35 - "REFMLSSUMM"."OBJECT_STATUS"[VARCHAR2,4000]
  36 - "REFMLSSUMM".ROWID[ROWID,10]
										</code></pre>
								</section>
						</div>
					</div>

				<!-- Sidebar -->
				<div id="sidebar">
					<div class="inner">
						<!-- Menu -->
						<nav id="menu">
							<header class="major">
								<h2>Menu</h2>
							</header>
							<ul>
								<li><a href="../index.html">Module List</a></li>
								<li><a href="index.html">Summary</a></li>
								<li>
									<span class="opener">DB Analysis</span>
									<ul>
										<li><a href="bad-sql.html">Bad SQL</a></li>
										<li><a href="poor-sql.html">Poor SQL Plan</a></li>
										<li><a href="invalid-sql.html">Invalid SQL</a></li>
										<li><a href="full-sql.html">Full SQL Report</a></li>
										<li><a href="table-nil-key.html">Primary/Unique Key Miss</a></li>
										<li><a href="invalid-db-object.html">Invalid DB Objects</a></li>
									</ul>
								</li>
								<li>
									<span class="opener">Infolets</span>
									<ul>
										<li><a href="keep-history-infolets.html">Keep History Infolets</a></li>
									</ul>
								</li>
								<li>
									<span class="opener">Pushforms</span>
									<ul>
										<li><a href="pushform-denormalize.html">Pushform Denormalized</a></li>
									</ul>
								</li>
							</ul>
						</nav>

						<!-- Section -->
						<section>
							<header class="major">
								<h2>Get in touch</h2>
							</header>
							<p>You need more details on the report or want more functionality, don't hesitate to reach out to us.</p>
							<ul class="contact">
								<li class="fa-envelope-o"><a href="mailto:rnd@metricstream.com?Subject=Reg - Static Code Analysis Tool" target="_top">rnd@metricstream.com</a></li>
							</ul>
						</section>

						<!-- Footer -->
						<footer id="footer">
							<p class="copyright">&copy; <a href="http://www.metricstream.com" target="_blank">MetricStream</a>. All rights reserved. </p>
						</footer>
					</div>
				</div>
			</div>

		<!-- Scripts -->
			<script src="../../lib/assets/js/jquery.min.js"></script>
			<script src="../../lib/assets/js/skel.min.js"></script>
			<script src="../../lib/assets/js/util.js"></script>
			<!--[if lte IE 8]><script src="../../lib/assets/js/ie/respond.min.js"></script><![endif]-->
			<script src="../../lib/assets/js/main.js"></script>
	</body>
</html>