<!DOCTYPE HTML>
<html>
	<head>
		<title>Code Analysis - MetricStream</title>
		<meta charset="utf-8" />
		<meta name="viewport" content="width=device-width, initial-scale=1, user-scalable=no" />
		<!--[if lte IE 8]><script src="../../lib/assets/js/ie/html5shiv.js"></script><![endif]-->
		<link rel="stylesheet" href="../../lib/assets/css/main.css" />
		<!--[if lte IE 9]><link rel="stylesheet" href="../../lib/assets/css/ie9.css" /><![endif]-->
		<!--[if lte IE 8]><link rel="stylesheet" href="../../lib/assets/css/ie8.css" /><![endif]-->
	</head>
	<body>

		<!-- Wrapper -->
			<div id="wrapper">

				<!-- Main -->
					<div id="main">
						<div class="inner">
							<!-- Header -->
								<header id="header">
									<a href="index.html" class="logo"><strong>Static Code Analysis Report</strong> by Code Analyzer Tool</a>
								</header>

							<!-- Content -->
								<section>
									<!-- Content -->
										<header class="major"><h2>Infolet Details</h2></header>
										<div class="table-wrapper">
											<table>
												<tbody>
													<tr>
														<td><b>Name</b></td>
														<td>MS_GRC_FETCH_PROCESS_PARENT (100838)</td>
													</tr>
													<tr>
														<td><b>SQL</b></td>
														<td><pre><code>SELECT DISTINCT a.Object_Name as Object_Name,
  a.Object_Id as Object_Id,
  'Level '
  || a.OBJECT_LEVEL AS object_level,c.locale_id as locale_id
FROM MS_GRC_CORE_OBJECT a,
  ms_grc_core_object_ogn b,si_locales c,
si_users_t d where 
c.locale_string = d.locale
AND d.user_name = :2
and OBJECT_LEVEL                                                                                          = :1 - 1
AND DD_OBJECT_TYPE                                                                                          = 'MS_GRC_PROCESS'
AND TRUNC(sysdate)                                                                                         >= TRUNC(NVL(VALID_FROM,sysdate))
AND TRUNC(sysdate)                                                                                         <= TRUNC(NVL(VALID_UNTIL,sysdate))
AND ms_grc_utilities.ms_grc_SECURITY(dd_object_type, restrict_access_to, b.OWNER_ORGANIZATIONS, :2, 'VIEW') = 'ACCESS'
AND a.OBJECT_ID                                                                                             =B.OBJECT_ID
AND A.DD_OBJECT_TYPE                                                                                        = 'MS_GRC_PROCESS'
</code></pre></td>
													</tr>
													<tr>
														<td><b>Description</b></td>
														<td>MS_GRC_FETCH_PROCESS_PARENT</td>
													</tr>
												</tbody>
											</table>
										</div>

										<h2 align="center" id="content">Analysis Report</h2>
										<hr>

<header class="major"><h2>Plan hash value: 1842385699</h2></header><pre><code>
 
------------------------------------------------------------------------------------------------------------------
| Id  | Operation                       | Name                           | Rows  | Bytes | Cost (%CPU)| Time     |
------------------------------------------------------------------------------------------------------------------
|   0 | SELECT STATEMENT                |                                |     1 |   114 |    18   (6)| 00:00:01 |
|   1 |  SORT UNIQUE                    |                                |     1 |   114 |    18   (6)| 00:00:01 |
|*  2 |   HASH JOIN                     |                                |     1 |   114 |    17   (0)| 00:00:01 |
|*  3 |    TABLE ACCESS BY INDEX ROWID  | MS_GRC_CORE_OBJECT             |     1 |    63 |     8   (0)| 00:00:01 |
|*  4 |     INDEX RANGE SCAN            | MS_GRC_IDX_DD_OBJ_TYP_CORE_OBJ |   340 |       |     1   (0)| 00:00:01 |
<font style="background-color: lightblue; color: red">|   5 |    MERGE JOIN CARTESIAN         |                                |  3219 |   160K|     9   (0)| 00:00:01 |</font>
|   6 |     NESTED LOOPS                |                                |     1 |    30 |     4   (0)| 00:00:01 |
|   7 |      TABLE ACCESS BY INDEX ROWID| SI_USERS_T                     |     1 |    19 |     1   (0)| 00:00:01 |
|*  8 |       INDEX RANGE SCAN          | SI_USERS_T_N3                  |     1 |       |     1   (0)| 00:00:01 |
<font style="background-color: lightblue; color: red">|*  9 |      TABLE ACCESS FULL          | SI_LOCALES                     |     1 |    11 |     3   (0)| 00:00:01 |</font>
|  10 |     BUFFER SORT                 |                                |  3219 | 67599 |     6   (0)| 00:00:01 |
<font style="background-color: lightblue; color: red">|  11 |      TABLE ACCESS FULL          | MS_GRC_CORE_OBJECT_OGN         |  3219 | 67599 |     5   (0)| 00:00:01 |</font>
------------------------------------------------------------------------------------------------------------------
 
</code></pre><header class="major"><h2>Query Block Name / Object Alias (identified by operation id):</h2></header><pre><code>
 
   1 - SEL$1
   3 - SEL$1 / A@SEL$1
   4 - SEL$1 / A@SEL$1
   7 - SEL$1 / D@SEL$1
   8 - SEL$1 / D@SEL$1
   9 - SEL$1 / C@SEL$1
  11 - SEL$1 / B@SEL$1
 
</code></pre><header class="major"><h2>Predicate Information (identified by operation id):</h2></header><pre><code>
 
   2 - access("A"."OBJECT_ID"="B"."OBJECT_ID")
       filter("MS_GRC_UTILITIES"."MS_GRC_SECURITY"("DD_OBJECT_TYPE","RESTRICT_ACCESS_TO","B"."OWNER_ORGANI
              ZATIONS",:2,'VIEW')='ACCESS')
   3 - filter(TO_NUMBER("OBJECT_LEVEL")=TO_NUMBER(:1)-1 AND 
              TRUNC(NVL("VALID_FROM",SYSDATE@!))<=TRUNC(SYSDATE@!) AND 
              TRUNC(NVL("VALID_UNTIL",SYSDATE@!))>=TRUNC(SYSDATE@!))
   4 - access("DD_OBJECT_TYPE"='MS_GRC_PROCESS')
   8 - access("D"."USER_NAME"=:2)
   9 - filter("C"."LOCALE_STRING"="D"."LOCALE")
 
</code></pre><header class="major"><h2>Column Projection Information (identified by operation id):</h2></header><pre><code>
 
   1 - (#keys=4) "A"."OBJECT_NAME"[VARCHAR2,4000], "A"."OBJECT_ID"[VARCHAR2,400], 'Level 
       '||"A"."OBJECT_LEVEL"[406], "C"."LOCALE_ID"[NUMBER,22]
   2 - (#keys=1) "A"."OBJECT_ID"[VARCHAR2,400], "OBJECT_LEVEL"[VARCHAR2,400], 
       "A"."OBJECT_NAME"[VARCHAR2,4000], "C"."LOCALE_ID"[NUMBER,22]
   3 - "OBJECT_LEVEL"[VARCHAR2,400], "RESTRICT_ACCESS_TO"[VARCHAR2,40], "A"."OBJECT_ID"[VARCHAR2,400], 
       "A"."DD_OBJECT_TYPE"[VARCHAR2,400], "A"."OBJECT_NAME"[VARCHAR2,4000]
   4 - "A".ROWID[ROWID,10], "A"."DD_OBJECT_TYPE"[VARCHAR2,400]
   5 - (#keys=0) "C"."LOCALE_ID"[NUMBER,22], "B"."OWNER_ORGANIZATIONS"[VARCHAR2,4000], 
       "B"."OBJECT_ID"[VARCHAR2,400]
   6 - (#keys=0) "C"."LOCALE_ID"[NUMBER,22]
   7 - "D"."LOCALE"[VARCHAR2,100]
   8 - "D".ROWID[ROWID,10]
   9 - "C"."LOCALE_ID"[NUMBER,22]
  10 - (#keys=0) "B"."OWNER_ORGANIZATIONS"[VARCHAR2,4000], "B"."OBJECT_ID"[VARCHAR2,400]
  11 - "B"."OWNER_ORGANIZATIONS"[VARCHAR2,4000], "B"."OBJECT_ID"[VARCHAR2,400]
										</code></pre>
								</section>
						</div>
					</div>

				<!-- Sidebar -->
				<div id="sidebar">
					<div class="inner">
						<!-- Menu -->
						<nav id="menu">
							<header class="major">
								<h2>Menu</h2>
							</header>
							<ul>
								<li><a href="../index.html">Module List</a></li>
								<li><a href="index.html">Summary</a></li>
								<li>
									<span class="opener">DB Analysis</span>
									<ul>
										<li><a href="bad-sql.html">Bad SQL</a></li>
										<li><a href="poor-sql.html">Poor SQL Plan</a></li>
										<li><a href="invalid-sql.html">Invalid SQL</a></li>
										<li><a href="full-sql.html">Full SQL Report</a></li>
										<li><a href="table-nil-key.html">Primary/Unique Key Miss</a></li>
										<li><a href="invalid-db-object.html">Invalid DB Objects</a></li>
									</ul>
								</li>
								<li>
									<span class="opener">Infolets</span>
									<ul>
										<li><a href="keep-history-infolets.html">Keep History Infolets</a></li>
									</ul>
								</li>
								<li>
									<span class="opener">Pushforms</span>
									<ul>
										<li><a href="pushform-denormalize.html">Pushform Denormalized</a></li>
									</ul>
								</li>
							</ul>
						</nav>

						<!-- Section -->
						<section>
							<header class="major">
								<h2>Get in touch</h2>
							</header>
							<p>You need more details on the report or want more functionality, don't hesitate to reach out to us.</p>
							<ul class="contact">
								<li class="fa-envelope-o"><a href="mailto:rnd@metricstream.com?Subject=Reg - Static Code Analysis Tool" target="_top">rnd@metricstream.com</a></li>
							</ul>
						</section>

						<!-- Footer -->
						<footer id="footer">
							<p class="copyright">&copy; <a href="http://www.metricstream.com" target="_blank">MetricStream</a>. All rights reserved. </p>
						</footer>
					</div>
				</div>
			</div>

		<!-- Scripts -->
			<script src="../../lib/assets/js/jquery.min.js"></script>
			<script src="../../lib/assets/js/skel.min.js"></script>
			<script src="../../lib/assets/js/util.js"></script>
			<!--[if lte IE 8]><script src="../../lib/assets/js/ie/respond.min.js"></script><![endif]-->
			<script src="../../lib/assets/js/main.js"></script>
	</body>
</html>