<!DOCTYPE HTML>
<html>
	<head>
		<title>Code Analysis - MetricStream</title>
		<meta charset="utf-8" />
		<meta name="viewport" content="width=device-width, initial-scale=1, user-scalable=no" />
		<!--[if lte IE 8]><script src="../../lib/assets/js/ie/html5shiv.js"></script><![endif]-->
		<link rel="stylesheet" href="../../lib/assets/css/main.css" />
		<!--[if lte IE 9]><link rel="stylesheet" href="../../lib/assets/css/ie9.css" /><![endif]-->
		<!--[if lte IE 8]><link rel="stylesheet" href="../../lib/assets/css/ie8.css" /><![endif]-->
	</head>
	<body>

		<!-- Wrapper -->
			<div id="wrapper">

				<!-- Main -->
					<div id="main">
						<div class="inner">
							<!-- Header -->
								<header id="header">
									<a href="index.html" class="logo"><strong>Static Code Analysis Report</strong> by Code Analyzer Tool</a>
								</header>

							<!-- Content -->
								<section>
									<!-- Content -->
										<header class="major"><h2>Infolet Details</h2></header>
										<div class="table-wrapper">
											<table>
												<tbody>
													<tr>
														<th>Name</th>
														<td>MS_GRC_61_SP2_ASSET_PARENT (100693)</td>
													</tr>
													<tr>
														<th>SQL</th>
														<td><pre><code>SELECT asstSumm.OBJECT_NAME AS OBJ_NAME,
  asstMlsSumm.OBJECT_LEVEL AS OBJ_LEVEL,
  asstSumm.DD_OBJECT_TYPE AS OBJ_TYPE,
  asstSumm.OBJECT_ID AS OBJ_ID,
asstMlsSumm.locale_id AS LOCALE_ID
FROM MS_GRC_ASSET_SUMMARY asstSumm,
  MS_GRC_ASSET_MLS_SUMMARY asstMlsSumm
WHERE asstmlssumm.object_id = asstsumm.object_id
and :1!='1'
AND asstmlssumm.object_id  IN
  (SELECT COLUMN_VALUE
  FROM TABLE(CAST(ms_grc_rep_browser_fil_denorm.fn_ASSET_report_filters(ms_grc_array_type(NULL,NULL,NULL,'ACT',NULL,NULL, NULL,NULL,NULL,NULL, NULL, NULL,NULL,NULL,NULL,:1-1,NULL,NULL,NULL,NULL, NULL, NULL,NULL,NULL,NULL,NULL,NULL,NULL,NULL,NULL, NULL,NULL, NULL,NULL,NULL,NULL,NULL,NULL,NULL,NULL,NULL,NULL,NULL,NULL,'MS_GRC_ASSET',:2)) AS ms_varchar2_array)))
AND asstmlssumm.locale_id =
  (SELECT LOCALE_ID
  FROM SI_USERS_T T1 ,
    SI_LOCALES T2
  WHERE USER_NAME = :2
  AND T1.LOCALE   = T2.LOCALE_STRING
  )
ORDER BY upper_object_name</code></pre></td>
													</tr>
													<tr>
														<th>Description</th>
														<td>This infolet extracts data from MS_GRC_ASSET_DENORM_RV table and is there by used in MS_GRC_61_SP2_ASSET_LIST_INF infolet and Asset form</td>
													</tr>
												</tbody>
											</table>
										</div>

										<h2 align="center" id="content">Analysis Report</h2>
										<hr>

<header class="major"><h2>Plan hash value: 1542593020</h2></header><pre><code>
 
---------------------------------------------------------------------------------------------------------------------
| Id  | Operation                              | Name                       | Rows  | Bytes | Cost (%CPU)| Time     |
---------------------------------------------------------------------------------------------------------------------
|   0 | SELECT STATEMENT                       |                            |     1 |  5016 |    37   (6)| 00:00:01 |
|   1 |  SORT ORDER BY                         |                            |     1 |  5016 |    37   (6)| 00:00:01 |
|*  2 |   FILTER                               |                            |       |       |            |          |
|   3 |    NESTED LOOPS                        |                            |     1 |  5016 |    32   (4)| 00:00:01 |
|   4 |     NESTED LOOPS                       |                            |     1 |   608 |    31   (4)| 00:00:01 |
|   5 |      SORT UNIQUE                       |                            |  8168 | 16336 |    29   (0)| 00:00:01 |
<font style="background-color: lightblue; color: red">|   6 |       COLLECTION ITERATOR PICKLER FETCH| FN_ASSET_REPORT_FILTERS    |  8168 | 16336 |    29   (0)| 00:00:01 |</font>
|   7 |      TABLE ACCESS BY INDEX ROWID       | MS_GRC_ASSET_MLS_SUMMARY   |     1 |   606 |     1   (0)| 00:00:01 |
|*  8 |       INDEX RANGE SCAN                 | MS_GRC_ASSET_MLS_SUMM_IDX2 |     1 |       |     1   (0)| 00:00:01 |
|   9 |        NESTED LOOPS                    |                            |     1 |    30 |     4   (0)| 00:00:01 |
|  10 |         TABLE ACCESS BY INDEX ROWID    | SI_USERS_T                 |     1 |    19 |     1   (0)| 00:00:01 |
|* 11 |          INDEX UNIQUE SCAN             | USER_NAME_UK               |     1 |       |     1   (0)| 00:00:01 |
<font style="background-color: lightblue; color: red">|* 12 |         TABLE ACCESS FULL              | SI_LOCALES                 |     1 |    11 |     3   (0)| 00:00:01 |</font>
|  13 |     TABLE ACCESS BY INDEX ROWID        | MS_GRC_ASSET_SUMMARY       |     1 |  4408 |     1   (0)| 00:00:01 |
|* 14 |      INDEX UNIQUE SCAN                 | MS_GRC_ASST_SUMM_IDX1      |     1 |       |     1   (0)| 00:00:01 |
---------------------------------------------------------------------------------------------------------------------
 
</code></pre><header class="major"><h2>Query Block Name / Object Alias (identified by operation id):</h2></header><pre><code>
 
   1 - SEL$09D7319C
   6 - SEL$09D7319C / KOKBF$0@SEL$3
   7 - SEL$09D7319C / ASSTMLSSUMM@SEL$1
   8 - SEL$09D7319C / ASSTMLSSUMM@SEL$1
   9 - SEL$4       
  10 - SEL$4        / T1@SEL$4
  11 - SEL$4        / T1@SEL$4
  12 - SEL$4        / T2@SEL$4
  13 - SEL$09D7319C / ASSTSUMM@SEL$1
  14 - SEL$09D7319C / ASSTSUMM@SEL$1
 
</code></pre><header class="major"><h2>Predicate Information (identified by operation id):</h2></header><pre><code>
 
   2 - filter(:1<>'1')
   8 - access("ASSTMLSSUMM"."OBJECT_ID"=VALUE(KOKBF$))
       filter(TO_NUMBER("ASSTMLSSUMM"."LOCALE_ID")= (SELECT "LOCALE_ID" FROM "SI_LOCALES" "T2","SI_USERS_T" 
              "T1" WHERE "USER_NAME"=:2 AND "T1"."LOCALE"="T2"."LOCALE_STRING"))
  11 - access("USER_NAME"=:2)
  12 - filter("T1"."LOCALE"="T2"."LOCALE_STRING")
  14 - access("ASSTMLSSUMM"."OBJECT_ID"="ASSTSUMM"."OBJECT_ID")
 
</code></pre><header class="major"><h2>Column Projection Information (identified by operation id):</h2></header><pre><code>
 
   1 - (#keys=1) "UPPER_OBJECT_NAME"[VARCHAR2,4000], "ASSTSUMM"."OBJECT_NAME"[VARCHAR2,4000], 
       "ASSTMLSSUMM"."OBJECT_LEVEL"[VARCHAR2,400], "ASSTSUMM"."DD_OBJECT_TYPE"[VARCHAR2,400], 
       "ASSTSUMM"."OBJECT_ID"[VARCHAR2,400], "ASSTMLSSUMM"."LOCALE_ID"[VARCHAR2,400]
   2 - "ASSTMLSSUMM"."LOCALE_ID"[VARCHAR2,400], "ASSTMLSSUMM"."OBJECT_LEVEL"[VARCHAR2,400], 
       "UPPER_OBJECT_NAME"[VARCHAR2,4000], "ASSTSUMM"."OBJECT_ID"[VARCHAR2,400], 
       "ASSTSUMM"."OBJECT_NAME"[VARCHAR2,4000], "ASSTSUMM"."DD_OBJECT_TYPE"[VARCHAR2,400]
   3 - (#keys=0) "ASSTMLSSUMM"."LOCALE_ID"[VARCHAR2,400], "ASSTMLSSUMM"."OBJECT_LEVEL"[VARCHAR2,400], 
       "UPPER_OBJECT_NAME"[VARCHAR2,4000], "ASSTSUMM"."OBJECT_ID"[VARCHAR2,400], 
       "ASSTSUMM"."OBJECT_NAME"[VARCHAR2,4000], "ASSTSUMM"."DD_OBJECT_TYPE"[VARCHAR2,400]
   4 - (#keys=0) "ASSTMLSSUMM"."OBJECT_ID"[VARCHAR2,400], "ASSTMLSSUMM"."LOCALE_ID"[VARCHAR2,400], 
       "ASSTMLSSUMM"."OBJECT_LEVEL"[VARCHAR2,400]
   5 - (#keys=1) VALUE(KOKBF$)[8000]
   6 - VALUE(A0)[8000]
   7 - "ASSTMLSSUMM"."OBJECT_ID"[VARCHAR2,400], "ASSTMLSSUMM"."LOCALE_ID"[VARCHAR2,400], 
       "ASSTMLSSUMM"."OBJECT_LEVEL"[VARCHAR2,400]
   8 - "ASSTMLSSUMM".ROWID[ROWID,10], "ASSTMLSSUMM"."OBJECT_ID"[VARCHAR2,400], 
       "ASSTMLSSUMM"."LOCALE_ID"[VARCHAR2,400]
   9 - (#keys=0) "LOCALE_ID"[NUMBER,22]
  10 - "T1"."LOCALE"[VARCHAR2,400]
  11 - "T1".ROWID[ROWID,10]
  12 - "LOCALE_ID"[NUMBER,22]
  13 - "UPPER_OBJECT_NAME"[VARCHAR2,4000], "ASSTSUMM"."OBJECT_ID"[VARCHAR2,400], 
       "ASSTSUMM"."OBJECT_NAME"[VARCHAR2,4000], "ASSTSUMM"."DD_OBJECT_TYPE"[VARCHAR2,400]
  14 - "ASSTSUMM".ROWID[ROWID,10], "ASSTSUMM"."OBJECT_ID"[VARCHAR2,400]
										</code></pre>
								</section>
						</div>
					</div>

				<!-- Sidebar -->
				<div id="sidebar">
					<div class="inner">
						<!-- Menu -->
						<nav id="menu">
							<header class="major">
								<h2>Menu</h2>
							</header>
							<ul>
								<li><a href="../index.html">Module List</a></li>
								<li><a href="index.html">Summary</a></li>
								<li>
									<span class="opener">DB Analysis</span>
									<ul>
										<li><a href="bad-sql.html">Bad SQL</a></li>
										<li><a href="poor-sql.html">Poor SQL Plan</a></li>
										<li><a href="invalid-sql.html">Invalid SQL</a></li>
										<li><a href="full-sql.html">Full SQL Report</a></li>
										<li><a href="table-nil-key.html">Primary/Unique Key Miss</a></li>
										<li><a href="invalid-db-object.html">Invalid DB Objects</a></li>
										<li><a href="sequence-with-less-cache.html">Sequence</a></li>
										<li><a href="table-index-lob-size.html">Table Size</a></li>
										<li><a href="table-row-count.html">Table Row Count</a></li>
									</ul>
								</li>
								<li>
								    <span class="opener">LOB</span>
								    <ul>
								        <li><a href="lob-no-cache.html">LOB - No Cache</a></li>
								        <li><a href="lob-columns.html">LOB - All Columns</a></li>
								    </ul>
								</li>
								<li>
									<span class="opener">Infolets</span>
									<ul>
										<li><a href="keep-history-infolets.html">Keep History Infolets</a></li>
										<li><a href="plsql-context-switch.html">SQL-PL/SQL Context Switch</a></li>
									</ul>
								</li>
								<li>
									<span class="opener">Pushforms</span>
									<ul>
										<li><a href="pushform-denormalize.html">Pushform Denormalized</a></li>
									</ul>
								</li>
								<li>
									<span class="opener">PL/SQL</span>
									<ul>
										<li><a href="plsql-dyn-qry-objs.html">Dynamic Query</a></li>
									</ul>
								</li>
							</ul>
						</nav>

						<!-- Section -->
						<section>
							<header class="major">
								<h2>Get in touch</h2>
							</header>
							<p>You need more details on the report or want more functionality, don't hesitate to reach out to us.</p>
							<ul class="contact">
								<li class="fa-envelope-o"><a href="mailto:apps-rnd-arch-team@metricstream.com?Subject=Reg - Code Analysis Tool" target="_top">apps-rnd-arch-team@metricstream.com</a></li>
							</ul>
						</section>

						<!-- Footer -->
						<footer id="footer">
							<p class="copyright">&copy; <a href="http://www.metricstream.com" target="_blank">MetricStream</a>. All rights reserved. </p>
						</footer>
					</div>
				</div>
			</div>

		<!-- Scripts -->
			<script src="../../lib/assets/js/jquery.min.js"></script>
			<script src="../../lib/assets/js/skel.min.js"></script>
			<script src="../../lib/assets/js/util.js"></script>
			<!--[if lte IE 8]><script src="../../lib/assets/js/ie/respond.min.js"></script><![endif]-->
			<script src="../../lib/assets/js/main.js"></script>
	</body>
</html>