<!DOCTYPE HTML>
<html>
	<head>
		<title>Code Analysis - MetricStream</title>
		<meta charset="utf-8" />
		<meta name="viewport" content="width=device-width, initial-scale=1, user-scalable=no" />
		<!--[if lte IE 8]><script src="../../lib/assets/js/ie/html5shiv.js"></script><![endif]-->
		<link rel="stylesheet" href="../../lib/assets/css/main.css" />
		<!--[if lte IE 9]><link rel="stylesheet" href="../../lib/assets/css/ie9.css" /><![endif]-->
		<!--[if lte IE 8]><link rel="stylesheet" href="../../lib/assets/css/ie8.css" /><![endif]-->
	</head>
	<body>

		<!-- Wrapper -->
			<div id="wrapper">

				<!-- Main -->
					<div id="main">
						<div class="inner">
							<!-- Header -->
								<header id="header">
									<a href="index.html" class="logo"><strong>Static Code Analysis Report</strong> by Code Analyzer Tool</a>
								</header>

							<!-- Content -->
								<section>
									<!-- Content -->
										<header class="major"><h2>Infolet Details</h2></header>
										<div class="table-wrapper">
											<table>
												<tbody>
													<tr>
														<td><b>Name</b></td>
														<td>MS_GRC_PROC_Drilldown_Rpt_Inf (103154)</td>
													</tr>
													<tr>
														<td><b>SQL</b></td>
														<td><pre><code>SELECT ctrl.object_id                                                        AS object_id ,
  ctrl.object_name                                                           AS object_name ,
  ctrl.STATUS                                                       AS object_status ,
  inn.rel_dir_type                                                           AS relationship_type,
(MS_GRC_UTILITIES.FN_GET_REPORT_JSON((SELECT METRIC_ID FROM SI_METRICS_T WHERE METRIC_NAME='MS_GRC_PROCESS'),ctrl.DD_PROCESS_INSTANCE_ID,(SELECT DD_INSTANCE_ID FROM MS_GRC_PROCESS WHERE OBJECT_ID=ctrl.OBJECT_ID),
'''flag=1'||CHR(38)||'emd=1'||CHR(38)||'x_edit_mode=Yes'||CHR (38)|| 'wrapper= No'|| CHR (38)|| 'mode=view''')) AS REPORT_JSON  
FROM
  (SELECT DISTINCT tgt_obj_id,
    Src_Obj_Id ,
    rel_dir_type
  FROM ms_grc_orb_relations_pub_v vw
  WHERE vw.tgt_obj_type ='MS_GRC_PROCESS'
  AND vw.src_obj_type   = :1
  ) inn,
MS_GRC_PROC_ENTP_RV ctrl
WHERE inn.Src_Obj_Id = :2
AND inn.tgt_obj_id   = ctrl.object_id
and 
ctrl.LOCALE = (SELECT LOCALE FROM si_users_t where USER_NAME = :3)
order by ctrl.upper_object_name</code></pre></td>
													</tr>
													<tr>
														<td><b>Description</b></td>
														<td>This infolet fetches related Process</td>
													</tr>
												</tbody>
											</table>
										</div>

										<h2 align="center" id="content">Analysis Report</h2>
										<hr>

<header class="major"><h2>Plan hash value: 2221894912</h2></header><pre><code>
 
---------------------------------------------------------------------------------------------------------------------------
| Id  | Operation                                 | Name                          | Rows  | Bytes | Cost (%CPU)| Time     |
---------------------------------------------------------------------------------------------------------------------------
|   0 | SELECT STATEMENT                          |                               |     1 |   235 |    36   (6)| 00:00:01 |
|   1 |  TABLE ACCESS BY INDEX ROWID              | SI_METRICS_T                  |     1 |    34 |     1   (0)| 00:00:01 |
|*  2 |   INDEX RANGE SCAN                        | SI_METRICS_T_N7               |     1 |       |     1   (0)| 00:00:01 |
|   3 |   TABLE ACCESS BY INDEX ROWID             | MS_GRC_PROCESS                |     1 |    19 |     1   (0)| 00:00:01 |
|*  4 |    INDEX UNIQUE SCAN                      | MS_GRC_PROCESS_PK             |     1 |       |     1   (0)| 00:00:01 |
|   5 |  SORT ORDER BY                            |                               |     1 |   235 |    36   (6)| 00:00:01 |
|*  6 |   HASH JOIN                               |                               |     1 |   235 |    35   (3)| 00:00:01 |
|   7 |    NESTED LOOPS                           |                               |     1 |   229 |    34   (3)| 00:00:01 |
|   8 |     NESTED LOOPS                          |                               |     2 |   394 |    33   (4)| 00:00:01 |
<font style="background-color: lightblue; color: red">|   9 |      MERGE JOIN CARTESIAN                 |                               |     2 |   186 |    31   (4)| 00:00:01 |</font>
|* 10 |       HASH JOIN OUTER                     |                               |     1 |    70 |    23   (0)| 00:00:01 |
|* 11 |        HASH JOIN                          |                               |     1 |    44 |    21   (0)| 00:00:01 |
|  12 |         TABLE ACCESS BY INDEX ROWID       | MS_QS_LOV_NAMES               |     1 |    30 |     1   (0)| 00:00:01 |
|* 13 |          INDEX RANGE SCAN                 | MS_QS_LOV_NAMES_N1            |     1 |       |     1   (0)| 00:00:01 |
|  14 |         VIEW                              |                               |     2 |    28 |    20   (0)| 00:00:01 |
<font style="background-color: lightblue; color: red">|  15 |          MERGE JOIN CARTESIAN             |                               |     2 |    44 |    20   (0)| 00:00:01 |</font>
<font style="background-color: lightblue; color: red">|* 16 |           TABLE ACCESS FULL               | SI_LOCALES                    |     1 |     6 |     3   (0)| 00:00:01 |</font>
|  17 |           BUFFER SORT                     |                               |     2 |    32 |    17   (0)| 00:00:01 |
<font style="background-color: lightblue; color: red">|* 18 |            TABLE ACCESS FULL              | MS_QS_LIST_OF_VALUES_T        |     2 |    32 |    17   (0)| 00:00:01 |</font>
<font style="background-color: lightblue; color: red">|  19 |        TABLE ACCESS FULL                  | MS_QS_LIST_OF_VALUES_TL       |     1 |    26 |     2   (0)| 00:00:01 |</font>
|  20 |       BUFFER SORT                         |                               |     2 |    46 |    29   (4)| 00:00:01 |
|  21 |        VIEW                               |                               |     2 |    46 |     8  (13)| 00:00:01 |
|  22 |         SORT UNIQUE                       |                               |     2 |    74 |     8  (13)| 00:00:01 |
|  23 |          VIEW                             | MS_GRC_ORB_RELATIONS_PUB_V    |     2 |    74 |     7   (0)| 00:00:01 |
|  24 |           UNION-ALL                       |                               |       |       |            |          |
|  25 |            NESTED LOOPS                   |                               |     1 |   141 |     3   (0)| 00:00:01 |
|  26 |             NESTED LOOPS                  |                               |     2 |   141 |     3   (0)| 00:00:01 |
<font style="background-color: lightblue; color: red">|  27 |              MERGE JOIN CARTESIAN         |                               |     1 |    73 |     2   (0)| 00:00:01 |</font>
|  28 |               TABLE ACCESS BY INDEX ROWID | MS_GRC_ORB_RELATIONS          |     1 |    29 |     1   (0)| 00:00:01 |
|* 29 |                INDEX RANGE SCAN           | MS_GRC_ORB_RELATIONS_IDX1     |     1 |       |     1   (0)| 00:00:01 |
|  30 |               BUFFER SORT                 |                               |     1 |    44 |     1   (0)| 00:00:01 |
|  31 |                TABLE ACCESS BY INDEX ROWID| MS_GRC_REL_DEFN               |     1 |    44 |     1   (0)| 00:00:01 |
|* 32 |                 INDEX RANGE SCAN          | MS_GRC_REL_DEFN_IDX1          |     1 |       |     1   (0)| 00:00:01 |
|* 33 |              INDEX RANGE SCAN             | MS_GRC_ORB_RELATIONS_ORB_FK2  |     2 |       |     1   (0)| 00:00:01 |
|* 34 |             TABLE ACCESS BY INDEX ROWID   | MS_GRC_ORB_RELATIONS_ORB      |     1 |    68 |     1   (0)| 00:00:01 |
|  35 |            NESTED LOOPS                   |                               |     1 |   141 |     4   (0)| 00:00:01 |
|  36 |             NESTED LOOPS                  |                               |     1 |   112 |     3   (0)| 00:00:01 |
|  37 |              TABLE ACCESS BY INDEX ROWID  | MS_GRC_REL_DEFN               |     1 |    44 |     1   (0)| 00:00:01 |
|* 38 |               INDEX RANGE SCAN            | MS_GRC_REL_DEFN_IDX1          |     1 |       |     1   (0)| 00:00:01 |
|* 39 |              TABLE ACCESS BY INDEX ROWID  | MS_GRC_ORB_RELATIONS_ORB      |     1 |    68 |     2   (0)| 00:00:01 |
|* 40 |               INDEX RANGE SCAN            | MS_GRC_ORB_RELATIONS_ORB_IDX1 |     9 |       |     1   (0)| 00:00:01 |
|  41 |             TABLE ACCESS BY INDEX ROWID   | MS_GRC_ORB_RELATIONS          |     1 |    29 |     1   (0)| 00:00:01 |
|* 42 |              INDEX UNIQUE SCAN            | MS_GRC_ORB_RELATIONS_PK       |     1 |       |     1   (0)| 00:00:01 |
|* 43 |      INDEX UNIQUE SCAN                    | MS_GRC_PROC_PK                |     1 |   104 |     1   (0)| 00:00:01 |
|* 44 |       INDEX RANGE SCAN                    | MS_GRC_PROC_SUMM_IDX1         |     1 |       |     1   (0)| 00:00:01 |
|  45 |     TABLE ACCESS BY INDEX ROWID           | MS_GRC_PROCESS_MLS_SUMMARY    |     1 |    32 |     1   (0)| 00:00:01 |
|* 46 |      INDEX RANGE SCAN                     | MS_GRC_PROC_MLS_SUMM_IDX2     |     1 |       |     1   (0)| 00:00:01 |
|  47 |    VIEW                                   | VW_SQ_1                       |     1 |     6 |     1   (0)| 00:00:01 |
|  48 |     TABLE ACCESS BY INDEX ROWID           | SI_USERS_T                    |     1 |    19 |     1   (0)| 00:00:01 |
|* 49 |      INDEX RANGE SCAN                     | SI_USERS_T_N3                 |     1 |       |     1   (0)| 00:00:01 |
---------------------------------------------------------------------------------------------------------------------------
 
</code></pre><header class="major"><h2>Query Block Name / Object Alias (identified by operation id):</h2></header><pre><code>
 
   1 - SEL$2        / SI_METRICS_T@SEL$2
   2 - SEL$2        / SI_METRICS_T@SEL$2
   3 - SEL$3        / MS_GRC_PROCESS@SEL$3
   4 - SEL$3        / MS_GRC_PROCESS@SEL$3
   5 - SEL$90581D86
  12 - SEL$90581D86 / LOVNAME@SEL$9
  13 - SEL$90581D86 / LOVNAME@SEL$9
  14 - SEL$29F99543 / X@SEL$14
  15 - SEL$29F99543
  16 - SEL$29F99543 / SI_LOCALES@SEL$16
  18 - SEL$29F99543 / T@SEL$15
  19 - SEL$90581D86 / TL@SEL$14
  21 - SEL$4        / INN@SEL$1
  22 - SEL$4       
  23 - SET$1        / VW@SEL$4
  24 - SET$1       
  25 - SEL$5       
  28 - SEL$5        / REL@SEL$5
  29 - SEL$5        / REL@SEL$5
  31 - SEL$5        / DEFN@SEL$5
  32 - SEL$5        / DEFN@SEL$5
  33 - SEL$5        / REL_ORB@SEL$5
  34 - SEL$5        / REL_ORB@SEL$5
  35 - SEL$7       
  37 - SEL$7        / DEFN@SEL$7
  38 - SEL$7        / DEFN@SEL$7
  39 - SEL$7        / REL_ORB@SEL$7
  40 - SEL$7        / REL_ORB@SEL$7
  41 - SEL$7        / REL@SEL$7
  42 - SEL$7        / REL@SEL$7
  43 - SEL$90581D86 / PROCSUMM@SEL$9
  44 - SEL$90581D86 / PROCSUMM@SEL$9
  45 - SEL$90581D86 / PROCMLSSUMM@SEL$9
  46 - SEL$90581D86 / PROCMLSSUMM@SEL$9
  47 - SEL$B2DAC886 / VW_SQ_1@SEL$E44EC48B
  48 - SEL$B2DAC886 / SI_USERS_T@SEL$17
  49 - SEL$B2DAC886 / SI_USERS_T@SEL$17
 
</code></pre><header class="major"><h2>Predicate Information (identified by operation id):</h2></header><pre><code>
 
   2 - access("METRIC_NAME"='MS_GRC_PROCESS')
   4 - access("OBJECT_ID"=:B1)
   6 - access("PROCMLSSUMM"."LOCALE"="LOCALE")
  10 - access("X"."LOV_VALUE_ID"="TL"."LOV_VALUE_ID"(+) AND "X"."LOCALE_ID"="TL"."LOCALE_ID"(+))
  11 - access("X"."LOV_ID"="LOVNAME"."LOV_ID")
  13 - access("LOVNAME"."LOV_NAME"='MS_GRC_LABLES')
  16 - filter("ENABLED_FLAG"='Y')
  18 - filter("T"."STORED_VALUE"='CLICK_HERE' AND "T"."ORG_ENTITY_ID"=1)
  29 - access("REL"."REL_SOURCE_OBJECT_ID"=:2)
  32 - access("DEFN"."SRC_OBJ_TYPE"=:1 AND "DEFN"."DEST_OBJ_TYPE"='MS_GRC_PROCESS')
  33 - access("REL"."REL_SOURCE_ID"="REL_ORB"."REL_SOURCE_ID")
  34 - filter("DEFN"."REL_ID"="REL_ORB"."REL_CONFIG_ID")
  38 - access("DEFN"."SRC_OBJ_TYPE"='MS_GRC_PROCESS' AND "DEFN"."DEST_OBJ_TYPE"=:1)
  39 - filter("DEFN"."REL_ID"="REL_ORB"."REL_CONFIG_ID")
  40 - access("REL_ORB"."TGT_OBJ_ID"=:2)
  42 - access("REL"."REL_SOURCE_ID"="REL_ORB"."REL_SOURCE_ID")
  43 - access("INN"."TGT_OBJ_ID"="PROCSUMM"."OBJECT_ID")
  44 - access("INN"."TGT_OBJ_ID"="PROCSUMM"."OBJECT_ID")
  46 - access("PROCSUMM"."OBJECT_ID"="PROCMLSSUMM"."OBJECT_ID")
       filter("X"."LOCALE_ID"=TO_NUMBER("PROCMLSSUMM"."LOCALE_ID"))
  49 - access("USER_NAME"=:3)
 
</code></pre><header class="major"><h2>Column Projection Information (identified by operation id):</h2></header><pre><code>
 
   1 - "SI_METRICS_T".ROWID[ROWID,10], "METRIC_ID"[NUMBER,22]
   2 - "SI_METRICS_T".ROWID[ROWID,10]
   3 - "MS_GRC_PROCESS".ROWID[ROWID,10], "DD_INSTANCE_ID"[NUMBER,22]
   4 - "MS_GRC_PROCESS".ROWID[ROWID,10]
   5 - (#keys=1) "PROCSUMM"."UPPER_OBJECT_NAME"[VARCHAR2,3000], "PROCSUMM"."OBJECT_ID"[VARCHAR2,1600], 
       "PROCSUMM"."OBJECT_NAME"[VARCHAR2,4000], "PROCMLSSUMM"."OBJECT_STATUS"[VARCHAR2,4000], 
       "INN"."REL_DIR_TYPE"[CHARACTER,7], "MS_GRC_UTILITIES"."FN_GET_REPORT_JSON"( (SELECT "METRIC_ID" FROM 
       "SI_METRICS_T" "SI_METRICS_T" WHERE "METRIC_NAME"='MS_GRC_PROCESS'),"PROCSUMM"."DD_PROCESS_INSTANCE_ID", (SELECT 
       "DD_INSTANCE_ID" FROM "MS_GRC_PROCESS" "MS_GRC_PROCESS" WHERE 
       "OBJECT_ID"=:B1),'''flag=1&emd=1&x_edit_mode=Yes&wrapper= No&mode=view''')[4000]
   6 - (#keys=1) "INN"."REL_DIR_TYPE"[CHARACTER,7], "PROCSUMM"."UPPER_OBJECT_NAME"[VARCHAR2,3000], 
       "PROCSUMM"."OBJECT_ID"[VARCHAR2,1600], "PROCSUMM"."OBJECT_NAME"[VARCHAR2,4000], 
       "PROCSUMM"."DD_PROCESS_INSTANCE_ID"[NUMBER,22], "PROCMLSSUMM"."OBJECT_STATUS"[VARCHAR2,4000]
   7 - (#keys=0) "INN"."REL_DIR_TYPE"[CHARACTER,7], "PROCSUMM"."UPPER_OBJECT_NAME"[VARCHAR2,3000], 
       "PROCSUMM"."OBJECT_ID"[VARCHAR2,1600], "PROCSUMM"."OBJECT_NAME"[VARCHAR2,4000], 
       "PROCSUMM"."DD_PROCESS_INSTANCE_ID"[NUMBER,22], "PROCMLSSUMM"."LOCALE"[VARCHAR2,400], 
       "PROCMLSSUMM"."OBJECT_STATUS"[VARCHAR2,4000]
   8 - (#keys=0) "X"."LOCALE_ID"[NUMBER,22], "INN"."REL_DIR_TYPE"[CHARACTER,7], 
       "PROCSUMM"."UPPER_OBJECT_NAME"[VARCHAR2,3000], "PROCSUMM"."OBJECT_ID"[VARCHAR2,1600], 
       "PROCSUMM"."OBJECT_NAME"[VARCHAR2,4000], "PROCSUMM"."DD_PROCESS_INSTANCE_ID"[NUMBER,22]
   9 - (#keys=0) "X"."LOCALE_ID"[NUMBER,22], "INN"."TGT_OBJ_ID"[VARCHAR2,4000], "INN"."REL_DIR_TYPE"[CHARACTER,7]
  10 - (#keys=2) "X"."LOCALE_ID"[NUMBER,22]
  11 - (#keys=1) "X"."LOV_VALUE_ID"[NUMBER,22], "X"."LOCALE_ID"[NUMBER,22]
  12 - "LOVNAME"."LOV_ID"[NUMBER,22]
  13 - "LOVNAME".ROWID[ROWID,10]
  14 - "X"."LOV_VALUE_ID"[NUMBER,22], "X"."LOV_ID"[NUMBER,22], "X"."LOCALE_ID"[NUMBER,22]
  15 - (#keys=0) "LOCALE_ID"[NUMBER,22], "T"."LOV_VALUE_ID"[NUMBER,22], "T"."LOV_ID"[NUMBER,22]
  16 - "LOCALE_ID"[NUMBER,22]
  17 - (#keys=0) "T"."LOV_VALUE_ID"[NUMBER,22], "T"."LOV_ID"[NUMBER,22]
  18 - "T"."LOV_VALUE_ID"[NUMBER,22], "T"."LOV_ID"[NUMBER,22]
  19 - "TL"."LOV_VALUE_ID"[NUMBER,22], "TL"."LOCALE_ID"[NUMBER,22]
  20 - (#keys=0) "INN"."TGT_OBJ_ID"[VARCHAR2,4000], "INN"."REL_DIR_TYPE"[CHARACTER,7]
  21 - "INN"."TGT_OBJ_ID"[VARCHAR2,4000], "INN"."REL_DIR_TYPE"[CHARACTER,7]
  22 - (#keys=3) "TGT_OBJ_ID"[VARCHAR2,4000], "SRC_OBJ_ID"[VARCHAR2,4000], "REL_DIR_TYPE"[CHARACTER,7]
  23 - "SRC_OBJ_ID"[VARCHAR2,4000], "TGT_OBJ_ID"[VARCHAR2,4000], "REL_DIR_TYPE"[CHARACTER,7]
  24 - STRDEF[512], STRDEF[4000], STRDEF[512], STRDEF[4000], STRDEF[7]
  25 - (#keys=0) "REL"."REL_SOURCE_OBJECT_ID"[VARCHAR2,1016], "DEFN"."SRC_OBJ_TYPE"[VARCHAR2,512], 
       "DEFN"."DEST_OBJ_TYPE"[VARCHAR2,512], "REL_ORB"."TGT_OBJ_ID"[VARCHAR2,4000]
  26 - (#keys=0) "REL"."REL_SOURCE_OBJECT_ID"[VARCHAR2,1016], "DEFN"."REL_ID"[VARCHAR2,160], 
       "DEFN"."SRC_OBJ_TYPE"[VARCHAR2,512], "DEFN"."DEST_OBJ_TYPE"[VARCHAR2,512], "REL_ORB".ROWID[ROWID,10]
  27 - (#keys=0) "REL"."REL_SOURCE_OBJECT_ID"[VARCHAR2,1016], "REL"."REL_SOURCE_ID"[VARCHAR2,1020], 
       "DEFN"."REL_ID"[VARCHAR2,160], "DEFN"."SRC_OBJ_TYPE"[VARCHAR2,512], "DEFN"."DEST_OBJ_TYPE"[VARCHAR2,512]
  28 - "REL"."REL_SOURCE_OBJECT_ID"[VARCHAR2,1016], "REL"."REL_SOURCE_ID"[VARCHAR2,1020]
  29 - "REL".ROWID[ROWID,10], "REL"."REL_SOURCE_OBJECT_ID"[VARCHAR2,1016]
  30 - (#keys=0) "DEFN"."REL_ID"[VARCHAR2,160], "DEFN"."SRC_OBJ_TYPE"[VARCHAR2,512], 
       "DEFN"."DEST_OBJ_TYPE"[VARCHAR2,512]
  31 - "DEFN"."REL_ID"[VARCHAR2,160], "DEFN"."SRC_OBJ_TYPE"[VARCHAR2,512], "DEFN"."DEST_OBJ_TYPE"[VARCHAR2,512]
  32 - "DEFN".ROWID[ROWID,10], "DEFN"."SRC_OBJ_TYPE"[VARCHAR2,512], "DEFN"."DEST_OBJ_TYPE"[VARCHAR2,512]
  33 - "REL_ORB".ROWID[ROWID,10]
  34 - "REL_ORB"."TGT_OBJ_ID"[VARCHAR2,4000]
  35 - (#keys=0) "DEFN"."SRC_OBJ_TYPE"[VARCHAR2,512], "DEFN"."DEST_OBJ_TYPE"[VARCHAR2,512], 
       "REL_ORB"."TGT_OBJ_ID"[VARCHAR2,4000], "REL"."REL_SOURCE_OBJECT_ID"[VARCHAR2,1016]
  36 - (#keys=0) "DEFN"."SRC_OBJ_TYPE"[VARCHAR2,512], "DEFN"."DEST_OBJ_TYPE"[VARCHAR2,512], 
       "REL_ORB"."TGT_OBJ_ID"[VARCHAR2,4000], "REL_ORB"."REL_SOURCE_ID"[VARCHAR2,1020]
  37 - "DEFN"."REL_ID"[VARCHAR2,160], "DEFN"."SRC_OBJ_TYPE"[VARCHAR2,512], "DEFN"."DEST_OBJ_TYPE"[VARCHAR2,512]
  38 - "DEFN".ROWID[ROWID,10], "DEFN"."SRC_OBJ_TYPE"[VARCHAR2,512], "DEFN"."DEST_OBJ_TYPE"[VARCHAR2,512]
  39 - "REL_ORB"."TGT_OBJ_ID"[VARCHAR2,4000], "REL_ORB"."REL_SOURCE_ID"[VARCHAR2,1020]
  40 - "REL_ORB".ROWID[ROWID,10], "REL_ORB"."TGT_OBJ_ID"[VARCHAR2,4000]
  41 - "REL"."REL_SOURCE_OBJECT_ID"[VARCHAR2,1016]
  42 - "REL".ROWID[ROWID,10]
  43 - "PROCSUMM"."UPPER_OBJECT_NAME"[VARCHAR2,3000], "PROCSUMM"."OBJECT_ID"[VARCHAR2,1600], 
       "PROCSUMM"."OBJECT_NAME"[VARCHAR2,4000], "PROCSUMM"."DD_PROCESS_INSTANCE_ID"[NUMBER,22]
  44 - "PROCSUMM".ROWID[ROWID,3034], "PROCSUMM"."UPPER_OBJECT_NAME"[VARCHAR2,3000], "OBJ_SUMM_WID"[NUMBER,22], 
       "PROCSUMM"."OBJECT_ID"[VARCHAR2,1600], "PROCSUMM"."OBJECT_NAME"[VARCHAR2,4000], 
       "PROCSUMM"."DD_PROCESS_INSTANCE_ID"[NUMBER,22], "PROCSUMM".ROWID[ROWID,3034]
  45 - "PROCMLSSUMM"."LOCALE"[VARCHAR2,400], "PROCMLSSUMM"."OBJECT_STATUS"[VARCHAR2,4000]
  46 - "PROCMLSSUMM".ROWID[ROWID,10]
  47 - "LOCALE"[VARCHAR2,100]
  48 - "LOCALE"[VARCHAR2,100]
  49 - "SI_USERS_T".ROWID[ROWID,10]
										</code></pre>
								</section>
						</div>
					</div>

				<!-- Sidebar -->
				<div id="sidebar">
					<div class="inner">
						<!-- Menu -->
						<nav id="menu">
							<header class="major">
								<h2>Menu</h2>
							</header>
							<ul>
								<li><a href="../index.html">Module List</a></li>
								<li><a href="index.html">Summary</a></li>
								<li>
									<span class="opener">DB Analysis</span>
									<ul>
										<li><a href="bad-sql.html">Bad SQL</a></li>
										<li><a href="poor-sql.html">Poor SQL Plan</a></li>
										<li><a href="invalid-sql.html">Invalid SQL</a></li>
										<li><a href="full-sql.html">Full SQL Report</a></li>
										<li><a href="table-nil-key.html">Primary/Unique Key Miss</a></li>
										<li><a href="invalid-db-object.html">Invalid DB Objects</a></li>
									</ul>
								</li>
								<li>
									<span class="opener">Infolets</span>
									<ul>
										<li><a href="keep-history-infolets.html">Keep History Infolets</a></li>
									</ul>
								</li>
								<li>
									<span class="opener">Pushforms</span>
									<ul>
										<li><a href="pushform-denormalize.html">Pushform Denormalized</a></li>
									</ul>
								</li>
							</ul>
						</nav>

						<!-- Section -->
						<section>
							<header class="major">
								<h2>Get in touch</h2>
							</header>
							<p>You need more details on the report or want more functionality, don't hesitate to reach out to us.</p>
							<ul class="contact">
								<li class="fa-envelope-o"><a href="mailto:rnd@metricstream.com?Subject=Reg - Static Code Analysis Tool" target="_top">rnd@metricstream.com</a></li>
							</ul>
						</section>

						<!-- Footer -->
						<footer id="footer">
							<p class="copyright">&copy; <a href="http://www.metricstream.com" target="_blank">MetricStream</a>. All rights reserved. </p>
						</footer>
					</div>
				</div>
			</div>

		<!-- Scripts -->
			<script src="../../lib/assets/js/jquery.min.js"></script>
			<script src="../../lib/assets/js/skel.min.js"></script>
			<script src="../../lib/assets/js/util.js"></script>
			<!--[if lte IE 8]><script src="../../lib/assets/js/ie/respond.min.js"></script><![endif]-->
			<script src="../../lib/assets/js/main.js"></script>
	</body>
</html>