<!DOCTYPE HTML>
<html>
	<head>
		<title>Code Analysis - MetricStream</title>
		<meta charset="utf-8" />
		<meta name="viewport" content="width=device-width, initial-scale=1, user-scalable=no" />
		<!--[if lte IE 8]><script src="../../lib/assets/js/ie/html5shiv.js"></script><![endif]-->
		<link rel="stylesheet" href="../../lib/assets/css/main.css" />
		<!--[if lte IE 9]><link rel="stylesheet" href="../../lib/assets/css/ie9.css" /><![endif]-->
		<!--[if lte IE 8]><link rel="stylesheet" href="../../lib/assets/css/ie8.css" /><![endif]-->
	</head>
	<body>

		<!-- Wrapper -->
			<div id="wrapper">

				<!-- Main -->
					<div id="main">
						<div class="inner">
							<!-- Header -->
								<header id="header">
									<a href="index.html" class="logo"><strong>Static Code Analysis Report</strong> by Code Analyzer Tool</a>
								</header>

							<!-- Content -->
								<section>
									<!-- Content -->
										<header class="major"><h2>Infolet Details</h2></header>
										<div class="table-wrapper">
											<table>
												<tbody>
													<tr>
														<th>Name</th>
														<td>MS_GRC_RELATIONSHIP_STRING (101046)</td>
													</tr>
													<tr>
														<th>SQL</th>
														<td><pre><code>Select
(Dbms_Xmlgen.Convert(Extract(Xmlagg (Xmlelement (E,Decode(To_Char(Rownum),'1','','@@') ||(a.Obj_Type
  ||'^^'
  || A.Related_To
  ||'$$'||Nvl(a.Mandate_Rel,'null'))) ),'//text()').Getclobval(),1)) Default_String From
  (Select Rel.Obj_Type As Obj_Type,Ms_Concat(Distinct Rel.Related_To) Related_To,Ms_Concat(Distinct Mandate_Rel_To) Mandate_Rel
From Ms_Grc_Obj_Rel_Config_Typ Typ,Ms_Grc_Obj_Rel_Config_Rel Rel ,Ms_Grc_Obj_Rel_Config_Mrl mrl,Si_Users_T usr
Where Rel.Obj_Type=Typ.Obj_Type
And Typ.Obj_Type = Mrl.Obj_Type(+)
and usr.user_name=:1
group by Rel.Obj_Type) a</code></pre></td>
													</tr>
													<tr>
														<th>Description</th>
														<td>null</td>
													</tr>
												</tbody>
											</table>
										</div>

										<h2 align="center" id="content">Analysis Report</h2>
										<hr>

<header class="major"><h2>Plan hash value: 707995774</h2></header><pre><code>
 
---------------------------------------------------------------------------------------------------------
| Id  | Operation                | Name                         | Rows  | Bytes | Cost (%CPU)| Time     |
---------------------------------------------------------------------------------------------------------
|   0 | SELECT STATEMENT         |                              |     1 |  4516 |     5  (20)| 00:00:01 |
|   1 |  SORT AGGREGATE          |                              |     1 |  4516 |            |          |
|   2 |   COUNT                  |                              |       |       |            |          |
|   3 |    VIEW                  |                              |     4 | 18064 |     5  (20)| 00:00:01 |
|   4 |     SORT GROUP BY        |                              |     4 |   424 |     5  (20)| 00:00:01 |
|*  5 |      HASH JOIN           |                              |   159 | 16854 |     4   (0)| 00:00:01 |
|*  6 |       HASH JOIN OUTER    |                              |    18 |  1260 |     3   (0)| 00:00:01 |
|   7 |        NESTED LOOPS      |                              |    18 |   576 |     2   (0)| 00:00:01 |
|*  8 |         INDEX UNIQUE SCAN| USER_NAME_UK                 |     1 |    13 |     1   (0)| 00:00:01 |
|   9 |         INDEX FULL SCAN  | MS_GRC_OBJ_REL_CONFIG_TYP_UK |    18 |   342 |     1   (0)| 00:00:01 |
|  10 |        INDEX FULL SCAN   | MS_GRC_OBJ_REL_CONFIG_MRL_UK |     4 |   152 |     1   (0)| 00:00:01 |
|  11 |       INDEX FULL SCAN    | MS_GRC_OBJ_REL_CONFIG_REL_UK |   159 |  5724 |     1   (0)| 00:00:01 |
---------------------------------------------------------------------------------------------------------
 
</code></pre><header class="major"><h2>Query Block Name / Object Alias (identified by operation id):</h2></header><pre><code>
 
   1 - SEL$1
   3 - SEL$2 / A@SEL$1
   4 - SEL$2
   8 - SEL$2 / USR@SEL$2
   9 - SEL$2 / TYP@SEL$2
  10 - SEL$2 / MRL@SEL$2
  11 - SEL$2 / REL@SEL$2
 
</code></pre><header class="major"><h2>Predicate Information (identified by operation id):</h2></header><pre><code>
 
   5 - access("REL"."OBJ_TYPE"="TYP"."OBJ_TYPE")
   6 - access("TYP"."OBJ_TYPE"="MRL"."OBJ_TYPE"(+))
   8 - access("USR"."USER_NAME"=:1)
 
</code></pre><header class="major"><h2>Column Projection Information (identified by operation id):</h2></header><pre><code>
 
   1 - (#keys=0) "XMLAGG"(XMLELEMENT("E",DECODE(TO_CHAR(ROWNUM),'1','','@@')||("A"."OBJ_TYPE"||'^
       ^'||"A"."RELATED_TO"||'$$'||NVL("A"."MANDATE_REL",'null'))))[64]
   2 - "A"."OBJ_TYPE"[VARCHAR2,1020], "A"."RELATED_TO"[VARCHAR2,4000], 
       "A"."MANDATE_REL"[VARCHAR2,4000], ROWNUM[4]
   3 - "A"."OBJ_TYPE"[VARCHAR2,1020], "A"."RELATED_TO"[VARCHAR2,4000], 
       "A"."MANDATE_REL"[VARCHAR2,4000]
   4 - (#keys=1) "REL"."OBJ_TYPE"[VARCHAR2,1020], "MS_CONCAT"(DISTINCT 
       "REL"."RELATED_TO")[4000], "MS_CONCAT"(DISTINCT "MANDATE_REL_TO")[4000]
   5 - (#keys=1) "REL"."OBJ_TYPE"[VARCHAR2,1020], "MANDATE_REL_TO"[VARCHAR2,4000], 
       "REL"."RELATED_TO"[VARCHAR2,4000]
   6 - (#keys=1) "TYP"."OBJ_TYPE"[VARCHAR2,1020], "MANDATE_REL_TO"[VARCHAR2,4000]
   7 - (#keys=0) "TYP"."OBJ_TYPE"[VARCHAR2,1020]
   9 - "TYP"."OBJ_TYPE"[VARCHAR2,1020]
  10 - "MANDATE_REL_TO"[VARCHAR2,4000], "MRL"."OBJ_TYPE"[VARCHAR2,1020]
  11 - "REL"."RELATED_TO"[VARCHAR2,4000], "REL"."OBJ_TYPE"[VARCHAR2,1020]
 
Note
-----
   - Unoptimized XML construct detected (enable XMLOptimizationCheck for more information)
										</code></pre>
								</section>
						</div>
					</div>

				<!-- Sidebar -->
				<div id="sidebar">
					<div class="inner">
						<!-- Menu -->
						<nav id="menu">
							<header class="major">
								<h2>Menu</h2>
							</header>
							<ul>
								<li><a href="../index.html">Module List</a></li>
								<li><a href="index.html">Summary</a></li>
								<li>
									<span class="opener">DB Analysis</span>
									<ul>
										<li><a href="bad-sql.html">Bad SQL</a></li>
										<li><a href="poor-sql.html">Poor SQL Plan</a></li>
										<li><a href="invalid-sql.html">Invalid SQL</a></li>
										<li><a href="full-sql.html">Full SQL Report</a></li>
										<li><a href="table-nil-key.html">Primary/Unique Key Miss</a></li>
										<li><a href="invalid-db-object.html">Invalid DB Objects</a></li>
										<li><a href="sequence-with-less-cache.html">Sequence</a></li>
										<li><a href="table-index-lob-size.html">Table Size</a></li>
										<li><a href="table-row-count.html">Table Row Count</a></li>
									</ul>
								</li>
								<li>
								    <span class="opener">LOB</span>
								    <ul>
								        <li><a href="lob-no-cache.html">LOB - No Cache</a></li>
								        <li><a href="lob-columns.html">LOB - All Columns</a></li>
								    </ul>
								</li>
								<li>
									<span class="opener">Infolets</span>
									<ul>
										<li><a href="keep-history-infolets.html">Keep History Infolets</a></li>
										<li><a href="plsql-context-switch.html">SQL-PL/SQL Context Switch</a></li>
									</ul>
								</li>
								<li>
									<span class="opener">Pushforms</span>
									<ul>
										<li><a href="pushform-denormalize.html">Pushform Denormalized</a></li>
									</ul>
								</li>
								<li>
									<span class="opener">PL/SQL</span>
									<ul>
										<li><a href="plsql-dyn-qry-objs.html">Dynamic Query</a></li>
									</ul>
								</li>
							</ul>
						</nav>

						<!-- Section -->
						<section>
							<header class="major">
								<h2>Get in touch</h2>
							</header>
							<p>You need more details on the report or want more functionality, don't hesitate to reach out to us.</p>
							<ul class="contact">
								<li class="fa-envelope-o"><a href="mailto:apps-rnd-arch-team@metricstream.com?Subject=Reg - Code Analysis Tool" target="_top">apps-rnd-arch-team@metricstream.com</a></li>
							</ul>
						</section>

						<!-- Footer -->
						<footer id="footer">
							<p class="copyright">&copy; <a href="http://www.metricstream.com" target="_blank">MetricStream</a>. All rights reserved. </p>
						</footer>
					</div>
				</div>
			</div>

		<!-- Scripts -->
			<script src="../../lib/assets/js/jquery.min.js"></script>
			<script src="../../lib/assets/js/skel.min.js"></script>
			<script src="../../lib/assets/js/util.js"></script>
			<!--[if lte IE 8]><script src="../../lib/assets/js/ie/respond.min.js"></script><![endif]-->
			<script src="../../lib/assets/js/main.js"></script>
	</body>
</html>