<!DOCTYPE HTML>
<html>
	<head>
		<title>Code Analysis - MetricStream</title>
		<meta charset="utf-8" />
		<meta name="viewport" content="width=device-width, initial-scale=1, user-scalable=no" />
		<!--[if lte IE 8]><script src="../../lib/assets/js/ie/html5shiv.js"></script><![endif]-->
		<link rel="stylesheet" href="../../lib/assets/css/main.css" />
		<!--[if lte IE 9]><link rel="stylesheet" href="../../lib/assets/css/ie9.css" /><![endif]-->
		<!--[if lte IE 8]><link rel="stylesheet" href="../../lib/assets/css/ie8.css" /><![endif]-->
	</head>
	<body>

		<!-- Wrapper -->
			<div id="wrapper">

				<!-- Main -->
					<div id="main">
						<div class="inner">
							<!-- Header -->
								<header id="header">
									<a href="index.html" class="logo"><strong>Static Code Analysis Report</strong> by Code Analyzer Tool</a>
								</header>

							<!-- Content -->
								<section>
									<!-- Content -->
										<header class="major"><h2>Infolet Details</h2></header>
										<div class="table-wrapper">
											<table>
												<tbody>
													<tr>
														<td><b>Name</b></td>
														<td>MS_GRC_SHOW_PARENT_OBJECTS (101060)</td>
													</tr>
													<tr>
														<td><b>SQL</b></td>
														<td><pre><code>SELECT distinct object_name AS obj_name,
  'Level '
  ||object_level AS obj_level,
  DD_OBJECT_TYPE AS OBJ_TYPE,
  a.OBJECT_ID    AS OBJ_ID
FROM MS_GRC_CORE_OBJECT a,
  MS_GRC_CORE_OBJECT_OGN B
where a.OBJECT_ID          =B.OBJECT_ID
AND A.DD_OBJECT_TYPE = 'MS_GRC_PROCESS'
AND dd_PROCESS_INSTANCE_ID =
  (SELECT MAX(dd_PROCESS_INSTANCE_ID)
  FROM MS_GRC_CORE_OBJECT B
  WHERE B.dd_PROCESS_INSTANCE_ID =a.dd_PROCESS_INSTANCE_ID
  AND DD_OBJECT_TYPE             =a.DD_OBJECT_TYPE
  )
AND OBJECT_LEVEL    = (:1 -1)
AND TRUNC(sysdate) >= TRUNC(NVL(VALID_FROM,sysdate))
and TRUNC(sysdate) <= TRUNC(NVL(VALID_UNTIL,sysdate))
and 
  MS_APPS_SECURITY_PKG.CHECK_OBJECT_ACCESS(a.DD_OBJECT_TYPE, a.RESTRICT_ACCESS_TO,
  (select OWNER_ORG_IDS from MS_GRC_PROCESS_RV where OBJECT_ID=a.OBJECT_ID
  ),:2, 'VIEW') = 'ACCESS'</code></pre></td>
													</tr>
													<tr>
														<td><b>Description</b></td>
														<td>null</td>
													</tr>
												</tbody>
											</table>
										</div>

										<h2 align="center" id="content">Analysis Report</h2>
										<hr>

<header class="major"><h2>Plan hash value: 3110233345</h2></header><pre><code>
 
--------------------------------------------------------------------------------------------------------------------
| Id  | Operation                         | Name                           | Rows  | Bytes | Cost (%CPU)| Time     |
--------------------------------------------------------------------------------------------------------------------
|   0 | SELECT STATEMENT                  |                                |     1 |   114 |    24   (9)| 00:00:01 |
|   1 |  SORT UNIQUE                      |                                |     1 |   114 |    24   (9)| 00:00:01 |
|*  2 |   FILTER                          |                                |       |       |            |          |
|*  3 |    HASH JOIN                      |                                |     1 |   114 |    21   (5)| 00:00:01 |
|*  4 |     HASH JOIN                     |                                |     1 |   100 |    16   (7)| 00:00:01 |
|*  5 |      TABLE ACCESS BY INDEX ROWID  | MS_GRC_CORE_OBJECT             |     1 |    68 |     8   (0)| 00:00:01 |
|*  6 |       INDEX RANGE SCAN            | MS_GRC_IDX_DD_OBJ_TYP_CORE_OBJ |   340 |       |     1   (0)| 00:00:01 |
|   7 |      VIEW                         | VW_SQ_1                        |   241 |  7712 |     9  (12)| 00:00:01 |
|   8 |       SORT GROUP BY               |                                |   241 |  4579 |     9  (12)| 00:00:01 |
|   9 |        TABLE ACCESS BY INDEX ROWID| MS_GRC_CORE_OBJECT             |   340 |  6460 |     8   (0)| 00:00:01 |
|* 10 |         INDEX RANGE SCAN          | MS_GRC_IDX_DD_OBJ_TYP_CORE_OBJ |   340 |       |     1   (0)| 00:00:01 |
<font style="background-color: lightblue; color: red">|  11 |     TABLE ACCESS FULL             | MS_GRC_CORE_OBJECT_OGN         |  3219 | 45066 |     5   (0)| 00:00:01 |</font>
|  12 |    NESTED LOOPS                   |                                |     1 |    43 |     2   (0)| 00:00:01 |
|* 13 |     TABLE ACCESS BY INDEX ROWID   | MS_GRC_PROCESS                 |     1 |    29 |     1   (0)| 00:00:01 |
|* 14 |      INDEX UNIQUE SCAN            | MS_GRC_PROCESS_PK              |     1 |       |     1   (0)| 00:00:01 |
|* 15 |     INDEX UNIQUE SCAN             | MS_GRC_CORE_OBJECT_PK          |     1 |    14 |     1   (0)| 00:00:01 |
|  16 |    SORT AGGREGATE                 |                                |     1 |    21 |            |          |
<font style="background-color: lightblue; color: red">|* 17 |     INDEX SKIP SCAN               | MS_GRC_CORE_OBJECT_OGN_UK      |     2 |    42 |     2   (0)| 00:00:01 |</font>
--------------------------------------------------------------------------------------------------------------------
 
</code></pre><header class="major"><h2>Query Block Name / Object Alias (identified by operation id):</h2></header><pre><code>
 
   1 - SEL$C772B8D1
   5 - SEL$C772B8D1 / A@SEL$1
   6 - SEL$C772B8D1 / A@SEL$1
   7 - SEL$683B0107 / VW_SQ_1@SEL$7511BFD2
   8 - SEL$683B0107
   9 - SEL$683B0107 / B@SEL$2
  10 - SEL$683B0107 / B@SEL$2
  11 - SEL$C772B8D1 / B@SEL$1
  12 - SEL$07BDC5B4
  13 - SEL$07BDC5B4 / B@SEL$4
  14 - SEL$07BDC5B4 / B@SEL$4
  15 - SEL$07BDC5B4 / A@SEL$4
  16 - SEL$6       
  17 - SEL$6        / E@SEL$6
 
</code></pre><header class="major"><h2>Predicate Information (identified by operation id):</h2></header><pre><code>
 
   2 - filter("MS_APPS_SECURITY_PKG"."CHECK_OBJECT_ACCESS"("A"."DD_OBJECT_TYPE","A"."RESTRICT_ACCESS_TO", 
              (SELECT  (SELECT "MS_CONCAT"("OWNER_ORGANIZATIONS") FROM METRICSTREAM."MS_GRC_CORE_OBJECT_OGN" "E" WHERE 
              "E"."OBJECT_ID"=:B1) FROM METRICSTREAM."MS_GRC_PROCESS" "B",METRICSTREAM."MS_GRC_CORE_OBJECT" "A" WHERE 
              "A"."OBJECT_ID"=:B2 AND "B"."OBJECT_ID"=:B3 AND "B"."DD_OBJECT_TYPE"='MS_GRC_PROCESS'),:2,'VIEW')='ACCESS')
   3 - access("A"."OBJECT_ID"="B"."OBJECT_ID")
   4 - access("DD_PROCESS_INSTANCE_ID"="MAX(DD_PROCESS_INSTANCE_ID)" AND 
              "ITEM_0"="A"."DD_PROCESS_INSTANCE_ID" AND "ITEM_1"="A"."DD_OBJECT_TYPE")
   5 - filter(TO_NUMBER("OBJECT_LEVEL")=TO_NUMBER(:1)-1 AND 
              TRUNC(NVL("VALID_FROM",SYSDATE@!))<=TRUNC(SYSDATE@!) AND 
              TRUNC(NVL("VALID_UNTIL",SYSDATE@!))>=TRUNC(SYSDATE@!))
   6 - access("A"."DD_OBJECT_TYPE"='MS_GRC_PROCESS')
  10 - access("DD_OBJECT_TYPE"='MS_GRC_PROCESS')
  13 - filter("B"."DD_OBJECT_TYPE"='MS_GRC_PROCESS')
  14 - access("B"."OBJECT_ID"=:B1)
  15 - access("A"."OBJECT_ID"=:B1)
  17 - access("E"."OBJECT_ID"=:B1)
       filter("E"."OBJECT_ID"=:B1)
 
</code></pre><header class="major"><h2>Column Projection Information (identified by operation id):</h2></header><pre><code>
 
   1 - (#keys=4) "OBJECT_NAME"[VARCHAR2,4000], 'Level '||"OBJECT_LEVEL"[406], 
       "DD_OBJECT_TYPE"[VARCHAR2,400], "A"."OBJECT_ID"[VARCHAR2,400]
   2 - "A"."OBJECT_ID"[VARCHAR2,400], "A"."DD_OBJECT_TYPE"[VARCHAR2,400], "OBJECT_LEVEL"[VARCHAR2,400], 
       "OBJECT_NAME"[VARCHAR2,4000]
   3 - (#keys=1) "A"."OBJECT_ID"[VARCHAR2,400], "A"."DD_OBJECT_TYPE"[VARCHAR2,400], 
       "OBJECT_LEVEL"[VARCHAR2,400], "A"."RESTRICT_ACCESS_TO"[VARCHAR2,40], "OBJECT_NAME"[VARCHAR2,4000]
   4 - (#keys=3) "A"."DD_OBJECT_TYPE"[VARCHAR2,400], "OBJECT_LEVEL"[VARCHAR2,400], 
       "A"."RESTRICT_ACCESS_TO"[VARCHAR2,40], "A"."OBJECT_ID"[VARCHAR2,400], "OBJECT_NAME"[VARCHAR2,4000]
   5 - "OBJECT_LEVEL"[VARCHAR2,400], "A"."RESTRICT_ACCESS_TO"[VARCHAR2,40], "A"."OBJECT_ID"[VARCHAR2,400], 
       "A"."DD_OBJECT_TYPE"[VARCHAR2,400], "OBJECT_NAME"[VARCHAR2,4000], "DD_PROCESS_INSTANCE_ID"[NUMBER,22]
   6 - "A".ROWID[ROWID,10], "A"."DD_OBJECT_TYPE"[VARCHAR2,400]
   7 - "MAX(DD_PROCESS_INSTANCE_ID)"[NUMBER,22], "ITEM_0"[NUMBER,22], "ITEM_1"[VARCHAR2,400]
   8 - (#keys=2) "B"."DD_PROCESS_INSTANCE_ID"[NUMBER,22], "DD_OBJECT_TYPE"[VARCHAR2,400], 
       MAX("DD_PROCESS_INSTANCE_ID")[22]
   9 - "DD_OBJECT_TYPE"[VARCHAR2,400], "DD_PROCESS_INSTANCE_ID"[NUMBER,22]
  10 - "B".ROWID[ROWID,10], "DD_OBJECT_TYPE"[VARCHAR2,400]
  11 - "B"."OBJECT_ID"[VARCHAR2,400]
  12 - (#keys=0) "A"."OBJECT_ID"[VARCHAR2,400]
  14 - "B".ROWID[ROWID,10]
  15 - "A"."OBJECT_ID"[VARCHAR2,400]
  16 - (#keys=0) "MS_CONCAT"("OWNER_ORGANIZATIONS")[4000]
  17 - "OWNER_ORGANIZATIONS"[VARCHAR2,4000]
										</code></pre>
								</section>
						</div>
					</div>

				<!-- Sidebar -->
				<div id="sidebar">
					<div class="inner">
						<!-- Menu -->
						<nav id="menu">
							<header class="major">
								<h2>Menu</h2>
							</header>
							<ul>
								<li><a href="../index.html">Module List</a></li>
								<li><a href="index.html">Summary</a></li>
								<li>
									<span class="opener">DB Analysis</span>
									<ul>
										<li><a href="bad-sql.html">Bad SQL</a></li>
										<li><a href="poor-sql.html">Poor SQL Plan</a></li>
										<li><a href="invalid-sql.html">Invalid SQL</a></li>
										<li><a href="full-sql.html">Full SQL Report</a></li>
										<li><a href="table-nil-key.html">Primary/Unique Key Miss</a></li>
										<li><a href="invalid-db-object.html">Invalid DB Objects</a></li>
									</ul>
								</li>
								<li>
									<span class="opener">Infolets</span>
									<ul>
										<li><a href="keep-history-infolets.html">Keep History Infolets</a></li>
									</ul>
								</li>
								<li>
									<span class="opener">Pushforms</span>
									<ul>
										<li><a href="pushform-denormalize.html">Pushform Denormalized</a></li>
									</ul>
								</li>
							</ul>
						</nav>

						<!-- Section -->
						<section>
							<header class="major">
								<h2>Get in touch</h2>
							</header>
							<p>You need more details on the report or want more functionality, don't hesitate to reach out to us.</p>
							<ul class="contact">
								<li class="fa-envelope-o"><a href="mailto:rnd@metricstream.com?Subject=Reg - Static Code Analysis Tool" target="_top">rnd@metricstream.com</a></li>
							</ul>
						</section>

						<!-- Footer -->
						<footer id="footer">
							<p class="copyright">&copy; <a href="http://www.metricstream.com" target="_blank">MetricStream</a>. All rights reserved. </p>
						</footer>
					</div>
				</div>
			</div>

		<!-- Scripts -->
			<script src="../../lib/assets/js/jquery.min.js"></script>
			<script src="../../lib/assets/js/skel.min.js"></script>
			<script src="../../lib/assets/js/util.js"></script>
			<!--[if lte IE 8]><script src="../../lib/assets/js/ie/respond.min.js"></script><![endif]-->
			<script src="../../lib/assets/js/main.js"></script>
	</body>
</html>