<!DOCTYPE HTML>
<html>
	<head>
		<title>Code Analysis - MetricStream</title>
		<meta charset="utf-8" />
		<meta name="viewport" content="width=device-width, initial-scale=1, user-scalable=no" />
		<!--[if lte IE 8]><script src="../../lib/assets/js/ie/html5shiv.js"></script><![endif]-->
		<link rel="stylesheet" href="../../lib/assets/css/main.css" />
		<!--[if lte IE 9]><link rel="stylesheet" href="../../lib/assets/css/ie9.css" /><![endif]-->
		<!--[if lte IE 8]><link rel="stylesheet" href="../../lib/assets/css/ie8.css" /><![endif]-->
	</head>
	<body>

		<!-- Wrapper -->
			<div id="wrapper">

				<!-- Main -->
					<div id="main">
						<div class="inner">
							<!-- Header -->
								<header id="header">
									<a href="index.html" class="logo"><strong>Static Code Analysis Report</strong> by Code Analyzer Tool</a>
								</header>

							<!-- Content -->
								<section>
									<!-- Content -->
										<header class="major"><h2>Infolet Details</h2></header>
										<div class="table-wrapper">
											<table>
												<tbody>
													<tr>
														<th>Name</th>
														<td>MS_GRC_61_SP2_OBJ_PRNT (100714)</td>
													</tr>
													<tr>
														<th>SQL</th>
														<td><pre><code>SELECT OBJSUMM.OBJECT_NAME  AS OBJ_NAME,
  OBJMLSSUMM.OBJECT_LEVEL AS OBJ_LEVEL,
  OBJSUMM.DD_OBJECT_TYPE AS OBJ_TYPE,
  OBJSUMM.OBJECT_ID AS OBJ_ID,
OBJMLSSUMM.locale_id AS LOCALE_ID
FROM MS_GRC_OBJECTIVE_SUMMARY OBJSUMM,
     MS_GRC_OBJECTIVE_MLS_SUMMARY OBJMLSSUMM 
WHERE OBJMLSSUMM.OBJECT_ID = OBJSUMM.OBJECT_ID
AND  OBJMLSSUMM.OBJECT_ID IN 
    (SELECT column_value
    FROM TABLE(cast 
    (ms_grc_rep_browser_fil_denorm.fn_obj_report_filter(ms_grc_array_type(NULL,NULL,:1,NULL,NULL,'ACT',
    NULL,NULL,NULL,NULL,NULL,:2-1,NULL,NULL,NULL,NULL,NULL,NULL,NULL,NULL,NULL, NULL,NULL,NULL,
    NULL,NULL,NULL,NULL,NULL,NULL,NULL,NULL,NULL,NULL,NULL,NULL,NULL,NULL, NULL,NULL,'MS_GRC_OBJECTIVES',:3))
    as MS_VARCHAR2_ARRAY ))) and OBJMLSSUMM.LOCALE_ID = (select LOCALE_ID from SI_LOCALES where LOCALE_STRING=(select LOCALE from SI_USERS_T where USER_NAME=:3)
  ) order by upper_object_name</code></pre></td>
													</tr>
													<tr>
														<th>Description</th>
														<td>This infolet extracts data from MS_GRC_OBJECTIVE_DENORM_RV view and is thereby used in Objectives form</td>
													</tr>
												</tbody>
											</table>
										</div>

										<h2 align="center" id="content">Analysis Report</h2>
										<hr>

<header class="major"><h2>Plan hash value: 474110256</h2></header><pre><code>
 
----------------------------------------------------------------------------------------------------------------------
| Id  | Operation                             | Name                         | Rows  | Bytes | Cost (%CPU)| Time     |
----------------------------------------------------------------------------------------------------------------------
|   0 | SELECT STATEMENT                      |                              |     1 |  8616 |    37   (6)| 00:00:01 |
|   1 |  SORT ORDER BY                        |                              |     1 |  8616 |    37   (6)| 00:00:01 |
|   2 |   NESTED LOOPS                        |                              |     1 |  8616 |    32   (4)| 00:00:01 |
|   3 |    NESTED LOOPS                       |                              |     1 |  3008 |    31   (4)| 00:00:01 |
|   4 |     SORT UNIQUE                       |                              |  8168 | 16336 |    29   (0)| 00:00:01 |
<font style="background-color: lightblue; color: red">|   5 |      COLLECTION ITERATOR PICKLER FETCH| FN_OBJ_REPORT_FILTER         |  8168 | 16336 |    29   (0)| 00:00:01 |</font>
|   6 |     TABLE ACCESS BY INDEX ROWID       | MS_GRC_OBJECTIVE_MLS_SUMMARY |     1 |  3006 |     1   (0)| 00:00:01 |
|*  7 |      INDEX RANGE SCAN                 | MS_GRC_OBJC_MLS_SUMM_IDX2    |     1 |       |     1   (0)| 00:00:01 |
|*  8 |       HASH JOIN                       |                              |     1 |   213 |     4   (0)| 00:00:01 |
|   9 |        VIEW                           | VW_SQ_1                      |     1 |   202 |     1   (0)| 00:00:01 |
|  10 |         TABLE ACCESS BY INDEX ROWID   | SI_USERS_T                   |     1 |    19 |     1   (0)| 00:00:01 |
|* 11 |          INDEX UNIQUE SCAN            | USER_NAME_UK                 |     1 |       |     1   (0)| 00:00:01 |
<font style="background-color: lightblue; color: red">|  12 |        TABLE ACCESS FULL              | SI_LOCALES                   |    35 |   385 |     3   (0)| 00:00:01 |</font>
|  13 |    TABLE ACCESS BY INDEX ROWID        | MS_GRC_OBJECTIVE_SUMMARY     |     1 |  5608 |     1   (0)| 00:00:01 |
|* 14 |     INDEX UNIQUE SCAN                 | MS_GRC_OBJEC_SUMM_IDX1       |     1 |       |     1   (0)| 00:00:01 |
----------------------------------------------------------------------------------------------------------------------
 
</code></pre><header class="major"><h2>Query Block Name / Object Alias (identified by operation id):</h2></header><pre><code>
 
   1 - SEL$09D7319C
   5 - SEL$09D7319C / KOKBF$0@SEL$3
   6 - SEL$09D7319C / OBJMLSSUMM@SEL$1
   7 - SEL$09D7319C / OBJMLSSUMM@SEL$1
   8 - SEL$583B776D
   9 - SEL$F495C89B / VW_SQ_1@SEL$E5511D0C
  10 - SEL$F495C89B / SI_USERS_T@SEL$5
  11 - SEL$F495C89B / SI_USERS_T@SEL$5
  12 - SEL$583B776D / SI_LOCALES@SEL$4
  13 - SEL$09D7319C / OBJSUMM@SEL$1
  14 - SEL$09D7319C / OBJSUMM@SEL$1
 
</code></pre><header class="major"><h2>Predicate Information (identified by operation id):</h2></header><pre><code>
 
   7 - access("OBJMLSSUMM"."OBJECT_ID"=VALUE(KOKBF$))
       filter(TO_NUMBER("OBJMLSSUMM"."LOCALE_ID")= (SELECT "LOCALE_ID" FROM "SI_LOCALES" "SI_LOCALES", 
              (SELECT "LOCALE" "LOCALE" FROM "SI_USERS_T" "SI_USERS_T" WHERE "USER_NAME"=:3) "VW_SQ_1" WHERE 
              "LOCALE_STRING"="LOCALE"))
   8 - access("LOCALE_STRING"="LOCALE")
  11 - access("USER_NAME"=:3)
  14 - access("OBJMLSSUMM"."OBJECT_ID"="OBJSUMM"."OBJECT_ID")
 
</code></pre><header class="major"><h2>Column Projection Information (identified by operation id):</h2></header><pre><code>
 
   1 - (#keys=1) "UPPER_OBJECT_NAME"[VARCHAR2,4000], "OBJSUMM"."OBJECT_NAME"[VARCHAR2,4000], 
       "OBJMLSSUMM"."OBJECT_LEVEL"[VARCHAR2,4000], "OBJSUMM"."DD_OBJECT_TYPE"[VARCHAR2,1600], 
       "OBJSUMM"."OBJECT_ID"[VARCHAR2,1600], "OBJMLSSUMM"."LOCALE_ID"[VARCHAR2,400]
   2 - (#keys=0) "OBJMLSSUMM"."LOCALE_ID"[VARCHAR2,400], "OBJMLSSUMM"."OBJECT_LEVEL"[VARCHAR2,4000], 
       "OBJSUMM"."DD_OBJECT_TYPE"[VARCHAR2,1600], "UPPER_OBJECT_NAME"[VARCHAR2,4000], 
       "OBJSUMM"."OBJECT_ID"[VARCHAR2,1600], "OBJSUMM"."OBJECT_NAME"[VARCHAR2,4000]
   3 - (#keys=0) "OBJMLSSUMM"."OBJECT_ID"[VARCHAR2,1600], "OBJMLSSUMM"."LOCALE_ID"[VARCHAR2,400], 
       "OBJMLSSUMM"."OBJECT_LEVEL"[VARCHAR2,4000]
   4 - (#keys=1) VALUE(KOKBF$)[8000]
   5 - VALUE(A0)[8000]
   6 - "OBJMLSSUMM"."OBJECT_ID"[VARCHAR2,1600], "OBJMLSSUMM"."LOCALE_ID"[VARCHAR2,400], 
       "OBJMLSSUMM"."OBJECT_LEVEL"[VARCHAR2,4000]
   7 - "OBJMLSSUMM".ROWID[ROWID,10], "OBJMLSSUMM"."OBJECT_ID"[VARCHAR2,1600], 
       "OBJMLSSUMM"."LOCALE_ID"[VARCHAR2,400]
   8 - (#keys=1) "LOCALE"[VARCHAR2,400], "LOCALE_STRING"[VARCHAR2,400], "LOCALE_ID"[NUMBER,22]
   9 - "LOCALE"[VARCHAR2,400]
  10 - "LOCALE"[VARCHAR2,400]
  11 - "SI_USERS_T".ROWID[ROWID,10]
  12 - "LOCALE_ID"[NUMBER,22], "LOCALE_STRING"[VARCHAR2,400]
  13 - "OBJSUMM"."DD_OBJECT_TYPE"[VARCHAR2,1600], "UPPER_OBJECT_NAME"[VARCHAR2,4000], 
       "OBJSUMM"."OBJECT_ID"[VARCHAR2,1600], "OBJSUMM"."OBJECT_NAME"[VARCHAR2,4000]
  14 - "OBJSUMM".ROWID[ROWID,10], "OBJSUMM"."OBJECT_ID"[VARCHAR2,1600]
										</code></pre>
								</section>
						</div>
					</div>

				<!-- Sidebar -->
				<div id="sidebar">
					<div class="inner">
						<!-- Menu -->
						<nav id="menu">
							<header class="major">
								<h2>Menu</h2>
							</header>
							<ul>
								<li><a href="../index.html">Module List</a></li>
								<li><a href="index.html">Summary</a></li>
								<li>
									<span class="opener">DB Analysis</span>
									<ul>
										<li><a href="bad-sql.html">Bad SQL</a></li>
										<li><a href="poor-sql.html">Poor SQL Plan</a></li>
										<li><a href="invalid-sql.html">Invalid SQL</a></li>
										<li><a href="full-sql.html">Full SQL Report</a></li>
										<li><a href="table-nil-key.html">Primary/Unique Key Miss</a></li>
										<li><a href="invalid-db-object.html">Invalid DB Objects</a></li>
										<li><a href="sequence-with-less-cache.html">Sequence</a></li>
										<li><a href="table-index-lob-size.html">Table Size</a></li>
									</ul>
								</li>
								<li>
								    <span class="opener">LOB</span>
								    <ul>
								        <li><a href="lob-no-cache.html">LOB - No Cache</a></li>
								        <li><a href="lob-columns.html">LOB - All Columns</a></li>
								    </ul>
								</li>
								<li>
									<span class="opener">Infolets</span>
									<ul>
										<li><a href="keep-history-infolets.html">Keep History Infolets</a></li>
										<li><a href="plsql-context-switch.html">SQL-PL/SQL Context Switch</a></li>
									</ul>
								</li>
								<li>
									<span class="opener">Pushforms</span>
									<ul>
										<li><a href="pushform-denormalize.html">Pushform Denormalized</a></li>
									</ul>
								</li>
								<li>
									<span class="opener">PL/SQL</span>
									<ul>
										<li><a href="plsql-dyn-qry-objs.html">Dynamic Query</a></li>
									</ul>
								</li>
							</ul>
						</nav>

						<!-- Section -->
						<section>
							<header class="major">
								<h2>Get in touch</h2>
							</header>
							<p>You need more details on the report or want more functionality, don't hesitate to reach out to us.</p>
							<ul class="contact">
								<li class="fa-envelope-o"><a href="mailto:apps-rnd-arch-team@metricstream.com?Subject=Reg - Code Analysis Tool" target="_top">apps-rnd-arch-team@metricstream.com</a></li>
							</ul>
						</section>

						<!-- Footer -->
						<footer id="footer">
							<p class="copyright">&copy; <a href="http://www.metricstream.com" target="_blank">MetricStream</a>. All rights reserved. </p>
						</footer>
					</div>
				</div>
			</div>

		<!-- Scripts -->
			<script src="../../lib/assets/js/jquery.min.js"></script>
			<script src="../../lib/assets/js/skel.min.js"></script>
			<script src="../../lib/assets/js/util.js"></script>
			<!--[if lte IE 8]><script src="../../lib/assets/js/ie/respond.min.js"></script><![endif]-->
			<script src="../../lib/assets/js/main.js"></script>
	</body>
</html>