<!DOCTYPE HTML>
<html>
	<head>
		<title>Code Analysis - MetricStream</title>
		<meta charset="utf-8" />
		<meta name="viewport" content="width=device-width, initial-scale=1, user-scalable=no" />
		<!--[if lte IE 8]><script src="../../lib/assets/js/ie/html5shiv.js"></script><![endif]-->
		<link rel="stylesheet" href="../../lib/assets/css/main.css" />
		<!--[if lte IE 9]><link rel="stylesheet" href="../../lib/assets/css/ie9.css" /><![endif]-->
		<!--[if lte IE 8]><link rel="stylesheet" href="../../lib/assets/css/ie8.css" /><![endif]-->
	</head>
	<body>

		<!-- Wrapper -->
			<div id="wrapper">

				<!-- Main -->
					<div id="main">
						<div class="inner">
							<!-- Header -->
								<header id="header">
									<a href="index.html" class="logo"><strong>Static Code Analysis Report</strong> by Code Analyzer Tool</a>
								</header>

							<!-- Content -->
								<section>
									<!-- Content -->
										<header class="major"><h2>Infolet Details</h2></header>
										<div class="table-wrapper">
											<table>
												<tbody>
													<tr>
														<th>Name</th>
														<td>MS_GRC_STANDARD_PARENT (101091)</td>
													</tr>
													<tr>
														<th>SQL</th>
														<td><pre><code>SELECT DISTINCT a.object_name AS obj_name,
  'Level '
  ||b.object_level  AS obj_level,
  a. dd_OBJECT_TYPE AS obj_type,
  a.OBJECT_ID       AS OBJ_ID,
  d.locale_id as locale_id
FROM MS_GRC_area_of_complia a,
  ms_Grc_standard b,
  ms_grc_standard_org c,
  si_locales d,
si_users_t e where 
d.locale_string = e.locale
AND e.user_name = :2
and a.OBJECT_ID            = B.OBJECT_ID
AND b.OBJECT_ID              = C.OBJECT_ID
AND OBJECT_LEVEL                                                                                                = (:1 -1)
AND a.DD_OBJECT_TYPE                                                                                            = 'MS_GRC_STANDARD'
AND TRUNC(sysdate)                                                                                             >= TRUNC(NVL(VALID_FROM,sysdate))
And Trunc(Sysdate)                                                                                             <= Trunc(Nvl(Valid_Until,Sysdate))
AND ms_grc_utilities.ms_grc_SECURITY(a.dd_object_type, a.restrict_access_to, c.OWNER_ORGANIZATIONS, :2, 'VIEW') = 'ACCESS'</code></pre></td>
													</tr>
													<tr>
														<th>Description</th>
														<td>null</td>
													</tr>
												</tbody>
											</table>
										</div>

										<h2 align="center" id="content">Analysis Report</h2>
										<hr>

<header class="major"><h2>Plan hash value: 2582793372</h2></header><pre><code>
 
--------------------------------------------------------------------------------------------------------------
| Id  | Operation                        | Name                      | Rows  | Bytes | Cost (%CPU)| Time     |
--------------------------------------------------------------------------------------------------------------
|   0 | SELECT STATEMENT                 |                           |     1 |   134 |     8  (13)| 00:00:01 |
|   1 |  SORT UNIQUE                     |                           |     1 |   134 |     8  (13)| 00:00:01 |
|   2 |   NESTED LOOPS                   |                           |     1 |   134 |     7   (0)| 00:00:01 |
|   3 |    NESTED LOOPS                  |                           |     1 |   113 |     6   (0)| 00:00:01 |
<font style="background-color: lightblue; color: red">|   4 |     MERGE JOIN CARTESIAN         |                           |     1 |    97 |     5   (0)| 00:00:01 |</font>
|   5 |      NESTED LOOPS                |                           |     1 |    30 |     4   (0)| 00:00:01 |
|   6 |       TABLE ACCESS BY INDEX ROWID| SI_USERS_T                |     1 |    19 |     1   (0)| 00:00:01 |
|*  7 |        INDEX UNIQUE SCAN         | USER_NAME_UK              |     1 |       |     1   (0)| 00:00:01 |
<font style="background-color: lightblue; color: red">|*  8 |       TABLE ACCESS FULL          | SI_LOCALES                |     1 |    11 |     3   (0)| 00:00:01 |</font>
|   9 |      BUFFER SORT                 |                           |     1 |    67 |     2   (0)| 00:00:01 |
|* 10 |       TABLE ACCESS BY INDEX ROWID| MS_GRC_AREA_OF_COMPLIA    |     1 |    67 |     1   (0)| 00:00:01 |
|* 11 |        INDEX RANGE SCAN          | MS_GRC_IDX_DD_OBJ_TYP_AOC |     3 |       |     1   (0)| 00:00:01 |
|* 12 |     TABLE ACCESS BY INDEX ROWID  | MS_GRC_STANDARD           |     1 |    16 |     1   (0)| 00:00:01 |
|* 13 |      INDEX UNIQUE SCAN           | MS_GRC_STANDARD_PK        |     1 |       |     1   (0)| 00:00:01 |
|* 14 |    INDEX RANGE SCAN              | MS_GRC_STANDARD_ORG_UK    |     1 |    21 |     1   (0)| 00:00:01 |
--------------------------------------------------------------------------------------------------------------
 
</code></pre><header class="major"><h2>Query Block Name / Object Alias (identified by operation id):</h2></header><pre><code>
 
   1 - SEL$1
   6 - SEL$1 / E@SEL$1
   7 - SEL$1 / E@SEL$1
   8 - SEL$1 / D@SEL$1
  10 - SEL$1 / A@SEL$1
  11 - SEL$1 / A@SEL$1
  12 - SEL$1 / B@SEL$1
  13 - SEL$1 / B@SEL$1
  14 - SEL$1 / C@SEL$1
 
</code></pre><header class="major"><h2>Predicate Information (identified by operation id):</h2></header><pre><code>
 
   7 - access("E"."USER_NAME"=:2)
   8 - filter("D"."LOCALE_STRING"="E"."LOCALE")
  10 - filter(TRUNC(NVL("VALID_FROM",SYSDATE@!))<=TRUNC(SYSDATE@!) AND 
              TRUNC(NVL("VALID_UNTIL",SYSDATE@!))>=TRUNC(SYSDATE@!))
  11 - access("A"."DD_OBJECT_TYPE"='MS_GRC_STANDARD')
  12 - filter(TO_NUMBER("OBJECT_LEVEL")=TO_NUMBER(:1)-1)
  13 - access("A"."OBJECT_ID"="B"."OBJECT_ID")
  14 - access("B"."OBJECT_ID"="C"."OBJECT_ID")
       filter("MS_GRC_UTILITIES"."MS_GRC_SECURITY"("A"."DD_OBJECT_TYPE","A"."RESTRICT_ACCESS_TO","C"."
              OWNER_ORGANIZATIONS",:2,'VIEW')='ACCESS')
 
</code></pre><header class="major"><h2>Column Projection Information (identified by operation id):</h2></header><pre><code>
 
   1 - (#keys=5) "A"."OBJECT_NAME"[VARCHAR2,4000], 'Level '||"B"."OBJECT_LEVEL"[4000], 
       "A"."DD_OBJECT_TYPE"[VARCHAR2,400], "A"."OBJECT_ID"[VARCHAR2,400], "D"."LOCALE_ID"[NUMBER,22]
   2 - (#keys=0) "D"."LOCALE_ID"[NUMBER,22], "A"."DD_OBJECT_TYPE"[VARCHAR2,400], 
       "A"."OBJECT_NAME"[VARCHAR2,4000], "A"."OBJECT_ID"[VARCHAR2,400], "OBJECT_LEVEL"[VARCHAR2,4000]
   3 - (#keys=0) "D"."LOCALE_ID"[NUMBER,22], "A"."DD_OBJECT_TYPE"[VARCHAR2,400], 
       "A"."RESTRICT_ACCESS_TO"[VARCHAR2,4000], "A"."OBJECT_NAME"[VARCHAR2,4000], 
       "A"."OBJECT_ID"[VARCHAR2,400], "OBJECT_LEVEL"[VARCHAR2,4000], "B"."OBJECT_ID"[VARCHAR2,400]
   4 - (#keys=0) "D"."LOCALE_ID"[NUMBER,22], "A"."DD_OBJECT_TYPE"[VARCHAR2,400], 
       "A"."RESTRICT_ACCESS_TO"[VARCHAR2,4000], "A"."OBJECT_NAME"[VARCHAR2,4000], 
       "A"."OBJECT_ID"[VARCHAR2,400]
   5 - (#keys=0) "D"."LOCALE_ID"[NUMBER,22]
   6 - "E"."LOCALE"[VARCHAR2,400]
   7 - "E".ROWID[ROWID,10]
   8 - "D"."LOCALE_ID"[NUMBER,22]
   9 - (#keys=0) "A"."DD_OBJECT_TYPE"[VARCHAR2,400], "A"."RESTRICT_ACCESS_TO"[VARCHAR2,4000], 
       "A"."OBJECT_NAME"[VARCHAR2,4000], "A"."OBJECT_ID"[VARCHAR2,400]
  10 - "A"."DD_OBJECT_TYPE"[VARCHAR2,400], "A"."RESTRICT_ACCESS_TO"[VARCHAR2,4000], 
       "A"."OBJECT_NAME"[VARCHAR2,4000], "A"."OBJECT_ID"[VARCHAR2,400]
  11 - "A".ROWID[ROWID,10], "A"."DD_OBJECT_TYPE"[VARCHAR2,400]
  12 - "OBJECT_LEVEL"[VARCHAR2,4000], "B"."OBJECT_ID"[VARCHAR2,400]
  13 - "B".ROWID[ROWID,10], "B"."OBJECT_ID"[VARCHAR2,400]
										</code></pre>
								</section>
						</div>
					</div>

				<!-- Sidebar -->
				<div id="sidebar">
					<div class="inner">
						<!-- Menu -->
						<nav id="menu">
							<header class="major">
								<h2>Menu</h2>
							</header>
							<ul>
								<li><a href="../index.html">Module List</a></li>
								<li><a href="index.html">Summary</a></li>
								<li>
									<span class="opener">DB Analysis</span>
									<ul>
										<li><a href="bad-sql.html">Bad SQL</a></li>
										<li><a href="poor-sql.html">Poor SQL Plan</a></li>
										<li><a href="invalid-sql.html">Invalid SQL</a></li>
										<li><a href="full-sql.html">Full SQL Report</a></li>
										<li><a href="table-nil-key.html">Primary/Unique Key Miss</a></li>
										<li><a href="invalid-db-object.html">Invalid DB Objects</a></li>
										<li><a href="sequence-with-less-cache.html">Sequence</a></li>
										<li><a href="table-index-lob-size.html">Table Size</a></li>
									</ul>
								</li>
								<li>
								    <span class="opener">LOB</span>
								    <ul>
								        <li><a href="lob-no-cache.html">LOB - No Cache</a></li>
								        <li><a href="lob-columns.html">LOB - All Columns</a></li>
								    </ul>
								</li>
								<li>
									<span class="opener">Infolets</span>
									<ul>
										<li><a href="keep-history-infolets.html">Keep History Infolets</a></li>
										<li><a href="plsql-context-switch.html">SQL-PL/SQL Context Switch</a></li>
									</ul>
								</li>
								<li>
									<span class="opener">Pushforms</span>
									<ul>
										<li><a href="pushform-denormalize.html">Pushform Denormalized</a></li>
									</ul>
								</li>
								<li>
									<span class="opener">PL/SQL</span>
									<ul>
										<li><a href="plsql-dyn-qry-objs.html">Dynamic Query</a></li>
									</ul>
								</li>
							</ul>
						</nav>

						<!-- Section -->
						<section>
							<header class="major">
								<h2>Get in touch</h2>
							</header>
							<p>You need more details on the report or want more functionality, don't hesitate to reach out to us.</p>
							<ul class="contact">
								<li class="fa-envelope-o"><a href="mailto:apps-rnd-arch-team@metricstream.com?Subject=Reg - Code Analysis Tool" target="_top">apps-rnd-arch-team@metricstream.com</a></li>
							</ul>
						</section>

						<!-- Footer -->
						<footer id="footer">
							<p class="copyright">&copy; <a href="http://www.metricstream.com" target="_blank">MetricStream</a>. All rights reserved. </p>
						</footer>
					</div>
				</div>
			</div>

		<!-- Scripts -->
			<script src="../../lib/assets/js/jquery.min.js"></script>
			<script src="../../lib/assets/js/skel.min.js"></script>
			<script src="../../lib/assets/js/util.js"></script>
			<!--[if lte IE 8]><script src="../../lib/assets/js/ie/respond.min.js"></script><![endif]-->
			<script src="../../lib/assets/js/main.js"></script>
	</body>
</html>