<!DOCTYPE HTML>
<html>
	<head>
		<title>Code Analysis - MetricStream</title>
		<meta charset="utf-8" />
		<meta name="viewport" content="width=device-width, initial-scale=1, user-scalable=no" />
		<!--[if lte IE 8]><script src="../../lib/assets/js/ie/html5shiv.js"></script><![endif]-->
		<link rel="stylesheet" href="../../lib/assets/css/main.css" />
		<!--[if lte IE 9]><link rel="stylesheet" href="../../lib/assets/css/ie9.css" /><![endif]-->
		<!--[if lte IE 8]><link rel="stylesheet" href="../../lib/assets/css/ie8.css" /><![endif]-->
	</head>
	<body>

		<!-- Wrapper -->
			<div id="wrapper">

				<!-- Main -->
					<div id="main">
						<div class="inner">
							<!-- Header -->
								<header id="header">
									<a href="index.html" class="logo"><strong>Static Code Analysis Report</strong> by Code Analyzer Tool</a>
								</header>

							<!-- Content -->
								<section>
									<!-- Content -->
										<header class="major"><h2>Infolet Details</h2></header>
										<div class="table-wrapper">
											<table>
												<tbody>
													<tr>
														<th>Name</th>
														<td>MS_GRC_RISK_Entp_List_Rpt_Inf (101056)</td>
													</tr>
													<tr>
														<th>SQL</th>
														<td><pre><code>SELECT Object_Id  AS Risk_id,
  Object_Name     AS risk_name,
  object_type,
  OBJECT_NAME AS Edit,
  Object_Status      AS Obj_Status,
  Object_Level,
  object_parent,
  key_risk,
  RISK_CATEGORIES,
  Created_date,
  Created_by,
  updated_date,
  updated_by,
  Valid_From,
  Valid_Until,
  Description,
  OWNER_ORG_NAMES AS Owner_Organization,
  Owner_names,
  LEVEL_1_APPROVER,
  LEVEL_2_APPROVER,
 REL_DATA_LINK as Applies_To_Organizations,
 REL_DATA_LINK as Related_Areas_Of_Compliance,
 REL_DATA_LINK as Related_Assets,
 REL_DATA_LINK as Related_Control,
 REL_DATA_LINK as Related_Function,
 REL_DATA_LINK as Related_Objectives,
 REL_DATA_LINK as Related_Process,
 REL_DATA_LINK as Related_Products,
 REL_DATA_LINK as Related_Regulatory_Body,
 REL_DATA_LINK as Related_Requirement,
 REL_DATA_LINK as Related_risks,
 REL_DATA_LINK as Related_Standards,
 (MS_GRC_UTILITIES.FN_GET_REPORT_JSON((SELECT METRIC_ID FROM SI_METRICS_T WHERE METRIC_NAME='MS_GRC_RISK'),RV.DD_PROCESS_INSTANCE_ID,(SELECT DD_INSTANCE_ID FROM MS_GRC_RISK WHERE OBJECT_ID=RV.OBJECT_ID),
'''flag=1'||CHR(38)||'emd=1'||CHR(38)||'x_edit_mode=Yes'||CHR (38)|| 'wrapper= No'|| CHR (38)|| 'mode=view''')) AS REPORT_JSON
,RV.OBJ_PARENT_ID AS OBJ_PARENT_ID
FROM MS_GRC_RISK_ENTP_RV  Rv
WHERE EXISTS
  (SELECT COLUMN_VALUE
  FROM TABLE(CAST(ms_grc_rep_browser_fil_denorm.fn_risk_rpt_filter(ms_grc_array_type(:1,:2,:3,:5,:7,:6,:8,:9,to_char(:10,'YYYY-MM-DD'),TO_CHAR(:11,'YYYY-MM-DD'),:12,:13,TO_CHAR(:14,'YYYY-MM-DD'),TO_CHAR(:15,'YYYY-MM-DD'),TO_CHAR(:16,'YYYY-MM-DD'),TO_CHAR(:17,'YYYY-MM-DD'),:18,:19,:20,:21,:22,:23,:24,NULL,NULL,:25,NULL,NULL,:26,NULL,:27,NULL,:28,:29,:30,:31,NULL,:32,:33,'MS_GRC_RISK',:34))AS ms_varchar2_array))
  WHERE column_value = Rv.OBJECT_ID
  )
AND locale =
  (SELECT LOCALE FROM si_users_t WHERE USER_NAME = :34
  )
AND NVL(IS_ORPHAN, 1)=NVL(:4,NVL(IS_ORPHAN,1))
order by upper(Rv.OBJECT_NAME)</code></pre></td>
													</tr>
													<tr>
														<th>Description</th>
														<td>This infolet is used to fetch Risks and used in Parent field of Risk Reports and data browsers</td>
													</tr>
												</tbody>
											</table>
										</div>

										<h2 align="center" id="content">Analysis Report</h2>
										<hr>

<header class="major"><h2>Plan hash value: 2608082149</h2></header><pre><code>
 
------------------------------------------------------------------------------------------------------------------------
| Id  | Operation                                | Name                        | Rows  | Bytes | Cost (%CPU)| Time     |
------------------------------------------------------------------------------------------------------------------------
|   0 | SELECT STATEMENT                         |                             |     1 | 24289 |    53   (2)| 00:00:01 |
|   1 |  TABLE ACCESS BY INDEX ROWID             | SI_USERS_T                  |     1 |    28 |     1   (0)| 00:00:01 |
|*  2 |   INDEX UNIQUE SCAN                      | USER_NAME_UK                |     1 |       |     1   (0)| 00:00:01 |
|   3 |  TABLE ACCESS BY INDEX ROWID             | SI_USERS_T                  |     1 |    28 |     1   (0)| 00:00:01 |
|*  4 |   INDEX UNIQUE SCAN                      | USER_NAME_UK                |     1 |       |     1   (0)| 00:00:01 |
|   5 |  TABLE ACCESS BY INDEX ROWID             | SI_METRICS_T                |     1 |    34 |     1   (0)| 00:00:01 |
|*  6 |   INDEX RANGE SCAN                       | SI_METRICS_T_N7             |     1 |       |     1   (0)| 00:00:01 |
|   7 |   TABLE ACCESS BY INDEX ROWID            | MS_GRC_RISK                 |     1 |    20 |     1   (0)| 00:00:01 |
|*  8 |    INDEX UNIQUE SCAN                     | MS_GRC_RISK_PK              |     1 |       |     1   (0)| 00:00:01 |
|   9 |  SORT ORDER BY                           |                             |     1 | 24289 |    53   (2)| 00:00:01 |
|* 10 |   HASH JOIN                              |                             |     1 | 24289 |    52   (0)| 00:00:01 |
|  11 |    VIEW                                  | VW_SQ_1                     |     1 |     6 |     1   (0)| 00:00:01 |
|  12 |     TABLE ACCESS BY INDEX ROWID          | SI_USERS_T                  |     1 |    19 |     1   (0)| 00:00:01 |
|* 13 |      INDEX UNIQUE SCAN                   | USER_NAME_UK                |     1 |       |     1   (0)| 00:00:01 |
|  14 |    NESTED LOOPS                          |                             |     1 | 24283 |    51   (0)| 00:00:01 |
|  15 |     NESTED LOOPS                         |                             |     1 | 16559 |    50   (0)| 00:00:01 |
<font style="background-color: lightblue; color: red">|  16 |      MERGE JOIN CARTESIAN                |                             |  8168 |    16M|    49   (0)| 00:00:01 |</font>
|  17 |       NESTED LOOPS OUTER                 |                             |     1 |  2071 |    20   (0)| 00:00:01 |
|* 18 |        HASH JOIN                         |                             |     1 |  2046 |    19   (0)| 00:00:01 |
|  19 |         TABLE ACCESS BY INDEX ROWID      | MS_QS_LOV_NAMES             |     1 |    30 |     1   (0)| 00:00:01 |
|* 20 |          INDEX RANGE SCAN                | MS_QS_LOV_NAMES_N1          |     1 |       |     1   (0)| 00:00:01 |
|  21 |         VIEW                             |                             |     2 |  4032 |    18   (0)| 00:00:01 |
<font style="background-color: lightblue; color: red">|  22 |          MERGE JOIN CARTESIAN            |                             |     2 |    74 |    18   (0)| 00:00:01 |</font>
<font style="background-color: lightblue; color: red">|* 23 |           TABLE ACCESS FULL              | SI_LOCALES                  |     1 |     6 |     3   (0)| 00:00:01 |</font>
|  24 |           BUFFER SORT                    |                             |     2 |    62 |    15   (0)| 00:00:01 |
<font style="background-color: lightblue; color: red">|* 25 |            TABLE ACCESS FULL             | MS_QS_LIST_OF_VALUES_T      |     2 |    62 |    15   (0)| 00:00:01 |</font>
|  26 |        TABLE ACCESS BY INDEX ROWID       | MS_QS_LIST_OF_VALUES_TL     |     1 |    25 |     1   (0)| 00:00:01 |
|* 27 |         INDEX RANGE SCAN                 | MS_QS_LIST_OF_VALUES_TL_IDX |     1 |       |     1   (0)| 00:00:01 |
|  28 |       BUFFER SORT                        |                             |  8168 | 16336 |    48   (0)| 00:00:01 |
|  29 |        SORT UNIQUE                       |                             |  8168 | 16336 |    29   (0)| 00:00:01 |
<font style="background-color: lightblue; color: red">|  30 |         COLLECTION ITERATOR PICKLER FETCH| FN_RISK_RPT_FILTER          |  8168 | 16336 |    29   (0)| 00:00:01 |</font>
|* 31 |      TABLE ACCESS BY INDEX ROWID         | MS_GRC_RISK_OBJ_SUMMARY     |     1 | 14486 |     1   (0)| 00:00:01 |
|* 32 |       INDEX UNIQUE SCAN                  | MS_GRC_RISK_SUMM_IDX1       |     1 |       |     1   (0)| 00:00:01 |
|  33 |     TABLE ACCESS BY INDEX ROWID          | MS_GRC_RISK_OBJ_MLS_SUMMARY |     1 |  7724 |     1   (0)| 00:00:01 |
|* 34 |      INDEX RANGE SCAN                    | MS_GRC_OBJ_MLS_SUMM_IDX2    |     1 |       |     1   (0)| 00:00:01 |
------------------------------------------------------------------------------------------------------------------------
 
</code></pre><header class="major"><h2>Query Block Name / Object Alias (identified by operation id):</h2></header><pre><code>
 
   1 - SEL$6        / USR@SEL$6
   2 - SEL$6        / USR@SEL$6
   3 - SEL$7        / USR@SEL$7
   4 - SEL$7        / USR@SEL$7
   5 - SEL$2        / SI_METRICS_T@SEL$2
   6 - SEL$2        / SI_METRICS_T@SEL$2
   7 - SEL$3        / MS_GRC_RISK@SEL$3
   8 - SEL$3        / MS_GRC_RISK@SEL$3
   9 - SEL$A3AF42F8
  11 - SEL$4CC056F3 / VW_SQ_1@SEL$FB74106C
  12 - SEL$4CC056F3 / SI_USERS_T@SEL$13
  13 - SEL$4CC056F3 / SI_USERS_T@SEL$13
  19 - SEL$A3AF42F8 / LOVNAME@SEL$4
  20 - SEL$A3AF42F8 / LOVNAME@SEL$4
  21 - SEL$0EE6DB63 / X@SEL$8
  22 - SEL$0EE6DB63
  23 - SEL$0EE6DB63 / SI_LOCALES@SEL$10
  25 - SEL$0EE6DB63 / T@SEL$9
  26 - SEL$A3AF42F8 / TL@SEL$8
  27 - SEL$A3AF42F8 / TL@SEL$8
  30 - SEL$A3AF42F8 / KOKBF$0@SEL$12
  31 - SEL$A3AF42F8 / RSK_SUMM@SEL$4
  32 - SEL$A3AF42F8 / RSK_SUMM@SEL$4
  33 - SEL$A3AF42F8 / MLS_SUMM@SEL$4
  34 - SEL$A3AF42F8 / MLS_SUMM@SEL$4
 
</code></pre><header class="major"><h2>Predicate Information (identified by operation id):</h2></header><pre><code>
 
   2 - access("USR"."USER_NAME"=:B1)
   4 - access("USR"."USER_NAME"=:B1)
   6 - access("METRIC_NAME"='MS_GRC_RISK')
   8 - access("OBJECT_ID"=:B1)
  10 - access("MLS_SUMM"."LOCALE"="LOCALE")
  13 - access("USER_NAME"=:34)
  18 - access("X"."LOV_ID"="LOVNAME"."LOV_ID")
  20 - access("LOVNAME"."LOV_NAME"='MS_GRC_LABLES')
  23 - filter("ENABLED_FLAG"='Y')
  25 - filter("T"."STORED_VALUE"='CLICK_HERE' AND "T"."ORG_ENTITY_ID"=1)
  27 - access("X"."LOV_VALUE_ID"="TL"."LOV_VALUE_ID"(+) AND "X"."LOCALE_ID"="TL"."LOCALE_ID"(+))
  31 - filter(NVL("RSK_SUMM"."IS_ORPHAN",1)=NVL(:4,NVL("RSK_SUMM"."IS_ORPHAN",1)))
  32 - access("RSK_SUMM"."OBJECT_ID"=VALUE(KOKBF$))
  34 - access("MLS_SUMM"."OBJECT_ID"="RSK_SUMM"."OBJECT_ID")
       filter("X"."LOCALE_ID"=TO_NUMBER("MLS_SUMM"."LOCALE_ID"))
 
</code></pre><header class="major"><h2>Column Projection Information (identified by operation id):</h2></header><pre><code>
 
   1 - "USR".ROWID[ROWID,10], "USR"."LAST_NAME"[VARCHAR2,400], "USR"."FIRST_NAME"[VARCHAR2,400]
   2 - "USR".ROWID[ROWID,10]
   3 - "USR".ROWID[ROWID,10], "USR"."LAST_NAME"[VARCHAR2,400], "USR"."FIRST_NAME"[VARCHAR2,400]
   4 - "USR".ROWID[ROWID,10]
   5 - "SI_METRICS_T".ROWID[ROWID,10], "METRIC_ID"[NUMBER,22]
   6 - "SI_METRICS_T".ROWID[ROWID,10]
   7 - "MS_GRC_RISK".ROWID[ROWID,10], "DD_INSTANCE_ID"[NUMBER,22]
   8 - "MS_GRC_RISK".ROWID[ROWID,10]
   9 - (#keys=1) UPPER("RSK_SUMM"."OBJECT_NAME")[4000], "RSK_SUMM"."OBJECT_ID"[VARCHAR2,1600], 
       "RSK_SUMM"."OBJECT_NAME"[VARCHAR2,4000], "RSK_SUMM"."DD_OBJECT_TYPE"[VARCHAR2,1600], 
       "RSK_SUMM"."OBJECT_NAME"[VARCHAR2,4000], "MLS_SUMM"."OBJ_STATUS"[VARCHAR2,4000], 
       "MLS_SUMM"."OBJECT_LEVEL"[VARCHAR2,4000], "RSK_SUMM"."OBJECT_PARENT"[VARCHAR2,4000], 
       INITCAP("MLS_SUMM"."KEY_RISK")[1020], "MLS_SUMM"."CAT_NAME_AGG"[LOB,4000], "RSK_SUMM"."CREATED_DATE"[DATE,7],  
       (SELECT "USR"."FIRST_NAME"||' '||"USR"."LAST_NAME" FROM METRICSTREAM."SI_USERS_T" "USR" WHERE 
       "USR"."USER_NAME"=:B1)[801], "RSK_SUMM"."UPDATED_DATE"[DATE,7],  (SELECT "USR"."FIRST_NAME"||' 
       '||"USR"."LAST_NAME" FROM METRICSTREAM."SI_USERS_T" "USR" WHERE "USR"."USER_NAME"=:B2)[801], 
       "RSK_SUMM"."VALID_FROM"[DATE,7], "RSK_SUMM"."VALID_UNTIL"[DATE,7], "RSK_SUMM"."DESCRIPTION"[LOB,4000], 
       "RSK_SUMM"."OWNER_ORG_NAMES"[LOB,4000], "RSK_SUMM"."OWNER_NAME"[LOB,4000], 
       "RSK_SUMM"."LEVEL_1_APPROVER"[VARCHAR2,400], "RSK_SUMM"."LEVEL_2_APPROVER"[VARCHAR2,400], 
       NVL("TL"."DISPLAYED_VALUE","X"."DISPLAYED_VALUE")[4000], 
       NVL("TL"."DISPLAYED_VALUE","X"."DISPLAYED_VALUE")[4000], 
       NVL("TL"."DISPLAYED_VALUE","X"."DISPLAYED_VALUE")[4000], 
       NVL("TL"."DISPLAYED_VALUE","X"."DISPLAYED_VALUE")[4000], 
       NVL("TL"."DISPLAYED_VALUE","X"."DISPLAYED_VALUE")[4000], 
       NVL("TL"."DISPLAYED_VALUE","X"."DISPLAYED_VALUE")[4000], 
       NVL("TL"."DISPLAYED_VALUE","X"."DISPLAYED_VALUE")[4000], 
       NVL("TL"."DISPLAYED_VALUE","X"."DISPLAYED_VALUE")[4000], 
       NVL("TL"."DISPLAYED_VALUE","X"."DISPLAYED_VALUE")[4000], 
       NVL("TL"."DISPLAYED_VALUE","X"."DISPLAYED_VALUE")[4000], 
       NVL("TL"."DISPLAYED_VALUE","X"."DISPLAYED_VALUE")[4000], 
       NVL("TL"."DISPLAYED_VALUE","X"."DISPLAYED_VALUE")[4000], "MS_GRC_UTILITIES"."FN_GET_REPORT_JSON"( (SELECT 
       "METRIC_ID" FROM "SI_METRICS_T" "SI_METRICS_T" WHERE "METRIC_NAME"='MS_GRC_RISK'),"RSK_SUMM"."DD_PROCESS_INSTANC
       E_ID", (SELECT "DD_INSTANCE_ID" FROM "MS_GRC_RISK" "MS_GRC_RISK" WHERE 
       "OBJECT_ID"=:B3),'''flag=1&emd=1&x_edit_mode=Yes&wrapper= No&mode=view''')[4000], 
       "RSK_SUMM"."OBJ_PARENT_ID"[LOB,4000]
  10 - (#keys=1) "X"."DISPLAYED_VALUE"[VARCHAR2,4000], "TL"."DISPLAYED_VALUE"[VARCHAR2,4000], 
       "RSK_SUMM"."OBJECT_ID"[VARCHAR2,1600], "RSK_SUMM"."OBJECT_NAME"[VARCHAR2,4000], 
       "RSK_SUMM"."OBJECT_PARENT"[VARCHAR2,4000], "RSK_SUMM"."OBJ_PARENT_ID"[LOB,4000], 
       "RSK_SUMM"."LEVEL_1_APPROVER"[VARCHAR2,400], "RSK_SUMM"."LEVEL_2_APPROVER"[VARCHAR2,400], 
       "RSK_SUMM"."VALID_UNTIL"[DATE,7], "RSK_SUMM"."VALID_FROM"[DATE,7], "RSK_SUMM"."DESCRIPTION"[LOB,4000], 
       "RSK_SUMM"."DD_PROCESS_INSTANCE_ID"[NUMBER,22], "RSK_SUMM"."DD_OBJECT_TYPE"[VARCHAR2,1600], 
       "RSK_SUMM"."OWNER_NAME"[LOB,4000], "RSK_SUMM"."OWNER_ORG_NAMES"[LOB,4000], "RSK_SUMM"."CREATED_DATE"[DATE,7], 
       "RSK_SUMM"."CREATED_BY"[VARCHAR2,400], "RSK_SUMM"."UPDATED_DATE"[DATE,7], 
       "RSK_SUMM"."UPDATED_BY"[VARCHAR2,400], "MLS_SUMM"."KEY_RISK"[VARCHAR2,1020], 
       "MLS_SUMM"."CAT_NAME_AGG"[LOB,4000], "MLS_SUMM"."OBJECT_LEVEL"[VARCHAR2,4000], 
       "MLS_SUMM"."OBJ_STATUS"[VARCHAR2,4000]
  11 - "LOCALE"[VARCHAR2,400]
  12 - "LOCALE"[VARCHAR2,400]
  13 - "SI_USERS_T".ROWID[ROWID,10]
  14 - (#keys=0) "X"."DISPLAYED_VALUE"[VARCHAR2,4000], "TL"."DISPLAYED_VALUE"[VARCHAR2,4000], 
       "RSK_SUMM"."OBJECT_ID"[VARCHAR2,1600], "RSK_SUMM"."OBJECT_NAME"[VARCHAR2,4000], 
       "RSK_SUMM"."OBJECT_PARENT"[VARCHAR2,4000], "RSK_SUMM"."OBJ_PARENT_ID"[LOB,4000], 
       "RSK_SUMM"."LEVEL_1_APPROVER"[VARCHAR2,400], "RSK_SUMM"."LEVEL_2_APPROVER"[VARCHAR2,400], 
       "RSK_SUMM"."VALID_UNTIL"[DATE,7], "RSK_SUMM"."VALID_FROM"[DATE,7], "RSK_SUMM"."DESCRIPTION"[LOB,4000], 
       "RSK_SUMM"."DD_PROCESS_INSTANCE_ID"[NUMBER,22], "RSK_SUMM"."DD_OBJECT_TYPE"[VARCHAR2,1600], 
       "RSK_SUMM"."OWNER_NAME"[LOB,4000], "RSK_SUMM"."OWNER_ORG_NAMES"[LOB,4000], "RSK_SUMM"."CREATED_DATE"[DATE,7], 
       "RSK_SUMM"."CREATED_BY"[VARCHAR2,400], "RSK_SUMM"."UPDATED_DATE"[DATE,7], 
       "RSK_SUMM"."UPDATED_BY"[VARCHAR2,400], "MLS_SUMM"."LOCALE"[VARCHAR2,400], "MLS_SUMM"."CAT_NAME_AGG"[LOB,4000], 
       "MLS_SUMM"."OBJECT_LEVEL"[VARCHAR2,4000], "MLS_SUMM"."OBJ_STATUS"[VARCHAR2,4000], 
       "MLS_SUMM"."KEY_RISK"[VARCHAR2,1020]
  15 - (#keys=0) "X"."LOCALE_ID"[NUMBER,22], "X"."DISPLAYED_VALUE"[VARCHAR2,4000], 
       "TL"."DISPLAYED_VALUE"[VARCHAR2,4000], "RSK_SUMM"."OBJECT_ID"[VARCHAR2,1600], 
       "RSK_SUMM"."OBJECT_NAME"[VARCHAR2,4000], "RSK_SUMM"."OBJECT_PARENT"[VARCHAR2,4000], 
       "RSK_SUMM"."OBJ_PARENT_ID"[LOB,4000], "RSK_SUMM"."LEVEL_1_APPROVER"[VARCHAR2,400], 
       "RSK_SUMM"."LEVEL_2_APPROVER"[VARCHAR2,400], "RSK_SUMM"."VALID_UNTIL"[DATE,7], "RSK_SUMM"."VALID_FROM"[DATE,7], 
       "RSK_SUMM"."DESCRIPTION"[LOB,4000], "RSK_SUMM"."DD_PROCESS_INSTANCE_ID"[NUMBER,22], 
       "RSK_SUMM"."DD_OBJECT_TYPE"[VARCHAR2,1600], "RSK_SUMM"."OWNER_NAME"[LOB,4000], 
       "RSK_SUMM"."OWNER_ORG_NAMES"[LOB,4000], "RSK_SUMM"."CREATED_DATE"[DATE,7], 
       "RSK_SUMM"."CREATED_BY"[VARCHAR2,400], "RSK_SUMM"."UPDATED_DATE"[DATE,7], "RSK_SUMM"."UPDATED_BY"[VARCHAR2,400]
  16 - (#keys=0) "X"."LOCALE_ID"[NUMBER,22], "X"."DISPLAYED_VALUE"[VARCHAR2,4000], 
       "TL"."DISPLAYED_VALUE"[VARCHAR2,4000], VALUE(KOKBF$)[8000]
  17 - (#keys=0) "X"."LOCALE_ID"[NUMBER,22], "X"."DISPLAYED_VALUE"[VARCHAR2,4000], 
       "TL"."DISPLAYED_VALUE"[VARCHAR2,4000]
  18 - (#keys=1) "X"."LOV_VALUE_ID"[NUMBER,22], "X"."LOCALE_ID"[NUMBER,22], "X"."DISPLAYED_VALUE"[VARCHAR2,4000]
  19 - "LOVNAME"."LOV_ID"[NUMBER,22]
  20 - "LOVNAME".ROWID[ROWID,10]
  21 - "X"."LOV_VALUE_ID"[NUMBER,22], "X"."LOV_ID"[NUMBER,22], "X"."DISPLAYED_VALUE"[VARCHAR2,4000], 
       "X"."LOCALE_ID"[NUMBER,22]
  22 - (#keys=0) "LOCALE_ID"[NUMBER,22], "T"."LOV_VALUE_ID"[NUMBER,22], "T"."LOV_ID"[NUMBER,22], 
       "T"."DISPLAYED_VALUE"[VARCHAR2,4000]
  23 - "LOCALE_ID"[NUMBER,22]
  24 - (#keys=0) "T"."LOV_VALUE_ID"[NUMBER,22], "T"."LOV_ID"[NUMBER,22], "T"."DISPLAYED_VALUE"[VARCHAR2,4000]
  25 - "T"."LOV_VALUE_ID"[NUMBER,22], "T"."LOV_ID"[NUMBER,22], "T"."DISPLAYED_VALUE"[VARCHAR2,4000]
  26 - "TL"."DISPLAYED_VALUE"[VARCHAR2,4000]
  27 - "TL".ROWID[ROWID,10]
  28 - (#keys=0) VALUE(KOKBF$)[8000]
  29 - (#keys=1) VALUE(KOKBF$)[8000]
  30 - VALUE(A0)[8000]
  31 - "RSK_SUMM"."OBJECT_ID"[VARCHAR2,1600], "RSK_SUMM"."OBJECT_NAME"[VARCHAR2,4000], 
       "RSK_SUMM"."OBJECT_PARENT"[VARCHAR2,4000], "RSK_SUMM"."OBJ_PARENT_ID"[LOB,4000], 
       "RSK_SUMM"."LEVEL_1_APPROVER"[VARCHAR2,400], "RSK_SUMM"."LEVEL_2_APPROVER"[VARCHAR2,400], 
       "RSK_SUMM"."VALID_UNTIL"[DATE,7], "RSK_SUMM"."VALID_FROM"[DATE,7], "RSK_SUMM"."DESCRIPTION"[LOB,4000], 
       "RSK_SUMM"."DD_PROCESS_INSTANCE_ID"[NUMBER,22], "RSK_SUMM"."DD_OBJECT_TYPE"[VARCHAR2,1600], 
       "RSK_SUMM"."OWNER_NAME"[LOB,4000], "RSK_SUMM"."OWNER_ORG_NAMES"[LOB,4000], "RSK_SUMM"."CREATED_DATE"[DATE,7], 
       "RSK_SUMM"."CREATED_BY"[VARCHAR2,400], "RSK_SUMM"."UPDATED_DATE"[DATE,7], "RSK_SUMM"."UPDATED_BY"[VARCHAR2,400]
  32 - "RSK_SUMM".ROWID[ROWID,10], "RSK_SUMM"."OBJECT_ID"[VARCHAR2,1600]
  33 - "MLS_SUMM"."LOCALE"[VARCHAR2,400], "MLS_SUMM"."CAT_NAME_AGG"[LOB,4000], 
       "MLS_SUMM"."OBJECT_LEVEL"[VARCHAR2,4000], "MLS_SUMM"."OBJ_STATUS"[VARCHAR2,4000], 
       "MLS_SUMM"."KEY_RISK"[VARCHAR2,1020]
  34 - "MLS_SUMM".ROWID[ROWID,10]
										</code></pre>
								</section>
						</div>
					</div>

				<!-- Sidebar -->
				<div id="sidebar">
					<div class="inner">
						<!-- Menu -->
						<nav id="menu">
							<header class="major">
								<h2>Menu</h2>
							</header>
							<ul>
								<li><a href="../index.html">Module List</a></li>
								<li><a href="index.html">Summary</a></li>
								<li>
									<span class="opener">DB Analysis</span>
									<ul>
										<li><a href="bad-sql.html">Bad SQL</a></li>
										<li><a href="poor-sql.html">Poor SQL Plan</a></li>
										<li><a href="invalid-sql.html">Invalid SQL</a></li>
										<li><a href="full-sql.html">Full SQL Report</a></li>
										<li><a href="table-nil-key.html">Primary/Unique Key Miss</a></li>
										<li><a href="invalid-db-object.html">Invalid DB Objects</a></li>
										<li><a href="sequence-with-less-cache.html">Sequence</a></li>
										<li><a href="table-index-lob-size.html">Table Size</a></li>
									</ul>
								</li>
								<li>
								    <span class="opener">LOB</span>
								    <ul>
								        <li><a href="lob-no-cache.html">LOB - No Cache</a></li>
								        <li><a href="lob-columns.html">LOB - All Columns</a></li>
								    </ul>
								</li>
								<li>
									<span class="opener">Infolets</span>
									<ul>
										<li><a href="keep-history-infolets.html">Keep History Infolets</a></li>
										<li><a href="plsql-context-switch.html">SQL-PL/SQL Context Switch</a></li>
									</ul>
								</li>
								<li>
									<span class="opener">Pushforms</span>
									<ul>
										<li><a href="pushform-denormalize.html">Pushform Denormalized</a></li>
									</ul>
								</li>
								<li>
									<span class="opener">PL/SQL</span>
									<ul>
										<li><a href="plsql-dyn-qry-objs.html">Dynamic Query</a></li>
									</ul>
								</li>
							</ul>
						</nav>

						<!-- Section -->
						<section>
							<header class="major">
								<h2>Get in touch</h2>
							</header>
							<p>You need more details on the report or want more functionality, don't hesitate to reach out to us.</p>
							<ul class="contact">
								<li class="fa-envelope-o"><a href="mailto:apps-rnd-arch-team@metricstream.com?Subject=Reg - Code Analysis Tool" target="_top">apps-rnd-arch-team@metricstream.com</a></li>
							</ul>
						</section>

						<!-- Footer -->
						<footer id="footer">
							<p class="copyright">&copy; <a href="http://www.metricstream.com" target="_blank">MetricStream</a>. All rights reserved. </p>
						</footer>
					</div>
				</div>
			</div>

		<!-- Scripts -->
			<script src="../../lib/assets/js/jquery.min.js"></script>
			<script src="../../lib/assets/js/skel.min.js"></script>
			<script src="../../lib/assets/js/util.js"></script>
			<!--[if lte IE 8]><script src="../../lib/assets/js/ie/respond.min.js"></script><![endif]-->
			<script src="../../lib/assets/js/main.js"></script>
	</body>
</html>