<!DOCTYPE HTML>
<html>
	<head>
		<title>Code Analysis - MetricStream</title>
		<meta charset="utf-8" />
		<meta name="viewport" content="width=device-width, initial-scale=1, user-scalable=no" />
		<!--[if lte IE 8]><script src="../../lib/assets/js/ie/html5shiv.js"></script><![endif]-->
		<link rel="stylesheet" href="../../lib/assets/css/main.css" />
		<!--[if lte IE 9]><link rel="stylesheet" href="../../lib/assets/css/ie9.css" /><![endif]-->
		<!--[if lte IE 8]><link rel="stylesheet" href="../../lib/assets/css/ie8.css" /><![endif]-->
	</head>
	<body>

		<!-- Wrapper -->
			<div id="wrapper">

				<!-- Main -->
					<div id="main">
						<div class="inner">
							<!-- Header -->
								<header id="header">
									<a href="index.html" class="logo"><strong>Static Code Analysis Report</strong> by Code Analyzer Tool</a>
								</header>

							<!-- Content -->
								<section>
									<!-- Content -->
										<header class="major"><h2>Infolet Details</h2></header>
										<div class="table-wrapper">
											<table>
												<tbody>
													<tr>
														<td><b>Name</b></td>
														<td>MS_GRC_ORG_Drilldown_Rpt_Inf (103151)</td>
													</tr>
													<tr>
														<td><b>SQL</b></td>
														<td><pre><code>SELECT aocTgt.org_entity_id as ORG_ID , aocTgt.org_entity_name AS ORG_NAME FROM (SELECT DISTINCT tgt_obj_id, Src_Obj_Id  FROM ms_grc_orb_relations_pub_v vw
WHERE vw.tgt_obj_type = 'MS_GRC_ORGANIZATION' AND vw.src_obj_type = :1) inn, si_org_entities aocTgt  WHERE inn.Src_Obj_Id = :2 and inn.tgt_obj_id = aocTgt.org_entity_id</code></pre></td>
													</tr>
													<tr>
														<td><b>Description</b></td>
														<td>This drill-down report fetches related organisations.</td>
													</tr>
												</tbody>
											</table>
										</div>

										<h2 align="center" id="content">Analysis Report</h2>
										<hr>

<header class="major"><h2>Plan hash value: 3971713796</h2></header><pre><code>
 
------------------------------------------------------------------------------------------------------------------------
| Id  | Operation                              | Name                          | Rows  | Bytes | Cost (%CPU)| Time     |
------------------------------------------------------------------------------------------------------------------------
|   0 | SELECT STATEMENT                       |                               |     2 |  4068 |    13   (8)| 00:00:01 |
|*  1 |  HASH JOIN OUTER                       |                               |     2 |  4068 |    13   (8)| 00:00:01 |
|   2 |   NESTED LOOPS                         |                               |     2 |  4054 |    10  (10)| 00:00:01 |
|   3 |    NESTED LOOPS                        |                               |     2 |  4054 |    10  (10)| 00:00:01 |
|   4 |     VIEW                               |                               |     2 |  4004 |     8  (13)| 00:00:01 |
|   5 |      SORT UNIQUE                       |                               |     2 |    56 |     8  (13)| 00:00:01 |
|   6 |       VIEW                             | MS_GRC_ORB_RELATIONS_PUB_V    |     2 |    56 |     7   (0)| 00:00:01 |
|   7 |        UNION-ALL                       |                               |       |       |            |          |
|   8 |         NESTED LOOPS                   |                               |     1 |   141 |     3   (0)| 00:00:01 |
|   9 |          NESTED LOOPS                  |                               |     2 |   141 |     3   (0)| 00:00:01 |
<font style="background-color: lightblue; color: red">|  10 |           MERGE JOIN CARTESIAN         |                               |     1 |    73 |     2   (0)| 00:00:01 |</font>
|  11 |            TABLE ACCESS BY INDEX ROWID | MS_GRC_ORB_RELATIONS          |     1 |    29 |     1   (0)| 00:00:01 |
|* 12 |             INDEX RANGE SCAN           | MS_GRC_ORB_RELATIONS_IDX1     |     1 |       |     1   (0)| 00:00:01 |
|  13 |            BUFFER SORT                 |                               |     1 |    44 |     1   (0)| 00:00:01 |
|  14 |             TABLE ACCESS BY INDEX ROWID| MS_GRC_REL_DEFN               |     1 |    44 |     1   (0)| 00:00:01 |
|* 15 |              INDEX RANGE SCAN          | MS_GRC_REL_DEFN_IDX1          |     1 |       |     1   (0)| 00:00:01 |
|* 16 |           INDEX RANGE SCAN             | MS_GRC_ORB_RELATIONS_ORB_FK2  |     2 |       |     1   (0)| 00:00:01 |
|* 17 |          TABLE ACCESS BY INDEX ROWID   | MS_GRC_ORB_RELATIONS_ORB      |     1 |    68 |     1   (0)| 00:00:01 |
|  18 |         NESTED LOOPS                   |                               |     1 |   141 |     4   (0)| 00:00:01 |
|  19 |          NESTED LOOPS                  |                               |     1 |   112 |     3   (0)| 00:00:01 |
|  20 |           TABLE ACCESS BY INDEX ROWID  | MS_GRC_REL_DEFN               |     1 |    44 |     1   (0)| 00:00:01 |
|* 21 |            INDEX RANGE SCAN            | MS_GRC_REL_DEFN_IDX1          |     1 |       |     1   (0)| 00:00:01 |
|* 22 |           TABLE ACCESS BY INDEX ROWID  | MS_GRC_ORB_RELATIONS_ORB      |     1 |    68 |     2   (0)| 00:00:01 |
|* 23 |            INDEX RANGE SCAN            | MS_GRC_ORB_RELATIONS_ORB_IDX1 |     9 |       |     1   (0)| 00:00:01 |
|  24 |          TABLE ACCESS BY INDEX ROWID   | MS_GRC_ORB_RELATIONS          |     1 |    29 |     1   (0)| 00:00:01 |
|* 25 |           INDEX UNIQUE SCAN            | MS_GRC_ORB_RELATIONS_PK       |     1 |       |     1   (0)| 00:00:01 |
|* 26 |     INDEX RANGE SCAN                   | SI_ORG_ENTITIES_N5            |     1 |       |     1   (0)| 00:00:01 |
|  27 |    TABLE ACCESS BY INDEX ROWID         | SI_ORG_ENTITIES_T             |     1 |    25 |     1   (0)| 00:00:01 |
<font style="background-color: lightblue; color: red">|* 28 |   TABLE ACCESS FULL                    | SI_ORG_ENTITIES_TL            |     2 |    14 |     3   (0)| 00:00:01 |</font>
------------------------------------------------------------------------------------------------------------------------
 
</code></pre><header class="major"><h2>Query Block Name / Object Alias (identified by operation id):</h2></header><pre><code>
 
   1 - SEL$8BC4F132
   4 - SEL$2        / INN@SEL$1
   5 - SEL$2       
   6 - SET$1        / VW@SEL$2
   7 - SET$1       
   8 - SEL$3       
  11 - SEL$3        / REL@SEL$3
  12 - SEL$3        / REL@SEL$3
  14 - SEL$3        / DEFN@SEL$3
  15 - SEL$3        / DEFN@SEL$3
  16 - SEL$3        / REL_ORB@SEL$3
  17 - SEL$3        / REL_ORB@SEL$3
  18 - SEL$5       
  20 - SEL$5        / DEFN@SEL$5
  21 - SEL$5        / DEFN@SEL$5
  22 - SEL$5        / REL_ORB@SEL$5
  23 - SEL$5        / REL_ORB@SEL$5
  24 - SEL$5        / REL@SEL$5
  25 - SEL$5        / REL@SEL$5
  26 - SEL$8BC4F132 / T@SEL$7
  27 - SEL$8BC4F132 / T@SEL$7
  28 - SEL$8BC4F132 / TL@SEL$7
 
</code></pre><header class="major"><h2>Predicate Information (identified by operation id):</h2></header><pre><code>
 
   1 - access("T"."ORG_ENTITY_ID"="TL"."ORG_ENTITY_ID"(+))
  12 - access("REL"."REL_SOURCE_OBJECT_ID"=:2)
  15 - access("DEFN"."SRC_OBJ_TYPE"=:1 AND "DEFN"."DEST_OBJ_TYPE"='MS_GRC_ORGANIZATION')
  16 - access("REL"."REL_SOURCE_ID"="REL_ORB"."REL_SOURCE_ID")
  17 - filter("DEFN"."REL_ID"="REL_ORB"."REL_CONFIG_ID")
  21 - access("DEFN"."SRC_OBJ_TYPE"='MS_GRC_ORGANIZATION' AND "DEFN"."DEST_OBJ_TYPE"=:1)
  22 - filter("DEFN"."REL_ID"="REL_ORB"."REL_CONFIG_ID")
  23 - access("REL_ORB"."TGT_OBJ_ID"=:2)
  25 - access("REL"."REL_SOURCE_ID"="REL_ORB"."REL_SOURCE_ID")
  26 - access("T"."ORG_ENTITY_ID"=TO_NUMBER("INN"."TGT_OBJ_ID"))
  28 - filter("TL"."LOCALE_ID"(+)=TO_NUMBER("SI_DB_LOCALE_SV"."GETVALUE"()))
 
</code></pre><header class="major"><h2>Column Projection Information (identified by operation id):</h2></header><pre><code>
 
   1 - (#keys=1) "T"."ORG_ENTITY_ID"[NUMBER,22], "T"."ORG_ENTITY_NAME"[VARCHAR2,400]
   2 - (#keys=0) "T"."ORG_ENTITY_ID"[NUMBER,22], "T"."ORG_ENTITY_NAME"[VARCHAR2,400]
   3 - (#keys=0) "T".ROWID[ROWID,10], "T"."ORG_ENTITY_ID"[NUMBER,22]
   4 - "INN"."TGT_OBJ_ID"[VARCHAR2,4000]
   5 - (#keys=2) "TGT_OBJ_ID"[VARCHAR2,4000], "SRC_OBJ_ID"[VARCHAR2,4000]
   6 - "SRC_OBJ_ID"[VARCHAR2,4000], "TGT_OBJ_ID"[VARCHAR2,4000]
   7 - STRDEF[512], STRDEF[4000], STRDEF[512], STRDEF[4000]
   8 - (#keys=0) "REL"."REL_SOURCE_OBJECT_ID"[VARCHAR2,1016], "DEFN"."SRC_OBJ_TYPE"[VARCHAR2,512], 
       "DEFN"."DEST_OBJ_TYPE"[VARCHAR2,512], "REL_ORB"."TGT_OBJ_ID"[VARCHAR2,4000]
   9 - (#keys=0) "REL"."REL_SOURCE_OBJECT_ID"[VARCHAR2,1016], "DEFN"."REL_ID"[VARCHAR2,160], 
       "DEFN"."SRC_OBJ_TYPE"[VARCHAR2,512], "DEFN"."DEST_OBJ_TYPE"[VARCHAR2,512], "REL_ORB".ROWID[ROWID,10]
  10 - (#keys=0) "REL"."REL_SOURCE_OBJECT_ID"[VARCHAR2,1016], "REL"."REL_SOURCE_ID"[VARCHAR2,1020], 
       "DEFN"."REL_ID"[VARCHAR2,160], "DEFN"."SRC_OBJ_TYPE"[VARCHAR2,512], "DEFN"."DEST_OBJ_TYPE"[VARCHAR2,512]
  11 - "REL"."REL_SOURCE_OBJECT_ID"[VARCHAR2,1016], "REL"."REL_SOURCE_ID"[VARCHAR2,1020]
  12 - "REL".ROWID[ROWID,10], "REL"."REL_SOURCE_OBJECT_ID"[VARCHAR2,1016]
  13 - (#keys=0) "DEFN"."REL_ID"[VARCHAR2,160], "DEFN"."SRC_OBJ_TYPE"[VARCHAR2,512], 
       "DEFN"."DEST_OBJ_TYPE"[VARCHAR2,512]
  14 - "DEFN"."REL_ID"[VARCHAR2,160], "DEFN"."SRC_OBJ_TYPE"[VARCHAR2,512], "DEFN"."DEST_OBJ_TYPE"[VARCHAR2,512]
  15 - "DEFN".ROWID[ROWID,10], "DEFN"."SRC_OBJ_TYPE"[VARCHAR2,512], "DEFN"."DEST_OBJ_TYPE"[VARCHAR2,512]
  16 - "REL_ORB".ROWID[ROWID,10]
  17 - "REL_ORB"."TGT_OBJ_ID"[VARCHAR2,4000]
  18 - (#keys=0) "DEFN"."SRC_OBJ_TYPE"[VARCHAR2,512], "DEFN"."DEST_OBJ_TYPE"[VARCHAR2,512], 
       "REL_ORB"."TGT_OBJ_ID"[VARCHAR2,4000], "REL"."REL_SOURCE_OBJECT_ID"[VARCHAR2,1016]
  19 - (#keys=0) "DEFN"."SRC_OBJ_TYPE"[VARCHAR2,512], "DEFN"."DEST_OBJ_TYPE"[VARCHAR2,512], 
       "REL_ORB"."TGT_OBJ_ID"[VARCHAR2,4000], "REL_ORB"."REL_SOURCE_ID"[VARCHAR2,1020]
  20 - "DEFN"."REL_ID"[VARCHAR2,160], "DEFN"."SRC_OBJ_TYPE"[VARCHAR2,512], "DEFN"."DEST_OBJ_TYPE"[VARCHAR2,512]
  21 - "DEFN".ROWID[ROWID,10], "DEFN"."SRC_OBJ_TYPE"[VARCHAR2,512], "DEFN"."DEST_OBJ_TYPE"[VARCHAR2,512]
  22 - "REL_ORB"."TGT_OBJ_ID"[VARCHAR2,4000], "REL_ORB"."REL_SOURCE_ID"[VARCHAR2,1020]
  23 - "REL_ORB".ROWID[ROWID,10], "REL_ORB"."TGT_OBJ_ID"[VARCHAR2,4000]
  24 - "REL"."REL_SOURCE_OBJECT_ID"[VARCHAR2,1016]
  25 - "REL".ROWID[ROWID,10]
  26 - "T".ROWID[ROWID,10], "T"."ORG_ENTITY_ID"[NUMBER,22]
  27 - "T"."ORG_ENTITY_NAME"[VARCHAR2,400]
  28 - "TL"."ORG_ENTITY_ID"[NUMBER,22]
										</code></pre>
								</section>
						</div>
					</div>

				<!-- Sidebar -->
				<div id="sidebar">
					<div class="inner">
						<!-- Menu -->
						<nav id="menu">
							<header class="major">
								<h2>Menu</h2>
							</header>
							<ul>
								<li><a href="../index.html">Module List</a></li>
								<li><a href="index.html">Summary</a></li>
								<li>
									<span class="opener">DB Analysis</span>
									<ul>
										<li><a href="bad-sql.html">Bad SQL</a></li>
										<li><a href="poor-sql.html">Poor SQL Plan</a></li>
										<li><a href="invalid-sql.html">Invalid SQL</a></li>
										<li><a href="full-sql.html">Full SQL Report</a></li>
										<li><a href="table-nil-key.html">Primary/Unique Key Miss</a></li>
										<li><a href="invalid-db-object.html">Invalid DB Objects</a></li>
									</ul>
								</li>
								<li>
									<span class="opener">Infolets</span>
									<ul>
										<li><a href="keep-history-infolets.html">Keep History Infolets</a></li>
									</ul>
								</li>
								<li>
									<span class="opener">Pushforms</span>
									<ul>
										<li><a href="pushform-denormalize.html">Pushform Denormalized</a></li>
									</ul>
								</li>
							</ul>
						</nav>

						<!-- Section -->
						<section>
							<header class="major">
								<h2>Get in touch</h2>
							</header>
							<p>You need more details on the report or want more functionality, don't hesitate to reach out to us.</p>
							<ul class="contact">
								<li class="fa-envelope-o"><a href="mailto:rnd@metricstream.com?Subject=Reg - Static Code Analysis Tool" target="_top">rnd@metricstream.com</a></li>
							</ul>
						</section>

						<!-- Footer -->
						<footer id="footer">
							<p class="copyright">&copy; <a href="http://www.metricstream.com" target="_blank">MetricStream</a>. All rights reserved. </p>
						</footer>
					</div>
				</div>
			</div>

		<!-- Scripts -->
			<script src="../../lib/assets/js/jquery.min.js"></script>
			<script src="../../lib/assets/js/skel.min.js"></script>
			<script src="../../lib/assets/js/util.js"></script>
			<!--[if lte IE 8]><script src="../../lib/assets/js/ie/respond.min.js"></script><![endif]-->
			<script src="../../lib/assets/js/main.js"></script>
	</body>
</html>