<!DOCTYPE HTML>
<html>
	<head>
		<title>Code Analysis - MetricStream</title>
		<meta charset="utf-8" />
		<meta name="viewport" content="width=device-width, initial-scale=1, user-scalable=no" />
		<!--[if lte IE 8]><script src="../../lib/assets/js/ie/html5shiv.js"></script><![endif]-->
		<link rel="stylesheet" href="../../lib/assets/css/main.css" />
		<!--[if lte IE 9]><link rel="stylesheet" href="../../lib/assets/css/ie9.css" /><![endif]-->
		<!--[if lte IE 8]><link rel="stylesheet" href="../../lib/assets/css/ie8.css" /><![endif]-->
	</head>
	<body>

		<!-- Wrapper -->
			<div id="wrapper">

				<!-- Main -->
					<div id="main">
						<div class="inner">
							<!-- Header -->
								<header id="header">
									<a href="index.html" class="logo"><strong>Static Code Analysis Report</strong> by Code Analyzer Tool</a>
								</header>

							<!-- Content -->
								<section>
									<!-- Content -->
										<header class="major"><h2>Infolet Details</h2></header>
										<div class="table-wrapper">
											<table>
												<tbody>
													<tr>
														<th>Name</th>
														<td>MS_GRC_61_SP2_REG_LIST_INF (100738)</td>
													</tr>
													<tr>
														<th>SQL</th>
														<td><pre><code>select REGSUMM.OBJECT_ID,
REGSUMM.OBJECT_NAME,
REGMLSSUMM.OBJECT_STATUS,
regSumm.CREATED_ON,
(SELECT USER_FULL_NAME FROM MS_GRC_USER_FULL_NAME_V where user_name = REGSUMM.CREATED_BY) AS CREATED_BY,
regsumm.updated_on,
(SELECT USER_FULL_NAME FROM MS_GRC_USER_FULL_NAME_V where user_name = REGSUMM.Updated_By) AS Updated_By,
REGSUMM.VALID_FROM,
REGSUMM.VALID_UNTIL,
REGSUMM.DESCRIPTION,
REGSUMM.OWNER_ORG_NAMES,
REGSUMM.OWNER_NAME,
(SELECT USER_FULL_NAME FROM MS_GRC_USER_FULL_NAME_V where user_name = REGSUMM.level_1_approver) AS level_1_approver,
(SELECT USER_FULL_NAME FROM MS_GRC_USER_FULL_NAME_V where user_name = REGSUMM.LEVEL_2_APPROVER) AS LEVEL_2_APPROVER,
REL_ORGANIZATION_NAMES,
REL_AOC_OBJ_NAME_AGG,
REL_CTRL_OBJ_NAME_AGG,
REL_PROCESS_OBJ_NAME_AGG,
REL_REQUIREMENT_OBJ_NAME_AGG,
REL_RISK_OBJ_NAME_AGG,
REL_STANDARD_OBJ_NAME_AGG ,
REGSUMM.REPORT_JSON AS REPORT_JSON
,REGSUMM.LEVEL_1_APPROVER as LEVEL_1_APPR,
REGSUMM.LEVEL_2_APPROVER as LEVEL_2_APPR
,REGSUMM.UPPER_OBJECT_NAME AS UPPER_OBJECT_NAME
FROM MS_GRC_REG_SUMMARY regSumm,
MS_GRC_REG_MLS_SUMMARY regMlsSumm
where regMlsSumm.OBJECT_ID = regSumm.OBJECT_ID
and regMlsSumm.OBJECT_ID in (select column_value
from table(cast(ms_grc_rep_browser_fil_denorm.fn_reg_report_filter(ms_grc_array_type(:1,:2,:3,:5,TO_CHAR(:6,'YYYY-MM-DD'),TO_CHAR(:7,'YYYY-MM-DD'),:8,:9,TO_CHAR(:10,'YYYY-MM-DD'),TO_CHAR(:11,'YYYY-MM-DD'),TO_CHAR(:12,'YYYY-MM-DD'),TO_CHAR(:13,'YYYY-MM-DD'),:14,:15,:16,:17,:18,:19,null,null,null,:20,null,
NULL,NULL,NULL,NULL,NULL,:21,NULL,NULL,:22,NULL,:23,:24,'MS_GRC_REGULATORY_BODY',:25)) as ms_varchar2_array))
) 
and regMlsSumm.locale_id = (select LOCALE_ID from SI_USERS_T T1 ,SI_LOCALES T2 where USER_NAME = :25 and T1.LOCALE = T2.LOCALE_STRING)
AND NVL(is_orphan, 1)=NVL(:4,NVL(is_orphan,1))</code></pre></td>
													</tr>
													<tr>
														<th>Description</th>
														<td>This infolet is used for fetching the Library data for Regulatory Body list report. It consists of the parameters specific to Regulatory Body object and also the related library object parmaters. It does not contain any mandatory parameter.</td>
													</tr>
												</tbody>
											</table>
										</div>

										<h2 align="center" id="content">Analysis Report</h2>
										<hr>

<header class="major"><h2>Plan hash value: 1336672942</h2></header><pre><code>
 
-------------------------------------------------------------------------------------------------------------------
| Id  | Operation                            | Name                       | Rows  | Bytes | Cost (%CPU)| Time     |
-------------------------------------------------------------------------------------------------------------------
|   0 | SELECT STATEMENT                     |                            |     1 | 30497 |    36   (3)| 00:00:01 |
|   1 |  NESTED LOOPS                        |                            |     1 |    83 |     3   (0)| 00:00:01 |
|   2 |   NESTED LOOPS                       |                            |     1 |    83 |     3   (0)| 00:00:01 |
|   3 |    NESTED LOOPS                      |                            |     1 |    66 |     2   (0)| 00:00:01 |
|   4 |     TABLE ACCESS BY INDEX ROWID      | MS_QS_PARAMETER_NAMES      |     1 |    34 |     1   (0)| 00:00:01 |
|*  5 |      INDEX RANGE SCAN                | MS_QS_PARAMETER_NAMES_N1   |     1 |       |     1   (0)| 00:00:01 |
|*  6 |     TABLE ACCESS BY INDEX ROWID      | MS_QS_PARAMETER_TYPES      |     1 |    32 |     1   (0)| 00:00:01 |
|*  7 |      INDEX RANGE SCAN                | MS_QS_PARAMETER_TYPES_N1   |     1 |       |     1   (0)| 00:00:01 |
|*  8 |    INDEX RANGE SCAN                  | MS_QS_PARAMETER_VALUES_IDX |     1 |       |     1   (0)| 00:00:01 |
|   9 |   TABLE ACCESS BY INDEX ROWID        | MS_QS_PARAMETER_VALUES     |     1 |    17 |     1   (0)| 00:00:01 |
|  10 |  TABLE ACCESS BY INDEX ROWID         | SI_USERS_T                 |     1 |    28 |     1   (0)| 00:00:01 |
|* 11 |   INDEX UNIQUE SCAN                  | USER_NAME_UK               |     1 |       |     1   (0)| 00:00:01 |
|  12 |  NESTED LOOPS                        |                            |     1 |    83 |     3   (0)| 00:00:01 |
|  13 |   NESTED LOOPS                       |                            |     1 |    83 |     3   (0)| 00:00:01 |
|  14 |    NESTED LOOPS                      |                            |     1 |    66 |     2   (0)| 00:00:01 |
|  15 |     TABLE ACCESS BY INDEX ROWID      | MS_QS_PARAMETER_NAMES      |     1 |    34 |     1   (0)| 00:00:01 |
|* 16 |      INDEX RANGE SCAN                | MS_QS_PARAMETER_NAMES_N1   |     1 |       |     1   (0)| 00:00:01 |
|* 17 |     TABLE ACCESS BY INDEX ROWID      | MS_QS_PARAMETER_TYPES      |     1 |    32 |     1   (0)| 00:00:01 |
|* 18 |      INDEX RANGE SCAN                | MS_QS_PARAMETER_TYPES_N1   |     1 |       |     1   (0)| 00:00:01 |
|* 19 |    INDEX RANGE SCAN                  | MS_QS_PARAMETER_VALUES_IDX |     1 |       |     1   (0)| 00:00:01 |
|  20 |   TABLE ACCESS BY INDEX ROWID        | MS_QS_PARAMETER_VALUES     |     1 |    17 |     1   (0)| 00:00:01 |
|  21 |  TABLE ACCESS BY INDEX ROWID         | SI_USERS_T                 |     1 |    28 |     1   (0)| 00:00:01 |
|* 22 |   INDEX UNIQUE SCAN                  | USER_NAME_UK               |     1 |       |     1   (0)| 00:00:01 |
|  23 |  NESTED LOOPS                        |                            |     1 |    83 |     3   (0)| 00:00:01 |
|  24 |   NESTED LOOPS                       |                            |     1 |    83 |     3   (0)| 00:00:01 |
|  25 |    NESTED LOOPS                      |                            |     1 |    66 |     2   (0)| 00:00:01 |
|  26 |     TABLE ACCESS BY INDEX ROWID      | MS_QS_PARAMETER_NAMES      |     1 |    34 |     1   (0)| 00:00:01 |
|* 27 |      INDEX RANGE SCAN                | MS_QS_PARAMETER_NAMES_N1   |     1 |       |     1   (0)| 00:00:01 |
|* 28 |     TABLE ACCESS BY INDEX ROWID      | MS_QS_PARAMETER_TYPES      |     1 |    32 |     1   (0)| 00:00:01 |
|* 29 |      INDEX RANGE SCAN                | MS_QS_PARAMETER_TYPES_N1   |     1 |       |     1   (0)| 00:00:01 |
|* 30 |    INDEX RANGE SCAN                  | MS_QS_PARAMETER_VALUES_IDX |     1 |       |     1   (0)| 00:00:01 |
|  31 |   TABLE ACCESS BY INDEX ROWID        | MS_QS_PARAMETER_VALUES     |     1 |    17 |     1   (0)| 00:00:01 |
|  32 |  TABLE ACCESS BY INDEX ROWID         | SI_USERS_T                 |     1 |    28 |     1   (0)| 00:00:01 |
|* 33 |   INDEX UNIQUE SCAN                  | USER_NAME_UK               |     1 |       |     1   (0)| 00:00:01 |
|  34 |  NESTED LOOPS                        |                            |     1 |    83 |     3   (0)| 00:00:01 |
|  35 |   NESTED LOOPS                       |                            |     1 |    83 |     3   (0)| 00:00:01 |
|  36 |    NESTED LOOPS                      |                            |     1 |    66 |     2   (0)| 00:00:01 |
|  37 |     TABLE ACCESS BY INDEX ROWID      | MS_QS_PARAMETER_NAMES      |     1 |    34 |     1   (0)| 00:00:01 |
|* 38 |      INDEX RANGE SCAN                | MS_QS_PARAMETER_NAMES_N1   |     1 |       |     1   (0)| 00:00:01 |
|* 39 |     TABLE ACCESS BY INDEX ROWID      | MS_QS_PARAMETER_TYPES      |     1 |    32 |     1   (0)| 00:00:01 |
|* 40 |      INDEX RANGE SCAN                | MS_QS_PARAMETER_TYPES_N1   |     1 |       |     1   (0)| 00:00:01 |
|* 41 |    INDEX RANGE SCAN                  | MS_QS_PARAMETER_VALUES_IDX |     1 |       |     1   (0)| 00:00:01 |
|  42 |   TABLE ACCESS BY INDEX ROWID        | MS_QS_PARAMETER_VALUES     |     1 |    17 |     1   (0)| 00:00:01 |
|  43 |  TABLE ACCESS BY INDEX ROWID         | SI_USERS_T                 |     1 |    28 |     1   (0)| 00:00:01 |
|* 44 |   INDEX UNIQUE SCAN                  | USER_NAME_UK               |     1 |       |     1   (0)| 00:00:01 |
|  45 |  NESTED LOOPS                        |                            |     1 | 30497 |    32   (4)| 00:00:01 |
|  46 |   NESTED LOOPS                       |                            |     1 |  2408 |    31   (4)| 00:00:01 |
|  47 |    SORT UNIQUE                       |                            |  8168 | 16336 |    29   (0)| 00:00:01 |
<font style="background-color: lightblue; color: red">|  48 |     COLLECTION ITERATOR PICKLER FETCH| FN_REG_REPORT_FILTER       |  8168 | 16336 |    29   (0)| 00:00:01 |</font>
|  49 |    TABLE ACCESS BY INDEX ROWID       | MS_GRC_REG_MLS_SUMMARY     |     1 |  2406 |     1   (0)| 00:00:01 |
|* 50 |     INDEX RANGE SCAN                 | MS_GRC_REG_MLS_SUMM_IDX2   |     1 |       |     1   (0)| 00:00:01 |
|  51 |      NESTED LOOPS                    |                            |     1 |    30 |     4   (0)| 00:00:01 |
|  52 |       TABLE ACCESS BY INDEX ROWID    | SI_USERS_T                 |     1 |    19 |     1   (0)| 00:00:01 |
|* 53 |        INDEX UNIQUE SCAN             | USER_NAME_UK               |     1 |       |     1   (0)| 00:00:01 |
<font style="background-color: lightblue; color: red">|* 54 |       TABLE ACCESS FULL              | SI_LOCALES                 |     1 |    11 |     3   (0)| 00:00:01 |</font>
|* 55 |   TABLE ACCESS BY INDEX ROWID        | MS_GRC_REG_SUMMARY         |     1 | 28089 |     1   (0)| 00:00:01 |
|* 56 |    INDEX UNIQUE SCAN                 | MS_GRC_REGB_SUMM_IDX1      |     1 |       |     1   (0)| 00:00:01 |
-------------------------------------------------------------------------------------------------------------------
 
</code></pre><header class="major"><h2>Query Block Name / Object Alias (identified by operation id):</h2></header><pre><code>
 
   1 - SEL$B7E8C768
   4 - SEL$B7E8C768 / PNAME@SEL$3
   5 - SEL$B7E8C768 / PNAME@SEL$3
   6 - SEL$B7E8C768 / PTYPE@SEL$3
   7 - SEL$B7E8C768 / PTYPE@SEL$3
   8 - SEL$B7E8C768 / PVALUE@SEL$3
   9 - SEL$B7E8C768 / PVALUE@SEL$3
  10 - SEL$1FF6F973 / USERS@SEL$4
  11 - SEL$1FF6F973 / USERS@SEL$4
  12 - SEL$E2C0F2F4
  15 - SEL$E2C0F2F4 / PNAME@SEL$7
  16 - SEL$E2C0F2F4 / PNAME@SEL$7
  17 - SEL$E2C0F2F4 / PTYPE@SEL$7
  18 - SEL$E2C0F2F4 / PTYPE@SEL$7
  19 - SEL$E2C0F2F4 / PVALUE@SEL$7
  20 - SEL$E2C0F2F4 / PVALUE@SEL$7
  21 - SEL$570E831A / USERS@SEL$8
  22 - SEL$570E831A / USERS@SEL$8
  23 - SEL$5D238E44
  26 - SEL$5D238E44 / PNAME@SEL$11
  27 - SEL$5D238E44 / PNAME@SEL$11
  28 - SEL$5D238E44 / PTYPE@SEL$11
  29 - SEL$5D238E44 / PTYPE@SEL$11
  30 - SEL$5D238E44 / PVALUE@SEL$11
  31 - SEL$5D238E44 / PVALUE@SEL$11
  32 - SEL$18BE6699 / USERS@SEL$12
  33 - SEL$18BE6699 / USERS@SEL$12
  34 - SEL$28C398ED
  37 - SEL$28C398ED / PNAME@SEL$15
  38 - SEL$28C398ED / PNAME@SEL$15
  39 - SEL$28C398ED / PTYPE@SEL$15
  40 - SEL$28C398ED / PTYPE@SEL$15
  41 - SEL$28C398ED / PVALUE@SEL$15
  42 - SEL$28C398ED / PVALUE@SEL$15
  43 - SEL$D2366DAE / USERS@SEL$16
  44 - SEL$D2366DAE / USERS@SEL$16
  45 - SEL$7B6CD1A2
  48 - SEL$7B6CD1A2 / KOKBF$0@SEL$19
  49 - SEL$7B6CD1A2 / REGMLSSUMM@SEL$1
  50 - SEL$7B6CD1A2 / REGMLSSUMM@SEL$1
  51 - SEL$20      
  52 - SEL$20       / T1@SEL$20
  53 - SEL$20       / T1@SEL$20
  54 - SEL$20       / T2@SEL$20
  55 - SEL$7B6CD1A2 / REGSUMM@SEL$1
  56 - SEL$7B6CD1A2 / REGSUMM@SEL$1
 
</code></pre><header class="major"><h2>Predicate Information (identified by operation id):</h2></header><pre><code>
 
   5 - access("PNAME"."PARAMETER_NAME"='DISPLAY_FORMAT')
   6 - filter("PTYPE"."PARAMETER_TYPE_ID"="PNAME"."PARAMETER_TYPE_ID")
   7 - access("PTYPE"."PARAMETER_TYPE"='MS Apps User Name Display Format')
   8 - access("PTYPE"."PARAMETER_TYPE_ID"="PVALUE"."PARAMETER_TYPE_ID" AND 
              "PNAME"."PARAMETER_ID"="PVALUE"."PARAMETER_ID" AND "PVALUE"."ORG_ENTITY_ID"=1)
  11 - access("USERS"."USER_NAME"=:B1)
  16 - access("PNAME"."PARAMETER_NAME"='DISPLAY_FORMAT')
  17 - filter("PTYPE"."PARAMETER_TYPE_ID"="PNAME"."PARAMETER_TYPE_ID")
  18 - access("PTYPE"."PARAMETER_TYPE"='MS Apps User Name Display Format')
  19 - access("PTYPE"."PARAMETER_TYPE_ID"="PVALUE"."PARAMETER_TYPE_ID" AND 
              "PNAME"."PARAMETER_ID"="PVALUE"."PARAMETER_ID" AND "PVALUE"."ORG_ENTITY_ID"=1)
  22 - access("USERS"."USER_NAME"=:B1)
  27 - access("PNAME"."PARAMETER_NAME"='DISPLAY_FORMAT')
  28 - filter("PTYPE"."PARAMETER_TYPE_ID"="PNAME"."PARAMETER_TYPE_ID")
  29 - access("PTYPE"."PARAMETER_TYPE"='MS Apps User Name Display Format')
  30 - access("PTYPE"."PARAMETER_TYPE_ID"="PVALUE"."PARAMETER_TYPE_ID" AND 
              "PNAME"."PARAMETER_ID"="PVALUE"."PARAMETER_ID" AND "PVALUE"."ORG_ENTITY_ID"=1)
  33 - access("USERS"."USER_NAME"=:B1)
  38 - access("PNAME"."PARAMETER_NAME"='DISPLAY_FORMAT')
  39 - filter("PTYPE"."PARAMETER_TYPE_ID"="PNAME"."PARAMETER_TYPE_ID")
  40 - access("PTYPE"."PARAMETER_TYPE"='MS Apps User Name Display Format')
  41 - access("PTYPE"."PARAMETER_TYPE_ID"="PVALUE"."PARAMETER_TYPE_ID" AND 
              "PNAME"."PARAMETER_ID"="PVALUE"."PARAMETER_ID" AND "PVALUE"."ORG_ENTITY_ID"=1)
  44 - access("USERS"."USER_NAME"=:B1)
  50 - access("REGMLSSUMM"."OBJECT_ID"=VALUE(KOKBF$))
       filter(TO_NUMBER("REGMLSSUMM"."LOCALE_ID")= (SELECT "LOCALE_ID" FROM "SI_LOCALES" "T2","SI_USERS_T" 
              "T1" WHERE "USER_NAME"=:25 AND "T1"."LOCALE"="T2"."LOCALE_STRING"))
  53 - access("USER_NAME"=:25)
  54 - filter("T1"."LOCALE"="T2"."LOCALE_STRING")
  55 - filter(NVL("IS_ORPHAN",1)=NVL(:4,NVL("IS_ORPHAN",1)))
  56 - access("REGMLSSUMM"."OBJECT_ID"="REGSUMM"."OBJECT_ID")
 
</code></pre><header class="major"><h2>Column Projection Information (identified by operation id):</h2></header><pre><code>
 
   1 - (#keys=0) "PVALUE"."PARAMETER_VALUE"[VARCHAR2,400]
   2 - (#keys=0) "PVALUE".ROWID[ROWID,10]
   3 - (#keys=0) "PNAME"."PARAMETER_ID"[NUMBER,22], "PTYPE"."PARAMETER_TYPE_ID"[NUMBER,22]
   4 - "PNAME"."PARAMETER_ID"[NUMBER,22], "PNAME"."PARAMETER_TYPE_ID"[NUMBER,22]
   5 - "PNAME".ROWID[ROWID,10]
   6 - "PTYPE"."PARAMETER_TYPE_ID"[NUMBER,22]
   7 - "PTYPE".ROWID[ROWID,10]
   8 - "PVALUE".ROWID[ROWID,10]
   9 - "PVALUE"."PARAMETER_VALUE"[VARCHAR2,400]
  10 - "USERS".ROWID[ROWID,10], "USERS"."LAST_NAME"[VARCHAR2,400], "USERS"."FIRST_NAME"[VARCHAR2,400], 
       "USERS"."USER_NAME"[VARCHAR2,320]
  11 - "USERS".ROWID[ROWID,10], "USERS"."USER_NAME"[VARCHAR2,320]
  12 - (#keys=0) "PVALUE"."PARAMETER_VALUE"[VARCHAR2,400]
  13 - (#keys=0) "PVALUE".ROWID[ROWID,10]
  14 - (#keys=0) "PNAME"."PARAMETER_ID"[NUMBER,22], "PTYPE"."PARAMETER_TYPE_ID"[NUMBER,22]
  15 - "PNAME"."PARAMETER_ID"[NUMBER,22], "PNAME"."PARAMETER_TYPE_ID"[NUMBER,22]
  16 - "PNAME".ROWID[ROWID,10]
  17 - "PTYPE"."PARAMETER_TYPE_ID"[NUMBER,22]
  18 - "PTYPE".ROWID[ROWID,10]
  19 - "PVALUE".ROWID[ROWID,10]
  20 - "PVALUE"."PARAMETER_VALUE"[VARCHAR2,400]
  21 - "USERS".ROWID[ROWID,10], "USERS"."LAST_NAME"[VARCHAR2,400], "USERS"."FIRST_NAME"[VARCHAR2,400], 
       "USERS"."USER_NAME"[VARCHAR2,320]
  22 - "USERS".ROWID[ROWID,10], "USERS"."USER_NAME"[VARCHAR2,320]
  23 - (#keys=0) "PVALUE"."PARAMETER_VALUE"[VARCHAR2,400]
  24 - (#keys=0) "PVALUE".ROWID[ROWID,10]
  25 - (#keys=0) "PNAME"."PARAMETER_ID"[NUMBER,22], "PTYPE"."PARAMETER_TYPE_ID"[NUMBER,22]
  26 - "PNAME"."PARAMETER_ID"[NUMBER,22], "PNAME"."PARAMETER_TYPE_ID"[NUMBER,22]
  27 - "PNAME".ROWID[ROWID,10]
  28 - "PTYPE"."PARAMETER_TYPE_ID"[NUMBER,22]
  29 - "PTYPE".ROWID[ROWID,10]
  30 - "PVALUE".ROWID[ROWID,10]
  31 - "PVALUE"."PARAMETER_VALUE"[VARCHAR2,400]
  32 - "USERS".ROWID[ROWID,10], "USERS"."LAST_NAME"[VARCHAR2,400], "USERS"."FIRST_NAME"[VARCHAR2,400], 
       "USERS"."USER_NAME"[VARCHAR2,320]
  33 - "USERS".ROWID[ROWID,10], "USERS"."USER_NAME"[VARCHAR2,320]
  34 - (#keys=0) "PVALUE"."PARAMETER_VALUE"[VARCHAR2,400]
  35 - (#keys=0) "PVALUE".ROWID[ROWID,10]
  36 - (#keys=0) "PNAME"."PARAMETER_ID"[NUMBER,22], "PTYPE"."PARAMETER_TYPE_ID"[NUMBER,22]
  37 - "PNAME"."PARAMETER_ID"[NUMBER,22], "PNAME"."PARAMETER_TYPE_ID"[NUMBER,22]
  38 - "PNAME".ROWID[ROWID,10]
  39 - "PTYPE"."PARAMETER_TYPE_ID"[NUMBER,22]
  40 - "PTYPE".ROWID[ROWID,10]
  41 - "PVALUE".ROWID[ROWID,10]
  42 - "PVALUE"."PARAMETER_VALUE"[VARCHAR2,400]
  43 - "USERS".ROWID[ROWID,10], "USERS"."LAST_NAME"[VARCHAR2,400], "USERS"."FIRST_NAME"[VARCHAR2,400], 
       "USERS"."USER_NAME"[VARCHAR2,320]
  44 - "USERS".ROWID[ROWID,10], "USERS"."USER_NAME"[VARCHAR2,320]
  45 - (#keys=0) "REGMLSSUMM"."OBJECT_STATUS"[VARCHAR2,4000], "REGSUMM"."OBJECT_NAME"[VARCHAR2,4000], 
       "REGSUMM"."DESCRIPTION"[LOB,4000], "REGSUMM"."VALID_UNTIL"[DATE,7], "REGSUMM"."VALID_FROM"[DATE,7], 
       "REGSUMM"."OWNER_NAME"[LOB,4000], "REGSUMM"."OWNER_ORG_NAMES"[LOB,4000], 
       "REGSUMM"."LEVEL_1_APPROVER"[VARCHAR2,1000], "REGSUMM"."LEVEL_2_APPROVER"[VARCHAR2,1000], 
       "REGSUMM"."UPDATED_BY"[VARCHAR2,804], "REGSUMM"."UPDATED_ON"[DATE,7], 
       "REGSUMM"."CREATED_BY"[VARCHAR2,804], "REGSUMM"."CREATED_ON"[DATE,7], "REL_AOC_OBJ_NAME_AGG"[LOB,4000], 
       "REL_CTRL_OBJ_NAME_AGG"[LOB,4000], "REL_ORGANIZATION_NAMES"[LOB,4000], 
       "REL_PROCESS_OBJ_NAME_AGG"[LOB,4000], "REL_REQUIREMENT_OBJ_NAME_AGG"[LOB,4000], 
       "REL_RISK_OBJ_NAME_AGG"[LOB,4000], "REL_STANDARD_OBJ_NAME_AGG"[LOB,4000], 
       "REGSUMM"."UPPER_OBJECT_NAME"[VARCHAR2,4000], "REGSUMM"."REPORT_JSON"[VARCHAR2,4000], 
       "REGSUMM"."OBJECT_ID"[VARCHAR2,400]
  46 - (#keys=0) "REGMLSSUMM"."OBJECT_ID"[VARCHAR2,400], "REGMLSSUMM"."OBJECT_STATUS"[VARCHAR2,4000]
  47 - (#keys=1) VALUE(KOKBF$)[8000]
  48 - VALUE(A0)[8000]
  49 - "REGMLSSUMM"."OBJECT_ID"[VARCHAR2,400], "REGMLSSUMM"."OBJECT_STATUS"[VARCHAR2,4000]
  50 - "REGMLSSUMM".ROWID[ROWID,10], "REGMLSSUMM"."OBJECT_ID"[VARCHAR2,400]
  51 - (#keys=0) "LOCALE_ID"[NUMBER,22]
  52 - "T1"."LOCALE"[VARCHAR2,400]
  53 - "T1".ROWID[ROWID,10]
  54 - "LOCALE_ID"[NUMBER,22]
  55 - "REGSUMM"."OBJECT_NAME"[VARCHAR2,4000], "REGSUMM"."DESCRIPTION"[LOB,4000], 
       "REGSUMM"."VALID_UNTIL"[DATE,7], "REGSUMM"."VALID_FROM"[DATE,7], "REGSUMM"."OWNER_NAME"[LOB,4000], 
       "REGSUMM"."OWNER_ORG_NAMES"[LOB,4000], "REGSUMM"."LEVEL_1_APPROVER"[VARCHAR2,1000], 
       "REGSUMM"."LEVEL_2_APPROVER"[VARCHAR2,1000], "REGSUMM"."UPDATED_BY"[VARCHAR2,804], 
       "REGSUMM"."UPDATED_ON"[DATE,7], "REGSUMM"."CREATED_BY"[VARCHAR2,804], "REGSUMM"."CREATED_ON"[DATE,7], 
       "REL_AOC_OBJ_NAME_AGG"[LOB,4000], "REL_CTRL_OBJ_NAME_AGG"[LOB,4000], "REL_ORGANIZATION_NAMES"[LOB,4000], 
       "REL_PROCESS_OBJ_NAME_AGG"[LOB,4000], "REL_REQUIREMENT_OBJ_NAME_AGG"[LOB,4000], 
       "REL_RISK_OBJ_NAME_AGG"[LOB,4000], "REL_STANDARD_OBJ_NAME_AGG"[LOB,4000], 
       "REGSUMM"."UPPER_OBJECT_NAME"[VARCHAR2,4000], "REGSUMM"."REPORT_JSON"[VARCHAR2,4000], 
       "REGSUMM"."OBJECT_ID"[VARCHAR2,400]
  56 - "REGSUMM".ROWID[ROWID,10], "REGSUMM"."OBJECT_ID"[VARCHAR2,400]
										</code></pre>
								</section>
						</div>
					</div>

				<!-- Sidebar -->
				<div id="sidebar">
					<div class="inner">
						<!-- Menu -->
						<nav id="menu">
							<header class="major">
								<h2>Menu</h2>
							</header>
							<ul>
								<li><a href="../index.html">Module List</a></li>
								<li><a href="index.html">Summary</a></li>
								<li>
									<span class="opener">DB Analysis</span>
									<ul>
										<li><a href="bad-sql.html">Bad SQL</a></li>
										<li><a href="poor-sql.html">Poor SQL Plan</a></li>
										<li><a href="invalid-sql.html">Invalid SQL</a></li>
										<li><a href="full-sql.html">Full SQL Report</a></li>
										<li><a href="table-nil-key.html">Primary/Unique Key Miss</a></li>
										<li><a href="invalid-db-object.html">Invalid DB Objects</a></li>
										<li><a href="sequence-with-less-cache.html">Sequence</a></li>
										<li><a href="table-index-lob-size.html">Table Size</a></li>
									</ul>
								</li>
								<li>
								    <span class="opener">LOB</span>
								    <ul>
								        <li><a href="lob-no-cache.html">LOB - No Cache</a></li>
								        <li><a href="lob-columns.html">LOB - All Columns</a></li>
								    </ul>
								</li>
								<li>
									<span class="opener">Infolets</span>
									<ul>
										<li><a href="keep-history-infolets.html">Keep History Infolets</a></li>
										<li><a href="plsql-context-switch.html">SQL-PL/SQL Context Switch</a></li>
									</ul>
								</li>
								<li>
									<span class="opener">Pushforms</span>
									<ul>
										<li><a href="pushform-denormalize.html">Pushform Denormalized</a></li>
									</ul>
								</li>
								<li>
									<span class="opener">PL/SQL</span>
									<ul>
										<li><a href="plsql-dyn-qry-objs.html">Dynamic Query</a></li>
									</ul>
								</li>
							</ul>
						</nav>

						<!-- Section -->
						<section>
							<header class="major">
								<h2>Get in touch</h2>
							</header>
							<p>You need more details on the report or want more functionality, don't hesitate to reach out to us.</p>
							<ul class="contact">
								<li class="fa-envelope-o"><a href="mailto:apps-rnd-arch-team@metricstream.com?Subject=Reg - Code Analysis Tool" target="_top">apps-rnd-arch-team@metricstream.com</a></li>
							</ul>
						</section>

						<!-- Footer -->
						<footer id="footer">
							<p class="copyright">&copy; <a href="http://www.metricstream.com" target="_blank">MetricStream</a>. All rights reserved. </p>
						</footer>
					</div>
				</div>
			</div>

		<!-- Scripts -->
			<script src="../../lib/assets/js/jquery.min.js"></script>
			<script src="../../lib/assets/js/skel.min.js"></script>
			<script src="../../lib/assets/js/util.js"></script>
			<!--[if lte IE 8]><script src="../../lib/assets/js/ie/respond.min.js"></script><![endif]-->
			<script src="../../lib/assets/js/main.js"></script>
	</body>
</html>