<!DOCTYPE HTML>
<html>
	<head>
		<title>Code Analysis - MetricStream</title>
		<meta charset="utf-8" />
		<meta name="viewport" content="width=device-width, initial-scale=1, user-scalable=no" />
		<!--[if lte IE 8]><script src="../../lib/assets/js/ie/html5shiv.js"></script><![endif]-->
		<link rel="stylesheet" href="../../lib/assets/css/main.css" />
		<!--[if lte IE 9]><link rel="stylesheet" href="../../lib/assets/css/ie9.css" /><![endif]-->
		<!--[if lte IE 8]><link rel="stylesheet" href="../../lib/assets/css/ie8.css" /><![endif]-->
	</head>
	<body>

		<!-- Wrapper -->
			<div id="wrapper">

				<!-- Main -->
					<div id="main">
						<div class="inner">
							<!-- Header -->
								<header id="header">
									<a href="index.html" class="logo"><strong>Static Code Analysis Report</strong> by Code Analyzer Tool</a>
								</header>

							<!-- Content -->
								<section>
									<!-- Content -->
										<header class="major"><h2>Infolet Details</h2></header>
										<div class="table-wrapper">
											<table>
												<tbody>
													<tr>
														<th>Name</th>
														<td>MS_GRC_Product_Parent_Infolet (101023)</td>
													</tr>
													<tr>
														<th>SQL</th>
														<td><pre><code>SELECT 
  object_name AS OBJECT_NAME,
  object_id AS OBJECT_ID
  FROM MS_GRC_PRODUCT_DENORM_RV rv,(select locale_id from si_locales where locale_string=(select locale FROM si_users_t WHERE user_name=:1)
  ) loc
WHERE EXISTS
    (SELECT column_value
    FROM TABLE(cast(ms_grc_rep_browser_fil_denorm.fn_product_rpt_filters(ms_grc_array_type(NULL,NULL,NULL,NULL,NULL,NULL,NULL,NULL,NULL,NULL,NULL,NULL,Null,NULL,NULL,NULL,NULL,NULL,NULL,NULL,NULL,NULL,NULL,NULL,NULL,NULL,NULL,NULL,NULL,NULL,NULL,NULL,NULL,NULL,NULL,NULL,NULL,NULL,NULL,NULL,NULL,'MS_GRC_PRODUCT',:1)) as varchar2_array))
  WHERE column_value = rv.OBJECT_ID
  ) and LOC.LOCALE_ID=rv.LOCALE_ID order by upper_object_name</code></pre></td>
													</tr>
													<tr>
														<th>Description</th>
														<td>This infolet extracts data from MS_GRC_PRODUCT_DENORM_RV view and is thereby used in MS_GRC_Product_Rpt_Infolet infolet</td>
													</tr>
												</tbody>
											</table>
										</div>

										<h2 align="center" id="content">Analysis Report</h2>
										<hr>

<header class="major"><h2>Plan hash value: 3503837986</h2></header><pre><code>
 
------------------------------------------------------------------------------------------------------------------
| Id  | Operation                               | Name                   | Rows  | Bytes | Cost (%CPU)| Time     |
------------------------------------------------------------------------------------------------------------------
|   0 | SELECT STATEMENT                        |                        |     1 |  4629 |    34   (3)| 00:00:01 |
|   1 |  SORT ORDER BY                          |                        |     1 |  4629 |    34   (3)| 00:00:01 |
|   2 |   NESTED LOOPS                          |                        |     1 |  4629 |    33   (0)| 00:00:01 |
|   3 |    NESTED LOOPS                         |                        |     1 |  4618 |    32   (0)| 00:00:01 |
<font style="background-color: lightblue; color: red">|   4 |     MERGE JOIN CARTESIAN                |                        |     1 |   412 |    31   (0)| 00:00:01 |</font>
<font style="background-color: lightblue; color: red">|   5 |      MERGE JOIN CARTESIAN               |                        |     1 |   410 |     2   (0)| 00:00:01 |</font>
|   6 |       VIEW                              | VW_SQ_1                |     1 |     6 |     1   (0)| 00:00:01 |
|   7 |        TABLE ACCESS BY INDEX ROWID      | SI_USERS_T             |     1 |    19 |     1   (0)| 00:00:01 |
|*  8 |         INDEX UNIQUE SCAN               | USER_NAME_UK           |     1 |       |     1   (0)| 00:00:01 |
|   9 |       INDEX FULL SCAN                   | MS_GRC_PROD_MLS_IDX2   |     1 |   404 |     1   (0)| 00:00:01 |
|  10 |      BUFFER SORT                        |                        |  8168 | 16336 |    30   (0)| 00:00:01 |
|  11 |       SORT UNIQUE                       |                        |  8168 | 16336 |    29   (0)| 00:00:01 |
<font style="background-color: lightblue; color: red">|  12 |        COLLECTION ITERATOR PICKLER FETCH| FN_PRODUCT_RPT_FILTERS |  8168 | 16336 |    29   (0)| 00:00:01 |</font>
|  13 |     TABLE ACCESS BY INDEX ROWID         | MS_GRC_PRODUCT_SUMMARY |     1 |  4206 |     1   (0)| 00:00:01 |
|* 14 |      INDEX UNIQUE SCAN                  | MS_GRC_PROD_SUMM_IDX1  |     1 |       |     1   (0)| 00:00:01 |
|* 15 |    TABLE ACCESS BY INDEX ROWID          | SI_LOCALES             |     1 |    11 |     1   (0)| 00:00:01 |
|* 16 |     INDEX UNIQUE SCAN                   | SI_LOCALES_U1          |     1 |       |     1   (0)| 00:00:01 |
------------------------------------------------------------------------------------------------------------------
 
</code></pre><header class="major"><h2>Query Block Name / Object Alias (identified by operation id):</h2></header><pre><code>
 
   1 - SEL$E1BE3644
   6 - SEL$3512B053 / VW_SQ_1@SEL$2DF9124B
   7 - SEL$3512B053 / SI_USERS_T@SEL$8
   8 - SEL$3512B053 / SI_USERS_T@SEL$8
   9 - SEL$E1BE3644 / MLSSUMM@SEL$2
  12 - SEL$E1BE3644 / KOKBF$0@SEL$10
  13 - SEL$E1BE3644 / PRDSUMM@SEL$2
  14 - SEL$E1BE3644 / PRDSUMM@SEL$2
  15 - SEL$E1BE3644 / SI_LOCALES@SEL$7
  16 - SEL$E1BE3644 / SI_LOCALES@SEL$7
 
</code></pre><header class="major"><h2>Predicate Information (identified by operation id):</h2></header><pre><code>
 
   8 - access("USER_NAME"=:1)
  14 - access("PRDSUMM"."OBJECT_ID"=VALUE(KOKBF$))
       filter("PRDSUMM"."OBJECT_ID"="MLSSUMM"."OBJECT_ID")
  15 - filter("LOCALE_STRING"="LOCALE")
  16 - access("LOCALE_ID"=TO_NUMBER("MLSSUMM"."LOCALE_ID"))
 
</code></pre><header class="major"><h2>Column Projection Information (identified by operation id):</h2></header><pre><code>
 
   1 - (#keys=1) "PRDSUMM"."UPPER_OBJECT_NAME"[VARCHAR2,4000], "PRDSUMM"."OBJECT_NAME"[VARCHAR2,4000], 
       "PRDSUMM"."OBJECT_ID"[VARCHAR2,400]
   2 - (#keys=0) "PRDSUMM"."OBJECT_ID"[VARCHAR2,400], "PRDSUMM"."OBJECT_NAME"[VARCHAR2,4000], 
       "PRDSUMM"."UPPER_OBJECT_NAME"[VARCHAR2,4000]
   3 - (#keys=0) "LOCALE"[VARCHAR2,400], "MLSSUMM"."LOCALE_ID"[VARCHAR2,400], 
       "PRDSUMM"."OBJECT_ID"[VARCHAR2,400], "PRDSUMM"."OBJECT_NAME"[VARCHAR2,4000], 
       "PRDSUMM"."UPPER_OBJECT_NAME"[VARCHAR2,4000]
   4 - (#keys=0) "LOCALE"[VARCHAR2,400], "MLSSUMM"."OBJECT_ID"[VARCHAR2,400], 
       "MLSSUMM"."LOCALE_ID"[VARCHAR2,400], VALUE(KOKBF$)[16000]
   5 - (#keys=0) "LOCALE"[VARCHAR2,400], "MLSSUMM"."OBJECT_ID"[VARCHAR2,400], 
       "MLSSUMM"."LOCALE_ID"[VARCHAR2,400]
   6 - "LOCALE"[VARCHAR2,400]
   7 - "LOCALE"[VARCHAR2,400]
   8 - "SI_USERS_T".ROWID[ROWID,10]
   9 - "MLSSUMM"."OBJECT_ID"[VARCHAR2,400], "MLSSUMM"."LOCALE_ID"[VARCHAR2,400]
  10 - (#keys=0) VALUE(KOKBF$)[16000]
  11 - (#keys=1) VALUE(KOKBF$)[16000]
  12 - VALUE(A0)[16000]
  13 - "PRDSUMM"."OBJECT_ID"[VARCHAR2,400], "PRDSUMM"."OBJECT_NAME"[VARCHAR2,4000], 
       "PRDSUMM"."UPPER_OBJECT_NAME"[VARCHAR2,4000]
  14 - "PRDSUMM".ROWID[ROWID,10], "PRDSUMM"."OBJECT_ID"[VARCHAR2,400]
  16 - "SI_LOCALES".ROWID[ROWID,10]
										</code></pre>
								</section>
						</div>
					</div>

				<!-- Sidebar -->
				<div id="sidebar">
					<div class="inner">
						<!-- Menu -->
						<nav id="menu">
							<header class="major">
								<h2>Menu</h2>
							</header>
							<ul>
								<li><a href="../index.html">Module List</a></li>
								<li><a href="index.html">Summary</a></li>
								<li>
									<span class="opener">DB Analysis</span>
									<ul>
										<li><a href="bad-sql.html">Bad SQL</a></li>
										<li><a href="poor-sql.html">Poor SQL Plan</a></li>
										<li><a href="invalid-sql.html">Invalid SQL</a></li>
										<li><a href="full-sql.html">Full SQL Report</a></li>
										<li><a href="table-nil-key.html">Primary/Unique Key Miss</a></li>
										<li><a href="invalid-db-object.html">Invalid DB Objects</a></li>
										<li><a href="sequence-with-less-cache.html">Sequence</a></li>
										<li><a href="table-index-lob-size.html">Table Size</a></li>
										<li><a href="table-row-count.html">Table Row Count</a></li>
									</ul>
								</li>
								<li>
								    <span class="opener">LOB</span>
								    <ul>
								        <li><a href="lob-no-cache.html">LOB - No Cache</a></li>
								        <li><a href="lob-columns.html">LOB - All Columns</a></li>
								    </ul>
								</li>
								<li>
									<span class="opener">Infolets</span>
									<ul>
										<li><a href="keep-history-infolets.html">Keep History Infolets</a></li>
										<li><a href="plsql-context-switch.html">SQL-PL/SQL Context Switch</a></li>
									</ul>
								</li>
								<li>
									<span class="opener">Pushforms</span>
									<ul>
										<li><a href="pushform-denormalize.html">Pushform Denormalized</a></li>
									</ul>
								</li>
								<li>
									<span class="opener">PL/SQL</span>
									<ul>
										<li><a href="plsql-dyn-qry-objs.html">Dynamic Query</a></li>
									</ul>
								</li>
							</ul>
						</nav>

						<!-- Section -->
						<section>
							<header class="major">
								<h2>Get in touch</h2>
							</header>
							<p>You need more details on the report or want more functionality, don't hesitate to reach out to us.</p>
							<ul class="contact">
								<li class="fa-envelope-o"><a href="mailto:apps-rnd-arch-team@metricstream.com?Subject=Reg - Code Analysis Tool" target="_top">apps-rnd-arch-team@metricstream.com</a></li>
							</ul>
						</section>

						<!-- Footer -->
						<footer id="footer">
							<p class="copyright">&copy; <a href="http://www.metricstream.com" target="_blank">MetricStream</a>. All rights reserved. </p>
						</footer>
					</div>
				</div>
			</div>

		<!-- Scripts -->
			<script src="../../lib/assets/js/jquery.min.js"></script>
			<script src="../../lib/assets/js/skel.min.js"></script>
			<script src="../../lib/assets/js/util.js"></script>
			<!--[if lte IE 8]><script src="../../lib/assets/js/ie/respond.min.js"></script><![endif]-->
			<script src="../../lib/assets/js/main.js"></script>
	</body>
</html>