<!DOCTYPE HTML>
<html>
	<head>
		<title>Code Analysis - MetricStream</title>
		<meta charset="utf-8" />
		<meta name="viewport" content="width=device-width, initial-scale=1, user-scalable=no" />
		<!--[if lte IE 8]><script src="../../lib/assets/js/ie/html5shiv.js"></script><![endif]-->
		<link rel="stylesheet" href="../../lib/assets/css/main.css" />
		<!--[if lte IE 9]><link rel="stylesheet" href="../../lib/assets/css/ie9.css" /><![endif]-->
		<!--[if lte IE 8]><link rel="stylesheet" href="../../lib/assets/css/ie8.css" /><![endif]-->
	</head>
	<body>

		<!-- Wrapper -->
			<div id="wrapper">

				<!-- Main -->
					<div id="main">
						<div class="inner">
							<!-- Header -->
								<header id="header">
									<a href="index.html" class="logo"><strong>Static Code Analysis Report</strong> by Code Analyzer Tool</a>
								</header>

							<!-- Content -->
								<section>
									<!-- Content -->
										<header class="major"><h2>Infolet Details</h2></header>
										<div class="table-wrapper">
											<table>
												<tbody>
													<tr>
														<td><b>Name</b></td>
														<td>MS_GRC_CTRL_ORB_Rpt_Inf (100804)</td>
													</tr>
													<tr>
														<td><b>SQL</b></td>
														<td><pre><code>SELECT contSumm.OBJECT_ID AS ID,
  contSumm.OBJECT_NAME    AS NAME,
  mlsSumm.object_level    AS OBJECT_LEVEL,
  (SELECT object_name
  FROM MS_GRC_COMPLIANCE_OBJE comp
  WHERE comp.object_id    = contSumm.parent
  AND comp.dd_object_type = 'MS_GRC_CONTROL'
  )                          AS OBJECT_PARENT,
  mlsSumm.Key_Control        AS KEY_CONTROL,
  mlsSumm.control_frequency  AS CONTROL_FREQUENCY,
  mlsSumm.control_purpose    AS CONTROL_PURPOSE,
  mlsSumm.control_priority   AS CONTROL_PRIORITY,
  mlsSumm.control_nature     AS CONTROL_NATURE,
  'MS_GRC_CONTROL'           AS Additional_column3,
  NULL                       AS form_url,
  'MS_GRC_CONTROL'           AS Additional_column4,
  contSumm.UPPER_OBJECT_NAME AS UPPER_OBJECT_NAME
FROM MS_GRC_CONTROL_SUMMARY contSumm,
  MS_GRC_CONTROL_MLS_SUMMARY mlsSumm
WHERE contSumm.OBJECT_ID = mlsSumm.OBJECT_ID
AND mlsSumm.LOCALE_ID    =
  (SELECT LOCALE_ID
  FROM SI_USERS_T T1 ,
    SI_LOCALES T2
  WHERE USER_NAME = :1
  AND T1.LOCALE   = T2.LOCALE_STRING
  )
AND EXISTS
  (SELECT COLUMN_VALUE
  FROM TABLE(CAST(Ms_Grc_Orb_Report_Filter.Fn_Control_Orb_Filters(:1,:3,:2,:4,:5,:6,:7,:8,:9) AS ms_varchar2_array))
  WHERE COLUMN_VALUE=contSumm.OBJECT_ID
  )
AND TRUNC(SYSDATE) BETWEEN NVL(TRUNC(contSumm.VALID_FROM),TRUNC(SYSDATE)) AND NVL(TRUNC(contSumm.VALID_UNTIL),TRUNC(SYSDATE))</code></pre></td>
													</tr>
													<tr>
														<td><b>Description</b></td>
														<td>This infolet extracts data from MS_GRC_CONTROL_DENORM_RV view and is thereby used in MS_GRC_CTRL_ORB_REPORT report</td>
													</tr>
												</tbody>
											</table>
										</div>

										<h2 align="center" id="content">Analysis Report</h2>
										<hr>

<header class="major"><h2>Plan hash value: 3388178296</h2></header><pre><code>
 
------------------------------------------------------------------------------------------------------------------
| Id  | Operation                           | Name                       | Rows  | Bytes | Cost (%CPU)| Time     |
------------------------------------------------------------------------------------------------------------------
|   0 | SELECT STATEMENT                    |                            |     1 |   589 |   194   (0)| 00:00:03 |
|*  1 |  TABLE ACCESS BY INDEX ROWID        | MS_GRC_COMPLIANCE_OBJE     |     1 |   180 |     1   (0)| 00:00:01 |
|*  2 |   INDEX UNIQUE SCAN                 | MS_GRC_COMPLIANCE_OBJE_PK  |     1 |       |     1   (0)| 00:00:01 |
|   3 |  NESTED LOOPS                       |                            |     1 |   589 |   190   (0)| 00:00:03 |
|*  4 |   HASH JOIN SEMI                    |                            |     1 |   322 |   189   (0)| 00:00:03 |
|*  5 |    INDEX FAST FULL SCAN             | MS_GRC_CONTROL_SUMMARY_PK  |     4 |  1280 |   160   (0)| 00:00:02 |
<font style="background-color: lightblue; color: red">|   6 |    COLLECTION ITERATOR PICKLER FETCH| FN_CONTROL_ORB_FILTERS     |  8168 | 16336 |    29   (0)| 00:00:01 |</font>
|   7 |   TABLE ACCESS BY INDEX ROWID       | MS_GRC_CONTROL_MLS_SUMMARY |     1 |   267 |     1   (0)| 00:00:01 |
|*  8 |    INDEX RANGE SCAN                 | MS_GRC_CTRL_MLS_SUMM_IDX2  |     1 |       |     1   (0)| 00:00:01 |
|   9 |     NESTED LOOPS                    |                            |     1 |    30 |     4   (0)| 00:00:01 |
|  10 |      TABLE ACCESS BY INDEX ROWID    | SI_USERS_T                 |     1 |    19 |     1   (0)| 00:00:01 |
|* 11 |       INDEX RANGE SCAN              | SI_USERS_T_N3              |     1 |       |     1   (0)| 00:00:01 |
<font style="background-color: lightblue; color: red">|* 12 |      TABLE ACCESS FULL              | SI_LOCALES                 |     1 |    11 |     3   (0)| 00:00:01 |</font>
------------------------------------------------------------------------------------------------------------------
 
</code></pre><header class="major"><h2>Query Block Name / Object Alias (identified by operation id):</h2></header><pre><code>
 
   1 - SEL$2        / COMP@SEL$2
   2 - SEL$2        / COMP@SEL$2
   3 - SEL$9A916132
   5 - SEL$9A916132 / CONTSUMM@SEL$1
   6 - SEL$9A916132 / KOKBF$0@SEL$5
   7 - SEL$9A916132 / MLSSUMM@SEL$1
   8 - SEL$9A916132 / MLSSUMM@SEL$1
   9 - SEL$3       
  10 - SEL$3        / T1@SEL$3
  11 - SEL$3        / T1@SEL$3
  12 - SEL$3        / T2@SEL$3
 
</code></pre><header class="major"><h2>Predicate Information (identified by operation id):</h2></header><pre><code>
 
   1 - filter("COMP"."DD_OBJECT_TYPE"='MS_GRC_CONTROL')
   2 - access("COMP"."OBJECT_ID"=:B1)
   4 - access("CONTSUMM"."OBJECT_ID"=VALUE(KOKBF$))
   5 - filter(NVL(TRUNC(INTERNAL_FUNCTION("CONTSUMM"."VALID_FROM")),TRUNC(SYSDATE@!))<=TRUNC(SYSDATE@!) 
              AND NVL(TRUNC(INTERNAL_FUNCTION("CONTSUMM"."VALID_UNTIL")),TRUNC(SYSDATE@!))>=TRUNC(SYSDATE@!))
   8 - access("CONTSUMM"."OBJECT_ID"="MLSSUMM"."OBJECT_ID")
       filter(TO_NUMBER("MLSSUMM"."LOCALE_ID")= (SELECT "LOCALE_ID" FROM "SI_LOCALES" "T2","SI_USERS_T" 
              "T1" WHERE "USER_NAME"=:1 AND "T1"."LOCALE"="T2"."LOCALE_STRING"))
  11 - access("USER_NAME"=:1)
  12 - filter("T1"."LOCALE"="T2"."LOCALE_STRING")
 
</code></pre><header class="major"><h2>Column Projection Information (identified by operation id):</h2></header><pre><code>
 
   1 - "COMP".ROWID[ROWID,10], "OBJECT_NAME"[VARCHAR2,4000], "COMP"."DD_OBJECT_TYPE"[VARCHAR2,400]
   2 - "COMP".ROWID[ROWID,10]
   3 - (#keys=0) "CONTSUMM"."OBJECT_ID"[VARCHAR2,1600], "CONTSUMM"."UPPER_OBJECT_NAME"[VARCHAR2,3000], 
       "CONTSUMM"."OBJECT_NAME"[VARCHAR2,4000], "CONTSUMM"."PARENT"[VARCHAR2,1600], 
       "MLSSUMM"."CONTROL_PURPOSE"[LOB,4000], "MLSSUMM"."CONTROL_NATURE"[LOB,4000], 
       "MLSSUMM"."CONTROL_PRIORITY"[VARCHAR2,4000], "MLSSUMM"."CONTROL_FREQUENCY"[VARCHAR2,4000], 
       "MLSSUMM"."OBJECT_LEVEL"[VARCHAR2,4000], "MLSSUMM"."KEY_CONTROL"[VARCHAR2,1020]
   4 - (#keys=1) "CONTSUMM"."OBJECT_ID"[VARCHAR2,1600], "CONTSUMM"."UPPER_OBJECT_NAME"[VARCHAR2,3000], 
       "CONTSUMM"."OBJECT_NAME"[VARCHAR2,4000], "CONTSUMM"."PARENT"[VARCHAR2,1600]
   5 - "CONTSUMM"."UPPER_OBJECT_NAME"[VARCHAR2,3000], "CONTSUMM"."OBJECT_ID"[VARCHAR2,1600], 
       "CONTSUMM"."OBJECT_NAME"[VARCHAR2,4000], "CONTSUMM"."PARENT"[VARCHAR2,1600]
   6 - VALUE(A0)[8000]
   7 - "MLSSUMM"."CONTROL_PURPOSE"[LOB,4000], "MLSSUMM"."CONTROL_NATURE"[LOB,4000], 
       "MLSSUMM"."CONTROL_PRIORITY"[VARCHAR2,4000], "MLSSUMM"."CONTROL_FREQUENCY"[VARCHAR2,4000], 
       "MLSSUMM"."OBJECT_LEVEL"[VARCHAR2,4000], "MLSSUMM"."KEY_CONTROL"[VARCHAR2,1020]
   8 - "MLSSUMM".ROWID[ROWID,10]
   9 - (#keys=0) "LOCALE_ID"[NUMBER,22]
  10 - "T1"."LOCALE"[VARCHAR2,100]
  11 - "T1".ROWID[ROWID,10]
  12 - "LOCALE_ID"[NUMBER,22]
										</code></pre>
								</section>
						</div>
					</div>

				<!-- Sidebar -->
				<div id="sidebar">
					<div class="inner">
						<!-- Menu -->
						<nav id="menu">
							<header class="major">
								<h2>Menu</h2>
							</header>
							<ul>
								<li><a href="../index.html">Module List</a></li>
								<li><a href="index.html">Summary</a></li>
								<li>
									<span class="opener">DB Analysis</span>
									<ul>
										<li><a href="bad-sql.html">Bad SQL</a></li>
										<li><a href="poor-sql.html">Poor SQL Plan</a></li>
										<li><a href="invalid-sql.html">Invalid SQL</a></li>
										<li><a href="full-sql.html">Full SQL Report</a></li>
										<li><a href="table-nil-key.html">Primary/Unique Key Miss</a></li>
										<li><a href="invalid-db-object.html">Invalid DB Objects</a></li>
									</ul>
								</li>
								<li>
									<span class="opener">Infolets</span>
									<ul>
										<li><a href="keep-history-infolets.html">Keep History Infolets</a></li>
									</ul>
								</li>
								<li>
									<span class="opener">Pushforms</span>
									<ul>
										<li><a href="pushform-denormalize.html">Pushform Denormalized</a></li>
									</ul>
								</li>
							</ul>
						</nav>

						<!-- Section -->
						<section>
							<header class="major">
								<h2>Get in touch</h2>
							</header>
							<p>You need more details on the report or want more functionality, don't hesitate to reach out to us.</p>
							<ul class="contact">
								<li class="fa-envelope-o"><a href="mailto:rnd@metricstream.com?Subject=Reg - Static Code Analysis Tool" target="_top">rnd@metricstream.com</a></li>
							</ul>
						</section>

						<!-- Footer -->
						<footer id="footer">
							<p class="copyright">&copy; <a href="http://www.metricstream.com" target="_blank">MetricStream</a>. All rights reserved. </p>
						</footer>
					</div>
				</div>
			</div>

		<!-- Scripts -->
			<script src="../../lib/assets/js/jquery.min.js"></script>
			<script src="../../lib/assets/js/skel.min.js"></script>
			<script src="../../lib/assets/js/util.js"></script>
			<!--[if lte IE 8]><script src="../../lib/assets/js/ie/respond.min.js"></script><![endif]-->
			<script src="../../lib/assets/js/main.js"></script>
	</body>
</html>