<!DOCTYPE HTML>
<html>
	<head>
		<title>Code Analysis - MetricStream</title>
		<meta charset="utf-8" />
		<meta name="viewport" content="width=device-width, initial-scale=1, user-scalable=no" />
		<!--[if lte IE 8]><script src="../../lib/assets/js/ie/html5shiv.js"></script><![endif]-->
		<link rel="stylesheet" href="../../lib/assets/css/main.css" />
		<!--[if lte IE 9]><link rel="stylesheet" href="../../lib/assets/css/ie9.css" /><![endif]-->
		<!--[if lte IE 8]><link rel="stylesheet" href="../../lib/assets/css/ie8.css" /><![endif]-->
	</head>
	<body>

		<!-- Wrapper -->
			<div id="wrapper">

				<!-- Main -->
					<div id="main">
						<div class="inner">
							<!-- Header -->
								<header id="header">
									<a href="index.html" class="logo"><strong>Static Code Analysis Report</strong> by Code Analyzer Tool</a>
								</header>

							<!-- Content -->
								<section>
									<!-- Content -->
										<header class="major"><h2>Infolet Details</h2></header>
										<div class="table-wrapper">
											<table>
												<tbody>
													<tr>
														<td><b>Name</b></td>
														<td>MS_GRC_ORG_PRO_Entp_List_Rpt_Inf (103153)</td>
													</tr>
													<tr>
														<td><b>SQL</b></td>
														<td><pre><code>SELECT object_id,
object_name as object_name_url,
object_type,
object_level,
object_parent,
basel_ii_entity,
object_status,
created_on,
created_by,
updated_on,
updated_by,
valid_from,
valid_until,
description,
owner_org_names,
owner_name,
level_1_approver,
level_2_approver,
REL_DATA_LINK as REL_OBJECTIVE_OBJ_NAME_AGG,
REL_DATA_LINK as REL_REFRENCES_OBJ_NAME_AGG,
(MS_GRC_UTILITIES.FN_GET_REPORT_JSON((SELECT METRIC_ID FROM SI_METRICS_T WHERE METRIC_NAME='MS_GRC_ORG_PROFILE'),rv.DD_PROCESS_INSTANCE_ID,(SELECT DD_INSTANCE_ID FROM MS_GRC_ORG_PROFILE WHERE OBJECT_ID=rv.OBJECT_ID),
'''flag=1'||CHR(38)||'emd=1'||CHR(38)||'x_edit_mode=Yes'||CHR (38)|| 'wrapper= No'|| CHR (38)|| 'mode=view''')) as REPORT_JSON
FROM MS_GRC_ORG_PRO_ENTP_RV rv
WHERE LOCALE =
  (SELECT LOCALE FROM SI_USERS_T WHERE USER_NAME = :23
  )
and nvl(is_orphan, 1)=nvl(:4,nvl(is_orphan,1))
AND EXISTS
    (SELECT column_value
    FROM TABLE(CAST(ms_grc_rep_browser_fil_denorm.fn_org_report_filter(ms_grc_array_type(:1,:2,:3,:5,:6,to_char(:7,'YYYY-MM-DD'), TO_CHAR(:8,'YYYY-MM-DD'),:9,:10,:11,:12,TO_CHAR(:13,'YYYY-MM-DD'),TO_CHAR(:14,'YYYY-MM-DD'),TO_CHAR(:15,'YYYY-MM-DD'),TO_CHAR(:16,'YYYY-MM-DD'), :17,:18,:19,:20, NULL,NULL,NULL,
	NULL,NULL,NULL,NULL,NULL,NULL,NULL,:21,NULL,NULL,NULL,NULL,NULL,:22, NULL,NULL,'MS_GRC_ORG_PROFILE',:23)) as ms_varchar2_array))
  WHERE column_value = OBJECT_ID)order by UPPER_OBJECT_NAME</code></pre></td>
													</tr>
													<tr>
														<td><b>Description</b></td>
														<td>This infolet is used for fetching the Library data for Organizational Profile Enterprice Report. It consists of the parameters specific to Organizational Profile object and also the related library object parameters. It does not contain any mandatory parameter.</td>
													</tr>
												</tbody>
											</table>
										</div>

										<h2 align="center" id="content">Analysis Report</h2>
										<hr>

<header class="major"><h2>Plan hash value: 2167501476</h2></header><pre><code>
 
---------------------------------------------------------------------------------------------------------------------
| Id  | Operation                           | Name                          | Rows  | Bytes | Cost (%CPU)| Time     |
---------------------------------------------------------------------------------------------------------------------
|   0 | SELECT STATEMENT                    |                               |     1 | 22306 |    56   (2)| 00:00:01 |
|   1 |  TABLE ACCESS BY INDEX ROWID        | SI_USERS_T                    |     1 |    28 |     1   (0)| 00:00:01 |
|*  2 |   INDEX RANGE SCAN                  | SI_USERS_T_N3                 |     1 |       |     1   (0)| 00:00:01 |
|   3 |  TABLE ACCESS BY INDEX ROWID        | SI_USERS_T                    |     1 |    28 |     1   (0)| 00:00:01 |
|*  4 |   INDEX RANGE SCAN                  | SI_USERS_T_N3                 |     1 |       |     1   (0)| 00:00:01 |
|   5 |  TABLE ACCESS BY INDEX ROWID        | SI_USERS_T                    |     1 |    28 |     1   (0)| 00:00:01 |
|*  6 |   INDEX RANGE SCAN                  | SI_USERS_T_N3                 |     1 |       |     1   (0)| 00:00:01 |
|   7 |  TABLE ACCESS BY INDEX ROWID        | SI_USERS_T                    |     1 |    28 |     1   (0)| 00:00:01 |
|*  8 |   INDEX RANGE SCAN                  | SI_USERS_T_N3                 |     1 |       |     1   (0)| 00:00:01 |
|   9 |  TABLE ACCESS BY INDEX ROWID        | SI_METRICS_T                  |     1 |    34 |     1   (0)| 00:00:01 |
|* 10 |   INDEX RANGE SCAN                  | SI_METRICS_T_N7               |     1 |       |     1   (0)| 00:00:01 |
|  11 |   TABLE ACCESS BY INDEX ROWID       | MS_GRC_ORG_PROFILE            |     1 |   215 |     1   (0)| 00:00:01 |
|* 12 |    INDEX UNIQUE SCAN                | MS_GRC_ORG_PROFILE_PK         |     1 |       |     1   (0)| 00:00:01 |
|  13 |  SORT ORDER BY                      |                               |     1 | 22306 |    56   (2)| 00:00:01 |
|* 14 |   HASH JOIN SEMI                    |                               |     1 | 22306 |    55   (0)| 00:00:01 |
|* 15 |    HASH JOIN                        |                               |     1 | 22304 |    26   (0)| 00:00:01 |
|  16 |     VIEW                            | VW_SQ_1                       |     1 |     6 |     1   (0)| 00:00:01 |
|  17 |      TABLE ACCESS BY INDEX ROWID    | SI_USERS_T                    |     1 |    19 |     1   (0)| 00:00:01 |
|* 18 |       INDEX RANGE SCAN              | SI_USERS_T_N3                 |     1 |       |     1   (0)| 00:00:01 |
|  19 |     NESTED LOOPS                    |                               |     1 | 22298 |    25   (0)| 00:00:01 |
<font style="background-color: lightblue; color: red">|  20 |      MERGE JOIN CARTESIAN           |                               |     1 | 17675 |    24   (0)| 00:00:01 |</font>
|* 21 |       HASH JOIN OUTER               |                               |     1 |  4074 |    23   (0)| 00:00:01 |
|* 22 |        HASH JOIN                    |                               |     1 |  2046 |    21   (0)| 00:00:01 |
|  23 |         TABLE ACCESS BY INDEX ROWID | MS_QS_LOV_NAMES               |     1 |    30 |     1   (0)| 00:00:01 |
|* 24 |          INDEX RANGE SCAN           | MS_QS_LOV_NAMES_N1            |     1 |       |     1   (0)| 00:00:01 |
|  25 |         VIEW                        |                               |     2 |  4032 |    20   (0)| 00:00:01 |
<font style="background-color: lightblue; color: red">|  26 |          MERGE JOIN CARTESIAN       |                               |     2 |    58 |    20   (0)| 00:00:01 |</font>
<font style="background-color: lightblue; color: red">|* 27 |           TABLE ACCESS FULL         | SI_LOCALES                    |     1 |     6 |     3   (0)| 00:00:01 |</font>
|  28 |           BUFFER SORT               |                               |     2 |    46 |    17   (0)| 00:00:01 |
<font style="background-color: lightblue; color: red">|* 29 |            TABLE ACCESS FULL        | MS_QS_LIST_OF_VALUES_T        |     2 |    46 |    17   (0)| 00:00:01 |</font>
<font style="background-color: lightblue; color: red">|  30 |        TABLE ACCESS FULL            | MS_QS_LIST_OF_VALUES_TL       |     1 |  2028 |     2   (0)| 00:00:01 |</font>
|  31 |       BUFFER SORT                   |                               |     1 | 13601 |    22   (0)| 00:00:01 |
|* 32 |        INDEX FULL SCAN              | MS_GRC_ORG_PRO_PK             |     1 | 13601 |     1   (0)| 00:00:01 |
|  33 |      TABLE ACCESS BY INDEX ROWID    | MS_GRC_ORG_PRO_MLS_SUMMARY    |     1 |  4623 |     1   (0)| 00:00:01 |
|* 34 |       INDEX RANGE SCAN              | MS_GRC_ORG_PROF_MLS_SUMM_IDX1 |     1 |       |     1   (0)| 00:00:01 |
<font style="background-color: lightblue; color: red">|  35 |    COLLECTION ITERATOR PICKLER FETCH| FN_ORG_REPORT_FILTER          |  8168 | 16336 |    29   (0)| 00:00:01 |</font>
---------------------------------------------------------------------------------------------------------------------
 
</code></pre><header class="major"><h2>Query Block Name / Object Alias (identified by operation id):</h2></header><pre><code>
 
   1 - SEL$8        / USR@SEL$8
   2 - SEL$8        / USR@SEL$8
   3 - SEL$7        / USR@SEL$7
   4 - SEL$7        / USR@SEL$7
   5 - SEL$5        / USR@SEL$5
   6 - SEL$5        / USR@SEL$5
   7 - SEL$6        / USR@SEL$6
   8 - SEL$6        / USR@SEL$6
   9 - SEL$2        / SI_METRICS_T@SEL$2
  10 - SEL$2        / SI_METRICS_T@SEL$2
  11 - SEL$3        / MS_GRC_ORG_PROFILE@SEL$3
  12 - SEL$3        / MS_GRC_ORG_PROFILE@SEL$3
  13 - SEL$48207252
  16 - SEL$32487103 / VW_SQ_1@SEL$4BBC00B6
  17 - SEL$32487103 / SI_USERS_T@SEL$12
  18 - SEL$32487103 / SI_USERS_T@SEL$12
  23 - SEL$48207252 / LOVNAME@SEL$4
  24 - SEL$48207252 / LOVNAME@SEL$4
  25 - SEL$285A8194 / X@SEL$9
  26 - SEL$285A8194
  27 - SEL$285A8194 / SI_LOCALES@SEL$11
  29 - SEL$285A8194 / T@SEL$10
  30 - SEL$48207252 / TL@SEL$9
  32 - SEL$48207252 / AOCSUMM@SEL$4
  33 - SEL$48207252 / AOCMLSSUMM@SEL$4
  34 - SEL$48207252 / AOCMLSSUMM@SEL$4
  35 - SEL$48207252 / KOKBF$0@SEL$14
 
</code></pre><header class="major"><h2>Predicate Information (identified by operation id):</h2></header><pre><code>
 
   2 - access("USR"."USER_NAME"=:B1)
   4 - access("USR"."USER_NAME"=:B1)
   6 - access("USR"."USER_NAME"=:B1)
   8 - access("USR"."USER_NAME"=:B1)
  10 - access("METRIC_NAME"='MS_GRC_ORG_PROFILE')
  12 - access("OBJECT_ID"=:B1)
  14 - access("AOCSUMM"."OBJECT_ID"=VALUE(KOKBF$))
  15 - access("AOCMLSSUMM"."LOCALE"="LOCALE")
  18 - access("USER_NAME"=:23)
  21 - access("X"."LOV_VALUE_ID"="TL"."LOV_VALUE_ID"(+) AND "X"."LOCALE_ID"="TL"."LOCALE_ID"(+))
  22 - access("X"."LOV_ID"="LOVNAME"."LOV_ID")
  24 - access("LOVNAME"."LOV_NAME"='MS_GRC_LABLES')
  27 - filter("ENABLED_FLAG"='Y')
  29 - filter("T"."STORED_VALUE"='CLICK_HERE' AND "T"."ORG_ENTITY_ID"=1)
  32 - filter(NVL("IS_ORPHAN",1)=NVL(:4,NVL("IS_ORPHAN",1)))
  34 - access("AOCSUMM"."OBJ_ORG_SUMM_WID"="AOCMLSSUMM"."OBJ_ORG_SUMM_WID")
       filter("X"."LOCALE_ID"=TO_NUMBER("AOCMLSSUMM"."LOCALE_ID"))
 
</code></pre><header class="major"><h2>Column Projection Information (identified by operation id):</h2></header><pre><code>
 
   1 - "USR".ROWID[ROWID,10], "USR"."LAST_NAME"[VARCHAR2,100], "USR"."FIRST_NAME"[VARCHAR2,100]
   2 - "USR".ROWID[ROWID,10]
   3 - "USR".ROWID[ROWID,10], "USR"."LAST_NAME"[VARCHAR2,100], "USR"."FIRST_NAME"[VARCHAR2,100]
   4 - "USR".ROWID[ROWID,10]
   5 - "USR".ROWID[ROWID,10], "USR"."LAST_NAME"[VARCHAR2,100], "USR"."FIRST_NAME"[VARCHAR2,100]
   6 - "USR".ROWID[ROWID,10]
   7 - "USR".ROWID[ROWID,10], "USR"."LAST_NAME"[VARCHAR2,100], "USR"."FIRST_NAME"[VARCHAR2,100]
   8 - "USR".ROWID[ROWID,10]
   9 - "SI_METRICS_T".ROWID[ROWID,10], "METRIC_ID"[NUMBER,22]
  10 - "SI_METRICS_T".ROWID[ROWID,10]
  11 - "MS_GRC_ORG_PROFILE".ROWID[ROWID,10], "DD_INSTANCE_ID"[NUMBER,22]
  12 - "MS_GRC_ORG_PROFILE".ROWID[ROWID,10]
  13 - (#keys=1) "AOCSUMM"."UPPER_OBJECT_NAME"[VARCHAR2,3000], "AOCSUMM"."OBJECT_ID"[VARCHAR2,400], 
       "AOCSUMM"."OBJECT_NAME"[VARCHAR2,4000], 'MS_GRC_ORG_PROFILE'[18], "AOCMLSSUMM"."OBJECT_LEVEL"[VARCHAR2,400], 
       "AOCSUMM"."OBJECT_PARENT"[VARCHAR2,4000], "AOCMLSSUMM"."BASEL_II_ENTITY"[VARCHAR2,4000], 
       "AOCMLSSUMM"."OBJECT_STATUS"[VARCHAR2,4000], "CREATED_ON"[DATE,7],  (SELECT "USR"."FIRST_NAME"||' 
       '||"USR"."LAST_NAME" FROM METRICSTREAM."SI_USERS_T" "USR" WHERE "USR"."USER_NAME"=:B1)[201], 
       "UPDATED_ON"[DATE,7],  (SELECT "USR"."FIRST_NAME"||' '||"USR"."LAST_NAME" FROM METRICSTREAM."SI_USERS_T" 
       "USR" WHERE "USR"."USER_NAME"=:B2)[201], "AOCSUMM"."VALID_FROM"[DATE,7], "AOCSUMM"."VALID_UNTIL"[DATE,7], 
       "AOCSUMM"."DESCRIPTION"[LOB,4000], "OWNER_ORG_NAMES"[LOB,4000], "OWNER_NAME"[LOB,4000],  (SELECT 
       "USR"."FIRST_NAME"||' '||"USR"."LAST_NAME" FROM METRICSTREAM."SI_USERS_T" "USR" WHERE 
       "USR"."USER_NAME"=:B3)[201],  (SELECT "USR"."FIRST_NAME"||' '||"USR"."LAST_NAME" FROM 
       METRICSTREAM."SI_USERS_T" "USR" WHERE "USR"."USER_NAME"=:B4)[201], 
       NVL("TL"."DISPLAYED_VALUE","X"."DISPLAYED_VALUE")[4000], 
       NVL("TL"."DISPLAYED_VALUE","X"."DISPLAYED_VALUE")[4000], "MS_GRC_UTILITIES"."FN_GET_REPORT_JSON"( (SELECT 
       "METRIC_ID" FROM "SI_METRICS_T" "SI_METRICS_T" WHERE "METRIC_NAME"='MS_GRC_ORG_PROFILE'),"AOCSUMM"."DD_PROCES
       S_INSTANCE_ID", (SELECT "DD_INSTANCE_ID" FROM "MS_GRC_ORG_PROFILE" "MS_GRC_ORG_PROFILE" WHERE 
       "OBJECT_ID"=:B5),'''flag=1&emd=1&x_edit_mode=Yes&wrapper= No&mode=view''')[4000]
  14 - (#keys=1) "AOCSUMM"."OBJECT_ID"[VARCHAR2,400], "X"."DISPLAYED_VALUE"[VARCHAR2,4000], 
       "TL"."DISPLAYED_VALUE"[VARCHAR2,4000], "AOCSUMM"."UPPER_OBJECT_NAME"[VARCHAR2,3000], 
       "AOCSUMM"."OBJECT_PARENT"[VARCHAR2,4000], "AOCMLSSUMM"."OBJECT_STATUS"[VARCHAR2,4000], 
       "AOCSUMM"."OBJECT_NAME"[VARCHAR2,4000], "AOCSUMM"."DESCRIPTION"[LOB,4000], "AOCSUMM"."VALID_UNTIL"[DATE,7], 
       "AOCSUMM"."VALID_FROM"[DATE,7], "AOCSUMM"."DD_PROCESS_INSTANCE_ID"[NUMBER,22], "OWNER_NAME"[LOB,4000], 
       "OWNER_ORG_NAMES"[LOB,4000], "AOCSUMM"."LEVEL_1_APPROVER"[VARCHAR2,1000], 
       "AOCSUMM"."LEVEL_2_APPROVER"[VARCHAR2,1000], "AOCSUMM"."UPDATED_BY"[VARCHAR2,804], "UPDATED_ON"[DATE,7], 
       "AOCSUMM"."CREATED_BY"[VARCHAR2,804], "CREATED_ON"[DATE,7], "AOCMLSSUMM"."OBJECT_LEVEL"[VARCHAR2,400], 
       "AOCMLSSUMM"."BASEL_II_ENTITY"[VARCHAR2,4000]
  15 - (#keys=1) "LOCALE"[VARCHAR2,100], "AOCMLSSUMM"."LOCALE"[VARCHAR2,400], "X"."LOV_VALUE_ID"[NUMBER,22], 
       "TL"."LOV_VALUE_ID"[NUMBER,22], "X"."LOCALE_ID"[NUMBER,22], "TL"."LOCALE_ID"[NUMBER,22], 
       "LOVNAME"."LOV_ID"[NUMBER,22], "X"."LOV_ID"[NUMBER,22], "LOVNAME".ROWID[ROWID,10], 
       "LOVNAME"."LOV_NAME"[VARCHAR2,400], "X"."DISPLAYED_VALUE"[VARCHAR2,4000], 
       "TL"."DISPLAYED_VALUE"[VARCHAR2,4000], "AOCSUMM".ROWID[ROWID,3034], 
       "AOCSUMM"."UPPER_OBJECT_NAME"[VARCHAR2,3000], "AOCSUMM"."OBJ_ORG_SUMM_WID"[NUMBER,22], 
       "IS_ORPHAN"[NUMBER,22], "AOCSUMM"."OBJECT_PARENT"[VARCHAR2,4000], "AOCSUMM"."OBJECT_ID"[VARCHAR2,400], 
       "AOCSUMM"."OBJECT_NAME"[VARCHAR2,4000], "AOCSUMM"."DESCRIPTION"[LOB,4000], "AOCSUMM"."VALID_UNTIL"[DATE,7], 
       "AOCSUMM"."VALID_FROM"[DATE,7], "AOCSUMM"."DD_PROCESS_INSTANCE_ID"[NUMBER,22], "OWNER_NAME"[LOB,4000], 
       "OWNER_ORG_NAMES"[LOB,4000], "AOCSUMM"."LEVEL_1_APPROVER"[VARCHAR2,1000], 
       "AOCSUMM"."LEVEL_2_APPROVER"[VARCHAR2,1000], "AOCSUMM"."UPDATED_BY"[VARCHAR2,804], "UPDATED_ON"[DATE,7], 
       "AOCSUMM"."CREATED_BY"[VARCHAR2,804], "CREATED_ON"[DATE,7], "AOCMLSSUMM".ROWID[ROWID,10], 
       "AOCMLSSUMM"."OBJ_ORG_SUMM_WID"[NUMBER,22], "AOCMLSSUMM"."LOCALE_ID"[VARCHAR2,400], 
       "AOCMLSSUMM"."OBJECT_LEVEL"[VARCHAR2,400], "AOCMLSSUMM"."BASEL_II_ENTITY"[VARCHAR2,4000], 
       "AOCMLSSUMM"."OBJECT_STATUS"[VARCHAR2,4000]
  16 - "LOCALE"[VARCHAR2,100]
  17 - "SI_USERS_T".ROWID[ROWID,10], "USER_NAME"[VARCHAR2,80], "LOCALE"[VARCHAR2,100]
  18 - "SI_USERS_T".ROWID[ROWID,10], "USER_NAME"[VARCHAR2,80]
  19 - (#keys=0) "X"."LOV_VALUE_ID"[NUMBER,22], "TL"."LOV_VALUE_ID"[NUMBER,22], "X"."LOCALE_ID"[NUMBER,22], 
       "TL"."LOCALE_ID"[NUMBER,22], "LOVNAME"."LOV_ID"[NUMBER,22], "X"."LOV_ID"[NUMBER,22], 
       "LOVNAME".ROWID[ROWID,10], "LOVNAME"."LOV_NAME"[VARCHAR2,400], "X"."DISPLAYED_VALUE"[VARCHAR2,4000], 
       "TL"."DISPLAYED_VALUE"[VARCHAR2,4000], "AOCSUMM".ROWID[ROWID,3034], 
       "AOCSUMM"."UPPER_OBJECT_NAME"[VARCHAR2,3000], "AOCSUMM"."OBJ_ORG_SUMM_WID"[NUMBER,22], 
       "IS_ORPHAN"[NUMBER,22], "AOCSUMM"."OBJECT_PARENT"[VARCHAR2,4000], "AOCSUMM"."OBJECT_ID"[VARCHAR2,400], 
       "AOCSUMM"."OBJECT_NAME"[VARCHAR2,4000], "AOCSUMM"."DESCRIPTION"[LOB,4000], "AOCSUMM"."VALID_UNTIL"[DATE,7], 
       "AOCSUMM"."VALID_FROM"[DATE,7], "AOCSUMM"."DD_PROCESS_INSTANCE_ID"[NUMBER,22], "OWNER_NAME"[LOB,4000], 
       "OWNER_ORG_NAMES"[LOB,4000], "AOCSUMM"."LEVEL_1_APPROVER"[VARCHAR2,1000], 
       "AOCSUMM"."LEVEL_2_APPROVER"[VARCHAR2,1000], "AOCSUMM"."UPDATED_BY"[VARCHAR2,804], "UPDATED_ON"[DATE,7], 
       "AOCSUMM"."CREATED_BY"[VARCHAR2,804], "CREATED_ON"[DATE,7], "AOCMLSSUMM".ROWID[ROWID,10], 
       "AOCMLSSUMM"."OBJ_ORG_SUMM_WID"[NUMBER,22], "AOCMLSSUMM"."LOCALE_ID"[VARCHAR2,400], 
       "AOCMLSSUMM"."LOCALE"[VARCHAR2,400], "AOCMLSSUMM"."BASEL_II_ENTITY"[VARCHAR2,4000], 
       "AOCMLSSUMM"."OBJECT_STATUS"[VARCHAR2,4000], "AOCMLSSUMM"."OBJECT_LEVEL"[VARCHAR2,400]
  20 - (#keys=0) "X"."LOV_VALUE_ID"[NUMBER,22], "TL"."LOV_VALUE_ID"[NUMBER,22], "X"."LOCALE_ID"[NUMBER,22], 
       "TL"."LOCALE_ID"[NUMBER,22], "LOVNAME"."LOV_ID"[NUMBER,22], "X"."LOV_ID"[NUMBER,22], 
       "LOVNAME".ROWID[ROWID,10], "LOVNAME"."LOV_NAME"[VARCHAR2,400], "X"."DISPLAYED_VALUE"[VARCHAR2,4000], 
       "TL"."DISPLAYED_VALUE"[VARCHAR2,4000], "AOCSUMM".ROWID[ROWID,3034], 
       "AOCSUMM"."UPPER_OBJECT_NAME"[VARCHAR2,3000], "AOCSUMM"."OBJ_ORG_SUMM_WID"[NUMBER,22], 
       "IS_ORPHAN"[NUMBER,22], "AOCSUMM"."OBJECT_PARENT"[VARCHAR2,4000], "AOCSUMM"."OBJECT_ID"[VARCHAR2,400], 
       "AOCSUMM"."OBJECT_NAME"[VARCHAR2,4000], "AOCSUMM"."DESCRIPTION"[LOB,4000], "AOCSUMM"."VALID_UNTIL"[DATE,7], 
       "AOCSUMM"."VALID_FROM"[DATE,7], "AOCSUMM"."DD_PROCESS_INSTANCE_ID"[NUMBER,22], "OWNER_NAME"[LOB,4000], 
       "OWNER_ORG_NAMES"[LOB,4000], "AOCSUMM"."LEVEL_1_APPROVER"[VARCHAR2,1000], 
       "AOCSUMM"."LEVEL_2_APPROVER"[VARCHAR2,1000], "AOCSUMM"."UPDATED_BY"[VARCHAR2,804], "UPDATED_ON"[DATE,7], 
       "AOCSUMM"."CREATED_BY"[VARCHAR2,804], "CREATED_ON"[DATE,7]
  21 - (#keys=2) "X"."LOV_VALUE_ID"[NUMBER,22], "TL"."LOV_VALUE_ID"[NUMBER,22], "X"."LOCALE_ID"[NUMBER,22], 
       "TL"."LOCALE_ID"[NUMBER,22], "LOVNAME"."LOV_ID"[NUMBER,22], "X"."LOV_ID"[NUMBER,22], 
       "LOVNAME".ROWID[ROWID,10], "LOVNAME"."LOV_NAME"[VARCHAR2,400], "X"."DISPLAYED_VALUE"[VARCHAR2,4000], 
       "TL"."DISPLAYED_VALUE"[VARCHAR2,4000]
  22 - (#keys=1) "LOVNAME"."LOV_ID"[NUMBER,22], "X"."LOV_ID"[NUMBER,22], "LOVNAME".ROWID[ROWID,10], 
       "LOVNAME"."LOV_NAME"[VARCHAR2,400], "X"."LOV_VALUE_ID"[NUMBER,22], "X"."LOCALE_ID"[NUMBER,22], 
       "X"."DISPLAYED_VALUE"[VARCHAR2,4000]
  23 - "LOVNAME".ROWID[ROWID,10], "LOVNAME"."LOV_NAME"[VARCHAR2,400], "LOVNAME"."LOV_ID"[NUMBER,22]
  24 - "LOVNAME".ROWID[ROWID,10], "LOVNAME"."LOV_NAME"[VARCHAR2,400]
  25 - "X"."LOV_VALUE_ID"[NUMBER,22], "X"."LOV_ID"[NUMBER,22], "X"."DISPLAYED_VALUE"[VARCHAR2,4000], 
       "X"."LOCALE_ID"[NUMBER,22]
  26 - (#keys=0) "LOCALE_ID"[NUMBER,22], "ENABLED_FLAG"[VARCHAR2,4], "T"."LOV_VALUE_ID"[NUMBER,22], 
       "T"."LOV_ID"[NUMBER,22], "T"."ORG_ENTITY_ID"[NUMBER,22], "T"."STORED_VALUE"[VARCHAR2,400], 
       "T"."DISPLAYED_VALUE"[VARCHAR2,4000]
  27 - "LOCALE_ID"[NUMBER,22], "ENABLED_FLAG"[VARCHAR2,4]
  28 - (#keys=0) "T"."LOV_VALUE_ID"[NUMBER,22], "T"."LOV_ID"[NUMBER,22], "T"."ORG_ENTITY_ID"[NUMBER,22], 
       "T"."STORED_VALUE"[VARCHAR2,400], "T"."DISPLAYED_VALUE"[VARCHAR2,4000]
  29 - "T"."LOV_VALUE_ID"[NUMBER,22], "T"."LOV_ID"[NUMBER,22], "T"."ORG_ENTITY_ID"[NUMBER,22], 
       "T"."STORED_VALUE"[VARCHAR2,400], "T"."DISPLAYED_VALUE"[VARCHAR2,4000]
  30 - "TL"."LOV_VALUE_ID"[NUMBER,22], "TL"."DISPLAYED_VALUE"[VARCHAR2,4000], "TL"."LOCALE_ID"[NUMBER,22]
  31 - (#keys=0) "AOCSUMM".ROWID[ROWID,3034], "AOCSUMM"."UPPER_OBJECT_NAME"[VARCHAR2,3000], 
       "AOCSUMM"."OBJ_ORG_SUMM_WID"[NUMBER,22], "IS_ORPHAN"[NUMBER,22], "AOCSUMM"."OBJECT_PARENT"[VARCHAR2,4000], 
       "AOCSUMM"."OBJECT_ID"[VARCHAR2,400], "AOCSUMM"."OBJECT_NAME"[VARCHAR2,4000], 
       "AOCSUMM"."DESCRIPTION"[LOB,4000], "AOCSUMM"."VALID_UNTIL"[DATE,7], "AOCSUMM"."VALID_FROM"[DATE,7], 
       "AOCSUMM"."DD_PROCESS_INSTANCE_ID"[NUMBER,22], "OWNER_NAME"[LOB,4000], "OWNER_ORG_NAMES"[LOB,4000], 
       "AOCSUMM"."LEVEL_1_APPROVER"[VARCHAR2,1000], "AOCSUMM"."LEVEL_2_APPROVER"[VARCHAR2,1000], 
       "AOCSUMM"."UPDATED_BY"[VARCHAR2,804], "UPDATED_ON"[DATE,7], "AOCSUMM"."CREATED_BY"[VARCHAR2,804], 
       "CREATED_ON"[DATE,7]
  32 - "AOCSUMM".ROWID[ROWID,3034], "AOCSUMM"."UPPER_OBJECT_NAME"[VARCHAR2,3000], 
       "AOCSUMM"."OBJ_ORG_SUMM_WID"[NUMBER,22], "IS_ORPHAN"[NUMBER,22], "AOCSUMM"."OBJECT_PARENT"[VARCHAR2,4000], 
       "AOCSUMM"."OBJECT_ID"[VARCHAR2,400], "AOCSUMM"."OBJECT_NAME"[VARCHAR2,4000], 
       "AOCSUMM"."DESCRIPTION"[LOB,4000], "AOCSUMM"."VALID_UNTIL"[DATE,7], "AOCSUMM"."VALID_FROM"[DATE,7], 
       "AOCSUMM"."DD_PROCESS_INSTANCE_ID"[NUMBER,22], "OWNER_NAME"[LOB,4000], "OWNER_ORG_NAMES"[LOB,4000], 
       "AOCSUMM"."LEVEL_1_APPROVER"[VARCHAR2,1000], "AOCSUMM"."LEVEL_2_APPROVER"[VARCHAR2,1000], 
       "AOCSUMM"."UPDATED_BY"[VARCHAR2,804], "UPDATED_ON"[DATE,7], "AOCSUMM"."CREATED_BY"[VARCHAR2,804], 
       "CREATED_ON"[DATE,7]
  33 - "AOCMLSSUMM".ROWID[ROWID,10], "AOCMLSSUMM"."OBJ_ORG_SUMM_WID"[NUMBER,22], 
       "AOCMLSSUMM"."LOCALE_ID"[VARCHAR2,400], "AOCMLSSUMM"."LOCALE"[VARCHAR2,400], 
       "AOCMLSSUMM"."BASEL_II_ENTITY"[VARCHAR2,4000], "AOCMLSSUMM"."OBJECT_STATUS"[VARCHAR2,4000], 
       "AOCMLSSUMM"."OBJECT_LEVEL"[VARCHAR2,400]
  34 - "AOCMLSSUMM".ROWID[ROWID,10], "AOCMLSSUMM"."OBJ_ORG_SUMM_WID"[NUMBER,22], 
       "AOCMLSSUMM"."LOCALE_ID"[VARCHAR2,400]
  35 - VALUE(A0)[8000]
										</code></pre>
								</section>
						</div>
					</div>

				<!-- Sidebar -->
				<div id="sidebar">
					<div class="inner">
						<!-- Menu -->
						<nav id="menu">
							<header class="major">
								<h2>Menu</h2>
							</header>
							<ul>
								<li><a href="../index.html">Module List</a></li>
								<li><a href="index.html">Summary</a></li>
								<li>
									<span class="opener">DB Analysis</span>
									<ul>
										<li><a href="bad-sql.html">Bad SQL</a></li>
										<li><a href="poor-sql.html">Poor SQL Plan</a></li>
										<li><a href="invalid-sql.html">Invalid SQL</a></li>
										<li><a href="full-sql.html">Full SQL Report</a></li>
										<li><a href="table-nil-key.html">Primary/Unique Key Miss</a></li>
										<li><a href="invalid-db-object.html">Invalid DB Objects</a></li>
									</ul>
								</li>
								<li>
									<span class="opener">Infolets</span>
									<ul>
										<li><a href="keep-history-infolets.html">Keep History Infolets</a></li>
									</ul>
								</li>
								<li>
									<span class="opener">Pushforms</span>
									<ul>
										<li><a href="pushform-denormalize.html">Pushform Denormalized</a></li>
									</ul>
								</li>
							</ul>
						</nav>

						<!-- Section -->
						<section>
							<header class="major">
								<h2>Get in touch</h2>
							</header>
							<p>You need more details on the report or want more functionality, don't hesitate to reach out to us.</p>
							<ul class="contact">
								<li class="fa-envelope-o"><a href="mailto:rnd@metricstream.com?Subject=Reg - Static Code Analysis Tool" target="_top">rnd@metricstream.com</a></li>
							</ul>
						</section>

						<!-- Footer -->
						<footer id="footer">
							<p class="copyright">&copy; <a href="http://www.metricstream.com" target="_blank">MetricStream</a>. All rights reserved. </p>
						</footer>
					</div>
				</div>
			</div>

		<!-- Scripts -->
			<script src="../../lib/assets/js/jquery.min.js"></script>
			<script src="../../lib/assets/js/skel.min.js"></script>
			<script src="../../lib/assets/js/util.js"></script>
			<!--[if lte IE 8]><script src="../../lib/assets/js/ie/respond.min.js"></script><![endif]-->
			<script src="../../lib/assets/js/main.js"></script>
	</body>
</html>