<!DOCTYPE HTML>
<html>
	<head>
		<title>Code Analysis - MetricStream</title>
		<meta charset="utf-8" />
		<meta name="viewport" content="width=device-width, initial-scale=1, user-scalable=no" />
		<!--[if lte IE 8]><script src="../../lib/assets/js/ie/html5shiv.js"></script><![endif]-->
		<link rel="stylesheet" href="../../lib/assets/css/main.css" />
		<!--[if lte IE 9]><link rel="stylesheet" href="../../lib/assets/css/ie9.css" /><![endif]-->
		<!--[if lte IE 8]><link rel="stylesheet" href="../../lib/assets/css/ie8.css" /><![endif]-->
	</head>
	<body>

		<!-- Wrapper -->
			<div id="wrapper">

				<!-- Main -->
					<div id="main">
						<div class="inner">
							<!-- Header -->
								<header id="header">
									<a href="index.html" class="logo"><strong>Static Code Analysis Report</strong> by Code Analyzer Tool</a>
								</header>

							<!-- Content -->
								<section>
									<!-- Content -->
										<header class="major"><h2>Infolet Details</h2></header>
										<div class="table-wrapper">
											<table>
												<tbody>
													<tr>
														<td><b>Name</b></td>
														<td>MS_GRC_PROC_Entp_List_Rpt_Inf (103155)</td>
													</tr>
													<tr>
														<td><b>SQL</b></td>
														<td><pre><code>SELECT Object_Id  AS OBJECT_ID,
  OBJECT_NAME_URL AS Object_Name,
  object_type,
  Object_Level,
  PARENT   AS Parent,
  TYPE     AS Type,
  CATEGORY AS category,
  STATUS   AS Obj_Status,
  CREATED_ON,
  CREATED_BY,
  UPDATED_ON,
  UPDATED_BY,
  Valid_From,
  Valid_Until,
  DESCRIPTION,
  OWNER_ORG_NAMES,
  owner_name,
  level_1_approver,
  level_2_approver,
  REL_DATA_LINK AS Applies_To_Organizations,
  REL_DATA_LINK AS Related_Areas_Of_Compliance,
  REL_DATA_LINK AS Related_Assets,
  REL_DATA_LINK AS Related_Control,
  REL_DATA_LINK AS Related_Function,
  REL_DATA_LINK AS Related_Objectives,
  REL_DATA_LINK AS Related_Process,
  REL_DATA_LINK AS Related_Products,
  REL_DATA_LINK AS related_reference,
  REL_DATA_LINK AS related_requirement,
  REL_DATA_LINK AS Related_risks,
  (MS_GRC_UTILITIES.FN_GET_REPORT_JSON(
  (SELECT METRIC_ID FROM SI_METRICS_T WHERE METRIC_NAME='MS_GRC_PROCESS'
  ),DD_PROCESS_INSTANCE_ID,
  (SELECT DD_INSTANCE_ID FROM MS_GRC_PROCESS WHERE OBJECT_ID=Rv.OBJECT_ID
  ), '''flag=1'
  ||CHR(38)
  ||'emd=1'
  ||CHR(38)
  ||'x_edit_mode=Yes'
  ||CHR (38)
  || 'wrapper= No'
  || CHR (38)
  || 'mode=view''')) AS REPORT_JSON
FROM MS_GRC_PROC_ENTP_RV RV
WHERE locale =
  (SELECT LOCALE FROM si_users_t WHERE USER_NAME = :33
  )
AND NVL(is_orphan, 1)=NVL(:4,NVL(is_orphan,1))
AND EXISTS
  (SELECT COLUMN_VALUE
  FROM TABLE(CAST(ms_grc_rep_browser_fil_denorm.fn_process_rpt_filter(ms_grc_array_type(:1, :2, :3, :5, :6, :7, :8, :9, :10, :11, :12, :13, :14, :15, :16, :17, :18, :19, :20, :21, :22, :23, :24, NULL, NULL, :25, NULL, NULL, :26, NULL, :27, NULL, :28, :29, NULL, :31, :30, :32, NULL, 'MS_GRC_PROCESS', :33))AS ms_varchar2_array))
  WHERE column_value = OBJECT_ID
  )
ORDER BY upper(RV.OBJECT_NAME) 
</code></pre></td>
													</tr>
													<tr>
														<td><b>Description</b></td>
														<td>This infolet is used for fetching the Library data for Process Enterprise Report. It consists of the parameters specific to Process object and also the related library object parameters. It does not contain any mandatory parameter.</td>
													</tr>
												</tbody>
											</table>
										</div>

										<h2 align="center" id="content">Analysis Report</h2>
										<hr>

<header class="major"><h2>Plan hash value: 3701834545</h2></header><pre><code>
 
------------------------------------------------------------------------------------------------------------------
| Id  | Operation                           | Name                       | Rows  | Bytes | Cost (%CPU)| Time     |
------------------------------------------------------------------------------------------------------------------
|   0 | SELECT STATEMENT                    |                            |     1 |  5433 |   166   (1)| 00:00:02 |
|   1 |  TABLE ACCESS BY INDEX ROWID        | SI_USERS_T                 |     1 |    28 |     1   (0)| 00:00:01 |
|*  2 |   INDEX RANGE SCAN                  | SI_USERS_T_N3              |     1 |       |     1   (0)| 00:00:01 |
|   3 |  TABLE ACCESS BY INDEX ROWID        | SI_USERS_T                 |     1 |    28 |     1   (0)| 00:00:01 |
|*  4 |   INDEX RANGE SCAN                  | SI_USERS_T_N3              |     1 |       |     1   (0)| 00:00:01 |
|   5 |  TABLE ACCESS BY INDEX ROWID        | SI_USERS_T                 |     1 |    28 |     1   (0)| 00:00:01 |
|*  6 |   INDEX RANGE SCAN                  | SI_USERS_T_N3              |     1 |       |     1   (0)| 00:00:01 |
|   7 |  TABLE ACCESS BY INDEX ROWID        | SI_USERS_T                 |     1 |    28 |     1   (0)| 00:00:01 |
|*  8 |   INDEX RANGE SCAN                  | SI_USERS_T_N3              |     1 |       |     1   (0)| 00:00:01 |
|   9 |  TABLE ACCESS BY INDEX ROWID        | SI_METRICS_T               |     1 |    34 |     1   (0)| 00:00:01 |
|* 10 |   INDEX RANGE SCAN                  | SI_METRICS_T_N7            |     1 |       |     1   (0)| 00:00:01 |
|  11 |   TABLE ACCESS BY INDEX ROWID       | MS_GRC_PROCESS             |     1 |    19 |     1   (0)| 00:00:01 |
|* 12 |    INDEX UNIQUE SCAN                | MS_GRC_PROCESS_PK          |     1 |       |     1   (0)| 00:00:01 |
|  13 |  SORT ORDER BY                      |                            |     1 |  5433 |   166   (1)| 00:00:02 |
|* 14 |   HASH JOIN RIGHT SEMI              |                            |     1 |  5433 |   165   (0)| 00:00:02 |
<font style="background-color: lightblue; color: red">|  15 |    COLLECTION ITERATOR PICKLER FETCH| FN_PROCESS_RPT_FILTER      |  8168 | 16336 |    29   (0)| 00:00:01 |</font>
|* 16 |    HASH JOIN                        |                            |    85 |   450K|   136   (0)| 00:00:02 |
|  17 |     VIEW                            | VW_SQ_1                    |     1 |     6 |     1   (0)| 00:00:01 |
|  18 |      TABLE ACCESS BY INDEX ROWID    | SI_USERS_T                 |     1 |    19 |     1   (0)| 00:00:01 |
|* 19 |       INDEX RANGE SCAN              | SI_USERS_T_N3              |     1 |       |     1   (0)| 00:00:01 |
|* 20 |     HASH JOIN                       |                            |    85 |   450K|   135   (0)| 00:00:02 |
<font style="background-color: lightblue; color: red">|  21 |      TABLE ACCESS FULL              | MS_GRC_PROCESS_MLS_SUMMARY |   340 | 16320 |     3   (0)| 00:00:01 |</font>
<font style="background-color: lightblue; color: red">|  22 |      MERGE JOIN CARTESIAN           |                            |   170 |   892K|   132   (0)| 00:00:02 |</font>
|* 23 |       HASH JOIN OUTER               |                            |     1 |  4074 |    23   (0)| 00:00:01 |
|* 24 |        HASH JOIN                    |                            |     1 |  2046 |    21   (0)| 00:00:01 |
|  25 |         TABLE ACCESS BY INDEX ROWID | MS_QS_LOV_NAMES            |     1 |    30 |     1   (0)| 00:00:01 |
|* 26 |          INDEX RANGE SCAN           | MS_QS_LOV_NAMES_N1         |     1 |       |     1   (0)| 00:00:01 |
|  27 |         VIEW                        |                            |     2 |  4032 |    20   (0)| 00:00:01 |
<font style="background-color: lightblue; color: red">|  28 |          MERGE JOIN CARTESIAN       |                            |     2 |    58 |    20   (0)| 00:00:01 |</font>
<font style="background-color: lightblue; color: red">|* 29 |           TABLE ACCESS FULL         | SI_LOCALES                 |     1 |     6 |     3   (0)| 00:00:01 |</font>
|  30 |           BUFFER SORT               |                            |     2 |    46 |    17   (0)| 00:00:01 |
<font style="background-color: lightblue; color: red">|* 31 |            TABLE ACCESS FULL        | MS_QS_LIST_OF_VALUES_T     |     2 |    46 |    17   (0)| 00:00:01 |</font>
<font style="background-color: lightblue; color: red">|  32 |        TABLE ACCESS FULL            | MS_QS_LIST_OF_VALUES_TL    |     1 |  2028 |     2   (0)| 00:00:01 |</font>
|  33 |       BUFFER SORT                   |                            |   170 |   216K|   130   (0)| 00:00:02 |
|* 34 |        INDEX FULL SCAN              | MS_GRC_PROC_PK             |   170 |   216K|    80   (0)| 00:00:01 |
------------------------------------------------------------------------------------------------------------------
 
</code></pre><header class="major"><h2>Query Block Name / Object Alias (identified by operation id):</h2></header><pre><code>
 
   1 - SEL$5        / USR@SEL$5
   2 - SEL$5        / USR@SEL$5
   3 - SEL$6        / USR@SEL$6
   4 - SEL$6        / USR@SEL$6
   5 - SEL$7        / USR@SEL$7
   6 - SEL$7        / USR@SEL$7
   7 - SEL$8        / USR@SEL$8
   8 - SEL$8        / USR@SEL$8
   9 - SEL$2        / SI_METRICS_T@SEL$2
  10 - SEL$2        / SI_METRICS_T@SEL$2
  11 - SEL$3        / MS_GRC_PROCESS@SEL$3
  12 - SEL$3        / MS_GRC_PROCESS@SEL$3
  13 - SEL$48207252
  15 - SEL$48207252 / KOKBF$0@SEL$14
  17 - SEL$32487103 / VW_SQ_1@SEL$4BBC00B6
  18 - SEL$32487103 / SI_USERS_T@SEL$12
  19 - SEL$32487103 / SI_USERS_T@SEL$12
  21 - SEL$48207252 / PROCMLSSUMM@SEL$4
  25 - SEL$48207252 / LOVNAME@SEL$4
  26 - SEL$48207252 / LOVNAME@SEL$4
  27 - SEL$285A8194 / X@SEL$9
  28 - SEL$285A8194
  29 - SEL$285A8194 / SI_LOCALES@SEL$11
  31 - SEL$285A8194 / T@SEL$10
  32 - SEL$48207252 / TL@SEL$9
  34 - SEL$48207252 / PROCSUMM@SEL$4
 
</code></pre><header class="major"><h2>Predicate Information (identified by operation id):</h2></header><pre><code>
 
   2 - access("USR"."USER_NAME"=:B1)
   4 - access("USR"."USER_NAME"=:B1)
   6 - access("USR"."USER_NAME"=:B1)
   8 - access("USR"."USER_NAME"=:B1)
  10 - access("METRIC_NAME"='MS_GRC_PROCESS')
  12 - access("OBJECT_ID"=:B1)
  14 - access("PROCSUMM"."OBJECT_ID"=VALUE(KOKBF$))
  16 - access("PROCMLSSUMM"."LOCALE"="LOCALE")
  19 - access("USER_NAME"=:33)
  20 - access("PROCSUMM"."OBJECT_ID"="PROCMLSSUMM"."OBJECT_ID" AND 
              "X"."LOCALE_ID"=TO_NUMBER("PROCMLSSUMM"."LOCALE_ID"))
  23 - access("X"."LOV_VALUE_ID"="TL"."LOV_VALUE_ID"(+) AND "X"."LOCALE_ID"="TL"."LOCALE_ID"(+))
  24 - access("X"."LOV_ID"="LOVNAME"."LOV_ID")
  26 - access("LOVNAME"."LOV_NAME"='MS_GRC_LABLES')
  29 - filter("ENABLED_FLAG"='Y')
  31 - filter("T"."STORED_VALUE"='CLICK_HERE' AND "T"."ORG_ENTITY_ID"=1)
  34 - filter(NVL("PROCSUMM"."IS_ORPHAN",1)=NVL(:4,NVL("PROCSUMM"."IS_ORPHAN",1)))
 
</code></pre><header class="major"><h2>Column Projection Information (identified by operation id):</h2></header><pre><code>
 
   1 - "USR".ROWID[ROWID,10], "USR"."LAST_NAME"[VARCHAR2,100], "USR"."FIRST_NAME"[VARCHAR2,100]
   2 - "USR".ROWID[ROWID,10]
   3 - "USR".ROWID[ROWID,10], "USR"."LAST_NAME"[VARCHAR2,100], "USR"."FIRST_NAME"[VARCHAR2,100]
   4 - "USR".ROWID[ROWID,10]
   5 - "USR".ROWID[ROWID,10], "USR"."LAST_NAME"[VARCHAR2,100], "USR"."FIRST_NAME"[VARCHAR2,100]
   6 - "USR".ROWID[ROWID,10]
   7 - "USR".ROWID[ROWID,10], "USR"."LAST_NAME"[VARCHAR2,100], "USR"."FIRST_NAME"[VARCHAR2,100]
   8 - "USR".ROWID[ROWID,10]
   9 - "SI_METRICS_T".ROWID[ROWID,10], "METRIC_ID"[NUMBER,22]
  10 - "SI_METRICS_T".ROWID[ROWID,10]
  11 - "MS_GRC_PROCESS".ROWID[ROWID,10], "DD_INSTANCE_ID"[NUMBER,22]
  12 - "MS_GRC_PROCESS".ROWID[ROWID,10]
  13 - (#keys=1) UPPER("PROCSUMM"."OBJECT_NAME")[4000], "PROCSUMM"."OBJECT_ID"[VARCHAR2,1600], 
       "PROCSUMM"."OBJECT_NAME_URL"[VARCHAR2,4000], 'MS_GRC_PROCESS'[14], 
       "PROCMLSSUMM"."OBJECT_LEVEL"[VARCHAR2,1600], "PROCSUMM"."OBJ_PARENT"[VARCHAR2,4000], 
       "PROCMLSSUMM"."PROCESS_TYPE"[VARCHAR2,4000], "PROCMLSSUMM"."PROCESS_CATEGORY"[VARCHAR2,4000], 
       "PROCMLSSUMM"."OBJECT_STATUS"[VARCHAR2,4000], "PROCSUMM"."CREATED_ON"[DATE,7],  (SELECT 
       "USR"."FIRST_NAME"||' '||"USR"."LAST_NAME" FROM METRICSTREAM."SI_USERS_T" "USR" WHERE 
       "USR"."USER_NAME"=:B1)[201], "PROCSUMM"."UPDATED_ON"[DATE,7],  (SELECT "USR"."FIRST_NAME"||' 
       '||"USR"."LAST_NAME" FROM METRICSTREAM."SI_USERS_T" "USR" WHERE "USR"."USER_NAME"=:B2)[201], 
       "PROCSUMM"."VALID_FROM"[DATE,7], "PROCSUMM"."VALID_UNTIL"[DATE,7], "PROCSUMM"."DESCRIPTION"[LOB,4000], 
       "PROCSUMM"."OWNER_ORG_NAMES"[LOB,4000], "PROCSUMM"."OWNER_NAME"[LOB,4000],  (SELECT "USR"."FIRST_NAME"||' 
       '||"USR"."LAST_NAME" FROM METRICSTREAM."SI_USERS_T" "USR" WHERE "USR"."USER_NAME"=:B3)[201],  (SELECT 
       "USR"."FIRST_NAME"||' '||"USR"."LAST_NAME" FROM METRICSTREAM."SI_USERS_T" "USR" WHERE 
       "USR"."USER_NAME"=:B4)[201], NVL("TL"."DISPLAYED_VALUE","X"."DISPLAYED_VALUE")[4000], 
       NVL("TL"."DISPLAYED_VALUE","X"."DISPLAYED_VALUE")[4000], 
       NVL("TL"."DISPLAYED_VALUE","X"."DISPLAYED_VALUE")[4000], 
       NVL("TL"."DISPLAYED_VALUE","X"."DISPLAYED_VALUE")[4000], 
       NVL("TL"."DISPLAYED_VALUE","X"."DISPLAYED_VALUE")[4000], 
       NVL("TL"."DISPLAYED_VALUE","X"."DISPLAYED_VALUE")[4000], 
       NVL("TL"."DISPLAYED_VALUE","X"."DISPLAYED_VALUE")[4000], 
       NVL("TL"."DISPLAYED_VALUE","X"."DISPLAYED_VALUE")[4000], 
       NVL("TL"."DISPLAYED_VALUE","X"."DISPLAYED_VALUE")[4000], 
       NVL("TL"."DISPLAYED_VALUE","X"."DISPLAYED_VALUE")[4000], 
       NVL("TL"."DISPLAYED_VALUE","X"."DISPLAYED_VALUE")[4000], "MS_GRC_UTILITIES"."FN_GET_REPORT_JSON"( (SELECT 
       "METRIC_ID" FROM "SI_METRICS_T" "SI_METRICS_T" WHERE 
       "METRIC_NAME"='MS_GRC_PROCESS'),"PROCSUMM"."DD_PROCESS_INSTANCE_ID", (SELECT "DD_INSTANCE_ID" FROM 
       "MS_GRC_PROCESS" "MS_GRC_PROCESS" WHERE "OBJECT_ID"=:B5),'''flag=1&emd=1&x_edit_mode=Yes&wrapper= 
       No&mode=view''')[4000]
  14 - (#keys=1) "PROCSUMM"."OBJECT_ID"[VARCHAR2,1600], "PROCSUMM"."CREATED_BY"[VARCHAR2,400], 
       "PROCMLSSUMM"."OBJECT_LEVEL"[VARCHAR2,1600], "PROCSUMM"."UPDATED_ON"[DATE,7], 
       "PROCMLSSUMM"."PROCESS_CATEGORY"[VARCHAR2,4000], "PROCMLSSUMM"."PROCESS_TYPE"[VARCHAR2,4000], 
       "PROCMLSSUMM"."OBJECT_STATUS"[VARCHAR2,4000], "PROCSUMM"."UPDATED_BY"[VARCHAR2,400], 
       "X"."DISPLAYED_VALUE"[VARCHAR2,4000], "TL"."DISPLAYED_VALUE"[VARCHAR2,4000], 
       "PROCSUMM"."OBJECT_NAME"[VARCHAR2,4000], "PROCSUMM"."OBJ_PARENT"[VARCHAR2,4000], 
       "PROCSUMM"."LEVEL_1_APPROVER"[VARCHAR2,400], "PROCSUMM"."LEVEL_2_APPROVER"[VARCHAR2,400], 
       "PROCSUMM"."VALID_UNTIL"[DATE,7], "PROCSUMM"."VALID_FROM"[DATE,7], "PROCSUMM"."DESCRIPTION"[LOB,4000], 
       "PROCSUMM"."DD_PROCESS_INSTANCE_ID"[NUMBER,22], "PROCSUMM"."OBJECT_NAME_URL"[VARCHAR2,4000], 
       "PROCSUMM"."OWNER_NAME"[LOB,4000], "PROCSUMM"."OWNER_ORG_NAMES"[LOB,4000], "PROCSUMM"."CREATED_ON"[DATE,7]
  15 - VALUE(A0)[8000]
  16 - (#keys=1) "PROCSUMM"."OBJECT_ID"[VARCHAR2,1600], "PROCMLSSUMM"."OBJECT_LEVEL"[VARCHAR2,1600], 
       "PROCSUMM"."UPDATED_ON"[DATE,7], "PROCMLSSUMM"."PROCESS_CATEGORY"[VARCHAR2,4000], 
       "PROCMLSSUMM"."PROCESS_TYPE"[VARCHAR2,4000], "PROCMLSSUMM"."OBJECT_STATUS"[VARCHAR2,4000], 
       "PROCSUMM"."UPDATED_BY"[VARCHAR2,400], "X"."DISPLAYED_VALUE"[VARCHAR2,4000], 
       "TL"."DISPLAYED_VALUE"[VARCHAR2,4000], "PROCSUMM"."OBJECT_NAME"[VARCHAR2,4000], 
       "PROCSUMM"."OBJ_PARENT"[VARCHAR2,4000], "PROCSUMM"."LEVEL_1_APPROVER"[VARCHAR2,400], 
       "PROCSUMM"."LEVEL_2_APPROVER"[VARCHAR2,400], "PROCSUMM"."VALID_UNTIL"[DATE,7], 
       "PROCSUMM"."VALID_FROM"[DATE,7], "PROCSUMM"."DESCRIPTION"[LOB,4000], 
       "PROCSUMM"."DD_PROCESS_INSTANCE_ID"[NUMBER,22], "PROCSUMM"."OBJECT_NAME_URL"[VARCHAR2,4000], 
       "PROCSUMM"."OWNER_NAME"[LOB,4000], "PROCSUMM"."OWNER_ORG_NAMES"[LOB,4000], 
       "PROCSUMM"."CREATED_ON"[DATE,7], "PROCSUMM"."CREATED_BY"[VARCHAR2,400]
  17 - "LOCALE"[VARCHAR2,100]
  18 - "LOCALE"[VARCHAR2,100]
  19 - "SI_USERS_T".ROWID[ROWID,10]
  20 - (#keys=2) "PROCSUMM"."OBJECT_ID"[VARCHAR2,1600], "PROCMLSSUMM"."OBJECT_LEVEL"[VARCHAR2,1600], 
       "PROCMLSSUMM"."LOCALE"[VARCHAR2,400], "PROCMLSSUMM"."PROCESS_CATEGORY"[VARCHAR2,4000], 
       "PROCMLSSUMM"."PROCESS_TYPE"[VARCHAR2,4000], "PROCMLSSUMM"."OBJECT_STATUS"[VARCHAR2,4000], 
       "PROCSUMM"."UPDATED_BY"[VARCHAR2,400], "X"."DISPLAYED_VALUE"[VARCHAR2,4000], 
       "TL"."DISPLAYED_VALUE"[VARCHAR2,4000], "PROCSUMM"."OBJECT_NAME"[VARCHAR2,4000], 
       "PROCSUMM"."OBJ_PARENT"[VARCHAR2,4000], "PROCSUMM"."LEVEL_1_APPROVER"[VARCHAR2,400], 
       "PROCSUMM"."LEVEL_2_APPROVER"[VARCHAR2,400], "PROCSUMM"."VALID_UNTIL"[DATE,7], 
       "PROCSUMM"."VALID_FROM"[DATE,7], "PROCSUMM"."DESCRIPTION"[LOB,4000], 
       "PROCSUMM"."DD_PROCESS_INSTANCE_ID"[NUMBER,22], "PROCSUMM"."OBJECT_NAME_URL"[VARCHAR2,4000], 
       "PROCSUMM"."OWNER_NAME"[LOB,4000], "PROCSUMM"."OWNER_ORG_NAMES"[LOB,4000], 
       "PROCSUMM"."CREATED_ON"[DATE,7], "PROCSUMM"."CREATED_BY"[VARCHAR2,400], "PROCSUMM"."UPDATED_ON"[DATE,7]
  21 - "PROCMLSSUMM"."OBJECT_ID"[VARCHAR2,1600], "PROCMLSSUMM"."LOCALE_ID"[VARCHAR2,400], 
       "PROCMLSSUMM"."LOCALE"[VARCHAR2,400], "PROCMLSSUMM"."PROCESS_CATEGORY"[VARCHAR2,4000], 
       "PROCMLSSUMM"."PROCESS_TYPE"[VARCHAR2,4000], "PROCMLSSUMM"."OBJECT_STATUS"[VARCHAR2,4000], 
       "PROCMLSSUMM"."OBJECT_LEVEL"[VARCHAR2,1600]
  22 - (#keys=0) "X"."LOCALE_ID"[NUMBER,22], "X"."DISPLAYED_VALUE"[VARCHAR2,4000], 
       "TL"."DISPLAYED_VALUE"[VARCHAR2,4000], "PROCSUMM"."OBJECT_ID"[VARCHAR2,1600], 
       "PROCSUMM"."OBJECT_NAME"[VARCHAR2,4000], "PROCSUMM"."OBJ_PARENT"[VARCHAR2,4000], 
       "PROCSUMM"."LEVEL_1_APPROVER"[VARCHAR2,400], "PROCSUMM"."LEVEL_2_APPROVER"[VARCHAR2,400], 
       "PROCSUMM"."VALID_UNTIL"[DATE,7], "PROCSUMM"."VALID_FROM"[DATE,7], "PROCSUMM"."DESCRIPTION"[LOB,4000], 
       "PROCSUMM"."DD_PROCESS_INSTANCE_ID"[NUMBER,22], "PROCSUMM"."OBJECT_NAME_URL"[VARCHAR2,4000], 
       "PROCSUMM"."OWNER_NAME"[LOB,4000], "PROCSUMM"."OWNER_ORG_NAMES"[LOB,4000], 
       "PROCSUMM"."CREATED_ON"[DATE,7], "PROCSUMM"."CREATED_BY"[VARCHAR2,400], "PROCSUMM"."UPDATED_ON"[DATE,7], 
       "PROCSUMM"."UPDATED_BY"[VARCHAR2,400]
  23 - (#keys=2) "X"."LOCALE_ID"[NUMBER,22], "X"."DISPLAYED_VALUE"[VARCHAR2,4000], 
       "TL"."DISPLAYED_VALUE"[VARCHAR2,4000]
  24 - (#keys=1) "X"."LOV_VALUE_ID"[NUMBER,22], "X"."LOCALE_ID"[NUMBER,22], 
       "X"."DISPLAYED_VALUE"[VARCHAR2,4000]
  25 - "LOVNAME"."LOV_ID"[NUMBER,22]
  26 - "LOVNAME".ROWID[ROWID,10]
  27 - "X"."LOV_VALUE_ID"[NUMBER,22], "X"."LOV_ID"[NUMBER,22], "X"."DISPLAYED_VALUE"[VARCHAR2,4000], 
       "X"."LOCALE_ID"[NUMBER,22]
  28 - (#keys=0) "LOCALE_ID"[NUMBER,22], "T"."LOV_VALUE_ID"[NUMBER,22], "T"."LOV_ID"[NUMBER,22], 
       "T"."DISPLAYED_VALUE"[VARCHAR2,4000]
  29 - "LOCALE_ID"[NUMBER,22]
  30 - (#keys=0) "T"."LOV_VALUE_ID"[NUMBER,22], "T"."LOV_ID"[NUMBER,22], 
       "T"."DISPLAYED_VALUE"[VARCHAR2,4000]
  31 - "T"."LOV_VALUE_ID"[NUMBER,22], "T"."LOV_ID"[NUMBER,22], "T"."DISPLAYED_VALUE"[VARCHAR2,4000]
  32 - "TL"."LOV_VALUE_ID"[NUMBER,22], "TL"."DISPLAYED_VALUE"[VARCHAR2,4000], "TL"."LOCALE_ID"[NUMBER,22]
  33 - (#keys=0) "PROCSUMM"."OBJECT_ID"[VARCHAR2,1600], "PROCSUMM"."OBJECT_NAME"[VARCHAR2,4000], 
       "PROCSUMM"."OBJ_PARENT"[VARCHAR2,4000], "PROCSUMM"."LEVEL_1_APPROVER"[VARCHAR2,400], 
       "PROCSUMM"."LEVEL_2_APPROVER"[VARCHAR2,400], "PROCSUMM"."VALID_UNTIL"[DATE,7], 
       "PROCSUMM"."VALID_FROM"[DATE,7], "PROCSUMM"."DESCRIPTION"[LOB,4000], 
       "PROCSUMM"."DD_PROCESS_INSTANCE_ID"[NUMBER,22], "PROCSUMM"."OBJECT_NAME_URL"[VARCHAR2,4000], 
       "PROCSUMM"."OWNER_NAME"[LOB,4000], "PROCSUMM"."OWNER_ORG_NAMES"[LOB,4000], 
       "PROCSUMM"."CREATED_ON"[DATE,7], "PROCSUMM"."CREATED_BY"[VARCHAR2,400], "PROCSUMM"."UPDATED_ON"[DATE,7], 
       "PROCSUMM"."UPDATED_BY"[VARCHAR2,400]
  34 - "PROCSUMM".ROWID[ROWID,3034], "UPPER_OBJECT_NAME"[VARCHAR2,3000], "OBJ_SUMM_WID"[NUMBER,22], 
       "PROCSUMM"."OBJECT_ID"[VARCHAR2,1600], "PROCSUMM"."OBJECT_NAME"[VARCHAR2,4000], 
       "PROCSUMM"."OBJ_PARENT"[VARCHAR2,4000], "PROCSUMM"."LEVEL_1_APPROVER"[VARCHAR2,400], 
       "PROCSUMM"."LEVEL_2_APPROVER"[VARCHAR2,400], "PROCSUMM"."VALID_UNTIL"[DATE,7], 
       "PROCSUMM"."VALID_FROM"[DATE,7], "PROCSUMM"."DESCRIPTION"[LOB,4000], 
       "PROCSUMM"."DD_PROCESS_INSTANCE_ID"[NUMBER,22], "PROCSUMM"."OBJECT_NAME_URL"[VARCHAR2,4000], 
       "PROCSUMM"."OWNER_NAME"[LOB,4000], "PROCSUMM"."OWNER_ORG_NAMES"[LOB,4000], 
       "PROCSUMM"."CREATED_ON"[DATE,7], "PROCSUMM"."CREATED_BY"[VARCHAR2,400], "PROCSUMM"."UPDATED_ON"[DATE,7], 
       "PROCSUMM"."UPDATED_BY"[VARCHAR2,400], "PROCSUMM"."IS_ORPHAN"[NUMBER,22]
										</code></pre>
								</section>
						</div>
					</div>

				<!-- Sidebar -->
				<div id="sidebar">
					<div class="inner">
						<!-- Menu -->
						<nav id="menu">
							<header class="major">
								<h2>Menu</h2>
							</header>
							<ul>
								<li><a href="../index.html">Module List</a></li>
								<li><a href="index.html">Summary</a></li>
								<li>
									<span class="opener">DB Analysis</span>
									<ul>
										<li><a href="bad-sql.html">Bad SQL</a></li>
										<li><a href="poor-sql.html">Poor SQL Plan</a></li>
										<li><a href="invalid-sql.html">Invalid SQL</a></li>
										<li><a href="full-sql.html">Full SQL Report</a></li>
										<li><a href="table-nil-key.html">Primary/Unique Key Miss</a></li>
										<li><a href="invalid-db-object.html">Invalid DB Objects</a></li>
									</ul>
								</li>
								<li>
									<span class="opener">Infolets</span>
									<ul>
										<li><a href="keep-history-infolets.html">Keep History Infolets</a></li>
									</ul>
								</li>
								<li>
									<span class="opener">Pushforms</span>
									<ul>
										<li><a href="pushform-denormalize.html">Pushform Denormalized</a></li>
									</ul>
								</li>
							</ul>
						</nav>

						<!-- Section -->
						<section>
							<header class="major">
								<h2>Get in touch</h2>
							</header>
							<p>You need more details on the report or want more functionality, don't hesitate to reach out to us.</p>
							<ul class="contact">
								<li class="fa-envelope-o"><a href="mailto:rnd@metricstream.com?Subject=Reg - Static Code Analysis Tool" target="_top">rnd@metricstream.com</a></li>
							</ul>
						</section>

						<!-- Footer -->
						<footer id="footer">
							<p class="copyright">&copy; <a href="http://www.metricstream.com" target="_blank">MetricStream</a>. All rights reserved. </p>
						</footer>
					</div>
				</div>
			</div>

		<!-- Scripts -->
			<script src="../../lib/assets/js/jquery.min.js"></script>
			<script src="../../lib/assets/js/skel.min.js"></script>
			<script src="../../lib/assets/js/util.js"></script>
			<!--[if lte IE 8]><script src="../../lib/assets/js/ie/respond.min.js"></script><![endif]-->
			<script src="../../lib/assets/js/main.js"></script>
	</body>
</html>