<!DOCTYPE HTML>
<html>
	<head>
		<title>Code Analysis - MetricStream</title>
		<meta charset="utf-8" />
		<meta name="viewport" content="width=device-width, initial-scale=1, user-scalable=no" />
		<!--[if lte IE 8]><script src="../../lib/assets/js/ie/html5shiv.js"></script><![endif]-->
		<link rel="stylesheet" href="../../lib/assets/css/main.css" />
		<!--[if lte IE 9]><link rel="stylesheet" href="../../lib/assets/css/ie9.css" /><![endif]-->
		<!--[if lte IE 8]><link rel="stylesheet" href="../../lib/assets/css/ie8.css" /><![endif]-->
	</head>
	<body>

		<!-- Wrapper -->
			<div id="wrapper">

				<!-- Main -->
					<div id="main">
						<div class="inner">
							<!-- Header -->
								<header id="header">
									<a href="index.html" class="logo"><strong>Static Code Analysis Report</strong> by Code Analyzer Tool</a>
								</header>

							<!-- Content -->
								<section>
									<!-- Content -->
										<header class="major"><h2>Infolet Details</h2></header>
										<div class="table-wrapper">
											<table>
												<tbody>
													<tr>
														<td><b>Name</b></td>
														<td>MS_GRC_GET_ACTIONS (100853)</td>
													</tr>
													<tr>
														<td><b>SQL</b></td>
														<td><pre><code>SELECT distinct w.action_code as action_code,
  w.action_name as action_name,
  v.status_code as status_code
FROM ms_grc_status v,
  ms_grc_actions w,
  ms_grc_status_action_mapping x,
  si_users_t y,
  si_locales z
where y.user_name = :1
and w.locale_id   =
  (SELECT locale_id FROM si_locales WHERE locale_string=y.locale
  )
and w.action_code =x.actions
and V.STATUS_CODE =X.STATUS
and V.STATUS_CODE =:2
and nvl(current_Stage,:3) = :3</code></pre></td>
													</tr>
													<tr>
														<td><b>Description</b></td>
														<td>This infolet extracts data from multiple tables such as ms_grc_status and ms_grc_actions and is thereby used in all GRC library forms including Area of Compliance, Asset, Asset Class, Control, Evidence, Exception, Financial Account, Function, Framework Reference, Objective, Organizational Profile, Process, Product, Question/Procedure, Reference, Regulatory Body, Requirement, Risk and Standard </td>
													</tr>
												</tbody>
											</table>
										</div>

										<h2 align="center" id="content">Analysis Report</h2>
										<hr>

<header class="major"><h2>Plan hash value: 383113327</h2></header><pre><code>
 
------------------------------------------------------------------------------------------------------------------
| Id  | Operation                         | Name                         | Rows  | Bytes | Cost (%CPU)| Time     |
------------------------------------------------------------------------------------------------------------------
|   0 | SELECT STATEMENT                  |                              |    39 |  3315 |    17   (6)| 00:00:01 |
|   1 |  SORT UNIQUE                      |                              |    39 |  3315 |    17   (6)| 00:00:01 |
|*  2 |   FILTER                          |                              |       |       |            |          |
<font style="background-color: lightblue; color: red">|   3 |    MERGE JOIN CARTESIAN           |                              |    41 |  3485 |    13   (0)| 00:00:01 |</font>
|*  4 |     HASH JOIN                     |                              |     1 |    85 |    10   (0)| 00:00:01 |
<font style="background-color: lightblue; color: red">|   5 |      MERGE JOIN CARTESIAN         |                              |    11 |   605 |     7   (0)| 00:00:01 |</font>
|   6 |       NESTED LOOPS                |                              |     1 |    25 |     4   (0)| 00:00:01 |
|   7 |        TABLE ACCESS BY INDEX ROWID| SI_USERS_T                   |     1 |    19 |     1   (0)| 00:00:01 |
|*  8 |         INDEX RANGE SCAN          | SI_USERS_T_N3                |     1 |       |     1   (0)| 00:00:01 |
<font style="background-color: lightblue; color: red">|*  9 |        TABLE ACCESS FULL          | MS_GRC_STATUS                |     1 |     6 |     3   (0)| 00:00:01 |</font>
|  10 |       BUFFER SORT                 |                              |    11 |   330 |     4   (0)| 00:00:01 |
<font style="background-color: lightblue; color: red">|  11 |        TABLE ACCESS FULL          | MS_GRC_ACTIONS               |    11 |   330 |     3   (0)| 00:00:01 |</font>
<font style="background-color: lightblue; color: red">|* 12 |      TABLE ACCESS FULL            | MS_GRC_STATUS_ACTION_MAPPING |     1 |    30 |     3   (0)| 00:00:01 |</font>
|  13 |     BUFFER SORT                   |                              |    35 |       |    10   (0)| 00:00:01 |
<font style="background-color: lightblue; color: red">|  14 |      TABLE ACCESS FULL            | SI_LOCALES                   |    35 |       |     3   (0)| 00:00:01 |</font>
<font style="background-color: lightblue; color: red">|* 15 |    TABLE ACCESS FULL              | SI_LOCALES                   |     1 |    11 |     3   (0)| 00:00:01 |</font>
------------------------------------------------------------------------------------------------------------------
 
</code></pre><header class="major"><h2>Query Block Name / Object Alias (identified by operation id):</h2></header><pre><code>
 
   1 - SEL$1
   7 - SEL$1 / Y@SEL$1
   8 - SEL$1 / Y@SEL$1
   9 - SEL$1 / V@SEL$1
  11 - SEL$1 / W@SEL$1
  12 - SEL$1 / X@SEL$1
  14 - SEL$1 / Z@SEL$1
  15 - SEL$2 / SI_LOCALES@SEL$2
 
</code></pre><header class="major"><h2>Predicate Information (identified by operation id):</h2></header><pre><code>
 
   2 - filter("W"."LOCALE_ID"= (SELECT "LOCALE_ID" FROM "SI_LOCALES" "SI_LOCALES" WHERE 
              "LOCALE_STRING"=:B1))
   4 - access("W"."ACTION_CODE"="X"."ACTIONS" AND "V"."STATUS_CODE"="X"."STATUS")
   8 - access("Y"."USER_NAME"=:1)
   9 - filter("V"."STATUS_CODE"=:2)
  12 - filter("X"."STATUS"=:2 AND NVL("CURRENT_STAGE",:3)=:3)
  15 - filter("LOCALE_STRING"=:B1)
 
</code></pre><header class="major"><h2>Column Projection Information (identified by operation id):</h2></header><pre><code>
 
   1 - (#keys=3) "W"."ACTION_CODE"[VARCHAR2,160], "W"."ACTION_NAME"[VARCHAR2,1600], 
       "V"."STATUS_CODE"[VARCHAR2,160]
   2 - "W"."ACTION_CODE"[VARCHAR2,160], "V"."STATUS_CODE"[VARCHAR2,160], "W"."ACTION_NAME"[VARCHAR2,1600]
   3 - (#keys=0) "W"."ACTION_CODE"[VARCHAR2,160], "V"."STATUS_CODE"[VARCHAR2,160], 
       "Y"."LOCALE"[VARCHAR2,100], "W"."ACTION_NAME"[VARCHAR2,1600], "W"."LOCALE_ID"[NUMBER,22]
   4 - (#keys=2) "W"."ACTION_CODE"[VARCHAR2,160], "V"."STATUS_CODE"[VARCHAR2,160], 
       "Y"."LOCALE"[VARCHAR2,100], "W"."ACTION_NAME"[VARCHAR2,1600], "W"."LOCALE_ID"[NUMBER,22]
   5 - (#keys=0) "Y"."LOCALE"[VARCHAR2,100], "V"."STATUS_CODE"[VARCHAR2,160], 
       "W"."ACTION_CODE"[VARCHAR2,160], "W"."ACTION_NAME"[VARCHAR2,1600], "W"."LOCALE_ID"[NUMBER,22]
   6 - (#keys=0) "Y"."LOCALE"[VARCHAR2,100], "V"."STATUS_CODE"[VARCHAR2,160]
   7 - "Y"."LOCALE"[VARCHAR2,100]
   8 - "Y".ROWID[ROWID,10]
   9 - "V"."STATUS_CODE"[VARCHAR2,160]
  10 - (#keys=0) "W"."ACTION_CODE"[VARCHAR2,160], "W"."ACTION_NAME"[VARCHAR2,1600], 
       "W"."LOCALE_ID"[NUMBER,22]
  11 - "W"."ACTION_CODE"[VARCHAR2,160], "W"."ACTION_NAME"[VARCHAR2,1600], "W"."LOCALE_ID"[NUMBER,22]
  12 - "X"."STATUS"[VARCHAR2,1600], "X"."ACTIONS"[VARCHAR2,1600]
  13 - (#keys=0) 
  15 - "LOCALE_ID"[NUMBER,22], "LOCALE_STRING"[VARCHAR2,400]
										</code></pre>
								</section>
						</div>
					</div>

				<!-- Sidebar -->
				<div id="sidebar">
					<div class="inner">
						<!-- Menu -->
						<nav id="menu">
							<header class="major">
								<h2>Menu</h2>
							</header>
							<ul>
								<li><a href="../index.html">Module List</a></li>
								<li><a href="index.html">Summary</a></li>
								<li>
									<span class="opener">DB Analysis</span>
									<ul>
										<li><a href="bad-sql.html">Bad SQL</a></li>
										<li><a href="poor-sql.html">Poor SQL Plan</a></li>
										<li><a href="invalid-sql.html">Invalid SQL</a></li>
										<li><a href="full-sql.html">Full SQL Report</a></li>
										<li><a href="table-nil-key.html">Primary/Unique Key Miss</a></li>
										<li><a href="invalid-db-object.html">Invalid DB Objects</a></li>
									</ul>
								</li>
								<li>
									<span class="opener">Infolets</span>
									<ul>
										<li><a href="keep-history-infolets.html">Keep History Infolets</a></li>
									</ul>
								</li>
								<li>
									<span class="opener">Pushforms</span>
									<ul>
										<li><a href="pushform-denormalize.html">Pushform Denormalized</a></li>
									</ul>
								</li>
							</ul>
						</nav>

						<!-- Section -->
						<section>
							<header class="major">
								<h2>Get in touch</h2>
							</header>
							<p>You need more details on the report or want more functionality, don't hesitate to reach out to us.</p>
							<ul class="contact">
								<li class="fa-envelope-o"><a href="mailto:rnd@metricstream.com?Subject=Reg - Static Code Analysis Tool" target="_top">rnd@metricstream.com</a></li>
							</ul>
						</section>

						<!-- Footer -->
						<footer id="footer">
							<p class="copyright">&copy; <a href="http://www.metricstream.com" target="_blank">MetricStream</a>. All rights reserved. </p>
						</footer>
					</div>
				</div>
			</div>

		<!-- Scripts -->
			<script src="../../lib/assets/js/jquery.min.js"></script>
			<script src="../../lib/assets/js/skel.min.js"></script>
			<script src="../../lib/assets/js/util.js"></script>
			<!--[if lte IE 8]><script src="../../lib/assets/js/ie/respond.min.js"></script><![endif]-->
			<script src="../../lib/assets/js/main.js"></script>
	</body>
</html>