<!DOCTYPE HTML>
<html>
	<head>
		<title>Code Analysis - MetricStream</title>
		<meta charset="utf-8" />
		<meta name="viewport" content="width=device-width, initial-scale=1, user-scalable=no" />
		<!--[if lte IE 8]><script src="../../lib/assets/js/ie/html5shiv.js"></script><![endif]-->
		<link rel="stylesheet" href="../../lib/assets/css/main.css" />
		<!--[if lte IE 9]><link rel="stylesheet" href="../../lib/assets/css/ie9.css" /><![endif]-->
		<!--[if lte IE 8]><link rel="stylesheet" href="../../lib/assets/css/ie8.css" /><![endif]-->
	</head>
	<body>

		<!-- Wrapper -->
			<div id="wrapper">

				<!-- Main -->
					<div id="main">
						<div class="inner">
							<!-- Header -->
								<header id="header">
									<a href="index.html" class="logo"><strong>Static Code Analysis Report</strong> by Code Analyzer Tool</a>
								</header>

							<!-- Content -->
								<section>
									<!-- Content -->
										<header class="major"><h2>Infolet Details</h2></header>
										<div class="table-wrapper">
											<table>
												<tbody>
													<tr>
														<td><b>Name</b></td>
														<td>MS_GRC_61_SP2_QUE_PROC_LIST_INF (100734)</td>
													</tr>
													<tr>
														<td><b>SQL</b></td>
														<td><pre><code>SELECT QueSumm.OBJECT_ID,
QueSumm.OBJECT_NAME,
QueMlsSumm.RESPONSE_TYPE,
QueMlsSumm.QUESTION_NATURE,
QueMlsSumm.QUESTION_TYPE,
QUEMLSSUMM.QUESTION_CAT,
QueMlsSumm.OBJECT_STATUS,
QueSumm.CREATED_ON,
CREATED_BY,
QueSumm.UPDATED_ON,
UPDATED_BY,
QueSumm.VALID_FROM,
QueSumm.VALID_UNTIL,
QueSumm.QUESTION,
QueSumm.OBJECTIVE,
QueSumm.OWNER_ORG_NAMES,
quesumm.owner_name,
ms_grc_utilities.fn_user_name(quesumm.level_1_approver) as level_1_approver,
ms_grc_utilities.fn_user_name(quesumm.level_2_approver) as level_2_approver, 
REL_ORGANIZATION_NAMES,
REL_AOC_OBJ_NAME_AGG,
REL_ASSET_OBJ_NAME_AGG,
REL_ASSET_CLASS_OBJ_NAME_AGG,
REL_CTRL_OBJ_NAME_AGG,
REL_PROCESS_OBJ_NAME_AGG,
REL_REFRENCES_OBJ_NAME_AGG,
REL_REQUIREMENT_OBJ_NAME_AGG,
REL_STANDARD_OBJ_NAME_AGG
,(MS_GRC_UTILITIES.FN_GET_REPORT_JSON((SELECT METRIC_ID FROM SI_METRICS_T WHERE METRIC_NAME='MS_GRC_QUESTION_PROCEDURE'),QueSumm.DD_PROCESS_INSTANCE_ID,(SELECT DD_INSTANCE_ID FROM MS_GRC_QUESTION_PROC WHERE OBJECT_ID=QueSumm.OBJECT_ID),
'''flag=1'||CHR(38)||'emd=1'||CHR(38)||'x_edit_mode=Yes'||CHR (38)|| 'wrapper= No'|| CHR (38)|| 'mode=view''')) AS REPORT_JSON  
,QueSumm.LEVEL_1_APPROVER AS LEVEL_1_APPR,
QueSumm.LEVEL_2_APPROVER AS LEVEL_2_APPR,
QueSumm.UPPER_OBJECT_NAME AS UPPER_OBJECT_NAME
FROM MS_GRC_QUE_PROC_SUMMARY QueSumm,
ms_grc_que_proc_mls_summary quemlssumm,(select column_value
from table(cast(ms_grc_rep_browser_fil_denorm.fn_ques_proc_report_filters(ms_grc_array_type(:1,:2,:3,:5,:6,:7,:8,:9,to_char(:10,'YYYY-MM-DD'),to_char(:11,'YYYY-MM-DD'),:12,:13,to_char(:14,'YYYY-MM-DD'),to_char(:15,'YYYY-MM-DD'),to_char(:16,'YYYY-MM-DD'), to_char(:17,'YYYY-MM-DD'), :18,:19,:20,:21,:22,:23,:24,
:25,null, :26,null, null,null,null,null,null,:27,null,null,:28,:29, null,:30,'MS_GRC_QUESTION_PROCEDURE',:31)) as MS_VARCHAR2_ARRAY))) COLVAL, (select LOCALE_ID from SI_USERS_T T1 ,SI_LOCALES T2 where USER_NAME = :31  and T1.LOCALE = T2.LOCALE_STRING) LOC
where COLVAL.column_value = QueMlsSumm.OBJECT_ID
and COLVAL.column_value = QUESUMM.OBJECT_ID 
and QUEMLSSUMM.LOCALE_ID = LOC.LOCALE_ID
and NVL(IS_ORPHAN, 1)=NVL(:4,NVL(IS_ORPHAN,1))</code></pre></td>
													</tr>
													<tr>
														<td><b>Description</b></td>
														<td>MS_GRC_61_SP2_QUE_PROC_LIST_INF</td>
													</tr>
												</tbody>
											</table>
										</div>

										<h2 align="center" id="content">Analysis Report</h2>
										<hr>

<header class="major"><h2>Plan hash value: 4060597305</h2></header><pre><code>
 
---------------------------------------------------------------------------------------------------------------------
| Id  | Operation                             | Name                        | Rows  | Bytes | Cost (%CPU)| Time     |
---------------------------------------------------------------------------------------------------------------------
|   0 | SELECT STATEMENT                      |                             |  2042 |  6678K|    54   (0)| 00:00:01 |
|   1 |  TABLE ACCESS BY INDEX ROWID          | SI_METRICS_T                |     1 |    34 |     1   (0)| 00:00:01 |
|*  2 |   INDEX RANGE SCAN                    | SI_METRICS_T_N7             |     1 |       |     1   (0)| 00:00:01 |
|   3 |   TABLE ACCESS BY INDEX ROWID         | MS_GRC_QUESTION_PROC        |     1 |    19 |     1   (0)| 00:00:01 |
|*  4 |    INDEX UNIQUE SCAN                  | MS_GRC_QUESTION_PROC_PK     |     1 |       |     1   (0)| 00:00:01 |
|*  5 |  HASH JOIN                            |                             |  2042 |  6678K|    54   (0)| 00:00:01 |
<font style="background-color: lightblue; color: red">|   6 |   TABLE ACCESS FULL                   | MS_GRC_QUE_PROC_MLS_SUMMARY |   180 | 14040 |     3   (0)| 00:00:01 |</font>
|*  7 |   HASH JOIN                           |                             |  4084 |    12M|    51   (0)| 00:00:01 |
|*  8 |    INDEX FAST FULL SCAN               | MS_GRC_QUEPROC_SUMMARY_PK   |    90 |   284K|    18   (0)| 00:00:01 |
<font style="background-color: lightblue; color: red">|   9 |    MERGE JOIN CARTESIAN               |                             |  8168 |   255K|    33   (0)| 00:00:01 |</font>
|  10 |     NESTED LOOPS                      |                             |     1 |    30 |     4   (0)| 00:00:01 |
|  11 |      TABLE ACCESS BY INDEX ROWID      | SI_USERS_T                  |     1 |    19 |     1   (0)| 00:00:01 |
|* 12 |       INDEX RANGE SCAN                | SI_USERS_T_N3               |     1 |       |     1   (0)| 00:00:01 |
<font style="background-color: lightblue; color: red">|* 13 |      TABLE ACCESS FULL                | SI_LOCALES                  |     1 |    11 |     3   (0)| 00:00:01 |</font>
|  14 |     BUFFER SORT                       |                             |  8168 | 16336 |    30   (0)| 00:00:01 |
<font style="background-color: lightblue; color: red">|  15 |      COLLECTION ITERATOR PICKLER FETCH| FN_QUES_PROC_REPORT_FILTERS |  8168 | 16336 |    29   (0)| 00:00:01 |</font>
---------------------------------------------------------------------------------------------------------------------
 
</code></pre><header class="major"><h2>Query Block Name / Object Alias (identified by operation id):</h2></header><pre><code>
 
   1 - SEL$2        / SI_METRICS_T@SEL$2
   2 - SEL$2        / SI_METRICS_T@SEL$2
   3 - SEL$3        / MS_GRC_QUESTION_PROC@SEL$3
   4 - SEL$3        / MS_GRC_QUESTION_PROC@SEL$3
   5 - SEL$2416F508
   6 - SEL$2416F508 / QUEMLSSUMM@SEL$1
   8 - SEL$2416F508 / QUESUMM@SEL$1
  11 - SEL$2416F508 / T1@SEL$6
  12 - SEL$2416F508 / T1@SEL$6
  13 - SEL$2416F508 / T2@SEL$6
  15 - SEL$2416F508 / KOKBF$0@SEL$5
 
</code></pre><header class="major"><h2>Predicate Information (identified by operation id):</h2></header><pre><code>
 
   2 - access("METRIC_NAME"='MS_GRC_QUESTION_PROCEDURE')
   4 - access("OBJECT_ID"=:B1)
   5 - access("QUEMLSSUMM"."OBJECT_ID"=VALUE(KOKBF$) AND "LOCALE_ID"=TO_NUMBER("QUEMLSSUMM"."LOCALE_ID"))
   7 - access("QUESUMM"."OBJECT_ID"=VALUE(KOKBF$))
   8 - filter(NVL("IS_ORPHAN",1)=NVL(:4,NVL("IS_ORPHAN",1)))
  12 - access("USER_NAME"=:31)
  13 - filter("T1"."LOCALE"="T2"."LOCALE_STRING")
 
</code></pre><header class="major"><h2>Column Projection Information (identified by operation id):</h2></header><pre><code>
 
   1 - "SI_METRICS_T".ROWID[ROWID,10], "METRIC_ID"[NUMBER,22]
   2 - "SI_METRICS_T".ROWID[ROWID,10]
   3 - "MS_GRC_QUESTION_PROC".ROWID[ROWID,10], "DD_INSTANCE_ID"[NUMBER,22]
   4 - "MS_GRC_QUESTION_PROC".ROWID[ROWID,10]
   5 - (#keys=2) "QUEMLSSUMM"."QUESTION_CAT"[LOB,4000], "QUEMLSSUMM"."OBJECT_STATUS"[VARCHAR2,4000], 
       "QUEMLSSUMM"."RESPONSE_TYPE"[VARCHAR2,4000], "QUEMLSSUMM"."QUESTION_NATURE"[VARCHAR2,4000], 
       "QUEMLSSUMM"."QUESTION_TYPE"[VARCHAR2,4000], "QUESUMM"."OBJECT_ID"[VARCHAR2,400], 
       "QUESUMM"."UPPER_OBJECT_NAME"[VARCHAR2,3000], "QUESUMM"."OBJECT_NAME"[VARCHAR2,4000], 
       "QUESUMM"."QUESTION"[LOB,4000], "QUESUMM"."OBJECTIVE"[LOB,4000], "QUESUMM"."VALID_UNTIL"[DATE,7], 
       "QUESUMM"."VALID_FROM"[DATE,7], "QUESUMM"."DD_PROCESS_INSTANCE_ID"[NUMBER,22], 
       "QUESUMM"."OWNER_NAME"[LOB,4000], "QUESUMM"."OWNER_ORG_NAMES"[LOB,4000], 
       "QUESUMM"."LEVEL_1_APPROVER"[VARCHAR2,1000], "QUESUMM"."LEVEL_2_APPROVER"[VARCHAR2,1000], 
       "UPDATED_BY"[VARCHAR2,804], "QUESUMM"."UPDATED_ON"[DATE,7], "CREATED_BY"[VARCHAR2,804], 
       "QUESUMM"."CREATED_ON"[DATE,7], "REL_AOC_OBJ_NAME_AGG"[LOB,4000], "REL_ASSET_CLASS_OBJ_NAME_AGG"[LOB,4000], 
       "REL_ASSET_OBJ_NAME_AGG"[LOB,4000], "REL_CTRL_OBJ_NAME_AGG"[LOB,4000], "REL_ORGANIZATION_NAMES"[LOB,4000], 
       "REL_PROCESS_OBJ_NAME_AGG"[LOB,4000], "REL_REFRENCES_OBJ_NAME_AGG"[LOB,4000], 
       "REL_REQUIREMENT_OBJ_NAME_AGG"[LOB,4000], "REL_STANDARD_OBJ_NAME_AGG"[LOB,4000]
   6 - "QUEMLSSUMM"."OBJECT_ID"[VARCHAR2,400], "QUEMLSSUMM"."LOCALE_ID"[VARCHAR2,400], 
       "QUEMLSSUMM"."OBJECT_STATUS"[VARCHAR2,4000], "QUEMLSSUMM"."RESPONSE_TYPE"[VARCHAR2,4000], 
       "QUEMLSSUMM"."QUESTION_NATURE"[VARCHAR2,4000], "QUEMLSSUMM"."QUESTION_TYPE"[VARCHAR2,4000], 
       "QUEMLSSUMM"."QUESTION_CAT"[LOB,4000]
   7 - (#keys=1) "QUESUMM"."OBJECT_ID"[VARCHAR2,400], "QUESUMM"."UPPER_OBJECT_NAME"[VARCHAR2,3000], 
       "QUESUMM"."OBJECT_NAME"[VARCHAR2,4000], "QUESUMM"."QUESTION"[LOB,4000], "QUESUMM"."OBJECTIVE"[LOB,4000], 
       "QUESUMM"."VALID_UNTIL"[DATE,7], "QUESUMM"."VALID_FROM"[DATE,7], 
       "QUESUMM"."DD_PROCESS_INSTANCE_ID"[NUMBER,22], "QUESUMM"."OWNER_NAME"[LOB,4000], 
       "QUESUMM"."OWNER_ORG_NAMES"[LOB,4000], "QUESUMM"."LEVEL_1_APPROVER"[VARCHAR2,1000], 
       "QUESUMM"."LEVEL_2_APPROVER"[VARCHAR2,1000], "UPDATED_BY"[VARCHAR2,804], "QUESUMM"."UPDATED_ON"[DATE,7], 
       "CREATED_BY"[VARCHAR2,804], "QUESUMM"."CREATED_ON"[DATE,7], "REL_AOC_OBJ_NAME_AGG"[LOB,4000], 
       "REL_ASSET_CLASS_OBJ_NAME_AGG"[LOB,4000], "REL_ASSET_OBJ_NAME_AGG"[LOB,4000], 
       "REL_CTRL_OBJ_NAME_AGG"[LOB,4000], "REL_ORGANIZATION_NAMES"[LOB,4000], "REL_PROCESS_OBJ_NAME_AGG"[LOB,4000], 
       "REL_REFRENCES_OBJ_NAME_AGG"[LOB,4000], "REL_REQUIREMENT_OBJ_NAME_AGG"[LOB,4000], 
       "REL_STANDARD_OBJ_NAME_AGG"[LOB,4000], "LOCALE_ID"[NUMBER,22], VALUE(A0)[8000]
   8 - "QUESUMM".ROWID[ROWID,3034], "QUESUMM"."UPPER_OBJECT_NAME"[VARCHAR2,3000], 
       "OBJ_QUE_PROC_SUMM_WID"[NUMBER,22], "QUESUMM"."OBJECT_ID"[VARCHAR2,400], 
       "QUESUMM"."OBJECT_NAME"[VARCHAR2,4000], "QUESUMM"."QUESTION"[LOB,4000], "QUESUMM"."OBJECTIVE"[LOB,4000], 
       "QUESUMM"."VALID_UNTIL"[DATE,7], "QUESUMM"."VALID_FROM"[DATE,7], 
       "QUESUMM"."DD_PROCESS_INSTANCE_ID"[NUMBER,22], "QUESUMM"."OWNER_NAME"[LOB,4000], 
       "QUESUMM"."OWNER_ORG_NAMES"[LOB,4000], "QUESUMM"."LEVEL_1_APPROVER"[VARCHAR2,1000], 
       "QUESUMM"."LEVEL_2_APPROVER"[VARCHAR2,1000], "UPDATED_BY"[VARCHAR2,804], "QUESUMM"."UPDATED_ON"[DATE,7], 
       "CREATED_BY"[VARCHAR2,804], "QUESUMM"."CREATED_ON"[DATE,7], "REL_AOC_OBJ_NAME_AGG"[LOB,4000], 
       "REL_ASSET_CLASS_OBJ_NAME_AGG"[LOB,4000], "REL_ASSET_OBJ_NAME_AGG"[LOB,4000], 
       "REL_CTRL_OBJ_NAME_AGG"[LOB,4000], "REL_ORGANIZATION_NAMES"[LOB,4000], "REL_PROCESS_OBJ_NAME_AGG"[LOB,4000], 
       "REL_REFRENCES_OBJ_NAME_AGG"[LOB,4000], "REL_REQUIREMENT_OBJ_NAME_AGG"[LOB,4000], 
       "REL_STANDARD_OBJ_NAME_AGG"[LOB,4000], "IS_ORPHAN"[NUMBER,22]
   9 - (#keys=0) "LOCALE_ID"[NUMBER,22], VALUE(A0)[8000]
  10 - (#keys=0) "LOCALE_ID"[NUMBER,22]
  11 - "T1"."LOCALE"[VARCHAR2,100]
  12 - "T1".ROWID[ROWID,10]
  13 - "LOCALE_ID"[NUMBER,22]
  14 - (#keys=0) VALUE(A0)[8000]
  15 - VALUE(A0)[8000]
										</code></pre>
								</section>
						</div>
					</div>

				<!-- Sidebar -->
				<div id="sidebar">
					<div class="inner">
						<!-- Menu -->
						<nav id="menu">
							<header class="major">
								<h2>Menu</h2>
							</header>
							<ul>
								<li><a href="../index.html">Module List</a></li>
								<li><a href="index.html">Summary</a></li>
								<li>
									<span class="opener">DB Analysis</span>
									<ul>
										<li><a href="bad-sql.html">Bad SQL</a></li>
										<li><a href="poor-sql.html">Poor SQL Plan</a></li>
										<li><a href="invalid-sql.html">Invalid SQL</a></li>
										<li><a href="full-sql.html">Full SQL Report</a></li>
										<li><a href="table-nil-key.html">Primary/Unique Key Miss</a></li>
										<li><a href="invalid-db-object.html">Invalid DB Objects</a></li>
									</ul>
								</li>
								<li>
									<span class="opener">Infolets</span>
									<ul>
										<li><a href="keep-history-infolets.html">Keep History Infolets</a></li>
									</ul>
								</li>
								<li>
									<span class="opener">Pushforms</span>
									<ul>
										<li><a href="pushform-denormalize.html">Pushform Denormalized</a></li>
									</ul>
								</li>
							</ul>
						</nav>

						<!-- Section -->
						<section>
							<header class="major">
								<h2>Get in touch</h2>
							</header>
							<p>You need more details on the report or want more functionality, don't hesitate to reach out to us.</p>
							<ul class="contact">
								<li class="fa-envelope-o"><a href="mailto:rnd@metricstream.com?Subject=Reg - Static Code Analysis Tool" target="_top">rnd@metricstream.com</a></li>
							</ul>
						</section>

						<!-- Footer -->
						<footer id="footer">
							<p class="copyright">&copy; <a href="http://www.metricstream.com" target="_blank">MetricStream</a>. All rights reserved. </p>
						</footer>
					</div>
				</div>
			</div>

		<!-- Scripts -->
			<script src="../../lib/assets/js/jquery.min.js"></script>
			<script src="../../lib/assets/js/skel.min.js"></script>
			<script src="../../lib/assets/js/util.js"></script>
			<!--[if lte IE 8]><script src="../../lib/assets/js/ie/respond.min.js"></script><![endif]-->
			<script src="../../lib/assets/js/main.js"></script>
	</body>
</html>