<!DOCTYPE HTML>
<html>
	<head>
		<title>Code Analysis - MetricStream</title>
		<meta charset="utf-8" />
		<meta name="viewport" content="width=device-width, initial-scale=1, user-scalable=no" />
		<!--[if lte IE 8]><script src="../../lib/assets/js/ie/html5shiv.js"></script><![endif]-->
		<link rel="stylesheet" href="../../lib/assets/css/main.css" />
		<!--[if lte IE 9]><link rel="stylesheet" href="../../lib/assets/css/ie9.css" /><![endif]-->
		<!--[if lte IE 8]><link rel="stylesheet" href="../../lib/assets/css/ie8.css" /><![endif]-->
	</head>
	<body>

		<!-- Wrapper -->
			<div id="wrapper">

				<!-- Main -->
					<div id="main">
						<div class="inner">
							<!-- Header -->
								<header id="header">
									<a href="index.html" class="logo"><strong>Static Code Analysis Report</strong> by Code Analyzer Tool</a>
								</header>

							<!-- Content -->
								<section>
									<!-- Content -->
										<header class="major"><h2>Infolet Details</h2></header>
										<div class="table-wrapper">
											<table>
												<tbody>
													<tr>
														<th>Name</th>
														<td>MS GRC Requirement Infolet (100675)</td>
													</tr>
													<tr>
														<th>SQL</th>
														<td><pre><code>SELECT req_summ.Object_Id  AS Requirement_id,
req_summ.OBJECT_NAME AS Edit,
req_mls.OBJECT_STATUS AS Obj_Status,
req_summ.SECTION_NO,
Req_Mls.Object_Level As Object_Level,
req_summ.OBJECT_PARENT,
req_mls.KEY_REQUIREMENT,
req_mls.FREQUENCY,
req_mls.CATEGORY,
req_mls.COMPLIANCE_TYPE,
req_mls.IMPACT,
req_summ.CREATED_ON,
(SELECT USER_FULL_NAME FROM MS_GRC_USER_FULL_NAME_V where user_name = req_summ.CREATED_BY)  as Created_by,
req_summ.UPDATED_ON,
(SELECT USER_FULL_NAME FROM MS_GRC_USER_FULL_NAME_V where user_name = req_summ.updated_by) as updated_by,
req_summ.Valid_Until,
req_summ.Valid_From,
req_summ.Description,
req_summ.PENALTIES,
req_summ.OWNER_ORG_NAMES AS Owner_Organization,
req_summ.OWNER_NAME,
(SELECT USER_FULL_NAME FROM MS_GRC_USER_FULL_NAME_V where user_name = req_summ.level_1_approver) AS level_1_approver,
(SELECT USER_FULL_NAME FROM MS_GRC_USER_FULL_NAME_V where user_name = req_summ.level_2_approver) AS level_2_approver,
req_summ.REL_ORGANIZATION_NAMES AS Applies_To_Organizations,
req_summ.REL_AOC_OBJ_NAME_AGG AS Related_Areas_Of_Compliance,
req_summ.REL_ASSET_OBJ_NAME_AGG AS Related_Assets,
req_summ.REL_CTRL_OBJ_NAME_AGG AS Related_Control,
req_summ.REL_FIN_ACT_OBJ_NAME_AGG AS RELATED_FINANCIAL_ACCOUNTS,
req_summ.REL_MOD_REF_OBJ_NAME_AGG AS RELATED_FRAMEWORK_REFERENCES,
 req_summ.REL_FUNCTION_OBJ_NAME_AGG AS Related_Function,
req_summ.REL_OBJECTIVE_OBJ_NAME_AGG AS Related_Objectives,
 req_summ.REL_PROCESS_OBJ_NAME_AGG AS Related_Process,
 req_summ.REL_PRODUCT_NAME_AGG AS Related_Products,
 req_summ.REL_REFRENCES_OBJ_NAME_AGG AS Related_References,
req_summ.REL_RISK_OBJ_NAME_AGG AS Related_risks,
req_summ.REL_STANDARD_OBJ_NAME_AGG AS Related_Standards,
req_summ.REPORT_JSON AS REPORT_JSON,
req_summ.OBJ_PARENT_ID as OBJ_PARENT_ID,
LEVEL_1_APPROVER as level_1_appr,
level_2_approver as level_2_appr
,req_summ.UPPER_OBJECT_NAME as UPPER_OBJECT_NAME
FROM MS_GRC_REQ_SUMMARY req_summ,
    MS_GRC_REQ_MLS_SUMMARY req_mls
	where req_mls.object_id=req_summ.object_id
	and req_mls.object_id in (SELECT column_value
FROM TABLE(CAST(MS_GRC_REP_BROWSER_FIL_DENORM.FN_REQ_RPT_FILTER(ms_grc_array_type(:1,:2,:3,:4,:5,:6,:7,:8,:9,:10,:11,:12,TO_CHAR(:13,'YYYY-MM-DD'),TO_CHAR(:14,'YYYY-MM-DD'),:15,:16,TO_CHAR(:17,'YYYY-MM-DD'),TO_CHAR(:18,'YYYY-MM-DD'),TO_CHAR(:19,'YYYY-MM-DD'),to_char(:20,'YYYY-MM-DD'),:21,:22,:23,:24,:25,:26,:27,NULL,NULL,:28,:29,:31,:30,NULL,:32,NULL,:33,:34,NULL,NULL,:35,:36,:37,'MS_GRC_REQUIREMENT',:38))AS MS_VARCHAR2_ARRAY))
) and req_mls.locale_id = (select LOCALE_ID from SI_USERS_T T1 ,SI_LOCALES T2 where USER_NAME = :38  and T1.LOCALE = T2.LOCALE_STRING)
order by upper_object_name</code></pre></td>
													</tr>
													<tr>
														<th>Description</th>
														<td>This infolet is used for fetching the Library data for Requirement list report. It consists of the parameters specific to Requirement object and also the related library object parmaters. It does not contain any mandatory parameter.</td>
													</tr>
												</tbody>
											</table>
										</div>

										<h2 align="center" id="content">Analysis Report</h2>
										<hr>

<header class="major"><h2>Plan hash value: 6559656</h2></header><pre><code>
 
--------------------------------------------------------------------------------------------------------------------
| Id  | Operation                             | Name                       | Rows  | Bytes | Cost (%CPU)| Time     |
--------------------------------------------------------------------------------------------------------------------
|   0 | SELECT STATEMENT                      |                            |     1 | 53712 |    37   (6)| 00:00:01 |
|   1 |  NESTED LOOPS                         |                            |     1 |    83 |     3   (0)| 00:00:01 |
|   2 |   NESTED LOOPS                        |                            |     1 |    83 |     3   (0)| 00:00:01 |
|   3 |    NESTED LOOPS                       |                            |     1 |    66 |     2   (0)| 00:00:01 |
|   4 |     TABLE ACCESS BY INDEX ROWID       | MS_QS_PARAMETER_NAMES      |     1 |    34 |     1   (0)| 00:00:01 |
|*  5 |      INDEX RANGE SCAN                 | MS_QS_PARAMETER_NAMES_N1   |     1 |       |     1   (0)| 00:00:01 |
|*  6 |     TABLE ACCESS BY INDEX ROWID       | MS_QS_PARAMETER_TYPES      |     1 |    32 |     1   (0)| 00:00:01 |
|*  7 |      INDEX RANGE SCAN                 | MS_QS_PARAMETER_TYPES_N1   |     1 |       |     1   (0)| 00:00:01 |
|*  8 |    INDEX RANGE SCAN                   | MS_QS_PARAMETER_VALUES_IDX |     1 |       |     1   (0)| 00:00:01 |
|   9 |   TABLE ACCESS BY INDEX ROWID         | MS_QS_PARAMETER_VALUES     |     1 |    17 |     1   (0)| 00:00:01 |
|  10 |  TABLE ACCESS BY INDEX ROWID          | SI_USERS_T                 |     1 |    28 |     1   (0)| 00:00:01 |
|* 11 |   INDEX UNIQUE SCAN                   | USER_NAME_UK               |     1 |       |     1   (0)| 00:00:01 |
|  12 |  NESTED LOOPS                         |                            |     1 |    83 |     3   (0)| 00:00:01 |
|  13 |   NESTED LOOPS                        |                            |     1 |    83 |     3   (0)| 00:00:01 |
|  14 |    NESTED LOOPS                       |                            |     1 |    66 |     2   (0)| 00:00:01 |
|  15 |     TABLE ACCESS BY INDEX ROWID       | MS_QS_PARAMETER_NAMES      |     1 |    34 |     1   (0)| 00:00:01 |
|* 16 |      INDEX RANGE SCAN                 | MS_QS_PARAMETER_NAMES_N1   |     1 |       |     1   (0)| 00:00:01 |
|* 17 |     TABLE ACCESS BY INDEX ROWID       | MS_QS_PARAMETER_TYPES      |     1 |    32 |     1   (0)| 00:00:01 |
|* 18 |      INDEX RANGE SCAN                 | MS_QS_PARAMETER_TYPES_N1   |     1 |       |     1   (0)| 00:00:01 |
|* 19 |    INDEX RANGE SCAN                   | MS_QS_PARAMETER_VALUES_IDX |     1 |       |     1   (0)| 00:00:01 |
|  20 |   TABLE ACCESS BY INDEX ROWID         | MS_QS_PARAMETER_VALUES     |     1 |    17 |     1   (0)| 00:00:01 |
|  21 |  TABLE ACCESS BY INDEX ROWID          | SI_USERS_T                 |     1 |    28 |     1   (0)| 00:00:01 |
|* 22 |   INDEX UNIQUE SCAN                   | USER_NAME_UK               |     1 |       |     1   (0)| 00:00:01 |
|  23 |  NESTED LOOPS                         |                            |     1 |    83 |     3   (0)| 00:00:01 |
|  24 |   NESTED LOOPS                        |                            |     1 |    83 |     3   (0)| 00:00:01 |
|  25 |    NESTED LOOPS                       |                            |     1 |    66 |     2   (0)| 00:00:01 |
|  26 |     TABLE ACCESS BY INDEX ROWID       | MS_QS_PARAMETER_NAMES      |     1 |    34 |     1   (0)| 00:00:01 |
|* 27 |      INDEX RANGE SCAN                 | MS_QS_PARAMETER_NAMES_N1   |     1 |       |     1   (0)| 00:00:01 |
|* 28 |     TABLE ACCESS BY INDEX ROWID       | MS_QS_PARAMETER_TYPES      |     1 |    32 |     1   (0)| 00:00:01 |
|* 29 |      INDEX RANGE SCAN                 | MS_QS_PARAMETER_TYPES_N1   |     1 |       |     1   (0)| 00:00:01 |
|* 30 |    INDEX RANGE SCAN                   | MS_QS_PARAMETER_VALUES_IDX |     1 |       |     1   (0)| 00:00:01 |
|  31 |   TABLE ACCESS BY INDEX ROWID         | MS_QS_PARAMETER_VALUES     |     1 |    17 |     1   (0)| 00:00:01 |
|  32 |  TABLE ACCESS BY INDEX ROWID          | SI_USERS_T                 |     1 |    28 |     1   (0)| 00:00:01 |
|* 33 |   INDEX UNIQUE SCAN                   | USER_NAME_UK               |     1 |       |     1   (0)| 00:00:01 |
|  34 |  NESTED LOOPS                         |                            |     1 |    83 |     3   (0)| 00:00:01 |
|  35 |   NESTED LOOPS                        |                            |     1 |    83 |     3   (0)| 00:00:01 |
|  36 |    NESTED LOOPS                       |                            |     1 |    66 |     2   (0)| 00:00:01 |
|  37 |     TABLE ACCESS BY INDEX ROWID       | MS_QS_PARAMETER_NAMES      |     1 |    34 |     1   (0)| 00:00:01 |
|* 38 |      INDEX RANGE SCAN                 | MS_QS_PARAMETER_NAMES_N1   |     1 |       |     1   (0)| 00:00:01 |
|* 39 |     TABLE ACCESS BY INDEX ROWID       | MS_QS_PARAMETER_TYPES      |     1 |    32 |     1   (0)| 00:00:01 |
|* 40 |      INDEX RANGE SCAN                 | MS_QS_PARAMETER_TYPES_N1   |     1 |       |     1   (0)| 00:00:01 |
|* 41 |    INDEX RANGE SCAN                   | MS_QS_PARAMETER_VALUES_IDX |     1 |       |     1   (0)| 00:00:01 |
|  42 |   TABLE ACCESS BY INDEX ROWID         | MS_QS_PARAMETER_VALUES     |     1 |    17 |     1   (0)| 00:00:01 |
|  43 |  TABLE ACCESS BY INDEX ROWID          | SI_USERS_T                 |     1 |    28 |     1   (0)| 00:00:01 |
|* 44 |   INDEX UNIQUE SCAN                   | USER_NAME_UK               |     1 |       |     1   (0)| 00:00:01 |
|  45 |  SORT ORDER BY                        |                            |     1 | 53712 |    37   (6)| 00:00:01 |
|  46 |   NESTED LOOPS                        |                            |     1 | 53712 |    32   (4)| 00:00:01 |
|  47 |    NESTED LOOPS                       |                            |     1 |  7220 |    31   (4)| 00:00:01 |
|  48 |     SORT UNIQUE                       |                            |  8168 | 16336 |    29   (0)| 00:00:01 |
<font style="background-color: lightblue; color: red">|  49 |      COLLECTION ITERATOR PICKLER FETCH| FN_REQ_RPT_FILTER          |  8168 | 16336 |    29   (0)| 00:00:01 |</font>
|  50 |     TABLE ACCESS BY INDEX ROWID       | MS_GRC_REQ_MLS_SUMMARY     |     1 |  7218 |     1   (0)| 00:00:01 |
|* 51 |      INDEX RANGE SCAN                 | MS_GRC_REQ_MLS_SUMM_IDX2   |     1 |       |     1   (0)| 00:00:01 |
|  52 |       NESTED LOOPS                    |                            |     1 |    30 |     4   (0)| 00:00:01 |
|  53 |        TABLE ACCESS BY INDEX ROWID    | SI_USERS_T                 |     1 |    19 |     1   (0)| 00:00:01 |
|* 54 |         INDEX UNIQUE SCAN             | USER_NAME_UK               |     1 |       |     1   (0)| 00:00:01 |
<font style="background-color: lightblue; color: red">|* 55 |        TABLE ACCESS FULL              | SI_LOCALES                 |     1 |    11 |     3   (0)| 00:00:01 |</font>
|  56 |    TABLE ACCESS BY INDEX ROWID        | MS_GRC_REQ_SUMMARY         |     1 | 46492 |     1   (0)| 00:00:01 |
|* 57 |     INDEX UNIQUE SCAN                 | MS_GRC_RQMT_SUMM_IDX1      |     1 |       |     1   (0)| 00:00:01 |
--------------------------------------------------------------------------------------------------------------------
 
</code></pre><header class="major"><h2>Query Block Name / Object Alias (identified by operation id):</h2></header><pre><code>
 
   1 - SEL$B7E8C768
   4 - SEL$B7E8C768 / PNAME@SEL$3
   5 - SEL$B7E8C768 / PNAME@SEL$3
   6 - SEL$B7E8C768 / PTYPE@SEL$3
   7 - SEL$B7E8C768 / PTYPE@SEL$3
   8 - SEL$B7E8C768 / PVALUE@SEL$3
   9 - SEL$B7E8C768 / PVALUE@SEL$3
  10 - SEL$1FF6F973 / USERS@SEL$4
  11 - SEL$1FF6F973 / USERS@SEL$4
  12 - SEL$E2C0F2F4
  15 - SEL$E2C0F2F4 / PNAME@SEL$7
  16 - SEL$E2C0F2F4 / PNAME@SEL$7
  17 - SEL$E2C0F2F4 / PTYPE@SEL$7
  18 - SEL$E2C0F2F4 / PTYPE@SEL$7
  19 - SEL$E2C0F2F4 / PVALUE@SEL$7
  20 - SEL$E2C0F2F4 / PVALUE@SEL$7
  21 - SEL$570E831A / USERS@SEL$8
  22 - SEL$570E831A / USERS@SEL$8
  23 - SEL$5D238E44
  26 - SEL$5D238E44 / PNAME@SEL$11
  27 - SEL$5D238E44 / PNAME@SEL$11
  28 - SEL$5D238E44 / PTYPE@SEL$11
  29 - SEL$5D238E44 / PTYPE@SEL$11
  30 - SEL$5D238E44 / PVALUE@SEL$11
  31 - SEL$5D238E44 / PVALUE@SEL$11
  32 - SEL$18BE6699 / USERS@SEL$12
  33 - SEL$18BE6699 / USERS@SEL$12
  34 - SEL$28C398ED
  37 - SEL$28C398ED / PNAME@SEL$15
  38 - SEL$28C398ED / PNAME@SEL$15
  39 - SEL$28C398ED / PTYPE@SEL$15
  40 - SEL$28C398ED / PTYPE@SEL$15
  41 - SEL$28C398ED / PVALUE@SEL$15
  42 - SEL$28C398ED / PVALUE@SEL$15
  43 - SEL$D2366DAE / USERS@SEL$16
  44 - SEL$D2366DAE / USERS@SEL$16
  45 - SEL$7B6CD1A2
  49 - SEL$7B6CD1A2 / KOKBF$0@SEL$19
  50 - SEL$7B6CD1A2 / REQ_MLS@SEL$1
  51 - SEL$7B6CD1A2 / REQ_MLS@SEL$1
  52 - SEL$20      
  53 - SEL$20       / T1@SEL$20
  54 - SEL$20       / T1@SEL$20
  55 - SEL$20       / T2@SEL$20
  56 - SEL$7B6CD1A2 / REQ_SUMM@SEL$1
  57 - SEL$7B6CD1A2 / REQ_SUMM@SEL$1
 
</code></pre><header class="major"><h2>Predicate Information (identified by operation id):</h2></header><pre><code>
 
   5 - access("PNAME"."PARAMETER_NAME"='DISPLAY_FORMAT')
   6 - filter("PTYPE"."PARAMETER_TYPE_ID"="PNAME"."PARAMETER_TYPE_ID")
   7 - access("PTYPE"."PARAMETER_TYPE"='MS Apps User Name Display Format')
   8 - access("PTYPE"."PARAMETER_TYPE_ID"="PVALUE"."PARAMETER_TYPE_ID" AND 
              "PNAME"."PARAMETER_ID"="PVALUE"."PARAMETER_ID" AND "PVALUE"."ORG_ENTITY_ID"=1)
  11 - access("USERS"."USER_NAME"=:B1)
  16 - access("PNAME"."PARAMETER_NAME"='DISPLAY_FORMAT')
  17 - filter("PTYPE"."PARAMETER_TYPE_ID"="PNAME"."PARAMETER_TYPE_ID")
  18 - access("PTYPE"."PARAMETER_TYPE"='MS Apps User Name Display Format')
  19 - access("PTYPE"."PARAMETER_TYPE_ID"="PVALUE"."PARAMETER_TYPE_ID" AND 
              "PNAME"."PARAMETER_ID"="PVALUE"."PARAMETER_ID" AND "PVALUE"."ORG_ENTITY_ID"=1)
  22 - access("USERS"."USER_NAME"=:B1)
  27 - access("PNAME"."PARAMETER_NAME"='DISPLAY_FORMAT')
  28 - filter("PTYPE"."PARAMETER_TYPE_ID"="PNAME"."PARAMETER_TYPE_ID")
  29 - access("PTYPE"."PARAMETER_TYPE"='MS Apps User Name Display Format')
  30 - access("PTYPE"."PARAMETER_TYPE_ID"="PVALUE"."PARAMETER_TYPE_ID" AND 
              "PNAME"."PARAMETER_ID"="PVALUE"."PARAMETER_ID" AND "PVALUE"."ORG_ENTITY_ID"=1)
  33 - access("USERS"."USER_NAME"=:B1)
  38 - access("PNAME"."PARAMETER_NAME"='DISPLAY_FORMAT')
  39 - filter("PTYPE"."PARAMETER_TYPE_ID"="PNAME"."PARAMETER_TYPE_ID")
  40 - access("PTYPE"."PARAMETER_TYPE"='MS Apps User Name Display Format')
  41 - access("PTYPE"."PARAMETER_TYPE_ID"="PVALUE"."PARAMETER_TYPE_ID" AND 
              "PNAME"."PARAMETER_ID"="PVALUE"."PARAMETER_ID" AND "PVALUE"."ORG_ENTITY_ID"=1)
  44 - access("USERS"."USER_NAME"=:B1)
  51 - access("REQ_MLS"."OBJECT_ID"=VALUE(KOKBF$))
       filter(TO_NUMBER("REQ_MLS"."LOCALE_ID")= (SELECT "LOCALE_ID" FROM "SI_LOCALES" "T2","SI_USERS_T" 
              "T1" WHERE "USER_NAME"=:38 AND "T1"."LOCALE"="T2"."LOCALE_STRING"))
  54 - access("USER_NAME"=:38)
  55 - filter("T1"."LOCALE"="T2"."LOCALE_STRING")
  57 - access("REQ_MLS"."OBJECT_ID"="REQ_SUMM"."OBJECT_ID")
 
</code></pre><header class="major"><h2>Column Projection Information (identified by operation id):</h2></header><pre><code>
 
   1 - (#keys=0) "PVALUE"."PARAMETER_VALUE"[VARCHAR2,400]
   2 - (#keys=0) "PVALUE".ROWID[ROWID,10]
   3 - (#keys=0) "PNAME"."PARAMETER_ID"[NUMBER,22], "PTYPE"."PARAMETER_TYPE_ID"[NUMBER,22]
   4 - "PNAME"."PARAMETER_ID"[NUMBER,22], "PNAME"."PARAMETER_TYPE_ID"[NUMBER,22]
   5 - "PNAME".ROWID[ROWID,10]
   6 - "PTYPE"."PARAMETER_TYPE_ID"[NUMBER,22]
   7 - "PTYPE".ROWID[ROWID,10]
   8 - "PVALUE".ROWID[ROWID,10]
   9 - "PVALUE"."PARAMETER_VALUE"[VARCHAR2,400]
  10 - "USERS".ROWID[ROWID,10], "USERS"."LAST_NAME"[VARCHAR2,400], "USERS"."FIRST_NAME"[VARCHAR2,400], 
       "USERS"."USER_NAME"[VARCHAR2,320]
  11 - "USERS".ROWID[ROWID,10], "USERS"."USER_NAME"[VARCHAR2,320]
  12 - (#keys=0) "PVALUE"."PARAMETER_VALUE"[VARCHAR2,400]
  13 - (#keys=0) "PVALUE".ROWID[ROWID,10]
  14 - (#keys=0) "PNAME"."PARAMETER_ID"[NUMBER,22], "PTYPE"."PARAMETER_TYPE_ID"[NUMBER,22]
  15 - "PNAME"."PARAMETER_ID"[NUMBER,22], "PNAME"."PARAMETER_TYPE_ID"[NUMBER,22]
  16 - "PNAME".ROWID[ROWID,10]
  17 - "PTYPE"."PARAMETER_TYPE_ID"[NUMBER,22]
  18 - "PTYPE".ROWID[ROWID,10]
  19 - "PVALUE".ROWID[ROWID,10]
  20 - "PVALUE"."PARAMETER_VALUE"[VARCHAR2,400]
  21 - "USERS".ROWID[ROWID,10], "USERS"."LAST_NAME"[VARCHAR2,400], "USERS"."FIRST_NAME"[VARCHAR2,400], 
       "USERS"."USER_NAME"[VARCHAR2,320]
  22 - "USERS".ROWID[ROWID,10], "USERS"."USER_NAME"[VARCHAR2,320]
  23 - (#keys=0) "PVALUE"."PARAMETER_VALUE"[VARCHAR2,400]
  24 - (#keys=0) "PVALUE".ROWID[ROWID,10]
  25 - (#keys=0) "PNAME"."PARAMETER_ID"[NUMBER,22], "PTYPE"."PARAMETER_TYPE_ID"[NUMBER,22]
  26 - "PNAME"."PARAMETER_ID"[NUMBER,22], "PNAME"."PARAMETER_TYPE_ID"[NUMBER,22]
  27 - "PNAME".ROWID[ROWID,10]
  28 - "PTYPE"."PARAMETER_TYPE_ID"[NUMBER,22]
  29 - "PTYPE".ROWID[ROWID,10]
  30 - "PVALUE".ROWID[ROWID,10]
  31 - "PVALUE"."PARAMETER_VALUE"[VARCHAR2,400]
  32 - "USERS".ROWID[ROWID,10], "USERS"."LAST_NAME"[VARCHAR2,400], "USERS"."FIRST_NAME"[VARCHAR2,400], 
       "USERS"."USER_NAME"[VARCHAR2,320]
  33 - "USERS".ROWID[ROWID,10], "USERS"."USER_NAME"[VARCHAR2,320]
  34 - (#keys=0) "PVALUE"."PARAMETER_VALUE"[VARCHAR2,400]
  35 - (#keys=0) "PVALUE".ROWID[ROWID,10]
  36 - (#keys=0) "PNAME"."PARAMETER_ID"[NUMBER,22], "PTYPE"."PARAMETER_TYPE_ID"[NUMBER,22]
  37 - "PNAME"."PARAMETER_ID"[NUMBER,22], "PNAME"."PARAMETER_TYPE_ID"[NUMBER,22]
  38 - "PNAME".ROWID[ROWID,10]
  39 - "PTYPE"."PARAMETER_TYPE_ID"[NUMBER,22]
  40 - "PTYPE".ROWID[ROWID,10]
  41 - "PVALUE".ROWID[ROWID,10]
  42 - "PVALUE"."PARAMETER_VALUE"[VARCHAR2,400]
  43 - "USERS".ROWID[ROWID,10], "USERS"."LAST_NAME"[VARCHAR2,400], "USERS"."FIRST_NAME"[VARCHAR2,400], 
       "USERS"."USER_NAME"[VARCHAR2,320]
  44 - "USERS".ROWID[ROWID,10], "USERS"."USER_NAME"[VARCHAR2,320]
  45 - (#keys=1) "REQ_SUMM"."UPPER_OBJECT_NAME"[VARCHAR2,4000], "REQ_SUMM"."OBJECT_ID"[VARCHAR2,1600], 
       "REQ_SUMM"."OBJECT_NAME"[VARCHAR2,4000], "REQ_MLS"."OBJECT_STATUS"[VARCHAR2,4000], 
       "REQ_SUMM"."SECTION_NO"[VARCHAR2,1600], "REQ_MLS"."OBJECT_LEVEL"[VARCHAR2,1600], 
       "REQ_SUMM"."OBJECT_PARENT"[VARCHAR2,4000], "REQ_MLS"."KEY_REQUIREMENT"[VARCHAR2,400], 
       "REQ_MLS"."FREQUENCY"[VARCHAR2,1600], "REQ_MLS"."CATEGORY"[VARCHAR2,1600], 
       "REQ_MLS"."COMPLIANCE_TYPE"[VARCHAR2,1600], "REQ_MLS"."IMPACT"[VARCHAR2,1600], 
       "REQ_SUMM"."CREATED_ON"[DATE,7],  (SELECT CASE  WHEN  (SELECT "PVALUE"."PARAMETER_VALUE" FROM 
       METRICSTREAM."MS_QS_PARAMETER_NAMES" "PNAME",METRICSTREAM."MS_QS_PARAMETER_TYPES" 
       "PTYPE",METRICSTREAM."MS_QS_PARAMETER_VALUES" "PVALUE" WHERE "PVALUE"."ORG_ENTITY_ID"=1 AND 
       "PNAME"."PARAMETER_ID"="PVALUE"."PARAMETER_ID" AND "PTYPE"."PARAMETER_TYPE_ID"="PVALUE"."PARAMETER_TYPE_ID" 
       AND "PTYPE"."PARAMETER_TYPE"='MS Apps User Name Display Format' AND 
       "PTYPE"."PARAMETER_TYPE_ID"="PNAME"."PARAMETER_TYPE_ID" AND "PNAME"."PARAMETER_NAME"='DISPLAY_FORMAT')='2' 
       THEN "USERS"."LAST_NAME"||' '||"USERS"."FIRST_NAME" WHEN  (SELECT "PVALUE"."PARAMETER_VALUE" FROM 
       METRICSTREAM."MS_QS_PARAMETER_NAMES" "PNAME",METRICSTREAM."MS_QS_PARAMETER_TYPES" 
       "PTYPE",METRICSTREAM."MS_QS_PARAMETER_VALUES" "PVALUE" WHERE "PVALUE"."ORG_ENTITY_ID"=1 AND 
       "PNAME"."PARAMETER_ID"="PVALUE"."PARAMETER_ID" AND "PTYPE"."PARAMETER_TYPE_ID"="PVALUE"."PARAMETER_TYPE_ID" 
       AND "PTYPE"."PARAMETER_TYPE"='MS Apps User Name Display Format' AND 
       "PTYPE"."PARAMETER_TYPE_ID"="PNAME"."PARAMETER_TYPE_ID" AND "PNAME"."PARAMETER_NAME"='DISPLAY_FORMAT')='3' 
       THEN "USERS"."LAST_NAME"||','||' '||"USERS"."FIRST_NAME"||' '||'('||"USERS"."USER_NAME"||')' WHEN  (SELECT 
       "PVALUE"."PARAMETER_VALUE" FROM METRICSTREAM."MS_QS_PARAMETER_NAMES" 
       "PNAME",METRICSTREAM."MS_QS_PARAMETER_TYPES" "PTYPE",METRICSTREAM."MS_QS_PARAMETER_VALUES" "PVALUE" WHERE 
       "PVALUE"."ORG_ENTITY_ID"=1 AND "PNAME"."PARAMETER_ID"="PVALUE"."PARAMETER_ID" AND 
       "PTYPE"."PARAMETER_TYPE_ID"="PVALUE"."PARAMETER_TYPE_ID" AND "PTYPE"."PARAMETER_TYPE"='MS Apps User Name 
       Display Format' AND "PTYPE"."PARAMETER_TYPE_ID"="PNAME"."PARAMETER_TYPE_ID" AND 
       "PNAME"."PARAMETER_NAME"='DISPLAY_FORMAT')='1' THEN "USERS"."FIRST_NAME"||' '||"USERS"."LAST_NAME" WHEN  
       (SELECT "PVALUE"."PARAMETER_VALUE" FROM METRICSTREAM."MS_QS_PARAMETER_NAMES" 
       "PNAME",METRICSTREAM."MS_QS_PARAMETER_TYPES" "PTYPE",METRICSTREAM."MS_QS_PARAMETER_VALUES" "PVALUE" WHERE 
       "PVALUE"."ORG_ENTITY_ID"=1 AND "PNAME"."PARAMETER_ID"="PVALUE"."PARAMETER_ID" AND 
       "PTYPE"."PARAMETER_TYPE_ID"="PVALUE"."PARAMETER_TYPE_ID" AND "PTYPE"."PARAMETER_TYPE"='MS Apps User Name 
       Display Format' AND "PTYPE"."PARAMETER_TYPE_ID"="PNAME"."PARAMETER_TYPE_ID" AND 
       "PNAME"."PARAMETER_NAME"='DISPLAY_FORMAT')='4' THEN "USERS"."FIRST_NAME"||','||' '||"USERS"."LAST_NAME"||' 
       '||'('||"USERS"."USER_NAME"||')' ELSE "USERS"."LAST_NAME"||' '||"USERS"."FIRST_NAME" END  FROM 
       METRICSTREAM."SI_USERS_T" "USERS" WHERE "USERS"."USER_NAME"=:B1)[1125], "REQ_SUMM"."UPDATED_ON"[DATE,7],  
       (SELECT CASE  WHEN  (SELECT "PVALUE"."PARAMETER_VALUE" FROM METRICSTREAM."MS_QS_PARAMETER_NAMES" 
       "PNAME",METRICSTREAM."MS_QS_PARAMETER_TYPES" "PTYPE",METRICSTREAM."MS_QS_PARAMETER_VALUES" "PVALUE" WHERE 
       "PVALUE"."ORG_ENTITY_ID"=1 AND "PNAME"."PARAMETER_ID"="PVALUE"."PARAMETER_ID" AND 
       "PTYPE"."PARAMETER_TYPE_ID"="PVALUE"."PARAMETER_TYPE_ID" AND "PTYPE"."PARAMETER_TYPE"='MS Apps User Name 
       Display Format' AND "PTYPE"."PARAMETER_TYPE_ID"="PNAME"."PARAMETER_TYPE_ID" AND 
       "PNAME"."PARAMETER_NAME"='DISPLAY_FORMAT')='2' THEN "USERS"."LAST_NAME"||' '||"USERS"."FIRST_NAME" WHEN  
       (SELECT "PVALUE"."PARAMETER_VALUE" FROM METRICSTREAM."MS_QS_PARAMETER_NAMES" 
       "PNAME",METRICSTREAM."MS_QS_PARAMETER_TYPES" "PTYPE",METRICSTREAM."MS_QS_PARAMETER_VALUES" "PVALUE" WHERE 
       "PVALUE"."ORG_ENTITY_ID"=1 AND "PNAME"."PARAMETER_ID"="PVALUE"."PARAMETER_ID" AND 
       "PTYPE"."PARAMETER_TYPE_ID"="PVALUE"."PARAMETER_TYPE_ID" AND "PTYPE"."PARAMETER_TYPE"='MS Apps User Name 
       Display Format' AND "PTYPE"."PARAMET
  46 - (#keys=0) "REQ_MLS"."OBJECT_STATUS"[VARCHAR2,4000], "REQ_MLS"."OBJECT_LEVEL"[VARCHAR2,1600], 
       "REQ_MLS"."FREQUENCY"[VARCHAR2,1600], "REQ_MLS"."CATEGORY"[VARCHAR2,1600], 
       "REQ_MLS"."COMPLIANCE_TYPE"[VARCHAR2,1600], "REQ_MLS"."IMPACT"[VARCHAR2,1600], 
       "REQ_MLS"."KEY_REQUIREMENT"[VARCHAR2,400], "REQ_SUMM"."OBJECT_ID"[VARCHAR2,1600], 
       "REQ_SUMM"."OBJECT_NAME"[VARCHAR2,4000], "REQ_SUMM"."OBJECT_PARENT"[VARCHAR2,4000], 
       "REQ_SUMM"."OBJ_PARENT_ID"[VARCHAR2,4000], "LEVEL_1_APPROVER"[VARCHAR2,400], 
       "LEVEL_2_APPROVER"[VARCHAR2,400], "REQ_SUMM"."VALID_UNTIL"[DATE,7], "REQ_SUMM"."VALID_FROM"[DATE,7], 
       "REQ_SUMM"."SECTION_NO"[VARCHAR2,1600], "REQ_SUMM"."DESCRIPTION"[LOB,4000], 
       "REQ_SUMM"."PENALTIES"[LOB,4000], "REQ_SUMM"."OWNER_NAME"[LOB,4000], 
       "REQ_SUMM"."OWNER_ORG_NAMES"[LOB,4000], "REQ_SUMM"."CREATED_ON"[DATE,7], 
       "REQ_SUMM"."CREATED_BY"[VARCHAR2,400], "REQ_SUMM"."UPDATED_ON"[DATE,7], 
       "REQ_SUMM"."UPDATED_BY"[VARCHAR2,400], "REQ_SUMM"."REL_AOC_OBJ_NAME_AGG"[LOB,4000], 
       "REQ_SUMM"."UPPER_OBJECT_NAME"[VARCHAR2,4000], "REQ_SUMM"."REPORT_JSON"[VARCHAR2,4000], 
       "REQ_SUMM"."REL_ASSET_OBJ_NAME_AGG"[LOB,4000], "REQ_SUMM"."REL_CTRL_OBJ_NAME_AGG"[LOB,4000], 
       "REQ_SUMM"."REL_FIN_ACT_OBJ_NAME_AGG"[LOB,4000], "REQ_SUMM"."REL_FUNCTION_OBJ_NAME_AGG"[LOB,4000], 
       "REQ_SUMM"."REL_MOD_REF_OBJ_NAME_AGG"[LOB,4000], "REQ_SUMM"."REL_OBJECTIVE_OBJ_NAME_AGG"[LOB,4000], 
       "REQ_SUMM"."REL_ORGANIZATION_NAMES"[LOB,4000], "REQ_SUMM"."REL_PROCESS_OBJ_NAME_AGG"[LOB,4000], 
       "REQ_SUMM"."REL_PRODUCT_NAME_AGG"[LOB,4000], "REQ_SUMM"."REL_REFRENCES_OBJ_NAME_AGG"[LOB,4000], 
       "REQ_SUMM"."REL_RISK_OBJ_NAME_AGG"[LOB,4000], "REQ_SUMM"."REL_STANDARD_OBJ_NAME_AGG"[LOB,4000]
  47 - (#keys=0) "REQ_MLS"."OBJECT_ID"[VARCHAR2,1600], "REQ_MLS"."OBJECT_STATUS"[VARCHAR2,4000], 
       "REQ_MLS"."OBJECT_LEVEL"[VARCHAR2,1600], "REQ_MLS"."FREQUENCY"[VARCHAR2,1600], 
       "REQ_MLS"."CATEGORY"[VARCHAR2,1600], "REQ_MLS"."COMPLIANCE_TYPE"[VARCHAR2,1600], 
       "REQ_MLS"."IMPACT"[VARCHAR2,1600], "REQ_MLS"."KEY_REQUIREMENT"[VARCHAR2,400]
  48 - (#keys=1) VALUE(KOKBF$)[8000]
  49 - VALUE(A0)[8000]
  50 - "REQ_MLS"."OBJECT_ID"[VARCHAR2,1600], "REQ_MLS"."OBJECT_STATUS"[VARCHAR2,4000], 
       "REQ_MLS"."OBJECT_LEVEL"[VARCHAR2,1600], "REQ_MLS"."FREQUENCY"[VARCHAR2,1600], 
       "REQ_MLS"."CATEGORY"[VARCHAR2,1600], "REQ_MLS"."COMPLIANCE_TYPE"[VARCHAR2,1600], 
       "REQ_MLS"."IMPACT"[VARCHAR2,1600], "REQ_MLS"."KEY_REQUIREMENT"[VARCHAR2,400]
  51 - "REQ_MLS".ROWID[ROWID,10], "REQ_MLS"."OBJECT_ID"[VARCHAR2,1600]
  52 - (#keys=0) "LOCALE_ID"[NUMBER,22]
  53 - "T1"."LOCALE"[VARCHAR2,400]
  54 - "T1".ROWID[ROWID,10]
  55 - "LOCALE_ID"[NUMBER,22]
  56 - "REQ_SUMM"."OBJECT_ID"[VARCHAR2,1600], "REQ_SUMM"."OBJECT_NAME"[VARCHAR2,4000], 
       "REQ_SUMM"."OBJECT_PARENT"[VARCHAR2,4000], "REQ_SUMM"."OBJ_PARENT_ID"[VARCHAR2,4000], 
       "LEVEL_1_APPROVER"[VARCHAR2,400], "LEVEL_2_APPROVER"[VARCHAR2,400], "REQ_SUMM"."VALID_UNTIL"[DATE,7], 
       "REQ_SUMM"."VALID_FROM"[DATE,7], "REQ_SUMM"."SECTION_NO"[VARCHAR2,1600], 
       "REQ_SUMM"."DESCRIPTION"[LOB,4000], "REQ_SUMM"."PENALTIES"[LOB,4000], "REQ_SUMM"."OWNER_NAME"[LOB,4000], 
       "REQ_SUMM"."OWNER_ORG_NAMES"[LOB,4000], "REQ_SUMM"."CREATED_ON"[DATE,7], 
       "REQ_SUMM"."CREATED_BY"[VARCHAR2,400], "REQ_SUMM"."UPDATED_ON"[DATE,7], 
       "REQ_SUMM"."UPDATED_BY"[VARCHAR2,400], "REQ_SUMM"."REL_AOC_OBJ_NAME_AGG"[LOB,4000], 
       "REQ_SUMM"."UPPER_OBJECT_NAME"[VARCHAR2,4000], "REQ_SUMM"."REPORT_JSON"[VARCHAR2,4000], 
       "REQ_SUMM"."REL_ASSET_OBJ_NAME_AGG"[LOB,4000], "REQ_SUMM"."REL_CTRL_OBJ_NAME_AGG"[LOB,4000], 
       "REQ_SUMM"."REL_FIN_ACT_OBJ_NAME_AGG"[LOB,4000], "REQ_SUMM"."REL_FUNCTION_OBJ_NAME_AGG"[LOB,4000], 
       "REQ_SUMM"."REL_MOD_REF_OBJ_NAME_AGG"[LOB,4000], "REQ_SUMM"."REL_OBJECTIVE_OBJ_NAME_AGG"[LOB,4000], 
       "REQ_SUMM"."REL_ORGANIZATION_NAMES"[LOB,4000], "REQ_SUMM"."REL_PROCESS_OBJ_NAME_AGG"[LOB,4000], 
       "REQ_SUMM"."REL_PRODUCT_NAME_AGG"[LOB,4000], "REQ_SUMM"."REL_REFRENCES_OBJ_NAME_AGG"[LOB,4000], 
       "REQ_SUMM"."REL_RISK_OBJ_NAME_AGG"[LOB,4000], "REQ_SUMM"."REL_STANDARD_OBJ_NAME_AGG"[LOB,4000]
  57 - "REQ_SUMM".ROWID[ROWID,10], "REQ_SUMM"."OBJECT_ID"[VARCHAR2,1600]
										</code></pre>
								</section>
						</div>
					</div>

				<!-- Sidebar -->
				<div id="sidebar">
					<div class="inner">
						<!-- Menu -->
						<nav id="menu">
							<header class="major">
								<h2>Menu</h2>
							</header>
							<ul>
								<li><a href="../index.html">Module List</a></li>
								<li><a href="index.html">Summary</a></li>
								<li>
									<span class="opener">DB Analysis</span>
									<ul>
										<li><a href="bad-sql.html">Bad SQL</a></li>
										<li><a href="poor-sql.html">Poor SQL Plan</a></li>
										<li><a href="invalid-sql.html">Invalid SQL</a></li>
										<li><a href="full-sql.html">Full SQL Report</a></li>
										<li><a href="table-nil-key.html">Primary/Unique Key Miss</a></li>
										<li><a href="invalid-db-object.html">Invalid DB Objects</a></li>
										<li><a href="sequence-with-less-cache.html">Sequence</a></li>
										<li><a href="table-index-lob-size.html">Table Size</a></li>
										<li><a href="table-row-count.html">Table Row Count</a></li>
									</ul>
								</li>
								<li>
								    <span class="opener">LOB</span>
								    <ul>
								        <li><a href="lob-no-cache.html">LOB - No Cache</a></li>
								        <li><a href="lob-columns.html">LOB - All Columns</a></li>
								    </ul>
								</li>
								<li>
									<span class="opener">Infolets</span>
									<ul>
										<li><a href="keep-history-infolets.html">Keep History Infolets</a></li>
										<li><a href="plsql-context-switch.html">SQL-PL/SQL Context Switch</a></li>
									</ul>
								</li>
								<li>
									<span class="opener">Pushforms</span>
									<ul>
										<li><a href="pushform-denormalize.html">Pushform Denormalized</a></li>
									</ul>
								</li>
								<li>
									<span class="opener">PL/SQL</span>
									<ul>
										<li><a href="plsql-dyn-qry-objs.html">Dynamic Query</a></li>
									</ul>
								</li>
							</ul>
						</nav>

						<!-- Section -->
						<section>
							<header class="major">
								<h2>Get in touch</h2>
							</header>
							<p>You need more details on the report or want more functionality, don't hesitate to reach out to us.</p>
							<ul class="contact">
								<li class="fa-envelope-o"><a href="mailto:apps-rnd-arch-team@metricstream.com?Subject=Reg - Code Analysis Tool" target="_top">apps-rnd-arch-team@metricstream.com</a></li>
							</ul>
						</section>

						<!-- Footer -->
						<footer id="footer">
							<p class="copyright">&copy; <a href="http://www.metricstream.com" target="_blank">MetricStream</a>. All rights reserved. </p>
						</footer>
					</div>
				</div>
			</div>

		<!-- Scripts -->
			<script src="../../lib/assets/js/jquery.min.js"></script>
			<script src="../../lib/assets/js/skel.min.js"></script>
			<script src="../../lib/assets/js/util.js"></script>
			<!--[if lte IE 8]><script src="../../lib/assets/js/ie/respond.min.js"></script><![endif]-->
			<script src="../../lib/assets/js/main.js"></script>
	</body>
</html>