<!DOCTYPE HTML>
<html>
	<head>
		<title>Code Analysis - MetricStream</title>
		<meta charset="utf-8" />
		<meta name="viewport" content="width=device-width, initial-scale=1, user-scalable=no" />
		<!--[if lte IE 8]><script src="../../lib/assets/js/ie/html5shiv.js"></script><![endif]-->
		<link rel="stylesheet" href="../../lib/assets/css/main.css" />
		<!--[if lte IE 9]><link rel="stylesheet" href="../../lib/assets/css/ie9.css" /><![endif]-->
		<!--[if lte IE 8]><link rel="stylesheet" href="../../lib/assets/css/ie8.css" /><![endif]-->
	</head>
	<body>

		<!-- Wrapper -->
			<div id="wrapper">

				<!-- Main -->
					<div id="main">
						<div class="inner">
							<!-- Header -->
								<header id="header">
									<a href="index.html" class="logo"><strong>Static Code Analysis Report</strong> by Code Analyzer Tool</a>
								</header>

							<!-- Content -->
								<section>
									<!-- Content -->
										<header class="major"><h2>Infolet Details</h2></header>
										<div class="table-wrapper">
											<table>
												<tbody>
													<tr>
														<th>Name</th>
														<td>MS_GRC_OBJECTIVE_PARENT_dbf (100961)</td>
													</tr>
													<tr>
														<th>SQL</th>
														<td><pre><code>SELECT Object_id, object_name
FROM MS_GRC_OBJECTIVES
,si_locales c,
si_users_t d where 
c.locale_string = d.locale
AND d.user_name = :1
and objective_type IN
  (SELECT DISTINCT '1'
  FROM SI_USER_ORG_ACT_VIEW
  WHERE USER_NAME    =:1
  AND ACTIVITY_NAME IN ('GRC - View Business Objectives','GRC - Edit Business Objectives')
  UNION ALL
  SELECT DISTINCT '2'
  FROM SI_USER_ORG_ACT_VIEW
  WHERE USER_NAME    =:1
  AND ACTIVITY_NAME IN ('GRC - View Control Objectives','GRC - Edit Control Objectives')
  UNION ALL
  SELECT DISTINCT '3'
  FROM SI_USER_ORG_ACT_VIEW
  WHERE USER_NAME    =:1
  AND ACTIVITY_NAME IN ('GRC - View Process Objectives','GRC - Edit Process Objectives')
  )
 order by upper(object_name)</code></pre></td>
													</tr>
													<tr>
														<th>Description</th>
														<td>This infolet is used to fetch Objectives from the system</td>
													</tr>
												</tbody>
											</table>
										</div>

										<h2 align="center" id="content">Analysis Report</h2>
										<hr>

<header class="major"><h2>Plan hash value: 227155873</h2></header><pre><code>
 
-----------------------------------------------------------------------------------------------------------------------------------
| Id  | Operation                                        | Name                           | Rows  | Bytes | Cost (%CPU)| Time     |
-----------------------------------------------------------------------------------------------------------------------------------
|   0 | SELECT STATEMENT                                 |                                |     9 |  1035 |   104   (4)| 00:00:02 |
|   1 |  SORT ORDER BY                                   |                                |     9 |  1035 |   104   (4)| 00:00:02 |
|*  2 |   HASH JOIN                                      |                                |     9 |  1035 |   103   (3)| 00:00:02 |
<font style="background-color: lightblue; color: red">|   3 |    MERGE JOIN CARTESIAN                          |                                |     3 |    87 |   100   (3)| 00:00:02 |</font>
|   4 |     NESTED LOOPS                                 |                                |     1 |    26 |     4   (0)| 00:00:01 |
|   5 |      TABLE ACCESS BY INDEX ROWID                 | SI_USERS_T                     |     1 |    19 |     1   (0)| 00:00:01 |
|*  6 |       INDEX UNIQUE SCAN                          | USER_NAME_UK                   |     1 |       |     1   (0)| 00:00:01 |
<font style="background-color: lightblue; color: red">|*  7 |      TABLE ACCESS FULL                           | SI_LOCALES                     |     1 |     7 |     3   (0)| 00:00:01 |</font>
|   8 |     BUFFER SORT                                  |                                |     3 |     9 |    97   (4)| 00:00:02 |
|   9 |      VIEW                                        | VW_NSO_1                       |     3 |     9 |    96   (4)| 00:00:02 |
|  10 |       SORT UNIQUE                                |                                |     3 |  1422 |    96   (4)| 00:00:02 |
|  11 |        UNION-ALL                                 |                                |       |       |            |          |
|  12 |         SORT UNIQUE                              |                                |     1 |   219 |    32   (4)| 00:00:01 |
|* 13 |          HASH JOIN                               |                                |     1 |   219 |    31   (0)| 00:00:01 |
|  14 |           NESTED LOOPS OUTER                     |                                |     1 |   206 |    25   (0)| 00:00:01 |
|* 15 |            HASH JOIN                             |                                |     1 |   199 |    24   (0)| 00:00:01 |
|  16 |             NESTED LOOPS OUTER                   |                                |     1 |   191 |    20   (0)| 00:00:01 |
|* 17 |              HASH JOIN                           |                                |     1 |   182 |    19   (0)| 00:00:01 |
|  18 |               NESTED LOOPS                       |                                |     1 |   174 |     9   (0)| 00:00:01 |
|  19 |                NESTED LOOPS                      |                                |     1 |   164 |     8   (0)| 00:00:01 |
|  20 |                 NESTED LOOPS                     |                                |     1 |   158 |     7   (0)| 00:00:01 |
|  21 |                  NESTED LOOPS                    |                                |     1 |   143 |     6   (0)| 00:00:01 |
<font style="background-color: lightblue; color: red">|  22 |                   MERGE JOIN CARTESIAN           |                                |     1 |   133 |     5   (0)| 00:00:01 |</font>
|  23 |                    NESTED LOOPS                  |                                |     1 |   101 |     4   (0)| 00:00:01 |
|  24 |                     NESTED LOOPS                 |                                |     1 |    88 |     3   (0)| 00:00:01 |
|  25 |                      NESTED LOOPS                |                                |     1 |    56 |     2   (0)| 00:00:01 |
|* 26 |                       TABLE ACCESS BY INDEX ROWID| SI_USERS_T                     |     1 |    22 |     1   (0)| 00:00:01 |
|* 27 |                        INDEX UNIQUE SCAN         | USER_NAME_UK                   |     1 |       |     1   (0)| 00:00:01 |
|  28 |                       TABLE ACCESS BY INDEX ROWID| MS_QS_PARAMETER_NAMES          |     1 |    34 |     1   (0)| 00:00:01 |
|* 29 |                        INDEX RANGE SCAN          | MS_QS_PARAMETER_NAMES_N2       |     1 |       |     1   (0)| 00:00:01 |
|* 30 |                      INDEX RANGE SCAN            | MS_QS_PARAMETERTYPE_TYPEID_IDX |     1 |    32 |     1   (0)| 00:00:01 |
|* 31 |                     INDEX RANGE SCAN             | MS_QS_PARAMETER_VALUES_IDX     |     1 |    13 |     1   (0)| 00:00:01 |
|  32 |                    BUFFER SORT                   |                                |     2 |    64 |     4   (0)| 00:00:01 |
|  33 |                     INLIST ITERATOR              |                                |       |       |            |          |
|  34 |                      TABLE ACCESS BY INDEX ROWID | SI_ACTIVITIES_T                |     2 |    64 |     1   (0)| 00:00:01 |
|* 35 |                       INDEX RANGE SCAN           | SI_ACTIVITIES_N2               |     2 |       |     1   (0)| 00:00:01 |
|* 36 |                   INDEX RANGE SCAN               | ROLE_ACTIVITY_UQ               |     6 |    60 |     1   (0)| 00:00:01 |
|  37 |                  TABLE ACCESS BY INDEX ROWID     | SI_ORG_ROLES                   |     2 |    30 |     1   (0)| 00:00:01 |
|* 38 |                   INDEX RANGE SCAN               | SI_ORG_ROLES_N2                |     2 |       |     1   (0)| 00:00:01 |
|* 39 |                 TABLE ACCESS BY INDEX ROWID      | SI_ORG_ENTITIES_T              |     1 |     6 |     1   (0)| 00:00:01 |
|* 40 |                  INDEX RANGE SCAN                | SI_ORG_ENTITIES_N5             |     1 |       |     1   (0)| 00:00:01 |
|* 41 |                INDEX RANGE SCAN                  | SI_USER_ORG_ROLES_N2           |     1 |    10 |     1   (0)| 00:00:01 |
|  42 |               VIEW                               | SI_ROLES                       |   446 |  3568 |    10   (0)| 00:00:01 |
|* 43 |                HASH JOIN                         |                                |   446 | 15164 |    10   (0)| 00:00:01 |
|  44 |                 NESTED LOOPS OUTER               |                                |   115 |  2415 |     4   (0)| 00:00:01 |
<font style="background-color: lightblue; color: red">|  45 |                  TABLE ACCESS FULL               | SI_ROLES_T                     |   115 |  1380 |     3   (0)| 00:00:01 |</font>
|* 46 |                  INDEX RANGE SCAN                | SI_ROLES_TL_N2                 |     1 |     9 |     1   (0)| 00:00:01 |
|  47 |                 VIEW                             | SI_REGISTER_APPLICATION_V      |    66 |   858 |     6   (0)| 00:00:01 |
|  48 |                  UNION-ALL                       |                                |       |       |            |          |
|  49 |                   NESTED LOOPS OUTER             |                                |    65 |  2145 |     4   (0)| 00:00:01 |
<font style="background-color: lightblue; color: red">|  50 |                    TABLE ACCESS FULL             | SI_REGISTER_APPLICATION        |    65 |   455 |     3   (0)| 00:00:01 |</font>
|* 51 |                    INDEX RANGE SCAN              | SI_REGISTER_APPLICATION_TL_N1  |     1 |    26 |     1   (0)| 00:00:01 |
|  52 |                   FAST DUAL                      |                                |     1 |       |     2   (0)| 00:00:01 |
|* 53 |              INDEX RANGE SCAN                    | SI_ROLES_TL_N2                 |     1 |     9 |     1   (0)| 00:00:01 |
|  54 |             VIEW                                 | SI_ORG_ENTITIES                |   113 |   904 |     4   (0)| 00:00:01 |
|  55 |              NESTED LOOPS OUTER                  |                                |   113 |  1695 |     4   (0)| 00:00:01 |
<font style="background-color: lightblue; color: red">|  56 |               TABLE ACCESS FULL                  | SI_ORG_ENTITIES_T              |   113 |   904 |     3   (0)| 00:00:01 |</font>
|* 57 |               INDEX RANGE SCAN                   | SI_ORG_ENTITIES_TL_IDX         |     1 |     7 |     1   (0)| 00:00:01 |
|* 58 |            INDEX RANGE SCAN                      | SI_ORG_ENTITIES_TL_IDX         |     1 |     7 |     1   (0)| 00:00:01 |
|  59 |           VIEW                                   | SI_REGISTER_APPLICATION_V      |    66 |   858 |     6   (0)| 00:00:01 |
|  60 |            UNION-ALL                             |                                |       |       |            |          |
|  61 |             NESTED LOOPS OUTER                   |                                |    65 |  2145 |     4   (0)| 00:00:01 |
<font style="background-color: lightblue; color: red">|  62 |              TABLE ACCESS FULL                   | SI_REGISTER_APPLICATION        |    65 |   455 |     3   (0)| 00:00:01 |</font>
|* 63 |              INDEX RANGE SCAN                    | SI_REGISTER_APPLICATION_TL_N1  |     1 |    26 |     1   (0)| 00:00:01 |
|  64 |             FAST DUAL                            |                                |     1 |       |     2   (0)| 00:00:01 |
|  65 |         SORT UNIQUE                              |                                |     1 |   219 |    32   (4)| 00:00:01 |
|* 66 |          HASH JOIN                               |                                |     1 |   219 |    31   (0)| 00:00:01 |
|  67 |           NESTED LOOPS OUTER                     |                                |     1 |   206 |    25   (0)| 00:00:01 |
|* 68 |            HASH JOIN                             |                                |     1 |   199 |    24   (0)| 00:00:01 |
|  69 |             NESTED LOOPS OUTER                   |                                |     1 |   191 |    20   (0)| 00:00:01 |
|* 70 |              HASH JOIN                           |                                |     1 |   182 |    19   (0)| 00:00:01 |
|  71 |               NESTED LOOPS                       |                                |     1 |   174 |     9   (0)| 00:00:01 |
|  72 |                NESTED LOOPS                      |                                |     1 |   164 |     8   (0)| 00:00:01 |
|  73 |                 NESTED LOOPS                     |                                |     1 |   158 |     7   (0)| 00:00:01 |
|  74 |                  NESTED LOOPS                    |                                |     1 |   143 |     6   (0)| 00:00:01 |
<font style="background-color: lightblue; color: red">|  75 |                   MERGE JOIN CARTESIAN           |                                |     1 |   133 |     5   (0)| 00:00:01 |</font>
|  76 |                    NESTED LOOPS                  |                                |     1 |   101 |     4   (0)| 00:00:01 |
|  77 |                     NESTED LOOPS                 |                                |     1 |    88 |     3   (0)| 00:00:01 |
|  78 |                      NESTED LOOPS                |                                |     1 |    56 |     2   (0)| 00:00:01 |
|* 79 |                       TABLE ACCESS BY INDEX ROWID| SI_USERS_T                     |     1 |    22 |     1   (0)| 00:00:01 |
|* 80 |                        INDEX UNIQUE SCAN         | USER_NAME_UK                   |     1 |       |     1   (0)| 00:00:01 |
|  81 |                       TABLE ACCESS BY INDEX ROWID| MS_QS_PARAMETER_NAMES          |     1 |    34 |     1   (0)| 00:00:01 |
|* 82 |                        INDEX RANGE SCAN          | MS_QS_PARAMETER_NAMES_N2       |     1 |       |     1   (0)| 00:00:01 |
|* 83 |                      INDEX RANGE SCAN            | MS_QS_PARAMETERTYPE_TYPEID_IDX |     1 |    32 |     1   (0)| 00:00:01 |
|* 84 |                     INDEX RANGE SCAN             | MS_QS_PARAMETER_VALUES_IDX     |     1 |    13 |     1   (0)| 00:00:01 |
|  85 |                    BUFFER SORT                   |                                |     2 |    64 |     4   (0)| 00:00:01 |
|  86 |                     INLIST ITERATOR              |                                |       |       |            |          |
|  87 |                      TABLE ACCESS BY INDEX ROWID | SI_ACTIVITIES_T                |     2 |    64 |     1   (0)| 00:00:01 |
|* 88 |                       INDEX RANGE SCAN           | SI_ACTIVITIES_N2               |     2 |       |     1   (0)| 00:00:01 |
|* 89 |                   INDEX RANGE SCAN               | ROLE_ACTIVITY_UQ               |     6 |    60 |     1   (0)| 00:00:01 |
|  90 |                  TABLE ACCESS BY INDEX ROWID     | SI_ORG_ROLES                   |     2 |    30 |     1   (0)| 00:00:01 |
|* 91 |                   INDEX RANGE SCAN               | SI_ORG_ROLES_N2                |     2 |       |     1   (0)| 00:00:01 |
|* 92 |                 TABLE ACCESS BY INDEX ROWID      | SI_ORG_ENTITIES_T              |     1 |     6 |     1   (0)| 00:00:01 |
|* 93 |                  INDEX RANGE SCAN                | SI_ORG_ENTITIES_N5             |     1 |       |     1   (0)| 00:00:01 |
|* 94 |                INDEX RANGE SCAN                  | SI_USER_ORG_ROLES_N2           |     1 |    10 |     1   (0)| 00:00:01 |
|  95 |               VIEW                               | SI_ROLES                       |   446 |  3568 |    10   (0)| 00:00:01 |
|* 96 |                HASH JOIN                         |                                |   446 | 15164 |    10   (0)| 00:00:01 |
|  97 |                 NESTED LOOPS OUTER               |                                |   115 |  2415 |     4   (0)| 00:00:01 |
<font style="background-color: lightblue; color: red">|  98 |                  TABLE ACCESS FULL               | SI_ROLES_T                     |   115 |  1380 |     3   (0)| 00:00:01 |</font>
|* 99 |                  INDEX RANGE SCAN                | SI_ROLES_TL_N2                 |     1 |     9 |     1   (0)| 00:00:01 |
| 100 |                 VIEW                             | SI_REGISTER_APPLICATION_V      |    66 |   858 |     6   (0)| 00:00:01 |
| 101 |                  UNION-ALL                       |                                |       |       |            |          |
| 102 |                   NESTED LOOPS OUTER             |                                |    65 |  2145 |     4   (0)| 00:00:01 |
<font style="background-color: lightblue; color: red">| 103 |                    TABLE ACCESS FULL             | SI_REGISTER_APPLICATION        |    65 |   455 |     3   (0)| 00:00:01 |</font>
|*104 |                    INDEX RANGE SCAN              | SI_REGISTER_APPLICATION_TL_N1  |     1 |    26 |     1   (0)| 00:00:01 |
| 105 |                   FAST DUAL                      |                                |     1 |       |     2   (0)| 00:00:01 |
|*106 |              INDEX RANGE SCAN                    | SI_ROLES_TL_N2                 |     1 |     9 |     1   (0)| 00:00:01 |
| 107 |             VIEW                                 | SI_ORG_ENTITIES                |   113 |   904 |     4   (0)| 00:00:01 |
| 108 |              NESTED LOOPS OUTER                  |                                |   113 |  1695 |     4   (0)| 00:00:01 |
<font style="background-color: lightblue; color: red">| 109 |               TABLE ACCESS FULL                  | SI_ORG_ENTITIES_T              |   113 |   904 |     3   (0)| 00:00:01 |</font>
|*110 |               INDEX RANGE SCAN                   | SI_ORG_ENTITIES_TL_IDX         |     1 |     7 |     1   (0)| 00:00:01 |
|*111 |            INDEX RANGE SCAN                      | SI_ORG_ENTITIES_TL_IDX         |     1 |     7 |     1   (0)| 00:00:01 |
| 112 |           VIEW                                   | SI_REGISTER_APPLICATION_V      |    66 |   858 |     6   (0)| 00:00:01 |
| 113 |            UNION-ALL                             |                                |       |       |            |          |
| 114 |             NESTED LOOPS OUTER                   |                                |    65 |  2145 |     4   (0)| 00:00:01 |
<font style="background-color: lightblue; color: red">| 115 |              TABLE ACCESS FULL                   | SI_REGISTER_APPLICATION        |    65 |   455 |     3   (0)| 00:00:01 |</font>
|*116 |              INDEX RANGE SCAN                    | SI_REGISTER_APPLICATION_TL_N1  |     1 |    26 |     1   (0)| 00:00:01 |
| 117 |             FAST DUAL                            |                                |     1 |       |     2   (0)| 00:00:01 |
| 118 |         SORT UNIQUE                              |                                |     1 |   219 |    32   (4)| 00:00:01 |
|*119 |          HASH JOIN                               |                                |     1 |   219 |    31   (0)| 00:00:01 |
| 120 |           NESTED LOOPS OUTER                     |                                |     1 |   206 |    25   (0)| 00:00:01 |
|*121 |            HASH JOIN                             |                                |     1 |   199 |    24   (0)| 00:00:01 |
| 122 |             NESTED LOOPS OUTER                   |                                |     1 |   191 |    20   (0)| 00:00:01 |
|*123 |              HASH JOIN                           |                                |     1 |   182 |    19   (0)| 00:00:01 |
| 124 |               NESTED LOOPS                       |                                |     1 |   174 |     9   (0)| 00:00:01 |
| 125 |                NESTED LOOPS                      |                                |     1 |   164 |     8   (0)| 00:00:01 |
| 126 |                 NESTED LOOPS                     |                                |     1 |   158 |     7   (0)| 00:00:01 |
| 127 |                  NESTED LOOPS                    |                                |     1 |   143 |     6   (0)| 00:00:01 |
<font style="background-color: lightblue; color: red">| 128 |                   MERGE JOIN CARTESIAN           |                                |     1 |   133 |     5   (0)| 00:00:01 |</font>
| 129 |                    NESTED LOOPS                  |                                |     1 |   101 |     4   (0)| 00:00:01 |
| 130 |                     NESTED LOOPS                 |                                |     1 |    88 |     3   (0)| 00:00:01 |
| 131 |                      NESTED LOOPS                |                                |     1 |    56 |     2   (0)| 00:00:01 |
|*132 |                       TABLE ACCESS BY INDEX ROWID| SI_USERS_T                     |     1 |    22 |     1   (0)| 00:00:01 |
|*133 |                        INDEX UNIQUE SCAN         | USER_NAME_UK                   |     1 |       |     1   (0)| 00:00:01 |
| 134 |                       TABLE ACCESS BY INDEX ROWID| MS_QS_PARAMETER_NAMES          |     1 |    34 |     1   (0)| 00:00:01 |
|*135 |                        INDEX RANGE SCAN          | MS_QS_PARAMETER_NAMES_N2       |     1 |       |     1   (0)| 00:00:01 |
|*136 |                      INDEX RANGE SCAN            | MS_QS_PARAMETERTYPE_TYPEID_IDX |     1 |    32 |     1   (0)| 00:00:01 |
|*137 |                     INDEX RANGE SCAN             | MS_QS_PARAMETER_VALUES_IDX     |     1 |    13 |     1   (0)| 00:00:01 |
| 138 |                    BUFFER SORT                   |                                |     2 |    64 |     4   (0)| 00:00:01 |
| 139 |                     INLIST ITERATOR              |                                |       |       |            |          |
| 140 |                      TABLE ACCESS BY INDEX ROWID | SI_ACTIVITIES_T                |     2 |    64 |     1   (0)| 00:00:01 |
|*141 |                       INDEX RANGE SCAN           | SI_ACTIVITIES_N2               |     2 |       |     1   (0)| 00:00:01 |
|*142 |                   INDEX RANGE SCAN               | ROLE_ACTIVITY_UQ               |     6 |    60 |     1   (0)| 00:00:01 |
| 143 |                  TABLE ACCESS BY INDEX ROWID     | SI_ORG_ROLES                   |     2 |    30 |     1   (0)| 00:00:01 |
|*144 |                   INDEX RANGE SCAN               | SI_ORG_ROLES_N2                |     2 |       |     1   (0)| 00:00:01 |
|*145 |                 TABLE ACCESS BY INDEX ROWID      | SI_ORG_ENTITIES_T              |     1 |     6 |     1   (0)| 00:00:01 |
|*146 |                  INDEX RANGE SCAN                | SI_ORG_ENTITIES_N5             |     1 |       |     1   (0)| 00:00:01 |
|*147 |                INDEX RANGE SCAN                  | SI_USER_ORG_ROLES_N2           |     1 |    10 |     1   (0)| 00:00:01 |
| 148 |               VIEW                               | SI_ROLES                       |   446 |  3568 |    10   (0)| 00:00:01 |
|*149 |                HASH JOIN                         |                                |   446 | 15164 |    10   (0)| 00:00:01 |
| 150 |                 NESTED LOOPS OUTER               |                                |   115 |  2415 |     4   (0)| 00:00:01 |
<font style="background-color: lightblue; color: red">| 151 |                  TABLE ACCESS FULL               | SI_ROLES_T                     |   115 |  1380 |     3   (0)| 00:00:01 |</font>
|*152 |                  INDEX RANGE SCAN                | SI_ROLES_TL_N2                 |     1 |     9 |     1   (0)| 00:00:01 |
| 153 |                 VIEW                             | SI_REGISTER_APPLICATION_V      |    66 |   858 |     6   (0)| 00:00:01 |
| 154 |                  UNION-ALL                       |                                |       |       |            |          |
| 155 |                   NESTED LOOPS OUTER             |                                |    65 |  2145 |     4   (0)| 00:00:01 |
<font style="background-color: lightblue; color: red">| 156 |                    TABLE ACCESS FULL             | SI_REGISTER_APPLICATION        |    65 |   455 |     3   (0)| 00:00:01 |</font>
|*157 |                    INDEX RANGE SCAN              | SI_REGISTER_APPLICATION_TL_N1  |     1 |    26 |     1   (0)| 00:00:01 |
| 158 |                   FAST DUAL                      |                                |     1 |       |     2   (0)| 00:00:01 |
|*159 |              INDEX RANGE SCAN                    | SI_ROLES_TL_N2                 |     1 |     9 |     1   (0)| 00:00:01 |
| 160 |             VIEW                                 | SI_ORG_ENTITIES                |   113 |   904 |     4   (0)| 00:00:01 |
| 161 |              NESTED LOOPS OUTER                  |                                |   113 |  1695 |     4   (0)| 00:00:01 |
<font style="background-color: lightblue; color: red">| 162 |               TABLE ACCESS FULL                  | SI_ORG_ENTITIES_T              |   113 |   904 |     3   (0)| 00:00:01 |</font>
|*163 |               INDEX RANGE SCAN                   | SI_ORG_ENTITIES_TL_IDX         |     1 |     7 |     1   (0)| 00:00:01 |
|*164 |            INDEX RANGE SCAN                      | SI_ORG_ENTITIES_TL_IDX         |     1 |     7 |     1   (0)| 00:00:01 |
| 165 |           VIEW                                   | SI_REGISTER_APPLICATION_V      |    66 |   858 |     6   (0)| 00:00:01 |
| 166 |            UNION-ALL                             |                                |       |       |            |          |
| 167 |             NESTED LOOPS OUTER                   |                                |    65 |  2145 |     4   (0)| 00:00:01 |
<font style="background-color: lightblue; color: red">| 168 |              TABLE ACCESS FULL                   | SI_REGISTER_APPLICATION        |    65 |   455 |     3   (0)| 00:00:01 |</font>
|*169 |              INDEX RANGE SCAN                    | SI_REGISTER_APPLICATION_TL_N1  |     1 |    26 |     1   (0)| 00:00:01 |
| 170 |             FAST DUAL                            |                                |     1 |       |     2   (0)| 00:00:01 |
<font style="background-color: lightblue; color: red">| 171 |    TABLE ACCESS FULL                             | MS_GRC_OBJECTIVES              |     6 |   516 |     3   (0)| 00:00:01 |</font>
-----------------------------------------------------------------------------------------------------------------------------------
 
</code></pre><header class="major"><h2>Query Block Name / Object Alias (identified by operation id):</h2></header><pre><code>
 
   1 - SEL$940CEDA2
   5 - SEL$940CEDA2 / D@SEL$1
   6 - SEL$940CEDA2 / D@SEL$1
   7 - SEL$940CEDA2 / C@SEL$1
   9 - SET$FCA7A018 / VW_NSO_1@SEL$940CEDA2
  10 - SET$FCA7A018
  12 - SEL$CE5E12B5
  26 - SEL$CE5E12B5 / USERS@SEL$3
  27 - SEL$CE5E12B5 / USERS@SEL$3
  28 - SEL$CE5E12B5 / PNAME@SEL$3
  29 - SEL$CE5E12B5 / PNAME@SEL$3
  30 - SEL$CE5E12B5 / PTYPE@SEL$3
  31 - SEL$CE5E12B5 / PVALUE@SEL$3
  34 - SEL$CE5E12B5 / ACT@SEL$3
  35 - SEL$CE5E12B5 / ACT@SEL$3
  36 - SEL$CE5E12B5 / ROLE_ACT@SEL$3
  37 - SEL$CE5E12B5 / A@SEL$4
  38 - SEL$CE5E12B5 / A@SEL$4
  39 - SEL$CE5E12B5 / ORGS@SEL$3
  40 - SEL$CE5E12B5 / ORGS@SEL$3
  41 - SEL$CE5E12B5 / D@SEL$4
  42 - SEL$29F99543 / C@SEL$4
  43 - SEL$29F99543
  45 - SEL$29F99543 / T@SEL$16
  46 - SEL$29F99543 / TL@SEL$16
  47 - SET$3        / SRA@SEL$15
  48 - SET$3       
  49 - SEL$17      
  50 - SEL$17       / T@SEL$17
  51 - SEL$17       / TL@SEL$17
  52 - SEL$20       / DUAL@SEL$20
  53 - SEL$CE5E12B5 / CL@SEL$4
  54 - SEL$14       / B@SEL$4
  55 - SEL$14      
  56 - SEL$14       / T@SEL$14
  57 - SEL$14       / TL@SEL$14
  58 - SEL$CE5E12B5 / BL@SEL$4
  59 - SET$2        / SRA@SEL$5
  60 - SET$2       
  61 - SEL$6       
  62 - SEL$6        / T@SEL$6
  63 - SEL$6        / TL@SEL$6
  64 - SEL$9        / DUAL@SEL$9
  65 - SEL$727E26E1
  79 - SEL$727E26E1 / USERS@SEL$26
  80 - SEL$727E26E1 / USERS@SEL$26
  81 - SEL$727E26E1 / PNAME@SEL$26
  82 - SEL$727E26E1 / PNAME@SEL$26
  83 - SEL$727E26E1 / PTYPE@SEL$26
  84 - SEL$727E26E1 / PVALUE@SEL$26
  87 - SEL$727E26E1 / ACT@SEL$26
  88 - SEL$727E26E1 / ACT@SEL$26
  89 - SEL$727E26E1 / ROLE_ACT@SEL$26
  90 - SEL$727E26E1 / A@SEL$27
  91 - SEL$727E26E1 / A@SEL$27
  92 - SEL$727E26E1 / ORGS@SEL$26
  93 - SEL$727E26E1 / ORGS@SEL$26
  94 - SEL$727E26E1 / D@SEL$27
  95 - SEL$A6FE72D9 / C@SEL$27
  96 - SEL$A6FE72D9
  98 - SEL$A6FE72D9 / T@SEL$39
  99 - SEL$A6FE72D9 / TL@SEL$39
 100 - SET$5        / SRA@SEL$38
 101 - SET$5       
 102 - SEL$40      
 103 - SEL$40       / T@SEL$40
 104 - SEL$40       / TL@SEL$40
 105 - SEL$43       / DUAL@SEL$43
 106 - SEL$727E26E1 / CL@SEL$27
 107 - SEL$37       / B@SEL$27
 108 - SEL$37      
 109 - SEL$37       / T@SEL$37
 110 - SEL$37       / TL@SEL$37
 111 - SEL$727E26E1 / BL@SEL$27
 112 - SET$4        / SRA@SEL$28
 113 - SET$4       
 114 - SEL$29      
 115 - SEL$29       / T@SEL$29
 116 - SEL$29       / TL@SEL$29
 117 - SEL$32       / DUAL@SEL$32
 118 - SEL$362A5F9B
 132 - SEL$362A5F9B / USERS@SEL$49
 133 - SEL$362A5F9B / USERS@SEL$49
 134 - SEL$362A5F9B / PNAME@SEL$49
 135 - SEL$362A5F9B / PNAME@SEL$49
 136 - SEL$362A5F9B / PTYPE@SEL$49
 137 - SEL$362A5F9B / PVALUE@SEL$49
 140 - SEL$362A5F9B / ACT@SEL$49
 141 - SEL$362A5F9B / ACT@SEL$49
 142 - SEL$362A5F9B / ROLE_ACT@SEL$49
 143 - SEL$362A5F9B / A@SEL$50
 144 - SEL$362A5F9B / A@SEL$50
 145 - SEL$362A5F9B / ORGS@SEL$49
 146 - SEL$362A5F9B / ORGS@SEL$49
 147 - SEL$362A5F9B / D@SEL$50
 148 - SEL$FC4B9698 / C@SEL$50
 149 - SEL$FC4B9698
 151 - SEL$FC4B9698 / T@SEL$62
 152 - SEL$FC4B9698 / TL@SEL$62
 153 - SET$7        / SRA@SEL$61
 154 - SET$7       
 155 - SEL$63      
 156 - SEL$63       / T@SEL$63
 157 - SEL$63       / TL@SEL$63
 158 - SEL$66       / DUAL@SEL$66
 159 - SEL$362A5F9B / CL@SEL$50
 160 - SEL$60       / B@SEL$50
 161 - SEL$60      
 162 - SEL$60       / T@SEL$60
 163 - SEL$60       / TL@SEL$60
 164 - SEL$362A5F9B / BL@SEL$50
 165 - SET$6        / SRA@SEL$51
 166 - SET$6       
 167 - SEL$52      
 168 - SEL$52       / T@SEL$52
 169 - SEL$52       / TL@SEL$52
 170 - SEL$55       / DUAL@SEL$55
 171 - SEL$940CEDA2 / MS_GRC_OBJECTIVES@SEL$1
 
</code></pre><header class="major"><h2>Predicate Information (identified by operation id):</h2></header><pre><code>
 
   2 - access("OBJECTIVE_TYPE"="'1'")
   6 - access("D"."USER_NAME"=:1)
   7 - filter("C"."LOCALE_STRING"="D"."LOCALE")
  13 - access(NVL("PACKAGE_ID",0)=NVL("SRA"."PACKAGE_ID",0))
  15 - access("B"."ORG_ENTITY_ID"="A"."ORG_ENTITY_ID" AND "C"."ENTERPRISE_ID"="B"."ENTERPRISE_ID")
  17 - access("C"."ROLE_ID"="A"."ROLE_ID")
  26 - filter(NVL("USERS"."END_DATE",SYSDATE@!)>=SYSDATE@! AND "USERS"."USER_ID" IS NOT NULL)
  27 - access("USERS"."USER_NAME"=:1)
  29 - access(UPPER("PARAMETER_NAME")='DISPLAY_FORMAT')
  30 - access("PTYPE"."PARAMETER_TYPE_ID"="PNAME"."PARAMETER_TYPE_ID" AND UPPER("PARAMETER_TYPE")='MS APPS USER NAME 
              DISPLAY FORMAT')
  31 - access("PTYPE"."PARAMETER_TYPE_ID"="PVALUE"."PARAMETER_TYPE_ID" AND "PNAME"."PARAMETER_ID"="PVALUE"."PARAMETER_ID" 
              AND "PVALUE"."ORG_ENTITY_ID"=1)
  35 - access("ACT"."ACTIVITY_NAME"='GRC - Edit Business Objectives' OR "ACT"."ACTIVITY_NAME"='GRC - View Business 
              Objectives')
  36 - access("ROLE_ACT"."ACTIVITY_ID"="ACT"."ACTIVITY_ID")
  38 - access("ROLE_ACT"."ROLE_ID"="A"."ROLE_ID")
  39 - filter(NVL("ORGS"."END_DATE",SYSDATE@!)>=SYSDATE@!)
  40 - access("ORGS"."ORG_ENTITY_ID"="A"."ORG_ENTITY_ID")
  41 - access("D"."ORG_ROLE_ID"="A"."ORG_ROLE_ID" AND "USERS"."USER_ID"="D"."USER_ID")
  43 - access(NVL("PACKAGE_ID",0)=NVL("SRA"."PACKAGE_ID",0))
  46 - access("T"."ROLE_ID"="TL"."ROLE_ID"(+) AND "TL"."LOCALE_ID"(+)=TO_NUMBER("SI_DB_LOCALE_SV"."GETVALUE"()))
  51 - access("TL"."MODULE_ID"(+)="T"."MODULE_ID" AND "TL"."LOCALE_ID"(+)=TO_NUMBER("SI_DB_LOCALE_SV"."GETVALUE"()))
  53 - access("C"."ROLE_ID"="CL"."ROLE_ID"(+) AND "CL"."LOCALE_ID"(+)=TO_NUMBER("SI_DB_LOCALE_SV"."GETVALUE"()))
  57 - access("T"."ORG_ENTITY_ID"="TL"."ORG_ENTITY_ID"(+) AND 
              "TL"."LOCALE_ID"(+)=TO_NUMBER("SI_DB_LOCALE_SV"."GETVALUE"()))
  58 - access("B"."ORG_ENTITY_ID"="BL"."ORG_ENTITY_ID"(+) AND 
              "BL"."LOCALE_ID"(+)=TO_NUMBER("SI_DB_LOCALE_SV"."GETVALUE"()))
  63 - access("TL"."MODULE_ID"(+)="T"."MODULE_ID" AND "TL"."LOCALE_ID"(+)=TO_NUMBER("SI_DB_LOCALE_SV"."GETVALUE"()))
  66 - access(NVL("PACKAGE_ID",0)=NVL("SRA"."PACKAGE_ID",0))
  68 - access("B"."ORG_ENTITY_ID"="A"."ORG_ENTITY_ID" AND "C"."ENTERPRISE_ID"="B"."ENTERPRISE_ID")
  70 - access("C"."ROLE_ID"="A"."ROLE_ID")
  79 - filter(NVL("USERS"."END_DATE",SYSDATE@!)>=SYSDATE@! AND "USERS"."USER_ID" IS NOT NULL)
  80 - access("USERS"."USER_NAME"=:1)
  82 - access(UPPER("PARAMETER_NAME")='DISPLAY_FORMAT')
  83 - access("PTYPE"."PARAMETER_TYPE_ID"="PNAME"."PARAMETER_TYPE_ID" AND UPPER("PARAMETER_TYPE")='MS APPS USER NAME 
              DISPLAY FORMAT')
  84 - access("PTYPE"."PARAMETER_TYPE_ID"="PVALUE"."PARAMETER_TYPE_ID" AND "PNAME"."PARAMETER_ID"="PVALUE"."PARAMETER_ID" 
              AND "PVALUE"."ORG_ENTITY_ID"=1)
  88 - access("ACT"."ACTIVITY_NAME"='GRC - Edit Control Objectives' OR "ACT"."ACTIVITY_NAME"='GRC - View Control 
              Objectives')
  89 - access("ROLE_ACT"."ACTIVITY_ID"="ACT"."ACTIVITY_ID")
  91 - access("ROLE_ACT"."ROLE_ID"="A"."ROLE_ID")
  92 - filter(NVL("ORGS"."END_DATE",SYSDATE@!)>=SYSDATE@!)
  93 - access("ORGS"."ORG_ENTITY_ID"="A"."ORG_ENTITY_ID")
  94 - access("D"."ORG_ROLE_ID"="A"."ORG_ROLE_ID" AND "USERS"."USER_ID"="D"."USER_ID")
  96 - access(NVL("PACKAGE_ID",0)=NVL("SRA"."PACKAGE_ID",0))
  99 - access("T"."ROLE_ID"="TL"."ROLE_ID"(+) AND "TL"."LOCALE_ID"(+)=TO_NUMBER("SI_DB_LOCALE_SV"."GETVALUE"()))
 104 - access("TL"."MODULE_ID"(+)="T"."MODULE_ID" AND "TL"."LOCALE_ID"(+)=TO_NUMBER("SI_DB_LOCALE_SV"."GETVALUE"()))
 106 - access("C"."ROLE_ID"="CL"."ROLE_ID"(+) AND "CL"."LOCALE_ID"(+)=TO_NUMBER("SI_DB_LOCALE_SV"."GETVALUE"()))
 110 - access("T"."ORG_ENTITY_ID"="TL"."ORG_ENTITY_ID"(+) AND 
              "TL"."LOCALE_ID"(+)=TO_NUMBER("SI_DB_LOCALE_SV"."GETVALUE"()))
 111 - access("B"."ORG_ENTITY_ID"="BL"."ORG_ENTITY_ID"(+) AND 
              "BL"."LOCALE_ID"(+)=TO_NUMBER("SI_DB_LOCALE_SV"."GETVALUE"()))
 116 - access("TL"."MODULE_ID"(+)="T"."MODULE_ID" AND "TL"."LOCALE_ID"(+)=TO_NUMBER("SI_DB_LOCALE_SV"."GETVALUE"()))
 119 - access(NVL("PACKAGE_ID",0)=NVL("SRA"."PACKAGE_ID",0))
 121 - access("B"."ORG_ENTITY_ID"="A"."ORG_ENTITY_ID" AND "C"."ENTERPRISE_ID"="B"."ENTERPRISE_ID")
 123 - access("C"."ROLE_ID"="A"."ROLE_ID")
 132 - filter(NVL("USERS"."END_DATE",SYSDATE@!)>=SYSDATE@! AND "USERS"."USER_ID" IS NOT NULL)
 133 - access("USERS"."USER_NAME"=:1)
 135 - access(UPPER("PARAMETER_NAME")='DISPLAY_FORMAT')
 136 - access("PTYPE"."PARAMETER_TYPE_ID"="PNAME"."PARAMETER_TYPE_ID" AND UPPER("PARAMETER_TYPE")='MS APPS USER NAME 
              DISPLAY FORMAT')
 137 - access("PTYPE"."PARAMETER_TYPE_ID"="PVALUE"."PARAMETER_TYPE_ID" AND "PNAME"."PARAMETER_ID"="PVALUE"."PARAMETER_ID" 
              AND "PVALUE"."ORG_ENTITY_ID"=1)
 141 - access("ACT"."ACTIVITY_NAME"='GRC - Edit Process Objectives' OR "ACT"."ACTIVITY_NAME"='GRC - View Process 
              Objectives')
 142 - access("ROLE_ACT"."ACTIVITY_ID"="ACT"."ACTIVITY_ID")
 144 - access("ROLE_ACT"."ROLE_ID"="A"."ROLE_ID")
 145 - filter(NVL("ORGS"."END_DATE",SYSDATE@!)>=SYSDATE@!)
 146 - access("ORGS"."ORG_ENTITY_ID"="A"."ORG_ENTITY_ID")
 147 - access("D"."ORG_ROLE_ID"="A"."ORG_ROLE_ID" AND "USERS"."USER_ID"="D"."USER_ID")
 149 - access(NVL("PACKAGE_ID",0)=NVL("SRA"."PACKAGE_ID",0))
 152 - access("T"."ROLE_ID"="TL"."ROLE_ID"(+) AND "TL"."LOCALE_ID"(+)=TO_NUMBER("SI_DB_LOCALE_SV"."GETVALUE"()))
 157 - access("TL"."MODULE_ID"(+)="T"."MODULE_ID" AND "TL"."LOCALE_ID"(+)=TO_NUMBER("SI_DB_LOCALE_SV"."GETVALUE"()))
 159 - access("C"."ROLE_ID"="CL"."ROLE_ID"(+) AND "CL"."LOCALE_ID"(+)=TO_NUMBER("SI_DB_LOCALE_SV"."GETVALUE"()))
 163 - access("T"."ORG_ENTITY_ID"="TL"."ORG_ENTITY_ID"(+) AND 
              "TL"."LOCALE_ID"(+)=TO_NUMBER("SI_DB_LOCALE_SV"."GETVALUE"()))
 164 - access("B"."ORG_ENTITY_ID"="BL"."ORG_ENTITY_ID"(+) AND 
              "BL"."LOCALE_ID"(+)=TO_NUMBER("SI_DB_LOCALE_SV"."GETVALUE"()))
 169 - access("TL"."MODULE_ID"(+)="T"."MODULE_ID" AND "TL"."LOCALE_ID"(+)=TO_NUMBER("SI_DB_LOCALE_SV"."GETVALUE"()))
 
</code></pre><header class="major"><h2>Column Projection Information (identified by operation id):</h2></header><pre><code>
 
   1 - (#keys=1) UPPER("OBJECT_NAME")[4000], "OBJECT_ID"[VARCHAR2,400], "OBJECT_NAME"[VARCHAR2,4000]
   2 - (#keys=1) "OBJECT_ID"[VARCHAR2,400], "OBJECT_NAME"[VARCHAR2,4000]
   3 - (#keys=0) "'1'"[CHARACTER,1]
   4 - (#keys=0) 
   5 - "D"."LOCALE"[VARCHAR2,400]
   6 - "D".ROWID[ROWID,10]
   8 - (#keys=0) "'1'"[CHARACTER,1]
   9 - "'1'"[CHARACTER,1]
  10 - (#keys=1) STRDEF[1]
  11 - STRDEF[1]
  12 - (#keys=1) '1'[1]
  13 - (#keys=1) 
  14 - (#keys=0) "PACKAGE_ID"[NUMBER,22]
  15 - (#keys=2) "B"."ORG_ENTITY_ID"[NUMBER,22], "PACKAGE_ID"[NUMBER,22]
  16 - (#keys=0) "PACKAGE_ID"[NUMBER,22], "A"."ORG_ENTITY_ID"[NUMBER,22], "C"."ENTERPRISE_ID"[NUMBER,22]
  17 - (#keys=1) "C"."ROLE_ID"[NUMBER,22], "PACKAGE_ID"[NUMBER,22], "A"."ORG_ENTITY_ID"[NUMBER,22], 
       "C"."ENTERPRISE_ID"[NUMBER,22]
  18 - (#keys=0) "PACKAGE_ID"[NUMBER,22], "A"."ORG_ENTITY_ID"[NUMBER,22], "A"."ROLE_ID"[NUMBER,22]
  19 - (#keys=0) "USERS"."USER_ID"[NUMBER,22], "PACKAGE_ID"[NUMBER,22], "A"."ORG_ROLE_ID"[NUMBER,22], 
       "A"."ORG_ENTITY_ID"[NUMBER,22], "A"."ROLE_ID"[NUMBER,22]
  20 - (#keys=0) "USERS"."USER_ID"[NUMBER,22], "PACKAGE_ID"[NUMBER,22], "A"."ORG_ROLE_ID"[NUMBER,22], 
       "A"."ORG_ENTITY_ID"[NUMBER,22], "A"."ROLE_ID"[NUMBER,22]
  21 - (#keys=0) "USERS"."USER_ID"[NUMBER,22], "PACKAGE_ID"[NUMBER,22], "ROLE_ACT"."ROLE_ID"[NUMBER,22]
  22 - (#keys=0) "USERS"."USER_ID"[NUMBER,22], "PACKAGE_ID"[NUMBER,22], "ACT"."ACTIVITY_ID"[NUMBER,22]
  23 - (#keys=0) "USERS"."USER_ID"[NUMBER,22], "PACKAGE_ID"[NUMBER,22]
  24 - (#keys=0) "USERS"."USER_ID"[NUMBER,22], "PACKAGE_ID"[NUMBER,22], "PNAME"."PARAMETER_ID"[NUMBER,22], 
       "PTYPE"."PARAMETER_TYPE_ID"[NUMBER,22]
  25 - (#keys=0) "USERS"."USER_ID"[NUMBER,22], "PACKAGE_ID"[NUMBER,22], "PNAME"."PARAMETER_ID"[NUMBER,22], 
       "PNAME"."PARAMETER_TYPE_ID"[NUMBER,22]
  26 - "USERS"."USER_ID"[NUMBER,22], "PACKAGE_ID"[NUMBER,22]
  27 - "USERS".ROWID[ROWID,10]
  28 - "PNAME"."PARAMETER_ID"[NUMBER,22], "PNAME"."PARAMETER_TYPE_ID"[NUMBER,22]
  29 - "PNAME".ROWID[ROWID,10], UPPER("PARAMETER_NAME")[VARCHAR2,400]
  30 - "PTYPE"."PARAMETER_TYPE_ID"[NUMBER,22]
  32 - (#keys=0) "ACT"."ACTIVITY_ID"[NUMBER,22]
  33 - "ACT"."ACTIVITY_ID"[NUMBER,22]
  34 - "ACT"."ACTIVITY_ID"[NUMBER,22]
  35 - "ACT".ROWID[ROWID,10]
  36 - "ROLE_ACT"."ROLE_ID"[NUMBER,22]
  37 - "A"."ORG_ROLE_ID"[NUMBER,22], "A"."ORG_ENTITY_ID"[NUMBER,22], "A"."ROLE_ID"[NUMBER,22]
  38 - "A".ROWID[ROWID,10], "A"."ROLE_ID"[NUMBER,22]
  40 - "ORGS".ROWID[ROWID,10]
  42 - "C"."ENTERPRISE_ID"[NUMBER,22], "C"."ROLE_ID"[NUMBER,22]
  43 - (#keys=1) "ENTERPRISE_ID"[NUMBER,22], "T"."ROLE_ID"[NUMBER,22]
  44 - (#keys=0) "ENTERPRISE_ID"[NUMBER,22], "T"."ROLE_ID"[NUMBER,22], "PACKAGE_ID"[NUMBER,22]
  45 - "ENTERPRISE_ID"[NUMBER,22], "T"."ROLE_ID"[NUMBER,22], "PACKAGE_ID"[NUMBER,22]
  47 - "SRA"."PACKAGE_ID"[NUMBER,22]
  48 - STRDEF[22]
  49 - (#keys=0) "T"."MODULE_ID"[NUMBER,22]
  50 - "T"."MODULE_ID"[NUMBER,22]
  54 - "B"."ENTERPRISE_ID"[NUMBER,22], "B"."ORG_ENTITY_ID"[NUMBER,22]
  55 - (#keys=0) "T"."ENTERPRISE_ID"[NUMBER,22], "T"."ORG_ENTITY_ID"[NUMBER,22]
  56 - "T"."ENTERPRISE_ID"[NUMBER,22], "T"."ORG_ENTITY_ID"[NUMBER,22]
  59 - "SRA"."PACKAGE_ID"[NUMBER,22]
  60 - STRDEF[22]
  61 - (#keys=0) "T"."MODULE_ID"[NUMBER,22]
  62 - "T"."MODULE_ID"[NUMBER,22]
  65 - (#keys=1) '2'[1]
  66 - (#keys=1) 
  67 - (#keys=0) "PACKAGE_ID"[NUMBER,22]
  68 - (#keys=2) "B"."ORG_ENTITY_ID"[NUMBER,22], "PACKAGE_ID"[NUMBER,22]
  69 - (#keys=0) "PACKAGE_ID"[NUMBER,22], "A"."ORG_ENTITY_ID"[NUMBER,22], "C"."ENTERPRISE_ID"[NUMBER,22]
  70 - (#keys=1) "C"."ROLE_ID"[NUMBER,22], "PACKAGE_ID"[NUMBER,22], "A"."ORG_ENTITY_ID"[NUMBER,22], 
       "C"."ENTERPRISE_ID"[NUMBER,22]
  71 - (#keys=0) "PACKAGE_ID"[NUMBER,22], "A"."ORG_ENTITY_ID"[NUMBER,22], "A"."ROLE_ID"[NUMBER,22]
  72 - (#keys=0) "USERS"."USER_ID"[NUMBER,22], "PACKAGE_ID"[NUMBER,22], "A"."ORG_ROLE_ID"[NUMBER,22], 
       "A"."ORG_ENTITY_ID"[NUMBER,22], "A"."ROLE_ID"[NUMBER,22]
  73 - (#keys=0) "USERS"."USER_ID"[NUMBER,22], "PACKAGE_ID"[NUMBER,22], "A"."ORG_ROLE_ID"[NUMBER,22], 
       "A"."ORG_ENTITY_ID"[NUMBER,22], "A"."ROLE_ID"[NUMBER,22]
  74 - (#keys=0) "USERS"."USER_ID"[NUMBER,22], "PACKAGE_ID"[NUMBER,22], "ROLE_ACT"."ROLE_ID"[NUMBER,22]
  75 - (#keys=0) "USERS"."USER_ID"[NUMBER,22], "PACKAGE_ID"[NUMBER,22], "ACT"."ACTIVITY_ID"[NUMBER,22]
  76 - (#keys=0) "USERS"."USER_ID"[NUMBER,22], "PACKAGE_ID"[NUMBER,22]
  77 - (#keys=0) "USERS"."USER_ID"[NUMBER,22], "PACKAGE_ID"[NUMBER,22], "PNAME"."PARAMETER_ID"[NUMBER,22], 
       "PTYPE"."PARAMETER_TYPE_ID"[NUMBER,22]
  78 - (#keys=0) "USERS"."USER_ID"[NUMBER,22], "PACKAGE_ID"[NUMBER,22], "PNAME"."PARAMETER_ID"[NUMBER,22], 
       "PNAME"."PARAMETER_TYPE_ID"[NUMBER,22]
  79 - "USERS"."USER_ID"[NUMBER,22], "PACKAGE_ID"[NUMBER,22]
  80 - "USERS".ROWID[ROWID,10]
  81 - "PNAME"."PARAMETER_ID"[NUMBER,22], "PNAME"."PARAMETER_TYPE_ID"[NUMBER,22]
  82 - "PNAME".ROWID[ROWID,10], UPPER("PARAMETER_NAME")[VARCHAR2,400]
  83 - "PTYPE"."PARAMETER_TYPE_ID"[NUMBER,22]
  85 - (#keys=0) "ACT"."ACTIVITY_ID"[NUMBER,22]
  86 - "ACT"."ACTIVITY_ID"[NUMBER,22]
  87 - "ACT"."ACTIVITY_ID"[NUMBER,22]
  88 - "ACT".ROWID[ROWID,10]
  89 - "ROLE_ACT"."ROLE_ID"[NUMBER,22]
  90 - "A"."ORG_ROLE_ID"[NUMBER,22], "A"."ORG_ENTITY_ID"[NUMBER,22], "A"."ROLE_ID"[NUMBER,22]
  91 - "A".ROWID[ROWID,10], "A"."ROLE_ID"[NUMBER,22]
  93 - "ORGS".ROWID[ROWID,10]
  95 - "C"."ENTERPRISE_ID"[NUMBER,22], "C"."ROLE_ID"[NUMBER,22]
  96 - (#keys=1) "ENTERPRISE_ID"[NUMBER,22], "T"."ROLE_ID"[NUMBER,22]
  97 - (#keys=0) "ENTERPRISE_ID"[NUMBER,22], "T"."ROLE_ID"[NUMBER,22], "PACKAGE_ID"[NUMBER,22]
  98 - "ENTERPRISE_ID"[NUMBER,22], "T"."ROLE_ID"[NUMBER,22], "PACKAGE_ID"[NUMBER,22]
 100 - "SRA"."PACKAGE_ID"[NUMBER,22]
 101 - STRDEF[22]
 102 - (#keys=0) "T"."MODULE_ID"[NUMBER,22]
 103 - "T"."MODULE_ID"[NUMBER,22]
 107 - "B"."ENTERPRISE_ID"[NUMBER,22], "B"."ORG_ENTITY_ID"[NUMBER,22]
 108 - (#keys=0) "T"."ENTERPRISE_ID"[NUMBER,22], "T"."ORG_ENTITY_ID"[NUMBER,22]
 109 - "T"."ENTERPRISE_ID"[NUMBER,22], "T"."ORG_ENTITY_ID"[NUMBER,22]
 112 - "SRA"."PACKAGE_ID"[NUMBER,22]
 113 - STRDEF[22]
 114 - (#keys=0) "T"."MODULE_ID"[NUMBER,22]
 115 - "T"."MODULE_ID"[NUMBER,22]
 118 - (#keys=1) '3'[1]
 119 - (#keys=1) 
 120 - (#keys=0) "PACKAGE_ID"[NUMBER,22]
 121 - (#keys=2) "B"."ORG_ENTITY_ID"[NUMBER,22], "PACKAGE_ID"[NUMBER,22]
 122 - (#keys=0) "PACKAGE_ID"[NUMBER,22], "A"."ORG_ENTITY_ID"[NUMBER,22], "C"."ENTERPRISE_ID"[NUMBER,22]
 123 - (#keys=1) "C"."ROLE_ID"[NUMBER,22], "PACKAGE_ID"[NUMBER,22], "A"."ORG_ENTITY_ID"[NUMBER,22], 
       "C"."ENTERPRISE_ID"[NUMBER,22]
 124 - (#keys=0) "PACKAGE_ID"[NUMBER,22], "A"."ORG_ENTITY_ID"[NUMBER,22], "A"."ROLE_ID"[NUMBER,22]
 125 - (#keys=0) "USERS"."USER_ID"[NUMBER,22], "PACKAGE_ID"[NUMBER,22], "A"."ORG_ROLE_ID"[NUMBER,22], 
       "A"."ORG_ENTITY_ID"[NUMBER,22], "A"."ROLE_ID"[NUMBER,22]
 126 - (#keys=0) "USERS"."USER_ID"[NUMBER,22], "PACKAGE_ID"[NUMBER,22], "A"."ORG_ROLE_ID"[NUMBER,22], 
       "A"."ORG_ENTITY_ID"[NUMBER,22], "A"."ROLE_ID"[NUMBER,22]
 127 - (#keys=0) "USERS"."USER_ID"[NUMBER,22], "PACKAGE_ID"[NUMBER,22], "ROLE_ACT"."ROLE_ID"[NUMBER,22]
 128 - (#keys=0) "USERS"."USER_ID"[NUMBER,22], "PACKAGE_ID"[NUMBER,22], "ACT"."ACTIVITY_ID"[NUMBER,22]
 129 - (#keys=0) "USERS"."USER_ID"[NUMBER,22], "PACKAGE_ID"[NUMBER,22]
 130 - (#keys=0) "USERS"."USER_ID"[NUMBER,22], "PACKAGE_ID"[NUMBER,22], "PNAME"."PARAMETER_ID"[NUMBER,22], 
       "PTYPE"."PARAMETER_TYPE_ID"[NUMBER,22]
 131 - (#keys=0) "USERS"."USER_ID"[NUMBER,22], "PACKAGE_ID"[NUMBER,22], "PNAME"."PARAMETER_ID"[NUMBER,22], 
       "PNAME"."PARAMETER_TYPE_ID"[NUMBER,22]
 132 - "USERS"."USER_ID"[NUMBER,22], "PACKAGE_ID"[NUMBER,22]
 133 - "USERS".ROWID[ROWID,10]
 134 - "PNAME"."PARAMETER_ID"[NUMBER,22], "PNAME"."PARAMETER_TYPE_ID"[NUMBER,22]
 135 - "PNAME".ROWID[ROWID,10], UPPER("PARAMETER_NAME")[VARCHAR2,400]
 136 - "PTYPE"."PARAMETER_TYPE_ID"[NUMBER,22]
 138 - (#keys=0) "ACT"."ACTIVITY_ID"[NUMBER,22]
 139 - "ACT"."ACTIVITY_ID"[NUMBER,22]
 140 - "ACT"."ACTIVITY_ID"[NUMBER,22]
 141 - "ACT".ROWID[ROWID,10]
 142 - "ROLE_ACT"."ROLE_ID"[NUMBER,22]
 143 - "A"."ORG_ROLE_ID"[NUMBER,22], "A"."ORG_ENTITY_ID"[NUMBER,22], "A"."ROLE_ID"[NUMBER,22]
 144 - "A".ROWID[ROWID,10], "A"."ROLE_ID"[NUMBER,22]
 146 - "ORGS".ROWID[ROWID,10]
 148 - "C"."ENTERPRISE_ID"[NUMBER,22], "C"."ROLE_ID"[NUMBER,22]
 149 - (#keys=1) "ENTERPRISE_ID"[NUMBER,22], "T"."ROLE_ID"[NUMBER,22]
 150 - (#keys=0) "ENTERPRISE_ID"[NUMBER,22], "T"."ROLE_ID"[NUMBER,22], "PACKAGE_ID"[NUMBER,22]
 151 - "ENTERPRISE_ID"[NUMBER,22], "T"."ROLE_ID"[NUMBER,22], "PACKAGE_ID"[NUMBER,22]
 153 - "SRA"."PACKAGE_ID"[NUMBER,22]
 154 - STRDEF[22]
 155 - (#keys=0) "T"."MODULE_ID"[NUMBER,22]
 156 - "T"."MODULE_ID"[NUMBER,22]
 160 - "B"."ENTERPRISE_ID"[NUMBER,22], "B"."ORG_ENTITY_ID"[NUMBER,22]
 161 - (#keys=0) "T"."ENTERPRISE_ID"[NUMBER,22], "T"."ORG_ENTITY_ID"[NUMBER,22]
 162 - "T"."ENTERPRISE_ID"[NUMBER,22], "T"."ORG_ENTITY_ID"[NUMBER,22]
 165 - "SRA"."PACKAGE_ID"[NUMBER,22]
 166 - STRDEF[22]
 167 - (#keys=0) "T"."MODULE_ID"[NUMBER,22]
 168 - "T"."MODULE_ID"[NUMBER,22]
 171 - "OBJECT_ID"[VARCHAR2,400], "OBJECTIVE_TYPE"[VARCHAR2,1020], "OBJECT_NAME"[VARCHAR2,4000]
										</code></pre>
								</section>
						</div>
					</div>

				<!-- Sidebar -->
				<div id="sidebar">
					<div class="inner">
						<!-- Menu -->
						<nav id="menu">
							<header class="major">
								<h2>Menu</h2>
							</header>
							<ul>
								<li><a href="../index.html">Module List</a></li>
								<li><a href="index.html">Summary</a></li>
								<li>
									<span class="opener">DB Analysis</span>
									<ul>
										<li><a href="bad-sql.html">Bad SQL</a></li>
										<li><a href="poor-sql.html">Poor SQL Plan</a></li>
										<li><a href="invalid-sql.html">Invalid SQL</a></li>
										<li><a href="full-sql.html">Full SQL Report</a></li>
										<li><a href="table-nil-key.html">Primary/Unique Key Miss</a></li>
										<li><a href="invalid-db-object.html">Invalid DB Objects</a></li>
										<li><a href="sequence-with-less-cache.html">Sequence</a></li>
										<li><a href="table-index-lob-size.html">Table Size</a></li>
										<li><a href="table-row-count.html">Table Row Count</a></li>
									</ul>
								</li>
								<li>
								    <span class="opener">LOB</span>
								    <ul>
								        <li><a href="lob-no-cache.html">LOB - No Cache</a></li>
								        <li><a href="lob-columns.html">LOB - All Columns</a></li>
								    </ul>
								</li>
								<li>
									<span class="opener">Infolets</span>
									<ul>
										<li><a href="keep-history-infolets.html">Keep History Infolets</a></li>
										<li><a href="plsql-context-switch.html">SQL-PL/SQL Context Switch</a></li>
									</ul>
								</li>
								<li>
									<span class="opener">Pushforms</span>
									<ul>
										<li><a href="pushform-denormalize.html">Pushform Denormalized</a></li>
									</ul>
								</li>
								<li>
									<span class="opener">PL/SQL</span>
									<ul>
										<li><a href="plsql-dyn-qry-objs.html">Dynamic Query</a></li>
									</ul>
								</li>
							</ul>
						</nav>

						<!-- Section -->
						<section>
							<header class="major">
								<h2>Get in touch</h2>
							</header>
							<p>You need more details on the report or want more functionality, don't hesitate to reach out to us.</p>
							<ul class="contact">
								<li class="fa-envelope-o"><a href="mailto:apps-rnd-arch-team@metricstream.com?Subject=Reg - Code Analysis Tool" target="_top">apps-rnd-arch-team@metricstream.com</a></li>
							</ul>
						</section>

						<!-- Footer -->
						<footer id="footer">
							<p class="copyright">&copy; <a href="http://www.metricstream.com" target="_blank">MetricStream</a>. All rights reserved. </p>
						</footer>
					</div>
				</div>
			</div>

		<!-- Scripts -->
			<script src="../../lib/assets/js/jquery.min.js"></script>
			<script src="../../lib/assets/js/skel.min.js"></script>
			<script src="../../lib/assets/js/util.js"></script>
			<!--[if lte IE 8]><script src="../../lib/assets/js/ie/respond.min.js"></script><![endif]-->
			<script src="../../lib/assets/js/main.js"></script>
	</body>
</html>