<!DOCTYPE HTML>
<html>
	<head>
		<title>Code Analysis - MetricStream</title>
		<meta charset="utf-8" />
		<meta name="viewport" content="width=device-width, initial-scale=1, user-scalable=no" />
		<!--[if lte IE 8]><script src="../../lib/assets/js/ie/html5shiv.js"></script><![endif]-->
		<link rel="stylesheet" href="../../lib/assets/css/main.css" />
		<!--[if lte IE 9]><link rel="stylesheet" href="../../lib/assets/css/ie9.css" /><![endif]-->
		<!--[if lte IE 8]><link rel="stylesheet" href="../../lib/assets/css/ie8.css" /><![endif]-->
	</head>
	<body>

		<!-- Wrapper -->
			<div id="wrapper">

				<!-- Main -->
					<div id="main">
						<div class="inner">
							<!-- Header -->
								<header id="header">
									<a href="index.html" class="logo"><strong>Static Code Analysis Report</strong> by Code Analyzer Tool</a>
								</header>

							<!-- Content -->
								<section>
									<!-- Content -->
										<header class="major"><h2>Infolet Details</h2></header>
										<div class="table-wrapper">
											<table>
												<tbody>
													<tr>
														<td><b>Name</b></td>
														<td>MS_GRC_61_SP2_ASSET_CLASS_PARENT_OBJ (100690)</td>
													</tr>
													<tr>
														<td><b>SQL</b></td>
														<td><pre><code>SELECT 
OBJECT_NAME as OBJ_NAME,
OBJECT_LEVEL as OBJ_LEVEL,
DD_OBJECT_TYPE as OBJ_TYPE,
OBJECT_ID as OBJ_ID,
loc.locale_id AS LOCALE_ID
FROM ms_grc_asset_class_denorm_rv rv,(select locale_id from si_locales where locale_string=(select locale FROM si_users_t WHERE user_name=:2)
  ) loc
WHERE EXISTS
    (
    SELECT COLUMN_VALUE 
    FROM TABLE( CAST (ms_grc_rep_browser_fil_denorm.fn_Asst_class_report_filters(ms_grc_array_type(null,null,null,'ACT', null,null,null,null,null,:1-1,null,null,null,null,null,null,null,null,null,null,null,null,NULL,NULL,null,NULL,NULL,NULL,NULL,NULL,NULL,NULL,null, NULL,null,null,null,NULL,'MS_GRC_ASSET_CLASS',:2))
    
   AS ms_varchar2_array))
   WHERE COLUMN_VALUE=RV.OBJECT_ID ) and LOC.LOCALE_ID=rv.LOCALE_ID</code></pre></td>
													</tr>
													<tr>
														<td><b>Description</b></td>
														<td>This infolet extracts data from ms_grc_asset_class_denorm_rv view and thereby used in Asset Class, Exception, Financial Account and objective forms</td>
													</tr>
												</tbody>
											</table>
										</div>

										<h2 align="center" id="content">Analysis Report</h2>
										<hr>

<header class="major"><h2>Plan hash value: 2662216361</h2></header><pre><code>
 
-----------------------------------------------------------------------------------------------------------------------
| Id  | Operation                            | Name                           | Rows  | Bytes | Cost (%CPU)| Time     |
-----------------------------------------------------------------------------------------------------------------------
|   0 | SELECT STATEMENT                     |                                |     1 |   137 |    50   (0)| 00:00:01 |
|   1 |  NESTED LOOPS                        |                                |     1 |   137 |    50   (0)| 00:00:01 |
|*  2 |   HASH JOIN                          |                                |     1 |   126 |    49   (0)| 00:00:01 |
|*  3 |    HASH JOIN SEMI                    |                                |     1 |   109 |    44   (0)| 00:00:01 |
<font style="background-color: lightblue; color: red">|   4 |     MERGE JOIN CARTESIAN             |                                |   128 | 13696 |    15   (0)| 00:00:01 |</font>
|   5 |      VIEW                            | VW_SQ_1                        |     1 |    52 |     1   (0)| 00:00:01 |
|   6 |       TABLE ACCESS BY INDEX ROWID    | SI_USERS_T                     |     1 |    19 |     1   (0)| 00:00:01 |
|*  7 |        INDEX RANGE SCAN              | SI_USERS_T_N3                  |     1 |       |     1   (0)| 00:00:01 |
|   8 |      BUFFER SORT                     |                                |   128 |  7040 |    15   (0)| 00:00:01 |
|   9 |       INDEX FULL SCAN                | MS_GRC_ASSET_CLASS_SUMMARY_PK  |   128 |  7040 |    12   (0)| 00:00:01 |
<font style="background-color: lightblue; color: red">|  10 |     COLLECTION ITERATOR PICKLER FETCH| FN_ASST_CLASS_REPORT_FILTERS   |  8168 | 16336 |    29   (0)| 00:00:01 |</font>
<font style="background-color: lightblue; color: red">|  11 |    TABLE ACCESS FULL                 | MS_GRC_ASSET_CLASS_MLS_SUMMARY |   128 |  2176 |     5   (0)| 00:00:01 |</font>
|* 12 |   TABLE ACCESS BY INDEX ROWID        | SI_LOCALES                     |     1 |    11 |     1   (0)| 00:00:01 |
|* 13 |    INDEX UNIQUE SCAN                 | SI_LOCALES_U1                  |     1 |       |     1   (0)| 00:00:01 |
-----------------------------------------------------------------------------------------------------------------------
 
</code></pre><header class="major"><h2>Query Block Name / Object Alias (identified by operation id):</h2></header><pre><code>
 
   1 - SEL$E1BE3644
   5 - SEL$3512B053 / VW_SQ_1@SEL$2DF9124B
   6 - SEL$3512B053 / SI_USERS_T@SEL$8
   7 - SEL$3512B053 / SI_USERS_T@SEL$8
   9 - SEL$E1BE3644 / ASSTSUMM@SEL$2
  10 - SEL$E1BE3644 / KOKBF$0@SEL$10
  11 - SEL$E1BE3644 / ASSTMLSSUMM@SEL$2
  12 - SEL$E1BE3644 / SI_LOCALES@SEL$7
  13 - SEL$E1BE3644 / SI_LOCALES@SEL$7
 
</code></pre><header class="major"><h2>Predicate Information (identified by operation id):</h2></header><pre><code>
 
   2 - access("ASSTSUMM"."OBJ_ASSET_CLASS_SUMM_WID"="ASSTMLSSUMM"."OBJ_ASSET_CLASS_SUMM_WID")
   3 - access("ASSTSUMM"."OBJECT_ID"=VALUE(KOKBF$))
   7 - access("USER_NAME"=:2)
  12 - filter("LOCALE_STRING"="LOCALE")
  13 - access("LOCALE_ID"=TO_NUMBER("ASSTMLSSUMM"."LOCALE_ID"))
 
</code></pre><header class="major"><h2>Column Projection Information (identified by operation id):</h2></header><pre><code>
 
   1 - (#keys=0) "ASSTSUMM"."OBJECT_ID"[VARCHAR2,400], "ASSTSUMM"."OBJECT_NAME"[VARCHAR2,4000], 
       "ASSTSUMM"."DD_OBJECT_TYPE"[VARCHAR2,400], "ASSTMLSSUMM"."OBJECT_LEVEL"[VARCHAR2,400], "LOCALE_ID"[NUMBER,22]
   2 - (#keys=1) "ASSTSUMM"."OBJECT_ID"[VARCHAR2,400], "LOCALE"[VARCHAR2,100], 
       "ASSTSUMM"."OBJECT_NAME"[VARCHAR2,4000], "ASSTSUMM"."DD_OBJECT_TYPE"[VARCHAR2,400], 
       "ASSTMLSSUMM"."OBJECT_LEVEL"[VARCHAR2,400], "ASSTMLSSUMM"."LOCALE_ID"[VARCHAR2,400]
   3 - (#keys=1) "ASSTSUMM"."OBJECT_ID"[VARCHAR2,400], "LOCALE"[VARCHAR2,100], 
       "ASSTSUMM"."OBJ_ASSET_CLASS_SUMM_WID"[NUMBER,22], "ASSTSUMM"."DD_OBJECT_TYPE"[VARCHAR2,400], 
       "ASSTSUMM"."OBJECT_NAME"[VARCHAR2,4000]
   4 - (#keys=0) "LOCALE"[VARCHAR2,100], "ASSTSUMM"."OBJ_ASSET_CLASS_SUMM_WID"[NUMBER,22], 
       "ASSTSUMM"."OBJECT_ID"[VARCHAR2,400], "ASSTSUMM"."OBJECT_NAME"[VARCHAR2,4000], 
       "ASSTSUMM"."DD_OBJECT_TYPE"[VARCHAR2,400]
   5 - "LOCALE"[VARCHAR2,100]
   6 - "LOCALE"[VARCHAR2,100]
   7 - "SI_USERS_T".ROWID[ROWID,10]
   8 - (#keys=0) "ASSTSUMM"."OBJ_ASSET_CLASS_SUMM_WID"[NUMBER,22], "ASSTSUMM"."OBJECT_ID"[VARCHAR2,400], 
       "ASSTSUMM"."OBJECT_NAME"[VARCHAR2,4000], "ASSTSUMM"."DD_OBJECT_TYPE"[VARCHAR2,400]
   9 - "ASSTSUMM"."OBJ_ASSET_CLASS_SUMM_WID"[NUMBER,22], "ASSTSUMM"."OBJECT_ID"[VARCHAR2,400], 
       "ASSTSUMM"."OBJECT_NAME"[VARCHAR2,4000], "ASSTSUMM"."DD_OBJECT_TYPE"[VARCHAR2,400]
  10 - VALUE(A0)[8000]
  11 - "ASSTMLSSUMM"."OBJ_ASSET_CLASS_SUMM_WID"[NUMBER,22], "ASSTMLSSUMM"."LOCALE_ID"[VARCHAR2,400], 
       "ASSTMLSSUMM"."OBJECT_LEVEL"[VARCHAR2,400]
  12 - "LOCALE_ID"[NUMBER,22]
  13 - "SI_LOCALES".ROWID[ROWID,10], "LOCALE_ID"[NUMBER,22]
										</code></pre>
								</section>
						</div>
					</div>

				<!-- Sidebar -->
				<div id="sidebar">
					<div class="inner">
						<!-- Menu -->
						<nav id="menu">
							<header class="major">
								<h2>Menu</h2>
							</header>
							<ul>
								<li><a href="../index.html">Module List</a></li>
								<li><a href="index.html">Summary</a></li>
								<li>
									<span class="opener">DB Analysis</span>
									<ul>
										<li><a href="bad-sql.html">Bad SQL</a></li>
										<li><a href="poor-sql.html">Poor SQL Plan</a></li>
										<li><a href="invalid-sql.html">Invalid SQL</a></li>
										<li><a href="full-sql.html">Full SQL Report</a></li>
										<li><a href="table-nil-key.html">Primary/Unique Key Miss</a></li>
										<li><a href="invalid-db-object.html">Invalid DB Objects</a></li>
									</ul>
								</li>
								<li>
									<span class="opener">Infolets</span>
									<ul>
										<li><a href="keep-history-infolets.html">Keep History Infolets</a></li>
									</ul>
								</li>
								<li>
									<span class="opener">Pushforms</span>
									<ul>
										<li><a href="pushform-denormalize.html">Pushform Denormalized</a></li>
									</ul>
								</li>
							</ul>
						</nav>

						<!-- Section -->
						<section>
							<header class="major">
								<h2>Get in touch</h2>
							</header>
							<p>You need more details on the report or want more functionality, don't hesitate to reach out to us.</p>
							<ul class="contact">
								<li class="fa-envelope-o"><a href="mailto:rnd@metricstream.com?Subject=Reg - Static Code Analysis Tool" target="_top">rnd@metricstream.com</a></li>
							</ul>
						</section>

						<!-- Footer -->
						<footer id="footer">
							<p class="copyright">&copy; <a href="http://www.metricstream.com" target="_blank">MetricStream</a>. All rights reserved. </p>
						</footer>
					</div>
				</div>
			</div>

		<!-- Scripts -->
			<script src="../../lib/assets/js/jquery.min.js"></script>
			<script src="../../lib/assets/js/skel.min.js"></script>
			<script src="../../lib/assets/js/util.js"></script>
			<!--[if lte IE 8]><script src="../../lib/assets/js/ie/respond.min.js"></script><![endif]-->
			<script src="../../lib/assets/js/main.js"></script>
	</body>
</html>