<!DOCTYPE HTML>
<html>
	<head>
		<title>Code Analysis - MetricStream</title>
		<meta charset="utf-8" />
		<meta name="viewport" content="width=device-width, initial-scale=1, user-scalable=no" />
		<!--[if lte IE 8]><script src="../../lib/assets/js/ie/html5shiv.js"></script><![endif]-->
		<link rel="stylesheet" href="../../lib/assets/css/main.css" />
		<!--[if lte IE 9]><link rel="stylesheet" href="../../lib/assets/css/ie9.css" /><![endif]-->
		<!--[if lte IE 8]><link rel="stylesheet" href="../../lib/assets/css/ie8.css" /><![endif]-->
	</head>
	<body>

		<!-- Wrapper -->
			<div id="wrapper">

				<!-- Main -->
					<div id="main">
						<div class="inner">
							<!-- Header -->
								<header id="header">
									<a href="index.html" class="logo"><strong>Static Code Analysis Report</strong> by Code Analyzer Tool</a>
								</header>

							<!-- Content -->
								<section>
									<!-- Content -->
										<header class="major"><h2>Infolet Details</h2></header>
										<div class="table-wrapper">
											<table>
												<tbody>
													<tr>
														<td><b>Name</b></td>
														<td>MS_GRC_TYPE_OF_EXCEPTION (101095)</td>
													</tr>
													<tr>
														<td><b>SQL</b></td>
														<td><pre><code>Select c.Exception_for_id,
       c.Exception_for_value
       From   ms_grc_exception_config c,si_locales a,si_users_t b
       where c.locale_id= a.locale_id and
       a.locale_string = b.locale 
       and b.user_name = :1
       order by c.Exception_for_value</code></pre></td>
													</tr>
													<tr>
														<td><b>Description</b></td>
														<td>This infolet extracts data from ms_grc_exception_config table and is thereby used in Exception form</td>
													</tr>
												</tbody>
											</table>
										</div>

										<h2 align="center" id="content">Analysis Report</h2>
										<hr>

<header class="major"><h2>Plan hash value: 1410579160</h2></header><pre><code>
 
----------------------------------------------------------------------------------------------------------
| Id  | Operation                      | Name                    | Rows  | Bytes | Cost (%CPU)| Time     |
----------------------------------------------------------------------------------------------------------
|   0 | SELECT STATEMENT               |                         |     7 |   350 |     8  (13)| 00:00:01 |
|   1 |  SORT ORDER BY                 |                         |     7 |   350 |     8  (13)| 00:00:01 |
|*  2 |   HASH JOIN                    |                         |     7 |   350 |     7   (0)| 00:00:01 |
|   3 |    NESTED LOOPS                |                         |     1 |    30 |     4   (0)| 00:00:01 |
|   4 |     TABLE ACCESS BY INDEX ROWID| SI_USERS_T              |     1 |    19 |     1   (0)| 00:00:01 |
|*  5 |      INDEX RANGE SCAN          | SI_USERS_T_N3           |     1 |       |     1   (0)| 00:00:01 |
<font style="background-color: lightblue; color: red">|*  6 |     TABLE ACCESS FULL          | SI_LOCALES              |     1 |    11 |     3   (0)| 00:00:01 |</font>
<font style="background-color: lightblue; color: red">|   7 |    TABLE ACCESS FULL           | MS_GRC_EXCEPTION_CONFIG |    13 |   260 |     3   (0)| 00:00:01 |</font>
----------------------------------------------------------------------------------------------------------
 
</code></pre><header class="major"><h2>Query Block Name / Object Alias (identified by operation id):</h2></header><pre><code>
 
   1 - SEL$1
   4 - SEL$1 / B@SEL$1
   5 - SEL$1 / B@SEL$1
   6 - SEL$1 / A@SEL$1
   7 - SEL$1 / C@SEL$1
 
</code></pre><header class="major"><h2>Predicate Information (identified by operation id):</h2></header><pre><code>
 
   2 - access("C"."LOCALE_ID"="A"."LOCALE_ID")
   5 - access("B"."USER_NAME"=:1)
   6 - filter("A"."LOCALE_STRING"="B"."LOCALE")
 
</code></pre><header class="major"><h2>Column Projection Information (identified by operation id):</h2></header><pre><code>
 
   1 - (#keys=1) "C"."EXCEPTION_FOR_VALUE"[VARCHAR2,400], "C"."EXCEPTION_FOR_ID"[NUMBER,22]
   2 - (#keys=1) "C"."EXCEPTION_FOR_ID"[NUMBER,22], "C"."EXCEPTION_FOR_VALUE"[VARCHAR2,400]
   3 - (#keys=0) "A"."LOCALE_ID"[NUMBER,22]
   4 - "B"."LOCALE"[VARCHAR2,100]
   5 - "B".ROWID[ROWID,10]
   6 - "A"."LOCALE_ID"[NUMBER,22]
   7 - "C"."EXCEPTION_FOR_ID"[NUMBER,22], "C"."EXCEPTION_FOR_VALUE"[VARCHAR2,400], 
       "C"."LOCALE_ID"[NUMBER,22]
										</code></pre>
								</section>
						</div>
					</div>

				<!-- Sidebar -->
				<div id="sidebar">
					<div class="inner">
						<!-- Menu -->
						<nav id="menu">
							<header class="major">
								<h2>Menu</h2>
							</header>
							<ul>
								<li><a href="../index.html">Module List</a></li>
								<li><a href="index.html">Summary</a></li>
								<li>
									<span class="opener">DB Analysis</span>
									<ul>
										<li><a href="bad-sql.html">Bad SQL</a></li>
										<li><a href="poor-sql.html">Poor SQL Plan</a></li>
										<li><a href="invalid-sql.html">Invalid SQL</a></li>
										<li><a href="full-sql.html">Full SQL Report</a></li>
										<li><a href="table-nil-key.html">Primary/Unique Key Miss</a></li>
										<li><a href="invalid-db-object.html">Invalid DB Objects</a></li>
									</ul>
								</li>
								<li>
									<span class="opener">Infolets</span>
									<ul>
										<li><a href="keep-history-infolets.html">Keep History Infolets</a></li>
									</ul>
								</li>
								<li>
									<span class="opener">Pushforms</span>
									<ul>
										<li><a href="pushform-denormalize.html">Pushform Denormalized</a></li>
									</ul>
								</li>
							</ul>
						</nav>

						<!-- Section -->
						<section>
							<header class="major">
								<h2>Get in touch</h2>
							</header>
							<p>You need more details on the report or want more functionality, don't hesitate to reach out to us.</p>
							<ul class="contact">
								<li class="fa-envelope-o"><a href="mailto:rnd@metricstream.com?Subject=Reg - Static Code Analysis Tool" target="_top">rnd@metricstream.com</a></li>
							</ul>
						</section>

						<!-- Footer -->
						<footer id="footer">
							<p class="copyright">&copy; <a href="http://www.metricstream.com" target="_blank">MetricStream</a>. All rights reserved. </p>
						</footer>
					</div>
				</div>
			</div>

		<!-- Scripts -->
			<script src="../../lib/assets/js/jquery.min.js"></script>
			<script src="../../lib/assets/js/skel.min.js"></script>
			<script src="../../lib/assets/js/util.js"></script>
			<!--[if lte IE 8]><script src="../../lib/assets/js/ie/respond.min.js"></script><![endif]-->
			<script src="../../lib/assets/js/main.js"></script>
	</body>
</html>