<!DOCTYPE HTML>
<html>
	<head>
		<title>Code Analysis - MetricStream</title>
		<meta charset="utf-8" />
		<meta name="viewport" content="width=device-width, initial-scale=1, user-scalable=no" />
		<!--[if lte IE 8]><script src="../../lib/assets/js/ie/html5shiv.js"></script><![endif]-->
		<link rel="stylesheet" href="../../lib/assets/css/main.css" />
		<!--[if lte IE 9]><link rel="stylesheet" href="../../lib/assets/css/ie9.css" /><![endif]-->
		<!--[if lte IE 8]><link rel="stylesheet" href="../../lib/assets/css/ie8.css" /><![endif]-->
	</head>
	<body>

		<!-- Wrapper -->
			<div id="wrapper">

				<!-- Main -->
					<div id="main">
						<div class="inner">
							<!-- Header -->
								<header id="header">
									<a href="index.html" class="logo"><strong>Static Code Analysis Report</strong> by Code Analyzer Tool</a>
								</header>

							<!-- Content -->
								<section>
									<!-- Content -->
										<header class="major"><h2>Infolet Details</h2></header>
										<div class="table-wrapper">
											<table>
												<tbody>
													<tr>
														<th>Name</th>
														<td>MS GRC Org Users (100666)</td>
													</tr>
													<tr>
														<th>SQL</th>
														<td><pre><code>SELECT DISTINCT fdo.user_id
, fdo.user_name
, ms_apps_utilities.get_user_full_name(fdo.user_id) USER_FULL_NAME
,null
, null
, fdo.activity_id
, fdo.activity_short_name
, fdo.activity_name
from ms_qms_flow_down_org_v fdo
where instr(','||:1||',', ','||fdo.org_entity_id||',') > 0</code></pre></td>
													</tr>
													<tr>
														<th>Description</th>
														<td>Infolet to retrieve users based on selected organizations</td>
													</tr>
												</tbody>
											</table>
										</div>

										<h2 align="center" id="content">Analysis Report</h2>
										<hr>

<header class="major"><h2>Plan hash value: 2381855501</h2></header><pre><code>
 
--------------------------------------------------------------------------------------------------------------------------------------------
| Id  | Operation                                         | Name                           | Rows  | Bytes |TempSpc| Cost (%CPU)| Time     |
--------------------------------------------------------------------------------------------------------------------------------------------
|   0 | SELECT STATEMENT                                  |                                |  2337 |  4915K|       |  1089   (1)| 00:00:14 |
|   1 |  SORT UNIQUE                                      |                                |  2337 |  4915K|  6240K|  1089   (1)| 00:00:14 |
|*  2 |   HASH JOIN                                       |                                |  2337 |  4915K|       |    37   (6)| 00:00:01 |
|   3 |    VIEW                                           | SI_REGISTER_APPLICATION_V      |    66 |   858 |       |     6   (0)| 00:00:01 |
|   4 |     UNION-ALL                                     |                                |       |       |       |            |          |
|   5 |      NESTED LOOPS OUTER                           |                                |    65 |  2145 |       |     4   (0)| 00:00:01 |
<font style="background-color: lightblue; color: red">|   6 |       TABLE ACCESS FULL                           | SI_REGISTER_APPLICATION        |    65 |   455 |       |     3   (0)| 00:00:01 |</font>
|*  7 |       INDEX RANGE SCAN                            | SI_REGISTER_APPLICATION_TL_N1  |     1 |    26 |       |     1   (0)| 00:00:01 |
|   8 |      FAST DUAL                                    |                                |     1 |       |       |     2   (0)| 00:00:01 |
|*  9 |    HASH JOIN                                      |                                |    71 |   148K|       |    31   (7)| 00:00:01 |
<font style="background-color: lightblue; color: red">|  10 |     TABLE ACCESS FULL                             | SI_ACTIVITIES_T                |   514 | 29812 |       |     7   (0)| 00:00:01 |</font>
|  11 |     NESTED LOOPS                                  |                                |    71 |   144K|       |    24   (9)| 00:00:01 |
|  12 |      NESTED LOOPS                                 |                                |     3 |  6219 |       |    22   (5)| 00:00:01 |
|* 13 |       HASH JOIN                                   |                                |     3 |  6204 |       |    21   (5)| 00:00:01 |
|* 14 |        HASH JOIN                                  |                                |    27 |  1350 |       |    10   (0)| 00:00:01 |
|* 15 |         HASH JOIN                                 |                                |    27 |   945 |       |     9   (0)| 00:00:01 |
|  16 |          NESTED LOOPS                             |                                |    11 |   275 |       |     8   (0)| 00:00:01 |
|  17 |           VIEW                                    |                                |     1 |       |       |     3   (0)| 00:00:01 |
|  18 |            SORT AGGREGATE                         |                                |     1 |    83 |       |            |          |
|  19 |             NESTED LOOPS                          |                                |     1 |    83 |       |     3   (0)| 00:00:01 |
|  20 |              NESTED LOOPS                         |                                |     1 |    83 |       |     3   (0)| 00:00:01 |
|  21 |               NESTED LOOPS                        |                                |     1 |    66 |       |     2   (0)| 00:00:01 |
|  22 |                TABLE ACCESS BY INDEX ROWID        | MS_QS_PARAMETER_NAMES          |     1 |    34 |       |     1   (0)| 00:00:01 |
|* 23 |                 INDEX RANGE SCAN                  | MS_QS_PARAMETER_NAMES_N2       |     1 |       |       |     1   (0)| 00:00:01 |
|* 24 |                INDEX RANGE SCAN                   | MS_QS_PARAMETERTYPE_TYPEID_IDX |     1 |    32 |       |     1   (0)| 00:00:01 |
|* 25 |               INDEX RANGE SCAN                    | MS_QS_PARAMETER_VALUES_IDX     |     1 |       |       |     1   (0)| 00:00:01 |
|  26 |              TABLE ACCESS BY INDEX ROWID          | MS_QS_PARAMETER_VALUES         |     1 |    17 |       |     1   (0)| 00:00:01 |
<font style="background-color: lightblue; color: red">|* 27 |           TABLE ACCESS FULL                       | SI_USERS_T                     |    11 |   275 |       |     5   (0)| 00:00:01 |</font>
|  28 |          INDEX FULL SCAN                          | SI_USER_ORG_ROLES_N2           |   533 |  5330 |       |     1   (0)| 00:00:01 |
|  29 |         INDEX FULL SCAN                           | SI_ORG_ROLES_N3                |   210 |  3150 |       |     1   (0)| 00:00:01 |
<font style="background-color: lightblue; color: red">|  30 |        VIEW                                       | SI_FLOW_DOWN_ORG_V             |   525 |  1034K|       |    12  (17)| 00:00:01 |</font>
<font style="background-color: lightblue; color: red">|  31 |         TEMP TABLE TRANSFORMATION                 |                                |       |       |       |            |          |</font>
|  32 |          LOAD AS SELECT                           | SYS_TEMP_0FD9D6611_301B41      |       |       |       |            |          |
|* 33 |           FILTER                                  |                                |       |       |       |            |          |
|* 34 |            CONNECT BY NO FILTERING WITH START-WITH|                                |       |       |       |            |          |
|  35 |             NESTED LOOPS OUTER                    |                                |   113 |  4407 |       |     4   (0)| 00:00:01 |
<font style="background-color: lightblue; color: red">|  36 |              TABLE ACCESS FULL                    | SI_ORG_ENTITIES_T              |   113 |  3616 |       |     3   (0)| 00:00:01 |</font>
|* 37 |              INDEX RANGE SCAN                     | SI_ORG_ENTITIES_TL_IDX         |     1 |     7 |       |     1   (0)| 00:00:01 |
|* 38 |          HASH JOIN                                |                                |   525 |  1050K|       |     7  (15)| 00:00:01 |
|  39 |           VIEW                                    | VW_SQ_1                        |   113 |  2938 |       |     4  (25)| 00:00:01 |
|  40 |            SORT GROUP BY                          |                                |   113 |  2034 |       |     4  (25)| 00:00:01 |
|  41 |             VIEW                                  |                                |   525 |  9450 |       |     3   (0)| 00:00:01 |
<font style="background-color: lightblue; color: red">|  42 |              TABLE ACCESS FULL                    | SYS_TEMP_0FD9D6611_301B41      |   525 | 25200 |       |     3   (0)| 00:00:01 |</font>
|* 43 |           VIEW                                    |                                |   525 |  1037K|       |     3   (0)| 00:00:01 |
<font style="background-color: lightblue; color: red">|  44 |            TABLE ACCESS FULL                      | SYS_TEMP_0FD9D6611_301B41      |   525 | 25200 |       |     3   (0)| 00:00:01 |</font>
|* 45 |       INDEX RANGE SCAN                            | SI_ROLES_N2                    |     1 |     5 |       |     1   (0)| 00:00:01 |
|* 46 |      INDEX RANGE SCAN                             | SI_ROLE_ACTIVITIES_N2          |    23 |   230 |       |     1   (0)| 00:00:01 |
--------------------------------------------------------------------------------------------------------------------------------------------
 
</code></pre><header class="major"><h2>Query Block Name / Object Alias (identified by operation id):</h2></header><pre><code>
 
   1 - SEL$AA3206B1
   3 - SET$2        / SRA@SEL$13
   4 - SET$2       
   5 - SEL$14      
   6 - SEL$14       / T@SEL$14
   7 - SEL$14       / TL@SEL$14
   8 - SEL$17       / DUAL@SEL$17
  10 - SEL$AA3206B1 / C@SEL$2
  17 - SEL$22       / CONST@SEL$3
  18 - SEL$22      
  22 - SEL$22       / PNAME@SEL$22
  23 - SEL$22       / PNAME@SEL$22
  24 - SEL$22       / PTYPE@SEL$22
  25 - SEL$22       / PVALUE@SEL$22
  26 - SEL$22       / PVALUE@SEL$22
  27 - SEL$AA3206B1 / SUT@SEL$13
  28 - SEL$AA3206B1 / E@SEL$3
  29 - SEL$AA3206B1 / G@SEL$3
  30 - SEL$E6A22765 / H@SEL$3
  31 - SEL$E6A22765
  32 - SEL$4       
  35 - SEL$9765FB8D
  36 - SEL$9765FB8D / T@SEL$8
  37 - SEL$9765FB8D / TL@SEL$8
  39 - SEL$32487103 / VW_SQ_1@SEL$ACC926E7
  40 - SEL$32487103
  41 - SEL$D5E7109F / O2@SEL$12
  42 - SEL$D5E7109F / T1@SEL$D5E7109F
  43 - SEL$D5E710A0 / O1@SEL$11
  44 - SEL$D5E710A0 / T1@SEL$D5E710A0
  45 - SEL$AA3206B1 / R@SEL$3
  46 - SEL$AA3206B1 / A@SEL$2
 
</code></pre><header class="major"><h2>Predicate Information (identified by operation id):</h2></header><pre><code>
 
   2 - access(NVL("SUT"."PACKAGE_ID",0)=NVL("SRA"."PACKAGE_ID",0))
   7 - access("TL"."MODULE_ID"(+)="T"."MODULE_ID" AND "TL"."LOCALE_ID"(+)=TO_NUMBER("SI_DB_LOCALE_SV"."GETVALUE"()))
   9 - access("A"."ACTIVITY_ID"="C"."ACTIVITY_ID")
  13 - access("H"."ENTERPRISE_ID"="SUT"."ENTERPRISE_ID")
       filter("H"."PATH" LIKE '%:'||TO_CHAR("G"."ORG_ENTITY_ID")||':%')
  14 - access("G"."ORG_ROLE_ID"="E"."ORG_ROLE_ID")
  15 - access("USER_ID"="E"."USER_ID")
  23 - access(UPPER("PARAMETER_NAME")='DISPLAY_FORMAT')
  24 - access("PTYPE"."PARAMETER_TYPE_ID"="PNAME"."PARAMETER_TYPE_ID" AND UPPER("PARAMETER_TYPE")='MS APPS USER NAME DISPLAY 
              FORMAT')
  25 - access("PTYPE"."PARAMETER_TYPE_ID"="PVALUE"."PARAMETER_TYPE_ID" AND "PNAME"."PARAMETER_ID"="PVALUE"."PARAMETER_ID" AND 
              "PVALUE"."ORG_ENTITY_ID"=1)
  27 - filter(NVL("END_DATE",SYSDATE@!)>=SYSDATE@!)
  33 - filter(NVL("END_DATE",SYSDATE@!)>=SYSDATE@!)
  34 - access("PARENT_ORG_ENTITY_ID"=PRIOR "T"."ORG_ENTITY_ID")
       filter("T"."ORG_ENTITY_ID" IS NOT NULL)
  37 - access("T"."ORG_ENTITY_ID"="TL"."ORG_ENTITY_ID"(+) AND "TL"."LOCALE_ID"(+)=TO_NUMBER("SI_DB_LOCALE_SV"."GETVALUE"()))
  38 - access("LVL"="MAX(LVL)" AND "ITEM_0"="O1"."ORG_ENTITY_ID")
  43 - filter(INSTR(','||:1||',',','||TO_CHAR("ORG_ENTITY_ID")||',')>0)
  45 - access("R"."ROLE_ID"="G"."ROLE_ID")
  46 - access("A"."ROLE_ID"="R"."ROLE_ID")
 
</code></pre><header class="major"><h2>Column Projection Information (identified by operation id):</h2></header><pre><code>
 
   1 - (#keys=8) "USER_ID"[NUMBER,22], "USER_NAME"[VARCHAR2,320], "MS_APPS_UTILITIES"."GET_USER_FULL_NAME"("USER_ID")[4000], 
       NULL[0], NULL[0], "C"."ACTIVITY_ID"[NUMBER,22], "C"."ACTIVITY_SHORT_NAME"[VARCHAR2,4000], "C"."ACTIVITY_NAME"[VARCHAR2,400]
   2 - (#keys=1) "C"."ACTIVITY_ID"[NUMBER,22], "C"."ACTIVITY_SHORT_NAME"[VARCHAR2,4000], "C"."ACTIVITY_NAME"[VARCHAR2,400], 
       "USER_ID"[NUMBER,22], "USER_NAME"[VARCHAR2,320]
   3 - "SRA"."PACKAGE_ID"[NUMBER,22]
   4 - STRDEF[22]
   5 - (#keys=0) "T"."MODULE_ID"[NUMBER,22]
   6 - "T"."MODULE_ID"[NUMBER,22]
   9 - (#keys=1) "C"."ACTIVITY_ID"[NUMBER,22], "C"."ACTIVITY_SHORT_NAME"[VARCHAR2,4000], "C"."ACTIVITY_NAME"[VARCHAR2,400], 
       "USER_ID"[NUMBER,22], "SUT"."PACKAGE_ID"[NUMBER,22], "USER_NAME"[VARCHAR2,320]
  10 - "C"."ACTIVITY_ID"[NUMBER,22], "C"."ACTIVITY_NAME"[VARCHAR2,400], "C"."ACTIVITY_SHORT_NAME"[VARCHAR2,4000]
  11 - (#keys=0) "USER_ID"[NUMBER,22], "SUT"."PACKAGE_ID"[NUMBER,22], "USER_NAME"[VARCHAR2,320], "A"."ACTIVITY_ID"[NUMBER,22]
  12 - (#keys=0) "USER_ID"[NUMBER,22], "SUT"."PACKAGE_ID"[NUMBER,22], "USER_NAME"[VARCHAR2,320], "R"."ROLE_ID"[NUMBER,22]
  13 - (#keys=1) "USER_ID"[NUMBER,22], "SUT"."PACKAGE_ID"[NUMBER,22], "USER_NAME"[VARCHAR2,320], "G"."ROLE_ID"[NUMBER,22]
  14 - (#keys=1) "USER_ID"[NUMBER,22], "SUT"."PACKAGE_ID"[NUMBER,22], "SUT"."ENTERPRISE_ID"[NUMBER,22], "USER_NAME"[VARCHAR2,320], 
       "G"."ROLE_ID"[NUMBER,22], "G"."ORG_ENTITY_ID"[NUMBER,22]
  15 - (#keys=1) "USER_ID"[NUMBER,22], "SUT"."PACKAGE_ID"[NUMBER,22], "SUT"."ENTERPRISE_ID"[NUMBER,22], "USER_NAME"[VARCHAR2,320], 
       "E"."ORG_ROLE_ID"[NUMBER,22]
  16 - (#keys=0) "USER_ID"[NUMBER,22], "SUT"."ENTERPRISE_ID"[NUMBER,22], "USER_NAME"[VARCHAR2,320], "SUT"."PACKAGE_ID"[NUMBER,22]
  18 - (#keys=0) MIN("PVALUE"."PARAMETER_VALUE")[400]
  19 - (#keys=0) "PVALUE"."PARAMETER_VALUE"[VARCHAR2,400]
  20 - (#keys=0) "PVALUE".ROWID[ROWID,10]
  21 - (#keys=0) "PNAME"."PARAMETER_ID"[NUMBER,22], "PTYPE"."PARAMETER_TYPE_ID"[NUMBER,22]
  22 - "PNAME"."PARAMETER_ID"[NUMBER,22], "PNAME"."PARAMETER_TYPE_ID"[NUMBER,22]
  23 - "PNAME".ROWID[ROWID,10], UPPER("PARAMETER_NAME")[VARCHAR2,400]
  24 - "PTYPE"."PARAMETER_TYPE_ID"[NUMBER,22]
  25 - "PVALUE".ROWID[ROWID,10]
  26 - "PVALUE"."PARAMETER_VALUE"[VARCHAR2,400]
  27 - "USER_ID"[NUMBER,22], "SUT"."ENTERPRISE_ID"[NUMBER,22], "USER_NAME"[VARCHAR2,320], "SUT"."PACKAGE_ID"[NUMBER,22]
  28 - "E"."ORG_ROLE_ID"[NUMBER,22], "E"."USER_ID"[NUMBER,22]
  29 - "G"."ORG_ROLE_ID"[NUMBER,22], "G"."ORG_ENTITY_ID"[NUMBER,22], "G"."ROLE_ID"[NUMBER,22]
  30 - "H"."ENTERPRISE_ID"[NUMBER,22], "H"."PATH"[VARCHAR2,4000]
  31 - "MAX(LVL)"[NUMBER,22], "LVL"[NUMBER,22], "ITEM_0"[NUMBER,22], "O1"."ORG_ENTITY_ID"[NUMBER,22], "PATH"[VARCHAR2,4000], 
       "ENTERPRISE_ID"[NUMBER,22]
  32 - SYSDEF[4], SYSDEF[0], SYSDEF[1], SYSDEF[96], SYSDEF[0]
  33 - "PARENT_ORG_ENTITY_ID"[NUMBER,22], "T"."ORG_ENTITY_ID"[NUMBER,22], STRDEF[400], STRDEF[22], STRDEF[7], PRIOR NULL[22], 
       LEVEL[4], SYS_CONNECT_BY_PATH(TO_CHAR("T"."ORG_ENTITY_ID"),':')[4000]
  34 - "PARENT_ORG_ENTITY_ID"[NUMBER,22], "T"."ORG_ENTITY_ID"[NUMBER,22], STRDEF[400], STRDEF[22], STRDEF[7], PRIOR NULL[22], 
       LEVEL[4], SYS_CONNECT_BY_PATH(TO_CHAR("T"."ORG_ENTITY_ID"),':')[4000]
  35 - (#keys=0) "T"."ENTERPRISE_ID"[NUMBER,22], "T"."ORG_ENTITY_ID"[NUMBER,22], "T"."ORG_ENTITY_NAME"[VARCHAR2,400], 
       "PARENT_ORG_ENTITY_ID"[NUMBER,22], "END_DATE"[DATE,7], "TL".ROWID[ROWID,10], "TL"."ORG_ENTITY_ID"[NUMBER,22], 
       "TL"."LOCALE_ID"[NUMBER,22]
  36 - "T"."ENTERPRISE_ID"[NUMBER,22], "T"."ORG_ENTITY_ID"[NUMBER,22], "T"."ORG_ENTITY_NAME"[VARCHAR2,400], 
       "PARENT_ORG_ENTITY_ID"[NUMBER,22], "END_DATE"[DATE,7]
  37 - "TL".ROWID[ROWID,10], "TL"."ORG_ENTITY_ID"[NUMBER,22], "TL"."LOCALE_ID"[NUMBER,22]
  38 - (#keys=2) "MAX(LVL)"[NUMBER,22], "LVL"[NUMBER,22], "ITEM_0"[NUMBER,22], "O1"."ORG_ENTITY_ID"[NUMBER,22], 
       "PATH"[VARCHAR2,4000], "ENTERPRISE_ID"[NUMBER,22]
  39 - "MAX(LVL)"[NUMBER,22], "ITEM_0"[NUMBER,22]
  40 - (#keys=1) "O2"."ORG_ENTITY_ID"[NUMBER,22], MAX("LVL")[22]
  41 - "O2"."ORG_ENTITY_ID"[NUMBER,22], "LVL"[NUMBER,22]
  42 - "C0"[NUMBER,22], "C1"[VARCHAR2,400], "C2"[NUMBER,22], "C3"[NUMBER,22], "C4"[VARCHAR2,4000]
  43 - "ORG_ENTITY_ID"[NUMBER,22], "ENTERPRISE_ID"[NUMBER,22], "LVL"[NUMBER,22], "PATH"[VARCHAR2,4000]
  44 - "C0"[NUMBER,22], "C1"[VARCHAR2,400], "C2"[NUMBER,22], "C3"[NUMBER,22], "C4"[VARCHAR2,4000]
  45 - "R"."ROLE_ID"[NUMBER,22]
  46 - "A"."ACTIVITY_ID"[NUMBER,22]
										</code></pre>
								</section>
						</div>
					</div>

				<!-- Sidebar -->
				<div id="sidebar">
					<div class="inner">
						<!-- Menu -->
						<nav id="menu">
							<header class="major">
								<h2>Menu</h2>
							</header>
							<ul>
								<li><a href="../index.html">Module List</a></li>
								<li><a href="index.html">Summary</a></li>
								<li>
									<span class="opener">DB Analysis</span>
									<ul>
										<li><a href="bad-sql.html">Bad SQL</a></li>
										<li><a href="poor-sql.html">Poor SQL Plan</a></li>
										<li><a href="invalid-sql.html">Invalid SQL</a></li>
										<li><a href="full-sql.html">Full SQL Report</a></li>
										<li><a href="table-nil-key.html">Primary/Unique Key Miss</a></li>
										<li><a href="invalid-db-object.html">Invalid DB Objects</a></li>
										<li><a href="sequence-with-less-cache.html">Sequence</a></li>
										<li><a href="table-index-lob-size.html">Table Size</a></li>
									</ul>
								</li>
								<li>
								    <span class="opener">LOB</span>
								    <ul>
								        <li><a href="lob-no-cache.html">LOB - No Cache</a></li>
								        <li><a href="lob-columns.html">LOB - All Columns</a></li>
								    </ul>
								</li>
								<li>
									<span class="opener">Infolets</span>
									<ul>
										<li><a href="keep-history-infolets.html">Keep History Infolets</a></li>
										<li><a href="plsql-context-switch.html">SQL-PL/SQL Context Switch</a></li>
									</ul>
								</li>
								<li>
									<span class="opener">Pushforms</span>
									<ul>
										<li><a href="pushform-denormalize.html">Pushform Denormalized</a></li>
									</ul>
								</li>
								<li>
									<span class="opener">PL/SQL</span>
									<ul>
										<li><a href="plsql-dyn-qry-objs.html">Dynamic Query</a></li>
									</ul>
								</li>
							</ul>
						</nav>

						<!-- Section -->
						<section>
							<header class="major">
								<h2>Get in touch</h2>
							</header>
							<p>You need more details on the report or want more functionality, don't hesitate to reach out to us.</p>
							<ul class="contact">
								<li class="fa-envelope-o"><a href="mailto:apps-rnd-arch-team@metricstream.com?Subject=Reg - Code Analysis Tool" target="_top">apps-rnd-arch-team@metricstream.com</a></li>
							</ul>
						</section>

						<!-- Footer -->
						<footer id="footer">
							<p class="copyright">&copy; <a href="http://www.metricstream.com" target="_blank">MetricStream</a>. All rights reserved. </p>
						</footer>
					</div>
				</div>
			</div>

		<!-- Scripts -->
			<script src="../../lib/assets/js/jquery.min.js"></script>
			<script src="../../lib/assets/js/skel.min.js"></script>
			<script src="../../lib/assets/js/util.js"></script>
			<!--[if lte IE 8]><script src="../../lib/assets/js/ie/respond.min.js"></script><![endif]-->
			<script src="../../lib/assets/js/main.js"></script>
	</body>
</html>