<!DOCTYPE HTML>
<html>
	<head>
		<title>Code Analysis - MetricStream</title>
		<meta charset="utf-8" />
		<meta name="viewport" content="width=device-width, initial-scale=1, user-scalable=no" />
		<!--[if lte IE 8]><script src="../../lib/assets/js/ie/html5shiv.js"></script><![endif]-->
		<link rel="stylesheet" href="../../lib/assets/css/main.css" />
		<!--[if lte IE 9]><link rel="stylesheet" href="../../lib/assets/css/ie9.css" /><![endif]-->
		<!--[if lte IE 8]><link rel="stylesheet" href="../../lib/assets/css/ie8.css" /><![endif]-->
	</head>
	<body>

		<!-- Wrapper -->
			<div id="wrapper">

				<!-- Main -->
					<div id="main">
						<div class="inner">
							<!-- Header -->
								<header id="header">
									<a href="index.html" class="logo"><strong>Static Code Analysis Report</strong> by Code Analyzer Tool</a>
								</header>

							<!-- Content -->
								<section>
									<!-- Content -->
										<header class="major"><h2>Infolet Details</h2></header>
										<div class="table-wrapper">
											<table>
												<tbody>
													<tr>
														<th>Name</th>
														<td>MS_GRC_Exception_Approvers (100842)</td>
													</tr>
													<tr>
														<th>SQL</th>
														<td><pre><code>select a.OBJECT_ID as OBJECT_ID,
a.OBJECT_NAME as OBJECT_NAME,
c.locale_id as locale_id
FROM  TABLE (MS_Grc_utilities.get_exception_approver(:1,:2,:3,:4,:5)) a
,si_locales c,
si_users_t d where 
c.locale_string = d.locale
AND d.user_name = :5</code></pre></td>
													</tr>
													<tr>
														<th>Description</th>
														<td>This infolet extracts data from MS_Grc_utilities.get_exception_approver and is thereby used in Exception form</td>
													</tr>
												</tbody>
											</table>
										</div>

										<h2 align="center" id="content">Analysis Report</h2>
										<hr>

<header class="major"><h2>Plan hash value: 4006889422</h2></header><pre><code>
 
--------------------------------------------------------------------------------------------------------------
| Id  | Operation                           | Name                   | Rows  | Bytes | Cost (%CPU)| Time     |
--------------------------------------------------------------------------------------------------------------
|   0 | SELECT STATEMENT                    |                        |  8168 |   255K|    33   (0)| 00:00:01 |
<font style="background-color: lightblue; color: red">|   1 |  MERGE JOIN CARTESIAN               |                        |  8168 |   255K|    33   (0)| 00:00:01 |</font>
|   2 |   NESTED LOOPS                      |                        |     1 |    30 |     4   (0)| 00:00:01 |
|   3 |    TABLE ACCESS BY INDEX ROWID      | SI_USERS_T             |     1 |    19 |     1   (0)| 00:00:01 |
|*  4 |     INDEX UNIQUE SCAN               | USER_NAME_UK           |     1 |       |     1   (0)| 00:00:01 |
<font style="background-color: lightblue; color: red">|*  5 |    TABLE ACCESS FULL                | SI_LOCALES             |     1 |    11 |     3   (0)| 00:00:01 |</font>
|   6 |   BUFFER SORT                       |                        |  8168 | 16336 |    30   (0)| 00:00:01 |
<font style="background-color: lightblue; color: red">|   7 |    COLLECTION ITERATOR PICKLER FETCH| GET_EXCEPTION_APPROVER |  8168 | 16336 |    29   (0)| 00:00:01 |</font>
--------------------------------------------------------------------------------------------------------------
 
</code></pre><header class="major"><h2>Query Block Name / Object Alias (identified by operation id):</h2></header><pre><code>
 
   1 - SEL$F5BB74E1
   3 - SEL$F5BB74E1 / D@SEL$1
   4 - SEL$F5BB74E1 / D@SEL$1
   5 - SEL$F5BB74E1 / C@SEL$1
   7 - SEL$F5BB74E1 / KOKBF$0@SEL$2
 
</code></pre><header class="major"><h2>Predicate Information (identified by operation id):</h2></header><pre><code>
 
   4 - access("D"."USER_NAME"=:5)
   5 - filter("C"."LOCALE_STRING"="D"."LOCALE")
 
</code></pre><header class="major"><h2>Column Projection Information (identified by operation id):</h2></header><pre><code>
 
   1 - (#keys=0) "C"."LOCALE_ID"[NUMBER,22], VALUE(A0)[400], VALUE(A0)[16000]
   2 - (#keys=0) "C"."LOCALE_ID"[NUMBER,22]
   3 - "D"."LOCALE"[VARCHAR2,400]
   4 - "D".ROWID[ROWID,10]
   5 - "C"."LOCALE_ID"[NUMBER,22]
   6 - (#keys=0) VALUE(A0)[400], VALUE(A0)[16000]
   7 - VALUE(A0)[400], VALUE(A0)[16000], VALUE(A0)[400], VALUE(A0)[16000], VALUE(A0)[16000]
										</code></pre>
								</section>
						</div>
					</div>

				<!-- Sidebar -->
				<div id="sidebar">
					<div class="inner">
						<!-- Menu -->
						<nav id="menu">
							<header class="major">
								<h2>Menu</h2>
							</header>
							<ul>
								<li><a href="../index.html">Module List</a></li>
								<li><a href="index.html">Summary</a></li>
								<li>
									<span class="opener">DB Analysis</span>
									<ul>
										<li><a href="bad-sql.html">Bad SQL</a></li>
										<li><a href="poor-sql.html">Poor SQL Plan</a></li>
										<li><a href="invalid-sql.html">Invalid SQL</a></li>
										<li><a href="full-sql.html">Full SQL Report</a></li>
										<li><a href="table-nil-key.html">Primary/Unique Key Miss</a></li>
										<li><a href="invalid-db-object.html">Invalid DB Objects</a></li>
										<li><a href="sequence-with-less-cache.html">Sequence</a></li>
										<li><a href="table-index-lob-size.html">Table Size</a></li>
									</ul>
								</li>
								<li>
								    <span class="opener">LOB</span>
								    <ul>
								        <li><a href="lob-no-cache.html">LOB - No Cache</a></li>
								        <li><a href="lob-columns.html">LOB - All Columns</a></li>
								    </ul>
								</li>
								<li>
									<span class="opener">Infolets</span>
									<ul>
										<li><a href="keep-history-infolets.html">Keep History Infolets</a></li>
										<li><a href="plsql-context-switch.html">SQL-PL/SQL Context Switch</a></li>
									</ul>
								</li>
								<li>
									<span class="opener">Pushforms</span>
									<ul>
										<li><a href="pushform-denormalize.html">Pushform Denormalized</a></li>
									</ul>
								</li>
								<li>
									<span class="opener">PL/SQL</span>
									<ul>
										<li><a href="plsql-dyn-qry-objs.html">Dynamic Query</a></li>
									</ul>
								</li>
							</ul>
						</nav>

						<!-- Section -->
						<section>
							<header class="major">
								<h2>Get in touch</h2>
							</header>
							<p>You need more details on the report or want more functionality, don't hesitate to reach out to us.</p>
							<ul class="contact">
								<li class="fa-envelope-o"><a href="mailto:apps-rnd-arch-team@metricstream.com?Subject=Reg - Code Analysis Tool" target="_top">apps-rnd-arch-team@metricstream.com</a></li>
							</ul>
						</section>

						<!-- Footer -->
						<footer id="footer">
							<p class="copyright">&copy; <a href="http://www.metricstream.com" target="_blank">MetricStream</a>. All rights reserved. </p>
						</footer>
					</div>
				</div>
			</div>

		<!-- Scripts -->
			<script src="../../lib/assets/js/jquery.min.js"></script>
			<script src="../../lib/assets/js/skel.min.js"></script>
			<script src="../../lib/assets/js/util.js"></script>
			<!--[if lte IE 8]><script src="../../lib/assets/js/ie/respond.min.js"></script><![endif]-->
			<script src="../../lib/assets/js/main.js"></script>
	</body>
</html>