<!DOCTYPE HTML>
<html>
	<head>
		<title>Code Analysis - MetricStream</title>
		<meta charset="utf-8" />
		<meta name="viewport" content="width=device-width, initial-scale=1, user-scalable=no" />
		<!--[if lte IE 8]><script src="../../lib/assets/js/ie/html5shiv.js"></script><![endif]-->
		<link rel="stylesheet" href="../../lib/assets/css/main.css" />
		<!--[if lte IE 9]><link rel="stylesheet" href="../../lib/assets/css/ie9.css" /><![endif]-->
		<!--[if lte IE 8]><link rel="stylesheet" href="../../lib/assets/css/ie8.css" /><![endif]-->
	</head>
	<body>

		<!-- Wrapper -->
			<div id="wrapper">

				<!-- Main -->
					<div id="main">
						<div class="inner">
							<!-- Header -->
								<header id="header">
									<a href="index.html" class="logo"><strong>Static Code Analysis Report</strong> by Code Analyzer Tool</a>
								</header>

							<!-- Content -->
								<section>
									<!-- Content -->
										<header class="major"><h2>Infolet Details</h2></header>
										<div class="table-wrapper">
											<table>
												<tbody>
													<tr>
														<th>Name</th>
														<td>MS_GRC_CONTENT_TYPE (100806)</td>
													</tr>
													<tr>
														<th>SQL</th>
														<td><pre><code>select form_name,metric_id,locale_id,metric_title from (
WITH form_det AS (
  SELECT metric_name,metric_id,form_name,metric_title
  FROM   si_metrics_t
  WHERE metric_name in ('MS_GRC_AREA_OF_COMPLIANCE',
'MS_GRC_ASSET_CLASS',
'MS_GRC_ASSET',
'MS_GRC_CONTROL',
'MS_GRC_FINANCIAL_ACCOUNTS',
'MS_GRC_FUNCTION',
'MS_GRC_MODEL_REFERENCE',
'MS_GRC_OBJECTIVES',
'MS_GRC_ORG_PROFILE',
'MS_GRC_PROCESS',
'MS_GRC_PRODUCT',
'MS_GRC_REFERENCE',
'MS_GRC_REGULATORY_BODY',
'MS_GRC_REQUIREMENT',
'MS_GRC_RISK',
'MS_GRC_STANDARD'))
select form_name,metric_title,metric_id,b.locale_id,b.locale_string 
from form_det met,si_locales b 
where LOCALE_STRING ='en_US'
union all
select a.form_name ,a.metric_title,a.metric_id,c.locale_id,c.locale_string 
from si_metrics_tl a,form_det b,si_locales c 
where c.LOCALE_STRING <> 'en_US'
and ENABLED_FLAG='Y'
and a.LOCALE_ID = C.LOCALE_ID
and a.metric_id=b.metric_id) order by form_name</code></pre></td>
													</tr>
													<tr>
														<th>Description</th>
														<td>This infolet is used in Audit trail report for getting the Form names</td>
													</tr>
												</tbody>
											</table>
										</div>

										<h2 align="center" id="content">Analysis Report</h2>
										<hr>

<header class="major"><h2>Plan hash value: 1735377267</h2></header><pre><code>
 
----------------------------------------------------------------------------------------------------------------
| Id  | Operation                          | Name                      | Rows  | Bytes | Cost (%CPU)| Time     |
----------------------------------------------------------------------------------------------------------------
|   0 | SELECT STATEMENT                   |                           |    17 | 20910 |    10  (10)| 00:00:01 |
|   1 |  SORT ORDER BY                     |                           |    17 | 20910 |    10  (10)| 00:00:01 |
|   2 |   VIEW                             |                           |    17 | 20910 |     9   (0)| 00:00:01 |
<font style="background-color: lightblue; color: red">|   3 |    TEMP TABLE TRANSFORMATION       |                           |       |       |            |          |</font>
|   4 |     LOAD AS SELECT                 | SYS_TEMP_0FD9D6612_301B41 |       |       |            |          |
|   5 |      INLIST ITERATOR               |                           |       |       |            |          |
|   6 |       TABLE ACCESS BY INDEX ROWID  | SI_METRICS_T              |    16 |  1040 |     7   (0)| 00:00:01 |
|*  7 |        INDEX RANGE SCAN            | SI_METRICS_T_N7           |    16 |       |     5   (0)| 00:00:01 |
|   8 |     UNION-ALL                      |                           |       |       |            |          |
<font style="background-color: lightblue; color: red">|   9 |      MERGE JOIN CARTESIAN          |                           |    16 | 13248 |     5   (0)| 00:00:01 |</font>
<font style="background-color: lightblue; color: red">|* 10 |       TABLE ACCESS FULL            | SI_LOCALES                |     1 |    11 |     3   (0)| 00:00:01 |</font>
|  11 |       BUFFER SORT                  |                           |    16 | 13072 |     2   (0)| 00:00:01 |
|  12 |        VIEW                        |                           |    16 | 13072 |     2   (0)| 00:00:01 |
<font style="background-color: lightblue; color: red">|  13 |         TABLE ACCESS FULL          | SYS_TEMP_0FD9D6612_301B41 |    16 |  1040 |     2   (0)| 00:00:01 |</font>
|  14 |      NESTED LOOPS                  |                           |     1 |  1256 |     4   (0)| 00:00:01 |
|  15 |       NESTED LOOPS                 |                           |     1 |  1256 |     4   (0)| 00:00:01 |
|  16 |        NESTED LOOPS                |                           |     1 |  1243 |     3   (0)| 00:00:01 |
|  17 |         VIEW                       |                           |    16 |   208 |     2   (0)| 00:00:01 |
<font style="background-color: lightblue; color: red">|  18 |          TABLE ACCESS FULL         | SYS_TEMP_0FD9D6612_301B41 |    16 |  1040 |     2   (0)| 00:00:01 |</font>
|  19 |         TABLE ACCESS BY INDEX ROWID| SI_METRICS_TL             |     1 |  1230 |     1   (0)| 00:00:01 |
|* 20 |          INDEX RANGE SCAN          | SI_METRICS_TL_N1          |     1 |       |     1   (0)| 00:00:01 |
|* 21 |        INDEX UNIQUE SCAN           | SI_LOCALES_U1             |     1 |       |     1   (0)| 00:00:01 |
|* 22 |       TABLE ACCESS BY INDEX ROWID  | SI_LOCALES                |     1 |    13 |     1   (0)| 00:00:01 |
----------------------------------------------------------------------------------------------------------------
 
</code></pre><header class="major"><h2>Query Block Name / Object Alias (identified by operation id):</h2></header><pre><code>
 
   1 - SEL$1       
   2 - SET$1        / from$_subquery$_001@SEL$1
   3 - SET$1       
   4 - SEL$3       
   6 - SEL$3        / SI_METRICS_T@SEL$3
   7 - SEL$3        / SI_METRICS_T@SEL$3
   9 - SEL$2       
  10 - SEL$2        / B@SEL$2
  12 - SEL$F065AEA4 / MET@SEL$2
  13 - SEL$F065AEA4 / T1@SEL$F065AEA4
  14 - SEL$4       
  17 - SEL$F065AEA3 / B@SEL$4
  18 - SEL$F065AEA3 / T1@SEL$F065AEA3
  19 - SEL$4        / A@SEL$4
  20 - SEL$4        / A@SEL$4
  21 - SEL$4        / C@SEL$4
  22 - SEL$4        / C@SEL$4
 
</code></pre><header class="major"><h2>Predicate Information (identified by operation id):</h2></header><pre><code>
 
   7 - access("METRIC_NAME"='MS_GRC_AREA_OF_COMPLIANCE' OR "METRIC_NAME"='MS_GRC_ASSET' OR 
              "METRIC_NAME"='MS_GRC_ASSET_CLASS' OR "METRIC_NAME"='MS_GRC_CONTROL' OR 
              "METRIC_NAME"='MS_GRC_FINANCIAL_ACCOUNTS' OR "METRIC_NAME"='MS_GRC_FUNCTION' OR 
              "METRIC_NAME"='MS_GRC_MODEL_REFERENCE' OR "METRIC_NAME"='MS_GRC_OBJECTIVES' OR 
              "METRIC_NAME"='MS_GRC_ORG_PROFILE' OR "METRIC_NAME"='MS_GRC_PROCESS' OR "METRIC_NAME"='MS_GRC_PRODUCT' 
              OR "METRIC_NAME"='MS_GRC_REFERENCE' OR "METRIC_NAME"='MS_GRC_REGULATORY_BODY' OR 
              "METRIC_NAME"='MS_GRC_REQUIREMENT' OR "METRIC_NAME"='MS_GRC_RISK' OR "METRIC_NAME"='MS_GRC_STANDARD')
  10 - filter("LOCALE_STRING"='en_US')
  20 - access("A"."METRIC_ID"="B"."METRIC_ID")
  21 - access("A"."LOCALE_ID"="C"."LOCALE_ID")
  22 - filter("ENABLED_FLAG"='Y' AND "C"."LOCALE_STRING"<>'en_US')
 
</code></pre><header class="major"><h2>Column Projection Information (identified by operation id):</h2></header><pre><code>
 
   1 - (#keys=1) "FORM_NAME"[VARCHAR2,1800], "METRIC_TITLE"[VARCHAR2,600], "METRIC_ID"[NUMBER,22], 
       "LOCALE_ID"[NUMBER,22]
   2 - "FORM_NAME"[VARCHAR2,1800], "METRIC_TITLE"[VARCHAR2,600], "METRIC_ID"[NUMBER,22], 
       "LOCALE_ID"[NUMBER,22]
   3 - STRDEF[1800], STRDEF[600], STRDEF[22], STRDEF[22]
   4 - SYSDEF[4], SYSDEF[0], SYSDEF[1], SYSDEF[96], SYSDEF[0]
   5 - "SI_METRICS_T".ROWID[ROWID,10], "METRIC_ID"[NUMBER,22], "METRIC_NAME"[VARCHAR2,400], 
       "FORM_NAME"[VARCHAR2,1200], "METRIC_TITLE"[VARCHAR2,400]
   6 - "SI_METRICS_T".ROWID[ROWID,10], "METRIC_ID"[NUMBER,22], "METRIC_NAME"[VARCHAR2,400], 
       "FORM_NAME"[VARCHAR2,1200], "METRIC_TITLE"[VARCHAR2,400]
   7 - "SI_METRICS_T".ROWID[ROWID,10], "METRIC_NAME"[VARCHAR2,400]
   8 - STRDEF[1800], STRDEF[600], STRDEF[22], STRDEF[22]
   9 - (#keys=0) "B"."LOCALE_ID"[NUMBER,22], "LOCALE_STRING"[VARCHAR2,400], "METRIC_ID"[NUMBER,22], 
       "FORM_NAME"[VARCHAR2,1200], "METRIC_TITLE"[VARCHAR2,400]
  10 - "B"."LOCALE_ID"[NUMBER,22], "LOCALE_STRING"[VARCHAR2,400]
  11 - (#keys=0) "METRIC_ID"[NUMBER,22], "FORM_NAME"[VARCHAR2,1200], "METRIC_TITLE"[VARCHAR2,400]
  12 - "METRIC_ID"[NUMBER,22], "FORM_NAME"[VARCHAR2,1200], "METRIC_TITLE"[VARCHAR2,400]
  13 - "C0"[VARCHAR2,400], "C1"[NUMBER,22], "C2"[VARCHAR2,1200], "C3"[VARCHAR2,400]
  14 - (#keys=0) "B"."METRIC_ID"[NUMBER,22], "A".ROWID[ROWID,10], "A"."METRIC_ID"[NUMBER,22], 
       "A"."FORM_NAME"[VARCHAR2,1800], "A"."LOCALE_ID"[NUMBER,22], "A"."METRIC_TITLE"[VARCHAR2,600], 
       "C".ROWID[ROWID,10], "C"."LOCALE_ID"[NUMBER,22], "C"."LOCALE_STRING"[VARCHAR2,400], 
       "ENABLED_FLAG"[VARCHAR2,4]
  15 - (#keys=0) "B"."METRIC_ID"[NUMBER,22], "A".ROWID[ROWID,10], "A"."METRIC_ID"[NUMBER,22], 
       "A"."FORM_NAME"[VARCHAR2,1800], "A"."LOCALE_ID"[NUMBER,22], "A"."METRIC_TITLE"[VARCHAR2,600], 
       "C".ROWID[ROWID,10], "C"."LOCALE_ID"[NUMBER,22]
  16 - (#keys=0) "B"."METRIC_ID"[NUMBER,22], "A".ROWID[ROWID,10], "A"."METRIC_ID"[NUMBER,22], 
       "A"."FORM_NAME"[VARCHAR2,1800], "A"."LOCALE_ID"[NUMBER,22], "A"."METRIC_TITLE"[VARCHAR2,600]
  17 - "B"."METRIC_ID"[NUMBER,22]
  18 - "C0"[VARCHAR2,400], "C1"[NUMBER,22], "C2"[VARCHAR2,1200], "C3"[VARCHAR2,400]
  19 - "A".ROWID[ROWID,10], "A"."METRIC_ID"[NUMBER,22], "A"."FORM_NAME"[VARCHAR2,1800], 
       "A"."LOCALE_ID"[NUMBER,22], "A"."METRIC_TITLE"[VARCHAR2,600]
  20 - "A".ROWID[ROWID,10], "A"."METRIC_ID"[NUMBER,22], "A"."LOCALE_ID"[NUMBER,22]
  21 - "C".ROWID[ROWID,10], "C"."LOCALE_ID"[NUMBER,22]
  22 - "C".ROWID[ROWID,10], "C"."LOCALE_STRING"[VARCHAR2,400], "ENABLED_FLAG"[VARCHAR2,4]
										</code></pre>
								</section>
						</div>
					</div>

				<!-- Sidebar -->
				<div id="sidebar">
					<div class="inner">
						<!-- Menu -->
						<nav id="menu">
							<header class="major">
								<h2>Menu</h2>
							</header>
							<ul>
								<li><a href="../index.html">Module List</a></li>
								<li><a href="index.html">Summary</a></li>
								<li>
									<span class="opener">DB Analysis</span>
									<ul>
										<li><a href="bad-sql.html">Bad SQL</a></li>
										<li><a href="poor-sql.html">Poor SQL Plan</a></li>
										<li><a href="invalid-sql.html">Invalid SQL</a></li>
										<li><a href="full-sql.html">Full SQL Report</a></li>
										<li><a href="table-nil-key.html">Primary/Unique Key Miss</a></li>
										<li><a href="invalid-db-object.html">Invalid DB Objects</a></li>
										<li><a href="sequence-with-less-cache.html">Sequence</a></li>
										<li><a href="table-index-lob-size.html">Table Size</a></li>
									</ul>
								</li>
								<li>
								    <span class="opener">LOB</span>
								    <ul>
								        <li><a href="lob-no-cache.html">LOB - No Cache</a></li>
								        <li><a href="lob-columns.html">LOB - All Columns</a></li>
								    </ul>
								</li>
								<li>
									<span class="opener">Infolets</span>
									<ul>
										<li><a href="keep-history-infolets.html">Keep History Infolets</a></li>
										<li><a href="plsql-context-switch.html">SQL-PL/SQL Context Switch</a></li>
									</ul>
								</li>
								<li>
									<span class="opener">Pushforms</span>
									<ul>
										<li><a href="pushform-denormalize.html">Pushform Denormalized</a></li>
									</ul>
								</li>
								<li>
									<span class="opener">PL/SQL</span>
									<ul>
										<li><a href="plsql-dyn-qry-objs.html">Dynamic Query</a></li>
									</ul>
								</li>
							</ul>
						</nav>

						<!-- Section -->
						<section>
							<header class="major">
								<h2>Get in touch</h2>
							</header>
							<p>You need more details on the report or want more functionality, don't hesitate to reach out to us.</p>
							<ul class="contact">
								<li class="fa-envelope-o"><a href="mailto:apps-rnd-arch-team@metricstream.com?Subject=Reg - Code Analysis Tool" target="_top">apps-rnd-arch-team@metricstream.com</a></li>
							</ul>
						</section>

						<!-- Footer -->
						<footer id="footer">
							<p class="copyright">&copy; <a href="http://www.metricstream.com" target="_blank">MetricStream</a>. All rights reserved. </p>
						</footer>
					</div>
				</div>
			</div>

		<!-- Scripts -->
			<script src="../../lib/assets/js/jquery.min.js"></script>
			<script src="../../lib/assets/js/skel.min.js"></script>
			<script src="../../lib/assets/js/util.js"></script>
			<!--[if lte IE 8]><script src="../../lib/assets/js/ie/respond.min.js"></script><![endif]-->
			<script src="../../lib/assets/js/main.js"></script>
	</body>
</html>