<!DOCTYPE HTML>
<html>
	<head>
		<title>Code Analysis - MetricStream</title>
		<meta charset="utf-8" />
		<meta name="viewport" content="width=device-width, initial-scale=1, user-scalable=no" />
		<!--[if lte IE 8]><script src="../../lib/assets/js/ie/html5shiv.js"></script><![endif]-->
		<link rel="stylesheet" href="../../lib/assets/css/main.css" />
		<!--[if lte IE 9]><link rel="stylesheet" href="../../lib/assets/css/ie9.css" /><![endif]-->
		<!--[if lte IE 8]><link rel="stylesheet" href="../../lib/assets/css/ie8.css" /><![endif]-->
	</head>
	<body>

		<!-- Wrapper -->
			<div id="wrapper">

				<!-- Main -->
					<div id="main">
						<div class="inner">
							<!-- Header -->
								<header id="header">
									<a href="index.html" class="logo"><strong>Static Code Analysis Report</strong> by Code Analyzer Tool</a>
								</header>

							<!-- Content -->
								<section>
									<!-- Content -->
										<header class="major"><h2>Infolet Details</h2></header>
										<div class="table-wrapper">
											<table>
												<tbody>
													<tr>
														<th>Name</th>
														<td>MS_GRC_61_SP2_STD_PRNT (100748)</td>
													</tr>
													<tr>
														<th>SQL</th>
														<td><pre><code>SELECT 
stdSumm.OBJECT_NAME as OBJ_NAME,
stdMlsSumm.OBJECT_LEVEL as OBJ_LEVEL,
stdSumm.DD_OBJECT_TYPE as OBJ_TYPE,
stdSumm.OBJECT_ID as OBJ_ID,
stdMlsSumm.locale_id as LOCALE_ID
FROM MS_GRC_STANDARD_SUMMARY stdSumm,
	   MS_GRC_STANDARD_MLS_SUMMARY stdMlsSumm WHERE stdMlsSumm.object_id=stdSumm.object_id and stdMlsSumm.object_id in
    (SELECT COLUMN_VALUE
    FROM TABLE( CAST (ms_grc_rep_browser_fil_denorm.fn_std_report_filter(ms_grc_array_type(NULL,NULL, 'ACT',:1-1,NULL,NULL,NULL,NULL,NULL,NULL,NULL,NULL,NULL, NULL,NULL,NULL,NULL,NULL,NULL, NULL,NULL,NULL,NULL,NULL,NULL,NULL,NULL,NULL,NULL,NULL,NULL,NULL,NULL,NULL,NULL,NULL, NULL,NULL,'MS_GRC_STANDARD',:2))
	AS ms_varchar2_array)))and stdMlsSumm.locale_id = (select LOCALE_ID from SI_USERS_T T1 ,SI_LOCALES T2 where USER_NAME = :2 and T1.LOCALE = T2.LOCALE_STRING) 
order by upper_object_namE</code></pre></td>
													</tr>
													<tr>
														<th>Description</th>
														<td>This infolet extracts data from MS_GRC_standard_DENORM_RV view and is thereby used in Standard form</td>
													</tr>
												</tbody>
											</table>
										</div>

										<h2 align="center" id="content">Analysis Report</h2>
										<hr>

<header class="major"><h2>Plan hash value: 2080626280</h2></header><pre><code>
 
-----------------------------------------------------------------------------------------------------------------------
| Id  | Operation                             | Name                          | Rows  | Bytes | Cost (%CPU)| Time     |
-----------------------------------------------------------------------------------------------------------------------
|   0 | SELECT STATEMENT                      |                               |     1 |  5216 |    37   (6)| 00:00:01 |
|   1 |  SORT ORDER BY                        |                               |     1 |  5216 |    37   (6)| 00:00:01 |
|   2 |   NESTED LOOPS                        |                               |     1 |  5216 |    32   (4)| 00:00:01 |
|   3 |    NESTED LOOPS                       |                               |     1 |   808 |    31   (4)| 00:00:01 |
|   4 |     SORT UNIQUE                       |                               |  8168 | 16336 |    29   (0)| 00:00:01 |
<font style="background-color: lightblue; color: red">|   5 |      COLLECTION ITERATOR PICKLER FETCH| FN_STD_REPORT_FILTER          |  8168 | 16336 |    29   (0)| 00:00:01 |</font>
|   6 |     TABLE ACCESS BY INDEX ROWID       | MS_GRC_STANDARD_MLS_SUMMARY   |     1 |   806 |     1   (0)| 00:00:01 |
|*  7 |      INDEX RANGE SCAN                 | MS_GRC_STANDARD_MLS_SUMM_IDX2 |     1 |       |     1   (0)| 00:00:01 |
|   8 |       NESTED LOOPS                    |                               |     1 |    30 |     4   (0)| 00:00:01 |
|   9 |        TABLE ACCESS BY INDEX ROWID    | SI_USERS_T                    |     1 |    19 |     1   (0)| 00:00:01 |
|* 10 |         INDEX UNIQUE SCAN             | USER_NAME_UK                  |     1 |       |     1   (0)| 00:00:01 |
<font style="background-color: lightblue; color: red">|* 11 |        TABLE ACCESS FULL              | SI_LOCALES                    |     1 |    11 |     3   (0)| 00:00:01 |</font>
|  12 |    TABLE ACCESS BY INDEX ROWID        | MS_GRC_STANDARD_SUMMARY       |     1 |  4408 |     1   (0)| 00:00:01 |
|* 13 |     INDEX UNIQUE SCAN                 | MS_GRC_STDT_SUMM_IDX1         |     1 |       |     1   (0)| 00:00:01 |
-----------------------------------------------------------------------------------------------------------------------
 
</code></pre><header class="major"><h2>Query Block Name / Object Alias (identified by operation id):</h2></header><pre><code>
 
   1 - SEL$09D7319C
   5 - SEL$09D7319C / KOKBF$0@SEL$3
   6 - SEL$09D7319C / STDMLSSUMM@SEL$1
   7 - SEL$09D7319C / STDMLSSUMM@SEL$1
   8 - SEL$4       
   9 - SEL$4        / T1@SEL$4
  10 - SEL$4        / T1@SEL$4
  11 - SEL$4        / T2@SEL$4
  12 - SEL$09D7319C / STDSUMM@SEL$1
  13 - SEL$09D7319C / STDSUMM@SEL$1
 
</code></pre><header class="major"><h2>Predicate Information (identified by operation id):</h2></header><pre><code>
 
   7 - access("STDMLSSUMM"."OBJECT_ID"=VALUE(KOKBF$))
       filter(TO_NUMBER("STDMLSSUMM"."LOCALE_ID")= (SELECT "LOCALE_ID" FROM "SI_LOCALES" "T2","SI_USERS_T" 
              "T1" WHERE "USER_NAME"=:2 AND "T1"."LOCALE"="T2"."LOCALE_STRING"))
  10 - access("USER_NAME"=:2)
  11 - filter("T1"."LOCALE"="T2"."LOCALE_STRING")
  13 - access("STDMLSSUMM"."OBJECT_ID"="STDSUMM"."OBJECT_ID")
 
</code></pre><header class="major"><h2>Column Projection Information (identified by operation id):</h2></header><pre><code>
 
   1 - (#keys=1) "UPPER_OBJECT_NAME"[VARCHAR2,4000], "STDSUMM"."OBJECT_NAME"[VARCHAR2,4000], 
       "STDMLSSUMM"."OBJECT_LEVEL"[VARCHAR2,800], "STDSUMM"."DD_OBJECT_TYPE"[VARCHAR2,400], 
       "STDSUMM"."OBJECT_ID"[VARCHAR2,400], "STDMLSSUMM"."LOCALE_ID"[VARCHAR2,400]
   2 - (#keys=0) "STDMLSSUMM"."LOCALE_ID"[VARCHAR2,400], "STDMLSSUMM"."OBJECT_LEVEL"[VARCHAR2,800], 
       "STDSUMM"."OBJECT_ID"[VARCHAR2,400], "STDSUMM"."OBJECT_NAME"[VARCHAR2,4000], 
       "STDSUMM"."DD_OBJECT_TYPE"[VARCHAR2,400], "UPPER_OBJECT_NAME"[VARCHAR2,4000]
   3 - (#keys=0) "STDMLSSUMM"."OBJECT_ID"[VARCHAR2,400], "STDMLSSUMM"."LOCALE_ID"[VARCHAR2,400], 
       "STDMLSSUMM"."OBJECT_LEVEL"[VARCHAR2,800]
   4 - (#keys=1) VALUE(KOKBF$)[8000]
   5 - VALUE(A0)[8000]
   6 - "STDMLSSUMM"."OBJECT_ID"[VARCHAR2,400], "STDMLSSUMM"."LOCALE_ID"[VARCHAR2,400], 
       "STDMLSSUMM"."OBJECT_LEVEL"[VARCHAR2,800]
   7 - "STDMLSSUMM".ROWID[ROWID,10], "STDMLSSUMM"."OBJECT_ID"[VARCHAR2,400], 
       "STDMLSSUMM"."LOCALE_ID"[VARCHAR2,400]
   8 - (#keys=0) "LOCALE_ID"[NUMBER,22]
   9 - "T1"."LOCALE"[VARCHAR2,400]
  10 - "T1".ROWID[ROWID,10]
  11 - "LOCALE_ID"[NUMBER,22]
  12 - "STDSUMM"."OBJECT_ID"[VARCHAR2,400], "STDSUMM"."OBJECT_NAME"[VARCHAR2,4000], 
       "STDSUMM"."DD_OBJECT_TYPE"[VARCHAR2,400], "UPPER_OBJECT_NAME"[VARCHAR2,4000]
  13 - "STDSUMM".ROWID[ROWID,10], "STDSUMM"."OBJECT_ID"[VARCHAR2,400]
										</code></pre>
								</section>
						</div>
					</div>

				<!-- Sidebar -->
				<div id="sidebar">
					<div class="inner">
						<!-- Menu -->
						<nav id="menu">
							<header class="major">
								<h2>Menu</h2>
							</header>
							<ul>
								<li><a href="../index.html">Module List</a></li>
								<li><a href="index.html">Summary</a></li>
								<li>
									<span class="opener">DB Analysis</span>
									<ul>
										<li><a href="bad-sql.html">Bad SQL</a></li>
										<li><a href="poor-sql.html">Poor SQL Plan</a></li>
										<li><a href="invalid-sql.html">Invalid SQL</a></li>
										<li><a href="full-sql.html">Full SQL Report</a></li>
										<li><a href="table-nil-key.html">Primary/Unique Key Miss</a></li>
										<li><a href="invalid-db-object.html">Invalid DB Objects</a></li>
										<li><a href="sequence-with-less-cache.html">Sequence</a></li>
										<li><a href="table-index-lob-size.html">Table Size</a></li>
									</ul>
								</li>
								<li>
								    <span class="opener">LOB</span>
								    <ul>
								        <li><a href="lob-no-cache.html">LOB - No Cache</a></li>
								        <li><a href="lob-columns.html">LOB - All Columns</a></li>
								    </ul>
								</li>
								<li>
									<span class="opener">Infolets</span>
									<ul>
										<li><a href="keep-history-infolets.html">Keep History Infolets</a></li>
										<li><a href="plsql-context-switch.html">SQL-PL/SQL Context Switch</a></li>
									</ul>
								</li>
								<li>
									<span class="opener">Pushforms</span>
									<ul>
										<li><a href="pushform-denormalize.html">Pushform Denormalized</a></li>
									</ul>
								</li>
								<li>
									<span class="opener">PL/SQL</span>
									<ul>
										<li><a href="plsql-dyn-qry-objs.html">Dynamic Query</a></li>
									</ul>
								</li>
							</ul>
						</nav>

						<!-- Section -->
						<section>
							<header class="major">
								<h2>Get in touch</h2>
							</header>
							<p>You need more details on the report or want more functionality, don't hesitate to reach out to us.</p>
							<ul class="contact">
								<li class="fa-envelope-o"><a href="mailto:apps-rnd-arch-team@metricstream.com?Subject=Reg - Code Analysis Tool" target="_top">apps-rnd-arch-team@metricstream.com</a></li>
							</ul>
						</section>

						<!-- Footer -->
						<footer id="footer">
							<p class="copyright">&copy; <a href="http://www.metricstream.com" target="_blank">MetricStream</a>. All rights reserved. </p>
						</footer>
					</div>
				</div>
			</div>

		<!-- Scripts -->
			<script src="../../lib/assets/js/jquery.min.js"></script>
			<script src="../../lib/assets/js/skel.min.js"></script>
			<script src="../../lib/assets/js/util.js"></script>
			<!--[if lte IE 8]><script src="../../lib/assets/js/ie/respond.min.js"></script><![endif]-->
			<script src="../../lib/assets/js/main.js"></script>
	</body>
</html>