<!DOCTYPE HTML>
<html>
	<head>
		<title>Code Analysis - MetricStream</title>
		<meta charset="utf-8" />
		<meta name="viewport" content="width=device-width, initial-scale=1, user-scalable=no" />
		<!--[if lte IE 8]><script src="../../lib/assets/js/ie/html5shiv.js"></script><![endif]-->
		<link rel="stylesheet" href="../../lib/assets/css/main.css" />
		<!--[if lte IE 9]><link rel="stylesheet" href="../../lib/assets/css/ie9.css" /><![endif]-->
		<!--[if lte IE 8]><link rel="stylesheet" href="../../lib/assets/css/ie8.css" /><![endif]-->
	</head>
	<body>

		<!-- Wrapper -->
			<div id="wrapper">

				<!-- Main -->
					<div id="main">
						<div class="inner">
							<!-- Header -->
								<header id="header">
									<a href="index.html" class="logo"><strong>Static Code Analysis Report</strong> by Code Analyzer Tool</a>
								</header>

							<!-- Content -->
								<section>
									<!-- Content -->
										<header class="major"><h2>Infolet Details</h2></header>
										<div class="table-wrapper">
											<table>
												<tbody>
													<tr>
														<td><b>Name</b></td>
														<td>MS_GRC_Asset_Class_Parent (100781)</td>
													</tr>
													<tr>
														<td><b>SQL</b></td>
														<td><pre><code>SELECT distinct a.object_name AS obj_name,
  'Level '
  ||a.object_level AS obj_level,
  a.DD_OBJECT_TYPE as OBJ_TYPE,
  a.OBJECT_ID      AS OBJ_ID,c.locale_id as locale_id
FROM MS_GRC_CORE_OBJECT a,
  MS_GRC_CORE_OBJECT_OGN b
  ,si_locales c,
si_users_t d where 
c.locale_string = d.locale
AND d.user_name = :2
and a.OBJECT_ID          = B.OBJECT_ID
AND OBJECT_LEVEL     = (:1 -1)
AND a.DD_OBJECT_TYPE = 'MS_GRC_ASSET_CLASS'
AND TRUNC(sysdate)  >= TRUNC(NVL(VALID_FROM,sysdate))
And Trunc(Sysdate)  <= Trunc(Nvl(Valid_Until,Sysdate))
and ms_grc_utilities.ms_grc_SECURITY(dd_object_type, restrict_access_to, b.OWNER_ORGANIZATIONS, :2, 'VIEW') = 'ACCESS'</code></pre></td>
													</tr>
													<tr>
														<td><b>Description</b></td>
														<td>null</td>
													</tr>
												</tbody>
											</table>
										</div>

										<h2 align="center" id="content">Analysis Report</h2>
										<hr>

<header class="major"><h2>Plan hash value: 1937646934</h2></header><pre><code>
 
------------------------------------------------------------------------------------------------------------------
| Id  | Operation                       | Name                           | Rows  | Bytes | Cost (%CPU)| Time     |
------------------------------------------------------------------------------------------------------------------
|   0 | SELECT STATEMENT                |                                |     1 |   114 |    13   (8)| 00:00:01 |
|   1 |  SORT UNIQUE                    |                                |     1 |   114 |    13   (8)| 00:00:01 |
|*  2 |   HASH JOIN                     |                                |     1 |   114 |    12   (0)| 00:00:01 |
<font style="background-color: lightblue; color: red">|   3 |    MERGE JOIN CARTESIAN         |                                |     1 |    93 |     7   (0)| 00:00:01 |</font>
|   4 |     NESTED LOOPS                |                                |     1 |    30 |     4   (0)| 00:00:01 |
|   5 |      TABLE ACCESS BY INDEX ROWID| SI_USERS_T                     |     1 |    19 |     1   (0)| 00:00:01 |
|*  6 |       INDEX RANGE SCAN          | SI_USERS_T_N3                  |     1 |       |     1   (0)| 00:00:01 |
<font style="background-color: lightblue; color: red">|*  7 |      TABLE ACCESS FULL          | SI_LOCALES                     |     1 |    11 |     3   (0)| 00:00:01 |</font>
|   8 |     BUFFER SORT                 |                                |     1 |    63 |     4   (0)| 00:00:01 |
|*  9 |      TABLE ACCESS BY INDEX ROWID| MS_GRC_CORE_OBJECT             |     1 |    63 |     3   (0)| 00:00:01 |
|* 10 |       INDEX RANGE SCAN          | MS_GRC_IDX_DD_OBJ_TYP_CORE_OBJ |   128 |       |     1   (0)| 00:00:01 |
<font style="background-color: lightblue; color: red">|  11 |    TABLE ACCESS FULL            | MS_GRC_CORE_OBJECT_OGN         |  3219 | 67599 |     5   (0)| 00:00:01 |</font>
------------------------------------------------------------------------------------------------------------------
 
</code></pre><header class="major"><h2>Query Block Name / Object Alias (identified by operation id):</h2></header><pre><code>
 
   1 - SEL$1
   5 - SEL$1 / D@SEL$1
   6 - SEL$1 / D@SEL$1
   7 - SEL$1 / C@SEL$1
   9 - SEL$1 / A@SEL$1
  10 - SEL$1 / A@SEL$1
  11 - SEL$1 / B@SEL$1
 
</code></pre><header class="major"><h2>Predicate Information (identified by operation id):</h2></header><pre><code>
 
   2 - access("A"."OBJECT_ID"="B"."OBJECT_ID")
       filter("MS_GRC_UTILITIES"."MS_GRC_SECURITY"("DD_OBJECT_TYPE","RESTRICT_ACCESS_TO","B"."OWNER_ORGANI
              ZATIONS",:2,'VIEW')='ACCESS')
   6 - access("D"."USER_NAME"=:2)
   7 - filter("C"."LOCALE_STRING"="D"."LOCALE")
   9 - filter(TO_NUMBER("OBJECT_LEVEL")=TO_NUMBER(:1)-1 AND 
              TRUNC(NVL("VALID_FROM",SYSDATE@!))<=TRUNC(SYSDATE@!) AND 
              TRUNC(NVL("VALID_UNTIL",SYSDATE@!))>=TRUNC(SYSDATE@!))
  10 - access("A"."DD_OBJECT_TYPE"='MS_GRC_ASSET_CLASS')
 
</code></pre><header class="major"><h2>Column Projection Information (identified by operation id):</h2></header><pre><code>
 
   1 - (#keys=5) "A"."OBJECT_NAME"[VARCHAR2,4000], 'Level '||"A"."OBJECT_LEVEL"[406], 
       "A"."DD_OBJECT_TYPE"[VARCHAR2,400], "A"."OBJECT_ID"[VARCHAR2,400], "C"."LOCALE_ID"[NUMBER,22]
   2 - (#keys=1) "A"."OBJECT_ID"[VARCHAR2,400], "C"."LOCALE_ID"[NUMBER,22], "OBJECT_LEVEL"[VARCHAR2,400], 
       "A"."OBJECT_NAME"[VARCHAR2,4000], "DD_OBJECT_TYPE"[VARCHAR2,400]
   3 - (#keys=0) "C"."LOCALE_ID"[NUMBER,22], "OBJECT_LEVEL"[VARCHAR2,400], 
       "RESTRICT_ACCESS_TO"[VARCHAR2,40], "A"."OBJECT_ID"[VARCHAR2,400], "DD_OBJECT_TYPE"[VARCHAR2,400], 
       "A"."OBJECT_NAME"[VARCHAR2,4000]
   4 - (#keys=0) "C"."LOCALE_ID"[NUMBER,22]
   5 - "D"."LOCALE"[VARCHAR2,100]
   6 - "D".ROWID[ROWID,10]
   7 - "C"."LOCALE_ID"[NUMBER,22]
   8 - (#keys=0) "OBJECT_LEVEL"[VARCHAR2,400], "RESTRICT_ACCESS_TO"[VARCHAR2,40], 
       "A"."OBJECT_ID"[VARCHAR2,400], "DD_OBJECT_TYPE"[VARCHAR2,400], "A"."OBJECT_NAME"[VARCHAR2,4000]
   9 - "OBJECT_LEVEL"[VARCHAR2,400], "RESTRICT_ACCESS_TO"[VARCHAR2,40], "A"."OBJECT_ID"[VARCHAR2,400], 
       "DD_OBJECT_TYPE"[VARCHAR2,400], "A"."OBJECT_NAME"[VARCHAR2,4000]
  10 - "A".ROWID[ROWID,10], "DD_OBJECT_TYPE"[VARCHAR2,400]
  11 - "B"."OWNER_ORGANIZATIONS"[VARCHAR2,4000], "B"."OBJECT_ID"[VARCHAR2,400]
										</code></pre>
								</section>
						</div>
					</div>

				<!-- Sidebar -->
				<div id="sidebar">
					<div class="inner">
						<!-- Menu -->
						<nav id="menu">
							<header class="major">
								<h2>Menu</h2>
							</header>
							<ul>
								<li><a href="../index.html">Module List</a></li>
								<li><a href="index.html">Summary</a></li>
								<li>
									<span class="opener">DB Analysis</span>
									<ul>
										<li><a href="bad-sql.html">Bad SQL</a></li>
										<li><a href="poor-sql.html">Poor SQL Plan</a></li>
										<li><a href="invalid-sql.html">Invalid SQL</a></li>
										<li><a href="full-sql.html">Full SQL Report</a></li>
										<li><a href="table-nil-key.html">Primary/Unique Key Miss</a></li>
										<li><a href="invalid-db-object.html">Invalid DB Objects</a></li>
									</ul>
								</li>
								<li>
									<span class="opener">Infolets</span>
									<ul>
										<li><a href="keep-history-infolets.html">Keep History Infolets</a></li>
									</ul>
								</li>
								<li>
									<span class="opener">Pushforms</span>
									<ul>
										<li><a href="pushform-denormalize.html">Pushform Denormalized</a></li>
									</ul>
								</li>
							</ul>
						</nav>

						<!-- Section -->
						<section>
							<header class="major">
								<h2>Get in touch</h2>
							</header>
							<p>You need more details on the report or want more functionality, don't hesitate to reach out to us.</p>
							<ul class="contact">
								<li class="fa-envelope-o"><a href="mailto:rnd@metricstream.com?Subject=Reg - Static Code Analysis Tool" target="_top">rnd@metricstream.com</a></li>
							</ul>
						</section>

						<!-- Footer -->
						<footer id="footer">
							<p class="copyright">&copy; <a href="http://www.metricstream.com" target="_blank">MetricStream</a>. All rights reserved. </p>
						</footer>
					</div>
				</div>
			</div>

		<!-- Scripts -->
			<script src="../../lib/assets/js/jquery.min.js"></script>
			<script src="../../lib/assets/js/skel.min.js"></script>
			<script src="../../lib/assets/js/util.js"></script>
			<!--[if lte IE 8]><script src="../../lib/assets/js/ie/respond.min.js"></script><![endif]-->
			<script src="../../lib/assets/js/main.js"></script>
	</body>
</html>