<!DOCTYPE HTML>
<html>
	<head>
		<title>Code Analysis - MetricStream</title>
		<meta charset="utf-8" />
		<meta name="viewport" content="width=device-width, initial-scale=1, user-scalable=no" />
		<!--[if lte IE 8]><script src="../../lib/assets/js/ie/html5shiv.js"></script><![endif]-->
		<link rel="stylesheet" href="../../lib/assets/css/main.css" />
		<!--[if lte IE 9]><link rel="stylesheet" href="../../lib/assets/css/ie9.css" /><![endif]-->
		<!--[if lte IE 8]><link rel="stylesheet" href="../../lib/assets/css/ie8.css" /><![endif]-->
	</head>
	<body>

		<!-- Wrapper -->
			<div id="wrapper">

				<!-- Main -->
					<div id="main">
						<div class="inner">
							<!-- Header -->
								<header id="header">
									<a href="index.html" class="logo"><strong>Static Code Analysis Report</strong> by Code Analyzer Tool</a>
								</header>

							<!-- Content -->
								<section>
									<!-- Content -->
										<header class="major"><h2>Infolet Details</h2></header>
										<div class="table-wrapper">
											<table>
												<tbody>
													<tr>
														<th>Name</th>
														<td>MS_GRC_OBJC_ORB_Rpt_Inf (100958)</td>
													</tr>
													<tr>
														<th>SQL</th>
														<td><pre><code>select OBJC_SUMM.object_id AS object_id
,OBJC_SUMM.OBJECT_NAME AS OBJECT_NAME
,(SELECT object_name
    FROM MS_GRC_OBJECTIVES objc
    WHERE objc.object_id = OBJC_SUMM.parent
    ) AS PARENT_NAME
,MLS_SUMM.OBJECTIVE_TYPE AS OBJECTIVE_TYPE
,MLS_SUMM.COSO_TYPE AS COSO_TYPE
,TO_CHAR(MLS_SUMM.OBJECTIVE_TYPE) AS additional_details
,'MS_GRC_OBJECTIVES' AS ADDITIONAL_COLUMN3,
NULL AS FORM_URL 
,'MS_GRC_OBJECTIVES' AS ADDITIONAL_COLUMN4,
OBJC_SUMM.UPPER_OBJECT_NAME as upper_object_name,
MLS_SUMM.object_level as object_level
from MS_GRC_OBJECTIVE_SUMMARY OBJC_SUMM,MS_GRC_OBJECTIVE_MLS_SUMMARY MLS_SUMM
where OBJC_SUMM.OBJECT_ID = MLS_SUMM.OBJECT_ID
and MLS_SUMM.LOCALE_ID = (select LOCALE_ID from SI_USERS_T T1 ,SI_LOCALES T2 where USER_NAME = :1 and T1.LOCALE = T2.LOCALE_STRING)
AND EXISTS
    (SELECT COLUMN_VALUE 
    from table (CAST(ms_grc_orb_report_filter.Fn_Objectives_ORB_Filters(:1,:2,:3,:4,:5,:6) as ms_varchar2_array)) 
    WHERE COLUMN_VALUE = OBJC_SUMM.OBJECT_ID
    )
AND TRUNC(sysdate) BETWEEN NVL(TRUNC(OBJC_SUMM.valid_from),TRUNC(sysdate)) AND NVL(TRUNC(OBJC_SUMM.valid_until),TRUNC(sysdate))  order by upper_object_name</code></pre></td>
													</tr>
													<tr>
														<th>Description</th>
														<td>This infolet extracts data from summary tables and is thereby used in MS_GRC_OBJC_ORB_REPORT report</td>
													</tr>
												</tbody>
											</table>
										</div>

										<h2 align="center" id="content">Analysis Report</h2>
										<hr>

<header class="major"><h2>Plan hash value: 4075775297</h2></header><pre><code>
 
----------------------------------------------------------------------------------------------------------------------
| Id  | Operation                             | Name                         | Rows  | Bytes | Cost (%CPU)| Time     |
----------------------------------------------------------------------------------------------------------------------
|   0 | SELECT STATEMENT                      |                              |     1 | 12638 |    37   (6)| 00:00:01 |
|   1 |  TABLE ACCESS BY INDEX ROWID          | MS_GRC_OBJECTIVES            |     1 |    84 |     1   (0)| 00:00:01 |
|*  2 |   INDEX UNIQUE SCAN                   | MS_GRC_OBJECTIVES_PK         |     1 |       |     1   (0)| 00:00:01 |
|   3 |  SORT ORDER BY                        |                              |     1 | 12638 |    37   (6)| 00:00:01 |
|   4 |   NESTED LOOPS                        |                              |     1 | 12638 |    32   (4)| 00:00:01 |
|   5 |    MERGE JOIN SEMI                    |                              |     1 |  5628 |    31   (4)| 00:00:01 |
|*  6 |     TABLE ACCESS BY INDEX ROWID       | MS_GRC_OBJECTIVE_SUMMARY     |     1 |  5626 |     1   (0)| 00:00:01 |
|   7 |      INDEX FULL SCAN                  | MS_GRC_OBJEC_SUMM_IDX1       |     1 |       |     1   (0)| 00:00:01 |
|*  8 |     SORT UNIQUE                       |                              |  8168 | 16336 |    30   (4)| 00:00:01 |
<font style="background-color: lightblue; color: red">|   9 |      COLLECTION ITERATOR PICKLER FETCH| FN_OBJECTIVES_ORB_FILTERS    |  8168 | 16336 |    29   (0)| 00:00:01 |</font>
|  10 |    TABLE ACCESS BY INDEX ROWID        | MS_GRC_OBJECTIVE_MLS_SUMMARY |     1 |  7010 |     1   (0)| 00:00:01 |
|* 11 |     INDEX RANGE SCAN                  | MS_GRC_OBJC_MLS_SUMM_IDX2    |     1 |       |     1   (0)| 00:00:01 |
|  12 |      NESTED LOOPS                     |                              |     1 |    30 |     4   (0)| 00:00:01 |
|  13 |       TABLE ACCESS BY INDEX ROWID     | SI_USERS_T                   |     1 |    19 |     1   (0)| 00:00:01 |
|* 14 |        INDEX UNIQUE SCAN              | USER_NAME_UK                 |     1 |       |     1   (0)| 00:00:01 |
<font style="background-color: lightblue; color: red">|* 15 |       TABLE ACCESS FULL               | SI_LOCALES                   |     1 |    11 |     3   (0)| 00:00:01 |</font>
----------------------------------------------------------------------------------------------------------------------
 
</code></pre><header class="major"><h2>Query Block Name / Object Alias (identified by operation id):</h2></header><pre><code>
 
   1 - SEL$2        / OBJC@SEL$2
   2 - SEL$2        / OBJC@SEL$2
   3 - SEL$9A916132
   6 - SEL$9A916132 / OBJC_SUMM@SEL$1
   7 - SEL$9A916132 / OBJC_SUMM@SEL$1
   9 - SEL$9A916132 / KOKBF$0@SEL$5
  10 - SEL$9A916132 / MLS_SUMM@SEL$1
  11 - SEL$9A916132 / MLS_SUMM@SEL$1
  12 - SEL$3       
  13 - SEL$3        / T1@SEL$3
  14 - SEL$3        / T1@SEL$3
  15 - SEL$3        / T2@SEL$3
 
</code></pre><header class="major"><h2>Predicate Information (identified by operation id):</h2></header><pre><code>
 
   2 - access("OBJC"."OBJECT_ID"=:B1)
   6 - filter(NVL(TRUNC(INTERNAL_FUNCTION("OBJC_SUMM"."VALID_FROM")),TRUNC(SYSDATE@!))<=TRUNC(SYSDATE@!) AND 
              NVL(TRUNC(INTERNAL_FUNCTION("OBJC_SUMM"."VALID_UNTIL")),TRUNC(SYSDATE@!))>=TRUNC(SYSDATE@!))
   8 - access("OBJC_SUMM"."OBJECT_ID"=VALUE(KOKBF$))
       filter("OBJC_SUMM"."OBJECT_ID"=VALUE(KOKBF$))
  11 - access("OBJC_SUMM"."OBJECT_ID"="MLS_SUMM"."OBJECT_ID")
       filter(TO_NUMBER("MLS_SUMM"."LOCALE_ID")= (SELECT "LOCALE_ID" FROM "SI_LOCALES" "T2","SI_USERS_T" "T1" 
              WHERE "USER_NAME"=:1 AND "T1"."LOCALE"="T2"."LOCALE_STRING"))
  14 - access("USER_NAME"=:1)
  15 - filter("T1"."LOCALE"="T2"."LOCALE_STRING")
 
</code></pre><header class="major"><h2>Column Projection Information (identified by operation id):</h2></header><pre><code>
 
   1 - "OBJC".ROWID[ROWID,10], "OBJECT_NAME"[VARCHAR2,4000]
   2 - "OBJC".ROWID[ROWID,10]
   3 - (#keys=1) "OBJC_SUMM"."UPPER_OBJECT_NAME"[VARCHAR2,4000], "OBJC_SUMM"."OBJECT_ID"[VARCHAR2,1600], 
       "OBJC_SUMM"."OBJECT_NAME"[VARCHAR2,4000],  (SELECT "OBJECT_NAME" FROM "MS_GRC_OBJECTIVES" "OBJC" WHERE 
       "OBJC"."OBJECT_ID"=:B1)[4000], "MLS_SUMM"."OBJECTIVE_TYPE"[LOB,4000], "MLS_SUMM"."COSO_TYPE"[LOB,4000], 
       TO_CHAR("MLS_SUMM"."OBJECTIVE_TYPE")[4000], 'MS_GRC_OBJECTIVES'[17], NULL[0], 'MS_GRC_OBJECTIVES'[17], 
       "MLS_SUMM"."OBJECT_LEVEL"[VARCHAR2,4000]
   4 - (#keys=0) "OBJC_SUMM"."OBJECT_ID"[VARCHAR2,1600], "OBJC_SUMM"."UPPER_OBJECT_NAME"[VARCHAR2,4000], 
       "OBJC_SUMM"."OBJECT_NAME"[VARCHAR2,4000], "OBJC_SUMM"."PARENT"[VARCHAR2,1600], 
       "MLS_SUMM"."OBJECTIVE_TYPE"[LOB,4000], "MLS_SUMM"."COSO_TYPE"[LOB,4000], 
       "MLS_SUMM"."OBJECT_LEVEL"[VARCHAR2,4000]
   5 - (#keys=0) "OBJC_SUMM"."OBJECT_ID"[VARCHAR2,1600], "OBJC_SUMM"."UPPER_OBJECT_NAME"[VARCHAR2,4000], 
       "OBJC_SUMM"."OBJECT_NAME"[VARCHAR2,4000], "OBJC_SUMM"."PARENT"[VARCHAR2,1600]
   6 - "OBJC_SUMM"."UPPER_OBJECT_NAME"[VARCHAR2,4000], "OBJC_SUMM"."OBJECT_ID"[VARCHAR2,1600], 
       "OBJC_SUMM"."OBJECT_NAME"[VARCHAR2,4000], "OBJC_SUMM"."PARENT"[VARCHAR2,1600]
   7 - "OBJC_SUMM".ROWID[ROWID,10], "OBJC_SUMM"."OBJECT_ID"[VARCHAR2,1600]
   8 - (#keys=1) VALUE(KOKBF$)[8000]
   9 - VALUE(A0)[8000]
  10 - "MLS_SUMM"."OBJECTIVE_TYPE"[LOB,4000], "MLS_SUMM"."COSO_TYPE"[LOB,4000], 
       "MLS_SUMM"."OBJECT_LEVEL"[VARCHAR2,4000]
  11 - "MLS_SUMM".ROWID[ROWID,10]
  12 - (#keys=0) "LOCALE_ID"[NUMBER,22]
  13 - "T1"."LOCALE"[VARCHAR2,400]
  14 - "T1".ROWID[ROWID,10]
  15 - "LOCALE_ID"[NUMBER,22]
										</code></pre>
								</section>
						</div>
					</div>

				<!-- Sidebar -->
				<div id="sidebar">
					<div class="inner">
						<!-- Menu -->
						<nav id="menu">
							<header class="major">
								<h2>Menu</h2>
							</header>
							<ul>
								<li><a href="../index.html">Module List</a></li>
								<li><a href="index.html">Summary</a></li>
								<li>
									<span class="opener">DB Analysis</span>
									<ul>
										<li><a href="bad-sql.html">Bad SQL</a></li>
										<li><a href="poor-sql.html">Poor SQL Plan</a></li>
										<li><a href="invalid-sql.html">Invalid SQL</a></li>
										<li><a href="full-sql.html">Full SQL Report</a></li>
										<li><a href="table-nil-key.html">Primary/Unique Key Miss</a></li>
										<li><a href="invalid-db-object.html">Invalid DB Objects</a></li>
										<li><a href="sequence-with-less-cache.html">Sequence</a></li>
										<li><a href="table-index-lob-size.html">Table Size</a></li>
									</ul>
								</li>
								<li>
								    <span class="opener">LOB</span>
								    <ul>
								        <li><a href="lob-no-cache.html">LOB - No Cache</a></li>
								        <li><a href="lob-columns.html">LOB - All Columns</a></li>
								    </ul>
								</li>
								<li>
									<span class="opener">Infolets</span>
									<ul>
										<li><a href="keep-history-infolets.html">Keep History Infolets</a></li>
										<li><a href="plsql-context-switch.html">SQL-PL/SQL Context Switch</a></li>
									</ul>
								</li>
								<li>
									<span class="opener">Pushforms</span>
									<ul>
										<li><a href="pushform-denormalize.html">Pushform Denormalized</a></li>
									</ul>
								</li>
								<li>
									<span class="opener">PL/SQL</span>
									<ul>
										<li><a href="plsql-dyn-qry-objs.html">Dynamic Query</a></li>
									</ul>
								</li>
							</ul>
						</nav>

						<!-- Section -->
						<section>
							<header class="major">
								<h2>Get in touch</h2>
							</header>
							<p>You need more details on the report or want more functionality, don't hesitate to reach out to us.</p>
							<ul class="contact">
								<li class="fa-envelope-o"><a href="mailto:apps-rnd-arch-team@metricstream.com?Subject=Reg - Code Analysis Tool" target="_top">apps-rnd-arch-team@metricstream.com</a></li>
							</ul>
						</section>

						<!-- Footer -->
						<footer id="footer">
							<p class="copyright">&copy; <a href="http://www.metricstream.com" target="_blank">MetricStream</a>. All rights reserved. </p>
						</footer>
					</div>
				</div>
			</div>

		<!-- Scripts -->
			<script src="../../lib/assets/js/jquery.min.js"></script>
			<script src="../../lib/assets/js/skel.min.js"></script>
			<script src="../../lib/assets/js/util.js"></script>
			<!--[if lte IE 8]><script src="../../lib/assets/js/ie/respond.min.js"></script><![endif]-->
			<script src="../../lib/assets/js/main.js"></script>
	</body>
</html>