<!DOCTYPE HTML>
<html>
	<head>
		<title>Code Analysis - MetricStream</title>
		<meta charset="utf-8" />
		<meta name="viewport" content="width=device-width, initial-scale=1, user-scalable=no" />
		<!--[if lte IE 8]><script src="../../lib/assets/js/ie/html5shiv.js"></script><![endif]-->
		<link rel="stylesheet" href="../../lib/assets/css/main.css" />
		<!--[if lte IE 9]><link rel="stylesheet" href="../../lib/assets/css/ie9.css" /><![endif]-->
		<!--[if lte IE 8]><link rel="stylesheet" href="../../lib/assets/css/ie8.css" /><![endif]-->
	</head>
	<body>

		<!-- Wrapper -->
			<div id="wrapper">

				<!-- Main -->
					<div id="main">
						<div class="inner">
							<!-- Header -->
								<header id="header">
									<a href="index.html" class="logo"><strong>Static Code Analysis Report</strong> by Code Analyzer Tool</a>
								</header>

							<!-- Content -->
								<section>
									<!-- Content -->
										<header class="major"><h2>Infolet Details</h2></header>
										<div class="table-wrapper">
											<table>
												<tbody>
													<tr>
														<td><b>Name</b></td>
														<td>MS_GRC_61_SP2_AOC_LIST_INF (100683)</td>
													</tr>
													<tr>
														<td><b>SQL</b></td>
														<td><pre><code>select AOCSUMM.OBJECT_ID as AREA_OF_COMPLIANCE_ID,
AOCSUMM.OBJECT_NAME as AREA_OF_COMPLIANCE_NAME,
AOCMLSSUMM.OBJECT_STATUS as STATUS,
AOCMLSSUMM.aoc_type as aoc_type,
AOCSUMM.created_on as created_on,
  (SELECT usr.first_name
			   || ' '
			   || usr.last_name
		  FROM si_users_t usr
		 WHERE AOCSUMM.CREATED_BY = usr.user_name
	   ) as CREATED_BY,
AOCSUMM.updated_on as modified_on,
   (SELECT usr.first_name
			   || ' '
			   || usr.last_name
		  FROM si_users_t usr
		 WHERE AOCSUMM.Updated_By = usr.user_name
	   ) AS  modification_requested_by,
AOCSUMM.valid_from as valid_from,
AOCSUMM.valid_until as valid_until ,
AOCSUMM.description as description,
owner_org_names as Owner_Organizations,
owner_name as owners,
  (SELECT usr.first_name
			   || ' '
			   || usr.last_name
		  FROM si_users_t usr
		 WHERE AOCSUMM.LEVEL_1_APPROVER = usr.user_name
	   )  as Level_1_Approver,
(SELECT usr.first_name
			   || ' '
			   || usr.last_name
		  FROM si_users_t usr
		 WHERE AOCSUMM.LEVEL_2_APPROVER = usr.user_name
	   )  as Level_2_Approver,
rel_organization_names as Applies_to_Organizations,
rel_ctrl_obj_name_agg as Controls,
REL_MOD_REF_OBJ_NAME_AGG as Framework_Reference,
rel_function_obj_name_agg as Functions,
rel_product_name_agg as Products,
rel_refrences_obj_name_agg as References,
rel_reg_body_obj_name_agg as Regulatory_Bodies,
rel_requirement_obj_name_agg as Requirements,
rel_risk_obj_name_agg as Risks,
rel_standard_obj_name_agg as Standards,
ATTACHMENTS as ATTACHED_FILES,
(MS_GRC_UTILITIES.FN_GET_REPORT_JSON((SELECT METRIC_ID FROM SI_METRICS_T WHERE METRIC_NAME='MS_GRC_AREA_OF_COMPLIANCE'),AOCSUMM.DD_PROCESS_INSTANCE_ID,(SELECT DD_INSTANCE_ID FROM MS_GRC_AREA_OF_COMPLIA WHERE OBJECT_ID=AOCMLSSUMM.OBJECT_ID),
'''flag=1'||CHR(38)||'emd=1'||CHR(38)||'x_edit_mode=Yes'||CHR (38)|| 'wrapper= No'|| CHR (38)|| 'mode=view''')) as REPORT_JSON,
LEVEL_1_APPROVER as LEVEL_1_APPR,
Level_2_Approver as LEVEL_2_APPR
,AOCSUMM.UPPER_OBJECT_NAME AS UPPER_OBJECT_NAME
from MS_GRC_AOC_SUMMARY AOCSUMM,
	   MS_GRC_AOC_MLS_SUMMARY AOCMLSSUMM,
(
	SELECT COLUMN_VALUE
	FROM 
	TABLE( CAST(ms_grc_rep_browser_fil_denorm.fn_AOC_report_filters(ms_grc_array_type(:1,:2,:3,:4,:6, to_char(:7,'YYYY-MM-DD'),to_char(:8,'YYYY-MM-DD'),:9,:10,to_char(:11,'YYYY-MM-DD'),to_char(:12,'YYYY-MM-DD'),to_char(:13,'YYYY-MM-DD'),to_char(:14,'YYYY-MM-DD'),
:15,:16,:17,:18,:19,NULL,NULL,NULL,NULL,:20,NULL,	  :21,:22,NULL,NULL,NULL,NULL,:23,:24,:25,:26, :27,:28,'MS_GRC_AREA_OF_COMPLIANCE',:29))AS ms_varchar2_array) ) ) COLVAL,
 (select LOCALE_ID from SI_USERS_T T1 ,SI_LOCALES T2 where USER_NAME = :29  and T1.LOCALE = T2.LOCALE_STRING) loc
where COLVAL.column_value = AOCMLSSUMM.OBJECT_ID
and COLVAL.column_value = AOCSUMM.OBJECT_ID
and LOC.LOCALE_ID = AOCMLSSUMM.LOCALE_ID
and NVL(IS_ORPHAN, 1) = NVL(:5,NVL(IS_ORPHAN,1))</code></pre></td>
													</tr>
													<tr>
														<td><b>Description</b></td>
														<td>This infolet is used for fetching the Library data for Area of Compliance list report. It consists of the parameters specific to Area of compliance object and also the related library object parmaters. It does not contain any mandatory parameter.</td>
													</tr>
												</tbody>
											</table>
										</div>

										<h2 align="center" id="content">Analysis Report</h2>
										<hr>

<header class="major"><h2>Plan hash value: 2278856</h2></header><pre><code>
 
-------------------------------------------------------------------------------------------------------------------
| Id  | Operation                             | Name                      | Rows  | Bytes | Cost (%CPU)| Time     |
-------------------------------------------------------------------------------------------------------------------
|   0 | SELECT STATEMENT                      |                           |  4084 |  5503K|    51   (2)| 00:00:01 |
|   1 |  TABLE ACCESS BY INDEX ROWID          | SI_USERS_T                |     1 |    28 |     1   (0)| 00:00:01 |
|*  2 |   INDEX RANGE SCAN                    | SI_USERS_T_N3             |     1 |       |     1   (0)| 00:00:01 |
|   3 |  TABLE ACCESS BY INDEX ROWID          | SI_USERS_T                |     1 |    28 |     1   (0)| 00:00:01 |
|*  4 |   INDEX RANGE SCAN                    | SI_USERS_T_N3             |     1 |       |     1   (0)| 00:00:01 |
|   5 |  TABLE ACCESS BY INDEX ROWID          | SI_USERS_T                |     1 |    28 |     1   (0)| 00:00:01 |
|*  6 |   INDEX RANGE SCAN                    | SI_USERS_T_N3             |     1 |       |     1   (0)| 00:00:01 |
|   7 |  TABLE ACCESS BY INDEX ROWID          | SI_USERS_T                |     1 |    28 |     1   (0)| 00:00:01 |
|*  8 |   INDEX RANGE SCAN                    | SI_USERS_T_N3             |     1 |       |     1   (0)| 00:00:01 |
|   9 |  TABLE ACCESS BY INDEX ROWID          | SI_METRICS_T              |     1 |    34 |     1   (0)| 00:00:01 |
|* 10 |   INDEX RANGE SCAN                    | SI_METRICS_T_N7           |     1 |       |     1   (0)| 00:00:01 |
|  11 |   TABLE ACCESS BY INDEX ROWID         | MS_GRC_AREA_OF_COMPLIA    |     1 |    18 |     1   (0)| 00:00:01 |
|* 12 |    INDEX UNIQUE SCAN                  | MS_GRC_AREA_OF_COMPLIA_PK |     1 |       |     1   (0)| 00:00:01 |
|* 13 |  HASH JOIN                            |                           |  4084 |  5503K|    51   (2)| 00:00:01 |
|* 14 |   INDEX FULL SCAN                     | MS_GRC_AOC_SUMMARY_PK     |    41 | 53751 |    10   (0)| 00:00:01 |
|* 15 |   HASH JOIN                           |                           |  4084 |   275K|    36   (0)| 00:00:01 |
<font style="background-color: lightblue; color: red">|  16 |    TABLE ACCESS FULL                  | MS_GRC_AOC_MLS_SUMMARY    |    41 |  1517 |     3   (0)| 00:00:01 |</font>
<font style="background-color: lightblue; color: red">|  17 |    MERGE JOIN CARTESIAN               |                           |  8168 |   255K|    33   (0)| 00:00:01 |</font>
|  18 |     NESTED LOOPS                      |                           |     1 |    30 |     4   (0)| 00:00:01 |
|  19 |      TABLE ACCESS BY INDEX ROWID      | SI_USERS_T                |     1 |    19 |     1   (0)| 00:00:01 |
|* 20 |       INDEX RANGE SCAN                | SI_USERS_T_N3             |     1 |       |     1   (0)| 00:00:01 |
<font style="background-color: lightblue; color: red">|* 21 |      TABLE ACCESS FULL                | SI_LOCALES                |     1 |    11 |     3   (0)| 00:00:01 |</font>
|  22 |     BUFFER SORT                       |                           |  8168 | 16336 |    30   (0)| 00:00:01 |
<font style="background-color: lightblue; color: red">|  23 |      COLLECTION ITERATOR PICKLER FETCH| FN_AOC_REPORT_FILTERS     |  8168 | 16336 |    29   (0)| 00:00:01 |</font>
-------------------------------------------------------------------------------------------------------------------
 
</code></pre><header class="major"><h2>Query Block Name / Object Alias (identified by operation id):</h2></header><pre><code>
 
   1 - SEL$2        / USR@SEL$2
   2 - SEL$2        / USR@SEL$2
   3 - SEL$3        / USR@SEL$3
   4 - SEL$3        / USR@SEL$3
   5 - SEL$4        / USR@SEL$4
   6 - SEL$4        / USR@SEL$4
   7 - SEL$5        / USR@SEL$5
   8 - SEL$5        / USR@SEL$5
   9 - SEL$6        / SI_METRICS_T@SEL$6
  10 - SEL$6        / SI_METRICS_T@SEL$6
  11 - SEL$7        / MS_GRC_AREA_OF_COMPLIA@SEL$7
  12 - SEL$7        / MS_GRC_AREA_OF_COMPLIA@SEL$7
  13 - SEL$5CF41B13
  14 - SEL$5CF41B13 / AOCSUMM@SEL$1
  16 - SEL$5CF41B13 / AOCMLSSUMM@SEL$1
  19 - SEL$5CF41B13 / T1@SEL$10
  20 - SEL$5CF41B13 / T1@SEL$10
  21 - SEL$5CF41B13 / T2@SEL$10
  23 - SEL$5CF41B13 / KOKBF$0@SEL$9
 
</code></pre><header class="major"><h2>Predicate Information (identified by operation id):</h2></header><pre><code>
 
   2 - access("USR"."USER_NAME"=:B1)
   4 - access("USR"."USER_NAME"=:B1)
   6 - access("USR"."USER_NAME"=:B1)
   8 - access("USR"."USER_NAME"=:B1)
  10 - access("METRIC_NAME"='MS_GRC_AREA_OF_COMPLIANCE')
  12 - access("OBJECT_ID"=:B1)
  13 - access("AOCSUMM"."OBJECT_ID"=VALUE(KOKBF$))
  14 - filter(NVL("IS_ORPHAN",1)=NVL(:5,NVL("IS_ORPHAN",1)))
  15 - access("AOCMLSSUMM"."OBJECT_ID"=VALUE(KOKBF$) AND "LOCALE_ID"=TO_NUMBER("AOCMLSSUMM"."LOCALE_ID"))
  20 - access("USER_NAME"=:29)
  21 - filter("T1"."LOCALE"="T2"."LOCALE_STRING")
 
</code></pre><header class="major"><h2>Column Projection Information (identified by operation id):</h2></header><pre><code>
 
   1 - "USR".ROWID[ROWID,10], "USR"."LAST_NAME"[VARCHAR2,100], "USR"."FIRST_NAME"[VARCHAR2,100]
   2 - "USR".ROWID[ROWID,10]
   3 - "USR".ROWID[ROWID,10], "USR"."LAST_NAME"[VARCHAR2,100], "USR"."FIRST_NAME"[VARCHAR2,100]
   4 - "USR".ROWID[ROWID,10]
   5 - "USR".ROWID[ROWID,10], "USR"."LAST_NAME"[VARCHAR2,100], "USR"."FIRST_NAME"[VARCHAR2,100]
   6 - "USR".ROWID[ROWID,10]
   7 - "USR".ROWID[ROWID,10], "USR"."LAST_NAME"[VARCHAR2,100], "USR"."FIRST_NAME"[VARCHAR2,100]
   8 - "USR".ROWID[ROWID,10]
   9 - "SI_METRICS_T".ROWID[ROWID,10], "METRIC_ID"[NUMBER,22]
  10 - "SI_METRICS_T".ROWID[ROWID,10]
  11 - "MS_GRC_AREA_OF_COMPLIA".ROWID[ROWID,10], "DD_INSTANCE_ID"[NUMBER,22]
  12 - "MS_GRC_AREA_OF_COMPLIA".ROWID[ROWID,10]
  13 - (#keys=1) "AOCSUMM"."OBJECT_ID"[VARCHAR2,400], "AOCSUMM"."UPPER_OBJECT_NAME"[VARCHAR2,3000], 
       "REL_STANDARD_OBJ_NAME_AGG"[LOB,4000], "AOCSUMM"."OBJECT_NAME"[VARCHAR2,4000], 
       "AOCSUMM"."DESCRIPTION"[LOB,4000], "AOCSUMM"."VALID_UNTIL"[DATE,7], "AOCSUMM"."VALID_FROM"[DATE,7], 
       "AOCSUMM"."DD_PROCESS_INSTANCE_ID"[NUMBER,22], "OWNER_NAME"[LOB,4000], "OWNER_ORG_NAMES"[LOB,4000], 
       "LEVEL_1_APPROVER"[VARCHAR2,1000], "LEVEL_2_APPROVER"[VARCHAR2,1000], "ATTACHMENTS"[LOB,4000], 
       "AOCSUMM"."UPDATED_BY"[VARCHAR2,804], "AOCSUMM"."UPDATED_ON"[DATE,7], 
       "AOCSUMM"."CREATED_BY"[VARCHAR2,804], "AOCSUMM"."CREATED_ON"[DATE,7], "REL_CTRL_OBJ_NAME_AGG"[LOB,4000], 
       "REL_FUNCTION_OBJ_NAME_AGG"[LOB,4000], "REL_MOD_REF_OBJ_NAME_AGG"[LOB,4000], 
       "REL_ORGANIZATION_NAMES"[LOB,4000], "REL_PRODUCT_NAME_AGG"[LOB,4000], 
       "REL_REFRENCES_OBJ_NAME_AGG"[LOB,4000], "REL_REG_BODY_OBJ_NAME_AGG"[LOB,4000], 
       "REL_REQUIREMENT_OBJ_NAME_AGG"[LOB,4000], "REL_RISK_OBJ_NAME_AGG"[LOB,4000], 
       "AOCMLSSUMM"."OBJECT_ID"[VARCHAR2,400], "AOCMLSSUMM"."OBJECT_STATUS"[VARCHAR2,4000], 
       "AOCMLSSUMM"."AOC_TYPE"[LOB,4000]
  14 - "AOCSUMM".ROWID[ROWID,3034], "AOCSUMM"."UPPER_OBJECT_NAME"[VARCHAR2,3000], 
       "OBJ_AOC_SUMM_WID"[NUMBER,22], "IS_ORPHAN"[NUMBER,22], "AOCSUMM"."OBJECT_ID"[VARCHAR2,400], 
       "AOCSUMM"."OBJECT_NAME"[VARCHAR2,4000], "AOCSUMM"."DESCRIPTION"[LOB,4000], 
       "AOCSUMM"."VALID_UNTIL"[DATE,7], "AOCSUMM"."VALID_FROM"[DATE,7], 
       "AOCSUMM"."DD_PROCESS_INSTANCE_ID"[NUMBER,22], "OWNER_NAME"[LOB,4000], "OWNER_ORG_NAMES"[LOB,4000], 
       "LEVEL_1_APPROVER"[VARCHAR2,1000], "LEVEL_2_APPROVER"[VARCHAR2,1000], "ATTACHMENTS"[LOB,4000], 
       "AOCSUMM"."UPDATED_BY"[VARCHAR2,804], "AOCSUMM"."UPDATED_ON"[DATE,7], 
       "AOCSUMM"."CREATED_BY"[VARCHAR2,804], "AOCSUMM"."CREATED_ON"[DATE,7], "REL_CTRL_OBJ_NAME_AGG"[LOB,4000], 
       "REL_FUNCTION_OBJ_NAME_AGG"[LOB,4000], "REL_MOD_REF_OBJ_NAME_AGG"[LOB,4000], 
       "REL_ORGANIZATION_NAMES"[LOB,4000], "REL_PRODUCT_NAME_AGG"[LOB,4000], 
       "REL_REFRENCES_OBJ_NAME_AGG"[LOB,4000], "REL_REG_BODY_OBJ_NAME_AGG"[LOB,4000], 
       "REL_REQUIREMENT_OBJ_NAME_AGG"[LOB,4000], "REL_RISK_OBJ_NAME_AGG"[LOB,4000], 
       "REL_STANDARD_OBJ_NAME_AGG"[LOB,4000]
  15 - (#keys=2) "AOCMLSSUMM"."OBJECT_ID"[VARCHAR2,400], "AOCMLSSUMM"."OBJECT_STATUS"[VARCHAR2,4000], 
       "AOCMLSSUMM"."AOC_TYPE"[LOB,4000], VALUE(A0)[8000]
  16 - "AOCMLSSUMM"."OBJECT_ID"[VARCHAR2,400], "AOCMLSSUMM"."LOCALE_ID"[VARCHAR2,400], 
       "AOCMLSSUMM"."AOC_TYPE"[LOB,4000], "AOCMLSSUMM"."OBJECT_STATUS"[VARCHAR2,4000]
  17 - (#keys=0) "LOCALE_ID"[NUMBER,22], VALUE(A0)[8000]
  18 - (#keys=0) "LOCALE_ID"[NUMBER,22]
  19 - "T1"."LOCALE"[VARCHAR2,100]
  20 - "T1".ROWID[ROWID,10]
  21 - "LOCALE_ID"[NUMBER,22]
  22 - (#keys=0) VALUE(A0)[8000]
  23 - VALUE(A0)[8000]
										</code></pre>
								</section>
						</div>
					</div>

				<!-- Sidebar -->
				<div id="sidebar">
					<div class="inner">
						<!-- Menu -->
						<nav id="menu">
							<header class="major">
								<h2>Menu</h2>
							</header>
							<ul>
								<li><a href="../index.html">Module List</a></li>
								<li><a href="index.html">Summary</a></li>
								<li>
									<span class="opener">DB Analysis</span>
									<ul>
										<li><a href="bad-sql.html">Bad SQL</a></li>
										<li><a href="poor-sql.html">Poor SQL Plan</a></li>
										<li><a href="invalid-sql.html">Invalid SQL</a></li>
										<li><a href="full-sql.html">Full SQL Report</a></li>
										<li><a href="table-nil-key.html">Primary/Unique Key Miss</a></li>
										<li><a href="invalid-db-object.html">Invalid DB Objects</a></li>
									</ul>
								</li>
								<li>
									<span class="opener">Infolets</span>
									<ul>
										<li><a href="keep-history-infolets.html">Keep History Infolets</a></li>
									</ul>
								</li>
								<li>
									<span class="opener">Pushforms</span>
									<ul>
										<li><a href="pushform-denormalize.html">Pushform Denormalized</a></li>
									</ul>
								</li>
							</ul>
						</nav>

						<!-- Section -->
						<section>
							<header class="major">
								<h2>Get in touch</h2>
							</header>
							<p>You need more details on the report or want more functionality, don't hesitate to reach out to us.</p>
							<ul class="contact">
								<li class="fa-envelope-o"><a href="mailto:rnd@metricstream.com?Subject=Reg - Static Code Analysis Tool" target="_top">rnd@metricstream.com</a></li>
							</ul>
						</section>

						<!-- Footer -->
						<footer id="footer">
							<p class="copyright">&copy; <a href="http://www.metricstream.com" target="_blank">MetricStream</a>. All rights reserved. </p>
						</footer>
					</div>
				</div>
			</div>

		<!-- Scripts -->
			<script src="../../lib/assets/js/jquery.min.js"></script>
			<script src="../../lib/assets/js/skel.min.js"></script>
			<script src="../../lib/assets/js/util.js"></script>
			<!--[if lte IE 8]><script src="../../lib/assets/js/ie/respond.min.js"></script><![endif]-->
			<script src="../../lib/assets/js/main.js"></script>
	</body>
</html>