<!DOCTYPE HTML>
<html>
	<head>
		<title>Code Analysis - MetricStream</title>
		<meta charset="utf-8" />
		<meta name="viewport" content="width=device-width, initial-scale=1, user-scalable=no" />
		<!--[if lte IE 8]><script src="../../lib/assets/js/ie/html5shiv.js"></script><![endif]-->
		<link rel="stylesheet" href="../../lib/assets/css/main.css" />
		<!--[if lte IE 9]><link rel="stylesheet" href="../../lib/assets/css/ie9.css" /><![endif]-->
		<!--[if lte IE 8]><link rel="stylesheet" href="../../lib/assets/css/ie8.css" /><![endif]-->
	</head>
	<body>

		<!-- Wrapper -->
			<div id="wrapper">

				<!-- Main -->
					<div id="main">
						<div class="inner">
							<!-- Header -->
								<header id="header">
									<a href="index.html" class="logo"><strong>Static Code Analysis Report</strong> by Code Analyzer Tool</a>
								</header>

							<!-- Content -->
								<section>
									<!-- Content -->
										<header class="major"><h2>Infolet Details</h2></header>
										<div class="table-wrapper">
											<table>
												<tbody>
													<tr>
														<td><b>Name</b></td>
														<td>MS_GRC_Objectives_Type (100976)</td>
													</tr>
													<tr>
														<td><b>SQL</b></td>
														<td><pre><code>Select c.Stored_Value as Stored_Value,
       c.Displayed_Value as Displayed_Value,
       c.Lov_Name as Lov_Name
From   MS_GRC_LOV_ORG_VALUES_V c,
si_locales a,si_users_t b 
where 
c.locale_id= a.locale_id
and a.locale_string = b.locale and b.user_name = :1 and  (trim(Lov_Name)='MS_GRC_Objective_Type')
and C.STORED_VALUE IN (select distinct '1' from SI_USER_ORG_ACT_VIEW where USER_NAME =:1
and ACTIVITY_NAME in ('GRC - View Business Objective',ms_grc_utilities.GET_TYPE_ACTIVITY('MS_GRC_OBJECTIVES',:2,1,'E'),'GRC - Approve Business Objective')
union all 
select distinct '2' from SI_USER_ORG_ACT_VIEW where USER_NAME =:1
and ACTIVITY_NAME in ('GRC - View Control Objective',ms_grc_utilities.GET_TYPE_ACTIVITY('MS_GRC_OBJECTIVES',:2,2,'E'),'GRC - Approve Control Objective')
union all 
select distinct '3' from SI_USER_ORG_ACT_VIEW where USER_NAME =:1
and ACTIVITY_NAME in ('GRC - View Process Objective',ms_grc_utilities.GET_TYPE_ACTIVITY('MS_GRC_OBJECTIVES',:2,3,'E'),'GRC - Approve Process Objective'))
order by stored_value asc</code></pre></td>
													</tr>
													<tr>
														<td><b>Description</b></td>
														<td>null</td>
													</tr>
												</tbody>
											</table>
										</div>

										<h2 align="center" id="content">Analysis Report</h2>
										<hr>

<header class="major"><h2>Plan hash value: 518915485</h2></header><pre><code>
 
--------------------------------------------------------------------------------------------------------------------------------
| Id  | Operation                                         | Name                       | Rows  | Bytes | Cost (%CPU)| Time     |
--------------------------------------------------------------------------------------------------------------------------------
|   0 | SELECT STATEMENT                                  |                            |     1 |  4154 |    98   (5)| 00:00:02 |
|   1 |  SORT ORDER BY                                    |                            |     1 |  4154 |    98   (5)| 00:00:02 |
|*  2 |   HASH JOIN                                       |                            |     1 |  4154 |    97   (4)| 00:00:02 |
|   3 |    NESTED LOOPS                                   |                            |     1 |  4141 |    90   (4)| 00:00:02 |
|*  4 |     HASH JOIN OUTER                               |                            |     1 |  4130 |    89   (4)| 00:00:02 |
|*  5 |      HASH JOIN OUTER                              |                            |     1 |  4104 |    87   (4)| 00:00:02 |
|*  6 |       HASH JOIN                                   |                            |     1 |  2076 |    85   (4)| 00:00:02 |
<font style="background-color: lightblue; color: red">|*  7 |        TABLE ACCESS FULL                          | MS_QS_LOV_NAMES            |     5 |   175 |     5   (0)| 00:00:01 |</font>
|*  8 |        HASH JOIN                                  |                            |    45 | 91845 |    80   (4)| 00:00:01 |
|   9 |         NESTED LOOPS                              |                            |     3 |    66 |    60   (5)| 00:00:01 |
|  10 |          TABLE ACCESS BY INDEX ROWID              | SI_USERS_T                 |     1 |    19 |     1   (0)| 00:00:01 |
|* 11 |           INDEX RANGE SCAN                        | SI_USERS_T_N3              |     1 |       |     1   (0)| 00:00:01 |
|  12 |          VIEW                                     | VW_NSO_1                   |     3 |     9 |    59   (6)| 00:00:01 |
|  13 |           SORT UNIQUE                             |                            |     3 |  1050 |    59   (6)| 00:00:01 |
|  14 |            UNION-ALL                              |                            |       |       |            |          |
|  15 |             SORT UNIQUE                           |                            |     1 |   175 |    20   (5)| 00:00:01 |
|  16 |              NESTED LOOPS                         |                            |     1 |   175 |    19   (0)| 00:00:01 |
|  17 |               NESTED LOOPS                        |                            |     1 |   175 |    19   (0)| 00:00:01 |
|  18 |                NESTED LOOPS                       |                            |     1 |   143 |    18   (0)| 00:00:01 |
|* 19 |                 HASH JOIN                         |                            |     1 |   133 |    17   (0)| 00:00:01 |
|  20 |                  NESTED LOOPS                     |                            |     1 |   120 |    14   (0)| 00:00:01 |
|  21 |                   NESTED LOOPS                    |                            |     1 |   115 |    13   (0)| 00:00:01 |
|  22 |                    NESTED LOOPS                   |                            |     2 |   218 |    11   (0)| 00:00:01 |
|  23 |                     NESTED LOOPS                  |                            |     2 |   188 |    10   (0)| 00:00:01 |
|* 24 |                      HASH JOIN                    |                            |     1 |    84 |     9   (0)| 00:00:01 |
|  25 |                       NESTED LOOPS                |                            |     1 |    51 |     4   (0)| 00:00:01 |
|* 26 |                        TABLE ACCESS BY INDEX ROWID| SI_USERS_T                 |     1 |    19 |     1   (0)| 00:00:01 |
|* 27 |                         INDEX RANGE SCAN          | SI_USERS_T_N3              |     1 |       |     1   (0)| 00:00:01 |
<font style="background-color: lightblue; color: red">|* 28 |                        TABLE ACCESS FULL          | MS_QS_PARAMETER_TYPES      |     1 |    32 |     3   (0)| 00:00:01 |</font>
<font style="background-color: lightblue; color: red">|* 29 |                       TABLE ACCESS FULL           | MS_QS_PARAMETER_NAMES      |     3 |    99 |     5   (0)| 00:00:01 |</font>
|  30 |                      TABLE ACCESS BY INDEX ROWID  | SI_USER_ORG_ROLES          |     3 |    30 |     1   (0)| 00:00:01 |
|* 31 |                       INDEX RANGE SCAN            | SI_USER_ORG_ROLES_N1       |     3 |       |     1   (0)| 00:00:01 |
|* 32 |                     INDEX RANGE SCAN              | SI_ORG_ROLES_N3            |     1 |    15 |     1   (0)| 00:00:01 |
|* 33 |                    TABLE ACCESS BY INDEX ROWID    | SI_ORG_ENTITIES_T          |     1 |     6 |     1   (0)| 00:00:01 |
|* 34 |                     INDEX RANGE SCAN              | SI_ORG_ENTITIES_N5         |     1 |       |     1   (0)| 00:00:01 |
|* 35 |                   INDEX RANGE SCAN                | SI_ROLES_N2                |     1 |     5 |     1   (0)| 00:00:01 |
<font style="background-color: lightblue; color: red">|* 36 |                  TABLE ACCESS FULL                | MS_QS_PARAMETER_VALUES     |   257 |  3341 |     3   (0)| 00:00:01 |</font>
|* 37 |                 INDEX RANGE SCAN                  | SI_ROLE_ACTIVITIES_N2      |    12 |   120 |     1   (0)| 00:00:01 |
|* 38 |                INDEX RANGE SCAN                   | SI_ACTIVITIES_N1           |     1 |       |     1   (0)| 00:00:01 |
|* 39 |               TABLE ACCESS BY INDEX ROWID         | SI_ACTIVITIES_T            |     1 |    32 |     1   (0)| 00:00:01 |
|  40 |             SORT UNIQUE                           |                            |     1 |   175 |    20   (5)| 00:00:01 |
|  41 |              NESTED LOOPS                         |                            |     1 |   175 |    19   (0)| 00:00:01 |
|  42 |               NESTED LOOPS                        |                            |     1 |   175 |    19   (0)| 00:00:01 |
|  43 |                NESTED LOOPS                       |                            |     1 |   143 |    18   (0)| 00:00:01 |
|* 44 |                 HASH JOIN                         |                            |     1 |   133 |    17   (0)| 00:00:01 |
|  45 |                  NESTED LOOPS                     |                            |     1 |   120 |    14   (0)| 00:00:01 |
|  46 |                   NESTED LOOPS                    |                            |     1 |   115 |    13   (0)| 00:00:01 |
|  47 |                    NESTED LOOPS                   |                            |     2 |   218 |    11   (0)| 00:00:01 |
|  48 |                     NESTED LOOPS                  |                            |     2 |   188 |    10   (0)| 00:00:01 |
|* 49 |                      HASH JOIN                    |                            |     1 |    84 |     9   (0)| 00:00:01 |
|  50 |                       NESTED LOOPS                |                            |     1 |    51 |     4   (0)| 00:00:01 |
|* 51 |                        TABLE ACCESS BY INDEX ROWID| SI_USERS_T                 |     1 |    19 |     1   (0)| 00:00:01 |
|* 52 |                         INDEX RANGE SCAN          | SI_USERS_T_N3              |     1 |       |     1   (0)| 00:00:01 |
<font style="background-color: lightblue; color: red">|* 53 |                        TABLE ACCESS FULL          | MS_QS_PARAMETER_TYPES      |     1 |    32 |     3   (0)| 00:00:01 |</font>
<font style="background-color: lightblue; color: red">|* 54 |                       TABLE ACCESS FULL           | MS_QS_PARAMETER_NAMES      |     3 |    99 |     5   (0)| 00:00:01 |</font>
|  55 |                      TABLE ACCESS BY INDEX ROWID  | SI_USER_ORG_ROLES          |     3 |    30 |     1   (0)| 00:00:01 |
|* 56 |                       INDEX RANGE SCAN            | SI_USER_ORG_ROLES_N1       |     3 |       |     1   (0)| 00:00:01 |
|* 57 |                     INDEX RANGE SCAN              | SI_ORG_ROLES_N3            |     1 |    15 |     1   (0)| 00:00:01 |
|* 58 |                    TABLE ACCESS BY INDEX ROWID    | SI_ORG_ENTITIES_T          |     1 |     6 |     1   (0)| 00:00:01 |
|* 59 |                     INDEX RANGE SCAN              | SI_ORG_ENTITIES_N5         |     1 |       |     1   (0)| 00:00:01 |
|* 60 |                   INDEX RANGE SCAN                | SI_ROLES_N2                |     1 |     5 |     1   (0)| 00:00:01 |
<font style="background-color: lightblue; color: red">|* 61 |                  TABLE ACCESS FULL                | MS_QS_PARAMETER_VALUES     |   257 |  3341 |     3   (0)| 00:00:01 |</font>
|* 62 |                 INDEX RANGE SCAN                  | SI_ROLE_ACTIVITIES_N2      |    12 |   120 |     1   (0)| 00:00:01 |
|* 63 |                INDEX RANGE SCAN                   | SI_ACTIVITIES_N1           |     1 |       |     1   (0)| 00:00:01 |
|* 64 |               TABLE ACCESS BY INDEX ROWID         | SI_ACTIVITIES_T            |     1 |    32 |     1   (0)| 00:00:01 |
|  65 |             SORT UNIQUE                           |                            |     1 |   175 |    20   (5)| 00:00:01 |
|  66 |              NESTED LOOPS                         |                            |     1 |   175 |    19   (0)| 00:00:01 |
|  67 |               NESTED LOOPS                        |                            |     1 |   175 |    19   (0)| 00:00:01 |
|  68 |                NESTED LOOPS                       |                            |     1 |   143 |    18   (0)| 00:00:01 |
|* 69 |                 HASH JOIN                         |                            |     1 |   133 |    17   (0)| 00:00:01 |
|  70 |                  NESTED LOOPS                     |                            |     1 |   120 |    14   (0)| 00:00:01 |
|  71 |                   NESTED LOOPS                    |                            |     1 |   115 |    13   (0)| 00:00:01 |
|  72 |                    NESTED LOOPS                   |                            |     2 |   218 |    11   (0)| 00:00:01 |
|  73 |                     NESTED LOOPS                  |                            |     2 |   188 |    10   (0)| 00:00:01 |
|* 74 |                      HASH JOIN                    |                            |     1 |    84 |     9   (0)| 00:00:01 |
|  75 |                       NESTED LOOPS                |                            |     1 |    51 |     4   (0)| 00:00:01 |
|* 76 |                        TABLE ACCESS BY INDEX ROWID| SI_USERS_T                 |     1 |    19 |     1   (0)| 00:00:01 |
|* 77 |                         INDEX RANGE SCAN          | SI_USERS_T_N3              |     1 |       |     1   (0)| 00:00:01 |
<font style="background-color: lightblue; color: red">|* 78 |                        TABLE ACCESS FULL          | MS_QS_PARAMETER_TYPES      |     1 |    32 |     3   (0)| 00:00:01 |</font>
<font style="background-color: lightblue; color: red">|* 79 |                       TABLE ACCESS FULL           | MS_QS_PARAMETER_NAMES      |     3 |    99 |     5   (0)| 00:00:01 |</font>
|  80 |                      TABLE ACCESS BY INDEX ROWID  | SI_USER_ORG_ROLES          |     3 |    30 |     1   (0)| 00:00:01 |
|* 81 |                       INDEX RANGE SCAN            | SI_USER_ORG_ROLES_N1       |     3 |       |     1   (0)| 00:00:01 |
|* 82 |                     INDEX RANGE SCAN              | SI_ORG_ROLES_N3            |     1 |    15 |     1   (0)| 00:00:01 |
|* 83 |                    TABLE ACCESS BY INDEX ROWID    | SI_ORG_ENTITIES_T          |     1 |     6 |     1   (0)| 00:00:01 |
|* 84 |                     INDEX RANGE SCAN              | SI_ORG_ENTITIES_N5         |     1 |       |     1   (0)| 00:00:01 |
|* 85 |                   INDEX RANGE SCAN                | SI_ROLES_N2                |     1 |     5 |     1   (0)| 00:00:01 |
<font style="background-color: lightblue; color: red">|* 86 |                  TABLE ACCESS FULL                | MS_QS_PARAMETER_VALUES     |   257 |  3341 |     3   (0)| 00:00:01 |</font>
|* 87 |                 INDEX RANGE SCAN                  | SI_ROLE_ACTIVITIES_N2      |    12 |   120 |     1   (0)| 00:00:01 |
|* 88 |                INDEX RANGE SCAN                   | SI_ACTIVITIES_N1           |     1 |       |     1   (0)| 00:00:01 |
|* 89 |               TABLE ACCESS BY INDEX ROWID         | SI_ACTIVITIES_T            |     1 |    32 |     1   (0)| 00:00:01 |
|  90 |         VIEW                                      |                            |  5524 |    10M|    20   (0)| 00:00:01 |
<font style="background-color: lightblue; color: red">|  91 |          MERGE JOIN CARTESIAN                     |                            |  5524 |   140K|    20   (0)| 00:00:01 |</font>
<font style="background-color: lightblue; color: red">|* 92 |           TABLE ACCESS FULL                       | SI_LOCALES                 |     1 |     6 |     3   (0)| 00:00:01 |</font>
|  93 |           BUFFER SORT                             |                            |  5524 |   107K|    17   (0)| 00:00:01 |
<font style="background-color: lightblue; color: red">|  94 |            TABLE ACCESS FULL                      | MS_QS_LIST_OF_VALUES_T     |  5524 |   107K|    17   (0)| 00:00:01 |</font>
<font style="background-color: lightblue; color: red">|  95 |       TABLE ACCESS FULL                           | MS_QS_LIST_OF_VALUES_TL    |     1 |  2028 |     2   (0)| 00:00:01 |</font>
<font style="background-color: lightblue; color: red">|* 96 |      TABLE ACCESS FULL                            | MS_QS_LOV_NAMES_TL         |     1 |    26 |     2   (0)| 00:00:01 |</font>
|* 97 |     TABLE ACCESS BY INDEX ROWID                   | SI_LOCALES                 |     1 |    11 |     1   (0)| 00:00:01 |
|* 98 |      INDEX UNIQUE SCAN                            | SI_LOCALES_U1              |     1 |       |     1   (0)| 00:00:01 |
|  99 |    VIEW                                           | SI_REGISTER_APPLICATION_V  |    40 |   520 |     7   (0)| 00:00:01 |
| 100 |     UNION-ALL                                     |                            |       |       |            |          |
|*101 |      HASH JOIN OUTER                              |                            |    39 |  1287 |     5   (0)| 00:00:01 |
<font style="background-color: lightblue; color: red">| 102 |       TABLE ACCESS FULL                           | SI_REGISTER_APPLICATION    |    39 |   273 |     3   (0)| 00:00:01 |</font>
<font style="background-color: lightblue; color: red">|*103 |       TABLE ACCESS FULL                           | SI_REGISTER_APPLICATION_TL |     1 |    26 |     2   (0)| 00:00:01 |</font>
| 104 |      FAST DUAL                                    |                            |     1 |       |     2   (0)| 00:00:01 |
--------------------------------------------------------------------------------------------------------------------------------
 
</code></pre><header class="major"><h2>Query Block Name / Object Alias (identified by operation id):</h2></header><pre><code>
 
   1 - SEL$D5C930D6
   7 - SEL$D5C930D6 / T@SEL$7
  10 - SEL$D5C930D6 / B@SEL$1
  11 - SEL$D5C930D6 / B@SEL$1
  12 - SET$BEF9A72B / VW_NSO_1@SEL$D5C930D6
  13 - SET$BEF9A72B
  15 - SEL$97CCBC9E
  26 - SEL$97CCBC9E / USERS@SEL$17
  27 - SEL$97CCBC9E / USERS@SEL$17
  28 - SEL$97CCBC9E / PTYPE@SEL$17
  29 - SEL$97CCBC9E / PNAME@SEL$17
  30 - SEL$97CCBC9E / USR_ORG_ROLES@SEL$17
  31 - SEL$97CCBC9E / USR_ORG_ROLES@SEL$17
  32 - SEL$97CCBC9E / ORG_ROLES@SEL$17
  33 - SEL$97CCBC9E / ORGS@SEL$17
  34 - SEL$97CCBC9E / ORGS@SEL$17
  35 - SEL$97CCBC9E / ROLES@SEL$17
  36 - SEL$97CCBC9E / PVALUE@SEL$17
  37 - SEL$97CCBC9E / ROLE_ACT@SEL$17
  38 - SEL$97CCBC9E / ACT@SEL$17
  39 - SEL$97CCBC9E / ACT@SEL$17
  40 - SEL$07C48A2D
  51 - SEL$07C48A2D / USERS@SEL$19
  52 - SEL$07C48A2D / USERS@SEL$19
  53 - SEL$07C48A2D / PTYPE@SEL$19
  54 - SEL$07C48A2D / PNAME@SEL$19
  55 - SEL$07C48A2D / USR_ORG_ROLES@SEL$19
  56 - SEL$07C48A2D / USR_ORG_ROLES@SEL$19
  57 - SEL$07C48A2D / ORG_ROLES@SEL$19
  58 - SEL$07C48A2D / ORGS@SEL$19
  59 - SEL$07C48A2D / ORGS@SEL$19
  60 - SEL$07C48A2D / ROLES@SEL$19
  61 - SEL$07C48A2D / PVALUE@SEL$19
  62 - SEL$07C48A2D / ROLE_ACT@SEL$19
  63 - SEL$07C48A2D / ACT@SEL$19
  64 - SEL$07C48A2D / ACT@SEL$19
  65 - SEL$5EC70623
  76 - SEL$5EC70623 / USERS@SEL$21
  77 - SEL$5EC70623 / USERS@SEL$21
  78 - SEL$5EC70623 / PTYPE@SEL$21
  79 - SEL$5EC70623 / PNAME@SEL$21
  80 - SEL$5EC70623 / USR_ORG_ROLES@SEL$21
  81 - SEL$5EC70623 / USR_ORG_ROLES@SEL$21
  82 - SEL$5EC70623 / ORG_ROLES@SEL$21
  83 - SEL$5EC70623 / ORGS@SEL$21
  84 - SEL$5EC70623 / ORGS@SEL$21
  85 - SEL$5EC70623 / ROLES@SEL$21
  86 - SEL$5EC70623 / PVALUE@SEL$21
  87 - SEL$5EC70623 / ROLE_ACT@SEL$21
  88 - SEL$5EC70623 / ACT@SEL$21
  89 - SEL$5EC70623 / ACT@SEL$21
  90 - SEL$7286615E / X@SEL$3
  91 - SEL$7286615E
  92 - SEL$7286615E / SI_LOCALES@SEL$5
  94 - SEL$7286615E / T@SEL$4
  95 - SEL$D5C930D6 / TL@SEL$3
  96 - SEL$D5C930D6 / TL@SEL$7
  97 - SEL$D5C930D6 / A@SEL$1
  98 - SEL$D5C930D6 / A@SEL$1
  99 - SET$1        / SRA@SEL$6
 100 - SET$1       
 101 - SEL$8       
 102 - SEL$8        / T@SEL$8
 103 - SEL$8        / TL@SEL$8
 104 - SEL$11       / DUAL@SEL$11
 
</code></pre><header class="major"><h2>Predicate Information (identified by operation id):</h2></header><pre><code>
 
   2 - access(NVL("PACKAGE_ID",0)=NVL("SRA"."PACKAGE_ID",0))
   4 - access("T"."LOV_ID"="TL"."LOV_ID"(+))
   5 - access("X"."LOV_VALUE_ID"="TL"."LOV_VALUE_ID"(+) AND "X"."LOCALE_ID"="TL"."LOCALE_ID"(+))
   6 - access("X"."LOV_ID"="T"."LOV_ID")
   7 - filter(TRIM("T"."LOV_NAME")='MS_GRC_Objective_Type')
   8 - access("X"."STORED_VALUE"="'1'")
  11 - access("B"."USER_NAME"=:1)
  19 - access("PNAME"."PARAMETER_ID"="PVALUE"."PARAMETER_ID" AND 
              "PTYPE"."PARAMETER_TYPE_ID"="PVALUE"."PARAMETER_TYPE_ID")
  24 - access("PTYPE"."PARAMETER_TYPE_ID"="PNAME"."PARAMETER_TYPE_ID")
  26 - filter(NVL("USERS"."END_DATE",SYSDATE@!)>=SYSDATE@!)
  27 - access("USERS"."USER_NAME"=:1)
  28 - filter(UPPER("PTYPE"."PARAMETER_TYPE")='MS APPS USER NAME DISPLAY FORMAT')
  29 - filter(UPPER("PNAME"."PARAMETER_NAME")='DISPLAY_FORMAT')
  31 - access("USERS"."USER_ID"="USR_ORG_ROLES"."USER_ID")
  32 - access("USR_ORG_ROLES"."ORG_ROLE_ID"="ORG_ROLES"."ORG_ROLE_ID")
  33 - filter(NVL("ORGS"."END_DATE",SYSDATE@!)>=SYSDATE@!)
  34 - access("ORGS"."ORG_ENTITY_ID"="ORG_ROLES"."ORG_ENTITY_ID")
  35 - access("ROLES"."ROLE_ID"="ORG_ROLES"."ROLE_ID")
  36 - filter("PVALUE"."ORG_ENTITY_ID"=1)
  37 - access("ROLE_ACT"."ROLE_ID"="ORG_ROLES"."ROLE_ID")
  38 - access("ROLE_ACT"."ACTIVITY_ID"="ACT"."ACTIVITY_ID")
  39 - filter("ACT"."ACTIVITY_NAME"='GRC - Approve Business Objective' OR "ACT"."ACTIVITY_NAME"='GRC - View Business 
              Objective' OR "ACT"."ACTIVITY_NAME"="MS_GRC_UTILITIES"."GET_TYPE_ACTIVITY"('MS_GRC_OBJECTIVES',:2,'1','E'))
  44 - access("PNAME"."PARAMETER_ID"="PVALUE"."PARAMETER_ID" AND 
              "PTYPE"."PARAMETER_TYPE_ID"="PVALUE"."PARAMETER_TYPE_ID")
  49 - access("PTYPE"."PARAMETER_TYPE_ID"="PNAME"."PARAMETER_TYPE_ID")
  51 - filter(NVL("USERS"."END_DATE",SYSDATE@!)>=SYSDATE@!)
  52 - access("USERS"."USER_NAME"=:1)
  53 - filter(UPPER("PTYPE"."PARAMETER_TYPE")='MS APPS USER NAME DISPLAY FORMAT')
  54 - filter(UPPER("PNAME"."PARAMETER_NAME")='DISPLAY_FORMAT')
  56 - access("USERS"."USER_ID"="USR_ORG_ROLES"."USER_ID")
  57 - access("USR_ORG_ROLES"."ORG_ROLE_ID"="ORG_ROLES"."ORG_ROLE_ID")
  58 - filter(NVL("ORGS"."END_DATE",SYSDATE@!)>=SYSDATE@!)
  59 - access("ORGS"."ORG_ENTITY_ID"="ORG_ROLES"."ORG_ENTITY_ID")
  60 - access("ROLES"."ROLE_ID"="ORG_ROLES"."ROLE_ID")
  61 - filter("PVALUE"."ORG_ENTITY_ID"=1)
  62 - access("ROLE_ACT"."ROLE_ID"="ORG_ROLES"."ROLE_ID")
  63 - access("ROLE_ACT"."ACTIVITY_ID"="ACT"."ACTIVITY_ID")
  64 - filter("ACT"."ACTIVITY_NAME"='GRC - Approve Control Objective' OR "ACT"."ACTIVITY_NAME"='GRC - View Control 
              Objective' OR "ACT"."ACTIVITY_NAME"="MS_GRC_UTILITIES"."GET_TYPE_ACTIVITY"('MS_GRC_OBJECTIVES',:2,'2','E'))
  69 - access("PNAME"."PARAMETER_ID"="PVALUE"."PARAMETER_ID" AND 
              "PTYPE"."PARAMETER_TYPE_ID"="PVALUE"."PARAMETER_TYPE_ID")
  74 - access("PTYPE"."PARAMETER_TYPE_ID"="PNAME"."PARAMETER_TYPE_ID")
  76 - filter(NVL("USERS"."END_DATE",SYSDATE@!)>=SYSDATE@!)
  77 - access("USERS"."USER_NAME"=:1)
  78 - filter(UPPER("PTYPE"."PARAMETER_TYPE")='MS APPS USER NAME DISPLAY FORMAT')
  79 - filter(UPPER("PNAME"."PARAMETER_NAME")='DISPLAY_FORMAT')
  81 - access("USERS"."USER_ID"="USR_ORG_ROLES"."USER_ID")
  82 - access("USR_ORG_ROLES"."ORG_ROLE_ID"="ORG_ROLES"."ORG_ROLE_ID")
  83 - filter(NVL("ORGS"."END_DATE",SYSDATE@!)>=SYSDATE@!)
  84 - access("ORGS"."ORG_ENTITY_ID"="ORG_ROLES"."ORG_ENTITY_ID")
  85 - access("ROLES"."ROLE_ID"="ORG_ROLES"."ROLE_ID")
  86 - filter("PVALUE"."ORG_ENTITY_ID"=1)
  87 - access("ROLE_ACT"."ROLE_ID"="ORG_ROLES"."ROLE_ID")
  88 - access("ROLE_ACT"."ACTIVITY_ID"="ACT"."ACTIVITY_ID")
  89 - filter("ACT"."ACTIVITY_NAME"='GRC - Approve Process Objective' OR "ACT"."ACTIVITY_NAME"='GRC - View Process 
              Objective' OR "ACT"."ACTIVITY_NAME"="MS_GRC_UTILITIES"."GET_TYPE_ACTIVITY"('MS_GRC_OBJECTIVES',:2,'3','E'))
  92 - filter("ENABLED_FLAG"='Y')
  96 - filter("TL"."LOCALE_ID"(+)=TO_NUMBER("SI_DB_LOCALE_SV"."GETVALUE"()))
  97 - filter("A"."LOCALE_STRING"="B"."LOCALE")
  98 - access("X"."LOCALE_ID"="A"."LOCALE_ID")
 101 - access("TL"."MODULE_ID"(+)="T"."MODULE_ID")
 103 - filter("TL"."LOCALE_ID"(+)=TO_NUMBER("SI_DB_LOCALE_SV"."GETVALUE"()))
 
</code></pre><header class="major"><h2>Column Projection Information (identified by operation id):</h2></header><pre><code>
 
   1 - (#keys=1) "X"."STORED_VALUE"[VARCHAR2,400], "T"."LOV_NAME"[VARCHAR2,400], 
       NVL("TL"."DISPLAYED_VALUE","X"."DISPLAYED_VALUE")[4000]
   2 - (#keys=1) "TL"."DISPLAYED_VALUE"[VARCHAR2,4000], "T"."LOV_NAME"[VARCHAR2,400], "X"."STORED_VALUE"[VARCHAR2,400], 
       "X"."DISPLAYED_VALUE"[VARCHAR2,4000]
   3 - (#keys=0) "TL"."DISPLAYED_VALUE"[VARCHAR2,4000], "T"."LOV_NAME"[VARCHAR2,400], "PACKAGE_ID"[NUMBER,22], 
       "X"."STORED_VALUE"[VARCHAR2,400], "X"."DISPLAYED_VALUE"[VARCHAR2,4000]
   4 - (#keys=1) "X"."LOCALE_ID"[NUMBER,22], "TL"."DISPLAYED_VALUE"[VARCHAR2,4000], "T"."LOV_NAME"[VARCHAR2,400], 
       "PACKAGE_ID"[NUMBER,22], "X"."STORED_VALUE"[VARCHAR2,400], "B"."LOCALE"[VARCHAR2,100], 
       "X"."DISPLAYED_VALUE"[VARCHAR2,4000]
   5 - (#keys=2) "X"."LOCALE_ID"[NUMBER,22], "T"."LOV_ID"[NUMBER,22], "T"."LOV_NAME"[VARCHAR2,400], 
       "PACKAGE_ID"[NUMBER,22], "X"."STORED_VALUE"[VARCHAR2,400], "B"."LOCALE"[VARCHAR2,100], 
       "X"."DISPLAYED_VALUE"[VARCHAR2,4000], "TL"."DISPLAYED_VALUE"[VARCHAR2,4000]
   6 - (#keys=1) "T"."LOV_ID"[NUMBER,22], "T"."LOV_NAME"[VARCHAR2,400], "PACKAGE_ID"[NUMBER,22], 
       "X"."STORED_VALUE"[VARCHAR2,400], "B"."LOCALE"[VARCHAR2,100], "X"."LOV_VALUE_ID"[NUMBER,22], 
       "X"."DISPLAYED_VALUE"[VARCHAR2,4000], "X"."LOCALE_ID"[NUMBER,22]
   7 - "T"."LOV_NAME"[VARCHAR2,400], "T"."LOV_ID"[NUMBER,22], "PACKAGE_ID"[NUMBER,22]
   8 - (#keys=1) "X"."STORED_VALUE"[VARCHAR2,400], "B"."LOCALE"[VARCHAR2,100], "X"."LOV_VALUE_ID"[NUMBER,22], 
       "X"."LOV_ID"[NUMBER,22], "X"."LOCALE_ID"[NUMBER,22], "X"."DISPLAYED_VALUE"[VARCHAR2,4000]
   9 - (#keys=0) "B"."LOCALE"[VARCHAR2,100], "'1'"[CHARACTER,1]
  10 - "B"."LOCALE"[VARCHAR2,100]
  11 - "B".ROWID[ROWID,10]
  12 - "'1'"[CHARACTER,1]
  13 - (#keys=1) STRDEF[1]
  14 - STRDEF[1]
  15 - (#keys=1) '1'[1]
  16 - (#keys=0) 
  17 - (#keys=0) "ACT".ROWID[ROWID,10]
  18 - (#keys=0) "ROLE_ACT"."ACTIVITY_ID"[NUMBER,22]
  19 - (#keys=2) "ORG_ROLES"."ROLE_ID"[NUMBER,22]
  20 - (#keys=0) "PTYPE"."PARAMETER_TYPE_ID"[NUMBER,22], "PNAME"."PARAMETER_ID"[NUMBER,22], 
       "ORG_ROLES"."ROLE_ID"[NUMBER,22]
  21 - (#keys=0) "PTYPE"."PARAMETER_TYPE_ID"[NUMBER,22], "PNAME"."PARAMETER_ID"[NUMBER,22], 
       "ORG_ROLES"."ROLE_ID"[NUMBER,22]
  22 - (#keys=0) "PTYPE"."PARAMETER_TYPE_ID"[NUMBER,22], "PNAME"."PARAMETER_ID"[NUMBER,22], 
       "ORG_ROLES"."ORG_ENTITY_ID"[NUMBER,22], "ORG_ROLES"."ROLE_ID"[NUMBER,22]
  23 - (#keys=0) "PTYPE"."PARAMETER_TYPE_ID"[NUMBER,22], "PNAME"."PARAMETER_ID"[NUMBER,22], 
       "USR_ORG_ROLES"."ORG_ROLE_ID"[NUMBER,22]
  24 - (#keys=1) "PTYPE"."PARAMETER_TYPE_ID"[NUMBER,22], "USERS"."USER_ID"[NUMBER,22], "PNAME"."PARAMETER_ID"[NUMBER,22]
  25 - (#keys=0) "USERS"."USER_ID"[NUMBER,22], "PTYPE"."PARAMETER_TYPE_ID"[NUMBER,22]
  26 - "USERS"."USER_ID"[NUMBER,22]
  27 - "USERS".ROWID[ROWID,10]
  28 - "PTYPE"."PARAMETER_TYPE_ID"[NUMBER,22]
  29 - "PNAME"."PARAMETER_ID"[NUMBER,22], "PNAME"."PARAMETER_TYPE_ID"[NUMBER,22]
  30 - "USR_ORG_ROLES"."ORG_ROLE_ID"[NUMBER,22]
  31 - "USR_ORG_ROLES".ROWID[ROWID,10]
  32 - "ORG_ROLES"."ORG_ENTITY_ID"[NUMBER,22], "ORG_ROLES"."ROLE_ID"[NUMBER,22]
  34 - "ORGS".ROWID[ROWID,10]
  36 - "PVALUE"."PARAMETER_TYPE_ID"[NUMBER,22], "PVALUE"."PARAMETER_ID"[NUMBER,22]
  37 - "ROLE_ACT"."ACTIVITY_ID"[NUMBER,22]
  38 - "ACT".ROWID[ROWID,10]
  40 - (#keys=1) '2'[1]
  41 - (#keys=0) 
  42 - (#keys=0) "ACT".ROWID[ROWID,10]
  43 - (#keys=0) "ROLE_ACT"."ACTIVITY_ID"[NUMBER,22]
  44 - (#keys=2) "ORG_ROLES"."ROLE_ID"[NUMBER,22]
  45 - (#keys=0) "PTYPE"."PARAMETER_TYPE_ID"[NUMBER,22], "PNAME"."PARAMETER_ID"[NUMBER,22], 
       "ORG_ROLES"."ROLE_ID"[NUMBER,22]
  46 - (#keys=0) "PTYPE"."PARAMETER_TYPE_ID"[NUMBER,22], "PNAME"."PARAMETER_ID"[NUMBER,22], 
       "ORG_ROLES"."ROLE_ID"[NUMBER,22]
  47 - (#keys=0) "PTYPE"."PARAMETER_TYPE_ID"[NUMBER,22], "PNAME"."PARAMETER_ID"[NUMBER,22], 
       "ORG_ROLES"."ORG_ENTITY_ID"[NUMBER,22], "ORG_ROLES"."ROLE_ID"[NUMBER,22]
  48 - (#keys=0) "PTYPE"."PARAMETER_TYPE_ID"[NUMBER,22], "PNAME"."PARAMETER_ID"[NUMBER,22], 
       "USR_ORG_ROLES"."ORG_ROLE_ID"[NUMBER,22]
  49 - (#keys=1) "PTYPE"."PARAMETER_TYPE_ID"[NUMBER,22], "USERS"."USER_ID"[NUMBER,22], "PNAME"."PARAMETER_ID"[NUMBER,22]
  50 - (#keys=0) "USERS"."USER_ID"[NUMBER,22], "PTYPE"."PARAMETER_TYPE_ID"[NUMBER,22]
  51 - "USERS"."USER_ID"[NUMBER,22]
  52 - "USERS".ROWID[ROWID,10]
  53 - "PTYPE"."PARAMETER_TYPE_ID"[NUMBER,22]
  54 - "PNAME"."PARAMETER_ID"[NUMBER,22], "PNAME"."PARAMETER_TYPE_ID"[NUMBER,22]
  55 - "USR_ORG_ROLES"."ORG_ROLE_ID"[NUMBER,22]
  56 - "USR_ORG_ROLES".ROWID[ROWID,10]
  57 - "ORG_ROLES"."ORG_ENTITY_ID"[NUMBER,22], "ORG_ROLES"."ROLE_ID"[NUMBER,22]
  59 - "ORGS".ROWID[ROWID,10]
  61 - "PVALUE"."PARAMETER_TYPE_ID"[NUMBER,22], "PVALUE"."PARAMETER_ID"[NUMBER,22]
  62 - "ROLE_ACT"."ACTIVITY_ID"[NUMBER,22]
  63 - "ACT".ROWID[ROWID,10]
  65 - (#keys=1) '3'[1]
  66 - (#keys=0) 
  67 - (#keys=0) "ACT".ROWID[ROWID,10]
  68 - (#keys=0) "ROLE_ACT"."ACTIVITY_ID"[NUMBER,22]
  69 - (#keys=2) "ORG_ROLES"."ROLE_ID"[NUMBER,22]
  70 - (#keys=0) "PTYPE"."PARAMETER_TYPE_ID"[NUMBER,22], "PNAME"."PARAMETER_ID"[NUMBER,22], 
       "ORG_ROLES"."ROLE_ID"[NUMBER,22]
  71 - (#keys=0) "PTYPE"."PARAMETER_TYPE_ID"[NUMBER,22], "PNAME"."PARAMETER_ID"[NUMBER,22], 
       "ORG_ROLES"."ROLE_ID"[NUMBER,22]
  72 - (#keys=0) "PTYPE"."PARAMETER_TYPE_ID"[NUMBER,22], "PNAME"."PARAMETER_ID"[NUMBER,22], 
       "ORG_ROLES"."ORG_ENTITY_ID"[NUMBER,22], "ORG_ROLES"."ROLE_ID"[NUMBER,22]
  73 - (#keys=0) "PTYPE"."PARAMETER_TYPE_ID"[NUMBER,22], "PNAME"."PARAMETER_ID"[NUMBER,22], 
       "USR_ORG_ROLES"."ORG_ROLE_ID"[NUMBER,22]
  74 - (#keys=1) "PTYPE"."PARAMETER_TYPE_ID"[NUMBER,22], "USERS"."USER_ID"[NUMBER,22], "PNAME"."PARAMETER_ID"[NUMBER,22]
  75 - (#keys=0) "USERS"."USER_ID"[NUMBER,22], "PTYPE"."PARAMETER_TYPE_ID"[NUMBER,22]
  76 - "USERS"."USER_ID"[NUMBER,22]
  77 - "USERS".ROWID[ROWID,10]
  78 - "PTYPE"."PARAMETER_TYPE_ID"[NUMBER,22]
  79 - "PNAME"."PARAMETER_ID"[NUMBER,22], "PNAME"."PARAMETER_TYPE_ID"[NUMBER,22]
  80 - "USR_ORG_ROLES"."ORG_ROLE_ID"[NUMBER,22]
  81 - "USR_ORG_ROLES".ROWID[ROWID,10]
  82 - "ORG_ROLES"."ORG_ENTITY_ID"[NUMBER,22], "ORG_ROLES"."ROLE_ID"[NUMBER,22]
  84 - "ORGS".ROWID[ROWID,10]
  86 - "PVALUE"."PARAMETER_TYPE_ID"[NUMBER,22], "PVALUE"."PARAMETER_ID"[NUMBER,22]
  87 - "ROLE_ACT"."ACTIVITY_ID"[NUMBER,22]
  88 - "ACT".ROWID[ROWID,10]
  90 - "X"."LOV_VALUE_ID"[NUMBER,22], "X"."LOV_ID"[NUMBER,22], "X"."STORED_VALUE"[VARCHAR2,400], 
       "X"."DISPLAYED_VALUE"[VARCHAR2,4000], "X"."LOCALE_ID"[NUMBER,22]
  91 - (#keys=0) "LOCALE_ID"[NUMBER,22], "T"."LOV_VALUE_ID"[NUMBER,22], "T"."LOV_ID"[NUMBER,22], 
       "T"."STORED_VALUE"[VARCHAR2,400], "T"."DISPLAYED_VALUE"[VARCHAR2,4000]
  92 - "LOCALE_ID"[NUMBER,22]
  93 - (#keys=0) "T"."LOV_VALUE_ID"[NUMBER,22], "T"."LOV_ID"[NUMBER,22], "T"."STORED_VALUE"[VARCHAR2,400], 
       "T"."DISPLAYED_VALUE"[VARCHAR2,4000]
  94 - "T"."LOV_VALUE_ID"[NUMBER,22], "T"."LOV_ID"[NUMBER,22], "T"."STORED_VALUE"[VARCHAR2,400], 
       "T"."DISPLAYED_VALUE"[VARCHAR2,4000]
  95 - "TL"."LOV_VALUE_ID"[NUMBER,22], "TL"."DISPLAYED_VALUE"[VARCHAR2,4000], "TL"."LOCALE_ID"[NUMBER,22]
  96 - "TL"."LOV_ID"[NUMBER,22]
  98 - "A".ROWID[ROWID,10]
  99 - "SRA"."PACKAGE_ID"[NUMBER,22]
 100 - STRDEF[22]
 101 - (#keys=1) "T"."MODULE_ID"[NUMBER,22]
 102 - "T"."MODULE_ID"[NUMBER,22]
 103 - "TL"."MODULE_ID"[NUMBER,22]
										</code></pre>
								</section>
						</div>
					</div>

				<!-- Sidebar -->
				<div id="sidebar">
					<div class="inner">
						<!-- Menu -->
						<nav id="menu">
							<header class="major">
								<h2>Menu</h2>
							</header>
							<ul>
								<li><a href="../index.html">Module List</a></li>
								<li><a href="index.html">Summary</a></li>
								<li>
									<span class="opener">DB Analysis</span>
									<ul>
										<li><a href="bad-sql.html">Bad SQL</a></li>
										<li><a href="poor-sql.html">Poor SQL Plan</a></li>
										<li><a href="invalid-sql.html">Invalid SQL</a></li>
										<li><a href="full-sql.html">Full SQL Report</a></li>
										<li><a href="table-nil-key.html">Primary/Unique Key Miss</a></li>
										<li><a href="invalid-db-object.html">Invalid DB Objects</a></li>
									</ul>
								</li>
								<li>
									<span class="opener">Infolets</span>
									<ul>
										<li><a href="keep-history-infolets.html">Keep History Infolets</a></li>
									</ul>
								</li>
								<li>
									<span class="opener">Pushforms</span>
									<ul>
										<li><a href="pushform-denormalize.html">Pushform Denormalized</a></li>
									</ul>
								</li>
							</ul>
						</nav>

						<!-- Section -->
						<section>
							<header class="major">
								<h2>Get in touch</h2>
							</header>
							<p>You need more details on the report or want more functionality, don't hesitate to reach out to us.</p>
							<ul class="contact">
								<li class="fa-envelope-o"><a href="mailto:rnd@metricstream.com?Subject=Reg - Static Code Analysis Tool" target="_top">rnd@metricstream.com</a></li>
							</ul>
						</section>

						<!-- Footer -->
						<footer id="footer">
							<p class="copyright">&copy; <a href="http://www.metricstream.com" target="_blank">MetricStream</a>. All rights reserved. </p>
						</footer>
					</div>
				</div>
			</div>

		<!-- Scripts -->
			<script src="../../lib/assets/js/jquery.min.js"></script>
			<script src="../../lib/assets/js/skel.min.js"></script>
			<script src="../../lib/assets/js/util.js"></script>
			<!--[if lte IE 8]><script src="../../lib/assets/js/ie/respond.min.js"></script><![endif]-->
			<script src="../../lib/assets/js/main.js"></script>
	</body>
</html>