<!DOCTYPE HTML>
<html>
	<head>
		<title>Code Analysis - MetricStream</title>
		<meta charset="utf-8" />
		<meta name="viewport" content="width=device-width, initial-scale=1, user-scalable=no" />
		<!--[if lte IE 8]><script src="../../lib/assets/js/ie/html5shiv.js"></script><![endif]-->
		<link rel="stylesheet" href="../../lib/assets/css/main.css" />
		<!--[if lte IE 9]><link rel="stylesheet" href="../../lib/assets/css/ie9.css" /><![endif]-->
		<!--[if lte IE 8]><link rel="stylesheet" href="../../lib/assets/css/ie8.css" /><![endif]-->
	</head>
	<body>

		<!-- Wrapper -->
			<div id="wrapper">

				<!-- Main -->
					<div id="main">
						<div class="inner">
							<!-- Header -->
								<header id="header">
									<a href="index.html" class="logo"><strong>Static Code Analysis Report</strong> by Code Analyzer Tool</a>
								</header>

							<!-- Content -->
								<section>
									<!-- Content -->
										<header class="major"><h2>Infolet Details</h2></header>
										<div class="table-wrapper">
											<table>
												<tbody>
													<tr>
														<th>Name</th>
														<td>MS_GRC_GET_LIBRARY_TYPE (100905)</td>
													</tr>
													<tr>
														<th>SQL</th>
														<td><pre><code>SELECT REPLACE(REPLACE(FORM_TITLE,'(',''),')',''),
  object_type
FROM MS_GRC_ORB_CONFIG_FORM_TITLE
WHERE object_type IN
  (SELECT DEST_OBJ_TYPE
  FROM ms_grc_rel_defn
  WHERE src_obj_type=ms_apps_utilities.get_parameter_value ( 1, 'MS GRC Mapping Report Parameter', 'Library Object' )
  AND ENABLED       = 'Y'
  )
AND LOCALE =
  ( SELECT LOCALE FROM SI_USERS_T WHERE USER_NAME=:1
  )
union all
select
ms_apps_utilities.get_display_value (
               ms_grc_utilities.active_ent_id,
               'MS_GRC_ALL',
               'All',
               1,
               (select LOCALE_ID from SI_LOCALES where LOCALE_STRING = (
            select LOCALE from SI_USERS_T where USER_NAME=:1 ))
               ) AS FORM_TITLE,'All' as object_type  FROM DUAL</code></pre></td>
													</tr>
													<tr>
														<th>Description</th>
														<td>null</td>
													</tr>
												</tbody>
											</table>
										</div>

										<h2 align="center" id="content">Analysis Report</h2>
										<hr>

<header class="major"><h2>Plan hash value: 385632224</h2></header><pre><code>
 
----------------------------------------------------------------------------------------------------------------
| Id  | Operation                       | Name                         | Rows  | Bytes | Cost (%CPU)| Time     |
----------------------------------------------------------------------------------------------------------------
|   0 | SELECT STATEMENT                |                              |    10 |  4496 |     7   (0)| 00:00:01 |
|   1 |  UNION-ALL                      |                              |       |       |            |          |
|*  2 |   HASH JOIN                     |                              |     9 |  2529 |     5   (0)| 00:00:01 |
<font style="background-color: lightblue; color: red">|   3 |    MERGE JOIN CARTESIAN         |                              |     9 |  2160 |     2   (0)| 00:00:01 |</font>
|   4 |     VIEW                        | VW_SQ_1                      |     1 |   202 |     1   (0)| 00:00:01 |
|   5 |      TABLE ACCESS BY INDEX ROWID| SI_USERS_T                   |     1 |    19 |     1   (0)| 00:00:01 |
|*  6 |       INDEX UNIQUE SCAN         | USER_NAME_UK                 |     1 |       |     1   (0)| 00:00:01 |
|   7 |     SORT UNIQUE                 |                              |     9 |   342 |     1   (0)| 00:00:01 |
|*  8 |      TABLE ACCESS BY INDEX ROWID| MS_GRC_REL_DEFN              |     9 |   342 |     1   (0)| 00:00:01 |
|*  9 |       INDEX RANGE SCAN          | MS_GRC_REL_DEFN_IDX1         |     9 |       |     1   (0)| 00:00:01 |
<font style="background-color: lightblue; color: red">|  10 |    TABLE ACCESS FULL            | MS_GRC_ORB_CONFIG_FORM_TITLE |    21 |   861 |     3   (0)| 00:00:01 |</font>
|* 11 |   HASH JOIN                     |                              |     1 |   213 |     4   (0)| 00:00:01 |
|  12 |    VIEW                         | VW_SQ_2                      |     1 |   202 |     1   (0)| 00:00:01 |
|  13 |     TABLE ACCESS BY INDEX ROWID | SI_USERS_T                   |     1 |    19 |     1   (0)| 00:00:01 |
|* 14 |      INDEX UNIQUE SCAN          | USER_NAME_UK                 |     1 |       |     1   (0)| 00:00:01 |
<font style="background-color: lightblue; color: red">|  15 |    TABLE ACCESS FULL            | SI_LOCALES                   |    35 |   385 |     3   (0)| 00:00:01 |</font>
|  16 |   FAST DUAL                     |                              |     1 |       |     2   (0)| 00:00:01 |
----------------------------------------------------------------------------------------------------------------
 
</code></pre><header class="major"><h2>Query Block Name / Object Alias (identified by operation id):</h2></header><pre><code>
 
   1 - SET$1       
   2 - SEL$DBA06A95
   4 - SEL$291F8F59 / VW_SQ_1@SEL$BD9E0841
   5 - SEL$291F8F59 / SI_USERS_T@SEL$3
   6 - SEL$291F8F59 / SI_USERS_T@SEL$3
   8 - SEL$DBA06A95 / MS_GRC_REL_DEFN@SEL$2
   9 - SEL$DBA06A95 / MS_GRC_REL_DEFN@SEL$2
  10 - SEL$DBA06A95 / MS_GRC_ORB_CONFIG_FORM_TITLE@SEL$1
  11 - SEL$BC53533F
  12 - SEL$CE1D94FA / VW_SQ_2@SEL$0A1A5A0C
  13 - SEL$CE1D94FA / SI_USERS_T@SEL$6
  14 - SEL$CE1D94FA / SI_USERS_T@SEL$6
  15 - SEL$BC53533F / SI_LOCALES@SEL$5
  16 - SEL$4        / DUAL@SEL$4
 
</code></pre><header class="major"><h2>Predicate Information (identified by operation id):</h2></header><pre><code>
 
   2 - access("LOCALE"="LOCALE" AND "OBJECT_TYPE"="DEST_OBJ_TYPE")
   6 - access("USER_NAME"=:1)
   8 - filter("ENABLED"='Y')
   9 - access("SRC_OBJ_TYPE"="MS_APPS_UTILITIES"."GET_PARAMETER_VALUE"(1,'MS GRC Mapping Report 
              Parameter','Library Object'))
  11 - access("LOCALE_STRING"="LOCALE")
  14 - access("USER_NAME"=:1)
 
</code></pre><header class="major"><h2>Column Projection Information (identified by operation id):</h2></header><pre><code>
 
   1 - STRDEF[4000], STRDEF[400]
   2 - (#keys=2) "OBJECT_TYPE"[VARCHAR2,400], "FORM_TITLE"[VARCHAR2,4000]
   3 - (#keys=0) "LOCALE"[VARCHAR2,400], "DEST_OBJ_TYPE"[VARCHAR2,512]
   4 - "LOCALE"[VARCHAR2,400]
   5 - "LOCALE"[VARCHAR2,400]
   6 - "SI_USERS_T".ROWID[ROWID,10]
   7 - (#keys=1) "DEST_OBJ_TYPE"[VARCHAR2,512]
   8 - "DEST_OBJ_TYPE"[VARCHAR2,512]
   9 - "MS_GRC_REL_DEFN".ROWID[ROWID,10], "DEST_OBJ_TYPE"[VARCHAR2,512]
  10 - "OBJECT_TYPE"[VARCHAR2,400], "FORM_TITLE"[VARCHAR2,4000], "LOCALE"[VARCHAR2,40]
  11 - (#keys=1) "LOCALE"[VARCHAR2,400], "LOCALE_STRING"[VARCHAR2,400], "LOCALE_ID"[NUMBER,22]
  12 - "LOCALE"[VARCHAR2,400]
  13 - "LOCALE"[VARCHAR2,400]
  14 - "SI_USERS_T".ROWID[ROWID,10]
  15 - "LOCALE_ID"[NUMBER,22], "LOCALE_STRING"[VARCHAR2,400]
										</code></pre>
								</section>
						</div>
					</div>

				<!-- Sidebar -->
				<div id="sidebar">
					<div class="inner">
						<!-- Menu -->
						<nav id="menu">
							<header class="major">
								<h2>Menu</h2>
							</header>
							<ul>
								<li><a href="../index.html">Module List</a></li>
								<li><a href="index.html">Summary</a></li>
								<li>
									<span class="opener">DB Analysis</span>
									<ul>
										<li><a href="bad-sql.html">Bad SQL</a></li>
										<li><a href="poor-sql.html">Poor SQL Plan</a></li>
										<li><a href="invalid-sql.html">Invalid SQL</a></li>
										<li><a href="full-sql.html">Full SQL Report</a></li>
										<li><a href="table-nil-key.html">Primary/Unique Key Miss</a></li>
										<li><a href="invalid-db-object.html">Invalid DB Objects</a></li>
										<li><a href="sequence-with-less-cache.html">Sequence</a></li>
										<li><a href="table-index-lob-size.html">Table Size</a></li>
										<li><a href="table-row-count.html">Table Row Count</a></li>
									</ul>
								</li>
								<li>
								    <span class="opener">LOB</span>
								    <ul>
								        <li><a href="lob-no-cache.html">LOB - No Cache</a></li>
								        <li><a href="lob-columns.html">LOB - All Columns</a></li>
								    </ul>
								</li>
								<li>
									<span class="opener">Infolets</span>
									<ul>
										<li><a href="keep-history-infolets.html">Keep History Infolets</a></li>
										<li><a href="plsql-context-switch.html">SQL-PL/SQL Context Switch</a></li>
									</ul>
								</li>
								<li>
									<span class="opener">Pushforms</span>
									<ul>
										<li><a href="pushform-denormalize.html">Pushform Denormalized</a></li>
									</ul>
								</li>
								<li>
									<span class="opener">PL/SQL</span>
									<ul>
										<li><a href="plsql-dyn-qry-objs.html">Dynamic Query</a></li>
									</ul>
								</li>
							</ul>
						</nav>

						<!-- Section -->
						<section>
							<header class="major">
								<h2>Get in touch</h2>
							</header>
							<p>You need more details on the report or want more functionality, don't hesitate to reach out to us.</p>
							<ul class="contact">
								<li class="fa-envelope-o"><a href="mailto:apps-rnd-arch-team@metricstream.com?Subject=Reg - Code Analysis Tool" target="_top">apps-rnd-arch-team@metricstream.com</a></li>
							</ul>
						</section>

						<!-- Footer -->
						<footer id="footer">
							<p class="copyright">&copy; <a href="http://www.metricstream.com" target="_blank">MetricStream</a>. All rights reserved. </p>
						</footer>
					</div>
				</div>
			</div>

		<!-- Scripts -->
			<script src="../../lib/assets/js/jquery.min.js"></script>
			<script src="../../lib/assets/js/skel.min.js"></script>
			<script src="../../lib/assets/js/util.js"></script>
			<!--[if lte IE 8]><script src="../../lib/assets/js/ie/respond.min.js"></script><![endif]-->
			<script src="../../lib/assets/js/main.js"></script>
	</body>
</html>