<!DOCTYPE HTML>
<html>
	<head>
		<title>Code Analysis - MetricStream</title>
		<meta charset="utf-8" />
		<meta name="viewport" content="width=device-width, initial-scale=1, user-scalable=no" />
		<!--[if lte IE 8]><script src="../../lib/assets/js/ie/html5shiv.js"></script><![endif]-->
		<link rel="stylesheet" href="../../lib/assets/css/main.css" />
		<!--[if lte IE 9]><link rel="stylesheet" href="../../lib/assets/css/ie9.css" /><![endif]-->
		<!--[if lte IE 8]><link rel="stylesheet" href="../../lib/assets/css/ie8.css" /><![endif]-->
	</head>
	<body>

		<!-- Wrapper -->
			<div id="wrapper">

				<!-- Main -->
					<div id="main">
						<div class="inner">
							<!-- Header -->
								<header id="header">
									<a href="index.html" class="logo"><strong>Static Code Analysis Report</strong> by Code Analyzer Tool</a>
								</header>

							<!-- Content -->
								<section>
									<!-- Content -->
										<header class="major"><h2>Infolet Details</h2></header>
										<div class="table-wrapper">
											<table>
												<tbody>
													<tr>
														<td><b>Name</b></td>
														<td>MS_GRC_ACCT_Entp_List_Rpt_Inf (103132)</td>
													</tr>
													<tr>
														<td><b>SQL</b></td>
														<td><pre><code>SELECT object_id   AS Financial_Account_ID,
  object_name  AS Financial_Account_Name,
  object_type,
  FIN_TYPE         AS Financial_Account_Type,
  FIN_CATEGORY     AS Financial_Account_Category,
  object_status    AS Status,
  created_on       AS created_on,
  created_by       AS created_by,
  updated_on       AS modified_on,
  updated_by       AS modification_requested_by,
  valid_from       AS valid_from,
  valid_until      AS valid_until ,
  description      AS description,
  owner_org_names  AS Owner_Organizations,
  owner_name       AS owners,
  level_1_approver AS Level_1_Approver,
  level_2_approver AS Level_2_Approver,
   REL_DATA_LINK as Assertions,
  REL_DATA_LINK as  Objectives,
  REL_DATA_LINK as  REFERENCES,
  attachments                AS Attached_Files,
(MS_GRC_UTILITIES.FN_GET_REPORT_JSON((SELECT METRIC_ID FROM SI_METRICS_T WHERE METRIC_NAME='MS_GRC_FINANCIAL_ACCOUNTS'),RV.DD_PROCESS_INSTANCE_ID,(SELECT DD_INSTANCE_ID FROM MS_GRC_FINANCIAL_ACCOU WHERE OBJECT_ID=RV.OBJECT_ID),
'''flag=1'||CHR(38)||'emd=1'||CHR(38)||'x_edit_mode=Yes'||CHR (38)|| 'wrapper= No'|| CHR (38)|| 'mode=view''')) AS REPORT_JSON    
FROM MS_GRC_ACCT_ENTP_RV RV
WHERE LOCALE =
  (SELECT LOCALE FROM si_users_t WHERE USER_NAME = :23
  )
AND NVL(is_orphan, 1)=NVL(:5,NVL(is_orphan,1))
AND EXISTS
(SELECT COLUMN_VALUE
    FROM TABLE
	( CAST(
	ms_grc_rep_browser_fil_denorm.fn_fin_acc_report_filters(ms_grc_array_type(:1,:2,:3,:4,:6,:7, to_char(:8,'YYYY-MM-DD'),TO_CHAR(:9,'YYYY-MM-DD'),:10,:11,TO_CHAR(:12,'YYYY-MM-DD'),TO_CHAR(:13,'YYYY-MM-DD'),TO_CHAR(:14,'YYYY-MM-DD'),TO_CHAR(:15,'YYYY-MM-DD'), :16,:17,:18,:19,NULL,NULL,NULL,NULL,:20,NULL,NULL, NULL,NULL,NULL,:21,NULL,NULL,NULL,NULL,NULL,:22, NULL,NULL,'MS_GRC_FINANCIAL_ACCOUNTS',:23))
	AS ms_varchar2_array)) WHERE COLUMN_VALUE = RV.OBJECT_ID
)order by RV.UPPER_OBJECT_NAME</code></pre></td>
													</tr>
													<tr>
														<td><b>Description</b></td>
														<td>This infolet is used for fetching the Library data for Financial Account Enterprise Report. It consists of the parameters specific to Financial Account object and also the related library object parameters. It does not contain any mandatory parameter.</td>
													</tr>
												</tbody>
											</table>
										</div>

										<h2 align="center" id="content">Analysis Report</h2>
										<hr>

<header class="major"><h2>Plan hash value: 1928005933</h2></header><pre><code>
 
------------------------------------------------------------------------------------------------------------------
| Id  | Operation                           | Name                       | Rows  | Bytes | Cost (%CPU)| Time     |
------------------------------------------------------------------------------------------------------------------
|   0 | SELECT STATEMENT                    |                            |     1 |  5255 |    59   (2)| 00:00:01 |
|   1 |  TABLE ACCESS BY INDEX ROWID        | SI_USERS_T                 |     1 |    28 |     1   (0)| 00:00:01 |
|*  2 |   INDEX RANGE SCAN                  | SI_USERS_T_N3              |     1 |       |     1   (0)| 00:00:01 |
|   3 |  TABLE ACCESS BY INDEX ROWID        | SI_USERS_T                 |     1 |    28 |     1   (0)| 00:00:01 |
|*  4 |   INDEX RANGE SCAN                  | SI_USERS_T_N3              |     1 |       |     1   (0)| 00:00:01 |
|   5 |  TABLE ACCESS BY INDEX ROWID        | SI_USERS_T                 |     1 |    28 |     1   (0)| 00:00:01 |
|*  6 |   INDEX RANGE SCAN                  | SI_USERS_T_N3              |     1 |       |     1   (0)| 00:00:01 |
|   7 |  TABLE ACCESS BY INDEX ROWID        | SI_USERS_T                 |     1 |    28 |     1   (0)| 00:00:01 |
|*  8 |   INDEX RANGE SCAN                  | SI_USERS_T_N3              |     1 |       |     1   (0)| 00:00:01 |
|   9 |  TABLE ACCESS BY INDEX ROWID        | SI_METRICS_T               |     1 |    34 |     1   (0)| 00:00:01 |
|* 10 |   INDEX RANGE SCAN                  | SI_METRICS_T_N7            |     1 |       |     1   (0)| 00:00:01 |
|  11 |   TABLE ACCESS BY INDEX ROWID       | MS_GRC_FINANCIAL_ACCOU     |     1 |    18 |     1   (0)| 00:00:01 |
|* 12 |    INDEX UNIQUE SCAN                | MS_GRC_FINANCIAL_ACCOU_PK  |     1 |       |     1   (0)| 00:00:01 |
|  13 |  SORT ORDER BY                      |                            |     1 |  5255 |    59   (2)| 00:00:01 |
|* 14 |   HASH JOIN SEMI                    |                            |     1 |  5255 |    58   (0)| 00:00:01 |
|* 15 |    HASH JOIN                        |                            |    12 | 63036 |    29   (0)| 00:00:01 |
|* 16 |     INDEX FULL SCAN                 | MS_GRC_FIN_ACC_SUMMARY_PK  |    23 | 20654 |     2   (0)| 00:00:01 |
|* 17 |     HASH JOIN                       |                            |    12 | 52260 |    27   (0)| 00:00:01 |
<font style="background-color: lightblue; color: red">|  18 |      MERGE JOIN CARTESIAN           |                            |     1 |  4080 |    24   (0)| 00:00:01 |</font>
|* 19 |       HASH JOIN OUTER               |                            |     1 |  4074 |    23   (0)| 00:00:01 |
|* 20 |        HASH JOIN                    |                            |     1 |  2046 |    21   (0)| 00:00:01 |
|  21 |         TABLE ACCESS BY INDEX ROWID | MS_QS_LOV_NAMES            |     1 |    30 |     1   (0)| 00:00:01 |
|* 22 |          INDEX RANGE SCAN           | MS_QS_LOV_NAMES_N1         |     1 |       |     1   (0)| 00:00:01 |
|  23 |         VIEW                        |                            |     2 |  4032 |    20   (0)| 00:00:01 |
<font style="background-color: lightblue; color: red">|  24 |          MERGE JOIN CARTESIAN       |                            |     2 |    58 |    20   (0)| 00:00:01 |</font>
<font style="background-color: lightblue; color: red">|* 25 |           TABLE ACCESS FULL         | SI_LOCALES                 |     1 |     6 |     3   (0)| 00:00:01 |</font>
|  26 |           BUFFER SORT               |                            |     2 |    46 |    17   (0)| 00:00:01 |
<font style="background-color: lightblue; color: red">|* 27 |            TABLE ACCESS FULL        | MS_QS_LIST_OF_VALUES_T     |     2 |    46 |    17   (0)| 00:00:01 |</font>
<font style="background-color: lightblue; color: red">|  28 |        TABLE ACCESS FULL            | MS_QS_LIST_OF_VALUES_TL    |     1 |  2028 |     2   (0)| 00:00:01 |</font>
|  29 |       BUFFER SORT                   |                            |     1 |     6 |    22   (0)| 00:00:01 |
|  30 |        VIEW                         | VW_SQ_1                    |     1 |     6 |     1   (0)| 00:00:01 |
|  31 |         TABLE ACCESS BY INDEX ROWID | SI_USERS_T                 |     1 |    19 |     1   (0)| 00:00:01 |
|* 32 |          INDEX RANGE SCAN           | SI_USERS_T_N3              |     1 |       |     1   (0)| 00:00:01 |
<font style="background-color: lightblue; color: red">|  33 |      TABLE ACCESS FULL              | MS_GRC_FIN_ACC_MLS_SUMMARY |    23 |  6325 |     3   (0)| 00:00:01 |</font>
<font style="background-color: lightblue; color: red">|  34 |    COLLECTION ITERATOR PICKLER FETCH| FN_FIN_ACC_REPORT_FILTERS  |  8168 | 16336 |    29   (0)| 00:00:01 |</font>
------------------------------------------------------------------------------------------------------------------
 
</code></pre><header class="major"><h2>Query Block Name / Object Alias (identified by operation id):</h2></header><pre><code>
 
   1 - SEL$8        / USR@SEL$8
   2 - SEL$8        / USR@SEL$8
   3 - SEL$7        / USR@SEL$7
   4 - SEL$7        / USR@SEL$7
   5 - SEL$5        / USR@SEL$5
   6 - SEL$5        / USR@SEL$5
   7 - SEL$6        / USR@SEL$6
   8 - SEL$6        / USR@SEL$6
   9 - SEL$2        / SI_METRICS_T@SEL$2
  10 - SEL$2        / SI_METRICS_T@SEL$2
  11 - SEL$3        / MS_GRC_FINANCIAL_ACCOU@SEL$3
  12 - SEL$3        / MS_GRC_FINANCIAL_ACCOU@SEL$3
  13 - SEL$48207252
  16 - SEL$48207252 / FINSUMM@SEL$4
  21 - SEL$48207252 / LOVNAME@SEL$4
  22 - SEL$48207252 / LOVNAME@SEL$4
  23 - SEL$285A8194 / X@SEL$9
  24 - SEL$285A8194
  25 - SEL$285A8194 / SI_LOCALES@SEL$11
  27 - SEL$285A8194 / T@SEL$10
  28 - SEL$48207252 / TL@SEL$9
  30 - SEL$32487103 / VW_SQ_1@SEL$4BBC00B6
  31 - SEL$32487103 / SI_USERS_T@SEL$12
  32 - SEL$32487103 / SI_USERS_T@SEL$12
  33 - SEL$48207252 / FINMLSSUMM@SEL$4
  34 - SEL$48207252 / KOKBF$0@SEL$14
 
</code></pre><header class="major"><h2>Predicate Information (identified by operation id):</h2></header><pre><code>
 
   2 - access("USR"."USER_NAME"=:B1)
   4 - access("USR"."USER_NAME"=:B1)
   6 - access("USR"."USER_NAME"=:B1)
   8 - access("USR"."USER_NAME"=:B1)
  10 - access("METRIC_NAME"='MS_GRC_FINANCIAL_ACCOUNTS')
  12 - access("OBJECT_ID"=:B1)
  14 - access("FINSUMM"."OBJECT_ID"=VALUE(KOKBF$))
  15 - access("FINSUMM"."OBJ_FIN_SUMM_WID"="FINMLSSUMM"."OBJ_FIN_SUMM_WID")
  16 - filter(NVL("IS_ORPHAN",1)=NVL(:5,NVL("IS_ORPHAN",1)))
  17 - access("FINMLSSUMM"."LOCALE"="LOCALE" AND "X"."LOCALE_ID"=TO_NUMBER("FINMLSSUMM"."LOCALE_ID"))
  19 - access("X"."LOV_VALUE_ID"="TL"."LOV_VALUE_ID"(+) AND "X"."LOCALE_ID"="TL"."LOCALE_ID"(+))
  20 - access("X"."LOV_ID"="LOVNAME"."LOV_ID")
  22 - access("LOVNAME"."LOV_NAME"='MS_GRC_LABLES')
  25 - filter("ENABLED_FLAG"='Y')
  27 - filter("T"."STORED_VALUE"='CLICK_HERE' AND "T"."ORG_ENTITY_ID"=1)
  32 - access("USER_NAME"=:23)
 
</code></pre><header class="major"><h2>Column Projection Information (identified by operation id):</h2></header><pre><code>
 
   1 - "USR".ROWID[ROWID,10], "USR"."LAST_NAME"[VARCHAR2,100], "USR"."FIRST_NAME"[VARCHAR2,100]
   2 - "USR".ROWID[ROWID,10]
   3 - "USR".ROWID[ROWID,10], "USR"."LAST_NAME"[VARCHAR2,100], "USR"."FIRST_NAME"[VARCHAR2,100]
   4 - "USR".ROWID[ROWID,10]
   5 - "USR".ROWID[ROWID,10], "USR"."LAST_NAME"[VARCHAR2,100], "USR"."FIRST_NAME"[VARCHAR2,100]
   6 - "USR".ROWID[ROWID,10]
   7 - "USR".ROWID[ROWID,10], "USR"."LAST_NAME"[VARCHAR2,100], "USR"."FIRST_NAME"[VARCHAR2,100]
   8 - "USR".ROWID[ROWID,10]
   9 - "SI_METRICS_T".ROWID[ROWID,10], "METRIC_ID"[NUMBER,22]
  10 - "SI_METRICS_T".ROWID[ROWID,10]
  11 - "MS_GRC_FINANCIAL_ACCOU".ROWID[ROWID,10], "DD_INSTANCE_ID"[NUMBER,22]
  12 - "MS_GRC_FINANCIAL_ACCOU".ROWID[ROWID,10]
  13 - (#keys=1) "FINSUMM"."UPPER_OBJECT_NAME"[VARCHAR2,3000], "FINSUMM"."OBJECT_ID"[VARCHAR2,400], 
       "FINSUMM"."OBJECT_NAME"[VARCHAR2,4000], 'MS_GRC_FINANCIAL_ACCOUNTS'[25], 
       "FINMLSSUMM"."FIN_TYPE"[LOB,4000], "FINMLSSUMM"."FIN_CATEGORY"[LOB,4000], 
       "FINMLSSUMM"."OBJECT_STATUS"[VARCHAR2,4000], "CREATED_ON"[DATE,7],  (SELECT "USR"."FIRST_NAME"||' 
       '||"USR"."LAST_NAME" FROM METRICSTREAM."SI_USERS_T" "USR" WHERE "USR"."USER_NAME"=:B1)[201], 
       "UPDATED_ON"[DATE,7],  (SELECT "USR"."FIRST_NAME"||' '||"USR"."LAST_NAME" FROM METRICSTREAM."SI_USERS_T" 
       "USR" WHERE "USR"."USER_NAME"=:B2)[201], "FINSUMM"."VALID_FROM"[DATE,7], "FINSUMM"."VALID_UNTIL"[DATE,7], 
       "FINSUMM"."DESCRIPTION"[LOB,4000], "OWNER_ORG_NAMES"[LOB,4000], "OWNER_NAME"[LOB,4000],  (SELECT 
       "USR"."FIRST_NAME"||' '||"USR"."LAST_NAME" FROM METRICSTREAM."SI_USERS_T" "USR" WHERE 
       "USR"."USER_NAME"=:B3)[201],  (SELECT "USR"."FIRST_NAME"||' '||"USR"."LAST_NAME" FROM 
       METRICSTREAM."SI_USERS_T" "USR" WHERE "USR"."USER_NAME"=:B4)[201], 
       NVL("TL"."DISPLAYED_VALUE","X"."DISPLAYED_VALUE")[4000], 
       NVL("TL"."DISPLAYED_VALUE","X"."DISPLAYED_VALUE")[4000], 
       NVL("TL"."DISPLAYED_VALUE","X"."DISPLAYED_VALUE")[4000], "ATTACHMENTS"[LOB,4000], 
       "MS_GRC_UTILITIES"."FN_GET_REPORT_JSON"( (SELECT "METRIC_ID" FROM "SI_METRICS_T" "SI_METRICS_T" WHERE 
       "METRIC_NAME"='MS_GRC_FINANCIAL_ACCOUNTS'),"FINSUMM"."DD_PROCESS_INSTANCE_ID", (SELECT "DD_INSTANCE_ID" 
       FROM "MS_GRC_FINANCIAL_ACCOU" "MS_GRC_FINANCIAL_ACCOU" WHERE 
       "OBJECT_ID"=:B5),'''flag=1&emd=1&x_edit_mode=Yes&wrapper= No&mode=view''')[4000]
  14 - (#keys=1) "FINSUMM"."OBJECT_ID"[VARCHAR2,400], "FINSUMM"."UPPER_OBJECT_NAME"[VARCHAR2,3000], 
       "FINMLSSUMM"."FIN_TYPE"[LOB,4000], "FINSUMM"."OBJECT_NAME"[VARCHAR2,4000], 
       "FINSUMM"."DESCRIPTION"[LOB,4000], "FINSUMM"."VALID_UNTIL"[DATE,7], "FINSUMM"."VALID_FROM"[DATE,7], 
       "FINSUMM"."DD_PROCESS_INSTANCE_ID"[NUMBER,22], "OWNER_NAME"[LOB,4000], "OWNER_ORG_NAMES"[LOB,4000], 
       "FINSUMM"."LEVEL_1_APPROVER"[VARCHAR2,1000], "FINSUMM"."LEVEL_2_APPROVER"[VARCHAR2,1000], 
       "ATTACHMENTS"[LOB,4000], "FINSUMM"."UPDATED_BY"[VARCHAR2,804], "UPDATED_ON"[DATE,7], 
       "FINSUMM"."CREATED_BY"[VARCHAR2,804], "CREATED_ON"[DATE,7], "TL"."DISPLAYED_VALUE"[VARCHAR2,4000], 
       "X"."DISPLAYED_VALUE"[VARCHAR2,4000], "FINMLSSUMM"."FIN_CATEGORY"[LOB,4000], 
       "FINMLSSUMM"."OBJECT_STATUS"[VARCHAR2,4000]
  15 - (#keys=1) "FINSUMM"."OBJ_FIN_SUMM_WID"[NUMBER,22], "FINMLSSUMM"."OBJ_FIN_SUMM_WID"[NUMBER,22], 
       "FINSUMM".ROWID[ROWID,3034], "FINSUMM"."UPPER_OBJECT_NAME"[VARCHAR2,3000], "IS_ORPHAN"[NUMBER,22], 
       "FINSUMM"."OBJECT_ID"[VARCHAR2,400], "FINSUMM"."OBJECT_NAME"[VARCHAR2,4000], 
       "FINSUMM"."DESCRIPTION"[LOB,4000], "FINSUMM"."VALID_UNTIL"[DATE,7], "FINSUMM"."VALID_FROM"[DATE,7], 
       "FINSUMM"."DD_PROCESS_INSTANCE_ID"[NUMBER,22], "OWNER_NAME"[LOB,4000], "OWNER_ORG_NAMES"[LOB,4000], 
       "FINSUMM"."LEVEL_1_APPROVER"[VARCHAR2,1000], "FINSUMM"."LEVEL_2_APPROVER"[VARCHAR2,1000], 
       "ATTACHMENTS"[LOB,4000], "FINSUMM"."UPDATED_BY"[VARCHAR2,804], "UPDATED_ON"[DATE,7], 
       "FINSUMM"."CREATED_BY"[VARCHAR2,804], "CREATED_ON"[DATE,7], "LOCALE"[VARCHAR2,100], 
       "FINMLSSUMM"."LOCALE"[VARCHAR2,400], "X"."LOCALE_ID"[NUMBER,22], TO_NUMBER("FINMLSSUMM"."LOCALE_ID")[22], 
       "X"."LOV_VALUE_ID"[NUMBER,22], "TL"."LOV_VALUE_ID"[NUMBER,22], "TL"."DISPLAYED_VALUE"[VARCHAR2,4000], 
       "TL"."LOCALE_ID"[NUMBER,22], "LOVNAME"."LOV_ID"[NUMBER,22], "X"."LOV_ID"[NUMBER,22], 
       "LOVNAME".ROWID[ROWID,10], "LOVNAME"."LOV_NAME"[VARCHAR2,400], "X"."DISPLAYED_VALUE"[VARCHAR2,4000], 
       "FINMLSSUMM"."FIN_CATEGORY"[LOB,4000], "FINMLSSUMM"."LOCALE_ID"[VARCHAR2,400], 
       "FINMLSSUMM"."OBJECT_STATUS"[VARCHAR2,4000], "FINMLSSUMM"."FIN_TYPE"[LOB,4000]
  16 - "FINSUMM".ROWID[ROWID,3034], "FINSUMM"."UPPER_OBJECT_NAME"[VARCHAR2,3000], 
       "FINSUMM"."OBJ_FIN_SUMM_WID"[NUMBER,22], "FINSUMM"."OBJECT_ID"[VARCHAR2,400], 
       "FINSUMM"."OBJECT_NAME"[VARCHAR2,4000], "FINSUMM"."DESCRIPTION"[LOB,4000], 
       "FINSUMM"."VALID_UNTIL"[DATE,7], "FINSUMM"."VALID_FROM"[DATE,7], 
       "FINSUMM"."DD_PROCESS_INSTANCE_ID"[NUMBER,22], "OWNER_NAME"[LOB,4000], "OWNER_ORG_NAMES"[LOB,4000], 
       "FINSUMM"."LEVEL_1_APPROVER"[VARCHAR2,1000], "FINSUMM"."LEVEL_2_APPROVER"[VARCHAR2,1000], 
       "ATTACHMENTS"[LOB,4000], "FINSUMM"."UPDATED_BY"[VARCHAR2,804], "UPDATED_ON"[DATE,7], 
       "FINSUMM"."CREATED_BY"[VARCHAR2,804], "CREATED_ON"[DATE,7], "IS_ORPHAN"[NUMBER,22]
  17 - (#keys=2) "LOCALE"[VARCHAR2,100], "FINMLSSUMM"."LOCALE"[VARCHAR2,400], "X"."LOCALE_ID"[NUMBER,22], 
       TO_NUMBER("FINMLSSUMM"."LOCALE_ID")[22], "X"."LOV_VALUE_ID"[NUMBER,22], "TL"."LOV_VALUE_ID"[NUMBER,22], 
       "TL"."DISPLAYED_VALUE"[VARCHAR2,4000], "TL"."LOCALE_ID"[NUMBER,22], "LOVNAME"."LOV_ID"[NUMBER,22], 
       "X"."LOV_ID"[NUMBER,22], "LOVNAME".ROWID[ROWID,10], "LOVNAME"."LOV_NAME"[VARCHAR2,400], 
       "X"."DISPLAYED_VALUE"[VARCHAR2,4000], "FINMLSSUMM"."OBJ_FIN_SUMM_WID"[NUMBER,22], 
       "FINMLSSUMM"."LOCALE_ID"[VARCHAR2,400], "FINMLSSUMM"."OBJECT_STATUS"[VARCHAR2,4000], 
       "FINMLSSUMM"."FIN_TYPE"[LOB,4000], "FINMLSSUMM"."FIN_CATEGORY"[LOB,4000]
  18 - (#keys=0) "X"."LOV_VALUE_ID"[NUMBER,22], "TL"."LOV_VALUE_ID"[NUMBER,22], 
       "X"."LOCALE_ID"[NUMBER,22], "TL"."LOCALE_ID"[NUMBER,22], "LOVNAME"."LOV_ID"[NUMBER,22], 
       "X"."LOV_ID"[NUMBER,22], "LOVNAME".ROWID[ROWID,10], "LOVNAME"."LOV_NAME"[VARCHAR2,400], 
       "X"."DISPLAYED_VALUE"[VARCHAR2,4000], "TL"."DISPLAYED_VALUE"[VARCHAR2,4000], "LOCALE"[VARCHAR2,100]
  19 - (#keys=2) "X"."LOV_VALUE_ID"[NUMBER,22], "TL"."LOV_VALUE_ID"[NUMBER,22], 
       "X"."LOCALE_ID"[NUMBER,22], "TL"."LOCALE_ID"[NUMBER,22], "LOVNAME"."LOV_ID"[NUMBER,22], 
       "X"."LOV_ID"[NUMBER,22], "LOVNAME".ROWID[ROWID,10], "LOVNAME"."LOV_NAME"[VARCHAR2,400], 
       "X"."DISPLAYED_VALUE"[VARCHAR2,4000], "TL"."DISPLAYED_VALUE"[VARCHAR2,4000]
  20 - (#keys=1) "LOVNAME"."LOV_ID"[NUMBER,22], "X"."LOV_ID"[NUMBER,22], "LOVNAME".ROWID[ROWID,10], 
       "LOVNAME"."LOV_NAME"[VARCHAR2,400], "X"."LOV_VALUE_ID"[NUMBER,22], "X"."LOCALE_ID"[NUMBER,22], 
       "X"."DISPLAYED_VALUE"[VARCHAR2,4000]
  21 - "LOVNAME".ROWID[ROWID,10], "LOVNAME"."LOV_NAME"[VARCHAR2,400], "LOVNAME"."LOV_ID"[NUMBER,22]
  22 - "LOVNAME".ROWID[ROWID,10], "LOVNAME"."LOV_NAME"[VARCHAR2,400]
  23 - "X"."LOV_VALUE_ID"[NUMBER,22], "X"."LOV_ID"[NUMBER,22], "X"."DISPLAYED_VALUE"[VARCHAR2,4000], 
       "X"."LOCALE_ID"[NUMBER,22]
  24 - (#keys=0) "LOCALE_ID"[NUMBER,22], "ENABLED_FLAG"[VARCHAR2,4], "T"."LOV_VALUE_ID"[NUMBER,22], 
       "T"."LOV_ID"[NUMBER,22], "T"."ORG_ENTITY_ID"[NUMBER,22], "T"."STORED_VALUE"[VARCHAR2,400], 
       "T"."DISPLAYED_VALUE"[VARCHAR2,4000]
  25 - "LOCALE_ID"[NUMBER,22], "ENABLED_FLAG"[VARCHAR2,4]
  26 - (#keys=0) "T"."LOV_VALUE_ID"[NUMBER,22], "T"."LOV_ID"[NUMBER,22], "T"."ORG_ENTITY_ID"[NUMBER,22], 
       "T"."STORED_VALUE"[VARCHAR2,400], "T"."DISPLAYED_VALUE"[VARCHAR2,4000]
  27 - "T"."LOV_VALUE_ID"[NUMBER,22], "T"."LOV_ID"[NUMBER,22], "T"."ORG_ENTITY_ID"[NUMBER,22], 
       "T"."STORED_VALUE"[VARCHAR2,400], "T"."DISPLAYED_VALUE"[VARCHAR2,4000]
  28 - "TL"."LOV_VALUE_ID"[NUMBER,22], "TL"."DISPLAYED_VALUE"[VARCHAR2,4000], "TL"."LOCALE_ID"[NUMBER,22]
  29 - (#keys=0) "LOCALE"[VARCHAR2,100]
  30 - "LOCALE"[VARCHAR2,100]
  31 - "SI_USERS_T".ROWID[ROWID,10], "USER_NAME"[VARCHAR2,80], "LOCALE"[VARCHAR2,100]
  32 - "SI_USERS_T".ROWID[ROWID,10], "USER_NAME"[VARCHAR2,80]
  33 - "FINMLSSUMM"."OBJ_FIN_SUMM_WID"[NUMBER,22], "FINMLSSUMM"."LOCALE_ID"[VARCHAR2,400], 
       "FINMLSSUMM"."LOCALE"[VARCHAR2,400], "FINMLSSUMM"."FIN_TYPE"[LOB,4000], 
       "FINMLSSUMM"."FIN_CATEGORY"[LOB,4000], "FINMLSSUMM"."OBJECT_STATUS"[VARCHAR2,4000]
  34 - VALUE(A0)[8000]
										</code></pre>
								</section>
						</div>
					</div>

				<!-- Sidebar -->
				<div id="sidebar">
					<div class="inner">
						<!-- Menu -->
						<nav id="menu">
							<header class="major">
								<h2>Menu</h2>
							</header>
							<ul>
								<li><a href="../index.html">Module List</a></li>
								<li><a href="index.html">Summary</a></li>
								<li>
									<span class="opener">DB Analysis</span>
									<ul>
										<li><a href="bad-sql.html">Bad SQL</a></li>
										<li><a href="poor-sql.html">Poor SQL Plan</a></li>
										<li><a href="invalid-sql.html">Invalid SQL</a></li>
										<li><a href="full-sql.html">Full SQL Report</a></li>
										<li><a href="table-nil-key.html">Primary/Unique Key Miss</a></li>
										<li><a href="invalid-db-object.html">Invalid DB Objects</a></li>
									</ul>
								</li>
								<li>
									<span class="opener">Infolets</span>
									<ul>
										<li><a href="keep-history-infolets.html">Keep History Infolets</a></li>
									</ul>
								</li>
								<li>
									<span class="opener">Pushforms</span>
									<ul>
										<li><a href="pushform-denormalize.html">Pushform Denormalized</a></li>
									</ul>
								</li>
							</ul>
						</nav>

						<!-- Section -->
						<section>
							<header class="major">
								<h2>Get in touch</h2>
							</header>
							<p>You need more details on the report or want more functionality, don't hesitate to reach out to us.</p>
							<ul class="contact">
								<li class="fa-envelope-o"><a href="mailto:rnd@metricstream.com?Subject=Reg - Static Code Analysis Tool" target="_top">rnd@metricstream.com</a></li>
							</ul>
						</section>

						<!-- Footer -->
						<footer id="footer">
							<p class="copyright">&copy; <a href="http://www.metricstream.com" target="_blank">MetricStream</a>. All rights reserved. </p>
						</footer>
					</div>
				</div>
			</div>

		<!-- Scripts -->
			<script src="../../lib/assets/js/jquery.min.js"></script>
			<script src="../../lib/assets/js/skel.min.js"></script>
			<script src="../../lib/assets/js/util.js"></script>
			<!--[if lte IE 8]><script src="../../lib/assets/js/ie/respond.min.js"></script><![endif]-->
			<script src="../../lib/assets/js/main.js"></script>
	</body>
</html>