<!DOCTYPE HTML>
<html>
	<head>
		<title>Code Analysis - MetricStream</title>
		<meta charset="utf-8" />
		<meta name="viewport" content="width=device-width, initial-scale=1, user-scalable=no" />
		<!--[if lte IE 8]><script src="../../lib/assets/js/ie/html5shiv.js"></script><![endif]-->
		<link rel="stylesheet" href="../../lib/assets/css/main.css" />
		<!--[if lte IE 9]><link rel="stylesheet" href="../../lib/assets/css/ie9.css" /><![endif]-->
		<!--[if lte IE 8]><link rel="stylesheet" href="../../lib/assets/css/ie8.css" /><![endif]-->
	</head>
	<body>

		<!-- Wrapper -->
			<div id="wrapper">

				<!-- Main -->
					<div id="main">
						<div class="inner">
							<!-- Header -->
								<header id="header">
									<a href="index.html" class="logo"><strong>Static Code Analysis Report</strong> by Code Analyzer Tool</a>
								</header>

							<!-- Content -->
								<section>
									<!-- Content -->
										<header class="major"><h2>Infolet Details</h2></header>
										<div class="table-wrapper">
											<table>
												<tbody>
													<tr>
														<th>Name</th>
														<td>MS_QSM_USERS (103908)</td>
													</tr>
													<tr>
														<th>SQL</th>
														<td><pre><code>SELECT DISTINCT fdo.user_id 
, fdo.user_name 
, ms_apps_utilities.get_user_full_name(fdo.user_id) USER_FULL_NAME 
,null 
, null 
, fdo.activity_id 
, fdo.activity_short_name 
, fdo.activity_name 
FROM SI_USER_ORG_ACT_VIEW fdo 
where trim(Activity_Name) IN ('QSM - Approve Questionnaire','QSM - Manage Questionnaires','QSM - Approve Surveys Certification Scorecard',  
							  'QSM - Respond to Questionnaires','ISM - Issue Owner','ISM - Approve Issue','ISM - Implement Action',  
							  'QSM - Manage Surveys','QSM - View Questionnaire','QSM - Approve Surveys','QSM - Approve Response' )  
and ORG_ENTITY_ID in (SELECT COLUMN_VALUE 
                     FROM TABLE(ms_grc_str_common_utilities.Split_Clob_Stored(:1))) 
order by USER_FULL_NAME</code></pre></td>
													</tr>
													<tr>
														<th>Description</th>
														<td>This Infolet Will fetch users based on organization.</td>
													</tr>
												</tbody>
											</table>
										</div>

										<h2 align="center" id="content">Analysis Report</h2>
										<hr>

<header class="major"><h2>Plan hash value: 2415828396</h2></header><pre><code>
 
-------------------------------------------------------------------------------------------------------------------------------
| Id  | Operation                                    | Name                           | Rows  | Bytes | Cost (%CPU)| Time     |
-------------------------------------------------------------------------------------------------------------------------------
|   0 | SELECT STATEMENT                             |                                |     1 |   248 |    64   (4)| 00:00:01 |
|   1 |  SORT UNIQUE                                 |                                |     1 |   248 |    63   (2)| 00:00:01 |
|*  2 |   HASH JOIN SEMI                             |                                |     1 |   248 |    62   (0)| 00:00:01 |
|*  3 |    HASH JOIN                                 |                                |     1 |   246 |    33   (0)| 00:00:01 |
|   4 |     NESTED LOOPS                             |                                |     1 |   233 |    27   (0)| 00:00:01 |
|   5 |      NESTED LOOPS                            |                                |     1 |   233 |    27   (0)| 00:00:01 |
|   6 |       NESTED LOOPS                           |                                |     1 |   175 |    26   (0)| 00:00:01 |
|   7 |        NESTED LOOPS                          |                                |     1 |   165 |    25   (0)| 00:00:01 |
|   8 |         NESTED LOOPS                         |                                |     1 |   143 |    24   (0)| 00:00:01 |
|   9 |          NESTED LOOPS OUTER                  |                                |     1 |   133 |    23   (0)| 00:00:01 |
|* 10 |           HASH JOIN                          |                                |     1 |   124 |    22   (0)| 00:00:01 |
|  11 |            NESTED LOOPS OUTER                |                                |     1 |   116 |    12   (0)| 00:00:01 |
|* 12 |             HASH JOIN                        |                                |     1 |   109 |    11   (0)| 00:00:01 |
|  13 |              NESTED LOOPS                    |                                |     1 |   101 |     7   (0)| 00:00:01 |
|  14 |               NESTED LOOPS                   |                                |     3 |   101 |     7   (0)| 00:00:01 |
<font style="background-color: lightblue; color: red">|  15 |                MERGE JOIN CARTESIAN          |                                |     1 |    86 |     6   (0)| 00:00:01 |</font>
|  16 |                 NESTED LOOPS                 |                                |     1 |    80 |     3   (0)| 00:00:01 |
|  17 |                  NESTED LOOPS                |                                |     1 |    67 |     2   (0)| 00:00:01 |
|  18 |                   TABLE ACCESS BY INDEX ROWID| MS_QS_PARAMETER_NAMES          |     1 |    34 |     1   (0)| 00:00:01 |
|* 19 |                    INDEX RANGE SCAN          | MS_QS_PARAMETER_NAMES_N2       |     1 |       |     1   (0)| 00:00:01 |
|* 20 |                   INDEX RANGE SCAN           | MS_QS_PARAMETERTYPE_TYPEID_IDX |     1 |    33 |     1   (0)| 00:00:01 |
|* 21 |                  INDEX RANGE SCAN            | MS_QS_PARAMETER_VALUES_IDX     |     1 |    13 |     1   (0)| 00:00:01 |
|  22 |                 BUFFER SORT                  |                                |     6 |    36 |     5   (0)| 00:00:01 |
<font style="background-color: lightblue; color: red">|* 23 |                  TABLE ACCESS FULL           | SI_ORG_ENTITIES_T              |     6 |    36 |     3   (0)| 00:00:01 |</font>
|* 24 |                INDEX RANGE SCAN              | SI_ORG_ROLES_N1                |     3 |       |     1   (0)| 00:00:01 |
|  25 |               TABLE ACCESS BY INDEX ROWID    | SI_ORG_ROLES                   |     3 |    45 |     1   (0)| 00:00:01 |
|  26 |              VIEW                            | SI_ORG_ENTITIES                |   113 |   904 |     4   (0)| 00:00:01 |
|  27 |               NESTED LOOPS OUTER             |                                |   113 |  1695 |     4   (0)| 00:00:01 |
<font style="background-color: lightblue; color: red">|  28 |                TABLE ACCESS FULL             | SI_ORG_ENTITIES_T              |   113 |   904 |     3   (0)| 00:00:01 |</font>
|* 29 |                INDEX RANGE SCAN              | SI_ORG_ENTITIES_TL_IDX         |     1 |     7 |     1   (0)| 00:00:01 |
|* 30 |             INDEX RANGE SCAN                 | SI_ORG_ENTITIES_TL_IDX         |     1 |     7 |     1   (0)| 00:00:01 |
|  31 |            VIEW                              | SI_ROLES                       |   456 |  3648 |    10   (0)| 00:00:01 |
|* 32 |             HASH JOIN                        |                                |   456 | 15504 |    10   (0)| 00:00:01 |
|  33 |              NESTED LOOPS OUTER              |                                |   110 |  2310 |     4   (0)| 00:00:01 |
<font style="background-color: lightblue; color: red">|  34 |               TABLE ACCESS FULL              | SI_ROLES_T                     |   110 |  1320 |     3   (0)| 00:00:01 |</font>
|* 35 |               INDEX RANGE SCAN               | SI_ROLES_TL_N2                 |     1 |     9 |     1   (0)| 00:00:01 |
|  36 |              VIEW                            | SI_REGISTER_APPLICATION_V      |    58 |   754 |     6   (0)| 00:00:01 |
|  37 |               UNION-ALL                      |                                |       |       |            |          |
|  38 |                NESTED LOOPS OUTER            |                                |    57 |  1881 |     4   (0)| 00:00:01 |
<font style="background-color: lightblue; color: red">|  39 |                 TABLE ACCESS FULL            | SI_REGISTER_APPLICATION        |    57 |   399 |     3   (0)| 00:00:01 |</font>
|* 40 |                 INDEX RANGE SCAN             | SI_REGISTER_APPLICATION_TL_N1  |     1 |    26 |     1   (0)| 00:00:01 |
|  41 |                FAST DUAL                     |                                |     1 |       |     2   (0)| 00:00:01 |
|* 42 |           INDEX RANGE SCAN                   | SI_ROLES_TL_N2                 |     1 |     9 |     1   (0)| 00:00:01 |
|* 43 |          INDEX RANGE SCAN                    | SI_USER_ORG_ROLES_N2           |     3 |    30 |     1   (0)| 00:00:01 |
|* 44 |         TABLE ACCESS BY INDEX ROWID          | SI_USERS_T                     |     1 |    22 |     1   (0)| 00:00:01 |
|* 45 |          INDEX UNIQUE SCAN                   | SI_USERS_T_N1                  |     1 |       |     1   (0)| 00:00:01 |
|* 46 |        INDEX RANGE SCAN                      | SI_ROLE_ACTIVITIES_N2          |    23 |   230 |     1   (0)| 00:00:01 |
|* 47 |       INDEX RANGE SCAN                       | SI_ACTIVITIES_N1               |     1 |       |     1   (0)| 00:00:01 |
|* 48 |      TABLE ACCESS BY INDEX ROWID             | SI_ACTIVITIES_T                |     1 |    58 |     1   (0)| 00:00:01 |
|  49 |     VIEW                                     | SI_REGISTER_APPLICATION_V      |    58 |   754 |     6   (0)| 00:00:01 |
|  50 |      UNION-ALL                               |                                |       |       |            |          |
|  51 |       NESTED LOOPS OUTER                     |                                |    57 |  1881 |     4   (0)| 00:00:01 |
<font style="background-color: lightblue; color: red">|  52 |        TABLE ACCESS FULL                     | SI_REGISTER_APPLICATION        |    57 |   399 |     3   (0)| 00:00:01 |</font>
|* 53 |        INDEX RANGE SCAN                      | SI_REGISTER_APPLICATION_TL_N1  |     1 |    26 |     1   (0)| 00:00:01 |
|  54 |       FAST DUAL                              |                                |     1 |       |     2   (0)| 00:00:01 |
<font style="background-color: lightblue; color: red">|  55 |    COLLECTION ITERATOR PICKLER FETCH         | SPLIT_CLOB_STORED              |  8168 | 16336 |    29   (0)| 00:00:01 |</font>
-------------------------------------------------------------------------------------------------------------------------------
 
</code></pre><header class="major"><h2>Query Block Name / Object Alias (identified by operation id):</h2></header><pre><code>
 
   1 - SEL$7AD1A0A1
  18 - SEL$7AD1A0A1 / PNAME@SEL$2
  19 - SEL$7AD1A0A1 / PNAME@SEL$2
  20 - SEL$7AD1A0A1 / PTYPE@SEL$2
  21 - SEL$7AD1A0A1 / PVALUE@SEL$2
  23 - SEL$7AD1A0A1 / ORGS@SEL$2
  24 - SEL$7AD1A0A1 / A@SEL$3
  25 - SEL$7AD1A0A1 / A@SEL$3
  26 - SEL$13       / B@SEL$3
  27 - SEL$13      
  28 - SEL$13       / T@SEL$13
  29 - SEL$13       / TL@SEL$13
  30 - SEL$7AD1A0A1 / BL@SEL$3
  31 - SEL$1FB6C052 / C@SEL$3
  32 - SEL$1FB6C052
  34 - SEL$1FB6C052 / T@SEL$15
  35 - SEL$1FB6C052 / TL@SEL$15
  36 - SET$2        / SRA@SEL$14
  37 - SET$2       
  38 - SEL$16      
  39 - SEL$16       / T@SEL$16
  40 - SEL$16       / TL@SEL$16
  41 - SEL$19       / DUAL@SEL$19
  42 - SEL$7AD1A0A1 / CL@SEL$3
  43 - SEL$7AD1A0A1 / D@SEL$3
  44 - SEL$7AD1A0A1 / USERS@SEL$2
  45 - SEL$7AD1A0A1 / USERS@SEL$2
  46 - SEL$7AD1A0A1 / ROLE_ACT@SEL$2
  47 - SEL$7AD1A0A1 / ACT@SEL$2
  48 - SEL$7AD1A0A1 / ACT@SEL$2
  49 - SET$1        / SRA@SEL$4
  50 - SET$1       
  51 - SEL$5       
  52 - SEL$5        / T@SEL$5
  53 - SEL$5        / TL@SEL$5
  54 - SEL$8        / DUAL@SEL$8
  55 - SEL$7AD1A0A1 / KOKBF$0@SEL$25
 
</code></pre><header class="major"><h2>Predicate Information (identified by operation id):</h2></header><pre><code>
 
   2 - access("A"."ORG_ENTITY_ID"=TO_NUMBER(VALUE(KOKBF$)))
   3 - access(NVL("PACKAGE_ID",0)=NVL("SRA"."PACKAGE_ID",0))
  10 - access("C"."ROLE_ID"="A"."ROLE_ID" AND "C"."ENTERPRISE_ID"="B"."ENTERPRISE_ID")
  12 - access("B"."ORG_ENTITY_ID"="A"."ORG_ENTITY_ID")
  19 - access(UPPER("PARAMETER_NAME")='DISPLAY_FORMAT')
  20 - access("PTYPE"."PARAMETER_TYPE_ID"="PNAME"."PARAMETER_TYPE_ID" AND UPPER("PARAMETER_TYPE")='MS APPS USER NAME 
              DISPLAY FORMAT')
  21 - access("PTYPE"."PARAMETER_TYPE_ID"="PVALUE"."PARAMETER_TYPE_ID" AND 
              "PNAME"."PARAMETER_ID"="PVALUE"."PARAMETER_ID" AND "PVALUE"."ORG_ENTITY_ID"=1)
  23 - filter(NVL("ORGS"."END_DATE",SYSDATE@!)>=SYSDATE@!)
  24 - access("ORGS"."ORG_ENTITY_ID"="A"."ORG_ENTITY_ID")
  29 - access("T"."ORG_ENTITY_ID"="TL"."ORG_ENTITY_ID"(+) AND 
              "TL"."LOCALE_ID"(+)=TO_NUMBER("SI_DB_LOCALE_SV"."GETVALUE"()))
  30 - access("B"."ORG_ENTITY_ID"="BL"."ORG_ENTITY_ID"(+) AND 
              "BL"."LOCALE_ID"(+)=TO_NUMBER("SI_DB_LOCALE_SV"."GETVALUE"()))
  32 - access(NVL("PACKAGE_ID",0)=NVL("SRA"."PACKAGE_ID",0))
  35 - access("T"."ROLE_ID"="TL"."ROLE_ID"(+) AND "TL"."LOCALE_ID"(+)=TO_NUMBER("SI_DB_LOCALE_SV"."GETVALUE"()))
  40 - access("TL"."MODULE_ID"(+)="T"."MODULE_ID" AND "TL"."LOCALE_ID"(+)=TO_NUMBER("SI_DB_LOCALE_SV"."GETVALUE"()))
  42 - access("C"."ROLE_ID"="CL"."ROLE_ID"(+) AND "CL"."LOCALE_ID"(+)=TO_NUMBER("SI_DB_LOCALE_SV"."GETVALUE"()))
  43 - access("D"."ORG_ROLE_ID"="A"."ORG_ROLE_ID")
  44 - filter(NVL("USERS"."END_DATE",SYSDATE@!)>=SYSDATE@!)
  45 - access("USERS"."USER_ID"="D"."USER_ID")
       filter("USERS"."USER_ID" IS NOT NULL)
  46 - access("ROLE_ACT"."ROLE_ID"="A"."ROLE_ID")
  47 - access("ROLE_ACT"."ACTIVITY_ID"="ACT"."ACTIVITY_ID")
  48 - filter(TRIM("ACT"."ACTIVITY_NAME")='QSM - Approve Questionnaire' OR TRIM("ACT"."ACTIVITY_NAME")='QSM - Manage 
              Questionnaires' OR TRIM("ACT"."ACTIVITY_NAME")='QSM - Approve Surveys Certification Scorecard' OR 
              TRIM("ACT"."ACTIVITY_NAME")='QSM - Respond to Questionnaires' OR TRIM("ACT"."ACTIVITY_NAME")='ISM - Issue Owner' OR 
              TRIM("ACT"."ACTIVITY_NAME")='ISM - Approve Issue' OR TRIM("ACT"."ACTIVITY_NAME")='ISM - Implement Action' OR 
              TRIM("ACT"."ACTIVITY_NAME")='QSM - Manage Surveys' OR TRIM("ACT"."ACTIVITY_NAME")='QSM - View Questionnaire' OR 
              TRIM("ACT"."ACTIVITY_NAME")='QSM - Approve Surveys' OR TRIM("ACT"."ACTIVITY_NAME")='QSM - Approve Response')
  53 - access("TL"."MODULE_ID"(+)="T"."MODULE_ID" AND "TL"."LOCALE_ID"(+)=TO_NUMBER("SI_DB_LOCALE_SV"."GETVALUE"()))
 
</code></pre><header class="major"><h2>Column Projection Information (identified by operation id):</h2></header><pre><code>
 
   1 - (#keys=8) "MS_APPS_UTILITIES"."GET_USER_FULL_NAME"("USERS"."USER_ID")[4000], "USERS"."USER_NAME"[VARCHAR2,320], 
       "USERS"."USER_ID"[NUMBER,22], NULL[0], NULL[0], "ACT"."ACTIVITY_ID"[NUMBER,22], 
       "ACT"."ACTIVITY_SHORT_NAME"[VARCHAR2,4000], "ACT"."ACTIVITY_NAME"[VARCHAR2,400]
   2 - (#keys=1) "USERS"."USER_ID"[NUMBER,22], "USERS"."USER_NAME"[VARCHAR2,320], "ACT"."ACTIVITY_ID"[NUMBER,22], 
       "ACT"."ACTIVITY_NAME"[VARCHAR2,400], "ACT"."ACTIVITY_SHORT_NAME"[VARCHAR2,4000]
   3 - (#keys=1) "A"."ORG_ENTITY_ID"[NUMBER,22], "USERS"."USER_ID"[NUMBER,22], "USERS"."USER_NAME"[VARCHAR2,320], 
       "ACT"."ACTIVITY_ID"[NUMBER,22], "ACT"."ACTIVITY_NAME"[VARCHAR2,400], "ACT"."ACTIVITY_SHORT_NAME"[VARCHAR2,4000]
   4 - (#keys=0) "A"."ORG_ENTITY_ID"[NUMBER,22], "USERS"."USER_ID"[NUMBER,22], "USERS"."USER_NAME"[VARCHAR2,320], 
       "PACKAGE_ID"[NUMBER,22], "ACT"."ACTIVITY_ID"[NUMBER,22], "ACT"."ACTIVITY_NAME"[VARCHAR2,400], 
       "ACT"."ACTIVITY_SHORT_NAME"[VARCHAR2,4000]
   5 - (#keys=0) "A"."ORG_ENTITY_ID"[NUMBER,22], "USERS"."USER_ID"[NUMBER,22], "USERS"."USER_NAME"[VARCHAR2,320], 
       "PACKAGE_ID"[NUMBER,22], "ACT".ROWID[ROWID,10], "ACT"."ACTIVITY_ID"[NUMBER,22]
   6 - (#keys=0) "A"."ORG_ENTITY_ID"[NUMBER,22], "USERS"."USER_ID"[NUMBER,22], "USERS"."USER_NAME"[VARCHAR2,320], 
       "PACKAGE_ID"[NUMBER,22], "ROLE_ACT"."ACTIVITY_ID"[NUMBER,22]
   7 - (#keys=0) "A"."ROLE_ID"[NUMBER,22], "A"."ORG_ENTITY_ID"[NUMBER,22], "USERS"."USER_ID"[NUMBER,22], 
       "USERS"."USER_NAME"[VARCHAR2,320], "PACKAGE_ID"[NUMBER,22]
   8 - (#keys=0) "A"."ROLE_ID"[NUMBER,22], "A"."ORG_ENTITY_ID"[NUMBER,22], "D"."USER_ID"[NUMBER,22]
   9 - (#keys=0) "A"."ROLE_ID"[NUMBER,22], "A"."ORG_ENTITY_ID"[NUMBER,22], "A"."ORG_ROLE_ID"[NUMBER,22]
  10 - (#keys=2) "A"."ROLE_ID"[NUMBER,22], "C"."ROLE_ID"[NUMBER,22], "A"."ORG_ENTITY_ID"[NUMBER,22], 
       "A"."ORG_ROLE_ID"[NUMBER,22]
  11 - (#keys=0) "A"."ORG_ENTITY_ID"[NUMBER,22], "A"."ORG_ROLE_ID"[NUMBER,22], "A"."ROLE_ID"[NUMBER,22], 
       "B"."ENTERPRISE_ID"[NUMBER,22]
  12 - (#keys=1) "A"."ORG_ENTITY_ID"[NUMBER,22], "B"."ORG_ENTITY_ID"[NUMBER,22], "A"."ORG_ROLE_ID"[NUMBER,22], 
       "A"."ROLE_ID"[NUMBER,22], "B"."ENTERPRISE_ID"[NUMBER,22]
  13 - (#keys=0) "A"."ORG_ROLE_ID"[NUMBER,22], "A"."ORG_ENTITY_ID"[NUMBER,22], "A"."ROLE_ID"[NUMBER,22]
  14 - (#keys=0) "A".ROWID[ROWID,10], "A"."ORG_ENTITY_ID"[NUMBER,22]
  15 - (#keys=0) "ORGS"."ORG_ENTITY_ID"[NUMBER,22]
  16 - (#keys=0) 
  17 - (#keys=0) "PNAME"."PARAMETER_ID"[NUMBER,22], "PTYPE"."PARAMETER_TYPE_ID"[NUMBER,22]
  18 - "PNAME"."PARAMETER_ID"[NUMBER,22], "PNAME"."PARAMETER_TYPE_ID"[NUMBER,22]
  19 - "PNAME".ROWID[ROWID,10], UPPER("PARAMETER_NAME")[VARCHAR2,400]
  20 - "PTYPE"."PARAMETER_TYPE_ID"[NUMBER,22]
  22 - (#keys=0) "ORGS"."ORG_ENTITY_ID"[NUMBER,22]
  23 - "ORGS"."ORG_ENTITY_ID"[NUMBER,22]
  24 - "A".ROWID[ROWID,10], "A"."ORG_ENTITY_ID"[NUMBER,22]
  25 - "A"."ORG_ROLE_ID"[NUMBER,22], "A"."ROLE_ID"[NUMBER,22]
  26 - "B"."ENTERPRISE_ID"[NUMBER,22], "B"."ORG_ENTITY_ID"[NUMBER,22]
  27 - (#keys=0) "T"."ENTERPRISE_ID"[NUMBER,22], "T"."ORG_ENTITY_ID"[NUMBER,22]
  28 - "T"."ENTERPRISE_ID"[NUMBER,22], "T"."ORG_ENTITY_ID"[NUMBER,22]
  31 - "C"."ENTERPRISE_ID"[NUMBER,22], "C"."ROLE_ID"[NUMBER,22]
  32 - (#keys=1) "ENTERPRISE_ID"[NUMBER,22], "T"."ROLE_ID"[NUMBER,22]
  33 - (#keys=0) "ENTERPRISE_ID"[NUMBER,22], "T"."ROLE_ID"[NUMBER,22], "PACKAGE_ID"[NUMBER,22]
  34 - "ENTERPRISE_ID"[NUMBER,22], "T"."ROLE_ID"[NUMBER,22], "PACKAGE_ID"[NUMBER,22]
  36 - "SRA"."PACKAGE_ID"[NUMBER,22]
  37 - STRDEF[22]
  38 - (#keys=0) "T"."MODULE_ID"[NUMBER,22]
  39 - "T"."MODULE_ID"[NUMBER,22]
  43 - "D"."USER_ID"[NUMBER,22]
  44 - "USERS"."USER_ID"[NUMBER,22], "USERS"."USER_NAME"[VARCHAR2,320], "PACKAGE_ID"[NUMBER,22]
  45 - "USERS".ROWID[ROWID,10], "USERS"."USER_ID"[NUMBER,22]
  46 - "ROLE_ACT"."ACTIVITY_ID"[NUMBER,22]
  47 - "ACT".ROWID[ROWID,10], "ACT"."ACTIVITY_ID"[NUMBER,22]
  48 - "ACT"."ACTIVITY_NAME"[VARCHAR2,400], "ACT"."ACTIVITY_SHORT_NAME"[VARCHAR2,4000]
  49 - "SRA"."PACKAGE_ID"[NUMBER,22]
  50 - STRDEF[22]
  51 - (#keys=0) "T"."MODULE_ID"[NUMBER,22]
  52 - "T"."MODULE_ID"[NUMBER,22]
  55 - VALUE(A0)[8000]
										</code></pre>
								</section>
						</div>
					</div>

				<!-- Sidebar -->
				<div id="sidebar">
					<div class="inner">
						<!-- Menu -->
						<nav id="menu">
							<header class="major">
								<h2>Menu</h2>
							</header>
							<ul>
								<li><a href="../index.html">Module List</a></li>
								<li><a href="index.html">Summary</a></li>
								<li>
									<span class="opener">DB Analysis</span>
									<ul>
										<li><a href="bad-sql.html">Bad SQL</a></li>
										<li><a href="poor-sql.html">Poor SQL Plan</a></li>
										<li><a href="invalid-sql.html">Invalid SQL</a></li>
										<li><a href="full-sql.html">Full SQL Report</a></li>
										<li><a href="table-nil-key.html">Primary/Unique Key Miss</a></li>
										<li><a href="invalid-db-object.html">Invalid DB Objects</a></li>
										<li><a href="sequence-with-less-cache.html">Sequence</a></li>
										<li><a href="table-index-lob-size.html">Table Size</a></li>
										<li><a href="table-row-count.html">Table Row Count</a></li>
										<li><a href="top-worst-queries.html">Top Worst Queries</a></li>
									</ul>
								</li>
								<li>
								    <span class="opener">LOB</span>
								    <ul>
								        <li><a href="lob-no-cache.html">LOB - No Cache</a></li>
								        <li><a href="lob-columns.html">LOB - All Columns</a></li>
								    </ul>
								</li>
								<li>
									<span class="opener">Infolets</span>
									<ul>
										<li><a href="keep-history-infolets.html">Keep History Infolets</a></li>
										<li><a href="plsql-context-switch.html">SQL-PL/SQL Context Switch</a></li>
									</ul>
								</li>
								<li>
									<span class="opener">Pushforms</span>
									<ul>
										<li><a href="pushform-denormalize.html">Pushform Denormalized</a></li>
									</ul>
								</li>
								<li>
									<span class="opener">PL/SQL</span>
									<ul>
										<li><a href="plsql-dyn-qry-objs.html">Dynamic Query</a></li>
									</ul>
								</li>
								<li>
								    <span class="opener">Report</span>
								    <ul>
								        <li><a href="jasper.html">Jasper Reports</a></li>
								    </ul>
								</li>
							</ul>
						</nav>

						<!-- Section -->
						<section>
							<header class="major">
								<h2>Get in touch</h2>
							</header>
							<p>You need more details on the report or want more functionality, don't hesitate to reach out to us.</p>
							<ul class="contact">
								<li class="fa-envelope-o"><a href="mailto:apps-rnd-arch-team@metricstream.com?Subject=Reg - Code Analysis Tool" target="_top">apps-rnd-arch-team@metricstream.com</a></li>
							</ul>
						</section>

						<!-- Footer -->
						<footer id="footer">
							<p class="copyright">&copy; <a href="http://www.metricstream.com" target="_blank">MetricStream</a>. All rights reserved. </p>
						</footer>
					</div>
				</div>
			</div>

		<!-- Scripts -->
			<script src="../../lib/assets/js/jquery.min.js"></script>
			<script src="../../lib/assets/js/skel.min.js"></script>
			<script src="../../lib/assets/js/util.js"></script>
			<!--[if lte IE 8]><script src="../../lib/assets/js/ie/respond.min.js"></script><![endif]-->
			<script src="../../lib/assets/js/main.js"></script>
	</body>
</html>