<!DOCTYPE HTML>
<html>
	<head>
		<title>Code Analysis - MetricStream</title>
		<meta charset="utf-8" />
		<meta name="viewport" content="width=device-width, initial-scale=1, user-scalable=no" />
		<!--[if lte IE 8]><script src="../../lib/assets/js/ie/html5shiv.js"></script><![endif]-->
		<link rel="stylesheet" href="../../lib/assets/css/main.css" />
		<!--[if lte IE 9]><link rel="stylesheet" href="../../lib/assets/css/ie9.css" /><![endif]-->
		<!--[if lte IE 8]><link rel="stylesheet" href="../../lib/assets/css/ie8.css" /><![endif]-->
	</head>
	<body>

		<!-- Wrapper -->
			<div id="wrapper">

				<!-- Main -->
					<div id="main">
						<div class="inner">
							<!-- Header -->
								<header id="header">
									<a href="index.html" class="logo"><strong>Static Code Analysis Report</strong> by Code Analyzer Tool</a>
								</header>

							<!-- Content -->
								<section>
									<!-- Content -->
										<header class="major"><h2>Infolet Details</h2></header>
										<div class="table-wrapper">
											<table>
												<tbody>
													<tr>
														<th>Name</th>
														<td>MS_QSM_REMINDER_SEND_TO (103836)</td>
													</tr>
													<tr>
														<th>SQL</th>
														<td><pre><code>Select Stored_Value,
       Displayed_Value,
       Lov_Name,
       Locale_Id
From   Ms_Qs_Lov_Org_Values_v
where  (End_Date is null or trunc(End_Date) > trunc(sysdate)) 
        And trunc(Start_Date) <=trunc(sysdate )
        AND Lov_Name = 'MS_QSM_REMAINDER_SEND_TO'      
        AND Stored_Value = DECODE(:1,'4',DECODE((SELECT COUNT(1) FROM MS_QSM_SCHEDULER_DETAILS WHERE SCH_REQ_ID = :2),0,'1',Stored_Value),Stored_Value)</code></pre></td>
													</tr>
													<tr>
														<th>Description</th>
														<td>This infolet is used in for fetching reminder email send to users/role data.</td>
													</tr>
												</tbody>
											</table>
										</div>

										<h2 align="center" id="content">Analysis Report</h2>
										<hr>

<header class="major"><h2>Plan hash value: 3950011907</h2></header><pre><code>
 
-------------------------------------------------------------------------------------------------------------------
| Id  | Operation                         | Name                          | Rows  | Bytes | Cost (%CPU)| Time     |
-------------------------------------------------------------------------------------------------------------------
|   0 | SELECT STATEMENT                  |                               |     2 |  4710 |    26   (0)| 00:00:01 |
|*  1 |  HASH JOIN                        |                               |     2 |  4710 |    25   (0)| 00:00:01 |
|   2 |   NESTED LOOPS OUTER              |                               |     1 |  2342 |    19   (0)| 00:00:01 |
|   3 |    NESTED LOOPS OUTER             |                               |     1 |  2317 |    18   (0)| 00:00:01 |
|   4 |     NESTED LOOPS                  |                               |     1 |  2310 |    17   (0)| 00:00:01 |
|*  5 |      HASH JOIN                    |                               |     1 |  2302 |    16   (0)| 00:00:01 |
|   6 |       NESTED LOOPS OUTER          |                               |     1 |    60 |     2   (0)| 00:00:01 |
|   7 |        TABLE ACCESS BY INDEX ROWID| MS_QS_LOV_NAMES               |     1 |    34 |     1   (0)| 00:00:01 |
|*  8 |         INDEX RANGE SCAN          | MS_QS_LOV_NAMES_N1            |     1 |       |     1   (0)| 00:00:01 |
|*  9 |        INDEX RANGE SCAN           | MS_QS_LOV_NAMES_TL_IDX        |     1 |    26 |     1   (0)| 00:00:01 |
|* 10 |       VIEW                        |                               |   164 |   359K|    14   (0)| 00:00:01 |
<font style="background-color: lightblue; color: red">|  11 |        MERGE JOIN CARTESIAN       |                               |   164 |  8200 |    14   (0)| 00:00:01 |</font>
<font style="background-color: lightblue; color: red">|* 12 |         TABLE ACCESS FULL         | SI_LOCALES                    |     1 |     6 |     3   (0)| 00:00:01 |</font>
|  13 |         BUFFER SORT               |                               |   164 |  7216 |    11   (0)| 00:00:01 |
<font style="background-color: lightblue; color: red">|* 14 |          TABLE ACCESS FULL        | MS_QS_LIST_OF_VALUES_T        |   164 |  7216 |    11   (0)| 00:00:01 |</font>
|  15 |        SORT AGGREGATE             |                               |     1 |   202 |            |          |
|* 16 |         INDEX RANGE SCAN          | MS_QSM_SCH_DTL_REQ_IDX1       |     1 |   202 |     1   (0)| 00:00:01 |
|* 17 |      INDEX RANGE SCAN             | SI_ORG_ENTITIES_N1            |     1 |     8 |     1   (0)| 00:00:01 |
|* 18 |     INDEX RANGE SCAN              | SI_ORG_ENTITIES_TL_IDX        |     1 |     7 |     1   (0)| 00:00:01 |
|  19 |    TABLE ACCESS BY INDEX ROWID    | MS_QS_LIST_OF_VALUES_TL       |     1 |    25 |     1   (0)| 00:00:01 |
|* 20 |     INDEX RANGE SCAN              | MS_QS_LIST_OF_VALUES_TL_IDX   |     1 |       |     1   (0)| 00:00:01 |
|  21 |   VIEW                            | SI_REGISTER_APPLICATION_V     |    58 |   754 |     6   (0)| 00:00:01 |
|  22 |    UNION-ALL                      |                               |       |       |            |          |
|  23 |     NESTED LOOPS OUTER            |                               |    57 |  1881 |     4   (0)| 00:00:01 |
<font style="background-color: lightblue; color: red">|  24 |      TABLE ACCESS FULL            | SI_REGISTER_APPLICATION       |    57 |   399 |     3   (0)| 00:00:01 |</font>
|* 25 |      INDEX RANGE SCAN             | SI_REGISTER_APPLICATION_TL_N1 |     1 |    26 |     1   (0)| 00:00:01 |
|  26 |     FAST DUAL                     |                               |     1 |       |     2   (0)| 00:00:01 |
-------------------------------------------------------------------------------------------------------------------
 
</code></pre><header class="major"><h2>Query Block Name / Object Alias (identified by operation id):</h2></header><pre><code>
 
   1 - SEL$4D23A876
   7 - SEL$4D23A876 / T@SEL$7
   8 - SEL$4D23A876 / T@SEL$7
   9 - SEL$4D23A876 / TL@SEL$7
  10 - SEL$7286615E / X@SEL$3
  11 - SEL$7286615E
  12 - SEL$7286615E / SI_LOCALES@SEL$5
  14 - SEL$7286615E / T@SEL$4
  15 - SEL$17      
  16 - SEL$17       / MS_QSM_SCHEDULER_DETAILS@SEL$17
  17 - SEL$4D23A876 / T@SEL$16
  18 - SEL$4D23A876 / TL@SEL$16
  19 - SEL$4D23A876 / TL@SEL$3
  20 - SEL$4D23A876 / TL@SEL$3
  21 - SET$1        / SRA@SEL$6
  22 - SET$1       
  23 - SEL$8       
  24 - SEL$8        / T@SEL$8
  25 - SEL$8        / TL@SEL$8
  26 - SEL$11       / DUAL@SEL$11
 
</code></pre><header class="major"><h2>Predicate Information (identified by operation id):</h2></header><pre><code>
 
   1 - access(NVL("PACKAGE_ID",0)=NVL("SRA"."PACKAGE_ID",0))
   5 - access("X"."LOV_ID"="T"."LOV_ID")
   8 - access("T"."LOV_NAME"='MS_QSM_REMAINDER_SEND_TO')
   9 - access("T"."LOV_ID"="TL"."LOV_ID"(+) AND "TL"."LOCALE_ID"(+)=TO_NUMBER("SI_DB_LOCALE_SV"."GETVALUE"(
              )))
  10 - filter("X"."STORED_VALUE"=DECODE(:1,'4',DECODE( (SELECT COUNT(*) FROM "MS_QSM_SCHEDULER_DETAILS" 
              "MS_QSM_SCHEDULER_DETAILS" WHERE "SCH_REQ_ID"=:2),0,'1',"X"."STORED_VALUE"),"X"."STORED_VALUE"))
  12 - filter("ENABLED_FLAG"='Y')
  14 - filter(TRUNC(INTERNAL_FUNCTION("T"."START_DATE"))<=TRUNC(SYSDATE@!) AND ("T"."END_DATE" IS NULL OR 
              TRUNC(INTERNAL_FUNCTION("T"."END_DATE"))>TRUNC(SYSDATE@!)))
  16 - access("SCH_REQ_ID"=:2)
  17 - access("T"."ENTERPRISE_ID"="X"."ENTERPRISE_ID" AND "T"."ORG_ENTITY_ID"="X"."ORG_ENTITY_ID")
  18 - access("T"."ORG_ENTITY_ID"="TL"."ORG_ENTITY_ID"(+) AND 
              "TL"."LOCALE_ID"(+)=TO_NUMBER("SI_DB_LOCALE_SV"."GETVALUE"()))
  20 - access("X"."LOV_VALUE_ID"="TL"."LOV_VALUE_ID"(+) AND "X"."LOCALE_ID"="TL"."LOCALE_ID"(+))
  25 - access("TL"."MODULE_ID"(+)="T"."MODULE_ID" AND 
              "TL"."LOCALE_ID"(+)=TO_NUMBER("SI_DB_LOCALE_SV"."GETVALUE"()))
 
</code></pre><header class="major"><h2>Column Projection Information (identified by operation id):</h2></header><pre><code>
 
   1 - (#keys=1) "T"."LOV_NAME"[VARCHAR2,400], "X"."STORED_VALUE"[VARCHAR2,400], 
       "X"."DISPLAYED_VALUE"[VARCHAR2,4000], "X"."LOCALE_ID"[NUMBER,22], "TL"."DISPLAYED_VALUE"[VARCHAR2,4000]
   2 - (#keys=0) "T"."LOV_NAME"[VARCHAR2,400], "PACKAGE_ID"[NUMBER,22], "X"."STORED_VALUE"[VARCHAR2,400], 
       "X"."DISPLAYED_VALUE"[VARCHAR2,4000], "X"."LOCALE_ID"[NUMBER,22], "TL"."DISPLAYED_VALUE"[VARCHAR2,4000]
   3 - (#keys=0) "T"."LOV_NAME"[VARCHAR2,400], "PACKAGE_ID"[NUMBER,22], "X"."LOV_VALUE_ID"[NUMBER,22], 
       "X"."STORED_VALUE"[VARCHAR2,400], "X"."DISPLAYED_VALUE"[VARCHAR2,4000], "X"."LOCALE_ID"[NUMBER,22]
   4 - (#keys=0) "T"."LOV_NAME"[VARCHAR2,400], "PACKAGE_ID"[NUMBER,22], "X"."LOV_VALUE_ID"[NUMBER,22], 
       "X"."STORED_VALUE"[VARCHAR2,400], "X"."DISPLAYED_VALUE"[VARCHAR2,4000], "X"."LOCALE_ID"[NUMBER,22], 
       "T"."ORG_ENTITY_ID"[NUMBER,22]
   5 - (#keys=1) "T"."LOV_NAME"[VARCHAR2,400], "PACKAGE_ID"[NUMBER,22], "X"."LOV_VALUE_ID"[NUMBER,22], 
       "X"."ENTERPRISE_ID"[NUMBER,22], "X"."ORG_ENTITY_ID"[NUMBER,22], "X"."STORED_VALUE"[VARCHAR2,400], 
       "X"."DISPLAYED_VALUE"[VARCHAR2,4000], "X"."LOCALE_ID"[NUMBER,22]
   6 - (#keys=0) "T"."LOV_NAME"[VARCHAR2,400], "T"."LOV_ID"[NUMBER,22], "PACKAGE_ID"[NUMBER,22]
   7 - "T"."LOV_NAME"[VARCHAR2,400], "T"."LOV_ID"[NUMBER,22], "PACKAGE_ID"[NUMBER,22]
   8 - "T".ROWID[ROWID,10], "T"."LOV_NAME"[VARCHAR2,400]
  10 - "X"."LOV_VALUE_ID"[NUMBER,22], "X"."LOV_ID"[NUMBER,22], "X"."ORG_ENTITY_ID"[NUMBER,22], 
       "X"."STORED_VALUE"[VARCHAR2,400], "X"."DISPLAYED_VALUE"[VARCHAR2,4000], "X"."LOCALE_ID"[NUMBER,22], 
       "X"."ENTERPRISE_ID"[NUMBER,22]
  11 - (#keys=0) "LOCALE_ID"[NUMBER,22], "T"."LOV_VALUE_ID"[NUMBER,22], "T"."LOV_ID"[NUMBER,22], 
       "T"."ORG_ENTITY_ID"[NUMBER,22], "T"."STORED_VALUE"[VARCHAR2,400], "T"."DISPLAYED_VALUE"[VARCHAR2,4000], 
       "T"."ENTERPRISE_ID"[NUMBER,22]
  12 - "LOCALE_ID"[NUMBER,22]
  13 - (#keys=0) "T"."LOV_VALUE_ID"[NUMBER,22], "T"."LOV_ID"[NUMBER,22], "T"."ORG_ENTITY_ID"[NUMBER,22], 
       "T"."STORED_VALUE"[VARCHAR2,400], "T"."DISPLAYED_VALUE"[VARCHAR2,4000], "T"."ENTERPRISE_ID"[NUMBER,22]
  14 - "T"."LOV_VALUE_ID"[NUMBER,22], "T"."LOV_ID"[NUMBER,22], "T"."ORG_ENTITY_ID"[NUMBER,22], 
       "T"."STORED_VALUE"[VARCHAR2,400], "T"."DISPLAYED_VALUE"[VARCHAR2,4000], "T"."ENTERPRISE_ID"[NUMBER,22]
  15 - (#keys=0) COUNT(*)[22]
  17 - "T"."ORG_ENTITY_ID"[NUMBER,22]
  19 - "TL"."DISPLAYED_VALUE"[VARCHAR2,4000]
  20 - "TL".ROWID[ROWID,10]
  21 - "SRA"."PACKAGE_ID"[NUMBER,22]
  22 - STRDEF[22]
  23 - (#keys=0) "T"."MODULE_ID"[NUMBER,22]
  24 - "T"."MODULE_ID"[NUMBER,22]
										</code></pre>
								</section>
						</div>
					</div>

				<!-- Sidebar -->
				<div id="sidebar">
					<div class="inner">
						<!-- Menu -->
						<nav id="menu">
							<header class="major">
								<h2>Menu</h2>
							</header>
							<ul>
								<li><a href="../index.html">Module List</a></li>
								<li><a href="index.html">Summary</a></li>
								<li>
									<span class="opener">DB Analysis</span>
									<ul>
										<li><a href="bad-sql.html">Bad SQL</a></li>
										<li><a href="poor-sql.html">Poor SQL Plan</a></li>
										<li><a href="invalid-sql.html">Invalid SQL</a></li>
										<li><a href="full-sql.html">Full SQL Report</a></li>
										<li><a href="table-nil-key.html">Primary/Unique Key Miss</a></li>
										<li><a href="invalid-db-object.html">Invalid DB Objects</a></li>
										<li><a href="sequence-with-less-cache.html">Sequence</a></li>
										<li><a href="table-index-lob-size.html">Table Size</a></li>
										<li><a href="table-row-count.html">Table Row Count</a></li>
										<li><a href="top-worst-queries.html">Top Worst Queries</a></li>
									</ul>
								</li>
								<li>
								    <span class="opener">LOB</span>
								    <ul>
								        <li><a href="lob-no-cache.html">LOB - No Cache</a></li>
								        <li><a href="lob-columns.html">LOB - All Columns</a></li>
								    </ul>
								</li>
								<li>
									<span class="opener">Infolets</span>
									<ul>
										<li><a href="keep-history-infolets.html">Keep History Infolets</a></li>
										<li><a href="plsql-context-switch.html">SQL-PL/SQL Context Switch</a></li>
									</ul>
								</li>
								<li>
									<span class="opener">Pushforms</span>
									<ul>
										<li><a href="pushform-denormalize.html">Pushform Denormalized</a></li>
									</ul>
								</li>
								<li>
									<span class="opener">PL/SQL</span>
									<ul>
										<li><a href="plsql-dyn-qry-objs.html">Dynamic Query</a></li>
									</ul>
								</li>
								<li>
								    <span class="opener">Report</span>
								    <ul>
								        <li><a href="jasper.html">Jasper Reports</a></li>
								    </ul>
								</li>
							</ul>
						</nav>

						<!-- Section -->
						<section>
							<header class="major">
								<h2>Get in touch</h2>
							</header>
							<p>You need more details on the report or want more functionality, don't hesitate to reach out to us.</p>
							<ul class="contact">
								<li class="fa-envelope-o"><a href="mailto:apps-rnd-arch-team@metricstream.com?Subject=Reg - Code Analysis Tool" target="_top">apps-rnd-arch-team@metricstream.com</a></li>
							</ul>
						</section>

						<!-- Footer -->
						<footer id="footer">
							<p class="copyright">&copy; <a href="http://www.metricstream.com" target="_blank">MetricStream</a>. All rights reserved. </p>
						</footer>
					</div>
				</div>
			</div>

		<!-- Scripts -->
			<script src="../../lib/assets/js/jquery.min.js"></script>
			<script src="../../lib/assets/js/skel.min.js"></script>
			<script src="../../lib/assets/js/util.js"></script>
			<!--[if lte IE 8]><script src="../../lib/assets/js/ie/respond.min.js"></script><![endif]-->
			<script src="../../lib/assets/js/main.js"></script>
	</body>
</html>