<!DOCTYPE HTML>
<html>
	<head>
		<title>Code Analysis - MetricStream</title>
		<meta charset="utf-8" />
		<meta name="viewport" content="width=device-width, initial-scale=1, user-scalable=no" />
		<!--[if lte IE 8]><script src="../../lib/assets/js/ie/html5shiv.js"></script><![endif]-->
		<link rel="stylesheet" href="../../lib/assets/css/main.css" />
		<!--[if lte IE 9]><link rel="stylesheet" href="../../lib/assets/css/ie9.css" /><![endif]-->
		<!--[if lte IE 8]><link rel="stylesheet" href="../../lib/assets/css/ie8.css" /><![endif]-->
	</head>
	<body>

		<!-- Wrapper -->
			<div id="wrapper">

				<!-- Main -->
					<div id="main">
						<div class="inner">
							<!-- Header -->
								<header id="header">
									<a href="index.html" class="logo"><strong>Static Code Analysis Report</strong> by Code Analyzer Tool</a>
								</header>

							<!-- Content -->
								<section>
									<!-- Content -->
										<header class="major"><h2>Infolet Details</h2></header>
										<div class="table-wrapper">
											<table>
												<tbody>
													<tr>
														<th>Name</th>
														<td>MS_QSM_INITIATE_OWNERS (103785)</td>
													</tr>
													<tr>
														<th>SQL</th>
														<td><pre><code>SELECT DISTINCT fdo.user_id, fdo.user_name, ms_apps_utilities.get_user_full_name(fdo.user_id) USER_FULL_NAME
FROM SI_USER_ORG_ACT_VIEW fdo
where  ORG_ENTITY_ID in (SELECT COLUMN_VALUE
                    FROM TABLE(ms_grc_str_common_utilities.Split_Clob_Stored(:1)))
AND  ACTIVITY_NAME = ('QSM - Manage Surveys')   
INTERSECT
SELECT DISTINCT fdo.user_id, fdo.user_name, ms_apps_utilities.get_user_full_name(fdo.user_id) USER_FULL_NAME
FROM SI_USER_ORG_ACT_VIEW fdo
where ORG_ENTITY_ID in (SELECT COLUMN_VALUE
                     FROM TABLE(ms_grc_str_common_utilities.Split_Clob_Stored(:1)))
AND ACTIVITY_NAME = ('QSM - View Questionnaire')</code></pre></td>
													</tr>
													<tr>
														<th>Description</th>
														<td>This Infolet is used to fetch the list of users having both QSM - Manage Surveys and QSM - View Questionnaire Activities</td>
													</tr>
												</tbody>
											</table>
										</div>

										<h2 align="center" id="content">Analysis Report</h2>
										<hr>

<header class="major"><h2>Plan hash value: 202479452</h2></header><pre><code>
 
-------------------------------------------------------------------------------------------------------------------------------
| Id  | Operation                                    | Name                           | Rows  | Bytes | Cost (%CPU)| Time     |
-------------------------------------------------------------------------------------------------------------------------------
|   0 | SELECT STATEMENT                             |                                |     1 |   444 |   122   (2)| 00:00:02 |
|   1 |  INTERSECTION                                |                                |       |       |            |          |
|   2 |   SORT UNIQUE                                |                                |     1 |   222 |    61   (2)| 00:00:01 |
|*  3 |    HASH JOIN SEMI                            |                                |     1 |   222 |    60   (0)| 00:00:01 |
|*  4 |     HASH JOIN                                |                                |     1 |   220 |    31   (0)| 00:00:01 |
|   5 |      NESTED LOOPS OUTER                      |                                |     1 |   207 |    25   (0)| 00:00:01 |
|*  6 |       HASH JOIN                              |                                |     1 |   200 |    24   (0)| 00:00:01 |
|   7 |        NESTED LOOPS OUTER                    |                                |     1 |   192 |    20   (0)| 00:00:01 |
|*  8 |         HASH JOIN                            |                                |     1 |   183 |    19   (0)| 00:00:01 |
|   9 |          NESTED LOOPS                        |                                |     1 |   175 |     9   (0)| 00:00:01 |
|  10 |           NESTED LOOPS                       |                                |     1 |   175 |     9   (0)| 00:00:01 |
|  11 |            NESTED LOOPS                      |                                |     1 |   153 |     8   (0)| 00:00:01 |
|  12 |             NESTED LOOPS                     |                                |     1 |   143 |     7   (0)| 00:00:01 |
|  13 |              NESTED LOOPS                    |                                |     1 |   137 |     6   (0)| 00:00:01 |
|  14 |               NESTED LOOPS                   |                                |     1 |   122 |     5   (0)| 00:00:01 |
<font style="background-color: lightblue; color: red">|  15 |                MERGE JOIN CARTESIAN          |                                |     1 |   112 |     4   (0)| 00:00:01 |</font>
|  16 |                 NESTED LOOPS                 |                                |     1 |    80 |     3   (0)| 00:00:01 |
|  17 |                  NESTED LOOPS                |                                |     1 |    67 |     2   (0)| 00:00:01 |
|  18 |                   TABLE ACCESS BY INDEX ROWID| MS_QS_PARAMETER_NAMES          |     1 |    34 |     1   (0)| 00:00:01 |
|* 19 |                    INDEX RANGE SCAN          | MS_QS_PARAMETER_NAMES_N2       |     1 |       |     1   (0)| 00:00:01 |
|* 20 |                   INDEX RANGE SCAN           | MS_QS_PARAMETERTYPE_TYPEID_IDX |     1 |    33 |     1   (0)| 00:00:01 |
|* 21 |                  INDEX RANGE SCAN            | MS_QS_PARAMETER_VALUES_IDX     |     1 |    13 |     1   (0)| 00:00:01 |
|  22 |                 BUFFER SORT                  |                                |     1 |    32 |     3   (0)| 00:00:01 |
|  23 |                  TABLE ACCESS BY INDEX ROWID | SI_ACTIVITIES_T                |     1 |    32 |     1   (0)| 00:00:01 |
|* 24 |                   INDEX RANGE SCAN           | SI_ACTIVITIES_N2               |     1 |       |     1   (0)| 00:00:01 |
|* 25 |                INDEX RANGE SCAN              | ROLE_ACTIVITY_UQ               |     5 |    50 |     1   (0)| 00:00:01 |
|  26 |               TABLE ACCESS BY INDEX ROWID    | SI_ORG_ROLES                   |     2 |    30 |     1   (0)| 00:00:01 |
|* 27 |                INDEX RANGE SCAN              | SI_ORG_ROLES_N2                |     2 |       |     1   (0)| 00:00:01 |
|* 28 |              TABLE ACCESS BY INDEX ROWID     | SI_ORG_ENTITIES_T              |     1 |     6 |     1   (0)| 00:00:01 |
|* 29 |               INDEX RANGE SCAN               | SI_ORG_ENTITIES_N5             |     1 |       |     1   (0)| 00:00:01 |
|* 30 |             INDEX RANGE SCAN                 | SI_USER_ORG_ROLES_N2           |     3 |    30 |     1   (0)| 00:00:01 |
|* 31 |            INDEX UNIQUE SCAN                 | SI_USERS_T_N1                  |     1 |       |     1   (0)| 00:00:01 |
|* 32 |           TABLE ACCESS BY INDEX ROWID        | SI_USERS_T                     |     1 |    22 |     1   (0)| 00:00:01 |
|  33 |          VIEW                                | SI_ROLES                       |   456 |  3648 |    10   (0)| 00:00:01 |
|* 34 |           HASH JOIN                          |                                |   456 | 15504 |    10   (0)| 00:00:01 |
|  35 |            NESTED LOOPS OUTER                |                                |   110 |  2310 |     4   (0)| 00:00:01 |
<font style="background-color: lightblue; color: red">|  36 |             TABLE ACCESS FULL                | SI_ROLES_T                     |   110 |  1320 |     3   (0)| 00:00:01 |</font>
|* 37 |             INDEX RANGE SCAN                 | SI_ROLES_TL_N2                 |     1 |     9 |     1   (0)| 00:00:01 |
|  38 |            VIEW                              | SI_REGISTER_APPLICATION_V      |    58 |   754 |     6   (0)| 00:00:01 |
|  39 |             UNION-ALL                        |                                |       |       |            |          |
|  40 |              NESTED LOOPS OUTER              |                                |    57 |  1881 |     4   (0)| 00:00:01 |
<font style="background-color: lightblue; color: red">|  41 |               TABLE ACCESS FULL              | SI_REGISTER_APPLICATION        |    57 |   399 |     3   (0)| 00:00:01 |</font>
|* 42 |               INDEX RANGE SCAN               | SI_REGISTER_APPLICATION_TL_N1  |     1 |    26 |     1   (0)| 00:00:01 |
|  43 |              FAST DUAL                       |                                |     1 |       |     2   (0)| 00:00:01 |
|* 44 |         INDEX RANGE SCAN                     | SI_ROLES_TL_N2                 |     1 |     9 |     1   (0)| 00:00:01 |
|  45 |        VIEW                                  | SI_ORG_ENTITIES                |   113 |   904 |     4   (0)| 00:00:01 |
|  46 |         NESTED LOOPS OUTER                   |                                |   113 |  1695 |     4   (0)| 00:00:01 |
<font style="background-color: lightblue; color: red">|  47 |          TABLE ACCESS FULL                   | SI_ORG_ENTITIES_T              |   113 |   904 |     3   (0)| 00:00:01 |</font>
|* 48 |          INDEX RANGE SCAN                    | SI_ORG_ENTITIES_TL_IDX         |     1 |     7 |     1   (0)| 00:00:01 |
|* 49 |       INDEX RANGE SCAN                       | SI_ORG_ENTITIES_TL_IDX         |     1 |     7 |     1   (0)| 00:00:01 |
|  50 |      VIEW                                    | SI_REGISTER_APPLICATION_V      |    58 |   754 |     6   (0)| 00:00:01 |
|  51 |       UNION-ALL                              |                                |       |       |            |          |
|  52 |        NESTED LOOPS OUTER                    |                                |    57 |  1881 |     4   (0)| 00:00:01 |
<font style="background-color: lightblue; color: red">|  53 |         TABLE ACCESS FULL                    | SI_REGISTER_APPLICATION        |    57 |   399 |     3   (0)| 00:00:01 |</font>
|* 54 |         INDEX RANGE SCAN                     | SI_REGISTER_APPLICATION_TL_N1  |     1 |    26 |     1   (0)| 00:00:01 |
|  55 |        FAST DUAL                             |                                |     1 |       |     2   (0)| 00:00:01 |
<font style="background-color: lightblue; color: red">|  56 |     COLLECTION ITERATOR PICKLER FETCH        | SPLIT_CLOB_STORED              |  8168 | 16336 |    29   (0)| 00:00:01 |</font>
|  57 |   SORT UNIQUE                                |                                |     1 |   222 |    61   (2)| 00:00:01 |
|* 58 |    HASH JOIN SEMI                            |                                |     1 |   222 |    60   (0)| 00:00:01 |
|* 59 |     HASH JOIN                                |                                |     1 |   220 |    31   (0)| 00:00:01 |
|  60 |      NESTED LOOPS OUTER                      |                                |     1 |   207 |    25   (0)| 00:00:01 |
|* 61 |       HASH JOIN                              |                                |     1 |   200 |    24   (0)| 00:00:01 |
|  62 |        NESTED LOOPS OUTER                    |                                |     1 |   192 |    20   (0)| 00:00:01 |
|* 63 |         HASH JOIN                            |                                |     1 |   183 |    19   (0)| 00:00:01 |
|  64 |          NESTED LOOPS                        |                                |     1 |   175 |     9   (0)| 00:00:01 |
|  65 |           NESTED LOOPS                       |                                |     1 |   175 |     9   (0)| 00:00:01 |
|  66 |            NESTED LOOPS                      |                                |     1 |   153 |     8   (0)| 00:00:01 |
|  67 |             NESTED LOOPS                     |                                |     1 |   143 |     7   (0)| 00:00:01 |
|  68 |              NESTED LOOPS                    |                                |     1 |   137 |     6   (0)| 00:00:01 |
|  69 |               NESTED LOOPS                   |                                |     1 |   122 |     5   (0)| 00:00:01 |
<font style="background-color: lightblue; color: red">|  70 |                MERGE JOIN CARTESIAN          |                                |     1 |   112 |     4   (0)| 00:00:01 |</font>
|  71 |                 NESTED LOOPS                 |                                |     1 |    80 |     3   (0)| 00:00:01 |
|  72 |                  NESTED LOOPS                |                                |     1 |    67 |     2   (0)| 00:00:01 |
|  73 |                   TABLE ACCESS BY INDEX ROWID| MS_QS_PARAMETER_NAMES          |     1 |    34 |     1   (0)| 00:00:01 |
|* 74 |                    INDEX RANGE SCAN          | MS_QS_PARAMETER_NAMES_N2       |     1 |       |     1   (0)| 00:00:01 |
|* 75 |                   INDEX RANGE SCAN           | MS_QS_PARAMETERTYPE_TYPEID_IDX |     1 |    33 |     1   (0)| 00:00:01 |
|* 76 |                  INDEX RANGE SCAN            | MS_QS_PARAMETER_VALUES_IDX     |     1 |    13 |     1   (0)| 00:00:01 |
|  77 |                 BUFFER SORT                  |                                |     1 |    32 |     3   (0)| 00:00:01 |
|  78 |                  TABLE ACCESS BY INDEX ROWID | SI_ACTIVITIES_T                |     1 |    32 |     1   (0)| 00:00:01 |
|* 79 |                   INDEX RANGE SCAN           | SI_ACTIVITIES_N2               |     1 |       |     1   (0)| 00:00:01 |
|* 80 |                INDEX RANGE SCAN              | ROLE_ACTIVITY_UQ               |     5 |    50 |     1   (0)| 00:00:01 |
|  81 |               TABLE ACCESS BY INDEX ROWID    | SI_ORG_ROLES                   |     2 |    30 |     1   (0)| 00:00:01 |
|* 82 |                INDEX RANGE SCAN              | SI_ORG_ROLES_N2                |     2 |       |     1   (0)| 00:00:01 |
|* 83 |              TABLE ACCESS BY INDEX ROWID     | SI_ORG_ENTITIES_T              |     1 |     6 |     1   (0)| 00:00:01 |
|* 84 |               INDEX RANGE SCAN               | SI_ORG_ENTITIES_N5             |     1 |       |     1   (0)| 00:00:01 |
|* 85 |             INDEX RANGE SCAN                 | SI_USER_ORG_ROLES_N2           |     3 |    30 |     1   (0)| 00:00:01 |
|* 86 |            INDEX UNIQUE SCAN                 | SI_USERS_T_N1                  |     1 |       |     1   (0)| 00:00:01 |
|* 87 |           TABLE ACCESS BY INDEX ROWID        | SI_USERS_T                     |     1 |    22 |     1   (0)| 00:00:01 |
|  88 |          VIEW                                | SI_ROLES                       |   456 |  3648 |    10   (0)| 00:00:01 |
|* 89 |           HASH JOIN                          |                                |   456 | 15504 |    10   (0)| 00:00:01 |
|  90 |            NESTED LOOPS OUTER                |                                |   110 |  2310 |     4   (0)| 00:00:01 |
<font style="background-color: lightblue; color: red">|  91 |             TABLE ACCESS FULL                | SI_ROLES_T                     |   110 |  1320 |     3   (0)| 00:00:01 |</font>
|* 92 |             INDEX RANGE SCAN                 | SI_ROLES_TL_N2                 |     1 |     9 |     1   (0)| 00:00:01 |
|  93 |            VIEW                              | SI_REGISTER_APPLICATION_V      |    58 |   754 |     6   (0)| 00:00:01 |
|  94 |             UNION-ALL                        |                                |       |       |            |          |
|  95 |              NESTED LOOPS OUTER              |                                |    57 |  1881 |     4   (0)| 00:00:01 |
<font style="background-color: lightblue; color: red">|  96 |               TABLE ACCESS FULL              | SI_REGISTER_APPLICATION        |    57 |   399 |     3   (0)| 00:00:01 |</font>
|* 97 |               INDEX RANGE SCAN               | SI_REGISTER_APPLICATION_TL_N1  |     1 |    26 |     1   (0)| 00:00:01 |
|  98 |              FAST DUAL                       |                                |     1 |       |     2   (0)| 00:00:01 |
|* 99 |         INDEX RANGE SCAN                     | SI_ROLES_TL_N2                 |     1 |     9 |     1   (0)| 00:00:01 |
| 100 |        VIEW                                  | SI_ORG_ENTITIES                |   113 |   904 |     4   (0)| 00:00:01 |
| 101 |         NESTED LOOPS OUTER                   |                                |   113 |  1695 |     4   (0)| 00:00:01 |
<font style="background-color: lightblue; color: red">| 102 |          TABLE ACCESS FULL                   | SI_ORG_ENTITIES_T              |   113 |   904 |     3   (0)| 00:00:01 |</font>
|*103 |          INDEX RANGE SCAN                    | SI_ORG_ENTITIES_TL_IDX         |     1 |     7 |     1   (0)| 00:00:01 |
|*104 |       INDEX RANGE SCAN                       | SI_ORG_ENTITIES_TL_IDX         |     1 |     7 |     1   (0)| 00:00:01 |
| 105 |      VIEW                                    | SI_REGISTER_APPLICATION_V      |    58 |   754 |     6   (0)| 00:00:01 |
| 106 |       UNION-ALL                              |                                |       |       |            |          |
| 107 |        NESTED LOOPS OUTER                    |                                |    57 |  1881 |     4   (0)| 00:00:01 |
<font style="background-color: lightblue; color: red">| 108 |         TABLE ACCESS FULL                    | SI_REGISTER_APPLICATION        |    57 |   399 |     3   (0)| 00:00:01 |</font>
|*109 |         INDEX RANGE SCAN                     | SI_REGISTER_APPLICATION_TL_N1  |     1 |    26 |     1   (0)| 00:00:01 |
| 110 |        FAST DUAL                             |                                |     1 |       |     2   (0)| 00:00:01 |
<font style="background-color: lightblue; color: red">| 111 |     COLLECTION ITERATOR PICKLER FETCH        | SPLIT_CLOB_STORED              |  8168 | 16336 |    29   (0)| 00:00:01 |</font>
-------------------------------------------------------------------------------------------------------------------------------
 
</code></pre><header class="major"><h2>Query Block Name / Object Alias (identified by operation id):</h2></header><pre><code>
 
   1 - SET$1       
   3 - SEL$7AD1A0A1
  18 - SEL$7AD1A0A1 / PNAME@SEL$2
  19 - SEL$7AD1A0A1 / PNAME@SEL$2
  20 - SEL$7AD1A0A1 / PTYPE@SEL$2
  21 - SEL$7AD1A0A1 / PVALUE@SEL$2
  23 - SEL$7AD1A0A1 / ACT@SEL$2
  24 - SEL$7AD1A0A1 / ACT@SEL$2
  25 - SEL$7AD1A0A1 / ROLE_ACT@SEL$2
  26 - SEL$7AD1A0A1 / A@SEL$3
  27 - SEL$7AD1A0A1 / A@SEL$3
  28 - SEL$7AD1A0A1 / ORGS@SEL$2
  29 - SEL$7AD1A0A1 / ORGS@SEL$2
  30 - SEL$7AD1A0A1 / D@SEL$3
  31 - SEL$7AD1A0A1 / USERS@SEL$2
  32 - SEL$7AD1A0A1 / USERS@SEL$2
  33 - SEL$1FB6C052 / C@SEL$3
  34 - SEL$1FB6C052
  36 - SEL$1FB6C052 / T@SEL$15
  37 - SEL$1FB6C052 / TL@SEL$15
  38 - SET$3        / SRA@SEL$14
  39 - SET$3       
  40 - SEL$16      
  41 - SEL$16       / T@SEL$16
  42 - SEL$16       / TL@SEL$16
  43 - SEL$19       / DUAL@SEL$19
  44 - SEL$7AD1A0A1 / CL@SEL$3
  45 - SEL$13       / B@SEL$3
  46 - SEL$13      
  47 - SEL$13       / T@SEL$13
  48 - SEL$13       / TL@SEL$13
  49 - SEL$7AD1A0A1 / BL@SEL$3
  50 - SET$2        / SRA@SEL$4
  51 - SET$2       
  52 - SEL$5       
  53 - SEL$5        / T@SEL$5
  54 - SEL$5        / TL@SEL$5
  55 - SEL$8        / DUAL@SEL$8
  56 - SEL$7AD1A0A1 / KOKBF$0@SEL$25
  58 - SEL$D5813413
  73 - SEL$D5813413 / PNAME@SEL$27
  74 - SEL$D5813413 / PNAME@SEL$27
  75 - SEL$D5813413 / PTYPE@SEL$27
  76 - SEL$D5813413 / PVALUE@SEL$27
  78 - SEL$D5813413 / ACT@SEL$27
  79 - SEL$D5813413 / ACT@SEL$27
  80 - SEL$D5813413 / ROLE_ACT@SEL$27
  81 - SEL$D5813413 / A@SEL$28
  82 - SEL$D5813413 / A@SEL$28
  83 - SEL$D5813413 / ORGS@SEL$27
  84 - SEL$D5813413 / ORGS@SEL$27
  85 - SEL$D5813413 / D@SEL$28
  86 - SEL$D5813413 / USERS@SEL$27
  87 - SEL$D5813413 / USERS@SEL$27
  88 - SEL$79D9B115 / C@SEL$28
  89 - SEL$79D9B115
  91 - SEL$79D9B115 / T@SEL$40
  92 - SEL$79D9B115 / TL@SEL$40
  93 - SET$5        / SRA@SEL$39
  94 - SET$5       
  95 - SEL$41      
  96 - SEL$41       / T@SEL$41
  97 - SEL$41       / TL@SEL$41
  98 - SEL$44       / DUAL@SEL$44
  99 - SEL$D5813413 / CL@SEL$28
 100 - SEL$38       / B@SEL$28
 101 - SEL$38      
 102 - SEL$38       / T@SEL$38
 103 - SEL$38       / TL@SEL$38
 104 - SEL$D5813413 / BL@SEL$28
 105 - SET$4        / SRA@SEL$29
 106 - SET$4       
 107 - SEL$30      
 108 - SEL$30       / T@SEL$30
 109 - SEL$30       / TL@SEL$30
 110 - SEL$33       / DUAL@SEL$33
 111 - SEL$D5813413 / KOKBF$1@SEL$50
 
</code></pre><header class="major"><h2>Predicate Information (identified by operation id):</h2></header><pre><code>
 
   3 - access("A"."ORG_ENTITY_ID"=TO_NUMBER(VALUE(KOKBF$)))
   4 - access(NVL("PACKAGE_ID",0)=NVL("SRA"."PACKAGE_ID",0))
   6 - access("B"."ORG_ENTITY_ID"="A"."ORG_ENTITY_ID" AND "C"."ENTERPRISE_ID"="B"."ENTERPRISE_ID")
   8 - access("C"."ROLE_ID"="A"."ROLE_ID")
  19 - access(UPPER("PARAMETER_NAME")='DISPLAY_FORMAT')
  20 - access("PTYPE"."PARAMETER_TYPE_ID"="PNAME"."PARAMETER_TYPE_ID" AND UPPER("PARAMETER_TYPE")='MS APPS USER NAME 
              DISPLAY FORMAT')
  21 - access("PTYPE"."PARAMETER_TYPE_ID"="PVALUE"."PARAMETER_TYPE_ID" AND 
              "PNAME"."PARAMETER_ID"="PVALUE"."PARAMETER_ID" AND "PVALUE"."ORG_ENTITY_ID"=1)
  24 - access("ACT"."ACTIVITY_NAME"='QSM - Manage Surveys')
  25 - access("ROLE_ACT"."ACTIVITY_ID"="ACT"."ACTIVITY_ID")
  27 - access("ROLE_ACT"."ROLE_ID"="A"."ROLE_ID")
  28 - filter(NVL("ORGS"."END_DATE",SYSDATE@!)>=SYSDATE@!)
  29 - access("ORGS"."ORG_ENTITY_ID"="A"."ORG_ENTITY_ID")
  30 - access("D"."ORG_ROLE_ID"="A"."ORG_ROLE_ID")
  31 - access("USERS"."USER_ID"="D"."USER_ID")
       filter("USERS"."USER_ID" IS NOT NULL)
  32 - filter(NVL("USERS"."END_DATE",SYSDATE@!)>=SYSDATE@!)
  34 - access(NVL("PACKAGE_ID",0)=NVL("SRA"."PACKAGE_ID",0))
  37 - access("T"."ROLE_ID"="TL"."ROLE_ID"(+) AND "TL"."LOCALE_ID"(+)=TO_NUMBER("SI_DB_LOCALE_SV"."GETVALUE"()))
  42 - access("TL"."MODULE_ID"(+)="T"."MODULE_ID" AND "TL"."LOCALE_ID"(+)=TO_NUMBER("SI_DB_LOCALE_SV"."GETVALUE"()))
  44 - access("C"."ROLE_ID"="CL"."ROLE_ID"(+) AND "CL"."LOCALE_ID"(+)=TO_NUMBER("SI_DB_LOCALE_SV"."GETVALUE"()))
  48 - access("T"."ORG_ENTITY_ID"="TL"."ORG_ENTITY_ID"(+) AND 
              "TL"."LOCALE_ID"(+)=TO_NUMBER("SI_DB_LOCALE_SV"."GETVALUE"()))
  49 - access("B"."ORG_ENTITY_ID"="BL"."ORG_ENTITY_ID"(+) AND 
              "BL"."LOCALE_ID"(+)=TO_NUMBER("SI_DB_LOCALE_SV"."GETVALUE"()))
  54 - access("TL"."MODULE_ID"(+)="T"."MODULE_ID" AND "TL"."LOCALE_ID"(+)=TO_NUMBER("SI_DB_LOCALE_SV"."GETVALUE"()))
  58 - access("A"."ORG_ENTITY_ID"=TO_NUMBER(VALUE(KOKBF$)))
  59 - access(NVL("PACKAGE_ID",0)=NVL("SRA"."PACKAGE_ID",0))
  61 - access("B"."ORG_ENTITY_ID"="A"."ORG_ENTITY_ID" AND "C"."ENTERPRISE_ID"="B"."ENTERPRISE_ID")
  63 - access("C"."ROLE_ID"="A"."ROLE_ID")
  74 - access(UPPER("PARAMETER_NAME")='DISPLAY_FORMAT')
  75 - access("PTYPE"."PARAMETER_TYPE_ID"="PNAME"."PARAMETER_TYPE_ID" AND UPPER("PARAMETER_TYPE")='MS APPS USER NAME 
              DISPLAY FORMAT')
  76 - access("PTYPE"."PARAMETER_TYPE_ID"="PVALUE"."PARAMETER_TYPE_ID" AND 
              "PNAME"."PARAMETER_ID"="PVALUE"."PARAMETER_ID" AND "PVALUE"."ORG_ENTITY_ID"=1)
  79 - access("ACT"."ACTIVITY_NAME"='QSM - View Questionnaire')
  80 - access("ROLE_ACT"."ACTIVITY_ID"="ACT"."ACTIVITY_ID")
  82 - access("ROLE_ACT"."ROLE_ID"="A"."ROLE_ID")
  83 - filter(NVL("ORGS"."END_DATE",SYSDATE@!)>=SYSDATE@!)
  84 - access("ORGS"."ORG_ENTITY_ID"="A"."ORG_ENTITY_ID")
  85 - access("D"."ORG_ROLE_ID"="A"."ORG_ROLE_ID")
  86 - access("USERS"."USER_ID"="D"."USER_ID")
       filter("USERS"."USER_ID" IS NOT NULL)
  87 - filter(NVL("USERS"."END_DATE",SYSDATE@!)>=SYSDATE@!)
  89 - access(NVL("PACKAGE_ID",0)=NVL("SRA"."PACKAGE_ID",0))
  92 - access("T"."ROLE_ID"="TL"."ROLE_ID"(+) AND "TL"."LOCALE_ID"(+)=TO_NUMBER("SI_DB_LOCALE_SV"."GETVALUE"()))
  97 - access("TL"."MODULE_ID"(+)="T"."MODULE_ID" AND "TL"."LOCALE_ID"(+)=TO_NUMBER("SI_DB_LOCALE_SV"."GETVALUE"()))
  99 - access("C"."ROLE_ID"="CL"."ROLE_ID"(+) AND "CL"."LOCALE_ID"(+)=TO_NUMBER("SI_DB_LOCALE_SV"."GETVALUE"()))
 103 - access("T"."ORG_ENTITY_ID"="TL"."ORG_ENTITY_ID"(+) AND 
              "TL"."LOCALE_ID"(+)=TO_NUMBER("SI_DB_LOCALE_SV"."GETVALUE"()))
 104 - access("B"."ORG_ENTITY_ID"="BL"."ORG_ENTITY_ID"(+) AND 
              "BL"."LOCALE_ID"(+)=TO_NUMBER("SI_DB_LOCALE_SV"."GETVALUE"()))
 109 - access("TL"."MODULE_ID"(+)="T"."MODULE_ID" AND "TL"."LOCALE_ID"(+)=TO_NUMBER("SI_DB_LOCALE_SV"."GETVALUE"()))
 
</code></pre><header class="major"><h2>Column Projection Information (identified by operation id):</h2></header><pre><code>
 
   1 - STRDEF[22], STRDEF[320], STRDEF[4000]
   2 - (#keys=3) "USERS"."USER_ID"[NUMBER,22], "USERS"."USER_NAME"[VARCHAR2,320], 
       "MS_APPS_UTILITIES"."GET_USER_FULL_NAME"("USERS"."USER_ID")[4000]
   3 - (#keys=1) "USERS"."USER_ID"[NUMBER,22], "USERS"."USER_NAME"[VARCHAR2,320]
   4 - (#keys=1) "A"."ORG_ENTITY_ID"[NUMBER,22], "USERS"."USER_ID"[NUMBER,22], "USERS"."USER_NAME"[VARCHAR2,320]
   5 - (#keys=0) "A"."ORG_ENTITY_ID"[NUMBER,22], "PACKAGE_ID"[NUMBER,22], "USERS"."USER_ID"[NUMBER,22], 
       "USERS"."USER_NAME"[VARCHAR2,320]
   6 - (#keys=2) "A"."ORG_ENTITY_ID"[NUMBER,22], "B"."ORG_ENTITY_ID"[NUMBER,22], "PACKAGE_ID"[NUMBER,22], 
       "USERS"."USER_ID"[NUMBER,22], "USERS"."USER_NAME"[VARCHAR2,320]
   7 - (#keys=0) "A"."ORG_ENTITY_ID"[NUMBER,22], "PACKAGE_ID"[NUMBER,22], "USERS"."USER_ID"[NUMBER,22], 
       "USERS"."USER_NAME"[VARCHAR2,320], "C"."ENTERPRISE_ID"[NUMBER,22]
   8 - (#keys=1) "C"."ROLE_ID"[NUMBER,22], "A"."ORG_ENTITY_ID"[NUMBER,22], "PACKAGE_ID"[NUMBER,22], 
       "USERS"."USER_ID"[NUMBER,22], "USERS"."USER_NAME"[VARCHAR2,320], "C"."ENTERPRISE_ID"[NUMBER,22]
   9 - (#keys=0) "A"."ORG_ENTITY_ID"[NUMBER,22], "A"."ROLE_ID"[NUMBER,22], "USERS"."USER_ID"[NUMBER,22], 
       "USERS"."USER_NAME"[VARCHAR2,320], "PACKAGE_ID"[NUMBER,22]
  10 - (#keys=0) "A"."ORG_ENTITY_ID"[NUMBER,22], "A"."ROLE_ID"[NUMBER,22], "USERS".ROWID[ROWID,10], 
       "USERS"."USER_ID"[NUMBER,22]
  11 - (#keys=0) "A"."ORG_ENTITY_ID"[NUMBER,22], "A"."ROLE_ID"[NUMBER,22], "D"."USER_ID"[NUMBER,22]
  12 - (#keys=0) "A"."ORG_ROLE_ID"[NUMBER,22], "A"."ORG_ENTITY_ID"[NUMBER,22], "A"."ROLE_ID"[NUMBER,22]
  13 - (#keys=0) "A"."ORG_ROLE_ID"[NUMBER,22], "A"."ORG_ENTITY_ID"[NUMBER,22], "A"."ROLE_ID"[NUMBER,22]
  14 - (#keys=0) "ROLE_ACT"."ROLE_ID"[NUMBER,22]
  15 - (#keys=0) "ACT"."ACTIVITY_ID"[NUMBER,22]
  16 - (#keys=0) 
  17 - (#keys=0) "PNAME"."PARAMETER_ID"[NUMBER,22], "PTYPE"."PARAMETER_TYPE_ID"[NUMBER,22]
  18 - "PNAME"."PARAMETER_ID"[NUMBER,22], "PNAME"."PARAMETER_TYPE_ID"[NUMBER,22]
  19 - "PNAME".ROWID[ROWID,10], UPPER("PARAMETER_NAME")[VARCHAR2,400]
  20 - "PTYPE"."PARAMETER_TYPE_ID"[NUMBER,22]
  22 - (#keys=0) "ACT"."ACTIVITY_ID"[NUMBER,22]
  23 - "ACT"."ACTIVITY_ID"[NUMBER,22]
  24 - "ACT".ROWID[ROWID,10]
  25 - "ROLE_ACT"."ROLE_ID"[NUMBER,22]
  26 - "A"."ORG_ROLE_ID"[NUMBER,22], "A"."ORG_ENTITY_ID"[NUMBER,22], "A"."ROLE_ID"[NUMBER,22]
  27 - "A".ROWID[ROWID,10], "A"."ROLE_ID"[NUMBER,22]
  29 - "ORGS".ROWID[ROWID,10]
  30 - "D"."USER_ID"[NUMBER,22]
  31 - "USERS".ROWID[ROWID,10], "USERS"."USER_ID"[NUMBER,22]
  32 - "USERS"."USER_NAME"[VARCHAR2,320], "PACKAGE_ID"[NUMBER,22]
  33 - "C"."ENTERPRISE_ID"[NUMBER,22], "C"."ROLE_ID"[NUMBER,22]
  34 - (#keys=1) "ENTERPRISE_ID"[NUMBER,22], "T"."ROLE_ID"[NUMBER,22]
  35 - (#keys=0) "ENTERPRISE_ID"[NUMBER,22], "T"."ROLE_ID"[NUMBER,22], "PACKAGE_ID"[NUMBER,22]
  36 - "ENTERPRISE_ID"[NUMBER,22], "T"."ROLE_ID"[NUMBER,22], "PACKAGE_ID"[NUMBER,22]
  38 - "SRA"."PACKAGE_ID"[NUMBER,22]
  39 - STRDEF[22]
  40 - (#keys=0) "T"."MODULE_ID"[NUMBER,22]
  41 - "T"."MODULE_ID"[NUMBER,22]
  45 - "B"."ENTERPRISE_ID"[NUMBER,22], "B"."ORG_ENTITY_ID"[NUMBER,22]
  46 - (#keys=0) "T"."ENTERPRISE_ID"[NUMBER,22], "T"."ORG_ENTITY_ID"[NUMBER,22]
  47 - "T"."ENTERPRISE_ID"[NUMBER,22], "T"."ORG_ENTITY_ID"[NUMBER,22]
  50 - "SRA"."PACKAGE_ID"[NUMBER,22]
  51 - STRDEF[22]
  52 - (#keys=0) "T"."MODULE_ID"[NUMBER,22]
  53 - "T"."MODULE_ID"[NUMBER,22]
  56 - VALUE(A0)[8000]
  57 - (#keys=3) "USERS"."USER_ID"[NUMBER,22], "USERS"."USER_NAME"[VARCHAR2,320], 
       "MS_APPS_UTILITIES"."GET_USER_FULL_NAME"("USERS"."USER_ID")[4000]
  58 - (#keys=1) "USERS"."USER_ID"[NUMBER,22], "USERS"."USER_NAME"[VARCHAR2,320]
  59 - (#keys=1) "A"."ORG_ENTITY_ID"[NUMBER,22], "USERS"."USER_ID"[NUMBER,22], "USERS"."USER_NAME"[VARCHAR2,320]
  60 - (#keys=0) "A"."ORG_ENTITY_ID"[NUMBER,22], "PACKAGE_ID"[NUMBER,22], "USERS"."USER_ID"[NUMBER,22], 
       "USERS"."USER_NAME"[VARCHAR2,320]
  61 - (#keys=2) "A"."ORG_ENTITY_ID"[NUMBER,22], "B"."ORG_ENTITY_ID"[NUMBER,22], "PACKAGE_ID"[NUMBER,22], 
       "USERS"."USER_ID"[NUMBER,22], "USERS"."USER_NAME"[VARCHAR2,320]
  62 - (#keys=0) "A"."ORG_ENTITY_ID"[NUMBER,22], "PACKAGE_ID"[NUMBER,22], "USERS"."USER_ID"[NUMBER,22], 
       "USERS"."USER_NAME"[VARCHAR2,320], "C"."ENTERPRISE_ID"[NUMBER,22]
  63 - (#keys=1) "C"."ROLE_ID"[NUMBER,22], "A"."ORG_ENTITY_ID"[NUMBER,22], "PACKAGE_ID"[NUMBER,22], 
       "USERS"."USER_ID"[NUMBER,22], "USERS"."USER_NAME"[VARCHAR2,320], "C"."ENTERPRISE_ID"[NUMBER,22]
  64 - (#keys=0) "A"."ORG_ENTITY_ID"[NUMBER,22], "A"."ROLE_ID"[NUMBER,22], "USERS"."USER_ID"[NUMBER,22], 
       "USERS"."USER_NAME"[VARCHAR2,320], "PACKAGE_ID"[NUMBER,22]
  65 - (#keys=0) "A"."ORG_ENTITY_ID"[NUMBER,22], "A"."ROLE_ID"[NUMBER,22], "USERS".ROWID[ROWID,10], 
       "USERS"."USER_ID"[NUMBER,22]
  66 - (#keys=0) "A"."ORG_ENTITY_ID"[NUMBER,22], "A"."ROLE_ID"[NUMBER,22], "D"."USER_ID"[NUMBER,22]
  67 - (#keys=0) "A"."ORG_ROLE_ID"[NUMBER,22], "A"."ORG_ENTITY_ID"[NUMBER,22], "A"."ROLE_ID"[NUMBER,22]
  68 - (#keys=0) "A"."ORG_ROLE_ID"[NUMBER,22], "A"."ORG_ENTITY_ID"[NUMBER,22], "A"."ROLE_ID"[NUMBER,22]
  69 - (#keys=0) "ROLE_ACT"."ROLE_ID"[NUMBER,22]
  70 - (#keys=0) "ACT"."ACTIVITY_ID"[NUMBER,22]
  71 - (#keys=0) 
  72 - (#keys=0) "PNAME"."PARAMETER_ID"[NUMBER,22], "PTYPE"."PARAMETER_TYPE_ID"[NUMBER,22]
  73 - "PNAME"."PARAMETER_ID"[NUMBER,22], "PNAME"."PARAMETER_TYPE_ID"[NUMBER,22]
  74 - "PNAME".ROWID[ROWID,10], UPPER("PARAMETER_NAME")[VARCHAR2,400]
  75 - "PTYPE"."PARAMETER_TYPE_ID"[NUMBER,22]
  77 - (#keys=0) "ACT"."ACTIVITY_ID"[NUMBER,22]
  78 - "ACT"."ACTIVITY_ID"[NUMBER,22]
  79 - "ACT".ROWID[ROWID,10]
  80 - "ROLE_ACT"."ROLE_ID"[NUMBER,22]
  81 - "A"."ORG_ROLE_ID"[NUMBER,22], "A"."ORG_ENTITY_ID"[NUMBER,22], "A"."ROLE_ID"[NUMBER,22]
  82 - "A".ROWID[ROWID,10], "A"."ROLE_ID"[NUMBER,22]
  84 - "ORGS".ROWID[ROWID,10]
  85 - "D"."USER_ID"[NUMBER,22]
  86 - "USERS".ROWID[ROWID,10], "USERS"."USER_ID"[NUMBER,22]
  87 - "USERS"."USER_NAME"[VARCHAR2,320], "PACKAGE_ID"[NUMBER,22]
  88 - "C"."ENTERPRISE_ID"[NUMBER,22], "C"."ROLE_ID"[NUMBER,22]
  89 - (#keys=1) "ENTERPRISE_ID"[NUMBER,22], "T"."ROLE_ID"[NUMBER,22]
  90 - (#keys=0) "ENTERPRISE_ID"[NUMBER,22], "T"."ROLE_ID"[NUMBER,22], "PACKAGE_ID"[NUMBER,22]
  91 - "ENTERPRISE_ID"[NUMBER,22], "T"."ROLE_ID"[NUMBER,22], "PACKAGE_ID"[NUMBER,22]
  93 - "SRA"."PACKAGE_ID"[NUMBER,22]
  94 - STRDEF[22]
  95 - (#keys=0) "T"."MODULE_ID"[NUMBER,22]
  96 - "T"."MODULE_ID"[NUMBER,22]
 100 - "B"."ENTERPRISE_ID"[NUMBER,22], "B"."ORG_ENTITY_ID"[NUMBER,22]
 101 - (#keys=0) "T"."ENTERPRISE_ID"[NUMBER,22], "T"."ORG_ENTITY_ID"[NUMBER,22]
 102 - "T"."ENTERPRISE_ID"[NUMBER,22], "T"."ORG_ENTITY_ID"[NUMBER,22]
 105 - "SRA"."PACKAGE_ID"[NUMBER,22]
 106 - STRDEF[22]
 107 - (#keys=0) "T"."MODULE_ID"[NUMBER,22]
 108 - "T"."MODULE_ID"[NUMBER,22]
 111 - VALUE(A0)[8000]
										</code></pre>
								</section>
						</div>
					</div>

				<!-- Sidebar -->
				<div id="sidebar">
					<div class="inner">
						<!-- Menu -->
						<nav id="menu">
							<header class="major">
								<h2>Menu</h2>
							</header>
							<ul>
								<li><a href="../index.html">Module List</a></li>
								<li><a href="index.html">Summary</a></li>
								<li>
									<span class="opener">DB Analysis</span>
									<ul>
										<li><a href="bad-sql.html">Bad SQL</a></li>
										<li><a href="poor-sql.html">Poor SQL Plan</a></li>
										<li><a href="invalid-sql.html">Invalid SQL</a></li>
										<li><a href="full-sql.html">Full SQL Report</a></li>
										<li><a href="table-nil-key.html">Primary/Unique Key Miss</a></li>
										<li><a href="invalid-db-object.html">Invalid DB Objects</a></li>
										<li><a href="sequence-with-less-cache.html">Sequence</a></li>
										<li><a href="table-index-lob-size.html">Table Size</a></li>
										<li><a href="table-row-count.html">Table Row Count</a></li>
										<li><a href="top-worst-queries.html">Top Worst Queries</a></li>
									</ul>
								</li>
								<li>
								    <span class="opener">LOB</span>
								    <ul>
								        <li><a href="lob-no-cache.html">LOB - No Cache</a></li>
								        <li><a href="lob-columns.html">LOB - All Columns</a></li>
								    </ul>
								</li>
								<li>
									<span class="opener">Infolets</span>
									<ul>
										<li><a href="keep-history-infolets.html">Keep History Infolets</a></li>
										<li><a href="plsql-context-switch.html">SQL-PL/SQL Context Switch</a></li>
									</ul>
								</li>
								<li>
									<span class="opener">Pushforms</span>
									<ul>
										<li><a href="pushform-denormalize.html">Pushform Denormalized</a></li>
									</ul>
								</li>
								<li>
									<span class="opener">PL/SQL</span>
									<ul>
										<li><a href="plsql-dyn-qry-objs.html">Dynamic Query</a></li>
									</ul>
								</li>
								<li>
								    <span class="opener">Report</span>
								    <ul>
								        <li><a href="jasper.html">Jasper Reports</a></li>
								    </ul>
								</li>
							</ul>
						</nav>

						<!-- Section -->
						<section>
							<header class="major">
								<h2>Get in touch</h2>
							</header>
							<p>You need more details on the report or want more functionality, don't hesitate to reach out to us.</p>
							<ul class="contact">
								<li class="fa-envelope-o"><a href="mailto:apps-rnd-arch-team@metricstream.com?Subject=Reg - Code Analysis Tool" target="_top">apps-rnd-arch-team@metricstream.com</a></li>
							</ul>
						</section>

						<!-- Footer -->
						<footer id="footer">
							<p class="copyright">&copy; <a href="http://www.metricstream.com" target="_blank">MetricStream</a>. All rights reserved. </p>
						</footer>
					</div>
				</div>
			</div>

		<!-- Scripts -->
			<script src="../../lib/assets/js/jquery.min.js"></script>
			<script src="../../lib/assets/js/skel.min.js"></script>
			<script src="../../lib/assets/js/util.js"></script>
			<!--[if lte IE 8]><script src="../../lib/assets/js/ie/respond.min.js"></script><![endif]-->
			<script src="../../lib/assets/js/main.js"></script>
	</body>
</html>