<!DOCTYPE HTML>
<html>
	<head>
		<title>Code Analysis - MetricStream</title>
		<meta charset="utf-8" />
		<meta name="viewport" content="width=device-width, initial-scale=1, user-scalable=no" />
		<!--[if lte IE 8]><script src="../../lib/assets/js/ie/html5shiv.js"></script><![endif]-->
		<link rel="stylesheet" href="../../lib/assets/css/main.css" />
		<!--[if lte IE 9]><link rel="stylesheet" href="../../lib/assets/css/ie9.css" /><![endif]-->
		<!--[if lte IE 8]><link rel="stylesheet" href="../../lib/assets/css/ie8.css" /><![endif]-->
	</head>
	<body>

		<!-- Wrapper -->
			<div id="wrapper">

				<!-- Main -->
					<div id="main">
						<div class="inner">
							<!-- Header -->
								<header id="header">
									<a href="index.html" class="logo"><strong>Static Code Analysis Report</strong> by Code Analyzer Tool</a>
								</header>

							<!-- Content -->
								<section>
									<!-- Content -->
										<header class="major"><h2>Infolet Details</h2></header>
										<div class="table-wrapper">
											<table>
												<tbody>
													<tr>
														<th>Name</th>
														<td>MS_QSM_INDV_SEND_TO (103777)</td>
													</tr>
													<tr>
														<th>SQL</th>
														<td><pre><code>SELECT Stored_Value,
         Displayed_Value,
         Lov_Name,
         Locale_Id,
         Enterprise_Id,
         Lov_Id,
         Lov_Value_Id,
         Org_Entity_Id,
         Org_Entity_Name,
         Start_Date,
         End_Date
    FROM Ms_Qs_Lov_Org_Values_v
   WHERE  (End_Date IS NULL OR End_Date > SYSDATE) AND Start_Date <= SYSDATE AND (TRIM (Lov_Name) = 'MS_QSM_Send_To')
      AND STORED_VALUE NOT IN ('1','2')</code></pre></td>
													</tr>
													<tr>
														<th>Description</th>
														<td>This infolet is used to get send to option in individual items.</td>
													</tr>
												</tbody>
											</table>
										</div>

										<h2 align="center" id="content">Analysis Report</h2>
										<hr>

<header class="major"><h2>Plan hash value: 2714507119</h2></header><pre><code>
 
------------------------------------------------------------------------------------------------------------
| Id  | Operation                  | Name                          | Rows  | Bytes | Cost (%CPU)| Time     |
------------------------------------------------------------------------------------------------------------
|   0 | SELECT STATEMENT           |                               |    52 |   120K|    35   (0)| 00:00:01 |
|*  1 |  HASH JOIN                 |                               |    52 |   120K|    35   (0)| 00:00:01 |
|   2 |   VIEW                     | SI_REGISTER_APPLICATION_V     |    58 |   754 |     6   (0)| 00:00:01 |
|   3 |    UNION-ALL               |                               |       |       |            |          |
|   4 |     NESTED LOOPS OUTER     |                               |    57 |  1881 |     4   (0)| 00:00:01 |
<font style="background-color: lightblue; color: red">|   5 |      TABLE ACCESS FULL     | SI_REGISTER_APPLICATION       |    57 |   399 |     3   (0)| 00:00:01 |</font>
|*  6 |      INDEX RANGE SCAN      | SI_REGISTER_APPLICATION_TL_N1 |     1 |    26 |     1   (0)| 00:00:01 |
|   7 |     FAST DUAL              |                               |     1 |       |     2   (0)| 00:00:01 |
|*  8 |   HASH JOIN RIGHT OUTER    |                               |    24 | 56640 |    29   (0)| 00:00:01 |
<font style="background-color: lightblue; color: red">|   9 |    TABLE ACCESS FULL       | MS_QS_LIST_OF_VALUES_TL       |   258 |  6450 |     3   (0)| 00:00:01 |</font>
|  10 |    NESTED LOOPS OUTER      |                               |    24 | 56040 |    26   (0)| 00:00:01 |
|* 11 |     HASH JOIN              |                               |    24 | 55872 |    25   (0)| 00:00:01 |
<font style="background-color: lightblue; color: red">|  12 |      TABLE ACCESS FULL     | SI_ORG_ENTITIES_T             |   113 |  2938 |     3   (0)| 00:00:01 |</font>
|* 13 |      HASH JOIN             |                               |    24 | 55248 |    22   (0)| 00:00:01 |
|  14 |       NESTED LOOPS OUTER   |                               |     7 |   420 |     8   (0)| 00:00:01 |
<font style="background-color: lightblue; color: red">|* 15 |        TABLE ACCESS FULL   | MS_QS_LOV_NAMES               |     7 |   238 |     7   (0)| 00:00:01 |</font>
|* 16 |        INDEX RANGE SCAN    | MS_QS_LOV_NAMES_TL_IDX        |     1 |    26 |     1   (0)| 00:00:01 |
|  17 |       VIEW                 |                               |  2399 |  5252K|    14   (0)| 00:00:01 |
<font style="background-color: lightblue; color: red">|  18 |        MERGE JOIN CARTESIAN|                               |  2399 |   117K|    14   (0)| 00:00:01 |</font>
<font style="background-color: lightblue; color: red">|* 19 |         TABLE ACCESS FULL  | SI_LOCALES                    |     1 |     6 |     3   (0)| 00:00:01 |</font>
|  20 |         BUFFER SORT        |                               |  2399 |   103K|    11   (0)| 00:00:01 |
<font style="background-color: lightblue; color: red">|* 21 |          TABLE ACCESS FULL | MS_QS_LIST_OF_VALUES_T        |  2399 |   103K|    11   (0)| 00:00:01 |</font>
|* 22 |     INDEX RANGE SCAN       | SI_ORG_ENTITIES_TL_IDX        |     1 |     7 |     1   (0)| 00:00:01 |
------------------------------------------------------------------------------------------------------------
 
</code></pre><header class="major"><h2>Query Block Name / Object Alias (identified by operation id):</h2></header><pre><code>
 
   1 - SEL$4D23A876
   2 - SET$1        / SRA@SEL$6
   3 - SET$1       
   4 - SEL$8       
   5 - SEL$8        / T@SEL$8
   6 - SEL$8        / TL@SEL$8
   7 - SEL$11       / DUAL@SEL$11
   9 - SEL$4D23A876 / TL@SEL$3
  12 - SEL$4D23A876 / T@SEL$16
  15 - SEL$4D23A876 / T@SEL$7
  16 - SEL$4D23A876 / TL@SEL$7
  17 - SEL$7286615E / X@SEL$3
  18 - SEL$7286615E
  19 - SEL$7286615E / SI_LOCALES@SEL$5
  21 - SEL$7286615E / T@SEL$4
  22 - SEL$4D23A876 / TL@SEL$16
 
</code></pre><header class="major"><h2>Predicate Information (identified by operation id):</h2></header><pre><code>
 
   1 - access(NVL("PACKAGE_ID",0)=NVL("SRA"."PACKAGE_ID",0))
   6 - access("TL"."MODULE_ID"(+)="T"."MODULE_ID" AND 
              "TL"."LOCALE_ID"(+)=TO_NUMBER("SI_DB_LOCALE_SV"."GETVALUE"()))
   8 - access("X"."LOV_VALUE_ID"="TL"."LOV_VALUE_ID"(+) AND "X"."LOCALE_ID"="TL"."LOCALE_ID"(+))
  11 - access("T"."ORG_ENTITY_ID"="X"."ORG_ENTITY_ID" AND "T"."ENTERPRISE_ID"="X"."ENTERPRISE_ID")
  13 - access("X"."LOV_ID"="T"."LOV_ID")
  15 - filter(TRIM("T"."LOV_NAME")='MS_QSM_Send_To')
  16 - access("T"."LOV_ID"="TL"."LOV_ID"(+) AND "TL"."LOCALE_ID"(+)=TO_NUMBER("SI_DB_LOCALE_SV"."GET
              VALUE"()))
  19 - filter("ENABLED_FLAG"='Y')
  21 - filter("T"."STORED_VALUE"<>'2' AND "T"."STORED_VALUE"<>'1' AND ("T"."END_DATE" IS NULL OR 
              "T"."END_DATE">SYSDATE@!) AND "T"."START_DATE"<=SYSDATE@!)
  22 - access("T"."ORG_ENTITY_ID"="TL"."ORG_ENTITY_ID"(+) AND 
              "TL"."LOCALE_ID"(+)=TO_NUMBER("SI_DB_LOCALE_SV"."GETVALUE"()))
 
</code></pre><header class="major"><h2>Column Projection Information (identified by operation id):</h2></header><pre><code>
 
   1 - (#keys=1) "X"."LOV_VALUE_ID"[NUMBER,22], "X"."LOCALE_ID"[NUMBER,22], 
       "TL"."DISPLAYED_VALUE"[VARCHAR2,4000], "T"."ORG_ENTITY_ID"[NUMBER,22], 
       "X"."ENTERPRISE_ID"[NUMBER,22], "T"."ORG_ENTITY_NAME"[VARCHAR2,400], "X"."LOV_ID"[NUMBER,22], 
       "T"."LOV_NAME"[VARCHAR2,400], "X"."START_DATE"[DATE,7], "X"."END_DATE"[DATE,7], 
       "X"."STORED_VALUE"[VARCHAR2,400], "X"."DISPLAYED_VALUE"[VARCHAR2,4000]
   2 - "SRA"."PACKAGE_ID"[NUMBER,22]
   3 - STRDEF[22]
   4 - (#keys=0) "T"."MODULE_ID"[NUMBER,22]
   5 - "T"."MODULE_ID"[NUMBER,22]
   8 - (#keys=2) "X"."LOV_VALUE_ID"[NUMBER,22], "X"."LOCALE_ID"[NUMBER,22], 
       "TL"."DISPLAYED_VALUE"[VARCHAR2,4000], "T"."ORG_ENTITY_ID"[NUMBER,22], 
       "X"."ENTERPRISE_ID"[NUMBER,22], "T"."ORG_ENTITY_NAME"[VARCHAR2,400], "X"."LOV_ID"[NUMBER,22], 
       "T"."LOV_NAME"[VARCHAR2,400], "PACKAGE_ID"[NUMBER,22], "X"."START_DATE"[DATE,7], 
       "X"."END_DATE"[DATE,7], "X"."STORED_VALUE"[VARCHAR2,400], "X"."DISPLAYED_VALUE"[VARCHAR2,4000]
   9 - "TL"."LOV_VALUE_ID"[NUMBER,22], "TL"."DISPLAYED_VALUE"[VARCHAR2,4000], 
       "TL"."LOCALE_ID"[NUMBER,22]
  10 - (#keys=0) "T"."ORG_ENTITY_ID"[NUMBER,22], "X"."ENTERPRISE_ID"[NUMBER,22], 
       "T"."ORG_ENTITY_NAME"[VARCHAR2,400], "X"."LOV_ID"[NUMBER,22], "T"."LOV_NAME"[VARCHAR2,400], 
       "PACKAGE_ID"[NUMBER,22], "X"."LOV_VALUE_ID"[NUMBER,22], "X"."START_DATE"[DATE,7], 
       "X"."END_DATE"[DATE,7], "X"."STORED_VALUE"[VARCHAR2,400], "X"."DISPLAYED_VALUE"[VARCHAR2,4000], 
       "X"."LOCALE_ID"[NUMBER,22]
  11 - (#keys=2) "T"."ORG_ENTITY_ID"[NUMBER,22], "X"."ENTERPRISE_ID"[NUMBER,22], 
       "T"."ORG_ENTITY_NAME"[VARCHAR2,400], "X"."LOV_ID"[NUMBER,22], "T"."LOV_NAME"[VARCHAR2,400], 
       "PACKAGE_ID"[NUMBER,22], "X"."LOV_VALUE_ID"[NUMBER,22], "X"."START_DATE"[DATE,7], 
       "X"."END_DATE"[DATE,7], "X"."STORED_VALUE"[VARCHAR2,400], "X"."DISPLAYED_VALUE"[VARCHAR2,4000], 
       "X"."LOCALE_ID"[NUMBER,22]
  12 - "T"."ENTERPRISE_ID"[NUMBER,22], "T"."ORG_ENTITY_ID"[NUMBER,22], 
       "T"."ORG_ENTITY_NAME"[VARCHAR2,400]
  13 - (#keys=1) "X"."LOV_ID"[NUMBER,22], "T"."LOV_NAME"[VARCHAR2,400], "PACKAGE_ID"[NUMBER,22], 
       "X"."LOV_VALUE_ID"[NUMBER,22], "X"."ENTERPRISE_ID"[NUMBER,22], "X"."ORG_ENTITY_ID"[NUMBER,22], 
       "X"."STORED_VALUE"[VARCHAR2,400], "X"."DISPLAYED_VALUE"[VARCHAR2,4000], "X"."LOCALE_ID"[NUMBER,22], 
       "X"."START_DATE"[DATE,7], "X"."END_DATE"[DATE,7]
  14 - (#keys=0) "T"."LOV_NAME"[VARCHAR2,400], "T"."LOV_ID"[NUMBER,22], "PACKAGE_ID"[NUMBER,22]
  15 - "T"."LOV_NAME"[VARCHAR2,400], "T"."LOV_ID"[NUMBER,22], "PACKAGE_ID"[NUMBER,22]
  17 - "X"."LOV_VALUE_ID"[NUMBER,22], "X"."LOV_ID"[NUMBER,22], "X"."ORG_ENTITY_ID"[NUMBER,22], 
       "X"."STORED_VALUE"[VARCHAR2,400], "X"."DISPLAYED_VALUE"[VARCHAR2,4000], "X"."LOCALE_ID"[NUMBER,22], 
       "X"."START_DATE"[DATE,7], "X"."END_DATE"[DATE,7], "X"."ENTERPRISE_ID"[NUMBER,22]
  18 - (#keys=0) "LOCALE_ID"[NUMBER,22], "T"."LOV_VALUE_ID"[NUMBER,22], "T"."LOV_ID"[NUMBER,22], 
       "T"."ORG_ENTITY_ID"[NUMBER,22], "T"."STORED_VALUE"[VARCHAR2,400], 
       "T"."DISPLAYED_VALUE"[VARCHAR2,4000], "T"."START_DATE"[DATE,7], "T"."END_DATE"[DATE,7], 
       "T"."ENTERPRISE_ID"[NUMBER,22]
  19 - "LOCALE_ID"[NUMBER,22]
  20 - (#keys=0) "T"."LOV_VALUE_ID"[NUMBER,22], "T"."LOV_ID"[NUMBER,22], 
       "T"."ORG_ENTITY_ID"[NUMBER,22], "T"."STORED_VALUE"[VARCHAR2,400], 
       "T"."DISPLAYED_VALUE"[VARCHAR2,4000], "T"."START_DATE"[DATE,7], "T"."END_DATE"[DATE,7], 
       "T"."ENTERPRISE_ID"[NUMBER,22]
  21 - "T"."LOV_VALUE_ID"[NUMBER,22], "T"."LOV_ID"[NUMBER,22], "T"."ORG_ENTITY_ID"[NUMBER,22], 
       "T"."STORED_VALUE"[VARCHAR2,400], "T"."DISPLAYED_VALUE"[VARCHAR2,4000], "T"."START_DATE"[DATE,7], 
       "T"."END_DATE"[DATE,7], "T"."ENTERPRISE_ID"[NUMBER,22]
										</code></pre>
								</section>
						</div>
					</div>

				<!-- Sidebar -->
				<div id="sidebar">
					<div class="inner">
						<!-- Menu -->
						<nav id="menu">
							<header class="major">
								<h2>Menu</h2>
							</header>
							<ul>
								<li><a href="../index.html">Module List</a></li>
								<li><a href="index.html">Summary</a></li>
								<li>
									<span class="opener">DB Analysis</span>
									<ul>
										<li><a href="bad-sql.html">Bad SQL</a></li>
										<li><a href="poor-sql.html">Poor SQL Plan</a></li>
										<li><a href="invalid-sql.html">Invalid SQL</a></li>
										<li><a href="full-sql.html">Full SQL Report</a></li>
										<li><a href="table-nil-key.html">Primary/Unique Key Miss</a></li>
										<li><a href="invalid-db-object.html">Invalid DB Objects</a></li>
										<li><a href="sequence-with-less-cache.html">Sequence</a></li>
										<li><a href="table-index-lob-size.html">Table Size</a></li>
										<li><a href="table-row-count.html">Table Row Count</a></li>
										<li><a href="top-worst-queries.html">Top Worst Queries</a></li>
									</ul>
								</li>
								<li>
								    <span class="opener">LOB</span>
								    <ul>
								        <li><a href="lob-no-cache.html">LOB - No Cache</a></li>
								        <li><a href="lob-columns.html">LOB - All Columns</a></li>
								    </ul>
								</li>
								<li>
									<span class="opener">Infolets</span>
									<ul>
										<li><a href="keep-history-infolets.html">Keep History Infolets</a></li>
										<li><a href="plsql-context-switch.html">SQL-PL/SQL Context Switch</a></li>
									</ul>
								</li>
								<li>
									<span class="opener">Pushforms</span>
									<ul>
										<li><a href="pushform-denormalize.html">Pushform Denormalized</a></li>
									</ul>
								</li>
								<li>
									<span class="opener">PL/SQL</span>
									<ul>
										<li><a href="plsql-dyn-qry-objs.html">Dynamic Query</a></li>
									</ul>
								</li>
								<li>
								    <span class="opener">Report</span>
								    <ul>
								        <li><a href="jasper.html">Jasper Reports</a></li>
								    </ul>
								</li>
							</ul>
						</nav>

						<!-- Section -->
						<section>
							<header class="major">
								<h2>Get in touch</h2>
							</header>
							<p>You need more details on the report or want more functionality, don't hesitate to reach out to us.</p>
							<ul class="contact">
								<li class="fa-envelope-o"><a href="mailto:apps-rnd-arch-team@metricstream.com?Subject=Reg - Code Analysis Tool" target="_top">apps-rnd-arch-team@metricstream.com</a></li>
							</ul>
						</section>

						<!-- Footer -->
						<footer id="footer">
							<p class="copyright">&copy; <a href="http://www.metricstream.com" target="_blank">MetricStream</a>. All rights reserved. </p>
						</footer>
					</div>
				</div>
			</div>

		<!-- Scripts -->
			<script src="../../lib/assets/js/jquery.min.js"></script>
			<script src="../../lib/assets/js/skel.min.js"></script>
			<script src="../../lib/assets/js/util.js"></script>
			<!--[if lte IE 8]><script src="../../lib/assets/js/ie/respond.min.js"></script><![endif]-->
			<script src="../../lib/assets/js/main.js"></script>
	</body>
</html>