<!DOCTYPE HTML>
<html>
	<head>
		<title>Code Analysis - MetricStream</title>
		<meta charset="utf-8" />
		<meta name="viewport" content="width=device-width, initial-scale=1, user-scalable=no" />
		<!--[if lte IE 8]><script src="../../lib/assets/js/ie/html5shiv.js"></script><![endif]-->
		<link rel="stylesheet" href="../../lib/assets/css/main.css" />
		<!--[if lte IE 9]><link rel="stylesheet" href="../../lib/assets/css/ie9.css" /><![endif]-->
		<!--[if lte IE 8]><link rel="stylesheet" href="../../lib/assets/css/ie8.css" /><![endif]-->
	</head>
	<body>

		<!-- Wrapper -->
			<div id="wrapper">

				<!-- Main -->
					<div id="main">
						<div class="inner">
							<!-- Header -->
								<header id="header">
									<a href="index.html" class="logo"><strong>Static Code Analysis Report</strong> by Code Analyzer Tool</a>
								</header>

							<!-- Content -->
								<section>
									<!-- Content -->
										<header class="major"><h2>Infolet Details</h2></header>
										<div class="table-wrapper">
											<table>
												<tbody>
													<tr>
														<th>Name</th>
														<td>MS_QSM_SPRD_INFOLETS_LIST (103883)</td>
													</tr>
													<tr>
														<th>SQL</th>
														<td><pre><code>SELECT metric_name as "Metric Name"  FROM si_metrics_t
 WHERE metric_type NOT IN (10, 0)
       AND metric_id IN
              (SELECT metric_id
                 FROM si_metric_group_details
                WHERE metric_group_id =
                         (SELECT metric_group_id
                            FROM si_metric_groups    
                           WHERE metric_group_name = 'SURVEYS_CUSTOM'))</code></pre></td>
													</tr>
													<tr>
														<th>Description</th>
														<td>This infolet will get the  infolet list for spreadsheet form</td>
													</tr>
												</tbody>
											</table>
										</div>

										<h2 align="center" id="content">Analysis Report</h2>
										<hr>

<header class="major"><h2>Plan hash value: 1370594705</h2></header><pre><code>
 
-------------------------------------------------------------------------------------------------------------
| Id  | Operation                         | Name                    | Rows  | Bytes | Cost (%CPU)| Time     |
-------------------------------------------------------------------------------------------------------------
|   0 | SELECT STATEMENT                  |                         |    96 |  4800 |    79   (2)| 00:00:01 |
|   1 |  NESTED LOOPS                     |                         |    96 |  4800 |    79   (2)| 00:00:01 |
|   2 |   NESTED LOOPS                    |                         |    96 |  4800 |    79   (2)| 00:00:01 |
|   3 |    VIEW                           | VW_NSO_1                |    96 |  1248 |     1   (0)| 00:00:01 |
|   4 |     SORT UNIQUE                   |                         |    96 |   960 |            |          |
|   5 |      TABLE ACCESS BY INDEX ROWID  | SI_METRIC_GROUP_DETAILS |    96 |   960 |     1   (0)| 00:00:01 |
|*  6 |       INDEX RANGE SCAN            | SI_METRIC_GRP_DET_N1    |    96 |       |     1   (0)| 00:00:01 |
|   7 |        TABLE ACCESS BY INDEX ROWID| SI_METRIC_GROUPS        |     1 |    27 |     1   (0)| 00:00:01 |
|*  8 |         INDEX RANGE SCAN          | SI_METRIC_GPS_NAME_N1   |     1 |       |     1   (0)| 00:00:01 |
|*  9 |    INDEX RANGE SCAN               | SI_METRICS_T_N1         |     1 |       |     1   (0)| 00:00:01 |
|* 10 |   TABLE ACCESS BY INDEX ROWID     | SI_METRICS_T            |     1 |    37 |     1   (0)| 00:00:01 |
-------------------------------------------------------------------------------------------------------------
 
</code></pre><header class="major"><h2>Query Block Name / Object Alias (identified by operation id):</h2></header><pre><code>
 
   1 - SEL$5DA710D3
   3 - SEL$683B0107 / VW_NSO_1@SEL$5DA710D3
   4 - SEL$683B0107
   5 - SEL$683B0107 / SI_METRIC_GROUP_DETAILS@SEL$2
   6 - SEL$683B0107 / SI_METRIC_GROUP_DETAILS@SEL$2
   7 - SEL$3        / SI_METRIC_GROUPS@SEL$3
   8 - SEL$3        / SI_METRIC_GROUPS@SEL$3
   9 - SEL$5DA710D3 / SI_METRICS_T@SEL$1
  10 - SEL$5DA710D3 / SI_METRICS_T@SEL$1
 
</code></pre><header class="major"><h2>Predicate Information (identified by operation id):</h2></header><pre><code>
 
   6 - access("METRIC_GROUP_ID"= (SELECT "METRIC_GROUP_ID" FROM "SI_METRIC_GROUPS" 
              "SI_METRIC_GROUPS" WHERE "METRIC_GROUP_NAME"='SURVEYS_CUSTOM'))
   8 - access("METRIC_GROUP_NAME"='SURVEYS_CUSTOM')
   9 - access("METRIC_ID"="METRIC_ID")
  10 - filter("METRIC_TYPE"<>0 AND "METRIC_TYPE"<>10)
 
</code></pre><header class="major"><h2>Column Projection Information (identified by operation id):</h2></header><pre><code>
 
   1 - (#keys=0) "METRIC_NAME"[VARCHAR2,400]
   2 - (#keys=0) "SI_METRICS_T".ROWID[ROWID,10]
   3 - "METRIC_ID"[NUMBER,22]
   4 - (#keys=1) "METRIC_ID"[NUMBER,22]
   5 - "METRIC_ID"[NUMBER,22]
   6 - "SI_METRIC_GROUP_DETAILS".ROWID[ROWID,10]
   7 - "SI_METRIC_GROUPS".ROWID[ROWID,10], "METRIC_GROUP_ID"[NUMBER,22]
   8 - "SI_METRIC_GROUPS".ROWID[ROWID,10]
   9 - "SI_METRICS_T".ROWID[ROWID,10]
  10 - "METRIC_NAME"[VARCHAR2,400]
										</code></pre>
								</section>
						</div>
					</div>

				<!-- Sidebar -->
				<div id="sidebar">
					<div class="inner">
						<!-- Menu -->
						<nav id="menu">
							<header class="major">
								<h2>Menu</h2>
							</header>
							<ul>
								<li><a href="../index.html">Module List</a></li>
								<li><a href="index.html">Summary</a></li>
								<li>
									<span class="opener">DB Analysis</span>
									<ul>
										<li><a href="bad-sql.html">Bad SQL</a></li>
										<li><a href="poor-sql.html">Poor SQL Plan</a></li>
										<li><a href="invalid-sql.html">Invalid SQL</a></li>
										<li><a href="full-sql.html">Full SQL Report</a></li>
										<li><a href="table-nil-key.html">Primary/Unique Key Miss</a></li>
										<li><a href="invalid-db-object.html">Invalid DB Objects</a></li>
										<li><a href="sequence-with-less-cache.html">Sequence</a></li>
										<li><a href="table-index-lob-size.html">Table Size</a></li>
										<li><a href="table-row-count.html">Table Row Count</a></li>
										<li><a href="top-worst-queries.html">Top Worst Queries</a></li>
									</ul>
								</li>
								<li>
								    <span class="opener">LOB</span>
								    <ul>
								        <li><a href="lob-no-cache.html">LOB - No Cache</a></li>
								        <li><a href="lob-columns.html">LOB - All Columns</a></li>
								    </ul>
								</li>
								<li>
									<span class="opener">Infolets</span>
									<ul>
										<li><a href="keep-history-infolets.html">Keep History Infolets</a></li>
										<li><a href="plsql-context-switch.html">SQL-PL/SQL Context Switch</a></li>
									</ul>
								</li>
								<li>
									<span class="opener">Pushforms</span>
									<ul>
										<li><a href="pushform-denormalize.html">Pushform Denormalized</a></li>
									</ul>
								</li>
								<li>
									<span class="opener">PL/SQL</span>
									<ul>
										<li><a href="plsql-dyn-qry-objs.html">Dynamic Query</a></li>
									</ul>
								</li>
								<li>
								    <span class="opener">Report</span>
								    <ul>
								        <li><a href="jasper.html">Jasper Reports</a></li>
								    </ul>
								</li>
							</ul>
						</nav>

						<!-- Section -->
						<section>
							<header class="major">
								<h2>Get in touch</h2>
							</header>
							<p>You need more details on the report or want more functionality, don't hesitate to reach out to us.</p>
							<ul class="contact">
								<li class="fa-envelope-o"><a href="mailto:apps-rnd-arch-team@metricstream.com?Subject=Reg - Code Analysis Tool" target="_top">apps-rnd-arch-team@metricstream.com</a></li>
							</ul>
						</section>

						<!-- Footer -->
						<footer id="footer">
							<p class="copyright">&copy; <a href="http://www.metricstream.com" target="_blank">MetricStream</a>. All rights reserved. </p>
						</footer>
					</div>
				</div>
			</div>

		<!-- Scripts -->
			<script src="../../lib/assets/js/jquery.min.js"></script>
			<script src="../../lib/assets/js/skel.min.js"></script>
			<script src="../../lib/assets/js/util.js"></script>
			<!--[if lte IE 8]><script src="../../lib/assets/js/ie/respond.min.js"></script><![endif]-->
			<script src="../../lib/assets/js/main.js"></script>
	</body>
</html>