<!DOCTYPE HTML>
<html>
	<head>
		<title>Code Analysis - MetricStream</title>
		<meta charset="utf-8" />
		<meta name="viewport" content="width=device-width, initial-scale=1, user-scalable=no" />
		<!--[if lte IE 8]><script src="../../lib/assets/js/ie/html5shiv.js"></script><![endif]-->
		<link rel="stylesheet" href="../../lib/assets/css/main.css" />
		<!--[if lte IE 9]><link rel="stylesheet" href="../../lib/assets/css/ie9.css" /><![endif]-->
		<!--[if lte IE 8]><link rel="stylesheet" href="../../lib/assets/css/ie8.css" /><![endif]-->
	</head>
	<body>

		<!-- Wrapper -->
			<div id="wrapper">

				<!-- Main -->
					<div id="main">
						<div class="inner">
							<!-- Header -->
								<header id="header">
									<a href="index.html" class="logo"><strong>Static Code Analysis Report</strong> by Code Analyzer Tool</a>
								</header>

							<!-- Content -->
								<section>
									<!-- Content -->
										<header class="major"><h2>Infolet Details</h2></header>
										<div class="table-wrapper">
											<table>
												<tbody>
													<tr>
														<th>Name</th>
														<td>MS_QSM_RESPONSE_DATALOOKUP (103847)</td>
													</tr>
													<tr>
														<th>SQL</th>
														<td><pre><code>SELECT metric_name,  DESCRIPTION,
  fn_qsm_get_user_locale(:1) AS local_id
FROM si_metrics_t a 
WHERE metric_type NOT IN (10, 0)
and not exists (select 1 from SI_METRIC_COLUMNS_T b where nvl(b.LOCALE_COLUMN_FLAG,'N') = 'Y' and a.metric_id = b.metric_id)
AND PARAMETER_FLAG     ='N'
AND ARCHIVE_FLAG       = 'Y'
AND a.metric_id         IN
  (SELECT metric_id
  FROM si_metric_group_details
  WHERE metric_group_id =
    (SELECT metric_group_id
    FROM si_metric_groups
    WHERE metric_group_name = 'MS_QSM_RESP_FORM_DATALOOKUP'
    )
  )</code></pre></td>
													</tr>
													<tr>
														<th>Description</th>
														<td>This infolet will display all the infolets belonging to MS_QSM_RESP_FORM_DATALOOKUP infolet group data.</td>
													</tr>
												</tbody>
											</table>
										</div>

										<h2 align="center" id="content">Analysis Report</h2>
										<hr>

<header class="major"><h2>Plan hash value: 124666059</h2></header><pre><code>
 
------------------------------------------------------------------------------------------------------------
| Id  | Operation                        | Name                    | Rows  | Bytes | Cost (%CPU)| Time     |
------------------------------------------------------------------------------------------------------------
|   0 | SELECT STATEMENT                 |                         |    96 | 11040 |    74   (2)| 00:00:01 |
|   1 |  MERGE JOIN SEMI                 |                         |    96 | 11040 |    26   (4)| 00:00:01 |
|*  2 |   TABLE ACCESS BY INDEX ROWID    | SI_METRICS_T            |   507 | 51714 |    24   (0)| 00:00:01 |
|*  3 |    INDEX FULL SCAN               | SI_METRICS_T_N1         |   239 |       |     4   (0)| 00:00:01 |
|*  4 |     TABLE ACCESS BY INDEX ROWID  | SI_METRIC_COLUMNS_T     |     1 |     7 |     1   (0)| 00:00:01 |
|*  5 |      INDEX RANGE SCAN            | SI_METRIC_COLS_N1       |     9 |       |     1   (0)| 00:00:01 |
|*  6 |   SORT UNIQUE                    |                         |    96 |  1248 |     2  (50)| 00:00:01 |
|   7 |    VIEW                          | VW_NSO_1                |    96 |  1248 |     1   (0)| 00:00:01 |
|   8 |     TABLE ACCESS BY INDEX ROWID  | SI_METRIC_GROUP_DETAILS |    96 |   960 |     1   (0)| 00:00:01 |
|*  9 |      INDEX RANGE SCAN            | SI_METRIC_GRP_DET_N1    |    96 |       |     1   (0)| 00:00:01 |
|  10 |       TABLE ACCESS BY INDEX ROWID| SI_METRIC_GROUPS        |     1 |    27 |     1   (0)| 00:00:01 |
|* 11 |        INDEX RANGE SCAN          | SI_METRIC_GPS_NAME_N1   |     1 |       |     1   (0)| 00:00:01 |
------------------------------------------------------------------------------------------------------------
 
</code></pre><header class="major"><h2>Query Block Name / Object Alias (identified by operation id):</h2></header><pre><code>
 
   1 - SEL$8771BF6C
   2 - SEL$8771BF6C / A@SEL$1
   3 - SEL$8771BF6C / A@SEL$1
   4 - SEL$2        / B@SEL$2
   5 - SEL$2        / B@SEL$2
   7 - SEL$291F8F59 / VW_NSO_1@SEL$8771BF6C
   8 - SEL$291F8F59 / SI_METRIC_GROUP_DETAILS@SEL$3
   9 - SEL$291F8F59 / SI_METRIC_GROUP_DETAILS@SEL$3
  10 - SEL$4        / SI_METRIC_GROUPS@SEL$4
  11 - SEL$4        / SI_METRIC_GROUPS@SEL$4
 
</code></pre><header class="major"><h2>Predicate Information (identified by operation id):</h2></header><pre><code>
 
   2 - filter("ARCHIVE_FLAG"='Y' AND "PARAMETER_FLAG"='N' AND "METRIC_TYPE"<>0 AND 
              "METRIC_TYPE"<>10)
   3 - filter( NOT EXISTS (SELECT 0 FROM "SI_METRIC_COLUMNS_T" "B" WHERE "B"."METRIC_ID"=:B1 AND 
              NVL("B"."LOCALE_COLUMN_FLAG",'N')='Y'))
   4 - filter(NVL("B"."LOCALE_COLUMN_FLAG",'N')='Y')
   5 - access("B"."METRIC_ID"=:B1)
   6 - access("A"."METRIC_ID"="METRIC_ID")
       filter("A"."METRIC_ID"="METRIC_ID")
   9 - access("METRIC_GROUP_ID"= (SELECT "METRIC_GROUP_ID" FROM "SI_METRIC_GROUPS" 
              "SI_METRIC_GROUPS" WHERE "METRIC_GROUP_NAME"='MS_QSM_RESP_FORM_DATALOOKUP'))
  11 - access("METRIC_GROUP_NAME"='MS_QSM_RESP_FORM_DATALOOKUP')
 
</code></pre><header class="major"><h2>Column Projection Information (identified by operation id):</h2></header><pre><code>
 
   1 - (#keys=0) "METRIC_NAME"[VARCHAR2,400], "DESCRIPTION"[VARCHAR2,4000]
   2 - "A"."METRIC_ID"[NUMBER,22], "METRIC_NAME"[VARCHAR2,400], "DESCRIPTION"[VARCHAR2,4000]
   3 - "A".ROWID[ROWID,10], "A"."METRIC_ID"[NUMBER,22]
   4 - "B".ROWID[ROWID,10], "B"."LOCALE_COLUMN_FLAG"[VARCHAR2,4]
   5 - "B".ROWID[ROWID,10]
   6 - (#keys=1) "METRIC_ID"[NUMBER,22]
   7 - "METRIC_ID"[NUMBER,22]
   8 - "METRIC_ID"[NUMBER,22]
   9 - "SI_METRIC_GROUP_DETAILS".ROWID[ROWID,10]
  10 - "SI_METRIC_GROUPS".ROWID[ROWID,10], "METRIC_GROUP_ID"[NUMBER,22]
  11 - "SI_METRIC_GROUPS".ROWID[ROWID,10]
										</code></pre>
								</section>
						</div>
					</div>

				<!-- Sidebar -->
				<div id="sidebar">
					<div class="inner">
						<!-- Menu -->
						<nav id="menu">
							<header class="major">
								<h2>Menu</h2>
							</header>
							<ul>
								<li><a href="../index.html">Module List</a></li>
								<li><a href="index.html">Summary</a></li>
								<li>
									<span class="opener">DB Analysis</span>
									<ul>
										<li><a href="bad-sql.html">Bad SQL</a></li>
										<li><a href="poor-sql.html">Poor SQL Plan</a></li>
										<li><a href="invalid-sql.html">Invalid SQL</a></li>
										<li><a href="full-sql.html">Full SQL Report</a></li>
										<li><a href="table-nil-key.html">Primary/Unique Key Miss</a></li>
										<li><a href="invalid-db-object.html">Invalid DB Objects</a></li>
										<li><a href="sequence-with-less-cache.html">Sequence</a></li>
										<li><a href="table-index-lob-size.html">Table Size</a></li>
										<li><a href="table-row-count.html">Table Row Count</a></li>
										<li><a href="top-worst-queries.html">Top Worst Queries</a></li>
									</ul>
								</li>
								<li>
								    <span class="opener">LOB</span>
								    <ul>
								        <li><a href="lob-no-cache.html">LOB - No Cache</a></li>
								        <li><a href="lob-columns.html">LOB - All Columns</a></li>
								    </ul>
								</li>
								<li>
									<span class="opener">Infolets</span>
									<ul>
										<li><a href="keep-history-infolets.html">Keep History Infolets</a></li>
										<li><a href="plsql-context-switch.html">SQL-PL/SQL Context Switch</a></li>
									</ul>
								</li>
								<li>
									<span class="opener">Pushforms</span>
									<ul>
										<li><a href="pushform-denormalize.html">Pushform Denormalized</a></li>
									</ul>
								</li>
								<li>
									<span class="opener">PL/SQL</span>
									<ul>
										<li><a href="plsql-dyn-qry-objs.html">Dynamic Query</a></li>
									</ul>
								</li>
								<li>
								    <span class="opener">Report</span>
								    <ul>
								        <li><a href="jasper.html">Jasper Reports</a></li>
								    </ul>
								</li>
							</ul>
						</nav>

						<!-- Section -->
						<section>
							<header class="major">
								<h2>Get in touch</h2>
							</header>
							<p>You need more details on the report or want more functionality, don't hesitate to reach out to us.</p>
							<ul class="contact">
								<li class="fa-envelope-o"><a href="mailto:apps-rnd-arch-team@metricstream.com?Subject=Reg - Code Analysis Tool" target="_top">apps-rnd-arch-team@metricstream.com</a></li>
							</ul>
						</section>

						<!-- Footer -->
						<footer id="footer">
							<p class="copyright">&copy; <a href="http://www.metricstream.com" target="_blank">MetricStream</a>. All rights reserved. </p>
						</footer>
					</div>
				</div>
			</div>

		<!-- Scripts -->
			<script src="../../lib/assets/js/jquery.min.js"></script>
			<script src="../../lib/assets/js/skel.min.js"></script>
			<script src="../../lib/assets/js/util.js"></script>
			<!--[if lte IE 8]><script src="../../lib/assets/js/ie/respond.min.js"></script><![endif]-->
			<script src="../../lib/assets/js/main.js"></script>
	</body>
</html>