<!DOCTYPE HTML>
<html>
	<head>
		<title>Code Analysis - MetricStream</title>
		<meta charset="utf-8" />
		<meta name="viewport" content="width=device-width, initial-scale=1, user-scalable=no" />
		<!--[if lte IE 8]><script src="../../lib/assets/js/ie/html5shiv.js"></script><![endif]-->
		<link rel="stylesheet" href="../../lib/assets/css/main.css" />
		<!--[if lte IE 9]><link rel="stylesheet" href="../../lib/assets/css/ie9.css" /><![endif]-->
		<!--[if lte IE 8]><link rel="stylesheet" href="../../lib/assets/css/ie8.css" /><![endif]-->
	</head>
	<body>

		<!-- Wrapper -->
			<div id="wrapper">

				<!-- Main -->
					<div id="main">
						<div class="inner">
							<!-- Header -->
								<header id="header">
									<a href="index.html" class="logo"><strong>Static Code Analysis Report</strong> by Code Analyzer Tool</a>
								</header>

							<!-- Content -->
								<section>
									<!-- Content -->
										<header class="major"><h2>Infolet Details</h2></header>
										<div class="table-wrapper">
											<table>
												<tbody>
													<tr>
														<th>Name</th>
														<td>MS_QSM_RESP_APP_USR (103858)</td>
													</tr>
													<tr>
														<th>SQL</th>
														<td><pre><code>SELECT DISTINCT USER_NAME,USER_FULL_NAME
FROM SI_USER_ORG_ACT_VIEW 
WHERE ORG_ENTITY_ID in (select column_value from table(ms_grc_str_common_utilities.Split_Clob_Stored(:1)))
  and ACTIVITY_NAME in ('QSM - Approve Response')</code></pre></td>
													</tr>
													<tr>
														<th>Description</th>
														<td>This infolet fetches all the users for the approver organizations</td>
													</tr>
												</tbody>
											</table>
										</div>

										<h2 align="center" id="content">Analysis Report</h2>
										<hr>

<header class="major"><h2>Plan hash value: 2543591492</h2></header><pre><code>
 
-------------------------------------------------------------------------------------------------------------------------------
| Id  | Operation                                    | Name                           | Rows  | Bytes | Cost (%CPU)| Time     |
-------------------------------------------------------------------------------------------------------------------------------
|   0 | SELECT STATEMENT                             |                                |     1 |   241 |    61   (2)| 00:00:01 |
|   1 |  SORT UNIQUE                                 |                                |     1 |   241 |    61   (2)| 00:00:01 |
|*  2 |   HASH JOIN                                  |                                |     1 |   241 |    60   (0)| 00:00:01 |
|*  3 |    HASH JOIN                                 |                                |     1 |   239 |    31   (0)| 00:00:01 |
|   4 |     NESTED LOOPS OUTER                       |                                |     1 |   226 |    25   (0)| 00:00:01 |
|*  5 |      HASH JOIN                               |                                |     1 |   219 |    24   (0)| 00:00:01 |
|   6 |       NESTED LOOPS OUTER                     |                                |     1 |   211 |    20   (0)| 00:00:01 |
|*  7 |        HASH JOIN                             |                                |     1 |   202 |    19   (0)| 00:00:01 |
|   8 |         NESTED LOOPS                         |                                |     1 |   194 |     9   (0)| 00:00:01 |
|   9 |          NESTED LOOPS                        |                                |     1 |   194 |     9   (0)| 00:00:01 |
|  10 |           NESTED LOOPS                       |                                |     1 |   157 |     8   (0)| 00:00:01 |
|  11 |            NESTED LOOPS                      |                                |     1 |   147 |     7   (0)| 00:00:01 |
|  12 |             NESTED LOOPS                     |                                |     1 |   141 |     6   (0)| 00:00:01 |
|  13 |              NESTED LOOPS                    |                                |     1 |   126 |     5   (0)| 00:00:01 |
<font style="background-color: lightblue; color: red">|  14 |               MERGE JOIN CARTESIAN           |                                |     1 |   116 |     4   (0)| 00:00:01 |</font>
|  15 |                NESTED LOOPS                  |                                |     1 |    84 |     3   (0)| 00:00:01 |
|  16 |                 NESTED LOOPS                 |                                |     1 |    84 |     3   (0)| 00:00:01 |
|  17 |                  NESTED LOOPS                |                                |     1 |    67 |     2   (0)| 00:00:01 |
|  18 |                   TABLE ACCESS BY INDEX ROWID| MS_QS_PARAMETER_NAMES          |     1 |    34 |     1   (0)| 00:00:01 |
|* 19 |                    INDEX RANGE SCAN          | MS_QS_PARAMETER_NAMES_N2       |     1 |       |     1   (0)| 00:00:01 |
|* 20 |                   INDEX RANGE SCAN           | MS_QS_PARAMETERTYPE_TYPEID_IDX |     1 |    33 |     1   (0)| 00:00:01 |
|* 21 |                  INDEX RANGE SCAN            | MS_QS_PARAMETER_VALUES_IDX     |     1 |       |     1   (0)| 00:00:01 |
|  22 |                 TABLE ACCESS BY INDEX ROWID  | MS_QS_PARAMETER_VALUES         |     1 |    17 |     1   (0)| 00:00:01 |
|  23 |                BUFFER SORT                   |                                |     1 |    32 |     3   (0)| 00:00:01 |
|  24 |                 TABLE ACCESS BY INDEX ROWID  | SI_ACTIVITIES_T                |     1 |    32 |     1   (0)| 00:00:01 |
|* 25 |                  INDEX RANGE SCAN            | SI_ACTIVITIES_N2               |     1 |       |     1   (0)| 00:00:01 |
|* 26 |               INDEX RANGE SCAN               | ROLE_ACTIVITY_UQ               |     5 |    50 |     1   (0)| 00:00:01 |
|  27 |              TABLE ACCESS BY INDEX ROWID     | SI_ORG_ROLES                   |     2 |    30 |     1   (0)| 00:00:01 |
|* 28 |               INDEX RANGE SCAN               | SI_ORG_ROLES_N2                |     2 |       |     1   (0)| 00:00:01 |
|* 29 |             TABLE ACCESS BY INDEX ROWID      | SI_ORG_ENTITIES_T              |     1 |     6 |     1   (0)| 00:00:01 |
|* 30 |              INDEX RANGE SCAN                | SI_ORG_ENTITIES_N5             |     1 |       |     1   (0)| 00:00:01 |
|* 31 |            INDEX RANGE SCAN                  | SI_USER_ORG_ROLES_N2           |     3 |    30 |     1   (0)| 00:00:01 |
|* 32 |           INDEX UNIQUE SCAN                  | SI_USERS_T_N1                  |     1 |       |     1   (0)| 00:00:01 |
|* 33 |          TABLE ACCESS BY INDEX ROWID         | SI_USERS_T                     |     1 |    37 |     1   (0)| 00:00:01 |
|  34 |         VIEW                                 | SI_ROLES                       |   456 |  3648 |    10   (0)| 00:00:01 |
|* 35 |          HASH JOIN                           |                                |   456 | 15504 |    10   (0)| 00:00:01 |
|  36 |           NESTED LOOPS OUTER                 |                                |   110 |  2310 |     4   (0)| 00:00:01 |
<font style="background-color: lightblue; color: red">|  37 |            TABLE ACCESS FULL                 | SI_ROLES_T                     |   110 |  1320 |     3   (0)| 00:00:01 |</font>
|* 38 |            INDEX RANGE SCAN                  | SI_ROLES_TL_N2                 |     1 |     9 |     1   (0)| 00:00:01 |
|  39 |           VIEW                               | SI_REGISTER_APPLICATION_V      |    58 |   754 |     6   (0)| 00:00:01 |
|  40 |            UNION-ALL                         |                                |       |       |            |          |
|  41 |             NESTED LOOPS OUTER               |                                |    57 |  1881 |     4   (0)| 00:00:01 |
<font style="background-color: lightblue; color: red">|  42 |              TABLE ACCESS FULL               | SI_REGISTER_APPLICATION        |    57 |   399 |     3   (0)| 00:00:01 |</font>
|* 43 |              INDEX RANGE SCAN                | SI_REGISTER_APPLICATION_TL_N1  |     1 |    26 |     1   (0)| 00:00:01 |
|  44 |             FAST DUAL                        |                                |     1 |       |     2   (0)| 00:00:01 |
|* 45 |        INDEX RANGE SCAN                      | SI_ROLES_TL_N2                 |     1 |     9 |     1   (0)| 00:00:01 |
|  46 |       VIEW                                   | SI_ORG_ENTITIES                |   113 |   904 |     4   (0)| 00:00:01 |
|  47 |        NESTED LOOPS OUTER                    |                                |   113 |  1695 |     4   (0)| 00:00:01 |
<font style="background-color: lightblue; color: red">|  48 |         TABLE ACCESS FULL                    | SI_ORG_ENTITIES_T              |   113 |   904 |     3   (0)| 00:00:01 |</font>
|* 49 |         INDEX RANGE SCAN                     | SI_ORG_ENTITIES_TL_IDX         |     1 |     7 |     1   (0)| 00:00:01 |
|* 50 |      INDEX RANGE SCAN                        | SI_ORG_ENTITIES_TL_IDX         |     1 |     7 |     1   (0)| 00:00:01 |
|  51 |     VIEW                                     | SI_REGISTER_APPLICATION_V      |    58 |   754 |     6   (0)| 00:00:01 |
|  52 |      UNION-ALL                               |                                |       |       |            |          |
|  53 |       NESTED LOOPS OUTER                     |                                |    57 |  1881 |     4   (0)| 00:00:01 |
<font style="background-color: lightblue; color: red">|  54 |        TABLE ACCESS FULL                     | SI_REGISTER_APPLICATION        |    57 |   399 |     3   (0)| 00:00:01 |</font>
|* 55 |        INDEX RANGE SCAN                      | SI_REGISTER_APPLICATION_TL_N1  |     1 |    26 |     1   (0)| 00:00:01 |
|  56 |       FAST DUAL                              |                                |     1 |       |     2   (0)| 00:00:01 |
<font style="background-color: lightblue; color: red">|  57 |    COLLECTION ITERATOR PICKLER FETCH         | SPLIT_CLOB_STORED              |  8168 | 16336 |    29   (0)| 00:00:01 |</font>
-------------------------------------------------------------------------------------------------------------------------------
 
</code></pre><header class="major"><h2>Query Block Name / Object Alias (identified by operation id):</h2></header><pre><code>
 
   1 - SEL$7AD1A0A1
  18 - SEL$7AD1A0A1 / PNAME@SEL$2
  19 - SEL$7AD1A0A1 / PNAME@SEL$2
  20 - SEL$7AD1A0A1 / PTYPE@SEL$2
  21 - SEL$7AD1A0A1 / PVALUE@SEL$2
  22 - SEL$7AD1A0A1 / PVALUE@SEL$2
  24 - SEL$7AD1A0A1 / ACT@SEL$2
  25 - SEL$7AD1A0A1 / ACT@SEL$2
  26 - SEL$7AD1A0A1 / ROLE_ACT@SEL$2
  27 - SEL$7AD1A0A1 / A@SEL$3
  28 - SEL$7AD1A0A1 / A@SEL$3
  29 - SEL$7AD1A0A1 / ORGS@SEL$2
  30 - SEL$7AD1A0A1 / ORGS@SEL$2
  31 - SEL$7AD1A0A1 / D@SEL$3
  32 - SEL$7AD1A0A1 / USERS@SEL$2
  33 - SEL$7AD1A0A1 / USERS@SEL$2
  34 - SEL$1FB6C052 / C@SEL$3
  35 - SEL$1FB6C052
  37 - SEL$1FB6C052 / T@SEL$15
  38 - SEL$1FB6C052 / TL@SEL$15
  39 - SET$2        / SRA@SEL$14
  40 - SET$2       
  41 - SEL$16      
  42 - SEL$16       / T@SEL$16
  43 - SEL$16       / TL@SEL$16
  44 - SEL$19       / DUAL@SEL$19
  45 - SEL$7AD1A0A1 / CL@SEL$3
  46 - SEL$13       / B@SEL$3
  47 - SEL$13      
  48 - SEL$13       / T@SEL$13
  49 - SEL$13       / TL@SEL$13
  50 - SEL$7AD1A0A1 / BL@SEL$3
  51 - SET$1        / SRA@SEL$4
  52 - SET$1       
  53 - SEL$5       
  54 - SEL$5        / T@SEL$5
  55 - SEL$5        / TL@SEL$5
  56 - SEL$8        / DUAL@SEL$8
  57 - SEL$7AD1A0A1 / KOKBF$0@SEL$25
 
</code></pre><header class="major"><h2>Predicate Information (identified by operation id):</h2></header><pre><code>
 
   2 - access("A"."ORG_ENTITY_ID"=TO_NUMBER(VALUE(KOKBF$)))
   3 - access(NVL("PACKAGE_ID",0)=NVL("SRA"."PACKAGE_ID",0))
   5 - access("B"."ORG_ENTITY_ID"="A"."ORG_ENTITY_ID" AND "C"."ENTERPRISE_ID"="B"."ENTERPRISE_ID")
   7 - access("C"."ROLE_ID"="A"."ROLE_ID")
  19 - access(UPPER("PARAMETER_NAME")='DISPLAY_FORMAT')
  20 - access("PTYPE"."PARAMETER_TYPE_ID"="PNAME"."PARAMETER_TYPE_ID" AND UPPER("PARAMETER_TYPE")='MS APPS USER NAME 
              DISPLAY FORMAT')
  21 - access("PTYPE"."PARAMETER_TYPE_ID"="PVALUE"."PARAMETER_TYPE_ID" AND 
              "PNAME"."PARAMETER_ID"="PVALUE"."PARAMETER_ID" AND "PVALUE"."ORG_ENTITY_ID"=1)
  25 - access("ACT"."ACTIVITY_NAME"='QSM - Approve Response')
  26 - access("ROLE_ACT"."ACTIVITY_ID"="ACT"."ACTIVITY_ID")
  28 - access("ROLE_ACT"."ROLE_ID"="A"."ROLE_ID")
  29 - filter(NVL("ORGS"."END_DATE",SYSDATE@!)>=SYSDATE@!)
  30 - access("ORGS"."ORG_ENTITY_ID"="A"."ORG_ENTITY_ID")
  31 - access("D"."ORG_ROLE_ID"="A"."ORG_ROLE_ID")
  32 - access("USERS"."USER_ID"="D"."USER_ID")
       filter("USERS"."USER_ID" IS NOT NULL)
  33 - filter(NVL("USERS"."END_DATE",SYSDATE@!)>=SYSDATE@!)
  35 - access(NVL("PACKAGE_ID",0)=NVL("SRA"."PACKAGE_ID",0))
  38 - access("T"."ROLE_ID"="TL"."ROLE_ID"(+) AND "TL"."LOCALE_ID"(+)=TO_NUMBER("SI_DB_LOCALE_SV"."GETVALUE"()))
  43 - access("TL"."MODULE_ID"(+)="T"."MODULE_ID" AND "TL"."LOCALE_ID"(+)=TO_NUMBER("SI_DB_LOCALE_SV"."GETVALUE"()))
  45 - access("C"."ROLE_ID"="CL"."ROLE_ID"(+) AND "CL"."LOCALE_ID"(+)=TO_NUMBER("SI_DB_LOCALE_SV"."GETVALUE"()))
  49 - access("T"."ORG_ENTITY_ID"="TL"."ORG_ENTITY_ID"(+) AND 
              "TL"."LOCALE_ID"(+)=TO_NUMBER("SI_DB_LOCALE_SV"."GETVALUE"()))
  50 - access("B"."ORG_ENTITY_ID"="BL"."ORG_ENTITY_ID"(+) AND 
              "BL"."LOCALE_ID"(+)=TO_NUMBER("SI_DB_LOCALE_SV"."GETVALUE"()))
  55 - access("TL"."MODULE_ID"(+)="T"."MODULE_ID" AND "TL"."LOCALE_ID"(+)=TO_NUMBER("SI_DB_LOCALE_SV"."GETVALUE"()))
 
</code></pre><header class="major"><h2>Column Projection Information (identified by operation id):</h2></header><pre><code>
 
   1 - (#keys=2) "USERS"."USER_NAME"[VARCHAR2,320], CASE "PVALUE"."PARAMETER_VALUE" WHEN '2' THEN 
       "USERS"."LAST_NAME"||' '||"USERS"."FIRST_NAME" WHEN '3' THEN "USERS"."LAST_NAME"||','||' '||"USERS"."FIRST_NAME"||' 
       '||'('||"USERS"."USER_NAME"||')' WHEN '1' THEN "USERS"."FIRST_NAME"||' '||"USERS"."LAST_NAME" WHEN '4' THEN 
       "USERS"."FIRST_NAME"||','||' '||"USERS"."LAST_NAME"||' '||'('||"USERS"."USER_NAME"||')' ELSE "USERS"."LAST_NAME"||' 
       '||"USERS"."FIRST_NAME" END [1125]
   2 - (#keys=1) "PVALUE"."PARAMETER_VALUE"[VARCHAR2,400], "USERS"."LAST_NAME"[VARCHAR2,400], 
       "USERS"."FIRST_NAME"[VARCHAR2,400], "USERS"."USER_NAME"[VARCHAR2,320]
   3 - (#keys=1) "A"."ORG_ENTITY_ID"[NUMBER,22], "PVALUE"."PARAMETER_VALUE"[VARCHAR2,400], 
       "USERS"."LAST_NAME"[VARCHAR2,400], "USERS"."FIRST_NAME"[VARCHAR2,400], "USERS"."USER_NAME"[VARCHAR2,320]
   4 - (#keys=0) "A"."ORG_ENTITY_ID"[NUMBER,22], "PVALUE"."PARAMETER_VALUE"[VARCHAR2,400], "PACKAGE_ID"[NUMBER,22], 
       "USERS"."LAST_NAME"[VARCHAR2,400], "USERS"."FIRST_NAME"[VARCHAR2,400], "USERS"."USER_NAME"[VARCHAR2,320]
   5 - (#keys=2) "A"."ORG_ENTITY_ID"[NUMBER,22], "B"."ORG_ENTITY_ID"[NUMBER,22], 
       "PVALUE"."PARAMETER_VALUE"[VARCHAR2,400], "PACKAGE_ID"[NUMBER,22], "USERS"."LAST_NAME"[VARCHAR2,400], 
       "USERS"."FIRST_NAME"[VARCHAR2,400], "USERS"."USER_NAME"[VARCHAR2,320]
   6 - (#keys=0) "PVALUE"."PARAMETER_VALUE"[VARCHAR2,400], "A"."ORG_ENTITY_ID"[NUMBER,22], "PACKAGE_ID"[NUMBER,22], 
       "USERS"."LAST_NAME"[VARCHAR2,400], "USERS"."FIRST_NAME"[VARCHAR2,400], "USERS"."USER_NAME"[VARCHAR2,320], 
       "C"."ENTERPRISE_ID"[NUMBER,22]
   7 - (#keys=1) "C"."ROLE_ID"[NUMBER,22], "PVALUE"."PARAMETER_VALUE"[VARCHAR2,400], "A"."ORG_ENTITY_ID"[NUMBER,22], 
       "PACKAGE_ID"[NUMBER,22], "USERS"."LAST_NAME"[VARCHAR2,400], "USERS"."FIRST_NAME"[VARCHAR2,400], 
       "USERS"."USER_NAME"[VARCHAR2,320], "C"."ENTERPRISE_ID"[NUMBER,22]
   8 - (#keys=0) "PVALUE"."PARAMETER_VALUE"[VARCHAR2,400], "A"."ORG_ENTITY_ID"[NUMBER,22], "A"."ROLE_ID"[NUMBER,22], 
       "USERS"."LAST_NAME"[VARCHAR2,400], "USERS"."FIRST_NAME"[VARCHAR2,400], "USERS"."USER_NAME"[VARCHAR2,320], 
       "PACKAGE_ID"[NUMBER,22]
   9 - (#keys=0) "PVALUE"."PARAMETER_VALUE"[VARCHAR2,400], "A"."ORG_ENTITY_ID"[NUMBER,22], "A"."ROLE_ID"[NUMBER,22], 
       "USERS".ROWID[ROWID,10]
  10 - (#keys=0) "PVALUE"."PARAMETER_VALUE"[VARCHAR2,400], "A"."ORG_ENTITY_ID"[NUMBER,22], "A"."ROLE_ID"[NUMBER,22], 
       "D"."USER_ID"[NUMBER,22]
  11 - (#keys=0) "PVALUE"."PARAMETER_VALUE"[VARCHAR2,400], "A"."ORG_ROLE_ID"[NUMBER,22], 
       "A"."ORG_ENTITY_ID"[NUMBER,22], "A"."ROLE_ID"[NUMBER,22]
  12 - (#keys=0) "PVALUE"."PARAMETER_VALUE"[VARCHAR2,400], "A"."ORG_ROLE_ID"[NUMBER,22], 
       "A"."ORG_ENTITY_ID"[NUMBER,22], "A"."ROLE_ID"[NUMBER,22]
  13 - (#keys=0) "PVALUE"."PARAMETER_VALUE"[VARCHAR2,400], "ROLE_ACT"."ROLE_ID"[NUMBER,22]
  14 - (#keys=0) "PVALUE"."PARAMETER_VALUE"[VARCHAR2,400], "ACT"."ACTIVITY_ID"[NUMBER,22]
  15 - (#keys=0) "PVALUE"."PARAMETER_VALUE"[VARCHAR2,400]
  16 - (#keys=0) "PVALUE".ROWID[ROWID,10]
  17 - (#keys=0) "PNAME"."PARAMETER_ID"[NUMBER,22], "PTYPE"."PARAMETER_TYPE_ID"[NUMBER,22]
  18 - "PNAME"."PARAMETER_ID"[NUMBER,22], "PNAME"."PARAMETER_TYPE_ID"[NUMBER,22]
  19 - "PNAME".ROWID[ROWID,10], UPPER("PARAMETER_NAME")[VARCHAR2,400]
  20 - "PTYPE"."PARAMETER_TYPE_ID"[NUMBER,22]
  21 - "PVALUE".ROWID[ROWID,10]
  22 - "PVALUE"."PARAMETER_VALUE"[VARCHAR2,400]
  23 - (#keys=0) "ACT"."ACTIVITY_ID"[NUMBER,22]
  24 - "ACT"."ACTIVITY_ID"[NUMBER,22]
  25 - "ACT".ROWID[ROWID,10]
  26 - "ROLE_ACT"."ROLE_ID"[NUMBER,22]
  27 - "A"."ORG_ROLE_ID"[NUMBER,22], "A"."ORG_ENTITY_ID"[NUMBER,22], "A"."ROLE_ID"[NUMBER,22]
  28 - "A".ROWID[ROWID,10], "A"."ROLE_ID"[NUMBER,22]
  30 - "ORGS".ROWID[ROWID,10]
  31 - "D"."USER_ID"[NUMBER,22]
  32 - "USERS".ROWID[ROWID,10]
  33 - "USERS"."LAST_NAME"[VARCHAR2,400], "USERS"."FIRST_NAME"[VARCHAR2,400], "USERS"."USER_NAME"[VARCHAR2,320], 
       "PACKAGE_ID"[NUMBER,22]
  34 - "C"."ENTERPRISE_ID"[NUMBER,22], "C"."ROLE_ID"[NUMBER,22]
  35 - (#keys=1) "ENTERPRISE_ID"[NUMBER,22], "T"."ROLE_ID"[NUMBER,22]
  36 - (#keys=0) "ENTERPRISE_ID"[NUMBER,22], "T"."ROLE_ID"[NUMBER,22], "PACKAGE_ID"[NUMBER,22]
  37 - "ENTERPRISE_ID"[NUMBER,22], "T"."ROLE_ID"[NUMBER,22], "PACKAGE_ID"[NUMBER,22]
  39 - "SRA"."PACKAGE_ID"[NUMBER,22]
  40 - STRDEF[22]
  41 - (#keys=0) "T"."MODULE_ID"[NUMBER,22]
  42 - "T"."MODULE_ID"[NUMBER,22]
  46 - "B"."ENTERPRISE_ID"[NUMBER,22], "B"."ORG_ENTITY_ID"[NUMBER,22]
  47 - (#keys=0) "T"."ENTERPRISE_ID"[NUMBER,22], "T"."ORG_ENTITY_ID"[NUMBER,22]
  48 - "T"."ENTERPRISE_ID"[NUMBER,22], "T"."ORG_ENTITY_ID"[NUMBER,22]
  51 - "SRA"."PACKAGE_ID"[NUMBER,22]
  52 - STRDEF[22]
  53 - (#keys=0) "T"."MODULE_ID"[NUMBER,22]
  54 - "T"."MODULE_ID"[NUMBER,22]
  57 - VALUE(A0)[8000]
										</code></pre>
								</section>
						</div>
					</div>

				<!-- Sidebar -->
				<div id="sidebar">
					<div class="inner">
						<!-- Menu -->
						<nav id="menu">
							<header class="major">
								<h2>Menu</h2>
							</header>
							<ul>
								<li><a href="../index.html">Module List</a></li>
								<li><a href="index.html">Summary</a></li>
								<li>
									<span class="opener">DB Analysis</span>
									<ul>
										<li><a href="bad-sql.html">Bad SQL</a></li>
										<li><a href="poor-sql.html">Poor SQL Plan</a></li>
										<li><a href="invalid-sql.html">Invalid SQL</a></li>
										<li><a href="full-sql.html">Full SQL Report</a></li>
										<li><a href="table-nil-key.html">Primary/Unique Key Miss</a></li>
										<li><a href="invalid-db-object.html">Invalid DB Objects</a></li>
										<li><a href="sequence-with-less-cache.html">Sequence</a></li>
										<li><a href="table-index-lob-size.html">Table Size</a></li>
										<li><a href="table-row-count.html">Table Row Count</a></li>
										<li><a href="top-worst-queries.html">Top Worst Queries</a></li>
									</ul>
								</li>
								<li>
								    <span class="opener">LOB</span>
								    <ul>
								        <li><a href="lob-no-cache.html">LOB - No Cache</a></li>
								        <li><a href="lob-columns.html">LOB - All Columns</a></li>
								    </ul>
								</li>
								<li>
									<span class="opener">Infolets</span>
									<ul>
										<li><a href="keep-history-infolets.html">Keep History Infolets</a></li>
										<li><a href="plsql-context-switch.html">SQL-PL/SQL Context Switch</a></li>
									</ul>
								</li>
								<li>
									<span class="opener">Pushforms</span>
									<ul>
										<li><a href="pushform-denormalize.html">Pushform Denormalized</a></li>
									</ul>
								</li>
								<li>
									<span class="opener">PL/SQL</span>
									<ul>
										<li><a href="plsql-dyn-qry-objs.html">Dynamic Query</a></li>
									</ul>
								</li>
								<li>
								    <span class="opener">Report</span>
								    <ul>
								        <li><a href="jasper.html">Jasper Reports</a></li>
								    </ul>
								</li>
							</ul>
						</nav>

						<!-- Section -->
						<section>
							<header class="major">
								<h2>Get in touch</h2>
							</header>
							<p>You need more details on the report or want more functionality, don't hesitate to reach out to us.</p>
							<ul class="contact">
								<li class="fa-envelope-o"><a href="mailto:apps-rnd-arch-team@metricstream.com?Subject=Reg - Code Analysis Tool" target="_top">apps-rnd-arch-team@metricstream.com</a></li>
							</ul>
						</section>

						<!-- Footer -->
						<footer id="footer">
							<p class="copyright">&copy; <a href="http://www.metricstream.com" target="_blank">MetricStream</a>. All rights reserved. </p>
						</footer>
					</div>
				</div>
			</div>

		<!-- Scripts -->
			<script src="../../lib/assets/js/jquery.min.js"></script>
			<script src="../../lib/assets/js/skel.min.js"></script>
			<script src="../../lib/assets/js/util.js"></script>
			<!--[if lte IE 8]><script src="../../lib/assets/js/ie/respond.min.js"></script><![endif]-->
			<script src="../../lib/assets/js/main.js"></script>
	</body>
</html>