<!DOCTYPE HTML>
<html>
	<head>
		<title>Code Analysis - MetricStream</title>
		<meta charset="utf-8" />
		<meta name="viewport" content="width=device-width, initial-scale=1, user-scalable=no" />
		<!--[if lte IE 8]><script src="../../lib/assets/js/ie/html5shiv.js"></script><![endif]-->
		<link rel="stylesheet" href="../../lib/assets/css/main.css" />
		<!--[if lte IE 9]><link rel="stylesheet" href="../../lib/assets/css/ie9.css" /><![endif]-->
		<!--[if lte IE 8]><link rel="stylesheet" href="../../lib/assets/css/ie8.css" /><![endif]-->
	</head>
	<body>

		<!-- Wrapper -->
			<div id="wrapper">

				<!-- Main -->
					<div id="main">
						<div class="inner">
							<!-- Header -->
								<header id="header">
									<a href="index.html" class="logo"><strong>Static Code Analysis Report</strong> by Code Analyzer Tool</a>
								</header>

							<!-- Content -->
								<section>
									<!-- Content -->
										<header class="major"><h2>Infolet Details</h2></header>
										<div class="table-wrapper">
											<table>
												<tbody>
													<tr>
														<th>Name</th>
														<td>MS_QSM_OPEN_SURVEY_RPT (103803)</td>
													</tr>
													<tr>
														<th>SQL</th>
														<td><pre><code>Select 
QUE_REQUEST_NAME,
QUE_REQUEST_TYPE,
QUE_REQUEST_TYPE_DISP,
MANAGE_SURVEY,
MANAGE_SURVEY_DISP,
QUE_APPLIES_TO,
QUE_APPLIES_TO_DISP,
SCH_FREQUENCY,
Name_Link,
SCH_FREQUENCY_STORED
from
(SELECT QUE_REQUEST_NAME,QUE_REQUEST_TYPE,
MS_QSM_RPT_UTIL.GET_DISPLAY_VALUE( :1, 'MS_QSM_Init_Questionnaire_Type', a.QUE_REQUEST_TYPE,a.DD_OBJECT_TYPE )  AS QUE_REQUEST_TYPE_DISP,
MANAGE_SURVEY,
MS_QSM_RPT_UTIL.GET_DISPLAY_VALUE( :1, 'MS_QSM_MANAGE_SURVEY', a.MANAGE_SURVEY,a.DD_OBJECT_TYPE ) AS MANAGE_SURVEY_DISP,
QUE_APPLIES_TO, 
(SELECT c.OBJECT_NAME
                     FROM MS_QSM_APPLIES_TO c
                    WHERE c.OBJECT_ID = a.QUE_APPLIES_TO
                          AND LOCALE_ID = (SELECT Y.LOCALE_ID
                                    FROM SI_USERS_T x, SI_LOCALES y
                                   WHERE X.LOCALE = Y.LOCALE_STRING
                                         AND X.USER_NAME = :1))  AS QUE_APPLIES_TO_DISP,
MS_QSM_RPT_UTIL.GET_DISPLAY_VALUE( :1, 'MS_QSM_Frequency', a.SCH_FREQUENCY, a.DD_OBJECT_TYPE ) AS SCH_FREQUENCY,
MS_QSM_RPT_UTIL.fn_get_initiate_report_json(ms_apps_utilities.get_infolet_id(a.DD_OBJECT_TYPE),a.DD_PROCESS_INSTANCE_ID,null,null)  as Name_Link,
sch_frequency as  SCH_FREQUENCY_STORED
FROM MS_QSM_OPEN_SURVEYS_RPT_V a
WHERE  
(a.OWNER_ORGANIZATIONS IS NULL or 
MS_APPS_SECURITY_PKG.CHECK_OBJECT_ACCESS(a.DD_OBJECT_TYPE,NVL(a.RESTRICT_ACCESS_TO,'N'),a.OWNER_ORGANIZATIONS,:1,'VIEW') = 'ACCESS'
)
AND NVL(a.SCH_FREQUENCY,'X') <>'3'
AND (QUE_REQUEST_NAME IN (SELECT COLUMN_VALUE FROM TABLE (ms_grc_str_common_utilities.Split_String_Stored(:2))) OR :2 IS NULL)
AND (QUE_REQUEST_TYPE IN (SELECT COLUMN_VALUE FROM TABLE (ms_grc_str_common_utilities.Split_String_Stored(:3))) OR :3 IS NULL)
AND NVL(a.SCH_FREQUENCY,'X') = NVL(:4,NVL(a.SCH_FREQUENCY,'X'))
AND QUE_APPLIES_TO = NVL(:5,QUE_APPLIES_TO)
AND (trim(:6) IN (select column_value from table(ms_grc_str_common_utilities.Split_Clob_Stored(trim(OWNER_ORGANIZATIONS)))) OR :6 IS NULL))</code></pre></td>
													</tr>
													<tr>
														<th>Description</th>
														<td>This infolet is used to get the list of Open Surveys in the System.</td>
													</tr>
												</tbody>
											</table>
										</div>

										<h2 align="center" id="content">Analysis Report</h2>
										<hr>

<header class="major"><h2>Plan hash value: 1239532234</h2></header><pre><code>
 
-----------------------------------------------------------------------------------------------------------------
| Id  | Operation                          | Name                       | Rows  | Bytes | Cost (%CPU)| Time     |
-----------------------------------------------------------------------------------------------------------------
|   0 | SELECT STATEMENT                   |                            |     1 |  4979 |     4  (25)| 00:00:01 |
<font style="background-color: lightblue; color: red">|*  1 |  TABLE ACCESS FULL                 | MS_QSM_APPLIES_TO          |     1 |    19 |     3   (0)| 00:00:01 |</font>
|   2 |   NESTED LOOPS                     |                            |     1 |    30 |     4   (0)| 00:00:01 |
|   3 |    TABLE ACCESS BY INDEX ROWID     | SI_USERS_T                 |     1 |    19 |     1   (0)| 00:00:01 |
|*  4 |     INDEX UNIQUE SCAN              | USER_NAME_UK               |     1 |       |     1   (0)| 00:00:01 |
<font style="background-color: lightblue; color: red">|*  5 |    TABLE ACCESS FULL               | SI_LOCALES                 |     1 |    11 |     3   (0)| 00:00:01 |</font>
|*  6 |  FILTER                            |                            |       |       |            |          |
|   7 |   SORT AGGREGATE                   |                            |     1 |  2204 |            |          |
<font style="background-color: lightblue; color: red">|*  8 |    INDEX SKIP SCAN                 | MS_QSM_INIT_QUESTNR_OWO_UK |     1 |  2204 |     1   (0)| 00:00:01 |</font>
|*  9 |   VIEW                             |                            |     1 |  4979 |     4  (25)| 00:00:01 |
|  10 |    SORT ORDER BY                   |                            |     1 |  3601 |     4  (25)| 00:00:01 |
|* 11 |     FILTER                         |                            |       |       |            |          |
|  12 |      NESTED LOOPS OUTER            |                            |     1 |  3601 |     3   (0)| 00:00:01 |
<font style="background-color: lightblue; color: red">|* 13 |       TABLE ACCESS FULL            | MS_QSM_INIT_QUESTNR        |     1 |  2869 |     2   (0)| 00:00:01 |</font>
|  14 |       TABLE ACCESS BY INDEX ROWID  | MS_QSM_QUESTNR_SCH         |     1 |   732 |     1   (0)| 00:00:01 |
|* 15 |        INDEX UNIQUE SCAN           | MS_QSM_QUESTNR_SCH_PK      |     1 |       |     1   (0)| 00:00:01 |
<font style="background-color: lightblue; color: red">|* 16 |   COLLECTION ITERATOR PICKLER FETCH| SPLIT_STRING_STORED        |     1 |     2 |     2   (0)| 00:00:01 |</font>
<font style="background-color: lightblue; color: red">|* 17 |   COLLECTION ITERATOR PICKLER FETCH| SPLIT_STRING_STORED        |     1 |     2 |     2   (0)| 00:00:01 |</font>
<font style="background-color: lightblue; color: red">|* 18 |   COLLECTION ITERATOR PICKLER FETCH| SPLIT_CLOB_STORED          |     1 |     2 |     2   (0)| 00:00:01 |</font>
-----------------------------------------------------------------------------------------------------------------
 
</code></pre><header class="major"><h2>Query Block Name / Object Alias (identified by operation id):</h2></header><pre><code>
 
   1 - SEL$3        / C@SEL$3
   2 - SEL$4       
   3 - SEL$4        / X@SEL$4
   4 - SEL$4        / X@SEL$4
   5 - SEL$4        / Y@SEL$4
   6 - SEL$ED731CA1
   7 - SEL$9       
   8 - SEL$9        / B@SEL$9
   9 - SEL$6        / XX@SEL$5
  10 - SEL$6       
  13 - SEL$6        / A@SEL$6
  14 - SEL$6        / B@SEL$6
  15 - SEL$6        / B@SEL$6
  16 - SEL$42DFC41A / KOKBF$0@SEL$12
  17 - SEL$1CF66C63 / KOKBF$1@SEL$14
  18 - SEL$29F99543 / KOKBF$2@SEL$16
 
</code></pre><header class="major"><h2>Predicate Information (identified by operation id):</h2></header><pre><code>
 
   1 - filter("C"."OBJECT_ID"=:B1 AND "LOCALE_ID"= (SELECT "Y"."LOCALE_ID" FROM "SI_LOCALES" 
              "Y","SI_USERS_T" "X" WHERE "X"."USER_NAME"=:1 AND "X"."LOCALE"="Y"."LOCALE_STRING"))
   4 - access("X"."USER_NAME"=:1)
   5 - filter("X"."LOCALE"="Y"."LOCALE_STRING")
   6 - filter(( EXISTS (SELECT 0 FROM TABLE() "KOKBF$0" WHERE VALUE(KOKBF$)=:B1) OR :2 IS NULL) AND ( 
              EXISTS (SELECT 0 FROM TABLE() "KOKBF$1" WHERE VALUE(KOKBF$)=:B2) OR :3 IS NULL) AND ( EXISTS (SELECT 0 
              FROM TABLE() "KOKBF$2" WHERE VALUE(KOKBF$)=TRIM(:6)) OR :6 IS NULL))
   8 - access("B"."QUE_REQUEST_ID"=:B1)
       filter("B"."QUE_REQUEST_ID"=:B1)
   9 - filter("OWNER_ORGANIZATIONS" IS NULL OR "MS_APPS_SECURITY_PKG"."CHECK_OBJECT_ACCESS"("DD_OBJECT_TY
              PE",NVL("RESTRICT_ACCESS_TO",'N'),SYS_OP_CL2C("OWNER_ORGANIZATIONS"),:1,'VIEW')='ACCESS')
  11 - filter(("B"."SCH_END_BY" IS NULL AND "B"."SCH_CLOSE_DATE" IS NULL OR 
              NVL(TRUNC(INTERNAL_FUNCTION("B"."SCH_END_BY")),TRUNC(INTERNAL_FUNCTION("B"."SCH_CLOSE_DATE")))>=TRUNC(SYS
              DATE@!)) AND NVL("B"."SCH_FREQUENCY",'X')<>'3' AND NVL("B"."SCH_FREQUENCY",'X')=NVL(:4,NVL("B"."SCH_FREQU
              ENCY",'X')) AND NVL(:4,NVL("B"."SCH_FREQUENCY",'X'))<>'3')
  13 - filter("A"."MANAGE_SURVEY"='1' AND "A"."QUE_APPLIES_TO"=NVL(:5,"A"."QUE_APPLIES_TO"))
  15 - access("A"."QUE_REQUEST_ID"="B"."SCH_REQ_ID"(+))
  16 - filter(VALUE(KOKBF$)=:B1)
  17 - filter(VALUE(KOKBF$)=:B1)
  18 - filter(VALUE(KOKBF$)=TRIM(:6))
 
</code></pre><header class="major"><h2>Column Projection Information (identified by operation id):</h2></header><pre><code>
 
   1 - "C"."OBJECT_ID"[VARCHAR2,400], "C"."OBJECT_NAME"[VARCHAR2,2000], "LOCALE_ID"[NUMBER,22]
   2 - (#keys=0) "Y"."LOCALE_ID"[NUMBER,22]
   3 - "X"."LOCALE"[VARCHAR2,400]
   4 - "X".ROWID[ROWID,10]
   5 - "Y"."LOCALE_ID"[NUMBER,22]
   6 - "QUE_REQUEST_NAME"[VARCHAR2,1020], "QUE_REQUEST_TYPE"[VARCHAR2,400], 
       "MANAGE_SURVEY"[VARCHAR2,1020], "QUE_APPLIES_TO"[VARCHAR2,1020], "SCH_FREQUENCY"[VARCHAR2,1020], 
       "DD_OBJECT_TYPE"[VARCHAR2,400], "DD_PROCESS_INSTANCE_ID"[NUMBER,22]
   7 - (#keys=0) "MS_JOIN_CLOB"(INTERNAL_FUNCTION("B"."OWNER_ORGANIZATIONS"))[4000]
   8 - "B"."OWNER_ORGANIZATIONS"[VARCHAR2,4000]
   9 - "QUE_REQUEST_NAME"[VARCHAR2,1020], "QUE_REQUEST_TYPE"[VARCHAR2,400], 
       "MANAGE_SURVEY"[VARCHAR2,1020], "QUE_APPLIES_TO"[VARCHAR2,1020], "OWNER_ORGANIZATIONS"[LOB,4000], 
       "RESTRICT_ACCESS_TO"[VARCHAR2,1020], "SCH_FREQUENCY"[VARCHAR2,1020], "DD_OBJECT_TYPE"[VARCHAR2,400], 
       "DD_PROCESS_INSTANCE_ID"[NUMBER,22]
  10 - (#keys=1) "A"."QUE_REQUEST_NAME"[VARCHAR2,1020], "A"."DD_PROCESS_INSTANCE_ID"[NUMBER,22], 
       "A"."QUE_REQUEST_TYPE"[VARCHAR2,400], "A"."MANAGE_SURVEY"[VARCHAR2,1020], 
       "A"."QUE_APPLIES_TO"[VARCHAR2,1020],  (SELECT "MS_JOIN_CLOB"(INTERNAL_FUNCTION("B"."OWNER_ORGANIZATIONS")
       ) FROM METRICSTREAM."MS_QSM_INIT_QUESTNR_OWO" "B" WHERE "B"."QUE_REQUEST_ID"=:B1)[4000], 
       "A"."RESTRICT_ACCESS_TO"[VARCHAR2,1020], "B"."SCH_FREQUENCY"[VARCHAR2,1020], 
       "A"."DD_OBJECT_TYPE"[VARCHAR2,400]
  11 - "A"."QUE_APPLIES_TO"[VARCHAR2,1020], "A"."MANAGE_SURVEY"[VARCHAR2,1020], 
       "A"."QUE_REQUEST_ID"[VARCHAR2,400], "A"."QUE_REQUEST_NAME"[VARCHAR2,1020], 
       "A"."DD_OBJECT_TYPE"[VARCHAR2,400], "A"."DD_PROCESS_INSTANCE_ID"[NUMBER,22], 
       "A"."DD_CREATED_BY"[VARCHAR2,400], "A"."RESTRICT_ACCESS_TO"[VARCHAR2,1020], 
       "A"."QUE_REQUEST_TYPE"[VARCHAR2,400], "B"."SCH_FREQUENCY"[VARCHAR2,1020]
  12 - (#keys=0) "A"."QUE_APPLIES_TO"[VARCHAR2,1020], "A"."MANAGE_SURVEY"[VARCHAR2,1020], 
       "A"."QUE_REQUEST_ID"[VARCHAR2,400], "A"."QUE_REQUEST_NAME"[VARCHAR2,1020], 
       "A"."DD_OBJECT_TYPE"[VARCHAR2,400], "A"."DD_PROCESS_INSTANCE_ID"[NUMBER,22], 
       "A"."DD_CREATED_BY"[VARCHAR2,400], "A"."RESTRICT_ACCESS_TO"[VARCHAR2,1020], 
       "A"."QUE_REQUEST_TYPE"[VARCHAR2,400], "B"."SCH_CLOSE_DATE"[DATE,7], "B"."SCH_FREQUENCY"[VARCHAR2,1020], 
       "B"."SCH_END_BY"[DATE,7]
  13 - "A"."QUE_APPLIES_TO"[VARCHAR2,1020], "A"."MANAGE_SURVEY"[VARCHAR2,1020], 
       "A"."QUE_REQUEST_ID"[VARCHAR2,400], "A"."QUE_REQUEST_NAME"[VARCHAR2,1020], 
       "A"."DD_OBJECT_TYPE"[VARCHAR2,400], "A"."DD_PROCESS_INSTANCE_ID"[NUMBER,22], 
       "A"."DD_CREATED_BY"[VARCHAR2,400], "A"."RESTRICT_ACCESS_TO"[VARCHAR2,1020], 
       "A"."QUE_REQUEST_TYPE"[VARCHAR2,400]
  14 - "B"."SCH_CLOSE_DATE"[DATE,7], "B"."SCH_FREQUENCY"[VARCHAR2,1020], "B"."SCH_END_BY"[DATE,7]
  15 - "B".ROWID[ROWID,10]
  16 - VALUE(A0)[8000]
  17 - VALUE(A0)[8000]
  18 - VALUE(A0)[8000]
										</code></pre>
								</section>
						</div>
					</div>

				<!-- Sidebar -->
				<div id="sidebar">
					<div class="inner">
						<!-- Menu -->
						<nav id="menu">
							<header class="major">
								<h2>Menu</h2>
							</header>
							<ul>
								<li><a href="../index.html">Module List</a></li>
								<li><a href="index.html">Summary</a></li>
								<li>
									<span class="opener">DB Analysis</span>
									<ul>
										<li><a href="bad-sql.html">Bad SQL</a></li>
										<li><a href="poor-sql.html">Poor SQL Plan</a></li>
										<li><a href="invalid-sql.html">Invalid SQL</a></li>
										<li><a href="full-sql.html">Full SQL Report</a></li>
										<li><a href="table-nil-key.html">Primary/Unique Key Miss</a></li>
										<li><a href="invalid-db-object.html">Invalid DB Objects</a></li>
										<li><a href="sequence-with-less-cache.html">Sequence</a></li>
										<li><a href="table-index-lob-size.html">Table Size</a></li>
										<li><a href="table-row-count.html">Table Row Count</a></li>
										<li><a href="top-worst-queries.html">Top Worst Queries</a></li>
									</ul>
								</li>
								<li>
								    <span class="opener">LOB</span>
								    <ul>
								        <li><a href="lob-no-cache.html">LOB - No Cache</a></li>
								        <li><a href="lob-columns.html">LOB - All Columns</a></li>
								    </ul>
								</li>
								<li>
									<span class="opener">Infolets</span>
									<ul>
										<li><a href="keep-history-infolets.html">Keep History Infolets</a></li>
										<li><a href="plsql-context-switch.html">SQL-PL/SQL Context Switch</a></li>
									</ul>
								</li>
								<li>
									<span class="opener">Pushforms</span>
									<ul>
										<li><a href="pushform-denormalize.html">Pushform Denormalized</a></li>
									</ul>
								</li>
								<li>
									<span class="opener">PL/SQL</span>
									<ul>
										<li><a href="plsql-dyn-qry-objs.html">Dynamic Query</a></li>
									</ul>
								</li>
								<li>
								    <span class="opener">Report</span>
								    <ul>
								        <li><a href="jasper.html">Jasper Reports</a></li>
								    </ul>
								</li>
							</ul>
						</nav>

						<!-- Section -->
						<section>
							<header class="major">
								<h2>Get in touch</h2>
							</header>
							<p>You need more details on the report or want more functionality, don't hesitate to reach out to us.</p>
							<ul class="contact">
								<li class="fa-envelope-o"><a href="mailto:apps-rnd-arch-team@metricstream.com?Subject=Reg - Code Analysis Tool" target="_top">apps-rnd-arch-team@metricstream.com</a></li>
							</ul>
						</section>

						<!-- Footer -->
						<footer id="footer">
							<p class="copyright">&copy; <a href="http://www.metricstream.com" target="_blank">MetricStream</a>. All rights reserved. </p>
						</footer>
					</div>
				</div>
			</div>

		<!-- Scripts -->
			<script src="../../lib/assets/js/jquery.min.js"></script>
			<script src="../../lib/assets/js/skel.min.js"></script>
			<script src="../../lib/assets/js/util.js"></script>
			<!--[if lte IE 8]><script src="../../lib/assets/js/ie/respond.min.js"></script><![endif]-->
			<script src="../../lib/assets/js/main.js"></script>
	</body>
</html>