<!DOCTYPE HTML>
<html>
	<head>
		<title>Code Analysis - MetricStream</title>
		<meta charset="utf-8" />
		<meta name="viewport" content="width=device-width, initial-scale=1, user-scalable=no" />
		<!--[if lte IE 8]><script src="../../lib/assets/js/ie/html5shiv.js"></script><![endif]-->
		<link rel="stylesheet" href="../../lib/assets/css/main.css" />
		<!--[if lte IE 9]><link rel="stylesheet" href="../../lib/assets/css/ie9.css" /><![endif]-->
		<!--[if lte IE 8]><link rel="stylesheet" href="../../lib/assets/css/ie8.css" /><![endif]-->
	</head>
	<body>

		<!-- Wrapper -->
			<div id="wrapper">

				<!-- Main -->
					<div id="main">
						<div class="inner">
							<!-- Header -->
								<header id="header">
									<a href="index.html" class="logo"><strong>Static Code Analysis Report</strong> by Code Analyzer Tool</a>
								</header>

							<!-- Content -->
								<section>
									<!-- Content -->
										<header class="major"><h2>Infolet Details</h2></header>
										<div class="table-wrapper">
											<table>
												<tbody>
													<tr>
														<th>Name</th>
														<td>MS_QSM_Issue_Action_Owners (103796)</td>
													</tr>
													<tr>
														<th>SQL</th>
														<td><pre><code>SELECT DISTINCT fdo.user_id,
                fdo.user_name AS USER_NAME,
                ms_apps_utilities.get_user_full_name (fdo.user_id) AS USER_FULL_NAME,
                fdo.activity_id,
                fdo.activity_name
  FROM SI_USER_ORG_ACT_VIEW fdo
    WHERE fdo.activity_name ='ISM - Implement Action'
order by 3</code></pre></td>
													</tr>
													<tr>
														<th>Description</th>
														<td>This infolet will fetch all the issue action owners.</td>
													</tr>
												</tbody>
											</table>
										</div>

										<h2 align="center" id="content">Analysis Report</h2>
										<hr>

<header class="major"><h2>Plan hash value: 2846481525</h2></header><pre><code>
 
-----------------------------------------------------------------------------------------------------------------------------
| Id  | Operation                                  | Name                           | Rows  | Bytes | Cost (%CPU)| Time     |
-----------------------------------------------------------------------------------------------------------------------------
|   0 | SELECT STATEMENT                           |                                |     1 |   220 |    33   (7)| 00:00:01 |
|   1 |  SORT UNIQUE                               |                                |     1 |   220 |    32   (4)| 00:00:01 |
|*  2 |   HASH JOIN                                |                                |     1 |   220 |    31   (0)| 00:00:01 |
|   3 |    NESTED LOOPS OUTER                      |                                |     1 |   207 |    25   (0)| 00:00:01 |
|*  4 |     HASH JOIN                              |                                |     1 |   200 |    24   (0)| 00:00:01 |
|   5 |      NESTED LOOPS OUTER                    |                                |     1 |   192 |    20   (0)| 00:00:01 |
|*  6 |       HASH JOIN                            |                                |     1 |   183 |    19   (0)| 00:00:01 |
|   7 |        NESTED LOOPS                        |                                |     1 |   175 |     9   (0)| 00:00:01 |
|   8 |         NESTED LOOPS                       |                                |     1 |   175 |     9   (0)| 00:00:01 |
|   9 |          NESTED LOOPS                      |                                |     1 |   153 |     8   (0)| 00:00:01 |
|  10 |           NESTED LOOPS                     |                                |     1 |   143 |     7   (0)| 00:00:01 |
|  11 |            NESTED LOOPS                    |                                |     1 |   137 |     6   (0)| 00:00:01 |
|  12 |             NESTED LOOPS                   |                                |     1 |   122 |     5   (0)| 00:00:01 |
<font style="background-color: lightblue; color: red">|  13 |              MERGE JOIN CARTESIAN          |                                |     1 |   112 |     4   (0)| 00:00:01 |</font>
|  14 |               NESTED LOOPS                 |                                |     1 |    80 |     3   (0)| 00:00:01 |
|  15 |                NESTED LOOPS                |                                |     1 |    67 |     2   (0)| 00:00:01 |
|  16 |                 TABLE ACCESS BY INDEX ROWID| MS_QS_PARAMETER_NAMES          |     1 |    34 |     1   (0)| 00:00:01 |
|* 17 |                  INDEX RANGE SCAN          | MS_QS_PARAMETER_NAMES_N2       |     1 |       |     1   (0)| 00:00:01 |
|* 18 |                 INDEX RANGE SCAN           | MS_QS_PARAMETERTYPE_TYPEID_IDX |     1 |    33 |     1   (0)| 00:00:01 |
|* 19 |                INDEX RANGE SCAN            | MS_QS_PARAMETER_VALUES_IDX     |     1 |    13 |     1   (0)| 00:00:01 |
|  20 |               BUFFER SORT                  |                                |     1 |    32 |     3   (0)| 00:00:01 |
|  21 |                TABLE ACCESS BY INDEX ROWID | SI_ACTIVITIES_T                |     1 |    32 |     1   (0)| 00:00:01 |
|* 22 |                 INDEX RANGE SCAN           | SI_ACTIVITIES_N2               |     1 |       |     1   (0)| 00:00:01 |
|* 23 |              INDEX RANGE SCAN              | ROLE_ACTIVITY_UQ               |     5 |    50 |     1   (0)| 00:00:01 |
|  24 |             TABLE ACCESS BY INDEX ROWID    | SI_ORG_ROLES                   |     2 |    30 |     1   (0)| 00:00:01 |
|* 25 |              INDEX RANGE SCAN              | SI_ORG_ROLES_N2                |     2 |       |     1   (0)| 00:00:01 |
|* 26 |            TABLE ACCESS BY INDEX ROWID     | SI_ORG_ENTITIES_T              |     1 |     6 |     1   (0)| 00:00:01 |
|* 27 |             INDEX RANGE SCAN               | SI_ORG_ENTITIES_N5             |     1 |       |     1   (0)| 00:00:01 |
|* 28 |           INDEX RANGE SCAN                 | SI_USER_ORG_ROLES_N2           |     3 |    30 |     1   (0)| 00:00:01 |
|* 29 |          INDEX UNIQUE SCAN                 | SI_USERS_T_N1                  |     1 |       |     1   (0)| 00:00:01 |
|* 30 |         TABLE ACCESS BY INDEX ROWID        | SI_USERS_T                     |     1 |    22 |     1   (0)| 00:00:01 |
|  31 |        VIEW                                | SI_ROLES                       |   456 |  3648 |    10   (0)| 00:00:01 |
|* 32 |         HASH JOIN                          |                                |   456 | 15504 |    10   (0)| 00:00:01 |
|  33 |          NESTED LOOPS OUTER                |                                |   110 |  2310 |     4   (0)| 00:00:01 |
<font style="background-color: lightblue; color: red">|  34 |           TABLE ACCESS FULL                | SI_ROLES_T                     |   110 |  1320 |     3   (0)| 00:00:01 |</font>
|* 35 |           INDEX RANGE SCAN                 | SI_ROLES_TL_N2                 |     1 |     9 |     1   (0)| 00:00:01 |
|  36 |          VIEW                              | SI_REGISTER_APPLICATION_V      |    58 |   754 |     6   (0)| 00:00:01 |
|  37 |           UNION-ALL                        |                                |       |       |            |          |
|  38 |            NESTED LOOPS OUTER              |                                |    57 |  1881 |     4   (0)| 00:00:01 |
<font style="background-color: lightblue; color: red">|  39 |             TABLE ACCESS FULL              | SI_REGISTER_APPLICATION        |    57 |   399 |     3   (0)| 00:00:01 |</font>
|* 40 |             INDEX RANGE SCAN               | SI_REGISTER_APPLICATION_TL_N1  |     1 |    26 |     1   (0)| 00:00:01 |
|  41 |            FAST DUAL                       |                                |     1 |       |     2   (0)| 00:00:01 |
|* 42 |       INDEX RANGE SCAN                     | SI_ROLES_TL_N2                 |     1 |     9 |     1   (0)| 00:00:01 |
|  43 |      VIEW                                  | SI_ORG_ENTITIES                |   113 |   904 |     4   (0)| 00:00:01 |
|  44 |       NESTED LOOPS OUTER                   |                                |   113 |  1695 |     4   (0)| 00:00:01 |
<font style="background-color: lightblue; color: red">|  45 |        TABLE ACCESS FULL                   | SI_ORG_ENTITIES_T              |   113 |   904 |     3   (0)| 00:00:01 |</font>
|* 46 |        INDEX RANGE SCAN                    | SI_ORG_ENTITIES_TL_IDX         |     1 |     7 |     1   (0)| 00:00:01 |
|* 47 |     INDEX RANGE SCAN                       | SI_ORG_ENTITIES_TL_IDX         |     1 |     7 |     1   (0)| 00:00:01 |
|  48 |    VIEW                                    | SI_REGISTER_APPLICATION_V      |    58 |   754 |     6   (0)| 00:00:01 |
|  49 |     UNION-ALL                              |                                |       |       |            |          |
|  50 |      NESTED LOOPS OUTER                    |                                |    57 |  1881 |     4   (0)| 00:00:01 |
<font style="background-color: lightblue; color: red">|  51 |       TABLE ACCESS FULL                    | SI_REGISTER_APPLICATION        |    57 |   399 |     3   (0)| 00:00:01 |</font>
|* 52 |       INDEX RANGE SCAN                     | SI_REGISTER_APPLICATION_TL_N1  |     1 |    26 |     1   (0)| 00:00:01 |
|  53 |      FAST DUAL                             |                                |     1 |       |     2   (0)| 00:00:01 |
-----------------------------------------------------------------------------------------------------------------------------
 
</code></pre><header class="major"><h2>Query Block Name / Object Alias (identified by operation id):</h2></header><pre><code>
 
   1 - SEL$C88F640E
  16 - SEL$C88F640E / PNAME@SEL$2
  17 - SEL$C88F640E / PNAME@SEL$2
  18 - SEL$C88F640E / PTYPE@SEL$2
  19 - SEL$C88F640E / PVALUE@SEL$2
  21 - SEL$C88F640E / ACT@SEL$2
  22 - SEL$C88F640E / ACT@SEL$2
  23 - SEL$C88F640E / ROLE_ACT@SEL$2
  24 - SEL$C88F640E / A@SEL$3
  25 - SEL$C88F640E / A@SEL$3
  26 - SEL$C88F640E / ORGS@SEL$2
  27 - SEL$C88F640E / ORGS@SEL$2
  28 - SEL$C88F640E / D@SEL$3
  29 - SEL$C88F640E / USERS@SEL$2
  30 - SEL$C88F640E / USERS@SEL$2
  31 - SEL$1FB6C052 / C@SEL$3
  32 - SEL$1FB6C052
  34 - SEL$1FB6C052 / T@SEL$15
  35 - SEL$1FB6C052 / TL@SEL$15
  36 - SET$2        / SRA@SEL$14
  37 - SET$2       
  38 - SEL$16      
  39 - SEL$16       / T@SEL$16
  40 - SEL$16       / TL@SEL$16
  41 - SEL$19       / DUAL@SEL$19
  42 - SEL$C88F640E / CL@SEL$3
  43 - SEL$13       / B@SEL$3
  44 - SEL$13      
  45 - SEL$13       / T@SEL$13
  46 - SEL$13       / TL@SEL$13
  47 - SEL$C88F640E / BL@SEL$3
  48 - SET$1        / SRA@SEL$4
  49 - SET$1       
  50 - SEL$5       
  51 - SEL$5        / T@SEL$5
  52 - SEL$5        / TL@SEL$5
  53 - SEL$8        / DUAL@SEL$8
 
</code></pre><header class="major"><h2>Predicate Information (identified by operation id):</h2></header><pre><code>
 
   2 - access(NVL("PACKAGE_ID",0)=NVL("SRA"."PACKAGE_ID",0))
   4 - access("B"."ORG_ENTITY_ID"="A"."ORG_ENTITY_ID" AND "C"."ENTERPRISE_ID"="B"."ENTERPRISE_ID")
   6 - access("C"."ROLE_ID"="A"."ROLE_ID")
  17 - access(UPPER("PARAMETER_NAME")='DISPLAY_FORMAT')
  18 - access("PTYPE"."PARAMETER_TYPE_ID"="PNAME"."PARAMETER_TYPE_ID" AND UPPER("PARAMETER_TYPE")='MS APPS USER NAME 
              DISPLAY FORMAT')
  19 - access("PTYPE"."PARAMETER_TYPE_ID"="PVALUE"."PARAMETER_TYPE_ID" AND 
              "PNAME"."PARAMETER_ID"="PVALUE"."PARAMETER_ID" AND "PVALUE"."ORG_ENTITY_ID"=1)
  22 - access("ACT"."ACTIVITY_NAME"='ISM - Implement Action')
  23 - access("ROLE_ACT"."ACTIVITY_ID"="ACT"."ACTIVITY_ID")
  25 - access("ROLE_ACT"."ROLE_ID"="A"."ROLE_ID")
  26 - filter(NVL("ORGS"."END_DATE",SYSDATE@!)>=SYSDATE@!)
  27 - access("ORGS"."ORG_ENTITY_ID"="A"."ORG_ENTITY_ID")
  28 - access("D"."ORG_ROLE_ID"="A"."ORG_ROLE_ID")
  29 - access("USERS"."USER_ID"="D"."USER_ID")
       filter("USERS"."USER_ID" IS NOT NULL)
  30 - filter(NVL("USERS"."END_DATE",SYSDATE@!)>=SYSDATE@!)
  32 - access(NVL("PACKAGE_ID",0)=NVL("SRA"."PACKAGE_ID",0))
  35 - access("T"."ROLE_ID"="TL"."ROLE_ID"(+) AND "TL"."LOCALE_ID"(+)=TO_NUMBER("SI_DB_LOCALE_SV"."GETVALUE"()))
  40 - access("TL"."MODULE_ID"(+)="T"."MODULE_ID" AND "TL"."LOCALE_ID"(+)=TO_NUMBER("SI_DB_LOCALE_SV"."GETVALUE"()))
  42 - access("C"."ROLE_ID"="CL"."ROLE_ID"(+) AND "CL"."LOCALE_ID"(+)=TO_NUMBER("SI_DB_LOCALE_SV"."GETVALUE"()))
  46 - access("T"."ORG_ENTITY_ID"="TL"."ORG_ENTITY_ID"(+) AND 
              "TL"."LOCALE_ID"(+)=TO_NUMBER("SI_DB_LOCALE_SV"."GETVALUE"()))
  47 - access("B"."ORG_ENTITY_ID"="BL"."ORG_ENTITY_ID"(+) AND 
              "BL"."LOCALE_ID"(+)=TO_NUMBER("SI_DB_LOCALE_SV"."GETVALUE"()))
  52 - access("TL"."MODULE_ID"(+)="T"."MODULE_ID" AND "TL"."LOCALE_ID"(+)=TO_NUMBER("SI_DB_LOCALE_SV"."GETVALUE"()))
 
</code></pre><header class="major"><h2>Column Projection Information (identified by operation id):</h2></header><pre><code>
 
   1 - (#keys=5) "MS_APPS_UTILITIES"."GET_USER_FULL_NAME"("USERS"."USER_ID")[4000], 
       "USERS"."USER_NAME"[VARCHAR2,320], "USERS"."USER_ID"[NUMBER,22], "ACT"."ACTIVITY_ID"[NUMBER,22], 
       "ACT"."ACTIVITY_NAME"[VARCHAR2,400]
   2 - (#keys=1) "ACT"."ACTIVITY_ID"[NUMBER,22], "ACT"."ACTIVITY_NAME"[VARCHAR2,400], "USERS"."USER_ID"[NUMBER,22], 
       "USERS"."USER_NAME"[VARCHAR2,320]
   3 - (#keys=0) "ACT"."ACTIVITY_ID"[NUMBER,22], "ACT"."ACTIVITY_NAME"[VARCHAR2,400], "PACKAGE_ID"[NUMBER,22], 
       "USERS"."USER_ID"[NUMBER,22], "USERS"."USER_NAME"[VARCHAR2,320]
   4 - (#keys=2) "B"."ORG_ENTITY_ID"[NUMBER,22], "ACT"."ACTIVITY_ID"[NUMBER,22], 
       "ACT"."ACTIVITY_NAME"[VARCHAR2,400], "PACKAGE_ID"[NUMBER,22], "USERS"."USER_ID"[NUMBER,22], 
       "USERS"."USER_NAME"[VARCHAR2,320]
   5 - (#keys=0) "ACT"."ACTIVITY_ID"[NUMBER,22], "ACT"."ACTIVITY_NAME"[VARCHAR2,400], 
       "A"."ORG_ENTITY_ID"[NUMBER,22], "PACKAGE_ID"[NUMBER,22], "USERS"."USER_ID"[NUMBER,22], 
       "USERS"."USER_NAME"[VARCHAR2,320], "C"."ENTERPRISE_ID"[NUMBER,22]
   6 - (#keys=1) "C"."ROLE_ID"[NUMBER,22], "ACT"."ACTIVITY_ID"[NUMBER,22], "ACT"."ACTIVITY_NAME"[VARCHAR2,400], 
       "A"."ORG_ENTITY_ID"[NUMBER,22], "PACKAGE_ID"[NUMBER,22], "USERS"."USER_ID"[NUMBER,22], 
       "USERS"."USER_NAME"[VARCHAR2,320], "C"."ENTERPRISE_ID"[NUMBER,22]
   7 - (#keys=0) "ACT"."ACTIVITY_ID"[NUMBER,22], "ACT"."ACTIVITY_NAME"[VARCHAR2,400], 
       "A"."ORG_ENTITY_ID"[NUMBER,22], "A"."ROLE_ID"[NUMBER,22], "USERS"."USER_ID"[NUMBER,22], 
       "USERS"."USER_NAME"[VARCHAR2,320], "PACKAGE_ID"[NUMBER,22]
   8 - (#keys=0) "ACT"."ACTIVITY_ID"[NUMBER,22], "ACT"."ACTIVITY_NAME"[VARCHAR2,400], 
       "A"."ORG_ENTITY_ID"[NUMBER,22], "A"."ROLE_ID"[NUMBER,22], "USERS".ROWID[ROWID,10], "USERS"."USER_ID"[NUMBER,22]
   9 - (#keys=0) "ACT"."ACTIVITY_ID"[NUMBER,22], "ACT"."ACTIVITY_NAME"[VARCHAR2,400], 
       "A"."ORG_ENTITY_ID"[NUMBER,22], "A"."ROLE_ID"[NUMBER,22], "D"."USER_ID"[NUMBER,22]
  10 - (#keys=0) "ACT"."ACTIVITY_ID"[NUMBER,22], "ACT"."ACTIVITY_NAME"[VARCHAR2,400], "A"."ORG_ROLE_ID"[NUMBER,22], 
       "A"."ORG_ENTITY_ID"[NUMBER,22], "A"."ROLE_ID"[NUMBER,22]
  11 - (#keys=0) "ACT"."ACTIVITY_ID"[NUMBER,22], "ACT"."ACTIVITY_NAME"[VARCHAR2,400], "A"."ORG_ROLE_ID"[NUMBER,22], 
       "A"."ORG_ENTITY_ID"[NUMBER,22], "A"."ROLE_ID"[NUMBER,22]
  12 - (#keys=0) "ACT"."ACTIVITY_ID"[NUMBER,22], "ACT"."ACTIVITY_NAME"[VARCHAR2,400], "ROLE_ACT"."ROLE_ID"[NUMBER,22]
  13 - (#keys=0) "ACT"."ACTIVITY_ID"[NUMBER,22], "ACT"."ACTIVITY_NAME"[VARCHAR2,400]
  14 - (#keys=0) 
  15 - (#keys=0) "PNAME"."PARAMETER_ID"[NUMBER,22], "PTYPE"."PARAMETER_TYPE_ID"[NUMBER,22]
  16 - "PNAME"."PARAMETER_ID"[NUMBER,22], "PNAME"."PARAMETER_TYPE_ID"[NUMBER,22]
  17 - "PNAME".ROWID[ROWID,10], UPPER("PARAMETER_NAME")[VARCHAR2,400]
  18 - "PTYPE"."PARAMETER_TYPE_ID"[NUMBER,22]
  20 - (#keys=0) "ACT"."ACTIVITY_ID"[NUMBER,22], "ACT"."ACTIVITY_NAME"[VARCHAR2,400]
  21 - "ACT"."ACTIVITY_ID"[NUMBER,22], "ACT"."ACTIVITY_NAME"[VARCHAR2,400]
  22 - "ACT".ROWID[ROWID,10], "ACT"."ACTIVITY_NAME"[VARCHAR2,400]
  23 - "ROLE_ACT"."ROLE_ID"[NUMBER,22]
  24 - "A"."ORG_ROLE_ID"[NUMBER,22], "A"."ORG_ENTITY_ID"[NUMBER,22], "A"."ROLE_ID"[NUMBER,22]
  25 - "A".ROWID[ROWID,10], "A"."ROLE_ID"[NUMBER,22]
  27 - "ORGS".ROWID[ROWID,10]
  28 - "D"."USER_ID"[NUMBER,22]
  29 - "USERS".ROWID[ROWID,10], "USERS"."USER_ID"[NUMBER,22]
  30 - "USERS"."USER_NAME"[VARCHAR2,320], "PACKAGE_ID"[NUMBER,22]
  31 - "C"."ENTERPRISE_ID"[NUMBER,22], "C"."ROLE_ID"[NUMBER,22]
  32 - (#keys=1) "ENTERPRISE_ID"[NUMBER,22], "T"."ROLE_ID"[NUMBER,22]
  33 - (#keys=0) "ENTERPRISE_ID"[NUMBER,22], "T"."ROLE_ID"[NUMBER,22], "PACKAGE_ID"[NUMBER,22]
  34 - "ENTERPRISE_ID"[NUMBER,22], "T"."ROLE_ID"[NUMBER,22], "PACKAGE_ID"[NUMBER,22]
  36 - "SRA"."PACKAGE_ID"[NUMBER,22]
  37 - STRDEF[22]
  38 - (#keys=0) "T"."MODULE_ID"[NUMBER,22]
  39 - "T"."MODULE_ID"[NUMBER,22]
  43 - "B"."ENTERPRISE_ID"[NUMBER,22], "B"."ORG_ENTITY_ID"[NUMBER,22]
  44 - (#keys=0) "T"."ENTERPRISE_ID"[NUMBER,22], "T"."ORG_ENTITY_ID"[NUMBER,22]
  45 - "T"."ENTERPRISE_ID"[NUMBER,22], "T"."ORG_ENTITY_ID"[NUMBER,22]
  48 - "SRA"."PACKAGE_ID"[NUMBER,22]
  49 - STRDEF[22]
  50 - (#keys=0) "T"."MODULE_ID"[NUMBER,22]
  51 - "T"."MODULE_ID"[NUMBER,22]
										</code></pre>
								</section>
						</div>
					</div>

				<!-- Sidebar -->
				<div id="sidebar">
					<div class="inner">
						<!-- Menu -->
						<nav id="menu">
							<header class="major">
								<h2>Menu</h2>
							</header>
							<ul>
								<li><a href="../index.html">Module List</a></li>
								<li><a href="index.html">Summary</a></li>
								<li>
									<span class="opener">DB Analysis</span>
									<ul>
										<li><a href="bad-sql.html">Bad SQL</a></li>
										<li><a href="poor-sql.html">Poor SQL Plan</a></li>
										<li><a href="invalid-sql.html">Invalid SQL</a></li>
										<li><a href="full-sql.html">Full SQL Report</a></li>
										<li><a href="table-nil-key.html">Primary/Unique Key Miss</a></li>
										<li><a href="invalid-db-object.html">Invalid DB Objects</a></li>
										<li><a href="sequence-with-less-cache.html">Sequence</a></li>
										<li><a href="table-index-lob-size.html">Table Size</a></li>
										<li><a href="table-row-count.html">Table Row Count</a></li>
										<li><a href="top-worst-queries.html">Top Worst Queries</a></li>
									</ul>
								</li>
								<li>
								    <span class="opener">LOB</span>
								    <ul>
								        <li><a href="lob-no-cache.html">LOB - No Cache</a></li>
								        <li><a href="lob-columns.html">LOB - All Columns</a></li>
								    </ul>
								</li>
								<li>
									<span class="opener">Infolets</span>
									<ul>
										<li><a href="keep-history-infolets.html">Keep History Infolets</a></li>
										<li><a href="plsql-context-switch.html">SQL-PL/SQL Context Switch</a></li>
									</ul>
								</li>
								<li>
									<span class="opener">Pushforms</span>
									<ul>
										<li><a href="pushform-denormalize.html">Pushform Denormalized</a></li>
									</ul>
								</li>
								<li>
									<span class="opener">PL/SQL</span>
									<ul>
										<li><a href="plsql-dyn-qry-objs.html">Dynamic Query</a></li>
									</ul>
								</li>
								<li>
								    <span class="opener">Report</span>
								    <ul>
								        <li><a href="jasper.html">Jasper Reports</a></li>
								    </ul>
								</li>
							</ul>
						</nav>

						<!-- Section -->
						<section>
							<header class="major">
								<h2>Get in touch</h2>
							</header>
							<p>You need more details on the report or want more functionality, don't hesitate to reach out to us.</p>
							<ul class="contact">
								<li class="fa-envelope-o"><a href="mailto:apps-rnd-arch-team@metricstream.com?Subject=Reg - Code Analysis Tool" target="_top">apps-rnd-arch-team@metricstream.com</a></li>
							</ul>
						</section>

						<!-- Footer -->
						<footer id="footer">
							<p class="copyright">&copy; <a href="http://www.metricstream.com" target="_blank">MetricStream</a>. All rights reserved. </p>
						</footer>
					</div>
				</div>
			</div>

		<!-- Scripts -->
			<script src="../../lib/assets/js/jquery.min.js"></script>
			<script src="../../lib/assets/js/skel.min.js"></script>
			<script src="../../lib/assets/js/util.js"></script>
			<!--[if lte IE 8]><script src="../../lib/assets/js/ie/respond.min.js"></script><![endif]-->
			<script src="../../lib/assets/js/main.js"></script>
	</body>
</html>