<!DOCTYPE HTML>
<html>
	<head>
		<title>Code Analysis - MetricStream</title>
		<meta charset="utf-8" />
		<meta name="viewport" content="width=device-width, initial-scale=1, user-scalable=no" />
		<!--[if lte IE 8]><script src="../../lib/assets/js/ie/html5shiv.js"></script><![endif]-->
		<link rel="stylesheet" href="../../lib/assets/css/main.css" />
		<!--[if lte IE 9]><link rel="stylesheet" href="../../lib/assets/css/ie9.css" /><![endif]-->
		<!--[if lte IE 8]><link rel="stylesheet" href="../../lib/assets/css/ie8.css" /><![endif]-->
	</head>
	<body>

		<!-- Wrapper -->
			<div id="wrapper">

				<!-- Main -->
					<div id="main">
						<div class="inner">
							<!-- Header -->
								<header id="header">
									<a href="index.html" class="logo"><strong>Static Code Analysis Report</strong> by Code Analyzer Tool</a>
								</header>

							<!-- Content -->
								<section>
									<!-- Content -->
										<header class="major"><h2>Infolet Details</h2></header>
										<div class="table-wrapper">
											<table>
												<tbody>
													<tr>
														<th>Name</th>
														<td>MS_QSM_WEEKLY_DRILL_RPT_AP (103915)</td>
													</tr>
													<tr>
														<th>SQL</th>
														<td><pre><code>SELECT 
   a.QUE_RESPONSE_ID as QUE_RESPONSE_ID,
    a.QUE_REQUEST_ID as QUE_REQUEST_ID,
    a.DD_OBJECT_TYPE as DD_OBJECT_TYPE,
    a.PROCESS_INSTANCE_ID as PID,
    a.INSTANCE_ID as INSTANCE_NO,
    QUE_REQUEST_NAME as QUE_REQUEST_NAME,
    (MS_QSM_UTILITIES.FN_GET_REPORT_JSON(ms_apps_utilities.get_infolet_id(DD_OBJECT_TYPE),a.PROCESS_INSTANCE_ID,'0',
    '''flag=1'||CHR(38)||'emd=1'||CHR(38)||'x_edit_mode=Yes'||CHR (38)|| 'wrapper= No'|| CHR (38)|| 'mode=view'''))  as QUE_REQUEST_NAME_LINK,
    a.RESPONDENT as RESPONDENT,
    a.RESPONDENT_DISP as RESPONDENT_DISP,
    a.RESPONDED_ON as RESPONDED_ON,
    a.DUE_DATE as DUE_DATE,
    a.RESP_STATUS as  RESP_STATUS,
    'Approval Pending' as status,
    a.QUE_REQUEST_TYPE as QUE_REQUEST_TYPE,
    a.RESP_GRADE as  RESP_GRADE,
    a.RESPONSE_APPROVER as APPROVER, 
    a.RESPONSE_APPROVER_DISP as Approver_display,
    b.sent_out_on as date_assigned
  FROM MS_QSM_QUESTNR_RESP_RPT_V a , ms_qsm_scheduler_details b
  where  QUE_REQUEST_ID=:1
  and a.que_response_id=b.que_response_id
  and resp_status='1'
 AND trunc(sent_out_on) between trunc(:2) AND trunc(:3)</code></pre></td>
													</tr>
													<tr>
														<th>Description</th>
														<td>This infolet is used for the drill down report for Weekly survey status report</td>
													</tr>
												</tbody>
											</table>
										</div>

										<h2 align="center" id="content">Analysis Report</h2>
										<hr>

<header class="major"><h2>Plan hash value: 3433334378</h2></header><pre><code>
 
-------------------------------------------------------------------------------------------------------------------
| Id  | Operation                          | Name                         | Rows  | Bytes | Cost (%CPU)| Time     |
-------------------------------------------------------------------------------------------------------------------
|   0 | SELECT STATEMENT                   |                              |     1 | 15187 |     6   (0)| 00:00:01 |
|   1 |  SORT AGGREGATE                    |                              |     1 |     2 |            |          |
<font style="background-color: lightblue; color: red">|   2 |   COLLECTION ITERATOR PICKLER FETCH| PARSE_STRING                 |  8168 | 16336 |    29   (0)| 00:00:01 |</font>
|   3 |  TABLE ACCESS BY INDEX ROWID       | MS_QSM_GRADE_CONFIG          |     1 |     9 |     1   (0)| 00:00:01 |
|*  4 |   INDEX UNIQUE SCAN                | SYS_C0012759                 |     1 |       |     1   (0)| 00:00:01 |
|   5 |  SORT AGGREGATE                    |                              |     1 |     2 |            |          |
<font style="background-color: lightblue; color: red">|   6 |   COLLECTION ITERATOR PICKLER FETCH| PARSE_STRING                 |  8168 | 16336 |    29   (0)| 00:00:01 |</font>
<font style="background-color: lightblue; color: red">|   7 |  MERGE JOIN CARTESIAN              |                              |     1 | 15187 |     6   (0)| 00:00:01 |</font>
|   8 |   NESTED LOOPS                     |                              |     1 | 15187 |     3   (0)| 00:00:01 |
|   9 |    NESTED LOOPS                    |                              |     1 | 14666 |     2   (0)| 00:00:01 |
|  10 |     TABLE ACCESS BY INDEX ROWID    | MS_QSM_INIT_QUESTNR          |     1 |   404 |     1   (0)| 00:00:01 |
|* 11 |      INDEX UNIQUE SCAN             | MS_QSM_INIT_QUESTNR_PK       |     1 |       |     1   (0)| 00:00:01 |
|  12 |     VIEW                           | MS_QSM_RESP_DETAILS_V        |     1 | 14262 |     1   (0)| 00:00:01 |
|  13 |      SORT UNIQUE                   |                              |       |       |            |          |
|  14 |       UNION-ALL                    |                              |       |       |            |          |
|* 15 |        TABLE ACCESS BY INDEX ROWID | MS_QSM_RESP_CONSD_DETAILS    |     1 | 30348 |     1   (0)| 00:00:01 |
|* 16 |         INDEX RANGE SCAN           | MS_QSM_RESP_CONSD_DETAILS_PK |     1 |       |     1   (0)| 00:00:01 |
|* 17 |        TABLE ACCESS BY INDEX ROWID | MS_QSM_RESP_FINAL_DETAILS    |     1 | 30348 |     1   (0)| 00:00:01 |
|* 18 |         INDEX RANGE SCAN           | MS_QSM_RESP_FINAL_DETAILS_PK |     1 |       |     1   (0)| 00:00:01 |
|* 19 |    TABLE ACCESS BY INDEX ROWID     | MS_QSM_SCHEDULER_DETAILS     |     1 |   521 |     1   (0)| 00:00:01 |
|* 20 |     INDEX RANGE SCAN               | MS_QSM_SCH_DTL_REQ_IDX2      |     1 |       |     1   (0)| 00:00:01 |
|  21 |   BUFFER SORT                      |                              |     1 |       |     5   (0)| 00:00:01 |
|  22 |    VIEW                            |                              |     1 |       |     3   (0)| 00:00:01 |
|* 23 |     FILTER                         |                              |       |       |            |          |
|  24 |      SORT AGGREGATE                |                              |     1 |    17 |            |          |
<font style="background-color: lightblue; color: red">|* 25 |       TABLE ACCESS FULL            | MS_APPS_EVENTS               |     1 |    17 |     3   (0)| 00:00:01 |</font>
-------------------------------------------------------------------------------------------------------------------
 
</code></pre><header class="major"><h2>Query Block Name / Object Alias (identified by operation id):</h2></header><pre><code>
 
   1 - SEL$07BDC5B4
   2 - SEL$07BDC5B4 / KOKBF$0@SEL$4
   3 - SEL$8        / MS_QSM_GRADE_CONFIG@SEL$8
   4 - SEL$8        / MS_QSM_GRADE_CONFIG@SEL$8
   5 - SEL$ABDE6DFF
   6 - SEL$ABDE6DFF / KOKBF$1@SEL$6
   7 - SEL$F4D95A15
  10 - SEL$F4D95A15 / IQ@SEL$7
  11 - SEL$F4D95A15 / IQ@SEL$7
  12 - SET$1        / RV@SEL$7
  13 - SET$1       
  15 - SEL$10       / MS_QSM_RESP_CONSD_DETAILS@SEL$10
  16 - SEL$10       / MS_QSM_RESP_CONSD_DETAILS@SEL$10
  17 - SEL$11       / MS_QSM_RESP_FINAL_DETAILS@SEL$11
  18 - SEL$11       / MS_QSM_RESP_FINAL_DETAILS@SEL$11
  19 - SEL$F4D95A15 / B@SEL$1
  20 - SEL$F4D95A15 / B@SEL$1
  22 - SEL$12       / I@SEL$7
  23 - SEL$12      
  25 - SEL$12       / MS_APPS_EVENTS@SEL$12
 
</code></pre><header class="major"><h2>Predicate Information (identified by operation id):</h2></header><pre><code>
 
   4 - access("GRADE_ID"=:B1)
  11 - access("IQ"."QUE_REQUEST_ID"=:1)
  15 - filter("RESP_STATUS"='1')
  16 - access("QUE_REQUEST_ID"=:1)
  17 - filter("RESP_STATUS"='1')
  18 - access("QUE_REQUEST_ID"=:1)
  19 - filter(TRUNC(INTERNAL_FUNCTION("SENT_OUT_ON"))>=TRUNC(TO_NUMBER(:2)) AND 
              TRUNC(INTERNAL_FUNCTION("SENT_OUT_ON"))<=TRUNC(TO_NUMBER(:3)))
  20 - access("RV"."QUE_RESPONSE_ID"="B"."QUE_RESPONSE_ID")
  23 - filter(TRUNC(TO_NUMBER(:3))>=TRUNC(TO_NUMBER(:2)))
  25 - filter("EVENT_NAME"='TRIGGER_ISSUE')
 
</code></pre><header class="major"><h2>Column Projection Information (identified by operation id):</h2></header><pre><code>
 
   1 - (#keys=0) "MS_CONCAT"("MS_APPS_UTILITIES"."GET_USER_FULL_NAME"(VALUE(KOKBF$)))[4000]
   2 - VALUE(A0)[8000]
   3 - "MS_QSM_GRADE_CONFIG".ROWID[ROWID,10], "GRADE_NAME"[VARCHAR2,4000]
   4 - "MS_QSM_GRADE_CONFIG".ROWID[ROWID,10]
   5 - (#keys=0) "MS_CONCAT"("MS_APPS_UTILITIES"."GET_USER_FULL_NAME"(VALUE(KOKBF$)))[4000]
   6 - VALUE(A0)[8000]
   7 - (#keys=0) "IQ"."QUE_REQUEST_TYPE"[VARCHAR2,400], "RV"."QUE_REQUEST_ID"[VARCHAR2,200], 
       "RV"."QUE_RESPONSE_ID"[VARCHAR2,200], "RV"."PROCESS_INSTANCE_ID"[NUMBER,22], 
       "RV"."OVERALL_GRADE"[VARCHAR2,4000], "RV"."QUE_REQUEST_NAME"[VARCHAR2,4000], 
       "RV"."DD_OBJECT_TYPE"[VARCHAR2,4000], "RV"."INSTANCE_ID"[NUMBER,22], "RV"."RESPONDENT"[VARCHAR2,4000], 
       "RESPONDED_ON"[DATE,7], "RV"."RESPONDED_BY"[VARCHAR2,4000], "RV"."DUE_DATE"[DATE,7], 
       "RV"."RESP_STATUS"[VARCHAR2,4000], "RV"."RESPONSE_APPROVER"[VARCHAR2,4000], "SENT_OUT_ON"[DATE,7]
   8 - (#keys=0) "IQ"."QUE_REQUEST_TYPE"[VARCHAR2,400], "RV"."QUE_REQUEST_ID"[VARCHAR2,200], 
       "RV"."QUE_RESPONSE_ID"[VARCHAR2,200], "RV"."PROCESS_INSTANCE_ID"[NUMBER,22], 
       "RV"."OVERALL_GRADE"[VARCHAR2,4000], "RV"."QUE_REQUEST_NAME"[VARCHAR2,4000], 
       "RV"."DD_OBJECT_TYPE"[VARCHAR2,4000], "RV"."INSTANCE_ID"[NUMBER,22], "RV"."RESPONDENT"[VARCHAR2,4000], 
       "RESPONDED_ON"[DATE,7], "RV"."RESPONDED_BY"[VARCHAR2,4000], "RV"."DUE_DATE"[DATE,7], 
       "RV"."RESP_STATUS"[VARCHAR2,4000], "RV"."RESPONSE_APPROVER"[VARCHAR2,4000], "SENT_OUT_ON"[DATE,7]
   9 - (#keys=0) "IQ"."QUE_REQUEST_TYPE"[VARCHAR2,400], "RV"."QUE_REQUEST_ID"[VARCHAR2,200], 
       "RV"."QUE_RESPONSE_ID"[VARCHAR2,200], "RV"."PROCESS_INSTANCE_ID"[NUMBER,22], 
       "RV"."OVERALL_GRADE"[VARCHAR2,4000], "RV"."QUE_REQUEST_NAME"[VARCHAR2,4000], 
       "RV"."DD_OBJECT_TYPE"[VARCHAR2,4000], "RV"."INSTANCE_ID"[NUMBER,22], "RV"."RESPONDENT"[VARCHAR2,4000], 
       "RESPONDED_ON"[DATE,7], "RV"."RESPONDED_BY"[VARCHAR2,4000], "RV"."DUE_DATE"[DATE,7], 
       "RV"."RESP_STATUS"[VARCHAR2,4000], "RV"."RESPONSE_APPROVER"[VARCHAR2,4000]
  10 - "IQ"."QUE_REQUEST_TYPE"[VARCHAR2,400]
  11 - "IQ".ROWID[ROWID,10]
  12 - "RV"."QUE_REQUEST_ID"[VARCHAR2,200], "RV"."QUE_RESPONSE_ID"[VARCHAR2,200], 
       "RV"."PROCESS_INSTANCE_ID"[NUMBER,22], "RV"."OVERALL_GRADE"[VARCHAR2,4000], 
       "RV"."QUE_REQUEST_NAME"[VARCHAR2,4000], "RV"."DD_OBJECT_TYPE"[VARCHAR2,4000], 
       "RV"."INSTANCE_ID"[NUMBER,22], "RV"."RESPONDENT"[VARCHAR2,4000], "RESPONDED_ON"[DATE,7], 
       "RV"."RESPONDED_BY"[VARCHAR2,4000], "RV"."DUE_DATE"[DATE,7], "RV"."RESP_STATUS"[VARCHAR2,4000], 
       "RV"."RESPONSE_APPROVER"[VARCHAR2,4000]
  13 - (#keys=26) STRDEF[200], STRDEF[200], STRDEF[22], STRDEF[22], STRDEF[4000], STRDEF[4000], 
       STRDEF[4000], STRDEF[4000], STRDEF[4000], STRDEF[22], STRDEF[4000], STRDEF[4000], STRDEF[22], STRDEF[22], 
       STRDEF[4000], STRDEF[7], STRDEF[7], STRDEF[4000], STRDEF[7], STRDEF[4000], STRDEF[4000], STRDEF[4000], 
       STRDEF[4000], STRDEF[4000], STRDEF[40], STRDEF[4000]
  14 - STRDEF[200], STRDEF[200], STRDEF[22], STRDEF[22], STRDEF[4000], STRDEF[4000], STRDEF[4000], 
       STRDEF[4000], STRDEF[4000], STRDEF[22], STRDEF[4000], STRDEF[4000], STRDEF[22], STRDEF[22], STRDEF[4000], 
       STRDEF[7], STRDEF[7], STRDEF[4000], STRDEF[7], STRDEF[4000], STRDEF[4000], STRDEF[4000], STRDEF[4000], 
       STRDEF[4000], STRDEF[40], STRDEF[4000]
  15 - "QUE_REQUEST_NAME"[VARCHAR2,4000], "DD_OBJECT_TYPE"[VARCHAR2,4000], "INSTANCE_ID"[NUMBER,22], 
       "INSTANCE_REC_NUM"[NUMBER,22], "RESPONDENT"[VARCHAR2,4000], "QUE_REQUEST_TYPE"[VARCHAR2,40], 
       "APPLIES_TO_OBJECT_CODE"[VARCHAR2,4000], "CREATION_DATE"[DATE,7], "RESPONDED_ON"[DATE,7], 
       "RESPONDED_BY"[VARCHAR2,4000], "DUE_DATE"[DATE,7], "RESP_STATUS"[VARCHAR2,4000], 
       "APPLIES_TO"[VARCHAR2,4000], "APPLIES_TO_OBJECT"[VARCHAR2,4000], "RESPONSE_APPROVER"[VARCHAR2,4000], 
       "ASSIGNEE"[VARCHAR2,4000], "QUE_REQUEST_ID"[VARCHAR2,200], "QUE_RESPONSE_ID"[VARCHAR2,200], 
       "PROCESS_INSTANCE_ID"[NUMBER,22], "R_IID"[NUMBER,22], "OVERALL_SCORE"[VARCHAR2,4000], 
       "OVERALL_GRADE"[VARCHAR2,4000], "STAGE"[VARCHAR2,4000], "ACTION_COMMENT"[VARCHAR2,4000], 
       "LOGIN_ID"[VARCHAR2,4000], "REFERENCE_PID"[NUMBER,22]
  16 - "MS_QSM_RESP_CONSD_DETAILS".ROWID[ROWID,10], "QUE_REQUEST_ID"[VARCHAR2,200], 
       "QUE_RESPONSE_ID"[VARCHAR2,200], "PROCESS_INSTANCE_ID"[NUMBER,22]
  17 - "QUE_REQUEST_TYPE"[VARCHAR2,40], "APPLIES_TO_OBJECT_CODE"[VARCHAR2,4000], 
       "QUE_REQUEST_ID"[VARCHAR2,200], "QUE_RESPONSE_ID"[VARCHAR2,200], "PROCESS_INSTANCE_ID"[NUMBER,22], 
       "R_IID"[NUMBER,22], "OVERALL_SCORE"[VARCHAR2,4000], "OVERALL_GRADE"[VARCHAR2,4000], 
       "STAGE"[VARCHAR2,4000], "ACTION_COMMENT"[VARCHAR2,4000], "LOGIN_ID"[VARCHAR2,4000], 
       "REFERENCE_PID"[NUMBER,22], "QUE_REQUEST_NAME"[VARCHAR2,4000], "DD_OBJECT_TYPE"[VARCHAR2,4000], 
       "INSTANCE_ID"[NUMBER,22], "INSTANCE_REC_NUM"[NUMBER,22], "RESPONDENT"[VARCHAR2,4000], 
       "CREATION_DATE"[DATE,7], "RESPONDED_ON"[DATE,7], "RESPONDED_BY"[VARCHAR2,4000], "DUE_DATE"[DATE,7], 
       "RESP_STATUS"[VARCHAR2,4000], "APPLIES_TO"[VARCHAR2,4000], "APPLIES_TO_OBJECT"[VARCHAR2,4000], 
       "RESPONSE_APPROVER"[VARCHAR2,4000], "ASSIGNEE"[VARCHAR2,4000]
  18 - "MS_QSM_RESP_FINAL_DETAILS".ROWID[ROWID,10], "QUE_REQUEST_ID"[VARCHAR2,200], 
       "QUE_RESPONSE_ID"[VARCHAR2,200], "PROCESS_INSTANCE_ID"[NUMBER,22]
  19 - "SENT_OUT_ON"[DATE,7]
  20 - "B".ROWID[ROWID,10]
  21 - (#keys=0) 
  24 - (#keys=0) COUNT(*)[22]
										</code></pre>
								</section>
						</div>
					</div>

				<!-- Sidebar -->
				<div id="sidebar">
					<div class="inner">
						<!-- Menu -->
						<nav id="menu">
							<header class="major">
								<h2>Menu</h2>
							</header>
							<ul>
								<li><a href="../index.html">Module List</a></li>
								<li><a href="index.html">Summary</a></li>
								<li>
									<span class="opener">DB Analysis</span>
									<ul>
										<li><a href="bad-sql.html">Bad SQL</a></li>
										<li><a href="poor-sql.html">Poor SQL Plan</a></li>
										<li><a href="invalid-sql.html">Invalid SQL</a></li>
										<li><a href="full-sql.html">Full SQL Report</a></li>
										<li><a href="table-nil-key.html">Primary/Unique Key Miss</a></li>
										<li><a href="invalid-db-object.html">Invalid DB Objects</a></li>
										<li><a href="sequence-with-less-cache.html">Sequence</a></li>
										<li><a href="table-index-lob-size.html">Table Size</a></li>
										<li><a href="table-row-count.html">Table Row Count</a></li>
										<li><a href="top-worst-queries.html">Top Worst Queries</a></li>
									</ul>
								</li>
								<li>
								    <span class="opener">LOB</span>
								    <ul>
								        <li><a href="lob-no-cache.html">LOB - No Cache</a></li>
								        <li><a href="lob-columns.html">LOB - All Columns</a></li>
								    </ul>
								</li>
								<li>
									<span class="opener">Infolets</span>
									<ul>
										<li><a href="keep-history-infolets.html">Keep History Infolets</a></li>
										<li><a href="plsql-context-switch.html">SQL-PL/SQL Context Switch</a></li>
									</ul>
								</li>
								<li>
									<span class="opener">Pushforms</span>
									<ul>
										<li><a href="pushform-denormalize.html">Pushform Denormalized</a></li>
									</ul>
								</li>
								<li>
									<span class="opener">PL/SQL</span>
									<ul>
										<li><a href="plsql-dyn-qry-objs.html">Dynamic Query</a></li>
									</ul>
								</li>
								<li>
								    <span class="opener">Report</span>
								    <ul>
								        <li><a href="jasper.html">Jasper Reports</a></li>
								    </ul>
								</li>
							</ul>
						</nav>

						<!-- Section -->
						<section>
							<header class="major">
								<h2>Get in touch</h2>
							</header>
							<p>You need more details on the report or want more functionality, don't hesitate to reach out to us.</p>
							<ul class="contact">
								<li class="fa-envelope-o"><a href="mailto:apps-rnd-arch-team@metricstream.com?Subject=Reg - Code Analysis Tool" target="_top">apps-rnd-arch-team@metricstream.com</a></li>
							</ul>
						</section>

						<!-- Footer -->
						<footer id="footer">
							<p class="copyright">&copy; <a href="http://www.metricstream.com" target="_blank">MetricStream</a>. All rights reserved. </p>
						</footer>
					</div>
				</div>
			</div>

		<!-- Scripts -->
			<script src="../../lib/assets/js/jquery.min.js"></script>
			<script src="../../lib/assets/js/skel.min.js"></script>
			<script src="../../lib/assets/js/util.js"></script>
			<!--[if lte IE 8]><script src="../../lib/assets/js/ie/respond.min.js"></script><![endif]-->
			<script src="../../lib/assets/js/main.js"></script>
	</body>
</html>