<!DOCTYPE HTML>
<html>
	<head>
		<title>Code Analysis - MetricStream</title>
		<meta charset="utf-8" />
		<meta name="viewport" content="width=device-width, initial-scale=1, user-scalable=no" />
		<!--[if lte IE 8]><script src="../../lib/assets/js/ie/html5shiv.js"></script><![endif]-->
		<link rel="stylesheet" href="../../lib/assets/css/main.css" />
		<!--[if lte IE 9]><link rel="stylesheet" href="../../lib/assets/css/ie9.css" /><![endif]-->
		<!--[if lte IE 8]><link rel="stylesheet" href="../../lib/assets/css/ie8.css" /><![endif]-->
	</head>
	<body>

		<!-- Wrapper -->
			<div id="wrapper">

				<!-- Main -->
					<div id="main">
						<div class="inner">
							<!-- Header -->
								<header id="header">
									<a href="index.html" class="logo"><strong>Static Code Analysis Report</strong> by Code Analyzer Tool</a>
								</header>

							<!-- Content -->
								<section>
									<!-- Content -->
										<header class="major"><h2>Infolet Details</h2></header>
										<div class="table-wrapper">
											<table>
												<tbody>
													<tr>
														<th>Name</th>
														<td>MS_QSM_INIT_QUESTNR_OCCUR_LNK_RPT (103788)</td>
													</tr>
													<tr>
														<th>SQL</th>
														<td><pre><code>SELECT QUE_REQUEST_ID, QUE_REQUEST_NAME,  OCCURRENCE, CREATION_DATE_YYYYMM, RESPONSES_COUNT, LOGIN_ID, NULL_VALUE
FROM ( 
    SELECT A.QUE_REQUEST_ID, A.QUE_REQUEST_NAME, TRIM(TO_CHAR(A.CREATION_DATE,'MM/dd/yyyy')) OCCURRENCE, TO_CHAR(A.CREATION_DATE,'YYYYMMDD') CREATION_DATE_YYYYMM,
    COUNT(A.QUE_RESPONSE_ID) RESPONSES_COUNT, :2 as LOGIN_ID, NULL AS NULL_VALUE
    FROM MS_QSM_QUESTNR_RESP_RPT_V A
    WHERE A.QUE_REQUEST_ID = :1
    GROUP BY A.QUE_REQUEST_ID, A.QUE_REQUEST_NAME, TRIM(TO_CHAR(A.CREATION_DATE,'MM/dd/yyyy')), TO_CHAR(A.CREATION_DATE,'YYYYMMDD') 
ORDER BY CREATION_DATE_YYYYMM
    )</code></pre></td>
													</tr>
													<tr>
														<th>Description</th>
														<td>This infolet is used in Initiate Questionnaire occurrence count link report.</td>
													</tr>
												</tbody>
											</table>
										</div>

										<h2 align="center" id="content">Analysis Report</h2>
										<hr>

<header class="major"><h2>Plan hash value: 4141704128</h2></header><pre><code>
 
-------------------------------------------------------------------------------------------------------------------
| Id  | Operation                          | Name                         | Rows  | Bytes | Cost (%CPU)| Time     |
-------------------------------------------------------------------------------------------------------------------
|   0 | SELECT STATEMENT                   |                              |     1 |  2150 |     6  (17)| 00:00:01 |
|   1 |  VIEW                              |                              |     1 |  2150 |     6  (17)| 00:00:01 |
|   2 |   SORT GROUP BY                    |                              |     1 |  2417 |     6  (17)| 00:00:01 |
<font style="background-color: lightblue; color: red">|   3 |    MERGE JOIN CARTESIAN            |                              |     1 |  2417 |     5   (0)| 00:00:01 |</font>
|   4 |     NESTED LOOPS                   |                              |     1 |  2417 |     2   (0)| 00:00:01 |
|*  5 |      INDEX UNIQUE SCAN             | MS_QSM_INIT_QUESTNR_PK       |     1 |   202 |     1   (0)| 00:00:01 |
|   6 |      VIEW                          | MS_QSM_RESP_DETAILS_V        |     1 |  2215 |     1   (0)| 00:00:01 |
|   7 |       SORT UNIQUE                  |                              |       |       |            |          |
|   8 |        UNION-ALL                   |                              |       |       |            |          |
|   9 |         TABLE ACCESS BY INDEX ROWID| MS_QSM_RESP_CONSD_DETAILS    |     1 | 30348 |     1   (0)| 00:00:01 |
|* 10 |          INDEX RANGE SCAN          | MS_QSM_RESP_CONSD_DETAILS_PK |     1 |       |     1   (0)| 00:00:01 |
|  11 |         TABLE ACCESS BY INDEX ROWID| MS_QSM_RESP_FINAL_DETAILS    |     1 | 30348 |     1   (0)| 00:00:01 |
|* 12 |          INDEX RANGE SCAN          | MS_QSM_RESP_FINAL_DETAILS_PK |     1 |       |     1   (0)| 00:00:01 |
|  13 |     BUFFER SORT                    |                              |     1 |       |     5  (20)| 00:00:01 |
|  14 |      VIEW                          |                              |     1 |       |     3   (0)| 00:00:01 |
|  15 |       SORT AGGREGATE               |                              |     1 |    17 |            |          |
<font style="background-color: lightblue; color: red">|* 16 |        TABLE ACCESS FULL           | MS_APPS_EVENTS               |     1 |    17 |     3   (0)| 00:00:01 |</font>
-------------------------------------------------------------------------------------------------------------------
 
</code></pre><header class="major"><h2>Query Block Name / Object Alias (identified by operation id):</h2></header><pre><code>
 
   1 - SEL$641071AC / from$_subquery$_001@SEL$1
   2 - SEL$641071AC
   5 - SEL$641071AC / IQ@SEL$4
   6 - SET$1        / RV@SEL$4
   7 - SET$1       
   9 - SEL$7        / MS_QSM_RESP_CONSD_DETAILS@SEL$7
  10 - SEL$7        / MS_QSM_RESP_CONSD_DETAILS@SEL$7
  11 - SEL$8        / MS_QSM_RESP_FINAL_DETAILS@SEL$8
  12 - SEL$8        / MS_QSM_RESP_FINAL_DETAILS@SEL$8
  14 - SEL$9        / I@SEL$4
  15 - SEL$9       
  16 - SEL$9        / MS_APPS_EVENTS@SEL$9
 
</code></pre><header class="major"><h2>Predicate Information (identified by operation id):</h2></header><pre><code>
 
   5 - access("IQ"."QUE_REQUEST_ID"=:1)
  10 - access("QUE_REQUEST_ID"=:1)
  12 - access("QUE_REQUEST_ID"=:1)
  16 - filter("EVENT_NAME"='TRIGGER_ISSUE')
 
</code></pre><header class="major"><h2>Column Projection Information (identified by operation id):</h2></header><pre><code>
 
   1 - "QUE_REQUEST_ID"[VARCHAR2,200], "QUE_REQUEST_NAME"[VARCHAR2,4000], "OCCURRENCE"[VARCHAR2,10], 
       "CREATION_DATE_YYYYMM"[VARCHAR2,8], "RESPONSES_COUNT"[NUMBER,22], "LOGIN_ID"[VARCHAR2,32], 
       "NULL_VALUE"[VARCHAR2,0]
   2 - (#keys=4) "RV"."QUE_REQUEST_ID"[VARCHAR2,200], 
       TO_CHAR(INTERNAL_FUNCTION("RV"."CREATION_DATE"),'YYYYMMDD')[8], 
       TRIM(TO_CHAR(INTERNAL_FUNCTION("RV"."CREATION_DATE"),'MM/dd/yyyy'))[10], 
       "RV"."QUE_REQUEST_NAME"[VARCHAR2,4000], COUNT("RV"."QUE_RESPONSE_ID")[22]
   3 - (#keys=0) "RV"."QUE_REQUEST_ID"[VARCHAR2,200], "RV"."QUE_RESPONSE_ID"[VARCHAR2,200], 
       "RV"."QUE_REQUEST_NAME"[VARCHAR2,4000], "RV"."CREATION_DATE"[DATE,7]
   4 - (#keys=0) "RV"."QUE_REQUEST_ID"[VARCHAR2,200], "RV"."QUE_RESPONSE_ID"[VARCHAR2,200], 
       "RV"."QUE_REQUEST_NAME"[VARCHAR2,4000], "RV"."CREATION_DATE"[DATE,7]
   6 - "RV"."QUE_REQUEST_ID"[VARCHAR2,200], "RV"."QUE_RESPONSE_ID"[VARCHAR2,200], 
       "RV"."QUE_REQUEST_NAME"[VARCHAR2,4000], "RV"."CREATION_DATE"[DATE,7]
   7 - (#keys=26) STRDEF[200], STRDEF[200], STRDEF[22], STRDEF[22], STRDEF[4000], STRDEF[4000], 
       STRDEF[4000], STRDEF[4000], STRDEF[4000], STRDEF[22], STRDEF[4000], STRDEF[4000], STRDEF[22], STRDEF[22], 
       STRDEF[4000], STRDEF[7], STRDEF[7], STRDEF[4000], STRDEF[7], STRDEF[4000], STRDEF[4000], STRDEF[4000], 
       STRDEF[4000], STRDEF[4000], STRDEF[40], STRDEF[4000]
   8 - STRDEF[200], STRDEF[200], STRDEF[22], STRDEF[22], STRDEF[4000], STRDEF[4000], STRDEF[4000], 
       STRDEF[4000], STRDEF[4000], STRDEF[22], STRDEF[4000], STRDEF[4000], STRDEF[22], STRDEF[22], STRDEF[4000], 
       STRDEF[7], STRDEF[7], STRDEF[4000], STRDEF[7], STRDEF[4000], STRDEF[4000], STRDEF[4000], STRDEF[4000], 
       STRDEF[4000], STRDEF[40], STRDEF[4000]
   9 - "QUE_REQUEST_NAME"[VARCHAR2,4000], "DD_OBJECT_TYPE"[VARCHAR2,4000], "INSTANCE_ID"[NUMBER,22], 
       "INSTANCE_REC_NUM"[NUMBER,22], "RESPONDENT"[VARCHAR2,4000], "QUE_REQUEST_TYPE"[VARCHAR2,40], 
       "APPLIES_TO_OBJECT_CODE"[VARCHAR2,4000], "CREATION_DATE"[DATE,7], "RESPONDED_ON"[DATE,7], 
       "RESPONDED_BY"[VARCHAR2,4000], "DUE_DATE"[DATE,7], "RESP_STATUS"[VARCHAR2,4000], 
       "APPLIES_TO"[VARCHAR2,4000], "APPLIES_TO_OBJECT"[VARCHAR2,4000], "RESPONSE_APPROVER"[VARCHAR2,4000], 
       "ASSIGNEE"[VARCHAR2,4000], "QUE_REQUEST_ID"[VARCHAR2,200], "QUE_RESPONSE_ID"[VARCHAR2,200], 
       "PROCESS_INSTANCE_ID"[NUMBER,22], "R_IID"[NUMBER,22], "OVERALL_SCORE"[VARCHAR2,4000], 
       "OVERALL_GRADE"[VARCHAR2,4000], "STAGE"[VARCHAR2,4000], "ACTION_COMMENT"[VARCHAR2,4000], 
       "LOGIN_ID"[VARCHAR2,4000], "REFERENCE_PID"[NUMBER,22]
  10 - "MS_QSM_RESP_CONSD_DETAILS".ROWID[ROWID,10], "QUE_REQUEST_ID"[VARCHAR2,200], 
       "QUE_RESPONSE_ID"[VARCHAR2,200], "PROCESS_INSTANCE_ID"[NUMBER,22]
  11 - "QUE_REQUEST_TYPE"[VARCHAR2,40], "APPLIES_TO_OBJECT_CODE"[VARCHAR2,4000], 
       "QUE_REQUEST_ID"[VARCHAR2,200], "QUE_RESPONSE_ID"[VARCHAR2,200], "PROCESS_INSTANCE_ID"[NUMBER,22], 
       "R_IID"[NUMBER,22], "OVERALL_SCORE"[VARCHAR2,4000], "OVERALL_GRADE"[VARCHAR2,4000], 
       "STAGE"[VARCHAR2,4000], "ACTION_COMMENT"[VARCHAR2,4000], "LOGIN_ID"[VARCHAR2,4000], 
       "REFERENCE_PID"[NUMBER,22], "QUE_REQUEST_NAME"[VARCHAR2,4000], "DD_OBJECT_TYPE"[VARCHAR2,4000], 
       "INSTANCE_ID"[NUMBER,22], "INSTANCE_REC_NUM"[NUMBER,22], "RESPONDENT"[VARCHAR2,4000], 
       "CREATION_DATE"[DATE,7], "RESPONDED_ON"[DATE,7], "RESPONDED_BY"[VARCHAR2,4000], "DUE_DATE"[DATE,7], 
       "RESP_STATUS"[VARCHAR2,4000], "APPLIES_TO"[VARCHAR2,4000], "APPLIES_TO_OBJECT"[VARCHAR2,4000], 
       "RESPONSE_APPROVER"[VARCHAR2,4000], "ASSIGNEE"[VARCHAR2,4000]
  12 - "MS_QSM_RESP_FINAL_DETAILS".ROWID[ROWID,10], "QUE_REQUEST_ID"[VARCHAR2,200], 
       "QUE_RESPONSE_ID"[VARCHAR2,200], "PROCESS_INSTANCE_ID"[NUMBER,22]
  13 - (#keys=0) 
  15 - (#keys=0) COUNT(*)[22]
										</code></pre>
								</section>
						</div>
					</div>

				<!-- Sidebar -->
				<div id="sidebar">
					<div class="inner">
						<!-- Menu -->
						<nav id="menu">
							<header class="major">
								<h2>Menu</h2>
							</header>
							<ul>
								<li><a href="../index.html">Module List</a></li>
								<li><a href="index.html">Summary</a></li>
								<li>
									<span class="opener">DB Analysis</span>
									<ul>
										<li><a href="bad-sql.html">Bad SQL</a></li>
										<li><a href="poor-sql.html">Poor SQL Plan</a></li>
										<li><a href="invalid-sql.html">Invalid SQL</a></li>
										<li><a href="full-sql.html">Full SQL Report</a></li>
										<li><a href="table-nil-key.html">Primary/Unique Key Miss</a></li>
										<li><a href="invalid-db-object.html">Invalid DB Objects</a></li>
										<li><a href="sequence-with-less-cache.html">Sequence</a></li>
										<li><a href="table-index-lob-size.html">Table Size</a></li>
										<li><a href="table-row-count.html">Table Row Count</a></li>
										<li><a href="top-worst-queries.html">Top Worst Queries</a></li>
									</ul>
								</li>
								<li>
								    <span class="opener">LOB</span>
								    <ul>
								        <li><a href="lob-no-cache.html">LOB - No Cache</a></li>
								        <li><a href="lob-columns.html">LOB - All Columns</a></li>
								    </ul>
								</li>
								<li>
									<span class="opener">Infolets</span>
									<ul>
										<li><a href="keep-history-infolets.html">Keep History Infolets</a></li>
										<li><a href="plsql-context-switch.html">SQL-PL/SQL Context Switch</a></li>
									</ul>
								</li>
								<li>
									<span class="opener">Pushforms</span>
									<ul>
										<li><a href="pushform-denormalize.html">Pushform Denormalized</a></li>
									</ul>
								</li>
								<li>
									<span class="opener">PL/SQL</span>
									<ul>
										<li><a href="plsql-dyn-qry-objs.html">Dynamic Query</a></li>
									</ul>
								</li>
								<li>
								    <span class="opener">Report</span>
								    <ul>
								        <li><a href="jasper.html">Jasper Reports</a></li>
								    </ul>
								</li>
							</ul>
						</nav>

						<!-- Section -->
						<section>
							<header class="major">
								<h2>Get in touch</h2>
							</header>
							<p>You need more details on the report or want more functionality, don't hesitate to reach out to us.</p>
							<ul class="contact">
								<li class="fa-envelope-o"><a href="mailto:apps-rnd-arch-team@metricstream.com?Subject=Reg - Code Analysis Tool" target="_top">apps-rnd-arch-team@metricstream.com</a></li>
							</ul>
						</section>

						<!-- Footer -->
						<footer id="footer">
							<p class="copyright">&copy; <a href="http://www.metricstream.com" target="_blank">MetricStream</a>. All rights reserved. </p>
						</footer>
					</div>
				</div>
			</div>

		<!-- Scripts -->
			<script src="../../lib/assets/js/jquery.min.js"></script>
			<script src="../../lib/assets/js/skel.min.js"></script>
			<script src="../../lib/assets/js/util.js"></script>
			<!--[if lte IE 8]><script src="../../lib/assets/js/ie/respond.min.js"></script><![endif]-->
			<script src="../../lib/assets/js/main.js"></script>
	</body>
</html>