<!DOCTYPE HTML>
<html>
	<head>
		<title>Code Analysis - MetricStream</title>
		<meta charset="utf-8" />
		<meta name="viewport" content="width=device-width, initial-scale=1, user-scalable=no" />
		<!--[if lte IE 8]><script src="../../lib/assets/js/ie/html5shiv.js"></script><![endif]-->
		<link rel="stylesheet" href="../../lib/assets/css/main.css" />
		<!--[if lte IE 9]><link rel="stylesheet" href="../../lib/assets/css/ie9.css" /><![endif]-->
		<!--[if lte IE 8]><link rel="stylesheet" href="../../lib/assets/css/ie8.css" /><![endif]-->
	</head>
	<body>

		<!-- Wrapper -->
			<div id="wrapper">

				<!-- Main -->
					<div id="main">
						<div class="inner">
							<!-- Header -->
								<header id="header">
									<a href="index.html" class="logo"><strong>Static Code Analysis Report</strong> by Code Analyzer Tool</a>
								</header>

							<!-- Content -->
								<section>
									<!-- Content -->
										<header class="major"><h2>Infolet Details</h2></header>
										<div class="table-wrapper">
											<table>
												<tbody>
													<tr>
														<th>Name</th>
														<td>MS_QSM_ORB_ADD_TYPE (103804)</td>
													</tr>
													<tr>
														<th>SQL</th>
														<td><pre><code>select rel_id,ve_title,src_obj_type,dest_obj_type from
(
SELECT   rel_id, form_title AS ve_title, src_obj_type, dest_obj_type,display_order
    FROM ms_grc_rel_defn a, MS_GRC_ORB_CONFIG_FORM_TITLE b
   WHERE src_obj_type = :1
     AND a.dest_obj_type = b.object_Type 
     and b.LOCALE = (select LOCALE from si_users_t where USER_NAME=:2)
     and b.object_type in ('MS_GRC_AREA_OF_COMPLIANCE','MS_GRC_CONTROL','MS_GRC_OBJECTIVES','MS_GRC_REQUIREMENT','MS_GRC_RISK')
    )       
ORDER BY ve_title</code></pre></td>
													</tr>
													<tr>
														<th>Description</th>
														<td>It will returns only 5 type as AOC, Requirement, Control, Risk and Objectives</td>
													</tr>
												</tbody>
											</table>
										</div>

										<h2 align="center" id="content">Analysis Report</h2>
										<hr>

<header class="major"><h2>Plan hash value: 918009152</h2></header><pre><code>
 
----------------------------------------------------------------------------------------------------------------
| Id  | Operation                       | Name                         | Rows  | Bytes | Cost (%CPU)| Time     |
----------------------------------------------------------------------------------------------------------------
|   0 | SELECT STATEMENT                |                              |     4 |   364 |     4  (25)| 00:00:01 |
|   1 |  SORT ORDER BY                  |                              |     4 |   364 |     4  (25)| 00:00:01 |
|*  2 |   HASH JOIN                     |                              |     4 |   364 |     3   (0)| 00:00:01 |
<font style="background-color: lightblue; color: red">|   3 |    MERGE JOIN CARTESIAN         |                              |     4 |   200 |     2   (0)| 00:00:01 |</font>
|   4 |     VIEW                        | VW_SQ_1                      |     1 |     6 |     1   (0)| 00:00:01 |
|   5 |      TABLE ACCESS BY INDEX ROWID| SI_USERS_T                   |     1 |    19 |     1   (0)| 00:00:01 |
|*  6 |       INDEX UNIQUE SCAN         | USER_NAME_UK                 |     1 |       |     1   (0)| 00:00:01 |
|   7 |     INLIST ITERATOR             |                              |       |       |            |          |
|   8 |      TABLE ACCESS BY INDEX ROWID| MS_GRC_REL_DEFN              |     4 |   176 |     1   (0)| 00:00:01 |
|*  9 |       INDEX RANGE SCAN          | MS_GRC_REL_DEFN_IDX1         |     4 |       |     1   (0)| 00:00:01 |
|  10 |    INLIST ITERATOR              |                              |       |       |            |          |
|  11 |     TABLE ACCESS BY INDEX ROWID | MS_GRC_ORB_CONFIG_FORM_TITLE |     5 |   205 |     1   (0)| 00:00:01 |
|* 12 |      INDEX RANGE SCAN           | IDX_FORM_TITLE               |     5 |       |     1   (0)| 00:00:01 |
----------------------------------------------------------------------------------------------------------------
 
</code></pre><header class="major"><h2>Query Block Name / Object Alias (identified by operation id):</h2></header><pre><code>
 
   1 - SEL$93B2D9E4
   4 - SEL$291F8F59 / VW_SQ_1@SEL$8E04CB56
   5 - SEL$291F8F59 / SI_USERS_T@SEL$3
   6 - SEL$291F8F59 / SI_USERS_T@SEL$3
   8 - SEL$93B2D9E4 / A@SEL$2
   9 - SEL$93B2D9E4 / A@SEL$2
  11 - SEL$93B2D9E4 / B@SEL$2
  12 - SEL$93B2D9E4 / B@SEL$2
 
</code></pre><header class="major"><h2>Predicate Information (identified by operation id):</h2></header><pre><code>
 
   2 - access("A"."DEST_OBJ_TYPE"="B"."OBJECT_TYPE" AND "B"."LOCALE"="LOCALE")
   6 - access("USER_NAME"=:2)
   9 - access("SRC_OBJ_TYPE"=:1 AND ("A"."DEST_OBJ_TYPE"='MS_GRC_AREA_OF_COMPLIANCE' OR 
              "A"."DEST_OBJ_TYPE"='MS_GRC_CONTROL' OR "A"."DEST_OBJ_TYPE"='MS_GRC_OBJECTIVES' OR 
              "A"."DEST_OBJ_TYPE"='MS_GRC_REQUIREMENT' OR "A"."DEST_OBJ_TYPE"='MS_GRC_RISK'))
  12 - access("B"."OBJECT_TYPE"='MS_GRC_AREA_OF_COMPLIANCE' OR "B"."OBJECT_TYPE"='MS_GRC_CONTROL' OR 
              "B"."OBJECT_TYPE"='MS_GRC_OBJECTIVES' OR "B"."OBJECT_TYPE"='MS_GRC_REQUIREMENT' OR 
              "B"."OBJECT_TYPE"='MS_GRC_RISK')
 
</code></pre><header class="major"><h2>Column Projection Information (identified by operation id):</h2></header><pre><code>
 
   1 - (#keys=1) "FORM_TITLE"[VARCHAR2,4000], "REL_ID"[VARCHAR2,160], "DEST_OBJ_TYPE"[VARCHAR2,512], 
       "SRC_OBJ_TYPE"[VARCHAR2,512]
   2 - (#keys=2) "A"."DEST_OBJ_TYPE"[VARCHAR2,512], "SRC_OBJ_TYPE"[VARCHAR2,512], 
       "REL_ID"[VARCHAR2,160], "FORM_TITLE"[VARCHAR2,4000]
   3 - (#keys=0) "LOCALE"[VARCHAR2,400], "REL_ID"[VARCHAR2,160], "SRC_OBJ_TYPE"[VARCHAR2,512], 
       "A"."DEST_OBJ_TYPE"[VARCHAR2,512]
   4 - "LOCALE"[VARCHAR2,400]
   5 - "LOCALE"[VARCHAR2,400]
   6 - "SI_USERS_T".ROWID[ROWID,10]
   7 - "REL_ID"[VARCHAR2,160], "SRC_OBJ_TYPE"[VARCHAR2,512], "A"."DEST_OBJ_TYPE"[VARCHAR2,512]
   8 - "REL_ID"[VARCHAR2,160], "SRC_OBJ_TYPE"[VARCHAR2,512], "A"."DEST_OBJ_TYPE"[VARCHAR2,512]
   9 - "A".ROWID[ROWID,10], "SRC_OBJ_TYPE"[VARCHAR2,512], "A"."DEST_OBJ_TYPE"[VARCHAR2,512]
  10 - "B"."OBJECT_TYPE"[VARCHAR2,400], "FORM_TITLE"[VARCHAR2,4000], "B"."LOCALE"[VARCHAR2,40]
  11 - "B"."OBJECT_TYPE"[VARCHAR2,400], "FORM_TITLE"[VARCHAR2,4000], "B"."LOCALE"[VARCHAR2,40]
  12 - "B".ROWID[ROWID,10], "B"."OBJECT_TYPE"[VARCHAR2,400]
										</code></pre>
								</section>
						</div>
					</div>

				<!-- Sidebar -->
				<div id="sidebar">
					<div class="inner">
						<!-- Menu -->
						<nav id="menu">
							<header class="major">
								<h2>Menu</h2>
							</header>
							<ul>
								<li><a href="../index.html">Module List</a></li>
								<li><a href="index.html">Summary</a></li>
								<li>
									<span class="opener">DB Analysis</span>
									<ul>
										<li><a href="bad-sql.html">Bad SQL</a></li>
										<li><a href="poor-sql.html">Poor SQL Plan</a></li>
										<li><a href="invalid-sql.html">Invalid SQL</a></li>
										<li><a href="full-sql.html">Full SQL Report</a></li>
										<li><a href="table-nil-key.html">Primary/Unique Key Miss</a></li>
										<li><a href="invalid-db-object.html">Invalid DB Objects</a></li>
										<li><a href="sequence-with-less-cache.html">Sequence</a></li>
										<li><a href="table-index-lob-size.html">Table Size</a></li>
										<li><a href="table-row-count.html">Table Row Count</a></li>
										<li><a href="top-worst-queries.html">Top Worst Queries</a></li>
									</ul>
								</li>
								<li>
								    <span class="opener">LOB</span>
								    <ul>
								        <li><a href="lob-no-cache.html">LOB - No Cache</a></li>
								        <li><a href="lob-columns.html">LOB - All Columns</a></li>
								    </ul>
								</li>
								<li>
									<span class="opener">Infolets</span>
									<ul>
										<li><a href="keep-history-infolets.html">Keep History Infolets</a></li>
										<li><a href="plsql-context-switch.html">SQL-PL/SQL Context Switch</a></li>
									</ul>
								</li>
								<li>
									<span class="opener">Pushforms</span>
									<ul>
										<li><a href="pushform-denormalize.html">Pushform Denormalized</a></li>
									</ul>
								</li>
								<li>
									<span class="opener">PL/SQL</span>
									<ul>
										<li><a href="plsql-dyn-qry-objs.html">Dynamic Query</a></li>
									</ul>
								</li>
								<li>
								    <span class="opener">Report</span>
								    <ul>
								        <li><a href="jasper.html">Jasper Reports</a></li>
								    </ul>
								</li>
							</ul>
						</nav>

						<!-- Section -->
						<section>
							<header class="major">
								<h2>Get in touch</h2>
							</header>
							<p>You need more details on the report or want more functionality, don't hesitate to reach out to us.</p>
							<ul class="contact">
								<li class="fa-envelope-o"><a href="mailto:apps-rnd-arch-team@metricstream.com?Subject=Reg - Code Analysis Tool" target="_top">apps-rnd-arch-team@metricstream.com</a></li>
							</ul>
						</section>

						<!-- Footer -->
						<footer id="footer">
							<p class="copyright">&copy; <a href="http://www.metricstream.com" target="_blank">MetricStream</a>. All rights reserved. </p>
						</footer>
					</div>
				</div>
			</div>

		<!-- Scripts -->
			<script src="../../lib/assets/js/jquery.min.js"></script>
			<script src="../../lib/assets/js/skel.min.js"></script>
			<script src="../../lib/assets/js/util.js"></script>
			<!--[if lte IE 8]><script src="../../lib/assets/js/ie/respond.min.js"></script><![endif]-->
			<script src="../../lib/assets/js/main.js"></script>
	</body>
</html>