<!DOCTYPE HTML>
<html>
	<head>
		<title>Code Analysis - MetricStream</title>
		<meta charset="utf-8" />
		<meta name="viewport" content="width=device-width, initial-scale=1, user-scalable=no" />
		<!--[if lte IE 8]><script src="../../lib/assets/js/ie/html5shiv.js"></script><![endif]-->
		<link rel="stylesheet" href="../../lib/assets/css/main.css" />
		<!--[if lte IE 9]><link rel="stylesheet" href="../../lib/assets/css/ie9.css" /><![endif]-->
		<!--[if lte IE 8]><link rel="stylesheet" href="../../lib/assets/css/ie8.css" /><![endif]-->
	</head>
	<body>

		<!-- Wrapper -->
			<div id="wrapper">

				<!-- Main -->
					<div id="main">
						<div class="inner">
							<!-- Header -->
								<header id="header">
									<a href="index.html" class="logo"><strong>Static Code Analysis Report</strong> by Code Analyzer Tool</a>
								</header>

							<!-- Content -->
								<section>
									<!-- Content -->
										<header class="major"><h2>Infolet Details</h2></header>
										<div class="table-wrapper">
											<table>
												<tbody>
													<tr>
														<th>Name</th>
														<td>MS_QSM_Notification_Audit_Inf (103798)</td>
													</tr>
													<tr>
														<th>SQL</th>
														<td><pre><code>SELECT a.log_id                                         AS log_id,
  b.que_request_name                                    AS Survey_Name,
  a.recipient_count                                     AS Respondents,
  TO_CHAR(log_datetime,'DD-Mon-YYYY')                   AS Notification_Date,
  ms_apps_utilities.get_user_full_name(b.dd_created_by) AS Survey_Initiator,
  TO_CHAR(d.sch_due_date,'DD-Mon-YYYY')                 AS Due_Date,
  a.reminder_subject                                    AS Reminder_Subject,
  a.reminder_text                                       AS Reminder_Text,
  null as null_value
FROM ms_qsm_reminder_email_log a,
  ms_qsm_init_questnr b,
  MS_QSM_QUESTNR_SCH c,
  ms_qsm_survey_scheduler_log d
WHERE a.reminder_fk                                            =b.que_request_id
AND a.reminder_fk                                              =c.sch_req_id
AND b.que_request_id                                           =d.que_request_id
AND a.sch_iteration                                            =d.sch_iteration
AND TRUNC(log_datetime)                                       <= TRUNC(NVL(to_date(:4),sysdate))
AND TRUNC(NVL(to_date(:3),log_datetime)) <= TRUNC(log_datetime)
AND b.que_request_id IN (SELECT COLUMN_VALUE FROM TABLE (ms_grc_str_common_utilities.Split_String_Stored(:1)))
AND upper(a.reminder_subject) LIKE '%'||upper(:2)
  ||'%'
  and log_type='I'
ORDER BY log_datetime DESC</code></pre></td>
													</tr>
													<tr>
														<th>Description</th>
														<td>This infolet is used in the Notification Audit Trial Report.</td>
													</tr>
												</tbody>
											</table>
										</div>

										<h2 align="center" id="content">Analysis Report</h2>
										<hr>

<header class="major"><h2>Plan hash value: 3808991776</h2></header><pre><code>
 
------------------------------------------------------------------------------------------------------------------------
| Id  | Operation                                | Name                        | Rows  | Bytes | Cost (%CPU)| Time     |
------------------------------------------------------------------------------------------------------------------------
|   0 | SELECT STATEMENT                         |                             |     1 |  7178 |    35   (3)| 00:00:01 |
|   1 |  SORT ORDER BY                           |                             |     1 |  7178 |    35   (3)| 00:00:01 |
|   2 |   NESTED LOOPS                           |                             |     1 |  7178 |    34   (0)| 00:00:01 |
|   3 |    NESTED LOOPS                          |                             |     1 |  6205 |    33   (0)| 00:00:01 |
|   4 |     NESTED LOOPS                         |                             |     1 |  5289 |    32   (0)| 00:00:01 |
<font style="background-color: lightblue; color: red">|   5 |      MERGE JOIN CARTESIAN                |                             |     1 |  5087 |    31   (0)| 00:00:01 |</font>
<font style="background-color: lightblue; color: red">|*  6 |       TABLE ACCESS FULL                  | MS_QSM_REMINDER_EMAIL_LOG   |     1 |  5085 |     2   (0)| 00:00:01 |</font>
|   7 |       BUFFER SORT                        |                             |  8168 | 16336 |    29   (0)| 00:00:01 |
|   8 |        SORT UNIQUE                       |                             |  8168 | 16336 |    29   (0)| 00:00:01 |
<font style="background-color: lightblue; color: red">|   9 |         COLLECTION ITERATOR PICKLER FETCH| SPLIT_STRING_STORED         |  8168 | 16336 |    29   (0)| 00:00:01 |</font>
|* 10 |      INDEX UNIQUE SCAN                   | MS_QSM_QUESTNR_SCH_PK       |     1 |   202 |     1   (0)| 00:00:01 |
|  11 |     TABLE ACCESS BY INDEX ROWID          | MS_QSM_INIT_QUESTNR         |     1 |   916 |     1   (0)| 00:00:01 |
|* 12 |      INDEX UNIQUE SCAN                   | MS_QSM_INIT_QUESTNR_PK      |     1 |       |     1   (0)| 00:00:01 |
|* 13 |    TABLE ACCESS BY INDEX ROWID           | MS_QSM_SURVEY_SCHEDULER_LOG |     1 |   973 |     1   (0)| 00:00:01 |
|* 14 |     INDEX RANGE SCAN                     | MS_QSM_SCHEDULER_LOG_N1     |     1 |       |     1   (0)| 00:00:01 |
------------------------------------------------------------------------------------------------------------------------
 
</code></pre><header class="major"><h2>Query Block Name / Object Alias (identified by operation id):</h2></header><pre><code>
 
   1 - SEL$09D7319C
   6 - SEL$09D7319C / A@SEL$1
   9 - SEL$09D7319C / KOKBF$0@SEL$3
  10 - SEL$09D7319C / C@SEL$1
  11 - SEL$09D7319C / B@SEL$1
  12 - SEL$09D7319C / B@SEL$1
  13 - SEL$09D7319C / D@SEL$1
  14 - SEL$09D7319C / D@SEL$1
 
</code></pre><header class="major"><h2>Predicate Information (identified by operation id):</h2></header><pre><code>
 
   6 - filter("LOG_TYPE"='I' AND UPPER("A"."REMINDER_SUBJECT") LIKE '%'||UPPER(:2)||'%' AND 
              TRUNC(INTERNAL_FUNCTION("LOG_DATETIME"))<=TRUNC(NVL(TO_DATE(:4),SYSDATE@!)) AND 
              TRUNC(NVL(TO_DATE(:3),"LOG_DATETIME"))<=TRUNC(INTERNAL_FUNCTION("LOG_DATETIME")) AND 
              TRUNC(NVL(TO_DATE(:3),"LOG_DATETIME"))<=TRUNC(NVL(TO_DATE(:4),SYSDATE@!)))
  10 - access("A"."REMINDER_FK"="C"."SCH_REQ_ID")
  12 - access("B"."QUE_REQUEST_ID"=VALUE(KOKBF$))
       filter("A"."REMINDER_FK"="B"."QUE_REQUEST_ID")
  13 - filter("A"."SCH_ITERATION"="D"."SCH_ITERATION")
  14 - access("B"."QUE_REQUEST_ID"="D"."QUE_REQUEST_ID")
 
</code></pre><header class="major"><h2>Column Projection Information (identified by operation id):</h2></header><pre><code>
 
   1 - (#keys=1) INTERNAL_FUNCTION("LOG_DATETIME")[7], "A"."LOG_ID"[NUMBER,22], 
       "B"."QUE_REQUEST_NAME"[VARCHAR2,1020], "A"."RECIPIENT_COUNT"[NUMBER,22], 
       TO_CHAR(INTERNAL_FUNCTION("LOG_DATETIME"),'DD-Mon-YYYY')[20], 
       "MS_APPS_UTILITIES"."GET_USER_FULL_NAME"("B"."DD_CREATED_BY")[4000], 
       TO_CHAR(INTERNAL_FUNCTION("D"."SCH_DUE_DATE"),'DD-Mon-YYYY')[20], "A"."REMINDER_SUBJECT"[VARCHAR2,4000], 
       "A"."REMINDER_TEXT"[VARCHAR2,4000], NULL[0]
   2 - (#keys=0) "A"."RECIPIENT_COUNT"[NUMBER,22], "A"."REMINDER_SUBJECT"[VARCHAR2,4000], 
       "A"."REMINDER_TEXT"[VARCHAR2,4000], "LOG_DATETIME"[DATE,7], "A"."LOG_ID"[NUMBER,22], 
       "B"."QUE_REQUEST_NAME"[VARCHAR2,1020], "B"."DD_CREATED_BY"[VARCHAR2,400], "D"."SCH_DUE_DATE"[DATE,7]
   3 - (#keys=0) "A"."SCH_ITERATION"[VARCHAR2,1020], "A"."RECIPIENT_COUNT"[NUMBER,22], 
       "A"."REMINDER_SUBJECT"[VARCHAR2,4000], "A"."REMINDER_TEXT"[VARCHAR2,4000], "LOG_DATETIME"[DATE,7], 
       "A"."LOG_ID"[NUMBER,22], "B"."QUE_REQUEST_ID"[VARCHAR2,400], "B"."QUE_REQUEST_NAME"[VARCHAR2,1020], 
       "B"."DD_CREATED_BY"[VARCHAR2,400]
   4 - (#keys=0) "A"."SCH_ITERATION"[VARCHAR2,1020], "A"."RECIPIENT_COUNT"[NUMBER,22], 
       "A"."REMINDER_FK"[VARCHAR2,1020], "A"."REMINDER_SUBJECT"[VARCHAR2,4000], "A"."REMINDER_TEXT"[VARCHAR2,4000], 
       "LOG_DATETIME"[DATE,7], "A"."LOG_ID"[NUMBER,22], VALUE(KOKBF$)[8000]
   5 - (#keys=0) "A"."SCH_ITERATION"[VARCHAR2,1020], "A"."RECIPIENT_COUNT"[NUMBER,22], 
       "A"."REMINDER_FK"[VARCHAR2,1020], "A"."REMINDER_SUBJECT"[VARCHAR2,4000], "A"."REMINDER_TEXT"[VARCHAR2,4000], 
       "LOG_DATETIME"[DATE,7], "A"."LOG_ID"[NUMBER,22], VALUE(KOKBF$)[8000]
   6 - "A"."SCH_ITERATION"[VARCHAR2,1020], "A"."RECIPIENT_COUNT"[NUMBER,22], "A"."REMINDER_FK"[VARCHAR2,1020], 
       "A"."REMINDER_SUBJECT"[VARCHAR2,4000], "A"."REMINDER_TEXT"[VARCHAR2,4000], "LOG_DATETIME"[DATE,7], 
       "A"."LOG_ID"[NUMBER,22]
   7 - (#keys=0) VALUE(KOKBF$)[8000]
   8 - (#keys=1) VALUE(KOKBF$)[8000]
   9 - VALUE(A0)[8000]
  11 - "B"."QUE_REQUEST_ID"[VARCHAR2,400], "B"."QUE_REQUEST_NAME"[VARCHAR2,1020], 
       "B"."DD_CREATED_BY"[VARCHAR2,400]
  12 - "B".ROWID[ROWID,10], "B"."QUE_REQUEST_ID"[VARCHAR2,400]
  13 - "D"."SCH_DUE_DATE"[DATE,7]
  14 - "D".ROWID[ROWID,10]
										</code></pre>
								</section>
						</div>
					</div>

				<!-- Sidebar -->
				<div id="sidebar">
					<div class="inner">
						<!-- Menu -->
						<nav id="menu">
							<header class="major">
								<h2>Menu</h2>
							</header>
							<ul>
								<li><a href="../index.html">Module List</a></li>
								<li><a href="index.html">Summary</a></li>
								<li>
									<span class="opener">DB Analysis</span>
									<ul>
										<li><a href="bad-sql.html">Bad SQL</a></li>
										<li><a href="poor-sql.html">Poor SQL Plan</a></li>
										<li><a href="invalid-sql.html">Invalid SQL</a></li>
										<li><a href="full-sql.html">Full SQL Report</a></li>
										<li><a href="table-nil-key.html">Primary/Unique Key Miss</a></li>
										<li><a href="invalid-db-object.html">Invalid DB Objects</a></li>
										<li><a href="sequence-with-less-cache.html">Sequence</a></li>
										<li><a href="table-index-lob-size.html">Table Size</a></li>
										<li><a href="table-row-count.html">Table Row Count</a></li>
										<li><a href="top-worst-queries.html">Top Worst Queries</a></li>
									</ul>
								</li>
								<li>
								    <span class="opener">LOB</span>
								    <ul>
								        <li><a href="lob-no-cache.html">LOB - No Cache</a></li>
								        <li><a href="lob-columns.html">LOB - All Columns</a></li>
								    </ul>
								</li>
								<li>
									<span class="opener">Infolets</span>
									<ul>
										<li><a href="keep-history-infolets.html">Keep History Infolets</a></li>
										<li><a href="plsql-context-switch.html">SQL-PL/SQL Context Switch</a></li>
									</ul>
								</li>
								<li>
									<span class="opener">Pushforms</span>
									<ul>
										<li><a href="pushform-denormalize.html">Pushform Denormalized</a></li>
									</ul>
								</li>
								<li>
									<span class="opener">PL/SQL</span>
									<ul>
										<li><a href="plsql-dyn-qry-objs.html">Dynamic Query</a></li>
									</ul>
								</li>
								<li>
								    <span class="opener">Report</span>
								    <ul>
								        <li><a href="jasper.html">Jasper Reports</a></li>
								    </ul>
								</li>
							</ul>
						</nav>

						<!-- Section -->
						<section>
							<header class="major">
								<h2>Get in touch</h2>
							</header>
							<p>You need more details on the report or want more functionality, don't hesitate to reach out to us.</p>
							<ul class="contact">
								<li class="fa-envelope-o"><a href="mailto:apps-rnd-arch-team@metricstream.com?Subject=Reg - Code Analysis Tool" target="_top">apps-rnd-arch-team@metricstream.com</a></li>
							</ul>
						</section>

						<!-- Footer -->
						<footer id="footer">
							<p class="copyright">&copy; <a href="http://www.metricstream.com" target="_blank">MetricStream</a>. All rights reserved. </p>
						</footer>
					</div>
				</div>
			</div>

		<!-- Scripts -->
			<script src="../../lib/assets/js/jquery.min.js"></script>
			<script src="../../lib/assets/js/skel.min.js"></script>
			<script src="../../lib/assets/js/util.js"></script>
			<!--[if lte IE 8]><script src="../../lib/assets/js/ie/respond.min.js"></script><![endif]-->
			<script src="../../lib/assets/js/main.js"></script>
	</body>
</html>