<!DOCTYPE HTML>
<html>
	<head>
		<title>Code Analysis - MetricStream</title>
		<meta charset="utf-8" />
		<meta name="viewport" content="width=device-width, initial-scale=1, user-scalable=no" />
		<!--[if lte IE 8]><script src="../../lib/assets/js/ie/html5shiv.js"></script><![endif]-->
		<link rel="stylesheet" href="../../lib/assets/css/main.css" />
		<!--[if lte IE 9]><link rel="stylesheet" href="../../lib/assets/css/ie9.css" /><![endif]-->
		<!--[if lte IE 8]><link rel="stylesheet" href="../../lib/assets/css/ie8.css" /><![endif]-->
	</head>
	<body>

		<!-- Wrapper -->
			<div id="wrapper">

				<!-- Main -->
					<div id="main">
						<div class="inner">
							<!-- Header -->
								<header id="header">
									<a href="index.html" class="logo"><strong>Static Code Analysis Report</strong> by Code Analyzer Tool</a>
								</header>

							<!-- Content -->
								<section>
									<!-- Content -->
										<header class="major"><h2>Infolet Details</h2></header>
										<div class="table-wrapper">
											<table>
												<tbody>
													<tr>
														<th>Name</th>
														<td>MS_QSM_SURVEY_QUESTIONS (103894)</td>
													</tr>
													<tr>
														<th>SQL</th>
														<td><pre><code>select qst_name,qst_id_pk,fn_qsm_get_user_locale(:1) as local_id,'1' filter_type,b.internal_questnr_id,a.QST_SECTION_ID
from ms_qsm_question a,MS_QSM_QUESTIONNAIRE b,MS_QSM_SECTION c 
where a.QST_SECTION_ID = c.section_id_pk 
and c.section_questnr_fk=b.internal_questnr_id
UNION ALL
select qst_name,qst_id_pk,fn_qsm_get_user_locale(:1) as local_id,'2' filter_type,c.QUE_REQUEST_ID,a.QST_SECTION_ID
FROM ms_qsm_question a,MS_QSM_INIT_QUESTNR_SCS c,MS_QSM_INIT_QUESTNR b
where a.QST_SECTION_ID = c.SECTIONS 
and b.QUE_REQUEST_ID=c.QUE_REQUEST_ID
UNION ALL
select qst_name,qst_id_pk,fn_qsm_get_user_locale(:1) as local_id,'2' filter_type,a.QUE_REQUEST_ID,a.section_id_pk
from 
(select c.QUE_REQUEST_ID,section_id_pk,qst_id_pk,qst_name from ms_qsm_question a,MS_QSM_SECTION b,MS_QSM_INIT_QUESTNR c
where a.QST_SECTION_ID = b.section_id_pk
and b.SECTION_QUESTNR_FK=c.questionnaire_id) a,MS_QSM_INIT_QUESTNR_SCS b
where a.QUE_REQUEST_ID=b.QUE_REQUEST_ID(+)
AND a.section_id_pk=b.SECTIONS(+)
AND b.QUE_REQUEST_ID IS NULL
ORDER BY 1</code></pre></td>
													</tr>
													<tr>
														<th>Description</th>
														<td>This infolet is used for the Filter Questions, in the Survey Summary Report.</td>
													</tr>
												</tbody>
											</table>
										</div>

										<h2 align="center" id="content">Analysis Report</h2>
										<hr>

<header class="major"><h2>Plan hash value: 163196580</h2></header><pre><code>
 
-----------------------------------------------------------------------------------------------------------------
| Id  | Operation                          | Name                       | Rows  | Bytes | Cost (%CPU)| Time     |
-----------------------------------------------------------------------------------------------------------------
|   0 | SELECT STATEMENT                   |                            |     3 | 15426 |    14   (8)| 00:00:01 |
|   1 |  SORT ORDER BY                     |                            |     3 | 15426 |    13   (0)| 00:00:01 |
|   2 |   UNION-ALL                        |                            |       |       |            |          |
|   3 |    NESTED LOOPS                    |                            |     1 |  4562 |     4   (0)| 00:00:01 |
|   4 |     NESTED LOOPS                   |                            |     1 |  4562 |     4   (0)| 00:00:01 |
<font style="background-color: lightblue; color: red">|   5 |      MERGE JOIN CARTESIAN          |                            |     1 |  3538 |     3   (0)| 00:00:01 |</font>
<font style="background-color: lightblue; color: red">|   6 |       TABLE ACCESS FULL            | MS_QSM_QUESTION            |     1 |  3026 |     2   (0)| 00:00:01 |</font>
|   7 |       BUFFER SORT                  |                            |     1 |   512 |     1   (0)| 00:00:01 |
|   8 |        INDEX FULL SCAN             | MS_QSM_QUESTIONNAIRE_PK    |     1 |   512 |     1   (0)| 00:00:01 |
|*  9 |      INDEX RANGE SCAN              | MS_QSM_SECTION_FK          |     1 |       |     1   (0)| 00:00:01 |
|* 10 |     TABLE ACCESS BY INDEX ROWID    | MS_QSM_SECTION             |     1 |  1024 |     1   (0)| 00:00:01 |
|  11 |    NESTED LOOPS                    |                            |     1 |  5432 |     4   (0)| 00:00:01 |
|  12 |     NESTED LOOPS                   |                            |     1 |  5230 |     3   (0)| 00:00:01 |
<font style="background-color: lightblue; color: red">|  13 |      TABLE ACCESS FULL             | MS_QSM_QUESTION            |     1 |  3026 |     2   (0)| 00:00:01 |</font>
|* 14 |      INDEX RANGE SCAN              | MS_QSM_INIT_QUESTNR_SCS_UK |     1 |  2204 |     1   (0)| 00:00:01 |
|* 15 |     INDEX UNIQUE SCAN              | MS_QSM_INIT_QUESTNR_PK     |     1 |   202 |     1   (0)| 00:00:01 |
|* 16 |    FILTER                          |                            |       |       |            |          |
|  17 |     NESTED LOOPS OUTER             |                            |     1 |  5432 |     5   (0)| 00:00:01 |
|  18 |      VIEW                          |                            |     1 |  3228 |     4   (0)| 00:00:01 |
|  19 |       NESTED LOOPS                 |                            |     1 |  4764 |     4   (0)| 00:00:01 |
|  20 |        NESTED LOOPS                |                            |     1 |  4050 |     3   (0)| 00:00:01 |
<font style="background-color: lightblue; color: red">|  21 |         TABLE ACCESS FULL          | MS_QSM_QUESTION            |     1 |  3026 |     2   (0)| 00:00:01 |</font>
|  22 |         TABLE ACCESS BY INDEX ROWID| MS_QSM_SECTION             |     1 |  1024 |     1   (0)| 00:00:01 |
|* 23 |          INDEX UNIQUE SCAN         | MS_QSM_SECTION_PK          |     1 |       |     1   (0)| 00:00:01 |
|  24 |        TABLE ACCESS BY INDEX ROWID | MS_QSM_INIT_QUESTNR        |       |       |            |          |
|* 25 |         INDEX RANGE SCAN           | MS_QSM_INIT_QUESTNR_NU     |     1 |       |     1   (0)| 00:00:01 |
|* 26 |      INDEX UNIQUE SCAN             | MS_QSM_INIT_QUESTNR_SCS_UK |     1 |  2204 |     1   (0)| 00:00:01 |
-----------------------------------------------------------------------------------------------------------------
 
</code></pre><header class="major"><h2>Query Block Name / Object Alias (identified by operation id):</h2></header><pre><code>
 
   1 - SET$1
   3 - SEL$1
   6 - SEL$1 / A@SEL$1
   8 - SEL$1 / B@SEL$1
   9 - SEL$1 / C@SEL$1
  10 - SEL$1 / C@SEL$1
  11 - SEL$2
  13 - SEL$2 / A@SEL$2
  14 - SEL$2 / C@SEL$2
  15 - SEL$2 / B@SEL$2
  16 - SEL$3
  18 - SEL$4 / A@SEL$3
  19 - SEL$4
  21 - SEL$4 / A@SEL$4
  22 - SEL$4 / B@SEL$4
  23 - SEL$4 / B@SEL$4
  25 - SEL$4 / C@SEL$4
  26 - SEL$3 / B@SEL$3
 
</code></pre><header class="major"><h2>Predicate Information (identified by operation id):</h2></header><pre><code>
 
   9 - access("C"."SECTION_QUESTNR_FK"="B"."INTERNAL_QUESTNR_ID")
  10 - filter("A"."QST_SECTION_ID"="C"."SECTION_ID_PK")
  14 - access("A"."QST_SECTION_ID"="C"."SECTIONS")
  15 - access("B"."QUE_REQUEST_ID"="C"."QUE_REQUEST_ID")
  16 - filter("B"."QUE_REQUEST_ID" IS NULL)
  23 - access("A"."QST_SECTION_ID"="B"."SECTION_ID_PK")
  25 - access("B"."SECTION_QUESTNR_FK"="C"."QUESTIONNAIRE_ID")
  26 - access("A"."SECTION_ID_PK"="B"."SECTIONS"(+) AND "A"."QUE_REQUEST_ID"="B"."QUE_REQUEST_ID"(+))
 
</code></pre><header class="major"><h2>Column Projection Information (identified by operation id):</h2></header><pre><code>
 
   1 - (#keys=1) STRDEF[4000], STRDEF[1020], STRDEF[0], STRDEF[1], STRDEF[1020], STRDEF[1020]
   2 - STRDEF[4000], STRDEF[1020], STRDEF[0], STRDEF[1], STRDEF[1020], STRDEF[1020]
   3 - (#keys=0) "QST_ID_PK"[VARCHAR2,1020], "QST_NAME"[VARCHAR2,4000], 
       "A"."QST_SECTION_ID"[VARCHAR2,1020], "B"."INTERNAL_QUESTNR_ID"[VARCHAR2,1020]
   4 - (#keys=0) "QST_ID_PK"[VARCHAR2,1020], "QST_NAME"[VARCHAR2,4000], 
       "A"."QST_SECTION_ID"[VARCHAR2,1020], "B"."INTERNAL_QUESTNR_ID"[VARCHAR2,1020], "C".ROWID[ROWID,10]
   5 - (#keys=0) "QST_ID_PK"[VARCHAR2,1020], "QST_NAME"[VARCHAR2,4000], 
       "A"."QST_SECTION_ID"[VARCHAR2,1020], "B"."INTERNAL_QUESTNR_ID"[VARCHAR2,1020]
   6 - "QST_ID_PK"[VARCHAR2,1020], "QST_NAME"[VARCHAR2,4000], "A"."QST_SECTION_ID"[VARCHAR2,1020]
   7 - (#keys=0) "B"."INTERNAL_QUESTNR_ID"[VARCHAR2,1020]
   8 - "B"."INTERNAL_QUESTNR_ID"[VARCHAR2,1020]
   9 - "C".ROWID[ROWID,10]
  11 - (#keys=0) "QST_ID_PK"[VARCHAR2,1020], "QST_NAME"[VARCHAR2,4000], 
       "A"."QST_SECTION_ID"[VARCHAR2,1020], "C"."QUE_REQUEST_ID"[VARCHAR2,400]
  12 - (#keys=0) "QST_ID_PK"[VARCHAR2,1020], "QST_NAME"[VARCHAR2,4000], 
       "A"."QST_SECTION_ID"[VARCHAR2,1020], "C"."QUE_REQUEST_ID"[VARCHAR2,400]
  13 - "QST_ID_PK"[VARCHAR2,1020], "QST_NAME"[VARCHAR2,4000], "A"."QST_SECTION_ID"[VARCHAR2,1020]
  14 - "C"."QUE_REQUEST_ID"[VARCHAR2,400]
  16 - "A"."QUE_REQUEST_ID"[VARCHAR2,400], "A"."SECTION_ID_PK"[VARCHAR2,1020], 
       "QST_ID_PK"[VARCHAR2,1020], "QST_NAME"[VARCHAR2,4000]
  17 - (#keys=0) "A"."QUE_REQUEST_ID"[VARCHAR2,400], "A"."SECTION_ID_PK"[VARCHAR2,1020], 
       "QST_ID_PK"[VARCHAR2,1020], "QST_NAME"[VARCHAR2,4000], "B"."QUE_REQUEST_ID"[VARCHAR2,400]
  18 - "A"."QUE_REQUEST_ID"[VARCHAR2,400], "A"."SECTION_ID_PK"[VARCHAR2,1020], 
       "QST_ID_PK"[VARCHAR2,1020], "QST_NAME"[VARCHAR2,4000]
  19 - (#keys=0) "QST_ID_PK"[VARCHAR2,1020], "QST_NAME"[VARCHAR2,4000], 
       "B"."SECTION_ID_PK"[VARCHAR2,1020], "C"."QUE_REQUEST_ID"[VARCHAR2,400]
  20 - (#keys=0) "QST_ID_PK"[VARCHAR2,1020], "QST_NAME"[VARCHAR2,4000], 
       "B"."SECTION_QUESTNR_FK"[VARCHAR2,1020], "B"."SECTION_ID_PK"[VARCHAR2,1020]
  21 - "QST_ID_PK"[VARCHAR2,1020], "QST_NAME"[VARCHAR2,4000], "A"."QST_SECTION_ID"[VARCHAR2,1020]
  22 - "B"."SECTION_QUESTNR_FK"[VARCHAR2,1020], "B"."SECTION_ID_PK"[VARCHAR2,1020]
  23 - "B".ROWID[ROWID,10], "B"."SECTION_ID_PK"[VARCHAR2,1020]
  24 - "C"."QUE_REQUEST_ID"[VARCHAR2,400]
  25 - "C".ROWID[ROWID,10]
  26 - "B"."QUE_REQUEST_ID"[VARCHAR2,400]
										</code></pre>
								</section>
						</div>
					</div>

				<!-- Sidebar -->
				<div id="sidebar">
					<div class="inner">
						<!-- Menu -->
						<nav id="menu">
							<header class="major">
								<h2>Menu</h2>
							</header>
							<ul>
								<li><a href="../index.html">Module List</a></li>
								<li><a href="index.html">Summary</a></li>
								<li>
									<span class="opener">DB Analysis</span>
									<ul>
										<li><a href="bad-sql.html">Bad SQL</a></li>
										<li><a href="poor-sql.html">Poor SQL Plan</a></li>
										<li><a href="invalid-sql.html">Invalid SQL</a></li>
										<li><a href="full-sql.html">Full SQL Report</a></li>
										<li><a href="table-nil-key.html">Primary/Unique Key Miss</a></li>
										<li><a href="invalid-db-object.html">Invalid DB Objects</a></li>
										<li><a href="sequence-with-less-cache.html">Sequence</a></li>
										<li><a href="table-index-lob-size.html">Table Size</a></li>
										<li><a href="table-row-count.html">Table Row Count</a></li>
										<li><a href="top-worst-queries.html">Top Worst Queries</a></li>
									</ul>
								</li>
								<li>
								    <span class="opener">LOB</span>
								    <ul>
								        <li><a href="lob-no-cache.html">LOB - No Cache</a></li>
								        <li><a href="lob-columns.html">LOB - All Columns</a></li>
								    </ul>
								</li>
								<li>
									<span class="opener">Infolets</span>
									<ul>
										<li><a href="keep-history-infolets.html">Keep History Infolets</a></li>
										<li><a href="plsql-context-switch.html">SQL-PL/SQL Context Switch</a></li>
									</ul>
								</li>
								<li>
									<span class="opener">Pushforms</span>
									<ul>
										<li><a href="pushform-denormalize.html">Pushform Denormalized</a></li>
									</ul>
								</li>
								<li>
									<span class="opener">PL/SQL</span>
									<ul>
										<li><a href="plsql-dyn-qry-objs.html">Dynamic Query</a></li>
									</ul>
								</li>
								<li>
								    <span class="opener">Report</span>
								    <ul>
								        <li><a href="jasper.html">Jasper Reports</a></li>
								    </ul>
								</li>
							</ul>
						</nav>

						<!-- Section -->
						<section>
							<header class="major">
								<h2>Get in touch</h2>
							</header>
							<p>You need more details on the report or want more functionality, don't hesitate to reach out to us.</p>
							<ul class="contact">
								<li class="fa-envelope-o"><a href="mailto:apps-rnd-arch-team@metricstream.com?Subject=Reg - Code Analysis Tool" target="_top">apps-rnd-arch-team@metricstream.com</a></li>
							</ul>
						</section>

						<!-- Footer -->
						<footer id="footer">
							<p class="copyright">&copy; <a href="http://www.metricstream.com" target="_blank">MetricStream</a>. All rights reserved. </p>
						</footer>
					</div>
				</div>
			</div>

		<!-- Scripts -->
			<script src="../../lib/assets/js/jquery.min.js"></script>
			<script src="../../lib/assets/js/skel.min.js"></script>
			<script src="../../lib/assets/js/util.js"></script>
			<!--[if lte IE 8]><script src="../../lib/assets/js/ie/respond.min.js"></script><![endif]-->
			<script src="../../lib/assets/js/main.js"></script>
	</body>
</html>