<!DOCTYPE HTML>
<html>
	<head>
		<title>Code Analysis - MetricStream</title>
		<meta charset="utf-8" />
		<meta name="viewport" content="width=device-width, initial-scale=1, user-scalable=no" />
		<!--[if lte IE 8]><script src="../../lib/assets/js/ie/html5shiv.js"></script><![endif]-->
		<link rel="stylesheet" href="../../lib/assets/css/main.css" />
		<!--[if lte IE 9]><link rel="stylesheet" href="../../lib/assets/css/ie9.css" /><![endif]-->
		<!--[if lte IE 8]><link rel="stylesheet" href="../../lib/assets/css/ie8.css" /><![endif]-->
	</head>
	<body>

		<!-- Wrapper -->
			<div id="wrapper">

				<!-- Main -->
					<div id="main">
						<div class="inner">
							<!-- Header -->
								<header id="header">
									<a href="index.html" class="logo"><strong>Static Code Analysis Report</strong> by Code Analyzer Tool</a>
								</header>

							<!-- Content -->
								<section>
									<!-- Content -->
										<header class="major"><h2>Infolet Details</h2></header>
										<div class="table-wrapper">
											<table>
												<tbody>
													<tr>
														<th>Name</th>
														<td>MS_QSM_SPRD_INFOLET_PARAM_LIST (103885)</td>
													</tr>
													<tr>
														<th>SQL</th>
														<td><pre><code>SELECT MS_JOIN (parameter_name) AS parameter_name  FROM (  SELECT NVL(parameter_desc,parameter_name) || '|' || NVL (parameter_mandatory, 'N')|| '|' ||parameter_name
                    parameter_name
            FROM SI_PARAMETERS a, si_metrics_t b
           WHERE     a.metric_id = b.metric_id
                 AND b.metric_name = :1
                 AND parameter_mode IN (1, 3)
        ORDER BY sequence_number)</code></pre></td>
													</tr>
													<tr>
														<th>Description</th>
														<td>This infolet will get the  Infolet parameter list for spreadsheet template</td>
													</tr>
												</tbody>
											</table>
										</div>

										<h2 align="center" id="content">Analysis Report</h2>
										<hr>

<header class="major"><h2>Plan hash value: 1141597708</h2></header><pre><code>
 
-----------------------------------------------------------------------------------------------------
| Id  | Operation                        | Name             | Rows  | Bytes | Cost (%CPU)| Time     |
-----------------------------------------------------------------------------------------------------
|   0 | SELECT STATEMENT                 |                  |     1 |  2002 |     3  (34)| 00:00:01 |
|   1 |  SORT AGGREGATE                  |                  |     1 |  2002 |            |          |
|   2 |   VIEW                           |                  |     3 |  6006 |     3  (34)| 00:00:01 |
|   3 |    SORT ORDER BY                 |                  |     3 |   216 |     3  (34)| 00:00:01 |
|   4 |     NESTED LOOPS                 |                  |     3 |   216 |     2   (0)| 00:00:01 |
|   5 |      NESTED LOOPS                |                  |     3 |   216 |     2   (0)| 00:00:01 |
|   6 |       TABLE ACCESS BY INDEX ROWID| SI_METRICS_T     |     1 |    34 |     1   (0)| 00:00:01 |
|*  7 |        INDEX RANGE SCAN          | SI_METRICS_T_N7  |     1 |       |     1   (0)| 00:00:01 |
|*  8 |       INDEX RANGE SCAN           | SI_PARAMETERS_N1 |     3 |       |     1   (0)| 00:00:01 |
|*  9 |      TABLE ACCESS BY INDEX ROWID | SI_PARAMETERS    |     3 |   114 |     1   (0)| 00:00:01 |
-----------------------------------------------------------------------------------------------------
 
</code></pre><header class="major"><h2>Query Block Name / Object Alias (identified by operation id):</h2></header><pre><code>
 
   1 - SEL$1
   2 - SEL$2 / from$_subquery$_001@SEL$1
   3 - SEL$2
   6 - SEL$2 / B@SEL$2
   7 - SEL$2 / B@SEL$2
   8 - SEL$2 / A@SEL$2
   9 - SEL$2 / A@SEL$2
 
</code></pre><header class="major"><h2>Predicate Information (identified by operation id):</h2></header><pre><code>
 
   7 - access("B"."METRIC_NAME"=:1)
   8 - access("A"."METRIC_ID"="B"."METRIC_ID")
       filter("A"."METRIC_ID" IS NOT NULL)
   9 - filter("PARAMETER_MODE"=1 OR "PARAMETER_MODE"=3)
 
</code></pre><header class="major"><h2>Column Projection Information (identified by operation id):</h2></header><pre><code>
 
   1 - (#keys=0) "MS_JOIN"("PARAMETER_NAME")[4000]
   2 - "PARAMETER_NAME"[VARCHAR2,4000]
   3 - (#keys=1) "SEQUENCE_NUMBER"[NUMBER,22], 
       NVL("PARAMETER_DESC","PARAMETER_NAME")||'|'||NVL("PARAMETER_MANDATORY",'N')||'|'||"PARAMETER_
       NAME"[4000]
   4 - (#keys=0) "PARAMETER_NAME"[VARCHAR2,200], "PARAMETER_DESC"[VARCHAR2,4000], 
       "SEQUENCE_NUMBER"[NUMBER,22], "PARAMETER_MANDATORY"[VARCHAR2,4]
   5 - (#keys=0) "A".ROWID[ROWID,10]
   6 - "B"."METRIC_ID"[NUMBER,22]
   7 - "B".ROWID[ROWID,10]
   8 - "A".ROWID[ROWID,10]
   9 - "PARAMETER_NAME"[VARCHAR2,200], "PARAMETER_DESC"[VARCHAR2,4000], 
       "SEQUENCE_NUMBER"[NUMBER,22], "PARAMETER_MANDATORY"[VARCHAR2,4]
										</code></pre>
								</section>
						</div>
					</div>

				<!-- Sidebar -->
				<div id="sidebar">
					<div class="inner">
						<!-- Menu -->
						<nav id="menu">
							<header class="major">
								<h2>Menu</h2>
							</header>
							<ul>
								<li><a href="../index.html">Module List</a></li>
								<li><a href="index.html">Summary</a></li>
								<li>
									<span class="opener">DB Analysis</span>
									<ul>
										<li><a href="bad-sql.html">Bad SQL</a></li>
										<li><a href="poor-sql.html">Poor SQL Plan</a></li>
										<li><a href="invalid-sql.html">Invalid SQL</a></li>
										<li><a href="full-sql.html">Full SQL Report</a></li>
										<li><a href="table-nil-key.html">Primary/Unique Key Miss</a></li>
										<li><a href="invalid-db-object.html">Invalid DB Objects</a></li>
										<li><a href="sequence-with-less-cache.html">Sequence</a></li>
										<li><a href="table-index-lob-size.html">Table Size</a></li>
										<li><a href="table-row-count.html">Table Row Count</a></li>
										<li><a href="top-worst-queries.html">Top Worst Queries</a></li>
									</ul>
								</li>
								<li>
								    <span class="opener">LOB</span>
								    <ul>
								        <li><a href="lob-no-cache.html">LOB - No Cache</a></li>
								        <li><a href="lob-columns.html">LOB - All Columns</a></li>
								    </ul>
								</li>
								<li>
									<span class="opener">Infolets</span>
									<ul>
										<li><a href="keep-history-infolets.html">Keep History Infolets</a></li>
										<li><a href="plsql-context-switch.html">SQL-PL/SQL Context Switch</a></li>
									</ul>
								</li>
								<li>
									<span class="opener">Pushforms</span>
									<ul>
										<li><a href="pushform-denormalize.html">Pushform Denormalized</a></li>
									</ul>
								</li>
								<li>
									<span class="opener">PL/SQL</span>
									<ul>
										<li><a href="plsql-dyn-qry-objs.html">Dynamic Query</a></li>
									</ul>
								</li>
								<li>
								    <span class="opener">Report</span>
								    <ul>
								        <li><a href="jasper.html">Jasper Reports</a></li>
								    </ul>
								</li>
							</ul>
						</nav>

						<!-- Section -->
						<section>
							<header class="major">
								<h2>Get in touch</h2>
							</header>
							<p>You need more details on the report or want more functionality, don't hesitate to reach out to us.</p>
							<ul class="contact">
								<li class="fa-envelope-o"><a href="mailto:apps-rnd-arch-team@metricstream.com?Subject=Reg - Code Analysis Tool" target="_top">apps-rnd-arch-team@metricstream.com</a></li>
							</ul>
						</section>

						<!-- Footer -->
						<footer id="footer">
							<p class="copyright">&copy; <a href="http://www.metricstream.com" target="_blank">MetricStream</a>. All rights reserved. </p>
						</footer>
					</div>
				</div>
			</div>

		<!-- Scripts -->
			<script src="../../lib/assets/js/jquery.min.js"></script>
			<script src="../../lib/assets/js/skel.min.js"></script>
			<script src="../../lib/assets/js/util.js"></script>
			<!--[if lte IE 8]><script src="../../lib/assets/js/ie/respond.min.js"></script><![endif]-->
			<script src="../../lib/assets/js/main.js"></script>
	</body>
</html>