<!DOCTYPE HTML>
<html>
	<head>
		<title>Code Analysis - MetricStream</title>
		<meta charset="utf-8" />
		<meta name="viewport" content="width=device-width, initial-scale=1, user-scalable=no" />
		<!--[if lte IE 8]><script src="../../lib/assets/js/ie/html5shiv.js"></script><![endif]-->
		<link rel="stylesheet" href="../../lib/assets/css/main.css" />
		<!--[if lte IE 9]><link rel="stylesheet" href="../../lib/assets/css/ie9.css" /><![endif]-->
		<!--[if lte IE 8]><link rel="stylesheet" href="../../lib/assets/css/ie8.css" /><![endif]-->
	</head>
	<body>

		<!-- Wrapper -->
			<div id="wrapper">

				<!-- Main -->
					<div id="main">
						<div class="inner">
							<!-- Header -->
								<header id="header">
									<a href="index.html" class="logo"><strong>Static Code Analysis Report</strong> by Code Analyzer Tool</a>
								</header>

							<!-- Content -->
								<section>
									<!-- Content -->
										<header class="major"><h2>Infolet Details</h2></header>
										<div class="table-wrapper">
											<table>
												<tbody>
													<tr>
														<th>Name</th>
														<td>MS_QSM_RESPONSE_LIST_RPT_APPROVER_FLT (103853)</td>
													</tr>
													<tr>
														<th>SQL</th>
														<td><pre><code>Select User_Id, User_Name, User_Full_Name
From (
SELECT DISTINCT fdo.user_id,
                fdo.user_name AS USER_NAME,
                ms_apps_utilities.get_user_full_name (fdo.user_id) AS USER_FULL_NAME
  FROM MS_QSM_ORG_FLOW_V fdo
  Where (trim(Activity_Name) = 'QSM - Approve Response')
)
order by User_Full_Name</code></pre></td>
													</tr>
													<tr>
														<th>Description</th>
														<td>This infolet is used for the report Response List Report.</td>
													</tr>
												</tbody>
											</table>
										</div>

										<h2 align="center" id="content">Analysis Report</h2>
										<hr>

<header class="major"><h2>Plan hash value: 2545417385</h2></header><pre><code>
 
----------------------------------------------------------------------------------------------------------
| Id  | Operation                   | Name                       | Rows  | Bytes | Cost (%CPU)| Time     |
----------------------------------------------------------------------------------------------------------
|   0 | SELECT STATEMENT            |                            |   133 |   282K|    23   (9)| 00:00:01 |
|   1 |  SORT ORDER BY              |                            |   133 |   282K|    23   (9)| 00:00:01 |
|   2 |   VIEW                      |                            |   133 |   282K|    22   (5)| 00:00:01 |
|   3 |    SORT UNIQUE              |                            |   133 | 14098 |    22   (5)| 00:00:01 |
|*  4 |     HASH JOIN               |                            |   133 | 14098 |    21   (0)| 00:00:01 |
<font style="background-color: lightblue; color: red">|*  5 |      TABLE ACCESS FULL      | SI_USERS_T                 |   219 |  4161 |     5   (0)| 00:00:01 |</font>
|*  6 |      HASH JOIN              |                            |   133 | 11571 |    16   (0)| 00:00:01 |
|*  7 |       HASH JOIN             |                            |    52 |  4004 |    15   (0)| 00:00:01 |
|*  8 |        HASH JOIN            |                            |    52 |  3744 |    14   (0)| 00:00:01 |
|*  9 |         HASH JOIN           |                            |    52 |  3224 |    11   (0)| 00:00:01 |
|  10 |          NESTED LOOPS       |                            |    24 |  1128 |    10   (0)| 00:00:01 |
|  11 |           NESTED LOOPS      |                            |    24 |  1008 |     9   (0)| 00:00:01 |
<font style="background-color: lightblue; color: red">|* 12 |            TABLE ACCESS FULL| SI_ACTIVITIES_T            |     4 |   128 |     7   (0)| 00:00:01 |</font>
|* 13 |            INDEX RANGE SCAN | ROLE_ACTIVITY_UQ           |     5 |    50 |     1   (0)| 00:00:01 |
|* 14 |           INDEX RANGE SCAN  | SI_ROLES_N2                |     1 |     5 |     1   (0)| 00:00:01 |
|  15 |          INDEX FULL SCAN    | SI_ORG_ROLES_N3            |   210 |  3150 |     1   (0)| 00:00:01 |
<font style="background-color: lightblue; color: red">|  16 |         TABLE ACCESS FULL   | SI_ORG_ENTITIES_T          |   113 |  1130 |     3   (0)| 00:00:01 |</font>
|  17 |        INDEX FULL SCAN      | SI_ORG_HIERARCHY_LEVELS_N1 |    33 |   165 |     1   (0)| 00:00:01 |
|  18 |       INDEX FULL SCAN       | SI_USER_ORG_ROLES_N2       |   533 |  5330 |     1   (0)| 00:00:01 |
----------------------------------------------------------------------------------------------------------
 
</code></pre><header class="major"><h2>Query Block Name / Object Alias (identified by operation id):</h2></header><pre><code>
 
   1 - SEL$1       
   2 - SEL$335DD26A / from$_subquery$_001@SEL$1
   3 - SEL$335DD26A
   5 - SEL$335DD26A / F@SEL$3
  12 - SEL$335DD26A / A@SEL$3
  13 - SEL$335DD26A / B@SEL$3
  14 - SEL$335DD26A / G@SEL$3
  15 - SEL$335DD26A / C@SEL$3
  16 - SEL$335DD26A / D@SEL$3
  17 - SEL$335DD26A / H@SEL$3
  18 - SEL$335DD26A / E@SEL$3
 
</code></pre><header class="major"><h2>Predicate Information (identified by operation id):</h2></header><pre><code>
 
   4 - access("E"."USER_ID"="F"."USER_ID")
   5 - filter("F"."END_DATE" IS NULL OR TRUNC(INTERNAL_FUNCTION("F"."END_DATE"))>=TRUNC(SYSDATE@!)
              )
   6 - access("C"."ORG_ROLE_ID"="E"."ORG_ROLE_ID")
   7 - access("D"."ORG_HIERARCHY_ID"="H"."ORG_HIERARCHY_ID")
   8 - access("C"."ORG_ENTITY_ID"="D"."ORG_ENTITY_ID")
   9 - access("B"."ROLE_ID"="C"."ROLE_ID")
  12 - filter(TRIM("A"."ACTIVITY_NAME")='QSM - Approve Response')
  13 - access("A"."ACTIVITY_ID"="B"."ACTIVITY_ID")
  14 - access("B"."ROLE_ID"="G"."ROLE_ID")
 
</code></pre><header class="major"><h2>Column Projection Information (identified by operation id):</h2></header><pre><code>
 
   1 - (#keys=1) "USER_FULL_NAME"[VARCHAR2,4000], "USER_ID"[NUMBER,22], "USER_NAME"[VARCHAR2,320]
   2 - "USER_ID"[NUMBER,22], "USER_NAME"[VARCHAR2,320], "USER_FULL_NAME"[VARCHAR2,4000]
   3 - (#keys=3) "E"."USER_ID"[NUMBER,22], "F"."USER_NAME"[VARCHAR2,320], 
       "MS_APPS_UTILITIES"."GET_USER_FULL_NAME"("E"."USER_ID")[4000]
   4 - (#keys=1) "E"."USER_ID"[NUMBER,22], "F"."USER_NAME"[VARCHAR2,320]
   5 - "F"."USER_ID"[NUMBER,22], "F"."USER_NAME"[VARCHAR2,320]
   6 - (#keys=1) "E"."USER_ID"[NUMBER,22]
   7 - (#keys=1) "C"."ORG_ROLE_ID"[NUMBER,22]
   8 - (#keys=1) "C"."ORG_ROLE_ID"[NUMBER,22], "D"."ORG_HIERARCHY_ID"[NUMBER,22]
   9 - (#keys=1) "C"."ORG_ROLE_ID"[NUMBER,22], "C"."ORG_ENTITY_ID"[NUMBER,22]
  10 - (#keys=0) "B"."ROLE_ID"[NUMBER,22]
  11 - (#keys=0) "B"."ROLE_ID"[NUMBER,22]
  12 - "A"."ACTIVITY_ID"[NUMBER,22]
  13 - "B"."ROLE_ID"[NUMBER,22]
  15 - "C"."ORG_ROLE_ID"[NUMBER,22], "C"."ORG_ENTITY_ID"[NUMBER,22], "C"."ROLE_ID"[NUMBER,22]
  16 - "D"."ORG_ENTITY_ID"[NUMBER,22], "D"."ORG_HIERARCHY_ID"[NUMBER,22]
  17 - "H"."ORG_HIERARCHY_ID"[NUMBER,22]
  18 - "E"."ORG_ROLE_ID"[NUMBER,22], "E"."USER_ID"[NUMBER,22]
										</code></pre>
								</section>
						</div>
					</div>

				<!-- Sidebar -->
				<div id="sidebar">
					<div class="inner">
						<!-- Menu -->
						<nav id="menu">
							<header class="major">
								<h2>Menu</h2>
							</header>
							<ul>
								<li><a href="../index.html">Module List</a></li>
								<li><a href="index.html">Summary</a></li>
								<li>
									<span class="opener">DB Analysis</span>
									<ul>
										<li><a href="bad-sql.html">Bad SQL</a></li>
										<li><a href="poor-sql.html">Poor SQL Plan</a></li>
										<li><a href="invalid-sql.html">Invalid SQL</a></li>
										<li><a href="full-sql.html">Full SQL Report</a></li>
										<li><a href="table-nil-key.html">Primary/Unique Key Miss</a></li>
										<li><a href="invalid-db-object.html">Invalid DB Objects</a></li>
										<li><a href="sequence-with-less-cache.html">Sequence</a></li>
										<li><a href="table-index-lob-size.html">Table Size</a></li>
										<li><a href="table-row-count.html">Table Row Count</a></li>
										<li><a href="top-worst-queries.html">Top Worst Queries</a></li>
									</ul>
								</li>
								<li>
								    <span class="opener">LOB</span>
								    <ul>
								        <li><a href="lob-no-cache.html">LOB - No Cache</a></li>
								        <li><a href="lob-columns.html">LOB - All Columns</a></li>
								    </ul>
								</li>
								<li>
									<span class="opener">Infolets</span>
									<ul>
										<li><a href="keep-history-infolets.html">Keep History Infolets</a></li>
										<li><a href="plsql-context-switch.html">SQL-PL/SQL Context Switch</a></li>
									</ul>
								</li>
								<li>
									<span class="opener">Pushforms</span>
									<ul>
										<li><a href="pushform-denormalize.html">Pushform Denormalized</a></li>
									</ul>
								</li>
								<li>
									<span class="opener">PL/SQL</span>
									<ul>
										<li><a href="plsql-dyn-qry-objs.html">Dynamic Query</a></li>
									</ul>
								</li>
								<li>
								    <span class="opener">Report</span>
								    <ul>
								        <li><a href="jasper.html">Jasper Reports</a></li>
								    </ul>
								</li>
							</ul>
						</nav>

						<!-- Section -->
						<section>
							<header class="major">
								<h2>Get in touch</h2>
							</header>
							<p>You need more details on the report or want more functionality, don't hesitate to reach out to us.</p>
							<ul class="contact">
								<li class="fa-envelope-o"><a href="mailto:apps-rnd-arch-team@metricstream.com?Subject=Reg - Code Analysis Tool" target="_top">apps-rnd-arch-team@metricstream.com</a></li>
							</ul>
						</section>

						<!-- Footer -->
						<footer id="footer">
							<p class="copyright">&copy; <a href="http://www.metricstream.com" target="_blank">MetricStream</a>. All rights reserved. </p>
						</footer>
					</div>
				</div>
			</div>

		<!-- Scripts -->
			<script src="../../lib/assets/js/jquery.min.js"></script>
			<script src="../../lib/assets/js/skel.min.js"></script>
			<script src="../../lib/assets/js/util.js"></script>
			<!--[if lte IE 8]><script src="../../lib/assets/js/ie/respond.min.js"></script><![endif]-->
			<script src="../../lib/assets/js/main.js"></script>
	</body>
</html>