<!DOCTYPE HTML>
<html>
	<head>
		<title>Code Analysis - MetricStream</title>
		<meta charset="utf-8" />
		<meta name="viewport" content="width=device-width, initial-scale=1, user-scalable=no" />
		<!--[if lte IE 8]><script src="../../lib/assets/js/ie/html5shiv.js"></script><![endif]-->
		<link rel="stylesheet" href="../../lib/assets/css/main.css" />
		<!--[if lte IE 9]><link rel="stylesheet" href="../../lib/assets/css/ie9.css" /><![endif]-->
		<!--[if lte IE 8]><link rel="stylesheet" href="../../lib/assets/css/ie8.css" /><![endif]-->
	</head>
	<body>

		<!-- Wrapper -->
			<div id="wrapper">

				<!-- Main -->
					<div id="main">
						<div class="inner">
							<!-- Header -->
								<header id="header">
									<a href="index.html" class="logo"><strong>Static Code Analysis Report</strong> by Code Analyzer Tool</a>
								</header>

							<!-- Content -->
								<section>
									<!-- Content -->
										<header class="major"><h2>Infolet Details</h2></header>
										<div class="table-wrapper">
											<table>
												<tbody>
													<tr>
														<th>Name</th>
														<td>MS_QSM_GET_REPORTING_PERIOD_TYPE (103743)</td>
													</tr>
													<tr>
														<th>SQL</th>
														<td><pre><code>select /* +result_cache */ period_type_id, period_type,locale_id
from MS_QSM_REPRTG_PERIOD_TYPE_TL_V
where trunc(sysdate) between trunc(valid_from) and trunc(valid_until)</code></pre></td>
													</tr>
													<tr>
														<th>Description</th>
														<td>This infolet is used to get the reporting period type from ms_qsm_reporting_period_type data table</td>
													</tr>
												</tbody>
											</table>
										</div>

										<h2 align="center" id="content">Analysis Report</h2>
										<hr>

<header class="major"><h2>Plan hash value: 717705551</h2></header><pre><code>
 
--------------------------------------------------------------------------------------------------------
| Id  | Operation              | Name                          | Rows  | Bytes | Cost (%CPU)| Time     |
--------------------------------------------------------------------------------------------------------
|   0 | SELECT STATEMENT       |                               |     1 |  1085 |     7   (0)| 00:00:01 |
<font style="background-color: lightblue; color: red">|*  1 |  TABLE ACCESS FULL     | SI_LOCALES                    |     1 |    11 |     3   (0)| 00:00:01 |</font>
|*  2 |  HASH JOIN OUTER       |                               |     1 |  1085 |     7   (0)| 00:00:01 |
|   3 |   VIEW                 |                               |     1 |   547 |     5   (0)| 00:00:01 |
<font style="background-color: lightblue; color: red">|   4 |    MERGE JOIN CARTESIAN|                               |     1 |   549 |     5   (0)| 00:00:01 |</font>
<font style="background-color: lightblue; color: red">|*  5 |     TABLE ACCESS FULL  | MS_QSM_REPORTING_PERIOD_TYPE  |     1 |   543 |     2   (0)| 00:00:01 |</font>
|   6 |     BUFFER SORT        |                               |     1 |     6 |     3   (0)| 00:00:01 |
<font style="background-color: lightblue; color: red">|*  7 |      TABLE ACCESS FULL | SI_LOCALES                    |     1 |     6 |     3   (0)| 00:00:01 |</font>
<font style="background-color: lightblue; color: red">|   8 |   TABLE ACCESS FULL    | MS_QSM_REPORTG_PERIOD_TYPE_TL |     1 |   538 |     2   (0)| 00:00:01 |</font>
--------------------------------------------------------------------------------------------------------
 
</code></pre><header class="major"><h2>Query Block Name / Object Alias (identified by operation id):</h2></header><pre><code>
 
   1 - SEL$3        / SI_LOCALES@SEL$3
   2 - SEL$F5BB74E1
   3 - SEL$7286615E / A@SEL$2
   4 - SEL$7286615E
   5 - SEL$7286615E / C@SEL$4
   7 - SEL$7286615E / SI_LOCALES@SEL$5
   8 - SEL$F5BB74E1 / B@SEL$2
 
</code></pre><header class="major"><h2>Predicate Information (identified by operation id):</h2></header><pre><code>
 
   1 - filter("LOCALE_STRING"='en_US')
   2 - access("A"."PERIOD_TYPE_ID"="B"."PERIOD_TYPE_ID"(+) AND 
              "A"."LOCALE_ID"="B"."LOCALE_ID"(+))
   5 - filter(TRUNC(INTERNAL_FUNCTION("C"."VALID_FROM"))<=TRUNC(SYSDATE@!) AND 
              TRUNC(INTERNAL_FUNCTION("C"."VALID_UNTIL"))>=TRUNC(SYSDATE@!))
   7 - filter("ENABLED_FLAG"='Y')
 
</code></pre><header class="major"><h2>Column Projection Information (identified by operation id):</h2></header><pre><code>
 
   1 - "LOCALE_ID"[NUMBER,22], "LOCALE_STRING"[VARCHAR2,400]
   2 - (#keys=2) "A"."PERIOD_TYPE_ID"[NUMBER,22], "A"."LOCALE_ID"[NUMBER,22], 
       "A"."PERIOD_TYPE"[VARCHAR2,1020], "B"."PERIOD_TYPE"[VARCHAR2,1020]
   3 - "A"."PERIOD_TYPE_ID"[NUMBER,22], "A"."PERIOD_TYPE"[VARCHAR2,1020], 
       "A"."LOCALE_ID"[NUMBER,22]
   4 - (#keys=0) "C"."PERIOD_TYPE_ID"[NUMBER,22], "C"."PERIOD_TYPE"[VARCHAR2,1020], 
       "LOCALE_ID"[NUMBER,22]
   5 - "C"."PERIOD_TYPE_ID"[NUMBER,22], "C"."PERIOD_TYPE"[VARCHAR2,1020]
   6 - (#keys=0) "LOCALE_ID"[NUMBER,22]
   7 - "LOCALE_ID"[NUMBER,22]
   8 - "B"."PERIOD_TYPE"[VARCHAR2,1020], "B"."PERIOD_TYPE_ID"[NUMBER,22], 
       "B"."LOCALE_ID"[NUMBER,22]
										</code></pre>
								</section>
						</div>
					</div>

				<!-- Sidebar -->
				<div id="sidebar">
					<div class="inner">
						<!-- Menu -->
						<nav id="menu">
							<header class="major">
								<h2>Menu</h2>
							</header>
							<ul>
								<li><a href="../index.html">Module List</a></li>
								<li><a href="index.html">Summary</a></li>
								<li>
									<span class="opener">DB Analysis</span>
									<ul>
										<li><a href="bad-sql.html">Bad SQL</a></li>
										<li><a href="poor-sql.html">Poor SQL Plan</a></li>
										<li><a href="invalid-sql.html">Invalid SQL</a></li>
										<li><a href="full-sql.html">Full SQL Report</a></li>
										<li><a href="table-nil-key.html">Primary/Unique Key Miss</a></li>
										<li><a href="invalid-db-object.html">Invalid DB Objects</a></li>
										<li><a href="sequence-with-less-cache.html">Sequence</a></li>
										<li><a href="table-index-lob-size.html">Table Size</a></li>
										<li><a href="table-row-count.html">Table Row Count</a></li>
										<li><a href="top-worst-queries.html">Top Worst Queries</a></li>
									</ul>
								</li>
								<li>
								    <span class="opener">LOB</span>
								    <ul>
								        <li><a href="lob-no-cache.html">LOB - No Cache</a></li>
								        <li><a href="lob-columns.html">LOB - All Columns</a></li>
								    </ul>
								</li>
								<li>
									<span class="opener">Infolets</span>
									<ul>
										<li><a href="keep-history-infolets.html">Keep History Infolets</a></li>
										<li><a href="plsql-context-switch.html">SQL-PL/SQL Context Switch</a></li>
									</ul>
								</li>
								<li>
									<span class="opener">Pushforms</span>
									<ul>
										<li><a href="pushform-denormalize.html">Pushform Denormalized</a></li>
									</ul>
								</li>
								<li>
									<span class="opener">PL/SQL</span>
									<ul>
										<li><a href="plsql-dyn-qry-objs.html">Dynamic Query</a></li>
									</ul>
								</li>
								<li>
								    <span class="opener">Report</span>
								    <ul>
								        <li><a href="jasper.html">Jasper Reports</a></li>
								    </ul>
								</li>
							</ul>
						</nav>

						<!-- Section -->
						<section>
							<header class="major">
								<h2>Get in touch</h2>
							</header>
							<p>You need more details on the report or want more functionality, don't hesitate to reach out to us.</p>
							<ul class="contact">
								<li class="fa-envelope-o"><a href="mailto:apps-rnd-arch-team@metricstream.com?Subject=Reg - Code Analysis Tool" target="_top">apps-rnd-arch-team@metricstream.com</a></li>
							</ul>
						</section>

						<!-- Footer -->
						<footer id="footer">
							<p class="copyright">&copy; <a href="http://www.metricstream.com" target="_blank">MetricStream</a>. All rights reserved. </p>
						</footer>
					</div>
				</div>
			</div>

		<!-- Scripts -->
			<script src="../../lib/assets/js/jquery.min.js"></script>
			<script src="../../lib/assets/js/skel.min.js"></script>
			<script src="../../lib/assets/js/util.js"></script>
			<!--[if lte IE 8]><script src="../../lib/assets/js/ie/respond.min.js"></script><![endif]-->
			<script src="../../lib/assets/js/main.js"></script>
	</body>
</html>