<!DOCTYPE HTML>
<html>
	<head>
		<title>Code Analysis - MetricStream</title>
		<meta charset="utf-8" />
		<meta name="viewport" content="width=device-width, initial-scale=1, user-scalable=no" />
		<!--[if lte IE 8]><script src="../../lib/assets/js/ie/html5shiv.js"></script><![endif]-->
		<link rel="stylesheet" href="../../lib/assets/css/main.css" />
		<!--[if lte IE 9]><link rel="stylesheet" href="../../lib/assets/css/ie9.css" /><![endif]-->
		<!--[if lte IE 8]><link rel="stylesheet" href="../../lib/assets/css/ie8.css" /><![endif]-->
	</head>
	<body>

		<!-- Wrapper -->
			<div id="wrapper">

				<!-- Main -->
					<div id="main">
						<div class="inner">
							<!-- Header -->
								<header id="header">
									<a href="index.html" class="logo"><strong>Static Code Analysis Report</strong> by Code Analyzer Tool</a>
								</header>

							<!-- Content -->
								<section>
									<!-- Content -->
										<header class="major"><h2>Infolet Details</h2></header>
										<div class="table-wrapper">
											<table>
												<tbody>
													<tr>
														<th>Name</th>
														<td>MS_QSM_REPONSE_ACTION_LIST (103837)</td>
													</tr>
													<tr>
														<th>SQL</th>
														<td><pre><code>SELECT a.action_id, b.action_name, b.locale_id, a.role_activity,
               a.current_stage, a.previous_stage, a.active, a.created_by,
               a.creation_date, a.last_update_date, a.last_updated_by,
               a.stage_type, a.status
          FROM ms_qsm_stage_action_mapping a, ms_qsm_actions_tl_v b
         WHERE a.action_id = b.action_id     
         AND Previous_Stage = :1
         and Current_Stage = :2          
         AND (INSTR(MS_QSM_STAGE_PARAMETRS.get_response_actions(SUBSTR(:3,INSTR(:3,'~',1)+1),:5),a.ACTION_ID)>0 OR (Current_Stage <>'RESPONSE'))                      
                        and EXISTS (SELECT 1 
                            FROM SI_USER_ORG_ACT_VIEW fdo
                            Where user_name = nvl(:4,user_name )
                            and trim(ROLE_ACTIVITY)=activity_name)
	      and b.locale_id = (select c.locale_id from si_users d,SI_LOCALES c where d.USER_NAME = :4 and d.locale = c.locale_string)</code></pre></td>
													</tr>
													<tr>
														<th>Description</th>
														<td>Infolet to fetch the action dropdown</td>
													</tr>
												</tbody>
											</table>
										</div>

										<h2 align="center" id="content">Analysis Report</h2>
										<hr>

<header class="major"><h2>Plan hash value: 879901293</h2></header><pre><code>
 
-------------------------------------------------------------------------------------------------------------------------------
| Id  | Operation                                    | Name                           | Rows  | Bytes | Cost (%CPU)| Time     |
-------------------------------------------------------------------------------------------------------------------------------
|   0 | SELECT STATEMENT                             |                                |     1 |  2392 |    78   (0)| 00:00:01 |
|*  1 |  FILTER                                      |                                |       |       |            |          |
|*  2 |   HASH JOIN OUTER                            |                                |     1 |  2392 |    11   (0)| 00:00:01 |
|*  3 |    HASH JOIN                                 |                                |     1 |   166 |     9   (0)| 00:00:01 |
<font style="background-color: lightblue; color: red">|*  4 |     TABLE ACCESS FULL                        | MS_QSM_STAGE_ACTION_MAPPING    |     1 |    82 |     3   (0)| 00:00:01 |</font>
|*  5 |     VIEW                                     |                                |     8 |   672 |     6   (0)| 00:00:01 |
<font style="background-color: lightblue; color: red">|   6 |      MERGE JOIN CARTESIAN                    |                                |     8 |   232 |     6   (0)| 00:00:01 |</font>
<font style="background-color: lightblue; color: red">|*  7 |       TABLE ACCESS FULL                      | SI_LOCALES                     |     1 |     6 |     3   (0)| 00:00:01 |</font>
|   8 |       BUFFER SORT                            |                                |     8 |   184 |     3   (0)| 00:00:01 |
<font style="background-color: lightblue; color: red">|   9 |        TABLE ACCESS FULL                     | MS_QSM_ACTIONS                 |     8 |   184 |     3   (0)| 00:00:01 |</font>
|  10 |      NESTED LOOPS                            |                                |     1 |    46 |     5   (0)| 00:00:01 |
|  11 |       NESTED LOOPS                           |                                |     1 |    35 |     2   (0)| 00:00:01 |
|  12 |        TABLE ACCESS BY INDEX ROWID           | SI_USERS_T                     |     1 |    22 |     1   (0)| 00:00:01 |
|* 13 |         INDEX UNIQUE SCAN                    | USER_NAME_UK                   |     1 |       |     1   (0)| 00:00:01 |
|* 14 |        VIEW                                  | SI_REGISTER_APPLICATION_V      |     1 |    13 |     1   (0)| 00:00:01 |
|  15 |         UNION-ALL                            |                                |       |       |            |          |
|  16 |          NESTED LOOPS OUTER                  |                                |    57 |  1881 |     4   (0)| 00:00:01 |
<font style="background-color: lightblue; color: red">|  17 |           TABLE ACCESS FULL                  | SI_REGISTER_APPLICATION        |    57 |   399 |     3   (0)| 00:00:01 |</font>
|* 18 |           INDEX RANGE SCAN                   | SI_REGISTER_APPLICATION_TL_N1  |     1 |    26 |     1   (0)| 00:00:01 |
|  19 |          FAST DUAL                           |                                |     1 |       |     2   (0)| 00:00:01 |
<font style="background-color: lightblue; color: red">|* 20 |       TABLE ACCESS FULL                      | SI_LOCALES                     |     1 |    11 |     3   (0)| 00:00:01 |</font>
<font style="background-color: lightblue; color: red">|  21 |    TABLE ACCESS FULL                         | MS_QSM_ACTIONS_TL              |     1 |  2226 |     2   (0)| 00:00:01 |</font>
|  22 |   CONCATENATION                              |                                |       |       |            |          |
|* 23 |    FILTER                                    |                                |       |       |            |          |
|* 24 |     HASH JOIN                                |                                |     1 |   220 |    31   (0)| 00:00:01 |
|  25 |      NESTED LOOPS OUTER                      |                                |     1 |   207 |    25   (0)| 00:00:01 |
|* 26 |       HASH JOIN                              |                                |     1 |   200 |    24   (0)| 00:00:01 |
|  27 |        NESTED LOOPS OUTER                    |                                |     1 |   192 |    20   (0)| 00:00:01 |
|* 28 |         HASH JOIN                            |                                |     1 |   183 |    19   (0)| 00:00:01 |
|  29 |          NESTED LOOPS                        |                                |     1 |   175 |     9   (0)| 00:00:01 |
|  30 |           NESTED LOOPS                       |                                |     1 |   175 |     9   (0)| 00:00:01 |
|  31 |            NESTED LOOPS                      |                                |     1 |   153 |     8   (0)| 00:00:01 |
|  32 |             NESTED LOOPS                     |                                |     1 |   143 |     7   (0)| 00:00:01 |
|  33 |              NESTED LOOPS                    |                                |     1 |   137 |     6   (0)| 00:00:01 |
|  34 |               NESTED LOOPS                   |                                |     1 |   122 |     5   (0)| 00:00:01 |
<font style="background-color: lightblue; color: red">|  35 |                MERGE JOIN CARTESIAN          |                                |     1 |   112 |     4   (0)| 00:00:01 |</font>
|  36 |                 NESTED LOOPS                 |                                |     1 |    80 |     3   (0)| 00:00:01 |
|  37 |                  NESTED LOOPS                |                                |     1 |    67 |     2   (0)| 00:00:01 |
|  38 |                   TABLE ACCESS BY INDEX ROWID| MS_QS_PARAMETER_NAMES          |     1 |    34 |     1   (0)| 00:00:01 |
|* 39 |                    INDEX RANGE SCAN          | MS_QS_PARAMETER_NAMES_N2       |     1 |       |     1   (0)| 00:00:01 |
|* 40 |                   INDEX RANGE SCAN           | MS_QS_PARAMETERTYPE_TYPEID_IDX |     1 |    33 |     1   (0)| 00:00:01 |
|* 41 |                  INDEX RANGE SCAN            | MS_QS_PARAMETER_VALUES_IDX     |     1 |    13 |     1   (0)| 00:00:01 |
|  42 |                 BUFFER SORT                  |                                |     1 |    32 |     3   (0)| 00:00:01 |
|  43 |                  TABLE ACCESS BY INDEX ROWID | SI_ACTIVITIES_T                |     1 |    32 |     1   (0)| 00:00:01 |
|* 44 |                   INDEX RANGE SCAN           | SI_ACTIVITIES_N2               |     1 |       |     1   (0)| 00:00:01 |
|* 45 |                INDEX RANGE SCAN              | ROLE_ACTIVITY_UQ               |     5 |    50 |     1   (0)| 00:00:01 |
|  46 |               TABLE ACCESS BY INDEX ROWID    | SI_ORG_ROLES                   |     2 |    30 |     1   (0)| 00:00:01 |
|* 47 |                INDEX RANGE SCAN              | SI_ORG_ROLES_N2                |     2 |       |     1   (0)| 00:00:01 |
|* 48 |              TABLE ACCESS BY INDEX ROWID     | SI_ORG_ENTITIES_T              |     1 |     6 |     1   (0)| 00:00:01 |
|* 49 |               INDEX RANGE SCAN               | SI_ORG_ENTITIES_N5             |     1 |       |     1   (0)| 00:00:01 |
|* 50 |             INDEX RANGE SCAN                 | SI_USER_ORG_ROLES_N2           |     3 |    30 |     1   (0)| 00:00:01 |
|* 51 |            INDEX UNIQUE SCAN                 | SI_USERS_T_N1                  |     1 |       |     1   (0)| 00:00:01 |
|* 52 |           TABLE ACCESS BY INDEX ROWID        | SI_USERS_T                     |     1 |    22 |     1   (0)| 00:00:01 |
|  53 |          VIEW                                | SI_ROLES                       |   456 |  3648 |    10   (0)| 00:00:01 |
|* 54 |           HASH JOIN                          |                                |   456 | 15504 |    10   (0)| 00:00:01 |
|  55 |            NESTED LOOPS OUTER                |                                |   110 |  2310 |     4   (0)| 00:00:01 |
<font style="background-color: lightblue; color: red">|  56 |             TABLE ACCESS FULL                | SI_ROLES_T                     |   110 |  1320 |     3   (0)| 00:00:01 |</font>
|* 57 |             INDEX RANGE SCAN                 | SI_ROLES_TL_N2                 |     1 |     9 |     1   (0)| 00:00:01 |
|  58 |            VIEW                              | SI_REGISTER_APPLICATION_V      |    58 |   754 |     6   (0)| 00:00:01 |
|  59 |             UNION-ALL                        |                                |       |       |            |          |
|  60 |              NESTED LOOPS OUTER              |                                |    57 |  1881 |     4   (0)| 00:00:01 |
<font style="background-color: lightblue; color: red">|  61 |               TABLE ACCESS FULL              | SI_REGISTER_APPLICATION        |    57 |   399 |     3   (0)| 00:00:01 |</font>
|* 62 |               INDEX RANGE SCAN               | SI_REGISTER_APPLICATION_TL_N1  |     1 |    26 |     1   (0)| 00:00:01 |
|  63 |              FAST DUAL                       |                                |     1 |       |     2   (0)| 00:00:01 |
|* 64 |         INDEX RANGE SCAN                     | SI_ROLES_TL_N2                 |     1 |     9 |     1   (0)| 00:00:01 |
|  65 |        VIEW                                  | SI_ORG_ENTITIES                |   113 |   904 |     4   (0)| 00:00:01 |
|  66 |         NESTED LOOPS OUTER                   |                                |   113 |  1695 |     4   (0)| 00:00:01 |
<font style="background-color: lightblue; color: red">|  67 |          TABLE ACCESS FULL                   | SI_ORG_ENTITIES_T              |   113 |   904 |     3   (0)| 00:00:01 |</font>
|* 68 |          INDEX RANGE SCAN                    | SI_ORG_ENTITIES_TL_IDX         |     1 |     7 |     1   (0)| 00:00:01 |
|* 69 |       INDEX RANGE SCAN                       | SI_ORG_ENTITIES_TL_IDX         |     1 |     7 |     1   (0)| 00:00:01 |
|  70 |      VIEW                                    | SI_REGISTER_APPLICATION_V      |    58 |   754 |     6   (0)| 00:00:01 |
|  71 |       UNION-ALL                              |                                |       |       |            |          |
|  72 |        NESTED LOOPS OUTER                    |                                |    57 |  1881 |     4   (0)| 00:00:01 |
<font style="background-color: lightblue; color: red">|  73 |         TABLE ACCESS FULL                    | SI_REGISTER_APPLICATION        |    57 |   399 |     3   (0)| 00:00:01 |</font>
|* 74 |         INDEX RANGE SCAN                     | SI_REGISTER_APPLICATION_TL_N1  |     1 |    26 |     1   (0)| 00:00:01 |
|  75 |        FAST DUAL                             |                                |     1 |       |     2   (0)| 00:00:01 |
|* 76 |    FILTER                                    |                                |       |       |            |          |
|* 77 |     HASH JOIN                                |                                |     1 |   220 |    31   (0)| 00:00:01 |
|  78 |      NESTED LOOPS OUTER                      |                                |     1 |   207 |    25   (0)| 00:00:01 |
|* 79 |       HASH JOIN                              |                                |     1 |   200 |    24   (0)| 00:00:01 |
|  80 |        NESTED LOOPS OUTER                    |                                |     1 |   192 |    20   (0)| 00:00:01 |
|* 81 |         HASH JOIN                            |                                |     1 |   183 |    19   (0)| 00:00:01 |
|  82 |          NESTED LOOPS                        |                                |     1 |   175 |     9   (0)| 00:00:01 |
|  83 |           NESTED LOOPS                       |                                |     1 |   165 |     8   (0)| 00:00:01 |
|  84 |            NESTED LOOPS                      |                                |     1 |   159 |     7   (0)| 00:00:01 |
|  85 |             NESTED LOOPS                     |                                |     1 |   144 |     6   (0)| 00:00:01 |
<font style="background-color: lightblue; color: red">|  86 |              MERGE JOIN CARTESIAN            |                                |     1 |   134 |     5   (0)| 00:00:01 |</font>
|  87 |               NESTED LOOPS                   |                                |     1 |   102 |     4   (0)| 00:00:01 |
|  88 |                NESTED LOOPS                  |                                |     1 |    89 |     3   (0)| 00:00:01 |
|  89 |                 NESTED LOOPS                 |                                |     1 |    56 |     2   (0)| 00:00:01 |
|* 90 |                  TABLE ACCESS BY INDEX ROWID | SI_USERS_T                     |     1 |    22 |     1   (0)| 00:00:01 |
|* 91 |                   INDEX UNIQUE SCAN          | USER_NAME_UK                   |     1 |       |     1   (0)| 00:00:01 |
|  92 |                  TABLE ACCESS BY INDEX ROWID | MS_QS_PARAMETER_NAMES          |     1 |    34 |     1   (0)| 00:00:01 |
|* 93 |                   INDEX RANGE SCAN           | MS_QS_PARAMETER_NAMES_N2       |     1 |       |     1   (0)| 00:00:01 |
|* 94 |                 INDEX RANGE SCAN             | MS_QS_PARAMETERTYPE_TYPEID_IDX |     1 |    33 |     1   (0)| 00:00:01 |
|* 95 |                INDEX RANGE SCAN              | MS_QS_PARAMETER_VALUES_IDX     |     1 |    13 |     1   (0)| 00:00:01 |
|  96 |               BUFFER SORT                    |                                |     1 |    32 |     4   (0)| 00:00:01 |
|  97 |                TABLE ACCESS BY INDEX ROWID   | SI_ACTIVITIES_T                |     1 |    32 |     1   (0)| 00:00:01 |
|* 98 |                 INDEX RANGE SCAN             | SI_ACTIVITIES_N2               |     1 |       |     1   (0)| 00:00:01 |
|* 99 |              INDEX RANGE SCAN                | ROLE_ACTIVITY_UQ               |     5 |    50 |     1   (0)| 00:00:01 |
| 100 |             TABLE ACCESS BY INDEX ROWID      | SI_ORG_ROLES                   |     2 |    30 |     1   (0)| 00:00:01 |
|*101 |              INDEX RANGE SCAN                | SI_ORG_ROLES_N2                |     2 |       |     1   (0)| 00:00:01 |
|*102 |            TABLE ACCESS BY INDEX ROWID       | SI_ORG_ENTITIES_T              |     1 |     6 |     1   (0)| 00:00:01 |
|*103 |             INDEX RANGE SCAN                 | SI_ORG_ENTITIES_N5             |     1 |       |     1   (0)| 00:00:01 |
|*104 |           INDEX RANGE SCAN                   | SI_USER_ORG_ROLES_N2           |     1 |    10 |     1   (0)| 00:00:01 |
| 105 |          VIEW                                | SI_ROLES                       |   456 |  3648 |    10   (0)| 00:00:01 |
|*106 |           HASH JOIN                          |                                |   456 | 15504 |    10   (0)| 00:00:01 |
| 107 |            NESTED LOOPS OUTER                |                                |   110 |  2310 |     4   (0)| 00:00:01 |
<font style="background-color: lightblue; color: red">| 108 |             TABLE ACCESS FULL                | SI_ROLES_T                     |   110 |  1320 |     3   (0)| 00:00:01 |</font>
|*109 |             INDEX RANGE SCAN                 | SI_ROLES_TL_N2                 |     1 |     9 |     1   (0)| 00:00:01 |
| 110 |            VIEW                              | SI_REGISTER_APPLICATION_V      |    58 |   754 |     6   (0)| 00:00:01 |
| 111 |             UNION-ALL                        |                                |       |       |            |          |
| 112 |              NESTED LOOPS OUTER              |                                |    57 |  1881 |     4   (0)| 00:00:01 |
<font style="background-color: lightblue; color: red">| 113 |               TABLE ACCESS FULL              | SI_REGISTER_APPLICATION        |    57 |   399 |     3   (0)| 00:00:01 |</font>
|*114 |               INDEX RANGE SCAN               | SI_REGISTER_APPLICATION_TL_N1  |     1 |    26 |     1   (0)| 00:00:01 |
| 115 |              FAST DUAL                       |                                |     1 |       |     2   (0)| 00:00:01 |
|*116 |         INDEX RANGE SCAN                     | SI_ROLES_TL_N2                 |     1 |     9 |     1   (0)| 00:00:01 |
| 117 |        VIEW                                  | SI_ORG_ENTITIES                |   113 |   904 |     4   (0)| 00:00:01 |
| 118 |         NESTED LOOPS OUTER                   |                                |   113 |  1695 |     4   (0)| 00:00:01 |
<font style="background-color: lightblue; color: red">| 119 |          TABLE ACCESS FULL                   | SI_ORG_ENTITIES_T              |   113 |   904 |     3   (0)| 00:00:01 |</font>
|*120 |          INDEX RANGE SCAN                    | SI_ORG_ENTITIES_TL_IDX         |     1 |     7 |     1   (0)| 00:00:01 |
|*121 |       INDEX RANGE SCAN                       | SI_ORG_ENTITIES_TL_IDX         |     1 |     7 |     1   (0)| 00:00:01 |
| 122 |      VIEW                                    | SI_REGISTER_APPLICATION_V      |    58 |   754 |     6   (0)| 00:00:01 |
| 123 |       UNION-ALL                              |                                |       |       |            |          |
| 124 |        NESTED LOOPS OUTER                    |                                |    57 |  1881 |     4   (0)| 00:00:01 |
<font style="background-color: lightblue; color: red">| 125 |         TABLE ACCESS FULL                    | SI_REGISTER_APPLICATION        |    57 |   399 |     3   (0)| 00:00:01 |</font>
|*126 |         INDEX RANGE SCAN                     | SI_REGISTER_APPLICATION_TL_N1  |     1 |    26 |     1   (0)| 00:00:01 |
| 127 |        FAST DUAL                             |                                |     1 |       |     2   (0)| 00:00:01 |
-------------------------------------------------------------------------------------------------------------------------------
 
</code></pre><header class="major"><h2>Query Block Name / Object Alias (identified by operation id):</h2></header><pre><code>
 
   1 - SEL$F5BB74E1  
   4 - SEL$F5BB74E1   / A@SEL$1
   5 - SEL$07BDC5B4   / T@SEL$2
   6 - SEL$07BDC5B4  
   7 - SEL$07BDC5B4   / SI_LOCALES@SEL$4
   9 - SEL$07BDC5B4   / A@SEL$3
  10 - SEL$6BD15B31  
  12 - SEL$6BD15B31   / SUT@SEL$29
  13 - SEL$6BD15B31   / SUT@SEL$29
  14 - SET$3          / SRA@SEL$29
  15 - SET$3         
  16 - SEL$30        
  17 - SEL$30         / T@SEL$30
  18 - SEL$30         / TL@SEL$30
  19 - SEL$33         / DUAL@SEL$33
  20 - SEL$6BD15B31   / C@SEL$28
  21 - SEL$F5BB74E1   / TL@SEL$2
  22 - SEL$C9342649  
  38 - SEL$C9342649_1 / PNAME@SEL$6
  39 - SEL$C9342649_1 / PNAME@SEL$6
  40 - SEL$C9342649_1 / PTYPE@SEL$6
  41 - SEL$C9342649_1 / PVALUE@SEL$6
  43 - SEL$C9342649_1 / ACT@SEL$6
  44 - SEL$C9342649_1 / ACT@SEL$6
  45 - SEL$C9342649_1 / ROLE_ACT@SEL$6
  46 - SEL$C9342649_1 / A@SEL$7
  47 - SEL$C9342649_1 / A@SEL$7
  48 - SEL$C9342649_1 / ORGS@SEL$6
  49 - SEL$C9342649_1 / ORGS@SEL$6
  50 - SEL$C9342649_1 / D@SEL$7
  51 - SEL$C9342649_1 / USERS@SEL$6
  52 - SEL$C9342649_1 / USERS@SEL$6
  53 - SEL$07C48A2D   / C@SEL$7
  54 - SEL$07C48A2D  
  56 - SEL$07C48A2D   / T@SEL$19
  57 - SEL$07C48A2D   / TL@SEL$19
  58 - SET$2          / SRA@SEL$18
  59 - SET$2         
  60 - SEL$20        
  61 - SEL$20         / T@SEL$20
  62 - SEL$20         / TL@SEL$20
  63 - SEL$23         / DUAL@SEL$23
  64 - SEL$C9342649_1 / CL@SEL$7
  65 - SEL$17         / B@SEL$7
  66 - SEL$17        
  67 - SEL$17         / T@SEL$17
  68 - SEL$17         / TL@SEL$17
  69 - SEL$C9342649_1 / BL@SEL$7
  70 - SET$1          / SRA@SEL$8
  71 - SET$1         
  72 - SEL$9         
  73 - SEL$9          / T@SEL$9
  74 - SEL$9          / TL@SEL$9
  75 - SEL$12         / DUAL@SEL$12
  90 - SEL$C9342649_2 / USERS@SEL$C9342649_2
  91 - SEL$C9342649_2 / USERS@SEL$C9342649_2
  92 - SEL$C9342649_2 / PNAME@SEL$C9342649_2
  93 - SEL$C9342649_2 / PNAME@SEL$C9342649_2
  94 - SEL$C9342649_2 / PTYPE@SEL$C9342649_2
  95 - SEL$C9342649_2 / PVALUE@SEL$C9342649_2
  97 - SEL$C9342649_2 / ACT@SEL$C9342649_2
  98 - SEL$C9342649_2 / ACT@SEL$C9342649_2
  99 - SEL$C9342649_2 / ROLE_ACT@SEL$C9342649_2
 100 - SEL$C9342649_2 / A@SEL$C9342649_2
 101 - SEL$C9342649_2 / A@SEL$C9342649_2
 102 - SEL$C9342649_2 / ORGS@SEL$C9342649_2
 103 - SEL$C9342649_2 / ORGS@SEL$C9342649_2
 104 - SEL$C9342649_2 / D@SEL$C9342649_2
 105 - SEL$07C48A2D   / C@SEL$C9342649_2
 108 - SEL$07C48A2D   / T@SEL$19
 109 - SEL$07C48A2D   / TL@SEL$19
 110 - SET$2          / SRA@SEL$18
 113 - SEL$20         / T@SEL$20
 114 - SEL$20         / TL@SEL$20
 115 - SEL$23         / DUAL@SEL$23
 116 - SEL$C9342649_2 / CL@SEL$C9342649_2
 117 - SEL$17         / B@SEL$C9342649_2
 119 - SEL$17         / T@SEL$17
 120 - SEL$17         / TL@SEL$17
 121 - SEL$C9342649_2 / BL@SEL$C9342649_2
 122 - SET$1          / SRA@SEL$C9342649_2
 125 - SEL$9          / T@SEL$9
 126 - SEL$9          / TL@SEL$9
 127 - SEL$12         / DUAL@SEL$12
 
</code></pre><header class="major"><h2>Predicate Information (identified by operation id):</h2></header><pre><code>
 
   1 - filter( EXISTS (SELECT 0 FROM METRICSTREAM."MS_QS_PARAMETER_NAMES" "PNAME",METRICSTREAM."MS_QS_PARAMETER_TYPES" 
              "PTYPE",METRICSTREAM."MS_QS_PARAMETER_VALUES" "PVALUE",METRICSTREAM."SI_ORG_ENTITIES_T" 
              "ORGS",METRICSTREAM."SI_ACTIVITIES_T" "ACT",METRICSTREAM."SI_ROLE_ACTIVITIES" 
              "ROLE_ACT",METRICSTREAM."SI_ORG_ENTITIES_TL" "BL",METRICSTREAM."SI_ROLES_TL" "CL", (SELECT "ENTERPRISE_ID" 
              "ENTERPRISE_ID","T"."ROLE_ID" "ROLE_ID" FROM  ( (SELECT "T"."MODULE_ID" 
              "PACKAGE_ID",NVL("TL"."PACKAGE_TITLE","T"."PACKAGE_TITLE") "PACKAGE_TITLE", (SELECT NVL("TL"."MEANING","T"."MEANING") 
              FROM METRICSTREAM."SI_LOOKUPS_TL" "TL",METRICSTREAM."SI_LOOKUPS_T" "T" WHERE "T"."LOOKUP_CODE"=:B1 AND 
              "T"."LOOKUP_TYPE"='PACKAGE_TYPE' AND "TL"."LOCALE_ID"(+)=TO_NUMBER("SI_DB_LOCALE_SV"."GETVALUE"()) AND 
              "T"."LOOKUP_ID"="TL"."LOOKUP_ID"(+)) "PACKAGE_TYPE" FROM METRICSTREAM."SI_REGISTER_APPLICATION_TL" 
              "TL",METRICSTREAM."SI_REGISTER_APPLICATION" "T" WHERE "TL"."LOCALE_ID"(+)=TO_NUMBER("SI_DB_LOCALE_SV"."GETVALUE"()) 
              AND "TL"."MODULE_ID"(+)="T"."MODULE_ID") UNION ALL  (SELECT NULL "PACKAGE_ID", (SELECT 
              NVL("TL"."MEANING","T"."MEANING") FROM METRICSTREAM."SI_LOOKUPS_TL" "TL",METRICSTREAM."SI_LOOKUPS_T" "T" WHERE 
              "T"."LOOKUP_CODE"='U' AND "T"."LOOKUP_TYPE"='PACKAGE_TYPE' AND 
              "TL"."LOCALE_ID"(+)=TO_NUMBER("SI_DB_LOCALE_SV"."GETVALUE"()) AND "T"."LOOKUP_ID"="TL"."LOOKUP_ID"(+)) 
              "PACKAGE_TITLE", (SELECT NVL("TL"."MEANING","T"."MEANING") FROM METRICSTREAM."SI_LOOKUPS_TL" 
              "TL",METRICSTREAM."SI_LOOKUPS_T" "T" WHERE "T"."LOOKUP_CODE"='U' AND "T"."LOOKUP_TYPE"='PACKAGE_TYPE' AND 
              "TL"."LOCALE_ID"(+)=TO_NUMBER("SI_DB_LOCALE_SV"."GETVALUE"()) AND "T"."LOOKUP_ID"="TL"."LOOKUP_ID"(+)) "PACKAGE_TYPE" 
              FROM "SYS"."DUAL" "DUAL")) "SRA",METRICSTREAM."SI_ROLES_TL" "TL",METRICSTREAM."SI_ROLES_T" "T" WHERE 
              "TL"."LOCALE_ID"(+)=TO_NUMBER("SI_DB_LOCALE_SV"."GETVALUE"()) AND "T"."ROLE_ID"="TL"."ROLE_ID"(+) AND 
              NVL("PACKAGE_ID",0)=NVL("SRA"."PACKAGE_ID",0)) "C", (SELECT "T"."ENTERPRISE_ID" "ENTERPRISE_ID","T"."ORG_ENTITY_ID" 
              "ORG_ENTITY_ID" FROM METRICSTREAM."SI_ORG_ENTITIES_TL" "TL",METRICSTREAM."SI_ORG_ENTITIES_T" "T" WHERE 
              "TL"."LOCALE_ID"(+)=TO_NUMBER("SI_DB_LOCALE_SV"."GETVALUE"()) AND "T"."ORG_ENTITY_ID"="TL"."ORG_ENTITY_ID"(+)) 
              "B",METRICSTREAM."SI_ORG_ROLES" "A",METRICSTREAM."SI_USER_ORG_ROLES" "D", ( (SELECT "T"."MODULE_ID" 
              "PACKAGE_ID",NVL("TL"."PACKAGE_TITLE","T"."PACKAGE_TITLE") "PACKAGE_TITLE", (SELECT NVL("TL"."MEANING","T"."MEANING") 
              FROM METRICSTREAM."SI_LOOKUPS_TL" "TL",METRICSTREAM."SI_LOOKUPS_T" "T" WHERE "T"."LOOKUP_CODE"=:B2 AND 
              "T"."LOOKUP_TYPE"='PACKAGE_TYPE' AND "TL"."LOCALE_ID"(+)=TO_NUMBER("SI_DB_LOCALE_SV"."GETVALUE"()) AND 
              "T"."LOOKUP_ID"="TL"."LOOKUP_ID"(+)) "PACKAGE_TYPE" FROM METRICSTREAM."SI_REGISTER_APPLICATION_TL" 
              "TL",METRICSTREAM."SI_REGISTER_APPLICATION" "T" WHERE "TL"."LOCALE_ID"(+)=TO_NUMBER("SI_DB_LOCALE_SV"."GETVALUE"()) 
              AND "TL"."MODULE_ID"(+)="T"."MODULE_ID") UNION ALL  (SELECT NULL "PACKAGE_ID", (SELECT 
              NVL("TL"."MEANING","T"."MEANING") FROM METRICSTREAM."SI_LOOKUPS_TL" "TL",METRICSTREAM."SI_LOOKUPS_T" "T" WHERE 
              "T"."LOOKUP_CODE"='U' AND "T"."LOOKUP_TYPE"='PACKAGE_TYPE' AND 
              "TL"."LOCALE_ID"(+)=TO_NUMBER("SI_DB_LOCALE_SV"."GETVALUE"()) AND "T"."LOOKUP_ID"="TL"."LOOKUP_ID"(+)) 
              "PACKAGE_TITLE", (SELECT NVL("TL"."MEANING","T"."MEANING") FROM METRICSTREAM."SI_LOOKUPS_TL" 
              "TL",METRICSTREAM."SI_LOOKUPS_T" "T" WHERE "T"."LOOKUP_CODE"='U' AND "T"."LOOKUP_TYPE"='PACKAGE_TYPE' AND 
              "TL"."LOCALE_ID"(+)=TO_NUMBER("SI_DB_LOCALE_SV"."GETVALUE"()) AND "T"."LOOKUP_ID"="TL"."LOOKUP_ID"(+)) "PACKAGE_TYPE" 
              FROM "SYS"."DUAL" "DUAL")) "SRA",METRICSTREAM."SI_USERS_T" "USERS"<not feasible>)
   2 - access("T"."ACTION_ID"="TL"."ACTION_ID"(+) AND "T"."LOCALE_ID"=TO_NUMBER("TL"."LOCALE_ID"(+)))
   3 - access("A"."ACTION_ID"="T"."ACTION_ID")
   4 - filter("PREVIOUS_STAGE"=:1 AND "CURRENT_STAGE"=:2 AND ("CURRENT_STAGE"<>'RESPONSE' OR 
              INSTR("MS_QSM_STAGE_PARAMETRS"."GET_RESPONSE_ACTIONS"(TO_NUMBER(SUBSTR(:3,INSTR(:3,'~',1)+1)),:5),"A"."ACTION_ID")>0))
   5 - filter("T"."LOCALE_ID"= (SELECT "C"."LOCALE_ID" FROM "SI_LOCALES" "C", ( (SELECT "T"."MODULE_ID" 
              "PACKAGE_ID",NVL("TL"."PACKAGE_TITLE","T"."PACKAGE_TITLE") "PACKAGE_TITLE", (SELECT NVL("TL"."MEANING","T"."MEANING") 
              FROM METRICSTREAM."SI_LOOKUPS_TL" "TL",METRICSTREAM."SI_LOOKUPS_T" "T" WHERE "T"."LOOKUP_CODE"=:B1 AND 
              "T"."LOOKUP_TYPE"='PACKAGE_TYPE' AND "TL"."LOCALE_ID"(+)=TO_NUMBER("SI_DB_LOCALE_SV"."GETVALUE"()) AND 
              "T"."LOOKUP_ID"="TL"."LOOKUP_ID"(+)) "PACKAGE_TYPE" FROM METRICSTREAM."SI_REGISTER_APPLICATION_TL" 
              "TL",METRICSTREAM."SI_REGISTER_APPLICATION" "T" WHERE "TL"."LOCALE_ID"(+)=TO_NUMBER("SI_DB_LOCALE_SV"."GETVALUE"()) 
              AND "TL"."MODULE_ID"(+)="T"."MODULE_ID") UNION ALL  (SELECT NULL "PACKAGE_ID", (SELECT 
              NVL("TL"."MEANING","T"."MEANING") FROM METRICSTREAM."SI_LOOKUPS_TL" "TL",METRICSTREAM."SI_LOOKUPS_T" "T" WHERE 
              "T"."LOOKUP_CODE"='U' AND "T"."LOOKUP_TYPE"='PACKAGE_TYPE' AND 
              "TL"."LOCALE_ID"(+)=TO_NUMBER("SI_DB_LOCALE_SV"."GETVALUE"()) AND "T"."LOOKUP_ID"="TL"."LOOKUP_ID"(+)) 
              "PACKAGE_TITLE", (SELECT NVL("TL"."MEANING","T"."MEANING") FROM METRICSTREAM."SI_LOOKUPS_TL" 
              "TL",METRICSTREAM."SI_LOOKUPS_T" "T" WHERE "T"."LOOKUP_CODE"='U' AND "T"."LOOKUP_TYPE"='PACKAGE_TYPE' AND 
              "TL"."LOCALE_ID"(+)=TO_NUMBER("SI_DB_LOCALE_SV"."GETVALUE"()) AND "T"."LOOKUP_ID"="TL"."LOOKUP_ID"(+)) "PACKAGE_TYPE" 
              FROM "SYS"."DUAL" "DUAL")) "SRA",METRICSTREAM."SI_USERS_T" "SUT" WHERE "USER_NAME"=:4 AND 
              NVL("SUT"."PACKAGE_ID",0)=NVL("SRA"."PACKAGE_ID",0) AND "LOCALE"="C"."LOCALE_STRING"))
   7 - filter("ENABLED_FLAG"='Y')
  13 - access("USER_NAME"=:4)
  14 - filter(NVL("SUT"."PACKAGE_ID",0)=NVL("SRA"."PACKAGE_ID",0))
  18 - access("TL"."MODULE_ID"(+)="T"."MODULE_ID" AND "TL"."LOCALE_ID"(+)=TO_NUMBER("SI_DB_LOCALE_SV"."GETVALUE"()))
  20 - filter("LOCALE"="C"."LOCALE_STRING")
  23 - filter(:4 IS NULL)
  24 - access(NVL("PACKAGE_ID",0)=NVL("SRA"."PACKAGE_ID",0))
  26 - access("B"."ORG_ENTITY_ID"="A"."ORG_ENTITY_ID" AND "C"."ENTERPRISE_ID"="B"."ENTERPRISE_ID")
  28 - access("C"."ROLE_ID"="A"."ROLE_ID")
  39 - access(UPPER("PARAMETER_NAME")='DISPLAY_FORMAT')
  40 - access("PTYPE"."PARAMETER_TYPE_ID"="PNAME"."PARAMETER_TYPE_ID" AND UPPER("PARAMETER_TYPE")='MS APPS USER NAME 
              DISPLAY FORMAT')
  41 - access("PTYPE"."PARAMETER_TYPE_ID"="PVALUE"."PARAMETER_TYPE_ID" AND 
              "PNAME"."PARAMETER_ID"="PVALUE"."PARAMETER_ID" AND "PVALUE"."ORG_ENTITY_ID"=1)
  44 - access("ACT"."ACTIVITY_NAME"=TRIM(:B1))
  45 - access("ROLE_ACT"."ACTIVITY_ID"="ACT"."ACTIVITY_ID")
  47 - access("ROLE_ACT"."ROLE_ID"="A"."ROLE_ID")
  48 - filter(NVL("ORGS"."END_DATE",SYSDATE@!)>=SYSDATE@!)
  49 - access("ORGS"."ORG_ENTITY_ID"="A"."ORG_ENTITY_ID")
  50 - access("D"."ORG_ROLE_ID"="A"."ORG_ROLE_ID")
  51 - access("USERS"."USER_ID"="D"."USER_ID")
       filter("USERS"."USER_ID" IS NOT NULL)
  52 - filter(NVL("USERS"."END_DATE",SYSDATE@!)>=SYSDATE@! AND "USERS"."USER_NAME" IS NOT NULL)
  54 - access(NVL("PACKAGE_ID",0)=NVL("SRA"."PACKAGE_ID",0))
  57 - access("T"."ROLE_ID"="TL"."ROLE_ID"(+) AND "TL"."LOCALE_ID"(+)=TO_NUMBER("SI_DB_LOCALE_SV"."GETVALUE"()))
  62 - access("TL"."MODULE_ID"(+)="T"."MODULE_ID" AND "TL"."LOCALE_ID"(+)=TO_NUMBER("SI_DB_LOCALE_SV"."GETVALUE"()))
  64 - access("C"."ROLE_ID"="CL"."ROLE_ID"(+) AND "CL"."LOCALE_ID"(+)=TO_NUMBER("SI_DB_LOCALE_SV"."GETVALUE"()))
  68 - access("T"."ORG_ENTITY_ID"="TL"."ORG_ENTITY_ID"(+) AND 
              "TL"."LOCALE_ID"(+)=TO_NUMBER("SI_DB_LOCALE_SV"."GETVALUE"()))
  69 - access("B"."ORG_ENTITY_ID"="BL"."ORG_ENTITY_ID"(+) AND 
              "BL"."LOCALE_ID"(+)=TO_NUMBER("SI_DB_LOCALE_SV"."GETVALUE"()))
  74 - access("TL"."MODULE_ID"(+)="T"."MODULE_ID" AND "TL"."LOCALE_ID"(+)=TO_NUMBER("SI_DB_LOCALE_SV"."GETVALUE"()))
  76 - filter(:4 IS NOT NULL)
  77 - access(NVL("PACKAGE_ID",0)=NVL("SRA"."PACKAGE_ID",0))
  79 - access("B"."ORG_ENTITY_ID"="A"."ORG_ENTITY_ID" AND "C"."ENTERPRISE_ID"="B"."ENTERPRISE_ID")
  81 - access("C"."ROLE_ID"="A"."ROLE_ID")
  90 - filter(NVL("USERS"."END_DATE",SYSDATE@!)>=SYSDATE@! AND "USERS"."USER_ID" IS NOT NULL)
  91 - access("USERS"."USER_NAME"=:4)
  93 - access(UPPER("PARAMETER_NAME")='DISPLAY_FORMAT')
  94 - access("PTYPE"."PARAMETER_TYPE_ID"="PNAME"."PARAMETER_TYPE_ID" AND UPPER("PARAMETER_TYPE")='MS APPS USER NAME 
              DISPLAY FORMAT')
  95 - access("PTYPE"."PARAMETER_TYPE_ID"="PVALUE"."PARAMETER_TYPE_ID" AND 
              "PNAME"."PARAMETER_ID"="PVALUE"."PARAMETER_ID" AND "PVALUE"."ORG_ENTITY_ID"=1)
  98 - access("ACT"."ACTIVITY_NAME"=TRIM(:B1))
  99 - access("ROLE_ACT"."ACTIVITY_ID"="ACT"."ACTIVITY_ID")
 101 - access("ROLE_ACT"."ROLE_ID"="A"."ROLE_ID")
 102 - filter(NVL("ORGS"."END_DATE",SYSDATE@!)>=SYSDATE@!)
 103 - access("ORGS"."ORG_ENTITY_ID"="A"."ORG_ENTITY_ID")
 104 - access("D"."ORG_ROLE_ID"="A"."ORG_ROLE_ID" AND "USERS"."USER_ID"="D"."USER_ID")
 106 - access(NVL("PACKAGE_ID",0)=NVL("SRA"."PACKAGE_ID",0))
 109 - access("T"."ROLE_ID"="TL"."ROLE_ID"(+) AND "TL"."LOCALE_ID"(+)=TO_NUMBER("SI_DB_LOCALE_SV"."GETVALUE"()))
 114 - access("TL"."MODULE_ID"(+)="T"."MODULE_ID" AND "TL"."LOCALE_ID"(+)=TO_NUMBER("SI_DB_LOCALE_SV"."GETVALUE"()))
 116 - access("C"."ROLE_ID"="CL"."ROLE_ID"(+) AND "CL"."LOCALE_ID"(+)=TO_NUMBER("SI_DB_LOCALE_SV"."GETVALUE"()))
 120 - access("T"."ORG_ENTITY_ID"="TL"."ORG_ENTITY_ID"(+) AND 
              "TL"."LOCALE_ID"(+)=TO_NUMBER("SI_DB_LOCALE_SV"."GETVALUE"()))
 121 - access("B"."ORG_ENTITY_ID"="BL"."ORG_ENTITY_ID"(+) AND 
              "BL"."LOCALE_ID"(+)=TO_NUMBER("SI_DB_LOCALE_SV"."GETVALUE"()))
 126 - access("TL"."MODULE_ID"(+)="T"."MODULE_ID" AND "TL"."LOCALE_ID"(+)=TO_NUMBER("SI_DB_LOCALE_SV"."GETVALUE"()))
 
</code></pre><header class="major"><h2>Column Projection Information (identified by operation id):</h2></header><pre><code>
 
   1 - "T"."LOCALE_ID"[NUMBER,22], "A"."ACTION_ID"[VARCHAR2,40], "T"."ACTION_NAME"[VARCHAR2,140], 
       "A"."CREATED_BY"[NUMBER,22], "A"."CREATION_DATE"[DATE,7], "A"."LAST_UPDATED_BY"[NUMBER,22], 
       "A"."LAST_UPDATE_DATE"[DATE,7], "A"."STAGE_TYPE"[NUMBER,22], "PREVIOUS_STAGE"[VARCHAR2,400], 
       "CURRENT_STAGE"[VARCHAR2,400], "A"."ROLE_ACTIVITY"[VARCHAR2,140], "A"."STATUS"[VARCHAR2,120], 
       "A"."ACTIVE"[VARCHAR2,4], "TL"."ACTION_NAME"[VARCHAR2,4000]
   2 - (#keys=2) "T"."LOCALE_ID"[NUMBER,22], "A"."ACTION_ID"[VARCHAR2,40], "T"."ACTION_NAME"[VARCHAR2,140], 
       "A"."CREATED_BY"[NUMBER,22], "A"."CREATION_DATE"[DATE,7], "A"."LAST_UPDATED_BY"[NUMBER,22], 
       "A"."LAST_UPDATE_DATE"[DATE,7], "A"."STAGE_TYPE"[NUMBER,22], "PREVIOUS_STAGE"[VARCHAR2,400], 
       "CURRENT_STAGE"[VARCHAR2,400], "A"."ROLE_ACTIVITY"[VARCHAR2,140], "A"."STATUS"[VARCHAR2,120], 
       "A"."ACTIVE"[VARCHAR2,4], "TL"."ACTION_NAME"[VARCHAR2,4000]
   3 - (#keys=1) "A"."ACTION_ID"[VARCHAR2,40], "T"."ACTION_ID"[VARCHAR2,40], "A"."CREATED_BY"[NUMBER,22], 
       "A"."CREATION_DATE"[DATE,7], "A"."LAST_UPDATED_BY"[NUMBER,22], "A"."LAST_UPDATE_DATE"[DATE,7], 
       "A"."STAGE_TYPE"[NUMBER,22], "PREVIOUS_STAGE"[VARCHAR2,400], "CURRENT_STAGE"[VARCHAR2,400], 
       "A"."ROLE_ACTIVITY"[VARCHAR2,140], "A"."STATUS"[VARCHAR2,120], "A"."ACTIVE"[VARCHAR2,4], "T"."LOCALE_ID"[NUMBER,22], 
       "T"."ACTION_NAME"[VARCHAR2,140]
   4 - "A"."CREATED_BY"[NUMBER,22], "A"."CREATION_DATE"[DATE,7], "A"."LAST_UPDATED_BY"[NUMBER,22], 
       "A"."LAST_UPDATE_DATE"[DATE,7], "A"."STAGE_TYPE"[NUMBER,22], "PREVIOUS_STAGE"[VARCHAR2,400], 
       "CURRENT_STAGE"[VARCHAR2,400], "A"."ROLE_ACTIVITY"[VARCHAR2,140], "A"."ACTION_ID"[VARCHAR2,40], 
       "A"."ACTIVE"[VARCHAR2,4], "A"."STATUS"[VARCHAR2,120]
   5 - "T"."ACTION_ID"[VARCHAR2,40], "T"."ACTION_NAME"[VARCHAR2,140], "T"."LOCALE_ID"[NUMBER,22]
   6 - (#keys=0) "LOCALE_ID"[NUMBER,22], "A"."ACTION_ID"[VARCHAR2,40], "A"."ACTION_NAME"[VARCHAR2,140]
   7 - "LOCALE_ID"[NUMBER,22]
   8 - (#keys=0) "A"."ACTION_ID"[VARCHAR2,40], "A"."ACTION_NAME"[VARCHAR2,140]
   9 - "A"."ACTION_ID"[VARCHAR2,40], "A"."ACTION_NAME"[VARCHAR2,140]
  10 - (#keys=0) "C"."LOCALE_ID"[NUMBER,22]
  11 - (#keys=0) "LOCALE"[VARCHAR2,400]
  12 - "LOCALE"[VARCHAR2,400], "SUT"."PACKAGE_ID"[NUMBER,22]
  13 - "SUT".ROWID[ROWID,10]
  14 - "SRA"."PACKAGE_ID"[NUMBER,22]
  15 - STRDEF[22]
  16 - (#keys=0) "T"."MODULE_ID"[NUMBER,22]
  17 - "T"."MODULE_ID"[NUMBER,22]
  20 - "C"."LOCALE_ID"[NUMBER,22]
  21 - "TL"."ACTION_ID"[VARCHAR2,40], "TL"."ACTION_NAME"[VARCHAR2,4000], "TL"."LOCALE_ID"[VARCHAR2,400]
  22 - NVL("PACKAGE_ID",0)[22], NVL("SRA"."PACKAGE_ID",0)[22], "A"."ORG_ENTITY_ID"[NUMBER,22], 
       "B"."ORG_ENTITY_ID"[NUMBER,22], "C"."ENTERPRISE_ID"[NUMBER,22], "B"."ENTERPRISE_ID"[NUMBER,22], 
       "A"."ROLE_ID"[NUMBER,22], "C"."ROLE_ID"[NUMBER,22], "PNAME".ROWID[ROWID,10], "PNAME"."PARAMETER_ID"[NUMBER,22], 
       "PNAME"."PARAMETER_TYPE_ID"[NUMBER,22], UPPER("PARAMETER_NAME")[VARCHAR2,400], "PTYPE".ROWID[ROWID,10], 
       "PTYPE"."PARAMETER_TYPE_ID"[NUMBER,22], UPPER("PARAMETER_TYPE")[VARCHAR2,400], "PVALUE".ROWID[ROWID,10], 
       "PVALUE"."PARAMETER_TYPE_ID"[NUMBER,22], "PVALUE"."PARAMETER_ID"[NUMBER,22], "PVALUE"."ORG_ENTITY_ID"[NUMBER,22], 
       "ACT".ROWID[ROWID,10], "ACT"."ACTIVITY_ID"[NUMBER,22], "ACT"."ACTIVITY_NAME"[VARCHAR2,400], 
       "ROLE_ACT".ROWID[ROWID,10], "ROLE_ACT"."ACTIVITY_ID"[NUMBER,22], "ROLE_ACT"."ROLE_ID"[NUMBER,22], "A".ROWID[ROWID,10], 
       "A"."ORG_ROLE_ID"[NUMBER,22], "CL"."LOCALE_ID"[NUMBER,22], "PACKAGE_ID"[NUMBER,22], "ORGS".ROWID[ROWID,10], 
       "ORGS"."ORG_ENTITY_ID"[NUMBER,22], "ORGS"."END_DATE"[DATE,7], "D".ROWID[ROWID,10], "D"."ORG_ROLE_ID"[NUMBER,22], 
       "D"."USER_ID"[NUMBER,22], "USERS".ROWID[ROWID,10], "USERS"."USER_ID"[NUMBER,22], "USERS"."USER_NAME"[VARCHAR2,320], 
       "USERS"."END_DATE"[DATE,7], "CL"."ROLE_ID"[NUMBER,22], "CL".ROWID[ROWID,10], "BL".ROWID[ROWID,10], 
       "BL"."ORG_ENTITY_ID"[NUMBER,22], "BL"."LOCALE_ID"[NUMBER,22], "SRA"."PACKAGE_ID"[NUMBER,22]
  23 - NVL("PACKAGE_ID",0)[22], NVL("SRA"."PACKAGE_ID",0)[22], "A"."ORG_ENTITY_ID"[NUMBER,22], 
       "B"."ORG_ENTITY_ID"[NUMBER,22], "C"."ENTERPRISE_ID"[NUMBER,22], "B"."ENTERPRISE_ID"[NUMBER,22], 
       "A"."ROLE_ID"[NUMBER,22], "C"."ROLE_ID"[NUMBER,22], "PNAME".ROWID[ROWID,10], "PNAME"."PARAMETER_ID"[NUMBER,22], 
       "PNAME"."PARAMETER_TYPE_ID"[NUMBER,22], UPPER("PARAMETER_NAME")[VARCHAR2,400], "PTYPE".ROWID[ROWID,10], 
       "PTYPE"."PARAMETER_TYPE_ID"[NUMBER,22], UPPER("PARAMETER_TYPE")[VARCHAR2,400], "PVALUE".ROWID[ROWID,10], 
       "PVALUE"."PARAMETER_TYPE_ID"[NUMBER,22], "PVALUE"."PARAMETER_ID"[NUMBER,22], "PVALUE"."ORG_ENTITY_ID"[NUMBER,22], 
       "ACT".ROWID[ROWID,10], "ACT"."ACTIVITY_ID"[NUMBER,22], "ACT"."ACTIVITY_NAME"[VARCHAR2,400], 
       "ROLE_ACT".ROWID[ROWID,10], "ROLE_ACT"."ACTIVITY_ID"[NUMBER,22], "ROLE_ACT"."ROLE_ID"[NUMBER,22], "A".ROWID[ROWID,10], 
       "A"."ORG_ROLE_ID"[NUMBER,22], "CL"."LOCALE_ID"[NUMBER,22], "PACKAGE_ID"[NUMBER,22], "ORGS".ROWID[ROWID,10], 
       "ORGS"."ORG_ENTITY_ID"[NUMBER,22], "ORGS"."END_DATE"[DATE,7], "D".ROWID[ROWID,10], "D"."ORG_ROLE_ID"[NUMBER,22], 
       "D"."USER_ID"[NUMBER,22], "USERS".ROWID[ROWID,10], "USERS"."USER_ID"[NUMBER,22], "USERS"."USER_NAME"[VARCHAR2,320], 
       "USERS"."END_DATE"[DATE,7], "CL"."ROLE_ID"[NUMBER,22], "CL".ROWID[ROWID,10], "BL".ROWID[ROWID,10], 
       "BL"."ORG_ENTITY_ID"[NUMBER,22], "BL"."LOCALE_ID"[NUMBER,22], "SRA"."PACKAGE_ID"[NUMBER,22]
  24 - (#keys=1) NVL("PACKAGE_ID",0)[22], NVL("SRA"."PACKAGE_ID",0)[22], "A"."ORG_ENTITY_ID"[NUMBER,22], 
       "B"."ORG_ENTITY_ID"[NUMBER,22], "C"."ENTERPRISE_ID"[NUMBER,22], "B"."ENTERPRISE_ID"[NUMBER,22], 
       "A"."ROLE_ID"[NUMBER,22], "C"."ROLE_ID"[NUMBER,22], "PNAME".ROWID[ROWID,10], "PNAME"."PARAMETER_ID"[NUMBER,22], 
       "PNAME"."PARAMETER_TYPE_ID"[NUMBER,22], UPPER("PARAMETER_NAME")[VARCHAR2,400], "PTYPE".ROWID[ROWID,10], 
       "PTYPE"."PARAMETER_TYPE_ID"[NUMBER,22], UPPER("PARAMETER_TYPE")[VARCHAR2,400], "PVALUE".ROWID[ROWID,10], 
       "PVALUE"."PARAMETER_TYPE_ID"[NUMBER,22], "PVALUE"."PARAMETER_ID"[NUMBER,22], "PVALUE"."ORG_ENTITY_ID"[NUMBER,22], 
       "ACT".ROWID[ROWID,10], "ACT"."ACTIVITY_ID"[NUMBER,22], "ACT"."ACTIVITY_NAME"[VARCHAR2,400], 
       "ROLE_ACT".ROWID[ROWID,10], "ROLE_ACT"."ACTIVITY_ID"[NUMBER,22], "ROLE_ACT"."ROLE_ID"[NUMBER,22], "A".ROWID[ROWID,10], 
       "A"."ORG_ROLE_ID"[NUMBER,22], "CL"."LOCALE_ID"[NUMBER,22], "PACKAGE_ID"[NUMBER,22], "ORGS".ROWID[ROWID,10], 
       "ORGS"."ORG_ENTITY_ID"[NUMBER,22], "ORGS"."END_DATE"[DATE,7], "D".ROWID[ROWID,10], "D"."ORG_ROLE_ID"[NUMBER,22], 
       "D"."USER_ID"[NUMBER,22], "USERS".ROWID[ROWID,10], "USERS"."USER_ID"[NUMBER,22], "USERS"."USER_NAME"[VARCHAR2,320], 
       "USERS"."END_DATE"[DATE,7], "CL"."ROLE_ID"[NUMBER,22], "CL".ROWID[ROWID,10], "BL".ROWID[ROWID,10], 
       "BL"."ORG_ENTITY_ID"[NUMBER,22], "BL"."LOCALE_ID"[NUMBER,22], "SRA"."PACKAGE_ID"[NUMBER,22]
  25 - (#keys=0) "A"."ORG_ENTITY_ID"[NUMBER,22], "B"."ORG_ENTITY_ID"[NUMBER,22], "C"."ENTERPRISE_ID"[NUMBER,22], 
       "B"."ENTERPRISE_ID"[NUMBER,22], "A"."ROLE_ID"[NUMBER,22], "C"."ROLE_ID"[NUMBER,22], "PNAME".ROWID[ROWID,10], 
       "PNAME"."PARAMETER_ID"[NUMBER,22], "PNAME"."PARAMETER_TYPE_ID"[NUMBER,22], UPPER("PARAMETER_NAME")[VARCHAR2,400], 
       "PTYPE".ROWID[ROWID,10], "PTYPE"."PARAMETER_TYPE_ID"[NUMBER,22], UPPER("PARAMETER_TYPE")[VARCHAR2,400], 
       "PVALUE".ROWID[ROWID,10], "PVALUE"."PARAMETER_TYPE_ID"[NUMBER,22], "PVALUE"."PARAMETER_ID"[NUMBER,22], 
       "PVALUE"."ORG_ENTITY_ID"[NUMBER,22], "ACT".ROWID[ROWID,10], "ACT"."ACTIVITY_ID"[NUMBER,22], 
       "ACT"."ACTIVITY_NAME"[VARCHAR2,400], "ROLE_ACT".ROWID[ROWID,10], "ROLE_ACT"."ACTIVITY_ID"[NUMBER,22], 
       "ROLE_ACT"."ROLE_ID"[NUMBER,22], "A".ROWID[ROWID,10], "A"."ORG_ROLE_ID"[NUMBER,22], "CL"."LOCALE_ID"[NUMBER,22], 
       "PACKAGE_ID"[NUMBER,22], "ORGS".ROWID[ROWID,10], "ORGS"."ORG_ENTITY_ID"[NUMBER,22], "ORGS"."END_DATE"[DATE,7], 
       "D".ROWID[ROWID,10], "D"."ORG_ROLE_ID"[NUMBER,22], "D"."USER_ID"[NUMBER,22], "USERS".ROWID[ROWID,10], 
       "USERS"."USER_ID"[NUMBER,22], "USERS"."USER_NAME"[VARCHAR2,320], "USERS"."END_DATE"[DATE,7], 
       "CL"."ROLE_ID"[NUMBER,22], "CL".ROWID[ROWID,10], "BL".ROWID[ROWID,10], "BL"."ORG_ENTITY_ID"[NUMBER,22], 
       "BL"."LOCALE_ID"[NUMBER,22]
  26 - (#keys=2) "A"."ORG_ENTITY_ID"[NUMBER,22], "B"."ORG_ENTITY_ID"[NUMBER,22], "C"."ENTERPRISE_ID"[NUMBER,22], 
       "B"."ENTERPRISE_ID"[NUMBER,22], "A"."ROLE_ID"[NUMBER,22], "C"."ROLE_ID"[NUMBER,22], "PNAME".ROWID[ROWID,10], 
       "PNAME"."PARAMETER_ID"[NUMBER,22], "PNAME"."PARAMETER_TYPE_ID"[NUMBER,22], UPPER("PARAMETER_NAME")[VARCHAR2,400], 
       "PTYPE".ROWID[ROWID,10], "PTYPE"."PARAMETER_TYPE_ID"[NUMBER,22], UPPER("PARAMETER_TYPE")[VARCHAR2,400], 
       "PVALUE".ROWID[ROWID,10], "PVALUE"."PARAMETER_TYPE_ID"[NUMBER,22], "PVALUE"."PARAMETER_ID"[NUMBER,22], 
       "PVALUE"."ORG_ENTITY_ID"[NUMBER,22], "ACT".ROWID[ROWID,10], "ACT"."ACTIVITY_ID"[NUMBER,22], 
       "ACT"."ACTIVITY_NAME"[VARCHAR2,400], "ROLE_ACT".ROWID[ROWID,10], "ROLE_ACT"."ACTIVITY_ID"[NUMBER,22], 
       "ROLE_ACT"."ROLE_ID"[NUMBER,22], "A".ROWID[ROWID,10], "A"."ORG_ROLE_ID"[NUMBER,22], "CL"."LOCALE_ID"[NUMBER,22], 
       "PACKAGE_ID"[NUMBER,22], "ORGS".ROWID[ROWID,10], "ORGS"."ORG_ENTITY_ID"[NUMBER,22], "ORGS"."END_DATE"[DATE,7], 
       "D".ROWID[ROWID,10], "D"."ORG_ROLE_ID"[NUMBER,22], "D"."USER_ID"[NUMBER,22], "USERS".ROWID[ROWID,10], 
       "USERS"."USER_ID"[NUMBER,22], "USERS"."USER_NAME"[VARCHAR2,320], "USERS"."END_DATE"[DATE,7], 
       "CL"."ROLE_ID"[NUMBER,22], "CL".ROWID[ROWID,10]
  27 - (#keys=0) "A"."ROLE_ID"[NUMBER,22], "C"."ROLE_ID"[NUMBER,22], "PNAME".ROWID[ROWID,10], 
       "PNAME"."PARAMETER_ID"[NUMBER,22], "PNAME"."PARAMETER_TYPE_ID"[NUMBER,22], UPPER("PARAMETER_NAME")[VARCHAR2,400], 
       "PTYPE".ROWID[ROWID,10], "PTYPE"."PARAMETER_TYPE_ID"[NUMBER,22], UPPER("PARAMETER_TYPE")[VARCHAR2,400], 
       "PVALUE".ROWID[ROWID,10], "PVALUE"."PARAMETER_TYPE_ID"[NUMBER,22], "PVALUE"."PARAMETER_ID"[NUMBER,22], 
       "PVALUE"."ORG_ENTITY_ID"[NUMBER,22], "ACT".ROWID[ROWID,10], "ACT"."ACTIVITY_ID"[NUMBER,22], 
       "ACT"."ACTIVITY_NAME"[VARCHAR2,400], "ROLE_ACT".ROWID[ROWID,10], "ROLE_ACT"."ACTIVITY_ID"[NUMBER,22], 
       "ROLE_ACT"."ROLE_ID"[NUMBER,22], "A".ROWID[ROWID,10], "A"."ORG_ROLE_ID"[NUMBER,22], "A"."ORG_ENTITY_ID"[NUMBER,22], 
       "PACKAGE_ID"[NUMBER,22], "ORGS".ROWID[ROWID,10], "ORGS"."ORG_ENTITY_ID"[NUMBER,22], "ORGS"."END_DATE"[DATE,7], 
       "D".ROWID[ROWID,10], "D"."ORG_ROLE_ID"[NUMBER,22], "D"."USER_ID"[NUMBER,22], "USERS".ROWID[ROWID,10], 
       "USERS"."USER_ID"[NUMBER,22], "USERS"."USER_NAME"[VARCHAR2,320], "USERS"."END_DATE"[DATE,7], 
       "C"."ENTERPRISE_ID"[NUMBER,22], "CL".ROWID[ROWID,10], "CL"."ROLE_ID"[NUMBER,22], "CL"."LOCALE_ID"[NUMBER,22]
  28 - (#keys=1) "A"."ROLE_ID"[NUMBER,22], "C"."ROLE_ID"[NUMBER,22], "PNAME".ROWID[ROWID,10], 
       "PNAME"."PARAMETER_ID"[NUMBER,22], "PNAME"."PARAMETER_TYPE_ID"[NUMBER,22], UPPER("PARAMETER_NAME")[VARCHAR2,400], 
       "PTYPE".ROWID[ROWID,10], "PTYPE"."PARAMETER_TYPE_ID"[NUMBER,22], UPPER("PARAMETER_TYPE")[VARCHAR2,400], 
       "PVALUE".ROWID[ROWID,10], "PVALUE"."PARAMETER_TYPE_ID"[NUMBER,22], "PVALUE"."PARAMETER_ID"[NUMBER,22], 
       "PVALUE"."ORG_ENTITY_ID"[NUMBER,22], "ACT".ROWID[ROWID,10], "ACT"."ACTIVITY_ID"[NUMBER,22], 
       "ACT"."ACTIVITY_NAME"[VARCHAR2,400], "ROLE_ACT".ROWID[ROWID,10], "ROLE_ACT"."ACTIVITY_ID"[NUMBER,22], 
       "ROLE_ACT"."ROLE_ID"[NUMBER,22], "A".ROWID[ROWID,10], "A"."ORG_ROLE_ID"[NUMBER,22], "A"."ORG_ENTITY_ID"[NUMBER,22], 
       "PACKAGE_ID"[NUMBER,22], "ORGS".ROWID[ROWID,10], "ORGS"."ORG_ENTITY_ID"[NUMBER,22], "ORGS"."END_DATE"[DATE,7], 
       "D".ROWID[ROWID,10], "D"."ORG_ROLE_ID"[NUMBER,22], "D"."USER_ID"[NUMBER,22], "USERS".ROWID[ROWID,10], 
       "USERS"."USER_ID"[NUMBER,22], "USERS"."USER_NAME"[VARCHAR2,320], "USERS"."END_DATE"[DATE,7], 
       "C"."ENTERPRISE_ID"[NUMBER,22]
  29 - (#keys=0) "PNAME".ROWID[ROWID,10], "PNAME"."PARAMETER_ID"[NUMBER,22], "PNAME"."PARAMETER_TYPE_ID"[NUMBER,22], 
       UPPER("PARAMETER_NAME")[VARCHAR2,400], "PTYPE".ROWID[ROWID,10], "PTYPE"."PARAMETER_TYPE_ID"[NUMBER,22], 
       UPPER("PARAMETER_TYPE")[VARCHAR2,400], "PVALUE".ROWID[ROWID,10], "PVALUE"."PARAMETER_TYPE_ID"[NUMBER,22], 
       "PVALUE"."PARAMETER_ID"[NUMBER,22], "PVALUE"."ORG_ENTITY_ID"[NUMBER,22], "ACT".ROWID[ROWID,10], 
       "ACT"."ACTIVITY_ID"[NUMBER,22], "ACT"."ACTIVITY_NAME"[VARCHAR2,400], "ROLE_ACT".ROWID[ROWID,10], 
       "ROLE_ACT"."ACTIVITY_ID"[NUMBER,22], "ROLE_ACT"."ROLE_ID"[NUMBER,22], "A".ROWID[ROWID,10], 
       "A"."ORG_ROLE_ID"[NUMBER,22], "A"."ORG_ENTITY_ID"[NUMBER,22], "A"."ROLE_ID"[NUMBER,22], "ORGS".ROWID[ROWID,10], 
       "ORGS"."ORG_ENTITY_ID"[NUMBER,22], "ORGS"."END_DATE"[DATE,7], "D".ROWID[ROWID,10], "D"."ORG_ROLE_ID"[NUMBER,22], 
       "D"."USER_ID"[NUMBER,22], "USERS".ROWID[ROWID,10], "USERS"."USER_ID"[NUMBER,22], "USERS"."USER_NAME"[VARCHAR2,320], 
       "USERS"."END_DATE"[DATE,7], "PACKAGE_ID"[NUMBER,22]
  30 - (#keys=0) "PNAME".ROWID[ROWID,10], "PNAME"."PARAMETER_ID"[NUMBER,22], "PNAME"."PARAMETER_TYPE_ID"[NUMBER,22], 
       UPPER("PARAMETER_NAME")[VARCHAR2,400], "PTYPE".ROWID[ROWID,10], "PTYPE"."PARAMETER_TYPE_ID"[NUMBER,22], 
       UPPER("PARAMETER_TYPE")[VARCHAR2,400], "PVALUE".ROWID[ROWID,10], "PVALUE"."PARAMETER_TYPE_ID"[NUMBER,22], 
       "PVALUE"."PARAMETER_ID"[NUMBER,22], "PVALUE"."ORG_ENTITY_ID"[NUMBER,22], "ACT".ROWID[ROWID,10], 
       "ACT"."ACTIVITY_ID"[NUMBER,22], "ACT"."ACTIVITY_NAME"[VARCHAR2,400], "ROLE_ACT".ROWID[ROWID,10], 
       "ROLE_ACT"."ACTIVITY_ID"[NUMBER,22], "ROLE_ACT"."ROLE_ID"[NUMBER,22], "A".ROWID[ROWID,10], 
       "A"."ORG_ROLE_ID"[NUMBER,22], "A"."ORG_ENTITY_ID"[NUMBER,22], "A"."ROLE_ID"[NUMBER,22], "ORGS".ROWID[ROWID,10], 
       "ORGS"."ORG_ENTITY_ID"[NUMBER,22], "ORGS"."END_DATE"[DATE,7], "D".ROWID[ROWID,10], "D"."ORG_ROLE_ID"[NUMBER,22], 
       "D"."USER_ID"[NUMBER,22], "USERS".ROWID[ROWID,10], "USERS"."USER_ID"[NUMBER,22]
  31 - (#keys=0) "PNAME".ROWID[ROWID,10], "PNAME"."PARAMETER_ID"[NUMBER,22], "PNAME"."PARAMETER_TYPE_ID"[NUMBER,22], 
       UPPER("PARAMETER_NAME")[VARCHAR2,400], "PTYPE".ROWID[ROWID,10], "PTYPE"."PARAMETER_TYPE_ID"[NUMBER,22], 
       UPPER("PARAMETER_TYPE")[VARCHAR2,400], "PVALUE".ROWID[ROWID,10], "PVALUE"."PARAMETER_TYPE_ID"[NUMBER,22], 
       "PVALUE"."PARAMETER_ID"[NUMBER,22], "PVALUE"."ORG_ENTITY_ID"[NUMBER,22], "ACT".ROWID[ROWID,10], 
       "ACT"."ACTIVITY_ID"[NUMBER,22], "ACT"."ACTIVITY_NAME"[VARCHAR2,400], "ROLE_ACT".ROWID[ROWID,10], 
       "ROLE_ACT"."ACTIVITY_ID"[NUMBER,22], "ROLE_ACT"."ROLE_ID"[NUMBER,22], "A".ROWID[ROWID,10], 
       "A"."ORG_ROLE_ID"[NUMBER,22], "A"."ORG_ENTITY_ID"[NUMBER,22], "A"."ROLE_ID"[NUMBER,22], "ORGS".ROWID[ROWID,10], 
       "ORGS"."ORG_ENTITY_ID"[NUMBER,22], "ORGS"."END_DATE"[DATE,7], "D".ROWID[ROWID,10], "D"."ORG_ROLE_ID"[NUMBER,22], 
       "D"."USER_ID"[NUMBER,22]
  32 - (#keys=0) "PNAME".ROWID[ROWID,10], "PNAME"."PARAMETER_ID"[NUMBER,22], "PNAME"."PARAMETER_TYPE_ID"[NUMBER,22], 
       UPPER("PARAMETER_NAME")[VARCHAR2,400], "PTYPE".ROWID[ROWID,10], "PTYPE"."PARAMETER_TYPE_ID"[NUMBER,22], 
       UPPER("PARAMETER_TYPE")[VARCHAR2,400], "PVALUE".ROWID[ROWID,10], "PVALUE"."PARAMETER_TYPE_ID"[NUMBER,22], 
       "PVALUE"."PARAMETER_ID"[NUMBER,22], "PVALUE"."ORG_ENTITY_ID"[NUMBER,22], "ACT".ROWID[ROWID,10], 
       "ACT"."ACTIVITY_ID"[NUMBER,22], "ACT"."ACTIVITY_NAME"[VARCHAR2,400], "ROLE_ACT".ROWID[ROWID,10], 
       "ROLE_ACT"."ACTIVITY_ID"[NUMBER,22], "ROLE_ACT"."ROLE_ID"[NUMBER,22], "A".ROWID[ROWID,10], 
       "A"."ORG_ROLE_ID"[NUMBER,22], "A"."ORG_ENTITY_ID"[NUMBER,22], "A"."ROLE_ID"[NUMBER,22], "ORGS".ROWID[ROWID,10], 
       "ORGS"."ORG_ENTITY_ID"[NUMBER,22], "ORGS"."END_DATE"[DATE,7]
  33 - (#keys=0) "PNAME".ROWID[ROWID,10], "PNAME"."PARAMETER_ID"[NUMBER,22], "PNAME"."PARAMETER_TYPE_ID"[NUMBER,22], 
       UPPER("PARAMETER_NAME")[VARCHAR2,400], "PTYPE".ROWID[ROWID,10], "PTYPE"."PARAMETER_TYPE_ID"[NUMBER,22], 
       UPPER("PARAMETER_TYPE")[VARCHAR2,400], "PVALUE".ROWID[ROWID,10], "PVALUE"."PARAMETER_TYPE_ID"[NUMBER,22], 
       "PVALUE"."PARAMETER_ID"[NUMBER,22], "PVALUE"."ORG_ENTITY_ID"[NUMBER,22], "ACT".ROWID[ROWID,10], 
       "ACT"."ACTIVITY_ID"[NUMBER,22], "ACT"."ACTIVITY_NAME"[VARCHAR2,400], "ROLE_ACT".ROWID[ROWID,10], 
       "ROLE_ACT"."ACTIVITY_ID"[NUMBER,22], "ROLE_ACT"."ROLE_ID"[NUMBER,22], "A".ROWID[ROWID,10], 
       "A"."ORG_ROLE_ID"[NUMBER,22], "A"."ORG_ENTITY_ID"[NUMBER,22], "A"."ROLE_ID"[NUMBER,22]
  34 - (#keys=0) "PNAME".ROWID[ROWID,10], "PNAME"."PARAMETER_ID"[NUMBER,22], "PNAME"."PARAMETER_TYPE_ID"[NUMBER,22], 
       UPPER("PARAMETER_NAME")[VARCHAR2,400], "PTYPE".ROWID[ROWID,10], "PTYPE"."PARAMETER_TYPE_ID"[NUMBER,22], 
       UPPER("PARAMETER_TYPE")[VARCHAR2,400], "PVALUE".ROWID[ROWID,10], "PVALUE"."PARAMETER_TYPE_ID"[NUMBER,22], 
       "PVALUE"."PARAMETER_ID"[NUMBER,22], "PVALUE"."ORG_ENTITY_ID"[NUMBER,22], "ACT".ROWID[ROWID,10], 
       "ACT"."ACTIVITY_ID"[NUMBER,22], "ACT"."ACTIVITY_NAME"[VARCHAR2,400], "ROLE_ACT".ROWID[ROWID,10], 
       "ROLE_ACT"."ACTIVITY_ID"[NUMBER,22], "ROLE_ACT"."ROLE_ID"[NUMBER,22]
  35 - (#keys=0) "PNAME".ROWID[ROWID,10], "PNAME"."PARAMETER_ID"[NUMBER,22], "PNAME"."PARAMETER_TYPE_ID"[NUMBER,22], 
       UPPER("PARAMETER_NAME")[VARCHAR2,400], "PTYPE".ROWID[ROWID,10], "PTYPE"."PARAMETER_TYPE_ID"[NUMBER,22], 
       UPPER("PARAMETER_TYPE")[VARCHAR2,400], "PVALUE".ROWID[ROWID,10], "PVALUE"."PARAMETER_TYPE_ID"[NUMBER,22], 
       "PVALUE"."PARAMETER_ID"[NUMBER,22], "PVALUE"."ORG_ENTITY_ID"[NUMBER,22], "ACT".ROWID[ROWID,10], 
       "ACT"."ACTIVITY_ID"[NUMBER,22], "ACT"."ACTIVITY_NAME"[VARCHAR2,400]
  36 - (#keys=0) "PNAME".ROWID[ROWID,10], "PNAME"."PARAMETER_ID"[NUMBER,22], "PNAME"."PARAMETER_TYPE_ID"[NUMBER,22], 
       UPPER("PARAMETER_NAME")[VARCHAR2,400], "PTYPE".ROWID[ROWID,10], "PTYPE"."PARAMETER_TYPE_ID"[NUMBER,22], 
       UPPER("PARAMETER_TYPE")[VARCHAR2,400], "PVALUE".ROWID[ROWID,10], "PVALUE"."PARAMETER_TYPE_ID"[NUMBER,22], 
       "PVALUE"."PARAMETER_ID"[NUMBER,22], "PVALUE"."ORG_ENTITY_ID"[NUMBER,22]
  37 - (#keys=0) "PNAME".ROWID[ROWID,10], "PNAME"."PARAMETER_ID"[NUMBER,22], "PNAME"."PARAMETER_TYPE_ID"[NUMBER,22], 
       UPPER("PARAMETER_NAME")[VARCHAR2,400], "PTYPE".ROWID[ROWID,10], "PTYPE"."PARAMETER_TYPE_ID"[NUMBER,22], 
       UPPER("PARAMETER_TYPE")[VARCHAR2,400]
  38 - "PNAME".ROWID[ROWID,10], "PNAME"."PARAMETER_ID"[NUMBER,22], "PNAME"."PARAMETER_TYPE_ID"[NUMBER,22], 
       UPPER("PARAMETER_NAME")[VARCHAR2,400]
  39 - "PNAME".ROWID[ROWID,10], UPPER("PARAMETER_NAME")[VARCHAR2,400]
  40 - "PTYPE".ROWID[ROWID,10], "PTYPE"."PARAMETER_TYPE_ID"[NUMBER,22], UPPER("PARAMETER_TYPE")[VARCHAR2,400]
  41 - "PVALUE".ROWID[ROWID,10], "PVALUE"."PARAMETER_TYPE_ID"[NUMBER,22], "PVALUE"."PARAMETER_ID"[NUMBER,22], 
       "PVALUE"."ORG_ENTITY_ID"[NUMBER,22]
  42 - (#keys=0) "ACT".ROWID[ROWID,10], "ACT"."ACTIVITY_ID"[NUMBER,22], "ACT"."ACTIVITY_NAME"[VARCHAR2,400]
  43 - "ACT".ROWID[ROWID,10], "ACT"."ACTIVITY_ID"[NUMBER,22], "ACT"."ACTIVITY_NAME"[VARCHAR2,400]
  44 - "ACT".ROWID[ROWID,10], "ACT"."ACTIVITY_NAME"[VARCHAR2,400]
  45 - "ROLE_ACT".ROWID[ROWID,10], "ROLE_ACT"."ACTIVITY_ID"[NUMBER,22], "ROLE_ACT"."ROLE_ID"[NUMBER,22]
  46 - "A".ROWID[ROWID,10], "A"."ORG_ROLE_ID"[NUMBER,22], "A"."ORG_ENTITY_ID"[NUMBER,22], "A"."ROLE_ID"[NUMBER,22]
  47 - "A".ROWID[ROWID,10], "A"."ROLE_ID"[NUMBER,22]
  48 - "ORGS".ROWID[ROWID,10], "ORGS"."ORG_ENTITY_ID"[NUMBER,22], "ORGS"."END_DATE"[DATE,7]
  49 - "ORGS".ROWID[ROWID,10], "ORGS"."ORG_ENTITY_ID"[NUMBER,22]
  50 - "D".ROWID[ROWID,10], "D"."ORG_ROLE_ID"[NUMBER,22], "D"."USER_ID"[NUMBER,22]
  51 - "USERS".ROWID[ROWID,10], "USERS"."USER_ID"[NUMBER,22]
  52 - "USERS".ROWID[ROWID,10], "USERS"."USER_NAME"[VARCHAR2,320], "USERS"."END_DATE"[DATE,7], "PACKAGE_ID"[NUMBER,22]
  53 - "C"."ENTERPRISE_ID"[NUMBER,22], "C"."ROLE_ID"[NUMBER,22]
  54 - (#keys=1) "ENTERPRISE_ID"[NUMBER,22], "T"."ROLE_ID"[NUMBER,22]
  55 - (#keys=0) "ENTERPRISE_ID"[NUMBER,22], "T"."ROLE_ID"[NUMBER,22], "PACKAGE_ID"[NUMBER,22]
  56 - "ENTERPRISE_ID"[NUMBER,22], "T"."ROLE_ID"[NUMBER,22], "PACKAGE_ID"[NUMBER,22]
  58 - "SRA"."PACKAGE_ID"[NUMBER,22]
  59 - STRDEF[22]
  60 - (#keys=0) "T"."MODULE_ID"[NUMBER,22]
  61 - "T"."MODULE_ID"[NUMBER,22]
  64 - "CL".ROWID[ROWID,10], "CL"."ROLE_ID"[NUMBER,22], "CL"."LOCALE_ID"[NUMBER,22]
  65 - "B"."ENTERPRISE_ID"[NUMBER,22], "B"."ORG_ENTITY_ID"[NUMBER,22]
  66 - (#keys=0) "T"."ENTERPRISE_ID"[NUMBER,22], "T"."ORG_ENTITY_ID"[NUMBER,22]
  67 - "T"."ENTERPRISE_ID"[NUMBER,22], "T"."ORG_ENTITY_ID"[NUMBER,22]
  69 - "BL".ROWID[ROWID,10], "BL"."ORG_ENTITY_ID"[NUMBER,22], "BL"."LOCALE_ID"[NUMBER,22]
  70 - "SRA"."PACKAGE_ID"[NUMBER,22]
  71 - STRDEF[22]
  72 - (#keys=0) "T"."MODULE_ID"[NUMBER,22]
  73 - "T"."MODULE_ID"[NUMBER,22]
  76 - NVL("PACKAGE_ID",0)[22], NVL("SRA"."PACKAGE_ID",0)[22], "A"."ORG_ENTITY_ID"[NUMBER,22], 
       "B"."ORG_ENTITY_ID"[NUMBER,22], "C"."ENTERPRISE_ID"[NUMBER,22], "B"."ENTERPRISE_ID"[NUMBER,22], 
       "A"."ROLE_ID"[NUMBER,22], "C"."ROLE_ID"[NUMBER,22], "USERS".ROWID[ROWID,10], "USERS"."USER_ID"[NUMBER,22], 
       "USERS"."USER_NAME"[VARCHAR2,320], "USERS"."END_DATE"[DATE,7], "PACKAGE_ID"[NUMBER,22], "PNAME".ROWID[ROWID,10], 
       "PNAME"."PARAMETER_ID"[NUMBER,22], "PNAME"."PARAMETER_TYPE_ID"[NUMBER,22], UPPER("PARAMETER_NAME")[VARCHAR2,400], 
       "PTYPE".ROWID[ROWID,10], "PTYPE"."PARAMETER_TYPE_ID"[NUMBER,22], UPPER("PARAMETER_TYPE")[VARCHAR2,400], 
       "PVALUE".ROWID[ROWID,10], "PVALUE"."PARAMETER_TYPE_ID"[NUMBER,22], "PVALUE"."PARAMETER_ID"[NUMBER,22], 
       "PVALUE"."ORG_ENTITY_ID"[NUMBER,22], "ACT".ROWID[ROWID,10], "ACT"."ACTIVITY_ID"[NUMBER,22], 
       "ACT"."ACTIVITY_NAME"[VARCHAR2,400], "ROLE_ACT".ROWID[ROWID,10], "ROLE_ACT"."ACTIVITY_ID"[NUMBER,22], 
       "ROLE_ACT"."ROLE_ID"[NUMBER,22], "A".ROWID[ROWID,10], "A"."ORG_ROLE_ID"[NUMBER,22], "CL"."LOCALE_ID"[NUMBER,22], 
       "D"."USER_ID"[NUMBER,22], "ORGS".ROWID[ROWID,10], "ORGS"."ORG_ENTITY_ID"[NUMBER,22], "ORGS"."END_DATE"[DATE,7], 
       "D".ROWID[ROWID,10], "D"."ORG_ROLE_ID"[NUMBER,22], "CL"."ROLE_ID"[NUMBER,22], "CL".ROWID[ROWID,10], 
       "BL".ROWID[ROWID,10], "BL"."ORG_ENTITY_ID"[NUMBER,22], "BL"."LOCALE_ID"[NUMBER,22], "SRA"."PACKAGE_ID"[NUMBER,22]
  77 - (#keys=1) NVL("PACKAGE_ID",0)[22], NVL("SRA"."PACKAGE_ID",0)[22], "A"."ORG_ENTITY_ID"[NUMBER,22], 
       "B"."ORG_ENTITY_ID"[NUMBER,22], "C"."ENTERPRISE_ID"[NUMBER,22], "B"."ENTERPRISE_ID"[NUMBER,22], 
       "A"."ROLE_ID"[NUMBER,22], "C"."ROLE_ID"[NUMBER,22], "USERS".ROWID[ROWID,10], "USERS"."USER_ID"[NUMBER,22], 
       "USERS"."USER_NAME"[VARCHAR2,320], "USERS"."END_DATE"[DATE,7], "PACKAGE_ID"[NUMBER,22], "PNAME".ROWID[ROWID,10], 
       "PNAME"."PARAMETER_ID"[NUMBER,22], "PNAME"."PARAMETER_TYPE_ID"[NUMBER,22], UPPER("PARAMETER_NAME")[VARCHAR2,400], 
       "PTYPE".ROWID[ROWID,10], "PTYPE"."PARAMETER_TYPE_ID"[NUMBER,22], UPPER("PARAMETER_TYPE")[VARCHAR2,400], 
       "PVALUE".ROWID[ROWID,10], "PVALUE"."PARAMETER_TYPE_ID"[NUMBER,22], "PVALUE"."PARAMETER_ID"[NUMBER,22], 
       "PVALUE"."ORG_ENTITY_ID"[NUMBER,22], "ACT".ROWID[ROWID,10], "ACT"."ACTIVITY_ID"[NUMBER,22], 
       "ACT"."ACTIVITY_NAME"[VARCHAR2,400], "ROLE_ACT".ROWID[ROWID,10], "ROLE_ACT"."ACTIVITY_ID"[NUMBER,22], 
       "ROLE_ACT"."ROLE_ID"[NUMBER,22], "A".ROWID[ROWID,10], "A"."ORG_ROLE_ID"[NUMBER,22], "CL"."LOCALE_ID"[NUMBER,22], 
       "D"."USER_ID"[NUMBER,22], "ORGS".ROWID[ROWID,10], "ORGS"."ORG_ENTITY_ID"[NUMBER,22], "ORGS"."END_DATE"[DATE,7], 
       "D".ROWID[ROWID,10], "D"."ORG_ROLE_ID"[NUMBER,22], "CL"."ROLE_ID"[NUMBER,22], "CL".ROWID[ROWID,10], 
       "BL".ROWID[ROWID,10], "BL"."ORG_ENTITY_ID"[NUMBER,22], "BL"."LOCALE_ID"[NUMBER,22], "SRA"."PACKAGE_ID"[NUMBER,22]
  78 - (#keys=0) "A"."ORG_ENTITY_ID"[NUMBER,22], "B"."ORG_ENTITY_ID"[NUMBER,22], "C"."ENTERPRISE_ID"[NUMBER,22], 
       "B"."ENTERPRISE_ID"[NUMBER,22], "A"."ROLE_ID"[NUMBER,22], "C"."ROLE_ID"[NUMBER,22], "USERS".ROWID[ROWID,10], 
       "USERS"."USER_ID"[NUMBER,22], "USERS"."USER_NAME"[VARCHAR2,320], "USERS"."END_DATE"[DATE,7], "PACKAGE_ID"[NUMBER,22], 
       "PNAME".ROWID[ROWID,10], "PNAME"."PARAMETER_ID"[NUMBER,22], "PNAME"."PARAMETER_TYPE_ID"[NUMBER,22], 
       UPPER("PARAMETER_NAME")[VARCHAR2,400], "PTYPE".ROWID[ROWID,10], "PTYPE"."PARAMETER_TYPE_ID"[NUMBER,22], 
       UPPER("PARAMETER_TYPE")[VARCHAR2,400], "PVALUE".ROWID[ROWID,10], "PVALUE"."PARAMETER_TYPE_ID"[NUMBER,22], 
       "PVALUE"."PARAMETER_ID"[NUMBER,22], "PVALUE"."ORG_ENTITY_ID"[NUMBER,22], "ACT".ROWID[ROWID,10], 
       "ACT"."ACTIVITY_ID"[NUMBER,22], "ACT"."ACTIVITY_NAME"[VARCHAR2,400], "ROLE_ACT".ROWID[ROWID,10], 
       "ROLE_ACT"."ACTIVITY_ID"[NUMBER,22], "ROLE_ACT"."ROLE_ID"[NUMBER,22], "A".ROWID[ROWID,10], 
       "A"."ORG_ROLE_ID"[NUMBER,22], "CL"."LOCALE_ID"[NUMBER,22], "D"."USER_ID"[NUMBER,22], "ORGS".ROWID[ROWID,10], 
       "ORGS"."ORG_ENTITY_ID"[NUMBER,22], "ORGS"."END_DATE"[DATE,7], "D".ROWID[ROWID,10], "D"."ORG_ROLE_ID"[NUMBER,22], 
       "CL"."ROLE_ID"[NUMBER,22], "CL".ROWID[ROWID,10], "BL".ROWID[ROWID,10], "BL"."ORG_ENTITY_ID"[NUMBER,22], 
       "BL"."LOCALE_ID"[NUMBER,22]
  79 - (#keys=2) "A"."ORG_ENTITY_ID"[NUMBER,22], "B"."ORG_ENTITY_ID"[NUMBER,22], "C"."ENTERPRISE_ID"[NUMBER,22], 
       "B"."ENTERPRISE_ID"[NUMBER,22], "A"."ROLE_ID"[NUMBER,22], "C"."ROLE_ID"[NUMBER,22], "USERS".ROWID[ROWID,10], 
       "USERS"."USER_ID"[NUMBER,22], "USERS"."USER_NAME"[VARCHAR2,320], "USERS"."END_DATE"[DATE,7], "PACKAGE_ID"[NUMBER,22], 
       "PNAME".ROWID[ROWID,10], "PNAME"."PARAMETER_ID"[NUMBER,22], "PNAME"."PARAMETER_TYPE_ID"[NUMBER,22], 
       UPPER("PARAMETER_NAME")[VARCHAR2,400], "PTYPE".ROWID[ROWID,10], "PTYPE"."PARAMETER_TYPE_ID"[NUMBER,22], 
       UPPER("PARAMETER_TYPE")[VARCHAR2,400], "PVALUE".ROWID[ROWID,10], "PVALUE"."PARAMETER_TYPE_ID"[NUMBER,22], 
       "PVALUE"."PARAMETER_ID"[NUMBER,22], "PVALUE"."ORG_ENTITY_ID"[NUMBER,22], "ACT".ROWID[ROWID,10], 
       "ACT"."ACTIVITY_ID"[NUMBER,22], "ACT"."ACTIVITY_NAME"[VARCHAR2,400], "ROLE_ACT".ROWID[ROWID,10], 
       "ROLE_ACT"."ACTIVITY_ID"[NUMBER,22], "ROLE_ACT"."ROLE_ID"[NUMBER,22], "A".ROWID[ROWID,10], 
       "A"."ORG_ROLE_ID"[NUMBER,22], "CL"."LOCALE_ID"[NUMBER,22], "D"."USER_ID"[NUMBER,22], "ORGS".ROWID[ROWID,10], 
       "ORGS"."ORG_ENTITY_ID"[NUMBER,22], "ORGS"."END_DATE"[DATE,7], "D".ROWID[ROWID,10], "D"."ORG_ROLE_ID"[NUMBER,22], 
       "CL"."ROLE_ID"[NUMBER,22], "CL".ROWID[ROWID,10]
  80 - (#keys=0) "A"."ROLE_ID"[NUMBER,22], "C"."ROLE_ID"[NUMBER,22], "USERS".ROWID[ROWID,10], 
       "USERS"."USER_ID"[NUMBER,22], "USERS"."USER_NAME"[VARCHAR2,320], "USERS"."END_DATE"[DATE,7], "PACKAGE_ID"[NUMBER,22], 
       "PNAME".ROWID[ROWID,10], "PNAME"."PARAMETER_ID"[NUMBER,22], "PNAME"."PARAMETER_TYPE_ID"[NUMBER,22], 
       UPPER("PARAMETER_NAME")[VARCHAR2,400], "PTYPE".ROWID[ROWID,10], "PTYPE"."PARAMETER_TYPE_ID"[NUMBER,22], 
       UPPER("PARAMETER_TYPE")[VARCHAR2,400], "PVALUE".ROWID[ROWID,10], "PVALUE"."PARAMETER_TYPE_ID"[NUMBER,22], 
       "PVALUE"."PARAMETER_ID"[NUMBER,22], "PVALUE"."ORG_ENTITY_ID"[NUMBER,22], "ACT".ROWID[ROWID,10], 
       "ACT"."ACTIVITY_ID"[NUMBER,22], "ACT"."ACTIVITY_NAME"[VARCHAR2,400], "ROLE_ACT".ROWID[ROWID,10], 
       "ROLE_ACT"."ACTIVITY_ID"[NUMBER,22], "ROLE_ACT"."ROLE_ID"[NUMBER,22], "A".ROWID[ROWID,10], 
       "A"."ORG_ROLE_ID"[NUMBER,22], "A"."ORG_ENTITY_ID"[NUMBER,22], "D"."USER_ID"[NUMBER,22], "ORGS".ROWID[ROWID,10], 
       "ORGS"."ORG_ENTITY_ID"[NUMBER,22], "ORGS"."END_DATE"[DATE,7], "D".ROWID[ROWID,10], "D"."ORG_ROLE_ID"[NUMBER,22], 
       "C"."ENTERPRISE_ID"[NUMBER,22], "CL".ROWID[ROWID,10], "CL"."ROLE_ID"[NUMBER,22], "CL"."LOCALE_ID"[NUMBER,22]
  81 - (#keys=1) "A"."ROLE_ID"[NUMBER,22], "C"."ROLE_ID"[NUMBER,22], "USERS".ROWID[ROWID,10], 
       "USERS"."USER_ID"[NUMBER,22], "USERS"."USER_NAME"[VARCHAR2,320], "USERS"."END_DATE"[DATE,7], "PACKAGE_ID"[NUMBER,22], 
       "PNAME".ROWID[ROWID,10], "PNAME"."PARAMETER_ID"[NUMBER,22], "PNAME"."PARAMETER_TYPE_ID"[NUMBER,22], 
       UPPER("PARAMETER_NAME")[VARCHAR2,400], "PTYPE".ROWID[ROWID,10], "PTYPE"."PARAMETER_TYPE_ID"[NUMBER,22], 
       UPPER("PARAMETER_TYPE")[VARCHAR2,400], "PVALUE".ROWID[ROWID,10], "PVALUE"."PARAMETER_TYPE_ID"[NUMBER,22], 
       "PVALUE"."PARAMETER_ID"[NUMBER,22], "PVALUE"."ORG_ENTITY_ID"[NUMBER,22], "ACT".ROWID[ROWID,10], 
       "ACT"."ACTIVITY_ID"[NUMBER,22], "ACT"."ACTIVITY_NAME"[VARCHAR2,400], "ROLE_ACT".ROWID[ROWID,10], 
       "ROLE_ACT"."ACTIVITY_ID"[NUMBER,22], "ROLE_ACT"."ROLE_ID"[NUMBER,22], "A".ROWID[ROWID,10], 
       "A"."ORG_ROLE_ID"[NUMBER,22], "A"."ORG_ENTITY_ID"[NUMBER,22], "D"."USER_ID"[NUMBER,22], "ORGS".ROWID[ROWID,10], 
       "ORGS"."ORG_ENTITY_ID"[NUMBER,22], "ORGS"."END_DATE"[DATE,7], "D".ROWID[ROWID,10], "D"."ORG_ROLE_ID"[NUMBER,22], 
       "C"."ENTERPRISE_ID"[NUMBER,22]
  82 - (#keys=0) "USERS".ROWID[ROWID,10], "USERS"."USER_ID"[NUMBER,22], "USERS"."USER_NAME"[VARCHAR2,320], 
       "USERS"."END_DATE"[DATE,7], "PACKAGE_ID"[NUMBER,22], "PNAME".ROWID[ROWID,10], "PNAME"."PARAMETER_ID"[NUMBER,22], 
       "PNAME"."PARAMETER_TYPE_ID"[NUMBER,22], UPPER("PARAMETER_NAME")[VARCHAR2,400], "PTYPE".ROWID[ROWID,10], 
       "PTYPE"."PARAMETER_TYPE_ID"[NUMBER,22], UPPER("PARAMETER_TYPE")[VARCHAR2,400], "PVALUE".ROWID[ROWID,10], 
       "PVALUE"."PARAMETER_TYPE_ID"[NUMBER,22], "PVALUE"."PARAMETER_ID"[NUMBER,22], "PVALUE"."ORG_ENTITY_ID"[NUMBER,22], 
       "ACT".ROWID[ROWID,10], "ACT"."ACTIVITY_ID"[NUMBER,22], "ACT"."ACTIVITY_NAME"[VARCHAR2,400], 
       "ROLE_ACT".ROWID[ROWID,10], "ROLE_ACT"."ACTIVITY_ID"[NUMBER,22], "ROLE_ACT"."ROLE_ID"[NUMBER,22], "A".ROWID[ROWID,10], 
       "A"."ORG_ROLE_ID"[NUMBER,22], "A"."ORG_ENTITY_ID"[NUMBER,22], "A"."ROLE_ID"[NUMBER,22], "ORGS".ROWID[ROWID,10], 
       "ORGS"."ORG_ENTITY_ID"[NUMBER,22], "ORGS"."END_DATE"[DATE,7], "D".ROWID[ROWID,10], "D"."ORG_ROLE_ID"[NUMBER,22], 
       "D"."USER_ID"[NUMBER,22]
  83 - (#keys=0) "USERS".ROWID[ROWID,10], "USERS"."USER_ID"[NUMBER,22], "USERS"."USER_NAME"[VARCHAR2,320], 
       "USERS"."END_DATE"[DATE,7], "PACKAGE_ID"[NUMBER,22], "PNAME".ROWID[ROWID,10], "PNAME"."PARAMETER_ID"[NUMBER,22], 
       "PNAME"."PARAMETER_TYPE_ID"[NUMBER,22], UPPER("PARAMETER_NAME")[VARCHAR2,400], "PTYPE".ROWID[ROWID,10], 
       "PTYPE"."PARAMETER_TYPE_ID"[NUMBER,22], UPPER("PARAMETER_TYPE")[VARCHAR2,400], "PVALUE".ROWID[ROWID,10], 
       "PVALUE"."PARAMETER_TYPE_ID"[NUMBER,22], "PVALUE"."PARAMETER_ID"[NUMBER,22], "PVALUE"."ORG_ENTITY_ID"[NUMBER,22], 
       "ACT".ROWID[ROWID,10], "ACT"."ACTIVITY_ID"[NUMBER,22], "ACT"."ACTIVITY_NAME"[VARCHAR2,400], 
       "ROLE_ACT".ROWID[ROWID,10], "ROLE_ACT"."ACTIVITY_ID"[NUMBER,22], "ROLE_ACT"."ROLE_ID"[NUMBER,22], "A".ROWID[ROWID,10], 
       "A"."ORG_ROLE_ID"[NUMBER,22], "A"."ORG_ENTITY_ID"[NUMBER,22], "A"."ROLE_ID"[NUMBER,22], "ORGS".ROWID[ROWID,10], 
       "ORGS"."ORG_ENTITY_ID"[NUMBER,22], "ORGS"."END_DATE"[DATE,7]
  84 - (#keys=0) "USERS".ROWID[ROWID,10], "USERS"."USER_ID"[NUMBER,22], "USERS"."USER_NAME"[VARCHAR2,320], 
       "USERS"."END_DATE"[DATE,7], "PACKAGE_ID"[NUMBER,22], "PNAME".ROWID[ROWID,10], "PNAME"."PARAMETER_ID"[NUMBER,22], 
       "PNAME"."PARAMETER_TYPE_ID"[NUMBER,22], UPPER("PARAMETER_NAME")[VARCHAR2,400], "PTYPE".ROWID[ROWID,10], 
       "PTYPE"."PARAMETER_TYPE_ID"[NUMBER,22], UPPER("PARAMETER_TYPE")[VARCHAR2,400], "PVALUE".ROWID[ROWID,10], 
       "PVALUE"."PARAMETER_TYPE_ID"[NUMBER,22], "PVALUE"."PARAMETER_ID"[NUMBER,22], "PVALUE"."ORG_ENTITY_ID"[NUMBER,22], 
       "ACT".ROWID[ROWID,10], "ACT"."ACTIVITY_ID"[NUMBER,22], "ACT"."ACTIVITY_NAME"[VARCHAR2,400], 
       "ROLE_ACT".ROWID[ROWID,10], "ROLE_ACT"."ACTIVITY_ID"[NUMBER,22], "ROLE_ACT"."ROLE_ID"[NUMBER,22], "A".ROWID[ROWID,10], 
       "A"."ORG_ROLE_ID"[NUMBER,22], "A"."ORG_ENTITY_ID"[NUMBER,22], "A"."ROLE_ID"[NUMBER,22]
  85 - (#keys=0) "USERS".ROWID[ROWID,10], "USERS"."USER_ID"[NUMBER,22], "USERS"."USER_NAME"[VARCHAR2,320], 
       "USERS"."END_DATE"[DATE,7], "PACKAGE_ID"[NUMBER,22], "PNAME".ROWID[ROWID,10], "PNAME"."PARAMETER_ID"[NUMBER,22], 
       "PNAME"."PARAMETER_TYPE_ID"[NUMBER,22], UPPER("PARAMETER_NAME")[VARCHAR2,400], "PTYPE".ROWID[ROWID,10], 
       "PTYPE"."PARAMETER_TYPE_ID"[NUMBER,22], UPPER("PARAMETER_TYPE")[VARCHAR2,400], "PVALUE".ROWID[ROWID,10], 
       "PVALUE"."PARAMETER_TYPE_ID"[NUMBER,22], "PVALUE"."PARAMETER_ID"[NUMBER,22], "PVALUE"."ORG_ENTITY_ID"[NUMBER,22], 
       "ACT".ROWID[ROWID,10], "ACT"."ACTIVITY_ID"[NUMBER,22], "ACT"."ACTIVITY_NAME"[VARCHAR2,400], 
       "ROLE_ACT".ROWID[ROWID,10], "ROLE_ACT"."ACTIVITY_ID"[NUMBER,22], "ROLE_ACT"."ROLE_ID"[NUMBER,22]
  86 - (#keys=0) "USERS".ROWID[ROWID,10], "USERS"."USER_ID"[NUMBER,22], "USERS"."USER_NAME"[VARCHAR2,320], 
       "USERS"."END_DATE"[DATE,7], "PACKAGE_ID"[NUMBER,22], "PNAME".ROWID[ROWID,10], "PNAME"."PARAMETER_ID"[NUMBER,22], 
       "PNAME"."PARAMETER_TYPE_ID"[NUMBER,22], UPPER("PARAMETER_NAME")[VARCHAR2,400], "PTYPE".ROWID[ROWID,10], 
       "PTYPE"."PARAMETER_TYPE_ID"[NUMBER,22], UPPER("PARAMETER_TYPE")[VARCHAR2,400], "PVALUE".ROWID[ROWID,10], 
       "PVALUE"."PARAMETER_TYPE_ID"[NUMBER,22], "PVALUE"."PARAMETER_ID"[NUMBER,22], "PVALUE"."ORG_ENTITY_ID"[NUMBER,22], 
       "ACT".ROWID[ROWID,10], "ACT"."ACTIVITY_ID"[NUMBER,22], "ACT"."ACTIVITY_NAME"[VARCHAR2,400]
  87 - (#keys=0) "USERS".ROWID[ROWID,10], "USERS"."USER_ID"[NUMBER,22], "USERS"."USER_NAME"[VARCHAR2,320], 
       "USERS"."END_DATE"[DATE,7], "PACKAGE_ID"[NUMBER,22], "PNAME".ROWID[ROWID,10], "PNAME"."PARAMETER_ID"[NUMBER,22], 
       "PNAME"."PARAMETER_TYPE_ID"[NUMBER,22], UPPER("PARAMETER_NAME")[VARCHAR2,400], "PTYPE".ROWID[ROWID,10], 
       "PTYPE"."PARAMETER_TYPE_ID"[NUMBER,22], UPPER("PARAMETER_TYPE")[VARCHAR2,400], "PVALUE".ROWID[ROWID,10], 
       "PVALUE"."PARAMETER_TYPE_ID"[NUMBER,22], "PVALUE"."PARAMETER_ID"[NUMBER,22], "PVALUE"."ORG_ENTITY_ID"[NUMBER,22]
  88 - (#keys=0) "USERS".ROWID[ROWID,10], "USERS"."USER_ID"[NUMBER,22], "USERS"."USER_NAME"[VARCHAR2,320], 
       "USERS"."END_DATE"[DATE,7], "PACKAGE_ID"[NUMBER,22], "PNAME".ROWID[ROWID,10], "PNAME"."PARAMETER_ID"[NUMBER,22], 
       "PNAME"."PARAMETER_TYPE_ID"[NUMBER,22], UPPER("PARAMETER_NAME")[VARCHAR2,400], "PTYPE".ROWID[ROWID,10], 
       "PTYPE"."PARAMETER_TYPE_ID"[NUMBER,22], UPPER("PARAMETER_TYPE")[VARCHAR2,400]
  89 - (#keys=0) "USERS".ROWID[ROWID,10], "USERS"."USER_ID"[NUMBER,22], "USERS"."USER_NAME"[VARCHAR2,320], 
       "USERS"."END_DATE"[DATE,7], "PACKAGE_ID"[NUMBER,22], "PNAME".ROWID[ROWID,10], "PNAME"."PARAMETER_ID"[NUMBER,22], 
       "PNAME"."PARAMETER_TYPE_ID"[NUMBER,22], UPPER("PARAMETER_NAME")[VARCHAR2,400]
  90 - "USERS".ROWID[ROWID,10], "USERS"."USER_ID"[NUMBER,22], "USERS"."USER_NAME"[VARCHAR2,320], 
       "USERS"."END_DATE"[DATE,7], "PACKAGE_ID"[NUMBER,22]
  91 - "USERS".ROWID[ROWID,10], "USERS"."USER_NAME"[VARCHAR2,320]
  92 - "PNAME".ROWID[ROWID,10], "PNAME"."PARAMETER_ID"[NUMBER,22], "PNAME"."PARAMETER_TYPE_ID"[NUMBER,22], 
       UPPER("PARAMETER_NAME")[VARCHAR2,400]
  93 - "PNAME".ROWID[ROWID,10], UPPER("PARAMETER_NAME")[VARCHAR2,400]
  94 - "PTYPE".ROWID[ROWID,10], "PTYPE"."PARAMETER_TYPE_ID"[NUMBER,22], UPPER("PARAMETER_TYPE")[VARCHAR2,400]
  95 - "PVALUE".ROWID[ROWID,10], "PVALUE"."PARAMETER_TYPE_ID"[NUMBER,22], "PVALUE"."PARAMETER_ID"[NUMBER,22], 
       "PVALUE"."ORG_ENTITY_ID"[NUMBER,22]
  96 - (#keys=0) "ACT".ROWID[ROWID,10], "ACT"."ACTIVITY_ID"[NUMBER,22], "ACT"."ACTIVITY_NAME"[VARCHAR2,400]
  97 - "ACT".ROWID[ROWID,10], "ACT"."ACTIVITY_ID"[NUMBER,22], "ACT"."ACTIVITY_NAME"[VARCHAR2,400]
  98 - "ACT".ROWID[ROWID,10], "ACT"."ACTIVITY_NAME"[VARCHAR2,400]
  99 - "ROLE_ACT".ROWID[ROWID,10], "ROLE_ACT"."ACTIVITY_ID"[NUMBER,22], "ROLE_ACT"."ROLE_ID"[NUMBER,22]
 100 - "A".ROWID[ROWID,10], "A"."ORG_ROLE_ID"[NUMBER,22], "A"."ORG_ENTITY_ID"[NUMBER,22], "A"."ROLE_ID"[NUMBER,22]
 101 - "A".ROWID[ROWID,10], "A"."ROLE_ID"[NUMBER,22]
 102 - "ORGS".ROWID[ROWID,10], "ORGS"."ORG_ENTITY_ID"[NUMBER,22], "ORGS"."END_DATE"[DATE,7]
 103 - "ORGS".ROWID[ROWID,10], "ORGS"."ORG_ENTITY_ID"[NUMBER,22]
 104 - "D".ROWID[ROWID,10], "D"."ORG_ROLE_ID"[NUMBER,22], "D"."USER_ID"[NUMBER,22]
 105 - "C"."ENTERPRISE_ID"[NUMBER,22], "C"."ROLE_ID"[NUMBER,22]
 106 - (#keys=1) "ENTERPRISE_ID"[NUMBER,22], "T"."ROLE_ID"[NUMBER,22]
 107 - (#keys=0) "ENTERPRISE_ID"[NUMBER,22], "T"."ROLE_ID"[NUMBER,22], "PACKAGE_ID"[NUMBER,22]
 108 - "ENTERPRISE_ID"[NUMBER,22], "T"."ROLE_ID"[NUMBER,22], "PACKAGE_ID"[NUMBER,22]
 110 - "SRA"."PACKAGE_ID"[NUMBER,22]
 111 - STRDEF[22]
 112 - (#keys=0) "T"."MODULE_ID"[NUMBER,22]
 113 - "T"."MODULE_ID"[NUMBER,22]
 116 - "CL".ROWID[ROWID,10], "CL"."ROLE_ID"[NUMBER,22], "CL"."LOCALE_ID"[NUMBER,22]
 117 - "B"."ENTERPRISE_ID"[NUMBER,22], "B"."ORG_ENTITY_ID"[NUMBER,22]
 118 - (#keys=0) "T"."ENTERPRISE_ID"[NUMBER,22], "T"."ORG_ENTITY_ID"[NUMBER,22]
 119 - "T"."ENTERPRISE_ID"[NUMBER,22], "T"."ORG_ENTITY_ID"[NUMBER,22]
 121 - "BL".ROWID[ROWID,10], "BL"."ORG_ENTITY_ID"[NUMBER,22], "BL"."LOCALE_ID"[NUMBER,22]
 122 - "SRA"."PACKAGE_ID"[NUMBER,22]
 123 - STRDEF[22]
 124 - (#keys=0) "T"."MODULE_ID"[NUMBER,22]
 125 - "T"."MODULE_ID"[NUMBER,22]
										</code></pre>
								</section>
						</div>
					</div>

				<!-- Sidebar -->
				<div id="sidebar">
					<div class="inner">
						<!-- Menu -->
						<nav id="menu">
							<header class="major">
								<h2>Menu</h2>
							</header>
							<ul>
								<li><a href="../index.html">Module List</a></li>
								<li><a href="index.html">Summary</a></li>
								<li>
									<span class="opener">DB Analysis</span>
									<ul>
										<li><a href="bad-sql.html">Bad SQL</a></li>
										<li><a href="poor-sql.html">Poor SQL Plan</a></li>
										<li><a href="invalid-sql.html">Invalid SQL</a></li>
										<li><a href="full-sql.html">Full SQL Report</a></li>
										<li><a href="table-nil-key.html">Primary/Unique Key Miss</a></li>
										<li><a href="invalid-db-object.html">Invalid DB Objects</a></li>
										<li><a href="sequence-with-less-cache.html">Sequence</a></li>
										<li><a href="table-index-lob-size.html">Table Size</a></li>
										<li><a href="table-row-count.html">Table Row Count</a></li>
										<li><a href="top-worst-queries.html">Top Worst Queries</a></li>
									</ul>
								</li>
								<li>
								    <span class="opener">LOB</span>
								    <ul>
								        <li><a href="lob-no-cache.html">LOB - No Cache</a></li>
								        <li><a href="lob-columns.html">LOB - All Columns</a></li>
								    </ul>
								</li>
								<li>
									<span class="opener">Infolets</span>
									<ul>
										<li><a href="keep-history-infolets.html">Keep History Infolets</a></li>
										<li><a href="plsql-context-switch.html">SQL-PL/SQL Context Switch</a></li>
									</ul>
								</li>
								<li>
									<span class="opener">Pushforms</span>
									<ul>
										<li><a href="pushform-denormalize.html">Pushform Denormalized</a></li>
									</ul>
								</li>
								<li>
									<span class="opener">PL/SQL</span>
									<ul>
										<li><a href="plsql-dyn-qry-objs.html">Dynamic Query</a></li>
									</ul>
								</li>
								<li>
								    <span class="opener">Report</span>
								    <ul>
								        <li><a href="jasper.html">Jasper Reports</a></li>
								    </ul>
								</li>
							</ul>
						</nav>

						<!-- Section -->
						<section>
							<header class="major">
								<h2>Get in touch</h2>
							</header>
							<p>You need more details on the report or want more functionality, don't hesitate to reach out to us.</p>
							<ul class="contact">
								<li class="fa-envelope-o"><a href="mailto:apps-rnd-arch-team@metricstream.com?Subject=Reg - Code Analysis Tool" target="_top">apps-rnd-arch-team@metricstream.com</a></li>
							</ul>
						</section>

						<!-- Footer -->
						<footer id="footer">
							<p class="copyright">&copy; <a href="http://www.metricstream.com" target="_blank">MetricStream</a>. All rights reserved. </p>
						</footer>
					</div>
				</div>
			</div>

		<!-- Scripts -->
			<script src="../../lib/assets/js/jquery.min.js"></script>
			<script src="../../lib/assets/js/skel.min.js"></script>
			<script src="../../lib/assets/js/util.js"></script>
			<!--[if lte IE 8]><script src="../../lib/assets/js/ie/respond.min.js"></script><![endif]-->
			<script src="../../lib/assets/js/main.js"></script>
	</body>
</html>