<!DOCTYPE HTML>
<html>
	<head>
		<title>Code Analysis - MetricStream</title>
		<meta charset="utf-8" />
		<meta name="viewport" content="width=device-width, initial-scale=1, user-scalable=no" />
		<!--[if lte IE 8]><script src="../../lib/assets/js/ie/html5shiv.js"></script><![endif]-->
		<link rel="stylesheet" href="../../lib/assets/css/main.css" />
		<!--[if lte IE 9]><link rel="stylesheet" href="../../lib/assets/css/ie9.css" /><![endif]-->
		<!--[if lte IE 8]><link rel="stylesheet" href="../../lib/assets/css/ie8.css" /><![endif]-->
	</head>
	<body>

		<!-- Wrapper -->
			<div id="wrapper">

				<!-- Main -->
					<div id="main">
						<div class="inner">
							<!-- Header -->
								<header id="header">
									<a href="index.html" class="logo"><strong>Static Code Analysis Report</strong> by Code Analyzer Tool</a>
								</header>

							<!-- Content -->
								<section>
									<!-- Content -->
										<header class="major"><h2>Infolet Details</h2></header>
										<div class="table-wrapper">
											<table>
												<tbody>
													<tr>
														<th>Name</th>
														<td>MS_QSM_INIT_QUESTNR_RPT (103789)</td>
													</tr>
													<tr>
														<th>SQL</th>
														<td><pre><code>SELECT QUE_REQUEST_ID, QUE_REQUEST_TYPE, QUE_REQUEST_TYPE_DISP,
QUE_REQUEST_NAME, SCH_FREQUENCY, SCH_FREQUENCY_DISP, DECODE(SCH_FREQUENCY,'3','View',SENT) as SENT, QUE_APPLIES_TO, QUE_APPLIES_TO_DISP, OWNER_ORGANIZATIONS, OWNER_ORGANIZATIONS_DISP, Name_Link, SCH_START_DATE, SCH_DUE_AFTER, LOGIN_ID
FROM (   
SELECT 
     IQV.QUE_REQUEST_ID, IQV.QUE_REQUEST_TYPE,  
MS_QSM_RPT_UTIL.GET_DISPLAY_VALUE( :6, 'MS_QSM_Init_Questionnaire_Type' , IQV.QUE_REQUEST_TYPE, IQV.DD_OBJECT_TYPE ) AS QUE_REQUEST_TYPE_DISP,
     IQV.QUE_REQUEST_NAME, 
(MS_QSM_UTILITIES.FN_GET_REPORT_JSON(ms_apps_utilities.get_infolet_id(IQV.DD_OBJECT_TYPE),IQV.DD_PROCESS_INSTANCE_ID,'0',
'''flag=1'||CHR(38)||'emd=1'||CHR(38)||'x_edit_mode=Yes'||CHR (38)|| 'wrapper= No'|| CHR (38)|| 'mode=view'''))  as Name_Link,
IQV.SCH_FREQUENCY, 
MS_QSM_RPT_UTIL.GET_DISPLAY_VALUE( :6, 'MS_QSM_Frequency' , IQV.SCH_FREQUENCY, IQV.DD_OBJECT_TYPE ) 
AS SCH_FREQUENCY_DISP, (SELECT MAX (NVL(TRIGGER_COUNT,0)) FROM MS_QSM_SCHEDULER_MASTER
WHERE SCH_REQ_ID = IQV.QUE_REQUEST_ID)SENT, IQV.QUE_APPLIES_TO, IQV.QUE_APPLIES_TO_DISP, IQV.OWNER_ORGANIZATIONS, IQV.OWNER_ORGANIZATIONS_DISP, IQV.SCH_START_DATE, IQV.SCH_DUE_AFTER, :6 as LOGIN_ID
from MS_QSM_INIT_QUESTNR_RPT_V IQV
WHERE MS_APPS_SECURITY_PKG.CHECK_OBJECT_ACCESS(DD_OBJECT_TYPE,RESTRICT_ACCESS_TO,OWNER_ORGANIZATIONS,:6,'VIEW') = 'ACCESS'
AND IQV.SCH_FREQUENCY <>'6'
AND TRUNC(SYSDATE)<=TRUNC(NVL(IQV.SCH_END_BY,SYSDATE))
AND IQV.MANAGE_SURVEY = '2'
)
WHERE (QUE_REQUEST_ID IN (SELECT COLUMN_VALUE FROM TABLE (ms_grc_str_common_utilities.Split_String_Stored(:1))) OR :1 IS NULL)
  AND (QUE_REQUEST_TYPE IN (SELECT COLUMN_VALUE FROM TABLE (ms_grc_str_common_utilities.Split_String_Stored(:2))) OR :2 IS NULL)
  AND SCH_FREQUENCY_DISP = NVL(TRIM(:3),SCH_FREQUENCY_DISP)
  AND QUE_APPLIES_TO_DISP=NVL(TRIM(:4),QUE_APPLIES_TO_DISP)
  AND (trim(:5) IN (select column_value from table(ms_grc_str_common_utilities.Split_Clob_stored(trim(OWNER_ORGANIZATIONS)))) OR :5 IS NULL)
</code></pre></td>
													</tr>
													<tr>
														<th>Description</th>
														<td>This infolet is used in INITIATE QUESTIONNAIRE Report.</td>
													</tr>
												</tbody>
											</table>
										</div>

										<h2 align="center" id="content">Analysis Report</h2>
										<hr>

<header class="major"><h2>Plan hash value: 636173925</h2></header><pre><code>
 
-----------------------------------------------------------------------------------------------------------------
| Id  | Operation                          | Name                       | Rows  | Bytes | Cost (%CPU)| Time     |
-----------------------------------------------------------------------------------------------------------------
|   0 | SELECT STATEMENT                   |                            |     1 |  7695 |     5  (20)| 00:00:01 |
|   1 |  SORT AGGREGATE                    |                            |     1 |   215 |            |          |
|   2 |   TABLE ACCESS BY INDEX ROWID      | MS_QSM_SCHEDULER_MASTER    |     1 |   215 |     1   (0)| 00:00:01 |
<font style="background-color: lightblue; color: red">|*  3 |    INDEX SKIP SCAN                 | SCH_MASTER_PK              |     1 |       |     1   (0)| 00:00:01 |</font>
|*  4 |  FILTER                            |                            |       |       |            |          |
<font style="background-color: lightblue; color: red">|*  5 |   TABLE ACCESS FULL                | MS_QSM_APPLIES_TO          |     1 |    19 |     3   (0)| 00:00:01 |</font>
|   6 |   NESTED LOOPS                     |                            |     1 |    30 |     4   (0)| 00:00:01 |
|   7 |    TABLE ACCESS BY INDEX ROWID     | SI_USERS_T                 |     1 |    19 |     1   (0)| 00:00:01 |
|*  8 |     INDEX UNIQUE SCAN              | USER_NAME_UK               |     1 |       |     1   (0)| 00:00:01 |
<font style="background-color: lightblue; color: red">|*  9 |    TABLE ACCESS FULL               | SI_LOCALES                 |     1 |    11 |     3   (0)| 00:00:01 |</font>
|  10 |  SORT AGGREGATE                    |                            |     1 |  2204 |            |          |
<font style="background-color: lightblue; color: red">|* 11 |   INDEX SKIP SCAN                  | MS_QSM_INIT_QUESTNR_OWO_UK |     1 |  2204 |     1   (0)| 00:00:01 |</font>
|  12 |  SORT GROUP BY                     |                            |     1 |  2227 |            |          |
|  13 |   NESTED LOOPS                     |                            |     1 |  2227 |     2   (0)| 00:00:01 |
|  14 |    NESTED LOOPS                    |                            |     1 |  2227 |     2   (0)| 00:00:01 |
<font style="background-color: lightblue; color: red">|* 15 |     INDEX SKIP SCAN                | MS_QSM_INIT_QUESTNR_OWO_UK |     1 |  2204 |     1   (0)| 00:00:01 |</font>
|* 16 |     INDEX RANGE SCAN               | SI_ORG_ENTITIES_N5         |     1 |       |     1   (0)| 00:00:01 |
|  17 |    TABLE ACCESS BY INDEX ROWID     | SI_ORG_ENTITIES_T          |     1 |    23 |     1   (0)| 00:00:01 |
|* 18 |  FILTER                            |                            |       |       |            |          |
|* 19 |   VIEW                             | MS_QSM_INIT_QUESTNR_RPT_V  |     1 |  7695 |     5  (20)| 00:00:01 |
|  20 |    NESTED LOOPS                    |                            |     1 |  4638 |     5  (20)| 00:00:01 |
|  21 |     NESTED LOOPS                   |                            |     1 |  3893 |     4  (25)| 00:00:01 |
|  22 |      VIEW                          |                            |     1 |  3381 |     3  (34)| 00:00:01 |
|  23 |       SORT ORDER BY                |                            |     1 | 35914 |     3  (34)| 00:00:01 |
<font style="background-color: lightblue; color: red">|* 24 |        TABLE ACCESS FULL           | MS_QSM_INIT_QUESTNR        |     1 | 35914 |     2   (0)| 00:00:01 |</font>
|* 25 |      INDEX UNIQUE SCAN             | MS_QSM_QUESTIONNAIRE_PK    |     1 |   512 |     1   (0)| 00:00:01 |
|* 26 |     TABLE ACCESS BY INDEX ROWID    | MS_QSM_QUESTNR_SCH         |       |       |            |          |
|* 27 |      INDEX UNIQUE SCAN             | MS_QSM_QUESTNR_SCH_PK      |     1 |       |     1   (0)| 00:00:01 |
<font style="background-color: lightblue; color: red">|* 28 |   COLLECTION ITERATOR PICKLER FETCH| SPLIT_STRING_STORED        |     1 |     2 |     2   (0)| 00:00:01 |</font>
<font style="background-color: lightblue; color: red">|* 29 |   COLLECTION ITERATOR PICKLER FETCH| SPLIT_STRING_STORED        |     1 |     2 |     2   (0)| 00:00:01 |</font>
<font style="background-color: lightblue; color: red">|* 30 |   COLLECTION ITERATOR PICKLER FETCH| SPLIT_CLOB_STORED          |     1 |     2 |     2   (0)| 00:00:01 |</font>
-----------------------------------------------------------------------------------------------------------------
 
</code></pre><header class="major"><h2>Query Block Name / Object Alias (identified by operation id):</h2></header><pre><code>
 
   1 - SEL$3       
   2 - SEL$3        / MS_QSM_SCHEDULER_MASTER@SEL$3
   3 - SEL$3        / MS_QSM_SCHEDULER_MASTER@SEL$3
   4 - SEL$5       
   5 - SEL$5        / B@SEL$5
   6 - SEL$6       
   7 - SEL$6        / X@SEL$6
   8 - SEL$6        / X@SEL$6
   9 - SEL$6        / Y@SEL$6
  10 - SEL$13      
  11 - SEL$13       / B@SEL$13
  12 - SEL$14      
  15 - SEL$14       / B@SEL$14
  16 - SEL$14       / C@SEL$14
  17 - SEL$14       / C@SEL$14
  18 - SEL$F5BB74E1
  19 - SEL$E92ABC40 / IQV@SEL$2
  20 - SEL$E92ABC40
  22 - SEL$17       / A@SEL$7
  23 - SEL$17      
  24 - SEL$17       / MS_QSM_INIT_QUESTNR@SEL$17
  25 - SEL$E92ABC40 / C@SEL$7
  27 - SEL$E92ABC40 / B@SEL$7
  28 - SEL$07C48A2D / KOKBF$0@SEL$19
  29 - SEL$5EC70623 / KOKBF$1@SEL$21
  30 - SEL$00A1922E / KOKBF$2@SEL$23
 
</code></pre><header class="major"><h2>Predicate Information (identified by operation id):</h2></header><pre><code>
 
   3 - access("SCH_REQ_ID"=:B1)
       filter("SCH_REQ_ID"=:B1)
   4 - filter("LOCALE_ID"= (SELECT "Y"."LOCALE_ID" FROM METRICSTREAM."SI_LOCALES" 
              "Y",METRICSTREAM."SI_USERS_T" "X" WHERE "X"."USER_NAME"=:B1 AND "X"."LOCALE"="Y"."LOCALE_STRING"))
   5 - filter("B"."OBJECT_ID"=:B1)
   8 - access("X"."USER_NAME"=:B1)
   9 - filter("X"."LOCALE"="Y"."LOCALE_STRING")
  11 - access("B"."QUE_REQUEST_ID"=:B1)
       filter("B"."QUE_REQUEST_ID"=:B1)
  15 - access("B"."QUE_REQUEST_ID"=:B1)
       filter("B"."QUE_REQUEST_ID"=:B1)
  16 - access("C"."ORG_ENTITY_ID"=TO_NUMBER("B"."OWNER_ORGANIZATIONS"))
  18 - filter(( EXISTS (SELECT 0 FROM TABLE() "KOKBF$0" WHERE VALUE(KOKBF$)=:B1) OR :1 IS NULL) AND ( 
              EXISTS (SELECT 0 FROM TABLE() "KOKBF$1" WHERE VALUE(KOKBF$)=:B2) OR :2 IS NULL) AND ( EXISTS (SELECT 0 
              FROM TABLE() "KOKBF$2" WHERE VALUE(KOKBF$)=TRIM(:5)) OR :5 IS NULL))
  19 - filter("IQV"."QUE_APPLIES_TO_DISP"=NVL(TRIM(:4),"IQV"."QUE_APPLIES_TO_DISP") AND 
              "MS_APPS_SECURITY_PKG"."CHECK_OBJECT_ACCESS"("DD_OBJECT_TYPE","RESTRICT_ACCESS_TO",SYS_OP_CL2C("OWNER_ORG
              ANIZATIONS"),:6,'VIEW')='ACCESS')
  24 - filter("MS_QSM_INIT_QUESTNR"."MANAGE_SURVEY"='2')
  25 - access("A"."QUESTIONNAIRE_ID"="C"."INTERNAL_QUESTNR_ID")
  26 - filter(TRUNC(NVL("B"."SCH_END_BY",SYSDATE@!))>=TRUNC(SYSDATE@!) AND "B"."SCH_FREQUENCY"<>'6' AND 
              "MS_QSM_RPT_UTIL"."GET_DISPLAY_VALUE"(:6,'MS_QSM_Frequency',"B"."SCH_FREQUENCY","A"."DD_OBJECT_TYPE")=NVL
              (TRIM(:3),"MS_QSM_RPT_UTIL"."GET_DISPLAY_VALUE"(:6,'MS_QSM_Frequency',"B"."SCH_FREQUENCY","A"."DD_OBJECT_
              TYPE")))
  27 - access("A"."QUE_REQUEST_ID"="B"."SCH_REQ_ID")
  28 - filter(VALUE(KOKBF$)=:B1)
  29 - filter(VALUE(KOKBF$)=:B1)
  30 - filter(VALUE(KOKBF$)=TRIM(:5))
 
</code></pre><header class="major"><h2>Column Projection Information (identified by operation id):</h2></header><pre><code>
 
   1 - (#keys=0) MAX(NVL("TRIGGER_COUNT",0))[22]
   2 - "TRIGGER_COUNT"[NUMBER,22]
   3 - "MS_QSM_SCHEDULER_MASTER".ROWID[ROWID,10]
   4 - "B"."OBJECT_NAME"[VARCHAR2,2000], "LOCALE_ID"[NUMBER,22]
   5 - "B"."OBJECT_NAME"[VARCHAR2,2000], "LOCALE_ID"[NUMBER,22]
   6 - (#keys=0) "Y"."LOCALE_ID"[NUMBER,22]
   7 - "X"."LOCALE"[VARCHAR2,400]
   8 - "X".ROWID[ROWID,10]
   9 - "Y"."LOCALE_ID"[NUMBER,22]
  10 - (#keys=0) "MS_JOIN_CLOB"(INTERNAL_FUNCTION("B"."OWNER_ORGANIZATIONS"))[4000]
  11 - "B"."OWNER_ORGANIZATIONS"[VARCHAR2,4000]
  12 - (#keys=0) "MS_JOIN_CLOB"(DISTINCT INTERNAL_FUNCTION("C"."ORG_ENTITY_NAME"))[4000]
  13 - (#keys=0) "C"."ORG_ENTITY_NAME"[VARCHAR2,400]
  14 - (#keys=0) "C".ROWID[ROWID,10]
  15 - "B"."OWNER_ORGANIZATIONS"[VARCHAR2,4000]
  16 - "C".ROWID[ROWID,10]
  17 - "C"."ORG_ENTITY_NAME"[VARCHAR2,400]
  18 - "IQV"."QUE_REQUEST_ID"[VARCHAR2,400], "IQV"."QUE_REQUEST_NAME"[VARCHAR2,1020], 
       "IQV"."QUE_REQUEST_TYPE"[VARCHAR2,400], "DD_OBJECT_TYPE"[VARCHAR2,400], 
       "IQV"."DD_PROCESS_INSTANCE_ID"[NUMBER,22], "IQV"."SCH_FREQUENCY"[VARCHAR2,1020], 
       "IQV"."QUE_APPLIES_TO"[VARCHAR2,1020], "IQV"."QUE_APPLIES_TO_DISP"[VARCHAR2,2000], 
       "OWNER_ORGANIZATIONS"[LOB,4000], "IQV"."OWNER_ORGANIZATIONS_DISP"[LOB,4000], 
       "IQV"."SCH_START_DATE"[DATE,7], "IQV"."SCH_DUE_AFTER"[NUMBER,22]
  19 - "IQV"."QUE_REQUEST_ID"[VARCHAR2,400], "IQV"."QUE_REQUEST_NAME"[VARCHAR2,1020], 
       "IQV"."QUE_REQUEST_TYPE"[VARCHAR2,400], "DD_OBJECT_TYPE"[VARCHAR2,400], 
       "IQV"."DD_PROCESS_INSTANCE_ID"[NUMBER,22], "IQV"."SCH_FREQUENCY"[VARCHAR2,1020], 
       "IQV"."QUE_APPLIES_TO"[VARCHAR2,1020], "IQV"."QUE_APPLIES_TO_DISP"[VARCHAR2,2000], 
       "OWNER_ORGANIZATIONS"[LOB,4000], "IQV"."OWNER_ORGANIZATIONS_DISP"[LOB,4000], 
       "RESTRICT_ACCESS_TO"[VARCHAR2,1020], "IQV"."SCH_START_DATE"[DATE,7], "IQV"."SCH_DUE_AFTER"[NUMBER,22]
  20 - (#keys=0) "A"."QUE_APPLIES_TO"[VARCHAR2,1020], "A"."QUE_REQUEST_ID"[VARCHAR2,400], 
       "A"."QUE_REQUEST_NAME"[VARCHAR2,1020], "A"."DD_OBJECT_TYPE"[VARCHAR2,400], 
       "A"."DD_PROCESS_INSTANCE_ID"[NUMBER,22], "A"."DD_CREATED_BY"[VARCHAR2,400], 
       "A"."RESTRICT_ACCESS_TO"[VARCHAR2,1020], "A"."QUE_REQUEST_TYPE"[VARCHAR2,400], 
       "B"."SCH_FREQUENCY"[VARCHAR2,1020], "B"."SCH_DUE_AFTER"[NUMBER,22], "B"."SCH_START_DATE"[DATE,7]
  21 - (#keys=0) "A"."QUE_APPLIES_TO"[VARCHAR2,1020], "A"."QUE_REQUEST_ID"[VARCHAR2,400], 
       "A"."QUE_REQUEST_NAME"[VARCHAR2,1020], "A"."DD_OBJECT_TYPE"[VARCHAR2,400], 
       "A"."DD_PROCESS_INSTANCE_ID"[NUMBER,22], "A"."DD_CREATED_BY"[VARCHAR2,400], 
       "A"."RESTRICT_ACCESS_TO"[VARCHAR2,1020], "A"."QUE_REQUEST_TYPE"[VARCHAR2,400]
  22 - "A"."QUE_APPLIES_TO"[VARCHAR2,1020], "A"."QUE_REQUEST_ID"[VARCHAR2,400], 
       "A"."QUE_REQUEST_NAME"[VARCHAR2,1020], "A"."DD_OBJECT_TYPE"[VARCHAR2,400], 
       "A"."DD_PROCESS_INSTANCE_ID"[NUMBER,22], "A"."DD_CREATED_BY"[VARCHAR2,400], 
       "A"."QUESTIONNAIRE_ID"[VARCHAR2,1020], "A"."RESTRICT_ACCESS_TO"[VARCHAR2,1020], 
       "A"."QUE_REQUEST_TYPE"[VARCHAR2,400]
  23 - (#keys=1) UPPER("MS_QSM_INIT_QUESTNR"."QUE_REQUEST_NAME")[1020], 
       "MS_QSM_INIT_QUESTNR"."QUE_APPLIES_TO"[VARCHAR2,1020], 
       "MS_QSM_INIT_QUESTNR"."QUE_REQUEST_ID"[VARCHAR2,400], 
       "MS_QSM_INIT_QUESTNR"."QUE_REQUEST_NAME"[VARCHAR2,1020], 
       "MS_QSM_INIT_QUESTNR"."DD_OBJECT_TYPE"[VARCHAR2,400], 
       "MS_QSM_INIT_QUESTNR"."DD_PROCESS_INSTANCE_ID"[NUMBER,22], 
       "MS_QSM_INIT_QUESTNR"."DD_CREATED_BY"[VARCHAR2,400], 
       "MS_QSM_INIT_QUESTNR"."QUESTIONNAIRE_ID"[VARCHAR2,1020], 
       "MS_QSM_INIT_QUESTNR"."RESTRICT_ACCESS_TO"[VARCHAR2,1020], 
       "MS_QSM_INIT_QUESTNR"."QUE_REQUEST_TYPE"[VARCHAR2,400]
  24 - "MS_QSM_INIT_QUESTNR"."QUE_APPLIES_TO"[VARCHAR2,1020], 
       "MS_QSM_INIT_QUESTNR"."QUE_REQUEST_ID"[VARCHAR2,400], 
       "MS_QSM_INIT_QUESTNR"."QUE_REQUEST_NAME"[VARCHAR2,1020], 
       "MS_QSM_INIT_QUESTNR"."DD_OBJECT_TYPE"[VARCHAR2,400], 
       "MS_QSM_INIT_QUESTNR"."DD_PROCESS_INSTANCE_ID"[NUMBER,22], 
       "MS_QSM_INIT_QUESTNR"."DD_CREATED_BY"[VARCHAR2,400], 
       "MS_QSM_INIT_QUESTNR"."QUESTIONNAIRE_ID"[VARCHAR2,1020], 
       "MS_QSM_INIT_QUESTNR"."RESTRICT_ACCESS_TO"[VARCHAR2,1020], 
       "MS_QSM_INIT_QUESTNR"."QUE_REQUEST_TYPE"[VARCHAR2,400]
  26 - "B"."SCH_FREQUENCY"[VARCHAR2,1020], "B"."SCH_DUE_AFTER"[NUMBER,22], "B"."SCH_START_DATE"[DATE,7]
  27 - "B".ROWID[ROWID,10]
  28 - VALUE(A0)[8000]
  29 - VALUE(A0)[8000]
  30 - VALUE(A0)[8000]
										</code></pre>
								</section>
						</div>
					</div>

				<!-- Sidebar -->
				<div id="sidebar">
					<div class="inner">
						<!-- Menu -->
						<nav id="menu">
							<header class="major">
								<h2>Menu</h2>
							</header>
							<ul>
								<li><a href="../index.html">Module List</a></li>
								<li><a href="index.html">Summary</a></li>
								<li>
									<span class="opener">DB Analysis</span>
									<ul>
										<li><a href="bad-sql.html">Bad SQL</a></li>
										<li><a href="poor-sql.html">Poor SQL Plan</a></li>
										<li><a href="invalid-sql.html">Invalid SQL</a></li>
										<li><a href="full-sql.html">Full SQL Report</a></li>
										<li><a href="table-nil-key.html">Primary/Unique Key Miss</a></li>
										<li><a href="invalid-db-object.html">Invalid DB Objects</a></li>
										<li><a href="sequence-with-less-cache.html">Sequence</a></li>
										<li><a href="table-index-lob-size.html">Table Size</a></li>
										<li><a href="table-row-count.html">Table Row Count</a></li>
										<li><a href="top-worst-queries.html">Top Worst Queries</a></li>
									</ul>
								</li>
								<li>
								    <span class="opener">LOB</span>
								    <ul>
								        <li><a href="lob-no-cache.html">LOB - No Cache</a></li>
								        <li><a href="lob-columns.html">LOB - All Columns</a></li>
								    </ul>
								</li>
								<li>
									<span class="opener">Infolets</span>
									<ul>
										<li><a href="keep-history-infolets.html">Keep History Infolets</a></li>
										<li><a href="plsql-context-switch.html">SQL-PL/SQL Context Switch</a></li>
									</ul>
								</li>
								<li>
									<span class="opener">Pushforms</span>
									<ul>
										<li><a href="pushform-denormalize.html">Pushform Denormalized</a></li>
									</ul>
								</li>
								<li>
									<span class="opener">PL/SQL</span>
									<ul>
										<li><a href="plsql-dyn-qry-objs.html">Dynamic Query</a></li>
									</ul>
								</li>
								<li>
								    <span class="opener">Report</span>
								    <ul>
								        <li><a href="jasper.html">Jasper Reports</a></li>
								    </ul>
								</li>
							</ul>
						</nav>

						<!-- Section -->
						<section>
							<header class="major">
								<h2>Get in touch</h2>
							</header>
							<p>You need more details on the report or want more functionality, don't hesitate to reach out to us.</p>
							<ul class="contact">
								<li class="fa-envelope-o"><a href="mailto:apps-rnd-arch-team@metricstream.com?Subject=Reg - Code Analysis Tool" target="_top">apps-rnd-arch-team@metricstream.com</a></li>
							</ul>
						</section>

						<!-- Footer -->
						<footer id="footer">
							<p class="copyright">&copy; <a href="http://www.metricstream.com" target="_blank">MetricStream</a>. All rights reserved. </p>
						</footer>
					</div>
				</div>
			</div>

		<!-- Scripts -->
			<script src="../../lib/assets/js/jquery.min.js"></script>
			<script src="../../lib/assets/js/skel.min.js"></script>
			<script src="../../lib/assets/js/util.js"></script>
			<!--[if lte IE 8]><script src="../../lib/assets/js/ie/respond.min.js"></script><![endif]-->
			<script src="../../lib/assets/js/main.js"></script>
	</body>
</html>