<!DOCTYPE HTML>
<html>
	<head>
		<title>Code Analysis - MetricStream</title>
		<meta charset="utf-8" />
		<meta name="viewport" content="width=device-width, initial-scale=1, user-scalable=no" />
		<!--[if lte IE 8]><script src="../../lib/assets/js/ie/html5shiv.js"></script><![endif]-->
		<link rel="stylesheet" href="../../lib/assets/css/main.css" />
		<!--[if lte IE 9]><link rel="stylesheet" href="../../lib/assets/css/ie9.css" /><![endif]-->
		<!--[if lte IE 8]><link rel="stylesheet" href="../../lib/assets/css/ie8.css" /><![endif]-->
	</head>
	<body>

		<!-- Wrapper -->
			<div id="wrapper">

				<!-- Main -->
					<div id="main">
						<div class="inner">
							<!-- Header -->
								<header id="header">
									<a href="index.html" class="logo"><strong>Static Code Analysis Report</strong> by Code Analyzer Tool</a>
								</header>

							<!-- Content -->
								<section>
									<!-- Content -->
										<header class="major"><h2>Infolet Details</h2></header>
										<div class="table-wrapper">
											<table>
												<tbody>
													<tr>
														<th>Name</th>
														<td>MS_QSM_GET_RESP_ID (103744)</td>
													</tr>
													<tr>
														<th>SQL</th>
														<td><pre><code>select a.QUE_RESPONSE_ID AS QUE_RESPONSE_ID,
SCH_ITERATION AS SCH_ITERATION,
(SELECT MS_JOIN_FOR_DISPLAY(MS_APPS_UTILITIES.GET_USER_FULL_NAME(COLUMN_VALUE)) FROM TABLE(ms_grc_str_common_utilities.Split_String_Stored(INDIVIUDAL_RESPONDENET)))||
'('||NVL2(C.APPLIES_TO_OBJECT,C.APPLIES_TO||':'||C.APPLIES_TO_OBJECT,C.APPLIES_TO)||')' as INDIVIUDAL_RESPONDENET,
  b.QUE_REQUEST_NAME AS QUE_REQUEST_NAME
from ms_qsm_scheduler_details a,MS_QSM_INIT_QUestnr b,(select * FROM
(SELECT que_response_id,
    PROCESS_INSTANCE_ID,
    RESPONDED_BY,
    APPLIES_TO_OBJECT,
    applies_to,
    instance_id,
    MAX(instance_id) over (partition BY process_instance_id) max_iid,
    resp_status,
    que_request_name,
    QUE_REQUEST_ID
  FROM ms_qsm_questnr_resp_dup_v
  WHERE INSTANCE_REC_NUM=1
  AND resp_status<>'4'
  ) WHERE instance_id=max_iid) c
WHERE A.SCH_REQ_ID=B.QUE_REQUEST_ID
AND A.QUE_RESPONSE_ID=C.QUE_RESPONSE_ID</code></pre></td>
													</tr>
													<tr>
														<th>Description</th>
														<td>This infolet is used for Change History Report in getting the on going survey IDs.</td>
													</tr>
												</tbody>
											</table>
										</div>

										<h2 align="center" id="content">Analysis Report</h2>
										<hr>

<header class="major"><h2>Plan hash value: 312134956</h2></header><pre><code>
 
---------------------------------------------------------------------------------------------------------------
| Id  | Operation                          | Name                     | Rows  | Bytes | Cost (%CPU)| Time     |
---------------------------------------------------------------------------------------------------------------
|   0 | SELECT STATEMENT                   |                          |     1 |  8174 |     5  (20)| 00:00:01 |
|   1 |  SORT AGGREGATE                    |                          |     1 |     2 |            |          |
<font style="background-color: lightblue; color: red">|   2 |   COLLECTION ITERATOR PICKLER FETCH| SPLIT_STRING_STORED      |  8168 | 16336 |    29   (0)| 00:00:01 |</font>
|   3 |  NESTED LOOPS                      |                          |     1 |  8174 |     5  (20)| 00:00:01 |
|   4 |   NESTED LOOPS                     |                          |     1 |  7460 |     4  (25)| 00:00:01 |
|*  5 |    VIEW                            |                          |     1 |  6032 |     3  (34)| 00:00:01 |
|   6 |     WINDOW SORT                    |                          |     1 |  8047 |     3  (34)| 00:00:01 |
<font style="background-color: lightblue; color: red">|*  7 |      TABLE ACCESS FULL             | SI_103929_T              |     1 |  8047 |     2   (0)| 00:00:01 |</font>
|   8 |    TABLE ACCESS BY INDEX ROWID     | MS_QSM_SCHEDULER_DETAILS |     1 |  1428 |     1   (0)| 00:00:01 |
|*  9 |     INDEX RANGE SCAN               | MS_QSM_SCH_DTL_REQ_IDX2  |     1 |       |     1   (0)| 00:00:01 |
|  10 |   TABLE ACCESS BY INDEX ROWID      | MS_QSM_INIT_QUESTNR      |     1 |   714 |     1   (0)| 00:00:01 |
|* 11 |    INDEX UNIQUE SCAN               | MS_QSM_INIT_QUESTNR_PK   |     1 |       |     1   (0)| 00:00:01 |
---------------------------------------------------------------------------------------------------------------
 
</code></pre><header class="major"><h2>Query Block Name / Object Alias (identified by operation id):</h2></header><pre><code>
 
   1 - SEL$335DD26A
   2 - SEL$335DD26A / KOKBF$0@SEL$3
   3 - SEL$004D2CAB
   5 - SEL$1B7D9AE9 / from$_subquery$_005@SEL$4
   6 - SEL$1B7D9AE9
   7 - SEL$1B7D9AE9 / SI_103929_T@SEL$7
   8 - SEL$004D2CAB / A@SEL$1
   9 - SEL$004D2CAB / A@SEL$1
  10 - SEL$004D2CAB / B@SEL$1
  11 - SEL$004D2CAB / B@SEL$1
 
</code></pre><header class="major"><h2>Predicate Information (identified by operation id):</h2></header><pre><code>
 
   5 - filter("INSTANCE_ID"="MAX_IID")
   7 - filter("INSTANCE_REC_NUM"=1 AND "RESP_STATUS"<>'4')
   9 - access("A"."QUE_RESPONSE_ID"="from$_subquery$_005"."QUE_RESPONSE_ID")
  11 - access("A"."SCH_REQ_ID"="B"."QUE_REQUEST_ID")
 
</code></pre><header class="major"><h2>Column Projection Information (identified by operation id):</h2></header><pre><code>
 
   1 - (#keys=0) "MS_JOIN_FOR_DISPLAY"("MS_APPS_UTILITIES"."GET_USER_FULL_NAME"(VALUE(KOKBF$)))[4000]
   2 - VALUE(A0)[8000]
   3 - (#keys=0) "from$_subquery$_005"."APPLIES_TO_OBJECT"[VARCHAR2,4000], 
       "from$_subquery$_005"."APPLIES_TO"[VARCHAR2,4000], "SCH_ITERATION"[VARCHAR2,1020], 
       "A"."QUE_RESPONSE_ID"[VARCHAR2,1020], "INDIVIUDAL_RESPONDENET"[VARCHAR2,400], 
       "B"."QUE_REQUEST_NAME"[VARCHAR2,1020]
   4 - (#keys=0) "from$_subquery$_005"."APPLIES_TO_OBJECT"[VARCHAR2,4000], 
       "from$_subquery$_005"."APPLIES_TO"[VARCHAR2,4000], "SCH_ITERATION"[VARCHAR2,1020], 
       "A"."QUE_RESPONSE_ID"[VARCHAR2,1020], "INDIVIUDAL_RESPONDENET"[VARCHAR2,400], 
       "A"."SCH_REQ_ID"[VARCHAR2,400]
   5 - "from$_subquery$_005"."QUE_RESPONSE_ID"[VARCHAR2,4000], 
       "from$_subquery$_005"."APPLIES_TO_OBJECT"[VARCHAR2,4000], 
       "from$_subquery$_005"."APPLIES_TO"[VARCHAR2,4000], "INSTANCE_ID"[NUMBER,22], "MAX_IID"[NUMBER,22]
   6 - (#keys=1) "PROCESS_INSTANCE_ID"[NUMBER,22], "RESP_STATUS"[VARCHAR2,4000], 
       "QUE_RESPONSE_ID"[VARCHAR2,4000], "APPLIES_TO_OBJECT"[VARCHAR2,4000], "APPLIES_TO"[VARCHAR2,4000], 
       "INSTANCE_REC_NUM"[NUMBER,22], "INSTANCE_ID"[NUMBER,22], MAX("INSTANCE_ID") OVER ( PARTITION BY 
       "PROCESS_INSTANCE_ID")[22]
   7 - "RESP_STATUS"[VARCHAR2,4000], "QUE_RESPONSE_ID"[VARCHAR2,4000], 
       "APPLIES_TO_OBJECT"[VARCHAR2,4000], "APPLIES_TO"[VARCHAR2,4000], "INSTANCE_REC_NUM"[NUMBER,22], 
       "INSTANCE_ID"[NUMBER,22], "PROCESS_INSTANCE_ID"[NUMBER,22]
   8 - "SCH_ITERATION"[VARCHAR2,1020], "A"."QUE_RESPONSE_ID"[VARCHAR2,1020], 
       "INDIVIUDAL_RESPONDENET"[VARCHAR2,400], "A"."SCH_REQ_ID"[VARCHAR2,400]
   9 - "A".ROWID[ROWID,10], "A"."QUE_RESPONSE_ID"[VARCHAR2,1020]
  10 - "B"."QUE_REQUEST_NAME"[VARCHAR2,1020]
  11 - "B".ROWID[ROWID,10]
										</code></pre>
								</section>
						</div>
					</div>

				<!-- Sidebar -->
				<div id="sidebar">
					<div class="inner">
						<!-- Menu -->
						<nav id="menu">
							<header class="major">
								<h2>Menu</h2>
							</header>
							<ul>
								<li><a href="../index.html">Module List</a></li>
								<li><a href="index.html">Summary</a></li>
								<li>
									<span class="opener">DB Analysis</span>
									<ul>
										<li><a href="bad-sql.html">Bad SQL</a></li>
										<li><a href="poor-sql.html">Poor SQL Plan</a></li>
										<li><a href="invalid-sql.html">Invalid SQL</a></li>
										<li><a href="full-sql.html">Full SQL Report</a></li>
										<li><a href="table-nil-key.html">Primary/Unique Key Miss</a></li>
										<li><a href="invalid-db-object.html">Invalid DB Objects</a></li>
										<li><a href="sequence-with-less-cache.html">Sequence</a></li>
										<li><a href="table-index-lob-size.html">Table Size</a></li>
										<li><a href="table-row-count.html">Table Row Count</a></li>
										<li><a href="top-worst-queries.html">Top Worst Queries</a></li>
									</ul>
								</li>
								<li>
								    <span class="opener">LOB</span>
								    <ul>
								        <li><a href="lob-no-cache.html">LOB - No Cache</a></li>
								        <li><a href="lob-columns.html">LOB - All Columns</a></li>
								    </ul>
								</li>
								<li>
									<span class="opener">Infolets</span>
									<ul>
										<li><a href="keep-history-infolets.html">Keep History Infolets</a></li>
										<li><a href="plsql-context-switch.html">SQL-PL/SQL Context Switch</a></li>
									</ul>
								</li>
								<li>
									<span class="opener">Pushforms</span>
									<ul>
										<li><a href="pushform-denormalize.html">Pushform Denormalized</a></li>
									</ul>
								</li>
								<li>
									<span class="opener">PL/SQL</span>
									<ul>
										<li><a href="plsql-dyn-qry-objs.html">Dynamic Query</a></li>
									</ul>
								</li>
								<li>
								    <span class="opener">Report</span>
								    <ul>
								        <li><a href="jasper.html">Jasper Reports</a></li>
								    </ul>
								</li>
							</ul>
						</nav>

						<!-- Section -->
						<section>
							<header class="major">
								<h2>Get in touch</h2>
							</header>
							<p>You need more details on the report or want more functionality, don't hesitate to reach out to us.</p>
							<ul class="contact">
								<li class="fa-envelope-o"><a href="mailto:apps-rnd-arch-team@metricstream.com?Subject=Reg - Code Analysis Tool" target="_top">apps-rnd-arch-team@metricstream.com</a></li>
							</ul>
						</section>

						<!-- Footer -->
						<footer id="footer">
							<p class="copyright">&copy; <a href="http://www.metricstream.com" target="_blank">MetricStream</a>. All rights reserved. </p>
						</footer>
					</div>
				</div>
			</div>

		<!-- Scripts -->
			<script src="../../lib/assets/js/jquery.min.js"></script>
			<script src="../../lib/assets/js/skel.min.js"></script>
			<script src="../../lib/assets/js/util.js"></script>
			<!--[if lte IE 8]><script src="../../lib/assets/js/ie/respond.min.js"></script><![endif]-->
			<script src="../../lib/assets/js/main.js"></script>
	</body>
</html>