<!DOCTYPE HTML>
<html>
	<head>
		<title>Code Analysis - MetricStream</title>
		<meta charset="utf-8" />
		<meta name="viewport" content="width=device-width, initial-scale=1, user-scalable=no" />
		<!--[if lte IE 8]><script src="../../lib/assets/js/ie/html5shiv.js"></script><![endif]-->
		<link rel="stylesheet" href="../../lib/assets/css/main.css" />
		<!--[if lte IE 9]><link rel="stylesheet" href="../../lib/assets/css/ie9.css" /><![endif]-->
		<!--[if lte IE 8]><link rel="stylesheet" href="../../lib/assets/css/ie8.css" /><![endif]-->
	</head>
	<body>

		<!-- Wrapper -->
			<div id="wrapper">

				<!-- Main -->
					<div id="main">
						<div class="inner">
							<!-- Header -->
								<header id="header">
									<a href="index.html" class="logo"><strong>Static Code Analysis Report</strong> by Code Analyzer Tool</a>
								</header>

							<!-- Content -->
								<section>
									<!-- Content -->
										<header class="major"><h2>Infolet Details</h2></header>
										<div class="table-wrapper">
											<table>
												<tbody>
													<tr>
														<th>Name</th>
														<td>MS_QSM_RESP_ONGOING (103862)</td>
													</tr>
													<tr>
														<th>SQL</th>
														<td><pre><code>SELECT ONGOING_DESC, QUE_REQUEST_TYPE, RESP_COUNT, DUE_FLAG, LOGIN_ID 
FROM (
SELECT DUE_FLAG, data ONGOING_DESC,
       QUE_REQUEST_TYPE, COUNT(QUE_RESPONSE_ID) RESP_COUNT, :1 as LOGIN_ID
FROM ( 
    SELECT RESPONDED_ON,DUE_DATE,trunc(sysdate),
     RV.DUE_FLAG, QUE_REQUEST_TYPE, QUE_RESPONSE_ID,data
    FROM MS_QSM_QUESTNR_RESP_RPT_V RV,ms_qsm_mls_data a,(select LOCALE localeid from si_users_t where user_name =:1) c
    WHERE TRUNC(RV.CREATION_DATE)>ADD_MONTHS(TRUNC(SYSDATE),-1)
    and  a.LOCALE =c.localeid and nvl(a.CODE,'NA')=nvl(rv.DUE_FLAG,'NA')
    AND QUE_REQUEST_TYPE='2'
    AND QUE_REQUEST_ID IN (
            Select iq.Que_Request_Id
            From Ms_Qsm_Init_Questnr iq, MS_QSM_QUESTNR_SCH QS
            WHERE MS_APPS_SECURITY_PKG.CHECK_OBJECT_ACCESS(iq.DD_OBJECT_TYPE, iq.RESTRICT_ACCESS_TO,
                      (Select ms_join(Owner_Organizations) from Ms_Qsm_Init_Questnr_Owo iqo Where Iqo.Que_Request_Id=Iq.Que_Request_Id )
                      ,:1,'VIEW') = 'ACCESS'  
               AND IQ.QUE_REQUEST_ID=QS.SCH_REQ_ID  
               AND QS.sch_frequency not in ('3','6')       
                )           
      )      
GROUP BY DUE_FLAG,data, QUE_REQUEST_TYPE 
ORDER BY QUE_REQUEST_TYPE, DECODE(DUE_FLAG,'BD',1,'L7',2,'G7',3,4)
)</code></pre></td>
													</tr>
													<tr>
														<th>Description</th>
														<td>Infolet is used to show the ongoing Survey details</td>
													</tr>
												</tbody>
											</table>
										</div>

										<h2 align="center" id="content">Analysis Report</h2>
										<hr>

<header class="major"><h2>Plan hash value: 1492000963</h2></header><pre><code>
 
------------------------------------------------------------------------------------------------------------------------
| Id  | Operation                               | Name                         | Rows  | Bytes | Cost (%CPU)| Time     |
------------------------------------------------------------------------------------------------------------------------
|   0 | SELECT STATEMENT                        |                              |     1 |  2238 |    16  (19)| 00:00:01 |
|   1 |  VIEW                                   |                              |     1 |  2238 |    16  (19)| 00:00:01 |
|   2 |   SORT ORDER BY                         |                              |     1 |   886 |    16  (19)| 00:00:01 |
|   3 |    SORT GROUP BY                        |                              |     1 |   886 |    16  (19)| 00:00:01 |
|*  4 |     HASH JOIN                           |                              |     1 |   886 |    14   (8)| 00:00:01 |
|   5 |      NESTED LOOPS                       |                              |     1 |   856 |    11  (10)| 00:00:01 |
|   6 |       NESTED LOOPS                      |                              |     1 |   856 |    11  (10)| 00:00:01 |
|   7 |        NESTED LOOPS                     |                              |     1 |   452 |    10  (10)| 00:00:01 |
|   8 |         NESTED LOOPS                    |                              |     1 |   221 |     9  (12)| 00:00:01 |
|   9 |          NESTED LOOPS                   |                              |     1 |    19 |     4   (0)| 00:00:01 |
|  10 |           TABLE ACCESS BY INDEX ROWID   | SI_USERS_T                   |     1 |    19 |     1   (0)| 00:00:01 |
|* 11 |            INDEX UNIQUE SCAN            | USER_NAME_UK                 |     1 |       |     1   (0)| 00:00:01 |
|  12 |           VIEW                          |                              |     1 |       |     3   (0)| 00:00:01 |
|  13 |            SORT AGGREGATE               |                              |     1 |    17 |            |          |
<font style="background-color: lightblue; color: red">|* 14 |             TABLE ACCESS FULL           | MS_APPS_EVENTS               |     1 |    17 |     3   (0)| 00:00:01 |</font>
|  15 |          VIEW                           | VW_NSO_1                     |     1 |   202 |     5  (20)| 00:00:01 |
|  16 |           SORT UNIQUE                   |                              |     1 |  1630 |     5  (20)| 00:00:01 |
|* 17 |            FILTER                       |                              |       |       |            |          |
|  18 |             NESTED LOOPS                |                              |     1 |  1630 |     3   (0)| 00:00:01 |
|  19 |              NESTED LOOPS               |                              |     1 |  1630 |     3   (0)| 00:00:01 |
<font style="background-color: lightblue; color: red">|  20 |               TABLE ACCESS FULL         | MS_QSM_INIT_QUESTNR          |     1 |   916 |     2   (0)| 00:00:01 |</font>
|* 21 |               INDEX UNIQUE SCAN         | MS_QSM_QUESTNR_SCH_PK        |     1 |       |     1   (0)| 00:00:01 |
|* 22 |              TABLE ACCESS BY INDEX ROWID| MS_QSM_QUESTNR_SCH           |     1 |   714 |     1   (0)| 00:00:01 |
|  23 |             SORT AGGREGATE              |                              |     1 |  2204 |            |          |
<font style="background-color: lightblue; color: red">|* 24 |              INDEX SKIP SCAN            | MS_QSM_INIT_QUESTNR_OWO_UK   |     1 |  2204 |     1   (0)| 00:00:01 |</font>
|  25 |         VIEW                            | MS_QSM_RESP_DETAILS_V        |     1 |   231 |     1   (0)| 00:00:01 |
|  26 |          SORT UNIQUE                    |                              |       |       |            |          |
|  27 |           UNION-ALL PARTITION           |                              |       |       |            |          |
|* 28 |            TABLE ACCESS BY INDEX ROWID  | MS_QSM_RESP_CONSD_DETAILS    |     1 | 30348 |     1   (0)| 00:00:01 |
|* 29 |             INDEX RANGE SCAN            | MS_QSM_RESP_CONSD_DETAILS_PK |     1 |       |     1   (0)| 00:00:01 |
|* 30 |            TABLE ACCESS BY INDEX ROWID  | MS_QSM_RESP_FINAL_DETAILS    |     1 | 30348 |     1   (0)| 00:00:01 |
|* 31 |             INDEX RANGE SCAN            | MS_QSM_RESP_FINAL_DETAILS_PK |     1 |       |     1   (0)| 00:00:01 |
|* 32 |        INDEX UNIQUE SCAN                | MS_QSM_INIT_QUESTNR_PK       |     1 |       |     1   (0)| 00:00:01 |
|* 33 |       TABLE ACCESS BY INDEX ROWID       | MS_QSM_INIT_QUESTNR          |     1 |   404 |     1   (0)| 00:00:01 |
<font style="background-color: lightblue; color: red">|  34 |      TABLE ACCESS FULL                  | MS_QSM_MLS_DATA              |     7 |   210 |     3   (0)| 00:00:01 |</font>
------------------------------------------------------------------------------------------------------------------------
 
</code></pre><header class="major"><h2>Query Block Name / Object Alias (identified by operation id):</h2></header><pre><code>
 
   1 - SEL$B79D90C3 / from$_subquery$_001@SEL$1
   2 - SEL$B79D90C3
  10 - SEL$B79D90C3 / SI_USERS_T@SEL$11
  11 - SEL$B79D90C3 / SI_USERS_T@SEL$11
  12 - SEL$10       / I@SEL$5
  13 - SEL$10      
  14 - SEL$10       / MS_APPS_EVENTS@SEL$10
  15 - SEL$32487103 / VW_NSO_1@SEL$B79D90C3
  16 - SEL$32487103
  20 - SEL$32487103 / IQ@SEL$12
  21 - SEL$32487103 / QS@SEL$12
  22 - SEL$32487103 / QS@SEL$12
  23 - SEL$13      
  24 - SEL$13       / IQO@SEL$13
  25 - SET$AD7CC163 / RV@SEL$5
  26 - SET$AD7CC163
  28 - SEL$81C74289 / MS_QSM_RESP_CONSD_DETAILS@SEL$8
  29 - SEL$81C74289 / MS_QSM_RESP_CONSD_DETAILS@SEL$8
  30 - SEL$193D1E52 / MS_QSM_RESP_FINAL_DETAILS@SEL$9
  31 - SEL$193D1E52 / MS_QSM_RESP_FINAL_DETAILS@SEL$9
  32 - SEL$B79D90C3 / IQ@SEL$5
  33 - SEL$B79D90C3 / IQ@SEL$5
  34 - SEL$B79D90C3 / A@SEL$3
 
</code></pre><header class="major"><h2>Predicate Information (identified by operation id):</h2></header><pre><code>
 
   4 - access("A"."LOCALE"="LOCALE" AND NVL("A"."CODE",'NA')=NVL(CASE  WHEN 
              TRUNC(INTERNAL_FUNCTION("RV"."DUE_DATE")) IS NULL THEN 'ERR' WHEN 
              TRUNC(NVL("RV"."RESPONDED_ON",SYSDATE@!))<=TRUNC(INTERNAL_FUNCTION("RV"."DUE_DATE")) THEN 'BD' WHEN 
              TRUNC(NVL("RV"."RESPONDED_ON",SYSDATE@!))<=TRUNC(INTERNAL_FUNCTION("RV"."DUE_DATE")+7) THEN 'L7' ELSE 'G7' END 
              ,'NA'))
  11 - access("USER_NAME"=:1)
  14 - filter("EVENT_NAME"='TRIGGER_ISSUE')
  17 - filter("MS_APPS_SECURITY_PKG"."CHECK_OBJECT_ACCESS"("IQ"."DD_OBJECT_TYPE","IQ"."RESTRICT_ACCESS_TO", 
              (SELECT "MS_JOIN"("OWNER_ORGANIZATIONS") FROM "MS_QSM_INIT_QUESTNR_OWO" "IQO" WHERE 
              "IQO"."QUE_REQUEST_ID"=:B1),:1,'VIEW')='ACCESS')
  21 - access("IQ"."QUE_REQUEST_ID"="QS"."SCH_REQ_ID")
  22 - filter("QS"."SCH_FREQUENCY"<>'3' AND "QS"."SCH_FREQUENCY"<>'6')
  24 - access("IQO"."QUE_REQUEST_ID"=:B1)
       filter("IQO"."QUE_REQUEST_ID"=:B1)
  28 - filter(TRUNC(INTERNAL_FUNCTION("CREATION_DATE"))>ADD_MONTHS(TRUNC(SYSDATE@!),-1))
  29 - access("QUE_REQUEST_ID"="QUE_REQUEST_ID")
  30 - filter(TRUNC(INTERNAL_FUNCTION("CREATION_DATE"))>ADD_MONTHS(TRUNC(SYSDATE@!),-1))
  31 - access("QUE_REQUEST_ID"="QUE_REQUEST_ID")
  32 - access("RV"."QUE_REQUEST_ID"="IQ"."QUE_REQUEST_ID")
  33 - filter("IQ"."QUE_REQUEST_TYPE"='2')
 
</code></pre><header class="major"><h2>Column Projection Information (identified by operation id):</h2></header><pre><code>
 
   1 - "DUE_FLAG"[VARCHAR2,3], "ONGOING_DESC"[VARCHAR2,4000], "QUE_REQUEST_TYPE"[VARCHAR2,400], 
       "RESP_COUNT"[NUMBER,22], "LOGIN_ID"[VARCHAR2,32]
   2 - (#keys=2) "IQ"."QUE_REQUEST_TYPE"[VARCHAR2,400], DECODE(CASE  WHEN 
       TRUNC(INTERNAL_FUNCTION("RV"."DUE_DATE")) IS NULL THEN 'ERR' WHEN 
       TRUNC(NVL("RV"."RESPONDED_ON",SYSDATE@!))<=TRUNC(INTERNAL_FUNCTION("RV"."DUE_DATE")) THEN 'BD' WHEN 
       TRUNC(NVL("RV"."RESPONDED_ON",SYSDATE@!))<=TRUNC(INTERNAL_FUNCTION("RV"."DUE_DATE")+7) THEN 'L7' ELSE 'G7' END 
       ,'BD',1,'L7',2,'G7',3,4)[2], CASE  WHEN TRUNC(INTERNAL_FUNCTION("RV"."DUE_DATE")) IS NULL THEN 'ERR' WHEN 
       TRUNC(NVL("RV"."RESPONDED_ON",SYSDATE@!))<=TRUNC(INTERNAL_FUNCTION("RV"."DUE_DATE")) THEN 'BD' WHEN 
       TRUNC(NVL("RV"."RESPONDED_ON",SYSDATE@!))<=TRUNC(INTERNAL_FUNCTION("RV"."DUE_DATE")+7) THEN 'L7' ELSE 'G7' END 
       [3], "DATA"[VARCHAR2,4000], :1[32], COUNT("RV"."QUE_RESPONSE_ID")[22]
   3 - (#keys=3) CASE  WHEN TRUNC(INTERNAL_FUNCTION("RV"."DUE_DATE")) IS NULL THEN 'ERR' WHEN 
       TRUNC(NVL("RV"."RESPONDED_ON",SYSDATE@!))<=TRUNC(INTERNAL_FUNCTION("RV"."DUE_DATE")) THEN 'BD' WHEN 
       TRUNC(NVL("RV"."RESPONDED_ON",SYSDATE@!))<=TRUNC(INTERNAL_FUNCTION("RV"."DUE_DATE")+7) THEN 'L7' ELSE 'G7' END 
       [3], "DATA"[VARCHAR2,4000], "IQ"."QUE_REQUEST_TYPE"[VARCHAR2,400], COUNT("RV"."QUE_RESPONSE_ID")[22]
   4 - (#keys=2) "IQ"."QUE_REQUEST_TYPE"[VARCHAR2,400], "RV"."QUE_RESPONSE_ID"[VARCHAR2,200], 
       "RV"."RESPONDED_ON"[DATE,7], "RV"."DUE_DATE"[DATE,7], "DATA"[VARCHAR2,4000]
   5 - (#keys=0) "LOCALE"[VARCHAR2,400], "RV"."QUE_RESPONSE_ID"[VARCHAR2,200], "RV"."RESPONDED_ON"[DATE,7], 
       "RV"."DUE_DATE"[DATE,7], "IQ"."QUE_REQUEST_TYPE"[VARCHAR2,400]
   6 - (#keys=0) "LOCALE"[VARCHAR2,400], "RV"."QUE_RESPONSE_ID"[VARCHAR2,200], "RV"."RESPONDED_ON"[DATE,7], 
       "RV"."DUE_DATE"[DATE,7], "IQ".ROWID[ROWID,10]
   7 - (#keys=0) "LOCALE"[VARCHAR2,400], "RV"."QUE_REQUEST_ID"[VARCHAR2,200], 
       "RV"."QUE_RESPONSE_ID"[VARCHAR2,200], "RV"."RESPONDED_ON"[DATE,7], "RV"."DUE_DATE"[DATE,7]
   8 - (#keys=0) "LOCALE"[VARCHAR2,400], "QUE_REQUEST_ID"[VARCHAR2,400]
   9 - (#keys=0) "LOCALE"[VARCHAR2,400]
  10 - "LOCALE"[VARCHAR2,400]
  11 - "SI_USERS_T".ROWID[ROWID,10]
  13 - (#keys=0) COUNT(*)[22]
  15 - "QUE_REQUEST_ID"[VARCHAR2,400]
  16 - (#keys=1) "IQ"."QUE_REQUEST_ID"[VARCHAR2,400]
  17 - "IQ"."QUE_REQUEST_ID"[VARCHAR2,400]
  18 - (#keys=0) "IQ"."QUE_REQUEST_ID"[VARCHAR2,400], "IQ"."DD_OBJECT_TYPE"[VARCHAR2,400], 
       "IQ"."RESTRICT_ACCESS_TO"[VARCHAR2,1020]
  19 - (#keys=0) "IQ"."QUE_REQUEST_ID"[VARCHAR2,400], "IQ"."DD_OBJECT_TYPE"[VARCHAR2,400], 
       "IQ"."RESTRICT_ACCESS_TO"[VARCHAR2,1020], "QS".ROWID[ROWID,10]
  20 - "IQ"."QUE_REQUEST_ID"[VARCHAR2,400], "IQ"."DD_OBJECT_TYPE"[VARCHAR2,400], 
       "IQ"."RESTRICT_ACCESS_TO"[VARCHAR2,1020]
  21 - "QS".ROWID[ROWID,10]
  23 - (#keys=0) "MS_JOIN"("OWNER_ORGANIZATIONS")[4000]
  24 - "OWNER_ORGANIZATIONS"[VARCHAR2,4000]
  25 - "RV"."QUE_REQUEST_ID"[VARCHAR2,200], "RV"."QUE_RESPONSE_ID"[VARCHAR2,200], "RV"."RESPONDED_ON"[DATE,7], 
       "RV"."DUE_DATE"[DATE,7]
  26 - (#keys=26) STRDEF[200], STRDEF[200], STRDEF[22], STRDEF[22], STRDEF[4000], STRDEF[4000], STRDEF[4000], 
       STRDEF[4000], STRDEF[4000], STRDEF[22], STRDEF[4000], STRDEF[4000], STRDEF[22], STRDEF[22], STRDEF[4000], 
       STRDEF[7], STRDEF[7], STRDEF[4000], STRDEF[7], STRDEF[4000], STRDEF[4000], STRDEF[4000], STRDEF[4000], 
       STRDEF[4000], STRDEF[40], STRDEF[4000]
  27 - STRDEF[200], STRDEF[200], STRDEF[22], STRDEF[22], STRDEF[4000], STRDEF[4000], STRDEF[4000], 
       STRDEF[4000], STRDEF[4000], STRDEF[22], STRDEF[4000], STRDEF[4000], STRDEF[22], STRDEF[22], STRDEF[4000], 
       STRDEF[7], STRDEF[7], STRDEF[4000], STRDEF[7], STRDEF[4000], STRDEF[4000], STRDEF[4000], STRDEF[4000], 
       STRDEF[4000], STRDEF[40], STRDEF[4000]
  28 - "QUE_REQUEST_NAME"[VARCHAR2,4000], "DD_OBJECT_TYPE"[VARCHAR2,4000], "INSTANCE_ID"[NUMBER,22], 
       "INSTANCE_REC_NUM"[NUMBER,22], "RESPONDENT"[VARCHAR2,4000], "QUE_REQUEST_TYPE"[VARCHAR2,40], 
       "APPLIES_TO_OBJECT_CODE"[VARCHAR2,4000], "CREATION_DATE"[DATE,7], "RESPONDED_ON"[DATE,7], 
       "RESPONDED_BY"[VARCHAR2,4000], "DUE_DATE"[DATE,7], "RESP_STATUS"[VARCHAR2,4000], "APPLIES_TO"[VARCHAR2,4000], 
       "APPLIES_TO_OBJECT"[VARCHAR2,4000], "RESPONSE_APPROVER"[VARCHAR2,4000], "ASSIGNEE"[VARCHAR2,4000], 
       "QUE_REQUEST_ID"[VARCHAR2,200], "QUE_RESPONSE_ID"[VARCHAR2,200], "PROCESS_INSTANCE_ID"[NUMBER,22], 
       "R_IID"[NUMBER,22], "OVERALL_SCORE"[VARCHAR2,4000], "OVERALL_GRADE"[VARCHAR2,4000], "STAGE"[VARCHAR2,4000], 
       "ACTION_COMMENT"[VARCHAR2,4000], "LOGIN_ID"[VARCHAR2,4000], "REFERENCE_PID"[NUMBER,22]
  29 - "MS_QSM_RESP_CONSD_DETAILS".ROWID[ROWID,10], "QUE_REQUEST_ID"[VARCHAR2,200], 
       "QUE_RESPONSE_ID"[VARCHAR2,200], "PROCESS_INSTANCE_ID"[NUMBER,22]
  30 - "QUE_REQUEST_TYPE"[VARCHAR2,40], "APPLIES_TO_OBJECT_CODE"[VARCHAR2,4000], 
       "QUE_REQUEST_ID"[VARCHAR2,200], "QUE_RESPONSE_ID"[VARCHAR2,200], "PROCESS_INSTANCE_ID"[NUMBER,22], 
       "R_IID"[NUMBER,22], "OVERALL_SCORE"[VARCHAR2,4000], "OVERALL_GRADE"[VARCHAR2,4000], "STAGE"[VARCHAR2,4000], 
       "ACTION_COMMENT"[VARCHAR2,4000], "LOGIN_ID"[VARCHAR2,4000], "REFERENCE_PID"[NUMBER,22], 
       "QUE_REQUEST_NAME"[VARCHAR2,4000], "DD_OBJECT_TYPE"[VARCHAR2,4000], "INSTANCE_ID"[NUMBER,22], 
       "INSTANCE_REC_NUM"[NUMBER,22], "RESPONDENT"[VARCHAR2,4000], "CREATION_DATE"[DATE,7], "RESPONDED_ON"[DATE,7], 
       "RESPONDED_BY"[VARCHAR2,4000], "DUE_DATE"[DATE,7], "RESP_STATUS"[VARCHAR2,4000], "APPLIES_TO"[VARCHAR2,4000], 
       "APPLIES_TO_OBJECT"[VARCHAR2,4000], "RESPONSE_APPROVER"[VARCHAR2,4000], "ASSIGNEE"[VARCHAR2,4000]
  31 - "MS_QSM_RESP_FINAL_DETAILS".ROWID[ROWID,10], "QUE_REQUEST_ID"[VARCHAR2,200], 
       "QUE_RESPONSE_ID"[VARCHAR2,200], "PROCESS_INSTANCE_ID"[NUMBER,22]
  32 - "IQ".ROWID[ROWID,10]
  33 - "IQ"."QUE_REQUEST_TYPE"[VARCHAR2,400]
  34 - "A"."LOCALE"[VARCHAR2,400], "DATA"[VARCHAR2,4000], "A"."CODE"[VARCHAR2,400]
										</code></pre>
								</section>
						</div>
					</div>

				<!-- Sidebar -->
				<div id="sidebar">
					<div class="inner">
						<!-- Menu -->
						<nav id="menu">
							<header class="major">
								<h2>Menu</h2>
							</header>
							<ul>
								<li><a href="../index.html">Module List</a></li>
								<li><a href="index.html">Summary</a></li>
								<li>
									<span class="opener">DB Analysis</span>
									<ul>
										<li><a href="bad-sql.html">Bad SQL</a></li>
										<li><a href="poor-sql.html">Poor SQL Plan</a></li>
										<li><a href="invalid-sql.html">Invalid SQL</a></li>
										<li><a href="full-sql.html">Full SQL Report</a></li>
										<li><a href="table-nil-key.html">Primary/Unique Key Miss</a></li>
										<li><a href="invalid-db-object.html">Invalid DB Objects</a></li>
										<li><a href="sequence-with-less-cache.html">Sequence</a></li>
										<li><a href="table-index-lob-size.html">Table Size</a></li>
										<li><a href="table-row-count.html">Table Row Count</a></li>
										<li><a href="top-worst-queries.html">Top Worst Queries</a></li>
									</ul>
								</li>
								<li>
								    <span class="opener">LOB</span>
								    <ul>
								        <li><a href="lob-no-cache.html">LOB - No Cache</a></li>
								        <li><a href="lob-columns.html">LOB - All Columns</a></li>
								    </ul>
								</li>
								<li>
									<span class="opener">Infolets</span>
									<ul>
										<li><a href="keep-history-infolets.html">Keep History Infolets</a></li>
										<li><a href="plsql-context-switch.html">SQL-PL/SQL Context Switch</a></li>
									</ul>
								</li>
								<li>
									<span class="opener">Pushforms</span>
									<ul>
										<li><a href="pushform-denormalize.html">Pushform Denormalized</a></li>
									</ul>
								</li>
								<li>
									<span class="opener">PL/SQL</span>
									<ul>
										<li><a href="plsql-dyn-qry-objs.html">Dynamic Query</a></li>
									</ul>
								</li>
								<li>
								    <span class="opener">Report</span>
								    <ul>
								        <li><a href="jasper.html">Jasper Reports</a></li>
								    </ul>
								</li>
							</ul>
						</nav>

						<!-- Section -->
						<section>
							<header class="major">
								<h2>Get in touch</h2>
							</header>
							<p>You need more details on the report or want more functionality, don't hesitate to reach out to us.</p>
							<ul class="contact">
								<li class="fa-envelope-o"><a href="mailto:apps-rnd-arch-team@metricstream.com?Subject=Reg - Code Analysis Tool" target="_top">apps-rnd-arch-team@metricstream.com</a></li>
							</ul>
						</section>

						<!-- Footer -->
						<footer id="footer">
							<p class="copyright">&copy; <a href="http://www.metricstream.com" target="_blank">MetricStream</a>. All rights reserved. </p>
						</footer>
					</div>
				</div>
			</div>

		<!-- Scripts -->
			<script src="../../lib/assets/js/jquery.min.js"></script>
			<script src="../../lib/assets/js/skel.min.js"></script>
			<script src="../../lib/assets/js/util.js"></script>
			<!--[if lte IE 8]><script src="../../lib/assets/js/ie/respond.min.js"></script><![endif]-->
			<script src="../../lib/assets/js/main.js"></script>
	</body>
</html>