<!DOCTYPE HTML>
<html>
	<head>
		<title>Code Analysis - MetricStream</title>
		<meta charset="utf-8" />
		<meta name="viewport" content="width=device-width, initial-scale=1, user-scalable=no" />
		<!--[if lte IE 8]><script src="../../lib/assets/js/ie/html5shiv.js"></script><![endif]-->
		<link rel="stylesheet" href="../../lib/assets/css/main.css" />
		<!--[if lte IE 9]><link rel="stylesheet" href="../../lib/assets/css/ie9.css" /><![endif]-->
		<!--[if lte IE 8]><link rel="stylesheet" href="../../lib/assets/css/ie8.css" /><![endif]-->
	</head>
	<body>

		<!-- Wrapper -->
			<div id="wrapper">

				<!-- Main -->
					<div id="main">
						<div class="inner">
							<!-- Header -->
								<header id="header">
									<a href="index.html" class="logo"><strong>Static Code Analysis Report</strong> by Code Analyzer Tool</a>
								</header>

							<!-- Content -->
								<section>
									<!-- Content -->
										<header class="major"><h2>Infolet Details</h2></header>
										<div class="table-wrapper">
											<table>
												<tbody>
													<tr>
														<th>Name</th>
														<td>MS_QSM_RESP_LNK_RPT (103861)</td>
													</tr>
													<tr>
														<th>SQL</th>
														<td><pre><code>SELECT  
 QUE_RESPONSE_ID, QUE_REQUEST_ID, DD_OBJECT_TYPE,  
 QUE_REQUEST_NAME, QUE_REQUEST_NAME_LINK, 
 RESPONDENT, RESPONDENT_DISP,  
 RESPONDED_ON, DUE_DATE, RESP_STATUS, RESP_STATUS_DISP, 
 QUE_REQUEST_TYPE, QUE_REQUEST_TYPE_DISP, 
 RESP_GRADE,DECODE(RESP_STATUS,'4',NULL,'12',DECODE(RESPONDED_ON,NULL,NULL,ROUND(RESP_SCORE,2)),ROUND(RESP_SCORE,2)) RESP_SCORE,  
 APPLIES_TO, APPLIES_TO_OBJECT, 
 RESPONSE_APPROVER, RESPONSE_APPROVER_DISP, 
 decode(NO_OF_FINDINGS,'0',null,NO_OF_FINDINGS) NO_OF_FINDINGS, 
 REC_COUNT, NULL_VALUE, DUE_FLAG 
FROM (        
SELECT  
 A.QUE_RESPONSE_ID,  A.QUE_REQUEST_ID, A.DD_OBJECT_TYPE, a.PROCESS_INSTANCE_ID, a.INSTANCE_ID,  
 A.QUE_REQUEST_NAME,  
 (MS_QSM_UTILITIES.FN_GET_REPORT_JSON(ms_apps_utilities.get_infolet_id(a.DD_OBJECT_TYPE),a.PROCESS_INSTANCE_ID,'0',
'''flag=1'||CHR(38)||'emd=1'||CHR(38)||'x_edit_mode=Yes'||CHR (38)|| 'wrapper= No'|| CHR (38)|| 'mode=edit'''))  as QUE_REQUEST_NAME_LINK,
 a.RESPONDENT, a.RESPONDENT_DISP,  
 A.RESPONDED_ON, A.DUE_DATE, A.RESP_STATUS,  
MS_QSM_RPT_UTIL.GET_RESP_STATUS_DISPLAY_VALUE(:2, A.RESP_STATUS) as  RESP_STATUS_DISP, 
 A.QUE_REQUEST_TYPE, 
 MS_QSM_RPT_UTIL.GET_DISPLAY_VALUE( :2, 'MS_QSM_Init_Questionnaire_Type' , A.QUE_REQUEST_TYPE, A.DD_OBJECT_TYPE ) QUE_REQUEST_TYPE_DISP, 
 A.RESP_GRADE, A.RESP_SCORE,   
 A.APPLIES_TO, A.APPLIES_TO_OBJECT, 
 A.RESPONSE_APPROVER, A.RESPONSE_APPROVER_DISP, 
 A.NO_OF_FINDINGS,  
 (SELECT COUNT(que_response_id) FROM MS_QSM_RESP_COMPLETED SA WHERE SA.que_response_id = A.que_response_id) AS REC_COUNT, NULL as NULL_VALUE, DUE_FLAG 
 FROM MS_QSM_QUESTNR_RESP_RPT_V A  
WHERE  A.QUE_REQUEST_ID=:1 
AND TO_CHAR(A.CREATION_DATE,'YYYYMMDD')=NVL(:3, TO_CHAR(A.CREATION_DATE,'YYYYMMDD')) 
union all    
 select 
A.QUE_RESPONSE_ID,  A.QUE_REQUEST_ID, A.DD_OBJECT_TYPE, a.PROCESS_INSTANCE_ID, a.INSTANCE_ID,  
 A.QUE_REQUEST_NAME,  
 (MS_QSM_UTILITIES.FN_GET_REPORT_JSON(ms_apps_utilities.get_infolet_id(a.DD_OBJECT_TYPE),a.PROCESS_INSTANCE_ID,'0',
'''flag=1'||CHR(38)||'emd=1'||CHR(38)||'x_edit_mode=Yes'||CHR (38)|| 'wrapper= No'|| CHR (38)|| 'mode=view'''))  as QUE_REQUEST_NAME_LINK,
 a.RESPONDENT, a.RESPONDENT_DISP,  
 A.RESPONDED_ON, A.DUE_DATE, A.RESP_STATUS,  
MS_QSM_RPT_UTIL.GET_RESP_STATUS_DISPLAY_VALUE(:2, A.RESP_STATUS) as  RESP_STATUS_DISP, 
 A.QUE_REQUEST_TYPE, 
 MS_QSM_RPT_UTIL.GET_DISPLAY_VALUE( :2, 'MS_QSM_Init_Questionnaire_Type' , A.QUE_REQUEST_TYPE, A.DD_OBJECT_TYPE ) QUE_REQUEST_TYPE_DISP, 
 A.RESP_GRADE, A.RESP_SCORE,  
 A.APPLIES_TO, A.APPLIES_TO_OBJECT, 
 A.RESPONSE_APPROVER, A.RESPONSE_APPROVER_DISP, 
 A.NO_OF_FINDINGS, 
 (select COUNT(QUE_RESPONSE_ID) from MS_QSM_RESP_COMPLETED SA where SA.QUE_RESPONSE_ID = a.QUE_RESPONSE_ID) as REC_COUNT,  
NULL as NULL_VALUE,  
 DUE_FLAG  
 from MS_QSM_QUESTNR_RESP_RPT_V a  
     WHERE TRUNC(CREATION_DATE)>ADD_MONTHS(TRUNC(SYSDATE),-1) 
    AND QUE_REQUEST_ID IN ( 
            Select iq.Que_Request_Id 
            From Ms_Qsm_Init_Questnr iq, MS_QSM_QUESTNR_SCH QS 
            WHERE MS_APPS_SECURITY_PKG.CHECK_OBJECT_ACCESS(iq.DD_OBJECT_TYPE, iq.RESTRICT_ACCESS_TO, 
                      (Select MS_JOIN(Owner_Organizations) from Ms_Qsm_Init_Questnr_Owo iqo Where Iqo.Que_Request_Id=Iq.Que_Request_Id ) 
                      ,:2,'VIEW') = 'ACCESS'   
               AND IQ.QUE_REQUEST_ID=QS.SCH_REQ_ID   
               AND QS.sch_frequency not in ('3','6')
                )            
    and DUE_FLAG=:4    
    and QUE_REQUEST_TYPE=:5 
)</code></pre></td>
													</tr>
													<tr>
														<th>Description</th>
														<td>This infolet is used to fetch the list of Responses for the Responses report</td>
													</tr>
												</tbody>
											</table>
										</div>

										<h2 align="center" id="content">Analysis Report</h2>
										<hr>

<header class="major"><h2>Plan hash value: 351711911</h2></header><pre><code>
 
---------------------------------------------------------------------------------------------------------------------
| Id  | Operation                            | Name                         | Rows  | Bytes | Cost (%CPU)| Time     |
---------------------------------------------------------------------------------------------------------------------
|   0 | SELECT STATEMENT                     |                              |     2 | 48966 |    15   (7)| 00:00:01 |
|   1 |  VIEW                                |                              |     2 | 48966 |    15   (7)| 00:00:01 |
|   2 |   UNION-ALL                          |                              |       |       |            |          |
|   3 |    SORT AGGREGATE                    |                              |     1 |     2 |            |          |
<font style="background-color: lightblue; color: red">|   4 |     COLLECTION ITERATOR PICKLER FETCH| PARSE_STRING                 |  8168 | 16336 |    29   (0)| 00:00:01 |</font>
|   5 |    TABLE ACCESS BY INDEX ROWID       | MS_QSM_GRADE_CONFIG          |     1 |     9 |     1   (0)| 00:00:01 |
|*  6 |     INDEX UNIQUE SCAN                | SYS_C0012759                 |     1 |       |     1   (0)| 00:00:01 |
|   7 |    SORT AGGREGATE                    |                              |     1 |     2 |            |          |
<font style="background-color: lightblue; color: red">|   8 |     COLLECTION ITERATOR PICKLER FETCH| PARSE_STRING                 |  8168 | 16336 |    29   (0)| 00:00:01 |</font>
|   9 |    SORT AGGREGATE                    |                              |     1 |   202 |            |          |
|* 10 |     FILTER                           |                              |       |       |            |          |
<font style="background-color: lightblue; color: red">|* 11 |      TABLE ACCESS FULL               | MS_QSM_RESP_ISSUE            |     1 |   202 |     2   (0)| 00:00:01 |</font>
|  12 |    SORT AGGREGATE                    |                              |     1 |   102 |            |          |
<font style="background-color: lightblue; color: red">|* 13 |     INDEX SKIP SCAN                  | MS_QSM_RESP_FINAL_DETAILS_PK |     1 |   102 |     1   (0)| 00:00:01 |</font>
<font style="background-color: lightblue; color: red">|  14 |    MERGE JOIN CARTESIAN              |                              |     1 | 20872 |     5   (0)| 00:00:01 |</font>
|  15 |     NESTED LOOPS                     |                              |     1 | 20870 |     2   (0)| 00:00:01 |
|  16 |      TABLE ACCESS BY INDEX ROWID     | MS_QSM_INIT_QUESTNR          |     1 |   606 |     1   (0)| 00:00:01 |
|* 17 |       INDEX UNIQUE SCAN              | MS_QSM_INIT_QUESTNR_PK       |     1 |       |     1   (0)| 00:00:01 |
|  18 |      VIEW                            | MS_QSM_RESP_DETAILS_V        |     1 | 20264 |     1   (0)| 00:00:01 |
|  19 |       SORT UNIQUE                    |                              |       |       |            |          |
|  20 |        UNION-ALL                     |                              |       |       |            |          |
|* 21 |         TABLE ACCESS BY INDEX ROWID  | MS_QSM_RESP_CONSD_DETAILS    |     1 | 30348 |     1   (0)| 00:00:01 |
|* 22 |          INDEX RANGE SCAN            | MS_QSM_RESP_CONSD_DETAILS_PK |     1 |       |     1   (0)| 00:00:01 |
|* 23 |         TABLE ACCESS BY INDEX ROWID  | MS_QSM_RESP_FINAL_DETAILS    |     1 | 30348 |     1   (0)| 00:00:01 |
|* 24 |          INDEX RANGE SCAN            | MS_QSM_RESP_FINAL_DETAILS_PK |     1 |       |     1   (0)| 00:00:01 |
|  25 |     BUFFER SORT                      |                              |     1 |     2 |     4   (0)| 00:00:01 |
|  26 |      VIEW                            |                              |     1 |     2 |     3   (0)| 00:00:01 |
|  27 |       SORT AGGREGATE                 |                              |     1 |    17 |            |          |
<font style="background-color: lightblue; color: red">|* 28 |        TABLE ACCESS FULL             | MS_APPS_EVENTS               |     1 |    17 |     3   (0)| 00:00:01 |</font>
|  29 |    SORT AGGREGATE                    |                              |     1 |     2 |            |          |
<font style="background-color: lightblue; color: red">|  30 |     COLLECTION ITERATOR PICKLER FETCH| PARSE_STRING                 |  8168 | 16336 |    29   (0)| 00:00:01 |</font>
|  31 |    TABLE ACCESS BY INDEX ROWID       | MS_QSM_GRADE_CONFIG          |     1 |     9 |     1   (0)| 00:00:01 |
|* 32 |     INDEX UNIQUE SCAN                | SYS_C0012759                 |     1 |       |     1   (0)| 00:00:01 |
|  33 |    SORT AGGREGATE                    |                              |     1 |     2 |            |          |
<font style="background-color: lightblue; color: red">|  34 |     COLLECTION ITERATOR PICKLER FETCH| PARSE_STRING                 |  8168 | 16336 |    29   (0)| 00:00:01 |</font>
|  35 |    SORT AGGREGATE                    |                              |     1 |   202 |            |          |
|* 36 |     FILTER                           |                              |       |       |            |          |
<font style="background-color: lightblue; color: red">|* 37 |      TABLE ACCESS FULL               | MS_QSM_RESP_ISSUE            |     1 |   202 |     2   (0)| 00:00:01 |</font>
|  38 |    SORT AGGREGATE                    |                              |     1 |   102 |            |          |
<font style="background-color: lightblue; color: red">|* 39 |     INDEX SKIP SCAN                  | MS_QSM_RESP_FINAL_DETAILS_PK |     1 |   102 |     1   (0)| 00:00:01 |</font>
<font style="background-color: lightblue; color: red">|  40 |    MERGE JOIN CARTESIAN              |                              |     1 | 21074 |    10  (10)| 00:00:01 |</font>
|  41 |     NESTED LOOPS                     |                              |     1 | 21072 |     7  (15)| 00:00:01 |
|  42 |      NESTED LOOPS                    |                              |     1 | 20466 |     6  (17)| 00:00:01 |
|  43 |       VIEW                           | VW_NSO_1                     |     1 |   202 |     5  (20)| 00:00:01 |
|  44 |        SORT UNIQUE                   |                              |     1 |  1630 |     5  (20)| 00:00:01 |
|* 45 |         FILTER                       |                              |       |       |            |          |
|  46 |          NESTED LOOPS                |                              |     1 |  1630 |     3   (0)| 00:00:01 |
|  47 |           NESTED LOOPS               |                              |     1 |  1630 |     3   (0)| 00:00:01 |
<font style="background-color: lightblue; color: red">|  48 |            TABLE ACCESS FULL         | MS_QSM_INIT_QUESTNR          |     1 |   916 |     2   (0)| 00:00:01 |</font>
|* 49 |            INDEX UNIQUE SCAN         | MS_QSM_QUESTNR_SCH_PK        |     1 |       |     1   (0)| 00:00:01 |
|* 50 |           TABLE ACCESS BY INDEX ROWID| MS_QSM_QUESTNR_SCH           |     1 |   714 |     1   (0)| 00:00:01 |
|  51 |          SORT AGGREGATE              |                              |     1 |  2204 |            |          |
<font style="background-color: lightblue; color: red">|* 52 |           INDEX SKIP SCAN            | MS_QSM_INIT_QUESTNR_OWO_UK   |     1 |  2204 |     1   (0)| 00:00:01 |</font>
|  53 |       VIEW                           | MS_QSM_RESP_DETAILS_V        |     1 | 20264 |     1   (0)| 00:00:01 |
|  54 |        SORT UNIQUE                   |                              |       |       |            |          |
|  55 |         UNION-ALL PARTITION          |                              |       |       |            |          |
|* 56 |          TABLE ACCESS BY INDEX ROWID | MS_QSM_RESP_CONSD_DETAILS    |     1 | 30348 |     1   (0)| 00:00:01 |
|* 57 |           INDEX RANGE SCAN           | MS_QSM_RESP_CONSD_DETAILS_PK |     1 |       |     1   (0)| 00:00:01 |
|* 58 |          TABLE ACCESS BY INDEX ROWID | MS_QSM_RESP_FINAL_DETAILS    |     1 | 30348 |     1   (0)| 00:00:01 |
|* 59 |           INDEX RANGE SCAN           | MS_QSM_RESP_FINAL_DETAILS_PK |     1 |       |     1   (0)| 00:00:01 |
|* 60 |      TABLE ACCESS BY INDEX ROWID     | MS_QSM_INIT_QUESTNR          |     1 |   606 |     1   (0)| 00:00:01 |
|* 61 |       INDEX UNIQUE SCAN              | MS_QSM_INIT_QUESTNR_PK       |     1 |       |     1   (0)| 00:00:01 |
|  62 |     BUFFER SORT                      |                              |     1 |     2 |     9  (12)| 00:00:01 |
|  63 |      VIEW                            |                              |     1 |     2 |     3   (0)| 00:00:01 |
|  64 |       SORT AGGREGATE                 |                              |     1 |    17 |            |          |
<font style="background-color: lightblue; color: red">|* 65 |        TABLE ACCESS FULL             | MS_APPS_EVENTS               |     1 |    17 |     3   (0)| 00:00:01 |</font>
---------------------------------------------------------------------------------------------------------------------
 
</code></pre><header class="major"><h2>Query Block Name / Object Alias (identified by operation id):</h2></header><pre><code>
 
   1 - SET$1        / from$_subquery$_001@SEL$1
   2 - SET$1       
   3 - SEL$68B588A0
   4 - SEL$68B588A0 / KOKBF$0@SEL$7
   5 - SEL$11       / MS_QSM_GRADE_CONFIG@SEL$11
   6 - SEL$11       / MS_QSM_GRADE_CONFIG@SEL$11
   7 - SEL$CF5359D5
   8 - SEL$CF5359D5 / KOKBF$1@SEL$9
   9 - SEL$12      
  11 - SEL$12       / MS_QSM_RESP_ISSUE@SEL$12
  12 - SEL$07BDC5B4
  13 - SEL$07BDC5B4 / MS_QSM_RESP_FINAL_DETAILS@SEL$4
  14 - SEL$6E66398F
  16 - SEL$6E66398F / IQ@SEL$10
  17 - SEL$6E66398F / IQ@SEL$10
  18 - SET$2        / RV@SEL$10
  19 - SET$2       
  21 - SEL$13       / MS_QSM_RESP_CONSD_DETAILS@SEL$13
  22 - SEL$13       / MS_QSM_RESP_CONSD_DETAILS@SEL$13
  23 - SEL$14       / MS_QSM_RESP_FINAL_DETAILS@SEL$14
  24 - SEL$14       / MS_QSM_RESP_FINAL_DETAILS@SEL$14
  26 - SEL$15       / I@SEL$10
  27 - SEL$15      
  28 - SEL$15       / MS_APPS_EVENTS@SEL$15
  29 - SEL$5EC70623
  30 - SEL$5EC70623 / KOKBF$2@SEL$21
  31 - SEL$25       / MS_QSM_GRADE_CONFIG@SEL$25
  32 - SEL$25       / MS_QSM_GRADE_CONFIG@SEL$25
  33 - SEL$00A1922E
  34 - SEL$00A1922E / KOKBF$3@SEL$23
  35 - SEL$26      
  37 - SEL$26       / MS_QSM_RESP_ISSUE@SEL$26
  38 - SEL$DC4B4145
  39 - SEL$DC4B4145 / MS_QSM_RESP_FINAL_DETAILS@SEL$18
  40 - SEL$19EFD752
  43 - SEL$0716AA8A / VW_NSO_1@SEL$19EFD752
  44 - SEL$0716AA8A
  48 - SEL$0716AA8A / IQ@SEL$30
  49 - SEL$0716AA8A / QS@SEL$30
  50 - SEL$0716AA8A / QS@SEL$30
  51 - SEL$31      
  52 - SEL$31       / IQO@SEL$31
  53 - SET$61667F90 / RV@SEL$24
  54 - SET$61667F90
  56 - SEL$6065990D / MS_QSM_RESP_CONSD_DETAILS@SEL$27
  57 - SEL$6065990D / MS_QSM_RESP_CONSD_DETAILS@SEL$27
  58 - SEL$865774A2 / MS_QSM_RESP_FINAL_DETAILS@SEL$28
  59 - SEL$865774A2 / MS_QSM_RESP_FINAL_DETAILS@SEL$28
  60 - SEL$19EFD752 / IQ@SEL$24
  61 - SEL$19EFD752 / IQ@SEL$24
  63 - SEL$29       / I@SEL$24
  64 - SEL$29      
  65 - SEL$29       / MS_APPS_EVENTS@SEL$29
 
</code></pre><header class="major"><h2>Predicate Information (identified by operation id):</h2></header><pre><code>
 
   6 - access("GRADE_ID"=:B1)
  10 - filter(TO_NUMBER(:B1)=6 OR TO_NUMBER(:B2)=7 OR TO_NUMBER(:B3)=8 OR TO_NUMBER(:B4)=9)
  11 - filter("FINDING_FK"=:B1)
  13 - access("QUE_RESPONSE_ID"=:B1)
       filter("QUE_RESPONSE_ID"=:B1)
  17 - access("IQ"."QUE_REQUEST_ID"=:1)
  21 - filter(TO_CHAR(INTERNAL_FUNCTION("CREATION_DATE"),'YYYYMMDD')=NVL(:3,TO_CHAR(INTERNAL_FUNCTION("CREATI
              ON_DATE"),'YYYYMMDD')))
  22 - access("QUE_REQUEST_ID"=:1)
  23 - filter(TO_CHAR(INTERNAL_FUNCTION("CREATION_DATE"),'YYYYMMDD')=NVL(:3,TO_CHAR(INTERNAL_FUNCTION("CREATI
              ON_DATE"),'YYYYMMDD')))
  24 - access("QUE_REQUEST_ID"=:1)
  28 - filter("EVENT_NAME"='TRIGGER_ISSUE')
  32 - access("GRADE_ID"=:B1)
  36 - filter(TO_NUMBER(:B1)=6 OR TO_NUMBER(:B2)=7 OR TO_NUMBER(:B3)=8 OR TO_NUMBER(:B4)=9)
  37 - filter("FINDING_FK"=:B1)
  39 - access("QUE_RESPONSE_ID"=:B1)
       filter("QUE_RESPONSE_ID"=:B1)
  45 - filter("MS_APPS_SECURITY_PKG"."CHECK_OBJECT_ACCESS"("IQ"."DD_OBJECT_TYPE","IQ"."RESTRICT_ACCESS_TO", 
              (SELECT "MS_JOIN"("OWNER_ORGANIZATIONS") FROM "MS_QSM_INIT_QUESTNR_OWO" "IQO" WHERE 
              "IQO"."QUE_REQUEST_ID"=:B1),:2,'VIEW')='ACCESS')
  49 - access("IQ"."QUE_REQUEST_ID"="QS"."SCH_REQ_ID")
  50 - filter("QS"."SCH_FREQUENCY"<>'3' AND "QS"."SCH_FREQUENCY"<>'6')
  52 - access("IQO"."QUE_REQUEST_ID"=:B1)
       filter("IQO"."QUE_REQUEST_ID"=:B1)
  56 - filter(TRUNC(INTERNAL_FUNCTION("CREATION_DATE"))>ADD_MONTHS(TRUNC(SYSDATE@!),-1) AND CASE  WHEN 
              TRUNC(INTERNAL_FUNCTION("DUE_DATE")) IS NULL THEN 'ERR' WHEN 
              TRUNC(NVL("RESPONDED_ON",SYSDATE@!))<=TRUNC(INTERNAL_FUNCTION("DUE_DATE")) THEN 'BD' WHEN 
              TRUNC(NVL("RESPONDED_ON",SYSDATE@!))<=TRUNC(INTERNAL_FUNCTION("DUE_DATE")+7) THEN 'L7' ELSE 'G7' END =:4)
  57 - access("QUE_REQUEST_ID"="QUE_REQUEST_ID")
  58 - filter(TRUNC(INTERNAL_FUNCTION("CREATION_DATE"))>ADD_MONTHS(TRUNC(SYSDATE@!),-1) AND CASE  WHEN 
              TRUNC(INTERNAL_FUNCTION("DUE_DATE")) IS NULL THEN 'ERR' WHEN 
              TRUNC(NVL("RESPONDED_ON",SYSDATE@!))<=TRUNC(INTERNAL_FUNCTION("DUE_DATE")) THEN 'BD' WHEN 
              TRUNC(NVL("RESPONDED_ON",SYSDATE@!))<=TRUNC(INTERNAL_FUNCTION("DUE_DATE")+7) THEN 'L7' ELSE 'G7' END =:4)
  59 - access("QUE_REQUEST_ID"="QUE_REQUEST_ID")
  60 - filter("IQ"."QUE_REQUEST_TYPE"=:5)
  61 - access("RV"."QUE_REQUEST_ID"="IQ"."QUE_REQUEST_ID")
  65 - filter("EVENT_NAME"='TRIGGER_ISSUE')
 
</code></pre><header class="major"><h2>Column Projection Information (identified by operation id):</h2></header><pre><code>
 
   1 - "QUE_RESPONSE_ID"[VARCHAR2,200], "QUE_REQUEST_ID"[VARCHAR2,200], "DD_OBJECT_TYPE"[VARCHAR2,4000], 
       "QUE_REQUEST_NAME"[VARCHAR2,4000], "QUE_REQUEST_NAME_LINK"[VARCHAR2,4000], "RESPONDENT"[VARCHAR2,4000], 
       "RESPONDENT_DISP"[VARCHAR2,4000], "RESPONDED_ON"[DATE,7], "DUE_DATE"[DATE,7], "RESP_STATUS"[VARCHAR2,4000], 
       "RESP_STATUS_DISP"[VARCHAR2,0], "QUE_REQUEST_TYPE"[VARCHAR2,400], "QUE_REQUEST_TYPE_DISP"[VARCHAR2,0], 
       "RESP_GRADE"[VARCHAR2,4000], "RESP_SCORE"[VARCHAR2,4000], "APPLIES_TO"[VARCHAR2,4000], 
       "APPLIES_TO_OBJECT"[VARCHAR2,4000], "RESPONSE_APPROVER"[VARCHAR2,4000], 
       "RESPONSE_APPROVER_DISP"[VARCHAR2,4000], "NO_OF_FINDINGS"[NUMBER,22], "REC_COUNT"[NUMBER,22], 
       "NULL_VALUE"[VARCHAR2,0], "DUE_FLAG"[VARCHAR2,3]
   2 - STRDEF[200], STRDEF[200], STRDEF[4000], STRDEF[4000], STRDEF[4000], STRDEF[4000], STRDEF[4000], 
       STRDEF[7], STRDEF[7], STRDEF[4000], STRDEF[0], STRDEF[400], STRDEF[0], STRDEF[4000], STRDEF[4000], 
       STRDEF[4000], STRDEF[4000], STRDEF[4000], STRDEF[4000], STRDEF[22], STRDEF[22], STRDEF[0], STRDEF[3]
   3 - (#keys=0) "MS_CONCAT"("MS_APPS_UTILITIES"."GET_USER_FULL_NAME"(VALUE(KOKBF$)))[4000]
   4 - VALUE(A0)[8000]
   5 - "MS_QSM_GRADE_CONFIG".ROWID[ROWID,10], "GRADE_NAME"[VARCHAR2,4000]
   6 - "MS_QSM_GRADE_CONFIG".ROWID[ROWID,10]
   7 - (#keys=0) "MS_CONCAT"("MS_APPS_UTILITIES"."GET_USER_FULL_NAME"(VALUE(KOKBF$)))[4000]
   8 - VALUE(A0)[8000]
   9 - (#keys=0) COUNT(*)[22]
  12 - (#keys=0) COUNT(*)[22]
  14 - (#keys=0) "SURVEY_SCOPE_SELECTION"[VARCHAR2,400], "IQ"."QUE_REQUEST_TYPE"[VARCHAR2,400], 
       "RV"."QUE_REQUEST_ID"[VARCHAR2,200], "RV"."QUE_RESPONSE_ID"[VARCHAR2,200], 
       "RV"."PROCESS_INSTANCE_ID"[NUMBER,22], "RV"."OVERALL_SCORE"[VARCHAR2,4000], 
       "RV"."OVERALL_GRADE"[VARCHAR2,4000], "RV"."QUE_REQUEST_NAME"[VARCHAR2,4000], 
       "RV"."DD_OBJECT_TYPE"[VARCHAR2,4000], "RV"."RESPONDENT"[VARCHAR2,4000], "RV"."RESPONDED_ON"[DATE,7], 
       "RV"."RESPONDED_BY"[VARCHAR2,4000], "RV"."DUE_DATE"[DATE,7], "RESP_STATUS"[VARCHAR2,4000], 
       "RV"."APPLIES_TO"[VARCHAR2,4000], "RV"."APPLIES_TO_OBJECT"[VARCHAR2,4000], 
       "RV"."RESPONSE_APPROVER"[VARCHAR2,4000], "I"."ISM_YN"[VARCHAR2,1]
  15 - (#keys=0) "SURVEY_SCOPE_SELECTION"[VARCHAR2,400], "IQ"."QUE_REQUEST_TYPE"[VARCHAR2,400], 
       "RV"."QUE_REQUEST_ID"[VARCHAR2,200], "RV"."QUE_RESPONSE_ID"[VARCHAR2,200], 
       "RV"."PROCESS_INSTANCE_ID"[NUMBER,22], "RV"."OVERALL_SCORE"[VARCHAR2,4000], 
       "RV"."OVERALL_GRADE"[VARCHAR2,4000], "RV"."QUE_REQUEST_NAME"[VARCHAR2,4000], 
       "RV"."DD_OBJECT_TYPE"[VARCHAR2,4000], "RV"."RESPONDENT"[VARCHAR2,4000], "RV"."RESPONDED_ON"[DATE,7], 
       "RV"."RESPONDED_BY"[VARCHAR2,4000], "RV"."DUE_DATE"[DATE,7], "RESP_STATUS"[VARCHAR2,4000], 
       "RV"."APPLIES_TO"[VARCHAR2,4000], "RV"."APPLIES_TO_OBJECT"[VARCHAR2,4000], 
       "RV"."RESPONSE_APPROVER"[VARCHAR2,4000]
  16 - "SURVEY_SCOPE_SELECTION"[VARCHAR2,400], "IQ"."QUE_REQUEST_TYPE"[VARCHAR2,400]
  17 - "IQ".ROWID[ROWID,10]
  18 - "RV"."QUE_REQUEST_ID"[VARCHAR2,200], "RV"."QUE_RESPONSE_ID"[VARCHAR2,200], 
       "RV"."PROCESS_INSTANCE_ID"[NUMBER,22], "RV"."OVERALL_SCORE"[VARCHAR2,4000], 
       "RV"."OVERALL_GRADE"[VARCHAR2,4000], "RV"."QUE_REQUEST_NAME"[VARCHAR2,4000], 
       "RV"."DD_OBJECT_TYPE"[VARCHAR2,4000], "RV"."RESPONDENT"[VARCHAR2,4000], "RV"."RESPONDED_ON"[DATE,7], 
       "RV"."RESPONDED_BY"[VARCHAR2,4000], "RV"."DUE_DATE"[DATE,7], "RESP_STATUS"[VARCHAR2,4000], 
       "RV"."APPLIES_TO"[VARCHAR2,4000], "RV"."APPLIES_TO_OBJECT"[VARCHAR2,4000], 
       "RV"."RESPONSE_APPROVER"[VARCHAR2,4000]
  19 - (#keys=26) STRDEF[200], STRDEF[200], STRDEF[22], STRDEF[22], STRDEF[4000], STRDEF[4000], 
       STRDEF[4000], STRDEF[4000], STRDEF[4000], STRDEF[22], STRDEF[4000], STRDEF[4000], STRDEF[22], STRDEF[22], 
       STRDEF[4000], STRDEF[7], STRDEF[7], STRDEF[4000], STRDEF[7], STRDEF[4000], STRDEF[4000], STRDEF[4000], 
       STRDEF[4000], STRDEF[4000], STRDEF[40], STRDEF[4000]
  20 - STRDEF[200], STRDEF[200], STRDEF[22], STRDEF[22], STRDEF[4000], STRDEF[4000], STRDEF[4000], 
       STRDEF[4000], STRDEF[4000], STRDEF[22], STRDEF[4000], STRDEF[4000], STRDEF[22], STRDEF[22], STRDEF[4000], 
       STRDEF[7], STRDEF[7], STRDEF[4000], STRDEF[7], STRDEF[4000], STRDEF[4000], STRDEF[4000], STRDEF[4000], 
       STRDEF[4000], STRDEF[40], STRDEF[4000]
  21 - "QUE_REQUEST_NAME"[VARCHAR2,4000], "DD_OBJECT_TYPE"[VARCHAR2,4000], "INSTANCE_ID"[NUMBER,22], 
       "INSTANCE_REC_NUM"[NUMBER,22], "RESPONDENT"[VARCHAR2,4000], "QUE_REQUEST_TYPE"[VARCHAR2,40], 
       "APPLIES_TO_OBJECT_CODE"[VARCHAR2,4000], "CREATION_DATE"[DATE,7], "RESPONDED_ON"[DATE,7], 
       "RESPONDED_BY"[VARCHAR2,4000], "DUE_DATE"[DATE,7], "RESP_STATUS"[VARCHAR2,4000], 
       "APPLIES_TO"[VARCHAR2,4000], "APPLIES_TO_OBJECT"[VARCHAR2,4000], "RESPONSE_APPROVER"[VARCHAR2,4000], 
       "ASSIGNEE"[VARCHAR2,4000], "QUE_REQUEST_ID"[VARCHAR2,200], "QUE_RESPONSE_ID"[VARCHAR2,200], 
       "PROCESS_INSTANCE_ID"[NUMBER,22], "R_IID"[NUMBER,22], "OVERALL_SCORE"[VARCHAR2,4000], 
       "OVERALL_GRADE"[VARCHAR2,4000], "STAGE"[VARCHAR2,4000], "ACTION_COMMENT"[VARCHAR2,4000], 
       "LOGIN_ID"[VARCHAR2,4000], "REFERENCE_PID"[NUMBER,22]
  22 - "MS_QSM_RESP_CONSD_DETAILS".ROWID[ROWID,10], "QUE_REQUEST_ID"[VARCHAR2,200], 
       "QUE_RESPONSE_ID"[VARCHAR2,200], "PROCESS_INSTANCE_ID"[NUMBER,22]
  23 - "QUE_REQUEST_TYPE"[VARCHAR2,40], "APPLIES_TO_OBJECT_CODE"[VARCHAR2,4000], 
       "QUE_REQUEST_ID"[VARCHAR2,200], "QUE_RESPONSE_ID"[VARCHAR2,200], "PROCESS_INSTANCE_ID"[NUMBER,22], 
       "R_IID"[NUMBER,22], "OVERALL_SCORE"[VARCHAR2,4000], "OVERALL_GRADE"[VARCHAR2,4000], "STAGE"[VARCHAR2,4000], 
       "ACTION_COMMENT"[VARCHAR2,4000], "LOGIN_ID"[VARCHAR2,4000], "REFERENCE_PID"[NUMBER,22], 
       "QUE_REQUEST_NAME"[VARCHAR2,4000], "DD_OBJECT_TYPE"[VARCHAR2,4000], "INSTANCE_ID"[NUMBER,22], 
       "INSTANCE_REC_NUM"[NUMBER,22], "RESPONDENT"[VARCHAR2,4000], "CREATION_DATE"[DATE,7], "RESPONDED_ON"[DATE,7], 
       "RESPONDED_BY"[VARCHAR2,4000], "DUE_DATE"[DATE,7], "RESP_STATUS"[VARCHAR2,4000], 
       "APPLIES_TO"[VARCHAR2,4000], "APPLIES_TO_OBJECT"[VARCHAR2,4000], "RESPONSE_APPROVER"[VARCHAR2,4000], 
       "ASSIGNEE"[VARCHAR2,4000]
  24 - "MS_QSM_RESP_FINAL_DETAILS".ROWID[ROWID,10], "QUE_REQUEST_ID"[VARCHAR2,200], 
       "QUE_RESPONSE_ID"[VARCHAR2,200], "PROCESS_INSTANCE_ID"[NUMBER,22]
  25 - (#keys=0) "I"."ISM_YN"[VARCHAR2,1]
  26 - "I"."ISM_YN"[VARCHAR2,1]
  27 - (#keys=0) COUNT(*)[22]
  29 - (#keys=0) "MS_CONCAT"("MS_APPS_UTILITIES"."GET_USER_FULL_NAME"(VALUE(KOKBF$)))[4000]
  30 - VALUE(A0)[8000]
  31 - "MS_QSM_GRADE_CONFIG".ROWID[ROWID,10], "GRADE_NAME"[VARCHAR2,4000]
  32 - "MS_QSM_GRADE_CONFIG".ROWID[ROWID,10]
  33 - (#keys=0) "MS_CONCAT"("MS_APPS_UTILITIES"."GET_USER_FULL_NAME"(VALUE(KOKBF$)))[4000]
  34 - VALUE(A0)[8000]
  35 - (#keys=0) COUNT(*)[22]
  38 - (#keys=0) COUNT(*)[22]
  40 - (#keys=0) "RV"."QUE_REQUEST_ID"[VARCHAR2,200], "RV"."QUE_RESPONSE_ID"[VARCHAR2,200], 
       "RV"."PROCESS_INSTANCE_ID"[NUMBER,22], "RV"."OVERALL_SCORE"[VARCHAR2,4000], 
       "RV"."OVERALL_GRADE"[VARCHAR2,4000], "RV"."QUE_REQUEST_NAME"[VARCHAR2,4000], 
       "RV"."DD_OBJECT_TYPE"[VARCHAR2,4000], "RV"."RESPONDENT"[VARCHAR2,4000], "RV"."RESPONDED_ON"[DATE,7], 
       "RV"."RESPONDED_BY"[VARCHAR2,4000], "RV"."DUE_DATE"[DATE,7], "RESP_STATUS"[VARCHAR2,4000], 
       "RV"."APPLIES_TO"[VARCHAR2,4000], "RV"."APPLIES_TO_OBJECT"[VARCHAR2,4000], 
       "RV"."RESPONSE_APPROVER"[VARCHAR2,4000], "SURVEY_SCOPE_SELECTION"[VARCHAR2,400], 
       "IQ"."QUE_REQUEST_TYPE"[VARCHAR2,400], "I"."ISM_YN"[VARCHAR2,1]
  41 - (#keys=0) "RV"."QUE_REQUEST_ID"[VARCHAR2,200], "RV"."QUE_RESPONSE_ID"[VARCHAR2,200], 
       "RV"."PROCESS_INSTANCE_ID"[NUMBER,22], "RV"."OVERALL_SCORE"[VARCHAR2,4000], 
       "RV"."OVERALL_GRADE"[VARCHAR2,4000], "RV"."QUE_REQUEST_NAME"[VARCHAR2,4000], 
       "RV"."DD_OBJECT_TYPE"[VARCHAR2,4000], "RV"."RESPONDENT"[VARCHAR2,4000], "RV"."RESPONDED_ON"[DATE,7], 
       "RV"."RESPONDED_BY"[VARCHAR2,4000], "RV"."DUE_DATE"[DATE,7], "RESP_STATUS"[VARCHAR2,4000], 
       "RV"."APPLIES_TO"[VARCHAR2,4000], "RV"."APPLIES_TO_OBJECT"[VARCHAR2,4000], 
       "RV"."RESPONSE_APPROVER"[VARCHAR2,4000], "SURVEY_SCOPE_SELECTION"[VARCHAR2,400], 
       "IQ"."QUE_REQUEST_TYPE"[VARCHAR2,400]
  42 - (#keys=0) "RV"."QUE_REQUEST_ID"[VARCHAR2,200], "RV"."QUE_RESPONSE_ID"[VARCHAR2,200], 
       "RV"."PROCESS_INSTANCE_ID"[NUMBER,22], "RV"."OVERALL_SCORE"[VARCHAR2,4000], 
       "RV"."OVERALL_GRADE"[VARCHAR2,4000], "RV"."QUE_REQUEST_NAME"[VARCHAR2,4000], 
       "RV"."DD_OBJECT_TYPE"[VARCHAR2,4000], "RV"."RESPONDENT"[VARCHAR2,4000], "RV"."RESPONDED_ON"[DATE,7], 
       "RV"."RESPONDED_BY"[VARCHAR2,4000], "RV"."DUE_DATE"[DATE,7], "RESP_STATUS"[VARCHAR2,4000], 
       "RV"."APPLIES_TO"[VARCHAR2,4000], "RV"."APPLIES_TO_OBJECT"[VARCHAR2,4000], 
       "RV"."RESPONSE_APPROVER"[VARCHAR2,4000]
  43 - "QUE_REQUEST_ID"[VARCHAR2,400]
  44 - (#keys=1) "IQ"."QUE_REQUEST_ID"[VARCHAR2,400]
  45 - "IQ"."QUE_REQUEST_ID"[VARCHAR2,400]
  46 - (#keys=0) "IQ"."QUE_REQUEST_ID"[VARCHAR2,400], "IQ"."DD_OBJECT_TYPE"[VARCHAR2,400], 
       "IQ"."RESTRICT_ACCESS_TO"[VARCHAR2,1020]
  47 - (#keys=0) "IQ"."QUE_REQUEST_ID"[VARCHAR2,400], "IQ"."DD_OBJECT_TYPE"[VARCHAR2,400], 
       "IQ"."RESTRICT_ACCESS_TO"[VARCHAR2,1020], "QS".ROWID[ROWID,10]
  48 - "IQ"."QUE_REQUEST_ID"[VARCHAR2,400], "IQ"."DD_OBJECT_TYPE"[VARCHAR2,400], 
       "IQ"."RESTRICT_ACCESS_TO"[VARCHAR2,1020]
  49 - "QS".ROWID[ROWID,10]
  51 - (#keys=0) "MS_JOIN"("OWNER_ORGANIZATIONS")[4000]
  52 - "OWNER_ORGANIZATIONS"[VARCHAR2,4000]
  53 - "RV"."QUE_REQUEST_ID"[VARCHAR2,200], "RV"."QUE_RESPONSE_ID"[VARCHAR2,200], 
       "RV"."PROCESS_INSTANCE_ID"[NUMBER,22], "RV"."OVERALL_SCORE"[VARCHAR2,4000], 
       "RV"."OVERALL_GRADE"[VARCHAR2,4000], "RV"."QUE_REQUEST_NAME"[VARCHAR2,4000], 
       "RV"."DD_OBJECT_TYPE"[VARCHAR2,4000], "RV"."RESPONDENT"[VARCHAR2,4000], "RV"."RESPONDED_ON"[DATE,7], 
       "RV"."RESPONDED_BY"[VARCHAR2,4000], "RV"."DUE_DATE"[DATE,7], "RESP_STATUS"[VARCHAR2,4000], 
       "RV"."APPLIES_TO"[VARCHAR2,4000], "RV"."APPLIES_TO_OBJECT"[VARCHAR2,4000], 
       "RV"."RESPONSE_APPROVER"[VARCHAR2,4000]
  54 - (#keys=26) STRDEF[200], STRDEF[200], STRDEF[22], STRDEF[22], STRDEF[4000], STRDEF[4000], 
       STRDEF[4000], STRDEF[4000], STRDEF[4000], STRDEF[22], STRDEF[4000], STRDEF[4000], STRDEF[22], STRDEF[22], 
       STRDEF[4000], STRDEF[7], STRDEF[7], STRDEF[4000], STRDEF[7], STRDEF[4000], STRDEF[4000], STRDEF[4000], 
       STRDEF[4000], STRDEF[4000], STRDEF[40], STRDEF[4000]
  55 - STRDEF[200], STRDEF[200], STRDEF[22], STRDEF[22], STRDEF[4000], STRDEF[4000], STRDEF[4000], 
       STRDEF[4000], STRDEF[4000], STRDEF[22], STRDEF[4000], STRDEF[4000], STRDEF[22], STRDEF[22], STRDEF[4000], 
       STRDEF[7], STRDEF[7], STRDEF[4000], STRDEF[7], STRDEF[4000], STRDEF[4000], STRDEF[4000], STRDEF[4000], 
       STRDEF[4000], STRDEF[40], STRDEF[4000]
  56 - "QUE_REQUEST_NAME"[VARCHAR2,4000], "DD_OBJECT_TYPE"[VARCHAR2,4000], "INSTANCE_ID"[NUMBER,22], 
       "INSTANCE_REC_NUM"[NUMBER,22], "RESPONDENT"[VARCHAR2,4000], "QUE_REQUEST_TYPE"[VARCHAR2,40], 
       "APPLIES_TO_OBJECT_CODE"[VARCHAR2,4000], "CREATION_DATE"[DATE,7], "RESPONDED_ON"[DATE,7], 
       "RESPONDED_BY"[VARCHAR2,4000], "DUE_DATE"[DATE,7], "RESP_STATUS"[VARCHAR2,4000], 
       "APPLIES_TO"[VARCHAR2,4000], "APPLIES_TO_OBJECT"[VARCHAR2,4000], "RESPONSE_APPROVER"[VARCHAR2,4000], 
       "ASSIGNEE"[VARCHAR2,4000], "QUE_REQUEST_ID"[VARCHAR2,200], "QUE_RESPONSE_ID"[VARCHAR2,200], 
       "PROCESS_INSTANCE_ID"[NUMBER,22], "R_IID"[NUMBER,22], "OVERALL_SCORE"[VARCHAR2,4000], 
       "OVERALL_GRADE"[VARCHAR2,4000], "STAGE"[VARCHAR2,4000], "ACTION_COMMENT"[VARCHAR2,4000], 
       "LOGIN_ID"[VARCHAR2,4000], "REFERENCE_PID"[NUMBER,22]
  57 - "MS_QSM_RESP_CONSD_DETAILS".ROWID[ROWID,10], "QUE_REQUEST_ID"[VARCHAR2,200], 
       "QUE_RESPONSE_ID"[VARCHAR2,200], "PROCESS_INSTANCE_ID"[NUMBER,22]
  58 - "QUE_REQUEST_TYPE"[VARCHAR2,40], "APPLIES_TO_OBJECT_CODE"[VARCHAR2,4000], 
       "QUE_REQUEST_ID"[VARCHAR2,200], "QUE_RESPONSE_ID"[VARCHAR2,200], "PROCESS_INSTANCE_ID"[NUMBER,22], 
       "R_IID"[NUMBER,22], "OVERALL_SCORE"[VARCHAR2,4000], "OVERALL_GRADE"[VARCHAR2,4000], "STAGE"[VARCHAR2,4000], 
       "ACTION_COMMENT"[VARCHAR2,4000], "LOGIN_ID"[VARCHAR2,4000], "REFERENCE_PID"[NUMBER,22], 
       "QUE_REQUEST_NAME"[VARCHAR2,4000], "DD_OBJECT_TYPE"[VARCHAR2,4000], "INSTANCE_ID"[NUMBER,22], 
       "INSTANCE_REC_NUM"[NUMBER,22], "RESPONDENT"[VARCHAR2,4000], "CREATION_DATE"[DATE,7], "RESPONDED_ON"[DATE,7], 
       "RESPONDED_BY"[VARCHAR2,4000], "DUE_DATE"[DATE,7], "RESP_STATUS"[VARCHAR2,4000], 
       "APPLIES_TO"[VARCHAR2,4000], "APPLIES_TO_OBJECT"[VARCHAR2,4000], "RESPONSE_APPROVER"[VARCHAR2,4000], 
       "ASSIGNEE"[VARCHAR2,4000]
  59 - "MS_QSM_RESP_FINAL_DETAILS".ROWID[ROWID,10], "QUE_REQUEST_ID"[VARCHAR2,200], 
       "QUE_RESPONSE_ID"[VARCHAR2,200], "PROCESS_INSTANCE_ID"[NUMBER,22]
  60 - "SURVEY_SCOPE_SELECTION"[VARCHAR2,400], "IQ"."QUE_REQUEST_TYPE"[VARCHAR2,400]
  61 - "IQ".ROWID[ROWID,10]
  62 - (#keys=0) "I"."ISM_YN"[VARCHAR2,1]
  63 - "I"."ISM_YN"[VARCHAR2,1]
  64 - (#keys=0) COUNT(*)[22]
										</code></pre>
								</section>
						</div>
					</div>

				<!-- Sidebar -->
				<div id="sidebar">
					<div class="inner">
						<!-- Menu -->
						<nav id="menu">
							<header class="major">
								<h2>Menu</h2>
							</header>
							<ul>
								<li><a href="../index.html">Module List</a></li>
								<li><a href="index.html">Summary</a></li>
								<li>
									<span class="opener">DB Analysis</span>
									<ul>
										<li><a href="bad-sql.html">Bad SQL</a></li>
										<li><a href="poor-sql.html">Poor SQL Plan</a></li>
										<li><a href="invalid-sql.html">Invalid SQL</a></li>
										<li><a href="full-sql.html">Full SQL Report</a></li>
										<li><a href="table-nil-key.html">Primary/Unique Key Miss</a></li>
										<li><a href="invalid-db-object.html">Invalid DB Objects</a></li>
										<li><a href="sequence-with-less-cache.html">Sequence</a></li>
										<li><a href="table-index-lob-size.html">Table Size</a></li>
										<li><a href="table-row-count.html">Table Row Count</a></li>
										<li><a href="top-worst-queries.html">Top Worst Queries</a></li>
									</ul>
								</li>
								<li>
								    <span class="opener">LOB</span>
								    <ul>
								        <li><a href="lob-no-cache.html">LOB - No Cache</a></li>
								        <li><a href="lob-columns.html">LOB - All Columns</a></li>
								    </ul>
								</li>
								<li>
									<span class="opener">Infolets</span>
									<ul>
										<li><a href="keep-history-infolets.html">Keep History Infolets</a></li>
										<li><a href="plsql-context-switch.html">SQL-PL/SQL Context Switch</a></li>
									</ul>
								</li>
								<li>
									<span class="opener">Pushforms</span>
									<ul>
										<li><a href="pushform-denormalize.html">Pushform Denormalized</a></li>
									</ul>
								</li>
								<li>
									<span class="opener">PL/SQL</span>
									<ul>
										<li><a href="plsql-dyn-qry-objs.html">Dynamic Query</a></li>
									</ul>
								</li>
								<li>
								    <span class="opener">Report</span>
								    <ul>
								        <li><a href="jasper.html">Jasper Reports</a></li>
								    </ul>
								</li>
							</ul>
						</nav>

						<!-- Section -->
						<section>
							<header class="major">
								<h2>Get in touch</h2>
							</header>
							<p>You need more details on the report or want more functionality, don't hesitate to reach out to us.</p>
							<ul class="contact">
								<li class="fa-envelope-o"><a href="mailto:apps-rnd-arch-team@metricstream.com?Subject=Reg - Code Analysis Tool" target="_top">apps-rnd-arch-team@metricstream.com</a></li>
							</ul>
						</section>

						<!-- Footer -->
						<footer id="footer">
							<p class="copyright">&copy; <a href="http://www.metricstream.com" target="_blank">MetricStream</a>. All rights reserved. </p>
						</footer>
					</div>
				</div>
			</div>

		<!-- Scripts -->
			<script src="../../lib/assets/js/jquery.min.js"></script>
			<script src="../../lib/assets/js/skel.min.js"></script>
			<script src="../../lib/assets/js/util.js"></script>
			<!--[if lte IE 8]><script src="../../lib/assets/js/ie/respond.min.js"></script><![endif]-->
			<script src="../../lib/assets/js/main.js"></script>
	</body>
</html>