<!DOCTYPE HTML>
<html>
	<head>
		<title>Code Analysis - MetricStream</title>
		<meta charset="utf-8" />
		<meta name="viewport" content="width=device-width, initial-scale=1, user-scalable=no" />
		<!--[if lte IE 8]><script src="../../lib/assets/js/ie/html5shiv.js"></script><![endif]-->
		<link rel="stylesheet" href="../../lib/assets/css/main.css" />
		<!--[if lte IE 9]><link rel="stylesheet" href="../../lib/assets/css/ie9.css" /><![endif]-->
		<!--[if lte IE 8]><link rel="stylesheet" href="../../lib/assets/css/ie8.css" /><![endif]-->
	</head>
	<body>

		<!-- Wrapper -->
			<div id="wrapper">

				<!-- Main -->
					<div id="main">
						<div class="inner">
							<!-- Header -->
								<header id="header">
									<a href="index.html" class="logo"><strong>Static Code Analysis Report</strong> by Code Analyzer Tool</a>
								</header>

							<!-- Content -->
								<section>
									<!-- Content -->
										<header class="major"><h2>Infolet Details</h2></header>
										<div class="table-wrapper">
											<table>
												<tbody>
													<tr>
														<th>Name</th>
														<td>MS_QSM_WEEKLY_STATUS_RPT (103919)</td>
													</tr>
													<tr>
														<th>SQL</th>
														<td><pre><code>select SURVEY_NAME,SURVEY_ID,SENT,PROGRESS,APPROVAL_PENDING,REQUESTED_FOR_CLARIFICATION,APPROVED,from_date,TO_DATE,CANCELLED
from (
SELECT A.QUE_REQUEST_NAME             AS SURVEY_NAME,
  A.QUE_REQUEST_ID                    AS SURVEY_ID,
  case when COUNT(1) >0 then COUNT(1) end AS SENT,
  SUM(CASE D.RESP_STATUS WHEN '4'  THEN 1 END)   AS PROGRESS,
  SUM(CASE D.RESP_STATUS WHEN '1'  THEN 1 END)  AS APPROVAL_PENDING,
  SUM(CASE D.RESP_STATUS WHEN '10' THEN 1 END) AS REQUESTED_FOR_CLARIFICATION,
  SUM(CASE WHEN  D.RESP_STATUS in ('9','6','7')  THEN 1 END) AS APPROVED,
  SUM(CASE D.RESP_STATUS WHEN '12' THEN 1 END) AS CANCELLED,
  :1   AS from_date,
  :2   AS TO_DATE
FROM MS_QSM_INIT_QUESTNR A,
  MS_QSM_SCHEDULER_DETAILS B,
  MS_QSM_SURVEY_SCHEDULER_LOG C,
  (SELECT que_response_id,
    resp_status,
    que_request_name,
    que_request_id
  FROM MS_QSM_RESP_DETAILS_V
  ) D
WHERE A.QUE_REQUEST_ID   =B.SCH_REQ_ID
AND C.SCH_ITERATION      =B.SCH_ITERATION
AND A.QUE_REQUEST_ID     =C.QUE_REQUEST_ID
AND D.QUE_RESPONSE_ID=B.QUE_RESPONSE_ID
AND (A.QUE_REQUEST_ID IN (:3) OR :3 IS NULL)
AND TRUNC(C.TRIGGERED_DATE) BETWEEN to_date(to_char(:1,'ddmmyyyy'),'ddmmyyyy') AND to_date(to_char(:2,'ddmmyyyy'),'ddmmyyyy')
AND (C.SCH_FREQUENCY ='6'
OR (C.SCH_FREQUENCY <>'6'
AND MS_APPS_SECURITY_PKG.CHECK_OBJECT_ACCESS(A.DD_OBJECT_TYPE, A.RESTRICT_ACCESS_TO,(SELECT ms_join_clob (b.owner_organizations)
                       FROM MS_QSM_INIT_QUESTNR_OWO b
                      WHERE b.QUE_REQUEST_ID = a.QUE_REQUEST_ID),:4,'VIEW') = 'ACCESS'))
GROUP BY A.QUE_REQUEST_ID,
  A. QUE_REQUEST_NAME)</code></pre></td>
													</tr>
													<tr>
														<th>Description</th>
														<td>This infolet is used for the drill down report for Weekly survey status report .</td>
													</tr>
												</tbody>
											</table>
										</div>

										<h2 align="center" id="content">Analysis Report</h2>
										<hr>

<header class="major"><h2>Plan hash value: 2296455241</h2></header><pre><code>
 
------------------------------------------------------------------------------------------------------------------
| Id  | Operation                          | Name                        | Rows  | Bytes | Cost (%CPU)| Time     |
------------------------------------------------------------------------------------------------------------------
|   0 | SELECT STATEMENT                   |                             |     1 |   828 |    10  (30)| 00:00:01 |
|   1 |  VIEW                              |                             |     1 |   828 |    10  (30)| 00:00:01 |
|   2 |   SORT GROUP BY                    |                             |     1 |  6183 |    10  (30)| 00:00:01 |
|*  3 |    FILTER                          |                             |       |       |            |          |
|*  4 |     FILTER                         |                             |       |       |            |          |
|   5 |      NESTED LOOPS                  |                             |     1 |  6183 |     9  (23)| 00:00:01 |
|   6 |       NESTED LOOPS                 |                             |     1 |  4758 |     8  (25)| 00:00:01 |
|   7 |        NESTED LOOPS                |                             |     1 |  3330 |     7  (29)| 00:00:01 |
|   8 |         VIEW                       | MS_QSM_RESP_DETAILS_V       |     2 |  4208 |     6  (34)| 00:00:01 |
|   9 |          SORT UNIQUE               |                             |     2 | 60696 |     6  (34)| 00:00:01 |
|  10 |           UNION-ALL                |                             |       |       |            |          |
<font style="background-color: lightblue; color: red">|  11 |            TABLE ACCESS FULL       | MS_QSM_RESP_CONSD_DETAILS   |     1 | 30348 |     2   (0)| 00:00:01 |</font>
<font style="background-color: lightblue; color: red">|  12 |            TABLE ACCESS FULL       | MS_QSM_RESP_FINAL_DETAILS   |     1 | 30348 |     2   (0)| 00:00:01 |</font>
|  13 |         TABLE ACCESS BY INDEX ROWID| MS_QSM_SCHEDULER_DETAILS    |     1 |  1226 |     1   (0)| 00:00:01 |
|* 14 |          INDEX RANGE SCAN          | MS_QSM_SCH_DTL_REQ_IDX2     |     1 |       |     1   (0)| 00:00:01 |
|* 15 |        TABLE ACCESS BY INDEX ROWID | MS_QSM_INIT_QUESTNR         |     1 |  1428 |     1   (0)| 00:00:01 |
|* 16 |         INDEX UNIQUE SCAN          | MS_QSM_INIT_QUESTNR_PK      |     1 |       |     1   (0)| 00:00:01 |
|* 17 |       TABLE ACCESS BY INDEX ROWID  | MS_QSM_SURVEY_SCHEDULER_LOG |     1 |  1425 |     1   (0)| 00:00:01 |
|* 18 |        INDEX RANGE SCAN            | MS_QSM_SCHEDULER_LOG_N1     |     1 |       |     1   (0)| 00:00:01 |
|  19 |     SORT AGGREGATE                 |                             |     1 |  2204 |            |          |
<font style="background-color: lightblue; color: red">|* 20 |      INDEX SKIP SCAN               | MS_QSM_INIT_QUESTNR_OWO_UK  |     1 |  2204 |     1   (0)| 00:00:01 |</font>
------------------------------------------------------------------------------------------------------------------
 
</code></pre><header class="major"><h2>Query Block Name / Object Alias (identified by operation id):</h2></header><pre><code>
 
   1 - SEL$335DD26A / from$_subquery$_001@SEL$1
   2 - SEL$335DD26A
   8 - SET$1        / MS_QSM_RESP_DETAILS_V@SEL$3
   9 - SET$1       
  11 - SEL$4        / MS_QSM_RESP_CONSD_DETAILS@SEL$4
  12 - SEL$5        / MS_QSM_RESP_FINAL_DETAILS@SEL$5
  13 - SEL$335DD26A / B@SEL$2
  14 - SEL$335DD26A / B@SEL$2
  15 - SEL$335DD26A / A@SEL$2
  16 - SEL$335DD26A / A@SEL$2
  17 - SEL$335DD26A / C@SEL$2
  18 - SEL$335DD26A / C@SEL$2
  19 - SEL$6       
  20 - SEL$6        / B@SEL$6
 
</code></pre><header class="major"><h2>Predicate Information (identified by operation id):</h2></header><pre><code>
 
   3 - filter("C"."SCH_FREQUENCY"='6' OR "C"."SCH_FREQUENCY"<>'6' AND 
              "MS_APPS_SECURITY_PKG"."CHECK_OBJECT_ACCESS"("A"."DD_OBJECT_TYPE","A"."RESTRICT_ACCESS_TO",SYS_OP_CL2C( 
              (SELECT "MS_JOIN_CLOB"(INTERNAL_FUNCTION("B"."OWNER_ORGANIZATIONS")) FROM "MS_QSM_INIT_QUESTNR_OWO" "B" 
              WHERE "B"."QUE_REQUEST_ID"=:B1)),:4,'VIEW')='ACCESS')
   4 - filter(TO_DATE(TO_CHAR(TO_NUMBER(:2),'ddmmyyyy'),'ddmmyyyy')>=TO_DATE(TO_CHAR(TO_NUMBER(:1),'ddmmyy
              yy'),'ddmmyyyy'))
  14 - access("QUE_RESPONSE_ID"="B"."QUE_RESPONSE_ID")
  15 - filter(:3 IS NULL OR "A"."QUE_REQUEST_ID"=:3)
  16 - access("A"."QUE_REQUEST_ID"="B"."SCH_REQ_ID")
  17 - filter(TRUNC(INTERNAL_FUNCTION("C"."TRIGGERED_DATE"))>=TO_DATE(TO_CHAR(TO_NUMBER(:1),'ddmmyyyy'),'d
              dmmyyyy') AND TRUNC(INTERNAL_FUNCTION("C"."TRIGGERED_DATE"))<=TO_DATE(TO_CHAR(TO_NUMBER(:2),'ddmmyyyy'),'d
              dmmyyyy') AND "C"."SCH_ITERATION"="B"."SCH_ITERATION")
  18 - access("A"."QUE_REQUEST_ID"="C"."QUE_REQUEST_ID")
  20 - access("B"."QUE_REQUEST_ID"=:B1)
       filter("B"."QUE_REQUEST_ID"=:B1)
 
</code></pre><header class="major"><h2>Column Projection Information (identified by operation id):</h2></header><pre><code>
 
   1 - "SURVEY_NAME"[VARCHAR2,1020], "SURVEY_ID"[VARCHAR2,400], "SENT"[NUMBER,22], "PROGRESS"[NUMBER,22], 
       "APPROVAL_PENDING"[NUMBER,22], "REQUESTED_FOR_CLARIFICATION"[NUMBER,22], "APPROVED"[NUMBER,22], 
       "CANCELLED"[NUMBER,22], "FROM_DATE"[VARCHAR2,32], "TO_DATE"[VARCHAR2,32]
   2 - (#keys=2) "A"."QUE_REQUEST_ID"[VARCHAR2,400], "A"."QUE_REQUEST_NAME"[VARCHAR2,1020], COUNT(*)[22], 
       SUM(CASE "RESP_STATUS" WHEN '12' THEN 1 END )[22], SUM(CASE "RESP_STATUS" WHEN '9' THEN 1 WHEN '6' THEN 1 
       WHEN '7' THEN 1 END )[22], SUM(CASE "RESP_STATUS" WHEN '10' THEN 1 END )[22], SUM(CASE "RESP_STATUS" WHEN 
       '1' THEN 1 END )[22], SUM(CASE "RESP_STATUS" WHEN '4' THEN 1 END )[22]
   3 - "RESP_STATUS"[VARCHAR2,4000], "A"."QUE_REQUEST_ID"[VARCHAR2,400], 
       "A"."QUE_REQUEST_NAME"[VARCHAR2,1020]
   4 - "RESP_STATUS"[VARCHAR2,4000], "A"."QUE_REQUEST_ID"[VARCHAR2,400], 
       "A"."QUE_REQUEST_NAME"[VARCHAR2,1020], "A"."DD_OBJECT_TYPE"[VARCHAR2,400], 
       "A"."RESTRICT_ACCESS_TO"[VARCHAR2,1020], "C"."SCH_FREQUENCY"[VARCHAR2,900]
   5 - (#keys=0) "RESP_STATUS"[VARCHAR2,4000], "A"."QUE_REQUEST_ID"[VARCHAR2,400], 
       "A"."QUE_REQUEST_NAME"[VARCHAR2,1020], "A"."DD_OBJECT_TYPE"[VARCHAR2,400], 
       "A"."RESTRICT_ACCESS_TO"[VARCHAR2,1020], "C"."SCH_FREQUENCY"[VARCHAR2,900]
   6 - (#keys=0) "RESP_STATUS"[VARCHAR2,4000], "B"."SCH_ITERATION"[VARCHAR2,1020], 
       "A"."QUE_REQUEST_ID"[VARCHAR2,400], "A"."QUE_REQUEST_NAME"[VARCHAR2,1020], 
       "A"."DD_OBJECT_TYPE"[VARCHAR2,400], "A"."RESTRICT_ACCESS_TO"[VARCHAR2,1020]
   7 - (#keys=0) "RESP_STATUS"[VARCHAR2,4000], "B"."SCH_ITERATION"[VARCHAR2,1020], 
       "B"."SCH_REQ_ID"[VARCHAR2,400]
   8 - "QUE_RESPONSE_ID"[VARCHAR2,200], "RESP_STATUS"[VARCHAR2,4000]
   9 - (#keys=26) STRDEF[200], STRDEF[200], STRDEF[22], STRDEF[22], STRDEF[4000], STRDEF[4000], 
       STRDEF[4000], STRDEF[4000], STRDEF[4000], STRDEF[22], STRDEF[4000], STRDEF[4000], STRDEF[22], STRDEF[22], 
       STRDEF[4000], STRDEF[7], STRDEF[7], STRDEF[4000], STRDEF[7], STRDEF[4000], STRDEF[4000], STRDEF[4000], 
       STRDEF[4000], STRDEF[4000], STRDEF[40], STRDEF[4000]
  10 - STRDEF[200], STRDEF[200], STRDEF[22], STRDEF[22], STRDEF[4000], STRDEF[4000], STRDEF[4000], 
       STRDEF[4000], STRDEF[4000], STRDEF[22], STRDEF[4000], STRDEF[4000], STRDEF[22], STRDEF[22], STRDEF[4000], 
       STRDEF[7], STRDEF[7], STRDEF[4000], STRDEF[7], STRDEF[4000], STRDEF[4000], STRDEF[4000], STRDEF[4000], 
       STRDEF[4000], STRDEF[40], STRDEF[4000]
  11 - "QUE_REQUEST_NAME"[VARCHAR2,4000], "DD_OBJECT_TYPE"[VARCHAR2,4000], "INSTANCE_ID"[NUMBER,22], 
       "INSTANCE_REC_NUM"[NUMBER,22], "RESPONDENT"[VARCHAR2,4000], "QUE_REQUEST_TYPE"[VARCHAR2,40], 
       "APPLIES_TO_OBJECT_CODE"[VARCHAR2,4000], "CREATION_DATE"[DATE,7], "RESPONDED_ON"[DATE,7], 
       "RESPONDED_BY"[VARCHAR2,4000], "DUE_DATE"[DATE,7], "RESP_STATUS"[VARCHAR2,4000], 
       "APPLIES_TO"[VARCHAR2,4000], "APPLIES_TO_OBJECT"[VARCHAR2,4000], "RESPONSE_APPROVER"[VARCHAR2,4000], 
       "ASSIGNEE"[VARCHAR2,4000], "QUE_REQUEST_ID"[VARCHAR2,200], "QUE_RESPONSE_ID"[VARCHAR2,200], 
       "PROCESS_INSTANCE_ID"[NUMBER,22], "R_IID"[NUMBER,22], "OVERALL_SCORE"[VARCHAR2,4000], 
       "OVERALL_GRADE"[VARCHAR2,4000], "STAGE"[VARCHAR2,4000], "ACTION_COMMENT"[VARCHAR2,4000], 
       "LOGIN_ID"[VARCHAR2,4000], "REFERENCE_PID"[NUMBER,22]
  12 - "QUE_REQUEST_TYPE"[VARCHAR2,40], "APPLIES_TO_OBJECT_CODE"[VARCHAR2,4000], 
       "QUE_REQUEST_ID"[VARCHAR2,200], "QUE_RESPONSE_ID"[VARCHAR2,200], "PROCESS_INSTANCE_ID"[NUMBER,22], 
       "R_IID"[NUMBER,22], "OVERALL_SCORE"[VARCHAR2,4000], "OVERALL_GRADE"[VARCHAR2,4000], 
       "STAGE"[VARCHAR2,4000], "ACTION_COMMENT"[VARCHAR2,4000], "LOGIN_ID"[VARCHAR2,4000], 
       "REFERENCE_PID"[NUMBER,22], "QUE_REQUEST_NAME"[VARCHAR2,4000], "DD_OBJECT_TYPE"[VARCHAR2,4000], 
       "INSTANCE_ID"[NUMBER,22], "INSTANCE_REC_NUM"[NUMBER,22], "RESPONDENT"[VARCHAR2,4000], 
       "CREATION_DATE"[DATE,7], "RESPONDED_ON"[DATE,7], "RESPONDED_BY"[VARCHAR2,4000], "DUE_DATE"[DATE,7], 
       "RESP_STATUS"[VARCHAR2,4000], "APPLIES_TO"[VARCHAR2,4000], "APPLIES_TO_OBJECT"[VARCHAR2,4000], 
       "RESPONSE_APPROVER"[VARCHAR2,4000], "ASSIGNEE"[VARCHAR2,4000]
  13 - "B"."SCH_ITERATION"[VARCHAR2,1020], "B"."SCH_REQ_ID"[VARCHAR2,400]
  14 - "B".ROWID[ROWID,10]
  15 - "A"."QUE_REQUEST_ID"[VARCHAR2,400], "A"."QUE_REQUEST_NAME"[VARCHAR2,1020], 
       "A"."DD_OBJECT_TYPE"[VARCHAR2,400], "A"."RESTRICT_ACCESS_TO"[VARCHAR2,1020]
  16 - "A".ROWID[ROWID,10], "A"."QUE_REQUEST_ID"[VARCHAR2,400]
  17 - "C"."SCH_FREQUENCY"[VARCHAR2,900]
  18 - "C".ROWID[ROWID,10]
  19 - (#keys=0) "MS_JOIN_CLOB"(INTERNAL_FUNCTION("B"."OWNER_ORGANIZATIONS"))[4000]
  20 - "B"."OWNER_ORGANIZATIONS"[VARCHAR2,4000]
										</code></pre>
								</section>
						</div>
					</div>

				<!-- Sidebar -->
				<div id="sidebar">
					<div class="inner">
						<!-- Menu -->
						<nav id="menu">
							<header class="major">
								<h2>Menu</h2>
							</header>
							<ul>
								<li><a href="../index.html">Module List</a></li>
								<li><a href="index.html">Summary</a></li>
								<li>
									<span class="opener">DB Analysis</span>
									<ul>
										<li><a href="bad-sql.html">Bad SQL</a></li>
										<li><a href="poor-sql.html">Poor SQL Plan</a></li>
										<li><a href="invalid-sql.html">Invalid SQL</a></li>
										<li><a href="full-sql.html">Full SQL Report</a></li>
										<li><a href="table-nil-key.html">Primary/Unique Key Miss</a></li>
										<li><a href="invalid-db-object.html">Invalid DB Objects</a></li>
										<li><a href="sequence-with-less-cache.html">Sequence</a></li>
										<li><a href="table-index-lob-size.html">Table Size</a></li>
										<li><a href="table-row-count.html">Table Row Count</a></li>
										<li><a href="top-worst-queries.html">Top Worst Queries</a></li>
									</ul>
								</li>
								<li>
								    <span class="opener">LOB</span>
								    <ul>
								        <li><a href="lob-no-cache.html">LOB - No Cache</a></li>
								        <li><a href="lob-columns.html">LOB - All Columns</a></li>
								    </ul>
								</li>
								<li>
									<span class="opener">Infolets</span>
									<ul>
										<li><a href="keep-history-infolets.html">Keep History Infolets</a></li>
										<li><a href="plsql-context-switch.html">SQL-PL/SQL Context Switch</a></li>
									</ul>
								</li>
								<li>
									<span class="opener">Pushforms</span>
									<ul>
										<li><a href="pushform-denormalize.html">Pushform Denormalized</a></li>
									</ul>
								</li>
								<li>
									<span class="opener">PL/SQL</span>
									<ul>
										<li><a href="plsql-dyn-qry-objs.html">Dynamic Query</a></li>
									</ul>
								</li>
								<li>
								    <span class="opener">Report</span>
								    <ul>
								        <li><a href="jasper.html">Jasper Reports</a></li>
								    </ul>
								</li>
							</ul>
						</nav>

						<!-- Section -->
						<section>
							<header class="major">
								<h2>Get in touch</h2>
							</header>
							<p>You need more details on the report or want more functionality, don't hesitate to reach out to us.</p>
							<ul class="contact">
								<li class="fa-envelope-o"><a href="mailto:apps-rnd-arch-team@metricstream.com?Subject=Reg - Code Analysis Tool" target="_top">apps-rnd-arch-team@metricstream.com</a></li>
							</ul>
						</section>

						<!-- Footer -->
						<footer id="footer">
							<p class="copyright">&copy; <a href="http://www.metricstream.com" target="_blank">MetricStream</a>. All rights reserved. </p>
						</footer>
					</div>
				</div>
			</div>

		<!-- Scripts -->
			<script src="../../lib/assets/js/jquery.min.js"></script>
			<script src="../../lib/assets/js/skel.min.js"></script>
			<script src="../../lib/assets/js/util.js"></script>
			<!--[if lte IE 8]><script src="../../lib/assets/js/ie/respond.min.js"></script><![endif]-->
			<script src="../../lib/assets/js/main.js"></script>
	</body>
</html>