<!DOCTYPE HTML>
<html>
	<head>
		<title>Code Analysis - MetricStream</title>
		<meta charset="utf-8" />
		<meta name="viewport" content="width=device-width, initial-scale=1, user-scalable=no" />
		<!--[if lte IE 8]><script src="../../lib/assets/js/ie/html5shiv.js"></script><![endif]-->
		<link rel="stylesheet" href="../../lib/assets/css/main.css" />
		<!--[if lte IE 9]><link rel="stylesheet" href="../../lib/assets/css/ie9.css" /><![endif]-->
		<!--[if lte IE 8]><link rel="stylesheet" href="../../lib/assets/css/ie8.css" /><![endif]-->
	</head>
	<body>

		<!-- Wrapper -->
			<div id="wrapper">

				<!-- Main -->
					<div id="main">
						<div class="inner">
							<!-- Header -->
								<header id="header">
									<a href="index.html" class="logo"><strong>Static Code Analysis Report</strong> by Code Analyzer Tool</a>
								</header>

							<!-- Content -->
								<section>
									<!-- Content -->
										<header class="major"><h2>Infolet Details</h2></header>
										<div class="table-wrapper">
											<table>
												<tbody>
													<tr>
														<th>Name</th>
														<td>MS_QSM_GET_SEND_TO (103749)</td>
													</tr>
													<tr>
														<th>SQL</th>
														<td><pre><code>SELECT Stored_Value,
         Displayed_Value,
         Lov_Name,
         Locale_Id,
         Enterprise_Id,
         Lov_Id,
         Lov_Value_Id,
         Org_Entity_Id,
         Org_Entity_Name,
         Start_Date,
         End_Date
    FROM Ms_Qs_Lov_Org_Values_v
   WHERE  (End_Date IS NULL OR End_Date > SYSDATE) AND Start_Date <= SYSDATE AND (TRIM (Lov_Name) = 'MS_QSM_Send_To')
  AND (SELECT CASE   WHEN (:1 = '7' AND stored_value IN (1, 3, 4)) THEN 1
                     WHEN (:1 = '10') THEN 1
                     WHEN (:1 = '11' AND stored_value IN (2, 3, 4)) THEN 1
                     WHEN (stored_value IN (3, 4)) THEN 1
                     END
                FROM DUAL) = 1
       ORDER BY display_order</code></pre></td>
													</tr>
													<tr>
														<th>Description</th>
														<td>This infolet will fetch Send To values based on selection of Applies To in Initiate Questionnaire form.</td>
													</tr>
												</tbody>
											</table>
										</div>

										<h2 align="center" id="content">Analysis Report</h2>
										<hr>

<header class="major"><h2>Plan hash value: 2566715106</h2></header><pre><code>
 
--------------------------------------------------------------------------------------------------------------
| Id  | Operation                    | Name                          | Rows  | Bytes | Cost (%CPU)| Time     |
--------------------------------------------------------------------------------------------------------------
|   0 | SELECT STATEMENT             |                               |     1 |  2188 |   107   (2)| 00:00:02 |
|   1 |  SORT ORDER BY               |                               |     1 |  2188 |   107   (2)| 00:00:02 |
|*  2 |   FILTER                     |                               |       |       |            |          |
|*  3 |    HASH JOIN                 |                               |    70 |   149K|    35   (0)| 00:00:01 |
|   4 |     VIEW                     | SI_REGISTER_APPLICATION_V     |    58 |   754 |     6   (0)| 00:00:01 |
|   5 |      UNION-ALL               |                               |       |       |            |          |
|   6 |       NESTED LOOPS OUTER     |                               |    57 |  1881 |     4   (0)| 00:00:01 |
<font style="background-color: lightblue; color: red">|   7 |        TABLE ACCESS FULL     | SI_REGISTER_APPLICATION       |    57 |   399 |     3   (0)| 00:00:01 |</font>
|*  8 |        INDEX RANGE SCAN      | SI_REGISTER_APPLICATION_TL_N1 |     1 |    26 |     1   (0)| 00:00:01 |
|   9 |       FAST DUAL              |                               |     1 |       |     2   (0)| 00:00:01 |
|* 10 |     HASH JOIN RIGHT OUTER    |                               |    33 | 71775 |    29   (0)| 00:00:01 |
<font style="background-color: lightblue; color: red">|  11 |      TABLE ACCESS FULL       | MS_QS_LIST_OF_VALUES_TL       |   258 |  6450 |     3   (0)| 00:00:01 |</font>
|  12 |      NESTED LOOPS OUTER      |                               |    33 | 70950 |    26   (0)| 00:00:01 |
|* 13 |       HASH JOIN              |                               |    33 | 70719 |    25   (0)| 00:00:01 |
<font style="background-color: lightblue; color: red">|  14 |        TABLE ACCESS FULL     | SI_ORG_ENTITIES_T             |   113 |  2938 |     3   (0)| 00:00:01 |</font>
|* 15 |        HASH JOIN             |                               |    33 | 69861 |    22   (0)| 00:00:01 |
|  16 |         NESTED LOOPS OUTER   |                               |     7 |   420 |     8   (0)| 00:00:01 |
<font style="background-color: lightblue; color: red">|* 17 |          TABLE ACCESS FULL   | MS_QS_LOV_NAMES               |     7 |   238 |     7   (0)| 00:00:01 |</font>
|* 18 |          INDEX RANGE SCAN    | MS_QS_LOV_NAMES_TL_IDX        |     1 |    26 |     1   (0)| 00:00:01 |
|  19 |         VIEW                 |                               |  3272 |  6572K|    14   (0)| 00:00:01 |
<font style="background-color: lightblue; color: red">|  20 |          MERGE JOIN CARTESIAN|                               |  3272 |   169K|    14   (0)| 00:00:01 |</font>
<font style="background-color: lightblue; color: red">|* 21 |           TABLE ACCESS FULL  | SI_LOCALES                    |     1 |     6 |     3   (0)| 00:00:01 |</font>
|  22 |           BUFFER SORT        |                               |  3272 |   150K|    11   (0)| 00:00:01 |
<font style="background-color: lightblue; color: red">|* 23 |            TABLE ACCESS FULL | MS_QS_LIST_OF_VALUES_T        |  3272 |   150K|    11   (0)| 00:00:01 |</font>
|* 24 |       INDEX RANGE SCAN       | SI_ORG_ENTITIES_TL_IDX        |     1 |     7 |     1   (0)| 00:00:01 |
|  25 |    FAST DUAL                 |                               |     1 |       |     2   (0)| 00:00:01 |
--------------------------------------------------------------------------------------------------------------
 
</code></pre><header class="major"><h2>Query Block Name / Object Alias (identified by operation id):</h2></header><pre><code>
 
   1 - SEL$4D23A876
   4 - SET$1        / SRA@SEL$6
   5 - SET$1       
   6 - SEL$8       
   7 - SEL$8        / T@SEL$8
   8 - SEL$8        / TL@SEL$8
   9 - SEL$11       / DUAL@SEL$11
  11 - SEL$4D23A876 / TL@SEL$3
  14 - SEL$4D23A876 / T@SEL$16
  17 - SEL$4D23A876 / T@SEL$7
  18 - SEL$4D23A876 / TL@SEL$7
  19 - SEL$7286615E / X@SEL$3
  20 - SEL$7286615E
  21 - SEL$7286615E / SI_LOCALES@SEL$5
  23 - SEL$7286615E / T@SEL$4
  24 - SEL$4D23A876 / TL@SEL$16
  25 - SEL$17       / DUAL@SEL$17
 
</code></pre><header class="major"><h2>Predicate Information (identified by operation id):</h2></header><pre><code>
 
   2 - filter( (SELECT CASE  WHEN (:1='7' AND (TO_NUMBER(:B1)=1 OR TO_NUMBER(:B2)=3 OR 
              TO_NUMBER(:B3)=4)) THEN 1 WHEN :1='10' THEN 1 WHEN (:1='11' AND (TO_NUMBER(:B4)=2 OR TO_NUMBER(:B5)=3 
              OR TO_NUMBER(:B6)=4)) THEN 1 WHEN (TO_NUMBER(:B7)=3 OR TO_NUMBER(:B8)=4) THEN 1 END  FROM 
              "SYS"."DUAL" "DUAL")=1)
   3 - access(NVL("PACKAGE_ID",0)=NVL("SRA"."PACKAGE_ID",0))
   8 - access("TL"."MODULE_ID"(+)="T"."MODULE_ID" AND 
              "TL"."LOCALE_ID"(+)=TO_NUMBER("SI_DB_LOCALE_SV"."GETVALUE"()))
  10 - access("X"."LOV_VALUE_ID"="TL"."LOV_VALUE_ID"(+) AND "X"."LOCALE_ID"="TL"."LOCALE_ID"(+))
  13 - access("T"."ORG_ENTITY_ID"="X"."ORG_ENTITY_ID" AND "T"."ENTERPRISE_ID"="X"."ENTERPRISE_ID")
  15 - access("X"."LOV_ID"="T"."LOV_ID")
  17 - filter(TRIM("T"."LOV_NAME")='MS_QSM_Send_To')
  18 - access("T"."LOV_ID"="TL"."LOV_ID"(+) AND "TL"."LOCALE_ID"(+)=TO_NUMBER("SI_DB_LOCALE_SV"."GETVA
              LUE"()))
  21 - filter("ENABLED_FLAG"='Y')
  23 - filter(("T"."END_DATE" IS NULL OR "T"."END_DATE">SYSDATE@!) AND "T"."START_DATE"<=SYSDATE@!)
  24 - access("T"."ORG_ENTITY_ID"="TL"."ORG_ENTITY_ID"(+) AND 
              "TL"."LOCALE_ID"(+)=TO_NUMBER("SI_DB_LOCALE_SV"."GETVALUE"()))
 
</code></pre><header class="major"><h2>Column Projection Information (identified by operation id):</h2></header><pre><code>
 
   1 - (#keys=1) "X"."DISPLAY_ORDER"[NUMBER,22], "X"."STORED_VALUE"[VARCHAR2,400], 
       NVL("TL"."DISPLAYED_VALUE","X"."DISPLAYED_VALUE")[4000], "T"."LOV_NAME"[VARCHAR2,400], 
       "X"."LOCALE_ID"[NUMBER,22], "X"."ENTERPRISE_ID"[NUMBER,22], "X"."LOV_ID"[NUMBER,22], 
       "X"."LOV_VALUE_ID"[NUMBER,22], "T"."ORG_ENTITY_ID"[NUMBER,22], "T"."ORG_ENTITY_NAME"[VARCHAR2,400], 
       "X"."START_DATE"[DATE,7], "X"."END_DATE"[DATE,7]
   2 - "X"."LOV_VALUE_ID"[NUMBER,22], "X"."LOCALE_ID"[NUMBER,22], 
       "TL"."DISPLAYED_VALUE"[VARCHAR2,4000], "T"."ORG_ENTITY_ID"[NUMBER,22], 
       "X"."ENTERPRISE_ID"[NUMBER,22], "T"."ORG_ENTITY_NAME"[VARCHAR2,400], "X"."LOV_ID"[NUMBER,22], 
       "T"."LOV_NAME"[VARCHAR2,400], "X"."DISPLAY_ORDER"[NUMBER,22], "X"."END_DATE"[DATE,7], 
       "X"."STORED_VALUE"[VARCHAR2,400], "X"."DISPLAYED_VALUE"[VARCHAR2,4000], "X"."START_DATE"[DATE,7]
   3 - (#keys=1) "X"."LOV_VALUE_ID"[NUMBER,22], "X"."LOCALE_ID"[NUMBER,22], 
       "TL"."DISPLAYED_VALUE"[VARCHAR2,4000], "T"."ORG_ENTITY_ID"[NUMBER,22], 
       "X"."ENTERPRISE_ID"[NUMBER,22], "T"."ORG_ENTITY_NAME"[VARCHAR2,400], "X"."LOV_ID"[NUMBER,22], 
       "T"."LOV_NAME"[VARCHAR2,400], "X"."DISPLAY_ORDER"[NUMBER,22], "X"."END_DATE"[DATE,7], 
       "X"."STORED_VALUE"[VARCHAR2,400], "X"."DISPLAYED_VALUE"[VARCHAR2,4000], "X"."START_DATE"[DATE,7]
   4 - "SRA"."PACKAGE_ID"[NUMBER,22]
   5 - STRDEF[22]
   6 - (#keys=0) "T"."MODULE_ID"[NUMBER,22]
   7 - "T"."MODULE_ID"[NUMBER,22]
  10 - (#keys=2) "X"."LOV_VALUE_ID"[NUMBER,22], "X"."LOCALE_ID"[NUMBER,22], 
       "TL"."DISPLAYED_VALUE"[VARCHAR2,4000], "T"."ORG_ENTITY_ID"[NUMBER,22], 
       "X"."ENTERPRISE_ID"[NUMBER,22], "T"."ORG_ENTITY_NAME"[VARCHAR2,400], "X"."LOV_ID"[NUMBER,22], 
       "T"."LOV_NAME"[VARCHAR2,400], "PACKAGE_ID"[NUMBER,22], "X"."DISPLAY_ORDER"[NUMBER,22], 
       "X"."END_DATE"[DATE,7], "X"."STORED_VALUE"[VARCHAR2,400], "X"."DISPLAYED_VALUE"[VARCHAR2,4000], 
       "X"."START_DATE"[DATE,7]
  11 - "TL"."LOV_VALUE_ID"[NUMBER,22], "TL"."DISPLAYED_VALUE"[VARCHAR2,4000], 
       "TL"."LOCALE_ID"[NUMBER,22]
  12 - (#keys=0) "T"."ORG_ENTITY_ID"[NUMBER,22], "X"."ENTERPRISE_ID"[NUMBER,22], 
       "T"."ORG_ENTITY_NAME"[VARCHAR2,400], "X"."LOV_ID"[NUMBER,22], "T"."LOV_NAME"[VARCHAR2,400], 
       "PACKAGE_ID"[NUMBER,22], "X"."LOV_VALUE_ID"[NUMBER,22], "X"."DISPLAY_ORDER"[NUMBER,22], 
       "X"."END_DATE"[DATE,7], "X"."STORED_VALUE"[VARCHAR2,400], "X"."DISPLAYED_VALUE"[VARCHAR2,4000], 
       "X"."LOCALE_ID"[NUMBER,22], "X"."START_DATE"[DATE,7]
  13 - (#keys=2) "T"."ORG_ENTITY_ID"[NUMBER,22], "X"."ENTERPRISE_ID"[NUMBER,22], 
       "T"."ORG_ENTITY_NAME"[VARCHAR2,400], "X"."LOV_ID"[NUMBER,22], "T"."LOV_NAME"[VARCHAR2,400], 
       "PACKAGE_ID"[NUMBER,22], "X"."LOV_VALUE_ID"[NUMBER,22], "X"."DISPLAY_ORDER"[NUMBER,22], 
       "X"."END_DATE"[DATE,7], "X"."STORED_VALUE"[VARCHAR2,400], "X"."DISPLAYED_VALUE"[VARCHAR2,4000], 
       "X"."LOCALE_ID"[NUMBER,22], "X"."START_DATE"[DATE,7]
  14 - "T"."ENTERPRISE_ID"[NUMBER,22], "T"."ORG_ENTITY_ID"[NUMBER,22], 
       "T"."ORG_ENTITY_NAME"[VARCHAR2,400]
  15 - (#keys=1) "X"."LOV_ID"[NUMBER,22], "T"."LOV_NAME"[VARCHAR2,400], "PACKAGE_ID"[NUMBER,22], 
       "X"."LOV_VALUE_ID"[NUMBER,22], "X"."DISPLAY_ORDER"[NUMBER,22], "X"."ORG_ENTITY_ID"[NUMBER,22], 
       "X"."STORED_VALUE"[VARCHAR2,400], "X"."DISPLAYED_VALUE"[VARCHAR2,4000], "X"."LOCALE_ID"[NUMBER,22], 
       "X"."START_DATE"[DATE,7], "X"."END_DATE"[DATE,7], "X"."ENTERPRISE_ID"[NUMBER,22]
  16 - (#keys=0) "T"."LOV_NAME"[VARCHAR2,400], "T"."LOV_ID"[NUMBER,22], "PACKAGE_ID"[NUMBER,22]
  17 - "T"."LOV_NAME"[VARCHAR2,400], "T"."LOV_ID"[NUMBER,22], "PACKAGE_ID"[NUMBER,22]
  19 - "X"."LOV_VALUE_ID"[NUMBER,22], "X"."LOV_ID"[NUMBER,22], "X"."ORG_ENTITY_ID"[NUMBER,22], 
       "X"."STORED_VALUE"[VARCHAR2,400], "X"."DISPLAYED_VALUE"[VARCHAR2,4000], "X"."LOCALE_ID"[NUMBER,22], 
       "X"."START_DATE"[DATE,7], "X"."END_DATE"[DATE,7], "X"."ENTERPRISE_ID"[NUMBER,22], 
       "X"."DISPLAY_ORDER"[NUMBER,22]
  20 - (#keys=0) "LOCALE_ID"[NUMBER,22], "T"."LOV_VALUE_ID"[NUMBER,22], "T"."LOV_ID"[NUMBER,22], 
       "T"."ORG_ENTITY_ID"[NUMBER,22], "T"."STORED_VALUE"[VARCHAR2,400], 
       "T"."DISPLAYED_VALUE"[VARCHAR2,4000], "T"."START_DATE"[DATE,7], "T"."END_DATE"[DATE,7], 
       "T"."ENTERPRISE_ID"[NUMBER,22], "T"."DISPLAY_ORDER"[NUMBER,22]
  21 - "LOCALE_ID"[NUMBER,22]
  22 - (#keys=0) "T"."LOV_VALUE_ID"[NUMBER,22], "T"."LOV_ID"[NUMBER,22], 
       "T"."ORG_ENTITY_ID"[NUMBER,22], "T"."STORED_VALUE"[VARCHAR2,400], 
       "T"."DISPLAYED_VALUE"[VARCHAR2,4000], "T"."START_DATE"[DATE,7], "T"."END_DATE"[DATE,7], 
       "T"."ENTERPRISE_ID"[NUMBER,22], "T"."DISPLAY_ORDER"[NUMBER,22]
  23 - "T"."LOV_VALUE_ID"[NUMBER,22], "T"."LOV_ID"[NUMBER,22], "T"."ORG_ENTITY_ID"[NUMBER,22], 
       "T"."STORED_VALUE"[VARCHAR2,400], "T"."DISPLAYED_VALUE"[VARCHAR2,4000], "T"."START_DATE"[DATE,7], 
       "T"."END_DATE"[DATE,7], "T"."ENTERPRISE_ID"[NUMBER,22], "T"."DISPLAY_ORDER"[NUMBER,22]
										</code></pre>
								</section>
						</div>
					</div>

				<!-- Sidebar -->
				<div id="sidebar">
					<div class="inner">
						<!-- Menu -->
						<nav id="menu">
							<header class="major">
								<h2>Menu</h2>
							</header>
							<ul>
								<li><a href="../index.html">Module List</a></li>
								<li><a href="index.html">Summary</a></li>
								<li>
									<span class="opener">DB Analysis</span>
									<ul>
										<li><a href="bad-sql.html">Bad SQL</a></li>
										<li><a href="poor-sql.html">Poor SQL Plan</a></li>
										<li><a href="invalid-sql.html">Invalid SQL</a></li>
										<li><a href="full-sql.html">Full SQL Report</a></li>
										<li><a href="table-nil-key.html">Primary/Unique Key Miss</a></li>
										<li><a href="invalid-db-object.html">Invalid DB Objects</a></li>
										<li><a href="sequence-with-less-cache.html">Sequence</a></li>
										<li><a href="table-index-lob-size.html">Table Size</a></li>
										<li><a href="table-row-count.html">Table Row Count</a></li>
										<li><a href="top-worst-queries.html">Top Worst Queries</a></li>
									</ul>
								</li>
								<li>
								    <span class="opener">LOB</span>
								    <ul>
								        <li><a href="lob-no-cache.html">LOB - No Cache</a></li>
								        <li><a href="lob-columns.html">LOB - All Columns</a></li>
								    </ul>
								</li>
								<li>
									<span class="opener">Infolets</span>
									<ul>
										<li><a href="keep-history-infolets.html">Keep History Infolets</a></li>
										<li><a href="plsql-context-switch.html">SQL-PL/SQL Context Switch</a></li>
									</ul>
								</li>
								<li>
									<span class="opener">Pushforms</span>
									<ul>
										<li><a href="pushform-denormalize.html">Pushform Denormalized</a></li>
									</ul>
								</li>
								<li>
									<span class="opener">PL/SQL</span>
									<ul>
										<li><a href="plsql-dyn-qry-objs.html">Dynamic Query</a></li>
									</ul>
								</li>
								<li>
								    <span class="opener">Report</span>
								    <ul>
								        <li><a href="jasper.html">Jasper Reports</a></li>
								    </ul>
								</li>
							</ul>
						</nav>

						<!-- Section -->
						<section>
							<header class="major">
								<h2>Get in touch</h2>
							</header>
							<p>You need more details on the report or want more functionality, don't hesitate to reach out to us.</p>
							<ul class="contact">
								<li class="fa-envelope-o"><a href="mailto:apps-rnd-arch-team@metricstream.com?Subject=Reg - Code Analysis Tool" target="_top">apps-rnd-arch-team@metricstream.com</a></li>
							</ul>
						</section>

						<!-- Footer -->
						<footer id="footer">
							<p class="copyright">&copy; <a href="http://www.metricstream.com" target="_blank">MetricStream</a>. All rights reserved. </p>
						</footer>
					</div>
				</div>
			</div>

		<!-- Scripts -->
			<script src="../../lib/assets/js/jquery.min.js"></script>
			<script src="../../lib/assets/js/skel.min.js"></script>
			<script src="../../lib/assets/js/util.js"></script>
			<!--[if lte IE 8]><script src="../../lib/assets/js/ie/respond.min.js"></script><![endif]-->
			<script src="../../lib/assets/js/main.js"></script>
	</body>
</html>