<!DOCTYPE HTML>
<html>
	<head>
		<title>Code Analysis - MetricStream</title>
		<meta charset="utf-8" />
		<meta name="viewport" content="width=device-width, initial-scale=1, user-scalable=no" />
		<!--[if lte IE 8]><script src="../../lib/assets/js/ie/html5shiv.js"></script><![endif]-->
		<link rel="stylesheet" href="../../lib/assets/css/main.css" />
		<!--[if lte IE 9]><link rel="stylesheet" href="../../lib/assets/css/ie9.css" /><![endif]-->
		<!--[if lte IE 8]><link rel="stylesheet" href="../../lib/assets/css/ie8.css" /><![endif]-->
	</head>
	<body>

		<!-- Wrapper -->
			<div id="wrapper">

				<!-- Main -->
					<div id="main">
						<div class="inner">
							<!-- Header -->
								<header id="header">
									<a href="index.html" class="logo"><strong>Static Code Analysis Report</strong> by Code Analyzer Tool</a>
								</header>

							<!-- Content -->
								<section>
									<!-- Content -->
										<header class="major"><h2>Infolet Details</h2></header>
										<div class="table-wrapper">
											<table>
												<tbody>
													<tr>
														<th>Name</th>
														<td>MS_QSM_FINDINGS_ADDED_BY (103737)</td>
													</tr>
													<tr>
														<th>SQL</th>
														<td><pre><code>SELECT Stored_Value,
         Displayed_Value,
         Lov_Name,
         Locale_Id,
         Enterprise_Id,
         Lov_Id,
         Lov_Value_Id,
         Org_Entity_Id,
         Org_Entity_Name,
         Start_Date,
         End_Date
    FROM Ms_Qs_Lov_Org_Values_v
   WHERE (End_Date IS NULL OR End_Date > SYSDATE) AND Start_Date <= SYSDATE
ORDER BY display_order</code></pre></td>
													</tr>
													<tr>
														<th>Description</th>
														<td>Will fetch values for Findings Can Be Added By field in Initiate Questionnaire form.</td>
													</tr>
												</tbody>
											</table>
										</div>

										<h2 align="center" id="content">Analysis Report</h2>
										<hr>

<header class="major"><h2>Plan hash value: 2952749577</h2></header><pre><code>
 
---------------------------------------------------------------------------------------------------------------------
| Id  | Operation                   | Name                          | Rows  | Bytes |TempSpc| Cost (%CPU)| Time     |
---------------------------------------------------------------------------------------------------------------------
|   0 | SELECT STATEMENT            |                               |  7029 |    15M|       |  3536   (1)| 00:00:43 |
|   1 |  SORT ORDER BY              |                               |  7029 |    15M|    18M|  3536   (1)| 00:00:43 |
|*  2 |   HASH JOIN                 |                               |  7029 |    15M|       |    35   (0)| 00:00:01 |
|   3 |    VIEW                     | SI_REGISTER_APPLICATION_V     |    58 |   754 |       |     6   (0)| 00:00:01 |
|   4 |     UNION-ALL               |                               |       |       |       |            |          |
|   5 |      NESTED LOOPS OUTER     |                               |    57 |  1881 |       |     4   (0)| 00:00:01 |
<font style="background-color: lightblue; color: red">|   6 |       TABLE ACCESS FULL     | SI_REGISTER_APPLICATION       |    57 |   399 |       |     3   (0)| 00:00:01 |</font>
|*  7 |       INDEX RANGE SCAN      | SI_REGISTER_APPLICATION_TL_N1 |     1 |    26 |       |     1   (0)| 00:00:01 |
|   8 |      FAST DUAL              |                               |     1 |       |       |     2   (0)| 00:00:01 |
|*  9 |    HASH JOIN RIGHT OUTER    |                               |  3272 |  7582K|       |    29   (0)| 00:00:01 |
<font style="background-color: lightblue; color: red">|* 10 |     INDEX SKIP SCAN         | MS_QS_LOV_NAMES_TL_IDX        |     1 |    26 |       |     1   (0)| 00:00:01 |</font>
|* 11 |     HASH JOIN               |                               |  3272 |  7499K|       |    28   (0)| 00:00:01 |
<font style="background-color: lightblue; color: red">|  12 |      TABLE ACCESS FULL      | MS_QS_LOV_NAMES               |   661 | 22474 |       |     7   (0)| 00:00:01 |</font>
|* 13 |      HASH JOIN RIGHT OUTER  |                               |  3272 |  7390K|       |    21   (0)| 00:00:01 |
<font style="background-color: lightblue; color: red">|  14 |       TABLE ACCESS FULL     | MS_QS_LIST_OF_VALUES_TL       |   258 |  6450 |       |     3   (0)| 00:00:01 |</font>
|* 15 |       HASH JOIN             |                               |  3272 |  7310K|       |    18   (0)| 00:00:01 |
|  16 |        NESTED LOOPS OUTER   |                               |   113 |  3729 |       |     4   (0)| 00:00:01 |
<font style="background-color: lightblue; color: red">|  17 |         TABLE ACCESS FULL   | SI_ORG_ENTITIES_T             |   113 |  2938 |       |     3   (0)| 00:00:01 |</font>
|* 18 |         INDEX RANGE SCAN    | SI_ORG_ENTITIES_TL_IDX        |     1 |     7 |       |     1   (0)| 00:00:01 |
|  19 |        VIEW                 |                               |  3272 |  7205K|       |    14   (0)| 00:00:01 |
<font style="background-color: lightblue; color: red">|  20 |         MERGE JOIN CARTESIAN|                               |  3272 |   169K|       |    14   (0)| 00:00:01 |</font>
<font style="background-color: lightblue; color: red">|* 21 |          TABLE ACCESS FULL  | SI_LOCALES                    |     1 |     6 |       |     3   (0)| 00:00:01 |</font>
|  22 |          BUFFER SORT        |                               |  3272 |   150K|       |    11   (0)| 00:00:01 |
<font style="background-color: lightblue; color: red">|* 23 |           TABLE ACCESS FULL | MS_QS_LIST_OF_VALUES_T        |  3272 |   150K|       |    11   (0)| 00:00:01 |</font>
---------------------------------------------------------------------------------------------------------------------
 
</code></pre><header class="major"><h2>Query Block Name / Object Alias (identified by operation id):</h2></header><pre><code>
 
   1 - SEL$4D23A876
   3 - SET$1        / SRA@SEL$6
   4 - SET$1       
   5 - SEL$8       
   6 - SEL$8        / T@SEL$8
   7 - SEL$8        / TL@SEL$8
   8 - SEL$11       / DUAL@SEL$11
  10 - SEL$4D23A876 / TL@SEL$7
  12 - SEL$4D23A876 / T@SEL$7
  14 - SEL$4D23A876 / TL@SEL$3
  17 - SEL$4D23A876 / T@SEL$16
  18 - SEL$4D23A876 / TL@SEL$16
  19 - SEL$7286615E / X@SEL$3
  20 - SEL$7286615E
  21 - SEL$7286615E / SI_LOCALES@SEL$5
  23 - SEL$7286615E / T@SEL$4
 
</code></pre><header class="major"><h2>Predicate Information (identified by operation id):</h2></header><pre><code>
 
   2 - access(NVL("PACKAGE_ID",0)=NVL("SRA"."PACKAGE_ID",0))
   7 - access("TL"."MODULE_ID"(+)="T"."MODULE_ID" AND "TL"."LOCALE_ID"(+)=TO_NUMBER("SI_DB_LOCALE_SV"."GETVAL
              UE"()))
   9 - access("T"."LOV_ID"="TL"."LOV_ID"(+))
  10 - access("TL"."LOCALE_ID"(+)=TO_NUMBER("SI_DB_LOCALE_SV"."GETVALUE"()))
       filter("TL"."LOCALE_ID"(+)=TO_NUMBER("SI_DB_LOCALE_SV"."GETVALUE"()))
  11 - access("X"."LOV_ID"="T"."LOV_ID")
  13 - access("X"."LOV_VALUE_ID"="TL"."LOV_VALUE_ID"(+) AND "X"."LOCALE_ID"="TL"."LOCALE_ID"(+))
  15 - access("T"."ORG_ENTITY_ID"="X"."ORG_ENTITY_ID" AND "T"."ENTERPRISE_ID"="X"."ENTERPRISE_ID")
  18 - access("T"."ORG_ENTITY_ID"="TL"."ORG_ENTITY_ID"(+) AND 
              "TL"."LOCALE_ID"(+)=TO_NUMBER("SI_DB_LOCALE_SV"."GETVALUE"()))
  21 - filter("ENABLED_FLAG"='Y')
  23 - filter(("T"."END_DATE" IS NULL OR "T"."END_DATE">SYSDATE@!) AND "T"."START_DATE"<=SYSDATE@!)
 
</code></pre><header class="major"><h2>Column Projection Information (identified by operation id):</h2></header><pre><code>
 
   1 - (#keys=1) "X"."DISPLAY_ORDER"[NUMBER,22], "X"."STORED_VALUE"[VARCHAR2,400], 
       NVL("TL"."DISPLAYED_VALUE","X"."DISPLAYED_VALUE")[4000], "T"."LOV_NAME"[VARCHAR2,400], 
       "X"."LOCALE_ID"[NUMBER,22], "X"."ENTERPRISE_ID"[NUMBER,22], "X"."LOV_ID"[NUMBER,22], 
       "X"."LOV_VALUE_ID"[NUMBER,22], "T"."ORG_ENTITY_ID"[NUMBER,22], "T"."ORG_ENTITY_NAME"[VARCHAR2,400], 
       "X"."START_DATE"[DATE,7], "X"."END_DATE"[DATE,7]
   2 - (#keys=1) "X"."DISPLAYED_VALUE"[VARCHAR2,4000], "X"."LOV_ID"[NUMBER,22], 
       "T"."LOV_NAME"[VARCHAR2,400], "X"."LOV_VALUE_ID"[NUMBER,22], "X"."LOCALE_ID"[NUMBER,22], 
       "TL"."DISPLAYED_VALUE"[VARCHAR2,4000], "T"."ORG_ENTITY_ID"[NUMBER,22], "X"."ENTERPRISE_ID"[NUMBER,22], 
       "T"."ORG_ENTITY_NAME"[VARCHAR2,400], "X"."END_DATE"[DATE,7], "X"."START_DATE"[DATE,7], 
       "X"."DISPLAY_ORDER"[NUMBER,22], "X"."STORED_VALUE"[VARCHAR2,400]
   3 - "SRA"."PACKAGE_ID"[NUMBER,22]
   4 - STRDEF[22]
   5 - (#keys=0) "T"."MODULE_ID"[NUMBER,22]
   6 - "T"."MODULE_ID"[NUMBER,22]
   9 - (#keys=1) "X"."DISPLAYED_VALUE"[VARCHAR2,4000], "X"."LOV_ID"[NUMBER,22], 
       "T"."LOV_NAME"[VARCHAR2,400], "PACKAGE_ID"[NUMBER,22], "X"."LOV_VALUE_ID"[NUMBER,22], 
       "X"."LOCALE_ID"[NUMBER,22], "TL"."DISPLAYED_VALUE"[VARCHAR2,4000], "T"."ORG_ENTITY_ID"[NUMBER,22], 
       "X"."ENTERPRISE_ID"[NUMBER,22], "T"."ORG_ENTITY_NAME"[VARCHAR2,400], "X"."END_DATE"[DATE,7], 
       "X"."START_DATE"[DATE,7], "X"."DISPLAY_ORDER"[NUMBER,22], "X"."STORED_VALUE"[VARCHAR2,400]
  10 - "TL"."LOV_ID"[NUMBER,22]
  11 - (#keys=1) "T"."LOV_ID"[NUMBER,22], "X"."LOV_ID"[NUMBER,22], "T"."LOV_NAME"[VARCHAR2,400], 
       "PACKAGE_ID"[NUMBER,22], "X"."LOV_VALUE_ID"[NUMBER,22], "X"."LOCALE_ID"[NUMBER,22], 
       "TL"."DISPLAYED_VALUE"[VARCHAR2,4000], "T"."ORG_ENTITY_ID"[NUMBER,22], "X"."ENTERPRISE_ID"[NUMBER,22], 
       "T"."ORG_ENTITY_NAME"[VARCHAR2,400], "X"."END_DATE"[DATE,7], "X"."START_DATE"[DATE,7], 
       "X"."DISPLAY_ORDER"[NUMBER,22], "X"."STORED_VALUE"[VARCHAR2,400], "X"."DISPLAYED_VALUE"[VARCHAR2,4000]
  12 - "T"."LOV_NAME"[VARCHAR2,400], "T"."LOV_ID"[NUMBER,22], "PACKAGE_ID"[NUMBER,22]
  13 - (#keys=2) "X"."LOV_VALUE_ID"[NUMBER,22], "X"."LOCALE_ID"[NUMBER,22], 
       "TL"."DISPLAYED_VALUE"[VARCHAR2,4000], "T"."ORG_ENTITY_ID"[NUMBER,22], "X"."ENTERPRISE_ID"[NUMBER,22], 
       "T"."ORG_ENTITY_NAME"[VARCHAR2,400], "X"."END_DATE"[DATE,7], "X"."LOV_ID"[NUMBER,22], 
       "X"."DISPLAY_ORDER"[NUMBER,22], "X"."STORED_VALUE"[VARCHAR2,400], "X"."DISPLAYED_VALUE"[VARCHAR2,4000], 
       "X"."START_DATE"[DATE,7]
  14 - "TL"."LOV_VALUE_ID"[NUMBER,22], "TL"."DISPLAYED_VALUE"[VARCHAR2,4000], "TL"."LOCALE_ID"[NUMBER,22]
  15 - (#keys=2) "T"."ORG_ENTITY_ID"[NUMBER,22], "X"."ENTERPRISE_ID"[NUMBER,22], 
       "T"."ORG_ENTITY_NAME"[VARCHAR2,400], "X"."LOV_VALUE_ID"[NUMBER,22], "X"."LOV_ID"[NUMBER,22], 
       "X"."DISPLAY_ORDER"[NUMBER,22], "X"."STORED_VALUE"[VARCHAR2,400], "X"."DISPLAYED_VALUE"[VARCHAR2,4000], 
       "X"."LOCALE_ID"[NUMBER,22], "X"."START_DATE"[DATE,7], "X"."END_DATE"[DATE,7]
  16 - (#keys=0) "T"."ENTERPRISE_ID"[NUMBER,22], "T"."ORG_ENTITY_ID"[NUMBER,22], 
       "T"."ORG_ENTITY_NAME"[VARCHAR2,400]
  17 - "T"."ENTERPRISE_ID"[NUMBER,22], "T"."ORG_ENTITY_ID"[NUMBER,22], "T"."ORG_ENTITY_NAME"[VARCHAR2,400]
  19 - "X"."LOV_VALUE_ID"[NUMBER,22], "X"."LOV_ID"[NUMBER,22], "X"."ORG_ENTITY_ID"[NUMBER,22], 
       "X"."STORED_VALUE"[VARCHAR2,400], "X"."DISPLAYED_VALUE"[VARCHAR2,4000], "X"."LOCALE_ID"[NUMBER,22], 
       "X"."START_DATE"[DATE,7], "X"."END_DATE"[DATE,7], "X"."ENTERPRISE_ID"[NUMBER,22], 
       "X"."DISPLAY_ORDER"[NUMBER,22]
  20 - (#keys=0) "LOCALE_ID"[NUMBER,22], "T"."LOV_VALUE_ID"[NUMBER,22], "T"."LOV_ID"[NUMBER,22], 
       "T"."ORG_ENTITY_ID"[NUMBER,22], "T"."STORED_VALUE"[VARCHAR2,400], "T"."DISPLAYED_VALUE"[VARCHAR2,4000], 
       "T"."START_DATE"[DATE,7], "T"."END_DATE"[DATE,7], "T"."ENTERPRISE_ID"[NUMBER,22], 
       "T"."DISPLAY_ORDER"[NUMBER,22]
  21 - "LOCALE_ID"[NUMBER,22]
  22 - (#keys=0) "T"."LOV_VALUE_ID"[NUMBER,22], "T"."LOV_ID"[NUMBER,22], "T"."ORG_ENTITY_ID"[NUMBER,22], 
       "T"."STORED_VALUE"[VARCHAR2,400], "T"."DISPLAYED_VALUE"[VARCHAR2,4000], "T"."START_DATE"[DATE,7], 
       "T"."END_DATE"[DATE,7], "T"."ENTERPRISE_ID"[NUMBER,22], "T"."DISPLAY_ORDER"[NUMBER,22]
  23 - "T"."LOV_VALUE_ID"[NUMBER,22], "T"."LOV_ID"[NUMBER,22], "T"."ORG_ENTITY_ID"[NUMBER,22], 
       "T"."STORED_VALUE"[VARCHAR2,400], "T"."DISPLAYED_VALUE"[VARCHAR2,4000], "T"."START_DATE"[DATE,7], 
       "T"."END_DATE"[DATE,7], "T"."ENTERPRISE_ID"[NUMBER,22], "T"."DISPLAY_ORDER"[NUMBER,22]
										</code></pre>
								</section>
						</div>
					</div>

				<!-- Sidebar -->
				<div id="sidebar">
					<div class="inner">
						<!-- Menu -->
						<nav id="menu">
							<header class="major">
								<h2>Menu</h2>
							</header>
							<ul>
								<li><a href="../index.html">Module List</a></li>
								<li><a href="index.html">Summary</a></li>
								<li>
									<span class="opener">DB Analysis</span>
									<ul>
										<li><a href="bad-sql.html">Bad SQL</a></li>
										<li><a href="poor-sql.html">Poor SQL Plan</a></li>
										<li><a href="invalid-sql.html">Invalid SQL</a></li>
										<li><a href="full-sql.html">Full SQL Report</a></li>
										<li><a href="table-nil-key.html">Primary/Unique Key Miss</a></li>
										<li><a href="invalid-db-object.html">Invalid DB Objects</a></li>
										<li><a href="sequence-with-less-cache.html">Sequence</a></li>
										<li><a href="table-index-lob-size.html">Table Size</a></li>
										<li><a href="table-row-count.html">Table Row Count</a></li>
										<li><a href="top-worst-queries.html">Top Worst Queries</a></li>
									</ul>
								</li>
								<li>
								    <span class="opener">LOB</span>
								    <ul>
								        <li><a href="lob-no-cache.html">LOB - No Cache</a></li>
								        <li><a href="lob-columns.html">LOB - All Columns</a></li>
								    </ul>
								</li>
								<li>
									<span class="opener">Infolets</span>
									<ul>
										<li><a href="keep-history-infolets.html">Keep History Infolets</a></li>
										<li><a href="plsql-context-switch.html">SQL-PL/SQL Context Switch</a></li>
									</ul>
								</li>
								<li>
									<span class="opener">Pushforms</span>
									<ul>
										<li><a href="pushform-denormalize.html">Pushform Denormalized</a></li>
									</ul>
								</li>
								<li>
									<span class="opener">PL/SQL</span>
									<ul>
										<li><a href="plsql-dyn-qry-objs.html">Dynamic Query</a></li>
									</ul>
								</li>
								<li>
								    <span class="opener">Report</span>
								    <ul>
								        <li><a href="jasper.html">Jasper Reports</a></li>
								    </ul>
								</li>
							</ul>
						</nav>

						<!-- Section -->
						<section>
							<header class="major">
								<h2>Get in touch</h2>
							</header>
							<p>You need more details on the report or want more functionality, don't hesitate to reach out to us.</p>
							<ul class="contact">
								<li class="fa-envelope-o"><a href="mailto:apps-rnd-arch-team@metricstream.com?Subject=Reg - Code Analysis Tool" target="_top">apps-rnd-arch-team@metricstream.com</a></li>
							</ul>
						</section>

						<!-- Footer -->
						<footer id="footer">
							<p class="copyright">&copy; <a href="http://www.metricstream.com" target="_blank">MetricStream</a>. All rights reserved. </p>
						</footer>
					</div>
				</div>
			</div>

		<!-- Scripts -->
			<script src="../../lib/assets/js/jquery.min.js"></script>
			<script src="../../lib/assets/js/skel.min.js"></script>
			<script src="../../lib/assets/js/util.js"></script>
			<!--[if lte IE 8]><script src="../../lib/assets/js/ie/respond.min.js"></script><![endif]-->
			<script src="../../lib/assets/js/main.js"></script>
	</body>
</html>