<!DOCTYPE HTML>
<html>
	<head>
		<title>Code Analysis - MetricStream</title>
		<meta charset="utf-8" />
		<meta name="viewport" content="width=device-width, initial-scale=1, user-scalable=no" />
		<!--[if lte IE 8]><script src="../../lib/assets/js/ie/html5shiv.js"></script><![endif]-->
		<link rel="stylesheet" href="../../lib/assets/css/main.css" />
		<!--[if lte IE 9]><link rel="stylesheet" href="../../lib/assets/css/ie9.css" /><![endif]-->
		<!--[if lte IE 8]><link rel="stylesheet" href="../../lib/assets/css/ie8.css" /><![endif]-->
	</head>
	<body>

		<!-- Wrapper -->
			<div id="wrapper">

				<!-- Main -->
					<div id="main">
						<div class="inner">
							<!-- Header -->
								<header id="header">
									<a href="index.html" class="logo"><strong>Static Code Analysis Report</strong> by Code Analyzer Tool</a>
								</header>

							<!-- Content -->
								<section>
									<!-- Content -->
										<header class="major"><h2>Infolet Details</h2></header>
										<div class="table-wrapper">
											<table>
												<tbody>
													<tr>
														<th>Name</th>
														<td>MS_QSM_GET_ROLES_BASED_ON_ITEM (103745)</td>
													</tr>
													<tr>
														<th>SQL</th>
														<td><pre><code>SELECT '<input type=checkbox id="'
  || ROLE_ID
  || '" value="'
  || ROLE_NAME
  || '"onClick=checkboxChange("'
  || ROLE_ID
  || '")></input>' AS checkbox,
  ROLE_ID,
  ROLE_NAME
FROM
  (SELECT DISTINCT fdo.role_id AS ROLE_ID,
    fdo.role_name              AS ROLE_NAME
  FROM SI_USER_ORG_ACT_VIEW fdo
  WHERE upper(NVL(:3, 'no')) ='NO'
  UNION
  SELECT DISTINCT B.ROLE_ID AS ROLE_ID,
    B.ROLE_NAME             AS ROLE_NAME
  FROM
    (SELECT USER_NAME,
      USER_FULL_NAME
    FROM TABLE(MS_QSM_UTILITIES.MODULE_OBJECT_CONTACT_LIST(:1||'~'
    ||:2))
    ) A,
    SI_USER_ORG_ACT_VIEW B
   WHERE A.USER_NAME = B.USER_NAME
  AND upper(NVL(:3, 'no')) ='YES'
  )</code></pre></td>
													</tr>
													<tr>
														<th>Description</th>
														<td>This infolet is used in Send to Users Report for filtering records based on current Item.</td>
													</tr>
												</tbody>
											</table>
										</div>

										<h2 align="center" id="content">Analysis Report</h2>
										<hr>

<header class="major"><h2>Plan hash value: 2684236367</h2></header><pre><code>
 
--------------------------------------------------------------------------------------------------------------------------------
| Id  | Operation                                     | Name                           | Rows  | Bytes | Cost (%CPU)| Time     |
--------------------------------------------------------------------------------------------------------------------------------
|   0 | SELECT STATEMENT                              |                                |    13 | 26195 |    97   (3)| 00:00:02 |
|   1 |  VIEW                                         |                                |    13 | 26195 |    97   (3)| 00:00:02 |
|   2 |   SORT UNIQUE                                 |                                |    13 | 47253 |    97   (3)| 00:00:02 |
|   3 |    UNION-ALL                                  |                                |       |       |            |          |
|*  4 |     HASH JOIN                                 |                                |     1 |   376 |    33   (0)| 00:00:01 |
|   5 |      NESTED LOOPS                             |                                |     1 |   363 |    27   (0)| 00:00:01 |
|   6 |       NESTED LOOPS                            |                                |     1 |   358 |    26   (0)| 00:00:01 |
|   7 |        NESTED LOOPS                           |                                |     1 |   348 |    25   (0)| 00:00:01 |
|   8 |         NESTED LOOPS                          |                                |     1 |   339 |    24   (0)| 00:00:01 |
|   9 |          NESTED LOOPS OUTER                   |                                |     1 |   329 |    23   (0)| 00:00:01 |
|* 10 |           HASH JOIN                           |                                |     1 |   143 |    22   (0)| 00:00:01 |
|  11 |            NESTED LOOPS OUTER                 |                                |     1 |   116 |    12   (0)| 00:00:01 |
|* 12 |             HASH JOIN                         |                                |     1 |   109 |    11   (0)| 00:00:01 |
|  13 |              NESTED LOOPS                     |                                |     1 |   101 |     7   (0)| 00:00:01 |
|  14 |               NESTED LOOPS                    |                                |     3 |   101 |     7   (0)| 00:00:01 |
<font style="background-color: lightblue; color: red">|  15 |                MERGE JOIN CARTESIAN           |                                |     1 |    86 |     6   (0)| 00:00:01 |</font>
|  16 |                 NESTED LOOPS                  |                                |     1 |    80 |     3   (0)| 00:00:01 |
|  17 |                  NESTED LOOPS                 |                                |     1 |    67 |     2   (0)| 00:00:01 |
|  18 |                   TABLE ACCESS BY INDEX ROWID | MS_QS_PARAMETER_NAMES          |     1 |    34 |     1   (0)| 00:00:01 |
|* 19 |                    INDEX RANGE SCAN           | MS_QS_PARAMETER_NAMES_N2       |     1 |       |     1   (0)| 00:00:01 |
|* 20 |                   INDEX RANGE SCAN            | MS_QS_PARAMETERTYPE_TYPEID_IDX |     1 |    33 |     1   (0)| 00:00:01 |
|* 21 |                  INDEX RANGE SCAN             | MS_QS_PARAMETER_VALUES_IDX     |     1 |    13 |     1   (0)| 00:00:01 |
|  22 |                 BUFFER SORT                   |                                |     6 |    36 |     5   (0)| 00:00:01 |
<font style="background-color: lightblue; color: red">|* 23 |                  TABLE ACCESS FULL            | SI_ORG_ENTITIES_T              |     6 |    36 |     3   (0)| 00:00:01 |</font>
|* 24 |                INDEX RANGE SCAN               | SI_ORG_ROLES_N1                |     3 |       |     1   (0)| 00:00:01 |
|  25 |               TABLE ACCESS BY INDEX ROWID     | SI_ORG_ROLES                   |     3 |    45 |     1   (0)| 00:00:01 |
|  26 |              VIEW                             | SI_ORG_ENTITIES                |   113 |   904 |     4   (0)| 00:00:01 |
|* 27 |               FILTER                          |                                |       |       |            |          |
|  28 |                NESTED LOOPS OUTER             |                                |   113 |  1695 |     4   (0)| 00:00:01 |
<font style="background-color: lightblue; color: red">|  29 |                 TABLE ACCESS FULL             | SI_ORG_ENTITIES_T              |   113 |   904 |     3   (0)| 00:00:01 |</font>
|* 30 |                 INDEX RANGE SCAN              | SI_ORG_ENTITIES_TL_IDX         |     1 |     7 |     1   (0)| 00:00:01 |
|* 31 |             INDEX RANGE SCAN                  | SI_ORG_ENTITIES_TL_IDX         |     1 |     7 |     1   (0)| 00:00:01 |
|  32 |            VIEW                               | SI_ROLES                       |   456 | 12312 |    10   (0)| 00:00:01 |
|* 33 |             HASH JOIN                         |                                |   456 | 24168 |    10   (0)| 00:00:01 |
|  34 |              NESTED LOOPS OUTER               |                                |   110 |  4400 |     4   (0)| 00:00:01 |
<font style="background-color: lightblue; color: red">|  35 |               TABLE ACCESS FULL               | SI_ROLES_T                     |   110 |  3410 |     3   (0)| 00:00:01 |</font>
|* 36 |               INDEX RANGE SCAN                | SI_ROLES_TL_N2                 |     1 |     9 |     1   (0)| 00:00:01 |
|  37 |              VIEW                             | SI_REGISTER_APPLICATION_V      |    58 |   754 |     6   (0)| 00:00:01 |
|  38 |               UNION-ALL                       |                                |       |       |            |          |
|  39 |                NESTED LOOPS OUTER             |                                |    57 |  1881 |     4   (0)| 00:00:01 |
<font style="background-color: lightblue; color: red">|  40 |                 TABLE ACCESS FULL             | SI_REGISTER_APPLICATION        |    57 |   399 |     3   (0)| 00:00:01 |</font>
|* 41 |                 INDEX RANGE SCAN              | SI_REGISTER_APPLICATION_TL_N1  |     1 |    26 |     1   (0)| 00:00:01 |
|  42 |                FAST DUAL                      |                                |     1 |       |     2   (0)| 00:00:01 |
|  43 |           TABLE ACCESS BY INDEX ROWID         | SI_ROLES_TL                    |     1 |   186 |     1   (0)| 00:00:01 |
|* 44 |            INDEX RANGE SCAN                   | SI_ROLES_TL_N2                 |     1 |       |     1   (0)| 00:00:01 |
|* 45 |          INDEX RANGE SCAN                     | SI_USER_ORG_ROLES_N2           |     3 |    30 |     1   (0)| 00:00:01 |
|* 46 |         TABLE ACCESS BY INDEX ROWID           | SI_USERS_T                     |     1 |     9 |     1   (0)| 00:00:01 |
|* 47 |          INDEX UNIQUE SCAN                    | SI_USERS_T_N1                  |     1 |       |     1   (0)| 00:00:01 |
|* 48 |        INDEX RANGE SCAN                       | SI_ROLE_ACTIVITIES_N2          |    23 |   230 |     1   (0)| 00:00:01 |
|* 49 |       INDEX RANGE SCAN                        | SI_ACTIVITIES_N1               |     1 |     5 |     1   (0)| 00:00:01 |
|  50 |      VIEW                                     | SI_REGISTER_APPLICATION_V      |    58 |   754 |     6   (0)| 00:00:01 |
|  51 |       UNION-ALL                               |                                |       |       |            |          |
|  52 |        NESTED LOOPS OUTER                     |                                |    57 |  1881 |     4   (0)| 00:00:01 |
<font style="background-color: lightblue; color: red">|  53 |         TABLE ACCESS FULL                     | SI_REGISTER_APPLICATION        |    57 |   399 |     3   (0)| 00:00:01 |</font>
|* 54 |         INDEX RANGE SCAN                      | SI_REGISTER_APPLICATION_TL_N1  |     1 |    26 |     1   (0)| 00:00:01 |
|  55 |        FAST DUAL                              |                                |     1 |       |     2   (0)| 00:00:01 |
|* 56 |     HASH JOIN                                 |                                |    12 |  4692 |    62   (0)| 00:00:01 |
|* 57 |      HASH JOIN                                |                                |     1 |   389 |    33   (0)| 00:00:01 |
|  58 |       NESTED LOOPS                            |                                |     1 |   376 |    27   (0)| 00:00:01 |
|  59 |        NESTED LOOPS                           |                                |     1 |   371 |    26   (0)| 00:00:01 |
|  60 |         NESTED LOOPS                          |                                |     1 |   361 |    25   (0)| 00:00:01 |
|  61 |          NESTED LOOPS                         |                                |     1 |   339 |    24   (0)| 00:00:01 |
|  62 |           NESTED LOOPS OUTER                  |                                |     1 |   329 |    23   (0)| 00:00:01 |
|* 63 |            HASH JOIN                          |                                |     1 |   143 |    22   (0)| 00:00:01 |
|  64 |             NESTED LOOPS OUTER                |                                |     1 |   116 |    12   (0)| 00:00:01 |
|* 65 |              HASH JOIN                        |                                |     1 |   109 |    11   (0)| 00:00:01 |
|  66 |               NESTED LOOPS                    |                                |     1 |   101 |     7   (0)| 00:00:01 |
|  67 |                NESTED LOOPS                   |                                |     3 |   101 |     7   (0)| 00:00:01 |
<font style="background-color: lightblue; color: red">|  68 |                 MERGE JOIN CARTESIAN          |                                |     1 |    86 |     6   (0)| 00:00:01 |</font>
|  69 |                  NESTED LOOPS                 |                                |     1 |    80 |     3   (0)| 00:00:01 |
|  70 |                   NESTED LOOPS                |                                |     1 |    67 |     2   (0)| 00:00:01 |
|  71 |                    TABLE ACCESS BY INDEX ROWID| MS_QS_PARAMETER_NAMES          |     1 |    34 |     1   (0)| 00:00:01 |
|* 72 |                     INDEX RANGE SCAN          | MS_QS_PARAMETER_NAMES_N2       |     1 |       |     1   (0)| 00:00:01 |
|* 73 |                    INDEX RANGE SCAN           | MS_QS_PARAMETERTYPE_TYPEID_IDX |     1 |    33 |     1   (0)| 00:00:01 |
|* 74 |                   INDEX RANGE SCAN            | MS_QS_PARAMETER_VALUES_IDX     |     1 |    13 |     1   (0)| 00:00:01 |
|  75 |                  BUFFER SORT                  |                                |     6 |    36 |     5   (0)| 00:00:01 |
<font style="background-color: lightblue; color: red">|* 76 |                   TABLE ACCESS FULL           | SI_ORG_ENTITIES_T              |     6 |    36 |     3   (0)| 00:00:01 |</font>
|* 77 |                 INDEX RANGE SCAN              | SI_ORG_ROLES_N1                |     3 |       |     1   (0)| 00:00:01 |
|  78 |                TABLE ACCESS BY INDEX ROWID    | SI_ORG_ROLES                   |     3 |    45 |     1   (0)| 00:00:01 |
|  79 |               VIEW                            | SI_ORG_ENTITIES                |   113 |   904 |     4   (0)| 00:00:01 |
|* 80 |                FILTER                         |                                |       |       |            |          |
|  81 |                 NESTED LOOPS OUTER            |                                |   113 |  1695 |     4   (0)| 00:00:01 |
<font style="background-color: lightblue; color: red">|  82 |                  TABLE ACCESS FULL            | SI_ORG_ENTITIES_T              |   113 |   904 |     3   (0)| 00:00:01 |</font>
|* 83 |                  INDEX RANGE SCAN             | SI_ORG_ENTITIES_TL_IDX         |     1 |     7 |     1   (0)| 00:00:01 |
|* 84 |              INDEX RANGE SCAN                 | SI_ORG_ENTITIES_TL_IDX         |     1 |     7 |     1   (0)| 00:00:01 |
|  85 |             VIEW                              | SI_ROLES                       |   456 | 12312 |    10   (0)| 00:00:01 |
|* 86 |              HASH JOIN                        |                                |   456 | 24168 |    10   (0)| 00:00:01 |
|  87 |               NESTED LOOPS OUTER              |                                |   110 |  4400 |     4   (0)| 00:00:01 |
<font style="background-color: lightblue; color: red">|  88 |                TABLE ACCESS FULL              | SI_ROLES_T                     |   110 |  3410 |     3   (0)| 00:00:01 |</font>
|* 89 |                INDEX RANGE SCAN               | SI_ROLES_TL_N2                 |     1 |     9 |     1   (0)| 00:00:01 |
|  90 |               VIEW                            | SI_REGISTER_APPLICATION_V      |    58 |   754 |     6   (0)| 00:00:01 |
|  91 |                UNION-ALL                      |                                |       |       |            |          |
|  92 |                 NESTED LOOPS OUTER            |                                |    57 |  1881 |     4   (0)| 00:00:01 |
<font style="background-color: lightblue; color: red">|  93 |                  TABLE ACCESS FULL            | SI_REGISTER_APPLICATION        |    57 |   399 |     3   (0)| 00:00:01 |</font>
|* 94 |                  INDEX RANGE SCAN             | SI_REGISTER_APPLICATION_TL_N1  |     1 |    26 |     1   (0)| 00:00:01 |
|  95 |                 FAST DUAL                     |                                |     1 |       |     2   (0)| 00:00:01 |
|  96 |            TABLE ACCESS BY INDEX ROWID        | SI_ROLES_TL                    |     1 |   186 |     1   (0)| 00:00:01 |
|* 97 |             INDEX RANGE SCAN                  | SI_ROLES_TL_N2                 |     1 |       |     1   (0)| 00:00:01 |
|* 98 |           INDEX RANGE SCAN                    | SI_USER_ORG_ROLES_N2           |     3 |    30 |     1   (0)| 00:00:01 |
|* 99 |          TABLE ACCESS BY INDEX ROWID          | SI_USERS_T                     |     1 |    22 |     1   (0)| 00:00:01 |
|*100 |           INDEX UNIQUE SCAN                   | SI_USERS_T_N1                  |     1 |       |     1   (0)| 00:00:01 |
|*101 |         INDEX RANGE SCAN                      | SI_ROLE_ACTIVITIES_N2          |    23 |   230 |     1   (0)| 00:00:01 |
|*102 |        INDEX RANGE SCAN                       | SI_ACTIVITIES_N1               |     1 |     5 |     1   (0)| 00:00:01 |
| 103 |       VIEW                                    | SI_REGISTER_APPLICATION_V      |    58 |   754 |     6   (0)| 00:00:01 |
| 104 |        UNION-ALL                              |                                |       |       |            |          |
| 105 |         NESTED LOOPS OUTER                    |                                |    57 |  1881 |     4   (0)| 00:00:01 |
<font style="background-color: lightblue; color: red">| 106 |          TABLE ACCESS FULL                    | SI_REGISTER_APPLICATION        |    57 |   399 |     3   (0)| 00:00:01 |</font>
|*107 |          INDEX RANGE SCAN                     | SI_REGISTER_APPLICATION_TL_N1  |     1 |    26 |     1   (0)| 00:00:01 |
| 108 |         FAST DUAL                             |                                |     1 |       |     2   (0)| 00:00:01 |
<font style="background-color: lightblue; color: red">| 109 |      COLLECTION ITERATOR PICKLER FETCH        | MODULE_OBJECT_CONTACT_LIST     |  8168 | 16336 |    29   (0)| 00:00:01 |</font>
--------------------------------------------------------------------------------------------------------------------------------
 
</code></pre><header class="major"><h2>Query Block Name / Object Alias (identified by operation id):</h2></header><pre><code>
 
   1 - SET$1        / from$_subquery$_001@SEL$1
   2 - SET$1       
   4 - SEL$CE5E12B5
  18 - SEL$CE5E12B5 / PNAME@SEL$3
  19 - SEL$CE5E12B5 / PNAME@SEL$3
  20 - SEL$CE5E12B5 / PTYPE@SEL$3
  21 - SEL$CE5E12B5 / PVALUE@SEL$3
  23 - SEL$CE5E12B5 / ORGS@SEL$3
  24 - SEL$CE5E12B5 / A@SEL$4
  25 - SEL$CE5E12B5 / A@SEL$4
  26 - SEL$14       / B@SEL$4
  27 - SEL$14      
  29 - SEL$14       / T@SEL$14
  30 - SEL$14       / TL@SEL$14
  31 - SEL$CE5E12B5 / BL@SEL$4
  32 - SEL$29F99543 / C@SEL$4
  33 - SEL$29F99543
  35 - SEL$29F99543 / T@SEL$16
  36 - SEL$29F99543 / TL@SEL$16
  37 - SET$3        / SRA@SEL$15
  38 - SET$3       
  39 - SEL$17      
  40 - SEL$17       / T@SEL$17
  41 - SEL$17       / TL@SEL$17
  42 - SEL$20       / DUAL@SEL$20
  43 - SEL$CE5E12B5 / CL@SEL$4
  44 - SEL$CE5E12B5 / CL@SEL$4
  45 - SEL$CE5E12B5 / D@SEL$4
  46 - SEL$CE5E12B5 / USERS@SEL$3
  47 - SEL$CE5E12B5 / USERS@SEL$3
  48 - SEL$CE5E12B5 / ROLE_ACT@SEL$3
  49 - SEL$CE5E12B5 / ACT@SEL$3
  50 - SET$2        / SRA@SEL$5
  51 - SET$2       
  52 - SEL$6       
  53 - SEL$6        / T@SEL$6
  54 - SEL$6        / TL@SEL$6
  55 - SEL$9        / DUAL@SEL$9
  56 - SEL$5D246222
  71 - SEL$5D246222 / PNAME@SEL$28
  72 - SEL$5D246222 / PNAME@SEL$28
  73 - SEL$5D246222 / PTYPE@SEL$28
  74 - SEL$5D246222 / PVALUE@SEL$28
  76 - SEL$5D246222 / ORGS@SEL$28
  77 - SEL$5D246222 / A@SEL$29
  78 - SEL$5D246222 / A@SEL$29
  79 - SEL$39       / B@SEL$29
  80 - SEL$39      
  82 - SEL$39       / T@SEL$39
  83 - SEL$39       / TL@SEL$39
  84 - SEL$5D246222 / BL@SEL$29
  85 - SEL$5A0C3989 / C@SEL$29
  86 - SEL$5A0C3989
  88 - SEL$5A0C3989 / T@SEL$41
  89 - SEL$5A0C3989 / TL@SEL$41
  90 - SET$5        / SRA@SEL$40
  91 - SET$5       
  92 - SEL$42      
  93 - SEL$42       / T@SEL$42
  94 - SEL$42       / TL@SEL$42
  95 - SEL$45       / DUAL@SEL$45
  96 - SEL$5D246222 / CL@SEL$29
  97 - SEL$5D246222 / CL@SEL$29
  98 - SEL$5D246222 / D@SEL$29
  99 - SEL$5D246222 / USERS@SEL$28
 100 - SEL$5D246222 / USERS@SEL$28
 101 - SEL$5D246222 / ROLE_ACT@SEL$28
 102 - SEL$5D246222 / ACT@SEL$28
 103 - SET$4        / SRA@SEL$30
 104 - SET$4       
 105 - SEL$31      
 106 - SEL$31       / T@SEL$31
 107 - SEL$31       / TL@SEL$31
 108 - SEL$34       / DUAL@SEL$34
 109 - SEL$5D246222 / KOKBF$0@SEL$27
 
</code></pre><header class="major"><h2>Predicate Information (identified by operation id):</h2></header><pre><code>
 
   4 - access(NVL("PACKAGE_ID",0)=NVL("SRA"."PACKAGE_ID",0))
  10 - access("C"."ROLE_ID"="A"."ROLE_ID" AND "C"."ENTERPRISE_ID"="B"."ENTERPRISE_ID")
  12 - access("B"."ORG_ENTITY_ID"="A"."ORG_ENTITY_ID")
  19 - access(UPPER("PARAMETER_NAME")='DISPLAY_FORMAT')
  20 - access("PTYPE"."PARAMETER_TYPE_ID"="PNAME"."PARAMETER_TYPE_ID" AND UPPER("PARAMETER_TYPE")='MS APPS USER NAME 
              DISPLAY FORMAT')
  21 - access("PTYPE"."PARAMETER_TYPE_ID"="PVALUE"."PARAMETER_TYPE_ID" AND 
              "PNAME"."PARAMETER_ID"="PVALUE"."PARAMETER_ID" AND "PVALUE"."ORG_ENTITY_ID"=1)
  23 - filter(NVL("ORGS"."END_DATE",SYSDATE@!)>=SYSDATE@!)
  24 - access("ORGS"."ORG_ENTITY_ID"="A"."ORG_ENTITY_ID")
  27 - filter(UPPER(NVL(:3,'no'))='NO')
  30 - access("T"."ORG_ENTITY_ID"="TL"."ORG_ENTITY_ID"(+) AND 
              "TL"."LOCALE_ID"(+)=TO_NUMBER("SI_DB_LOCALE_SV"."GETVALUE"()))
  31 - access("B"."ORG_ENTITY_ID"="BL"."ORG_ENTITY_ID"(+) AND 
              "BL"."LOCALE_ID"(+)=TO_NUMBER("SI_DB_LOCALE_SV"."GETVALUE"()))
  33 - access(NVL("PACKAGE_ID",0)=NVL("SRA"."PACKAGE_ID",0))
  36 - access("T"."ROLE_ID"="TL"."ROLE_ID"(+) AND "TL"."LOCALE_ID"(+)=TO_NUMBER("SI_DB_LOCALE_SV"."GETVALUE"()))
  41 - access("TL"."MODULE_ID"(+)="T"."MODULE_ID" AND "TL"."LOCALE_ID"(+)=TO_NUMBER("SI_DB_LOCALE_SV"."GETVALUE"()))
  44 - access("C"."ROLE_ID"="CL"."ROLE_ID"(+) AND "CL"."LOCALE_ID"(+)=TO_NUMBER("SI_DB_LOCALE_SV"."GETVALUE"()))
  45 - access("D"."ORG_ROLE_ID"="A"."ORG_ROLE_ID")
  46 - filter(NVL("USERS"."END_DATE",SYSDATE@!)>=SYSDATE@!)
  47 - access("USERS"."USER_ID"="D"."USER_ID")
       filter("USERS"."USER_ID" IS NOT NULL)
  48 - access("ROLE_ACT"."ROLE_ID"="A"."ROLE_ID")
  49 - access("ROLE_ACT"."ACTIVITY_ID"="ACT"."ACTIVITY_ID")
  54 - access("TL"."MODULE_ID"(+)="T"."MODULE_ID" AND "TL"."LOCALE_ID"(+)=TO_NUMBER("SI_DB_LOCALE_SV"."GETVALUE"()))
  56 - access("USERS"."USER_NAME"=VALUE(KOKBF$))
  57 - access(NVL("PACKAGE_ID",0)=NVL("SRA"."PACKAGE_ID",0))
  63 - access("C"."ROLE_ID"="A"."ROLE_ID" AND "C"."ENTERPRISE_ID"="B"."ENTERPRISE_ID")
  65 - access("B"."ORG_ENTITY_ID"="A"."ORG_ENTITY_ID")
  72 - access(UPPER("PARAMETER_NAME")='DISPLAY_FORMAT')
  73 - access("PTYPE"."PARAMETER_TYPE_ID"="PNAME"."PARAMETER_TYPE_ID" AND UPPER("PARAMETER_TYPE")='MS APPS USER NAME 
              DISPLAY FORMAT')
  74 - access("PTYPE"."PARAMETER_TYPE_ID"="PVALUE"."PARAMETER_TYPE_ID" AND 
              "PNAME"."PARAMETER_ID"="PVALUE"."PARAMETER_ID" AND "PVALUE"."ORG_ENTITY_ID"=1)
  76 - filter(NVL("ORGS"."END_DATE",SYSDATE@!)>=SYSDATE@!)
  77 - access("ORGS"."ORG_ENTITY_ID"="A"."ORG_ENTITY_ID")
  80 - filter(UPPER(NVL(:3,'no'))='YES')
  83 - access("T"."ORG_ENTITY_ID"="TL"."ORG_ENTITY_ID"(+) AND 
              "TL"."LOCALE_ID"(+)=TO_NUMBER("SI_DB_LOCALE_SV"."GETVALUE"()))
  84 - access("B"."ORG_ENTITY_ID"="BL"."ORG_ENTITY_ID"(+) AND 
              "BL"."LOCALE_ID"(+)=TO_NUMBER("SI_DB_LOCALE_SV"."GETVALUE"()))
  86 - access(NVL("PACKAGE_ID",0)=NVL("SRA"."PACKAGE_ID",0))
  89 - access("T"."ROLE_ID"="TL"."ROLE_ID"(+) AND "TL"."LOCALE_ID"(+)=TO_NUMBER("SI_DB_LOCALE_SV"."GETVALUE"()))
  94 - access("TL"."MODULE_ID"(+)="T"."MODULE_ID" AND "TL"."LOCALE_ID"(+)=TO_NUMBER("SI_DB_LOCALE_SV"."GETVALUE"()))
  97 - access("C"."ROLE_ID"="CL"."ROLE_ID"(+) AND "CL"."LOCALE_ID"(+)=TO_NUMBER("SI_DB_LOCALE_SV"."GETVALUE"()))
  98 - access("D"."ORG_ROLE_ID"="A"."ORG_ROLE_ID")
  99 - filter(NVL("USERS"."END_DATE",SYSDATE@!)>=SYSDATE@!)
 100 - access("USERS"."USER_ID"="D"."USER_ID")
       filter("USERS"."USER_ID" IS NOT NULL)
 101 - access("ROLE_ACT"."ROLE_ID"="A"."ROLE_ID")
 102 - access("ROLE_ACT"."ACTIVITY_ID"="ACT"."ACTIVITY_ID")
 107 - access("TL"."MODULE_ID"(+)="T"."MODULE_ID" AND "TL"."LOCALE_ID"(+)=TO_NUMBER("SI_DB_LOCALE_SV"."GETVALUE"()))
 
</code></pre><header class="major"><h2>Column Projection Information (identified by operation id):</h2></header><pre><code>
 
   1 - "ROLE_ID"[NUMBER,22], "ROLE_NAME"[VARCHAR2,4000]
   2 - (#keys=2) STRDEF[22], STRDEF[4000]
   3 - STRDEF[22], STRDEF[4000]
   4 - (#keys=1) "A"."ROLE_ID"[NUMBER,22], "C"."ROLE_NAME"[VARCHAR2,400], "CL"."ROLE_NAME"[VARCHAR2,4000]
   5 - (#keys=0) "A"."ROLE_ID"[NUMBER,22], "C"."ROLE_NAME"[VARCHAR2,400], "CL"."ROLE_NAME"[VARCHAR2,4000], 
       "PACKAGE_ID"[NUMBER,22]
   6 - (#keys=0) "A"."ROLE_ID"[NUMBER,22], "C"."ROLE_NAME"[VARCHAR2,400], "CL"."ROLE_NAME"[VARCHAR2,4000], 
       "PACKAGE_ID"[NUMBER,22], "ROLE_ACT"."ACTIVITY_ID"[NUMBER,22]
   7 - (#keys=0) "A"."ROLE_ID"[NUMBER,22], "C"."ROLE_NAME"[VARCHAR2,400], "CL"."ROLE_NAME"[VARCHAR2,4000], 
       "PACKAGE_ID"[NUMBER,22]
   8 - (#keys=0) "A"."ROLE_ID"[NUMBER,22], "C"."ROLE_NAME"[VARCHAR2,400], "CL"."ROLE_NAME"[VARCHAR2,4000], 
       "D"."USER_ID"[NUMBER,22]
   9 - (#keys=0) "A"."ROLE_ID"[NUMBER,22], "A"."ORG_ROLE_ID"[NUMBER,22], "C"."ROLE_NAME"[VARCHAR2,400], 
       "CL"."ROLE_NAME"[VARCHAR2,4000]
  10 - (#keys=2) "A"."ROLE_ID"[NUMBER,22], "C"."ROLE_ID"[NUMBER,22], "A"."ORG_ROLE_ID"[NUMBER,22], 
       "C"."ROLE_NAME"[VARCHAR2,400]
  11 - (#keys=0) "A"."ORG_ROLE_ID"[NUMBER,22], "A"."ROLE_ID"[NUMBER,22], "B"."ENTERPRISE_ID"[NUMBER,22]
  12 - (#keys=1) "B"."ORG_ENTITY_ID"[NUMBER,22], "A"."ORG_ROLE_ID"[NUMBER,22], "A"."ROLE_ID"[NUMBER,22], 
       "B"."ENTERPRISE_ID"[NUMBER,22]
  13 - (#keys=0) "A"."ORG_ROLE_ID"[NUMBER,22], "A"."ORG_ENTITY_ID"[NUMBER,22], "A"."ROLE_ID"[NUMBER,22]
  14 - (#keys=0) "A".ROWID[ROWID,10], "A"."ORG_ENTITY_ID"[NUMBER,22]
  15 - (#keys=0) "ORGS"."ORG_ENTITY_ID"[NUMBER,22]
  16 - (#keys=0) 
  17 - (#keys=0) "PNAME"."PARAMETER_ID"[NUMBER,22], "PTYPE"."PARAMETER_TYPE_ID"[NUMBER,22]
  18 - "PNAME"."PARAMETER_ID"[NUMBER,22], "PNAME"."PARAMETER_TYPE_ID"[NUMBER,22]
  19 - "PNAME".ROWID[ROWID,10], UPPER("PARAMETER_NAME")[VARCHAR2,400]
  20 - "PTYPE"."PARAMETER_TYPE_ID"[NUMBER,22]
  22 - (#keys=0) "ORGS"."ORG_ENTITY_ID"[NUMBER,22]
  23 - "ORGS"."ORG_ENTITY_ID"[NUMBER,22]
  24 - "A".ROWID[ROWID,10], "A"."ORG_ENTITY_ID"[NUMBER,22]
  25 - "A"."ORG_ROLE_ID"[NUMBER,22], "A"."ROLE_ID"[NUMBER,22]
  26 - "B"."ENTERPRISE_ID"[NUMBER,22], "B"."ORG_ENTITY_ID"[NUMBER,22]
  27 - "T"."ENTERPRISE_ID"[NUMBER,22], "T"."ORG_ENTITY_ID"[NUMBER,22]
  28 - (#keys=0) "T"."ENTERPRISE_ID"[NUMBER,22], "T"."ORG_ENTITY_ID"[NUMBER,22]
  29 - "T"."ENTERPRISE_ID"[NUMBER,22], "T"."ORG_ENTITY_ID"[NUMBER,22]
  32 - "C"."ENTERPRISE_ID"[NUMBER,22], "C"."ROLE_ID"[NUMBER,22], "C"."ROLE_NAME"[VARCHAR2,400]
  33 - (#keys=1) "ENTERPRISE_ID"[NUMBER,22], "T"."ROLE_ID"[NUMBER,22], "T"."ROLE_NAME"[VARCHAR2,400]
  34 - (#keys=0) "ENTERPRISE_ID"[NUMBER,22], "T"."ROLE_ID"[NUMBER,22], "T"."ROLE_NAME"[VARCHAR2,400], 
       "PACKAGE_ID"[NUMBER,22]
  35 - "ENTERPRISE_ID"[NUMBER,22], "T"."ROLE_ID"[NUMBER,22], "T"."ROLE_NAME"[VARCHAR2,400], "PACKAGE_ID"[NUMBER,22]
  37 - "SRA"."PACKAGE_ID"[NUMBER,22]
  38 - STRDEF[22]
  39 - (#keys=0) "T"."MODULE_ID"[NUMBER,22]
  40 - "T"."MODULE_ID"[NUMBER,22]
  43 - "CL"."ROLE_NAME"[VARCHAR2,4000]
  44 - "CL".ROWID[ROWID,10]
  45 - "D"."USER_ID"[NUMBER,22]
  46 - "PACKAGE_ID"[NUMBER,22]
  47 - "USERS".ROWID[ROWID,10]
  48 - "ROLE_ACT"."ACTIVITY_ID"[NUMBER,22]
  50 - "SRA"."PACKAGE_ID"[NUMBER,22]
  51 - STRDEF[22]
  52 - (#keys=0) "T"."MODULE_ID"[NUMBER,22]
  53 - "T"."MODULE_ID"[NUMBER,22]
  56 - (#keys=1) "A"."ROLE_ID"[NUMBER,22], "C"."ROLE_NAME"[VARCHAR2,400], "CL"."ROLE_NAME"[VARCHAR2,4000]
  57 - (#keys=1) "A"."ROLE_ID"[NUMBER,22], "C"."ROLE_NAME"[VARCHAR2,400], "CL"."ROLE_NAME"[VARCHAR2,4000], 
       "USERS"."USER_NAME"[VARCHAR2,320]
  58 - (#keys=0) "A"."ROLE_ID"[NUMBER,22], "C"."ROLE_NAME"[VARCHAR2,400], "CL"."ROLE_NAME"[VARCHAR2,4000], 
       "USERS"."USER_NAME"[VARCHAR2,320], "PACKAGE_ID"[NUMBER,22]
  59 - (#keys=0) "A"."ROLE_ID"[NUMBER,22], "C"."ROLE_NAME"[VARCHAR2,400], "CL"."ROLE_NAME"[VARCHAR2,4000], 
       "USERS"."USER_NAME"[VARCHAR2,320], "PACKAGE_ID"[NUMBER,22], "ROLE_ACT"."ACTIVITY_ID"[NUMBER,22]
  60 - (#keys=0) "A"."ROLE_ID"[NUMBER,22], "C"."ROLE_NAME"[VARCHAR2,400], "CL"."ROLE_NAME"[VARCHAR2,4000], 
       "USERS"."USER_NAME"[VARCHAR2,320], "PACKAGE_ID"[NUMBER,22]
  61 - (#keys=0) "A"."ROLE_ID"[NUMBER,22], "C"."ROLE_NAME"[VARCHAR2,400], "CL"."ROLE_NAME"[VARCHAR2,4000], 
       "D"."USER_ID"[NUMBER,22]
  62 - (#keys=0) "A"."ROLE_ID"[NUMBER,22], "A"."ORG_ROLE_ID"[NUMBER,22], "C"."ROLE_NAME"[VARCHAR2,400], 
       "CL"."ROLE_NAME"[VARCHAR2,4000]
  63 - (#keys=2) "A"."ROLE_ID"[NUMBER,22], "C"."ROLE_ID"[NUMBER,22], "A"."ORG_ROLE_ID"[NUMBER,22], 
       "C"."ROLE_NAME"[VARCHAR2,400]
  64 - (#keys=0) "A"."ORG_ROLE_ID"[NUMBER,22], "A"."ROLE_ID"[NUMBER,22], "B"."ENTERPRISE_ID"[NUMBER,22]
  65 - (#keys=1) "B"."ORG_ENTITY_ID"[NUMBER,22], "A"."ORG_ROLE_ID"[NUMBER,22], "A"."ROLE_ID"[NUMBER,22], 
       "B"."ENTERPRISE_ID"[NUMBER,22]
  66 - (#keys=0) "A"."ORG_ROLE_ID"[NUMBER,22], "A"."ORG_ENTITY_ID"[NUMBER,22], "A"."ROLE_ID"[NUMBER,22]
  67 - (#keys=0) "A".ROWID[ROWID,10], "A"."ORG_ENTITY_ID"[NUMBER,22]
  68 - (#keys=0) "ORGS"."ORG_ENTITY_ID"[NUMBER,22]
  69 - (#keys=0) 
  70 - (#keys=0) "PNAME"."PARAMETER_ID"[NUMBER,22], "PTYPE"."PARAMETER_TYPE_ID"[NUMBER,22]
  71 - "PNAME"."PARAMETER_ID"[NUMBER,22], "PNAME"."PARAMETER_TYPE_ID"[NUMBER,22]
  72 - "PNAME".ROWID[ROWID,10], UPPER("PARAMETER_NAME")[VARCHAR2,400]
  73 - "PTYPE"."PARAMETER_TYPE_ID"[NUMBER,22]
  75 - (#keys=0) "ORGS"."ORG_ENTITY_ID"[NUMBER,22]
  76 - "ORGS"."ORG_ENTITY_ID"[NUMBER,22]
  77 - "A".ROWID[ROWID,10], "A"."ORG_ENTITY_ID"[NUMBER,22]
  78 - "A"."ORG_ROLE_ID"[NUMBER,22], "A"."ROLE_ID"[NUMBER,22]
  79 - "B"."ENTERPRISE_ID"[NUMBER,22], "B"."ORG_ENTITY_ID"[NUMBER,22]
  80 - "T"."ENTERPRISE_ID"[NUMBER,22], "T"."ORG_ENTITY_ID"[NUMBER,22]
  81 - (#keys=0) "T"."ENTERPRISE_ID"[NUMBER,22], "T"."ORG_ENTITY_ID"[NUMBER,22]
  82 - "T"."ENTERPRISE_ID"[NUMBER,22], "T"."ORG_ENTITY_ID"[NUMBER,22]
  85 - "C"."ENTERPRISE_ID"[NUMBER,22], "C"."ROLE_ID"[NUMBER,22], "C"."ROLE_NAME"[VARCHAR2,400]
  86 - (#keys=1) "ENTERPRISE_ID"[NUMBER,22], "T"."ROLE_ID"[NUMBER,22], "T"."ROLE_NAME"[VARCHAR2,400]
  87 - (#keys=0) "ENTERPRISE_ID"[NUMBER,22], "T"."ROLE_ID"[NUMBER,22], "T"."ROLE_NAME"[VARCHAR2,400], 
       "PACKAGE_ID"[NUMBER,22]
  88 - "ENTERPRISE_ID"[NUMBER,22], "T"."ROLE_ID"[NUMBER,22], "T"."ROLE_NAME"[VARCHAR2,400], "PACKAGE_ID"[NUMBER,22]
  90 - "SRA"."PACKAGE_ID"[NUMBER,22]
  91 - STRDEF[22]
  92 - (#keys=0) "T"."MODULE_ID"[NUMBER,22]
  93 - "T"."MODULE_ID"[NUMBER,22]
  96 - "CL"."ROLE_NAME"[VARCHAR2,4000]
  97 - "CL".ROWID[ROWID,10]
  98 - "D"."USER_ID"[NUMBER,22]
  99 - "USERS"."USER_NAME"[VARCHAR2,320], "PACKAGE_ID"[NUMBER,22]
 100 - "USERS".ROWID[ROWID,10]
 101 - "ROLE_ACT"."ACTIVITY_ID"[NUMBER,22]
 103 - "SRA"."PACKAGE_ID"[NUMBER,22]
 104 - STRDEF[22]
 105 - (#keys=0) "T"."MODULE_ID"[NUMBER,22]
 106 - "T"."MODULE_ID"[NUMBER,22]
 109 - VALUE(A0)[16000], VALUE(A0)[16000], VALUE(A0)[16000], VALUE(A0)[16000]
										</code></pre>
								</section>
						</div>
					</div>

				<!-- Sidebar -->
				<div id="sidebar">
					<div class="inner">
						<!-- Menu -->
						<nav id="menu">
							<header class="major">
								<h2>Menu</h2>
							</header>
							<ul>
								<li><a href="../index.html">Module List</a></li>
								<li><a href="index.html">Summary</a></li>
								<li>
									<span class="opener">DB Analysis</span>
									<ul>
										<li><a href="bad-sql.html">Bad SQL</a></li>
										<li><a href="poor-sql.html">Poor SQL Plan</a></li>
										<li><a href="invalid-sql.html">Invalid SQL</a></li>
										<li><a href="full-sql.html">Full SQL Report</a></li>
										<li><a href="table-nil-key.html">Primary/Unique Key Miss</a></li>
										<li><a href="invalid-db-object.html">Invalid DB Objects</a></li>
										<li><a href="sequence-with-less-cache.html">Sequence</a></li>
										<li><a href="table-index-lob-size.html">Table Size</a></li>
										<li><a href="table-row-count.html">Table Row Count</a></li>
										<li><a href="top-worst-queries.html">Top Worst Queries</a></li>
									</ul>
								</li>
								<li>
								    <span class="opener">LOB</span>
								    <ul>
								        <li><a href="lob-no-cache.html">LOB - No Cache</a></li>
								        <li><a href="lob-columns.html">LOB - All Columns</a></li>
								    </ul>
								</li>
								<li>
									<span class="opener">Infolets</span>
									<ul>
										<li><a href="keep-history-infolets.html">Keep History Infolets</a></li>
										<li><a href="plsql-context-switch.html">SQL-PL/SQL Context Switch</a></li>
									</ul>
								</li>
								<li>
									<span class="opener">Pushforms</span>
									<ul>
										<li><a href="pushform-denormalize.html">Pushform Denormalized</a></li>
									</ul>
								</li>
								<li>
									<span class="opener">PL/SQL</span>
									<ul>
										<li><a href="plsql-dyn-qry-objs.html">Dynamic Query</a></li>
									</ul>
								</li>
								<li>
								    <span class="opener">Report</span>
								    <ul>
								        <li><a href="jasper.html">Jasper Reports</a></li>
								    </ul>
								</li>
							</ul>
						</nav>

						<!-- Section -->
						<section>
							<header class="major">
								<h2>Get in touch</h2>
							</header>
							<p>You need more details on the report or want more functionality, don't hesitate to reach out to us.</p>
							<ul class="contact">
								<li class="fa-envelope-o"><a href="mailto:apps-rnd-arch-team@metricstream.com?Subject=Reg - Code Analysis Tool" target="_top">apps-rnd-arch-team@metricstream.com</a></li>
							</ul>
						</section>

						<!-- Footer -->
						<footer id="footer">
							<p class="copyright">&copy; <a href="http://www.metricstream.com" target="_blank">MetricStream</a>. All rights reserved. </p>
						</footer>
					</div>
				</div>
			</div>

		<!-- Scripts -->
			<script src="../../lib/assets/js/jquery.min.js"></script>
			<script src="../../lib/assets/js/skel.min.js"></script>
			<script src="../../lib/assets/js/util.js"></script>
			<!--[if lte IE 8]><script src="../../lib/assets/js/ie/respond.min.js"></script><![endif]-->
			<script src="../../lib/assets/js/main.js"></script>
	</body>
</html>