<!DOCTYPE HTML>
<html>
	<head>
		<title>Code Analysis - MetricStream</title>
		<meta charset="utf-8" />
		<meta name="viewport" content="width=device-width, initial-scale=1, user-scalable=no" />
		<!--[if lte IE 8]><script src="assets/js/ie/html5shiv.js"></script><![endif]-->
		<link rel="stylesheet" href="../lib/assets/css/main.css" />
		<!--[if lte IE 9]><link rel="stylesheet" href="../lib/assets/css/ie9.css" /><![endif]-->
		<!--[if lte IE 8]><link rel="stylesheet" href="../lib/assets/css/ie8.css" /><![endif]-->
	</head>
	<body>

		<!-- Wrapper -->
			<div id="wrapper">

				<!-- Main -->
					<div id="main">
						<div class="inner">
							<!-- Header -->
								<header id="header">
									<a href="index.html" class="logo"><strong>Static Code Analysis Report</strong> by Code Analyzer Tool</a>
								</header>

							<!-- Content -->
								<section>
									<!-- Content -->
										<header class="major"><h2>Infolet Details</h2></header>
										<div class="table-wrapper">
											<table>
												<tbody>
													<tr>
														<td>Name</td>
														<td>MS GRC Get Metric Type (100511)</td>
													</tr>
													<tr>
														<td>SQL</td>
														<td><pre><code>select stored_value,displayed_value from ms_qs_list_of_values where lov_id=(select lov_id from ms_qs_lov_names where lov_name='MS GRC KI Type')</code></pre></td>
													</tr>
													<tr>
														<td>Description</td>
														<td></td>
													</tr>
												</tbody>
											</table>
										</div>

										<h2 align="center" id="content">Analysis Report</h2>
										<hr>
 										<header class="major"><h2>Plan hash value: 19695935</h2></header>
										<pre><code>
 
--------------------------------------------------------------------------------------------------
| Id  | Operation              | Name                    | Rows  | Bytes | Cost (%CPU)| Time     |
--------------------------------------------------------------------------------------------------
|   0 | SELECT STATEMENT       |                         |  4883 |  5254K|    43   (3)| 00:00:01 |
|*  1 |  HASH JOIN RIGHT OUTER |                         |  4883 |  5254K|    37   (3)| 00:00:01 |
<font style="background-color: lightblue; color: red">|   2 |   TABLE ACCESS FULL    | MS_QS_LIST_OF_VALUES_TL |  1160 | 30160 |     6   (0)| 00:00:01 |</font>
|*  3 |   VIEW                 |                         |  4883 |  5130K|    30   (0)| 00:00:01 |
<font style="background-color: lightblue; color: red">|   4 |    MERGE JOIN CARTESIAN|                         |  4883 |   162K|    30   (0)| 00:00:01 |</font>
<font style="background-color: lightblue; color: red">|*  5 |     TABLE ACCESS FULL  | SI_LOCALES              |     4 |    24 |     3   (0)| 00:00:01 |</font>
|   6 |     BUFFER SORT        |                         |  1395 | 39060 |    27   (0)| 00:00:01 |
<font style="background-color: lightblue; color: red">|   7 |      TABLE ACCESS FULL | MS_QS_LIST_OF_VALUES_T  |  1395 | 39060 |     7   (0)| 00:00:01 |</font>
<font style="background-color: lightblue; color: red">|*  8 |    TABLE ACCESS FULL   | MS_QS_LOV_NAMES         |     1 |    29 |     6   (0)| 00:00:01 |</font>
--------------------------------------------------------------------------------------------------
 
										</code></pre>
 										<header class="major"><h2>Query Block Name / Object Alias (identified by operation id):</h2></header>
										<pre><code>
-------------------------------------------------------------
 
   1 - SEL$F5BB74E1
   2 - SEL$F5BB74E1 / TL@SEL$2
   3 - SEL$07BDC5B4 / X@SEL$2
   4 - SEL$07BDC5B4
   5 - SEL$07BDC5B4 / SI_LOCALES@SEL$4
   7 - SEL$07BDC5B4 / T@SEL$3
   8 - SEL$5        / MS_QS_LOV_NAMES@SEL$5
 
										</code></pre>
 										<header class="major"><h2>Predicate Information (identified by operation id):</h2></header>
										<pre><code>
---------------------------------------------------
 
   1 - access("X"."LOV_VALUE_ID"="TL"."LOV_VALUE_ID"(+) AND 
              "X"."LOCALE_ID"="TL"."LOCALE_ID"(+))
   3 - filter("X"."LOV_ID"= (SELECT "LOV_ID" FROM "MS_QS_LOV_NAMES" "MS_QS_LOV_NAMES" 
              WHERE "LOV_NAME"='MS GRC KI Type'))
   5 - filter("ENABLED_FLAG"='Y')
   8 - filter("LOV_NAME"='MS GRC KI Type')
 
										</code></pre>
 										<header class="major"><h2>Column Projection Information (identified by operation id):</h2></header>
										<pre><code>
-----------------------------------------------------------
 
   1 - (#keys=2) "TL"."DISPLAYED_VALUE"[VARCHAR2,2000], 
       "X"."DISPLAYED_VALUE"[VARCHAR2,2000], "X"."STORED_VALUE"[VARCHAR2,100]
   2 - "TL"."LOV_VALUE_ID"[NUMBER,22], "TL"."DISPLAYED_VALUE"[VARCHAR2,2000], 
       "TL"."LOCALE_ID"[NUMBER,22]
   3 - "X"."LOV_VALUE_ID"[NUMBER,22], "X"."LOV_ID"[NUMBER,22], 
       "X"."STORED_VALUE"[VARCHAR2,100], "X"."DISPLAYED_VALUE"[VARCHAR2,2000], 
       "X"."LOCALE_ID"[NUMBER,22]
   4 - (#keys=0) "LOCALE_ID"[NUMBER,22], "T"."LOV_VALUE_ID"[NUMBER,22], 
       "T"."LOV_ID"[NUMBER,22], "T"."STORED_VALUE"[VARCHAR2,100], 
       "T"."DISPLAYED_VALUE"[VARCHAR2,2000]
   5 - "LOCALE_ID"[NUMBER,22]
   6 - (#keys=0) "T"."LOV_VALUE_ID"[NUMBER,22], "T"."LOV_ID"[NUMBER,22], 
       "T"."STORED_VALUE"[VARCHAR2,100], "T"."DISPLAYED_VALUE"[VARCHAR2,2000]
   7 - "T"."LOV_VALUE_ID"[NUMBER,22], "T"."LOV_ID"[NUMBER,22], 
       "T"."STORED_VALUE"[VARCHAR2,100], "T"."DISPLAYED_VALUE"[VARCHAR2,2000]
   8 - "LOV_NAME"[VARCHAR2,100], "LOV_ID"[NUMBER,22]
										</code></pre>
								</section>
						</div>
					</div>

				<!-- Sidebar -->
				<div id="sidebar">
					<div class="inner">
						<!-- Menu -->
						<nav id="menu">
							<header class="major">
								<h2>Menu</h2>
							</header>
							<ul>
								<li><a href="index.html">Summary</a></li>
								<li>
									<span class="opener">SQL Analysis</span>
									<ul>
										<li><a href="union.html">Union &amp; Union All</a></li>
										<li><a href="poor-sql.html">Poor Plan</a></li>
										<li><a href="invalid-sql.html">Invalid SQL</a></li>
										<li><a href="full-sql.html">Full Report</a></li>
									</ul>
								</li>
							</ul>
						</nav>

						<!-- Section -->
						<section>
							<header class="major">
								<h2>Get in touch</h2>
							</header>
							<p>You need more details on the report or want more functionality, don't hesitate to reach out to us.</p>
							<ul class="contact">
								<li class="fa-envelope-o"><a href="mailto:rnd@metricstream.com?Subject=Reg - Static Code Analysis Tool" target="_top">rnd@metricstream.com</a></li>
							</ul>
						</section>

						<!-- Footer -->
						<footer id="footer">
							<p class="copyright">&copy; <a href="http://www.metricstream.com" target="_blank">MetricStream</a>. All rights reserved. </p>
						</footer>
					</div>
				</div>
			</div>

		<!-- Scripts -->
			<script src="../lib/assets/js/jquery.min.js"></script>
			<script src="../lib/assets/js/skel.min.js"></script>
			<script src="../lib/assets/js/util.js"></script>
			<!--[if lte IE 8]><script src="../lib/assets/js/ie/respond.min.js"></script><![endif]-->
			<script src="../lib/assets/js/main.js"></script>
	</body>
</html>