<!DOCTYPE HTML>
<html>
	<head>
		<title>Code Analysis - MetricStream</title>
		<meta charset="utf-8" />
		<meta name="viewport" content="width=device-width, initial-scale=1, user-scalable=no" />
		<!--[if lte IE 8]><script src="assets/js/ie/html5shiv.js"></script><![endif]-->
		<link rel="stylesheet" href="../lib/assets/css/main.css" />
		<!--[if lte IE 9]><link rel="stylesheet" href="../lib/assets/css/ie9.css" /><![endif]-->
		<!--[if lte IE 8]><link rel="stylesheet" href="../lib/assets/css/ie8.css" /><![endif]-->
	</head>
	<body>

		<!-- Wrapper -->
			<div id="wrapper">

				<!-- Main -->
					<div id="main">
						<div class="inner">
							<!-- Header -->
								<header id="header">
									<a href="index.html" class="logo"><strong>Static Code Analysis Report</strong> by Code Analyzer Tool</a>
								</header>

							<!-- Content -->
								<section>
									<!-- Content -->
										<header class="major"><h2>Infolet Details</h2></header>
										<div class="table-wrapper">
											<table>
												<tbody>
													<tr>
														<td>Name</td>
														<td>MS GRC KPI KRI Get Object Name For DE (100521)</td>
													</tr>
													<tr>
														<td>SQL</td>
														<td><pre><code>select object_name,object_id from ms_grc_risk
where :1 = 2 and object_id = :2
union
select object_name,object_id from ms_grc_compliance_obje
where :1 = 4 and object_id = :2
union
select ORG_ENTITY_NAME,to_char(org_Entity_id) from SI_ORG_ENTITIES_T
where :1 = 1 AND org_entity_id = :2
union
select object_name,object_id from ms_grc_core_object
where :1 = 3 and object_id = :2</code></pre></td>
													</tr>
													<tr>
														<td>Description</td>
														<td> To retrieve object name based on Applie to type </td>
													</tr>
												</tbody>
											</table>
										</div>

										<h2 align="center" id="content">Analysis Report</h2>
										<hr>
 										<header class="major"><h2>Plan hash value: 1142694971</h2></header>
										<pre><code>
 
------------------------------------------------------------------------------------------------------------
| Id  | Operation                      | Name                      | Rows  | Bytes | Cost (%CPU)| Time     |
------------------------------------------------------------------------------------------------------------
|   0 | SELECT STATEMENT               |                           |     4 |    81 |     9  (89)| 00:00:01 |
|   1 |  SORT UNIQUE                   |                           |     4 |    81 |     9  (89)| 00:00:01 |
|   2 |   UNION-ALL                    |                           |       |       |            |          |
|*  3 |    FILTER                      |                           |       |       |            |          |
|   4 |     TABLE ACCESS BY INDEX ROWID| MS_GRC_RISK               |     1 |    23 |     1   (0)| 00:00:01 |
|*  5 |      INDEX UNIQUE SCAN         | MS_GRC_RISK_PK            |     1 |       |     0   (0)| 00:00:01 |
|*  6 |    FILTER                      |                           |       |       |            |          |
|   7 |     TABLE ACCESS BY INDEX ROWID| MS_GRC_COMPLIANCE_OBJE    |     1 |    18 |     1   (0)| 00:00:01 |
|*  8 |      INDEX UNIQUE SCAN         | MS_GRC_COMPLIANCE_OBJE_PK |     1 |       |     0   (0)| 00:00:01 |
|*  9 |    FILTER                      |                           |       |       |            |          |
|  10 |     TABLE ACCESS BY INDEX ROWID| SI_ORG_ENTITIES_T         |     1 |    17 |     2   (0)| 00:00:01 |
|* 11 |      INDEX RANGE SCAN          | SI_ORG_ENTITIES_N5        |     1 |       |     1   (0)| 00:00:01 |
|* 12 |    FILTER                      |                           |       |       |            |          |
|  13 |     TABLE ACCESS BY INDEX ROWID| MS_GRC_CORE_OBJECT        |     1 |    23 |     1   (0)| 00:00:01 |
|* 14 |      INDEX UNIQUE SCAN         | MS_GRC_CORE_OBJECT_PK     |     1 |       |     0   (0)| 00:00:01 |
------------------------------------------------------------------------------------------------------------
 
										</code></pre>
 										<header class="major"><h2>Query Block Name / Object Alias (identified by operation id):</h2></header>
										<pre><code>
-------------------------------------------------------------
 
   1 - SET$1
   3 - SEL$1
   4 - SEL$1 / MS_GRC_RISK@SEL$1
   5 - SEL$1 / MS_GRC_RISK@SEL$1
   6 - SEL$2
   7 - SEL$2 / MS_GRC_COMPLIANCE_OBJE@SEL$2
   8 - SEL$2 / MS_GRC_COMPLIANCE_OBJE@SEL$2
   9 - SEL$3
  10 - SEL$3 / SI_ORG_ENTITIES_T@SEL$3
  11 - SEL$3 / SI_ORG_ENTITIES_T@SEL$3
  12 - SEL$4
  13 - SEL$4 / MS_GRC_CORE_OBJECT@SEL$4
  14 - SEL$4 / MS_GRC_CORE_OBJECT@SEL$4
 
										</code></pre>
 										<header class="major"><h2>Predicate Information (identified by operation id):</h2></header>
										<pre><code>
---------------------------------------------------
 
   3 - filter(TO_NUMBER(:1)=2)
   5 - access("OBJECT_ID"=:2)
   6 - filter(TO_NUMBER(:1)=4)
   8 - access("OBJECT_ID"=:2)
   9 - filter(TO_NUMBER(:1)=1)
  11 - access("ORG_ENTITY_ID"=TO_NUMBER(:2))
  12 - filter(TO_NUMBER(:1)=3)
  14 - access("OBJECT_ID"=:2)
 
										</code></pre>
 										<header class="major"><h2>Column Projection Information (identified by operation id):</h2></header>
										<pre><code>
-----------------------------------------------------------
 
   1 - (#keys=2) STRDEF[4000], STRDEF[400]
   2 - STRDEF[4000], STRDEF[400]
   3 - "OBJECT_NAME"[VARCHAR2,4000], "OBJECT_ID"[VARCHAR2,400]
   4 - "OBJECT_NAME"[VARCHAR2,4000], "OBJECT_ID"[VARCHAR2,400]
   5 - "MS_GRC_RISK".ROWID[ROWID,10], "OBJECT_ID"[VARCHAR2,400]
   6 - "OBJECT_NAME"[VARCHAR2,4000], "OBJECT_ID"[VARCHAR2,400]
   7 - "OBJECT_NAME"[VARCHAR2,4000], "OBJECT_ID"[VARCHAR2,400]
   8 - "MS_GRC_COMPLIANCE_OBJE".ROWID[ROWID,10], "OBJECT_ID"[VARCHAR2,400]
   9 - "ORG_ENTITY_ID"[NUMBER,22], "ORG_ENTITY_NAME"[VARCHAR2,100]
  10 - "ORG_ENTITY_ID"[NUMBER,22], "ORG_ENTITY_NAME"[VARCHAR2,100]
  11 - "SI_ORG_ENTITIES_T".ROWID[ROWID,10], "ORG_ENTITY_ID"[NUMBER,22]
  12 - "OBJECT_ID"[VARCHAR2,400], "OBJECT_NAME"[VARCHAR2,4000]
  13 - "OBJECT_ID"[VARCHAR2,400], "OBJECT_NAME"[VARCHAR2,4000]
  14 - "MS_GRC_CORE_OBJECT".ROWID[ROWID,10], "OBJECT_ID"[VARCHAR2,400]
										</code></pre>
								</section>
						</div>
					</div>

				<!-- Sidebar -->
				<div id="sidebar">
					<div class="inner">
						<!-- Menu -->
						<nav id="menu">
							<header class="major">
								<h2>Menu</h2>
							</header>
							<ul>
								<li><a href="index.html">Summary</a></li>
								<li>
									<span class="opener">DB Analysis</span>
									<ul>
										<li><a href="union.html">Bad SQL</a></li>
										<li><a href="poor-sql.html">Poor SQL Plan</a></li>
										<li><a href="invalid-sql.html">Invalid SQL</a></li>
										<li><a href="full-sql.html">Full SQL Report</a></li>
										<li><a href="db-primary-unique-key.html">Primary/Unique Key Miss</a></li>
										<li><a href="invalid-db-object.html">Invalid DB Objects</a></li>
									</ul>
								</li>
								<li>
									<span class="opener">Infolets</span>
									<ul>
										<li><a href="keep-history-infolets.html">Keep History Infolets</a></li>
									</ul>
								</li>
							</ul>
						</nav>

						<!-- Section -->
						<section>
							<header class="major">
								<h2>Get in touch</h2>
							</header>
							<p>You need more details on the report or want more functionality, don't hesitate to reach out to us.</p>
							<ul class="contact">
								<li class="fa-envelope-o"><a href="mailto:rnd@metricstream.com?Subject=Reg - Static Code Analysis Tool" target="_top">rnd@metricstream.com</a></li>
							</ul>
						</section>

						<!-- Footer -->
						<footer id="footer">
							<p class="copyright">&copy; <a href="http://www.metricstream.com" target="_blank">MetricStream</a>. All rights reserved. </p>
						</footer>
					</div>
				</div>
			</div>

		<!-- Scripts -->
			<script src="../lib/assets/js/jquery.min.js"></script>
			<script src="../lib/assets/js/skel.min.js"></script>
			<script src="../lib/assets/js/util.js"></script>
			<!--[if lte IE 8]><script src="../lib/assets/js/ie/respond.min.js"></script><![endif]-->
			<script src="../lib/assets/js/main.js"></script>
	</body>
</html>