<!DOCTYPE HTML>
<html>
	<head>
		<title>Code Analysis - MetricStream</title>
		<meta charset="utf-8" />
		<meta name="viewport" content="width=device-width, initial-scale=1, user-scalable=no" />
		<!--[if lte IE 8]><script src="assets/js/ie/html5shiv.js"></script><![endif]-->
		<link rel="stylesheet" href="../lib/assets/css/main.css" />
		<!--[if lte IE 9]><link rel="stylesheet" href="../lib/assets/css/ie9.css" /><![endif]-->
		<!--[if lte IE 8]><link rel="stylesheet" href="../lib/assets/css/ie8.css" /><![endif]-->
	</head>
	<body>

		<!-- Wrapper -->
			<div id="wrapper">

				<!-- Main -->
					<div id="main">
						<div class="inner">
							<!-- Header -->
								<header id="header">
									<a href="index.html" class="logo"><strong>Static Code Analysis Report</strong> by Code Analyzer Tool</a>
								</header>

							<!-- Content -->
								<section>
									<!-- Content -->
										<header class="major"><h2>Infolet Details</h2></header>
										<div class="table-wrapper">
											<table>
												<tbody>
													<tr>
														<td>Name</td>
														<td>MS GRC ORB Target Types (100546)</td>
													</tr>
													<tr>
														<td>SQL</td>
														<td><pre><code>SELECT   DISTINCT replace(replace(tgt_obj_Type,'(',''),')','')
  FROM   ms_grc_orb_relations_orb
 WHERE   REL_SOURCE_ID IN
               (SELECT   rel_source_id
                  FROM   ms_Grc_orb_Relations
                 WHERE   dd_object_Type =
                            ms_apps_utilities.get_parameter_value (
                               1,
                               'MS GRC Mapping Report Parameter',
                               'Library Object'
                            ))
UNION
SELECT   'All' FROM DUAL</code></pre></td>
													</tr>
													<tr>
														<td>Description</td>
														<td> Used in Mapping report filters for showing availabe target types </td>
													</tr>
												</tbody>
											</table>
										</div>

										<h2 align="center" id="content">Analysis Report</h2>
										<hr>
 										<header class="major"><h2>Plan hash value: 3062541868</h2></header>
										<pre><code>
 
-----------------------------------------------------------------------------------------------------------
| Id  | Operation                      | Name                     | Rows  | Bytes | Cost (%CPU)| Time     |
-----------------------------------------------------------------------------------------------------------
|   0 | SELECT STATEMENT               |                          |     2 |  1055 |     6  (67)| 00:00:01 |
|   1 |  SORT UNIQUE                   |                          |     2 |  1055 |     6  (67)| 00:00:01 |
|   2 |   UNION-ALL                    |                          |       |       |            |          |
|   3 |    NESTED LOOPS                |                          |       |       |            |          |
|   4 |     NESTED LOOPS               |                          |     1 |  1055 |     2   (0)| 00:00:01 |
<font style="background-color: lightblue; color: red">|   5 |      TABLE ACCESS FULL         | MS_GRC_ORB_RELATIONS_ORB |     1 |  1024 |     2   (0)| 00:00:01 |</font>
|*  6 |      INDEX UNIQUE SCAN         | MS_GRC_ORB_RELATIONS_PK  |     1 |       |     0   (0)| 00:00:01 |
|*  7 |     TABLE ACCESS BY INDEX ROWID| MS_GRC_ORB_RELATIONS     |     1 |    31 |     0   (0)| 00:00:01 |
|   8 |    FAST DUAL                   |                          |     1 |       |     2   (0)| 00:00:01 |
-----------------------------------------------------------------------------------------------------------
 
										</code></pre>
 										<header class="major"><h2>Query Block Name / Object Alias (identified by operation id):</h2></header>
										<pre><code>
-------------------------------------------------------------
 
   1 - SET$1       
   3 - SEL$5DA710D3
   5 - SEL$5DA710D3 / MS_GRC_ORB_RELATIONS_ORB@SEL$1
   6 - SEL$5DA710D3 / MS_GRC_ORB_RELATIONS@SEL$2
   7 - SEL$5DA710D3 / MS_GRC_ORB_RELATIONS@SEL$2
   8 - SEL$3        / DUAL@SEL$3
 
										</code></pre>
 										<header class="major"><h2>Predicate Information (identified by operation id):</h2></header>
										<pre><code>
---------------------------------------------------
 
   6 - access("REL_SOURCE_ID"="REL_SOURCE_ID")
   7 - filter("DD_OBJECT_TYPE"="MS_APPS_UTILITIES"."GET_PARAMETER_VALUE"(1,'MS GRC Mapping Report 
              Parameter','Library Object'))
 
										</code></pre>
 										<header class="major"><h2>Column Projection Information (identified by operation id):</h2></header>
										<pre><code>
-----------------------------------------------------------
 
   1 - (#keys=1) STRDEF[1020]
   2 - STRDEF[1020]
   3 - (#keys=0) "TGT_OBJ_TYPE"[VARCHAR2,1020]
   4 - (#keys=0) "TGT_OBJ_TYPE"[VARCHAR2,1020], "MS_GRC_ORB_RELATIONS".ROWID[ROWID,10]
   5 - "TGT_OBJ_TYPE"[VARCHAR2,1020], "REL_SOURCE_ID"[VARCHAR2,1020]
   6 - "MS_GRC_ORB_RELATIONS".ROWID[ROWID,10]
										</code></pre>
								</section>
						</div>
					</div>

				<!-- Sidebar -->
				<div id="sidebar">
					<div class="inner">
						<!-- Menu -->
						<nav id="menu">
							<header class="major">
								<h2>Menu</h2>
							</header>
							<ul>
								<li><a href="index.html">Summary</a></li>
								<li>
									<span class="opener">DB Analysis</span>
									<ul>
										<li><a href="union.html">Bad SQL</a></li>
										<li><a href="poor-sql.html">Poor SQL Plan</a></li>
										<li><a href="invalid-sql.html">Invalid SQL</a></li>
										<li><a href="full-sql.html">Full SQL Report</a></li>
										<li><a href="db-primary-unique-key.html">Primary/Unique Key Miss</a></li>
										<li><a href="invalid-db-object.html">Invalid DB Objects</a></li>
									</ul>
								</li>
							</ul>
						</nav>

						<!-- Section -->
						<section>
							<header class="major">
								<h2>Get in touch</h2>
							</header>
							<p>You need more details on the report or want more functionality, don't hesitate to reach out to us.</p>
							<ul class="contact">
								<li class="fa-envelope-o"><a href="mailto:rnd@metricstream.com?Subject=Reg - Static Code Analysis Tool" target="_top">rnd@metricstream.com</a></li>
							</ul>
						</section>

						<!-- Footer -->
						<footer id="footer">
							<p class="copyright">&copy; <a href="http://www.metricstream.com" target="_blank">MetricStream</a>. All rights reserved. </p>
						</footer>
					</div>
				</div>
			</div>

		<!-- Scripts -->
			<script src="../lib/assets/js/jquery.min.js"></script>
			<script src="../lib/assets/js/skel.min.js"></script>
			<script src="../lib/assets/js/util.js"></script>
			<!--[if lte IE 8]><script src="../lib/assets/js/ie/respond.min.js"></script><![endif]-->
			<script src="../lib/assets/js/main.js"></script>
	</body>
</html>