<!DOCTYPE HTML>
<html>
	<head>
		<title>Code Analysis - MetricStream</title>
		<meta charset="utf-8" />
		<meta name="viewport" content="width=device-width, initial-scale=1, user-scalable=no" />
		<!--[if lte IE 8]><script src="assets/js/ie/html5shiv.js"></script><![endif]-->
		<link rel="stylesheet" href="../lib/assets/css/main.css" />
		<!--[if lte IE 9]><link rel="stylesheet" href="../lib/assets/css/ie9.css" /><![endif]-->
		<!--[if lte IE 8]><link rel="stylesheet" href="../lib/assets/css/ie8.css" /><![endif]-->
	</head>
	<body>

		<!-- Wrapper -->
			<div id="wrapper">

				<!-- Main -->
					<div id="main">
						<div class="inner">
							<!-- Header -->
								<header id="header">
									<a href="index.html" class="logo"><strong>Static Code Analysis Report</strong> by Code Analyzer Tool</a>
								</header>

							<!-- Content -->
								<section>
									<!-- Content -->
										<header class="major"><h2>Infolet Details</h2></header>
										<div class="table-wrapper">
											<table>
												<tbody>
													<tr>
														<td>Name</td>
														<td>MS GRC KI  Data Collection Type (100513)</td>
													</tr>
													<tr>
														<td>SQL</td>
														<td><pre><code>Select c.Stored_Value,
       c.Displayed_Value,
       c.Lov_Name,
       c.Locale_Id,
       c.Enterprise_Id,
       c.Lov_Id,
       c.Lov_Value_Id,
       c.Org_Entity_Id,
       c.Org_Entity_Name,
       c.Start_Date,
       c.End_Date
From   MS_GRC_LOV_ORG_VALUES_V c,
si_locales a,si_users_t b 
where  c.locale_id= a.locale_id
and a.locale_string = b.locale and upper(b.user_name) = upper(:1)
and (trim(LOV_NAME) = 'MS GRC KI Manual Automated')
order by c.display_order</code></pre></td>
													</tr>
													<tr>
														<td>Description</td>
														<td></td>
													</tr>
												</tbody>
											</table>
										</div>

										<h2 align="center" id="content">Analysis Report</h2>
										<hr>
 										<header class="major"><h2>Plan hash value: 2769709031</h2></header>
										<pre><code>
 
-------------------------------------------------------------------------------------------------------
| Id  | Operation                   | Name                    | Rows  | Bytes | Cost (%CPU)| Time     |
-------------------------------------------------------------------------------------------------------
|   0 | SELECT STATEMENT            |                         |     1 |  1198 |    52   (6)| 00:00:01 |
|   1 |  SORT ORDER BY              |                         |     1 |  1198 |    52   (6)| 00:00:01 |
|*  2 |   HASH JOIN OUTER           |                         |     1 |  1198 |    51   (4)| 00:00:01 |
|*  3 |    HASH JOIN                |                         |     1 |  1172 |    44   (3)| 00:00:01 |
<font style="background-color: lightblue; color: red">|   4 |     TABLE ACCESS FULL       | SI_LOCALES              |    35 |   385 |     3   (0)| 00:00:01 |</font>
|*  5 |     HASH JOIN               |                         |    34 | 39474 |    41   (3)| 00:00:01 |
<font style="background-color: lightblue; color: red">|*  6 |      TABLE ACCESS FULL      | MS_QS_LOV_NAMES         |     3 |    87 |     6   (0)| 00:00:01 |</font>
<font style="background-color: lightblue; color: red">|   7 |      MERGE JOIN CARTESIAN   |                         |  3320 |  3670K|    34   (0)| 00:00:01 |</font>
<font style="background-color: lightblue; color: red">|*  8 |       TABLE ACCESS FULL     | SI_USERS_T              |     1 |    20 |     4   (0)| 00:00:01 |</font>
|   9 |       BUFFER SORT           |                         |  4883 |  5302K|    30   (0)| 00:00:01 |
|  10 |        VIEW                 |                         |  4883 |  5302K|    30   (0)| 00:00:01 |
<font style="background-color: lightblue; color: red">|  11 |         MERGE JOIN CARTESIAN|                         |  4883 |   238K|    30   (0)| 00:00:01 |</font>
<font style="background-color: lightblue; color: red">|* 12 |          TABLE ACCESS FULL  | SI_LOCALES              |     4 |    24 |     3   (0)| 00:00:01 |</font>
|  13 |          BUFFER SORT        |                         |  1395 | 61380 |    27   (0)| 00:00:01 |
<font style="background-color: lightblue; color: red">|  14 |           TABLE ACCESS FULL | MS_QS_LIST_OF_VALUES_T  |  1395 | 61380 |     7   (0)| 00:00:01 |</font>
<font style="background-color: lightblue; color: red">|  15 |    TABLE ACCESS FULL        | MS_QS_LIST_OF_VALUES_TL |  1160 | 30160 |     6   (0)| 00:00:01 |</font>
-------------------------------------------------------------------------------------------------------
 
										</code></pre>
 										<header class="major"><h2>Query Block Name / Object Alias (identified by operation id):</h2></header>
										<pre><code>
-------------------------------------------------------------
 
   1 - SEL$FACC8911
   4 - SEL$FACC8911 / A@SEL$1
   6 - SEL$FACC8911 / MS_QS_LOV_NAMES@SEL$6
   8 - SEL$FACC8911 / B@SEL$1
  10 - SEL$7286615E / X@SEL$3
  11 - SEL$7286615E
  12 - SEL$7286615E / SI_LOCALES@SEL$5
  14 - SEL$7286615E / T@SEL$4
  15 - SEL$FACC8911 / TL@SEL$3
 
										</code></pre>
 										<header class="major"><h2>Predicate Information (identified by operation id):</h2></header>
										<pre><code>
---------------------------------------------------
 
   2 - access("X"."LOV_VALUE_ID"="TL"."LOV_VALUE_ID"(+) AND 
              "X"."LOCALE_ID"="TL"."LOCALE_ID"(+))
   3 - access("X"."LOCALE_ID"="A"."LOCALE_ID" AND "A"."LOCALE_STRING"="B"."LOCALE")
   5 - access("X"."LOV_ID"="LOV_ID")
   6 - filter(TRIM("LOV_NAME")='MS GRC KI Manual Automated')
   8 - filter(UPPER("B"."USER_NAME")=UPPER(:1))
  12 - filter("ENABLED_FLAG"='Y')
 
										</code></pre>
 										<header class="major"><h2>Column Projection Information (identified by operation id):</h2></header>
										<pre><code>
-----------------------------------------------------------
 
   1 - (#keys=1) "X"."DISPLAY_ORDER"[NUMBER,22], "X"."STORED_VALUE"[VARCHAR2,100], 
       NVL("TL"."DISPLAYED_VALUE","X"."DISPLAYED_VALUE")[2000], "LOV_NAME"[VARCHAR2,100], 
       "X"."LOCALE_ID"[NUMBER,22], "X"."ENTERPRISE_ID"[NUMBER,22], "X"."LOV_ID"[NUMBER,22], 
       "X"."LOV_VALUE_ID"[NUMBER,22], NULL[0], NULL[0], "X"."START_DATE"[DATE,7], 
       "X"."END_DATE"[DATE,7]
   2 - (#keys=2) "X"."LOV_VALUE_ID"[NUMBER,22], "X"."LOCALE_ID"[NUMBER,22], 
       "X"."ENTERPRISE_ID"[NUMBER,22], "X"."LOV_ID"[NUMBER,22], "LOV_NAME"[VARCHAR2,100], 
       "X"."END_DATE"[DATE,7], "X"."START_DATE"[DATE,7], "X"."DISPLAY_ORDER"[NUMBER,22], 
       "X"."STORED_VALUE"[VARCHAR2,100], "X"."DISPLAYED_VALUE"[VARCHAR2,2000], 
       "TL"."DISPLAYED_VALUE"[VARCHAR2,2000]
   3 - (#keys=2) "X"."LOCALE_ID"[NUMBER,22], "X"."LOV_ID"[NUMBER,22], 
       "LOV_NAME"[VARCHAR2,100], "X"."END_DATE"[DATE,7], "X"."LOV_VALUE_ID"[NUMBER,22], 
       "X"."DISPLAY_ORDER"[NUMBER,22], "X"."STORED_VALUE"[VARCHAR2,100], 
       "X"."DISPLAYED_VALUE"[VARCHAR2,2000], "X"."ENTERPRISE_ID"[NUMBER,22], "X"."START_DATE"[DATE,7]
   4 - "A"."LOCALE_ID"[NUMBER,22], "A"."LOCALE_STRING"[VARCHAR2,100]
   5 - (#keys=1) "X"."LOV_ID"[NUMBER,22], "LOV_NAME"[VARCHAR2,100], 
       "B"."LOCALE"[VARCHAR2,400], "X"."LOV_VALUE_ID"[NUMBER,22], "X"."DISPLAY_ORDER"[NUMBER,22], 
       "X"."STORED_VALUE"[VARCHAR2,100], "X"."DISPLAYED_VALUE"[VARCHAR2,2000], 
       "X"."LOCALE_ID"[NUMBER,22], "X"."START_DATE"[DATE,7], "X"."END_DATE"[DATE,7], 
       "X"."ENTERPRISE_ID"[NUMBER,22]
   6 - "LOV_NAME"[VARCHAR2,100], "LOV_ID"[NUMBER,22]
   7 - (#keys=0) "B"."LOCALE"[VARCHAR2,400], "X"."LOV_VALUE_ID"[NUMBER,22], 
       "X"."LOV_ID"[NUMBER,22], "X"."STORED_VALUE"[VARCHAR2,100], 
       "X"."DISPLAYED_VALUE"[VARCHAR2,2000], "X"."LOCALE_ID"[NUMBER,22], "X"."START_DATE"[DATE,7], 
       "X"."END_DATE"[DATE,7], "X"."ENTERPRISE_ID"[NUMBER,22], "X"."DISPLAY_ORDER"[NUMBER,22]
   8 - "B"."LOCALE"[VARCHAR2,400]
   9 - (#keys=0) "X"."LOV_VALUE_ID"[NUMBER,22], "X"."LOV_ID"[NUMBER,22], 
       "X"."STORED_VALUE"[VARCHAR2,100], "X"."DISPLAYED_VALUE"[VARCHAR2,2000], 
       "X"."LOCALE_ID"[NUMBER,22], "X"."START_DATE"[DATE,7], "X"."END_DATE"[DATE,7], 
       "X"."ENTERPRISE_ID"[NUMBER,22], "X"."DISPLAY_ORDER"[NUMBER,22]
  10 - "X"."LOV_VALUE_ID"[NUMBER,22], "X"."LOV_ID"[NUMBER,22], 
       "X"."STORED_VALUE"[VARCHAR2,100], "X"."DISPLAYED_VALUE"[VARCHAR2,2000], 
       "X"."LOCALE_ID"[NUMBER,22], "X"."START_DATE"[DATE,7], "X"."END_DATE"[DATE,7], 
       "X"."ENTERPRISE_ID"[NUMBER,22], "X"."DISPLAY_ORDER"[NUMBER,22]
  11 - (#keys=0) "LOCALE_ID"[NUMBER,22], "T"."LOV_VALUE_ID"[NUMBER,22], 
       "T"."LOV_ID"[NUMBER,22], "T"."STORED_VALUE"[VARCHAR2,100], 
       "T"."DISPLAYED_VALUE"[VARCHAR2,2000], "T"."START_DATE"[DATE,7], "T"."END_DATE"[DATE,7], 
       "T"."ENTERPRISE_ID"[NUMBER,22], "T"."DISPLAY_ORDER"[NUMBER,22]
  12 - "LOCALE_ID"[NUMBER,22]
  13 - (#keys=0) "T"."LOV_VALUE_ID"[NUMBER,22], "T"."LOV_ID"[NUMBER,22], 
       "T"."STORED_VALUE"[VARCHAR2,100], "T"."DISPLAYED_VALUE"[VARCHAR2,2000], 
       "T"."START_DATE"[DATE,7], "T"."END_DATE"[DATE,7], "T"."ENTERPRISE_ID"[NUMBER,22], 
       "T"."DISPLAY_ORDER"[NUMBER,22]
  14 - "T"."LOV_VALUE_ID"[NUMBER,22], "T"."LOV_ID"[NUMBER,22], 
       "T"."STORED_VALUE"[VARCHAR2,100], "T"."DISPLAYED_VALUE"[VARCHAR2,2000], 
       "T"."START_DATE"[DATE,7], "T"."END_DATE"[DATE,7], "T"."ENTERPRISE_ID"[NUMBER,22], 
       "T"."DISPLAY_ORDER"[NUMBER,22]
  15 - "TL"."LOV_VALUE_ID"[NUMBER,22], "TL"."DISPLAYED_VALUE"[VARCHAR2,2000], 
       "TL"."LOCALE_ID"[NUMBER,22]
										</code></pre>
								</section>
						</div>
					</div>

				<!-- Sidebar -->
				<div id="sidebar">
					<div class="inner">
						<!-- Menu -->
						<nav id="menu">
							<header class="major">
								<h2>Menu</h2>
							</header>
							<ul>
								<li><a href="index.html">Summary</a></li>
								<li>
									<span class="opener">DB Analysis</span>
									<ul>
										<li><a href="union.html">Bad SQL</a></li>
										<li><a href="poor-sql.html">Poor SQL Plan</a></li>
										<li><a href="invalid-sql.html">Invalid SQL</a></li>
										<li><a href="full-sql.html">Full SQL Report</a></li>
										<li><a href="db-primary-unique-key.html">Primary/Unique Key Miss</a></li>
										<li><a href="invalid-db-object.html">Invalid DB Objects</a></li>
									</ul>
								</li>
								<li>
									<span class="opener">Infolets</span>
									<ul>
										<li><a href="keep-history-infolets.html">Keep History Infolets</a></li>
									</ul>
								</li>
							</ul>
						</nav>

						<!-- Section -->
						<section>
							<header class="major">
								<h2>Get in touch</h2>
							</header>
							<p>You need more details on the report or want more functionality, don't hesitate to reach out to us.</p>
							<ul class="contact">
								<li class="fa-envelope-o"><a href="mailto:rnd@metricstream.com?Subject=Reg - Static Code Analysis Tool" target="_top">rnd@metricstream.com</a></li>
							</ul>
						</section>

						<!-- Footer -->
						<footer id="footer">
							<p class="copyright">&copy; <a href="http://www.metricstream.com" target="_blank">MetricStream</a>. All rights reserved. </p>
						</footer>
					</div>
				</div>
			</div>

		<!-- Scripts -->
			<script src="../lib/assets/js/jquery.min.js"></script>
			<script src="../lib/assets/js/skel.min.js"></script>
			<script src="../lib/assets/js/util.js"></script>
			<!--[if lte IE 8]><script src="../lib/assets/js/ie/respond.min.js"></script><![endif]-->
			<script src="../lib/assets/js/main.js"></script>
	</body>
</html>