<!DOCTYPE HTML>
<html>
	<head>
		<title>Code Analysis - MetricStream</title>
		<meta charset="utf-8" />
		<meta name="viewport" content="width=device-width, initial-scale=1, user-scalable=no" />
		<!--[if lte IE 8]><script src="assets/js/ie/html5shiv.js"></script><![endif]-->
		<link rel="stylesheet" href="../lib/assets/css/main.css" />
		<!--[if lte IE 9]><link rel="stylesheet" href="../lib/assets/css/ie9.css" /><![endif]-->
		<!--[if lte IE 8]><link rel="stylesheet" href="../lib/assets/css/ie8.css" /><![endif]-->
	</head>
	<body>

		<!-- Wrapper -->
			<div id="wrapper">

				<!-- Main -->
					<div id="main">
						<div class="inner">
							<!-- Header -->
								<header id="header">
									<a href="index.html" class="logo"><strong>Static Code Analysis Report</strong> by Code Analyzer Tool</a>
								</header>

							<!-- Content -->
								<section>
									<!-- Content -->
										<header class="major"><h2>Infolet Details</h2></header>
										<div class="table-wrapper">
											<table>
												<tbody>
													<tr>
														<td>Name</td>
														<td>MS GRC ORB Add Asset Class (100535)</td>
													</tr>
													<tr>
														<td>SQL</td>
														<td><pre><code>SELECT '<input type=checkbox id="'
      || replace(r.Object_Id,' ','$^$')
      || '" value="'
      || htf.ESCAPE_SC(substr(r.Object_Name,1,3600))
      ||'$#$'
      ||ms_grc_utilities.get_form_url(r.dd_object_type,r.object_id)
      || '"onClick=checkboxChange("'
      || replace(r.Object_Id,' ','$^$')
      || '")></input>' AS Checkbox,
	  r.Object_Id,
      r.Object_Name,
 r.Object_Parent_Name As OBJECT_PARENT,
 r.ASSET_CLASS_TYPE as ASSET_CLASS_TYPE
    FROM MS_GRC_ASSET_CLASS_DENORM_OV r
	where 
EXISTS
(SELECT COLUMN_VALUE
FROM TABLE(cast(ms_grc_report_filters.Get_Filters_Asset_Class( :1, :2, :3,:4,:5 ) AS ms_varchar2_array))
WHERE COLUMN_VALUE = R.OBJECT_ID
)
AND r.locale =
  (SELECT LOCALE FROM si_users_t WHERE USER_NAME = :1
  )
order by r.upper_object_name</code></pre></td>
													</tr>
													<tr>
														<td>Description</td>
														<td> This infolet is used for fetching the available Asset Classes in the system, should display in the ORB Asset Classes report in Relationships tab </td>
													</tr>
												</tbody>
											</table>
										</div>

										<h2 align="center" id="content">Analysis Report</h2>
										<hr>
 										<header class="major"><h2>Plan hash value: 624904950</h2></header>
										<pre><code>
 
-------------------------------------------------------------------------------------------------------------------------
| Id  | Operation                              | Name                           | Rows  | Bytes | Cost (%CPU)| Time     |
-------------------------------------------------------------------------------------------------------------------------
|   0 | SELECT STATEMENT                       |                                |     1 |  6652 |    34   (3)| 00:00:01 |
|   1 |  SORT ORDER BY                         |                                |     1 |  6652 |    34   (3)| 00:00:01 |
|   2 |   NESTED LOOPS                         |                                |     1 |  6652 |    31   (0)| 00:00:01 |
<font style="background-color: lightblue; color: red">|   3 |    MERGE JOIN CARTESIAN                |                                |     1 |   729 |    31   (0)| 00:00:01 |</font>
<font style="background-color: lightblue; color: red">|*  4 |     TABLE ACCESS FULL                  | MS_GRC_ASSET_CLASS_MLS_SUMMARY |     1 |   727 |     2   (0)| 00:00:01 |</font>
|   5 |      TABLE ACCESS BY INDEX ROWID       | SI_USERS_T                     |     1 |    20 |     2   (0)| 00:00:01 |
<font style="background-color: lightblue; color: red">|*  6 |       INDEX SKIP SCAN                  | SI_USERS_T_N2                  |     1 |       |     1   (0)| 00:00:01 |</font>
|   7 |     BUFFER SORT                        |                                |  8168 | 16336 |    29   (0)| 00:00:01 |
|   8 |      SORT UNIQUE                       |                                |  8168 | 16336 |    29   (0)| 00:00:01 |
<font style="background-color: lightblue; color: red">|   9 |       COLLECTION ITERATOR PICKLER FETCH| GET_FILTERS_ASSET_CLASS        |  8168 | 16336 |    29   (0)| 00:00:01 |</font>
|* 10 |    INDEX UNIQUE SCAN                   | MS_GRC_ASSET_CLASS_SUMMARY_PK  |     1 |  5923 |     0   (0)| 00:00:01 |
|* 11 |     INDEX RANGE SCAN                   | MS_GRC_ASSET_CLASS_SUMM_IDX1   |     1 |       |     0   (0)| 00:00:01 |
-------------------------------------------------------------------------------------------------------------------------
 
										</code></pre>
 										<header class="major"><h2>Query Block Name / Object Alias (identified by operation id):</h2></header>
										<pre><code>
-------------------------------------------------------------
 
   1 - SEL$B7274CD5
   4 - SEL$B7274CD5 / ASSTMLSSUMM@SEL$2
   5 - SEL$5        / SI_USERS_T@SEL$5
   6 - SEL$5        / SI_USERS_T@SEL$5
   9 - SEL$B7274CD5 / KOKBF$0@SEL$4
  10 - SEL$B7274CD5 / ASSTSUMM@SEL$2
  11 - SEL$B7274CD5 / ASSTSUMM@SEL$2
 
										</code></pre>
 										<header class="major"><h2>Predicate Information (identified by operation id):</h2></header>
										<pre><code>
---------------------------------------------------
 
   4 - filter("ASSTMLSSUMM"."LOCALE"= (SELECT "LOCALE" FROM "SI_USERS_T" "SI_USERS_T" WHERE "USER_NAME"=:1))
   6 - access("USER_NAME"=:1)
       filter("USER_NAME"=:1)
  10 - access("ASSTSUMM"."OBJECT_ID"=VALUE(KOKBF$))
       filter("ASSTSUMM"."OBJ_ASSET_CLASS_SUMM_WID"="ASSTMLSSUMM"."OBJ_ASSET_CLASS_SUMM_WID")
  11 - access("ASSTSUMM"."OBJECT_ID"=VALUE(KOKBF$))
 
										</code></pre>
 										<header class="major"><h2>Column Projection Information (identified by operation id):</h2></header>
										<pre><code>
-----------------------------------------------------------
 
   1 - (#keys=1) "ASSTSUMM"."UPPER_OBJECT_NAME"[VARCHAR2,3000], '<input type=checkbox 
       id="'||REPLACE("ASSTSUMM"."OBJECT_ID",' ','$^$')||'" value="'||"HTF"."ESCAPE_SC"(SUBSTR("ASSTSUMM"."OBJECT_NAME",
       1,3600))||'$#$'||"MS_GRC_UTILITIES"."GET_FORM_URL"("ASSTSUMM"."DD_OBJECT_TYPE","ASSTSUMM"."OBJECT_ID")||'"onClick
       =checkboxChange("'||REPLACE("ASSTSUMM"."OBJECT_ID",' ','$^$')||'")></input>'[4000], 
       "ASSTSUMM"."OBJECT_ID"[VARCHAR2,400], "ASSTSUMM"."OBJECT_NAME"[VARCHAR2,4000], 
       "ASSTSUMM"."OBJECT_PARENT_NAME"[VARCHAR2,4000], "ASSTMLSSUMM"."ASSET_CLASS_TYPE"[VARCHAR2,1020]
   2 - (#keys=0) "ASSTMLSSUMM"."ASSET_CLASS_TYPE"[VARCHAR2,1020], "ASSTSUMM"."UPPER_OBJECT_NAME"[VARCHAR2,3000], 
       "ASSTSUMM"."OBJECT_ID"[VARCHAR2,400], "ASSTSUMM"."OBJECT_NAME"[VARCHAR2,4000], 
       "ASSTSUMM"."DD_OBJECT_TYPE"[VARCHAR2,400], "ASSTSUMM"."OBJECT_PARENT_NAME"[VARCHAR2,4000]
   3 - (#keys=0) "ASSTMLSSUMM"."OBJ_ASSET_CLASS_SUMM_WID"[NUMBER,22], 
       "ASSTMLSSUMM"."ASSET_CLASS_TYPE"[VARCHAR2,1020], VALUE(KOKBF$)[8000]
   4 - "ASSTMLSSUMM"."OBJ_ASSET_CLASS_SUMM_WID"[NUMBER,22], "ASSTMLSSUMM"."ASSET_CLASS_TYPE"[VARCHAR2,1020]
   5 - "SI_USERS_T".ROWID[ROWID,10], "LOCALE"[VARCHAR2,400]
   6 - "SI_USERS_T".ROWID[ROWID,10]
   7 - (#keys=0) VALUE(KOKBF$)[8000]
   8 - (#keys=1) VALUE(KOKBF$)[8000]
   9 - VALUE(A0)[8000]
  10 - "ASSTSUMM"."UPPER_OBJECT_NAME"[VARCHAR2,3000], "ASSTSUMM"."OBJECT_ID"[VARCHAR2,400], 
       "ASSTSUMM"."OBJECT_NAME"[VARCHAR2,4000], "ASSTSUMM"."DD_OBJECT_TYPE"[VARCHAR2,400], 
       "ASSTSUMM"."OBJECT_PARENT_NAME"[VARCHAR2,4000]
  11 - "ASSTSUMM".ROWID[ROWID,3034], "ASSTSUMM"."UPPER_OBJECT_NAME"[VARCHAR2,3000], 
       "ASSTSUMM"."OBJ_ASSET_CLASS_SUMM_WID"[NUMBER,22], "ASSTSUMM"."OBJECT_ID"[VARCHAR2,400], 
       "ASSTSUMM"."OBJECT_NAME"[VARCHAR2,4000], "ASSTSUMM"."DD_OBJECT_TYPE"[VARCHAR2,400], 
       "ASSTSUMM"."OBJECT_PARENT_NAME"[VARCHAR2,4000], "ASSTSUMM".ROWID[ROWID,3034]
										</code></pre>
								</section>
						</div>
					</div>

				<!-- Sidebar -->
				<div id="sidebar">
					<div class="inner">
						<!-- Menu -->
						<nav id="menu">
							<header class="major">
								<h2>Menu</h2>
							</header>
							<ul>
								<li><a href="index.html">Summary</a></li>
								<li>
									<span class="opener">DB Analysis</span>
									<ul>
										<li><a href="union.html">Bad SQL</a></li>
										<li><a href="poor-sql.html">Poor SQL Plan</a></li>
										<li><a href="invalid-sql.html">Invalid SQL</a></li>
										<li><a href="full-sql.html">Full SQL Report</a></li>
										<li><a href="db-primary-unique-key.html">Primary/Unique Key Miss</a></li>
										<li><a href="invalid-db-object.html">Invalid DB Objects</a></li>
									</ul>
								</li>
							</ul>
						</nav>

						<!-- Section -->
						<section>
							<header class="major">
								<h2>Get in touch</h2>
							</header>
							<p>You need more details on the report or want more functionality, don't hesitate to reach out to us.</p>
							<ul class="contact">
								<li class="fa-envelope-o"><a href="mailto:rnd@metricstream.com?Subject=Reg - Static Code Analysis Tool" target="_top">rnd@metricstream.com</a></li>
							</ul>
						</section>

						<!-- Footer -->
						<footer id="footer">
							<p class="copyright">&copy; <a href="http://www.metricstream.com" target="_blank">MetricStream</a>. All rights reserved. </p>
						</footer>
					</div>
				</div>
			</div>

		<!-- Scripts -->
			<script src="../lib/assets/js/jquery.min.js"></script>
			<script src="../lib/assets/js/skel.min.js"></script>
			<script src="../lib/assets/js/util.js"></script>
			<!--[if lte IE 8]><script src="../lib/assets/js/ie/respond.min.js"></script><![endif]-->
			<script src="../lib/assets/js/main.js"></script>
	</body>
</html>