<!DOCTYPE HTML>
<html>
	<head>
		<title>Code Analysis - MetricStream</title>
		<meta charset="utf-8" />
		<meta name="viewport" content="width=device-width, initial-scale=1, user-scalable=no" />
		<!--[if lte IE 8]><script src="assets/js/ie/html5shiv.js"></script><![endif]-->
		<link rel="stylesheet" href="../lib/assets/css/main.css" />
		<!--[if lte IE 9]><link rel="stylesheet" href="../lib/assets/css/ie9.css" /><![endif]-->
		<!--[if lte IE 8]><link rel="stylesheet" href="../lib/assets/css/ie8.css" /><![endif]-->
	</head>
	<body>

		<!-- Wrapper -->
			<div id="wrapper">

				<!-- Main -->
					<div id="main">
						<div class="inner">
							<!-- Header -->
								<header id="header">
									<a href="index.html" class="logo"><strong>Static Code Analysis Report</strong> by Code Analyzer Tool</a>
								</header>

							<!-- Content -->
								<section>
									<!-- Content -->
										<header class="major"><h2>Infolet Details</h2></header>
										<div class="table-wrapper">
											<table>
												<tbody>
													<tr>
														<td>Name</td>
														<td>MS GRC Org Users (100552)</td>
													</tr>
													<tr>
														<td>SQL</td>
														<td><pre><code>SELECT DISTINCT fdo.user_id
, fdo.user_name
, ms_apps_utilities.get_user_full_name(fdo.user_id) USER_FULL_NAME
,null
, null
, fdo.activity_id
, fdo.activity_short_name
, fdo.activity_name
from ms_qms_flow_down_org_v fdo
where instr(','||:1||',', ','||fdo.org_entity_id||',') > 0</code></pre></td>
													</tr>
													<tr>
														<td>Description</td>
														<td> Infolet to retrieve users based on selected organizations </td>
													</tr>
												</tbody>
											</table>
										</div>

										<h2 align="center" id="content">Analysis Report</h2>
										<hr>
 										<header class="major"><h2>Plan hash value: 3703386938</h2></header>
										<pre><code>
 
------------------------------------------------------------------------------------------------------------------------------------
| Id  | Operation                                            | Name                        | Rows  | Bytes | Cost (%CPU)| Time     |
------------------------------------------------------------------------------------------------------------------------------------
|   0 | SELECT STATEMENT                                     |                             |    19 | 40755 |    38  (14)| 00:00:01 |
|   1 |  SORT UNIQUE                                         |                             |    19 | 40755 |    38  (14)| 00:00:01 |
|*  2 |   HASH JOIN                                          |                             |    19 | 40755 |    37  (11)| 00:00:01 |
<font style="background-color: lightblue; color: red">|   3 |    TABLE ACCESS FULL                                 | SI_ACTIVITIES_T             |   203 | 13195 |     6   (0)| 00:00:01 |</font>
|*  4 |    HASH JOIN                                         |                             |    19 | 39520 |    31  (13)| 00:00:01 |
|   5 |     INDEX FULL SCAN                                  | SI_ROLE_ACTIVITIES_N2       |   334 |  3340 |     1   (0)| 00:00:01 |
|   6 |     NESTED LOOPS                                     |                             |       |       |            |          |
|   7 |      NESTED LOOPS                                    |                             |     4 |  8280 |    29  (11)| 00:00:01 |
|*  8 |       HASH JOIN                                      |                             |     4 |  8188 |    25  (12)| 00:00:01 |
|   9 |        NESTED LOOPS                                  |                             |     2 |  4074 |    24  (13)| 00:00:01 |
|  10 |         NESTED LOOPS                                 |                             |     2 |  4064 |    24  (13)| 00:00:01 |
|  11 |          NESTED LOOPS                                |                             |     1 |  2018 |    23  (14)| 00:00:01 |
|  12 |           VIEW                                       |                             |     1 |       |    13   (8)| 00:00:01 |
|  13 |            SORT AGGREGATE                            |                             |     1 |    80 |            |          |
|* 14 |             HASH JOIN                                |                             |     1 |    80 |    13   (8)| 00:00:01 |
|* 15 |              HASH JOIN                               |                             |     1 |    63 |     9  (12)| 00:00:01 |
<font style="background-color: lightblue; color: red">|* 16 |               TABLE ACCESS FULL                      | MS_QS_PARAMETER_TYPES       |     1 |    34 |     4   (0)| 00:00:01 |</font>
<font style="background-color: lightblue; color: red">|* 17 |               TABLE ACCESS FULL                      | MS_QS_PARAMETER_NAMES       |     1 |    29 |     4   (0)| 00:00:01 |</font>
<font style="background-color: lightblue; color: red">|* 18 |              TABLE ACCESS FULL                       | MS_QS_PARAMETER_VALUES      |   128 |  2176 |     4   (0)| 00:00:01 |</font>
<font style="background-color: lightblue; color: red">|  19 |           VIEW                                       | SI_FLOW_DOWN_ORG_V          |     1 |  2018 |    10  (20)| 00:00:01 |</font>
<font style="background-color: lightblue; color: red">|  20 |            TEMP TABLE TRANSFORMATION                 |                             |       |       |            |          |</font>
|  21 |             LOAD AS SELECT                           | SYS_TEMP_0FD9D66EB_A3454E35 |       |       |            |          |
|* 22 |              FILTER                                  |                             |       |       |            |          |
|* 23 |               CONNECT BY NO FILTERING WITH START-WITH|                             |       |       |            |          |
<font style="background-color: lightblue; color: red">|  24 |                TABLE ACCESS FULL                     | SI_ORG_ENTITIES_T           |    10 |   260 |     4   (0)| 00:00:01 |</font>
|* 25 |             HASH JOIN                                |                             |     1 |  2067 |     6  (34)| 00:00:01 |
|  26 |              VIEW                                    | VW_SQ_1                     |    10 |   260 |     3  (34)| 00:00:01 |
|  27 |               SORT GROUP BY                          |                             |    10 |   180 |     3  (34)| 00:00:01 |
|  28 |                VIEW                                  |                             |    10 |   180 |     2   (0)| 00:00:01 |
<font style="background-color: lightblue; color: red">|  29 |                 TABLE ACCESS FULL                    | SYS_TEMP_0FD9D66EB_A3454E35 |    10 |  1000 |     2   (0)| 00:00:01 |</font>
|* 30 |              VIEW                                    |                             |    10 | 20410 |     2   (0)| 00:00:01 |
<font style="background-color: lightblue; color: red">|  31 |               TABLE ACCESS FULL                      | SYS_TEMP_0FD9D66EB_A3454E35 |    10 |  1000 |     2   (0)| 00:00:01 |</font>
|* 32 |          INDEX FULL SCAN                             | SI_ORG_ROLES_N3             |     2 |    28 |     1   (0)| 00:00:01 |
|* 33 |         INDEX RANGE SCAN                             | SI_ROLES_N2                 |     1 |     5 |     0   (0)| 00:00:01 |
|  34 |        INDEX FULL SCAN                               | SI_USER_ORG_ROLES_N2        |    82 |   820 |     1   (0)| 00:00:01 |
|* 35 |       INDEX RANGE SCAN                               | SI_USERS_T_N1               |     1 |       |     0   (0)| 00:00:01 |
|* 36 |      TABLE ACCESS BY INDEX ROWID                     | SI_USERS_T                  |     1 |    23 |     1   (0)| 00:00:01 |
------------------------------------------------------------------------------------------------------------------------------------
 
										</code></pre>
 										<header class="major"><h2>Query Block Name / Object Alias (identified by operation id):</h2></header>
										<pre><code>
-------------------------------------------------------------
 
   1 - SEL$AA3206B1
   3 - SEL$AA3206B1 / C@SEL$2
   5 - SEL$AA3206B1 / A@SEL$2
  12 - SEL$14       / CONST@SEL$3
  13 - SEL$14      
  16 - SEL$14       / PTYPE@SEL$14
  17 - SEL$14       / PNAME@SEL$14
  18 - SEL$14       / PVALUE@SEL$14
  19 - SEL$E6A22765 / H@SEL$3
  20 - SEL$E6A22765
  21 - SEL$4       
  24 - SEL$9765FB8D / SI_ORG_ENTITIES_T@SEL$8
  26 - SEL$32487103 / VW_SQ_1@SEL$ACC926E7
  27 - SEL$32487103
  28 - SEL$D5E7109F / O2@SEL$12
  29 - SEL$D5E7109F / T1@SEL$D5E7109F
  30 - SEL$D5E710A0 / O1@SEL$11
  31 - SEL$D5E710A0 / T1@SEL$D5E710A0
  32 - SEL$AA3206B1 / G@SEL$3
  33 - SEL$AA3206B1 / R@SEL$3
  34 - SEL$AA3206B1 / E@SEL$3
  35 - SEL$AA3206B1 / SI_USERS_T@SEL$13
  36 - SEL$AA3206B1 / SI_USERS_T@SEL$13
 
										</code></pre>
 										<header class="major"><h2>Predicate Information (identified by operation id):</h2></header>
										<pre><code>
---------------------------------------------------
 
   2 - access("A"."ACTIVITY_ID"="C"."ACTIVITY_ID")
   4 - access("A"."ROLE_ID"="R"."ROLE_ID")
   8 - access("G"."ORG_ROLE_ID"="E"."ORG_ROLE_ID")
  14 - access("PNAME"."PARAMETER_ID"="PVALUE"."PARAMETER_ID" AND "PTYPE"."PARAMETER_TYPE_ID"="PVALUE"."PARAMETER_TYPE_ID")
  15 - access("PTYPE"."PARAMETER_TYPE_ID"="PNAME"."PARAMETER_TYPE_ID")
  16 - filter(UPPER("PTYPE"."PARAMETER_TYPE")='MS APPS USER NAME DISPLAY FORMAT')
  17 - filter(UPPER("PNAME"."PARAMETER_NAME")='DISPLAY_FORMAT')
  18 - filter("PVALUE"."ORG_ENTITY_ID"=1)
  22 - filter(NVL("END_DATE",SYSDATE@!)>=SYSDATE@!)
  23 - access("PARENT_ORG_ENTITY_ID"=PRIOR "ORG_ENTITY_ID")
       filter("ORG_ENTITY_ID" IS NOT NULL)
  25 - access("LVL"="MAX(LVL)" AND "ITEM_0"="O1"."ORG_ENTITY_ID")
  30 - filter(INSTR(','||:1||',',','||TO_CHAR("ORG_ENTITY_ID")||',')>0)
  32 - filter("H"."PATH" LIKE '%:'||TO_CHAR("G"."ORG_ENTITY_ID")||':%')
  33 - access("R"."ROLE_ID"="G"."ROLE_ID")
  35 - access("USER_ID"="E"."USER_ID")
  36 - filter(NVL("END_DATE",SYSDATE@!)>=SYSDATE@! AND "H"."ENTERPRISE_ID"="ENTERPRISE_ID")
 
										</code></pre>
 										<header class="major"><h2>Column Projection Information (identified by operation id):</h2></header>
										<pre><code>
-----------------------------------------------------------
 
   1 - (#keys=8) "USER_ID"[NUMBER,22], "USER_NAME"[VARCHAR2,320], 
       "MS_APPS_UTILITIES"."GET_USER_FULL_NAME"("USER_ID")[4000], NULL[0], NULL[0], "C"."ACTIVITY_ID"[NUMBER,22], 
       "C"."ACTIVITY_SHORT_NAME"[VARCHAR2,4000], "C"."ACTIVITY_NAME"[VARCHAR2,100]
   2 - (#keys=1) "C"."ACTIVITY_ID"[NUMBER,22], "C"."ACTIVITY_SHORT_NAME"[VARCHAR2,4000], "C"."ACTIVITY_NAME"[VARCHAR2,100], 
       "USER_NAME"[VARCHAR2,320], "USER_ID"[NUMBER,22]
   3 - "C"."ACTIVITY_ID"[NUMBER,22], "C"."ACTIVITY_NAME"[VARCHAR2,100], "C"."ACTIVITY_SHORT_NAME"[VARCHAR2,4000]
   4 - (#keys=1) "A"."ACTIVITY_ID"[NUMBER,22], "USER_ID"[NUMBER,22], "USER_NAME"[VARCHAR2,320]
   5 - "A"."ACTIVITY_ID"[NUMBER,22], "A"."ROLE_ID"[NUMBER,22]
   6 - (#keys=0) "R"."ROLE_ID"[NUMBER,22], "USER_ID"[NUMBER,22], "USER_NAME"[VARCHAR2,320]
   7 - (#keys=0) "H"."ENTERPRISE_ID"[NUMBER,22], "R"."ROLE_ID"[NUMBER,22], "SI_USERS_T".ROWID[ROWID,10], 
       "USER_ID"[NUMBER,22]
   8 - (#keys=1) "H"."ENTERPRISE_ID"[NUMBER,22], "R"."ROLE_ID"[NUMBER,22], "E"."USER_ID"[NUMBER,22]
   9 - (#keys=0) "H"."ENTERPRISE_ID"[NUMBER,22], "G"."ORG_ROLE_ID"[NUMBER,22], "R"."ROLE_ID"[NUMBER,22]
  10 - (#keys=0) "H"."ENTERPRISE_ID"[NUMBER,22], "G"."ORG_ROLE_ID"[NUMBER,22], "G"."ROLE_ID"[NUMBER,22]
  11 - (#keys=0) "H"."ENTERPRISE_ID"[NUMBER,22], "H"."PATH"[VARCHAR2,4000]
  13 - (#keys=0) MIN("PVALUE"."PARAMETER_VALUE")[100]
  14 - (#keys=2) "PVALUE"."PARAMETER_VALUE"[VARCHAR2,100]
  15 - (#keys=1) "PTYPE"."PARAMETER_TYPE_ID"[NUMBER,22], "PNAME"."PARAMETER_ID"[NUMBER,22]
  16 - "PTYPE"."PARAMETER_TYPE_ID"[NUMBER,22]
  17 - "PNAME"."PARAMETER_ID"[NUMBER,22], "PNAME"."PARAMETER_TYPE_ID"[NUMBER,22]
  18 - "PVALUE"."PARAMETER_TYPE_ID"[NUMBER,22], "PVALUE"."PARAMETER_ID"[NUMBER,22], "PVALUE"."PARAMETER_VALUE"[VARCHAR2,100]
  19 - "H"."ENTERPRISE_ID"[NUMBER,22], "H"."PATH"[VARCHAR2,4000]
  20 - "MAX(LVL)"[NUMBER,22], "LVL"[NUMBER,22], "ITEM_0"[NUMBER,22], "O1"."ORG_ENTITY_ID"[NUMBER,22], 
       "PATH"[VARCHAR2,4000], "ENTERPRISE_ID"[NUMBER,22]
  21 - SYSDEF[4], SYSDEF[0], SYSDEF[1], SYSDEF[96], SYSDEF[0]
  22 - "PARENT_ORG_ENTITY_ID"[NUMBER,22], "ORG_ENTITY_ID"[NUMBER,22], STRDEF[100], STRDEF[22], STRDEF[7], PRIOR NULL[22], 
       LEVEL[4], SYS_CONNECT_BY_PATH(TO_CHAR("ORG_ENTITY_ID"),':')[4000]
  23 - "PARENT_ORG_ENTITY_ID"[NUMBER,22], "ORG_ENTITY_ID"[NUMBER,22], STRDEF[100], STRDEF[22], STRDEF[7], PRIOR NULL[22], 
       LEVEL[4], SYS_CONNECT_BY_PATH(TO_CHAR("ORG_ENTITY_ID"),':')[4000]
  24 - "ENTERPRISE_ID"[NUMBER,22], "ORG_ENTITY_ID"[NUMBER,22], "ORG_ENTITY_NAME"[VARCHAR2,100], 
       "PARENT_ORG_ENTITY_ID"[NUMBER,22], "END_DATE"[DATE,7]
  25 - (#keys=2) "MAX(LVL)"[NUMBER,22], "LVL"[NUMBER,22], "ITEM_0"[NUMBER,22], "O1"."ORG_ENTITY_ID"[NUMBER,22], 
       "PATH"[VARCHAR2,4000], "ENTERPRISE_ID"[NUMBER,22]
  26 - "MAX(LVL)"[NUMBER,22], "ITEM_0"[NUMBER,22]
  27 - (#keys=1) "O2"."ORG_ENTITY_ID"[NUMBER,22], MAX("LVL")[22]
  28 - "O2"."ORG_ENTITY_ID"[NUMBER,22], "LVL"[NUMBER,22]
  29 - "C0"[NUMBER,22], "C1"[VARCHAR2,100], "C2"[NUMBER,22], "C3"[NUMBER,22], "C4"[VARCHAR2,4000]
  30 - "ORG_ENTITY_ID"[NUMBER,22], "ENTERPRISE_ID"[NUMBER,22], "LVL"[NUMBER,22], "PATH"[VARCHAR2,4000]
  31 - "C0"[NUMBER,22], "C1"[VARCHAR2,100], "C2"[NUMBER,22], "C3"[NUMBER,22], "C4"[VARCHAR2,4000]
  32 - "G"."ORG_ROLE_ID"[NUMBER,22], "G"."ROLE_ID"[NUMBER,22]
  33 - "R"."ROLE_ID"[NUMBER,22]
  34 - "E"."ORG_ROLE_ID"[NUMBER,22], "E"."USER_ID"[NUMBER,22]
  35 - "SI_USERS_T".ROWID[ROWID,10], "USER_ID"[NUMBER,22]
  36 - "USER_NAME"[VARCHAR2,320]
										</code></pre>
								</section>
						</div>
					</div>

				<!-- Sidebar -->
				<div id="sidebar">
					<div class="inner">
						<!-- Menu -->
						<nav id="menu">
							<header class="major">
								<h2>Menu</h2>
							</header>
							<ul>
								<li><a href="index.html">Summary</a></li>
								<li>
									<span class="opener">DB Analysis</span>
									<ul>
										<li><a href="union.html">Bad SQL</a></li>
										<li><a href="poor-sql.html">Poor SQL Plan</a></li>
										<li><a href="invalid-sql.html">Invalid SQL</a></li>
										<li><a href="full-sql.html">Full SQL Report</a></li>
										<li><a href="db-primary-unique-key.html">Primary/Unique Key Miss</a></li>
										<li><a href="invalid-db-object.html">Invalid DB Objects</a></li>
									</ul>
								</li>
								<li>
									<span class="opener">Infolets</span>
									<ul>
										<li><a href="keep-history-infolets.html">Keep History Infolets</a></li>
									</ul>
								</li>
							</ul>
						</nav>

						<!-- Section -->
						<section>
							<header class="major">
								<h2>Get in touch</h2>
							</header>
							<p>You need more details on the report or want more functionality, don't hesitate to reach out to us.</p>
							<ul class="contact">
								<li class="fa-envelope-o"><a href="mailto:rnd@metricstream.com?Subject=Reg - Static Code Analysis Tool" target="_top">rnd@metricstream.com</a></li>
							</ul>
						</section>

						<!-- Footer -->
						<footer id="footer">
							<p class="copyright">&copy; <a href="http://www.metricstream.com" target="_blank">MetricStream</a>. All rights reserved. </p>
						</footer>
					</div>
				</div>
			</div>

		<!-- Scripts -->
			<script src="../lib/assets/js/jquery.min.js"></script>
			<script src="../lib/assets/js/skel.min.js"></script>
			<script src="../lib/assets/js/util.js"></script>
			<!--[if lte IE 8]><script src="../lib/assets/js/ie/respond.min.js"></script><![endif]-->
			<script src="../lib/assets/js/main.js"></script>
	</body>
</html>