<!DOCTYPE HTML>
<html>
	<head>
		<title>Code Analysis - MetricStream</title>
		<meta charset="utf-8" />
		<meta name="viewport" content="width=device-width, initial-scale=1, user-scalable=no" />
		<!--[if lte IE 8]><script src="assets/js/ie/html5shiv.js"></script><![endif]-->
		<link rel="stylesheet" href="../lib/assets/css/main.css" />
		<!--[if lte IE 9]><link rel="stylesheet" href="../lib/assets/css/ie9.css" /><![endif]-->
		<!--[if lte IE 8]><link rel="stylesheet" href="../lib/assets/css/ie8.css" /><![endif]-->
	</head>
	<body>

		<!-- Wrapper -->
			<div id="wrapper">

				<!-- Main -->
					<div id="main">
						<div class="inner">
							<!-- Header -->
								<header id="header">
									<a href="index.html" class="logo"><strong>Static Code Analysis Report</strong> by Code Analyzer Tool</a>
								</header>

							<!-- Content -->
								<section>
									<!-- Content -->
										<header class="major"><h2>Infolet Details</h2></header>
										<div class="table-wrapper">
											<table>
												<tbody>
													<tr>
														<td>Name</td>
														<td>MS GRC Get Metric Status (100510)</td>
													</tr>
													<tr>
														<td>SQL</td>
														<td><pre><code>SELECT x.STATUS_NAME,x.status_code
FROM Ms_GRC_Status x,
  Si_Users_t y
WHERE y.user_name    = :1
and x.locale_id    =
  (SELECT locale_id FROM si_locales WHERE locale_string=y.locale
  )
  AND form_name ='MS_GRC_KPI_KRI_DATA_ENTRY'
  and x.status_code in ('MET_PEND','M_APP_PEND','M_DUE')</code></pre></td>
													</tr>
													<tr>
														<td>Description</td>
														<td></td>
													</tr>
												</tbody>
											</table>
										</div>

										<h2 align="center" id="content">Analysis Report</h2>
										<hr>
 										<header class="major"><h2>Plan hash value: 3203360338</h2></header>
										<pre><code>
 
------------------------------------------------------------------------------------------------
| Id  | Operation                      | Name          | Rows  | Bytes | Cost (%CPU)| Time     |
------------------------------------------------------------------------------------------------
|   0 | SELECT STATEMENT               |               |     1 |    64 |     8   (0)| 00:00:01 |
|*  1 |  FILTER                        |               |       |       |            |          |
<font style="background-color: lightblue; color: red">|   2 |   MERGE JOIN CARTESIAN         |               |     1 |    64 |     5   (0)| 00:00:01 |</font>
<font style="background-color: lightblue; color: red">|*  3 |    TABLE ACCESS FULL           | MS_GRC_STATUS |     1 |    44 |     3   (0)| 00:00:01 |</font>
|   4 |    BUFFER SORT                 |               |     1 |    20 |     2   (0)| 00:00:01 |
|   5 |     TABLE ACCESS BY INDEX ROWID| SI_USERS_T    |     1 |    20 |     2   (0)| 00:00:01 |
<font style="background-color: lightblue; color: red">|*  6 |      INDEX SKIP SCAN           | SI_USERS_T_N2 |     1 |       |     1   (0)| 00:00:01 |</font>
<font style="background-color: lightblue; color: red">|*  7 |   TABLE ACCESS FULL            | SI_LOCALES    |     1 |    11 |     3   (0)| 00:00:01 |</font>
------------------------------------------------------------------------------------------------
 
										</code></pre>
 										<header class="major"><h2>Query Block Name / Object Alias (identified by operation id):</h2></header>
										<pre><code>
-------------------------------------------------------------
 
   1 - SEL$1
   3 - SEL$1 / X@SEL$1
   5 - SEL$1 / Y@SEL$1
   6 - SEL$1 / Y@SEL$1
   7 - SEL$2 / SI_LOCALES@SEL$2
 
										</code></pre>
 										<header class="major"><h2>Predicate Information (identified by operation id):</h2></header>
										<pre><code>
---------------------------------------------------
 
   1 - filter("X"."LOCALE_ID"= (SELECT "LOCALE_ID" FROM "SI_LOCALES" "SI_LOCALES" WHERE 
              "LOCALE_STRING"=:B1))
   3 - filter("FORM_NAME"='MS_GRC_KPI_KRI_DATA_ENTRY' AND ("X"."STATUS_CODE"='MET_PEND' 
              OR "X"."STATUS_CODE"='M_APP_PEND' OR "X"."STATUS_CODE"='M_DUE'))
   6 - access("Y"."USER_NAME"=:1)
       filter("Y"."USER_NAME"=:1)
   7 - filter("LOCALE_STRING"=:B1)
 
										</code></pre>
 										<header class="major"><h2>Column Projection Information (identified by operation id):</h2></header>
										<pre><code>
-----------------------------------------------------------
 
   1 - "X"."STATUS_CODE"[VARCHAR2,160], "X"."STATUS_NAME"[VARCHAR2,1600]
   2 - (#keys=0) "X"."STATUS_CODE"[VARCHAR2,160], "X"."STATUS_NAME"[VARCHAR2,1600], 
       "X"."LOCALE_ID"[NUMBER,22], "Y"."LOCALE"[VARCHAR2,400]
   3 - "X"."STATUS_CODE"[VARCHAR2,160], "X"."STATUS_NAME"[VARCHAR2,1600], 
       "X"."LOCALE_ID"[NUMBER,22]
   4 - (#keys=0) "Y"."LOCALE"[VARCHAR2,400]
   5 - "Y"."LOCALE"[VARCHAR2,400]
   6 - "Y".ROWID[ROWID,10]
   7 - "LOCALE_ID"[NUMBER,22], "LOCALE_STRING"[VARCHAR2,100]
										</code></pre>
								</section>
						</div>
					</div>

				<!-- Sidebar -->
				<div id="sidebar">
					<div class="inner">
						<!-- Menu -->
						<nav id="menu">
							<header class="major">
								<h2>Menu</h2>
							</header>
							<ul>
								<li><a href="index.html">Summary</a></li>
								<li>
									<span class="opener">DB Analysis</span>
									<ul>
										<li><a href="union.html">Bad SQL</a></li>
										<li><a href="poor-sql.html">Poor SQL Plan</a></li>
										<li><a href="invalid-sql.html">Invalid SQL</a></li>
										<li><a href="full-sql.html">Full SQL Report</a></li>
										<li><a href="db-primary-unique-key.html">Primary/Unique Key Miss</a></li>
										<li><a href="invalid-db-object.html">Invalid DB Objects</a></li>
									</ul>
								</li>
							</ul>
						</nav>

						<!-- Section -->
						<section>
							<header class="major">
								<h2>Get in touch</h2>
							</header>
							<p>You need more details on the report or want more functionality, don't hesitate to reach out to us.</p>
							<ul class="contact">
								<li class="fa-envelope-o"><a href="mailto:rnd@metricstream.com?Subject=Reg - Static Code Analysis Tool" target="_top">rnd@metricstream.com</a></li>
							</ul>
						</section>

						<!-- Footer -->
						<footer id="footer">
							<p class="copyright">&copy; <a href="http://www.metricstream.com" target="_blank">MetricStream</a>. All rights reserved. </p>
						</footer>
					</div>
				</div>
			</div>

		<!-- Scripts -->
			<script src="../lib/assets/js/jquery.min.js"></script>
			<script src="../lib/assets/js/skel.min.js"></script>
			<script src="../lib/assets/js/util.js"></script>
			<!--[if lte IE 8]><script src="../lib/assets/js/ie/respond.min.js"></script><![endif]-->
			<script src="../lib/assets/js/main.js"></script>
	</body>
</html>