<!DOCTYPE HTML>
<html>
	<head>
		<title>Code Analysis - MetricStream</title>
		<meta charset="utf-8" />
		<meta name="viewport" content="width=device-width, initial-scale=1, user-scalable=no" />
		<!--[if lte IE 8]><script src="assets/js/ie/html5shiv.js"></script><![endif]-->
		<link rel="stylesheet" href="../lib/assets/css/main.css" />
		<!--[if lte IE 9]><link rel="stylesheet" href="../lib/assets/css/ie9.css" /><![endif]-->
		<!--[if lte IE 8]><link rel="stylesheet" href="../lib/assets/css/ie8.css" /><![endif]-->
	</head>
	<body>

		<!-- Wrapper -->
			<div id="wrapper">

				<!-- Main -->
					<div id="main">
						<div class="inner">
							<!-- Header -->
								<header id="header">
									<a href="index.html" class="logo"><strong>Static Code Analysis Report</strong> by Code Analyzer Tool</a>
								</header>

							<!-- Content -->
								<section>
									<!-- Content -->
										<header class="major"><h2>Infolet Details</h2></header>
										<div class="table-wrapper">
											<table>
												<tbody>
													<tr>
														<td>Name</td>
														<td>MS GRC ORB Add Owners (100540)</td>
													</tr>
													<tr>
														<td>SQL</td>
														<td><pre><code>SELECT  '<input type=checkbox id="'
      ||org.org_entity_id
      || '" value="'
      || SUBSTR(org.org_entity_name,1,3600)
      ||'$#$'
      ||org.org_entity_id
      || '"onClick=checkboxChange("'
      ||org.org_entity_id
      || '")></input>'    AS Checkbox,
     org.org_entity_id        AS org_entity_id ,
	 org.org_entity_name      AS org_entity_name,
	 ohl.org_hierarchy_name   AS org_hierarchy_name
    FROM si_org_entities org ,
      si_org_hierarchy_levels ohl ,
      si_org_entities porg
	where 
EXISTS
(SELECT COLUMN_VALUE
FROM TABLE(cast(MS_GRC_REPORT_FILTERS.Get_Filters_Applies_To_Org(:1) AS ms_varchar2_array))
WHERE COLUMN_VALUE = org.org_entity_id  
)
AND org.org_hierarchy_id     = ohl.org_hierarchy_id
 AND org.parent_org_entity_id = porg.org_entity_id (+)
	AND ORG.ORG_ENTITY_ID <> 1
Order By upper(org_entity_name)</code></pre></td>
													</tr>
													<tr>
														<td>Description</td>
														<td></td>
													</tr>
												</tbody>
											</table>
										</div>

										<h2 align="center" id="content">Analysis Report</h2>
										<hr>
 										<header class="major"><h2>Plan hash value: 3705454497</h2></header>
										<pre><code>
 
--------------------------------------------------------------------------------------------------------------------
| Id  | Operation                             | Name                       | Rows  | Bytes | Cost (%CPU)| Time     |
--------------------------------------------------------------------------------------------------------------------
|   0 | SELECT STATEMENT                      |                            |     1 |    48 |    37   (6)| 00:00:01 |
|   1 |  SORT ORDER BY                        |                            |     1 |    48 |    37   (6)| 00:00:01 |
|   2 |   NESTED LOOPS OUTER                  |                            |     1 |    48 |    36   (3)| 00:00:01 |
|   3 |    NESTED LOOPS                       |                            |     1 |    43 |    35   (3)| 00:00:01 |
|*  4 |     HASH JOIN SEMI                    |                            |     1 |    29 |    34   (3)| 00:00:01 |
<font style="background-color: lightblue; color: red">|*  5 |      TABLE ACCESS FULL                | SI_ORG_ENTITIES_T          |     9 |   243 |     4   (0)| 00:00:01 |</font>
<font style="background-color: lightblue; color: red">|*  6 |      COLLECTION ITERATOR PICKLER FETCH| GET_FILTERS_APPLIES_TO_ORG |   408 |   816 |    29   (0)| 00:00:01 |</font>
|*  7 |     INDEX FULL SCAN                   | SI_ORG_HIERARCHY_LEVELS_N1 |     1 |    14 |     1   (0)| 00:00:01 |
|*  8 |    INDEX RANGE SCAN                   | SI_ORG_ENTITIES_N5         |     1 |     5 |     1   (0)| 00:00:01 |
--------------------------------------------------------------------------------------------------------------------
 
										</code></pre>
 										<header class="major"><h2>Query Block Name / Object Alias (identified by operation id):</h2></header>
										<pre><code>
-------------------------------------------------------------
 
   1 - SEL$AB41FA8D
   5 - SEL$AB41FA8D / SI_ORG_ENTITIES_T@SEL$2
   6 - SEL$AB41FA8D / KOKBF$0@SEL$6
   7 - SEL$AB41FA8D / SI_ORG_HIERARCHY_LEVELS_T@SEL$3
   8 - SEL$AB41FA8D / SI_ORG_ENTITIES_T@SEL$4
 
										</code></pre>
 										<header class="major"><h2>Predicate Information (identified by operation id):</h2></header>
										<pre><code>
---------------------------------------------------
 
   4 - access("ORG_ENTITY_ID"=TO_NUMBER(VALUE(KOKBF$)))
   5 - filter("ORG_ENTITY_ID"<>1)
   6 - filter(TO_NUMBER(VALUE(KOKBF$))<>1)
   7 - access("ORG_HIERARCHY_ID"="ORG_HIERARCHY_ID")
       filter("ORG_HIERARCHY_ID"="ORG_HIERARCHY_ID")
   8 - access("PARENT_ORG_ENTITY_ID"="ORG_ENTITY_ID"(+))
 
										</code></pre>
 										<header class="major"><h2>Column Projection Information (identified by operation id):</h2></header>
										<pre><code>
-----------------------------------------------------------
 
   1 - (#keys=1) UPPER("ORG_ENTITY_NAME")[100], '<input type=checkbox id="'||TO_CHAR("ORG_ENTITY_ID")||'" 
       value="'||SUBSTR("ORG_ENTITY_NAME",1,3600)||'$#$'||TO_CHAR("ORG_ENTITY_ID")||'"onClick=checkboxChange("'||TO
       _CHAR("ORG_ENTITY_ID")||'")></input>'[593], "ORG_ENTITY_ID"[NUMBER,22], "ORG_ENTITY_NAME"[VARCHAR2,100], 
       "ORG_HIERARCHY_NAME"[VARCHAR2,100]
   2 - (#keys=0) "ORG_ENTITY_ID"[NUMBER,22], "ORG_ENTITY_NAME"[VARCHAR2,100], 
       "ORG_HIERARCHY_NAME"[VARCHAR2,100]
   3 - (#keys=0) "ORG_ENTITY_ID"[NUMBER,22], "PARENT_ORG_ENTITY_ID"[NUMBER,22], 
       "ORG_ENTITY_NAME"[VARCHAR2,100], "ORG_HIERARCHY_NAME"[VARCHAR2,100]
   4 - (#keys=1) "ORG_ENTITY_ID"[NUMBER,22], "PARENT_ORG_ENTITY_ID"[NUMBER,22], 
       "ORG_ENTITY_NAME"[VARCHAR2,100], "ORG_HIERARCHY_ID"[NUMBER,22]
   5 - "ORG_ENTITY_ID"[NUMBER,22], "ORG_ENTITY_NAME"[VARCHAR2,100], "ORG_HIERARCHY_ID"[NUMBER,22], 
       "PARENT_ORG_ENTITY_ID"[NUMBER,22]
   6 - VALUE(A0)[8000]
   7 - "ORG_HIERARCHY_NAME"[VARCHAR2,100]
										</code></pre>
								</section>
						</div>
					</div>

				<!-- Sidebar -->
				<div id="sidebar">
					<div class="inner">
						<!-- Menu -->
						<nav id="menu">
							<header class="major">
								<h2>Menu</h2>
							</header>
							<ul>
								<li><a href="index.html">Summary</a></li>
								<li>
									<span class="opener">DB Analysis</span>
									<ul>
										<li><a href="union.html">Bad SQL</a></li>
										<li><a href="poor-sql.html">Poor SQL Plan</a></li>
										<li><a href="invalid-sql.html">Invalid SQL</a></li>
										<li><a href="full-sql.html">Full SQL Report</a></li>
										<li><a href="db-primary-unique-key.html">Primary/Unique Key Miss</a></li>
										<li><a href="invalid-db-object.html">Invalid DB Objects</a></li>
									</ul>
								</li>
							</ul>
						</nav>

						<!-- Section -->
						<section>
							<header class="major">
								<h2>Get in touch</h2>
							</header>
							<p>You need more details on the report or want more functionality, don't hesitate to reach out to us.</p>
							<ul class="contact">
								<li class="fa-envelope-o"><a href="mailto:rnd@metricstream.com?Subject=Reg - Static Code Analysis Tool" target="_top">rnd@metricstream.com</a></li>
							</ul>
						</section>

						<!-- Footer -->
						<footer id="footer">
							<p class="copyright">&copy; <a href="http://www.metricstream.com" target="_blank">MetricStream</a>. All rights reserved. </p>
						</footer>
					</div>
				</div>
			</div>

		<!-- Scripts -->
			<script src="../lib/assets/js/jquery.min.js"></script>
			<script src="../lib/assets/js/skel.min.js"></script>
			<script src="../lib/assets/js/util.js"></script>
			<!--[if lte IE 8]><script src="../lib/assets/js/ie/respond.min.js"></script><![endif]-->
			<script src="../lib/assets/js/main.js"></script>
	</body>
</html>