<!DOCTYPE HTML>
<html>
	<head>
		<title>Code Analysis - MetricStream</title>
		<meta charset="utf-8" />
		<meta name="viewport" content="width=device-width, initial-scale=1, user-scalable=no" />
		<!--[if lte IE 8]><script src="assets/js/ie/html5shiv.js"></script><![endif]-->
		<link rel="stylesheet" href="../lib/assets/css/main.css" />
		<!--[if lte IE 9]><link rel="stylesheet" href="../lib/assets/css/ie9.css" /><![endif]-->
		<!--[if lte IE 8]><link rel="stylesheet" href="../lib/assets/css/ie8.css" /><![endif]-->
	</head>
	<body>

		<!-- Wrapper -->
			<div id="wrapper">

				<!-- Main -->
					<div id="main">
						<div class="inner">
							<!-- Header -->
								<header id="header">
									<a href="index.html" class="logo"><strong>Static Code Analysis Report</strong> by Code Analyzer Tool</a>
								</header>

							<!-- Content -->
								<section>
									<!-- Content -->
										<header class="major"><h2>Infolet Details</h2></header>
										<div class="table-wrapper">
											<table>
												<tbody>
													<tr>
														<td>Name</td>
														<td>MS GRC ORB Add Requirements (100543)</td>
													</tr>
													<tr>
														<td>SQL</td>
														<td><pre><code>SELECT '<input type=checkbox id="'
      || replace(Object_Id,' ','$^$')
		  || '" value="'
		  || htf.ESCAPE_SC(substr(Object_Name,1,3600))
		  ||'$#$'
		  ||ms_grc_utilities.get_form_url(dd_object_type,object_id)
		  || '"onClick=checkboxChange("'
     || replace(Object_Id,' ','$^$')
		  || '")></input>'    AS Checkbox,
	  r.Object_Id,
      r.Object_Name,
 r.OBJECT_PARENT As OBJECT_PARENT,
 r.KEY_REQUIREMENT as KEY_REQUIREMENT,
 r.SECTION_NO as SECTION_NO,
 r.FREQUENCY as FREQUENCY
    FROM MS_GRC_REQUIREMENT_DENORM_OV r
	where 
EXISTS
(SELECT COLUMN_VALUE
FROM TABLE(cast(ms_grc_report_filters.Get_Filters_Requirement( :1,:2,:3,:4,:5,:6,:7,:8 ) AS ms_varchar2_array))
WHERE COLUMN_VALUE = R.OBJECT_ID
)
AND r.locale =
  (SELECT LOCALE FROM si_users_t WHERE USER_NAME = :1
  )
order by r.upper_object_name</code></pre></td>
													</tr>
													<tr>
														<td>Description</td>
														<td></td>
													</tr>
												</tbody>
											</table>
										</div>

										<h2 align="center" id="content">Analysis Report</h2>
										<hr>
 										<header class="major"><h2>Plan hash value: 1666202630</h2></header>
										<pre><code>
 
----------------------------------------------------------------------------------------------------------------
| Id  | Operation                           | Name                     | Rows  | Bytes | Cost (%CPU)| Time     |
----------------------------------------------------------------------------------------------------------------
|   0 | SELECT STATEMENT                    |                          |     1 |  9944 |    33   (7)| 00:00:01 |
|   1 |  SORT ORDER BY                      |                          |     1 |  9944 |    33   (7)| 00:00:01 |
|*  2 |   HASH JOIN SEMI                    |                          |     1 |  9944 |    30   (4)| 00:00:01 |
|   3 |    NESTED LOOPS                     |                          |     1 |  9942 |     0   (0)| 00:00:01 |
|   4 |     INDEX FULL SCAN                 | MS_GRC_REQ_SUMMARY_PK    |     1 |  7934 |     0   (0)| 00:00:01 |
|*  5 |     TABLE ACCESS BY INDEX ROWID     | MS_GRC_REQ_MLS_SUMMARY   |     1 |  2008 |     0   (0)| 00:00:01 |
|*  6 |      INDEX RANGE SCAN               | MS_GRC_REQ_MLS_SUMM_IDX2 |     1 |       |     0   (0)| 00:00:01 |
|   7 |      TABLE ACCESS BY INDEX ROWID    | SI_USERS_T               |     1 |    20 |     2   (0)| 00:00:01 |
<font style="background-color: lightblue; color: red">|*  8 |       INDEX SKIP SCAN               | SI_USERS_T_N2            |     1 |       |     1   (0)| 00:00:01 |</font>
<font style="background-color: lightblue; color: red">|   9 |    COLLECTION ITERATOR PICKLER FETCH| GET_FILTERS_REQUIREMENT  |  8168 | 16336 |    29   (0)| 00:00:01 |</font>
----------------------------------------------------------------------------------------------------------------
 
										</code></pre>
 										<header class="major"><h2>Query Block Name / Object Alias (identified by operation id):</h2></header>
										<pre><code>
-------------------------------------------------------------
 
   1 - SEL$B7274CD5
   4 - SEL$B7274CD5 / REQ_SUMM@SEL$2
   5 - SEL$B7274CD5 / REQ_MLS@SEL$2
   6 - SEL$B7274CD5 / REQ_MLS@SEL$2
   7 - SEL$5        / SI_USERS_T@SEL$5
   8 - SEL$5        / SI_USERS_T@SEL$5
   9 - SEL$B7274CD5 / KOKBF$0@SEL$4
 
										</code></pre>
 										<header class="major"><h2>Predicate Information (identified by operation id):</h2></header>
										<pre><code>
---------------------------------------------------
 
   2 - access("REQ_SUMM"."OBJECT_ID"=VALUE(KOKBF$))
   5 - filter("REQ_MLS"."LOCALE"= (SELECT "LOCALE" FROM "SI_USERS_T" "SI_USERS_T" WHERE "USER_NAME"=:1))
   6 - access("REQ_MLS"."OBJECT_ID"="REQ_SUMM"."OBJECT_ID")
   8 - access("USER_NAME"=:1)
       filter("USER_NAME"=:1)
 
										</code></pre>
 										<header class="major"><h2>Column Projection Information (identified by operation id):</h2></header>
										<pre><code>
-----------------------------------------------------------
 
   1 - (#keys=1) "REQ_SUMM"."UPPER_OBJECT_NAME"[VARCHAR2,3000], '<input type=checkbox 
       id="'||REPLACE("REQ_SUMM"."OBJECT_ID",' ','$^$')||'" 
       value="'||"HTF"."ESCAPE_SC"(SUBSTR("REQ_SUMM"."OBJECT_NAME",1,3600))||'$#$'||"MS_GRC_UTILITIES"."GET_FOR
       M_URL"("REQ_SUMM"."DD_OBJECT_TYPE","REQ_SUMM"."OBJECT_ID")||'"onClick=checkboxChange("'||REPLACE("REQ_SU
       MM"."OBJECT_ID",' ','$^$')||'")></input>'[4000], "REQ_SUMM"."OBJECT_ID"[VARCHAR2,1600], 
       "REQ_SUMM"."OBJECT_NAME"[VARCHAR2,4000], "REQ_SUMM"."OBJECT_PARENT"[VARCHAR2,4000], 
       "MS_APPS_UTILITIES"."GET_DISPLAY_VALUE"("MS_GRC_UTILITIES"."ACTIVE_ENT_ID"(),'MS_GRC_YES_NO_MLS',"REQ_SU
       MM"."KEY_REQ_SV",1,TO_NUMBER("REQ_MLS"."LOCALE_ID"))[4000], "REQ_SUMM"."SECTION_NO"[VARCHAR2,1600], 
       "REQ_MLS"."FREQUENCY"[VARCHAR2,1600]
   2 - (#keys=1) "REQ_SUMM"."OBJECT_ID"[VARCHAR2,1600], "REQ_SUMM"."UPPER_OBJECT_NAME"[VARCHAR2,3000], 
       "REQ_SUMM"."KEY_REQ_SV"[VARCHAR2,40], "REQ_MLS"."FREQUENCY"[VARCHAR2,1600], 
       "REQ_SUMM"."OBJECT_NAME"[VARCHAR2,4000], "REQ_SUMM"."OBJECT_PARENT"[VARCHAR2,4000], 
       "REQ_SUMM"."SECTION_NO"[VARCHAR2,1600], "REQ_SUMM"."DD_OBJECT_TYPE"[VARCHAR2,1600], 
       "REQ_MLS"."LOCALE_ID"[VARCHAR2,400]
   3 - (#keys=0) "REQ_SUMM"."UPPER_OBJECT_NAME"[VARCHAR2,3000], "REQ_SUMM"."KEY_REQ_SV"[VARCHAR2,40], 
       "REQ_SUMM"."OBJECT_ID"[VARCHAR2,1600], "REQ_SUMM"."OBJECT_NAME"[VARCHAR2,4000], 
       "REQ_SUMM"."OBJECT_PARENT"[VARCHAR2,4000], "REQ_SUMM"."SECTION_NO"[VARCHAR2,1600], 
       "REQ_SUMM"."DD_OBJECT_TYPE"[VARCHAR2,1600], "REQ_MLS"."LOCALE_ID"[VARCHAR2,400], 
       "REQ_MLS"."FREQUENCY"[VARCHAR2,1600]
   4 - "REQ_SUMM"."UPPER_OBJECT_NAME"[VARCHAR2,3000], "REQ_SUMM"."KEY_REQ_SV"[VARCHAR2,40], 
       "REQ_SUMM"."OBJECT_ID"[VARCHAR2,1600], "REQ_SUMM"."OBJECT_NAME"[VARCHAR2,4000], 
       "REQ_SUMM"."OBJECT_PARENT"[VARCHAR2,4000], "REQ_SUMM"."SECTION_NO"[VARCHAR2,1600], 
       "REQ_SUMM"."DD_OBJECT_TYPE"[VARCHAR2,1600]
   5 - "REQ_MLS"."LOCALE_ID"[VARCHAR2,400], "REQ_MLS"."FREQUENCY"[VARCHAR2,1600]
   6 - "REQ_MLS".ROWID[ROWID,10], "REQ_MLS"."LOCALE_ID"[VARCHAR2,400]
   7 - "SI_USERS_T".ROWID[ROWID,10], "LOCALE"[VARCHAR2,400]
   8 - "SI_USERS_T".ROWID[ROWID,10]
   9 - VALUE(A0)[8000]
										</code></pre>
								</section>
						</div>
					</div>

				<!-- Sidebar -->
				<div id="sidebar">
					<div class="inner">
						<!-- Menu -->
						<nav id="menu">
							<header class="major">
								<h2>Menu</h2>
							</header>
							<ul>
								<li><a href="index.html">Summary</a></li>
								<li>
									<span class="opener">SQL Analysis</span>
									<ul>
										<li><a href="union.html">Union &amp; Union All</a></li>
										<li><a href="poor-sql.html">Poor Plan</a></li>
										<li><a href="invalid-sql.html">Invalid SQL</a></li>
										<li><a href="full-sql.html">Full Report</a></li>
									</ul>
								</li>
							</ul>
						</nav>

						<!-- Section -->
						<section>
							<header class="major">
								<h2>Get in touch</h2>
							</header>
							<p>You need more details on the report or want more functionality, don't hesitate to reach out to us.</p>
							<ul class="contact">
								<li class="fa-envelope-o"><a href="mailto:rnd@metricstream.com?Subject=Reg - Static Code Analysis Tool" target="_top">rnd@metricstream.com</a></li>
							</ul>
						</section>

						<!-- Footer -->
						<footer id="footer">
							<p class="copyright">&copy; <a href="http://www.metricstream.com" target="_blank">MetricStream</a>. All rights reserved. </p>
						</footer>
					</div>
				</div>
			</div>

		<!-- Scripts -->
			<script src="../lib/assets/js/jquery.min.js"></script>
			<script src="../lib/assets/js/skel.min.js"></script>
			<script src="../lib/assets/js/util.js"></script>
			<!--[if lte IE 8]><script src="../lib/assets/js/ie/respond.min.js"></script><![endif]-->
			<script src="../lib/assets/js/main.js"></script>
	</body>
</html>