<!DOCTYPE HTML>
<html>
	<head>
		<title>Code Analysis - MetricStream</title>
		<meta charset="utf-8" />
		<meta name="viewport" content="width=device-width, initial-scale=1, user-scalable=no" />
		<!--[if lte IE 8]><script src="assets/js/ie/html5shiv.js"></script><![endif]-->
		<link rel="stylesheet" href="../lib/assets/css/main.css" />
		<!--[if lte IE 9]><link rel="stylesheet" href="../lib/assets/css/ie9.css" /><![endif]-->
		<!--[if lte IE 8]><link rel="stylesheet" href="../lib/assets/css/ie8.css" /><![endif]-->
	</head>
	<body>

		<!-- Wrapper -->
			<div id="wrapper">

				<!-- Main -->
					<div id="main">
						<div class="inner">
							<!-- Header -->
								<header id="header">
									<a href="index.html" class="logo"><strong>Static Code Analysis Report</strong> by Code Analyzer Tool</a>
								</header>

							<!-- Content -->
								<section>
									<!-- Content -->
										<header class="major"><h2>Infolet Details</h2></header>
										<div class="table-wrapper">
											<table>
												<tbody>
													<tr>
														<td>Name</td>
														<td>MS GRC Objects Mapping Infolet (100550)</td>
													</tr>
													<tr>
														<td>SQL</td>
														<td><pre><code>SELECT t2.object_name AS NAME, t2.object_id AS ID,
       '['||tgt_obj_type ||'] '||substr(t1.tgt_obj_name,1,3600) AS mapped_name, t1.tgt_obj_id AS mapped_id,
       DECODE (NVL (t1.tgt_obj_name, 'n\a'), 'n\a', NULL, 'X') DATA,replace(replace(tgt_obj_Type,'(',''),')','') AS tgt_obj_Type,substr(t1.tgt_obj_name,1,3600) as mapped_name_only
  FROM (SELECT               --c.tgt_obj_type,a.dest_obj_type,c.rel_config_id,
               ms_grc_utilities.get_grc_object_name
                  (b.rel_source_object_id,
                   ms_apps_utilities.get_parameter_value
                                           (1,
                                            'MS GRC Mapping Report Parameter',
                                            'Library Object'
                                           )
                  ) object_name,
               b.rel_source_object_id AS object_id, c.tgt_obj_name,
               c.tgt_obj_id,c.tgt_obj_type
          FROM ms_grc_rel_defn a,
               ms_grc_orb_relations b,
               ms_grc_orb_relations_orb c
         WHERE c.rel_config_id IN (
                  SELECT rel_id
                    FROM ms_grc_rel_defn d
                   WHERE d.src_obj_type =
                            ms_apps_utilities.get_parameter_value
                                           (1,
                                            'MS GRC Mapping Report Parameter',
                                            'Library Object'
                                           ))
           AND c.rel_config_id = a.rel_id
           AND b.rel_source_id = c.rel_source_id) t1,
       (SELECT object_name,object_id,dd_object_Type
          FROM ms_grc_all_published_objects_v
         WHERE dd_object_type =
                  ms_apps_utilities.get_parameter_value
                                           (1,
                                            'MS GRC Mapping Report Parameter',
                                            'Library Object'
                                           )) t2
 WHERE t2.object_id = t1.object_id(+)</code></pre></td>
													</tr>
													<tr>
														<td>Description</td>
														<td></td>
													</tr>
												</tbody>
											</table>
										</div>

										<h2 align="center" id="content">Analysis Report</h2>
										<hr>
 										<header class="major"><h2>Plan hash value: 724656</h2></header>
										<pre><code>
 
-------------------------------------------------------------------------------------------------------------------
| Id  | Operation                        | Name                           | Rows  | Bytes | Cost (%CPU)| Time     |
-------------------------------------------------------------------------------------------------------------------
|   0 | SELECT STATEMENT                 |                                |       | 58501 |    17   (6)| 00:00:01 |
|*  1 |  HASH JOIN OUTER                 |                                |    19 | 58501 |    17   (6)| 00:00:01 |
|   2 |   VIEW                           | MS_GRC_ALL_PUBLISHED_OBJECTS_V |    19 |   760 |    14   (0)| 00:00:01 |
|   3 |    SORT UNIQUE                   |                                |       |       |            |          |
|   4 |     UNION-ALL                    |                                |       |       |            |          |
<font style="background-color: lightblue; color: red">|*  5 |      TABLE ACCESS FULL           | MS_GRC_FINANCIAL_ACCOU         |     1 |  2406 |     2   (0)| 00:00:01 |</font>
<font style="background-color: lightblue; color: red">|*  6 |      TABLE ACCESS FULL           | MS_GRC_RISK                    |     2 |    70 |     3   (0)| 00:00:01 |</font>
<font style="background-color: lightblue; color: red">|*  7 |      TABLE ACCESS FULL           | MS_GRC_AREA_OF_COMPLIA         |     3 |   141 |     3   (0)| 00:00:01 |</font>
<font style="background-color: lightblue; color: red">|*  8 |      TABLE ACCESS FULL           | MS_GRC_REFERENCE               |     1 |  2406 |     2   (0)| 00:00:01 |</font>
<font style="background-color: lightblue; color: red">|*  9 |      TABLE ACCESS FULL           | MS_GRC_MODEL_REFERENCE         |     1 |  2406 |     2   (0)| 00:00:01 |</font>
<font style="background-color: lightblue; color: red">|* 10 |      TABLE ACCESS FULL           | MS_GRC_OBJECTIVES              |     1 |  2406 |     2   (0)| 00:00:01 |</font>
<font style="background-color: lightblue; color: red">|* 11 |      TABLE ACCESS FULL           | MS_GRC_QUESTION_PROC           |     1 |  2406 |     2   (0)| 00:00:01 |</font>
<font style="background-color: lightblue; color: red">|* 12 |      TABLE ACCESS FULL           | MS_GRC_FUNCTION                |     1 |  2406 |     2   (0)| 00:00:01 |</font>
<font style="background-color: lightblue; color: red">|* 13 |      TABLE ACCESS FULL           | MS_GRC_REQUIREMENT             |     1 |  2406 |     2   (0)| 00:00:01 |</font>
<font style="background-color: lightblue; color: red">|* 14 |      TABLE ACCESS FULL           | MS_GRC_REGULATORY_BODY         |     1 |  2406 |     2   (0)| 00:00:01 |</font>
<font style="background-color: lightblue; color: red">|* 15 |      TABLE ACCESS FULL           | MS_GRC_ORG_PROFILE             |     1 |  2406 |     2   (0)| 00:00:01 |</font>
<font style="background-color: lightblue; color: red">|* 16 |      TABLE ACCESS FULL           | MS_GRC_COMPLIANCE_OBJE         |     3 |    99 |     3   (0)| 00:00:01 |</font>
<font style="background-color: lightblue; color: red">|* 17 |      TABLE ACCESS FULL           | MS_GRC_CORE_OBJECT             |     2 |    76 |     3   (0)| 00:00:01 |</font>
|  18 |   VIEW                           |                                |     1 |  3039 |     2   (0)| 00:00:01 |
|  19 |    NESTED LOOPS                  |                                |     1 |  4111 |     2   (0)| 00:00:01 |
|  20 |     NESTED LOOPS                 |                                |     1 |  4103 |     2   (0)| 00:00:01 |
|  21 |      NESTED LOOPS                |                                |     1 |  4077 |     2   (0)| 00:00:01 |
<font style="background-color: lightblue; color: red">|  22 |       TABLE ACCESS FULL          | MS_GRC_ORB_RELATIONS_ORB       |     1 |  4050 |     2   (0)| 00:00:01 |</font>
|* 23 |       TABLE ACCESS BY INDEX ROWID| MS_GRC_REL_DEFN                |     1 |    27 |     0   (0)| 00:00:01 |
|* 24 |        INDEX UNIQUE SCAN         | MS_GRC_REL_DEFN_PK             |     1 |       |     0   (0)| 00:00:01 |
|  25 |      TABLE ACCESS BY INDEX ROWID | MS_GRC_ORB_RELATIONS           |     1 |    26 |     0   (0)| 00:00:01 |
|* 26 |       INDEX UNIQUE SCAN          | MS_GRC_ORB_RELATIONS_PK        |     1 |       |     0   (0)| 00:00:01 |
|* 27 |     INDEX UNIQUE SCAN            | MS_GRC_REL_DEFN_PK             |     1 |     8 |     0   (0)| 00:00:01 |
-------------------------------------------------------------------------------------------------------------------
 
										</code></pre>
 										<header class="major"><h2>Query Block Name / Object Alias (identified by operation id):</h2></header>
										<pre><code>
-------------------------------------------------------------
 
   1 - SEL$004D2CAB
   2 - SET$1        / MS_GRC_ALL_PUBLISHED_OBJECTS_V@SEL$4
   3 - SET$1       
   5 - SEL$5        / MS_GRC_FINANCIAL_ACCOU@SEL$5
   6 - SEL$6        / MS_GRC_RISK@SEL$6
   7 - SEL$7        / MS_GRC_AREA_OF_COMPLIA@SEL$7
   8 - SEL$8        / MS_GRC_REFERENCE@SEL$8
   9 - SEL$9        / MS_GRC_MODEL_REFERENCE@SEL$9
  10 - SEL$10       / MS_GRC_OBJECTIVES@SEL$10
  11 - SEL$11       / MS_GRC_QUESTION_PROC@SEL$11
  12 - SEL$12       / MS_GRC_FUNCTION@SEL$12
  13 - SEL$13       / MS_GRC_REQUIREMENT@SEL$13
  14 - SEL$14       / MS_GRC_REGULATORY_BODY@SEL$14
  15 - SEL$15       / MS_GRC_ORG_PROFILE@SEL$15
  16 - SEL$16       / MS_GRC_COMPLIANCE_OBJE@SEL$16
  17 - SEL$17       / MS_GRC_CORE_OBJECT@SEL$17
  18 - SEL$BE5C8E5F / T1@SEL$1
  19 - SEL$BE5C8E5F
  22 - SEL$BE5C8E5F / C@SEL$2
  23 - SEL$BE5C8E5F / D@SEL$3
  24 - SEL$BE5C8E5F / D@SEL$3
  25 - SEL$BE5C8E5F / B@SEL$2
  26 - SEL$BE5C8E5F / B@SEL$2
  27 - SEL$BE5C8E5F / A@SEL$2
 
										</code></pre>
 										<header class="major"><h2>Predicate Information (identified by operation id):</h2></header>
										<pre><code>
---------------------------------------------------
 
   1 - access("OBJECT_ID"="T1"."OBJECT_ID"(+))
   5 - filter("DD_OBJECT_TYPE"="MS_APPS_UTILITIES"."GET_PARAMETER_VALUE"(1,'MS GRC Mapping Report 
              Parameter','Library Object'))
   6 - filter("DD_OBJECT_TYPE"="MS_APPS_UTILITIES"."GET_PARAMETER_VALUE"(1,'MS GRC Mapping Report 
              Parameter','Library Object'))
   7 - filter("DD_OBJECT_TYPE"="MS_APPS_UTILITIES"."GET_PARAMETER_VALUE"(1,'MS GRC Mapping Report 
              Parameter','Library Object'))
   8 - filter("DD_OBJECT_TYPE"="MS_APPS_UTILITIES"."GET_PARAMETER_VALUE"(1,'MS GRC Mapping Report 
              Parameter','Library Object'))
   9 - filter("DD_OBJECT_TYPE"="MS_APPS_UTILITIES"."GET_PARAMETER_VALUE"(1,'MS GRC Mapping Report 
              Parameter','Library Object'))
  10 - filter("DD_OBJECT_TYPE"="MS_APPS_UTILITIES"."GET_PARAMETER_VALUE"(1,'MS GRC Mapping Report 
              Parameter','Library Object'))
  11 - filter("DD_OBJECT_TYPE"="MS_APPS_UTILITIES"."GET_PARAMETER_VALUE"(1,'MS GRC Mapping Report 
              Parameter','Library Object'))
  12 - filter("DD_OBJECT_TYPE"="MS_APPS_UTILITIES"."GET_PARAMETER_VALUE"(1,'MS GRC Mapping Report 
              Parameter','Library Object'))
  13 - filter("DD_OBJECT_TYPE"="MS_APPS_UTILITIES"."GET_PARAMETER_VALUE"(1,'MS GRC Mapping Report 
              Parameter','Library Object'))
  14 - filter("DD_OBJECT_TYPE"="MS_APPS_UTILITIES"."GET_PARAMETER_VALUE"(1,'MS GRC Mapping Report 
              Parameter','Library Object'))
  15 - filter("DD_OBJECT_TYPE"="MS_APPS_UTILITIES"."GET_PARAMETER_VALUE"(1,'MS GRC Mapping Report 
              Parameter','Library Object'))
  16 - filter("DD_OBJECT_TYPE"="MS_APPS_UTILITIES"."GET_PARAMETER_VALUE"(1,'MS GRC Mapping Report 
              Parameter','Library Object'))
  17 - filter("DD_OBJECT_TYPE"="MS_APPS_UTILITIES"."GET_PARAMETER_VALUE"(1,'MS GRC Mapping Report 
              Parameter','Library Object'))
  23 - filter("D"."SRC_OBJ_TYPE"="MS_APPS_UTILITIES"."GET_PARAMETER_VALUE"(1,'MS GRC Mapping Report 
              Parameter','Library Object'))
  24 - access("C"."REL_CONFIG_ID"="REL_ID")
  26 - access("B"."REL_SOURCE_ID"="C"."REL_SOURCE_ID")
  27 - access("C"."REL_CONFIG_ID"="A"."REL_ID")
 
										</code></pre>
 										<header class="major"><h2>Column Projection Information (identified by operation id):</h2></header>
										<pre><code>
-----------------------------------------------------------
 
   1 - (#keys=1) "OBJECT_ID"[VARCHAR2,400], "OBJECT_NAME"[VARCHAR2,4000], "TGT_OBJ_TYPE"[VARCHAR2,1020], 
       "T1"."TGT_OBJ_NAME"[VARCHAR2,4000], "T1"."TGT_OBJ_ID"[VARCHAR2,1020]
   2 - "OBJECT_NAME"[VARCHAR2,4000], "OBJECT_ID"[VARCHAR2,400]
   3 - (#keys=3) STRDEF[4000], STRDEF[400], STRDEF[400]
   4 - STRDEF[4000], STRDEF[400], STRDEF[400]
   5 - "OBJECT_NAME"[VARCHAR2,4000], "OBJECT_ID"[VARCHAR2,400], "DD_OBJECT_TYPE"[VARCHAR2,400]
   6 - "OBJECT_NAME"[VARCHAR2,4000], "OBJECT_ID"[VARCHAR2,400], "DD_OBJECT_TYPE"[VARCHAR2,400]
   7 - "OBJECT_ID"[VARCHAR2,400], "OBJECT_NAME"[VARCHAR2,4000], "DD_OBJECT_TYPE"[VARCHAR2,400]
   8 - "DD_OBJECT_TYPE"[VARCHAR2,400], "OBJECT_NAME"[VARCHAR2,4000], "OBJECT_ID"[VARCHAR2,400]
   9 - "OBJECT_NAME"[VARCHAR2,4000], "OBJECT_ID"[VARCHAR2,400], "DD_OBJECT_TYPE"[VARCHAR2,400]
  10 - "OBJECT_ID"[VARCHAR2,400], "OBJECT_NAME"[VARCHAR2,4000], "DD_OBJECT_TYPE"[VARCHAR2,400]
  11 - "OBJECT_NAME"[VARCHAR2,4000], "OBJECT_ID"[VARCHAR2,400], "DD_OBJECT_TYPE"[VARCHAR2,400]
  12 - "OBJECT_ID"[VARCHAR2,400], "OBJECT_NAME"[VARCHAR2,4000], "DD_OBJECT_TYPE"[VARCHAR2,400]
  13 - "OBJECT_ID"[VARCHAR2,400], "OBJECT_NAME"[VARCHAR2,4000], "DD_OBJECT_TYPE"[VARCHAR2,400]
  14 - "OBJECT_NAME"[VARCHAR2,4000], "OBJECT_ID"[VARCHAR2,400], "DD_OBJECT_TYPE"[VARCHAR2,400]
  15 - "OBJECT_ID"[VARCHAR2,400], "OBJECT_NAME"[VARCHAR2,4000], "DD_OBJECT_TYPE"[VARCHAR2,400]
  16 - "OBJECT_NAME"[VARCHAR2,4000], "OBJECT_ID"[VARCHAR2,400], "DD_OBJECT_TYPE"[VARCHAR2,400]
  17 - "DD_OBJECT_TYPE"[VARCHAR2,400], "OBJECT_ID"[VARCHAR2,400], "OBJECT_NAME"[VARCHAR2,4000]
  18 - "T1"."OBJECT_ID"[VARCHAR2,1016], "T1"."TGT_OBJ_NAME"[VARCHAR2,4000], 
       "T1"."TGT_OBJ_ID"[VARCHAR2,1020], "TGT_OBJ_TYPE"[VARCHAR2,1020]
  19 - (#keys=0) "C"."TGT_OBJ_NAME"[VARCHAR2,4000], "C"."TGT_OBJ_ID"[VARCHAR2,1020], 
       "C"."TGT_OBJ_TYPE"[VARCHAR2,1020], "B"."REL_SOURCE_OBJECT_ID"[VARCHAR2,1016]
  20 - (#keys=0) "C"."REL_CONFIG_ID"[VARCHAR2,1020], "C"."TGT_OBJ_NAME"[VARCHAR2,4000], 
       "C"."TGT_OBJ_ID"[VARCHAR2,1020], "C"."TGT_OBJ_TYPE"[VARCHAR2,1020], 
       "B"."REL_SOURCE_OBJECT_ID"[VARCHAR2,1016]
  21 - (#keys=0) "C"."REL_CONFIG_ID"[VARCHAR2,1020], "C"."TGT_OBJ_NAME"[VARCHAR2,4000], 
       "C"."TGT_OBJ_ID"[VARCHAR2,1020], "C"."TGT_OBJ_TYPE"[VARCHAR2,1020], "C"."REL_SOURCE_ID"[VARCHAR2,1020]
  22 - "C"."REL_CONFIG_ID"[VARCHAR2,1020], "C"."TGT_OBJ_NAME"[VARCHAR2,4000], 
       "C"."TGT_OBJ_ID"[VARCHAR2,1020], "C"."TGT_OBJ_TYPE"[VARCHAR2,1020], "C"."REL_SOURCE_ID"[VARCHAR2,1020]
  24 - "D".ROWID[ROWID,10]
  25 - "B"."REL_SOURCE_OBJECT_ID"[VARCHAR2,1016]
  26 - "B".ROWID[ROWID,10]
										</code></pre>
								</section>
						</div>
					</div>

				<!-- Sidebar -->
				<div id="sidebar">
					<div class="inner">
						<!-- Menu -->
						<nav id="menu">
							<header class="major">
								<h2>Menu</h2>
							</header>
							<ul>
								<li><a href="index.html">Summary</a></li>
								<li>
									<span class="opener">DB Analysis</span>
									<ul>
										<li><a href="union.html">Bad SQL</a></li>
										<li><a href="poor-sql.html">Poor SQL Plan</a></li>
										<li><a href="invalid-sql.html">Invalid SQL</a></li>
										<li><a href="full-sql.html">Full SQL Report</a></li>
										<li><a href="db-primary-unique-key.html">Primary/Unique Key Miss</a></li>
										<li><a href="invalid-db-object.html">Invalid DB Objects</a></li>
									</ul>
								</li>
								<li>
									<span class="opener">Infolets</span>
									<ul>
										<li><a href="keep-history-infolets.html">Keep History Infolets</a></li>
									</ul>
								</li>
								<li>
									<span class="opener">Pushforms</span>
									<ul>
										<li><a href="pushform-denormalize.html">Pushform Denormalized</a></li>
									</ul>
								</li>
							</ul>
						</nav>

						<!-- Section -->
						<section>
							<header class="major">
								<h2>Get in touch</h2>
							</header>
							<p>You need more details on the report or want more functionality, don't hesitate to reach out to us.</p>
							<ul class="contact">
								<li class="fa-envelope-o"><a href="mailto:rnd@metricstream.com?Subject=Reg - Static Code Analysis Tool" target="_top">rnd@metricstream.com</a></li>
							</ul>
						</section>

						<!-- Footer -->
						<footer id="footer">
							<p class="copyright">&copy; <a href="http://www.metricstream.com" target="_blank">MetricStream</a>. All rights reserved. </p>
						</footer>
					</div>
				</div>
			</div>

		<!-- Scripts -->
			<script src="../lib/assets/js/jquery.min.js"></script>
			<script src="../lib/assets/js/skel.min.js"></script>
			<script src="../lib/assets/js/util.js"></script>
			<!--[if lte IE 8]><script src="../lib/assets/js/ie/respond.min.js"></script><![endif]-->
			<script src="../lib/assets/js/main.js"></script>
	</body>
</html>