<!DOCTYPE HTML>
<html>
	<head>
		<title>Code Analysis - MetricStream</title>
		<meta charset="utf-8" />
		<meta name="viewport" content="width=device-width, initial-scale=1, user-scalable=no" />
		<!--[if lte IE 8]><script src="assets/js/ie/html5shiv.js"></script><![endif]-->
		<link rel="stylesheet" href="../lib/assets/css/main.css" />
		<!--[if lte IE 9]><link rel="stylesheet" href="../lib/assets/css/ie9.css" /><![endif]-->
		<!--[if lte IE 8]><link rel="stylesheet" href="../lib/assets/css/ie8.css" /><![endif]-->
	</head>
	<body>

		<!-- Wrapper -->
			<div id="wrapper">

				<!-- Main -->
					<div id="main">
						<div class="inner">
							<!-- Header -->
								<header id="header">
									<a href="index.html" class="logo"><strong>Static Code Analysis Report</strong> by Code Analyzer Tool</a>
								</header>

							<!-- Content -->
								<section>
									<!-- Content -->
										<header class="major"><h2>Infolet Details</h2></header>
										<div class="table-wrapper">
											<table>
												<tbody>
													<tr>
														<td>Name</td>
														<td>MS GRC Process Rep Infolet (100555)</td>
													</tr>
													<tr>
														<td>SQL</td>
														<td><pre><code>SELECT Object_Id  AS OBJECT_ID,
  OBJECT_NAME_URL AS Object_Name,
  Object_Level,
  PARENT   AS Parent,
  TYPE     AS Type,
  CATEGORY AS category,
  STATUS   AS Obj_Status,
  CREATED_ON,
  CREATED_BY,
  UPDATED_ON,
  UPDATED_BY,
  Valid_From,
  Valid_Until,
  DESCRIPTION,
  OWNER_ORG_NAMES,
  owner_name,
  level_1_approver,
  level_2_approver,
  RELATED_APPLIES_TO_ORG_NAME AS Applies_To_Organizations,
  RELATED_AOC_NAME            AS Related_Areas_Of_Compliance,
  RELATED_ASSET_NAME          AS Related_Assets,
  RELATED_CONTROL_NAME        AS Related_Control,
  RELATED_FUNCTION_NAME       AS Related_Function,
  RELATED_OBJECTIVE_NAME      AS Related_Objectives,
  RELATED_PROCESS_NAME        AS Related_Process,
  RELATED_PRODUCT_NAME        AS Related_Products,
  RELATED_REFERENCE_NAME      AS related_reference,
  RELATED_REQUIREMENT_NAME    AS related_requirement,
  RELATED_RISK_NAME           AS Related_risks
FROM MS_GRC_PROCESS_DENORM_RV RV
WHERE locale =
  (SELECT LOCALE FROM si_users_t WHERE USER_NAME = :33
  )
AND NVL(is_orphan, 1)=NVL(:4,NVL(is_orphan,1))
AND EXISTS
  (SELECT COLUMN_VALUE
  FROM TABLE(CAST(ms_grc_rep_browser_fil_denorm.fn_process_rpt_filter(:1, :2, :3, :5, :6, :7, :8, :9, :10, :11, :12, :13, :14, :15, :16, :17, :18, :19, :20, :21, :22, :23, :24, NULL, NULL, :25, NULL, NULL, :26, NULL, :27, NULL, :28, :29, NULL, :31, :30, :32, NULL, 'MS_GRC_PROCESS', :33)AS ms_varchar2_array))
  WHERE column_value = OBJECT_ID
  )ORDER BY upper(RV.OBJECT_NAME)</code></pre></td>
													</tr>
													<tr>
														<td>Description</td>
														<td> This infolet is used for fetching the Library data for Process list report. It consists of the parameters specific to Process object and also the related library object parmaters. It does not contain any mandatory parameter. </td>
													</tr>
												</tbody>
											</table>
										</div>

										<h2 align="center" id="content">Analysis Report</h2>
										<hr>
 										<header class="major"><h2>Plan hash value: 2359598236</h2></header>
										<pre><code>
 
-------------------------------------------------------------------------------------------------------------------
| Id  | Operation                            | Name                       | Rows  | Bytes | Cost (%CPU)| Time     |
-------------------------------------------------------------------------------------------------------------------
|   0 | SELECT STATEMENT                     |                            |     1 |  4208 |    36   (6)| 00:00:01 |
|   1 |  TABLE ACCESS BY INDEX ROWID         | SI_USERS_T                 |     1 |    32 |     2   (0)| 00:00:01 |
<font style="background-color: lightblue; color: red">|*  2 |   INDEX SKIP SCAN                    | SI_USERS_T_N2              |     1 |       |     1   (0)| 00:00:01 |</font>
|   3 |  TABLE ACCESS BY INDEX ROWID         | SI_USERS_T                 |     1 |    32 |     2   (0)| 00:00:01 |
<font style="background-color: lightblue; color: red">|*  4 |   INDEX SKIP SCAN                    | SI_USERS_T_N2              |     1 |       |     1   (0)| 00:00:01 |</font>
|   5 |  TABLE ACCESS BY INDEX ROWID         | SI_USERS_T                 |     1 |    32 |     2   (0)| 00:00:01 |
<font style="background-color: lightblue; color: red">|*  6 |   INDEX SKIP SCAN                    | SI_USERS_T_N2              |     1 |       |     1   (0)| 00:00:01 |</font>
|   7 |  TABLE ACCESS BY INDEX ROWID         | SI_USERS_T                 |     1 |    32 |     2   (0)| 00:00:01 |
<font style="background-color: lightblue; color: red">|*  8 |   INDEX SKIP SCAN                    | SI_USERS_T_N2              |     1 |       |     1   (0)| 00:00:01 |</font>
|   9 |  SORT ORDER BY                       |                            |     1 |  4208 |    36   (6)| 00:00:01 |
|  10 |   NESTED LOOPS                       |                            |     1 |  4208 |    33   (4)| 00:00:01 |
|* 11 |    HASH JOIN SEMI                    |                            |     1 |  4161 |    31   (4)| 00:00:01 |
|* 12 |     INDEX FULL SCAN                  | MS_GRC_PROC_PK             |     2 |  8318 |     1   (0)| 00:00:01 |
<font style="background-color: lightblue; color: red">|  13 |     COLLECTION ITERATOR PICKLER FETCH| FN_PROCESS_RPT_FILTER      |  8168 | 16336 |    29   (0)| 00:00:01 |</font>
|* 14 |    TABLE ACCESS BY INDEX ROWID       | MS_GRC_PROCESS_MLS_SUMMARY |     1 |    47 |     2   (0)| 00:00:01 |
|* 15 |     INDEX RANGE SCAN                 | MS_GRC_PROC_MLS_SUMM_IDX2  |     4 |       |     1   (0)| 00:00:01 |
|  16 |     TABLE ACCESS BY INDEX ROWID      | SI_USERS_T                 |     1 |    20 |     2   (0)| 00:00:01 |
<font style="background-color: lightblue; color: red">|* 17 |      INDEX SKIP SCAN                 | SI_USERS_T_N2              |     1 |       |     1   (0)| 00:00:01 |</font>
-------------------------------------------------------------------------------------------------------------------
 
										</code></pre>
 										<header class="major"><h2>Query Block Name / Object Alias (identified by operation id):</h2></header>
										<pre><code>
-------------------------------------------------------------
 
   1 - SEL$3        / USR@SEL$3
   2 - SEL$3        / USR@SEL$3
   3 - SEL$4        / USR@SEL$4
   4 - SEL$4        / USR@SEL$4
   5 - SEL$5        / USR@SEL$5
   6 - SEL$5        / USR@SEL$5
   7 - SEL$6        / USR@SEL$6
   8 - SEL$6        / USR@SEL$6
   9 - SEL$8C246A20
  12 - SEL$8C246A20 / PROCSUMM@SEL$2
  13 - SEL$8C246A20 / KOKBF$0@SEL$9
  14 - SEL$8C246A20 / PROCMLSSUMM@SEL$2
  15 - SEL$8C246A20 / PROCMLSSUMM@SEL$2
  16 - SEL$7        / SI_USERS_T@SEL$7
  17 - SEL$7        / SI_USERS_T@SEL$7
 
										</code></pre>
 										<header class="major"><h2>Predicate Information (identified by operation id):</h2></header>
										<pre><code>
---------------------------------------------------
 
   2 - access("USR"."USER_NAME"=:B1)
       filter("USR"."USER_NAME"=:B1)
   4 - access("USR"."USER_NAME"=:B1)
       filter("USR"."USER_NAME"=:B1)
   6 - access("USR"."USER_NAME"=:B1)
       filter("USR"."USER_NAME"=:B1)
   8 - access("USR"."USER_NAME"=:B1)
       filter("USR"."USER_NAME"=:B1)
  11 - access("PROCSUMM"."OBJECT_ID"=VALUE(KOKBF$))
  12 - filter(NVL("PROCSUMM"."IS_ORPHAN",1)=NVL(:4,NVL("PROCSUMM"."IS_ORPHAN",1)))
  14 - filter("PROCMLSSUMM"."LOCALE"= (SELECT "LOCALE" FROM "SI_USERS_T" "SI_USERS_T" WHERE 
              "USER_NAME"=:33))
  15 - access("PROCSUMM"."OBJECT_ID"="PROCMLSSUMM"."OBJECT_ID")
  17 - access("USER_NAME"=:33)
       filter("USER_NAME"=:33)
 
										</code></pre>
 										<header class="major"><h2>Column Projection Information (identified by operation id):</h2></header>
										<pre><code>
-----------------------------------------------------------
 
   1 - "USR".ROWID[ROWID,10], "USR"."LAST_NAME"[VARCHAR2,400], "USR"."FIRST_NAME"[VARCHAR2,400]
   2 - "USR".ROWID[ROWID,10]
   3 - "USR".ROWID[ROWID,10], "USR"."LAST_NAME"[VARCHAR2,400], "USR"."FIRST_NAME"[VARCHAR2,400]
   4 - "USR".ROWID[ROWID,10]
   5 - "USR".ROWID[ROWID,10], "USR"."LAST_NAME"[VARCHAR2,400], "USR"."FIRST_NAME"[VARCHAR2,400]
   6 - "USR".ROWID[ROWID,10]
   7 - "USR".ROWID[ROWID,10], "USR"."LAST_NAME"[VARCHAR2,400], "USR"."FIRST_NAME"[VARCHAR2,400]
   8 - "USR".ROWID[ROWID,10]
   9 - (#keys=1) UPPER("PROCSUMM"."OBJECT_NAME")[4000], "PROCSUMM"."OBJECT_ID"[VARCHAR2,1600], 
       "PROCSUMM"."OBJECT_NAME_URL"[VARCHAR2,4000], "PROCMLSSUMM"."OBJECT_LEVEL"[VARCHAR2,1600], 
       "PROCSUMM"."OBJ_PARENT"[VARCHAR2,4000], "PROCMLSSUMM"."PROCESS_TYPE"[VARCHAR2,4000], 
       "PROCMLSSUMM"."PROCESS_CATEGORY"[VARCHAR2,4000], "PROCMLSSUMM"."OBJECT_STATUS"[VARCHAR2,4000], 
       "PROCSUMM"."CREATED_ON"[DATE,7],  (SELECT "USR"."FIRST_NAME"||' '||"USR"."LAST_NAME" FROM 
       MAZARS_DEV."SI_USERS_T" "USR" WHERE "USR"."USER_NAME"=:B1)[801], "PROCSUMM"."UPDATED_ON"[DATE,7],  (SELECT 
       "USR"."FIRST_NAME"||' '||"USR"."LAST_NAME" FROM MAZARS_DEV."SI_USERS_T" "USR" WHERE 
       "USR"."USER_NAME"=:B2)[801], "PROCSUMM"."VALID_FROM"[DATE,7], "PROCSUMM"."VALID_UNTIL"[DATE,7], 
       "PROCSUMM"."DESCRIPTION"[4000], "PROCSUMM"."OWNER_ORG_NAMES"[4000], "PROCSUMM"."OWNER_NAME"[4000],  
       (SELECT "USR"."FIRST_NAME"||' '||"USR"."LAST_NAME" FROM MAZARS_DEV."SI_USERS_T" "USR" WHERE 
       "USR"."USER_NAME"=:B3)[801],  (SELECT "USR"."FIRST_NAME"||' '||"USR"."LAST_NAME" FROM 
       MAZARS_DEV."SI_USERS_T" "USR" WHERE "USR"."USER_NAME"=:B4)[801], 
       "PROCSUMM"."REL_ORGANIZATION_NAMES"[4000], "PROCSUMM"."REL_AOC_OBJ_NAME_AGG"[4000], 
       "PROCSUMM"."REL_ASSET_OBJ_NAME_AGG"[4000], "PROCSUMM"."REL_CTRL_OBJ_NAME_AGG"[4000], 
       "PROCSUMM"."REL_FUNCTION_OBJ_NAME_AGG"[4000], "PROCSUMM"."REL_OBJECTIVE_OBJ_NAME_AGG"[4000], 
       "PROCSUMM"."REL_PROCESS_OBJ_NAME_AGG"[4000], "PROCSUMM"."REL_PRODUCT_NAME_AGG"[4000], 
       "PROCSUMM"."REL_REFRENCES_OBJ_NAME_AGG"[4000], "PROCSUMM"."REL_REQUIREMENT_OBJ_NAME_AGG"[4000], 
       "PROCSUMM"."REL_RISK_OBJ_NAME_AGG"[4000]
  10 - (#keys=0) "PROCSUMM"."OBJECT_ID"[VARCHAR2,1600], "PROCSUMM"."OBJECT_NAME"[VARCHAR2,4000], 
       "PROCSUMM"."OBJ_PARENT"[VARCHAR2,4000], "PROCSUMM"."LEVEL_1_APPROVER"[VARCHAR2,400], 
       "PROCSUMM"."LEVEL_2_APPROVER"[VARCHAR2,400], "PROCSUMM"."VALID_UNTIL"[DATE,7], 
       "PROCSUMM"."VALID_FROM"[DATE,7], "PROCSUMM"."DESCRIPTION"[LOB,4000], 
       "PROCSUMM"."OBJECT_NAME_URL"[VARCHAR2,4000], "PROCSUMM"."OWNER_NAME"[LOB,4000], 
       "PROCSUMM"."OWNER_ORG_NAMES"[LOB,4000], "PROCSUMM"."CREATED_ON"[DATE,7], 
       "PROCSUMM"."CREATED_BY"[VARCHAR2,400], "PROCSUMM"."UPDATED_ON"[DATE,7], 
       "PROCSUMM"."UPDATED_BY"[VARCHAR2,400], "PROCSUMM"."REL_AOC_OBJ_NAME_AGG"[LOB,4000], 
       "PROCSUMM"."REL_ASSET_OBJ_NAME_AGG"[LOB,4000], "PROCSUMM"."REL_CTRL_OBJ_NAME_AGG"[LOB,4000], 
       "PROCSUMM"."REL_FUNCTION_OBJ_NAME_AGG"[LOB,4000], "PROCSUMM"."REL_OBJECTIVE_OBJ_NAME_AGG"[LOB,4000], 
       "PROCSUMM"."REL_ORGANIZATION_NAMES"[LOB,4000], "PROCSUMM"."REL_PROCESS_OBJ_NAME_AGG"[LOB,4000], 
       "PROCSUMM"."REL_PRODUCT_NAME_AGG"[LOB,4000], "PROCSUMM"."REL_REFRENCES_OBJ_NAME_AGG"[LOB,4000], 
       "PROCSUMM"."REL_REQUIREMENT_OBJ_NAME_AGG"[LOB,4000], "PROCSUMM"."REL_RISK_OBJ_NAME_AGG"[LOB,4000], 
       "PROCMLSSUMM"."PROCESS_CATEGORY"[VARCHAR2,4000], "PROCMLSSUMM"."PROCESS_TYPE"[VARCHAR2,4000], 
       "PROCMLSSUMM"."OBJECT_STATUS"[VARCHAR2,4000], "PROCMLSSUMM"."OBJECT_LEVEL"[VARCHAR2,1600]
  11 - (#keys=1) "PROCSUMM"."OBJECT_ID"[VARCHAR2,1600], "PROCSUMM"."OBJECT_NAME"[VARCHAR2,4000], 
       "PROCSUMM"."OBJ_PARENT"[VARCHAR2,4000], "PROCSUMM"."LEVEL_1_APPROVER"[VARCHAR2,400], 
       "PROCSUMM"."LEVEL_2_APPROVER"[VARCHAR2,400], "PROCSUMM"."VALID_UNTIL"[DATE,7], 
       "PROCSUMM"."VALID_FROM"[DATE,7], "PROCSUMM"."DESCRIPTION"[LOB,4000], 
       "PROCSUMM"."OBJECT_NAME_URL"[VARCHAR2,4000], "PROCSUMM"."OWNER_NAME"[LOB,4000], 
       "PROCSUMM"."OWNER_ORG_NAMES"[LOB,4000], "PROCSUMM"."CREATED_ON"[DATE,7], 
       "PROCSUMM"."CREATED_BY"[VARCHAR2,400], "PROCSUMM"."UPDATED_ON"[DATE,7], 
       "PROCSUMM"."UPDATED_BY"[VARCHAR2,400], "PROCSUMM"."REL_AOC_OBJ_NAME_AGG"[LOB,4000], 
       "PROCSUMM"."REL_ASSET_OBJ_NAME_AGG"[LOB,4000], "PROCSUMM"."REL_CTRL_OBJ_NAME_AGG"[LOB,4000], 
       "PROCSUMM"."REL_FUNCTION_OBJ_NAME_AGG"[LOB,4000], "PROCSUMM"."REL_OBJECTIVE_OBJ_NAME_AGG"[LOB,4000], 
       "PROCSUMM"."REL_ORGANIZATION_NAMES"[LOB,4000], "PROCSUMM"."REL_PROCESS_OBJ_NAME_AGG"[LOB,4000], 
       "PROCSUMM"."REL_PRODUCT_NAME_AGG"[LOB,4000], "PROCSUMM"."REL_REFRENCES_OBJ_NAME_AGG"[LOB,4000], 
       "PROCSUMM"."REL_REQUIREMENT_OBJ_NAME_AGG"[LOB,4000], "PROCSUMM"."REL_RISK_OBJ_NAME_AGG"[LOB,4000]
  12 - "PROCSUMM".ROWID[ROWID,3034], "UPPER_OBJECT_NAME"[VARCHAR2,3000], "OBJ_SUMM_WID"[NUMBER,22], 
       "PROCSUMM"."OBJECT_ID"[VARCHAR2,1600], "PROCSUMM"."OBJECT_NAME"[VARCHAR2,4000], 
       "PROCSUMM"."OBJ_PARENT"[VARCHAR2,4000], "PROCSUMM"."LEVEL_1_APPROVER"[VARCHAR2,400], 
       "PROCSUMM"."LEVEL_2_APPROVER"[VARCHAR2,400], "PROCSUMM"."VALID_UNTIL"[DATE,7], 
       "PROCSUMM"."VALID_FROM"[DATE,7], "PROCSUMM"."DESCRIPTION"[LOB,4000], 
       "PROCSUMM"."OBJECT_NAME_URL"[VARCHAR2,4000], "PROCSUMM"."OWNER_NAME"[LOB,4000], 
       "PROCSUMM"."OWNER_ORG_NAMES"[LOB,4000], "PROCSUMM"."CREATED_ON"[DATE,7], 
       "PROCSUMM"."CREATED_BY"[VARCHAR2,400], "PROCSUMM"."UPDATED_ON"[DATE,7], 
       "PROCSUMM"."UPDATED_BY"[VARCHAR2,400], "PROCSUMM"."REL_AOC_OBJ_NAME_AGG"[LOB,4000], 
       "PROCSUMM"."REL_ASSET_OBJ_NAME_AGG"[LOB,4000], "PROCSUMM"."REL_CTRL_OBJ_NAME_AGG"[LOB,4000], 
       "PROCSUMM"."REL_FUNCTION_OBJ_NAME_AGG"[LOB,4000], "PROCSUMM"."REL_OBJECTIVE_OBJ_NAME_AGG"[LOB,4000], 
       "PROCSUMM"."REL_ORGANIZATION_NAMES"[LOB,4000], "PROCSUMM"."REL_PROCESS_OBJ_NAME_AGG"[LOB,4000], 
       "PROCSUMM"."REL_PRODUCT_NAME_AGG"[LOB,4000], "PROCSUMM"."REL_REFRENCES_OBJ_NAME_AGG"[LOB,4000], 
       "PROCSUMM"."REL_REQUIREMENT_OBJ_NAME_AGG"[LOB,4000], "PROCSUMM"."REL_RISK_OBJ_NAME_AGG"[LOB,4000], 
       "PROCSUMM"."IS_ORPHAN"[NUMBER,22]
  13 - VALUE(A0)[8000]
  14 - "PROCMLSSUMM"."PROCESS_CATEGORY"[VARCHAR2,4000], "PROCMLSSUMM"."PROCESS_TYPE"[VARCHAR2,4000], 
       "PROCMLSSUMM"."OBJECT_STATUS"[VARCHAR2,4000], "PROCMLSSUMM"."OBJECT_LEVEL"[VARCHAR2,1600]
  15 - "PROCMLSSUMM".ROWID[ROWID,10]
  16 - "SI_USERS_T".ROWID[ROWID,10], "LOCALE"[VARCHAR2,400]
  17 - "SI_USERS_T".ROWID[ROWID,10]
										</code></pre>
								</section>
						</div>
					</div>

				<!-- Sidebar -->
				<div id="sidebar">
					<div class="inner">
						<!-- Menu -->
						<nav id="menu">
							<header class="major">
								<h2>Menu</h2>
							</header>
							<ul>
								<li><a href="index.html">Summary</a></li>
								<li>
									<span class="opener">DB Analysis</span>
									<ul>
										<li><a href="union.html">Bad SQL</a></li>
										<li><a href="poor-sql.html">Poor SQL Plan</a></li>
										<li><a href="invalid-sql.html">Invalid SQL</a></li>
										<li><a href="full-sql.html">Full SQL Report</a></li>
										<li><a href="db-primary-unique-key.html">Primary/Unique Key Miss</a></li>
										<li><a href="invalid-db-object.html">Invalid DB Objects</a></li>
									</ul>
								</li>
							</ul>
						</nav>

						<!-- Section -->
						<section>
							<header class="major">
								<h2>Get in touch</h2>
							</header>
							<p>You need more details on the report or want more functionality, don't hesitate to reach out to us.</p>
							<ul class="contact">
								<li class="fa-envelope-o"><a href="mailto:rnd@metricstream.com?Subject=Reg - Static Code Analysis Tool" target="_top">rnd@metricstream.com</a></li>
							</ul>
						</section>

						<!-- Footer -->
						<footer id="footer">
							<p class="copyright">&copy; <a href="http://www.metricstream.com" target="_blank">MetricStream</a>. All rights reserved. </p>
						</footer>
					</div>
				</div>
			</div>

		<!-- Scripts -->
			<script src="../lib/assets/js/jquery.min.js"></script>
			<script src="../lib/assets/js/skel.min.js"></script>
			<script src="../lib/assets/js/util.js"></script>
			<!--[if lte IE 8]><script src="../lib/assets/js/ie/respond.min.js"></script><![endif]-->
			<script src="../lib/assets/js/main.js"></script>
	</body>
</html>