<!DOCTYPE HTML>
<html>
	<head>
		<title>Code Analysis - MetricStream</title>
		<meta charset="utf-8" />
		<meta name="viewport" content="width=device-width, initial-scale=1, user-scalable=no" />
		<!--[if lte IE 8]><script src="assets/js/ie/html5shiv.js"></script><![endif]-->
		<link rel="stylesheet" href="../lib/assets/css/main.css" />
		<!--[if lte IE 9]><link rel="stylesheet" href="../lib/assets/css/ie9.css" /><![endif]-->
		<!--[if lte IE 8]><link rel="stylesheet" href="../lib/assets/css/ie8.css" /><![endif]-->
	</head>
	<body>

		<!-- Wrapper -->
			<div id="wrapper">

				<!-- Main -->
					<div id="main">
						<div class="inner">
							<!-- Header -->
								<header id="header">
									<a href="index.html" class="logo"><strong>Static Code Analysis Report</strong> by Code Analyzer Tool</a>
								</header>

							<!-- Content -->
								<section>
									<!-- Content -->
										<header class="major"><h2>Infolet Details</h2></header>
										<div class="table-wrapper">
											<table>
												<tbody>
													<tr>
														<td>Name</td>
														<td>MS_GRC_Control Ownership Report (100680)</td>
													</tr>
													<tr>
														<td>SQL</td>
														<td><pre><code>SELECT object_id,
  object_name,
  legacy_id,
  OWNER_ORGS,
    ms_apps_utilities.get_display_values (
               ms_grc_utilities.active_ent_id,
               'MS_GRC_COMPLIANCE_CATEGORY',
              COMPLIANCE_CATEGORY,
              ',',
               1,
               (select LOCALE_ID from SI_LOCALES where LOCALE_STRING = (
            select LOCALE from SI_USERS_T where USER_NAME=:1 ))
               ) COMPLIANCE_CATEGORY,
     ms_apps_utilities.get_display_value (
               MS_GRC_UTILITIES.ACTIVE_ENT_ID,
               'MS_GRC_YES_NO_MLS',
              KEY_CONTROL,
               1,
               (select LOCALE_ID from SI_LOCALES where LOCALE_STRING = (
            select LOCALE from SI_USERS_T where USER_NAME=:1 ))
               ) KEY_CONTROL,
   ms_apps_utilities.get_display_value (
               ms_grc_utilities.active_ent_id,
               'MS_GRC_Frequency',
              frequency,
               1,
               (select LOCALE_ID from SI_LOCALES where LOCALE_STRING = (
            select LOCALE from SI_USERS_T where USER_NAME=:1 ))
               ) frequency,
  owners,
  ato_organizations,
  restrict_access_to,
  dd_object_type,
  dummy1,
  dummy2,
  dummy3,
  dummy4,
  dummy5,
  owner_org_ids,
  ato_org_ids,
  owner_ids,
  MS_GRC_UTILITIES.GET_EDIT_URL(DD_OBJECT_TYPE, DD_PROCESS_INSTANCE_ID, DD_INSTANCE_ID, DD_EDIT_FLAG,OBJECT_NAME) AS EDIT_FLAG
FROM MS_GRC_CONTROL_OWNERSHIP_RPT
where MS_GRC_UTILITIES.MS_GRC_SECURITY(DD_OBJECT_TYPE, RESTRICT_ACCESS_TO, OWNER_ORGS , :1, 'VIEW') = 'ACCESS'</code></pre></td>
													</tr>
													<tr>
														<td>Description</td>
														<td> This infolet is used for fetching the Library data in Control Ownership report.This report provides information about different Controls available in the system, grouped by Owners. It consists of the parameters specific to Control object.it does not contain any mandatory parameters. </td>
													</tr>
												</tbody>
											</table>
										</div>

										<h2 align="center" id="content">Analysis Report</h2>
										<hr>
 										<header class="major"><h2>Plan hash value: 3384100035</h2></header>
										<pre><code>
 
-----------------------------------------------------------------------------------------------------------------
| Id  | Operation                       | Name                          | Rows  | Bytes | Cost (%CPU)| Time     |
-----------------------------------------------------------------------------------------------------------------
|   0 | SELECT STATEMENT                |                               |     1 | 19492 |     3   (0)| 00:00:01 |
|   1 |  SORT AGGREGATE                 |                               |     1 |    17 |            |          |
<font style="background-color: lightblue; color: red">|*  2 |   INDEX SKIP SCAN               | MS_GRC_COMPLIANCE_OBJE_OGN_UK |     1 |    17 |     1   (0)| 00:00:01 |</font>
|   3 |  SORT AGGREGATE                 |                               |     1 |    16 |            |          |
<font style="background-color: lightblue; color: red">|*  4 |   INDEX SKIP SCAN               | MS_GRC_COMPLIANCE_OBJE_PUR_UK |     1 |    16 |     1   (0)| 00:00:01 |</font>
<font style="background-color: lightblue; color: red">|*  5 |    TABLE ACCESS FULL            | SI_LOCALES                    |     1 |    11 |     3   (0)| 00:00:01 |</font>
|   6 |     TABLE ACCESS BY INDEX ROWID | SI_USERS_T                    |     1 |    20 |     2   (0)| 00:00:01 |
<font style="background-color: lightblue; color: red">|*  7 |      INDEX SKIP SCAN            | SI_USERS_T_N2                 |     1 |       |     1   (0)| 00:00:01 |</font>
<font style="background-color: lightblue; color: red">|*  8 |  TABLE ACCESS FULL              | SI_LOCALES                    |     1 |    11 |     3   (0)| 00:00:01 |</font>
|   9 |   TABLE ACCESS BY INDEX ROWID   | SI_USERS_T                    |     1 |    20 |     2   (0)| 00:00:01 |
<font style="background-color: lightblue; color: red">|* 10 |    INDEX SKIP SCAN              | SI_USERS_T_N2                 |     1 |       |     1   (0)| 00:00:01 |</font>
<font style="background-color: lightblue; color: red">|* 11 |  TABLE ACCESS FULL              | SI_LOCALES                    |     1 |    11 |     3   (0)| 00:00:01 |</font>
|  12 |   TABLE ACCESS BY INDEX ROWID   | SI_USERS_T                    |     1 |    20 |     2   (0)| 00:00:01 |
<font style="background-color: lightblue; color: red">|* 13 |    INDEX SKIP SCAN              | SI_USERS_T_N2                 |     1 |       |     1   (0)| 00:00:01 |</font>
|  14 |  FAST DUAL                      |                               |     1 |       |     2   (0)| 00:00:01 |
|  15 |  SORT AGGREGATE                 |                               |     1 |    17 |            |          |
<font style="background-color: lightblue; color: red">|* 16 |   INDEX SKIP SCAN               | MS_GRC_COMPLIANCE_OBJE_OGN_UK |     1 |    17 |     1   (0)| 00:00:01 |</font>
|  17 |  FAST DUAL                      |                               |     1 |       |     2   (0)| 00:00:01 |
|  18 |  SORT AGGREGATE                 |                               |     1 |    22 |            |          |
<font style="background-color: lightblue; color: red">|* 19 |   INDEX SKIP SCAN               | MS_GRC_COMPLIANCE_OBJE_OWN_UK |     1 |    22 |     1   (0)| 00:00:01 |</font>
|* 20 |  VIEW                           | MS_GRC_CONTROL_OWNERSHIP_RPT  |     1 | 19492 |     3   (0)| 00:00:01 |
|  21 |   NESTED LOOPS                  |                               |       |       |            |          |
|  22 |    NESTED LOOPS                 |                               |     1 |   288 |     3   (0)| 00:00:01 |
|  23 |     NESTED LOOPS                |                               |     1 |    36 |     2   (0)| 00:00:01 |
|  24 |      INDEX FULL SCAN            | MS_GRC_COMPLIANCE_OBJE_OWN_UK |     1 |    22 |     1   (0)| 00:00:01 |
|  25 |      TABLE ACCESS BY INDEX ROWID| MS_GRC_CONTROL                |     1 |    14 |     1   (0)| 00:00:01 |
|* 26 |       INDEX UNIQUE SCAN         | MS_GRC_CONTROL_PK             |     1 |       |     0   (0)| 00:00:01 |
|* 27 |     INDEX UNIQUE SCAN           | MS_GRC_COMPLIANCE_OBJE_PK     |     1 |       |     0   (0)| 00:00:01 |
|  28 |    TABLE ACCESS BY INDEX ROWID  | MS_GRC_COMPLIANCE_OBJE        |     1 |   252 |     1   (0)| 00:00:01 |
-----------------------------------------------------------------------------------------------------------------
 
										</code></pre>
 										<header class="major"><h2>Query Block Name / Object Alias (identified by operation id):</h2></header>
										<pre><code>
-------------------------------------------------------------
 
   1 - SEL$9 
   2 - SEL$9  / D@SEL$9
   3 - SEL$10
   4 - SEL$10 / E@SEL$10
   5 - SEL$2  / SI_LOCALES@SEL$2
   6 - SEL$3  / SI_USERS_T@SEL$3
   7 - SEL$3  / SI_USERS_T@SEL$3
   8 - SEL$4  / SI_LOCALES@SEL$4
   9 - SEL$5  / SI_USERS_T@SEL$5
  10 - SEL$5  / SI_USERS_T@SEL$5
  11 - SEL$6  / SI_LOCALES@SEL$6
  12 - SEL$7  / SI_USERS_T@SEL$7
  13 - SEL$7  / SI_USERS_T@SEL$7
  14 - SEL$11 / DUAL@SEL$11
  15 - SEL$12
  16 - SEL$12 / D@SEL$12
  17 - SEL$13 / DUAL@SEL$13
  18 - SEL$14
  19 - SEL$14 / MS_GRC_COMPLIANCE_OBJE_OWN@SEL$14
  20 - SEL$8  / MS_GRC_CONTROL_OWNERSHIP_RPT@SEL$1
  21 - SEL$8 
  24 - SEL$8  / B@SEL$8
  25 - SEL$8  / C@SEL$8
  26 - SEL$8  / C@SEL$8
  27 - SEL$8  / A@SEL$8
  28 - SEL$8  / A@SEL$8
 
										</code></pre>
 										<header class="major"><h2>Predicate Information (identified by operation id):</h2></header>
										<pre><code>
---------------------------------------------------
 
   2 - access("D"."OBJECT_ID"=:B1)
       filter("D"."OBJECT_ID"=:B1)
   4 - access("E"."OBJECT_ID"=:B1)
       filter("E"."OBJECT_ID"=:B1)
   5 - filter("LOCALE_STRING"= (SELECT "LOCALE" FROM "SI_USERS_T" "SI_USERS_T" WHERE "USER_NAME"=:1))
   7 - access("USER_NAME"=:1)
       filter("USER_NAME"=:1)
   8 - filter("LOCALE_STRING"= (SELECT "LOCALE" FROM "SI_USERS_T" "SI_USERS_T" WHERE "USER_NAME"=:1))
  10 - access("USER_NAME"=:1)
       filter("USER_NAME"=:1)
  11 - filter("LOCALE_STRING"= (SELECT "LOCALE" FROM "SI_USERS_T" "SI_USERS_T" WHERE "USER_NAME"=:1))
  13 - access("USER_NAME"=:1)
       filter("USER_NAME"=:1)
  16 - access("D"."OBJECT_ID"=:B1)
       filter("D"."OBJECT_ID"=:B1)
  19 - access("OBJECT_ID"=:B1)
       filter("OBJECT_ID"=:B1)
  20 - filter("MS_GRC_UTILITIES"."MS_GRC_SECURITY"("DD_OBJECT_TYPE","RESTRICT_ACCESS_TO","OWNER_ORGS",:1,
              'VIEW')='ACCESS')
  26 - access("B"."OBJECT_ID"="C"."OBJECT_ID")
  27 - access("B"."OBJECT_ID"="A"."OBJECT_ID")
 
										</code></pre>
 										<header class="major"><h2>Column Projection Information (identified by operation id):</h2></header>
										<pre><code>
-----------------------------------------------------------
 
   1 - (#keys=0) "MS_CONCAT"("MS_APPS_UTILITIES"."GET_DISPLAY_VALUES"("MS_GRC_UTILITIES"."ACTIVE_ENT_ID"(
       ),'ORGENTITY',"D"."OWNER_ORGANIZATIONS",','))[4000]
   2 - "D"."OWNER_ORGANIZATIONS"[VARCHAR2,4000]
   3 - (#keys=0) "MS_CONCAT"("E"."PURPOSE")[4000]
   4 - "E"."PURPOSE"[VARCHAR2,4000]
   5 - "LOCALE_ID"[NUMBER,22], "LOCALE_STRING"[VARCHAR2,100]
   6 - "SI_USERS_T".ROWID[ROWID,10], "LOCALE"[VARCHAR2,400]
   7 - "SI_USERS_T".ROWID[ROWID,10]
   8 - "LOCALE_ID"[NUMBER,22], "LOCALE_STRING"[VARCHAR2,100]
   9 - "SI_USERS_T".ROWID[ROWID,10], "LOCALE"[VARCHAR2,400]
  10 - "SI_USERS_T".ROWID[ROWID,10]
  11 - "LOCALE_ID"[NUMBER,22], "LOCALE_STRING"[VARCHAR2,100]
  12 - "SI_USERS_T".ROWID[ROWID,10], "LOCALE"[VARCHAR2,400]
  13 - "SI_USERS_T".ROWID[ROWID,10]
  15 - (#keys=0) "MS_CONCAT"("D"."OWNER_ORGANIZATIONS")[4000]
  16 - "D"."OWNER_ORGANIZATIONS"[VARCHAR2,4000]
  18 - (#keys=0) "MS_CONCAT"("OWNERS")[4000]
  19 - "OWNERS"[VARCHAR2,4000]
  20 - "OBJECT_ID"[VARCHAR2,400], "OBJECT_NAME"[VARCHAR2,4000], "LEGACY_ID"[VARCHAR2,400], 
       "OWNER_ORGS"[VARCHAR2,4000], "COMPLIANCE_CATEGORY"[VARCHAR2,4000], "KEY_CONTROL"[VARCHAR2,400], 
       "FREQUENCY"[VARCHAR2,400], "OWNERS"[VARCHAR2,4000], "ATO_ORGANIZATIONS"[VARCHAR2,4000], 
       "RESTRICT_ACCESS_TO"[VARCHAR2,400], "DD_OBJECT_TYPE"[VARCHAR2,400], "DUMMY1"[NUMBER,22], 
       "DUMMY2"[VARCHAR2,400], "DUMMY3"[NUMBER,22], "DUMMY4"[VARCHAR2,4], "DUMMY5"[VARCHAR2,4000], 
       "OWNER_ORG_IDS"[VARCHAR2,4000], "ATO_ORG_IDS"[VARCHAR2,4000], "OWNER_IDS"[VARCHAR2,4000], 
       "DD_EDIT_FLAG"[VARCHAR2,4], "DD_INSTANCE_ID"[NUMBER,22], "DD_PROCESS_INSTANCE_ID"[NUMBER,22]
  21 - (#keys=0) "B"."OWNERS"[VARCHAR2,4000], "C"."DD_EDIT_FLAG"[VARCHAR2,4], 
       "A"."DD_INSTANCE_ID"[NUMBER,22], "A"."DD_EDIT_FLAG"[VARCHAR2,4], "A"."OBJECT_NAME"[VARCHAR2,4000], 
       "A"."OBJECT_ID"[VARCHAR2,400], "RESTRICT_ACCESS_TO"[VARCHAR2,400], "A"."LEGACY_ID"[VARCHAR2,400], 
       "A"."FREQUENCY"[VARCHAR2,400], "KEY_COMPLIANCE"[VARCHAR2,400], "A"."DD_OBJECT_TYPE"[VARCHAR2,400], 
       "A"."DD_PROCESS_INSTANCE_ID"[NUMBER,22]
  22 - (#keys=0) "B"."OWNERS"[VARCHAR2,4000], "C"."DD_EDIT_FLAG"[VARCHAR2,4], "A".ROWID[ROWID,10], 
       "A"."OBJECT_ID"[VARCHAR2,400]
  23 - (#keys=0) "B"."OWNERS"[VARCHAR2,4000], "B"."OBJECT_ID"[VARCHAR2,1600], 
       "C"."DD_EDIT_FLAG"[VARCHAR2,4]
  24 - "B"."OWNERS"[VARCHAR2,4000], "B"."OBJECT_ID"[VARCHAR2,1600]
  25 - "C"."DD_EDIT_FLAG"[VARCHAR2,4]
  26 - "C".ROWID[ROWID,10]
  27 - "A".ROWID[ROWID,10], "A"."OBJECT_ID"[VARCHAR2,400]
  28 - "A"."DD_INSTANCE_ID"[NUMBER,22], "A"."DD_EDIT_FLAG"[VARCHAR2,4], 
       "A"."OBJECT_NAME"[VARCHAR2,4000], "RESTRICT_ACCESS_TO"[VARCHAR2,400], "A"."LEGACY_ID"[VARCHAR2,400], 
       "A"."FREQUENCY"[VARCHAR2,400], "KEY_COMPLIANCE"[VARCHAR2,400], "A"."DD_OBJECT_TYPE"[VARCHAR2,400], 
       "A"."DD_PROCESS_INSTANCE_ID"[NUMBER,22]
										</code></pre>
								</section>
						</div>
					</div>

				<!-- Sidebar -->
				<div id="sidebar">
					<div class="inner">
						<!-- Menu -->
						<nav id="menu">
							<header class="major">
								<h2>Menu</h2>
							</header>
							<ul>
								<li><a href="index.html">Summary</a></li>
								<li>
									<span class="opener">DB Analysis</span>
									<ul>
										<li><a href="union.html">Bad SQL</a></li>
										<li><a href="poor-sql.html">Poor SQL Plan</a></li>
										<li><a href="invalid-sql.html">Invalid SQL</a></li>
										<li><a href="full-sql.html">Full SQL Report</a></li>
										<li><a href="db-primary-unique-key.html">Primary/Unique Key Miss</a></li>
										<li><a href="invalid-db-object.html">Invalid DB Objects</a></li>
									</ul>
								</li>
							</ul>
						</nav>

						<!-- Section -->
						<section>
							<header class="major">
								<h2>Get in touch</h2>
							</header>
							<p>You need more details on the report or want more functionality, don't hesitate to reach out to us.</p>
							<ul class="contact">
								<li class="fa-envelope-o"><a href="mailto:rnd@metricstream.com?Subject=Reg - Static Code Analysis Tool" target="_top">rnd@metricstream.com</a></li>
							</ul>
						</section>

						<!-- Footer -->
						<footer id="footer">
							<p class="copyright">&copy; <a href="http://www.metricstream.com" target="_blank">MetricStream</a>. All rights reserved. </p>
						</footer>
					</div>
				</div>
			</div>

		<!-- Scripts -->
			<script src="../lib/assets/js/jquery.min.js"></script>
			<script src="../lib/assets/js/skel.min.js"></script>
			<script src="../lib/assets/js/util.js"></script>
			<!--[if lte IE 8]><script src="../lib/assets/js/ie/respond.min.js"></script><![endif]-->
			<script src="../lib/assets/js/main.js"></script>
	</body>
</html>