<!DOCTYPE HTML>
<html>
	<head>
		<title>Code Analysis - MetricStream</title>
		<meta charset="utf-8" />
		<meta name="viewport" content="width=device-width, initial-scale=1, user-scalable=no" />
		<!--[if lte IE 8]><script src="assets/js/ie/html5shiv.js"></script><![endif]-->
		<link rel="stylesheet" href="../lib/assets/css/main.css" />
		<!--[if lte IE 9]><link rel="stylesheet" href="../lib/assets/css/ie9.css" /><![endif]-->
		<!--[if lte IE 8]><link rel="stylesheet" href="../lib/assets/css/ie8.css" /><![endif]-->
	</head>
	<body>

		<!-- Wrapper -->
			<div id="wrapper">

				<!-- Main -->
					<div id="main">
						<div class="inner">
							<!-- Header -->
								<header id="header">
									<a href="index.html" class="logo"><strong>Static Code Analysis Report</strong> by Code Analyzer Tool</a>
								</header>

							<!-- Content -->
								<section>
									<!-- Content -->
										<header class="major"><h2>Infolet Details</h2></header>
										<div class="table-wrapper">
											<table>
												<tbody>
													<tr>
														<td>Name</td>
														<td>MS_GRC_Control_Parent (100684)</td>
													</tr>
													<tr>
														<td>SQL</td>
														<td><pre><code>SELECT distinct object_name AS obj_name,
   'Level '||object_level AS obj_level,
  dd_OBJECT_TYPE   AS obj_type,
a.OBJECT_ID AS OBJ_ID,a.locale_id as locale_id
FROM MS_GRC_COMPLIANCE_OBJE a,MS_GRC_COMPLIANCE_OBJE_OGN B
,si_locales a,
si_users_t b where 
a.locale_string = b.locale
AND b.user_name = :2
and a.OBJECT_ID          =B.OBJECT_ID
AND A.DD_OBJECT_TYPE = 'MS_GRC_CONTROL'
AND object_level = (:1 -1)
AND TRUNC(sysdate) >= TRUNC(NVL(VALID_FROM,sysdate))
and TRUNC(sysdate) <= TRUNC(NVL(VALID_UNTIL,sysdate))
and ms_grc_utilities.ms_grc_SECURITY(dd_object_type, restrict_access_to, b.OWNER_ORGANIZATIONS, :2, 'VIEW') = 'ACCESS'</code></pre></td>
													</tr>
													<tr>
														<td>Description</td>
														<td> MS_GRC_Control_Parent </td>
													</tr>
												</tbody>
											</table>
										</div>

										<h2 align="center" id="content">Analysis Report</h2>
										<hr>
 										<header class="major"><h2>Plan hash value: 1919184194</h2></header>
										<pre><code>
 
-----------------------------------------------------------------------------------------------------------------
| Id  | Operation                       | Name                          | Rows  | Bytes | Cost (%CPU)| Time     |
-----------------------------------------------------------------------------------------------------------------
|   0 | SELECT STATEMENT                |                               |     1 |    87 |    10  (20)| 00:00:01 |
|   1 |  SORT UNIQUE                    |                               |     1 |    87 |    10  (20)| 00:00:01 |
|   2 |   NESTED LOOPS                  |                               |     1 |    87 |     9  (12)| 00:00:01 |
<font style="background-color: lightblue; color: red">|   3 |    MERGE JOIN CARTESIAN         |                               |     1 |    67 |     7  (15)| 00:00:01 |</font>
|   4 |     MERGE JOIN                  |                               |     1 |    56 |     4  (25)| 00:00:01 |
|*  5 |      TABLE ACCESS BY INDEX ROWID| MS_GRC_COMPLIANCE_OBJE        |     1 |    39 |     2   (0)| 00:00:01 |
|   6 |       INDEX FULL SCAN           | MS_GRC_COMPLIANCE_OBJE_PK     |     3 |       |     1   (0)| 00:00:01 |
|*  7 |      FILTER                     |                               |       |       |            |          |
|*  8 |       SORT JOIN                 |                               |     3 |    51 |     2  (50)| 00:00:01 |
|   9 |        INDEX FULL SCAN          | MS_GRC_COMPLIANCE_OBJE_OGN_UK |     3 |    51 |     1   (0)| 00:00:01 |
|  10 |     BUFFER SORT                 |                               |    35 |   385 |     6  (17)| 00:00:01 |
<font style="background-color: lightblue; color: red">|  11 |      TABLE ACCESS FULL          | SI_LOCALES                    |    35 |   385 |     3   (0)| 00:00:01 |</font>
|* 12 |    TABLE ACCESS BY INDEX ROWID  | SI_USERS_T                    |     1 |    20 |     2   (0)| 00:00:01 |
<font style="background-color: lightblue; color: red">|* 13 |     INDEX SKIP SCAN             | SI_USERS_T_N2                 |     1 |       |     1   (0)| 00:00:01 |</font>
-----------------------------------------------------------------------------------------------------------------
 
										</code></pre>
 										<header class="major"><h2>Query Block Name / Object Alias (identified by operation id):</h2></header>
										<pre><code>
-------------------------------------------------------------
 
   1 - SEL$1
   5 - SEL$1 / A_0002@SEL$1
   6 - SEL$1 / A_0002@SEL$1
   9 - SEL$1 / B_0002@SEL$1
  11 - SEL$1 / A_0001@SEL$1
  12 - SEL$1 / B_0001@SEL$1
  13 - SEL$1 / B_0001@SEL$1
 
										</code></pre>
 										<header class="major"><h2>Predicate Information (identified by operation id):</h2></header>
										<pre><code>
---------------------------------------------------
 
   5 - filter("A"."DD_OBJECT_TYPE"='MS_GRC_CONTROL' AND 
              TRUNC(NVL("VALID_FROM",SYSDATE@!))<=TRUNC(SYSDATE@!) AND 
              TRUNC(NVL("VALID_UNTIL",SYSDATE@!))>=TRUNC(SYSDATE@!) AND TO_NUMBER("OBJECT_LEVEL")=TO_NUMBER(:1)-1)
   7 - filter("MS_GRC_UTILITIES"."MS_GRC_SECURITY"("DD_OBJECT_TYPE","RESTRICT_ACCESS_TO","B"."OWNER_ORGAN
              IZATIONS",:2,'VIEW')='ACCESS')
   8 - access("A"."OBJECT_ID"="B"."OBJECT_ID")
       filter("A"."OBJECT_ID"="B"."OBJECT_ID")
  12 - filter("A"."LOCALE_STRING"="B"."LOCALE")
  13 - access("B"."USER_NAME"=:2)
       filter("B"."USER_NAME"=:2)
 
										</code></pre>
 										<header class="major"><h2>Column Projection Information (identified by operation id):</h2></header>
										<pre><code>
-----------------------------------------------------------
 
   1 - (#keys=5) "A"."OBJECT_ID"[VARCHAR2,400], 'Level '||"OBJECT_LEVEL"[1026], 
       "DD_OBJECT_TYPE"[VARCHAR2,400], "OBJECT_NAME"[VARCHAR2,4000], "A"."LOCALE_ID"[NUMBER,22]
   2 - (#keys=0) "A"."OBJECT_ID"[VARCHAR2,400], "OBJECT_NAME"[VARCHAR2,4000], 
       "DD_OBJECT_TYPE"[VARCHAR2,400], "OBJECT_LEVEL"[VARCHAR2,1020], "A"."LOCALE_ID"[NUMBER,22]
   3 - (#keys=0) "A"."OBJECT_ID"[VARCHAR2,400], "OBJECT_NAME"[VARCHAR2,4000], 
       "DD_OBJECT_TYPE"[VARCHAR2,400], "OBJECT_LEVEL"[VARCHAR2,1020], "A"."LOCALE_ID"[NUMBER,22], 
       "A"."LOCALE_STRING"[VARCHAR2,100]
   4 - (#keys=0) "A"."OBJECT_ID"[VARCHAR2,400], "OBJECT_NAME"[VARCHAR2,4000], 
       "DD_OBJECT_TYPE"[VARCHAR2,400], "OBJECT_LEVEL"[VARCHAR2,1020]
   5 - "OBJECT_NAME"[VARCHAR2,4000], "A"."OBJECT_ID"[VARCHAR2,400], "RESTRICT_ACCESS_TO"[VARCHAR2,400], 
       "OBJECT_LEVEL"[VARCHAR2,1020], "DD_OBJECT_TYPE"[VARCHAR2,400]
   6 - "A".ROWID[ROWID,10], "A"."OBJECT_ID"[VARCHAR2,400]
   8 - (#keys=1) "B"."OBJECT_ID"[VARCHAR2,1600], "B"."OWNER_ORGANIZATIONS"[VARCHAR2,4000]
   9 - "B"."OWNER_ORGANIZATIONS"[VARCHAR2,4000], "B"."OBJECT_ID"[VARCHAR2,1600]
  10 - (#keys=0) "A"."LOCALE_ID"[NUMBER,22], "A"."LOCALE_STRING"[VARCHAR2,100]
  11 - "A"."LOCALE_ID"[NUMBER,22], "A"."LOCALE_STRING"[VARCHAR2,100]
  13 - "B".ROWID[ROWID,10]
										</code></pre>
								</section>
						</div>
					</div>

				<!-- Sidebar -->
				<div id="sidebar">
					<div class="inner">
						<!-- Menu -->
						<nav id="menu">
							<header class="major">
								<h2>Menu</h2>
							</header>
							<ul>
								<li><a href="index.html">Summary</a></li>
								<li>
									<span class="opener">SQL Analysis</span>
									<ul>
										<li><a href="union.html">Union &amp; Union All</a></li>
										<li><a href="poor-sql.html">Poor Plan</a></li>
										<li><a href="invalid-sql.html">Invalid SQL</a></li>
										<li><a href="full-sql.html">Full Report</a></li>
									</ul>
								</li>
							</ul>
						</nav>

						<!-- Section -->
						<section>
							<header class="major">
								<h2>Get in touch</h2>
							</header>
							<p>You need more details on the report or want more functionality, don't hesitate to reach out to us.</p>
							<ul class="contact">
								<li class="fa-envelope-o"><a href="mailto:rnd@metricstream.com?Subject=Reg - Static Code Analysis Tool" target="_top">rnd@metricstream.com</a></li>
							</ul>
						</section>

						<!-- Footer -->
						<footer id="footer">
							<p class="copyright">&copy; <a href="http://www.metricstream.com" target="_blank">MetricStream</a>. All rights reserved. </p>
						</footer>
					</div>
				</div>
			</div>

		<!-- Scripts -->
			<script src="../lib/assets/js/jquery.min.js"></script>
			<script src="../lib/assets/js/skel.min.js"></script>
			<script src="../lib/assets/js/util.js"></script>
			<!--[if lte IE 8]><script src="../lib/assets/js/ie/respond.min.js"></script><![endif]-->
			<script src="../lib/assets/js/main.js"></script>
	</body>
</html>