<!DOCTYPE HTML>
<html>
	<head>
		<title>Code Analysis - MetricStream</title>
		<meta charset="utf-8" />
		<meta name="viewport" content="width=device-width, initial-scale=1, user-scalable=no" />
		<!--[if lte IE 8]><script src="assets/js/ie/html5shiv.js"></script><![endif]-->
		<link rel="stylesheet" href="../lib/assets/css/main.css" />
		<!--[if lte IE 9]><link rel="stylesheet" href="../lib/assets/css/ie9.css" /><![endif]-->
		<!--[if lte IE 8]><link rel="stylesheet" href="../lib/assets/css/ie8.css" /><![endif]-->
	</head>
	<body>

		<!-- Wrapper -->
			<div id="wrapper">

				<!-- Main -->
					<div id="main">
						<div class="inner">
							<!-- Header -->
								<header id="header">
									<a href="index.html" class="logo"><strong>Static Code Analysis Report</strong> by Code Analyzer Tool</a>
								</header>

							<!-- Content -->
								<section>
									<!-- Content -->
										<header class="major"><h2>Infolet Details</h2></header>
										<div class="table-wrapper">
											<table>
												<tbody>
													<tr>
														<td>Name</td>
														<td>MS_GRC_DU_KPI_KRI_ATI_Name (100691)</td>
													</tr>
													<tr>
														<td>SQL</td>
														<td><pre><code>select Stored_Value, Display_Value from (
   select object_id as Stored_Value, object_name as Display_Value,dd_objecT_type, restrict_Access_to, owner_organizations from (
  select object_id, object_name, dd_objecT_type, restrict_Access_to, (SELECT ms_concat(
                     owner_organizations)
             FROM ms_grc_risk_ogn t
            WHERE a.object_id = t.object_id) owner_organizations,valid_from,VALID_UNTIL  FROM MS_GRC_RISK a
  where :1 = 2
  union all
  select object_id, object_name, dd_objecT_type, restrict_Access_to, (SELECT ms_concat(
                     owner_organizations)
             FROM ms_grc_core_object_ogn t
            WHERE b.object_id = t.object_id) owner_organizations,valid_from,VALID_UNTIL  FROM MS_GRC_core_object b
  where :1 = 3
 union all
  select object_id, object_name, dd_objecT_type, restrict_Access_to, (SELECT ms_concat(
                     owner_organizations)
             FROM MS_GRC_compliance_obje_ogn t
            WHERE c.object_id = t.object_id) owner_organizations,valid_from,VALID_UNTIL  FROM MS_GRC_compliance_obje c
  where :1 = 4 
  )
  --where SYSDATE BETWEEN NVL (valid_from, SYSDATE) AND NVL (valid_until, SYSDATE )
  --AND  Ms_Apps_Security_Pkg.Check_Object_Access(Dd_Object_Type,                  
--Restrict_Access_To, Owner_Organizations,  LOGIN_ID,  'VIEW') = 'ACCESS'
)
union all
SELECT  
    to_char(org.org_entity_id)   AS Stored_Value
, org.org_entity_name          AS Display_Value
FROM si_org_entities org
, si_org_locations loc
, si_org_hierarchy_levels ohl
, si_org_entities porg
WHERE org.location_id = loc.location_id (+)
--AND SYSDATE BETWEEN org.start_date AND Nvl(org.end_date, SYSDATE)
AND org.org_hierarchy_id = ohl.org_hierarchy_id
AND org.parent_org_entity_id = porg.org_entity_id (+) and :1 = 1</code></pre></td>
													</tr>
													<tr>
														<td>Description</td>
														<td></td>
													</tr>
												</tbody>
											</table>
										</div>

										<h2 align="center" id="content">Analysis Report</h2>
										<hr>
 										<header class="major"><h2>Plan hash value: 1899638778</h2></header>
										<pre><code>
 
-----------------------------------------------------------------------------------------------------
| Id  | Operation              | Name                       | Rows  | Bytes | Cost (%CPU)| Time     |
-----------------------------------------------------------------------------------------------------
|   0 | SELECT STATEMENT       |                            |    17 | 15898 |    16  (44)| 00:00:01 |
|   1 |  UNION-ALL             |                            |       |       |            |          |
|   2 |   VIEW                 |                            |     7 | 15428 |     9   (0)| 00:00:01 |
|   3 |    UNION-ALL           |                            |       |       |            |          |
|*  4 |     FILTER             |                            |       |       |            |          |
<font style="background-color: lightblue; color: red">|   5 |      TABLE ACCESS FULL | MS_GRC_RISK                |     2 |    46 |     3   (0)| 00:00:01 |</font>
|*  6 |     FILTER             |                            |       |       |            |          |
<font style="background-color: lightblue; color: red">|   7 |      TABLE ACCESS FULL | MS_GRC_CORE_OBJECT         |     2 |    46 |     3   (0)| 00:00:01 |</font>
|*  8 |     FILTER             |                            |       |       |            |          |
<font style="background-color: lightblue; color: red">|   9 |      TABLE ACCESS FULL | MS_GRC_COMPLIANCE_OBJE     |     3 |    54 |     3   (0)| 00:00:01 |</font>
|* 10 |   FILTER               |                            |       |       |            |          |
|* 11 |    HASH JOIN OUTER     |                            |    10 |   470 |     7  (15)| 00:00:01 |
|  12 |     NESTED LOOPS OUTER |                            |    10 |   420 |     6  (17)| 00:00:01 |
|* 13 |      HASH JOIN         |                            |    10 |   370 |     6  (17)| 00:00:01 |
|  14 |       INDEX FULL SCAN  | SI_ORG_HIERARCHY_LEVELS_N1 |     7 |    35 |     1   (0)| 00:00:01 |
<font style="background-color: lightblue; color: red">|  15 |       TABLE ACCESS FULL| SI_ORG_ENTITIES_T          |    10 |   320 |     4   (0)| 00:00:01 |</font>
|* 16 |      INDEX RANGE SCAN  | SI_ORG_LOCATIONS_N1        |     1 |     5 |     0   (0)| 00:00:01 |
|  17 |     INDEX FULL SCAN    | SI_ORG_ENTITIES_N1         |    10 |    50 |     1   (0)| 00:00:01 |
-----------------------------------------------------------------------------------------------------
 
										</code></pre>
 										<header class="major"><h2>Query Block Name / Object Alias (identified by operation id):</h2></header>
										<pre><code>
-------------------------------------------------------------
 
   1 - SET$1       
   2 - SET$2        / from$_subquery$_002@SEL$2
   3 - SET$2       
   4 - SEL$3       
   5 - SEL$3        / A@SEL$3
   6 - SEL$5       
   7 - SEL$5        / B@SEL$5
   8 - SEL$7       
   9 - SEL$7        / C@SEL$7
  10 - SEL$5F1751A7
  14 - SEL$5F1751A7 / SI_ORG_HIERARCHY_LEVELS_T@SEL$12
  15 - SEL$5F1751A7 / SI_ORG_ENTITIES_T@SEL$10
  16 - SEL$5F1751A7 / SI_ORG_LOCATIONS_T@SEL$11
  17 - SEL$5F1751A7 / SI_ORG_ENTITIES_T@SEL$13
 
										</code></pre>
 										<header class="major"><h2>Predicate Information (identified by operation id):</h2></header>
										<pre><code>
---------------------------------------------------
 
   4 - filter(TO_NUMBER(:1)=2)
   6 - filter(TO_NUMBER(:1)=3)
   8 - filter(TO_NUMBER(:1)=4)
  10 - filter(TO_NUMBER(:1)=1)
  11 - access("PARENT_ORG_ENTITY_ID"="ORG_ENTITY_ID"(+))
  13 - access("ORG_HIERARCHY_ID"="ORG_HIERARCHY_ID")
  16 - access("LOCATION_ID"="LOCATION_ID"(+))
 
										</code></pre>
 										<header class="major"><h2>Column Projection Information (identified by operation id):</h2></header>
										<pre><code>
-----------------------------------------------------------
 
   1 - STRDEF[400], STRDEF[4000]
   2 - "OBJECT_ID"[VARCHAR2,400], "OBJECT_NAME"[VARCHAR2,4000]
   3 - STRDEF[400], STRDEF[4000]
   4 - "OBJECT_NAME"[VARCHAR2,4000], "OBJECT_ID"[VARCHAR2,400]
   5 - "OBJECT_NAME"[VARCHAR2,4000], "OBJECT_ID"[VARCHAR2,400]
   6 - "OBJECT_ID"[VARCHAR2,400], "OBJECT_NAME"[VARCHAR2,4000]
   7 - "OBJECT_ID"[VARCHAR2,400], "OBJECT_NAME"[VARCHAR2,4000]
   8 - "OBJECT_NAME"[VARCHAR2,4000], "OBJECT_ID"[VARCHAR2,400]
   9 - "OBJECT_NAME"[VARCHAR2,4000], "OBJECT_ID"[VARCHAR2,400]
  10 - "ORG_ENTITY_ID"[NUMBER,22], "ORG_ENTITY_NAME"[VARCHAR2,100]
  11 - (#keys=1) "ORG_ENTITY_ID"[NUMBER,22], "ORG_ENTITY_NAME"[VARCHAR2,100]
  12 - (#keys=0) "ORG_ENTITY_ID"[NUMBER,22], "ORG_ENTITY_NAME"[VARCHAR2,100], 
       "PARENT_ORG_ENTITY_ID"[NUMBER,22]
  13 - (#keys=1) "ORG_ENTITY_ID"[NUMBER,22], "ORG_ENTITY_NAME"[VARCHAR2,100], 
       "LOCATION_ID"[NUMBER,22], "PARENT_ORG_ENTITY_ID"[NUMBER,22]
  14 - "ORG_HIERARCHY_ID"[NUMBER,22]
  15 - "ORG_ENTITY_ID"[NUMBER,22], "ORG_ENTITY_NAME"[VARCHAR2,100], 
       "ORG_HIERARCHY_ID"[NUMBER,22], "PARENT_ORG_ENTITY_ID"[NUMBER,22], "LOCATION_ID"[NUMBER,22]
  17 - "ORG_ENTITY_ID"[NUMBER,22]
										</code></pre>
								</section>
						</div>
					</div>

				<!-- Sidebar -->
				<div id="sidebar">
					<div class="inner">
						<!-- Menu -->
						<nav id="menu">
							<header class="major">
								<h2>Menu</h2>
							</header>
							<ul>
								<li><a href="index.html">Summary</a></li>
								<li>
									<span class="opener">DB Analysis</span>
									<ul>
										<li><a href="union.html">Bad SQL</a></li>
										<li><a href="poor-sql.html">Poor SQL Plan</a></li>
										<li><a href="invalid-sql.html">Invalid SQL</a></li>
										<li><a href="full-sql.html">Full SQL Report</a></li>
										<li><a href="db-primary-unique-key.html">Primary/Unique Key Miss</a></li>
										<li><a href="invalid-db-object.html">Invalid DB Objects</a></li>
									</ul>
								</li>
							</ul>
						</nav>

						<!-- Section -->
						<section>
							<header class="major">
								<h2>Get in touch</h2>
							</header>
							<p>You need more details on the report or want more functionality, don't hesitate to reach out to us.</p>
							<ul class="contact">
								<li class="fa-envelope-o"><a href="mailto:rnd@metricstream.com?Subject=Reg - Static Code Analysis Tool" target="_top">rnd@metricstream.com</a></li>
							</ul>
						</section>

						<!-- Footer -->
						<footer id="footer">
							<p class="copyright">&copy; <a href="http://www.metricstream.com" target="_blank">MetricStream</a>. All rights reserved. </p>
						</footer>
					</div>
				</div>
			</div>

		<!-- Scripts -->
			<script src="../lib/assets/js/jquery.min.js"></script>
			<script src="../lib/assets/js/skel.min.js"></script>
			<script src="../lib/assets/js/util.js"></script>
			<!--[if lte IE 8]><script src="../lib/assets/js/ie/respond.min.js"></script><![endif]-->
			<script src="../lib/assets/js/main.js"></script>
	</body>
</html>