<!DOCTYPE HTML>
<html>
	<head>
		<title>Code Analysis - MetricStream</title>
		<meta charset="utf-8" />
		<meta name="viewport" content="width=device-width, initial-scale=1, user-scalable=no" />
		<!--[if lte IE 8]><script src="assets/js/ie/html5shiv.js"></script><![endif]-->
		<link rel="stylesheet" href="../lib/assets/css/main.css" />
		<!--[if lte IE 9]><link rel="stylesheet" href="../lib/assets/css/ie9.css" /><![endif]-->
		<!--[if lte IE 8]><link rel="stylesheet" href="../lib/assets/css/ie8.css" /><![endif]-->
	</head>
	<body>

		<!-- Wrapper -->
			<div id="wrapper">

				<!-- Main -->
					<div id="main">
						<div class="inner">
							<!-- Header -->
								<header id="header">
									<a href="index.html" class="logo"><strong>Static Code Analysis Report</strong> by Code Analyzer Tool</a>
								</header>

							<!-- Content -->
								<section>
									<!-- Content -->
										<header class="major"><h2>Infolet Details</h2></header>
										<div class="table-wrapper">
											<table>
												<tbody>
													<tr>
														<td>Name</td>
														<td>MS_GRC_EXCEPTION_USER (100696)</td>
													</tr>
													<tr>
														<td>SQL</td>
														<td><pre><code>select distinct User_name "User Login Name", first_name||' '||last_name "User Full Name" from( select a.enterprise_id,
  d.activity_id, 
  d.activity_name, 
  d.activity_short_name,
  a.user_id ,
  a.user_name ,
  a.first_name,
  a.last_name ,
  a.org_entity_id, 
  a.org_entity_name, 
  b.role_id, 
  b.role_name 
FROM 
  si_activities d, 
  si_role_activities c,
  si_roles b,
  ( SELECT COLUMN_VALUE org_entity_id,
           g.role_id,
           e.user_id,
           f.user_name,
           f.first_name, 
           f.last_name  ,
           h.org_entity_name,
           h.enterprise_id 
     FROM  si_org_entities h,
           si_org_roles g,
           si_users f,
           si_user_org_roles e,
           TABLE(CAST ((SELECT Ms_Apps_Utilities.get_child_orgs(f.enterprise_id,g.org_entity_id) FROM dual) AS ms_varchar2_array)) tab 
     WHERE COLUMN_VALUE IS NOT NULL
     AND   h.org_entity_id = COLUMN_VALUE
     AND   h.enterprise_id = f.enterprise_id
     AND   NVL(h.end_date,SYSDATE) >= SYSDATE
     AND   NVL(f.end_date,SYSDATE) >= SYSDATE
     AND   f.user_id = e.user_id
     AND   g.org_role_id = e.org_role_id ) a
WHERE 
      b.role_id = a.role_id 
AND   c.role_id = a.role_id
AND   NVL(b.end_date,SYSDATE) >= SYSDATE
AND   NVL(d.end_date,SYSDATE) >= SYSDATE
AND   d.activity_id = c.activity_id)x</code></pre></td>
													</tr>
													<tr>
														<td>Description</td>
														<td></td>
													</tr>
												</tbody>
											</table>
										</div>

										<h2 align="center" id="content">Analysis Report</h2>
										<hr>
 										<header class="major"><h2>Plan hash value: 2453461099</h2></header>
										<pre><code>
 
------------------------------------------------------------------------------------------------------------------------
| Id  | Operation                              | Name                  | Rows  | Bytes |TempSpc| Cost (%CPU)| Time     |
------------------------------------------------------------------------------------------------------------------------
|   0 | SELECT STATEMENT                       |                       | 83097 |     9M|       | 25092   (1)| 00:05:02 |
|   1 |  SORT UNIQUE                           |                       | 83097 |     9M|    15M| 25092   (1)| 00:05:02 |
|*  2 |   HASH JOIN RIGHT OUTER                |                       |   119K|    14M|       | 22403   (1)| 00:04:29 |
<font style="background-color: lightblue; color: red">|*  3 |    TABLE ACCESS FULL                   | SI_ACTIVITIES_TL      |     1 |    26 |       |     2   (0)| 00:00:01 |</font>
|*  4 |    HASH JOIN                           |                       |   119K|    11M|       | 22400   (1)| 00:04:29 |
<font style="background-color: lightblue; color: red">|*  5 |     TABLE ACCESS FULL                  | SI_ACTIVITIES_T       |   202 |  1414 |       |     6   (0)| 00:00:01 |</font>
|*  6 |     HASH JOIN                          |                       |   120K|    10M|       | 22393   (1)| 00:04:29 |
|   7 |      INDEX FULL SCAN                   | SI_ROLE_ACTIVITIES_N2 |   334 |  3340 |       |     1   (0)| 00:00:01 |
|   8 |      NESTED LOOPS                      |                       | 33489 |  2681K|       | 22391   (1)| 00:04:29 |
|*  9 |       HASH JOIN                        |                       |   820 | 65600 |       |    16  (13)| 00:00:01 |
<font style="background-color: lightblue; color: red">|* 10 |        TABLE ACCESS FULL               | SI_ROLES_T            |    73 |   438 |       |     4   (0)| 00:00:01 |</font>
|* 11 |        HASH JOIN                       |                       |   820 | 60680 |       |    12  (17)| 00:00:01 |
|  12 |         INDEX FULL SCAN                | SI_ORG_ROLES_N3       |    45 |   630 |       |     1   (0)| 00:00:01 |
|* 13 |         HASH JOIN                      |                       |   820 | 49200 |       |    10  (10)| 00:00:01 |
|* 14 |          HASH JOIN                     |                       |    82 |  4182 |       |     6  (17)| 00:00:01 |
<font style="background-color: lightblue; color: red">|* 15 |           TABLE ACCESS FULL            | SI_USERS_T            |    68 |  2788 |       |     4   (0)| 00:00:01 |</font>
|  16 |           INDEX FULL SCAN              | SI_USER_ORG_ROLES_N2  |    82 |   820 |       |     1   (0)| 00:00:01 |
<font style="background-color: lightblue; color: red">|* 17 |          TABLE ACCESS FULL             | SI_ORG_ENTITIES_T     |    10 |    90 |       |     4   (0)| 00:00:01 |</font>
<font style="background-color: lightblue; color: red">|* 18 |       COLLECTION ITERATOR PICKLER FETCH|                       |    41 |    82 |       |    27   (0)| 00:00:01 |</font>
|  19 |        FAST DUAL                       |                       |     1 |       |       |     2   (0)| 00:00:01 |
------------------------------------------------------------------------------------------------------------------------
 
										</code></pre>
 										<header class="major"><h2>Query Block Name / Object Alias (identified by operation id):</h2></header>
										<pre><code>
-------------------------------------------------------------
 
   1 - SEL$32699ADB
   3 - SEL$32699ADB / TL@SEL$3
   5 - SEL$32699ADB / T@SEL$3
   7 - SEL$32699ADB / C@SEL$2
  10 - SEL$32699ADB / SI_ROLES_T@SEL$4
  12 - SEL$32699ADB / G@SEL$5
  15 - SEL$32699ADB / SI_USERS_T@SEL$7
  16 - SEL$32699ADB / E@SEL$5
  17 - SEL$32699ADB / SI_ORG_ENTITIES_T@SEL$6
  18 - SEL$32699ADB / KOKBF$0@SEL$8
  19 - SEL$9        / DUAL@SEL$9
 
										</code></pre>
 										<header class="major"><h2>Predicate Information (identified by operation id):</h2></header>
										<pre><code>
---------------------------------------------------
 
   2 - access("T"."ACTIVITY_ID"="TL"."ACTIVITY_ID"(+))
   3 - filter("TL"."LOCALE_ID"(+)=TO_NUMBER("SI_DB_LOCALE_SV"."GETVALUE"()))
   4 - access("T"."ACTIVITY_ID"="C"."ACTIVITY_ID")
   5 - filter(NVL("END_DATE",SYSDATE@!)>=SYSDATE@!)
   6 - access("C"."ROLE_ID"="G"."ROLE_ID")
   9 - access("ROLE_ID"="G"."ROLE_ID")
  10 - filter(NVL("END_DATE",SYSDATE@!)>=SYSDATE@!)
  11 - access("G"."ORG_ROLE_ID"="E"."ORG_ROLE_ID")
  13 - access("ENTERPRISE_ID"="ENTERPRISE_ID")
  14 - access("USER_ID"="E"."USER_ID")
  15 - filter(NVL("END_DATE",SYSDATE@!)>=SYSDATE@!)
  17 - filter(NVL("END_DATE",SYSDATE@!)>=SYSDATE@!)
  18 - filter(VALUE(KOKBF$) IS NOT NULL AND "ORG_ENTITY_ID"=TO_NUMBER(VALUE(KOKBF$)))
 
										</code></pre>
 										<header class="major"><h2>Column Projection Information (identified by operation id):</h2></header>
										<pre><code>
-----------------------------------------------------------
 
   1 - (#keys=2) "USER_NAME"[VARCHAR2,320], "FIRST_NAME"||' '||"LAST_NAME"[801]
   2 - (#keys=1) "USER_NAME"[VARCHAR2,320], "LAST_NAME"[VARCHAR2,400], "FIRST_NAME"[VARCHAR2,400]
   3 - "TL"."ACTIVITY_ID"[NUMBER,22]
   4 - (#keys=1) "T"."ACTIVITY_ID"[NUMBER,22], "LAST_NAME"[VARCHAR2,400], "FIRST_NAME"[VARCHAR2,400], 
       "USER_NAME"[VARCHAR2,320]
   5 - "T"."ACTIVITY_ID"[NUMBER,22]
   6 - (#keys=1) "C"."ACTIVITY_ID"[NUMBER,22], "LAST_NAME"[VARCHAR2,400], "FIRST_NAME"[VARCHAR2,400], 
       "USER_NAME"[VARCHAR2,320]
   7 - "C"."ACTIVITY_ID"[NUMBER,22], "C"."ROLE_ID"[NUMBER,22]
   8 - (#keys=0) "ROLE_ID"[NUMBER,22], "G"."ROLE_ID"[NUMBER,22], "END_DATE"[DATE,7], 
       "G"."ORG_ROLE_ID"[NUMBER,22], "E"."ORG_ROLE_ID"[NUMBER,22], "G".ROWID[ROWID,10], "END_DATE"[DATE,7], 
       "G"."ORG_ENTITY_ID"[NUMBER,22], "ENTERPRISE_ID"[NUMBER,22], "ENTERPRISE_ID"[NUMBER,22], "USER_ID"[NUMBER,22], 
       "E"."USER_ID"[NUMBER,22], "END_DATE"[DATE,7], "ORG_ENTITY_ID"[NUMBER,22], "LAST_NAME"[VARCHAR2,400], 
       "FIRST_NAME"[VARCHAR2,400], "USER_NAME"[VARCHAR2,320], "E".ROWID[ROWID,10], VALUE(A0)[8000]
   9 - (#keys=1) "ROLE_ID"[NUMBER,22], "G"."ROLE_ID"[NUMBER,22], "END_DATE"[DATE,7], 
       "G"."ORG_ROLE_ID"[NUMBER,22], "E"."ORG_ROLE_ID"[NUMBER,22], "G".ROWID[ROWID,10], "END_DATE"[DATE,7], 
       "G"."ORG_ENTITY_ID"[NUMBER,22], "ENTERPRISE_ID"[NUMBER,22], "ENTERPRISE_ID"[NUMBER,22], "USER_ID"[NUMBER,22], 
       "E"."USER_ID"[NUMBER,22], "END_DATE"[DATE,7], "ORG_ENTITY_ID"[NUMBER,22], "LAST_NAME"[VARCHAR2,400], 
       "FIRST_NAME"[VARCHAR2,400], "USER_NAME"[VARCHAR2,320], "E".ROWID[ROWID,10]
  10 - "ROLE_ID"[NUMBER,22], "END_DATE"[DATE,7]
  11 - (#keys=1) "G"."ORG_ROLE_ID"[NUMBER,22], "E"."ORG_ROLE_ID"[NUMBER,22], "G".ROWID[ROWID,10], 
       "G"."ROLE_ID"[NUMBER,22], "G"."ORG_ENTITY_ID"[NUMBER,22], "ENTERPRISE_ID"[NUMBER,22], 
       "ENTERPRISE_ID"[NUMBER,22], "USER_ID"[NUMBER,22], "E"."USER_ID"[NUMBER,22], "END_DATE"[DATE,7], 
       "ORG_ENTITY_ID"[NUMBER,22], "LAST_NAME"[VARCHAR2,400], "FIRST_NAME"[VARCHAR2,400], "USER_NAME"[VARCHAR2,320], 
       "E".ROWID[ROWID,10], "END_DATE"[DATE,7]
  12 - "G".ROWID[ROWID,10], "G"."ORG_ROLE_ID"[NUMBER,22], "G"."ORG_ENTITY_ID"[NUMBER,22], 
       "G"."ROLE_ID"[NUMBER,22]
  13 - (#keys=1) "ENTERPRISE_ID"[NUMBER,22], "ENTERPRISE_ID"[NUMBER,22], "USER_ID"[NUMBER,22], 
       "E"."USER_ID"[NUMBER,22], "END_DATE"[DATE,7], "E"."ORG_ROLE_ID"[NUMBER,22], "LAST_NAME"[VARCHAR2,400], 
       "FIRST_NAME"[VARCHAR2,400], "USER_NAME"[VARCHAR2,320], "E".ROWID[ROWID,10], "END_DATE"[DATE,7], 
       "ORG_ENTITY_ID"[NUMBER,22]
  14 - (#keys=1) "USER_ID"[NUMBER,22], "E"."USER_ID"[NUMBER,22], "END_DATE"[DATE,7], 
       "ENTERPRISE_ID"[NUMBER,22], "LAST_NAME"[VARCHAR2,400], "FIRST_NAME"[VARCHAR2,400], "USER_NAME"[VARCHAR2,320], 
       "E".ROWID[ROWID,10], "E"."ORG_ROLE_ID"[NUMBER,22]
  15 - "USER_ID"[NUMBER,22], "ENTERPRISE_ID"[NUMBER,22], "LAST_NAME"[VARCHAR2,400], "FIRST_NAME"[VARCHAR2,400], 
       "USER_NAME"[VARCHAR2,320], "END_DATE"[DATE,7]
  16 - "E".ROWID[ROWID,10], "E"."ORG_ROLE_ID"[NUMBER,22], "E"."USER_ID"[NUMBER,22]
  17 - "ENTERPRISE_ID"[NUMBER,22], "ORG_ENTITY_ID"[NUMBER,22], "END_DATE"[DATE,7]
  18 - VALUE(A0)[8000]
										</code></pre>
								</section>
						</div>
					</div>

				<!-- Sidebar -->
				<div id="sidebar">
					<div class="inner">
						<!-- Menu -->
						<nav id="menu">
							<header class="major">
								<h2>Menu</h2>
							</header>
							<ul>
								<li><a href="index.html">Summary</a></li>
								<li>
									<span class="opener">DB Analysis</span>
									<ul>
										<li><a href="union.html">Bad SQL</a></li>
										<li><a href="poor-sql.html">Poor SQL Plan</a></li>
										<li><a href="invalid-sql.html">Invalid SQL</a></li>
										<li><a href="full-sql.html">Full SQL Report</a></li>
										<li><a href="db-primary-unique-key.html">Primary/Unique Key Miss</a></li>
										<li><a href="invalid-db-object.html">Invalid DB Objects</a></li>
									</ul>
								</li>
							</ul>
						</nav>

						<!-- Section -->
						<section>
							<header class="major">
								<h2>Get in touch</h2>
							</header>
							<p>You need more details on the report or want more functionality, don't hesitate to reach out to us.</p>
							<ul class="contact">
								<li class="fa-envelope-o"><a href="mailto:rnd@metricstream.com?Subject=Reg - Static Code Analysis Tool" target="_top">rnd@metricstream.com</a></li>
							</ul>
						</section>

						<!-- Footer -->
						<footer id="footer">
							<p class="copyright">&copy; <a href="http://www.metricstream.com" target="_blank">MetricStream</a>. All rights reserved. </p>
						</footer>
					</div>
				</div>
			</div>

		<!-- Scripts -->
			<script src="../lib/assets/js/jquery.min.js"></script>
			<script src="../lib/assets/js/skel.min.js"></script>
			<script src="../lib/assets/js/util.js"></script>
			<!--[if lte IE 8]><script src="../lib/assets/js/ie/respond.min.js"></script><![endif]-->
			<script src="../lib/assets/js/main.js"></script>
	</body>
</html>