<!DOCTYPE HTML>
<html>
	<head>
		<title>Code Analysis - MetricStream</title>
		<meta charset="utf-8" />
		<meta name="viewport" content="width=device-width, initial-scale=1, user-scalable=no" />
		<!--[if lte IE 8]><script src="assets/js/ie/html5shiv.js"></script><![endif]-->
		<link rel="stylesheet" href="../lib/assets/css/main.css" />
		<!--[if lte IE 9]><link rel="stylesheet" href="../lib/assets/css/ie9.css" /><![endif]-->
		<!--[if lte IE 8]><link rel="stylesheet" href="../lib/assets/css/ie8.css" /><![endif]-->
	</head>
	<body>

		<!-- Wrapper -->
			<div id="wrapper">

				<!-- Main -->
					<div id="main">
						<div class="inner">
							<!-- Header -->
								<header id="header">
									<a href="index.html" class="logo"><strong>Static Code Analysis Report</strong> by Code Analyzer Tool</a>
								</header>

							<!-- Content -->
								<section>
									<!-- Content -->
										<header class="major"><h2>Infolet Details</h2></header>
										<div class="table-wrapper">
											<table>
												<tbody>
													<tr>
														<td>Name</td>
														<td>MS_GRC_GET_OBJECTIVE_PARENT (100754)</td>
													</tr>
													<tr>
														<td>SQL</td>
														<td><pre><code>select distinct a.OBJECT_NAME as OBJ_NAME,
'Level '||a.objective_level AS obj_level,
  a.DD_OBJECT_TYPE   as OBJ_TYPE,
a.OBJECT_ID as OBJ_ID,
a.Objective_Type as Objective_Type,c.locale_id as locale_id
FROM MS_GRC_OBJECTIVES a, Ms_Grc_Objectives_Org b,si_locales c,
si_users_t d where 
c.locale_string = d.locale
AND d.user_name = :3
and a.object_id = b.object_id
and OBJECTIVE_TYPE = :1
AND a.DD_OBJECT_TYPE = 'MS_GRC_OBJECTIVES'
and TRUNC(sysdate)  >= TRUNC(NVL(VALID_FROM,sysdate))
And Trunc(Sysdate)  <= Trunc(Nvl(Valid_Until,Sysdate))
And A.Objective_Level = (:2 -1)
And ms_grc_utilities.MS_GRC_SECURITY_OBJ(a.dd_object_type, a.restrict_access_to, b.OWNER_ORGANIZATIONS, :3, 'VIEW',:1) = 'ACCESS'
order by obj_name</code></pre></td>
													</tr>
													<tr>
														<td>Description</td>
														<td></td>
													</tr>
												</tbody>
											</table>
										</div>

										<h2 align="center" id="content">Analysis Report</h2>
										<hr>
 										<header class="major"><h2>Plan hash value: 1081032718</h2></header>
										<pre><code>
 
------------------------------------------------------------------------------------------------------------
| Id  | Operation                       | Name                     | Rows  | Bytes | Cost (%CPU)| Time     |
------------------------------------------------------------------------------------------------------------
|   0 | SELECT STATEMENT                |                          |     1 |  5705 |     7  (29)| 00:00:01 |
|   1 |  SORT UNIQUE                    |                          |     1 |  5705 |     6  (17)| 00:00:01 |
|   2 |   NESTED LOOPS                  |                          |     1 |  5705 |     5   (0)| 00:00:01 |
<font style="background-color: lightblue; color: red">|   3 |    MERGE JOIN CARTESIAN         |                          |     1 |  5685 |     3   (0)| 00:00:01 |</font>
|   4 |     NESTED LOOPS                |                          |       |       |            |          |
|   5 |      NESTED LOOPS               |                          |     1 |  5674 |     0   (0)| 00:00:01 |
|   6 |       INDEX FULL SCAN           | MS_GRC_OBJECTIVES_ORG_UK |     1 |  2204 |     0   (0)| 00:00:01 |
|*  7 |       INDEX UNIQUE SCAN         | MS_GRC_OBJECTIVES_PK     |     1 |       |     0   (0)| 00:00:01 |
|*  8 |      TABLE ACCESS BY INDEX ROWID| MS_GRC_OBJECTIVES        |     1 |  3470 |     0   (0)| 00:00:01 |
|   9 |     BUFFER SORT                 |                          |    35 |   385 |     3   (0)| 00:00:01 |
<font style="background-color: lightblue; color: red">|  10 |      TABLE ACCESS FULL          | SI_LOCALES               |    35 |   385 |     3   (0)| 00:00:01 |</font>
|* 11 |    TABLE ACCESS BY INDEX ROWID  | SI_USERS_T               |     1 |    20 |     2   (0)| 00:00:01 |
<font style="background-color: lightblue; color: red">|* 12 |     INDEX SKIP SCAN             | SI_USERS_T_N2            |     1 |       |     1   (0)| 00:00:01 |</font>
------------------------------------------------------------------------------------------------------------
 
										</code></pre>
 										<header class="major"><h2>Query Block Name / Object Alias (identified by operation id):</h2></header>
										<pre><code>
-------------------------------------------------------------
 
   1 - SEL$1
   6 - SEL$1 / B@SEL$1
   7 - SEL$1 / A@SEL$1
   8 - SEL$1 / A@SEL$1
  10 - SEL$1 / C@SEL$1
  11 - SEL$1 / D@SEL$1
  12 - SEL$1 / D@SEL$1
 
										</code></pre>
 										<header class="major"><h2>Predicate Information (identified by operation id):</h2></header>
										<pre><code>
---------------------------------------------------
 
   7 - access("A"."OBJECT_ID"="B"."OBJECT_ID")
   8 - filter("A"."DD_OBJECT_TYPE"='MS_GRC_OBJECTIVES' AND "OBJECTIVE_TYPE"=:1 AND 
              TO_NUMBER("A"."OBJECTIVE_LEVEL")=TO_NUMBER(:2)-1 AND 
              TRUNC(NVL("VALID_FROM",SYSDATE@!))<=TRUNC(SYSDATE@!) AND 
              TRUNC(NVL("VALID_UNTIL",SYSDATE@!))>=TRUNC(SYSDATE@!) AND 
              "MS_GRC_UTILITIES"."MS_GRC_SECURITY_OBJ"("A"."DD_OBJECT_TYPE","A"."RESTRICT_ACCESS_TO","B"."OWNER_OR
              GANIZATIONS",:3,'VIEW',:1)='ACCESS')
  11 - filter("C"."LOCALE_STRING"="D"."LOCALE")
  12 - access("D"."USER_NAME"=:3)
       filter("D"."USER_NAME"=:3)
 
										</code></pre>
 										<header class="major"><h2>Column Projection Information (identified by operation id):</h2></header>
										<pre><code>
-----------------------------------------------------------
 
   1 - (#keys=6) "A"."OBJECT_NAME"[VARCHAR2,4000], 'Level '||"A"."OBJECTIVE_LEVEL"[1026], 
       "A"."DD_OBJECT_TYPE"[VARCHAR2,400], "A"."OBJECT_ID"[VARCHAR2,400], 
       "A"."OBJECTIVE_TYPE"[VARCHAR2,1020], "C"."LOCALE_ID"[NUMBER,22]
   2 - (#keys=0) "A"."OBJECT_ID"[VARCHAR2,400], "A"."OBJECT_NAME"[VARCHAR2,4000], 
       "A"."DD_OBJECT_TYPE"[VARCHAR2,400], "A"."OBJECTIVE_LEVEL"[VARCHAR2,1020], 
       "OBJECTIVE_TYPE"[VARCHAR2,1020], "C"."LOCALE_ID"[NUMBER,22]
   3 - (#keys=0) "A"."OBJECT_ID"[VARCHAR2,400], "A"."OBJECT_NAME"[VARCHAR2,4000], 
       "A"."DD_OBJECT_TYPE"[VARCHAR2,400], "A"."OBJECTIVE_LEVEL"[VARCHAR2,1020], 
       "OBJECTIVE_TYPE"[VARCHAR2,1020], "C"."LOCALE_ID"[NUMBER,22], "C"."LOCALE_STRING"[VARCHAR2,100]
   4 - (#keys=0) "A"."OBJECT_ID"[VARCHAR2,400], "A"."OBJECT_NAME"[VARCHAR2,4000], 
       "A"."DD_OBJECT_TYPE"[VARCHAR2,400], "A"."OBJECTIVE_LEVEL"[VARCHAR2,1020], 
       "OBJECTIVE_TYPE"[VARCHAR2,1020]
   5 - (#keys=0) "B"."OWNER_ORGANIZATIONS"[VARCHAR2,4000], "A".ROWID[ROWID,10], 
       "A"."OBJECT_ID"[VARCHAR2,400]
   6 - "B"."OWNER_ORGANIZATIONS"[VARCHAR2,4000], "B"."OBJECT_ID"[VARCHAR2,400]
   7 - "A".ROWID[ROWID,10], "A"."OBJECT_ID"[VARCHAR2,400]
   8 - "A"."OBJECT_NAME"[VARCHAR2,4000], "A"."DD_OBJECT_TYPE"[VARCHAR2,400], 
       "A"."OBJECTIVE_LEVEL"[VARCHAR2,1020], "OBJECTIVE_TYPE"[VARCHAR2,1020]
   9 - (#keys=0) "C"."LOCALE_ID"[NUMBER,22], "C"."LOCALE_STRING"[VARCHAR2,100]
  10 - "C"."LOCALE_ID"[NUMBER,22], "C"."LOCALE_STRING"[VARCHAR2,100]
  12 - "D".ROWID[ROWID,10]
										</code></pre>
								</section>
						</div>
					</div>

				<!-- Sidebar -->
				<div id="sidebar">
					<div class="inner">
						<!-- Menu -->
						<nav id="menu">
							<header class="major">
								<h2>Menu</h2>
							</header>
							<ul>
								<li><a href="index.html">Summary</a></li>
								<li>
									<span class="opener">DB Analysis</span>
									<ul>
										<li><a href="union.html">Bad SQL</a></li>
										<li><a href="poor-sql.html">Poor SQL Plan</a></li>
										<li><a href="invalid-sql.html">Invalid SQL</a></li>
										<li><a href="full-sql.html">Full SQL Report</a></li>
										<li><a href="db-primary-unique-key.html">Primary/Unique Key Miss</a></li>
										<li><a href="invalid-db-object.html">Invalid DB Objects</a></li>
									</ul>
								</li>
								<li>
									<span class="opener">Infolets</span>
									<ul>
										<li><a href="keep-history-infolets.html">Keep History Infolets</a></li>
									</ul>
								</li>
								<li>
									<span class="opener">Pushforms</span>
									<ul>
										<li><a href="pushform-denormalize.html">Pushform Denormalized</a></li>
									</ul>
								</li>
							</ul>
						</nav>

						<!-- Section -->
						<section>
							<header class="major">
								<h2>Get in touch</h2>
							</header>
							<p>You need more details on the report or want more functionality, don't hesitate to reach out to us.</p>
							<ul class="contact">
								<li class="fa-envelope-o"><a href="mailto:rnd@metricstream.com?Subject=Reg - Static Code Analysis Tool" target="_top">rnd@metricstream.com</a></li>
							</ul>
						</section>

						<!-- Footer -->
						<footer id="footer">
							<p class="copyright">&copy; <a href="http://www.metricstream.com" target="_blank">MetricStream</a>. All rights reserved. </p>
						</footer>
					</div>
				</div>
			</div>

		<!-- Scripts -->
			<script src="../lib/assets/js/jquery.min.js"></script>
			<script src="../lib/assets/js/skel.min.js"></script>
			<script src="../lib/assets/js/util.js"></script>
			<!--[if lte IE 8]><script src="../lib/assets/js/ie/respond.min.js"></script><![endif]-->
			<script src="../lib/assets/js/main.js"></script>
	</body>
</html>