<!DOCTYPE HTML>
<html>
	<head>
		<title>Code Analysis - MetricStream</title>
		<meta charset="utf-8" />
		<meta name="viewport" content="width=device-width, initial-scale=1, user-scalable=no" />
		<!--[if lte IE 8]><script src="assets/js/ie/html5shiv.js"></script><![endif]-->
		<link rel="stylesheet" href="../lib/assets/css/main.css" />
		<!--[if lte IE 9]><link rel="stylesheet" href="../lib/assets/css/ie9.css" /><![endif]-->
		<!--[if lte IE 8]><link rel="stylesheet" href="../lib/assets/css/ie8.css" /><![endif]-->
	</head>
	<body>

		<!-- Wrapper -->
			<div id="wrapper">

				<!-- Main -->
					<div id="main">
						<div class="inner">
							<!-- Header -->
								<header id="header">
									<a href="index.html" class="logo"><strong>Static Code Analysis Report</strong> by Code Analyzer Tool</a>
								</header>

							<!-- Content -->
								<section>
									<!-- Content -->
										<header class="major"><h2>Infolet Details</h2></header>
										<div class="table-wrapper">
											<table>
												<tbody>
													<tr>
														<td>Name</td>
														<td>MS_GRC_FUNCTION_BROWSER_DRILLDOWN (100709)</td>
													</tr>
													<tr>
														<td>SQL</td>
														<td><pre><code>select substr(a.object_name,1,30) display_name
,a.object_id object_id
,a.dd_object_type object_type
,a.object_level object_level
,'Y' AS OVER_RIDE_ACTION
, 'proc='|| TO_CHAR(dd_process_instance_id)||'|instid='||TO_CHAR(dd_instance_id)||'|edit_flag='||NVL(dd_edit_flag,'Y') AS EDIT_ACTION_PARAMETERS
from
MS_GRC_CORE_OBJECT a 
where  object_id in
(select object_id
from ms_Grc_CORE_OBJECT a
where :1 in ((SELECT COLUMN_VALUE FROM TABLE (CAST (si_common_sv.parse_string(((a.function_name)),',') AS varchar2_array))WHERE COLUMN_VALUE IS NOT NULL)))
</code></pre></td>
													</tr>
													<tr>
														<td>Description</td>
														<td> MS_GRC_FUNCTION_BROWSER_DRILLDOWN </td>
													</tr>
												</tbody>
											</table>
										</div>

										<h2 align="center" id="content">Analysis Report</h2>
										<hr>
 										<header class="major"><h2>Plan hash value: 2845963762</h2></header>
										<pre><code>
 
---------------------------------------------------------------------------------------------------------------
| Id  | Operation                             | Name                  | Rows  | Bytes | Cost (%CPU)| Time     |
---------------------------------------------------------------------------------------------------------------
|   0 | SELECT STATEMENT                      |                       |     2 |   512 |    62   (2)| 00:00:01 |
|   1 |  MERGE JOIN SEMI                      |                       |     2 |   512 |    62   (2)| 00:00:01 |
|   2 |   TABLE ACCESS BY INDEX ROWID         | MS_GRC_CORE_OBJECT    |     2 |   108 |     2   (0)| 00:00:01 |
|   3 |    INDEX FULL SCAN                    | MS_GRC_CORE_OBJECT_PK |     2 |       |     1   (0)| 00:00:01 |
|*  4 |   SORT UNIQUE                         |                       |     8 |  1616 |    60   (2)| 00:00:01 |
|   5 |    VIEW                               | VW_NSO_1              |     8 |  1616 |    59   (0)| 00:00:01 |
|   6 |     NESTED LOOPS                      |                       |     8 |  1744 |    59   (0)| 00:00:01 |
<font style="background-color: lightblue; color: red">|   7 |      TABLE ACCESS FULL                | MS_GRC_CORE_OBJECT    |     2 |   432 |     3   (0)| 00:00:01 |</font>
<font style="background-color: lightblue; color: red">|*  8 |      COLLECTION ITERATOR PICKLER FETCH| PARSE_STRING          |     4 |     8 |    28   (0)| 00:00:01 |</font>
---------------------------------------------------------------------------------------------------------------
 
										</code></pre>
 										<header class="major"><h2>Query Block Name / Object Alias (identified by operation id):</h2></header>
										<pre><code>
-------------------------------------------------------------
 
   1 - SEL$FB49034A
   2 - SEL$FB49034A / A@SEL$1
   3 - SEL$FB49034A / A@SEL$1
   5 - SEL$E6524AE3 / VW_NSO_1@SEL$FB49034A
   6 - SEL$E6524AE3
   7 - SEL$E6524AE3 / A@SEL$2
   8 - SEL$E6524AE3 / KOKBF$0@SEL$4
 
										</code></pre>
 										<header class="major"><h2>Predicate Information (identified by operation id):</h2></header>
										<pre><code>
---------------------------------------------------
 
   4 - access("OBJECT_ID"="OBJECT_ID")
       filter("OBJECT_ID"="OBJECT_ID")
   8 - filter(VALUE(KOKBF$) IS NOT NULL AND VALUE(KOKBF$)=:1)
 
										</code></pre>
 										<header class="major"><h2>Column Projection Information (identified by operation id):</h2></header>
										<pre><code>
-----------------------------------------------------------
 
   1 - (#keys=0) "OBJECT_ID"[VARCHAR2,400], "A"."DD_OBJECT_TYPE"[VARCHAR2,400], 
       "DD_PROCESS_INSTANCE_ID"[NUMBER,22], "DD_INSTANCE_ID"[NUMBER,22], "DD_EDIT_FLAG"[VARCHAR2,4], 
       "A"."OBJECT_LEVEL"[VARCHAR2,400], "A"."OBJECT_NAME"[VARCHAR2,4000]
   2 - "A"."DD_OBJECT_TYPE"[VARCHAR2,400], "DD_PROCESS_INSTANCE_ID"[NUMBER,22], 
       "DD_INSTANCE_ID"[NUMBER,22], "DD_EDIT_FLAG"[VARCHAR2,4], "OBJECT_ID"[VARCHAR2,400], 
       "A"."OBJECT_NAME"[VARCHAR2,4000], "A"."OBJECT_LEVEL"[VARCHAR2,400]
   3 - "A".ROWID[ROWID,10], "OBJECT_ID"[VARCHAR2,400]
   4 - (#keys=1) "OBJECT_ID"[VARCHAR2,400]
   5 - "OBJECT_ID"[VARCHAR2,400]
   6 - (#keys=0) "A"."FUNCTION_NAME"[VARCHAR2,400], "OBJECT_ID"[VARCHAR2,400], VALUE(A0)[4000]
   7 - "A"."FUNCTION_NAME"[VARCHAR2,400], "OBJECT_ID"[VARCHAR2,400]
   8 - VALUE(A0)[4000]
										</code></pre>
								</section>
						</div>
					</div>

				<!-- Sidebar -->
				<div id="sidebar">
					<div class="inner">
						<!-- Menu -->
						<nav id="menu">
							<header class="major">
								<h2>Menu</h2>
							</header>
							<ul>
								<li><a href="index.html">Summary</a></li>
								<li>
									<span class="opener">DB Analysis</span>
									<ul>
										<li><a href="union.html">Bad SQL</a></li>
										<li><a href="poor-sql.html">Poor SQL Plan</a></li>
										<li><a href="invalid-sql.html">Invalid SQL</a></li>
										<li><a href="full-sql.html">Full SQL Report</a></li>
										<li><a href="db-primary-unique-key.html">Primary/Unique Key Miss</a></li>
										<li><a href="invalid-db-object.html">Invalid DB Objects</a></li>
									</ul>
								</li>
								<li>
									<span class="opener">Infolets</span>
									<ul>
										<li><a href="keep-history-infolets.html">Keep History Infolets</a></li>
									</ul>
								</li>
								<li>
									<span class="opener">Pushforms</span>
									<ul>
										<li><a href="pushform-denormalize.html">Pushform Denormalized</a></li>
									</ul>
								</li>
							</ul>
						</nav>

						<!-- Section -->
						<section>
							<header class="major">
								<h2>Get in touch</h2>
							</header>
							<p>You need more details on the report or want more functionality, don't hesitate to reach out to us.</p>
							<ul class="contact">
								<li class="fa-envelope-o"><a href="mailto:rnd@metricstream.com?Subject=Reg - Static Code Analysis Tool" target="_top">rnd@metricstream.com</a></li>
							</ul>
						</section>

						<!-- Footer -->
						<footer id="footer">
							<p class="copyright">&copy; <a href="http://www.metricstream.com" target="_blank">MetricStream</a>. All rights reserved. </p>
						</footer>
					</div>
				</div>
			</div>

		<!-- Scripts -->
			<script src="../lib/assets/js/jquery.min.js"></script>
			<script src="../lib/assets/js/skel.min.js"></script>
			<script src="../lib/assets/js/util.js"></script>
			<!--[if lte IE 8]><script src="../lib/assets/js/ie/respond.min.js"></script><![endif]-->
			<script src="../lib/assets/js/main.js"></script>
	</body>
</html>