<!DOCTYPE HTML>
<html>
	<head>
		<title>Code Analysis - MetricStream</title>
		<meta charset="utf-8" />
		<meta name="viewport" content="width=device-width, initial-scale=1, user-scalable=no" />
		<!--[if lte IE 8]><script src="assets/js/ie/html5shiv.js"></script><![endif]-->
		<link rel="stylesheet" href="../lib/assets/css/main.css" />
		<!--[if lte IE 9]><link rel="stylesheet" href="../lib/assets/css/ie9.css" /><![endif]-->
		<!--[if lte IE 8]><link rel="stylesheet" href="../lib/assets/css/ie8.css" /><![endif]-->
	</head>
	<body>

		<!-- Wrapper -->
			<div id="wrapper">

				<!-- Main -->
					<div id="main">
						<div class="inner">
							<!-- Header -->
								<header id="header">
									<a href="index.html" class="logo"><strong>Static Code Analysis Report</strong> by Code Analyzer Tool</a>
								</header>

							<!-- Content -->
								<section>
									<!-- Content -->
										<header class="major"><h2>Infolet Details</h2></header>
										<div class="table-wrapper">
											<table>
												<tbody>
													<tr>
														<td>Name</td>
														<td>MS_GRC_KEY_CONTROL (100770)</td>
													</tr>
													<tr>
														<td>SQL</td>
														<td><pre><code>Select Stored_Value,
       Displayed_Value,
       Lov_Name,
       Locale_Id,
       Enterprise_Id,
       Lov_Id,
       Lov_Value_Id,
       Org_Entity_Id,
       Org_Entity_Name,
       Start_Date,
       End_Date
From   MS_GRC_LOV_ORG_VALUES_V where (trim(LOV_NAME) = 'MS GRC Yes No')
AND locale_id= ms_grc_utilities.get_user_locale(:1)
order by Displayed_Value asc</code></pre></td>
													</tr>
													<tr>
														<td>Description</td>
														<td> MS_GRC_KEY_CONTROL </td>
													</tr>
												</tbody>
											</table>
										</div>

										<h2 align="center" id="content">Analysis Report</h2>
										<hr>
 										<header class="major"><h2>Plan hash value: 2562906682</h2></header>
										<pre><code>
 
------------------------------------------------------------------------------------------------------------
| Id  | Operation                        | Name                    | Rows  | Bytes | Cost (%CPU)| Time     |
------------------------------------------------------------------------------------------------------------
|   0 | SELECT STATEMENT                 |                         |    14 | 16156 |    23   (9)| 00:00:01 |
|   1 |  SORT ORDER BY                   |                         |    14 | 16156 |    23   (9)| 00:00:01 |
|*  2 |   HASH JOIN OUTER                |                         |    14 | 16156 |    22   (5)| 00:00:01 |
|*  3 |    HASH JOIN                     |                         |    14 | 15792 |    16   (7)| 00:00:01 |
<font style="background-color: lightblue; color: red">|*  4 |     TABLE ACCESS FULL            | MS_QS_LOV_NAMES         |     3 |    87 |     6   (0)| 00:00:01 |</font>
|   5 |     VIEW                         |                         |  1395 |  1497K|     9   (0)| 00:00:01 |
|   6 |      NESTED LOOPS                |                         |  1395 | 65565 |     9   (0)| 00:00:01 |
|*  7 |       TABLE ACCESS BY INDEX ROWID| SI_LOCALES              |     1 |     6 |     1   (0)| 00:00:01 |
|*  8 |        INDEX UNIQUE SCAN         | SI_LOCALES_U1           |     1 |       |     0   (0)| 00:00:01 |
<font style="background-color: lightblue; color: red">|   9 |       TABLE ACCESS FULL          | MS_QS_LIST_OF_VALUES_T  |  1395 | 57195 |     8   (0)| 00:00:01 |</font>
<font style="background-color: lightblue; color: red">|  10 |    TABLE ACCESS FULL             | MS_QS_LIST_OF_VALUES_TL |  1160 | 30160 |     6   (0)| 00:00:01 |</font>
------------------------------------------------------------------------------------------------------------
 
										</code></pre>
 										<header class="major"><h2>Query Block Name / Object Alias (identified by operation id):</h2></header>
										<pre><code>
-------------------------------------------------------------
 
   1 - SEL$FACC8911
   4 - SEL$FACC8911 / MS_QS_LOV_NAMES@SEL$6
   5 - SEL$7286615E / X@SEL$3
   6 - SEL$7286615E
   7 - SEL$7286615E / SI_LOCALES@SEL$5
   8 - SEL$7286615E / SI_LOCALES@SEL$5
   9 - SEL$7286615E / T@SEL$4
  10 - SEL$FACC8911 / TL@SEL$3
 
										</code></pre>
 										<header class="major"><h2>Predicate Information (identified by operation id):</h2></header>
										<pre><code>
---------------------------------------------------
 
   2 - access("X"."LOV_VALUE_ID"="TL"."LOV_VALUE_ID"(+) AND "X"."LOCALE_ID"="TL"."LOCALE_ID"(+))
   3 - access("X"."LOV_ID"="LOV_ID")
   4 - filter(TRIM("LOV_NAME")='MS GRC Yes No')
   7 - filter("ENABLED_FLAG"='Y')
   8 - access("LOCALE_ID"="MS_GRC_UTILITIES"."GET_USER_LOCALE"(:1))
 
										</code></pre>
 										<header class="major"><h2>Column Projection Information (identified by operation id):</h2></header>
										<pre><code>
-----------------------------------------------------------
 
   1 - (#keys=1) NVL("TL"."DISPLAYED_VALUE","X"."DISPLAYED_VALUE")[2000], 
       "X"."STORED_VALUE"[VARCHAR2,100], "X"."END_DATE"[DATE,7], "LOV_NAME"[VARCHAR2,100], 
       "X"."LOCALE_ID"[NUMBER,22], "X"."ENTERPRISE_ID"[NUMBER,22], "X"."LOV_ID"[NUMBER,22], 
       "X"."LOV_VALUE_ID"[NUMBER,22], NULL[0], NULL[0], "X"."START_DATE"[DATE,7]
   2 - (#keys=2) "X"."LOV_VALUE_ID"[NUMBER,22], "X"."LOCALE_ID"[NUMBER,22], 
       "X"."LOV_ID"[NUMBER,22], "LOV_NAME"[VARCHAR2,100], "X"."END_DATE"[DATE,7], 
       "X"."ENTERPRISE_ID"[NUMBER,22], "X"."STORED_VALUE"[VARCHAR2,100], 
       "X"."DISPLAYED_VALUE"[VARCHAR2,2000], "X"."START_DATE"[DATE,7], 
       "TL"."DISPLAYED_VALUE"[VARCHAR2,2000]
   3 - (#keys=1) "X"."LOV_ID"[NUMBER,22], "LOV_NAME"[VARCHAR2,100], "X"."LOV_VALUE_ID"[NUMBER,22], 
       "X"."ENTERPRISE_ID"[NUMBER,22], "X"."STORED_VALUE"[VARCHAR2,100], 
       "X"."DISPLAYED_VALUE"[VARCHAR2,2000], "X"."LOCALE_ID"[NUMBER,22], "X"."START_DATE"[DATE,7], 
       "X"."END_DATE"[DATE,7]
   4 - "LOV_NAME"[VARCHAR2,100], "LOV_ID"[NUMBER,22]
   5 - "X"."LOV_VALUE_ID"[NUMBER,22], "X"."LOV_ID"[NUMBER,22], "X"."STORED_VALUE"[VARCHAR2,100], 
       "X"."DISPLAYED_VALUE"[VARCHAR2,2000], "X"."LOCALE_ID"[NUMBER,22], "X"."START_DATE"[DATE,7], 
       "X"."END_DATE"[DATE,7], "X"."ENTERPRISE_ID"[NUMBER,22]
   6 - (#keys=0) "LOCALE_ID"[NUMBER,22], "T"."LOV_VALUE_ID"[NUMBER,22], "T"."LOV_ID"[NUMBER,22], 
       "T"."STORED_VALUE"[VARCHAR2,100], "T"."DISPLAYED_VALUE"[VARCHAR2,2000], "T"."START_DATE"[DATE,7], 
       "T"."END_DATE"[DATE,7], "T"."ENTERPRISE_ID"[NUMBER,22]
   7 - "LOCALE_ID"[NUMBER,22]
   8 - "SI_LOCALES".ROWID[ROWID,10], "LOCALE_ID"[NUMBER,22]
   9 - "T"."LOV_VALUE_ID"[NUMBER,22], "T"."LOV_ID"[NUMBER,22], "T"."STORED_VALUE"[VARCHAR2,100], 
       "T"."DISPLAYED_VALUE"[VARCHAR2,2000], "T"."START_DATE"[DATE,7], "T"."END_DATE"[DATE,7], 
       "T"."ENTERPRISE_ID"[NUMBER,22]
  10 - "TL"."LOV_VALUE_ID"[NUMBER,22], "TL"."DISPLAYED_VALUE"[VARCHAR2,2000], 
       "TL"."LOCALE_ID"[NUMBER,22]
										</code></pre>
								</section>
						</div>
					</div>

				<!-- Sidebar -->
				<div id="sidebar">
					<div class="inner">
						<!-- Menu -->
						<nav id="menu">
							<header class="major">
								<h2>Menu</h2>
							</header>
							<ul>
								<li><a href="index.html">Summary</a></li>
								<li>
									<span class="opener">DB Analysis</span>
									<ul>
										<li><a href="union.html">Bad SQL</a></li>
										<li><a href="poor-sql.html">Poor SQL Plan</a></li>
										<li><a href="invalid-sql.html">Invalid SQL</a></li>
										<li><a href="full-sql.html">Full SQL Report</a></li>
										<li><a href="db-primary-unique-key.html">Primary/Unique Key Miss</a></li>
										<li><a href="invalid-db-object.html">Invalid DB Objects</a></li>
									</ul>
								</li>
								<li>
									<span class="opener">Infolets</span>
									<ul>
										<li><a href="keep-history-infolets.html">Keep History Infolets</a></li>
									</ul>
								</li>
								<li>
									<span class="opener">Pushforms</span>
									<ul>
										<li><a href="pushform-denormalize.html">Pushform Denormalized</a></li>
									</ul>
								</li>
							</ul>
						</nav>

						<!-- Section -->
						<section>
							<header class="major">
								<h2>Get in touch</h2>
							</header>
							<p>You need more details on the report or want more functionality, don't hesitate to reach out to us.</p>
							<ul class="contact">
								<li class="fa-envelope-o"><a href="mailto:rnd@metricstream.com?Subject=Reg - Static Code Analysis Tool" target="_top">rnd@metricstream.com</a></li>
							</ul>
						</section>

						<!-- Footer -->
						<footer id="footer">
							<p class="copyright">&copy; <a href="http://www.metricstream.com" target="_blank">MetricStream</a>. All rights reserved. </p>
						</footer>
					</div>
				</div>
			</div>

		<!-- Scripts -->
			<script src="../lib/assets/js/jquery.min.js"></script>
			<script src="../lib/assets/js/skel.min.js"></script>
			<script src="../lib/assets/js/util.js"></script>
			<!--[if lte IE 8]><script src="../lib/assets/js/ie/respond.min.js"></script><![endif]-->
			<script src="../lib/assets/js/main.js"></script>
	</body>
</html>