<!DOCTYPE HTML>
<html>
	<head>
		<title>Code Analysis - MetricStream</title>
		<meta charset="utf-8" />
		<meta name="viewport" content="width=device-width, initial-scale=1, user-scalable=no" />
		<!--[if lte IE 8]><script src="assets/js/ie/html5shiv.js"></script><![endif]-->
		<link rel="stylesheet" href="../lib/assets/css/main.css" />
		<!--[if lte IE 9]><link rel="stylesheet" href="../lib/assets/css/ie9.css" /><![endif]-->
		<!--[if lte IE 8]><link rel="stylesheet" href="../lib/assets/css/ie8.css" /><![endif]-->
	</head>
	<body>

		<!-- Wrapper -->
			<div id="wrapper">

				<!-- Main -->
					<div id="main">
						<div class="inner">
							<!-- Header -->
								<header id="header">
									<a href="index.html" class="logo"><strong>Static Code Analysis Report</strong> by Code Analyzer Tool</a>
								</header>

							<!-- Content -->
								<section>
									<!-- Content -->
										<header class="major"><h2>Infolet Details</h2></header>
										<div class="table-wrapper">
											<table>
												<tbody>
													<tr>
														<td>Name</td>
														<td>MS_GRC_Get_ORB_Default_Report (100765)</td>
													</tr>
													<tr>
														<td>SQL</td>
														<td><pre><code>SELECT ms_concat(obj_type
  ||'^*^'
  || NVL(rep_title_rt2,report_title)
  ||'$#$'
  || nvl2(rep_title_rt2,NVL(rpt_disp_name_rr ,rpt_link_disp_name),rpt_link_disp_name)
  ||'@#@'
  ||img_path
  ||'/'
  ||img_file_name
  || '%#%'
  || rel_id
  || '&#&'
  || nvl2(rep_title_rt2,NVL(rep_title_rt2,form_titls),form_titls)) AS report_detail
FROM
  (SELECT obj_type,rep_title_rt2,report_title,rpt_disp_name_rr || decode(MANDATORY_YN,'Y','*') as rpt_disp_name_rr,rpt_link_disp_name || decode(MANDATORY_YN,'Y','*') as rpt_link_disp_name,img_path,img_file_name,form_titls,rel_id,MANDATORY_YN
  FROM si_reports rt ,
    (SELECT pp.report_id as rep_id,
      pp.report_title as rep_title_rt2,
      rr.form_title as form_title,
      rr.rpt_link_display_name as rpt_disp_name_rr
    FROM si_reports_tl pp ,
      si_reports_t qq ,
      (SELECT b.locale_id,
        b.LOCALE_STRING
      FROM si_users_t a ,
        si_locales b
      WHERE user_name = :1
      AND a.LOCALE    =b.LOCALE_STRING
      ) kk ,
      MS_GRC_ORB_CONFIG_FORM_TITLE rr
    WHERE pp.report_id = qq.report_id
    AND pp.locale_id   = kk.locale_id
    AND qq.report_name = rr.report_name(+)
    AND rr.locale      = kk.locale_string
    )rt_2,
    (SELECT p.rel_id as rel_id,
      p.dest_obj_type as dest_obj_type,
      p.orb_report_name as orb_rep_name,
      p.object_type as obj_type,
      p.rpt_link_display_name as rpt_link_disp_name,
      p.form_title as form_titls,
      p.IMAGE_PATH as img_path,
      p.IMAGE_FILE_NAME as img_file_name
     ,p.MANDATORY_YN as MANDATORY_YN
    FROM
      (SELECT rel_id,
        dest_obj_type,
        b.report_name AS orb_report_name,
        b.object_type,
        b.rpt_link_display_name,
        b.form_title,
        b.IMAGE_PATH,
        b.IMAGE_FILE_NAME
,
       a.MANDATORY_YN 
      FROM ms_grc_rel_defn a,
        MS_GRC_ORB_CONFIG_FORM_TITLE b,
        si_locales d,SI_USERS_T usr
      WHERE b.locale      = d.locale_string
      AND src_obj_type    = :2
      AND d.locale_string = USR.LOCALE
      AND usr.user_name = :1
      AND a.dest_obj_type = b.object_Type
     AND a.enabled = 'Y'
      )p
    ) tt
  WHERE tt.orb_rep_name = rt.report_name
  AND rt.report_id         = rt_2.rep_id (+)
  AND rt.CREATED_BY        =
    (SELECT USER_ID FROM SI_USERS_T WHERE USER_NAME = 'pfadmin'
    )
  ORDER BY rpt_link_disp_name
  )</code></pre></td>
													</tr>
													<tr>
														<td>Description</td>
														<td></td>
													</tr>
												</tbody>
											</table>
										</div>

										<h2 align="center" id="content">Analysis Report</h2>
										<hr>
 										<header class="major"><h2>Plan hash value: 2056791119</h2></header>
										<pre><code>
 
----------------------------------------------------------------------------------------------------------------------
| Id  | Operation                             | Name                         | Rows  | Bytes | Cost (%CPU)| Time     |
----------------------------------------------------------------------------------------------------------------------
|   0 | SELECT STATEMENT                      |                              |     1 | 10298 |    51  (10)| 00:00:01 |
|   1 |  SORT AGGREGATE                       |                              |     1 | 10298 |            |          |
|   2 |   VIEW                                |                              |   100 |  1005K|    51  (10)| 00:00:01 |
|   3 |    SORT ORDER BY                      |                              |       |   884 |    51  (10)| 00:00:01 |
|*  4 |     HASH JOIN OUTER                   |                              |     1 |   884 |    48   (9)| 00:00:01 |
|*  5 |      HASH JOIN                        |                              |     1 |   832 |    26   (8)| 00:00:01 |
|   6 |       NESTED LOOPS                    |                              |     1 |   185 |    11  (10)| 00:00:01 |
|*  7 |        HASH JOIN                      |                              |     1 |   136 |     9  (12)| 00:00:01 |
|*  8 |         HASH JOIN                     |                              |     1 |    27 |     6  (17)| 00:00:01 |
|   9 |          TABLE ACCESS BY INDEX ROWID  | SI_USERS_T                   |     1 |    20 |     2   (0)| 00:00:01 |
<font style="background-color: lightblue; color: red">|* 10 |           INDEX SKIP SCAN             | SI_USERS_T_N2                |     1 |       |     1   (0)| 00:00:01 |</font>
<font style="background-color: lightblue; color: red">|  11 |          TABLE ACCESS FULL            | SI_LOCALES                   |    35 |   245 |     3   (0)| 00:00:01 |</font>
<font style="background-color: lightblue; color: red">|* 12 |         TABLE ACCESS FULL             | MS_GRC_ORB_CONFIG_FORM_TITLE |    17 |  1853 |     3   (0)| 00:00:01 |</font>
|* 13 |        TABLE ACCESS BY INDEX ROWID    | MS_GRC_REL_DEFN              |     1 |    49 |     2   (0)| 00:00:01 |
|* 14 |         INDEX RANGE SCAN              | MS_GRC_REL_DEFN_IDX1         |     1 |       |     1   (0)| 00:00:01 |
|* 15 |       VIEW                            | SI_REPORTS                   |   540 |   341K|    15   (7)| 00:00:01 |
|* 16 |        HASH JOIN RIGHT OUTER          |                              |   540 | 49140 |    15   (7)| 00:00:01 |
<font style="background-color: lightblue; color: red">|* 17 |         TABLE ACCESS FULL             | SI_REPORTS_TL                |   219 |  7446 |     4   (0)| 00:00:01 |</font>
<font style="background-color: lightblue; color: red">|  18 |         TABLE ACCESS FULL             | SI_REPORTS_T                 |   540 | 30780 |    10   (0)| 00:00:01 |</font>
|  19 |        TABLE ACCESS BY INDEX ROWID    | SI_USERS_T                   |     1 |    19 |     2   (0)| 00:00:01 |
<font style="background-color: lightblue; color: red">|* 20 |         INDEX SKIP SCAN               | SI_USERS_T_N2                |     1 |       |     1   (0)| 00:00:01 |</font>
|  21 |      VIEW                             |                              |     1 |    52 |    21   (5)| 00:00:01 |
|  22 |       NESTED LOOPS                    |                              |       |       |            |          |
|  23 |        NESTED LOOPS                   |                              |     1 |   140 |    21   (5)| 00:00:01 |
|* 24 |         HASH JOIN                     |                              |     1 |   106 |    19   (6)| 00:00:01 |
<font style="background-color: lightblue; color: red">|* 25 |          TABLE ACCESS FULL            | MS_GRC_ORB_CONFIG_FORM_TITLE |    17 |   731 |     3   (0)| 00:00:01 |</font>
<font style="background-color: lightblue; color: red">|  26 |          MERGE JOIN CARTESIAN         |                              |   540 | 34020 |    16   (7)| 00:00:01 |</font>
|* 27 |           HASH JOIN                   |                              |     1 |    31 |     6  (17)| 00:00:01 |
|  28 |            TABLE ACCESS BY INDEX ROWID| SI_USERS_T                   |     1 |    20 |     2   (0)| 00:00:01 |
<font style="background-color: lightblue; color: red">|* 29 |             INDEX SKIP SCAN           | SI_USERS_T_N2                |     1 |       |     1   (0)| 00:00:01 |</font>
<font style="background-color: lightblue; color: red">|  30 |            TABLE ACCESS FULL          | SI_LOCALES                   |    35 |   385 |     3   (0)| 00:00:01 |</font>
|  31 |           BUFFER SORT                 |                              |   540 | 17280 |    13   (8)| 00:00:01 |
<font style="background-color: lightblue; color: red">|  32 |            TABLE ACCESS FULL          | SI_REPORTS_T                 |   540 | 17280 |    10   (0)| 00:00:01 |</font>
|* 33 |         INDEX RANGE SCAN              | SI_REPORTS_TL_N1             |     1 |       |     1   (0)| 00:00:01 |
|  34 |        TABLE ACCESS BY INDEX ROWID    | SI_REPORTS_TL                |     1 |    34 |     2   (0)| 00:00:01 |
----------------------------------------------------------------------------------------------------------------------
 
										</code></pre>
 										<header class="major"><h2>Query Block Name / Object Alias (identified by operation id):</h2></header>
										<pre><code>
-------------------------------------------------------------
 
   1 - SEL$1       
   2 - SEL$83B132A2 / from$_subquery$_001@SEL$1
   3 - SEL$83B132A2
   9 - SEL$83B132A2 / USR@SEL$7
  10 - SEL$83B132A2 / USR@SEL$7
  11 - SEL$83B132A2 / D@SEL$7
  12 - SEL$83B132A2 / B@SEL$7
  13 - SEL$83B132A2 / A@SEL$7
  14 - SEL$83B132A2 / A@SEL$7
  15 - SEL$3        / RT@SEL$2
  16 - SEL$3       
  17 - SEL$3        / TL@SEL$3
  18 - SEL$3        / T@SEL$3
  19 - SEL$8        / SI_USERS_T@SEL$8
  20 - SEL$8        / SI_USERS_T@SEL$8
  21 - SEL$3C70F8C4 / RT_2@SEL$2
  22 - SEL$3C70F8C4
  25 - SEL$3C70F8C4 / RR@SEL$4
  28 - SEL$3C70F8C4 / A@SEL$5
  29 - SEL$3C70F8C4 / A@SEL$5
  30 - SEL$3C70F8C4 / B@SEL$5
  32 - SEL$3C70F8C4 / QQ@SEL$4
  33 - SEL$3C70F8C4 / PP@SEL$4
  34 - SEL$3C70F8C4 / PP@SEL$4
 
										</code></pre>
 										<header class="major"><h2>Predicate Information (identified by operation id):</h2></header>
										<pre><code>
---------------------------------------------------
 
   4 - access("RT"."REPORT_ID"="RT_2"."REP_ID"(+))
   5 - access("B"."REPORT_NAME"="RT"."REPORT_NAME")
   7 - access("B"."LOCALE"="D"."LOCALE_STRING")
   8 - access("D"."LOCALE_STRING"="USR"."LOCALE")
  10 - access("USR"."USER_NAME"=:1)
       filter("USR"."USER_NAME"=:1)
  12 - filter("B"."REPORT_NAME" IS NOT NULL)
  13 - filter("A"."ENABLED"='Y')
  14 - access("SRC_OBJ_TYPE"=:2 AND "A"."DEST_OBJ_TYPE"="B"."OBJECT_TYPE")
  15 - filter("RT"."CREATED_BY"= (SELECT "USER_ID" FROM "SI_USERS_T" "SI_USERS_T" WHERE 
              "USER_NAME"='pfadmin'))
  16 - access("T"."REPORT_ID"="TL"."REPORT_ID"(+))
  17 - filter("TL"."LOCALE_ID"(+)=TO_NUMBER("SI_DB_LOCALE_SV"."GETVALUE"()))
  20 - access("USER_NAME"='pfadmin')
       filter("USER_NAME"='pfadmin')
  24 - access("QQ"."REPORT_NAME"="RR"."REPORT_NAME" AND "RR"."LOCALE"="B"."LOCALE_STRING")
  25 - filter("RR"."REPORT_NAME" IS NOT NULL)
  27 - access("A"."LOCALE"="B"."LOCALE_STRING")
  29 - access("USER_NAME"=:1)
       filter("USER_NAME"=:1)
  33 - access("PP"."REPORT_ID"="QQ"."REPORT_ID" AND "PP"."LOCALE_ID"="B"."LOCALE_ID")
 
										</code></pre>
 										<header class="major"><h2>Column Projection Information (identified by operation id):</h2></header>
										<pre><code>
-----------------------------------------------------------
 
   1 - (#keys=0) "MS_CONCAT"("OBJ_TYPE"||'^*^'||NVL("REP_TITLE_RT2","REPORT_TITLE")||'$#$'||NVL2("REP_TITLE_RT
       2",NVL("RPT_DISP_NAME_RR","RPT_LINK_DISP_NAME"),"RPT_LINK_DISP_NAME")||'@#@'||"IMG_PATH"||'/'||"IMG_FILE_NAME"
       ||'%#%'||"REL_ID"||'&#&'||NVL2("REP_TITLE_RT2",NVL("REP_TITLE_RT2","FORM_TITLS"),"FORM_TITLS"))[4000]
   2 - "OBJ_TYPE"[VARCHAR2,1600], "REP_TITLE_RT2"[VARCHAR2,1200], "REPORT_TITLE"[VARCHAR2,1200], 
       "RPT_DISP_NAME_RR"[VARCHAR2,4000], "RPT_LINK_DISP_NAME"[VARCHAR2,4000], "IMG_PATH"[VARCHAR2,4000], 
       "IMG_FILE_NAME"[VARCHAR2,400], "FORM_TITLS"[VARCHAR2,4000], "REL_ID"[VARCHAR2,160]
   3 - (#keys=1) "B"."RPT_LINK_DISPLAY_NAME"||DECODE("A"."MANDATORY_YN",'Y','*')[4000], 
       "B"."OBJECT_TYPE"[VARCHAR2,1600], "REP_TITLE_RT2"[VARCHAR2,1200], "REPORT_TITLE"[VARCHAR2,1200], 
       "RPT_DISP_NAME_RR"||DECODE("A"."MANDATORY_YN",'Y','*')[4000], "B"."IMAGE_PATH"[VARCHAR2,4000], 
       "B"."IMAGE_FILE_NAME"[VARCHAR2,400], "B"."FORM_TITLE"[VARCHAR2,4000], "REL_ID"[VARCHAR2,160]
   4 - (#keys=1) "B"."OBJECT_TYPE"[VARCHAR2,1600], "B"."FORM_TITLE"[VARCHAR2,4000], 
       "A"."MANDATORY_YN"[VARCHAR2,4], "B"."RPT_LINK_DISPLAY_NAME"[VARCHAR2,4000], 
       "B"."IMAGE_FILE_NAME"[VARCHAR2,400], "B"."IMAGE_PATH"[VARCHAR2,4000], "REL_ID"[VARCHAR2,160], 
       "REPORT_TITLE"[VARCHAR2,1200], "RPT_DISP_NAME_RR"[VARCHAR2,4000], "REP_TITLE_RT2"[VARCHAR2,1200]
   5 - (#keys=1) "B"."OBJECT_TYPE"[VARCHAR2,1600], "B"."FORM_TITLE"[VARCHAR2,4000], 
       "A"."MANDATORY_YN"[VARCHAR2,4], "B"."RPT_LINK_DISPLAY_NAME"[VARCHAR2,4000], 
       "B"."IMAGE_FILE_NAME"[VARCHAR2,400], "B"."IMAGE_PATH"[VARCHAR2,4000], "REL_ID"[VARCHAR2,160], 
       "RT"."REPORT_ID"[NUMBER,22], "REPORT_TITLE"[VARCHAR2,1200]
   6 - (#keys=0) "B"."OBJECT_TYPE"[VARCHAR2,1600], "B"."FORM_TITLE"[VARCHAR2,4000], 
       "B"."REPORT_NAME"[VARCHAR2,200], "B"."RPT_LINK_DISPLAY_NAME"[VARCHAR2,4000], 
       "B"."IMAGE_FILE_NAME"[VARCHAR2,400], "B"."IMAGE_PATH"[VARCHAR2,4000], "REL_ID"[VARCHAR2,160], 
       "A"."MANDATORY_YN"[VARCHAR2,4]
   7 - (#keys=1) "B"."OBJECT_TYPE"[VARCHAR2,1600], "B"."FORM_TITLE"[VARCHAR2,4000], 
       "B"."REPORT_NAME"[VARCHAR2,200], "B"."RPT_LINK_DISPLAY_NAME"[VARCHAR2,4000], 
       "B"."IMAGE_FILE_NAME"[VARCHAR2,400], "B"."IMAGE_PATH"[VARCHAR2,4000]
   8 - (#keys=1) "D"."LOCALE_STRING"[VARCHAR2,100]
   9 - "USR"."LOCALE"[VARCHAR2,400]
  10 - "USR".ROWID[ROWID,10]
  11 - "D"."LOCALE_STRING"[VARCHAR2,100]
  12 - "B"."OBJECT_TYPE"[VARCHAR2,1600], "B"."FORM_TITLE"[VARCHAR2,4000], "B"."REPORT_NAME"[VARCHAR2,200], 
       "B"."RPT_LINK_DISPLAY_NAME"[VARCHAR2,4000], "B"."LOCALE"[VARCHAR2,40], "B"."IMAGE_PATH"[VARCHAR2,4000], 
       "B"."IMAGE_FILE_NAME"[VARCHAR2,400]
  13 - "REL_ID"[VARCHAR2,160], "A"."MANDATORY_YN"[VARCHAR2,4]
  14 - "A".ROWID[ROWID,10]
  15 - "RT"."REPORT_ID"[NUMBER,22], "RT"."REPORT_NAME"[VARCHAR2,300], "REPORT_TITLE"[VARCHAR2,1200], 
       "RT"."CREATED_BY"[NUMBER,22]
  16 - (#keys=1) "T"."REPORT_ID"[NUMBER,22], "TL"."REPORT_TITLE"[VARCHAR2,1200], "T"."CREATED_BY"[NUMBER,22], 
       "T"."REPORT_NAME"[VARCHAR2,300], "T"."REPORT_TITLE"[VARCHAR2,300]
  17 - "TL"."REPORT_ID"[NUMBER,22], "TL"."REPORT_TITLE"[VARCHAR2,1200]
  18 - "T"."REPORT_ID"[NUMBER,22], "T"."REPORT_NAME"[VARCHAR2,300], "T"."REPORT_TITLE"[VARCHAR2,300], 
       "T"."CREATED_BY"[NUMBER,22]
  19 - "SI_USERS_T".ROWID[ROWID,10], "USER_ID"[NUMBER,22]
  20 - "SI_USERS_T".ROWID[ROWID,10]
  21 - "RT_2"."REP_ID"[NUMBER,22], "REP_TITLE_RT2"[VARCHAR2,1200], "RPT_DISP_NAME_RR"[VARCHAR2,4000]
  22 - (#keys=0) "RR"."RPT_LINK_DISPLAY_NAME"[VARCHAR2,4000], "PP"."REPORT_ID"[NUMBER,22], 
       "PP"."REPORT_TITLE"[VARCHAR2,1200]
  23 - (#keys=0) "RR"."RPT_LINK_DISPLAY_NAME"[VARCHAR2,4000], "PP".ROWID[ROWID,10], 
       "PP"."REPORT_ID"[NUMBER,22]
  24 - (#keys=2) "RR"."RPT_LINK_DISPLAY_NAME"[VARCHAR2,4000], "QQ"."REPORT_ID"[NUMBER,22], 
       "B"."LOCALE_ID"[NUMBER,22]
  25 - "RR"."REPORT_NAME"[VARCHAR2,200], "RR"."RPT_LINK_DISPLAY_NAME"[VARCHAR2,4000], 
       "RR"."LOCALE"[VARCHAR2,40]
  26 - (#keys=0) "B"."LOCALE_STRING"[VARCHAR2,100], "B"."LOCALE_ID"[NUMBER,22], "QQ"."REPORT_ID"[NUMBER,22], 
       "QQ"."REPORT_NAME"[VARCHAR2,300]
  27 - (#keys=1) "B"."LOCALE_STRING"[VARCHAR2,100], "B"."LOCALE_ID"[NUMBER,22]
  28 - "A"."LOCALE"[VARCHAR2,400]
  29 - "A".ROWID[ROWID,10]
  30 - "B"."LOCALE_ID"[NUMBER,22], "B"."LOCALE_STRING"[VARCHAR2,100]
  31 - (#keys=0) "QQ"."REPORT_ID"[NUMBER,22], "QQ"."REPORT_NAME"[VARCHAR2,300]
  32 - "QQ"."REPORT_ID"[NUMBER,22], "QQ"."REPORT_NAME"[VARCHAR2,300]
  33 - "PP".ROWID[ROWID,10], "PP"."REPORT_ID"[NUMBER,22]
  34 - "PP"."REPORT_TITLE"[VARCHAR2,1200]
										</code></pre>
								</section>
						</div>
					</div>

				<!-- Sidebar -->
				<div id="sidebar">
					<div class="inner">
						<!-- Menu -->
						<nav id="menu">
							<header class="major">
								<h2>Menu</h2>
							</header>
							<ul>
								<li><a href="index.html">Summary</a></li>
								<li>
									<span class="opener">DB Analysis</span>
									<ul>
										<li><a href="union.html">Bad SQL</a></li>
										<li><a href="poor-sql.html">Poor SQL Plan</a></li>
										<li><a href="invalid-sql.html">Invalid SQL</a></li>
										<li><a href="full-sql.html">Full SQL Report</a></li>
										<li><a href="db-primary-unique-key.html">Primary/Unique Key Miss</a></li>
										<li><a href="invalid-db-object.html">Invalid DB Objects</a></li>
									</ul>
								</li>
							</ul>
						</nav>

						<!-- Section -->
						<section>
							<header class="major">
								<h2>Get in touch</h2>
							</header>
							<p>You need more details on the report or want more functionality, don't hesitate to reach out to us.</p>
							<ul class="contact">
								<li class="fa-envelope-o"><a href="mailto:rnd@metricstream.com?Subject=Reg - Static Code Analysis Tool" target="_top">rnd@metricstream.com</a></li>
							</ul>
						</section>

						<!-- Footer -->
						<footer id="footer">
							<p class="copyright">&copy; <a href="http://www.metricstream.com" target="_blank">MetricStream</a>. All rights reserved. </p>
						</footer>
					</div>
				</div>
			</div>

		<!-- Scripts -->
			<script src="../lib/assets/js/jquery.min.js"></script>
			<script src="../lib/assets/js/skel.min.js"></script>
			<script src="../lib/assets/js/util.js"></script>
			<!--[if lte IE 8]><script src="../lib/assets/js/ie/respond.min.js"></script><![endif]-->
			<script src="../lib/assets/js/main.js"></script>
	</body>
</html>