<!DOCTYPE HTML>
<html>
	<head>
		<title>Code Analysis - MetricStream</title>
		<meta charset="utf-8" />
		<meta name="viewport" content="width=device-width, initial-scale=1, user-scalable=no" />
		<!--[if lte IE 8]><script src="assets/js/ie/html5shiv.js"></script><![endif]-->
		<link rel="stylesheet" href="../lib/assets/css/main.css" />
		<!--[if lte IE 9]><link rel="stylesheet" href="../lib/assets/css/ie9.css" /><![endif]-->
		<!--[if lte IE 8]><link rel="stylesheet" href="../lib/assets/css/ie8.css" /><![endif]-->
	</head>
	<body>

		<!-- Wrapper -->
			<div id="wrapper">

				<!-- Main -->
					<div id="main">
						<div class="inner">
							<!-- Header -->
								<header id="header">
									<a href="index.html" class="logo"><strong>Static Code Analysis Report</strong> by Code Analyzer Tool</a>
								</header>

							<!-- Content -->
								<section>
									<!-- Content -->
										<header class="major"><h2>Infolet Details</h2></header>
										<div class="table-wrapper">
											<table>
												<tbody>
													<tr>
														<td>Name</td>
														<td>MS_GRC_GET_ALL_OBJECT_TYPES (100722)</td>
													</tr>
													<tr>
														<td>SQL</td>
														<td><pre><code>select internal_name, object_type  
from ms_grc_wf_config c, ms_apps_entity_v a
where a. db_table_name = c.db_table_name</code></pre></td>
													</tr>
													<tr>
														<td>Description</td>
														<td></td>
													</tr>
												</tbody>
											</table>
										</div>

										<h2 align="center" id="content">Analysis Report</h2>
										<hr>
 										<header class="major"><h2>Plan hash value: 2175511577</h2></header>
										<pre><code>
 
------------------------------------------------------------------------------------------
| Id  | Operation             | Name             | Rows  | Bytes | Cost (%CPU)| Time     |
------------------------------------------------------------------------------------------
|   0 | SELECT STATEMENT      |                  |     1 |   111 |    29   (7)| 00:00:01 |
|*  1 |  HASH JOIN            |                  |     1 |   111 |    29   (7)| 00:00:01 |
|*  2 |   HASH JOIN           |                  |     3 |   213 |    26   (8)| 00:00:01 |
|   3 |    VIEW               | VW_SQ_1          |   177 |  4602 |    13   (8)| 00:00:01 |
|   4 |     SORT GROUP BY     |                  |   177 |  1416 |    13   (8)| 00:00:01 |
<font style="background-color: lightblue; color: red">|   5 |      TABLE ACCESS FULL| MS_APPS_ENTITY   |  1340 | 10720 |    12   (0)| 00:00:01 |</font>
<font style="background-color: lightblue; color: red">|   6 |    TABLE ACCESS FULL  | MS_APPS_ENTITY   |  1340 | 60300 |    12   (0)| 00:00:01 |</font>
<font style="background-color: lightblue; color: red">|   7 |   TABLE ACCESS FULL   | MS_GRC_WF_CONFIG |    23 |   920 |     3   (0)| 00:00:01 |</font>
------------------------------------------------------------------------------------------
 
										</code></pre>
 										<header class="major"><h2>Query Block Name / Object Alias (identified by operation id):</h2></header>
										<pre><code>
-------------------------------------------------------------
 
   1 - SEL$93B2D9E4
   3 - SEL$291F8F59 / VW_SQ_1@SEL$8E04CB56
   4 - SEL$291F8F59
   5 - SEL$291F8F59 / M2@SEL$3
   6 - SEL$93B2D9E4 / M1@SEL$2
   7 - SEL$93B2D9E4 / C@SEL$1
 
										</code></pre>
 										<header class="major"><h2>Predicate Information (identified by operation id):</h2></header>
										<pre><code>
---------------------------------------------------
 
   1 - access("DB_TABLE_NAME"="C"."DB_TABLE_NAME")
   2 - access("SEQ_NO"="MAX(SEQ_NO)" AND "ITEM_0"="M1"."ENTITY_UNIQUE_ID")
 
										</code></pre>
 										<header class="major"><h2>Column Projection Information (identified by operation id):</h2></header>
										<pre><code>
-----------------------------------------------------------
 
   1 - (#keys=1) "INTERNAL_NAME"[VARCHAR2,120], "OBJECT_TYPE"[VARCHAR2,4000]
   2 - (#keys=2) "INTERNAL_NAME"[VARCHAR2,120], "DB_TABLE_NAME"[VARCHAR2,120]
   3 - "MAX(SEQ_NO)"[NUMBER,22], "ITEM_0"[NUMBER,22]
   4 - (#keys=1) "M2"."ENTITY_UNIQUE_ID"[NUMBER,22], MAX("SEQ_NO")[22]
   5 - "SEQ_NO"[NUMBER,22], "M2"."ENTITY_UNIQUE_ID"[NUMBER,22]
   6 - "INTERNAL_NAME"[VARCHAR2,120], "DB_TABLE_NAME"[VARCHAR2,120], 
       "SEQ_NO"[NUMBER,22], "M1"."ENTITY_UNIQUE_ID"[NUMBER,22]
   7 - "OBJECT_TYPE"[VARCHAR2,4000], "C"."DB_TABLE_NAME"[VARCHAR2,4000]
										</code></pre>
								</section>
						</div>
					</div>

				<!-- Sidebar -->
				<div id="sidebar">
					<div class="inner">
						<!-- Menu -->
						<nav id="menu">
							<header class="major">
								<h2>Menu</h2>
							</header>
							<ul>
								<li><a href="index.html">Summary</a></li>
								<li>
									<span class="opener">DB Analysis</span>
									<ul>
										<li><a href="union.html">Bad SQL</a></li>
										<li><a href="poor-sql.html">Poor SQL Plan</a></li>
										<li><a href="invalid-sql.html">Invalid SQL</a></li>
										<li><a href="full-sql.html">Full SQL Report</a></li>
										<li><a href="db-primary-unique-key.html">Primary/Unique Key Miss</a></li>
										<li><a href="invalid-db-object.html">Invalid DB Objects</a></li>
									</ul>
								</li>
								<li>
									<span class="opener">Infolets</span>
									<ul>
										<li><a href="keep-history-infolets.html">Keep History Infolets</a></li>
									</ul>
								</li>
								<li>
									<span class="opener">Pushforms</span>
									<ul>
										<li><a href="pushform-denormalize.html">Pushform Denormalized</a></li>
									</ul>
								</li>
							</ul>
						</nav>

						<!-- Section -->
						<section>
							<header class="major">
								<h2>Get in touch</h2>
							</header>
							<p>You need more details on the report or want more functionality, don't hesitate to reach out to us.</p>
							<ul class="contact">
								<li class="fa-envelope-o"><a href="mailto:rnd@metricstream.com?Subject=Reg - Static Code Analysis Tool" target="_top">rnd@metricstream.com</a></li>
							</ul>
						</section>

						<!-- Footer -->
						<footer id="footer">
							<p class="copyright">&copy; <a href="http://www.metricstream.com" target="_blank">MetricStream</a>. All rights reserved. </p>
						</footer>
					</div>
				</div>
			</div>

		<!-- Scripts -->
			<script src="../lib/assets/js/jquery.min.js"></script>
			<script src="../lib/assets/js/skel.min.js"></script>
			<script src="../lib/assets/js/util.js"></script>
			<!--[if lte IE 8]><script src="../lib/assets/js/ie/respond.min.js"></script><![endif]-->
			<script src="../lib/assets/js/main.js"></script>
	</body>
</html>