<!DOCTYPE HTML>
<html>
	<head>
		<title>Code Analysis - MetricStream</title>
		<meta charset="utf-8" />
		<meta name="viewport" content="width=device-width, initial-scale=1, user-scalable=no" />
		<!--[if lte IE 8]><script src="assets/js/ie/html5shiv.js"></script><![endif]-->
		<link rel="stylesheet" href="../lib/assets/css/main.css" />
		<!--[if lte IE 9]><link rel="stylesheet" href="../lib/assets/css/ie9.css" /><![endif]-->
		<!--[if lte IE 8]><link rel="stylesheet" href="../lib/assets/css/ie8.css" /><![endif]-->
	</head>
	<body>

		<!-- Wrapper -->
			<div id="wrapper">

				<!-- Main -->
					<div id="main">
						<div class="inner">
							<!-- Header -->
								<header id="header">
									<a href="index.html" class="logo"><strong>Static Code Analysis Report</strong> by Code Analyzer Tool</a>
								</header>

							<!-- Content -->
								<section>
									<!-- Content -->
										<header class="major"><h2>Infolet Details</h2></header>
										<div class="table-wrapper">
											<table>
												<tbody>
													<tr>
														<td>Name</td>
														<td>MS_GRC_ORB_Add_Control (100862)</td>
													</tr>
													<tr>
														<td>SQL</td>
														<td><pre><code>  SELECT '<input type=checkbox id="' 
  || replace(r.Object_Id,' ','$^$')
  ||
  '" value="' || htf.ESCAPE_SC(substr(r.Object_Name,1,3600))||'$#$'||ms_grc_utilities.get_form_url(r.dd_object_type,r.object_id)  || '"onClick=checkboxChange("' 
 || replace(r.Object_Id,' ','$^$')
  || '")></input>'  AS Checkbox,
	  r.Object_Id,
      r.Object_Name,
 r.OBJECT_PARENT As OBJECT_PARENT,
 r.Key_Control as Key_control,
 r.control_purpose as Purpose,
 r.control_frequency as Frequency,
 r.control_priority as Priority,
 r.control_nature as Nature
    FROM MS_GRC_CONTROL_DENORM_OV r
	where 
EXISTS
(SELECT COLUMN_VALUE
FROM TABLE(cast(MS_GRC_REPORT_FILTERS.Get_Filters_Control(:1,:2,:3,:4,:5,:6,:7,:8,:9) AS ms_varchar2_array))
WHERE COLUMN_VALUE = R.OBJECT_ID
)
AND r.locale =
  (SELECT LOCALE FROM si_users_t WHERE USER_NAME = :1
  )
order by r.upper_object_name</code></pre></td>
													</tr>
													<tr>
														<td>Description</td>
														<td> MS_GRC_ORB_Add_Control </td>
													</tr>
												</tbody>
											</table>
										</div>

										<h2 align="center" id="content">Analysis Report</h2>
										<hr>
 										<header class="major"><h2>Plan hash value: 1652360062</h2></header>
										<pre><code>
 
-------------------------------------------------------------------------------------------------------------------
| Id  | Operation                            | Name                       | Rows  | Bytes | Cost (%CPU)| Time     |
-------------------------------------------------------------------------------------------------------------------
|   0 | SELECT STATEMENT                     |                            |     1 |   991 |    36   (6)| 00:00:01 |
|*  1 |  TABLE ACCESS BY INDEX ROWID         | MS_GRC_COMPLIANCE_OBJE     |     1 |    33 |     1   (0)| 00:00:01 |
|*  2 |   INDEX UNIQUE SCAN                  | MS_GRC_COMPLIANCE_OBJE_PK  |     1 |       |     0   (0)| 00:00:01 |
|   3 |  SORT ORDER BY                       |                            |     1 |   991 |    36   (6)| 00:00:01 |
|   4 |   NESTED LOOPS                       |                            |     1 |   991 |    33   (4)| 00:00:01 |
|*  5 |    HASH JOIN SEMI                    |                            |     1 |   845 |    31   (4)| 00:00:01 |
|   6 |     INDEX FULL SCAN                  | MS_GRC_CONTROL_SUMMARY_PK  |     3 |  2529 |     1   (0)| 00:00:01 |
<font style="background-color: lightblue; color: red">|   7 |     COLLECTION ITERATOR PICKLER FETCH| GET_FILTERS_CONTROL        |  8168 | 16336 |    29   (0)| 00:00:01 |</font>
|*  8 |    TABLE ACCESS BY INDEX ROWID       | MS_GRC_CONTROL_MLS_SUMMARY |     1 |   146 |     2   (0)| 00:00:01 |
|*  9 |     INDEX RANGE SCAN                 | MS_GRC_CTRL_MLS_SUMM_IDX2  |     4 |       |     1   (0)| 00:00:01 |
|  10 |     TABLE ACCESS BY INDEX ROWID      | SI_USERS_T                 |     1 |    20 |     2   (0)| 00:00:01 |
<font style="background-color: lightblue; color: red">|* 11 |      INDEX SKIP SCAN                 | SI_USERS_T_N2              |     1 |       |     1   (0)| 00:00:01 |</font>
-------------------------------------------------------------------------------------------------------------------
 
										</code></pre>
 										<header class="major"><h2>Query Block Name / Object Alias (identified by operation id):</h2></header>
										<pre><code>
-------------------------------------------------------------
 
   1 - SEL$3        / COMP@SEL$3
   2 - SEL$3        / COMP@SEL$3
   3 - SEL$ACAD03D6
   6 - SEL$ACAD03D6 / CONTSUMM@SEL$2
   7 - SEL$ACAD03D6 / KOKBF$0@SEL$5
   8 - SEL$ACAD03D6 / MLSSUMM@SEL$2
   9 - SEL$ACAD03D6 / MLSSUMM@SEL$2
  10 - SEL$6        / SI_USERS_T@SEL$6
  11 - SEL$6        / SI_USERS_T@SEL$6
 
										</code></pre>
 										<header class="major"><h2>Predicate Information (identified by operation id):</h2></header>
										<pre><code>
---------------------------------------------------
 
   1 - filter("COMP"."DD_OBJECT_TYPE"='MS_GRC_CONTROL')
   2 - access("COMP"."OBJECT_ID"=:B1)
   5 - access("CONTSUMM"."OBJECT_ID"=VALUE(KOKBF$))
   8 - filter("MLSSUMM"."LOCALE"= (SELECT "LOCALE" FROM "SI_USERS_T" "SI_USERS_T" WHERE "USER_NAME"=:1))
   9 - access("CONTSUMM"."OBJECT_ID"="MLSSUMM"."OBJECT_ID")
  11 - access("USER_NAME"=:1)
       filter("USER_NAME"=:1)
 
										</code></pre>
 										<header class="major"><h2>Column Projection Information (identified by operation id):</h2></header>
										<pre><code>
-----------------------------------------------------------
 
   1 - "COMP".ROWID[ROWID,10], "OBJECT_NAME"[VARCHAR2,4000], "COMP"."DD_OBJECT_TYPE"[VARCHAR2,400]
   2 - "COMP".ROWID[ROWID,10]
   3 - (#keys=1) "CONTSUMM"."UPPER_OBJECT_NAME"[VARCHAR2,3000], '<input type=checkbox 
       id="'||REPLACE("CONTSUMM"."OBJECT_ID",' ','$^$')||'" value="'||"HTF"."ESCAPE_SC"(SUBSTR("CONTSUMM"."OBJECT_
       NAME",1,3600))||'$#$'||"MS_GRC_UTILITIES"."GET_FORM_URL"("CONTSUMM"."DD_OBJECT_TYPE","CONTSUMM"."OBJECT_ID"
       )||'"onClick=checkboxChange("'||REPLACE("CONTSUMM"."OBJECT_ID",' ','$^$')||'")></input>'[4000], 
       "CONTSUMM"."OBJECT_ID"[VARCHAR2,1600], "CONTSUMM"."OBJECT_NAME"[VARCHAR2,4000],  (SELECT "OBJECT_NAME" 
       FROM MAZARS_DEV."MS_GRC_COMPLIANCE_OBJE" "COMP" WHERE "COMP"."OBJECT_ID"=:B1 AND 
       "COMP"."DD_OBJECT_TYPE"='MS_GRC_CONTROL')[4000], "MLSSUMM"."KEY_CONTROL"[VARCHAR2,1020], 
       "MLSSUMM"."CONTROL_PURPOSE"[4000], "MLSSUMM"."CONTROL_FREQUENCY"[VARCHAR2,4000], 
       "MLSSUMM"."CONTROL_PRIORITY"[VARCHAR2,4000], "MLSSUMM"."CONTROL_NATURE"[4000]
   4 - (#keys=0) "CONTSUMM"."OBJECT_ID"[VARCHAR2,1600], "CONTSUMM"."UPPER_OBJECT_NAME"[VARCHAR2,3000], 
       "CONTSUMM"."DD_OBJECT_TYPE"[VARCHAR2,1600], "CONTSUMM"."OBJECT_NAME"[VARCHAR2,4000], 
       "CONTSUMM"."PARENT"[VARCHAR2,1600], "MLSSUMM"."CONTROL_PURPOSE"[LOB,4000], 
       "MLSSUMM"."CONTROL_NATURE"[LOB,4000], "MLSSUMM"."CONTROL_PRIORITY"[VARCHAR2,4000], 
       "MLSSUMM"."CONTROL_FREQUENCY"[VARCHAR2,4000], "MLSSUMM"."KEY_CONTROL"[VARCHAR2,1020]
   5 - (#keys=1) "CONTSUMM"."OBJECT_ID"[VARCHAR2,1600], "CONTSUMM"."UPPER_OBJECT_NAME"[VARCHAR2,3000], 
       "CONTSUMM"."DD_OBJECT_TYPE"[VARCHAR2,1600], "CONTSUMM"."OBJECT_NAME"[VARCHAR2,4000], 
       "CONTSUMM"."PARENT"[VARCHAR2,1600]
   6 - "CONTSUMM"."UPPER_OBJECT_NAME"[VARCHAR2,3000], "CONTSUMM"."OBJECT_ID"[VARCHAR2,1600], 
       "CONTSUMM"."OBJECT_NAME"[VARCHAR2,4000], "CONTSUMM"."PARENT"[VARCHAR2,1600], 
       "CONTSUMM"."DD_OBJECT_TYPE"[VARCHAR2,1600]
   7 - VALUE(A0)[8000]
   8 - "MLSSUMM"."CONTROL_PURPOSE"[LOB,4000], "MLSSUMM"."CONTROL_NATURE"[LOB,4000], 
       "MLSSUMM"."CONTROL_PRIORITY"[VARCHAR2,4000], "MLSSUMM"."CONTROL_FREQUENCY"[VARCHAR2,4000], 
       "MLSSUMM"."KEY_CONTROL"[VARCHAR2,1020]
   9 - "MLSSUMM".ROWID[ROWID,10]
  10 - "SI_USERS_T".ROWID[ROWID,10], "LOCALE"[VARCHAR2,400]
  11 - "SI_USERS_T".ROWID[ROWID,10]
										</code></pre>
								</section>
						</div>
					</div>

				<!-- Sidebar -->
				<div id="sidebar">
					<div class="inner">
						<!-- Menu -->
						<nav id="menu">
							<header class="major">
								<h2>Menu</h2>
							</header>
							<ul>
								<li><a href="index.html">Summary</a></li>
								<li>
									<span class="opener">DB Analysis</span>
									<ul>
										<li><a href="union.html">Bad SQL</a></li>
										<li><a href="poor-sql.html">Poor SQL Plan</a></li>
										<li><a href="invalid-sql.html">Invalid SQL</a></li>
										<li><a href="full-sql.html">Full SQL Report</a></li>
										<li><a href="db-primary-unique-key.html">Primary/Unique Key Miss</a></li>
										<li><a href="invalid-db-object.html">Invalid DB Objects</a></li>
									</ul>
								</li>
								<li>
									<span class="opener">Infolets</span>
									<ul>
										<li><a href="keep-history-infolets.html">Keep History Infolets</a></li>
									</ul>
								</li>
								<li>
									<span class="opener">Pushforms</span>
									<ul>
										<li><a href="pushform-denormalize.html">Pushform Denormalized</a></li>
									</ul>
								</li>
							</ul>
						</nav>

						<!-- Section -->
						<section>
							<header class="major">
								<h2>Get in touch</h2>
							</header>
							<p>You need more details on the report or want more functionality, don't hesitate to reach out to us.</p>
							<ul class="contact">
								<li class="fa-envelope-o"><a href="mailto:rnd@metricstream.com?Subject=Reg - Static Code Analysis Tool" target="_top">rnd@metricstream.com</a></li>
							</ul>
						</section>

						<!-- Footer -->
						<footer id="footer">
							<p class="copyright">&copy; <a href="http://www.metricstream.com" target="_blank">MetricStream</a>. All rights reserved. </p>
						</footer>
					</div>
				</div>
			</div>

		<!-- Scripts -->
			<script src="../lib/assets/js/jquery.min.js"></script>
			<script src="../lib/assets/js/skel.min.js"></script>
			<script src="../lib/assets/js/util.js"></script>
			<!--[if lte IE 8]><script src="../lib/assets/js/ie/respond.min.js"></script><![endif]-->
			<script src="../lib/assets/js/main.js"></script>
	</body>
</html>