<!DOCTYPE HTML>
<html>
	<head>
		<title>Code Analysis - MetricStream</title>
		<meta charset="utf-8" />
		<meta name="viewport" content="width=device-width, initial-scale=1, user-scalable=no" />
		<!--[if lte IE 8]><script src="assets/js/ie/html5shiv.js"></script><![endif]-->
		<link rel="stylesheet" href="../lib/assets/css/main.css" />
		<!--[if lte IE 9]><link rel="stylesheet" href="../lib/assets/css/ie9.css" /><![endif]-->
		<!--[if lte IE 8]><link rel="stylesheet" href="../lib/assets/css/ie8.css" /><![endif]-->
	</head>
	<body>

		<!-- Wrapper -->
			<div id="wrapper">

				<!-- Main -->
					<div id="main">
						<div class="inner">
							<!-- Header -->
								<header id="header">
									<a href="index.html" class="logo"><strong>Static Code Analysis Report</strong> by Code Analyzer Tool</a>
								</header>

							<!-- Content -->
								<section>
									<!-- Content -->
										<header class="major"><h2>Infolet Details</h2></header>
										<div class="table-wrapper">
											<table>
												<tbody>
													<tr>
														<td>Name</td>
														<td>MS_GRC_Objectives_Type (100877)</td>
													</tr>
													<tr>
														<td>SQL</td>
														<td><pre><code>Select c.Stored_Value as Stored_Value,
       c.Displayed_Value as Displayed_Value,
       c.Lov_Name as Lov_Name
From   MS_GRC_LOV_ORG_VALUES_V c,
si_locales a,si_users_t b 
where 
c.locale_id= a.locale_id
and a.locale_string = b.locale and b.user_name = :1 and  (trim(Lov_Name)='MS_GRC_Objective_Type')
and C.STORED_VALUE IN (select distinct '1' from MS_QMS_FLOW_DOWN_ORG_V where USER_NAME =:1
and ACTIVITY_NAME in ('GRC - View Business Objective',ms_grc_utilities.GET_TYPE_ACTIVITY('MS_GRC_OBJECTIVES',:2,1,'E'),'GRC - Approve Business Objective')
union all 
select distinct '2' from MS_QMS_FLOW_DOWN_ORG_V where USER_NAME =:1
and ACTIVITY_NAME in ('GRC - View Control Objective',ms_grc_utilities.GET_TYPE_ACTIVITY('MS_GRC_OBJECTIVES',:2,2,'E'),'GRC - Approve Control Objective')
union all 
select distinct '3' from MS_QMS_FLOW_DOWN_ORG_V where USER_NAME =:1
and ACTIVITY_NAME in ('GRC - View Process Objective',ms_grc_utilities.GET_TYPE_ACTIVITY('MS_GRC_OBJECTIVES',:2,3,'E'),'GRC - Approve Process Objective'))
order by stored_value asc</code></pre></td>
													</tr>
													<tr>
														<td>Description</td>
														<td></td>
													</tr>
												</tbody>
											</table>
										</div>

										<h2 align="center" id="content">Analysis Report</h2>
										<hr>
 										<header class="major"><h2>Plan hash value: 3856773293</h2></header>
										<pre><code>
 
--------------------------------------------------------------------------------------------------------------------------------------------
| Id  | Operation                                                    | Name                        | Rows  | Bytes | Cost (%CPU)| Time     |
--------------------------------------------------------------------------------------------------------------------------------------------
|   0 | SELECT STATEMENT                                             |                             |     1 |  1111 |   130  (10)| 00:00:02 |
|   1 |  SORT ORDER BY                                               |                             |     1 |  1111 |   130  (10)| 00:00:02 |
|*  2 |   HASH JOIN OUTER                                            |                             |     1 |  1111 |   129  (10)| 00:00:02 |
|   3 |    NESTED LOOPS                                              |                             |     1 |  1085 |   123  (10)| 00:00:02 |
|   4 |     NESTED LOOPS                                             |                             |     1 |  1065 |   121  (10)| 00:00:02 |
|*  5 |      HASH JOIN                                               |                             |     1 |  1054 |   120  (10)| 00:00:02 |
<font style="background-color: lightblue; color: red">|*  6 |       TABLE ACCESS FULL                                      | MS_QS_LOV_NAMES             |     3 |    87 |     6   (0)| 00:00:01 |</font>
|*  7 |       HASH JOIN                                              |                             |    49 | 50225 |   113  (10)| 00:00:02 |
|   8 |        VIEW                                                  | VW_NSO_4                    |     3 |    18 |    83  (14)| 00:00:01 |
|   9 |         SORT UNIQUE                                          |                             |     3 |  6336 |    83  (72)| 00:00:01 |
|  10 |          UNION-ALL                                           |                             |       |       |            |          |
|  11 |           SORT UNIQUE                                        |                             |     1 |  2112 |    28  (15)| 00:00:01 |
<font style="background-color: lightblue; color: red">|  12 |            MERGE JOIN CARTESIAN                              |                             |     1 |  2112 |    27  (12)| 00:00:01 |</font>
|  13 |             NESTED LOOPS                                     |                             |       |       |            |          |
|  14 |              NESTED LOOPS                                    |                             |     1 |  2112 |    14  (15)| 00:00:01 |
|  15 |               NESTED LOOPS                                   |                             |     1 |  2077 |    13  (16)| 00:00:01 |
|  16 |                NESTED LOOPS                                  |                             |     1 |  2067 |    12  (17)| 00:00:01 |
|  17 |                 NESTED LOOPS                                 |                             |     1 |  2062 |    12  (17)| 00:00:01 |
|  18 |                  NESTED LOOPS                                |                             |     2 |  4104 |    12  (17)| 00:00:01 |
|  19 |                   NESTED LOOPS                               |                             |     1 |  2038 |    11  (19)| 00:00:01 |
<font style="background-color: lightblue; color: red">|  20 |                    VIEW                                      | SI_FLOW_DOWN_ORG_V          |     1 |  2015 |    11  (28)| 00:00:01 |</font>
<font style="background-color: lightblue; color: red">|  21 |                     TEMP TABLE TRANSFORMATION                |                             |       |       |            |          |</font>
|  22 |                      LOAD AS SELECT                          | SYS_TEMP_0FD9D66EC_A3454E35 |       |       |            |          |
|* 23 |                       FILTER                                 |                             |       |       |            |          |
|* 24 | TH                     CONNECT BY NO FILTERING WITH START-WI |                             |       |       |            |          |
<font style="background-color: lightblue; color: red">|  25 |                         TABLE ACCESS FULL                    | SI_ORG_ENTITIES_T           |    10 |   260 |     4   (0)| 00:00:01 |</font>
|* 26 |                      HASH JOIN                               |                             |     1 |  2067 |     6  (34)| 00:00:01 |
|  27 |                       VIEW                                   | VW_SQ_1                     |    10 |   260 |     3  (34)| 00:00:01 |
|  28 |                        SORT GROUP BY                         |                             |    10 |   180 |     3  (34)| 00:00:01 |
|  29 |                         VIEW                                 |                             |    10 |   180 |     2   (0)| 00:00:01 |
<font style="background-color: lightblue; color: red">|  30 |                          TABLE ACCESS FULL                   | SYS_TEMP_0FD9D66EC_A3454E35 |    10 |  1000 |     2   (0)| 00:00:01 |</font>
|  31 |                       VIEW                                   |                             |    10 | 20410 |     2   (0)| 00:00:01 |
<font style="background-color: lightblue; color: red">|  32 |                        TABLE ACCESS FULL                     | SYS_TEMP_0FD9D66EC_A3454E35 |    10 |  1000 |     2   (0)| 00:00:01 |</font>
|* 33 |                    TABLE ACCESS BY INDEX ROWID               | SI_USERS_T                  |     1 |    23 |     1   (0)| 00:00:01 |
|* 34 |                     INDEX RANGE SCAN                         | SI_USERS_T_N2               |     1 |       |     0   (0)| 00:00:01 |
|* 35 |                   INDEX FULL SCAN                            | SI_ORG_ROLES_N3             |     2 |    28 |     1   (0)| 00:00:01 |
|* 36 |                  INDEX RANGE SCAN                            | SI_USER_ORG_ROLES_N2        |     1 |    10 |     0   (0)| 00:00:01 |
|* 37 |                 INDEX RANGE SCAN                             | SI_ROLES_N2                 |     1 |     5 |     0   (0)| 00:00:01 |
|* 38 |                INDEX RANGE SCAN                              | SI_ROLE_ACTIVITIES_N2       |     5 |    50 |     1   (0)| 00:00:01 |
|* 39 |               INDEX RANGE SCAN                               | SI_ACTIVITIES_N1            |     1 |       |     0   (0)| 00:00:01 |
|* 40 |              TABLE ACCESS BY INDEX ROWID                     | SI_ACTIVITIES_T             |     1 |    35 |     1   (0)| 00:00:01 |
|  41 |             BUFFER SORT                                      |                             |     1 |       |    26  (12)| 00:00:01 |
|  42 |              VIEW                                            |                             |     1 |       |    13   (8)| 00:00:01 |
|  43 |               SORT AGGREGATE                                 |                             |     1 |    80 |            |          |
|* 44 |                HASH JOIN                                     |                             |     1 |    80 |    13   (8)| 00:00:01 |
|* 45 |                 HASH JOIN                                    |                             |     1 |    63 |     9  (12)| 00:00:01 |
<font style="background-color: lightblue; color: red">|* 46 |                  TABLE ACCESS FULL                           | MS_QS_PARAMETER_TYPES       |     1 |    34 |     4   (0)| 00:00:01 |</font>
<font style="background-color: lightblue; color: red">|* 47 |                  TABLE ACCESS FULL                           | MS_QS_PARAMETER_NAMES       |     1 |    29 |     4   (0)| 00:00:01 |</font>
<font style="background-color: lightblue; color: red">|* 48 |                 TABLE ACCESS FULL                            | MS_QS_PARAMETER_VALUES      |   128 |  2176 |     4   (0)| 00:00:01 |</font>
|  49 |           SORT UNIQUE                                        |                             |     1 |  2112 |    28  (15)| 00:00:01 |
<font style="background-color: lightblue; color: red">|  50 |            MERGE JOIN CARTESIAN                              |                             |     1 |  2112 |    27  (12)| 00:00:01 |</font>
|  51 |             NESTED LOOPS                                     |                             |       |       |            |          |
|  52 |              NESTED LOOPS                                    |                             |     1 |  2112 |    14  (15)| 00:00:01 |
|  53 |               NESTED LOOPS                                   |                             |     1 |  2077 |    13  (16)| 00:00:01 |
|  54 |                NESTED LOOPS                                  |                             |     1 |  2067 |    12  (17)| 00:00:01 |
|  55 |                 NESTED LOOPS                                 |                             |     1 |  2062 |    12  (17)| 00:00:01 |
|  56 |                  NESTED LOOPS                                |                             |     2 |  4104 |    12  (17)| 00:00:01 |
|  57 |                   NESTED LOOPS                               |                             |     1 |  2038 |    11  (19)| 00:00:01 |
<font style="background-color: lightblue; color: red">|  58 |                    VIEW                                      | SI_FLOW_DOWN_ORG_V          |     1 |  2015 |    11  (28)| 00:00:01 |</font>
<font style="background-color: lightblue; color: red">|  59 |                     TEMP TABLE TRANSFORMATION                |                             |       |       |            |          |</font>
|  60 |                      LOAD AS SELECT                          | SYS_TEMP_0FD9D66ED_A3454E35 |       |       |            |          |
|* 61 |                       FILTER                                 |                             |       |       |            |          |
|* 62 | TH                     CONNECT BY NO FILTERING WITH START-WI |                             |       |       |            |          |
<font style="background-color: lightblue; color: red">|  63 |                         TABLE ACCESS FULL                    | SI_ORG_ENTITIES_T           |    10 |   260 |     4   (0)| 00:00:01 |</font>
|* 64 |                      HASH JOIN                               |                             |     1 |  2067 |     6  (34)| 00:00:01 |
|  65 |                       VIEW                                   | VW_SQ_2                     |    10 |   260 |     3  (34)| 00:00:01 |
|  66 |                        SORT GROUP BY                         |                             |    10 |   180 |     3  (34)| 00:00:01 |
|  67 |                         VIEW                                 |                             |    10 |   180 |     2   (0)| 00:00:01 |
<font style="background-color: lightblue; color: red">|  68 |                          TABLE ACCESS FULL                   | SYS_TEMP_0FD9D66ED_A3454E35 |    10 |  1000 |     2   (0)| 00:00:01 |</font>
|  69 |                       VIEW                                   |                             |    10 | 20410 |     2   (0)| 00:00:01 |
<font style="background-color: lightblue; color: red">|  70 |                        TABLE ACCESS FULL                     | SYS_TEMP_0FD9D66ED_A3454E35 |    10 |  1000 |     2   (0)| 00:00:01 |</font>
|* 71 |                    TABLE ACCESS BY INDEX ROWID               | SI_USERS_T                  |     1 |    23 |     1   (0)| 00:00:01 |
|* 72 |                     INDEX RANGE SCAN                         | SI_USERS_T_N2               |     1 |       |     0   (0)| 00:00:01 |
|* 73 |                   INDEX FULL SCAN                            | SI_ORG_ROLES_N3             |     2 |    28 |     1   (0)| 00:00:01 |
|* 74 |                  INDEX RANGE SCAN                            | SI_USER_ORG_ROLES_N2        |     1 |    10 |     0   (0)| 00:00:01 |
|* 75 |                 INDEX RANGE SCAN                             | SI_ROLES_N2                 |     1 |     5 |     0   (0)| 00:00:01 |
|* 76 |                INDEX RANGE SCAN                              | SI_ROLE_ACTIVITIES_N2       |     5 |    50 |     1   (0)| 00:00:01 |
|* 77 |               INDEX RANGE SCAN                               | SI_ACTIVITIES_N1            |     1 |       |     0   (0)| 00:00:01 |
|* 78 |              TABLE ACCESS BY INDEX ROWID                     | SI_ACTIVITIES_T             |     1 |    35 |     1   (0)| 00:00:01 |
|  79 |             BUFFER SORT                                      |                             |     1 |       |    26  (12)| 00:00:01 |
|  80 |              VIEW                                            |                             |     1 |       |    13   (8)| 00:00:01 |
|  81 |               SORT AGGREGATE                                 |                             |     1 |    80 |            |          |
|* 82 |                HASH JOIN                                     |                             |     1 |    80 |    13   (8)| 00:00:01 |
|* 83 |                 HASH JOIN                                    |                             |     1 |    63 |     9  (12)| 00:00:01 |
<font style="background-color: lightblue; color: red">|* 84 |                  TABLE ACCESS FULL                           | MS_QS_PARAMETER_TYPES       |     1 |    34 |     4   (0)| 00:00:01 |</font>
<font style="background-color: lightblue; color: red">|* 85 |                  TABLE ACCESS FULL                           | MS_QS_PARAMETER_NAMES       |     1 |    29 |     4   (0)| 00:00:01 |</font>
<font style="background-color: lightblue; color: red">|* 86 |                 TABLE ACCESS FULL                            | MS_QS_PARAMETER_VALUES      |   128 |  2176 |     4   (0)| 00:00:01 |</font>
|  87 |           SORT UNIQUE                                        |                             |     1 |  2112 |    28  (15)| 00:00:01 |
<font style="background-color: lightblue; color: red">|  88 |            MERGE JOIN CARTESIAN                              |                             |     1 |  2112 |    27  (12)| 00:00:01 |</font>
|  89 |             NESTED LOOPS                                     |                             |       |       |            |          |
|  90 |              NESTED LOOPS                                    |                             |     1 |  2112 |    14  (15)| 00:00:01 |
|  91 |               NESTED LOOPS                                   |                             |     1 |  2077 |    13  (16)| 00:00:01 |
|  92 |                NESTED LOOPS                                  |                             |     1 |  2067 |    12  (17)| 00:00:01 |
|  93 |                 NESTED LOOPS                                 |                             |     1 |  2062 |    12  (17)| 00:00:01 |
|  94 |                  NESTED LOOPS                                |                             |     2 |  4104 |    12  (17)| 00:00:01 |
|  95 |                   NESTED LOOPS                               |                             |     1 |  2038 |    11  (19)| 00:00:01 |
<font style="background-color: lightblue; color: red">|  96 |                    VIEW                                      | SI_FLOW_DOWN_ORG_V          |     1 |  2015 |    11  (28)| 00:00:01 |</font>
<font style="background-color: lightblue; color: red">|  97 |                     TEMP TABLE TRANSFORMATION                |                             |       |       |            |          |</font>
|  98 |                      LOAD AS SELECT                          | SYS_TEMP_0FD9D66EE_A3454E35 |       |       |            |          |
|* 99 |                       FILTER                                 |                             |       |       |            |          |
|*100 | TH                     CONNECT BY NO FILTERING WITH START-WI |                             |       |       |            |          |
<font style="background-color: lightblue; color: red">| 101 |                         TABLE ACCESS FULL                    | SI_ORG_ENTITIES_T           |    10 |   260 |     4   (0)| 00:00:01 |</font>
|*102 |                      HASH JOIN                               |                             |     1 |  2067 |     6  (34)| 00:00:01 |
| 103 |                       VIEW                                   | VW_SQ_3                     |    10 |   260 |     3  (34)| 00:00:01 |
| 104 |                        SORT GROUP BY                         |                             |    10 |   180 |     3  (34)| 00:00:01 |
| 105 |                         VIEW                                 |                             |    10 |   180 |     2   (0)| 00:00:01 |
<font style="background-color: lightblue; color: red">| 106 |                          TABLE ACCESS FULL                   | SYS_TEMP_0FD9D66EE_A3454E35 |    10 |  1000 |     2   (0)| 00:00:01 |</font>
| 107 |                       VIEW                                   |                             |    10 | 20410 |     2   (0)| 00:00:01 |
<font style="background-color: lightblue; color: red">| 108 |                        TABLE ACCESS FULL                     | SYS_TEMP_0FD9D66EE_A3454E35 |    10 |  1000 |     2   (0)| 00:00:01 |</font>
|*109 |                    TABLE ACCESS BY INDEX ROWID               | SI_USERS_T                  |     1 |    23 |     1   (0)| 00:00:01 |
|*110 |                     INDEX RANGE SCAN                         | SI_USERS_T_N2               |     1 |       |     0   (0)| 00:00:01 |
|*111 |                   INDEX FULL SCAN                            | SI_ORG_ROLES_N3             |     2 |    28 |     1   (0)| 00:00:01 |
|*112 |                  INDEX RANGE SCAN                            | SI_USER_ORG_ROLES_N2        |     1 |    10 |     0   (0)| 00:00:01 |
|*113 |                 INDEX RANGE SCAN                             | SI_ROLES_N2                 |     1 |     5 |     0   (0)| 00:00:01 |
|*114 |                INDEX RANGE SCAN                              | SI_ROLE_ACTIVITIES_N2       |     5 |    50 |     1   (0)| 00:00:01 |
|*115 |               INDEX RANGE SCAN                               | SI_ACTIVITIES_N1            |     1 |       |     0   (0)| 00:00:01 |
|*116 |              TABLE ACCESS BY INDEX ROWID                     | SI_ACTIVITIES_T             |     1 |    35 |     1   (0)| 00:00:01 |
| 117 |             BUFFER SORT                                      |                             |     1 |       |    26  (12)| 00:00:01 |
| 118 |              VIEW                                            |                             |     1 |       |    13   (8)| 00:00:01 |
| 119 |               SORT AGGREGATE                                 |                             |     1 |    80 |            |          |
|*120 |                HASH JOIN                                     |                             |     1 |    80 |    13   (8)| 00:00:01 |
|*121 |                 HASH JOIN                                    |                             |     1 |    63 |     9  (12)| 00:00:01 |
<font style="background-color: lightblue; color: red">|*122 |                  TABLE ACCESS FULL                           | MS_QS_PARAMETER_TYPES       |     1 |    34 |     4   (0)| 00:00:01 |</font>
<font style="background-color: lightblue; color: red">|*123 |                  TABLE ACCESS FULL                           | MS_QS_PARAMETER_NAMES       |     1 |    29 |     4   (0)| 00:00:01 |</font>
<font style="background-color: lightblue; color: red">|*124 |                 TABLE ACCESS FULL                            | MS_QS_PARAMETER_VALUES      |   128 |  2176 |     4   (0)| 00:00:01 |</font>
| 125 |        VIEW                                                  |                             |  4883 |  4859K|    30   (0)| 00:00:01 |
<font style="background-color: lightblue; color: red">| 126 |         MERGE JOIN CARTESIAN                                 |                             |  4883 |   162K|    30   (0)| 00:00:01 |</font>
<font style="background-color: lightblue; color: red">|*127 |          TABLE ACCESS FULL                                   | SI_LOCALES                  |     4 |    24 |     3   (0)| 00:00:01 |</font>
| 128 |          BUFFER SORT                                         |                             |  1395 | 39060 |    27   (0)| 00:00:01 |
<font style="background-color: lightblue; color: red">| 129 |           TABLE ACCESS FULL                                  | MS_QS_LIST_OF_VALUES_T      |  1395 | 39060 |     7   (0)| 00:00:01 |</font>
| 130 |      TABLE ACCESS BY INDEX ROWID                             | SI_LOCALES                  |     1 |    11 |     1   (0)| 00:00:01 |
|*131 |       INDEX UNIQUE SCAN                                      | SI_LOCALES_U1               |     1 |       |     0   (0)| 00:00:01 |
|*132 |     TABLE ACCESS BY INDEX ROWID                              | SI_USERS_T                  |     1 |    20 |     2   (0)| 00:00:01 |
<font style="background-color: lightblue; color: red">|*133 |      INDEX SKIP SCAN                                         | SI_USERS_T_N2               |     1 |       |     1   (0)| 00:00:01 |</font>
<font style="background-color: lightblue; color: red">| 134 |    TABLE ACCESS FULL                                         | MS_QS_LIST_OF_VALUES_TL     |  1160 | 30160 |     6   (0)| 00:00:01 |</font>
--------------------------------------------------------------------------------------------------------------------------------------------
 
										</code></pre>
 										<header class="major"><h2>Query Block Name / Object Alias (identified by operation id):</h2></header>
										<pre><code>
-------------------------------------------------------------
 
   1 - SEL$C7A26CED
   6 - SEL$C7A26CED / MS_QS_LOV_NAMES@SEL$6
   8 - SET$FCA7A018 / VW_NSO_4@SEL$C7A26CED
   9 - SET$FCA7A018
  11 - SEL$18CC4E0C
  20 - SEL$FDF13B7F / H@SEL$9
  21 - SEL$FDF13B7F
  22 - SEL$10      
  25 - SEL$B740551B / SI_ORG_ENTITIES_T@SEL$14
  27 - SEL$A6016687 / VW_SQ_1@SEL$AE470FD2
  28 - SEL$A6016687
  29 - SEL$043F4C17 / O2@SEL$18
  30 - SEL$043F4C17 / T1@SEL$043F4C17
  31 - SEL$043F4C18 / O1@SEL$17
  32 - SEL$043F4C18 / T1@SEL$043F4C18
  33 - SEL$18CC4E0C / SI_USERS_T@SEL$19
  34 - SEL$18CC4E0C / SI_USERS_T@SEL$19
  35 - SEL$18CC4E0C / G@SEL$9
  36 - SEL$18CC4E0C / E@SEL$9
  37 - SEL$18CC4E0C / R@SEL$9
  38 - SEL$18CC4E0C / A@SEL$8
  39 - SEL$18CC4E0C / C@SEL$8
  40 - SEL$18CC4E0C / C@SEL$8
  42 - SEL$20       / CONST@SEL$9
  43 - SEL$20      
  46 - SEL$20       / PTYPE@SEL$20
  47 - SEL$20       / PNAME@SEL$20
  48 - SEL$20       / PVALUE@SEL$20
  49 - SEL$27EFF809
  58 - SEL$9B95AB4C / H@SEL$23
  59 - SEL$9B95AB4C
  60 - SEL$24      
  63 - SEL$D9711988 / SI_ORG_ENTITIES_T@SEL$28
  65 - SEL$8C23B39E / VW_SQ_2@SEL$922565F1
  66 - SEL$8C23B39E
  67 - SEL$D44E27F2 / O2@SEL$32
  68 - SEL$D44E27F2 / T1@SEL$D44E27F2
  69 - SEL$D44E27F3 / O1@SEL$31
  70 - SEL$D44E27F3 / T1@SEL$D44E27F3
  71 - SEL$27EFF809 / SI_USERS_T@SEL$33
  72 - SEL$27EFF809 / SI_USERS_T@SEL$33
  73 - SEL$27EFF809 / G@SEL$23
  74 - SEL$27EFF809 / E@SEL$23
  75 - SEL$27EFF809 / R@SEL$23
  76 - SEL$27EFF809 / A@SEL$22
  77 - SEL$27EFF809 / C@SEL$22
  78 - SEL$27EFF809 / C@SEL$22
  80 - SEL$34       / CONST@SEL$23
  81 - SEL$34      
  84 - SEL$34       / PTYPE@SEL$34
  85 - SEL$34       / PNAME@SEL$34
  86 - SEL$34       / PVALUE@SEL$34
  87 - SEL$70AC464D
  96 - SEL$18A36D92 / H@SEL$37
  97 - SEL$18A36D92
  98 - SEL$38      
 101 - SEL$B0247855 / SI_ORG_ENTITIES_T@SEL$42
 103 - SEL$C3E50E0B / VW_SQ_3@SEL$CDA8879B
 104 - SEL$C3E50E0B
 105 - SEL$CF0333DB / O2@SEL$46
 106 - SEL$CF0333DB / T1@SEL$CF0333DB
 107 - SEL$CF0333DC / O1@SEL$45
 108 - SEL$CF0333DC / T1@SEL$CF0333DC
 109 - SEL$70AC464D / SI_USERS_T@SEL$47
 110 - SEL$70AC464D / SI_USERS_T@SEL$47
 111 - SEL$70AC464D / G@SEL$37
 112 - SEL$70AC464D / E@SEL$37
 113 - SEL$70AC464D / R@SEL$37
 114 - SEL$70AC464D / A@SEL$36
 115 - SEL$70AC464D / C@SEL$36
 116 - SEL$70AC464D / C@SEL$36
 118 - SEL$48       / CONST@SEL$37
 119 - SEL$48      
 122 - SEL$48       / PTYPE@SEL$48
 123 - SEL$48       / PNAME@SEL$48
 124 - SEL$48       / PVALUE@SEL$48
 125 - SEL$7286615E / X@SEL$3
 126 - SEL$7286615E
 127 - SEL$7286615E / SI_LOCALES@SEL$5
 129 - SEL$7286615E / T@SEL$4
 130 - SEL$C7A26CED / A@SEL$1
 131 - SEL$C7A26CED / A@SEL$1
 132 - SEL$C7A26CED / B@SEL$1
 133 - SEL$C7A26CED / B@SEL$1
 134 - SEL$C7A26CED / TL@SEL$3
 
										</code></pre>
 										<header class="major"><h2>Predicate Information (identified by operation id):</h2></header>
										<pre><code>
---------------------------------------------------
 
   2 - access("X"."LOV_VALUE_ID"="TL"."LOV_VALUE_ID"(+) AND "X"."LOCALE_ID"="TL"."LOCALE_ID"(+))
   5 - access("X"."LOV_ID"="LOV_ID")
   6 - filter(TRIM("LOV_NAME")='MS_GRC_Objective_Type')
   7 - access("X"."STORED_VALUE"="'1'")
  23 - filter(NVL("END_DATE",SYSDATE@!)>=SYSDATE@!)
  24 - access("PARENT_ORG_ENTITY_ID"=PRIOR "ORG_ENTITY_ID")
       filter("ORG_ENTITY_ID" IS NOT NULL)
  26 - access("LVL"="MAX(LVL)" AND "ITEM_0"="O1"."ORG_ENTITY_ID")
  33 - filter(NVL("END_DATE",SYSDATE@!)>=SYSDATE@!)
  34 - access("H"."ENTERPRISE_ID"="ENTERPRISE_ID" AND "USER_NAME"=:1)
  35 - filter("H"."PATH" LIKE '%:'||TO_CHAR("G"."ORG_ENTITY_ID")||':%')
  36 - access("G"."ORG_ROLE_ID"="E"."ORG_ROLE_ID" AND "USER_ID"="E"."USER_ID")
  37 - access("R"."ROLE_ID"="G"."ROLE_ID")
  38 - access("A"."ROLE_ID"="R"."ROLE_ID")
  39 - access("A"."ACTIVITY_ID"="C"."ACTIVITY_ID")
  40 - filter("C"."ACTIVITY_NAME"='GRC - Approve Business Objective' OR "C"."ACTIVITY_NAME"='GRC - View Business Objective' OR 
              "C"."ACTIVITY_NAME"="MS_GRC_UTILITIES"."GET_TYPE_ACTIVITY"('MS_GRC_OBJECTIVES',:2,'1','E'))
  44 - access("PNAME"."PARAMETER_ID"="PVALUE"."PARAMETER_ID" AND "PTYPE"."PARAMETER_TYPE_ID"="PVALUE"."PARAMETER_TYPE_ID")
  45 - access("PTYPE"."PARAMETER_TYPE_ID"="PNAME"."PARAMETER_TYPE_ID")
  46 - filter(UPPER("PTYPE"."PARAMETER_TYPE")='MS APPS USER NAME DISPLAY FORMAT')
  47 - filter(UPPER("PNAME"."PARAMETER_NAME")='DISPLAY_FORMAT')
  48 - filter("PVALUE"."ORG_ENTITY_ID"=1)
  61 - filter(NVL("END_DATE",SYSDATE@!)>=SYSDATE@!)
  62 - access("PARENT_ORG_ENTITY_ID"=PRIOR "ORG_ENTITY_ID")
       filter("ORG_ENTITY_ID" IS NOT NULL)
  64 - access("LVL"="MAX(LVL)" AND "ITEM_1"="O1"."ORG_ENTITY_ID")
  71 - filter(NVL("END_DATE",SYSDATE@!)>=SYSDATE@!)
  72 - access("H"."ENTERPRISE_ID"="ENTERPRISE_ID" AND "USER_NAME"=:1)
  73 - filter("H"."PATH" LIKE '%:'||TO_CHAR("G"."ORG_ENTITY_ID")||':%')
  74 - access("G"."ORG_ROLE_ID"="E"."ORG_ROLE_ID" AND "USER_ID"="E"."USER_ID")
  75 - access("R"."ROLE_ID"="G"."ROLE_ID")
  76 - access("A"."ROLE_ID"="R"."ROLE_ID")
  77 - access("A"."ACTIVITY_ID"="C"."ACTIVITY_ID")
  78 - filter("C"."ACTIVITY_NAME"='GRC - Approve Control Objective' OR "C"."ACTIVITY_NAME"='GRC - View Control Objective' OR 
              "C"."ACTIVITY_NAME"="MS_GRC_UTILITIES"."GET_TYPE_ACTIVITY"('MS_GRC_OBJECTIVES',:2,'2','E'))
  82 - access("PNAME"."PARAMETER_ID"="PVALUE"."PARAMETER_ID" AND "PTYPE"."PARAMETER_TYPE_ID"="PVALUE"."PARAMETER_TYPE_ID")
  83 - access("PTYPE"."PARAMETER_TYPE_ID"="PNAME"."PARAMETER_TYPE_ID")
  84 - filter(UPPER("PTYPE"."PARAMETER_TYPE")='MS APPS USER NAME DISPLAY FORMAT')
  85 - filter(UPPER("PNAME"."PARAMETER_NAME")='DISPLAY_FORMAT')
  86 - filter("PVALUE"."ORG_ENTITY_ID"=1)
  99 - filter(NVL("END_DATE",SYSDATE@!)>=SYSDATE@!)
 100 - access("PARENT_ORG_ENTITY_ID"=PRIOR "ORG_ENTITY_ID")
       filter("ORG_ENTITY_ID" IS NOT NULL)
 102 - access("LVL"="MAX(LVL)" AND "ITEM_2"="O1"."ORG_ENTITY_ID")
 109 - filter(NVL("END_DATE",SYSDATE@!)>=SYSDATE@!)
 110 - access("H"."ENTERPRISE_ID"="ENTERPRISE_ID" AND "USER_NAME"=:1)
 111 - filter("H"."PATH" LIKE '%:'||TO_CHAR("G"."ORG_ENTITY_ID")||':%')
 112 - access("G"."ORG_ROLE_ID"="E"."ORG_ROLE_ID" AND "USER_ID"="E"."USER_ID")
 113 - access("R"."ROLE_ID"="G"."ROLE_ID")
 114 - access("A"."ROLE_ID"="R"."ROLE_ID")
 115 - access("A"."ACTIVITY_ID"="C"."ACTIVITY_ID")
 116 - filter("C"."ACTIVITY_NAME"='GRC - Approve Process Objective' OR "C"."ACTIVITY_NAME"='GRC - View Process Objective' OR 
              "C"."ACTIVITY_NAME"="MS_GRC_UTILITIES"."GET_TYPE_ACTIVITY"('MS_GRC_OBJECTIVES',:2,'3','E'))
 120 - access("PNAME"."PARAMETER_ID"="PVALUE"."PARAMETER_ID" AND "PTYPE"."PARAMETER_TYPE_ID"="PVALUE"."PARAMETER_TYPE_ID")
 121 - access("PTYPE"."PARAMETER_TYPE_ID"="PNAME"."PARAMETER_TYPE_ID")
 122 - filter(UPPER("PTYPE"."PARAMETER_TYPE")='MS APPS USER NAME DISPLAY FORMAT')
 123 - filter(UPPER("PNAME"."PARAMETER_NAME")='DISPLAY_FORMAT')
 124 - filter("PVALUE"."ORG_ENTITY_ID"=1)
 127 - filter("ENABLED_FLAG"='Y')
 131 - access("X"."LOCALE_ID"="A"."LOCALE_ID")
 132 - filter("A"."LOCALE_STRING"="B"."LOCALE")
 133 - access("B"."USER_NAME"=:1)
       filter("B"."USER_NAME"=:1)
 
										</code></pre>
 										<header class="major"><h2>Column Projection Information (identified by operation id):</h2></header>
										<pre><code>
-----------------------------------------------------------
 
   1 - (#keys=1) "X"."STORED_VALUE"[VARCHAR2,100], "LOV_NAME"[VARCHAR2,100], NVL("TL"."DISPLAYED_VALUE","X"."DISPLAYED_VALUE")[2000]
   2 - (#keys=2) "LOV_NAME"[VARCHAR2,100], "X"."STORED_VALUE"[VARCHAR2,100], "X"."DISPLAYED_VALUE"[VARCHAR2,2000], 
       "TL"."DISPLAYED_VALUE"[VARCHAR2,2000]
   3 - (#keys=0) "LOV_NAME"[VARCHAR2,100], "X"."STORED_VALUE"[VARCHAR2,100], "X"."LOV_VALUE_ID"[NUMBER,22], 
       "X"."DISPLAYED_VALUE"[VARCHAR2,2000], "X"."LOCALE_ID"[NUMBER,22]
   4 - (#keys=0) "LOV_NAME"[VARCHAR2,100], "X"."STORED_VALUE"[VARCHAR2,100], "X"."LOV_VALUE_ID"[NUMBER,22], 
       "X"."DISPLAYED_VALUE"[VARCHAR2,2000], "X"."LOCALE_ID"[NUMBER,22], "A"."LOCALE_STRING"[VARCHAR2,100]
   5 - (#keys=1) "LOV_NAME"[VARCHAR2,100], "X"."STORED_VALUE"[VARCHAR2,100], "X"."LOV_VALUE_ID"[NUMBER,22], 
       "X"."DISPLAYED_VALUE"[VARCHAR2,2000], "X"."LOCALE_ID"[NUMBER,22]
   6 - "LOV_NAME"[VARCHAR2,100], "LOV_ID"[NUMBER,22]
   7 - (#keys=1) "X"."STORED_VALUE"[VARCHAR2,100], "X"."LOV_VALUE_ID"[NUMBER,22], "X"."LOV_ID"[NUMBER,22], 
       "X"."LOCALE_ID"[NUMBER,22], "X"."DISPLAYED_VALUE"[VARCHAR2,2000]
   8 - "'1'"[CHARACTER,4]
   9 - (#keys=1) STRDEF[1]
  10 - STRDEF[1]
  11 - (#keys=1) '1'[1]
  12 - (#keys=0) 
  13 - (#keys=0) 
  14 - (#keys=0) "C".ROWID[ROWID,10]
  15 - (#keys=0) "A"."ACTIVITY_ID"[NUMBER,22]
  16 - (#keys=0) "R"."ROLE_ID"[NUMBER,22]
  17 - (#keys=0) "G"."ROLE_ID"[NUMBER,22]
  18 - (#keys=0) "USER_ID"[NUMBER,22], "G"."ORG_ROLE_ID"[NUMBER,22], "G"."ROLE_ID"[NUMBER,22]
  19 - (#keys=0) "H"."PATH"[VARCHAR2,4000], "USER_ID"[NUMBER,22]
  20 - "H"."ENTERPRISE_ID"[NUMBER,22], "H"."PATH"[VARCHAR2,4000]
  21 - "MAX(LVL)"[NUMBER,22], "LVL"[NUMBER,22], "ITEM_0"[NUMBER,22], "O1"."ORG_ENTITY_ID"[NUMBER,22], "PATH"[VARCHAR2,4000], 
       "ENTERPRISE_ID"[NUMBER,22]
  22 - SYSDEF[4], SYSDEF[0], SYSDEF[1], SYSDEF[96], SYSDEF[0]
  23 - "PARENT_ORG_ENTITY_ID"[NUMBER,22], "ORG_ENTITY_ID"[NUMBER,22], STRDEF[100], STRDEF[22], STRDEF[7], PRIOR NULL[22], LEVEL[4], 
       SYS_CONNECT_BY_PATH(TO_CHAR("ORG_ENTITY_ID"),':')[4000]
  24 - "PARENT_ORG_ENTITY_ID"[NUMBER,22], "ORG_ENTITY_ID"[NUMBER,22], STRDEF[100], STRDEF[22], STRDEF[7], PRIOR NULL[22], LEVEL[4], 
       SYS_CONNECT_BY_PATH(TO_CHAR("ORG_ENTITY_ID"),':')[4000]
  25 - "ENTERPRISE_ID"[NUMBER,22], "ORG_ENTITY_ID"[NUMBER,22], "ORG_ENTITY_NAME"[VARCHAR2,100], "PARENT_ORG_ENTITY_ID"[NUMBER,22], 
       "END_DATE"[DATE,7]
  26 - (#keys=2) "MAX(LVL)"[NUMBER,22], "LVL"[NUMBER,22], "ITEM_0"[NUMBER,22], "O1"."ORG_ENTITY_ID"[NUMBER,22], 
       "PATH"[VARCHAR2,4000], "ENTERPRISE_ID"[NUMBER,22]
  27 - "MAX(LVL)"[NUMBER,22], "ITEM_0"[NUMBER,22]
  28 - (#keys=1) "O2"."ORG_ENTITY_ID"[NUMBER,22], MAX("LVL")[22]
  29 - "O2"."ORG_ENTITY_ID"[NUMBER,22], "LVL"[NUMBER,22]
  30 - "C0"[NUMBER,22], "C1"[VARCHAR2,100], "C2"[NUMBER,22], "C3"[NUMBER,22], "C4"[VARCHAR2,4000]
  31 - "O1"."ORG_ENTITY_ID"[NUMBER,22], "ENTERPRISE_ID"[NUMBER,22], "LVL"[NUMBER,22], "PATH"[VARCHAR2,4000]
  32 - "C0"[NUMBER,22], "C1"[VARCHAR2,100], "C2"[NUMBER,22], "C3"[NUMBER,22], "C4"[VARCHAR2,4000]
  33 - "USER_ID"[NUMBER,22]
  34 - "SI_USERS_T".ROWID[ROWID,10]
  35 - "G"."ORG_ROLE_ID"[NUMBER,22], "G"."ROLE_ID"[NUMBER,22]
  37 - "R"."ROLE_ID"[NUMBER,22]
  38 - "A"."ACTIVITY_ID"[NUMBER,22]
  39 - "C".ROWID[ROWID,10]
  41 - (#keys=0) 
  43 - (#keys=0) MIN("PVALUE"."PARAMETER_VALUE")[100]
  44 - (#keys=2) "PVALUE"."PARAMETER_VALUE"[VARCHAR2,100]
  45 - (#keys=1) "PTYPE"."PARAMETER_TYPE_ID"[NUMBER,22], "PNAME"."PARAMETER_ID"[NUMBER,22]
  46 - "PTYPE"."PARAMETER_TYPE_ID"[NUMBER,22]
  47 - "PNAME"."PARAMETER_ID"[NUMBER,22], "PNAME"."PARAMETER_TYPE_ID"[NUMBER,22]
  48 - "PVALUE"."PARAMETER_TYPE_ID"[NUMBER,22], "PVALUE"."PARAMETER_ID"[NUMBER,22], "PVALUE"."PARAMETER_VALUE"[VARCHAR2,100]
  49 - (#keys=1) '2'[1]
  50 - (#keys=0) 
  51 - (#keys=0) 
  52 - (#keys=0) "C".ROWID[ROWID,10]
  53 - (#keys=0) "A"."ACTIVITY_ID"[NUMBER,22]
  54 - (#keys=0) "R"."ROLE_ID"[NUMBER,22]
  55 - (#keys=0) "G"."ROLE_ID"[NUMBER,22]
  56 - (#keys=0) "USER_ID"[NUMBER,22], "G"."ORG_ROLE_ID"[NUMBER,22], "G"."ROLE_ID"[NUMBER,22]
  57 - (#keys=0) "H"."PATH"[VARCHAR2,4000], "USER_ID"[NUMBER,22]
  58 - "H"."ENTERPRISE_ID"[NUMBER,22], "H"."PATH"[VARCHAR2,4000]
  59 - "MAX(LVL)"[NUMBER,22], "LVL"[NUMBER,22], "ITEM_1"[NUMBER,22], "O1"."ORG_ENTITY_ID"[NUMBER,22], "PATH"[VARCHAR2,4000], 
       "ENTERPRISE_ID"[NUMBER,22]
  60 - SYSDEF[4], SYSDEF[0], SYSDEF[1], SYSDEF[96], SYSDEF[0]
  61 - "PARENT_ORG_ENTITY_ID"[NUMBER,22], "ORG_ENTITY_ID"[NUMBER,22], STRDEF[100], STRDEF[22], STRDEF[7], PRIOR NULL[22], LEVEL[4], 
       SYS_CONNECT_BY_PATH(TO_CHAR("ORG_ENTITY_ID"),':')[4000]
  62 - "PARENT_ORG_ENTITY_ID"[NUMBER,22], "ORG_ENTITY_ID"[NUMBER,22], STRDEF[100], STRDEF[22], STRDEF[7], PRIOR NULL[22], LEVEL[4], 
       SYS_CONNECT_BY_PATH(TO_CHAR("ORG_ENTITY_ID"),':')[4000]
  63 - "ENTERPRISE_ID"[NUMBER,22], "ORG_ENTITY_ID"[NUMBER,22], "ORG_ENTITY_NAME"[VARCHAR2,100], "PARENT_ORG_ENTITY_ID"[NUMBER,22], 
       "END_DATE"[DATE,7]
  64 - (#keys=2) "MAX(LVL)"[NUMBER,22], "LVL"[NUMBER,22], "ITEM_1"[NUMBER,22], "O1"."ORG_ENTITY_ID"[NUMBER,22], 
       "PATH"[VARCHAR2,4000], "ENTERPRISE_ID"[NUMBER,22]
  65 - "MAX(LVL)"[NUMBER,22], "ITEM_1"[NUMBER,22]
  66 - (#keys=1) "O2"."ORG_ENTITY_ID"[NUMBER,22], MAX("LVL")[22]
  67 - "O2"."ORG_ENTITY_ID"[NUMBER,22], "LVL"[NUMBER,22]
  68 - "C0"[NUMBER,22], "C1"[VARCHAR2,100], "C2"[NUMBER,22], "C3"[NUMBER,22], "C4"[VARCHAR2,4000]
  69 - "O1"."ORG_ENTITY_ID"[NUMBER,22], "ENTERPRISE_ID"[NUMBER,22], "LVL"[NUMBER,22], "PATH"[VARCHAR2,4000]
  70 - "C0"[NUMBER,22], "C1"[VARCHAR2,100], "C2"[NUMBER,22], "C3"[NUMBER,22], "C4"[VARCHAR2,4000]
  71 - "USER_ID"[NUMBER,22]
  72 - "SI_USERS_T".ROWID[ROWID,10]
  73 - "G"."ORG_ROLE_ID"[NUMBER,22], "G"."ROLE_ID"[NUMBER,22]
  75 - "R"."ROLE_ID"[NUMBER,22]
  76 - "A"."ACTIVITY_ID"[NUMBER,22]
  77 - "C".ROWID[ROWID,10]
  79 - (#keys=0) 
  81 - (#keys=0) MIN("PVALUE"."PARAMETER_VALUE")[100]
  82 - (#keys=2) "PVALUE"."PARAMETER_VALUE"[VARCHAR2,100]
  83 - (#keys=1) "PTYPE"."PARAMETER_TYPE_ID"[NUMBER,22], "PNAME"."PARAMETER_ID"[NUMBER,22]
  84 - "PTYPE"."PARAMETER_TYPE_ID"[NUMBER,22]
  85 - "PNAME"."PARAMETER_ID"[NUMBER,22], "PNAME"."PARAMETER_TYPE_ID"[NUMBER,22]
  86 - "PVALUE"."PARAMETER_TYPE_ID"[NUMBER,22], "PVALUE"."PARAMETER_ID"[NUMBER,22], "PVALUE"."PARAMETER_VALUE"[VARCHAR2,100]
  87 - (#keys=1) '3'[1]
  88 - (#keys=0) 
  89 - (#keys=0) 
  90 - (#keys=0) "C".ROWID[ROWID,10]
  91 - (#keys=0) "A"."ACTIVITY_ID"[NUMBER,22]
  92 - (#keys=0) "R"."ROLE_ID"[NUMBER,22]
  93 - (#keys=0) "G"."ROLE_ID"[NUMBER,22]
  94 - (#keys=0) "USER_ID"[NUMBER,22], "G"."ORG_ROLE_ID"[NUMBER,22], "G"."ROLE_ID"[NUMBER,22]
  95 - (#keys=0) "H"."PATH"[VARCHAR2,4000], "USER_ID"[NUMBER,22]
  96 - "H"."ENTERPRISE_ID"[NUMBER,22], "H"."PATH"[VARCHAR2,4000]
  97 - "MAX(LVL)"[NUMBER,22], "LVL"[NUMBER,22], "ITEM_2"[NUMBER,22], "O1"."ORG_ENTITY_ID"[NUMBER,22], "PATH"[VARCHAR2,4000], 
       "ENTERPRISE_ID"[NUMBER,22]
  98 - SYSDEF[4], SYSDEF[0], SYSDEF[1], SYSDEF[96], SYSDEF[0]
  99 - "PARENT_ORG_ENTITY_ID"[NUMBER,22], "ORG_ENTITY_ID"[NUMBER,22], STRDEF[100], STRDEF[22], STRDEF[7], PRIOR NULL[22], LEVEL[4], 
       SYS_CONNECT_BY_PATH(TO_CHAR("ORG_ENTITY_ID"),':')[4000]
 100 - "PARENT_ORG_ENTITY_ID"[NUMBER,22], "ORG_ENTITY_ID"[NUMBER,22], STRDEF[100], STRDEF[22], STRDEF[7], PRIOR NULL[22], LEVEL[4], 
       SYS_CONNECT_BY_PATH(TO_CHAR("ORG_ENTITY_ID"),':')[4000]
 101 - "ENTERPRISE_ID"[NUMBER,22], "ORG_ENTITY_ID"[NUMBER,22], "ORG_ENTITY_NAME"[VARCHAR2,100], "PARENT_ORG_ENTITY_ID"[NUMBER,22], 
       "END_DATE"[DATE,7]
 102 - (#keys=2) "MAX(LVL)"[NUMBER,22], "LVL"[NUMBER,22], "ITEM_2"[NUMBER,22], "O1"."ORG_ENTITY_ID"[NUMBER,22], 
       "PATH"[VARCHAR2,4000], "ENTERPRISE_ID"[NUMBER,22]
 103 - "MAX(LVL)"[NUMBER,22], "ITEM_2"[NUMBER,22]
 104 - (#keys=1) "O2"."ORG_ENTITY_ID"[NUMBER,22], MAX("LVL")[22]
 105 - "O2"."ORG_ENTITY_ID"[NUMBER,22], "LVL"[NUMBER,22]
 106 - "C0"[NUMBER,22], "C1"[VARCHAR2,100], "C2"[NUMBER,22], "C3"[NUMBER,22], "C4"[VARCHAR2,4000]
 107 - "O1"."ORG_ENTITY_ID"[NUMBER,22], "ENTERPRISE_ID"[NUMBER,22], "LVL"[NUMBER,22], "PATH"[VARCHAR2,4000]
 108 - "C0"[NUMBER,22], "C1"[VARCHAR2,100], "C2"[NUMBER,22], "C3"[NUMBER,22], "C4"[VARCHAR2,4000]
 109 - "USER_ID"[NUMBER,22]
 110 - "SI_USERS_T".ROWID[ROWID,10]
 111 - "G"."ORG_ROLE_ID"[NUMBER,22], "G"."ROLE_ID"[NUMBER,22]
 113 - "R"."ROLE_ID"[NUMBER,22]
 114 - "A"."ACTIVITY_ID"[NUMBER,22]
 115 - "C".ROWID[ROWID,10]
 117 - (#keys=0) 
 119 - (#keys=0) MIN("PVALUE"."PARAMETER_VALUE")[100]
 120 - (#keys=2) "PVALUE"."PARAMETER_VALUE"[VARCHAR2,100]
 121 - (#keys=1) "PTYPE"."PARAMETER_TYPE_ID"[NUMBER,22], "PNAME"."PARAMETER_ID"[NUMBER,22]
 122 - "PTYPE"."PARAMETER_TYPE_ID"[NUMBER,22]
 123 - "PNAME"."PARAMETER_ID"[NUMBER,22], "PNAME"."PARAMETER_TYPE_ID"[NUMBER,22]
 124 - "PVALUE"."PARAMETER_TYPE_ID"[NUMBER,22], "PVALUE"."PARAMETER_ID"[NUMBER,22], "PVALUE"."PARAMETER_VALUE"[VARCHAR2,100]
 125 - "X"."LOV_VALUE_ID"[NUMBER,22], "X"."LOV_ID"[NUMBER,22], "X"."STORED_VALUE"[VARCHAR2,100], 
       "X"."DISPLAYED_VALUE"[VARCHAR2,2000], "X"."LOCALE_ID"[NUMBER,22]
 126 - (#keys=0) "LOCALE_ID"[NUMBER,22], "T"."LOV_VALUE_ID"[NUMBER,22], "T"."LOV_ID"[NUMBER,22], "T"."STORED_VALUE"[VARCHAR2,100], 
       "T"."DISPLAYED_VALUE"[VARCHAR2,2000]
 127 - "LOCALE_ID"[NUMBER,22]
 128 - (#keys=0) "T"."LOV_VALUE_ID"[NUMBER,22], "T"."LOV_ID"[NUMBER,22], "T"."STORED_VALUE"[VARCHAR2,100], 
       "T"."DISPLAYED_VALUE"[VARCHAR2,2000]
 129 - "T"."LOV_VALUE_ID"[NUMBER,22], "T"."LOV_ID"[NUMBER,22], "T"."STORED_VALUE"[VARCHAR2,100], 
       "T"."DISPLAYED_VALUE"[VARCHAR2,2000]
 130 - "A"."LOCALE_STRING"[VARCHAR2,100]
 131 - "A".ROWID[ROWID,10]
 133 - "B".ROWID[ROWID,10]
 134 - "TL"."LOV_VALUE_ID"[NUMBER,22], "TL"."DISPLAYED_VALUE"[VARCHAR2,2000], "TL"."LOCALE_ID"[NUMBER,22]
										</code></pre>
								</section>
						</div>
					</div>

				<!-- Sidebar -->
				<div id="sidebar">
					<div class="inner">
						<!-- Menu -->
						<nav id="menu">
							<header class="major">
								<h2>Menu</h2>
							</header>
							<ul>
								<li><a href="index.html">Summary</a></li>
								<li>
									<span class="opener">SQL Analysis</span>
									<ul>
										<li><a href="union.html">Union &amp; Union All</a></li>
										<li><a href="poor-sql.html">Poor Plan</a></li>
										<li><a href="invalid-sql.html">Invalid SQL</a></li>
										<li><a href="full-sql.html">Full Report</a></li>
									</ul>
								</li>
							</ul>
						</nav>

						<!-- Section -->
						<section>
							<header class="major">
								<h2>Get in touch</h2>
							</header>
							<p>You need more details on the report or want more functionality, don't hesitate to reach out to us.</p>
							<ul class="contact">
								<li class="fa-envelope-o"><a href="mailto:rnd@metricstream.com?Subject=Reg - Static Code Analysis Tool" target="_top">rnd@metricstream.com</a></li>
							</ul>
						</section>

						<!-- Footer -->
						<footer id="footer">
							<p class="copyright">&copy; <a href="http://www.metricstream.com" target="_blank">MetricStream</a>. All rights reserved. </p>
						</footer>
					</div>
				</div>
			</div>

		<!-- Scripts -->
			<script src="../lib/assets/js/jquery.min.js"></script>
			<script src="../lib/assets/js/skel.min.js"></script>
			<script src="../lib/assets/js/util.js"></script>
			<!--[if lte IE 8]><script src="../lib/assets/js/ie/respond.min.js"></script><![endif]-->
			<script src="../lib/assets/js/main.js"></script>
	</body>
</html>