<!DOCTYPE HTML>
<html>
	<head>
		<title>Code Analysis - MetricStream</title>
		<meta charset="utf-8" />
		<meta name="viewport" content="width=device-width, initial-scale=1, user-scalable=no" />
		<!--[if lte IE 8]><script src="assets/js/ie/html5shiv.js"></script><![endif]-->
		<link rel="stylesheet" href="../lib/assets/css/main.css" />
		<!--[if lte IE 9]><link rel="stylesheet" href="../lib/assets/css/ie9.css" /><![endif]-->
		<!--[if lte IE 8]><link rel="stylesheet" href="../lib/assets/css/ie8.css" /><![endif]-->
	</head>
	<body>

		<!-- Wrapper -->
			<div id="wrapper">

				<!-- Main -->
					<div id="main">
						<div class="inner">
							<!-- Header -->
								<header id="header">
									<a href="index.html" class="logo"><strong>Static Code Analysis Report</strong> by Code Analyzer Tool</a>
								</header>

							<!-- Content -->
								<section>
									<!-- Content -->
										<header class="major"><h2>Infolet Details</h2></header>
										<div class="table-wrapper">
											<table>
												<tbody>
													<tr>
														<td>Name</td>
														<td>MS_GRC_MODEL_REFERENCE_DRILLDOWN_BROWSER (100819)</td>
													</tr>
													<tr>
														<td>SQL</td>
														<td><pre><code>select substr(a.object_name,1,30) display_name
,a.object_id object_id
,a.dd_object_type object_type
,NULL object_level
,'Y' AS OVER_RIDE_ACTION
, 'proc='|| TO_CHAR(A.dd_process_instance_id)||'|instid='||TO_CHAR(A.dd_instance_id)||'|edit_flag='||NVL(A.dd_edit_flag,'Y') AS EDIT_ACTION_PARAMETERS
 from MS_GRC_AREA_OF_COMPLIA A,MS_GRC_AREA_OF_COMPLIA_MRE B where model_name = :1 AND A.OBJECT_ID  = B.OBJECT_ID
 and sysdate between NVL(A.Valid_from, sysdate) and nvl(A.valid_until, sysdate)
 UNION ALL
 select substr(a.object_name,1,30) display_name
,a.object_id object_id
,a.dd_object_type object_type
,NULL object_level
,'Y' AS OVER_RIDE_ACTION
, 'proc='|| TO_CHAR(A.dd_process_instance_id)||'|instid='||TO_CHAR(A.dd_instance_id)||'|edit_flag='||NVL(A.dd_edit_flag,'Y') AS EDIT_ACTION_PARAMETERS
 from MS_GRC_COMPLIANCE_OBJE A,MS_GRC_COMPLIANCE_OBJE_MRE B where model_name = :1 AND A.OBJECT_ID  = B.OBJECT_ID
 and sysdate between NVL(A.Valid_from, sysdate) and nvl(A.valid_until, sysdate)
 UNION ALL
 select substr(a.object_name,1,30) display_name
,a.object_id object_id
,a.dd_object_type object_type
,NULL object_level
,'Y' AS OVER_RIDE_ACTION
, 'proc='|| TO_CHAR(A.dd_process_instance_id)||'|instid='||TO_CHAR(A.dd_instance_id)||'|edit_flag='||NVL(A.dd_edit_flag,'Y') AS EDIT_ACTION_PARAMETERS
 from MS_GRC_MODEL_REFERENCE A,MS_GRC_MODEL_REFERENCE_MRE B where model_name = :1 AND A.OBJECT_ID  = B.OBJECT_ID
 and sysdate between NVL(A.Valid_from, sysdate) and nvl(A.valid_until, sysdate)
 UNION ALL
 select substr(a.object_name,1,30) display_name
,a.object_id object_id
,a.dd_object_type object_type
,NULL object_level
,'Y' AS OVER_RIDE_ACTION
, 'proc='|| TO_CHAR(A.dd_process_instance_id)||'|instid='||TO_CHAR(A.dd_instance_id)||'|edit_flag='||NVL(A.dd_edit_flag,'Y') AS EDIT_ACTION_PARAMETERS
 from MS_GRC_REGULATORY_BODY A,MS_GRC_REGULATORY_BODY_MRE B where model_name = :1 AND A.OBJECT_ID  = B.OBJECT_ID
 and sysdate between NVL(A.Valid_from, sysdate) and nvl(A.valid_until, sysdate)
 UNION ALL
select substr(a.object_name,1,30) display_name
,a.object_id object_id
,a.dd_object_type object_type
,NULL object_level
,'Y' AS OVER_RIDE_ACTION
, 'proc='|| TO_CHAR(A.dd_process_instance_id)||'|instid='||TO_CHAR(A.dd_instance_id)||'|edit_flag='||NVL(A.dd_edit_flag,'Y') AS EDIT_ACTION_PARAMETERS
 from MS_GRC_CORE_OBJECT A,MS_GRC_CORE_OBJECT_MRE B where model_name = :1 AND A.OBJECT_ID  = B.OBJECT_ID
 and sysdate between NVL(A.Valid_from, sysdate) and nvl(A.valid_until, sysdate)
 UNION ALL
select substr(a.object_name,1,30) display_name
,a.object_id object_id
,a.dd_object_type object_type
,NULL object_level
,'Y' AS OVER_RIDE_ACTION
, 'proc='|| TO_CHAR(A.dd_process_instance_id)||'|instid='||TO_CHAR(A.dd_instance_id)||'|edit_flag='||NVL(A.dd_edit_flag,'Y') AS EDIT_ACTION_PARAMETERS
 from MS_GRC_REQUIREMENT A,MS_GRC_REQUIREMENT_MRE B where model_name = :1 AND A.OBJECT_ID  = B.OBJECT_ID
 and sysdate between NVL(A.Valid_from, sysdate) and nvl(A.valid_until, sysdate)
 UNION ALL
select substr(a.object_name,1,30) display_name
,a.object_id object_id
,a.dd_object_type object_type
,NULL object_level
,'Y' AS OVER_RIDE_ACTION
, 'proc='|| TO_CHAR(A.dd_process_instance_id)||'|instid='||TO_CHAR(A.dd_instance_id)||'|edit_flag='||NVL(A.dd_edit_flag,'Y') AS EDIT_ACTION_PARAMETERS
 from MS_GRC_RISK A,MS_GRC_RISK_MRE B where model_name = :1 AND A.OBJECT_ID  = B.OBJECT_ID
 and sysdate between NVL(A.Valid_from, sysdate) and nvl(A.valid_until, sysdate)</code></pre></td>
													</tr>
													<tr>
														<td>Description</td>
														<td></td>
													</tr>
												</tbody>
											</table>
										</div>

										<h2 align="center" id="content">Analysis Report</h2>
										<hr>
 										<header class="major"><h2>Plan hash value: 308347119</h2></header>
										<pre><code>
 
------------------------------------------------------------------------------------------------------------
| Id  | Operation                     | Name                       | Rows  | Bytes | Cost (%CPU)| Time     |
------------------------------------------------------------------------------------------------------------
|   0 | SELECT STATEMENT              |                            |     7 | 14008 |    14  (86)| 00:00:01 |
|   1 |  UNION-ALL                    |                            |       |       |            |          |
|   2 |   NESTED LOOPS                |                            |       |       |            |          |
|   3 |    NESTED LOOPS               |                            |     1 |   468 |     2   (0)| 00:00:01 |
<font style="background-color: lightblue; color: red">|*  4 |     TABLE ACCESS FULL         | MS_GRC_AREA_OF_COMPLIA_MRE |     1 |   404 |     2   (0)| 00:00:01 |</font>
|*  5 |     INDEX UNIQUE SCAN         | MS_GRC_AREA_OF_COMPLIA_PK  |     1 |       |     0   (0)| 00:00:01 |
|*  6 |    TABLE ACCESS BY INDEX ROWID| MS_GRC_AREA_OF_COMPLIA     |     1 |    64 |     0   (0)| 00:00:01 |
|   7 |   NESTED LOOPS                |                            |       |       |            |          |
|   8 |    NESTED LOOPS               |                            |     1 |  1653 |     2   (0)| 00:00:01 |
<font style="background-color: lightblue; color: red">|*  9 |     TABLE ACCESS FULL         | MS_GRC_COMPLIANCE_OBJE_MRE |     1 |  1604 |     2   (0)| 00:00:01 |</font>
|* 10 |     INDEX UNIQUE SCAN         | MS_GRC_COMPLIANCE_OBJE_PK  |     1 |       |     0   (0)| 00:00:01 |
|* 11 |    TABLE ACCESS BY INDEX ROWID| MS_GRC_COMPLIANCE_OBJE     |     1 |    49 |     0   (0)| 00:00:01 |
|  12 |   NESTED LOOPS                |                            |       |       |            |          |
|  13 |    NESTED LOOPS               |                            |     1 |  4058 |     2   (0)| 00:00:01 |
<font style="background-color: lightblue; color: red">|* 14 |     TABLE ACCESS FULL         | MS_GRC_MODEL_REFERENCE_MRE |     1 |  1604 |     2   (0)| 00:00:01 |</font>
|* 15 |     INDEX UNIQUE SCAN         | MS_GRC_MODEL_REFERENCE_PK  |     1 |       |     0   (0)| 00:00:01 |
|* 16 |    TABLE ACCESS BY INDEX ROWID| MS_GRC_MODEL_REFERENCE     |     1 |  2454 |     0   (0)| 00:00:01 |
|  17 |   NESTED LOOPS                |                            |       |       |            |          |
|  18 |    NESTED LOOPS               |                            |     1 |  4058 |     2   (0)| 00:00:01 |
<font style="background-color: lightblue; color: red">|* 19 |     TABLE ACCESS FULL         | MS_GRC_REGULATORY_BODY_MRE |     1 |  1604 |     2   (0)| 00:00:01 |</font>
|* 20 |     INDEX UNIQUE SCAN         | MS_GRC_REGULATORY_BODY_PK  |     1 |       |     0   (0)| 00:00:01 |
|* 21 |    TABLE ACCESS BY INDEX ROWID| MS_GRC_REGULATORY_BODY     |     1 |  2454 |     0   (0)| 00:00:01 |
|  22 |   NESTED LOOPS                |                            |       |       |            |          |
|  23 |    NESTED LOOPS               |                            |     1 |   458 |     2   (0)| 00:00:01 |
<font style="background-color: lightblue; color: red">|* 24 |     TABLE ACCESS FULL         | MS_GRC_CORE_OBJECT_MRE     |     1 |   404 |     2   (0)| 00:00:01 |</font>
|* 25 |     INDEX UNIQUE SCAN         | MS_GRC_CORE_OBJECT_PK      |     1 |       |     0   (0)| 00:00:01 |
|* 26 |    TABLE ACCESS BY INDEX ROWID| MS_GRC_CORE_OBJECT         |     1 |    54 |     0   (0)| 00:00:01 |
|  27 |   NESTED LOOPS                |                            |       |       |            |          |
|  28 |    NESTED LOOPS               |                            |     1 |  2858 |     2   (0)| 00:00:01 |
<font style="background-color: lightblue; color: red">|* 29 |     TABLE ACCESS FULL         | MS_GRC_REQUIREMENT_MRE     |     1 |   404 |     2   (0)| 00:00:01 |</font>
|* 30 |     INDEX UNIQUE SCAN         | MS_GRC_REQUIREMENT_PK      |     1 |       |     0   (0)| 00:00:01 |
|* 31 |    TABLE ACCESS BY INDEX ROWID| MS_GRC_REQUIREMENT         |     1 |  2454 |     0   (0)| 00:00:01 |
|  32 |   NESTED LOOPS                |                            |       |       |            |          |
|  33 |    NESTED LOOPS               |                            |     1 |   455 |     2   (0)| 00:00:01 |
<font style="background-color: lightblue; color: red">|* 34 |     TABLE ACCESS FULL         | MS_GRC_RISK_MRE            |     1 |   404 |     2   (0)| 00:00:01 |</font>
|* 35 |     INDEX UNIQUE SCAN         | MS_GRC_RISK_PK             |     1 |       |     0   (0)| 00:00:01 |
|* 36 |    TABLE ACCESS BY INDEX ROWID| MS_GRC_RISK                |     1 |    51 |     0   (0)| 00:00:01 |
------------------------------------------------------------------------------------------------------------
 
										</code></pre>
 										<header class="major"><h2>Query Block Name / Object Alias (identified by operation id):</h2></header>
										<pre><code>
-------------------------------------------------------------
 
   1 - SET$1
   2 - SEL$1
   4 - SEL$1 / B@SEL$1
   5 - SEL$1 / A@SEL$1
   6 - SEL$1 / A@SEL$1
   7 - SEL$2
   9 - SEL$2 / B@SEL$2
  10 - SEL$2 / A@SEL$2
  11 - SEL$2 / A@SEL$2
  12 - SEL$3
  14 - SEL$3 / B@SEL$3
  15 - SEL$3 / A@SEL$3
  16 - SEL$3 / A@SEL$3
  17 - SEL$4
  19 - SEL$4 / B@SEL$4
  20 - SEL$4 / A@SEL$4
  21 - SEL$4 / A@SEL$4
  22 - SEL$5
  24 - SEL$5 / B@SEL$5
  25 - SEL$5 / A@SEL$5
  26 - SEL$5 / A@SEL$5
  27 - SEL$6
  29 - SEL$6 / B@SEL$6
  30 - SEL$6 / A@SEL$6
  31 - SEL$6 / A@SEL$6
  32 - SEL$7
  34 - SEL$7 / B@SEL$7
  35 - SEL$7 / A@SEL$7
  36 - SEL$7 / A@SEL$7
 
										</code></pre>
 										<header class="major"><h2>Predicate Information (identified by operation id):</h2></header>
										<pre><code>
---------------------------------------------------
 
   4 - filter("MODEL_NAME"=:1)
   5 - access("A"."OBJECT_ID"="B"."OBJECT_ID")
   6 - filter(NVL("A"."VALID_FROM",SYSDATE@!)<=SYSDATE@! AND 
              NVL("A"."VALID_UNTIL",SYSDATE@!)>=SYSDATE@!)
   9 - filter("MODEL_NAME"=:1)
  10 - access("A"."OBJECT_ID"="B"."OBJECT_ID")
  11 - filter(NVL("A"."VALID_FROM",SYSDATE@!)<=SYSDATE@! AND 
              NVL("A"."VALID_UNTIL",SYSDATE@!)>=SYSDATE@!)
  14 - filter("MODEL_NAME"=:1)
  15 - access("A"."OBJECT_ID"="B"."OBJECT_ID")
  16 - filter(NVL("A"."VALID_FROM",SYSDATE@!)<=SYSDATE@! AND 
              NVL("A"."VALID_UNTIL",SYSDATE@!)>=SYSDATE@!)
  19 - filter("MODEL_NAME"=:1)
  20 - access("A"."OBJECT_ID"="B"."OBJECT_ID")
  21 - filter(NVL("A"."VALID_FROM",SYSDATE@!)<=SYSDATE@! AND 
              NVL("A"."VALID_UNTIL",SYSDATE@!)>=SYSDATE@!)
  24 - filter("MODEL_NAME"=:1)
  25 - access("A"."OBJECT_ID"="B"."OBJECT_ID")
  26 - filter(NVL("A"."VALID_FROM",SYSDATE@!)<=SYSDATE@! AND 
              NVL("A"."VALID_UNTIL",SYSDATE@!)>=SYSDATE@!)
  29 - filter("MODEL_NAME"=:1)
  30 - access("A"."OBJECT_ID"="B"."OBJECT_ID")
  31 - filter(NVL("A"."VALID_FROM",SYSDATE@!)<=SYSDATE@! AND 
              NVL("A"."VALID_UNTIL",SYSDATE@!)>=SYSDATE@!)
  34 - filter("MODEL_NAME"=:1)
  35 - access("A"."OBJECT_ID"="B"."OBJECT_ID")
  36 - filter(NVL("A"."VALID_FROM",SYSDATE@!)<=SYSDATE@! AND 
              NVL("A"."VALID_UNTIL",SYSDATE@!)>=SYSDATE@!)
 
										</code></pre>
 										<header class="major"><h2>Column Projection Information (identified by operation id):</h2></header>
										<pre><code>
-----------------------------------------------------------
 
   1 - STRDEF[120], STRDEF[400], STRDEF[400], STRDEF[0], STRDEF[1], STRDEF[108]
   2 - (#keys=0) "A"."OBJECT_ID"[VARCHAR2,400], "A"."OBJECT_NAME"[VARCHAR2,4000], 
       "A"."DD_OBJECT_TYPE"[VARCHAR2,400], "A"."DD_PROCESS_INSTANCE_ID"[NUMBER,22], 
       "A"."DD_INSTANCE_ID"[NUMBER,22], "A"."DD_EDIT_FLAG"[VARCHAR2,4]
   3 - (#keys=0) "A".ROWID[ROWID,10], "A"."OBJECT_ID"[VARCHAR2,400]
   4 - "B"."OBJECT_ID"[VARCHAR2,400]
   5 - "A".ROWID[ROWID,10], "A"."OBJECT_ID"[VARCHAR2,400]
   6 - "A"."OBJECT_NAME"[VARCHAR2,4000], "A"."DD_OBJECT_TYPE"[VARCHAR2,400], 
       "A"."DD_PROCESS_INSTANCE_ID"[NUMBER,22], "A"."DD_INSTANCE_ID"[NUMBER,22], 
       "A"."DD_EDIT_FLAG"[VARCHAR2,4]
   7 - (#keys=0) "A"."DD_INSTANCE_ID"[NUMBER,22], "A"."DD_EDIT_FLAG"[VARCHAR2,4], 
       "A"."OBJECT_NAME"[VARCHAR2,4000], "A"."OBJECT_ID"[VARCHAR2,400], 
       "A"."DD_OBJECT_TYPE"[VARCHAR2,400], "A"."DD_PROCESS_INSTANCE_ID"[NUMBER,22]
   8 - (#keys=0) "A".ROWID[ROWID,10], "A"."OBJECT_ID"[VARCHAR2,400]
   9 - "B"."OBJECT_ID"[VARCHAR2,1600]
  10 - "A".ROWID[ROWID,10], "A"."OBJECT_ID"[VARCHAR2,400]
  11 - "A"."DD_INSTANCE_ID"[NUMBER,22], "A"."DD_EDIT_FLAG"[VARCHAR2,4], 
       "A"."OBJECT_NAME"[VARCHAR2,4000], "A"."DD_OBJECT_TYPE"[VARCHAR2,400], 
       "A"."DD_PROCESS_INSTANCE_ID"[NUMBER,22]
  12 - (#keys=0) "A"."OBJECT_NAME"[VARCHAR2,4000], "A"."OBJECT_ID"[VARCHAR2,400], 
       "A"."DD_OBJECT_TYPE"[VARCHAR2,400], "A"."DD_PROCESS_INSTANCE_ID"[NUMBER,22], 
       "A"."DD_INSTANCE_ID"[NUMBER,22], "A"."DD_EDIT_FLAG"[VARCHAR2,4]
  13 - (#keys=0) "A".ROWID[ROWID,10], "A"."OBJECT_ID"[VARCHAR2,400]
  14 - "B"."OBJECT_ID"[VARCHAR2,1600]
  15 - "A".ROWID[ROWID,10], "A"."OBJECT_ID"[VARCHAR2,400]
  16 - "A"."OBJECT_NAME"[VARCHAR2,4000], "A"."DD_OBJECT_TYPE"[VARCHAR2,400], 
       "A"."DD_PROCESS_INSTANCE_ID"[NUMBER,22], "A"."DD_INSTANCE_ID"[NUMBER,22], 
       "A"."DD_EDIT_FLAG"[VARCHAR2,4]
  17 - (#keys=0) "A"."OBJECT_NAME"[VARCHAR2,4000], "A"."OBJECT_ID"[VARCHAR2,400], 
       "A"."DD_OBJECT_TYPE"[VARCHAR2,400], "A"."DD_PROCESS_INSTANCE_ID"[NUMBER,22], 
       "A"."DD_INSTANCE_ID"[NUMBER,22], "A"."DD_EDIT_FLAG"[VARCHAR2,4]
  18 - (#keys=0) "A".ROWID[ROWID,10], "A"."OBJECT_ID"[VARCHAR2,400]
  19 - "B"."OBJECT_ID"[VARCHAR2,1600]
  20 - "A".ROWID[ROWID,10], "A"."OBJECT_ID"[VARCHAR2,400]
  21 - "A"."OBJECT_NAME"[VARCHAR2,4000], "A"."DD_OBJECT_TYPE"[VARCHAR2,400], 
       "A"."DD_PROCESS_INSTANCE_ID"[NUMBER,22], "A"."DD_INSTANCE_ID"[NUMBER,22], 
       "A"."DD_EDIT_FLAG"[VARCHAR2,4]
  22 - (#keys=0) "A"."DD_OBJECT_TYPE"[VARCHAR2,400], "A"."DD_PROCESS_INSTANCE_ID"[NUMBER,22], 
       "A"."DD_INSTANCE_ID"[NUMBER,22], "A"."DD_EDIT_FLAG"[VARCHAR2,4], "A"."OBJECT_ID"[VARCHAR2,400], 
       "A"."OBJECT_NAME"[VARCHAR2,4000]
  23 - (#keys=0) "A".ROWID[ROWID,10], "A"."OBJECT_ID"[VARCHAR2,400]
  24 - "B"."OBJECT_ID"[VARCHAR2,400]
  25 - "A".ROWID[ROWID,10], "A"."OBJECT_ID"[VARCHAR2,400]
  26 - "A"."DD_OBJECT_TYPE"[VARCHAR2,400], "A"."DD_PROCESS_INSTANCE_ID"[NUMBER,22], 
       "A"."DD_INSTANCE_ID"[NUMBER,22], "A"."DD_EDIT_FLAG"[VARCHAR2,4], "A"."OBJECT_NAME"[VARCHAR2,4000]
  27 - (#keys=0) "A"."OBJECT_ID"[VARCHAR2,400], "A"."OBJECT_NAME"[VARCHAR2,4000], 
       "A"."DD_OBJECT_TYPE"[VARCHAR2,400], "A"."DD_PROCESS_INSTANCE_ID"[NUMBER,22], 
       "A"."DD_INSTANCE_ID"[NUMBER,22], "A"."DD_EDIT_FLAG"[VARCHAR2,4]
  28 - (#keys=0) "A".ROWID[ROWID,10], "A"."OBJECT_ID"[VARCHAR2,400]
  29 - "B"."OBJECT_ID"[VARCHAR2,400]
  30 - "A".ROWID[ROWID,10], "A"."OBJECT_ID"[VARCHAR2,400]
  31 - "A"."OBJECT_NAME"[VARCHAR2,4000], "A"."DD_OBJECT_TYPE"[VARCHAR2,400], 
       "A"."DD_PROCESS_INSTANCE_ID"[NUMBER,22], "A"."DD_INSTANCE_ID"[NUMBER,22], 
       "A"."DD_EDIT_FLAG"[VARCHAR2,4]
  32 - (#keys=0) "A"."OBJECT_NAME"[VARCHAR2,4000], "A"."OBJECT_ID"[VARCHAR2,400], 
       "A"."DD_OBJECT_TYPE"[VARCHAR2,400], "A"."DD_PROCESS_INSTANCE_ID"[NUMBER,22], 
       "A"."DD_INSTANCE_ID"[NUMBER,22], "A"."DD_EDIT_FLAG"[VARCHAR2,4]
  33 - (#keys=0) "A".ROWID[ROWID,10], "A"."OBJECT_ID"[VARCHAR2,400]
  34 - "B"."OBJECT_ID"[VARCHAR2,400]
  35 - "A".ROWID[ROWID,10], "A"."OBJECT_ID"[VARCHAR2,400]
  36 - "A"."OBJECT_NAME"[VARCHAR2,4000], "A"."DD_OBJECT_TYPE"[VARCHAR2,400], 
       "A"."DD_PROCESS_INSTANCE_ID"[NUMBER,22], "A"."DD_INSTANCE_ID"[NUMBER,22], 
       "A"."DD_EDIT_FLAG"[VARCHAR2,4]
										</code></pre>
								</section>
						</div>
					</div>

				<!-- Sidebar -->
				<div id="sidebar">
					<div class="inner">
						<!-- Menu -->
						<nav id="menu">
							<header class="major">
								<h2>Menu</h2>
							</header>
							<ul>
								<li><a href="index.html">Summary</a></li>
								<li>
									<span class="opener">DB Analysis</span>
									<ul>
										<li><a href="union.html">Bad SQL</a></li>
										<li><a href="poor-sql.html">Poor SQL Plan</a></li>
										<li><a href="invalid-sql.html">Invalid SQL</a></li>
										<li><a href="full-sql.html">Full SQL Report</a></li>
										<li><a href="db-primary-unique-key.html">Primary/Unique Key Miss</a></li>
										<li><a href="invalid-db-object.html">Invalid DB Objects</a></li>
									</ul>
								</li>
								<li>
									<span class="opener">Infolets</span>
									<ul>
										<li><a href="keep-history-infolets.html">Keep History Infolets</a></li>
									</ul>
								</li>
								<li>
									<span class="opener">Pushforms</span>
									<ul>
										<li><a href="pushform-denormalize.html">Pushform Denormalized</a></li>
									</ul>
								</li>
							</ul>
						</nav>

						<!-- Section -->
						<section>
							<header class="major">
								<h2>Get in touch</h2>
							</header>
							<p>You need more details on the report or want more functionality, don't hesitate to reach out to us.</p>
							<ul class="contact">
								<li class="fa-envelope-o"><a href="mailto:rnd@metricstream.com?Subject=Reg - Static Code Analysis Tool" target="_top">rnd@metricstream.com</a></li>
							</ul>
						</section>

						<!-- Footer -->
						<footer id="footer">
							<p class="copyright">&copy; <a href="http://www.metricstream.com" target="_blank">MetricStream</a>. All rights reserved. </p>
						</footer>
					</div>
				</div>
			</div>

		<!-- Scripts -->
			<script src="../lib/assets/js/jquery.min.js"></script>
			<script src="../lib/assets/js/skel.min.js"></script>
			<script src="../lib/assets/js/util.js"></script>
			<!--[if lte IE 8]><script src="../lib/assets/js/ie/respond.min.js"></script><![endif]-->
			<script src="../lib/assets/js/main.js"></script>
	</body>
</html>