<!DOCTYPE HTML>
<html>
	<head>
		<title>Code Analysis - MetricStream</title>
		<meta charset="utf-8" />
		<meta name="viewport" content="width=device-width, initial-scale=1, user-scalable=no" />
		<!--[if lte IE 8]><script src="assets/js/ie/html5shiv.js"></script><![endif]-->
		<link rel="stylesheet" href="../lib/assets/css/main.css" />
		<!--[if lte IE 9]><link rel="stylesheet" href="../lib/assets/css/ie9.css" /><![endif]-->
		<!--[if lte IE 8]><link rel="stylesheet" href="../lib/assets/css/ie8.css" /><![endif]-->
	</head>
	<body>

		<!-- Wrapper -->
			<div id="wrapper">

				<!-- Main -->
					<div id="main">
						<div class="inner">
							<!-- Header -->
								<header id="header">
									<a href="index.html" class="logo"><strong>Static Code Analysis Report</strong> by Code Analyzer Tool</a>
								</header>

							<!-- Content -->
								<section>
									<!-- Content -->
										<header class="major"><h2>Infolet Details</h2></header>
										<div class="table-wrapper">
											<table>
												<tbody>
													<tr>
														<td>Name</td>
														<td>MS_GRC_KPI_KRI_FREQUENCY (100803)</td>
													</tr>
													<tr>
														<td>SQL</td>
														<td><pre><code>SELECT   c.Stored_Value,
           c.Displayed_Value,
           c.Lov_Name,
           c.Lov_Value_Id,
           c.Start_Date,
           c.End_Date
    FROM   Ms_Qs_Lov_Org_Values_v c, si_locales a, si_users_t b
   WHERE       c.locale_id = a.locale_id
           AND a.locale_string = b.locale
           AND UPPER (b.user_name) = UPPER (:1)
           AND (TRIM (LOV_NAME) = 'MS GRC KI Frequency')
ORDER BY   c.display_order</code></pre></td>
													</tr>
													<tr>
														<td>Description</td>
														<td></td>
													</tr>
												</tbody>
											</table>
										</div>

										<h2 align="center" id="content">Analysis Report</h2>
										<hr>
 										<header class="major"><h2>Plan hash value: 1833918894</h2></header>
										<pre><code>
 
------------------------------------------------------------------------------------------------------
| Id  | Operation                  | Name                    | Rows  | Bytes | Cost (%CPU)| Time     |
------------------------------------------------------------------------------------------------------
|   0 | SELECT STATEMENT           |                         |     1 |  1199 |    52   (6)| 00:00:01 |
|   1 |  SORT ORDER BY             |                         |     1 |  1199 |    52   (6)| 00:00:01 |
|*  2 |   HASH JOIN OUTER          |                         |     1 |  1199 |    51   (4)| 00:00:01 |
|   3 |    NESTED LOOPS            |                         |     1 |  1173 |    45   (5)| 00:00:01 |
|*  4 |     HASH JOIN              |                         |     1 |  1165 |    45   (5)| 00:00:01 |
<font style="background-color: lightblue; color: red">|*  5 |      TABLE ACCESS FULL     | MS_QS_LOV_NAMES         |     3 |    87 |     6   (0)| 00:00:01 |</font>
|*  6 |      HASH JOIN             |                         |    95 |   105K|    38   (3)| 00:00:01 |
|*  7 |       HASH JOIN            |                         |     1 |    31 |     8  (13)| 00:00:01 |
<font style="background-color: lightblue; color: red">|*  8 |        TABLE ACCESS FULL   | SI_USERS_T              |     1 |    20 |     4   (0)| 00:00:01 |</font>
<font style="background-color: lightblue; color: red">|   9 |        TABLE ACCESS FULL   | SI_LOCALES              |    35 |   385 |     3   (0)| 00:00:01 |</font>
|  10 |       VIEW                 |                         |  4883 |  5269K|    30   (0)| 00:00:01 |
<font style="background-color: lightblue; color: red">|  11 |        MERGE JOIN CARTESIAN|                         |  4883 |   252K|    30   (0)| 00:00:01 |</font>
<font style="background-color: lightblue; color: red">|* 12 |         TABLE ACCESS FULL  | SI_LOCALES              |     4 |    24 |     3   (0)| 00:00:01 |</font>
|  13 |         BUFFER SORT        |                         |  1395 | 65565 |    27   (0)| 00:00:01 |
<font style="background-color: lightblue; color: red">|  14 |          TABLE ACCESS FULL | MS_QS_LIST_OF_VALUES_T  |  1395 | 65565 |     7   (0)| 00:00:01 |</font>
|* 15 |     INDEX RANGE SCAN       | SI_ORG_ENTITIES_N1      |     1 |     8 |     0   (0)| 00:00:01 |
<font style="background-color: lightblue; color: red">|  16 |    TABLE ACCESS FULL       | MS_QS_LIST_OF_VALUES_TL |  1160 | 30160 |     6   (0)| 00:00:01 |</font>
------------------------------------------------------------------------------------------------------
 
										</code></pre>
 										<header class="major"><h2>Query Block Name / Object Alias (identified by operation id):</h2></header>
										<pre><code>
-------------------------------------------------------------
 
   1 - SEL$745C2686
   5 - SEL$745C2686 / MS_QS_LOV_NAMES@SEL$6
   8 - SEL$745C2686 / B@SEL$1
   9 - SEL$745C2686 / A@SEL$1
  10 - SEL$7286615E / X@SEL$3
  11 - SEL$7286615E
  12 - SEL$7286615E / SI_LOCALES@SEL$5
  14 - SEL$7286615E / T@SEL$4
  15 - SEL$745C2686 / SI_ORG_ENTITIES_T@SEL$7
  16 - SEL$745C2686 / TL@SEL$3
 
										</code></pre>
 										<header class="major"><h2>Predicate Information (identified by operation id):</h2></header>
										<pre><code>
---------------------------------------------------
 
   2 - access("X"."LOV_VALUE_ID"="TL"."LOV_VALUE_ID"(+) AND 
              "X"."LOCALE_ID"="TL"."LOCALE_ID"(+))
   4 - access("X"."LOV_ID"="LOV_ID")
   5 - filter(TRIM("LOV_NAME")='MS GRC KI Frequency')
   6 - access("X"."LOCALE_ID"="A"."LOCALE_ID")
   7 - access("A"."LOCALE_STRING"="B"."LOCALE")
   8 - filter(UPPER("B"."USER_NAME")=UPPER(:1))
  12 - filter("ENABLED_FLAG"='Y')
  15 - access("ENTERPRISE_ID"="X"."ENTERPRISE_ID" AND "ORG_ENTITY_ID"="X"."ORG_ENTITY_ID")
 
										</code></pre>
 										<header class="major"><h2>Column Projection Information (identified by operation id):</h2></header>
										<pre><code>
-----------------------------------------------------------
 
   1 - (#keys=1) "X"."DISPLAY_ORDER"[NUMBER,22], "X"."STORED_VALUE"[VARCHAR2,100], 
       NVL("TL"."DISPLAYED_VALUE","X"."DISPLAYED_VALUE")[2000], "LOV_NAME"[VARCHAR2,100], 
       "X"."LOV_VALUE_ID"[NUMBER,22], "X"."START_DATE"[DATE,7], "X"."END_DATE"[DATE,7]
   2 - (#keys=2) "X"."LOV_VALUE_ID"[NUMBER,22], "LOV_NAME"[VARCHAR2,100], 
       "X"."STORED_VALUE"[VARCHAR2,100], "X"."DISPLAYED_VALUE"[VARCHAR2,2000], 
       "X"."DISPLAY_ORDER"[NUMBER,22], "X"."START_DATE"[DATE,7], "X"."END_DATE"[DATE,7], 
       "TL"."DISPLAYED_VALUE"[VARCHAR2,2000]
   3 - (#keys=0) "LOV_NAME"[VARCHAR2,100], "X"."LOCALE_ID"[NUMBER,22], 
       "X"."LOV_VALUE_ID"[NUMBER,22], "X"."STORED_VALUE"[VARCHAR2,100], 
       "X"."DISPLAYED_VALUE"[VARCHAR2,2000], "X"."DISPLAY_ORDER"[NUMBER,22], 
       "X"."START_DATE"[DATE,7], "X"."END_DATE"[DATE,7]
   4 - (#keys=1) "LOV_NAME"[VARCHAR2,100], "X"."LOCALE_ID"[NUMBER,22], 
       "X"."LOV_VALUE_ID"[NUMBER,22], "X"."ENTERPRISE_ID"[NUMBER,22], 
       "X"."ORG_ENTITY_ID"[NUMBER,22], "X"."STORED_VALUE"[VARCHAR2,100], 
       "X"."DISPLAYED_VALUE"[VARCHAR2,2000], "X"."DISPLAY_ORDER"[NUMBER,22], 
       "X"."START_DATE"[DATE,7], "X"."END_DATE"[DATE,7]
   5 - "LOV_NAME"[VARCHAR2,100], "LOV_ID"[NUMBER,22]
   6 - (#keys=1) "X"."LOCALE_ID"[NUMBER,22], "X"."LOV_VALUE_ID"[NUMBER,22], 
       "X"."LOV_ID"[NUMBER,22], "X"."ORG_ENTITY_ID"[NUMBER,22], "X"."STORED_VALUE"[VARCHAR2,100], 
       "X"."DISPLAYED_VALUE"[VARCHAR2,2000], "X"."DISPLAY_ORDER"[NUMBER,22], 
       "X"."START_DATE"[DATE,7], "X"."END_DATE"[DATE,7], "X"."ENTERPRISE_ID"[NUMBER,22]
   7 - (#keys=1) "A"."LOCALE_ID"[NUMBER,22]
   8 - "B"."LOCALE"[VARCHAR2,400]
   9 - "A"."LOCALE_ID"[NUMBER,22], "A"."LOCALE_STRING"[VARCHAR2,100]
  10 - "X"."LOV_VALUE_ID"[NUMBER,22], "X"."LOV_ID"[NUMBER,22], 
       "X"."ORG_ENTITY_ID"[NUMBER,22], "X"."STORED_VALUE"[VARCHAR2,100], 
       "X"."DISPLAYED_VALUE"[VARCHAR2,2000], "X"."LOCALE_ID"[NUMBER,22], "X"."START_DATE"[DATE,7], 
       "X"."END_DATE"[DATE,7], "X"."ENTERPRISE_ID"[NUMBER,22], "X"."DISPLAY_ORDER"[NUMBER,22]
  11 - (#keys=0) "LOCALE_ID"[NUMBER,22], "T"."LOV_VALUE_ID"[NUMBER,22], 
       "T"."LOV_ID"[NUMBER,22], "T"."ORG_ENTITY_ID"[NUMBER,22], "T"."STORED_VALUE"[VARCHAR2,100], 
       "T"."DISPLAYED_VALUE"[VARCHAR2,2000], "T"."START_DATE"[DATE,7], "T"."END_DATE"[DATE,7], 
       "T"."ENTERPRISE_ID"[NUMBER,22], "T"."DISPLAY_ORDER"[NUMBER,22]
  12 - "LOCALE_ID"[NUMBER,22]
  13 - (#keys=0) "T"."LOV_VALUE_ID"[NUMBER,22], "T"."LOV_ID"[NUMBER,22], 
       "T"."ORG_ENTITY_ID"[NUMBER,22], "T"."STORED_VALUE"[VARCHAR2,100], 
       "T"."DISPLAYED_VALUE"[VARCHAR2,2000], "T"."START_DATE"[DATE,7], "T"."END_DATE"[DATE,7], 
       "T"."ENTERPRISE_ID"[NUMBER,22], "T"."DISPLAY_ORDER"[NUMBER,22]
  14 - "T"."LOV_VALUE_ID"[NUMBER,22], "T"."LOV_ID"[NUMBER,22], 
       "T"."ORG_ENTITY_ID"[NUMBER,22], "T"."STORED_VALUE"[VARCHAR2,100], 
       "T"."DISPLAYED_VALUE"[VARCHAR2,2000], "T"."START_DATE"[DATE,7], "T"."END_DATE"[DATE,7], 
       "T"."ENTERPRISE_ID"[NUMBER,22], "T"."DISPLAY_ORDER"[NUMBER,22]
  16 - "TL"."LOV_VALUE_ID"[NUMBER,22], "TL"."DISPLAYED_VALUE"[VARCHAR2,2000], 
       "TL"."LOCALE_ID"[NUMBER,22]
										</code></pre>
								</section>
						</div>
					</div>

				<!-- Sidebar -->
				<div id="sidebar">
					<div class="inner">
						<!-- Menu -->
						<nav id="menu">
							<header class="major">
								<h2>Menu</h2>
							</header>
							<ul>
								<li><a href="index.html">Summary</a></li>
								<li>
									<span class="opener">DB Analysis</span>
									<ul>
										<li><a href="union.html">Bad SQL</a></li>
										<li><a href="poor-sql.html">Poor SQL Plan</a></li>
										<li><a href="invalid-sql.html">Invalid SQL</a></li>
										<li><a href="full-sql.html">Full SQL Report</a></li>
										<li><a href="db-primary-unique-key.html">Primary/Unique Key Miss</a></li>
										<li><a href="invalid-db-object.html">Invalid DB Objects</a></li>
									</ul>
								</li>
								<li>
									<span class="opener">Infolets</span>
									<ul>
										<li><a href="keep-history-infolets.html">Keep History Infolets</a></li>
									</ul>
								</li>
							</ul>
						</nav>

						<!-- Section -->
						<section>
							<header class="major">
								<h2>Get in touch</h2>
							</header>
							<p>You need more details on the report or want more functionality, don't hesitate to reach out to us.</p>
							<ul class="contact">
								<li class="fa-envelope-o"><a href="mailto:rnd@metricstream.com?Subject=Reg - Static Code Analysis Tool" target="_top">rnd@metricstream.com</a></li>
							</ul>
						</section>

						<!-- Footer -->
						<footer id="footer">
							<p class="copyright">&copy; <a href="http://www.metricstream.com" target="_blank">MetricStream</a>. All rights reserved. </p>
						</footer>
					</div>
				</div>
			</div>

		<!-- Scripts -->
			<script src="../lib/assets/js/jquery.min.js"></script>
			<script src="../lib/assets/js/skel.min.js"></script>
			<script src="../lib/assets/js/util.js"></script>
			<!--[if lte IE 8]><script src="../lib/assets/js/ie/respond.min.js"></script><![endif]-->
			<script src="../lib/assets/js/main.js"></script>
	</body>
</html>