<!DOCTYPE HTML>
<html>
	<head>
		<title>Code Analysis - MetricStream</title>
		<meta charset="utf-8" />
		<meta name="viewport" content="width=device-width, initial-scale=1, user-scalable=no" />
		<!--[if lte IE 8]><script src="assets/js/ie/html5shiv.js"></script><![endif]-->
		<link rel="stylesheet" href="../lib/assets/css/main.css" />
		<!--[if lte IE 9]><link rel="stylesheet" href="../lib/assets/css/ie9.css" /><![endif]-->
		<!--[if lte IE 8]><link rel="stylesheet" href="../lib/assets/css/ie8.css" /><![endif]-->
	</head>
	<body>

		<!-- Wrapper -->
			<div id="wrapper">

				<!-- Main -->
					<div id="main">
						<div class="inner">
							<!-- Header -->
								<header id="header">
									<a href="index.html" class="logo"><strong>Static Code Analysis Report</strong> by Code Analyzer Tool</a>
								</header>

							<!-- Content -->
								<section>
									<!-- Content -->
										<header class="major"><h2>Infolet Details</h2></header>
										<div class="table-wrapper">
											<table>
												<tbody>
													<tr>
														<td>Name</td>
														<td>MS_GRC_KPI_KRI_FLAG (100802)</td>
													</tr>
													<tr>
														<td>SQL</td>
														<td><pre><code>Select c.Stored_Value,
       c.Displayed_Value,
       c.Lov_Name,
       c.Locale_Id,
       c.Enterprise_Id,
       c.Lov_Id,
       c.Lov_Value_Id,
       c.Org_Entity_Id,
       c.Org_Entity_Name,
       c.Start_Date,
       c.End_Date
From   Ms_Qs_Lov_Org_Values_v c,
si_locales a,si_users_t b 
where  c.locale_id= a.locale_id and (trim(LOV_NAME) = 'MS GRC KI Type')
and a.locale_string = b.locale and upper(b.user_name) = upper(:1)
order by c.display_order</code></pre></td>
													</tr>
													<tr>
														<td>Description</td>
														<td></td>
													</tr>
												</tbody>
											</table>
										</div>

										<h2 align="center" id="content">Analysis Report</h2>
										<hr>
 										<header class="major"><h2>Plan hash value: 1220231033</h2></header>
										<pre><code>
 
----------------------------------------------------------------------------------------------------------
| Id  | Operation                      | Name                    | Rows  | Bytes | Cost (%CPU)| Time     |
----------------------------------------------------------------------------------------------------------
|   0 | SELECT STATEMENT               |                         |     1 |  1211 |    53   (6)| 00:00:01 |
|   1 |  SORT ORDER BY                 |                         |     1 |  1211 |    53   (6)| 00:00:01 |
|*  2 |   HASH JOIN OUTER              |                         |     1 |  1211 |    52   (4)| 00:00:01 |
|   3 |    NESTED LOOPS                |                         |       |       |            |          |
|   4 |     NESTED LOOPS               |                         |     1 |  1185 |    46   (5)| 00:00:01 |
|*  5 |      HASH JOIN                 |                         |     1 |  1165 |    45   (5)| 00:00:01 |
<font style="background-color: lightblue; color: red">|*  6 |       TABLE ACCESS FULL        | MS_QS_LOV_NAMES         |     3 |    87 |     6   (0)| 00:00:01 |</font>
|*  7 |       HASH JOIN                |                         |    95 |   105K|    38   (3)| 00:00:01 |
|*  8 |        HASH JOIN               |                         |     1 |    31 |     8  (13)| 00:00:01 |
<font style="background-color: lightblue; color: red">|*  9 |         TABLE ACCESS FULL      | SI_USERS_T              |     1 |    20 |     4   (0)| 00:00:01 |</font>
<font style="background-color: lightblue; color: red">|  10 |         TABLE ACCESS FULL      | SI_LOCALES              |    35 |   385 |     3   (0)| 00:00:01 |</font>
|  11 |        VIEW                    |                         |  4883 |  5269K|    30   (0)| 00:00:01 |
<font style="background-color: lightblue; color: red">|  12 |         MERGE JOIN CARTESIAN   |                         |  4883 |   252K|    30   (0)| 00:00:01 |</font>
<font style="background-color: lightblue; color: red">|* 13 |          TABLE ACCESS FULL     | SI_LOCALES              |     4 |    24 |     3   (0)| 00:00:01 |</font>
|  14 |          BUFFER SORT           |                         |  1395 | 65565 |    27   (0)| 00:00:01 |
<font style="background-color: lightblue; color: red">|  15 |           TABLE ACCESS FULL    | MS_QS_LIST_OF_VALUES_T  |  1395 | 65565 |     7   (0)| 00:00:01 |</font>
|* 16 |      INDEX RANGE SCAN          | SI_ORG_ENTITIES_N1      |     1 |       |     0   (0)| 00:00:01 |
|  17 |     TABLE ACCESS BY INDEX ROWID| SI_ORG_ENTITIES_T       |     1 |    20 |     1   (0)| 00:00:01 |
<font style="background-color: lightblue; color: red">|  18 |    TABLE ACCESS FULL           | MS_QS_LIST_OF_VALUES_TL |  1160 | 30160 |     6   (0)| 00:00:01 |</font>
----------------------------------------------------------------------------------------------------------
 
										</code></pre>
 										<header class="major"><h2>Query Block Name / Object Alias (identified by operation id):</h2></header>
										<pre><code>
-------------------------------------------------------------
 
   1 - SEL$745C2686
   6 - SEL$745C2686 / MS_QS_LOV_NAMES@SEL$6
   9 - SEL$745C2686 / B@SEL$1
  10 - SEL$745C2686 / A@SEL$1
  11 - SEL$7286615E / X@SEL$3
  12 - SEL$7286615E
  13 - SEL$7286615E / SI_LOCALES@SEL$5
  15 - SEL$7286615E / T@SEL$4
  16 - SEL$745C2686 / SI_ORG_ENTITIES_T@SEL$7
  17 - SEL$745C2686 / SI_ORG_ENTITIES_T@SEL$7
  18 - SEL$745C2686 / TL@SEL$3
 
										</code></pre>
 										<header class="major"><h2>Predicate Information (identified by operation id):</h2></header>
										<pre><code>
---------------------------------------------------
 
   2 - access("X"."LOV_VALUE_ID"="TL"."LOV_VALUE_ID"(+) AND "X"."LOCALE_ID"="TL"."LOCALE_ID"(+))
   5 - access("X"."LOV_ID"="LOV_ID")
   6 - filter(TRIM("LOV_NAME")='MS GRC KI Type')
   7 - access("X"."LOCALE_ID"="A"."LOCALE_ID")
   8 - access("A"."LOCALE_STRING"="B"."LOCALE")
   9 - filter(UPPER("B"."USER_NAME")=UPPER(:1))
  13 - filter("ENABLED_FLAG"='Y')
  16 - access("ENTERPRISE_ID"="X"."ENTERPRISE_ID" AND "ORG_ENTITY_ID"="X"."ORG_ENTITY_ID")
 
										</code></pre>
 										<header class="major"><h2>Column Projection Information (identified by operation id):</h2></header>
										<pre><code>
-----------------------------------------------------------
 
   1 - (#keys=1) "X"."DISPLAY_ORDER"[NUMBER,22], "X"."STORED_VALUE"[VARCHAR2,100], 
       NVL("TL"."DISPLAYED_VALUE","X"."DISPLAYED_VALUE")[2000], "LOV_NAME"[VARCHAR2,100], 
       "X"."LOCALE_ID"[NUMBER,22], "X"."ENTERPRISE_ID"[NUMBER,22], "X"."LOV_ID"[NUMBER,22], 
       "X"."LOV_VALUE_ID"[NUMBER,22], "ORG_ENTITY_ID"[NUMBER,22], "ORG_ENTITY_NAME"[VARCHAR2,100], 
       "X"."START_DATE"[DATE,7], "X"."END_DATE"[DATE,7]
   2 - (#keys=2) "X"."LOV_VALUE_ID"[NUMBER,22], "X"."LOCALE_ID"[NUMBER,22], 
       "X"."LOV_ID"[NUMBER,22], "LOV_NAME"[VARCHAR2,100], "ORG_ENTITY_ID"[NUMBER,22], 
       "ORG_ENTITY_NAME"[VARCHAR2,100], "X"."ENTERPRISE_ID"[NUMBER,22], 
       "X"."STORED_VALUE"[VARCHAR2,100], "X"."DISPLAYED_VALUE"[VARCHAR2,2000], 
       "X"."DISPLAY_ORDER"[NUMBER,22], "X"."START_DATE"[DATE,7], "X"."END_DATE"[DATE,7], 
       "TL"."DISPLAYED_VALUE"[VARCHAR2,2000]
   3 - (#keys=0) "X"."LOV_ID"[NUMBER,22], "LOV_NAME"[VARCHAR2,100], "X"."LOCALE_ID"[NUMBER,22], 
       "X"."LOV_VALUE_ID"[NUMBER,22], "X"."ENTERPRISE_ID"[NUMBER,22], "X"."STORED_VALUE"[VARCHAR2,100], 
       "X"."DISPLAYED_VALUE"[VARCHAR2,2000], "X"."DISPLAY_ORDER"[NUMBER,22], "X"."START_DATE"[DATE,7], 
       "X"."END_DATE"[DATE,7], "ORG_ENTITY_ID"[NUMBER,22], "ORG_ENTITY_NAME"[VARCHAR2,100]
   4 - (#keys=0) "X"."LOV_ID"[NUMBER,22], "LOV_NAME"[VARCHAR2,100], "X"."LOCALE_ID"[NUMBER,22], 
       "X"."LOV_VALUE_ID"[NUMBER,22], "X"."ENTERPRISE_ID"[NUMBER,22], "X"."STORED_VALUE"[VARCHAR2,100], 
       "X"."DISPLAYED_VALUE"[VARCHAR2,2000], "X"."DISPLAY_ORDER"[NUMBER,22], "X"."START_DATE"[DATE,7], 
       "X"."END_DATE"[DATE,7], "SI_ORG_ENTITIES_T".ROWID[ROWID,10], "ORG_ENTITY_ID"[NUMBER,22]
   5 - (#keys=1) "X"."LOV_ID"[NUMBER,22], "LOV_NAME"[VARCHAR2,100], "X"."LOCALE_ID"[NUMBER,22], 
       "X"."LOV_VALUE_ID"[NUMBER,22], "X"."ENTERPRISE_ID"[NUMBER,22], "X"."ORG_ENTITY_ID"[NUMBER,22], 
       "X"."STORED_VALUE"[VARCHAR2,100], "X"."DISPLAYED_VALUE"[VARCHAR2,2000], 
       "X"."DISPLAY_ORDER"[NUMBER,22], "X"."START_DATE"[DATE,7], "X"."END_DATE"[DATE,7]
   6 - "LOV_NAME"[VARCHAR2,100], "LOV_ID"[NUMBER,22]
   7 - (#keys=1) "X"."LOCALE_ID"[NUMBER,22], "X"."LOV_VALUE_ID"[NUMBER,22], 
       "X"."LOV_ID"[NUMBER,22], "X"."ORG_ENTITY_ID"[NUMBER,22], "X"."STORED_VALUE"[VARCHAR2,100], 
       "X"."DISPLAYED_VALUE"[VARCHAR2,2000], "X"."DISPLAY_ORDER"[NUMBER,22], "X"."START_DATE"[DATE,7], 
       "X"."END_DATE"[DATE,7], "X"."ENTERPRISE_ID"[NUMBER,22]
   8 - (#keys=1) "A"."LOCALE_ID"[NUMBER,22]
   9 - "B"."LOCALE"[VARCHAR2,400]
  10 - "A"."LOCALE_ID"[NUMBER,22], "A"."LOCALE_STRING"[VARCHAR2,100]
  11 - "X"."LOV_VALUE_ID"[NUMBER,22], "X"."LOV_ID"[NUMBER,22], "X"."ORG_ENTITY_ID"[NUMBER,22], 
       "X"."STORED_VALUE"[VARCHAR2,100], "X"."DISPLAYED_VALUE"[VARCHAR2,2000], 
       "X"."LOCALE_ID"[NUMBER,22], "X"."START_DATE"[DATE,7], "X"."END_DATE"[DATE,7], 
       "X"."ENTERPRISE_ID"[NUMBER,22], "X"."DISPLAY_ORDER"[NUMBER,22]
  12 - (#keys=0) "LOCALE_ID"[NUMBER,22], "T"."LOV_VALUE_ID"[NUMBER,22], "T"."LOV_ID"[NUMBER,22], 
       "T"."ORG_ENTITY_ID"[NUMBER,22], "T"."STORED_VALUE"[VARCHAR2,100], 
       "T"."DISPLAYED_VALUE"[VARCHAR2,2000], "T"."START_DATE"[DATE,7], "T"."END_DATE"[DATE,7], 
       "T"."ENTERPRISE_ID"[NUMBER,22], "T"."DISPLAY_ORDER"[NUMBER,22]
  13 - "LOCALE_ID"[NUMBER,22]
  14 - (#keys=0) "T"."LOV_VALUE_ID"[NUMBER,22], "T"."LOV_ID"[NUMBER,22], 
       "T"."ORG_ENTITY_ID"[NUMBER,22], "T"."STORED_VALUE"[VARCHAR2,100], 
       "T"."DISPLAYED_VALUE"[VARCHAR2,2000], "T"."START_DATE"[DATE,7], "T"."END_DATE"[DATE,7], 
       "T"."ENTERPRISE_ID"[NUMBER,22], "T"."DISPLAY_ORDER"[NUMBER,22]
  15 - "T"."LOV_VALUE_ID"[NUMBER,22], "T"."LOV_ID"[NUMBER,22], "T"."ORG_ENTITY_ID"[NUMBER,22], 
       "T"."STORED_VALUE"[VARCHAR2,100], "T"."DISPLAYED_VALUE"[VARCHAR2,2000], "T"."START_DATE"[DATE,7], 
       "T"."END_DATE"[DATE,7], "T"."ENTERPRISE_ID"[NUMBER,22], "T"."DISPLAY_ORDER"[NUMBER,22]
  16 - "SI_ORG_ENTITIES_T".ROWID[ROWID,10], "ORG_ENTITY_ID"[NUMBER,22]
  17 - "ORG_ENTITY_NAME"[VARCHAR2,100]
  18 - "TL"."LOV_VALUE_ID"[NUMBER,22], "TL"."DISPLAYED_VALUE"[VARCHAR2,2000], 
       "TL"."LOCALE_ID"[NUMBER,22]
										</code></pre>
								</section>
						</div>
					</div>

				<!-- Sidebar -->
				<div id="sidebar">
					<div class="inner">
						<!-- Menu -->
						<nav id="menu">
							<header class="major">
								<h2>Menu</h2>
							</header>
							<ul>
								<li><a href="index.html">Summary</a></li>
								<li>
									<span class="opener">DB Analysis</span>
									<ul>
										<li><a href="union.html">Bad SQL</a></li>
										<li><a href="poor-sql.html">Poor SQL Plan</a></li>
										<li><a href="invalid-sql.html">Invalid SQL</a></li>
										<li><a href="full-sql.html">Full SQL Report</a></li>
										<li><a href="db-primary-unique-key.html">Primary/Unique Key Miss</a></li>
										<li><a href="invalid-db-object.html">Invalid DB Objects</a></li>
									</ul>
								</li>
							</ul>
						</nav>

						<!-- Section -->
						<section>
							<header class="major">
								<h2>Get in touch</h2>
							</header>
							<p>You need more details on the report or want more functionality, don't hesitate to reach out to us.</p>
							<ul class="contact">
								<li class="fa-envelope-o"><a href="mailto:rnd@metricstream.com?Subject=Reg - Static Code Analysis Tool" target="_top">rnd@metricstream.com</a></li>
							</ul>
						</section>

						<!-- Footer -->
						<footer id="footer">
							<p class="copyright">&copy; <a href="http://www.metricstream.com" target="_blank">MetricStream</a>. All rights reserved. </p>
						</footer>
					</div>
				</div>
			</div>

		<!-- Scripts -->
			<script src="../lib/assets/js/jquery.min.js"></script>
			<script src="../lib/assets/js/skel.min.js"></script>
			<script src="../lib/assets/js/util.js"></script>
			<!--[if lte IE 8]><script src="../lib/assets/js/ie/respond.min.js"></script><![endif]-->
			<script src="../lib/assets/js/main.js"></script>
	</body>
</html>