<!DOCTYPE HTML>
<html>
	<head>
		<title>Code Analysis - MetricStream</title>
		<meta charset="utf-8" />
		<meta name="viewport" content="width=device-width, initial-scale=1, user-scalable=no" />
		<!--[if lte IE 8]><script src="assets/js/ie/html5shiv.js"></script><![endif]-->
		<link rel="stylesheet" href="../lib/assets/css/main.css" />
		<!--[if lte IE 9]><link rel="stylesheet" href="../lib/assets/css/ie9.css" /><![endif]-->
		<!--[if lte IE 8]><link rel="stylesheet" href="../lib/assets/css/ie8.css" /><![endif]-->
	</head>
	<body>

		<!-- Wrapper -->
			<div id="wrapper">

				<!-- Main -->
					<div id="main">
						<div class="inner">
							<!-- Header -->
								<header id="header">
									<a href="index.html" class="logo"><strong>Static Code Analysis Report</strong> by Code Analyzer Tool</a>
								</header>

							<!-- Content -->
								<section>
									<!-- Content -->
										<header class="major"><h2>Infolet Details</h2></header>
										<div class="table-wrapper">
											<table>
												<tbody>
													<tr>
														<td>Name</td>
														<td>MS_GRC_ORB_Add_Process (100863)</td>
													</tr>
													<tr>
														<td>SQL</td>
														<td><pre><code>SELECT '<input type=checkbox id="'
      || replace(r.Object_Id,' ','$^$')
      || '" value="'
      || htf.ESCAPE_SC(substr(r.Object_Name,1,3600))
      ||'$#$'
      ||ms_grc_utilities.get_form_url(r.dd_object_type,r.object_id)
      || '"onClick=checkboxChange("'
      || replace(r.Object_Id,' ','$^$')
      || '")></input>'  AS Checkbox,
	  r.Object_Id,
      r.Object_Name,
 r.PARENT As Object_Parent,
 BUSINESS_CRITICALITY as Business_Criticality,
 r.OBJECT_LEVEL as Object_Level,
 r.TYPE as core_Type,
 r.CATEGORY as core_Category
    FROM MS_GRC_PROCESS_DENORM_OV r
	where 
EXISTS
(SELECT COLUMN_VALUE
FROM TABLE(cast(MS_GRC_REPORT_FILTERS.Get_Filters_Process(:1,:2,:3,:4,:5,:6,:7) AS ms_varchar2_array))
WHERE COLUMN_VALUE = R.OBJECT_ID
)
AND r.locale =
  (SELECT LOCALE FROM si_users_t WHERE USER_NAME = :1
  )
order by r.upper_object_name</code></pre></td>
													</tr>
													<tr>
														<td>Description</td>
														<td> MS_GRC_ORB_Add_Process </td>
													</tr>
												</tbody>
											</table>
										</div>

										<h2 align="center" id="content">Analysis Report</h2>
										<hr>
 										<header class="major"><h2>Plan hash value: 3419487876</h2></header>
										<pre><code>
 
-------------------------------------------------------------------------------------------------------------------
| Id  | Operation                            | Name                       | Rows  | Bytes | Cost (%CPU)| Time     |
-------------------------------------------------------------------------------------------------------------------
|   0 | SELECT STATEMENT                     |                            |     1 |  2100 |    36   (6)| 00:00:01 |
|   1 |  SORT ORDER BY                       |                            |     1 |  2100 |    36   (6)| 00:00:01 |
|   2 |   NESTED LOOPS                       |                            |     1 |  2100 |    33   (4)| 00:00:01 |
|*  3 |    HASH JOIN SEMI                    |                            |     1 |  2053 |    31   (4)| 00:00:01 |
|   4 |     INDEX FULL SCAN                  | MS_GRC_PROC_PK             |     2 |  4102 |     1   (0)| 00:00:01 |
<font style="background-color: lightblue; color: red">|   5 |     COLLECTION ITERATOR PICKLER FETCH| GET_FILTERS_PROCESS        |  8168 | 16336 |    29   (0)| 00:00:01 |</font>
|*  6 |    TABLE ACCESS BY INDEX ROWID       | MS_GRC_PROCESS_MLS_SUMMARY |     1 |    47 |     2   (0)| 00:00:01 |
|*  7 |     INDEX RANGE SCAN                 | MS_GRC_PROC_MLS_SUMM_IDX2  |     4 |       |     1   (0)| 00:00:01 |
|   8 |     TABLE ACCESS BY INDEX ROWID      | SI_USERS_T                 |     1 |    20 |     2   (0)| 00:00:01 |
<font style="background-color: lightblue; color: red">|*  9 |      INDEX SKIP SCAN                 | SI_USERS_T_N2              |     1 |       |     1   (0)| 00:00:01 |</font>
-------------------------------------------------------------------------------------------------------------------
 
										</code></pre>
 										<header class="major"><h2>Query Block Name / Object Alias (identified by operation id):</h2></header>
										<pre><code>
-------------------------------------------------------------
 
   1 - SEL$B7274CD5
   4 - SEL$B7274CD5 / PROCSUMM@SEL$2
   5 - SEL$B7274CD5 / KOKBF$0@SEL$4
   6 - SEL$B7274CD5 / PROCMLSSUMM@SEL$2
   7 - SEL$B7274CD5 / PROCMLSSUMM@SEL$2
   8 - SEL$5        / SI_USERS_T@SEL$5
   9 - SEL$5        / SI_USERS_T@SEL$5
 
										</code></pre>
 										<header class="major"><h2>Predicate Information (identified by operation id):</h2></header>
										<pre><code>
---------------------------------------------------
 
   3 - access("PROCSUMM"."OBJECT_ID"=VALUE(KOKBF$))
   6 - filter("PROCMLSSUMM"."LOCALE"= (SELECT "LOCALE" FROM "SI_USERS_T" "SI_USERS_T" WHERE 
              "USER_NAME"=:1))
   7 - access("PROCSUMM"."OBJECT_ID"="PROCMLSSUMM"."OBJECT_ID")
   9 - access("USER_NAME"=:1)
       filter("USER_NAME"=:1)
 
										</code></pre>
 										<header class="major"><h2>Column Projection Information (identified by operation id):</h2></header>
										<pre><code>
-----------------------------------------------------------
 
   1 - (#keys=1) "PROCSUMM"."UPPER_OBJECT_NAME"[VARCHAR2,3000], '<input type=checkbox 
       id="'||REPLACE("PROCSUMM"."OBJECT_ID",' ','$^$')||'" value="'||"HTF"."ESCAPE_SC"(SUBSTR("PROCSUMM"."OBJECT_
       NAME",1,3600))||'$#$'||"MS_GRC_UTILITIES"."GET_FORM_URL"("PROCSUMM"."DD_OBJECT_TYPE","PROCSUMM"."OBJECT_ID"
       )||'"onClick=checkboxChange("'||REPLACE("PROCSUMM"."OBJECT_ID",' ','$^$')||'")></input>'[4000], 
       "PROCSUMM"."OBJECT_ID"[VARCHAR2,1600], "PROCSUMM"."OBJECT_NAME"[VARCHAR2,4000], 
       "PROCSUMM"."OBJ_PARENT"[VARCHAR2,4000], "MS_APPS_UTILITIES"."GET_DISPLAY_VALUE"("MS_GRC_UTILITIES"."ACTIVE_
       ENT_ID"(),'MS_GRC_Business_Criticality',"PROCSUMM"."BUSINESS_CRITICALITY_SV",1,TO_NUMBER("PROCMLSSUMM"."LOC
       ALE_ID"))[4000], "PROCMLSSUMM"."OBJECT_LEVEL"[VARCHAR2,1600], "PROCMLSSUMM"."PROCESS_TYPE"[VARCHAR2,4000], 
       "PROCMLSSUMM"."PROCESS_CATEGORY"[VARCHAR2,4000]
   2 - (#keys=0) "PROCSUMM"."OBJECT_ID"[VARCHAR2,1600], "PROCSUMM"."UPPER_OBJECT_NAME"[VARCHAR2,3000], 
       "PROCSUMM"."BUSINESS_CRITICALITY_SV"[VARCHAR2,40], "PROCSUMM"."OBJECT_NAME"[VARCHAR2,4000], 
       "PROCSUMM"."OBJ_PARENT"[VARCHAR2,4000], "PROCSUMM"."DD_OBJECT_TYPE"[VARCHAR2,1600], 
       "PROCMLSSUMM"."LOCALE_ID"[VARCHAR2,400], "PROCMLSSUMM"."PROCESS_CATEGORY"[VARCHAR2,4000], 
       "PROCMLSSUMM"."PROCESS_TYPE"[VARCHAR2,4000], "PROCMLSSUMM"."OBJECT_LEVEL"[VARCHAR2,1600]
   3 - (#keys=1) "PROCSUMM"."OBJECT_ID"[VARCHAR2,1600], "PROCSUMM"."UPPER_OBJECT_NAME"[VARCHAR2,3000], 
       "PROCSUMM"."BUSINESS_CRITICALITY_SV"[VARCHAR2,40], "PROCSUMM"."OBJECT_NAME"[VARCHAR2,4000], 
       "PROCSUMM"."OBJ_PARENT"[VARCHAR2,4000], "PROCSUMM"."DD_OBJECT_TYPE"[VARCHAR2,1600]
   4 - "PROCSUMM"."UPPER_OBJECT_NAME"[VARCHAR2,3000], "PROCSUMM"."OBJECT_ID"[VARCHAR2,1600], 
       "PROCSUMM"."OBJECT_NAME"[VARCHAR2,4000], "PROCSUMM"."OBJ_PARENT"[VARCHAR2,4000], 
       "PROCSUMM"."DD_OBJECT_TYPE"[VARCHAR2,1600], "PROCSUMM"."BUSINESS_CRITICALITY_SV"[VARCHAR2,40]
   5 - VALUE(A0)[8000]
   6 - "PROCMLSSUMM"."LOCALE_ID"[VARCHAR2,400], "PROCMLSSUMM"."PROCESS_CATEGORY"[VARCHAR2,4000], 
       "PROCMLSSUMM"."PROCESS_TYPE"[VARCHAR2,4000], "PROCMLSSUMM"."OBJECT_LEVEL"[VARCHAR2,1600]
   7 - "PROCMLSSUMM".ROWID[ROWID,10], "PROCMLSSUMM"."LOCALE_ID"[VARCHAR2,400]
   8 - "SI_USERS_T".ROWID[ROWID,10], "LOCALE"[VARCHAR2,400]
   9 - "SI_USERS_T".ROWID[ROWID,10]
										</code></pre>
								</section>
						</div>
					</div>

				<!-- Sidebar -->
				<div id="sidebar">
					<div class="inner">
						<!-- Menu -->
						<nav id="menu">
							<header class="major">
								<h2>Menu</h2>
							</header>
							<ul>
								<li><a href="index.html">Summary</a></li>
								<li>
									<span class="opener">SQL Analysis</span>
									<ul>
										<li><a href="union.html">Union &amp; Union All</a></li>
										<li><a href="poor-sql.html">Poor Plan</a></li>
										<li><a href="invalid-sql.html">Invalid SQL</a></li>
										<li><a href="full-sql.html">Full Report</a></li>
									</ul>
								</li>
							</ul>
						</nav>

						<!-- Section -->
						<section>
							<header class="major">
								<h2>Get in touch</h2>
							</header>
							<p>You need more details on the report or want more functionality, don't hesitate to reach out to us.</p>
							<ul class="contact">
								<li class="fa-envelope-o"><a href="mailto:rnd@metricstream.com?Subject=Reg - Static Code Analysis Tool" target="_top">rnd@metricstream.com</a></li>
							</ul>
						</section>

						<!-- Footer -->
						<footer id="footer">
							<p class="copyright">&copy; <a href="http://www.metricstream.com" target="_blank">MetricStream</a>. All rights reserved. </p>
						</footer>
					</div>
				</div>
			</div>

		<!-- Scripts -->
			<script src="../lib/assets/js/jquery.min.js"></script>
			<script src="../lib/assets/js/skel.min.js"></script>
			<script src="../lib/assets/js/util.js"></script>
			<!--[if lte IE 8]><script src="../lib/assets/js/ie/respond.min.js"></script><![endif]-->
			<script src="../lib/assets/js/main.js"></script>
	</body>
</html>