<!DOCTYPE HTML>
<html>
	<head>
		<title>Code Analysis - MetricStream</title>
		<meta charset="utf-8" />
		<meta name="viewport" content="width=device-width, initial-scale=1, user-scalable=no" />
		<!--[if lte IE 8]><script src="assets/js/ie/html5shiv.js"></script><![endif]-->
		<link rel="stylesheet" href="../lib/assets/css/main.css" />
		<!--[if lte IE 9]><link rel="stylesheet" href="../lib/assets/css/ie9.css" /><![endif]-->
		<!--[if lte IE 8]><link rel="stylesheet" href="../lib/assets/css/ie8.css" /><![endif]-->
	</head>
	<body>

		<!-- Wrapper -->
			<div id="wrapper">

				<!-- Main -->
					<div id="main">
						<div class="inner">
							<!-- Header -->
								<header id="header">
									<a href="index.html" class="logo"><strong>Static Code Analysis Report</strong> by Code Analyzer Tool</a>
								</header>

							<!-- Content -->
								<section>
									<!-- Content -->
										<header class="major"><h2>Infolet Details</h2></header>
										<div class="table-wrapper">
											<table>
												<tbody>
													<tr>
														<td>Name</td>
														<td>MS_GRC_PROCESS_BROWSER_DRILLDOWN (100883)</td>
													</tr>
													<tr>
														<td>SQL</td>
														<td><pre><code>SELECT SUBSTR(a.object_name,1,30) display_name,a.object_id object_id,
a.dd_object_type object_type,a.object_level object_level,
'Y' AS over_ride_action,
'proc='
||TO_CHAR(dd_process_instance_id)
||'|instid='
||TO_CHAR(dd_instance_id)
||'|edit_flag='
||NVL(dd_edit_flag,'Y') AS edit_action_parameters
FROM ms_grc_core_object a
WHERE object_parent=:1
AND SYSDATE BETWEEN NVL (valid_from,SYSDATE) AND NVL(valid_until,SYSDATE)
UNION ALL
SELECT SUBSTR(a.object_name,1,30) display_name,a.object_id object_id,
a.dd_object_type object_type,a.object_level object_level,
'Y' AS over_ride_action,
'proc='
||TO_CHAR(dd_process_instance_id)
||'|instid='
||TO_CHAR(dd_instance_id)
||'|edit_flag='
||NVL(dd_edit_flag,'Y') AS edit_action_parameters
FROM ms_grc_risk a,ms_grc_core_object_ris b
WHERE b.risk=a.object_id
AND b.object_id=:1
AND SYSDATE BETWEEN NVL(valid_from,SYSDATE) AND NVL(valid_until,
SYSDATE)
UNION ALL
SELECT SUBSTR(a.object_name,1,30) display_name,a.object_id,
a.dd_object_type object_type,NULL object_level,
'Y' AS over_ride_action,
'proc='
||TO_CHAR(dd_process_instance_id)
||'|instid='
||TO_CHAR(dd_instance_id)
||'|edit_flag='
||NVL(dd_edit_flag,'Y') AS edit_action_parameters
FROM ms_grc_model_reference a,ms_grc_core_object_mre b
WHERE b.object_id=:1
AND b.model_name=a.object_id
AND SYSDATE BETWEEN NVL(valid_from,SYSDATE)AND NVL(valid_until,
SYSDATE)
UNION ALL
SELECT SUBSTR(a.object_name,1,30) display_name,a.object_id,
a.dd_object_type object_type,NULL object_level,
'Y' AS over_ride_action,
'proc='
||TO_CHAR(dd_process_instance_id)
||'|instid='
||TO_CHAR(dd_instance_id)
||'|edit_flag='
||NVL(dd_edit_flag,'Y') AS edit_action_parameters
FROM ms_grc_reference a,ms_grc_core_object_ref b
WHERE b.object_id=:1
AND b.reference_name=a.object_id
AND SYSDATE BETWEEN NVL(valid_from,SYSDATE)AND NVL(valid_until,
SYSDATE)
UNION ALL
SELECT SUBSTR(org_entity_name,1,30) display_name,
TO_CHAR(org_entity_id) object_id,'MS_GRC_ORGANIZATION' object_type,
NULL object_level,'Y' AS over_ride_action,
''AS edit_action_parameters
FROM si_org_entities_t a
WHERE EXISTS(
WITH org_list AS
(SELECT TRIM(SUBSTR(txt,
INSTR(txt,',',1,LEVEL)+1,
INSTR(txt,',',1,LEVEL+1)
-INSTR(txt,',',1,LEVEL)
-1
)
) AS org_id
FROM (SELECT','||ato_organization||',' AS txt
FROM ms_grc_core_object_org
WHERE object_id=:1)
CONNECT BY LEVEL<=
LENGTH(txt)-LENGTH(REPLACE(txt,',',''))
-1)
SELECT DISTINCT org_id
FROM org_list
WHERE org_id=a.org_entity_id)
UNION ALL
SELECT SUBSTR(a.object_name,1,30) display_name,a.object_id,
a.dd_object_type object_type,NULL object_level,
'Y'AS over_ride_action,
'proc='
||TO_CHAR(dd_process_instance_id)
||'|instid='
||TO_CHAR(dd_instance_id)
||'|edit_flag='
||NVL(dd_edit_flag,'Y') AS edit_action_parameters
FROM ms_grc_area_of_complia a,ms_grc_core_object_aoc b
WHERE b.object_id=:1
AND b.area_of_compliance=a.object_id
AND SYSDATE BETWEEN NVL(valid_from,SYSDATE) AND NVL(valid_until,
SYSDATE)
UNION ALL
SELECT SUBSTR(a.object_name,1,30) display_name,a.object_id,
a.dd_object_type object_type,NULL object_level,
'Y' AS over_ride_action,
'proc='
||TO_CHAR(dd_process_instance_id)
||'|instid='
||TO_CHAR(dd_instance_id)
||'|edit_flag='
||NVL(dd_edit_flag,'Y') AS edit_action_parameters
FROM ms_grc_compliance_obje a,ms_grc_core_object_con b
WHERE b.control=a.object_id
AND b.object_id=:1
AND SYSDATE BETWEEN NVL(valid_from,SYSDATE) AND NVL(valid_until,
SYSDATE)
union all
SELECT SUBSTR (object_name, 1, 30) display_name, TO_CHAR (object_id) object_id, dd_object_type object_type,NULL object_level, 'Y' AS over_ride_action,
 '' AS edit_action_parameters FROM ms_grc_function a WHERE object_id in (SELECT COLUMN_VALUE FROM TABLE (CAST (si_common_sv.parse_string(((select function_name from ms_grc_Core_object where object_id=:1)),',') AS varchar2_array))WHERE COLUMN_VALUE IS NOT NULL)</code></pre></td>
													</tr>
													<tr>
														<td>Description</td>
														<td> MS_GRC_PROCESS_BROWSER_DRILLDOWN </td>
													</tr>
												</tbody>
											</table>
										</div>

										<h2 align="center" id="content">Analysis Report</h2>
										<hr>
 										<header class="major"><h2>Plan hash value: 2650375772</h2></header>
										<pre><code>
 
------------------------------------------------------------------------------------------------------------------
| Id  | Operation                            | Name                      | Rows  | Bytes | Cost (%CPU)| Time     |
------------------------------------------------------------------------------------------------------------------
|   0 | SELECT STATEMENT                     |                           |     8 | 13762 |    38  (93)| 00:00:01 |
|   1 |  UNION-ALL                           |                           |       |       |            |          |
<font style="background-color: lightblue; color: red">|*  2 |   TABLE ACCESS FULL                  | MS_GRC_CORE_OBJECT        |     1 |   241 |     3   (0)| 00:00:01 |</font>
|   3 |   NESTED LOOPS                       |                           |       |       |            |          |
|   4 |    NESTED LOOPS                      |                           |     1 |   457 |     0   (0)| 00:00:01 |
|   5 |     TABLE ACCESS BY INDEX ROWID      | MS_GRC_CORE_OBJECT_RIS    |     1 |   404 |     0   (0)| 00:00:01 |
|*  6 |      INDEX RANGE SCAN                | MS_GRC_CORE_OBJECT_RIS_UK |     1 |       |     0   (0)| 00:00:01 |
|*  7 |     INDEX UNIQUE SCAN                | MS_GRC_RISK_PK            |     1 |       |     0   (0)| 00:00:01 |
|*  8 |    TABLE ACCESS BY INDEX ROWID       | MS_GRC_RISK               |     1 |    53 |     0   (0)| 00:00:01 |
|   9 |   NESTED LOOPS                       |                           |       |       |            |          |
|  10 |    NESTED LOOPS                      |                           |     1 |  2858 |     0   (0)| 00:00:01 |
|  11 |     TABLE ACCESS BY INDEX ROWID      | MS_GRC_CORE_OBJECT_MRE    |     1 |   404 |     0   (0)| 00:00:01 |
|* 12 |      INDEX RANGE SCAN                | MS_GRC_CORE_OBJECT_MRE_UK |     1 |       |     0   (0)| 00:00:01 |
|* 13 |     INDEX UNIQUE SCAN                | MS_GRC_MODEL_REFERENCE_PK |     1 |       |     0   (0)| 00:00:01 |
|* 14 |    TABLE ACCESS BY INDEX ROWID       | MS_GRC_MODEL_REFERENCE    |     1 |  2454 |     0   (0)| 00:00:01 |
|  15 |   NESTED LOOPS                       |                           |       |       |            |          |
|  16 |    NESTED LOOPS                      |                           |     1 |  2858 |     0   (0)| 00:00:01 |
|  17 |     TABLE ACCESS BY INDEX ROWID      | MS_GRC_CORE_OBJECT_REF    |     1 |   404 |     0   (0)| 00:00:01 |
|* 18 |      INDEX RANGE SCAN                | MS_GRC_CORE_OBJECT_REF_UK |     1 |       |     0   (0)| 00:00:01 |
|* 19 |     INDEX UNIQUE SCAN                | MS_GRC_REFERENCE_PK       |     1 |       |     0   (0)| 00:00:01 |
|* 20 |    TABLE ACCESS BY INDEX ROWID       | MS_GRC_REFERENCE          |     1 |  2454 |     0   (0)| 00:00:01 |
|  21 |   NESTED LOOPS                       |                           |       |       |            |          |
|  22 |    NESTED LOOPS                      |                           |     1 |  2019 |     3  (34)| 00:00:01 |
|  23 |     VIEW                             |                           |     1 |  2002 |     0   (0)| 00:00:01 |
|  24 |      SORT UNIQUE                     |                           |     1 |  2204 |            |          |
|* 25 |       CONNECT BY WITHOUT FILTERING   |                           |       |       |            |          |
|  26 |        TABLE ACCESS BY INDEX ROWID   | MS_GRC_CORE_OBJECT_ORG    |     1 |  2204 |     0   (0)| 00:00:01 |
|* 27 |         INDEX RANGE SCAN             | MS_GRC_CORE_OBJECT_ORG_UK |     1 |       |     0   (0)| 00:00:01 |
|* 28 |     INDEX RANGE SCAN                 | SI_ORG_ENTITIES_N5        |     1 |       |     1   (0)| 00:00:01 |
|  29 |    TABLE ACCESS BY INDEX ROWID       | SI_ORG_ENTITIES_T         |     1 |    17 |     2   (0)| 00:00:01 |
|  30 |   NESTED LOOPS                       |                           |       |       |            |          |
|  31 |    NESTED LOOPS                      |                           |     1 |   468 |     0   (0)| 00:00:01 |
|  32 |     TABLE ACCESS BY INDEX ROWID      | MS_GRC_CORE_OBJECT_AOC    |     1 |   404 |     0   (0)| 00:00:01 |
|* 33 |      INDEX RANGE SCAN                | MS_GRC_CORE_OBJECT_AOC_UK |     1 |       |     0   (0)| 00:00:01 |
|* 34 |     INDEX UNIQUE SCAN                | MS_GRC_AREA_OF_COMPLIA_PK |     1 |       |     0   (0)| 00:00:01 |
|* 35 |    TABLE ACCESS BY INDEX ROWID       | MS_GRC_AREA_OF_COMPLIA    |     1 |    64 |     0   (0)| 00:00:01 |
|  36 |   NESTED LOOPS                       |                           |       |       |            |          |
|  37 |    NESTED LOOPS                      |                           |     1 |   453 |     0   (0)| 00:00:01 |
|  38 |     TABLE ACCESS BY INDEX ROWID      | MS_GRC_CORE_OBJECT_CON    |     1 |   404 |     0   (0)| 00:00:01 |
|* 39 |      INDEX RANGE SCAN                | MS_GRC_CORE_OBJECT_CON_UK |     1 |       |     0   (0)| 00:00:01 |
|* 40 |     INDEX UNIQUE SCAN                | MS_GRC_COMPLIANCE_OBJE_PK |     1 |       |     0   (0)| 00:00:01 |
|* 41 |    TABLE ACCESS BY INDEX ROWID       | MS_GRC_COMPLIANCE_OBJE    |     1 |    49 |     0   (0)| 00:00:01 |
|* 42 |   HASH JOIN SEMI                     |                           |     1 |  4408 |    32   (4)| 00:00:01 |
<font style="background-color: lightblue; color: red">|  43 |    TABLE ACCESS FULL                 | MS_GRC_FUNCTION           |     1 |  2406 |     2   (0)| 00:00:01 |</font>
|  44 |    VIEW                              | VW_NSO_1                  |   408 |   797K|    29   (0)| 00:00:01 |
<font style="background-color: lightblue; color: red">|* 45 |     COLLECTION ITERATOR PICKLER FETCH| PARSE_STRING              |   408 |   816 |    29   (0)| 00:00:01 |</font>
------------------------------------------------------------------------------------------------------------------
 
										</code></pre>
 										<header class="major"><h2>Query Block Name / Object Alias (identified by operation id):</h2></header>
										<pre><code>
-------------------------------------------------------------
 
   1 - SET$1       
   2 - SEL$1        / A@SEL$1
   3 - SEL$2       
   5 - SEL$2        / B@SEL$2
   6 - SEL$2        / B@SEL$2
   7 - SEL$2        / A@SEL$2
   8 - SEL$2        / A@SEL$2
   9 - SEL$3       
  11 - SEL$3        / B@SEL$3
  12 - SEL$3        / B@SEL$3
  13 - SEL$3        / A@SEL$3
  14 - SEL$3        / A@SEL$3
  15 - SEL$4       
  17 - SEL$4        / B@SEL$4
  18 - SEL$4        / B@SEL$4
  19 - SEL$4        / A@SEL$4
  20 - SEL$4        / A@SEL$4
  21 - SEL$2699E683
  23 - SEL$68B588A0 / ORG_LIST@SEL$8
  24 - SEL$68B588A0
  26 - SEL$68B588A0 / MS_GRC_CORE_OBJECT_ORG@SEL$7
  27 - SEL$68B588A0 / MS_GRC_CORE_OBJECT_ORG@SEL$7
  28 - SEL$2699E683 / A@SEL$5
  29 - SEL$2699E683 / A@SEL$5
  30 - SEL$9       
  32 - SEL$9        / B@SEL$9
  33 - SEL$9        / B@SEL$9
  34 - SEL$9        / A@SEL$9
  35 - SEL$9        / A@SEL$9
  36 - SEL$10      
  38 - SEL$10       / B@SEL$10
  39 - SEL$10       / B@SEL$10
  40 - SEL$10       / A@SEL$10
  41 - SEL$10       / A@SEL$10
  42 - SEL$9BCBCC2F
  43 - SEL$9BCBCC2F / A@SEL$11
  44 - SEL$F27FBBCF / VW_NSO_1@SEL$9BCBCC2F
  45 - SEL$F27FBBCF / KOKBF$0@SEL$13
 
										</code></pre>
 										<header class="major"><h2>Predicate Information (identified by operation id):</h2></header>
										<pre><code>
---------------------------------------------------
 
   2 - filter("OBJECT_PARENT"=:1 AND NVL("VALID_FROM",SYSDATE@!)<=SYSDATE@! AND 
              NVL("VALID_UNTIL",SYSDATE@!)>=SYSDATE@!)
   6 - access("B"."OBJECT_ID"=:1)
   7 - access("B"."RISK"="A"."OBJECT_ID")
   8 - filter(NVL("VALID_FROM",SYSDATE@!)<=SYSDATE@! AND NVL("VALID_UNTIL",SYSDATE@!)>=SYSDATE@!)
  12 - access("B"."OBJECT_ID"=:1)
  13 - access("B"."MODEL_NAME"="A"."OBJECT_ID")
  14 - filter(NVL("VALID_FROM",SYSDATE@!)<=SYSDATE@! AND NVL("VALID_UNTIL",SYSDATE@!)>=SYSDATE@!)
  18 - access("B"."OBJECT_ID"=:1)
  19 - access("B"."REFERENCE_NAME"="A"."OBJECT_ID")
  20 - filter(NVL("VALID_FROM",SYSDATE@!)<=SYSDATE@! AND NVL("VALID_UNTIL",SYSDATE@!)>=SYSDATE@!)
  25 - filter(LEVEL<=LENGTH(','||"ATO_ORGANIZATION"||',')-LENGTH(REPLACE(','||"ATO_ORGANIZATION"||',',',',
              ''))-1)
  27 - access("OBJECT_ID"=:1)
  28 - access("A"."ORG_ENTITY_ID"=TO_NUMBER("ORG_ID"))
  33 - access("B"."OBJECT_ID"=:1)
  34 - access("B"."AREA_OF_COMPLIANCE"="A"."OBJECT_ID")
  35 - filter(NVL("VALID_FROM",SYSDATE@!)<=SYSDATE@! AND NVL("VALID_UNTIL",SYSDATE@!)>=SYSDATE@!)
  39 - access("B"."OBJECT_ID"=:1)
  40 - access("B"."CONTROL"="A"."OBJECT_ID")
  41 - filter(NVL("VALID_FROM",SYSDATE@!)<=SYSDATE@! AND NVL("VALID_UNTIL",SYSDATE@!)>=SYSDATE@!)
  42 - access("OBJECT_ID"="COLUMN_VALUE")
  45 - filter(VALUE(KOKBF$) IS NOT NULL)
 
										</code></pre>
 										<header class="major"><h2>Column Projection Information (identified by operation id):</h2></header>
										<pre><code>
-----------------------------------------------------------
 
   1 - STRDEF[120], STRDEF[400], STRDEF[400], STRDEF[400], STRDEF[1], STRDEF[108]
   2 - "A"."DD_OBJECT_TYPE"[VARCHAR2,400], "DD_PROCESS_INSTANCE_ID"[NUMBER,22], 
       "DD_INSTANCE_ID"[NUMBER,22], "DD_EDIT_FLAG"[VARCHAR2,4], "A"."OBJECT_ID"[VARCHAR2,400], 
       "A"."OBJECT_NAME"[VARCHAR2,4000], "A"."OBJECT_LEVEL"[VARCHAR2,400]
   3 - (#keys=0) "A"."OBJECT_NAME"[VARCHAR2,4000], "A"."OBJECT_ID"[VARCHAR2,400], 
       "A"."OBJECT_LEVEL"[VARCHAR2,400], "A"."DD_OBJECT_TYPE"[VARCHAR2,400], 
       "DD_PROCESS_INSTANCE_ID"[NUMBER,22], "DD_INSTANCE_ID"[NUMBER,22], "DD_EDIT_FLAG"[VARCHAR2,4]
   4 - (#keys=0) "A".ROWID[ROWID,10], "A"."OBJECT_ID"[VARCHAR2,400]
   5 - "B"."RISK"[VARCHAR2,400]
   6 - "B".ROWID[ROWID,10]
   7 - "A".ROWID[ROWID,10], "A"."OBJECT_ID"[VARCHAR2,400]
   8 - "A"."OBJECT_NAME"[VARCHAR2,4000], "A"."OBJECT_LEVEL"[VARCHAR2,400], 
       "A"."DD_OBJECT_TYPE"[VARCHAR2,400], "DD_PROCESS_INSTANCE_ID"[NUMBER,22], "DD_INSTANCE_ID"[NUMBER,22], 
       "DD_EDIT_FLAG"[VARCHAR2,4]
   9 - (#keys=0) "A"."OBJECT_NAME"[VARCHAR2,4000], "A"."OBJECT_ID"[VARCHAR2,400], 
       "A"."DD_OBJECT_TYPE"[VARCHAR2,400], "DD_PROCESS_INSTANCE_ID"[NUMBER,22], "DD_INSTANCE_ID"[NUMBER,22], 
       "DD_EDIT_FLAG"[VARCHAR2,4]
  10 - (#keys=0) "A".ROWID[ROWID,10], "A"."OBJECT_ID"[VARCHAR2,400]
  11 - "B"."MODEL_NAME"[VARCHAR2,400]
  12 - "B".ROWID[ROWID,10]
  13 - "A".ROWID[ROWID,10], "A"."OBJECT_ID"[VARCHAR2,400]
  14 - "A"."OBJECT_NAME"[VARCHAR2,4000], "A"."DD_OBJECT_TYPE"[VARCHAR2,400], 
       "DD_PROCESS_INSTANCE_ID"[NUMBER,22], "DD_INSTANCE_ID"[NUMBER,22], "DD_EDIT_FLAG"[VARCHAR2,4]
  15 - (#keys=0) "A"."DD_OBJECT_TYPE"[VARCHAR2,400], "DD_PROCESS_INSTANCE_ID"[NUMBER,22], 
       "DD_INSTANCE_ID"[NUMBER,22], "DD_EDIT_FLAG"[VARCHAR2,4], "A"."OBJECT_NAME"[VARCHAR2,4000], 
       "A"."OBJECT_ID"[VARCHAR2,400]
  16 - (#keys=0) "A".ROWID[ROWID,10], "A"."OBJECT_ID"[VARCHAR2,400]
  17 - "B"."REFERENCE_NAME"[VARCHAR2,400]
  18 - "B".ROWID[ROWID,10]
  19 - "A".ROWID[ROWID,10], "A"."OBJECT_ID"[VARCHAR2,400]
  20 - "A"."DD_OBJECT_TYPE"[VARCHAR2,400], "DD_PROCESS_INSTANCE_ID"[NUMBER,22], 
       "DD_INSTANCE_ID"[NUMBER,22], "DD_EDIT_FLAG"[VARCHAR2,4], "A"."OBJECT_NAME"[VARCHAR2,4000]
  21 - (#keys=0) "ORG_ENTITY_ID"[NUMBER,22], "ORG_ENTITY_NAME"[VARCHAR2,100]
  22 - (#keys=0) "A".ROWID[ROWID,10], "ORG_ENTITY_ID"[NUMBER,22]
  23 - "ORG_ID"[VARCHAR2,4000]
  24 - (#keys=1) TRIM(SUBSTR(','||"ATO_ORGANIZATION"||',',INSTR(','||"ATO_ORGANIZATION"||',',',',1,LEVEL)+
       1,INSTR(','||"ATO_ORGANIZATION"||',',',',1,LEVEL+1)-INSTR(','||"ATO_ORGANIZATION"||',',',',1,LEVEL)-1))[40
       00]
  25 - "MS_GRC_CORE_OBJECT_ORG".ROWID[ROWID,10], "OBJECT_ID"[VARCHAR2,400], 
       "ATO_ORGANIZATION"[VARCHAR2,4000], LEVEL[4]
  26 - "MS_GRC_CORE_OBJECT_ORG".ROWID[ROWID,10], "OBJECT_ID"[VARCHAR2,400], 
       "ATO_ORGANIZATION"[VARCHAR2,4000]
  27 - "MS_GRC_CORE_OBJECT_ORG".ROWID[ROWID,10], "OBJECT_ID"[VARCHAR2,400]
  28 - "A".ROWID[ROWID,10], "ORG_ENTITY_ID"[NUMBER,22]
  29 - "ORG_ENTITY_NAME"[VARCHAR2,100]
  30 - (#keys=0) "A"."OBJECT_ID"[VARCHAR2,400], "A"."OBJECT_NAME"[VARCHAR2,4000], 
       "A"."DD_OBJECT_TYPE"[VARCHAR2,400], "DD_PROCESS_INSTANCE_ID"[NUMBER,22], "DD_INSTANCE_ID"[NUMBER,22], 
       "DD_EDIT_FLAG"[VARCHAR2,4]
  31 - (#keys=0) "A".ROWID[ROWID,10], "A"."OBJECT_ID"[VARCHAR2,400]
  32 - "B"."AREA_OF_COMPLIANCE"[VARCHAR2,400]
  33 - "B".ROWID[ROWID,10]
  34 - "A".ROWID[ROWID,10], "A"."OBJECT_ID"[VARCHAR2,400]
  35 - "A"."OBJECT_NAME"[VARCHAR2,4000], "A"."DD_OBJECT_TYPE"[VARCHAR2,400], 
       "DD_PROCESS_INSTANCE_ID"[NUMBER,22], "DD_INSTANCE_ID"[NUMBER,22], "DD_EDIT_FLAG"[VARCHAR2,4]
  36 - (#keys=0) "DD_INSTANCE_ID"[NUMBER,22], "DD_EDIT_FLAG"[VARCHAR2,4], 
       "A"."OBJECT_NAME"[VARCHAR2,4000], "A"."OBJECT_ID"[VARCHAR2,400], "A"."DD_OBJECT_TYPE"[VARCHAR2,400], 
       "DD_PROCESS_INSTANCE_ID"[NUMBER,22]
  37 - (#keys=0) "A".ROWID[ROWID,10], "A"."OBJECT_ID"[VARCHAR2,400]
  38 - "B"."CONTROL"[VARCHAR2,400]
  39 - "B".ROWID[ROWID,10]
  40 - "A".ROWID[ROWID,10], "A"."OBJECT_ID"[VARCHAR2,400]
  41 - "DD_INSTANCE_ID"[NUMBER,22], "DD_EDIT_FLAG"[VARCHAR2,4], "A"."OBJECT_NAME"[VARCHAR2,4000], 
       "A"."DD_OBJECT_TYPE"[VARCHAR2,400], "DD_PROCESS_INSTANCE_ID"[NUMBER,22]
  42 - (#keys=1) "OBJECT_ID"[VARCHAR2,400], "DD_OBJECT_TYPE"[VARCHAR2,400], "OBJECT_NAME"[VARCHAR2,4000]
  43 - "OBJECT_ID"[VARCHAR2,400], "OBJECT_NAME"[VARCHAR2,4000], "DD_OBJECT_TYPE"[VARCHAR2,400]
  44 - "COLUMN_VALUE"[VARCHAR2,4000]
  45 - VALUE(A0)[4000]
										</code></pre>
								</section>
						</div>
					</div>

				<!-- Sidebar -->
				<div id="sidebar">
					<div class="inner">
						<!-- Menu -->
						<nav id="menu">
							<header class="major">
								<h2>Menu</h2>
							</header>
							<ul>
								<li><a href="index.html">Summary</a></li>
								<li>
									<span class="opener">SQL Analysis</span>
									<ul>
										<li><a href="union.html">Union &amp; Union All</a></li>
										<li><a href="poor-sql.html">Poor Plan</a></li>
										<li><a href="invalid-sql.html">Invalid SQL</a></li>
										<li><a href="full-sql.html">Full Report</a></li>
									</ul>
								</li>
							</ul>
						</nav>

						<!-- Section -->
						<section>
							<header class="major">
								<h2>Get in touch</h2>
							</header>
							<p>You need more details on the report or want more functionality, don't hesitate to reach out to us.</p>
							<ul class="contact">
								<li class="fa-envelope-o"><a href="mailto:rnd@metricstream.com?Subject=Reg - Static Code Analysis Tool" target="_top">rnd@metricstream.com</a></li>
							</ul>
						</section>

						<!-- Footer -->
						<footer id="footer">
							<p class="copyright">&copy; <a href="http://www.metricstream.com" target="_blank">MetricStream</a>. All rights reserved. </p>
						</footer>
					</div>
				</div>
			</div>

		<!-- Scripts -->
			<script src="../lib/assets/js/jquery.min.js"></script>
			<script src="../lib/assets/js/skel.min.js"></script>
			<script src="../lib/assets/js/util.js"></script>
			<!--[if lte IE 8]><script src="../lib/assets/js/ie/respond.min.js"></script><![endif]-->
			<script src="../lib/assets/js/main.js"></script>
	</body>
</html>