<!DOCTYPE HTML>
<html>
	<head>
		<title>Code Analysis - MetricStream</title>
		<meta charset="utf-8" />
		<meta name="viewport" content="width=device-width, initial-scale=1, user-scalable=no" />
		<!--[if lte IE 8]><script src="assets/js/ie/html5shiv.js"></script><![endif]-->
		<link rel="stylesheet" href="../lib/assets/css/main.css" />
		<!--[if lte IE 9]><link rel="stylesheet" href="../lib/assets/css/ie9.css" /><![endif]-->
		<!--[if lte IE 8]><link rel="stylesheet" href="../lib/assets/css/ie8.css" /><![endif]-->
	</head>
	<body>

		<!-- Wrapper -->
			<div id="wrapper">

				<!-- Main -->
					<div id="main">
						<div class="inner">
							<!-- Header -->
								<header id="header">
									<a href="index.html" class="logo"><strong>Static Code Analysis Report</strong> by Code Analyzer Tool</a>
								</header>

							<!-- Content -->
								<section>
									<!-- Content -->
										<header class="major"><h2>Infolet Details</h2></header>
										<div class="table-wrapper">
											<table>
												<tbody>
													<tr>
														<td>Name</td>
														<td>MS_GRC_SHOW_RISK_PARENT_OBJECTS (100986)</td>
													</tr>
													<tr>
														<td>SQL</td>
														<td><pre><code>SELECT DISTINCT a.object_name AS obj_name,
  'Level '
  ||a.object_level AS obj_level,
  a.DD_OBJECT_TYPE AS OBJ_TYPE,
  a.OBJECT_ID    AS OBJ_ID,d.locale_id as locale_id
FROM MS_GRC_risk a,
  ms_grc_risk_ogn b ,
  MS_QMS_FLOW_DOWN_ORG_V c,
  si_locales d,
si_users_t e where 
d.locale_string = e.locale
AND e.user_name = :2
AND a.OBJECT_ID          = B.OBJECT_ID
AND dd_PROCESS_INSTANCE_ID =
  (SELECT MAX(dd_PROCESS_INSTANCE_ID)
  FROM MS_GRC_risk B
  WHERE B.dd_PROCESS_INSTANCE_ID =a.dd_PROCESS_INSTANCE_ID
  AND dd_OBJECT_TYPE             =a.dd_OBJECT_TYPE
  )
AND object_level          = (:1 -1)
AND a.DD_OBJECT_TYPE      = 'MS_GRC_RISK'
AND TRUNC(sysdate)       >= TRUNC(NVL(VALID_FROM,sysdate))
AND TRUNC(sysdate)       <= TRUNC(NVL(VALID_UNTIL,sysdate))
AND ms_grc_utilities.ms_grc_SECURITY(dd_object_type, restrict_access_to, b.OWNER_ORGANIZATIONS, :2, 'VIEW') = 'ACCESS'</code></pre></td>
													</tr>
													<tr>
														<td>Description</td>
														<td> MS_GRC_SHOW_RISK_PARENT_OBJECTS </td>
													</tr>
												</tbody>
											</table>
										</div>

										<h2 align="center" id="content">Analysis Report</h2>
										<hr>
 										<header class="major"><h2>Plan hash value: 3556157367</h2></header>
										<pre><code>
 
----------------------------------------------------------------------------------------------------------------------------------------
| Id  | Operation                                                | Name                        | Rows  | Bytes | Cost (%CPU)| Time     |
----------------------------------------------------------------------------------------------------------------------------------------
|   0 | SELECT STATEMENT                                         |                             |     1 |  2156 |    39  (11)| 00:00:01 |
|   1 |  SORT UNIQUE                                             |                             |     1 |  2156 |    39  (11)| 00:00:01 |
|*  2 |   FILTER                                                 |                             |       |       |            |          |
|*  3 |    HASH JOIN                                             |                             |     1 |  2156 |    35   (9)| 00:00:01 |
<font style="background-color: lightblue; color: red">|   4 |     MERGE JOIN CARTESIAN                                 |                             |     1 |  2145 |    32  (10)| 00:00:01 |</font>
<font style="background-color: lightblue; color: red">|   5 |      MERGE JOIN CARTESIAN                                |                             |     1 |  2125 |    30  (10)| 00:00:01 |</font>
|   6 |       NESTED LOOPS                                       |                             |     1 |  2125 |    17  (12)| 00:00:01 |
|   7 |        NESTED LOOPS                                      |                             |     1 |  2120 |    17  (12)| 00:00:01 |
|   8 |         NESTED LOOPS                                     |                             |     1 |  2110 |    16  (13)| 00:00:01 |
|   9 |          NESTED LOOPS                                    |                             |     1 |  2101 |    15  (14)| 00:00:01 |
|  10 |           NESTED LOOPS                                   |                             |     1 |  2091 |    14  (15)| 00:00:01 |
|  11 |            NESTED LOOPS                                  |                             |     1 |  2086 |    14  (15)| 00:00:01 |
<font style="background-color: lightblue; color: red">|  12 |             MERGE JOIN CARTESIAN                         |                             |     1 |  2072 |    13  (16)| 00:00:01 |</font>
|  13 |              NESTED LOOPS                                |                             |       |       |            |          |
|  14 |               NESTED LOOPS                               |                             |     1 |    67 |     3   (0)| 00:00:01 |
|  15 |                INDEX FULL SCAN                           | MS_GRC_RISK_OGN_UK          |     2 |    42 |     1   (0)| 00:00:01 |
|* 16 |                INDEX UNIQUE SCAN                         | MS_GRC_RISK_PK              |     1 |       |     0   (0)| 00:00:01 |
|* 17 |               TABLE ACCESS BY INDEX ROWID                | MS_GRC_RISK                 |     1 |    46 |     1   (0)| 00:00:01 |
|  18 |              BUFFER SORT                                 |                             |     1 |  2005 |    12  (17)| 00:00:01 |
<font style="background-color: lightblue; color: red">|  19 |               VIEW                                       | SI_FLOW_DOWN_ORG_V          |     1 |  2005 |    10  (20)| 00:00:01 |</font>
<font style="background-color: lightblue; color: red">|  20 |                TEMP TABLE TRANSFORMATION                 |                             |       |       |            |          |</font>
|  21 |                 LOAD AS SELECT                           | SYS_TEMP_0FD9D66E6_A3454E35 |       |       |            |          |
|* 22 |                  FILTER                                  |                             |       |       |            |          |
|* 23 |                   CONNECT BY NO FILTERING WITH START-WITH|                             |       |       |            |          |
<font style="background-color: lightblue; color: red">|  24 |                    TABLE ACCESS FULL                     | SI_ORG_ENTITIES_T           |    10 |   260 |     4   (0)| 00:00:01 |</font>
|* 25 |                 HASH JOIN                                |                             |     1 |  2067 |     6  (34)| 00:00:01 |
|  26 |                  VIEW                                    | VW_SQ_1                     |    10 |   260 |     3  (34)| 00:00:01 |
|  27 |                   SORT GROUP BY                          |                             |    10 |   180 |     3  (34)| 00:00:01 |
|  28 |                    VIEW                                  |                             |    10 |   180 |     2   (0)| 00:00:01 |
<font style="background-color: lightblue; color: red">|  29 |                     TABLE ACCESS FULL                    | SYS_TEMP_0FD9D66E6_A3454E35 |    10 |  1000 |     2   (0)| 00:00:01 |</font>
|  30 |                  VIEW                                    |                             |    10 | 20410 |     2   (0)| 00:00:01 |
<font style="background-color: lightblue; color: red">|  31 |                   TABLE ACCESS FULL                      | SYS_TEMP_0FD9D66E6_A3454E35 |    10 |  1000 |     2   (0)| 00:00:01 |</font>
|* 32 |             INDEX FULL SCAN                              | SI_ORG_ROLES_N3             |     2 |    28 |     1   (0)| 00:00:01 |
|* 33 |            INDEX RANGE SCAN                              | SI_ROLES_N2                 |     1 |     5 |     0   (0)| 00:00:01 |
|* 34 |           INDEX RANGE SCAN                               | SI_USER_ORG_ROLES_N2        |     2 |    20 |     1   (0)| 00:00:01 |
|* 35 |          TABLE ACCESS BY INDEX ROWID                     | SI_USERS_T                  |     1 |     9 |     1   (0)| 00:00:01 |
|* 36 |           INDEX RANGE SCAN                               | SI_USERS_T_N1               |     1 |       |     0   (0)| 00:00:01 |
|* 37 |         INDEX RANGE SCAN                                 | SI_ROLE_ACTIVITIES_N2       |     5 |    50 |     1   (0)| 00:00:01 |
|* 38 |        INDEX RANGE SCAN                                  | SI_ACTIVITIES_N1            |     1 |     5 |     0   (0)| 00:00:01 |
|  39 |       BUFFER SORT                                        |                             |     1 |       |    30  (10)| 00:00:01 |
|  40 |        VIEW                                              |                             |     1 |       |    13   (8)| 00:00:01 |
|  41 |         SORT AGGREGATE                                   |                             |     1 |    80 |            |          |
|* 42 |          HASH JOIN                                       |                             |     1 |    80 |    13   (8)| 00:00:01 |
|* 43 |           HASH JOIN                                      |                             |     1 |    63 |     9  (12)| 00:00:01 |
<font style="background-color: lightblue; color: red">|* 44 |            TABLE ACCESS FULL                             | MS_QS_PARAMETER_TYPES       |     1 |    34 |     4   (0)| 00:00:01 |</font>
<font style="background-color: lightblue; color: red">|* 45 |            TABLE ACCESS FULL                             | MS_QS_PARAMETER_NAMES       |     1 |    29 |     4   (0)| 00:00:01 |</font>
<font style="background-color: lightblue; color: red">|* 46 |           TABLE ACCESS FULL                              | MS_QS_PARAMETER_VALUES      |   128 |  2176 |     4   (0)| 00:00:01 |</font>
|  47 |      BUFFER SORT                                         |                             |     1 |    20 |    19  (11)| 00:00:01 |
|  48 |       TABLE ACCESS BY INDEX ROWID                        | SI_USERS_T                  |     1 |    20 |     2   (0)| 00:00:01 |
<font style="background-color: lightblue; color: red">|* 49 |        INDEX SKIP SCAN                                   | SI_USERS_T_N2               |     1 |       |     1   (0)| 00:00:01 |</font>
<font style="background-color: lightblue; color: red">|  50 |     TABLE ACCESS FULL                                    | SI_LOCALES                  |    35 |   385 |     3   (0)| 00:00:01 |</font>
|  51 |    SORT AGGREGATE                                        |                             |     1 |    17 |            |          |
<font style="background-color: lightblue; color: red">|* 52 |     TABLE ACCESS FULL                                    | MS_GRC_RISK                 |     1 |    17 |     3   (0)| 00:00:01 |</font>
----------------------------------------------------------------------------------------------------------------------------------------
 
										</code></pre>
 										<header class="major"><h2>Query Block Name / Object Alias (identified by operation id):</h2></header>
										<pre><code>
-------------------------------------------------------------
 
   1 - SEL$AA3206B1
  15 - SEL$AA3206B1 / B@SEL$1
  16 - SEL$AA3206B1 / A@SEL$1
  17 - SEL$AA3206B1 / A@SEL$1
  19 - SEL$E6A22765 / H@SEL$3
  20 - SEL$E6A22765
  21 - SEL$4       
  24 - SEL$9765FB8D / SI_ORG_ENTITIES_T@SEL$8
  26 - SEL$32487103 / VW_SQ_1@SEL$ACC926E7
  27 - SEL$32487103
  28 - SEL$D5E7109F / O2@SEL$12
  29 - SEL$D5E7109F / T1@SEL$D5E7109F
  30 - SEL$D5E710A0 / O1@SEL$11
  31 - SEL$D5E710A0 / T1@SEL$D5E710A0
  32 - SEL$AA3206B1 / G@SEL$3
  33 - SEL$AA3206B1 / R@SEL$3
  34 - SEL$AA3206B1 / E@SEL$3
  35 - SEL$AA3206B1 / SI_USERS_T@SEL$13
  36 - SEL$AA3206B1 / SI_USERS_T@SEL$13
  37 - SEL$AA3206B1 / A@SEL$2
  38 - SEL$AA3206B1 / C@SEL$2
  40 - SEL$14       / CONST@SEL$3
  41 - SEL$14      
  44 - SEL$14       / PTYPE@SEL$14
  45 - SEL$14       / PNAME@SEL$14
  46 - SEL$14       / PVALUE@SEL$14
  48 - SEL$AA3206B1 / E@SEL$1
  49 - SEL$AA3206B1 / E@SEL$1
  50 - SEL$AA3206B1 / D@SEL$1
  51 - SEL$15      
  52 - SEL$15       / B@SEL$15
 
										</code></pre>
 										<header class="major"><h2>Predicate Information (identified by operation id):</h2></header>
										<pre><code>
---------------------------------------------------
 
   2 - filter("DD_PROCESS_INSTANCE_ID"= (SELECT MAX("DD_PROCESS_INSTANCE_ID") FROM "MS_GRC_RISK" "B" WHERE 
              "B"."DD_PROCESS_INSTANCE_ID"=:B1 AND "DD_OBJECT_TYPE"=:B2))
   3 - access("D"."LOCALE_STRING"="E"."LOCALE")
  16 - access("A"."OBJECT_ID"="B"."OBJECT_ID")
  17 - filter("A"."DD_OBJECT_TYPE"='MS_GRC_RISK' AND TRUNC(NVL("VALID_FROM",SYSDATE@!))<=TRUNC(SYSDATE@!) AND 
              TRUNC(NVL("VALID_UNTIL",SYSDATE@!))>=TRUNC(SYSDATE@!) AND TO_NUMBER("OBJECT_LEVEL")=TO_NUMBER(:1)-1 AND 
              "MS_GRC_UTILITIES"."MS_GRC_SECURITY"("DD_OBJECT_TYPE","RESTRICT_ACCESS_TO","B"."OWNER_ORGANIZATIONS",:2,'VIEW')='ACCESS')
  22 - filter(NVL("END_DATE",SYSDATE@!)>=SYSDATE@!)
  23 - access("PARENT_ORG_ENTITY_ID"=PRIOR "ORG_ENTITY_ID")
       filter("ORG_ENTITY_ID" IS NOT NULL)
  25 - access("LVL"="MAX(LVL)" AND "ITEM_0"="O1"."ORG_ENTITY_ID")
  32 - filter("H"."PATH" LIKE '%:'||TO_CHAR("G"."ORG_ENTITY_ID")||':%')
  33 - access("R"."ROLE_ID"="G"."ROLE_ID")
  34 - access("G"."ORG_ROLE_ID"="E"."ORG_ROLE_ID")
  35 - filter(NVL("END_DATE",SYSDATE@!)>=SYSDATE@! AND "H"."ENTERPRISE_ID"="ENTERPRISE_ID")
  36 - access("USER_ID"="E"."USER_ID")
  37 - access("A"."ROLE_ID"="R"."ROLE_ID")
  38 - access("A"."ACTIVITY_ID"="C"."ACTIVITY_ID")
  42 - access("PNAME"."PARAMETER_ID"="PVALUE"."PARAMETER_ID" AND "PTYPE"."PARAMETER_TYPE_ID"="PVALUE"."PARAMETER_TYPE_ID")
  43 - access("PTYPE"."PARAMETER_TYPE_ID"="PNAME"."PARAMETER_TYPE_ID")
  44 - filter(UPPER("PTYPE"."PARAMETER_TYPE")='MS APPS USER NAME DISPLAY FORMAT')
  45 - filter(UPPER("PNAME"."PARAMETER_NAME")='DISPLAY_FORMAT')
  46 - filter("PVALUE"."ORG_ENTITY_ID"=1)
  49 - access("E"."USER_NAME"=:2)
       filter("E"."USER_NAME"=:2)
  52 - filter("B"."DD_PROCESS_INSTANCE_ID"=:B1 AND "DD_OBJECT_TYPE"=:B2)
 
										</code></pre>
 										<header class="major"><h2>Column Projection Information (identified by operation id):</h2></header>
										<pre><code>
-----------------------------------------------------------
 
   1 - (#keys=5) "A"."OBJECT_NAME"[VARCHAR2,4000], 'Level '||"A"."OBJECT_LEVEL"[406], "A"."DD_OBJECT_TYPE"[VARCHAR2,400], 
       "A"."OBJECT_ID"[VARCHAR2,400], "D"."LOCALE_ID"[NUMBER,22]
   2 - "A"."OBJECT_NAME"[VARCHAR2,4000], "A"."OBJECT_ID"[VARCHAR2,400], "OBJECT_LEVEL"[VARCHAR2,400], 
       "DD_OBJECT_TYPE"[VARCHAR2,400], "D"."LOCALE_ID"[NUMBER,22]
   3 - (#keys=1) "A"."OBJECT_NAME"[VARCHAR2,4000], "A"."OBJECT_ID"[VARCHAR2,400], "OBJECT_LEVEL"[VARCHAR2,400], 
       "DD_OBJECT_TYPE"[VARCHAR2,400], "DD_PROCESS_INSTANCE_ID"[NUMBER,22], "D"."LOCALE_ID"[NUMBER,22]
   4 - (#keys=0) "A"."OBJECT_NAME"[VARCHAR2,4000], "A"."OBJECT_ID"[VARCHAR2,400], "OBJECT_LEVEL"[VARCHAR2,400], 
       "DD_OBJECT_TYPE"[VARCHAR2,400], "DD_PROCESS_INSTANCE_ID"[NUMBER,22], "E"."LOCALE"[VARCHAR2,400]
   5 - (#keys=0) "A"."OBJECT_NAME"[VARCHAR2,4000], "A"."OBJECT_ID"[VARCHAR2,400], "OBJECT_LEVEL"[VARCHAR2,400], 
       "DD_OBJECT_TYPE"[VARCHAR2,400], "DD_PROCESS_INSTANCE_ID"[NUMBER,22]
   6 - (#keys=0) "A"."OBJECT_NAME"[VARCHAR2,4000], "A"."OBJECT_ID"[VARCHAR2,400], "OBJECT_LEVEL"[VARCHAR2,400], 
       "DD_OBJECT_TYPE"[VARCHAR2,400], "DD_PROCESS_INSTANCE_ID"[NUMBER,22]
   7 - (#keys=0) "A"."OBJECT_NAME"[VARCHAR2,4000], "A"."OBJECT_ID"[VARCHAR2,400], "OBJECT_LEVEL"[VARCHAR2,400], 
       "DD_OBJECT_TYPE"[VARCHAR2,400], "DD_PROCESS_INSTANCE_ID"[NUMBER,22], "A"."ACTIVITY_ID"[NUMBER,22]
   8 - (#keys=0) "A"."OBJECT_NAME"[VARCHAR2,4000], "A"."OBJECT_ID"[VARCHAR2,400], "OBJECT_LEVEL"[VARCHAR2,400], 
       "DD_OBJECT_TYPE"[VARCHAR2,400], "DD_PROCESS_INSTANCE_ID"[NUMBER,22], "R"."ROLE_ID"[NUMBER,22]
   9 - (#keys=0) "A"."OBJECT_NAME"[VARCHAR2,4000], "A"."OBJECT_ID"[VARCHAR2,400], "OBJECT_LEVEL"[VARCHAR2,400], 
       "DD_OBJECT_TYPE"[VARCHAR2,400], "DD_PROCESS_INSTANCE_ID"[NUMBER,22], "H"."ENTERPRISE_ID"[NUMBER,22], "R"."ROLE_ID"[NUMBER,22], 
       "E"."USER_ID"[NUMBER,22]
  10 - (#keys=0) "A"."OBJECT_NAME"[VARCHAR2,4000], "A"."OBJECT_ID"[VARCHAR2,400], "OBJECT_LEVEL"[VARCHAR2,400], 
       "DD_OBJECT_TYPE"[VARCHAR2,400], "DD_PROCESS_INSTANCE_ID"[NUMBER,22], "H"."ENTERPRISE_ID"[NUMBER,22], 
       "G"."ORG_ROLE_ID"[NUMBER,22], "R"."ROLE_ID"[NUMBER,22]
  11 - (#keys=0) "A"."OBJECT_NAME"[VARCHAR2,4000], "A"."OBJECT_ID"[VARCHAR2,400], "OBJECT_LEVEL"[VARCHAR2,400], 
       "DD_OBJECT_TYPE"[VARCHAR2,400], "DD_PROCESS_INSTANCE_ID"[NUMBER,22], "H"."ENTERPRISE_ID"[NUMBER,22], 
       "G"."ORG_ROLE_ID"[NUMBER,22], "G"."ROLE_ID"[NUMBER,22]
  12 - (#keys=0) "A"."OBJECT_NAME"[VARCHAR2,4000], "A"."OBJECT_ID"[VARCHAR2,400], "OBJECT_LEVEL"[VARCHAR2,400], 
       "DD_OBJECT_TYPE"[VARCHAR2,400], "DD_PROCESS_INSTANCE_ID"[NUMBER,22], "H"."ENTERPRISE_ID"[NUMBER,22], "H"."PATH"[VARCHAR2,4000]
  13 - (#keys=0) "A"."OBJECT_NAME"[VARCHAR2,4000], "A"."OBJECT_ID"[VARCHAR2,400], "OBJECT_LEVEL"[VARCHAR2,400], 
       "DD_OBJECT_TYPE"[VARCHAR2,400], "DD_PROCESS_INSTANCE_ID"[NUMBER,22]
  14 - (#keys=0) "B"."OWNER_ORGANIZATIONS"[VARCHAR2,4000], "A".ROWID[ROWID,10], "A"."OBJECT_ID"[VARCHAR2,400]
  15 - "B"."OWNER_ORGANIZATIONS"[VARCHAR2,4000], "B"."OBJECT_ID"[VARCHAR2,400]
  16 - "A".ROWID[ROWID,10], "A"."OBJECT_ID"[VARCHAR2,400]
  17 - "A"."OBJECT_NAME"[VARCHAR2,4000], "OBJECT_LEVEL"[VARCHAR2,400], "DD_OBJECT_TYPE"[VARCHAR2,400], 
       "DD_PROCESS_INSTANCE_ID"[NUMBER,22]
  18 - (#keys=0) "H"."ENTERPRISE_ID"[NUMBER,22], "H"."PATH"[VARCHAR2,4000]
  19 - "H"."ENTERPRISE_ID"[NUMBER,22], "H"."PATH"[VARCHAR2,4000]
  20 - "MAX(LVL)"[NUMBER,22], "LVL"[NUMBER,22], "ITEM_0"[NUMBER,22], "O1"."ORG_ENTITY_ID"[NUMBER,22], "PATH"[VARCHAR2,4000], 
       "ENTERPRISE_ID"[NUMBER,22]
  21 - SYSDEF[4], SYSDEF[0], SYSDEF[1], SYSDEF[96], SYSDEF[0]
  22 - "PARENT_ORG_ENTITY_ID"[NUMBER,22], "ORG_ENTITY_ID"[NUMBER,22], STRDEF[100], STRDEF[22], STRDEF[7], PRIOR NULL[22], 
       LEVEL[4], SYS_CONNECT_BY_PATH(TO_CHAR("ORG_ENTITY_ID"),':')[4000]
  23 - "PARENT_ORG_ENTITY_ID"[NUMBER,22], "ORG_ENTITY_ID"[NUMBER,22], STRDEF[100], STRDEF[22], STRDEF[7], PRIOR NULL[22], 
       LEVEL[4], SYS_CONNECT_BY_PATH(TO_CHAR("ORG_ENTITY_ID"),':')[4000]
  24 - "ENTERPRISE_ID"[NUMBER,22], "ORG_ENTITY_ID"[NUMBER,22], "ORG_ENTITY_NAME"[VARCHAR2,100], 
       "PARENT_ORG_ENTITY_ID"[NUMBER,22], "END_DATE"[DATE,7]
  25 - (#keys=2) "MAX(LVL)"[NUMBER,22], "LVL"[NUMBER,22], "ITEM_0"[NUMBER,22], "O1"."ORG_ENTITY_ID"[NUMBER,22], 
       "PATH"[VARCHAR2,4000], "ENTERPRISE_ID"[NUMBER,22]
  26 - "MAX(LVL)"[NUMBER,22], "ITEM_0"[NUMBER,22]
  27 - (#keys=1) "O2"."ORG_ENTITY_ID"[NUMBER,22], MAX("LVL")[22]
  28 - "O2"."ORG_ENTITY_ID"[NUMBER,22], "LVL"[NUMBER,22]
  29 - "C0"[NUMBER,22], "C1"[VARCHAR2,100], "C2"[NUMBER,22], "C3"[NUMBER,22], "C4"[VARCHAR2,4000]
  30 - "O1"."ORG_ENTITY_ID"[NUMBER,22], "ENTERPRISE_ID"[NUMBER,22], "LVL"[NUMBER,22], "PATH"[VARCHAR2,4000]
  31 - "C0"[NUMBER,22], "C1"[VARCHAR2,100], "C2"[NUMBER,22], "C3"[NUMBER,22], "C4"[VARCHAR2,4000]
  32 - "G"."ORG_ROLE_ID"[NUMBER,22], "G"."ROLE_ID"[NUMBER,22]
  33 - "R"."ROLE_ID"[NUMBER,22]
  34 - "E"."USER_ID"[NUMBER,22]
  36 - "SI_USERS_T".ROWID[ROWID,10]
  37 - "A"."ACTIVITY_ID"[NUMBER,22]
  39 - (#keys=0) 
  41 - (#keys=0) MIN("PVALUE"."PARAMETER_VALUE")[100]
  42 - (#keys=2) "PVALUE"."PARAMETER_VALUE"[VARCHAR2,100]
  43 - (#keys=1) "PTYPE"."PARAMETER_TYPE_ID"[NUMBER,22], "PNAME"."PARAMETER_ID"[NUMBER,22]
  44 - "PTYPE"."PARAMETER_TYPE_ID"[NUMBER,22]
  45 - "PNAME"."PARAMETER_ID"[NUMBER,22], "PNAME"."PARAMETER_TYPE_ID"[NUMBER,22]
  46 - "PVALUE"."PARAMETER_TYPE_ID"[NUMBER,22], "PVALUE"."PARAMETER_ID"[NUMBER,22], "PVALUE"."PARAMETER_VALUE"[VARCHAR2,100]
  47 - (#keys=0) "E"."LOCALE"[VARCHAR2,400]
  48 - "E"."LOCALE"[VARCHAR2,400]
  49 - "E".ROWID[ROWID,10]
  50 - "D"."LOCALE_ID"[NUMBER,22], "D"."LOCALE_STRING"[VARCHAR2,100]
  51 - (#keys=0) MAX("DD_PROCESS_INSTANCE_ID")[22]
  52 - "B"."DD_PROCESS_INSTANCE_ID"[NUMBER,22]
										</code></pre>
								</section>
						</div>
					</div>

				<!-- Sidebar -->
				<div id="sidebar">
					<div class="inner">
						<!-- Menu -->
						<nav id="menu">
							<header class="major">
								<h2>Menu</h2>
							</header>
							<ul>
								<li><a href="index.html">Summary</a></li>
								<li>
									<span class="opener">DB Analysis</span>
									<ul>
										<li><a href="union.html">Bad SQL</a></li>
										<li><a href="poor-sql.html">Poor SQL Plan</a></li>
										<li><a href="invalid-sql.html">Invalid SQL</a></li>
										<li><a href="full-sql.html">Full SQL Report</a></li>
										<li><a href="db-primary-unique-key.html">Primary/Unique Key Miss</a></li>
										<li><a href="invalid-db-object.html">Invalid DB Objects</a></li>
									</ul>
								</li>
								<li>
									<span class="opener">Infolets</span>
									<ul>
										<li><a href="keep-history-infolets.html">Keep History Infolets</a></li>
									</ul>
								</li>
								<li>
									<span class="opener">Pushforms</span>
									<ul>
										<li><a href="pushform-denormalize.html">Pushform Denormalized</a></li>
									</ul>
								</li>
							</ul>
						</nav>

						<!-- Section -->
						<section>
							<header class="major">
								<h2>Get in touch</h2>
							</header>
							<p>You need more details on the report or want more functionality, don't hesitate to reach out to us.</p>
							<ul class="contact">
								<li class="fa-envelope-o"><a href="mailto:rnd@metricstream.com?Subject=Reg - Static Code Analysis Tool" target="_top">rnd@metricstream.com</a></li>
							</ul>
						</section>

						<!-- Footer -->
						<footer id="footer">
							<p class="copyright">&copy; <a href="http://www.metricstream.com" target="_blank">MetricStream</a>. All rights reserved. </p>
						</footer>
					</div>
				</div>
			</div>

		<!-- Scripts -->
			<script src="../lib/assets/js/jquery.min.js"></script>
			<script src="../lib/assets/js/skel.min.js"></script>
			<script src="../lib/assets/js/util.js"></script>
			<!--[if lte IE 8]><script src="../lib/assets/js/ie/respond.min.js"></script><![endif]-->
			<script src="../lib/assets/js/main.js"></script>
	</body>
</html>