<!DOCTYPE HTML>
<html>
	<head>
		<title>Code Analysis - MetricStream</title>
		<meta charset="utf-8" />
		<meta name="viewport" content="width=device-width, initial-scale=1, user-scalable=no" />
		<!--[if lte IE 8]><script src="assets/js/ie/html5shiv.js"></script><![endif]-->
		<link rel="stylesheet" href="../lib/assets/css/main.css" />
		<!--[if lte IE 9]><link rel="stylesheet" href="../lib/assets/css/ie9.css" /><![endif]-->
		<!--[if lte IE 8]><link rel="stylesheet" href="../lib/assets/css/ie8.css" /><![endif]-->
	</head>
	<body>

		<!-- Wrapper -->
			<div id="wrapper">

				<!-- Main -->
					<div id="main">
						<div class="inner">
							<!-- Header -->
								<header id="header">
									<a href="index.html" class="logo"><strong>Static Code Analysis Report</strong> by Code Analyzer Tool</a>
								</header>

							<!-- Content -->
								<section>
									<!-- Content -->
										<header class="major"><h2>Infolet Details</h2></header>
										<div class="table-wrapper">
											<table>
												<tbody>
													<tr>
														<td>Name</td>
														<td>MS_GRC_STANDARD_PARENT (100987)</td>
													</tr>
													<tr>
														<td>SQL</td>
														<td><pre><code>SELECT DISTINCT a.object_name AS obj_name,
  'Level '
  ||b.object_level  AS obj_level,
  a. dd_OBJECT_TYPE AS obj_type,
  a.OBJECT_ID       AS OBJ_ID,
  d.locale_id as locale_id
FROM MS_GRC_area_of_complia a,
  ms_Grc_standard b,
  ms_grc_standard_org c,
  si_locales d,
si_users_t e where 
d.locale_string = e.locale
AND e.user_name = :2
and a.OBJECT_ID            = B.OBJECT_ID
AND b.OBJECT_ID              = C.OBJECT_ID
AND OBJECT_LEVEL                                                                                                = (:1 -1)
AND a.DD_OBJECT_TYPE                                                                                            = 'MS_GRC_STANDARD'
AND TRUNC(sysdate)                                                                                             >= TRUNC(NVL(VALID_FROM,sysdate))
And Trunc(Sysdate)                                                                                             <= Trunc(Nvl(Valid_Until,Sysdate))
AND ms_grc_utilities.ms_grc_SECURITY(a.dd_object_type, a.restrict_access_to, c.OWNER_ORGANIZATIONS, :2, 'VIEW') = 'ACCESS'</code></pre></td>
													</tr>
													<tr>
														<td>Description</td>
														<td></td>
													</tr>
												</tbody>
											</table>
										</div>

										<h2 align="center" id="content">Analysis Report</h2>
										<hr>
 										<header class="major"><h2>Plan hash value: 2931905009</h2></header>
										<pre><code>
 
---------------------------------------------------------------------------------------------------------------
| Id  | Operation                         | Name                      | Rows  | Bytes | Cost (%CPU)| Time     |
---------------------------------------------------------------------------------------------------------------
|   0 | SELECT STATEMENT                  |                           |     1 |  2293 |     6  (17)| 00:00:01 |
|   1 |  SORT UNIQUE                      |                           |     1 |  2293 |     6  (17)| 00:00:01 |
|   2 |   NESTED LOOPS                    |                           |     1 |  2293 |     5   (0)| 00:00:01 |
<font style="background-color: lightblue; color: red">|   3 |    MERGE JOIN CARTESIAN           |                           |     1 |  2273 |     3   (0)| 00:00:01 |</font>
|   4 |     NESTED LOOPS                  |                           |       |       |            |          |
|   5 |      NESTED LOOPS                 |                           |     1 |  2262 |     0   (0)| 00:00:01 |
|   6 |       NESTED LOOPS                |                           |     1 |  2208 |     0   (0)| 00:00:01 |
|   7 |        INDEX FULL SCAN            | MS_GRC_STANDARD_ORG_UK    |     1 |  1204 |     0   (0)| 00:00:01 |
|*  8 |        TABLE ACCESS BY INDEX ROWID| MS_GRC_STANDARD           |     1 |  1004 |     0   (0)| 00:00:01 |
|*  9 |         INDEX UNIQUE SCAN         | MS_GRC_STANDARD_PK        |     1 |       |     0   (0)| 00:00:01 |
|* 10 |       INDEX UNIQUE SCAN           | MS_GRC_AREA_OF_COMPLIA_PK |     1 |       |     0   (0)| 00:00:01 |
|* 11 |      TABLE ACCESS BY INDEX ROWID  | MS_GRC_AREA_OF_COMPLIA    |     1 |    54 |     0   (0)| 00:00:01 |
|  12 |     BUFFER SORT                   |                           |    35 |   385 |     3   (0)| 00:00:01 |
<font style="background-color: lightblue; color: red">|  13 |      TABLE ACCESS FULL            | SI_LOCALES                |    35 |   385 |     3   (0)| 00:00:01 |</font>
|* 14 |    TABLE ACCESS BY INDEX ROWID    | SI_USERS_T                |     1 |    20 |     2   (0)| 00:00:01 |
<font style="background-color: lightblue; color: red">|* 15 |     INDEX SKIP SCAN               | SI_USERS_T_N2             |     1 |       |     1   (0)| 00:00:01 |</font>
---------------------------------------------------------------------------------------------------------------
 
										</code></pre>
 										<header class="major"><h2>Query Block Name / Object Alias (identified by operation id):</h2></header>
										<pre><code>
-------------------------------------------------------------
 
   1 - SEL$1
   7 - SEL$1 / C@SEL$1
   8 - SEL$1 / B@SEL$1
   9 - SEL$1 / B@SEL$1
  10 - SEL$1 / A@SEL$1
  11 - SEL$1 / A@SEL$1
  13 - SEL$1 / D@SEL$1
  14 - SEL$1 / E@SEL$1
  15 - SEL$1 / E@SEL$1
 
										</code></pre>
 										<header class="major"><h2>Predicate Information (identified by operation id):</h2></header>
										<pre><code>
---------------------------------------------------
 
   8 - filter(TO_NUMBER("OBJECT_LEVEL")=TO_NUMBER(:1)-1)
   9 - access("B"."OBJECT_ID"="C"."OBJECT_ID")
  10 - access("A"."OBJECT_ID"="B"."OBJECT_ID")
  11 - filter("A"."DD_OBJECT_TYPE"='MS_GRC_STANDARD' AND 
              TRUNC(NVL("VALID_FROM",SYSDATE@!))<=TRUNC(SYSDATE@!) AND 
              TRUNC(NVL("VALID_UNTIL",SYSDATE@!))>=TRUNC(SYSDATE@!) AND 
              "MS_GRC_UTILITIES"."MS_GRC_SECURITY"("A"."DD_OBJECT_TYPE","A"."RESTRICT_ACCESS_TO","C"."OWNER_ORGANIZAT
              IONS",:2,'VIEW')='ACCESS')
  14 - filter("D"."LOCALE_STRING"="E"."LOCALE")
  15 - access("E"."USER_NAME"=:2)
       filter("E"."USER_NAME"=:2)
 
										</code></pre>
 										<header class="major"><h2>Column Projection Information (identified by operation id):</h2></header>
										<pre><code>
-----------------------------------------------------------
 
   1 - (#keys=5) "A"."OBJECT_NAME"[VARCHAR2,4000], 'Level '||"B"."OBJECT_LEVEL"[1606], 
       "A"."DD_OBJECT_TYPE"[VARCHAR2,400], "A"."OBJECT_ID"[VARCHAR2,400], "D"."LOCALE_ID"[NUMBER,22]
   2 - (#keys=0) "OBJECT_LEVEL"[VARCHAR2,1600], "A"."OBJECT_ID"[VARCHAR2,400], 
       "A"."OBJECT_NAME"[VARCHAR2,4000], "A"."DD_OBJECT_TYPE"[VARCHAR2,400], "D"."LOCALE_ID"[NUMBER,22]
   3 - (#keys=0) "OBJECT_LEVEL"[VARCHAR2,1600], "A"."OBJECT_ID"[VARCHAR2,400], 
       "A"."OBJECT_NAME"[VARCHAR2,4000], "A"."DD_OBJECT_TYPE"[VARCHAR2,400], "D"."LOCALE_ID"[NUMBER,22], 
       "D"."LOCALE_STRING"[VARCHAR2,100]
   4 - (#keys=0) "OBJECT_LEVEL"[VARCHAR2,1600], "A"."OBJECT_ID"[VARCHAR2,400], 
       "A"."OBJECT_NAME"[VARCHAR2,4000], "A"."DD_OBJECT_TYPE"[VARCHAR2,400]
   5 - (#keys=0) "C"."OWNER_ORGANIZATIONS"[VARCHAR2,2000], "OBJECT_LEVEL"[VARCHAR2,1600], 
       "A".ROWID[ROWID,10], "A"."OBJECT_ID"[VARCHAR2,400]
   6 - (#keys=0) "C"."OWNER_ORGANIZATIONS"[VARCHAR2,2000], "OBJECT_LEVEL"[VARCHAR2,1600], 
       "B"."OBJECT_ID"[VARCHAR2,400]
   7 - "C"."OWNER_ORGANIZATIONS"[VARCHAR2,2000], "C"."OBJECT_ID"[VARCHAR2,400]
   8 - "OBJECT_LEVEL"[VARCHAR2,1600], "B"."OBJECT_ID"[VARCHAR2,400]
   9 - "B".ROWID[ROWID,10], "B"."OBJECT_ID"[VARCHAR2,400]
  10 - "A".ROWID[ROWID,10], "A"."OBJECT_ID"[VARCHAR2,400]
  11 - "A"."OBJECT_NAME"[VARCHAR2,4000], "A"."DD_OBJECT_TYPE"[VARCHAR2,400]
  12 - (#keys=0) "D"."LOCALE_ID"[NUMBER,22], "D"."LOCALE_STRING"[VARCHAR2,100]
  13 - "D"."LOCALE_ID"[NUMBER,22], "D"."LOCALE_STRING"[VARCHAR2,100]
  15 - "E".ROWID[ROWID,10]
										</code></pre>
								</section>
						</div>
					</div>

				<!-- Sidebar -->
				<div id="sidebar">
					<div class="inner">
						<!-- Menu -->
						<nav id="menu">
							<header class="major">
								<h2>Menu</h2>
							</header>
							<ul>
								<li><a href="index.html">Summary</a></li>
								<li>
									<span class="opener">DB Analysis</span>
									<ul>
										<li><a href="union.html">Bad SQL</a></li>
										<li><a href="poor-sql.html">Poor SQL Plan</a></li>
										<li><a href="invalid-sql.html">Invalid SQL</a></li>
										<li><a href="full-sql.html">Full SQL Report</a></li>
										<li><a href="db-primary-unique-key.html">Primary/Unique Key Miss</a></li>
										<li><a href="invalid-db-object.html">Invalid DB Objects</a></li>
									</ul>
								</li>
							</ul>
						</nav>

						<!-- Section -->
						<section>
							<header class="major">
								<h2>Get in touch</h2>
							</header>
							<p>You need more details on the report or want more functionality, don't hesitate to reach out to us.</p>
							<ul class="contact">
								<li class="fa-envelope-o"><a href="mailto:rnd@metricstream.com?Subject=Reg - Static Code Analysis Tool" target="_top">rnd@metricstream.com</a></li>
							</ul>
						</section>

						<!-- Footer -->
						<footer id="footer">
							<p class="copyright">&copy; <a href="http://www.metricstream.com" target="_blank">MetricStream</a>. All rights reserved. </p>
						</footer>
					</div>
				</div>
			</div>

		<!-- Scripts -->
			<script src="../lib/assets/js/jquery.min.js"></script>
			<script src="../lib/assets/js/skel.min.js"></script>
			<script src="../lib/assets/js/util.js"></script>
			<!--[if lte IE 8]><script src="../lib/assets/js/ie/respond.min.js"></script><![endif]-->
			<script src="../lib/assets/js/main.js"></script>
	</body>
</html>