<!DOCTYPE HTML>
<html>
	<head>
		<title>Code Analysis - MetricStream</title>
		<meta charset="utf-8" />
		<meta name="viewport" content="width=device-width, initial-scale=1, user-scalable=no" />
		<!--[if lte IE 8]><script src="assets/js/ie/html5shiv.js"></script><![endif]-->
		<link rel="stylesheet" href="../lib/assets/css/main.css" />
		<!--[if lte IE 9]><link rel="stylesheet" href="../lib/assets/css/ie9.css" /><![endif]-->
		<!--[if lte IE 8]><link rel="stylesheet" href="../lib/assets/css/ie8.css" /><![endif]-->
	</head>
	<body>

		<!-- Wrapper -->
			<div id="wrapper">

				<!-- Main -->
					<div id="main">
						<div class="inner">
							<!-- Header -->
								<header id="header">
									<a href="index.html" class="logo"><strong>Static Code Analysis Report</strong> by Code Analyzer Tool</a>
								</header>

							<!-- Content -->
								<section>
									<!-- Content -->
										<header class="major"><h2>Infolet Details</h2></header>
										<div class="table-wrapper">
											<table>
												<tbody>
													<tr>
														<td>Name</td>
														<td>MS_GRC_APP_MYTASK_CTGRY_INFO (101115)</td>
													</tr>
													<tr>
														<td>SQL</td>
														<td><pre><code>SELECT distinct Datas AS CATEGORY_ID ,
  display_order,
  MSL_NAME AS Displaying
FROM
  ( WITH full_data AS
  (SELECT CATEGORY_NAME,
    display_order,
    MSL_NAME,
    all_cnt,
    ctg_cnt,
    DUE_CNT,
    DUE_FLG,
    DIFF_FLG,
    diff_cnt
  FROM
    (SELECT
      CASE
        WHEN DUE_FLG='O'
        THEN 'Overdue'
        ELSE CATEGORY_NAME
      END AS CATEGORY_NAME,
      CASE
        WHEN due_flg='O'
        THEN 2
        WHEN CATEGORY_NAME ='Others'
        THEN 98
        ELSE display_order
      END AS display_order,
      CASE
        WHEN due_flg='O'
        THEN 'Overdue'
        WHEN Category_name ='Others'
        THEN 'Others'
        ELSE MSL_NAME
      END AS MSL_NAME,
      all_cnt,
      ctg_cnt,
      due_flg,
      CASE
        WHEN due_flg='O'
        THEN COUNT(CATEGORY_NAME) over(PARTITION BY due_flg)
      END DUE_CNT ,
      DIFF_FLG,
      CASE
        WHEN DIFF_FLG='R'
        THEN COUNT(CATEGORY_NAME) OVER(PARTITION BY DIFF_FLG)
      END DIFF_cnt ,
      row_number() over(PARTITION BY CATEGORY_NAME, due_flg ORDER BY assignment_id) row_index
    FROM
      (SELECT b.assignment_id,
        NVL(C.CATEGORY_NAME,'Others') CATEGORY_NAME,
        COUNT(A.METRIC_ID) over(PARTITION BY '')                            AS all_cnt,
        COUNT(A.METRIC_ID) over(PARTITION BY NVL(C.CATEGORY_NAME,'Others')) AS ctg_cnt,
        CASE
          WHEN (TRUNC(DUE_DATE) - SYSDATE) <=-1
 and status!=8
          THEN 'O'
          ELSE 'N'
        END DUE_FLG,
        CASE
          WHEN (TO_NUMBER(TO_CHAR(SYSDATE, 'J'))- TO_NUMBER(TO_CHAR(B.CREATION_DATE,'J'))) <=3
          THEN 'R'
          ELSE 'O'
        END diff_flg,
        C.ORDER_1           AS display_order,
        E.CATEGORY_MLS_NAME AS MSL_NAME
      FROM SI_METRICS_T A
      INNER JOIN SI_EVENT_ASSIGNMENTS B
      ON A.METRIC_ID =B.INFOLET_ID
      AND STATUS IN (4,5,8,1,9,10)
      LEFT JOIN MS_GRC_APP_MYTASK_FORM_MAP D
      ON A.FORM_NAME =D.METRIC_NAME
      LEFT JOIN MS_GRC_APP_MYTASK_CTGRY C
      ON C.CATEGORY_NAME=D.CATEGORY_NAME
      INNER JOIN SI_USERS_T F
      ON F.USER_NAME =:1
      AND F.USER_ID  =B.USER_ID
      LEFT JOIN SI_LOCALES G
      ON F.LOCALE =G.LOCALE_STRING
      LEFT JOIN MS_GRC_APP_MYTASK_MLS E
      ON C.CATEGORY_NAME=E.CATEGORY_NAME
      AND G.LOCALE_ID   =E.LOCAL_ID
      )
    )
  WHERE row_index=1
  )
SELECT category_name
  ||' ('
  ||
  CASE
    WHEN DUE_FLG ='O'
    THEN DUE_CNT
      ||'/'
      ||ALL_CNT
    ELSE TO_CHAR(ctg_cnt)
  END
  ||')' AS DATAS,
  DISPLAY_ORDER,
  MSL_NAME
  ||' ('
  ||
  CASE
    WHEN due_flg ='O'
    THEN DUE_CNT
      ||'/'
      ||ALL_CNT
    ELSE TO_CHAR(ctg_cnt)
  END
  ||')' AS MSL_NAME
FROM full_data
UNION ALL
SELECT 'All'
  ||' ('
  ||ALL_CNT
  ||')' AS DATAS,
  0     AS display_order,
  'All'
  ||' ('
  ||ALL_CNT
  ||')' AS MSL_NAME
FROM FULL_DATA
WHERE ROWNUM=1
UNION ALL
SELECT 'New Tasks in Past 3 Days'
  ||' ('
  ||DIFF_cnt
  ||')' AS DATAS,
  1     AS DISPLAY_ORDER,
  'New Tasks in Past 3 Days'
  ||' ('
  ||DIFF_cnt
  ||')' AS MSL_NAME
FROM FULL_DATA
WHERE DIFF_cnt IS NOT NULL
AND ROWNUM      =1
  )
ORDER BY DISPLAY_ORDER</code></pre></td>
													</tr>
													<tr>
														<td>Description</td>
														<td> Infolet to show various categories configured to be shown in My Tasks Infoport in My Tasks Infocenter </td>
													</tr>
												</tbody>
											</table>
										</div>

										<h2 align="center" id="content">Analysis Report</h2>
										<hr>
 										<header class="major"><h2>Plan hash value: 2433420572</h2></header>
										<pre><code>
 
----------------------------------------------------------------------------------------------------------------------------------
| Id  | Operation                                  | Name                        | Rows  | Bytes |TempSpc| Cost (%CPU)| Time     |
----------------------------------------------------------------------------------------------------------------------------------
|   0 | SELECT STATEMENT                           |                             |   860 |   632K|       |   331   (1)| 00:00:04 |
|   1 |  SORT UNIQUE                               |                             |   860 |   632K|   696K|   191   (1)| 00:00:03 |
|   2 |   VIEW                                     |                             |   860 |   632K|       |    51   (0)| 00:00:01 |
<font style="background-color: lightblue; color: red">|   3 |    TEMP TABLE TRANSFORMATION               |                             |       |       |       |            |          |</font>
|   4 |     LOAD AS SELECT                         | SYS_TEMP_0FD9D66F3_A3454E35 |       |       |       |            |          |
|*  5 |      VIEW                                  |                             |   858 |   413K|       |   195   (4)| 00:00:03 |
|   6 |       WINDOW SORT                          |                             |   858 |   392K|       |   195   (4)| 00:00:03 |
|   7 |        WINDOW SORT                         |                             |   858 |   392K|       |   195   (4)| 00:00:03 |
|   8 |         VIEW                               |                             |   858 |   392K|       |   193   (3)| 00:00:03 |
|   9 |          WINDOW SORT                       |                             |   858 |   268K|       |   193   (3)| 00:00:03 |
|* 10 |           HASH JOIN RIGHT OUTER            |                             |   858 |   268K|       |   192   (3)| 00:00:03 |
<font style="background-color: lightblue; color: red">|  11 |            TABLE ACCESS FULL               | MS_GRC_APP_MYTASK_MLS       |    27 |  1188 |       |     3   (0)| 00:00:01 |</font>
|  12 |            VIEW                            |                             |   858 |   231K|       |   188   (2)| 00:00:03 |
|* 13 |             HASH JOIN RIGHT OUTER          |                             |   858 | 90948 |       |   188   (2)| 00:00:03 |
<font style="background-color: lightblue; color: red">|  14 |              TABLE ACCESS FULL             | SI_LOCALES                  |    35 |   385 |       |     3   (0)| 00:00:01 |</font>
|  15 |              VIEW                          |                             |   858 | 81510 |       |   185   (2)| 00:00:03 |
|* 16 |               HASH JOIN RIGHT OUTER        |                             |   858 |   106K|       |   185   (2)| 00:00:03 |
<font style="background-color: lightblue; color: red">|  17 |                TABLE ACCESS FULL           | MS_GRC_APP_MYTASK_CTGRY     |    27 |   594 |       |     3   (0)| 00:00:01 |</font>
|* 18 |                HASH JOIN                   |                             |   858 | 90090 |       |   181   (2)| 00:00:03 |
|  19 |                 TABLE ACCESS BY INDEX ROWID| SI_USERS_T                  |     1 |    25 |       |     2   (0)| 00:00:01 |
<font style="background-color: lightblue; color: red">|* 20 |                  INDEX SKIP SCAN           | SI_USERS_T_N2               |     1 |       |       |     1   (0)| 00:00:01 |</font>
|  21 |                 VIEW                       |                             |  9439 |   737K|       |   179   (2)| 00:00:03 |
|* 22 |                  HASH JOIN RIGHT OUTER     |                             |  9439 |   940K|       |   179   (2)| 00:00:03 |
<font style="background-color: lightblue; color: red">|  23 |                   TABLE ACCESS FULL        | MS_GRC_APP_MYTASK_FORM_MAP  |    85 |  3230 |       |     3   (0)| 00:00:01 |</font>
|  24 |                   VIEW                     |                             |  9439 |   589K|       |   175   (1)| 00:00:03 |
|* 25 |                    HASH JOIN               |                             |  9439 |   313K|       |   175   (1)| 00:00:03 |
<font style="background-color: lightblue; color: red">|  26 |                     TABLE ACCESS FULL      | SI_METRICS_T                |  3090 | 24720 |       |   105   (0)| 00:00:02 |</font>
<font style="background-color: lightblue; color: red">|* 27 |                     TABLE ACCESS FULL      | SI_EVENT_ASSIGNMENTS        |  9439 |   239K|       |    69   (0)| 00:00:01 |</font>
|  28 |     UNION-ALL                              |                             |       |       |       |            |          |
|  29 |      VIEW                                  |                             |   858 |   387K|       |    17   (0)| 00:00:01 |
<font style="background-color: lightblue; color: red">|  30 |       TABLE ACCESS FULL                    | SYS_TEMP_0FD9D66F3_A3454E35 |   858 |   403K|       |    17   (0)| 00:00:01 |</font>
|* 31 |      COUNT STOPKEY                         |                             |       |       |       |            |          |
|  32 |       VIEW                                 |                             |   858 | 11154 |       |    17   (0)| 00:00:01 |
<font style="background-color: lightblue; color: red">|  33 |        TABLE ACCESS FULL                   | SYS_TEMP_0FD9D66F3_A3454E35 |   858 |   403K|       |    17   (0)| 00:00:01 |</font>
|* 34 |      COUNT STOPKEY                         |                             |       |       |       |            |          |
|* 35 |       VIEW                                 |                             |   858 | 11154 |       |    17   (0)| 00:00:01 |
<font style="background-color: lightblue; color: red">|  36 |        TABLE ACCESS FULL                   | SYS_TEMP_0FD9D66F3_A3454E35 |   858 |   403K|       |    17   (0)| 00:00:01 |</font>
----------------------------------------------------------------------------------------------------------------------------------
 
										</code></pre>
 										<header class="major"><h2>Query Block Name / Object Alias (identified by operation id):</h2></header>
										<pre><code>
-------------------------------------------------------------
 
   1 - SEL$1       
   2 - SET$1        / from$_subquery$_001@SEL$1
   3 - SET$1       
   4 - SEL$3       
   5 - SEL$4        / from$_subquery$_002@SEL$3
   6 - SEL$4       
   8 - SEL$6406C64D / from$_subquery$_003@SEL$4
   9 - SEL$6406C64D
  11 - SEL$6406C64D / E@SEL$13
  12 - SEL$6D9D21E0 / from$_subquery$_014@SEL$14
  13 - SEL$6D9D21E0
  14 - SEL$6D9D21E0 / G@SEL$11
  15 - SEL$83FAE1A9 / from$_subquery$_012@SEL$12
  16 - SEL$83FAE1A9
  17 - SEL$83FAE1A9 / C@SEL$8
  19 - SEL$83FAE1A9 / F@SEL$10
  20 - SEL$83FAE1A9 / F@SEL$10
  21 - SEL$6DE49B00 / from$_subquery$_008@SEL$9
  22 - SEL$6DE49B00
  23 - SEL$6DE49B00 / D@SEL$6
  24 - SEL$5        / from$_subquery$_006@SEL$7
  25 - SEL$5       
  26 - SEL$5        / A@SEL$5
  27 - SEL$5        / B@SEL$5
  29 - SEL$F065AEA5 / FULL_DATA@SEL$2
  30 - SEL$F065AEA5 / T1@SEL$F065AEA5
  31 - SEL$16      
  32 - SEL$F065AEA4 / FULL_DATA@SEL$16
  33 - SEL$F065AEA4 / T1@SEL$F065AEA4
  34 - SEL$17      
  35 - SEL$F065AEA3 / FULL_DATA@SEL$17
  36 - SEL$F065AEA3 / T1@SEL$F065AEA3
 
										</code></pre>
 										<header class="major"><h2>Predicate Information (identified by operation id):</h2></header>
										<pre><code>
---------------------------------------------------
 
   5 - filter("ROW_INDEX"=1)
  10 - access("G"."LOCALE_ID"="E"."LOCAL_ID"(+) AND "C"."CATEGORY_NAME"="E"."CATEGORY_NAME"(+))
  13 - access("F"."LOCALE"="G"."LOCALE_STRING"(+))
  16 - access("C"."CATEGORY_NAME"(+)="D"."CATEGORY_NAME")
  18 - access("F"."USER_ID"="from$_subquery$_008"."USER_ID")
  20 - access("F"."USER_NAME"=:1)
       filter("F"."USER_NAME"=:1)
  22 - access("A"."FORM_NAME"="D"."METRIC_NAME"(+))
  25 - access("A"."METRIC_ID"="B"."INFOLET_ID")
  27 - filter("STATUS"=1 OR "STATUS"=4 OR "STATUS"=5 OR "STATUS"=8 OR "STATUS"=9 OR "STATUS"=10)
  31 - filter(ROWNUM=1)
  34 - filter(ROWNUM=1)
  35 - filter("DIFF_CNT" IS NOT NULL)
 
										</code></pre>
 										<header class="major"><h2>Column Projection Information (identified by operation id):</h2></header>
										<pre><code>
-----------------------------------------------------------
 
   1 - (#keys=3) "DISPLAY_ORDER"[NUMBER,22], "DATAS"[VARCHAR2,736], "MSL_NAME"[VARCHAR2,736]
   2 - "DATAS"[VARCHAR2,736], "DISPLAY_ORDER"[NUMBER,22], "MSL_NAME"[VARCHAR2,736]
   3 - STRDEF[484], STRDEF[22], STRDEF[484]
   4 - SYSDEF[4], SYSDEF[0], SYSDEF[1], SYSDEF[96], SYSDEF[0]
   5 - "CATEGORY_NAME"[VARCHAR2,400], "DISPLAY_ORDER"[NUMBER,22], "MSL_NAME"[VARCHAR2,400], "ALL_CNT"[NUMBER,22], 
       "CTG_CNT"[NUMBER,22], "DUE_FLG"[CHARACTER,4], "DUE_CNT"[NUMBER,22], "DIFF_FLG"[CHARACTER,4], "DIFF_CNT"[NUMBER,22], 
       "ROW_INDEX"[NUMBER,22]
   6 - (#keys=3) "DUE_FLG"[CHARACTER,4], "CATEGORY_NAME"[VARCHAR2,400], "ASSIGNMENT_ID"[NUMBER,22], 
       "DIFF_FLG"[CHARACTER,4], "DISPLAY_ORDER"[NUMBER,22], COUNT("CATEGORY_NAME") OVER ( PARTITION BY "DIFF_FLG")[22], 
       "ALL_CNT"[NUMBER,22], "CTG_CNT"[NUMBER,22], "MSL_NAME"[VARCHAR2,400], ROW_NUMBER() OVER ( PARTITION BY 
       "DUE_FLG","CATEGORY_NAME" ORDER BY "ASSIGNMENT_ID")[22], COUNT("CATEGORY_NAME") OVER ( PARTITION BY "DUE_FLG")[22]
   7 - (#keys=1) "DIFF_FLG"[CHARACTER,4], "ASSIGNMENT_ID"[NUMBER,22], "CATEGORY_NAME"[VARCHAR2,400], 
       "ALL_CNT"[NUMBER,22], "CTG_CNT"[NUMBER,22], "DUE_FLG"[CHARACTER,4], "MSL_NAME"[VARCHAR2,400], "DISPLAY_ORDER"[NUMBER,22], 
       COUNT("CATEGORY_NAME") OVER ( PARTITION BY "DIFF_FLG")[22]
   8 - "ASSIGNMENT_ID"[NUMBER,22], "CATEGORY_NAME"[VARCHAR2,400], "ALL_CNT"[NUMBER,22], "CTG_CNT"[NUMBER,22], 
       "DUE_FLG"[CHARACTER,4], "DIFF_FLG"[CHARACTER,4], "DISPLAY_ORDER"[NUMBER,22], "MSL_NAME"[VARCHAR2,400]
   9 - (#keys=1) NVL("from$_subquery$_014"."QCSJ_C000000001000009",'Others')[400], "E"."LOCAL_ID"[NUMBER,22], 
       "G"."LOCALE_ID"[NUMBER,22], "E"."CATEGORY_NAME"[VARCHAR2,400], "C"."CATEGORY_NAME"[VARCHAR2,400], 
       "E"."CATEGORY_MLS_NAME"[VARCHAR2,400], "from$_subquery$_014"."METRIC_ID"[NUMBER,22], 
       "from$_subquery$_014"."ASSIGNMENT_ID"[NUMBER,22], "from$_subquery$_014"."STATUS"[NUMBER,22], 
       "from$_subquery$_014"."QCSJ_C000000000600003"[DATE,7], "from$_subquery$_014"."DUE_DATE"[DATE,7], 
       "from$_subquery$_014"."ORDER_1"[NUMBER,22], COUNT("from$_subquery$_014"."METRIC_ID") OVER ( PARTITION BY 
       NVL("from$_subquery$_014"."QCSJ_C000000001000009",'Others'))[22], COUNT("from$_subquery$_014"."METRIC_ID") OVER ()[22]
  10 - (#keys=2) "E"."LOCAL_ID"[NUMBER,22], "G"."LOCALE_ID"[NUMBER,22], "E"."CATEGORY_NAME"[VARCHAR2,400], 
       "C"."CATEGORY_NAME"[VARCHAR2,400], "E"."CATEGORY_MLS_NAME"[VARCHAR2,400], "from$_subquery$_014"."METRIC_ID"[NUMBER,22], 
       "from$_subquery$_014"."ASSIGNMENT_ID"[NUMBER,22], "from$_subquery$_014"."STATUS"[NUMBER,22], 
       "from$_subquery$_014"."QCSJ_C000000000600003"[DATE,7], "from$_subquery$_014"."DUE_DATE"[DATE,7], 
       "from$_subquery$_014"."ORDER_1"[NUMBER,22]
  11 - "E"."CATEGORY_NAME"[VARCHAR2,400], "E"."LOCAL_ID"[NUMBER,22], "E"."CATEGORY_MLS_NAME"[VARCHAR2,400]
  12 - "from$_subquery$_014"."METRIC_ID"[NUMBER,22], "from$_subquery$_014"."ASSIGNMENT_ID"[NUMBER,22], 
       "from$_subquery$_014"."STATUS"[NUMBER,22], "from$_subquery$_014"."QCSJ_C000000000600003"[DATE,7], 
       "from$_subquery$_014"."DUE_DATE"[DATE,7], "C"."CATEGORY_NAME"[VARCHAR2,400], "from$_subquery$_014"."ORDER_1"[NUMBER,22], 
       "G"."LOCALE_ID"[NUMBER,22]
  13 - (#keys=1) "G"."LOCALE_STRING"[VARCHAR2,100], "F"."LOCALE"[VARCHAR2,400], "G"."LOCALE_ID"[NUMBER,22], 
       "from$_subquery$_012"."METRIC_ID"[NUMBER,22], "from$_subquery$_012"."ASSIGNMENT_ID"[NUMBER,22], 
       "from$_subquery$_012"."STATUS"[NUMBER,22], "from$_subquery$_012"."QCSJ_C000000000600003"[DATE,7], 
       "from$_subquery$_012"."DUE_DATE"[DATE,7], "from$_subquery$_012"."QCSJ_C000000001000009"[VARCHAR2,400], 
       "from$_subquery$_012"."ORDER_1"[NUMBER,22]
  14 - "G"."LOCALE_ID"[NUMBER,22], "G"."LOCALE_STRING"[VARCHAR2,100]
  15 - "from$_subquery$_012"."METRIC_ID"[NUMBER,22], "from$_subquery$_012"."ASSIGNMENT_ID"[NUMBER,22], 
       "from$_subquery$_012"."STATUS"[NUMBER,22], "from$_subquery$_012"."QCSJ_C000000000600003"[DATE,7], 
       "from$_subquery$_012"."DUE_DATE"[DATE,7], "from$_subquery$_012"."QCSJ_C000000001000009"[VARCHAR2,400], 
       "from$_subquery$_012"."ORDER_1"[NUMBER,22], "F"."LOCALE"[VARCHAR2,400]
  16 - (#keys=1) "C"."CATEGORY_NAME"[VARCHAR2,400], "D"."CATEGORY_NAME"[VARCHAR2,400], "C"."ORDER_1"[NUMBER,22], 
       "F"."USER_ID"[NUMBER,22], "from$_subquery$_008"."USER_ID"[NUMBER,22], "F".ROWID[ROWID,10], "F"."LOCALE"[VARCHAR2,400], 
       "F"."USER_NAME"[VARCHAR2,320], "from$_subquery$_008"."METRIC_ID"[NUMBER,22], "from$_subquery$_008"."DUE_DATE"[DATE,7], 
       "from$_subquery$_008"."ASSIGNMENT_ID"[NUMBER,22], "from$_subquery$_008"."STATUS"[NUMBER,22], 
       "from$_subquery$_008"."QCSJ_C000000000600003"[DATE,7]
  17 - "C"."CATEGORY_NAME"[VARCHAR2,400], "C"."ORDER_1"[NUMBER,22]
  18 - (#keys=1) "F"."USER_ID"[NUMBER,22], "from$_subquery$_008"."USER_ID"[NUMBER,22], "F".ROWID[ROWID,10], 
       "F"."LOCALE"[VARCHAR2,400], "F"."USER_NAME"[VARCHAR2,320], "from$_subquery$_008"."METRIC_ID"[NUMBER,22], 
       "D"."CATEGORY_NAME"[VARCHAR2,400], "from$_subquery$_008"."ASSIGNMENT_ID"[NUMBER,22], 
       "from$_subquery$_008"."STATUS"[NUMBER,22], "from$_subquery$_008"."QCSJ_C000000000600003"[DATE,7], 
       "from$_subquery$_008"."DUE_DATE"[DATE,7]
  19 - "F".ROWID[ROWID,10], "F"."USER_ID"[NUMBER,22], "F"."USER_NAME"[VARCHAR2,320], "F"."LOCALE"[VARCHAR2,400]
  20 - "F".ROWID[ROWID,10], "F"."USER_NAME"[VARCHAR2,320]
  21 - "from$_subquery$_008"."METRIC_ID"[NUMBER,22], "from$_subquery$_008"."USER_ID"[NUMBER,22], 
       "from$_subquery$_008"."ASSIGNMENT_ID"[NUMBER,22], "from$_subquery$_008"."STATUS"[NUMBER,22], 
       "from$_subquery$_008"."QCSJ_C000000000600003"[DATE,7], "from$_subquery$_008"."DUE_DATE"[DATE,7], 
       "D"."CATEGORY_NAME"[VARCHAR2,400]
  22 - (#keys=1) "D"."METRIC_NAME"[VARCHAR2,400], "A"."FORM_NAME"[VARCHAR2,300], "D"."CATEGORY_NAME"[VARCHAR2,400], 
       "from$_subquery$_006"."METRIC_ID"[NUMBER,22], "from$_subquery$_006"."DUE_DATE"[DATE,7], 
       "from$_subquery$_006"."USER_ID"[NUMBER,22], "from$_subquery$_006"."ASSIGNMENT_ID"[NUMBER,22], 
       "from$_subquery$_006"."STATUS"[NUMBER,22], "from$_subquery$_006"."QCSJ_C000000000600003"[DATE,7]
  23 - "D"."CATEGORY_NAME"[VARCHAR2,400], "D"."METRIC_NAME"[VARCHAR2,400]
  24 - "from$_subquery$_006"."METRIC_ID"[NUMBER,22], "A"."FORM_NAME"[VARCHAR2,300], 
       "from$_subquery$_006"."USER_ID"[NUMBER,22], "from$_subquery$_006"."ASSIGNMENT_ID"[NUMBER,22], 
       "from$_subquery$_006"."STATUS"[NUMBER,22], "from$_subquery$_006"."QCSJ_C000000000600003"[DATE,7], 
       "from$_subquery$_006"."DUE_DATE"[DATE,7]
  25 - (#keys=1) "A"."METRIC_ID"[NUMBER,22], "B"."INFOLET_ID"[NUMBER,22], "A"."FORM_NAME"[VARCHAR2,300], 
       "B"."USER_ID"[NUMBER,22], "B"."DUE_DATE"[DATE,7], "B"."ASSIGNMENT_ID"[NUMBER,22], "B"."STATUS"[NUMBER,22], 
       "B"."CREATION_DATE"[DATE,7]
  26 - "A"."METRIC_ID"[NUMBER,22], "A"."FORM_NAME"[VARCHAR2,300]
  27 - "B"."USER_ID"[NUMBER,22], "B"."INFOLET_ID"[NUMBER,22], "B"."ASSIGNMENT_ID"[NUMBER,22], "B"."STATUS"[NUMBER,22], 
       "B"."CREATION_DATE"[DATE,7], "B"."DUE_DATE"[DATE,7]
  28 - STRDEF[484], STRDEF[22], STRDEF[484]
  29 - "CATEGORY_NAME"[VARCHAR2,400], "DISPLAY_ORDER"[NUMBER,22], "MSL_NAME"[VARCHAR2,400], "ALL_CNT"[NUMBER,22], 
       "CTG_CNT"[NUMBER,22], "DUE_CNT"[NUMBER,22], "DUE_FLG"[CHARACTER,4]
  30 - "C0"[VARCHAR2,400], "C1"[NUMBER,22], "C2"[VARCHAR2,400], "C3"[NUMBER,22], "C4"[NUMBER,22], "C5"[NUMBER,22], 
       "C6"[CHARACTER,4], "C7"[CHARACTER,4], "C8"[NUMBER,22]
  31 - "ALL_CNT"[NUMBER,22], ROWNUM[4]
  32 - "ALL_CNT"[NUMBER,22]
  33 - "C0"[VARCHAR2,400], "C1"[NUMBER,22], "C2"[VARCHAR2,400], "C3"[NUMBER,22], "C4"[NUMBER,22], "C5"[NUMBER,22], 
       "C6"[CHARACTER,4], "C7"[CHARACTER,4], "C8"[NUMBER,22]
  34 - "DIFF_CNT"[NUMBER,22], ROWNUM[4]
  35 - "DIFF_CNT"[NUMBER,22]
  36 - "C0"[VARCHAR2,400], "C1"[NUMBER,22], "C2"[VARCHAR2,400], "C3"[NUMBER,22], "C4"[NUMBER,22], "C5"[NUMBER,22], 
       "C6"[CHARACTER,4], "C7"[CHARACTER,4], "C8"[NUMBER,22]
										</code></pre>
								</section>
						</div>
					</div>

				<!-- Sidebar -->
				<div id="sidebar">
					<div class="inner">
						<!-- Menu -->
						<nav id="menu">
							<header class="major">
								<h2>Menu</h2>
							</header>
							<ul>
								<li><a href="index.html">Summary</a></li>
								<li>
									<span class="opener">DB Analysis</span>
									<ul>
										<li><a href="union.html">Bad SQL</a></li>
										<li><a href="poor-sql.html">Poor SQL Plan</a></li>
										<li><a href="invalid-sql.html">Invalid SQL</a></li>
										<li><a href="full-sql.html">Full SQL Report</a></li>
										<li><a href="db-primary-unique-key.html">Primary/Unique Key Miss</a></li>
										<li><a href="invalid-db-object.html">Invalid DB Objects</a></li>
									</ul>
								</li>
							</ul>
						</nav>

						<!-- Section -->
						<section>
							<header class="major">
								<h2>Get in touch</h2>
							</header>
							<p>You need more details on the report or want more functionality, don't hesitate to reach out to us.</p>
							<ul class="contact">
								<li class="fa-envelope-o"><a href="mailto:rnd@metricstream.com?Subject=Reg - Static Code Analysis Tool" target="_top">rnd@metricstream.com</a></li>
							</ul>
						</section>

						<!-- Footer -->
						<footer id="footer">
							<p class="copyright">&copy; <a href="http://www.metricstream.com" target="_blank">MetricStream</a>. All rights reserved. </p>
						</footer>
					</div>
				</div>
			</div>

		<!-- Scripts -->
			<script src="../lib/assets/js/jquery.min.js"></script>
			<script src="../lib/assets/js/skel.min.js"></script>
			<script src="../lib/assets/js/util.js"></script>
			<!--[if lte IE 8]><script src="../lib/assets/js/ie/respond.min.js"></script><![endif]-->
			<script src="../lib/assets/js/main.js"></script>
	</body>
</html>