<!DOCTYPE HTML>
<html>
	<head>
		<title>Code Analysis - MetricStream</title>
		<meta charset="utf-8" />
		<meta name="viewport" content="width=device-width, initial-scale=1, user-scalable=no" />
		<!--[if lte IE 8]><script src="assets/js/ie/html5shiv.js"></script><![endif]-->
		<link rel="stylesheet" href="../lib/assets/css/main.css" />
		<!--[if lte IE 9]><link rel="stylesheet" href="../lib/assets/css/ie9.css" /><![endif]-->
		<!--[if lte IE 8]><link rel="stylesheet" href="../lib/assets/css/ie8.css" /><![endif]-->
	</head>
	<body>

		<!-- Wrapper -->
			<div id="wrapper">

				<!-- Main -->
					<div id="main">
						<div class="inner">
							<!-- Header -->
								<header id="header">
									<a href="index.html" class="logo"><strong>Static Code Analysis Report</strong> by Code Analyzer Tool</a>
								</header>

							<!-- Content -->
								<section>
									<!-- Content -->
										<header class="major"><h2>Infolet Details</h2></header>
										<div class="table-wrapper">
											<table>
												<tbody>
													<tr>
														<td>Name</td>
														<td>MS_GRC_APP_MYTASK_DISPLAY (101116)</td>
													</tr>
													<tr>
														<td>SQL</td>
														<td><pre><code>SELECT DISTINCT E.CATEGORY_MLS_NAME AS DISPLAYING,
C.ORDER_1 as displayorder
FROM SI_METRICS_T A
INNER JOIN SI_EVENT_ASSIGNMENTS B
ON A.METRIC_ID =B.INFOLET_ID
LEFT JOIN MS_GRC_APP_MYTASK_FORM_MAP D
ON A.FORM_NAME =D.METRIC_NAME
LEFT JOIN MS_GRC_APP_MYTASK_CTGRY C
ON C.CATEGORY_NAME=D.CATEGORY_NAME
LEFT JOIN MS_GRC_APP_MYTASK_MLS E
ON C.CATEGORY_NAME=E.CATEGORY_NAME
INNER JOIN SI_USERS_T F
ON F.USER_NAME =:1
AND F.USER_ID  =B.USER_ID
LEFT JOIN SI_LOCALES G
ON G.LOCALE_ID           =E.LOCAL_ID
AND F.LOCALE             =G.LOCALE_STRING
WHERE CATEGORY_MLS_NAME IS NOT NULL
UNION
SELECT 'Overdue' AS DISPLAYING, 0 as displayorder FROM DUAL
UNION
select 'Others' AS Displaying, 98 as displayorder from dual
UNION
SELECT 'All' AS DISPLAYING, 99 AS DISPLAYORDER FROM DUAL
order by displayorder</code></pre></td>
													</tr>
													<tr>
														<td>Description</td>
														<td> Infolet to show various assignments trigger to logged in user based on the selection of Category </td>
													</tr>
												</tbody>
											</table>
										</div>

										<h2 align="center" id="content">Analysis Report</h2>
										<hr>
 										<header class="major"><h2>Plan hash value: 195892897</h2></header>
										<pre><code>
 
----------------------------------------------------------------------------------------------------------------
| Id  | Operation                         | Name                       | Rows  | Bytes | Cost (%CPU)| Time     |
----------------------------------------------------------------------------------------------------------------
|   0 | SELECT STATEMENT                  |                            |   519 | 22704 |   148   (6)| 00:00:02 |
|   1 |  SORT UNIQUE                      |                            |   519 | 22704 |   147   (9)| 00:00:02 |
|   2 |   UNION-ALL                       |                            |       |       |            |          |
|*  3 |    HASH JOIN RIGHT OUTER          |                            |   858 | 37752 |   137   (3)| 00:00:02 |
<font style="background-color: lightblue; color: red">|   4 |     TABLE ACCESS FULL             | SI_LOCALES                 |    35 |   385 |     3   (0)| 00:00:01 |</font>
|   5 |     VIEW                          |                            |   858 | 28314 |   134   (3)| 00:00:02 |
|*  6 |      HASH JOIN                    |                            |   858 |   248K|   134   (3)| 00:00:02 |
<font style="background-color: lightblue; color: red">|   7 |       MERGE JOIN CARTESIAN        |                            |    27 |  1863 |     5   (0)| 00:00:01 |</font>
|   8 |        TABLE ACCESS BY INDEX ROWID| SI_USERS_T                 |     1 |    25 |     2   (0)| 00:00:01 |
<font style="background-color: lightblue; color: red">|*  9 |         INDEX SKIP SCAN           | SI_USERS_T_N2              |     1 |       |     1   (0)| 00:00:01 |</font>
|  10 |        BUFFER SORT                |                            |    27 |  1188 |     3   (0)| 00:00:01 |
<font style="background-color: lightblue; color: red">|  11 |         TABLE ACCESS FULL         | MS_GRC_APP_MYTASK_MLS      |    27 |  1188 |     3   (0)| 00:00:01 |</font>
|  12 |       VIEW                        |                            |  9439 |  2101K|   128   (2)| 00:00:02 |
|* 13 |        HASH JOIN RIGHT OUTER      |                            |  9439 |  2184K|   128   (2)| 00:00:02 |
<font style="background-color: lightblue; color: red">|  14 |         TABLE ACCESS FULL         | MS_GRC_APP_MYTASK_CTGRY    |    27 |   594 |     3   (0)| 00:00:01 |</font>
|  15 |         VIEW                      |                            |  9439 |  1981K|   124   (1)| 00:00:02 |
|* 16 |          HASH JOIN RIGHT OUTER    |                            |  9439 |  1871K|   124   (1)| 00:00:02 |
<font style="background-color: lightblue; color: red">|  17 |           TABLE ACCESS FULL       | MS_GRC_APP_MYTASK_FORM_MAP |    85 |  3230 |     3   (0)| 00:00:01 |</font>
|  18 |           VIEW                    |                            |  9439 |  1520K|   121   (1)| 00:00:02 |
|* 19 |            HASH JOIN              |                            |  9439 |   156K|   121   (1)| 00:00:02 |
<font style="background-color: lightblue; color: red">|  20 |             TABLE ACCESS FULL     | SI_METRICS_T               |  3090 | 24720 |   105   (0)| 00:00:02 |</font>
|  21 |             INDEX FAST FULL SCAN  | SI_EVENT_ASSIGNMENTS_N2    |  9439 | 84951 |    15   (0)| 00:00:01 |
|  22 |    FAST DUAL                      |                            |     1 |       |     2   (0)| 00:00:01 |
|  23 |    FAST DUAL                      |                            |     1 |       |     2   (0)| 00:00:01 |
|  24 |    FAST DUAL                      |                            |     1 |       |     2   (0)| 00:00:01 |
----------------------------------------------------------------------------------------------------------------
 
										</code></pre>
 										<header class="major"><h2>Query Block Name / Object Alias (identified by operation id):</h2></header>
										<pre><code>
-------------------------------------------------------------
 
   1 - SET$1       
   3 - SEL$425429CA
   4 - SEL$425429CA / G@SEL$9
   5 - SEL$EA9560E8 / from$_subquery$_011@SEL$10
   6 - SEL$EA9560E8
   8 - SEL$EA9560E8 / F@SEL$8
   9 - SEL$EA9560E8 / F@SEL$8
  11 - SEL$EA9560E8 / E@SEL$6
  12 - SEL$9834E3F4 / from$_subquery$_007@SEL$7
  13 - SEL$9834E3F4
  14 - SEL$9834E3F4 / C@SEL$4
  15 - SEL$64EAE176 / from$_subquery$_005@SEL$5
  16 - SEL$64EAE176
  17 - SEL$64EAE176 / D@SEL$2
  18 - SEL$1        / from$_subquery$_003@SEL$3
  19 - SEL$1       
  20 - SEL$1        / A@SEL$1
  21 - SEL$1        / B@SEL$1
  22 - SEL$12       / DUAL@SEL$12
  23 - SEL$13       / DUAL@SEL$13
  24 - SEL$14       / DUAL@SEL$14
 
										</code></pre>
 										<header class="major"><h2>Predicate Information (identified by operation id):</h2></header>
										<pre><code>
---------------------------------------------------
 
   3 - access("F"."LOCALE"="G"."LOCALE_STRING"(+) AND "G"."LOCALE_ID"(+)="E"."LOCAL_ID")
   6 - access("F"."USER_ID"="from$_subquery$_007"."USER_ID" AND "C"."CATEGORY_NAME"="E"."CATEGORY_NAME")
   9 - access("F"."USER_NAME"=:1)
       filter("F"."USER_NAME"=:1)
  13 - access("C"."CATEGORY_NAME"(+)="D"."CATEGORY_NAME")
  16 - access("A"."FORM_NAME"="D"."METRIC_NAME"(+))
  19 - access("A"."METRIC_ID"="B"."INFOLET_ID")
 
										</code></pre>
 										<header class="major"><h2>Column Projection Information (identified by operation id):</h2></header>
										<pre><code>
-----------------------------------------------------------
 
   1 - (#keys=2) STRDEF[22], STRDEF[400]
   2 - STRDEF[400], STRDEF[22]
   3 - (#keys=2) "from$_subquery$_011"."ORDER_1"[NUMBER,22], 
       "from$_subquery$_011"."CATEGORY_MLS_NAME"[VARCHAR2,400]
   4 - "G"."LOCALE_ID"[NUMBER,22], "G"."LOCALE_STRING"[VARCHAR2,100]
   5 - "from$_subquery$_011"."ORDER_1"[NUMBER,22], "E"."LOCAL_ID"[NUMBER,22], 
       "from$_subquery$_011"."CATEGORY_MLS_NAME"[VARCHAR2,400], "F"."LOCALE"[VARCHAR2,400]
   6 - (#keys=2) "E"."CATEGORY_MLS_NAME"[VARCHAR2,400], "F"."LOCALE"[VARCHAR2,400], 
       "E"."LOCAL_ID"[NUMBER,22], "from$_subquery$_007"."ORDER_1"[NUMBER,22]
   7 - (#keys=0) "F"."USER_ID"[NUMBER,22], "F"."LOCALE"[VARCHAR2,400], 
       "E"."CATEGORY_NAME"[VARCHAR2,400], "E"."LOCAL_ID"[NUMBER,22], "E"."CATEGORY_MLS_NAME"[VARCHAR2,400]
   8 - "F"."USER_ID"[NUMBER,22], "F"."LOCALE"[VARCHAR2,400]
   9 - "F".ROWID[ROWID,10]
  10 - (#keys=0) "E"."CATEGORY_NAME"[VARCHAR2,400], "E"."LOCAL_ID"[NUMBER,22], 
       "E"."CATEGORY_MLS_NAME"[VARCHAR2,400]
  11 - "E"."CATEGORY_NAME"[VARCHAR2,400], "E"."LOCAL_ID"[NUMBER,22], 
       "E"."CATEGORY_MLS_NAME"[VARCHAR2,400]
  12 - "from$_subquery$_007"."USER_ID"[NUMBER,22], "C"."CATEGORY_NAME"[VARCHAR2,400], 
       "from$_subquery$_007"."ORDER_1"[NUMBER,22]
  13 - (#keys=1) "C"."CATEGORY_NAME"[VARCHAR2,400], "C"."ORDER_1"[NUMBER,22], 
       "from$_subquery$_005"."USER_ID"[NUMBER,22]
  14 - "C"."CATEGORY_NAME"[VARCHAR2,400], "C"."ORDER_1"[NUMBER,22]
  15 - "from$_subquery$_005"."USER_ID"[NUMBER,22], "D"."CATEGORY_NAME"[VARCHAR2,400]
  16 - (#keys=1) "D"."CATEGORY_NAME"[VARCHAR2,400], "from$_subquery$_003"."USER_ID"[NUMBER,22]
  17 - "D"."CATEGORY_NAME"[VARCHAR2,400], "D"."METRIC_NAME"[VARCHAR2,400]
  18 - "A"."FORM_NAME"[VARCHAR2,300], "from$_subquery$_003"."USER_ID"[NUMBER,22]
  19 - (#keys=1) "A"."FORM_NAME"[VARCHAR2,300], "B"."USER_ID"[NUMBER,22]
  20 - "A"."METRIC_ID"[NUMBER,22], "A"."FORM_NAME"[VARCHAR2,300]
  21 - "B"."USER_ID"[NUMBER,22], "B"."INFOLET_ID"[NUMBER,22]
										</code></pre>
								</section>
						</div>
					</div>

				<!-- Sidebar -->
				<div id="sidebar">
					<div class="inner">
						<!-- Menu -->
						<nav id="menu">
							<header class="major">
								<h2>Menu</h2>
							</header>
							<ul>
								<li><a href="index.html">Summary</a></li>
								<li>
									<span class="opener">DB Analysis</span>
									<ul>
										<li><a href="union.html">Bad SQL</a></li>
										<li><a href="poor-sql.html">Poor SQL Plan</a></li>
										<li><a href="invalid-sql.html">Invalid SQL</a></li>
										<li><a href="full-sql.html">Full SQL Report</a></li>
										<li><a href="db-primary-unique-key.html">Primary/Unique Key Miss</a></li>
										<li><a href="invalid-db-object.html">Invalid DB Objects</a></li>
									</ul>
								</li>
							</ul>
						</nav>

						<!-- Section -->
						<section>
							<header class="major">
								<h2>Get in touch</h2>
							</header>
							<p>You need more details on the report or want more functionality, don't hesitate to reach out to us.</p>
							<ul class="contact">
								<li class="fa-envelope-o"><a href="mailto:rnd@metricstream.com?Subject=Reg - Static Code Analysis Tool" target="_top">rnd@metricstream.com</a></li>
							</ul>
						</section>

						<!-- Footer -->
						<footer id="footer">
							<p class="copyright">&copy; <a href="http://www.metricstream.com" target="_blank">MetricStream</a>. All rights reserved. </p>
						</footer>
					</div>
				</div>
			</div>

		<!-- Scripts -->
			<script src="../lib/assets/js/jquery.min.js"></script>
			<script src="../lib/assets/js/skel.min.js"></script>
			<script src="../lib/assets/js/util.js"></script>
			<!--[if lte IE 8]><script src="../lib/assets/js/ie/respond.min.js"></script><![endif]-->
			<script src="../lib/assets/js/main.js"></script>
	</body>
</html>