<!DOCTYPE HTML>
<html>
	<head>
		<title>Code Analysis - MetricStream</title>
		<meta charset="utf-8" />
		<meta name="viewport" content="width=device-width, initial-scale=1, user-scalable=no" />
		<!--[if lte IE 8]><script src="assets/js/ie/html5shiv.js"></script><![endif]-->
		<link rel="stylesheet" href="../lib/assets/css/main.css" />
		<!--[if lte IE 9]><link rel="stylesheet" href="../lib/assets/css/ie9.css" /><![endif]-->
		<!--[if lte IE 8]><link rel="stylesheet" href="../lib/assets/css/ie8.css" /><![endif]-->
	</head>
	<body>

		<!-- Wrapper -->
			<div id="wrapper">

				<!-- Main -->
					<div id="main">
						<div class="inner">
							<!-- Header -->
								<header id="header">
									<a href="index.html" class="logo"><strong>Static Code Analysis Report</strong> by Code Analyzer Tool</a>
								</header>

							<!-- Content -->
								<section>
									<!-- Content -->
										<header class="major"><h2>Infolet Details</h2></header>
										<div class="table-wrapper">
											<table>
												<tbody>
													<tr>
														<td>Name</td>
														<td>MS_GRC_LIBRARY_RELATIONSHIP_REPORT (101108)</td>
													</tr>
													<tr>
														<td>SQL</td>
														<td><pre><code>SELECT  t2.object_name AS NAME,
  t2.object_id   AS ID,
  '['
  ||(select FORM_TITLE from MS_GRC_ORB_CONFIG_FORM_TITLE where OBJECT_TYPE= ADDITIONAL_COLUMN3 and LOCALE_ID= (select LOCALE_ID from SI_LOCALES where LOCALE_STRING = (
            select LOCALE from SI_USERS_T where USER_NAME=:3 )))
  ||'] '
  ||SUBSTR(t1.tgt_obj_name,1,3600) AS mapped_name,
  t1.tgt_obj_id                    AS mapped_id,
  DECODE (NVL (T1.TGT_OBJ_NAME, 'n\a'), 'n\a', NULL, 'X') data,
  REPLACE(REPLACE(TGT_OBJ_TYPE,'(',''),')','') AS TGT_OBJ_TYPE,
  SUBSTR(T1.TGT_OBJ_NAME,1,3600)               AS MAPPED_NAME_ONLY
FROM
  (SELECT C.ADDITIONAL_COLUMN3,
    ms_grc_utilities.get_grc_object_name (b.rel_source_object_id, ms_apps_utilities.get_parameter_value (1, 'MS GRC Mapping Report Parameter', 'Library Object' ) ) object_name,
    b.rel_source_object_id AS object_id,
    c.tgt_obj_name,
    c.tgt_obj_id,
    c.tgt_obj_type
  FROM ms_grc_rel_defn a,
    ms_grc_orb_relations b,
    ms_grc_orb_relations_orb c
  WHERE c.rel_config_id IN
    (SELECT rel_id
    FROM ms_grc_rel_defn d
    WHERE d.src_obj_type = ms_apps_utilities.get_parameter_value (1, 'MS GRC Mapping Report Parameter', 'Library Object' )
    )
  AND c.rel_config_id = a.rel_id
  AND b.rel_source_id = c.rel_source_id
  ) t1,
  (SELECT object_name,
    object_id,
    dd_object_Type
  FROM ms_grc_all_published_objects_v
  WHERE dd_object_type = ms_apps_utilities.get_parameter_value (1, 'MS GRC Mapping Report Parameter', 'Library Object' )
  ) t2
where T2.OBJECT_ID = T1.OBJECT_ID(+)
and  (ADDITIONAL_COLUMN3 = decode (:1, 'All',ADDITIONAL_COLUMN3,:1))
AND (LOWER(SUBSTR(T1.TGT_OBJ_NAME,1,3600)) LIKE '%'
  ||LOWER(:2)
  ||'%')
AND :3 IS NOT NULL</code></pre></td>
													</tr>
													<tr>
														<td>Description</td>
														<td></td>
													</tr>
												</tbody>
											</table>
										</div>

										<h2 align="center" id="content">Analysis Report</h2>
										<hr>
 										<header class="major"><h2>Plan hash value: 3390023876</h2></header>
										<pre><code>
 
-------------------------------------------------------------------------------------------------------------------
| Id  | Operation                        | Name                           | Rows  | Bytes | Cost (%CPU)| Time     |
-------------------------------------------------------------------------------------------------------------------
|   0 | SELECT STATEMENT                 |                                |     1 |  4663 |     3   (0)| 00:00:01 |
<font style="background-color: lightblue; color: red">|*  1 |  TABLE ACCESS FULL               | MS_GRC_ORB_CONFIG_FORM_TITLE   |     1 |    39 |     3   (0)| 00:00:01 |</font>
<font style="background-color: lightblue; color: red">|*  2 |   TABLE ACCESS FULL              | SI_LOCALES                     |     1 |    11 |     3   (0)| 00:00:01 |</font>
|   3 |    TABLE ACCESS BY INDEX ROWID   | SI_USERS_T                     |     1 |    20 |     2   (0)| 00:00:01 |
<font style="background-color: lightblue; color: red">|*  4 |     INDEX SKIP SCAN              | SI_USERS_T_N2                  |     1 |       |     1   (0)| 00:00:01 |</font>
|*  5 |  FILTER                          |                                |       |       |            |          |
|   6 |   NESTED LOOPS                   |                                |     1 |  4663 |     3   (0)| 00:00:01 |
|   7 |    NESTED LOOPS                  |                                |     1 |  4623 |     2   (0)| 00:00:01 |
|   8 |     NESTED LOOPS                 |                                |     1 |  4615 |     2   (0)| 00:00:01 |
|   9 |      NESTED LOOPS                |                                |     1 |  4589 |     2   (0)| 00:00:01 |
<font style="background-color: lightblue; color: red">|* 10 |       TABLE ACCESS FULL          | MS_GRC_ORB_RELATIONS_ORB       |     1 |  4562 |     2   (0)| 00:00:01 |</font>
|* 11 |       TABLE ACCESS BY INDEX ROWID| MS_GRC_REL_DEFN                |     1 |    27 |     0   (0)| 00:00:01 |
|* 12 |        INDEX UNIQUE SCAN         | MS_GRC_REL_DEFN_PK             |     1 |       |     0   (0)| 00:00:01 |
|  13 |      TABLE ACCESS BY INDEX ROWID | MS_GRC_ORB_RELATIONS           |     1 |    26 |     0   (0)| 00:00:01 |
|* 14 |       INDEX UNIQUE SCAN          | MS_GRC_ORB_RELATIONS_PK        |     1 |       |     0   (0)| 00:00:01 |
|* 15 |     INDEX UNIQUE SCAN            | MS_GRC_REL_DEFN_PK             |     1 |     8 |     0   (0)| 00:00:01 |
|  16 |    VIEW                          | MS_GRC_ALL_PUBLISHED_OBJECTS_V |     2 |    80 |     1   (0)| 00:00:01 |
|  17 |     SORT UNIQUE                  |                                |       |       |            |          |
|  18 |      UNION-ALL PARTITION         |                                |       |       |            |          |
|* 19 |       TABLE ACCESS BY INDEX ROWID| MS_GRC_FINANCIAL_ACCOU         |     1 |  2406 |     0   (0)| 00:00:01 |
|* 20 |        INDEX UNIQUE SCAN         | MS_GRC_FINANCIAL_ACCOU_PK      |     1 |       |     0   (0)| 00:00:01 |
|* 21 |       TABLE ACCESS BY INDEX ROWID| MS_GRC_RISK                    |     1 |    35 |     1   (0)| 00:00:01 |
|* 22 |        INDEX UNIQUE SCAN         | MS_GRC_RISK_PK                 |     1 |       |     0   (0)| 00:00:01 |
|* 23 |       TABLE ACCESS BY INDEX ROWID| MS_GRC_AREA_OF_COMPLIA         |     1 |    47 |     1   (0)| 00:00:01 |
|* 24 |        INDEX UNIQUE SCAN         | MS_GRC_AREA_OF_COMPLIA_PK      |     1 |       |     0   (0)| 00:00:01 |
|* 25 |       TABLE ACCESS BY INDEX ROWID| MS_GRC_REFERENCE               |     1 |  2406 |     0   (0)| 00:00:01 |
|* 26 |        INDEX UNIQUE SCAN         | MS_GRC_REFERENCE_PK            |     1 |       |     0   (0)| 00:00:01 |
|* 27 |       TABLE ACCESS BY INDEX ROWID| MS_GRC_MODEL_REFERENCE         |     1 |  2406 |     0   (0)| 00:00:01 |
|* 28 |        INDEX UNIQUE SCAN         | MS_GRC_MODEL_REFERENCE_PK      |     1 |       |     0   (0)| 00:00:01 |
|* 29 |       TABLE ACCESS BY INDEX ROWID| MS_GRC_OBJECTIVES              |     1 |  2406 |     0   (0)| 00:00:01 |
|* 30 |        INDEX UNIQUE SCAN         | MS_GRC_OBJECTIVES_PK           |     1 |       |     0   (0)| 00:00:01 |
|* 31 |       TABLE ACCESS BY INDEX ROWID| MS_GRC_QUESTION_PROC           |     1 |  2406 |     0   (0)| 00:00:01 |
|* 32 |        INDEX UNIQUE SCAN         | MS_GRC_QUESTION_PROC_PK        |     1 |       |     0   (0)| 00:00:01 |
|* 33 |       TABLE ACCESS BY INDEX ROWID| MS_GRC_FUNCTION                |     1 |  2406 |     0   (0)| 00:00:01 |
|* 34 |        INDEX UNIQUE SCAN         | MS_GRC_FUNCTION_PK             |     1 |       |     0   (0)| 00:00:01 |
|* 35 |       TABLE ACCESS BY INDEX ROWID| MS_GRC_REQUIREMENT             |     1 |  2406 |     0   (0)| 00:00:01 |
|* 36 |        INDEX UNIQUE SCAN         | MS_GRC_REQUIREMENT_PK          |     1 |       |     0   (0)| 00:00:01 |
|* 37 |       TABLE ACCESS BY INDEX ROWID| MS_GRC_REGULATORY_BODY         |     1 |  2406 |     0   (0)| 00:00:01 |
|* 38 |        INDEX UNIQUE SCAN         | MS_GRC_REGULATORY_BODY_PK      |     1 |       |     0   (0)| 00:00:01 |
|* 39 |       TABLE ACCESS BY INDEX ROWID| MS_GRC_ORG_PROFILE             |     1 |  2406 |     0   (0)| 00:00:01 |
|* 40 |        INDEX UNIQUE SCAN         | MS_GRC_ORG_PROFILE_PK          |     1 |       |     0   (0)| 00:00:01 |
|* 41 |       TABLE ACCESS BY INDEX ROWID| MS_GRC_COMPLIANCE_OBJE         |     1 |    33 |     1   (0)| 00:00:01 |
|* 42 |        INDEX UNIQUE SCAN         | MS_GRC_COMPLIANCE_OBJE_PK      |     1 |       |     0   (0)| 00:00:01 |
|* 43 |       TABLE ACCESS BY INDEX ROWID| MS_GRC_CORE_OBJECT             |     1 |    38 |     1   (0)| 00:00:01 |
|* 44 |        INDEX UNIQUE SCAN         | MS_GRC_CORE_OBJECT_PK          |     1 |       |     0   (0)| 00:00:01 |
-------------------------------------------------------------------------------------------------------------------
 
										</code></pre>
 										<header class="major"><h2>Query Block Name / Object Alias (identified by operation id):</h2></header>
										<pre><code>
-------------------------------------------------------------
 
   1 - SEL$2        / MS_GRC_ORB_CONFIG_FORM_TITLE@SEL$2
   2 - SEL$3        / SI_LOCALES@SEL$3
   3 - SEL$4        / SI_USERS_T@SEL$4
   4 - SEL$4        / SI_USERS_T@SEL$4
   5 - SEL$06758968
  10 - SEL$06758968 / C@SEL$5
  11 - SEL$06758968 / D@SEL$6
  12 - SEL$06758968 / D@SEL$6
  13 - SEL$06758968 / B@SEL$5
  14 - SEL$06758968 / B@SEL$5
  15 - SEL$06758968 / A@SEL$5
  16 - SET$AD7CC163 / MS_GRC_ALL_PUBLISHED_OBJECTS_V@SEL$7
  17 - SET$AD7CC163
  19 - SEL$81C74289 / MS_GRC_FINANCIAL_ACCOU@SEL$8
  20 - SEL$81C74289 / MS_GRC_FINANCIAL_ACCOU@SEL$8
  21 - SEL$193D1E52 / MS_GRC_RISK@SEL$9
  22 - SEL$193D1E52 / MS_GRC_RISK@SEL$9
  23 - SEL$A66D0F29 / MS_GRC_AREA_OF_COMPLIA@SEL$10
  24 - SEL$A66D0F29 / MS_GRC_AREA_OF_COMPLIA@SEL$10
  25 - SEL$FEC66756 / MS_GRC_REFERENCE@SEL$11
  26 - SEL$FEC66756 / MS_GRC_REFERENCE@SEL$11
  27 - SEL$3461DC8E / MS_GRC_MODEL_REFERENCE@SEL$12
  28 - SEL$3461DC8E / MS_GRC_MODEL_REFERENCE@SEL$12
  29 - SEL$42DA16AB / MS_GRC_OBJECTIVES@SEL$13
  30 - SEL$42DA16AB / MS_GRC_OBJECTIVES@SEL$13
  31 - SEL$354EC8B6 / MS_GRC_QUESTION_PROC@SEL$14
  32 - SEL$354EC8B6 / MS_GRC_QUESTION_PROC@SEL$14
  33 - SEL$620EB3CF / MS_GRC_FUNCTION@SEL$15
  34 - SEL$620EB3CF / MS_GRC_FUNCTION@SEL$15
  35 - SEL$A9CAA6A0 / MS_GRC_REQUIREMENT@SEL$16
  36 - SEL$A9CAA6A0 / MS_GRC_REQUIREMENT@SEL$16
  37 - SEL$FE9B0E79 / MS_GRC_REGULATORY_BODY@SEL$17
  38 - SEL$FE9B0E79 / MS_GRC_REGULATORY_BODY@SEL$17
  39 - SEL$5BC7B592 / MS_GRC_ORG_PROFILE@SEL$18
  40 - SEL$5BC7B592 / MS_GRC_ORG_PROFILE@SEL$18
  41 - SEL$ACB53FAB / MS_GRC_COMPLIANCE_OBJE@SEL$19
  42 - SEL$ACB53FAB / MS_GRC_COMPLIANCE_OBJE@SEL$19
  43 - SEL$5AD72408 / MS_GRC_CORE_OBJECT@SEL$20
  44 - SEL$5AD72408 / MS_GRC_CORE_OBJECT@SEL$20
 
										</code></pre>
 										<header class="major"><h2>Predicate Information (identified by operation id):</h2></header>
										<pre><code>
---------------------------------------------------
 
   1 - filter("OBJECT_TYPE"=:B1 AND "LOCALE_ID"= (SELECT "LOCALE_ID" FROM "SI_LOCALES" "SI_LOCALES" WHERE 
              "LOCALE_STRING"= (SELECT "LOCALE" FROM "SI_USERS_T" "SI_USERS_T" WHERE "USER_NAME"=:3)))
   2 - filter("LOCALE_STRING"= (SELECT "LOCALE" FROM "SI_USERS_T" "SI_USERS_T" WHERE "USER_NAME"=:3))
   4 - access("USER_NAME"=:3)
       filter("USER_NAME"=:3)
   5 - filter(:3 IS NOT NULL)
  10 - filter("C"."ADDITIONAL_COLUMN3"=DECODE(:1,'All',"C"."ADDITIONAL_COLUMN3",:1) AND 
              LOWER(SUBSTR("C"."TGT_OBJ_NAME",1,3600)) LIKE '%'||LOWER(:2)||'%')
  11 - filter("D"."SRC_OBJ_TYPE"="MS_APPS_UTILITIES"."GET_PARAMETER_VALUE"(1,'MS GRC Mapping Report 
              Parameter','Library Object'))
  12 - access("C"."REL_CONFIG_ID"="REL_ID")
  14 - access("B"."REL_SOURCE_ID"="C"."REL_SOURCE_ID")
  15 - access("C"."REL_CONFIG_ID"="A"."REL_ID")
  19 - filter("DD_OBJECT_TYPE"="MS_APPS_UTILITIES"."GET_PARAMETER_VALUE"(1,'MS GRC Mapping Report 
              Parameter','Library Object'))
  20 - access("OBJECT_ID"="B"."REL_SOURCE_OBJECT_ID")
  21 - filter("DD_OBJECT_TYPE"="MS_APPS_UTILITIES"."GET_PARAMETER_VALUE"(1,'MS GRC Mapping Report 
              Parameter','Library Object'))
  22 - access("OBJECT_ID"="B"."REL_SOURCE_OBJECT_ID")
  23 - filter("DD_OBJECT_TYPE"="MS_APPS_UTILITIES"."GET_PARAMETER_VALUE"(1,'MS GRC Mapping Report 
              Parameter','Library Object'))
  24 - access("OBJECT_ID"="B"."REL_SOURCE_OBJECT_ID")
  25 - filter("DD_OBJECT_TYPE"="MS_APPS_UTILITIES"."GET_PARAMETER_VALUE"(1,'MS GRC Mapping Report 
              Parameter','Library Object'))
  26 - access("OBJECT_ID"="B"."REL_SOURCE_OBJECT_ID")
  27 - filter("DD_OBJECT_TYPE"="MS_APPS_UTILITIES"."GET_PARAMETER_VALUE"(1,'MS GRC Mapping Report 
              Parameter','Library Object'))
  28 - access("OBJECT_ID"="B"."REL_SOURCE_OBJECT_ID")
  29 - filter("DD_OBJECT_TYPE"="MS_APPS_UTILITIES"."GET_PARAMETER_VALUE"(1,'MS GRC Mapping Report 
              Parameter','Library Object'))
  30 - access("OBJECT_ID"="B"."REL_SOURCE_OBJECT_ID")
  31 - filter("DD_OBJECT_TYPE"="MS_APPS_UTILITIES"."GET_PARAMETER_VALUE"(1,'MS GRC Mapping Report 
              Parameter','Library Object'))
  32 - access("OBJECT_ID"="B"."REL_SOURCE_OBJECT_ID")
  33 - filter("DD_OBJECT_TYPE"="MS_APPS_UTILITIES"."GET_PARAMETER_VALUE"(1,'MS GRC Mapping Report 
              Parameter','Library Object'))
  34 - access("OBJECT_ID"="B"."REL_SOURCE_OBJECT_ID")
  35 - filter("DD_OBJECT_TYPE"="MS_APPS_UTILITIES"."GET_PARAMETER_VALUE"(1,'MS GRC Mapping Report 
              Parameter','Library Object'))
  36 - access("OBJECT_ID"="B"."REL_SOURCE_OBJECT_ID")
  37 - filter("DD_OBJECT_TYPE"="MS_APPS_UTILITIES"."GET_PARAMETER_VALUE"(1,'MS GRC Mapping Report 
              Parameter','Library Object'))
  38 - access("OBJECT_ID"="B"."REL_SOURCE_OBJECT_ID")
  39 - filter("DD_OBJECT_TYPE"="MS_APPS_UTILITIES"."GET_PARAMETER_VALUE"(1,'MS GRC Mapping Report 
              Parameter','Library Object'))
  40 - access("OBJECT_ID"="B"."REL_SOURCE_OBJECT_ID")
  41 - filter("DD_OBJECT_TYPE"="MS_APPS_UTILITIES"."GET_PARAMETER_VALUE"(1,'MS GRC Mapping Report 
              Parameter','Library Object'))
  42 - access("OBJECT_ID"="B"."REL_SOURCE_OBJECT_ID")
  43 - filter("DD_OBJECT_TYPE"="MS_APPS_UTILITIES"."GET_PARAMETER_VALUE"(1,'MS GRC Mapping Report 
              Parameter','Library Object'))
  44 - access("OBJECT_ID"="B"."REL_SOURCE_OBJECT_ID")
 
										</code></pre>
 										<header class="major"><h2>Column Projection Information (identified by operation id):</h2></header>
										<pre><code>
-----------------------------------------------------------
 
   1 - "OBJECT_TYPE"[VARCHAR2,1600], "FORM_TITLE"[VARCHAR2,4000], "LOCALE_ID"[NUMBER,22]
   2 - "LOCALE_ID"[NUMBER,22], "LOCALE_STRING"[VARCHAR2,100]
   3 - "SI_USERS_T".ROWID[ROWID,10], "LOCALE"[VARCHAR2,400]
   4 - "SI_USERS_T".ROWID[ROWID,10]
   5 - "C"."TGT_OBJ_NAME"[VARCHAR2,4000], "C"."TGT_OBJ_ID"[VARCHAR2,1020], 
       "C"."TGT_OBJ_TYPE"[VARCHAR2,1020], "C"."ADDITIONAL_COLUMN3"[VARCHAR2,1020], "OBJECT_NAME"[VARCHAR2,4000], 
       "OBJECT_ID"[VARCHAR2,400]
   6 - (#keys=0) "C"."TGT_OBJ_NAME"[VARCHAR2,4000], "C"."TGT_OBJ_ID"[VARCHAR2,1020], 
       "C"."TGT_OBJ_TYPE"[VARCHAR2,1020], "C"."ADDITIONAL_COLUMN3"[VARCHAR2,1020], "OBJECT_NAME"[VARCHAR2,4000], 
       "OBJECT_ID"[VARCHAR2,400]
   7 - (#keys=0) "C"."TGT_OBJ_NAME"[VARCHAR2,4000], "C"."TGT_OBJ_ID"[VARCHAR2,1020], 
       "C"."TGT_OBJ_TYPE"[VARCHAR2,1020], "C"."ADDITIONAL_COLUMN3"[VARCHAR2,1020], 
       "B"."REL_SOURCE_OBJECT_ID"[VARCHAR2,1016]
   8 - (#keys=0) "C"."REL_CONFIG_ID"[VARCHAR2,1020], "C"."TGT_OBJ_NAME"[VARCHAR2,4000], 
       "C"."TGT_OBJ_ID"[VARCHAR2,1020], "C"."TGT_OBJ_TYPE"[VARCHAR2,1020], 
       "C"."ADDITIONAL_COLUMN3"[VARCHAR2,1020], "B"."REL_SOURCE_OBJECT_ID"[VARCHAR2,1016]
   9 - (#keys=0) "C"."REL_CONFIG_ID"[VARCHAR2,1020], "C"."TGT_OBJ_NAME"[VARCHAR2,4000], 
       "C"."TGT_OBJ_ID"[VARCHAR2,1020], "C"."TGT_OBJ_TYPE"[VARCHAR2,1020], 
       "C"."ADDITIONAL_COLUMN3"[VARCHAR2,1020], "C"."REL_SOURCE_ID"[VARCHAR2,1020]
  10 - "C"."REL_CONFIG_ID"[VARCHAR2,1020], "C"."TGT_OBJ_NAME"[VARCHAR2,4000], 
       "C"."TGT_OBJ_ID"[VARCHAR2,1020], "C"."TGT_OBJ_TYPE"[VARCHAR2,1020], 
       "C"."ADDITIONAL_COLUMN3"[VARCHAR2,1020], "C"."REL_SOURCE_ID"[VARCHAR2,1020]
  12 - "D".ROWID[ROWID,10]
  13 - "B"."REL_SOURCE_OBJECT_ID"[VARCHAR2,1016]
  14 - "B".ROWID[ROWID,10]
  16 - "OBJECT_NAME"[VARCHAR2,4000], "OBJECT_ID"[VARCHAR2,400]
  17 - (#keys=3) STRDEF[4000], STRDEF[400], STRDEF[400]
  18 - STRDEF[4000], STRDEF[400], STRDEF[400]
  19 - "OBJECT_NAME"[VARCHAR2,4000], "OBJECT_ID"[VARCHAR2,400], "DD_OBJECT_TYPE"[VARCHAR2,400]
  20 - "MS_GRC_FINANCIAL_ACCOU".ROWID[ROWID,10], "OBJECT_ID"[VARCHAR2,400]
  21 - "OBJECT_NAME"[VARCHAR2,4000], "OBJECT_ID"[VARCHAR2,400], "DD_OBJECT_TYPE"[VARCHAR2,400]
  22 - "MS_GRC_RISK".ROWID[ROWID,10], "OBJECT_ID"[VARCHAR2,400]
  23 - "OBJECT_ID"[VARCHAR2,400], "OBJECT_NAME"[VARCHAR2,4000], "DD_OBJECT_TYPE"[VARCHAR2,400]
  24 - "MS_GRC_AREA_OF_COMPLIA".ROWID[ROWID,10], "OBJECT_ID"[VARCHAR2,400]
  25 - "DD_OBJECT_TYPE"[VARCHAR2,400], "OBJECT_NAME"[VARCHAR2,4000], "OBJECT_ID"[VARCHAR2,400]
  26 - "MS_GRC_REFERENCE".ROWID[ROWID,10], "OBJECT_ID"[VARCHAR2,400]
  27 - "OBJECT_NAME"[VARCHAR2,4000], "OBJECT_ID"[VARCHAR2,400], "DD_OBJECT_TYPE"[VARCHAR2,400]
  28 - "MS_GRC_MODEL_REFERENCE".ROWID[ROWID,10], "OBJECT_ID"[VARCHAR2,400]
  29 - "OBJECT_ID"[VARCHAR2,400], "OBJECT_NAME"[VARCHAR2,4000], "DD_OBJECT_TYPE"[VARCHAR2,400]
  30 - "MS_GRC_OBJECTIVES".ROWID[ROWID,10], "OBJECT_ID"[VARCHAR2,400]
  31 - "OBJECT_NAME"[VARCHAR2,4000], "OBJECT_ID"[VARCHAR2,400], "DD_OBJECT_TYPE"[VARCHAR2,400]
  32 - "MS_GRC_QUESTION_PROC".ROWID[ROWID,10], "OBJECT_ID"[VARCHAR2,400]
  33 - "OBJECT_ID"[VARCHAR2,400], "OBJECT_NAME"[VARCHAR2,4000], "DD_OBJECT_TYPE"[VARCHAR2,400]
  34 - "MS_GRC_FUNCTION".ROWID[ROWID,10], "OBJECT_ID"[VARCHAR2,400]
  35 - "OBJECT_ID"[VARCHAR2,400], "OBJECT_NAME"[VARCHAR2,4000], "DD_OBJECT_TYPE"[VARCHAR2,400]
  36 - "MS_GRC_REQUIREMENT".ROWID[ROWID,10], "OBJECT_ID"[VARCHAR2,400]
  37 - "OBJECT_NAME"[VARCHAR2,4000], "OBJECT_ID"[VARCHAR2,400], "DD_OBJECT_TYPE"[VARCHAR2,400]
  38 - "MS_GRC_REGULATORY_BODY".ROWID[ROWID,10], "OBJECT_ID"[VARCHAR2,400]
  39 - "OBJECT_ID"[VARCHAR2,400], "OBJECT_NAME"[VARCHAR2,4000], "DD_OBJECT_TYPE"[VARCHAR2,400]
  40 - "MS_GRC_ORG_PROFILE".ROWID[ROWID,10], "OBJECT_ID"[VARCHAR2,400]
  41 - "OBJECT_NAME"[VARCHAR2,4000], "OBJECT_ID"[VARCHAR2,400], "DD_OBJECT_TYPE"[VARCHAR2,400]
  42 - "MS_GRC_COMPLIANCE_OBJE".ROWID[ROWID,10], "OBJECT_ID"[VARCHAR2,400]
  43 - "DD_OBJECT_TYPE"[VARCHAR2,400], "OBJECT_ID"[VARCHAR2,400], "OBJECT_NAME"[VARCHAR2,4000]
  44 - "MS_GRC_CORE_OBJECT".ROWID[ROWID,10], "OBJECT_ID"[VARCHAR2,400]
										</code></pre>
								</section>
						</div>
					</div>

				<!-- Sidebar -->
				<div id="sidebar">
					<div class="inner">
						<!-- Menu -->
						<nav id="menu">
							<header class="major">
								<h2>Menu</h2>
							</header>
							<ul>
								<li><a href="index.html">Summary</a></li>
								<li>
									<span class="opener">DB Analysis</span>
									<ul>
										<li><a href="union.html">Bad SQL</a></li>
										<li><a href="poor-sql.html">Poor SQL Plan</a></li>
										<li><a href="invalid-sql.html">Invalid SQL</a></li>
										<li><a href="full-sql.html">Full SQL Report</a></li>
										<li><a href="db-primary-unique-key.html">Primary/Unique Key Miss</a></li>
										<li><a href="invalid-db-object.html">Invalid DB Objects</a></li>
									</ul>
								</li>
								<li>
									<span class="opener">Infolets</span>
									<ul>
										<li><a href="keep-history-infolets.html">Keep History Infolets</a></li>
									</ul>
								</li>
								<li>
									<span class="opener">Pushforms</span>
									<ul>
										<li><a href="pushform-denormalize.html">Pushform Denormalized</a></li>
									</ul>
								</li>
							</ul>
						</nav>

						<!-- Section -->
						<section>
							<header class="major">
								<h2>Get in touch</h2>
							</header>
							<p>You need more details on the report or want more functionality, don't hesitate to reach out to us.</p>
							<ul class="contact">
								<li class="fa-envelope-o"><a href="mailto:rnd@metricstream.com?Subject=Reg - Static Code Analysis Tool" target="_top">rnd@metricstream.com</a></li>
							</ul>
						</section>

						<!-- Footer -->
						<footer id="footer">
							<p class="copyright">&copy; <a href="http://www.metricstream.com" target="_blank">MetricStream</a>. All rights reserved. </p>
						</footer>
					</div>
				</div>
			</div>

		<!-- Scripts -->
			<script src="../lib/assets/js/jquery.min.js"></script>
			<script src="../lib/assets/js/skel.min.js"></script>
			<script src="../lib/assets/js/util.js"></script>
			<!--[if lte IE 8]><script src="../lib/assets/js/ie/respond.min.js"></script><![endif]-->
			<script src="../lib/assets/js/main.js"></script>
	</body>
</html>