<!DOCTYPE HTML>
<html>
	<head>
		<title>Code Analysis - MetricStream</title>
		<meta charset="utf-8" />
		<meta name="viewport" content="width=device-width, initial-scale=1, user-scalable=no" />
		<!--[if lte IE 8]><script src="assets/js/ie/html5shiv.js"></script><![endif]-->
		<link rel="stylesheet" href="../lib/assets/css/main.css" />
		<!--[if lte IE 9]><link rel="stylesheet" href="../lib/assets/css/ie9.css" /><![endif]-->
		<!--[if lte IE 8]><link rel="stylesheet" href="../lib/assets/css/ie8.css" /><![endif]-->
	</head>
	<body>

		<!-- Wrapper -->
			<div id="wrapper">

				<!-- Main -->
					<div id="main">
						<div class="inner">
							<!-- Header -->
								<header id="header">
									<a href="index.html" class="logo"><strong>Static Code Analysis Report</strong> by Code Analyzer Tool</a>
								</header>

							<!-- Content -->
								<section>
									<!-- Content -->
										<header class="major"><h2>Infolet Details</h2></header>
										<div class="table-wrapper">
											<table>
												<tbody>
													<tr>
														<td>Name</td>
														<td>MS_GRC_Product_Rpt_Infolet (101109)</td>
													</tr>
													<tr>
														<td>SQL</td>
														<td><pre><code>SELECT object_id,
  object_name,
  edit,
  object_level,
  object_parent,
  PRODUCT_CATEGORY_AGG,
  PRODUCT_TYPE_AGG,
  SALES_CHANNEL_AGG,
  OBJ_LOCATION,
  obj_status,
  CREATED_DATE,
  created_by,
  UPDATED_DATE,
  UPDATED_BY,
  valid_from,
  valid_until,
  description,
  OBJ_OWN_ORG_NAME_AGG,
  OBJ_OWNER_NAME_AGG,
  level_1_approver,
  level_2_approver,
  REL_AOC_OBJ_NAME_AGG,
  REL_ASSET_OBJ_NAME_AGG,
  REL_CTRL_OBJ_NAME_AGG,
  REL_OBJECTIVE_OBJ_NAME_AGG,
  REL_ORGANIZATION_NAMES,
  REL_PROCESS_OBJ_NAME_AGG,
  REL_PRODUCT_NAME_AGG,
  REL_REFRENCES_OBJ_NAME_AGG,
  REL_RISK_OBJ_NAME_AGG
FROM MS_GRC_PRODUCT_DENORM_RV
WHERE LOCALE =
  (SELECT LOCALE FROM si_users_t WHERE USER_NAME = :33
  )
AND NVL(is_orphan, 1)=NVL(:4,NVL(is_orphan,1))
AND EXISTS
  (SELECT COLUMN_VALUE
  FROM TABLE(CAST(ms_grc_rep_browser_fil_denorm.fn_product_rpt_filters(:1,:2,:3,:5,:6,:7,:8,:9,:10,:11,:12,:13,:14,:15,:16,:17,:18,:19,:20,:21,:22,:23,:24,:25,:27,NULL,NULL,:26,NULL,NULL,NULL,NULL,:28,NULL,:29,:30,NULL,NULL,:31,:32,NULL,'MS_GRC_PRODUCT',:33) AS ms_varchar2_array))
  WHERE column_value = OBJECT_ID
  )ORDER BY upper(OBJECT_NAME)</code></pre></td>
													</tr>
													<tr>
														<td>Description</td>
														<td> New product report infolet </td>
													</tr>
												</tbody>
											</table>
										</div>

										<h2 align="center" id="content">Analysis Report</h2>
										<hr>
 										<header class="major"><h2>Plan hash value: 3028135608</h2></header>
										<pre><code>
 
------------------------------------------------------------------------------------------------------------------
| Id  | Operation                           | Name                       | Rows  | Bytes | Cost (%CPU)| Time     |
------------------------------------------------------------------------------------------------------------------
|   0 | SELECT STATEMENT                    |                            |     1 | 43507 |    33   (7)| 00:00:01 |
|   1 |  TABLE ACCESS BY INDEX ROWID        | SI_USERS_T                 |     1 |    32 |     2   (0)| 00:00:01 |
<font style="background-color: lightblue; color: red">|*  2 |   INDEX SKIP SCAN                   | SI_USERS_T_N2              |     1 |       |     1   (0)| 00:00:01 |</font>
|   3 |  TABLE ACCESS BY INDEX ROWID        | SI_USERS_T                 |     1 |    32 |     2   (0)| 00:00:01 |
<font style="background-color: lightblue; color: red">|*  4 |   INDEX SKIP SCAN                   | SI_USERS_T_N2              |     1 |       |     1   (0)| 00:00:01 |</font>
|   5 |  TABLE ACCESS BY INDEX ROWID        | SI_USERS_T                 |     1 |    32 |     2   (0)| 00:00:01 |
<font style="background-color: lightblue; color: red">|*  6 |   INDEX SKIP SCAN                   | SI_USERS_T_N2              |     1 |       |     1   (0)| 00:00:01 |</font>
|   7 |  TABLE ACCESS BY INDEX ROWID        | SI_USERS_T                 |     1 |    32 |     2   (0)| 00:00:01 |
<font style="background-color: lightblue; color: red">|*  8 |   INDEX SKIP SCAN                   | SI_USERS_T_N2              |     1 |       |     1   (0)| 00:00:01 |</font>
|   9 |  SORT ORDER BY                      |                            |     1 | 43507 |    33   (7)| 00:00:01 |
|* 10 |   HASH JOIN SEMI                    |                            |     1 | 43507 |    30   (4)| 00:00:01 |
|  11 |    NESTED LOOPS                     |                            |     1 | 43505 |     0   (0)| 00:00:01 |
|* 12 |     INDEX FULL SCAN                 | MS_GRC_PRODUCT_SUMMARY_PK  |     1 | 31089 |     0   (0)| 00:00:01 |
|* 13 |     TABLE ACCESS BY INDEX ROWID     | MS_GRC_PRODUCT_MLS_SUMMARY |     1 | 12416 |     0   (0)| 00:00:01 |
|* 14 |      INDEX RANGE SCAN               | MS_GRC_PROD_MLS_IDX1       |     1 |       |     0   (0)| 00:00:01 |
|  15 |      TABLE ACCESS BY INDEX ROWID    | SI_USERS_T                 |     1 |    20 |     2   (0)| 00:00:01 |
<font style="background-color: lightblue; color: red">|* 16 |       INDEX SKIP SCAN               | SI_USERS_T_N2              |     1 |       |     1   (0)| 00:00:01 |</font>
<font style="background-color: lightblue; color: red">|  17 |    COLLECTION ITERATOR PICKLER FETCH| FN_PRODUCT_RPT_FILTERS     |  8168 | 16336 |    29   (0)| 00:00:01 |</font>
------------------------------------------------------------------------------------------------------------------
 
										</code></pre>
 										<header class="major"><h2>Query Block Name / Object Alias (identified by operation id):</h2></header>
										<pre><code>
-------------------------------------------------------------
 
   1 - SEL$3        / USR@SEL$3
   2 - SEL$3        / USR@SEL$3
   3 - SEL$4        / USR@SEL$4
   4 - SEL$4        / USR@SEL$4
   5 - SEL$5        / USR@SEL$5
   6 - SEL$5        / USR@SEL$5
   7 - SEL$6        / USR@SEL$6
   8 - SEL$6        / USR@SEL$6
   9 - SEL$8C246A20
  12 - SEL$8C246A20 / PRDSUMM@SEL$2
  13 - SEL$8C246A20 / MLSSUMM@SEL$2
  14 - SEL$8C246A20 / MLSSUMM@SEL$2
  15 - SEL$7        / SI_USERS_T@SEL$7
  16 - SEL$7        / SI_USERS_T@SEL$7
  17 - SEL$8C246A20 / KOKBF$0@SEL$9
 
										</code></pre>
 										<header class="major"><h2>Predicate Information (identified by operation id):</h2></header>
										<pre><code>
---------------------------------------------------
 
   2 - access("USR"."USER_NAME"=:B1)
       filter("USR"."USER_NAME"=:B1)
   4 - access("USR"."USER_NAME"=:B1)
       filter("USR"."USER_NAME"=:B1)
   6 - access("USR"."USER_NAME"=:B1)
       filter("USR"."USER_NAME"=:B1)
   8 - access("USR"."USER_NAME"=:B1)
       filter("USR"."USER_NAME"=:B1)
  10 - access("PRDSUMM"."OBJECT_ID"=VALUE(KOKBF$))
  12 - filter(NVL("PRDSUMM"."IS_ORPHAN",1)=NVL(:4,NVL("PRDSUMM"."IS_ORPHAN",1)))
  13 - filter("MLSSUMM"."LOCALE"= (SELECT "LOCALE" FROM "SI_USERS_T" "SI_USERS_T" WHERE "USER_NAME"=:33))
  14 - access("PRDSUMM"."OBJECT_ID"="MLSSUMM"."OBJECT_ID")
  16 - access("USER_NAME"=:33)
       filter("USER_NAME"=:33)
 
										</code></pre>
 										<header class="major"><h2>Column Projection Information (identified by operation id):</h2></header>
										<pre><code>
-----------------------------------------------------------
 
   1 - "USR".ROWID[ROWID,10], "USR"."LAST_NAME"[VARCHAR2,400], "USR"."FIRST_NAME"[VARCHAR2,400]
   2 - "USR".ROWID[ROWID,10]
   3 - "USR".ROWID[ROWID,10], "USR"."LAST_NAME"[VARCHAR2,400], "USR"."FIRST_NAME"[VARCHAR2,400]
   4 - "USR".ROWID[ROWID,10]
   5 - "USR".ROWID[ROWID,10], "USR"."LAST_NAME"[VARCHAR2,400], "USR"."FIRST_NAME"[VARCHAR2,400]
   6 - "USR".ROWID[ROWID,10]
   7 - "USR".ROWID[ROWID,10], "USR"."LAST_NAME"[VARCHAR2,400], "USR"."FIRST_NAME"[VARCHAR2,400]
   8 - "USR".ROWID[ROWID,10]
   9 - (#keys=1) UPPER("PRDSUMM"."OBJECT_NAME")[4000], "PRDSUMM"."OBJECT_ID"[VARCHAR2,400], 
       "PRDSUMM"."OBJECT_NAME"[VARCHAR2,4000], "PRDSUMM"."OBJECT_NAME_URL"[VARCHAR2,4000], 
       "MLSSUMM"."OBJECT_LEVEL"[VARCHAR2,4000], "PRDSUMM"."OBJECT_PARENT_NAME"[VARCHAR2,4000], 
       "MLSSUMM"."PRODUCT_CATEGORY_AGG"[VARCHAR2,4000], "MLSSUMM"."PRODUCT_TYPE_AGG"[VARCHAR2,4000], 
       "MLSSUMM"."SALES_CHANNEL_AGG"[VARCHAR2,4000], "MLSSUMM"."LOCATIONS_AGG"[4000], 
       "MLSSUMM"."OBJ_STATUS"[VARCHAR2,4000], "PRDSUMM"."CREATED_DATE"[DATE,7],  (SELECT "USR"."FIRST_NAME"||' 
       '||"USR"."LAST_NAME" FROM MAZARS_DEV."SI_USERS_T" "USR" WHERE "USR"."USER_NAME"=:B1)[801], 
       "PRDSUMM"."UPDATED_DATE"[DATE,7],  (SELECT "USR"."FIRST_NAME"||' '||"USR"."LAST_NAME" FROM 
       MAZARS_DEV."SI_USERS_T" "USR" WHERE "USR"."USER_NAME"=:B2)[801], "PRDSUMM"."VALID_FROM"[DATE,7], 
       "PRDSUMM"."VALID_UNTIL"[DATE,7], "PRDSUMM"."DESCRIPTION"[4000], "PRDSUMM"."OWNER_ORG_NAMES"[4000], 
       "PRDSUMM"."OWNER_NAME"[4000],  (SELECT "USR"."FIRST_NAME"||' '||"USR"."LAST_NAME" FROM 
       MAZARS_DEV."SI_USERS_T" "USR" WHERE "USR"."USER_NAME"=:B3)[801],  (SELECT "USR"."FIRST_NAME"||' 
       '||"USR"."LAST_NAME" FROM MAZARS_DEV."SI_USERS_T" "USR" WHERE "USR"."USER_NAME"=:B4)[801], 
       "PRDSUMM"."REL_AOC_OBJ_NAME_AGG"[4000], "PRDSUMM"."REL_ASSET_OBJ_NAME_AGG"[4000], 
       "PRDSUMM"."REL_CTRL_OBJ_NAME_AGG"[4000], "PRDSUMM"."REL_OBJECTIVE_OBJ_NAME_AGG"[4000], 
       "PRDSUMM"."REL_ORGANIZATION_NAMES"[4000], "PRDSUMM"."REL_PROCESS_OBJ_NAME_AGG"[4000], 
       "PRDSUMM"."REL_PRODUCT_NAME_AGG"[4000], "PRDSUMM"."REL_REFRENCES_OBJ_NAME_AGG"[4000], 
       "PRDSUMM"."REL_RISK_OBJ_NAME_AGG"[4000]
  10 - (#keys=1) "PRDSUMM"."OBJECT_ID"[VARCHAR2,400], "PRDSUMM"."REL_CTRL_OBJ_NAME_AGG"[LOB,4000], 
       "PRDSUMM"."REL_OBJECTIVE_OBJ_NAME_AGG"[LOB,4000], "PRDSUMM"."REL_ORGANIZATION_NAMES"[LOB,4000], 
       "PRDSUMM"."REL_PROCESS_OBJ_NAME_AGG"[LOB,4000], "PRDSUMM"."REL_PRODUCT_NAME_AGG"[LOB,4000], 
       "PRDSUMM"."REL_REFRENCES_OBJ_NAME_AGG"[LOB,4000], "PRDSUMM"."REL_RISK_OBJ_NAME_AGG"[LOB,4000], 
       "PRDSUMM"."OBJECT_PARENT_NAME"[VARCHAR2,4000], "MLSSUMM"."LOCATIONS_AGG"[LOB,4000], 
       "PRDSUMM"."OBJECT_NAME"[VARCHAR2,4000], "PRDSUMM"."LEVEL_1_APPROVER"[VARCHAR2,400], 
       "PRDSUMM"."LEVEL_2_APPROVER"[VARCHAR2,400], "PRDSUMM"."VALID_UNTIL"[DATE,7], 
       "PRDSUMM"."VALID_FROM"[DATE,7], "PRDSUMM"."DESCRIPTION"[LOB,4000], 
       "PRDSUMM"."OBJECT_NAME_URL"[VARCHAR2,4000], "PRDSUMM"."OWNER_ORG_NAMES"[LOB,4000], 
       "PRDSUMM"."OWNER_NAME"[LOB,4000], "PRDSUMM"."CREATED_DATE"[DATE,7], "PRDSUMM"."CREATED_BY"[VARCHAR2,400], 
       "PRDSUMM"."UPDATED_DATE"[DATE,7], "PRDSUMM"."UPDATED_BY"[VARCHAR2,400], 
       "PRDSUMM"."REL_AOC_OBJ_NAME_AGG"[LOB,4000], "PRDSUMM"."REL_ASSET_OBJ_NAME_AGG"[LOB,4000], 
       "MLSSUMM"."OBJECT_LEVEL"[VARCHAR2,4000], "MLSSUMM"."OBJ_STATUS"[VARCHAR2,4000], 
       "MLSSUMM"."PRODUCT_CATEGORY_AGG"[VARCHAR2,4000], "MLSSUMM"."PRODUCT_TYPE_AGG"[VARCHAR2,4000], 
       "MLSSUMM"."SALES_CHANNEL_AGG"[VARCHAR2,4000]
  11 - (#keys=0) "PRDSUMM".ROWID[ROWID,3034], "UPPER_OBJECT_NAME"[VARCHAR2,3000], 
       "PRODUCT_SUMM_ID"[NUMBER,22], "PRDSUMM"."REL_CTRL_OBJ_NAME_AGG"[LOB,4000], 
       "PRDSUMM"."REL_OBJECTIVE_OBJ_NAME_AGG"[LOB,4000], "PRDSUMM"."REL_ORGANIZATION_NAMES"[LOB,4000], 
       "PRDSUMM"."REL_PROCESS_OBJ_NAME_AGG"[LOB,4000], "PRDSUMM"."REL_PRODUCT_NAME_AGG"[LOB,4000], 
       "PRDSUMM"."REL_REFRENCES_OBJ_NAME_AGG"[LOB,4000], "PRDSUMM"."REL_RISK_OBJ_NAME_AGG"[LOB,4000], 
       "PRDSUMM"."OBJECT_PARENT_NAME"[VARCHAR2,4000], "PRDSUMM"."IS_ORPHAN"[NUMBER,22], 
       "PRDSUMM"."OBJECT_ID"[VARCHAR2,400], "PRDSUMM"."OBJECT_NAME"[VARCHAR2,4000], 
       "PRDSUMM"."LEVEL_1_APPROVER"[VARCHAR2,400], "PRDSUMM"."LEVEL_2_APPROVER"[VARCHAR2,400], 
       "PRDSUMM"."VALID_UNTIL"[DATE,7], "PRDSUMM"."VALID_FROM"[DATE,7], "PRDSUMM"."DESCRIPTION"[LOB,4000], 
       "PRDSUMM"."OBJECT_NAME_URL"[VARCHAR2,4000], "PRDSUMM"."OWNER_ORG_NAMES"[LOB,4000], 
       "PRDSUMM"."OWNER_NAME"[LOB,4000], "PRDSUMM"."CREATED_DATE"[DATE,7], "PRDSUMM"."CREATED_BY"[VARCHAR2,400], 
       "PRDSUMM"."UPDATED_DATE"[DATE,7], "PRDSUMM"."UPDATED_BY"[VARCHAR2,400], 
       "PRDSUMM"."REL_AOC_OBJ_NAME_AGG"[LOB,4000], "PRDSUMM"."REL_ASSET_OBJ_NAME_AGG"[LOB,4000], 
       "MLSSUMM".ROWID[ROWID,10], "MLSSUMM"."OBJECT_ID"[VARCHAR2,400], "MLSSUMM"."LOCALE"[VARCHAR2,400], 
       "MLSSUMM"."OBJECT_LEVEL"[VARCHAR2,4000], "MLSSUMM"."OBJ_STATUS"[VARCHAR2,4000], 
       "MLSSUMM"."PRODUCT_CATEGORY_AGG"[VARCHAR2,4000], "MLSSUMM"."PRODUCT_TYPE_AGG"[VARCHAR2,4000], 
       "MLSSUMM"."SALES_CHANNEL_AGG"[VARCHAR2,4000], "MLSSUMM"."LOCATIONS_AGG"[LOB,4000]
  12 - "PRDSUMM".ROWID[ROWID,3034], "UPPER_OBJECT_NAME"[VARCHAR2,3000], "PRODUCT_SUMM_ID"[NUMBER,22], 
       "PRDSUMM"."REL_CTRL_OBJ_NAME_AGG"[LOB,4000], "PRDSUMM"."REL_OBJECTIVE_OBJ_NAME_AGG"[LOB,4000], 
       "PRDSUMM"."REL_ORGANIZATION_NAMES"[LOB,4000], "PRDSUMM"."REL_PROCESS_OBJ_NAME_AGG"[LOB,4000], 
       "PRDSUMM"."REL_PRODUCT_NAME_AGG"[LOB,4000], "PRDSUMM"."REL_REFRENCES_OBJ_NAME_AGG"[LOB,4000], 
       "PRDSUMM"."REL_RISK_OBJ_NAME_AGG"[LOB,4000], "PRDSUMM"."OBJECT_PARENT_NAME"[VARCHAR2,4000], 
       "PRDSUMM"."IS_ORPHAN"[NUMBER,22], "PRDSUMM"."OBJECT_ID"[VARCHAR2,400], 
       "PRDSUMM"."OBJECT_NAME"[VARCHAR2,4000], "PRDSUMM"."LEVEL_1_APPROVER"[VARCHAR2,400], 
       "PRDSUMM"."LEVEL_2_APPROVER"[VARCHAR2,400], "PRDSUMM"."VALID_UNTIL"[DATE,7], 
       "PRDSUMM"."VALID_FROM"[DATE,7], "PRDSUMM"."DESCRIPTION"[LOB,4000], 
       "PRDSUMM"."OBJECT_NAME_URL"[VARCHAR2,4000], "PRDSUMM"."OWNER_ORG_NAMES"[LOB,4000], 
       "PRDSUMM"."OWNER_NAME"[LOB,4000], "PRDSUMM"."CREATED_DATE"[DATE,7], "PRDSUMM"."CREATED_BY"[VARCHAR2,400], 
       "PRDSUMM"."UPDATED_DATE"[DATE,7], "PRDSUMM"."UPDATED_BY"[VARCHAR2,400], 
       "PRDSUMM"."REL_AOC_OBJ_NAME_AGG"[LOB,4000], "PRDSUMM"."REL_ASSET_OBJ_NAME_AGG"[LOB,4000]
  13 - "MLSSUMM".ROWID[ROWID,10], "MLSSUMM"."OBJECT_ID"[VARCHAR2,400], "MLSSUMM"."LOCALE"[VARCHAR2,400], 
       "MLSSUMM"."OBJECT_LEVEL"[VARCHAR2,4000], "MLSSUMM"."OBJ_STATUS"[VARCHAR2,4000], 
       "MLSSUMM"."PRODUCT_CATEGORY_AGG"[VARCHAR2,4000], "MLSSUMM"."PRODUCT_TYPE_AGG"[VARCHAR2,4000], 
       "MLSSUMM"."SALES_CHANNEL_AGG"[VARCHAR2,4000], "MLSSUMM"."LOCATIONS_AGG"[LOB,4000]
  14 - "MLSSUMM".ROWID[ROWID,10], "MLSSUMM"."OBJECT_ID"[VARCHAR2,400]
  15 - "SI_USERS_T".ROWID[ROWID,10], "USER_NAME"[VARCHAR2,320], "LOCALE"[VARCHAR2,400]
  16 - "SI_USERS_T".ROWID[ROWID,10], "USER_NAME"[VARCHAR2,320]
  17 - VALUE(A0)[8000]
										</code></pre>
								</section>
						</div>
					</div>

				<!-- Sidebar -->
				<div id="sidebar">
					<div class="inner">
						<!-- Menu -->
						<nav id="menu">
							<header class="major">
								<h2>Menu</h2>
							</header>
							<ul>
								<li><a href="index.html">Summary</a></li>
								<li>
									<span class="opener">DB Analysis</span>
									<ul>
										<li><a href="union.html">Bad SQL</a></li>
										<li><a href="poor-sql.html">Poor SQL Plan</a></li>
										<li><a href="invalid-sql.html">Invalid SQL</a></li>
										<li><a href="full-sql.html">Full SQL Report</a></li>
										<li><a href="db-primary-unique-key.html">Primary/Unique Key Miss</a></li>
										<li><a href="invalid-db-object.html">Invalid DB Objects</a></li>
									</ul>
								</li>
								<li>
									<span class="opener">Infolets</span>
									<ul>
										<li><a href="keep-history-infolets.html">Keep History Infolets</a></li>
									</ul>
								</li>
								<li>
									<span class="opener">Pushforms</span>
									<ul>
										<li><a href="pushform-denormalize.html">Pushform Denormalized</a></li>
									</ul>
								</li>
							</ul>
						</nav>

						<!-- Section -->
						<section>
							<header class="major">
								<h2>Get in touch</h2>
							</header>
							<p>You need more details on the report or want more functionality, don't hesitate to reach out to us.</p>
							<ul class="contact">
								<li class="fa-envelope-o"><a href="mailto:rnd@metricstream.com?Subject=Reg - Static Code Analysis Tool" target="_top">rnd@metricstream.com</a></li>
							</ul>
						</section>

						<!-- Footer -->
						<footer id="footer">
							<p class="copyright">&copy; <a href="http://www.metricstream.com" target="_blank">MetricStream</a>. All rights reserved. </p>
						</footer>
					</div>
				</div>
			</div>

		<!-- Scripts -->
			<script src="../lib/assets/js/jquery.min.js"></script>
			<script src="../lib/assets/js/skel.min.js"></script>
			<script src="../lib/assets/js/util.js"></script>
			<!--[if lte IE 8]><script src="../lib/assets/js/ie/respond.min.js"></script><![endif]-->
			<script src="../lib/assets/js/main.js"></script>
	</body>
</html>