<!DOCTYPE HTML>
<html>
	<head>
		<title>Code Analysis - MetricStream</title>
		<meta charset="utf-8" />
		<meta name="viewport" content="width=device-width, initial-scale=1, user-scalable=no" />
		<!--[if lte IE 8]><script src="assets/js/ie/html5shiv.js"></script><![endif]-->
		<link rel="stylesheet" href="../lib/assets/css/main.css" />
		<!--[if lte IE 9]><link rel="stylesheet" href="../lib/assets/css/ie9.css" /><![endif]-->
		<!--[if lte IE 8]><link rel="stylesheet" href="../lib/assets/css/ie8.css" /><![endif]-->
	</head>
	<body>

		<!-- Wrapper -->
			<div id="wrapper">

				<!-- Main -->
					<div id="main">
						<div class="inner">
							<!-- Header -->
								<header id="header">
									<a href="index.html" class="logo"><strong>Static Code Analysis Report</strong> by Code Analyzer Tool</a>
								</header>

							<!-- Content -->
								<section>
									<!-- Content -->
										<header class="major"><h2>Infolet Details</h2></header>
										<div class="table-wrapper">
											<table>
												<tbody>
													<tr>
														<td>Name</td>
														<td>MS_GRC_APP_MYTASK_RPT_INF (101117)</td>
													</tr>
													<tr>
														<td>SQL</td>
														<td><pre><code>SELECT B.ASSIGNMENT_ID                                                                                     AS ASSIGNMENT_ID,
  C.CATEGORY_NAME                                                                                          AS CATEGORY_ID,
  ms_grc_apps_get_edit_url(B.INFOLET_ID,B.PROCESS_INSTANCE_ID,B.USER_ID,'Y', B.DUE_DATE,B.ASSIGNMENT_TEXT) AS ASSIGNMENT_TEXT,
  D.METRIC_NAME                                                                                            AS METRIC_NAME,
  B.CREATION_DATE                                                                                          AS CREATION_DATE,
  B.DUE_DATE                                                                                               AS DUE_DATE
FROM SI_METRICS_T A
INNER JOIN SI_EVENT_ASSIGNMENTS B
ON A.METRIC_ID =B.INFOLET_ID
AND STATUS IN (4,5,8,1,9,10)
LEFT JOIN MS_GRC_APP_MYTASK_FORM_MAP D
ON A.FORM_NAME =D.METRIC_NAME
LEFT JOIN MS_GRC_APP_MYTASK_CTGRY C
ON C.CATEGORY_NAME=D.CATEGORY_NAME
INNER JOIN SI_USERS_T F
ON F.USER_NAME =:1
AND F.USER_ID  =B.USER_ID
LEFT JOIN SI_LOCALES G
ON F.LOCALE =G.LOCALE_STRING
LEFT JOIN MS_GRC_APP_MYTASK_MLS E
ON C.CATEGORY_NAME                                                               =E.CATEGORY_NAME
AND G.LOCALE_ID                                                                  =E.LOCAL_ID
WHERE ( INSTR(:2,E.CATEGORY_MLS_NAME,1,1)                                        >0
OR ( INSTR(:2,'Overdue',1,1)                                                     >0
AND  (TRUNC(DUE_DATE) - SYSDATE) <=-1
 and status!=8
)
OR ( INSTR(:2,'All',1,1)                                                         >0 )
OR ( INSTR(:2,'Others',1,1)                                                      >0
AND E.CATEGORY_MLS_NAME                                                         IS NULL)
OR ( INSTR(:2, 'New Tasks',1,1)                                                  >0
AND (TO_NUMBER(TO_CHAR(SYSDATE, 'J'))- TO_NUMBER(TO_CHAR(B.CREATION_DATE,'J'))) <=3
AND (TO_NUMBER(TO_CHAR(SYSDATE, 'J'))- TO_NUMBER(TO_CHAR(B.CREATION_DATE,'J'))) >=0) )
ORDER BY B.DUE_DATE DESC NULLS LAST</code></pre></td>
													</tr>
													<tr>
														<td>Description</td>
														<td> Infolet to get data for Task Details based on logged in user </td>
													</tr>
												</tbody>
											</table>
										</div>

										<h2 align="center" id="content">Analysis Report</h2>
										<hr>
 										<header class="major"><h2>Plan hash value: 2859226447</h2></header>
										<pre><code>
 
--------------------------------------------------------------------------------------------------------------------------
| Id  | Operation                           | Name                       | Rows  | Bytes |TempSpc| Cost (%CPU)| Time     |
--------------------------------------------------------------------------------------------------------------------------
|   0 | SELECT STATEMENT                    |                            |   858 |   715K|       |   349   (2)| 00:00:05 |
|   1 |  SORT ORDER BY                      |                            |   858 |   715K|   776K|   349   (2)| 00:00:05 |
|*  2 |   FILTER                            |                            |       |       |       |            |          |
|*  3 |    HASH JOIN RIGHT OUTER            |                            |   858 |   715K|       |   192   (3)| 00:00:03 |
<font style="background-color: lightblue; color: red">|   4 |     TABLE ACCESS FULL               | MS_GRC_APP_MYTASK_MLS      |    27 |  1188 |       |     3   (0)| 00:00:01 |</font>
|   5 |     VIEW                            |                            |   858 |   678K|       |   188   (2)| 00:00:03 |
|*  6 |      HASH JOIN RIGHT OUTER          |                            |   858 |  1007K|       |   188   (2)| 00:00:03 |
<font style="background-color: lightblue; color: red">|   7 |       TABLE ACCESS FULL             | SI_LOCALES                 |    35 |   385 |       |     3   (0)| 00:00:01 |</font>
|   8 |       VIEW                          |                            |   858 |   997K|       |   185   (2)| 00:00:03 |
|*  9 |        HASH JOIN RIGHT OUTER        |                            |   858 |   865K|       |   185   (2)| 00:00:03 |
<font style="background-color: lightblue; color: red">|  10 |         TABLE ACCESS FULL           | MS_GRC_APP_MYTASK_CTGRY    |    27 |   513 |       |     3   (0)| 00:00:01 |</font>
|* 11 |         HASH JOIN                   |                            |   858 |   849K|       |   181   (2)| 00:00:03 |
|  12 |          TABLE ACCESS BY INDEX ROWID| SI_USERS_T                 |     1 |    25 |       |     2   (0)| 00:00:01 |
<font style="background-color: lightblue; color: red">|* 13 |           INDEX SKIP SCAN           | SI_USERS_T_N2              |     1 |       |       |     1   (0)| 00:00:01 |</font>
|  14 |          VIEW                       |                            |  9439 |  9116K|       |   179   (2)| 00:00:03 |
|* 15 |           HASH JOIN RIGHT OUTER     |                            |  9439 |  7143K|       |   179   (2)| 00:00:03 |
<font style="background-color: lightblue; color: red">|  16 |            TABLE ACCESS FULL        | MS_GRC_APP_MYTASK_FORM_MAP |    85 |  3230 |       |     3   (0)| 00:00:01 |</font>
|  17 |            VIEW                     |                            |  9439 |  6793K|       |   175   (1)| 00:00:03 |
|* 18 |             HASH JOIN               |                            |  9439 |   553K|       |   175   (1)| 00:00:03 |
<font style="background-color: lightblue; color: red">|  19 |              TABLE ACCESS FULL      | SI_METRICS_T               |  3090 | 24720 |       |   105   (0)| 00:00:02 |</font>
<font style="background-color: lightblue; color: red">|* 20 |              TABLE ACCESS FULL      | SI_EVENT_ASSIGNMENTS       |  9439 |   479K|       |    69   (0)| 00:00:01 |</font>
--------------------------------------------------------------------------------------------------------------------------
 
										</code></pre>
 										<header class="major"><h2>Query Block Name / Object Alias (identified by operation id):</h2></header>
										<pre><code>
-------------------------------------------------------------
 
   1 - SEL$425429CA
   4 - SEL$425429CA / E@SEL$9
   5 - SEL$FC56C448 / from$_subquery$_011@SEL$10
   6 - SEL$FC56C448
   7 - SEL$FC56C448 / G@SEL$7
   8 - SEL$025E71EF / from$_subquery$_009@SEL$8
   9 - SEL$025E71EF
  10 - SEL$025E71EF / C@SEL$4
  12 - SEL$025E71EF / F@SEL$6
  13 - SEL$025E71EF / F@SEL$6
  14 - SEL$64EAE176 / from$_subquery$_005@SEL$5
  15 - SEL$64EAE176
  16 - SEL$64EAE176 / D@SEL$2
  17 - SEL$1        / from$_subquery$_003@SEL$3
  18 - SEL$1       
  19 - SEL$1        / A@SEL$1
  20 - SEL$1        / B@SEL$1
 
										</code></pre>
 										<header class="major"><h2>Predicate Information (identified by operation id):</h2></header>
										<pre><code>
---------------------------------------------------
 
   2 - filter(INSTR(:2,"E"."CATEGORY_MLS_NAME",1,1)>0 OR INSTR(:2,'Overdue',1,1)>0 AND 
              TRUNC(INTERNAL_FUNCTION("from$_subquery$_011"."DUE_DATE"))-SYSDATE@!<=(-1) AND "from$_subquery$_011"."STATUS"<>8 
              OR INSTR(:2,'All',1,1)>0 OR INSTR(:2,'Others',1,1)>0 AND "E"."CATEGORY_MLS_NAME" IS NULL OR INSTR(:2,'New 
              Tasks',1,1)>0 AND TO_NUMBER(TO_CHAR(SYSDATE@!,'j'))-TO_NUMBER(TO_CHAR(INTERNAL_FUNCTION("from$_subquery$_011"."QCS
              J_C000000000300003"),'j'))<=3 AND TO_NUMBER(TO_CHAR(SYSDATE@!,'j'))-TO_NUMBER(TO_CHAR(INTERNAL_FUNCTION("from$_sub
              query$_011"."QCSJ_C000000000300003"),'j'))>=0)
   3 - access("G"."LOCALE_ID"="E"."LOCAL_ID"(+) AND "C"."CATEGORY_NAME"="E"."CATEGORY_NAME"(+))
   6 - access("F"."LOCALE"="G"."LOCALE_STRING"(+))
   9 - access("C"."CATEGORY_NAME"(+)="D"."CATEGORY_NAME")
  11 - access("F"."USER_ID"="from$_subquery$_005"."USER_ID")
  13 - access("F"."USER_NAME"=:1)
       filter("F"."USER_NAME"=:1)
  15 - access("A"."FORM_NAME"="D"."METRIC_NAME"(+))
  18 - access("A"."METRIC_ID"="B"."INFOLET_ID")
  20 - filter("STATUS"=1 OR "STATUS"=4 OR "STATUS"=5 OR "STATUS"=8 OR "STATUS"=9 OR "STATUS"=10)
 
										</code></pre>
 										<header class="major"><h2>Column Projection Information (identified by operation id):</h2></header>
										<pre><code>
-----------------------------------------------------------
 
   1 - (#keys=1) INTERNAL_FUNCTION("from$_subquery$_011"."DUE_DATE")[7], 
       "from$_subquery$_011"."ASSIGNMENT_ID"[NUMBER,22], "from$_subquery$_011"."QCSJ_C000000000700003"[VARCHAR2,400], 
       "MS_GRC_APPS_GET_EDIT_URL"(TO_CHAR("from$_subquery$_011"."INFOLET_ID"),"from$_subquery$_011"."PROCESS_INSTANCE_ID"
       ,TO_CHAR("from$_subquery$_011"."QCSJ_C000000000900000"),'Y',"from$_subquery$_011"."DUE_DATE","from$_subquery$_011"
       ."QCSJ_C000000000300001")[4000], "from$_subquery$_011"."QCSJ_C000000000500001"[VARCHAR2,400], 
       "from$_subquery$_011"."QCSJ_C000000000300003"[DATE,7]
   2 - "C"."CATEGORY_NAME"[VARCHAR2,400], "from$_subquery$_011"."QCSJ_C000000000900000"[NUMBER,22], 
       "from$_subquery$_011"."PROCESS_INSTANCE_ID"[NUMBER,22], "from$_subquery$_011"."INFOLET_ID"[NUMBER,22], 
       "from$_subquery$_011"."ASSIGNMENT_ID"[NUMBER,22], "from$_subquery$_011"."QCSJ_C000000000300001"[VARCHAR2,1000], 
       "from$_subquery$_011"."QCSJ_C000000000300003"[DATE,7], "from$_subquery$_011"."DUE_DATE"[DATE,7], 
       "from$_subquery$_011"."QCSJ_C000000000500001"[VARCHAR2,400]
   3 - (#keys=2) "C"."CATEGORY_NAME"[VARCHAR2,400], "E"."CATEGORY_MLS_NAME"[VARCHAR2,400], 
       "from$_subquery$_011"."QCSJ_C000000000900000"[NUMBER,22], "from$_subquery$_011"."PROCESS_INSTANCE_ID"[NUMBER,22], 
       "from$_subquery$_011"."INFOLET_ID"[NUMBER,22], "from$_subquery$_011"."ASSIGNMENT_ID"[NUMBER,22], 
       "from$_subquery$_011"."STATUS"[NUMBER,22], "from$_subquery$_011"."QCSJ_C000000000300001"[VARCHAR2,1000], 
       "from$_subquery$_011"."QCSJ_C000000000300003"[DATE,7], "from$_subquery$_011"."DUE_DATE"[DATE,7], 
       "from$_subquery$_011"."QCSJ_C000000000500001"[VARCHAR2,400]
   4 - "E"."CATEGORY_NAME"[VARCHAR2,400], "E"."LOCAL_ID"[NUMBER,22], "E"."CATEGORY_MLS_NAME"[VARCHAR2,400]
   5 - "from$_subquery$_011"."QCSJ_C000000000900000"[NUMBER,22], 
       "from$_subquery$_011"."PROCESS_INSTANCE_ID"[NUMBER,22], "from$_subquery$_011"."INFOLET_ID"[NUMBER,22], 
       "from$_subquery$_011"."ASSIGNMENT_ID"[NUMBER,22], "from$_subquery$_011"."STATUS"[NUMBER,22], 
       "from$_subquery$_011"."QCSJ_C000000000300001"[VARCHAR2,1000], 
       "from$_subquery$_011"."QCSJ_C000000000300003"[DATE,7], "from$_subquery$_011"."DUE_DATE"[DATE,7], 
       "from$_subquery$_011"."QCSJ_C000000000500001"[VARCHAR2,400], "C"."CATEGORY_NAME"[VARCHAR2,400], 
       "G"."LOCALE_ID"[NUMBER,22]
   6 - (#keys=1) "G"."LOCALE_ID"[NUMBER,22], "from$_subquery$_009"."QCSJ_C000000000900000"[NUMBER,22], 
       "from$_subquery$_009"."PROCESS_INSTANCE_ID"[NUMBER,22], "from$_subquery$_009"."INFOLET_ID"[NUMBER,22], 
       "from$_subquery$_009"."ASSIGNMENT_ID"[NUMBER,22], "from$_subquery$_009"."STATUS"[NUMBER,22], 
       "from$_subquery$_009"."QCSJ_C000000000300001"[VARCHAR2,1000], 
       "from$_subquery$_009"."QCSJ_C000000000300003"[DATE,7], "from$_subquery$_009"."DUE_DATE"[DATE,7], 
       "from$_subquery$_009"."QCSJ_C000000000500001"[VARCHAR2,400], 
       "from$_subquery$_009"."QCSJ_C000000000700003"[VARCHAR2,400]
   7 - "G"."LOCALE_ID"[NUMBER,22], "G"."LOCALE_STRING"[VARCHAR2,100]
   8 - "from$_subquery$_009"."QCSJ_C000000000900000"[NUMBER,22], 
       "from$_subquery$_009"."PROCESS_INSTANCE_ID"[NUMBER,22], "from$_subquery$_009"."INFOLET_ID"[NUMBER,22], 
       "from$_subquery$_009"."ASSIGNMENT_ID"[NUMBER,22], "from$_subquery$_009"."STATUS"[NUMBER,22], 
       "from$_subquery$_009"."QCSJ_C000000000300001"[VARCHAR2,1000], 
       "from$_subquery$_009"."QCSJ_C000000000300003"[DATE,7], "from$_subquery$_009"."DUE_DATE"[DATE,7], 
       "from$_subquery$_009"."QCSJ_C000000000500001"[VARCHAR2,400], 
       "from$_subquery$_009"."QCSJ_C000000000700003"[VARCHAR2,400], "F"."LOCALE"[VARCHAR2,400]
   9 - (#keys=1) "C"."CATEGORY_NAME"[VARCHAR2,400], "from$_subquery$_005"."USER_ID"[NUMBER,22], 
       "F"."LOCALE"[VARCHAR2,400], "from$_subquery$_005"."QCSJ_C000000000500001"[VARCHAR2,400], 
       "from$_subquery$_005"."PROCESS_INSTANCE_ID"[NUMBER,22], "from$_subquery$_005"."INFOLET_ID"[NUMBER,22], 
       "from$_subquery$_005"."ASSIGNMENT_ID"[NUMBER,22], "from$_subquery$_005"."STATUS"[NUMBER,22], 
       "from$_subquery$_005"."QCSJ_C000000000300001"[VARCHAR2,1000], 
       "from$_subquery$_005"."QCSJ_C000000000300003"[DATE,7], "from$_subquery$_005"."DUE_DATE"[DATE,7]
  10 - "C"."CATEGORY_NAME"[VARCHAR2,400]
  11 - (#keys=1) "from$_subquery$_005"."USER_ID"[NUMBER,22], "F"."LOCALE"[VARCHAR2,400], 
       "from$_subquery$_005"."QCSJ_C000000000500001"[VARCHAR2,400], 
       "from$_subquery$_005"."PROCESS_INSTANCE_ID"[NUMBER,22], "from$_subquery$_005"."INFOLET_ID"[NUMBER,22], 
       "from$_subquery$_005"."ASSIGNMENT_ID"[NUMBER,22], "from$_subquery$_005"."STATUS"[NUMBER,22], 
       "from$_subquery$_005"."QCSJ_C000000000300001"[VARCHAR2,1000], 
       "from$_subquery$_005"."QCSJ_C000000000300003"[DATE,7], "from$_subquery$_005"."DUE_DATE"[DATE,7], 
       "D"."CATEGORY_NAME"[VARCHAR2,400]
  12 - "F"."USER_ID"[NUMBER,22], "F"."LOCALE"[VARCHAR2,400]
  13 - "F".ROWID[ROWID,10]
  14 - "from$_subquery$_005"."USER_ID"[NUMBER,22], "from$_subquery$_005"."PROCESS_INSTANCE_ID"[NUMBER,22], 
       "from$_subquery$_005"."INFOLET_ID"[NUMBER,22], "from$_subquery$_005"."ASSIGNMENT_ID"[NUMBER,22], 
       "from$_subquery$_005"."STATUS"[NUMBER,22], "from$_subquery$_005"."QCSJ_C000000000300001"[VARCHAR2,1000], 
       "from$_subquery$_005"."QCSJ_C000000000300003"[DATE,7], "from$_subquery$_005"."DUE_DATE"[DATE,7], 
       "D"."CATEGORY_NAME"[VARCHAR2,400], "from$_subquery$_005"."QCSJ_C000000000500001"[VARCHAR2,400]
  15 - (#keys=1) "D"."METRIC_NAME"[VARCHAR2,400], "D"."CATEGORY_NAME"[VARCHAR2,400], 
       "from$_subquery$_003"."DUE_DATE"[DATE,7], "from$_subquery$_003"."USER_ID"[NUMBER,22], 
       "from$_subquery$_003"."PROCESS_INSTANCE_ID"[NUMBER,22], "from$_subquery$_003"."INFOLET_ID"[NUMBER,22], 
       "from$_subquery$_003"."ASSIGNMENT_ID"[NUMBER,22], "from$_subquery$_003"."STATUS"[NUMBER,22], 
       "from$_subquery$_003"."QCSJ_C000000000300001"[VARCHAR2,1000], 
       "from$_subquery$_003"."QCSJ_C000000000300003"[DATE,7]
  16 - "D"."CATEGORY_NAME"[VARCHAR2,400], "D"."METRIC_NAME"[VARCHAR2,400]
  17 - "A"."FORM_NAME"[VARCHAR2,300], "from$_subquery$_003"."USER_ID"[NUMBER,22], 
       "from$_subquery$_003"."PROCESS_INSTANCE_ID"[NUMBER,22], "from$_subquery$_003"."INFOLET_ID"[NUMBER,22], 
       "from$_subquery$_003"."ASSIGNMENT_ID"[NUMBER,22], "from$_subquery$_003"."STATUS"[NUMBER,22], 
       "from$_subquery$_003"."QCSJ_C000000000300001"[VARCHAR2,1000], 
       "from$_subquery$_003"."QCSJ_C000000000300003"[DATE,7], "from$_subquery$_003"."DUE_DATE"[DATE,7]
  18 - (#keys=1) "B"."INFOLET_ID"[NUMBER,22], "A"."FORM_NAME"[VARCHAR2,300], "B"."USER_ID"[NUMBER,22], 
       "B"."PROCESS_INSTANCE_ID"[NUMBER,22], "B"."DUE_DATE"[DATE,7], "B"."ASSIGNMENT_ID"[NUMBER,22], 
       "B"."STATUS"[NUMBER,22], "B"."ASSIGNMENT_TEXT"[VARCHAR2,1000], "B"."CREATION_DATE"[DATE,7]
  19 - "A"."METRIC_ID"[NUMBER,22], "A"."FORM_NAME"[VARCHAR2,300]
  20 - "B"."USER_ID"[NUMBER,22], "B"."PROCESS_INSTANCE_ID"[NUMBER,22], "B"."INFOLET_ID"[NUMBER,22], 
       "B"."ASSIGNMENT_ID"[NUMBER,22], "B"."STATUS"[NUMBER,22], "B"."ASSIGNMENT_TEXT"[VARCHAR2,1000], 
       "B"."CREATION_DATE"[DATE,7], "B"."DUE_DATE"[DATE,7]
										</code></pre>
								</section>
						</div>
					</div>

				<!-- Sidebar -->
				<div id="sidebar">
					<div class="inner">
						<!-- Menu -->
						<nav id="menu">
							<header class="major">
								<h2>Menu</h2>
							</header>
							<ul>
								<li><a href="index.html">Summary</a></li>
								<li>
									<span class="opener">DB Analysis</span>
									<ul>
										<li><a href="union.html">Bad SQL</a></li>
										<li><a href="poor-sql.html">Poor SQL Plan</a></li>
										<li><a href="invalid-sql.html">Invalid SQL</a></li>
										<li><a href="full-sql.html">Full SQL Report</a></li>
										<li><a href="db-primary-unique-key.html">Primary/Unique Key Miss</a></li>
										<li><a href="invalid-db-object.html">Invalid DB Objects</a></li>
									</ul>
								</li>
							</ul>
						</nav>

						<!-- Section -->
						<section>
							<header class="major">
								<h2>Get in touch</h2>
							</header>
							<p>You need more details on the report or want more functionality, don't hesitate to reach out to us.</p>
							<ul class="contact">
								<li class="fa-envelope-o"><a href="mailto:rnd@metricstream.com?Subject=Reg - Static Code Analysis Tool" target="_top">rnd@metricstream.com</a></li>
							</ul>
						</section>

						<!-- Footer -->
						<footer id="footer">
							<p class="copyright">&copy; <a href="http://www.metricstream.com" target="_blank">MetricStream</a>. All rights reserved. </p>
						</footer>
					</div>
				</div>
			</div>

		<!-- Scripts -->
			<script src="../lib/assets/js/jquery.min.js"></script>
			<script src="../lib/assets/js/skel.min.js"></script>
			<script src="../lib/assets/js/util.js"></script>
			<!--[if lte IE 8]><script src="../lib/assets/js/ie/respond.min.js"></script><![endif]-->
			<script src="../lib/assets/js/main.js"></script>
	</body>
</html>