<!DOCTYPE HTML>
<html>
	<head>
		<title>Code Analysis - MetricStream</title>
		<meta charset="utf-8" />
		<meta name="viewport" content="width=device-width, initial-scale=1, user-scalable=no" />
		<!--[if lte IE 8]><script src="assets/js/ie/html5shiv.js"></script><![endif]-->
		<link rel="stylesheet" href="../lib/assets/css/main.css" />
		<!--[if lte IE 9]><link rel="stylesheet" href="../lib/assets/css/ie9.css" /><![endif]-->
		<!--[if lte IE 8]><link rel="stylesheet" href="../lib/assets/css/ie8.css" /><![endif]-->
	</head>
	<body>

		<!-- Wrapper -->
			<div id="wrapper">

				<!-- Main -->
					<div id="main">
						<div class="inner">
							<!-- Header -->
								<header id="header">
									<a href="index.html" class="logo"><strong>Static Code Analysis Report</strong> by Code Analyzer Tool</a>
								</header>

							<!-- Content -->
								<section>
									<!-- Content -->
										<header class="major"><h2>Infolet Details</h2></header>
										<div class="table-wrapper">
											<table>
												<tbody>
													<tr>
														<td>Name</td>
														<td>MS_GRC_GET_OBJCT_PARENT (101111)</td>
													</tr>
													<tr>
														<td>SQL</td>
														<td><pre><code>SELECT Object_id, object_name
FROM MS_GRC_OBJECTIVES
WHERE objective_type IN
  (SELECT DISTINCT '1
'
  FROM MS_QMS_FLOW_DOWN_ORG_V
  WHERE USER_NAME    =UPPER(:1)
  AND ACTIVITY_NAME IN ('GRC - View Business Objectives','GRC - Edit Business Objectives','GRC - Approve Business Objectives','GRC - Approve Business Objectives')
  UNION ALL
  SELECT DISTINCT '2'
  FROM MS_QMS_FLOW_DOWN_ORG_V
  WHERE USER_NAME    =UPPER(:1)
  AND ACTIVITY_NAME IN ('GRC - View Control Objectives','GRC - Edit Control Objectives','GRC - Approve Control Objectives','GRC - Approve Control Objectives')
  UNION ALL
  SELECT DISTINCT '3'
  FROM MS_QMS_FLOW_DOWN_ORG_V
  WHERE USER_NAME    =UPPER(:1)
  AND ACTIVITY_NAME IN ('GRC - View Process Objectives','GRC - Edit Process Objectives','GRC - Approve Process Objectives','GRC - Approve Process Objectives')
  )</code></pre></td>
													</tr>
													<tr>
														<td>Description</td>
														<td> MS_GRC_GET_OBJCT_PARENT </td>
													</tr>
												</tbody>
											</table>
										</div>

										<h2 align="center" id="content">Analysis Report</h2>
										<hr>
 										<header class="major"><h2>Plan hash value: 4152776123</h2></header>
										<pre><code>
 
----------------------------------------------------------------------------------------------------------------------------------------
| Id  | Operation                                                | Name                        | Rows  | Bytes | Cost (%CPU)| Time     |
----------------------------------------------------------------------------------------------------------------------------------------
|   0 | SELECT STATEMENT                                         |                             |     1 |  2722 |    85  (13)| 00:00:02 |
|*  1 |  HASH JOIN                                               |                             |     1 |  2722 |    85  (13)| 00:00:02 |
<font style="background-color: lightblue; color: red">|   2 |   TABLE ACCESS FULL                                      | MS_GRC_OBJECTIVES           |     1 |  2716 |     2   (0)| 00:00:01 |</font>
|   3 |   VIEW                                                   | VW_NSO_4                    |     3 |    18 |    83  (14)| 00:00:01 |
|   4 |    SORT UNIQUE                                           |                             |     3 |  6336 |    83  (72)| 00:00:01 |
|   5 |     UNION-ALL                                            |                             |       |       |            |          |
|   6 |      SORT UNIQUE                                         |                             |     1 |  2112 |    28  (15)| 00:00:01 |
<font style="background-color: lightblue; color: red">|   7 |       MERGE JOIN CARTESIAN                               |                             |     1 |  2112 |    27  (12)| 00:00:01 |</font>
|   8 |        NESTED LOOPS                                      |                             |       |       |            |          |
|   9 |         NESTED LOOPS                                     |                             |     1 |  2112 |    14  (15)| 00:00:01 |
|  10 |          NESTED LOOPS                                    |                             |     1 |  2077 |    13  (16)| 00:00:01 |
|  11 |           NESTED LOOPS                                   |                             |     1 |  2067 |    12  (17)| 00:00:01 |
|  12 |            NESTED LOOPS                                  |                             |     1 |  2062 |    12  (17)| 00:00:01 |
|  13 |             NESTED LOOPS                                 |                             |     2 |  4104 |    12  (17)| 00:00:01 |
|  14 |              NESTED LOOPS                                |                             |     1 |  2038 |    11  (19)| 00:00:01 |
<font style="background-color: lightblue; color: red">|  15 |               VIEW                                       | SI_FLOW_DOWN_ORG_V          |     1 |  2015 |    11  (28)| 00:00:01 |</font>
<font style="background-color: lightblue; color: red">|  16 |                TEMP TABLE TRANSFORMATION                 |                             |       |       |            |          |</font>
|  17 |                 LOAD AS SELECT                           | SYS_TEMP_0FD9D66F0_A3454E35 |       |       |            |          |
|* 18 |                  FILTER                                  |                             |       |       |            |          |
|* 19 |                   CONNECT BY NO FILTERING WITH START-WITH|                             |       |       |            |          |
<font style="background-color: lightblue; color: red">|  20 |                    TABLE ACCESS FULL                     | SI_ORG_ENTITIES_T           |    10 |   260 |     4   (0)| 00:00:01 |</font>
|* 21 |                 HASH JOIN                                |                             |     1 |  2067 |     6  (34)| 00:00:01 |
|  22 |                  VIEW                                    | VW_SQ_1                     |    10 |   260 |     3  (34)| 00:00:01 |
|  23 |                   SORT GROUP BY                          |                             |    10 |   180 |     3  (34)| 00:00:01 |
|  24 |                    VIEW                                  |                             |    10 |   180 |     2   (0)| 00:00:01 |
<font style="background-color: lightblue; color: red">|  25 |                     TABLE ACCESS FULL                    | SYS_TEMP_0FD9D66F0_A3454E35 |    10 |  1000 |     2   (0)| 00:00:01 |</font>
|  26 |                  VIEW                                    |                             |    10 | 20410 |     2   (0)| 00:00:01 |
<font style="background-color: lightblue; color: red">|  27 |                   TABLE ACCESS FULL                      | SYS_TEMP_0FD9D66F0_A3454E35 |    10 |  1000 |     2   (0)| 00:00:01 |</font>
|* 28 |               TABLE ACCESS BY INDEX ROWID                | SI_USERS_T                  |     1 |    23 |     1   (0)| 00:00:01 |
|* 29 |                INDEX RANGE SCAN                          | SI_USERS_T_N2               |     1 |       |     0   (0)| 00:00:01 |
|* 30 |              INDEX FULL SCAN                             | SI_ORG_ROLES_N3             |     2 |    28 |     1   (0)| 00:00:01 |
|* 31 |             INDEX RANGE SCAN                             | SI_USER_ORG_ROLES_N2        |     1 |    10 |     0   (0)| 00:00:01 |
|* 32 |            INDEX RANGE SCAN                              | SI_ROLES_N2                 |     1 |     5 |     0   (0)| 00:00:01 |
|* 33 |           INDEX RANGE SCAN                               | SI_ROLE_ACTIVITIES_N2       |     5 |    50 |     1   (0)| 00:00:01 |
|* 34 |          INDEX RANGE SCAN                                | SI_ACTIVITIES_N1            |     1 |       |     0   (0)| 00:00:01 |
|* 35 |         TABLE ACCESS BY INDEX ROWID                      | SI_ACTIVITIES_T             |     1 |    35 |     1   (0)| 00:00:01 |
|  36 |        BUFFER SORT                                       |                             |     1 |       |    26  (12)| 00:00:01 |
|  37 |         VIEW                                             |                             |     1 |       |    13   (8)| 00:00:01 |
|  38 |          SORT AGGREGATE                                  |                             |     1 |    80 |            |          |
|* 39 |           HASH JOIN                                      |                             |     1 |    80 |    13   (8)| 00:00:01 |
|* 40 |            HASH JOIN                                     |                             |     1 |    63 |     9  (12)| 00:00:01 |
<font style="background-color: lightblue; color: red">|* 41 |             TABLE ACCESS FULL                            | MS_QS_PARAMETER_TYPES       |     1 |    34 |     4   (0)| 00:00:01 |</font>
<font style="background-color: lightblue; color: red">|* 42 |             TABLE ACCESS FULL                            | MS_QS_PARAMETER_NAMES       |     1 |    29 |     4   (0)| 00:00:01 |</font>
<font style="background-color: lightblue; color: red">|* 43 |            TABLE ACCESS FULL                             | MS_QS_PARAMETER_VALUES      |   128 |  2176 |     4   (0)| 00:00:01 |</font>
|  44 |      SORT UNIQUE                                         |                             |     1 |  2112 |    28  (15)| 00:00:01 |
<font style="background-color: lightblue; color: red">|  45 |       MERGE JOIN CARTESIAN                               |                             |     1 |  2112 |    27  (12)| 00:00:01 |</font>
|  46 |        NESTED LOOPS                                      |                             |       |       |            |          |
|  47 |         NESTED LOOPS                                     |                             |     1 |  2112 |    14  (15)| 00:00:01 |
|  48 |          NESTED LOOPS                                    |                             |     1 |  2077 |    13  (16)| 00:00:01 |
|  49 |           NESTED LOOPS                                   |                             |     1 |  2067 |    12  (17)| 00:00:01 |
|  50 |            NESTED LOOPS                                  |                             |     1 |  2062 |    12  (17)| 00:00:01 |
|  51 |             NESTED LOOPS                                 |                             |     2 |  4104 |    12  (17)| 00:00:01 |
|  52 |              NESTED LOOPS                                |                             |     1 |  2038 |    11  (19)| 00:00:01 |
<font style="background-color: lightblue; color: red">|  53 |               VIEW                                       | SI_FLOW_DOWN_ORG_V          |     1 |  2015 |    11  (28)| 00:00:01 |</font>
<font style="background-color: lightblue; color: red">|  54 |                TEMP TABLE TRANSFORMATION                 |                             |       |       |            |          |</font>
|  55 |                 LOAD AS SELECT                           | SYS_TEMP_0FD9D66F1_A3454E35 |       |       |            |          |
|* 56 |                  FILTER                                  |                             |       |       |            |          |
|* 57 |                   CONNECT BY NO FILTERING WITH START-WITH|                             |       |       |            |          |
<font style="background-color: lightblue; color: red">|  58 |                    TABLE ACCESS FULL                     | SI_ORG_ENTITIES_T           |    10 |   260 |     4   (0)| 00:00:01 |</font>
|* 59 |                 HASH JOIN                                |                             |     1 |  2067 |     6  (34)| 00:00:01 |
|  60 |                  VIEW                                    | VW_SQ_2                     |    10 |   260 |     3  (34)| 00:00:01 |
|  61 |                   SORT GROUP BY                          |                             |    10 |   180 |     3  (34)| 00:00:01 |
|  62 |                    VIEW                                  |                             |    10 |   180 |     2   (0)| 00:00:01 |
<font style="background-color: lightblue; color: red">|  63 |                     TABLE ACCESS FULL                    | SYS_TEMP_0FD9D66F1_A3454E35 |    10 |  1000 |     2   (0)| 00:00:01 |</font>
|  64 |                  VIEW                                    |                             |    10 | 20410 |     2   (0)| 00:00:01 |
<font style="background-color: lightblue; color: red">|  65 |                   TABLE ACCESS FULL                      | SYS_TEMP_0FD9D66F1_A3454E35 |    10 |  1000 |     2   (0)| 00:00:01 |</font>
|* 66 |               TABLE ACCESS BY INDEX ROWID                | SI_USERS_T                  |     1 |    23 |     1   (0)| 00:00:01 |
|* 67 |                INDEX RANGE SCAN                          | SI_USERS_T_N2               |     1 |       |     0   (0)| 00:00:01 |
|* 68 |              INDEX FULL SCAN                             | SI_ORG_ROLES_N3             |     2 |    28 |     1   (0)| 00:00:01 |
|* 69 |             INDEX RANGE SCAN                             | SI_USER_ORG_ROLES_N2        |     1 |    10 |     0   (0)| 00:00:01 |
|* 70 |            INDEX RANGE SCAN                              | SI_ROLES_N2                 |     1 |     5 |     0   (0)| 00:00:01 |
|* 71 |           INDEX RANGE SCAN                               | SI_ROLE_ACTIVITIES_N2       |     5 |    50 |     1   (0)| 00:00:01 |
|* 72 |          INDEX RANGE SCAN                                | SI_ACTIVITIES_N1            |     1 |       |     0   (0)| 00:00:01 |
|* 73 |         TABLE ACCESS BY INDEX ROWID                      | SI_ACTIVITIES_T             |     1 |    35 |     1   (0)| 00:00:01 |
|  74 |        BUFFER SORT                                       |                             |     1 |       |    26  (12)| 00:00:01 |
|  75 |         VIEW                                             |                             |     1 |       |    13   (8)| 00:00:01 |
|  76 |          SORT AGGREGATE                                  |                             |     1 |    80 |            |          |
|* 77 |           HASH JOIN                                      |                             |     1 |    80 |    13   (8)| 00:00:01 |
|* 78 |            HASH JOIN                                     |                             |     1 |    63 |     9  (12)| 00:00:01 |
<font style="background-color: lightblue; color: red">|* 79 |             TABLE ACCESS FULL                            | MS_QS_PARAMETER_TYPES       |     1 |    34 |     4   (0)| 00:00:01 |</font>
<font style="background-color: lightblue; color: red">|* 80 |             TABLE ACCESS FULL                            | MS_QS_PARAMETER_NAMES       |     1 |    29 |     4   (0)| 00:00:01 |</font>
<font style="background-color: lightblue; color: red">|* 81 |            TABLE ACCESS FULL                             | MS_QS_PARAMETER_VALUES      |   128 |  2176 |     4   (0)| 00:00:01 |</font>
|  82 |      SORT UNIQUE                                         |                             |     1 |  2112 |    28  (15)| 00:00:01 |
<font style="background-color: lightblue; color: red">|  83 |       MERGE JOIN CARTESIAN                               |                             |     1 |  2112 |    27  (12)| 00:00:01 |</font>
|  84 |        NESTED LOOPS                                      |                             |       |       |            |          |
|  85 |         NESTED LOOPS                                     |                             |     1 |  2112 |    14  (15)| 00:00:01 |
|  86 |          NESTED LOOPS                                    |                             |     1 |  2077 |    13  (16)| 00:00:01 |
|  87 |           NESTED LOOPS                                   |                             |     1 |  2067 |    12  (17)| 00:00:01 |
|  88 |            NESTED LOOPS                                  |                             |     1 |  2062 |    12  (17)| 00:00:01 |
|  89 |             NESTED LOOPS                                 |                             |     2 |  4104 |    12  (17)| 00:00:01 |
|  90 |              NESTED LOOPS                                |                             |     1 |  2038 |    11  (19)| 00:00:01 |
<font style="background-color: lightblue; color: red">|  91 |               VIEW                                       | SI_FLOW_DOWN_ORG_V          |     1 |  2015 |    11  (28)| 00:00:01 |</font>
<font style="background-color: lightblue; color: red">|  92 |                TEMP TABLE TRANSFORMATION                 |                             |       |       |            |          |</font>
|  93 |                 LOAD AS SELECT                           | SYS_TEMP_0FD9D66F2_A3454E35 |       |       |            |          |
|* 94 |                  FILTER                                  |                             |       |       |            |          |
|* 95 |                   CONNECT BY NO FILTERING WITH START-WITH|                             |       |       |            |          |
<font style="background-color: lightblue; color: red">|  96 |                    TABLE ACCESS FULL                     | SI_ORG_ENTITIES_T           |    10 |   260 |     4   (0)| 00:00:01 |</font>
|* 97 |                 HASH JOIN                                |                             |     1 |  2067 |     6  (34)| 00:00:01 |
|  98 |                  VIEW                                    | VW_SQ_3                     |    10 |   260 |     3  (34)| 00:00:01 |
|  99 |                   SORT GROUP BY                          |                             |    10 |   180 |     3  (34)| 00:00:01 |
| 100 |                    VIEW                                  |                             |    10 |   180 |     2   (0)| 00:00:01 |
<font style="background-color: lightblue; color: red">| 101 |                     TABLE ACCESS FULL                    | SYS_TEMP_0FD9D66F2_A3454E35 |    10 |  1000 |     2   (0)| 00:00:01 |</font>
| 102 |                  VIEW                                    |                             |    10 | 20410 |     2   (0)| 00:00:01 |
<font style="background-color: lightblue; color: red">| 103 |                   TABLE ACCESS FULL                      | SYS_TEMP_0FD9D66F2_A3454E35 |    10 |  1000 |     2   (0)| 00:00:01 |</font>
|*104 |               TABLE ACCESS BY INDEX ROWID                | SI_USERS_T                  |     1 |    23 |     1   (0)| 00:00:01 |
|*105 |                INDEX RANGE SCAN                          | SI_USERS_T_N2               |     1 |       |     0   (0)| 00:00:01 |
|*106 |              INDEX FULL SCAN                             | SI_ORG_ROLES_N3             |     2 |    28 |     1   (0)| 00:00:01 |
|*107 |             INDEX RANGE SCAN                             | SI_USER_ORG_ROLES_N2        |     1 |    10 |     0   (0)| 00:00:01 |
|*108 |            INDEX RANGE SCAN                              | SI_ROLES_N2                 |     1 |     5 |     0   (0)| 00:00:01 |
|*109 |           INDEX RANGE SCAN                               | SI_ROLE_ACTIVITIES_N2       |     5 |    50 |     1   (0)| 00:00:01 |
|*110 |          INDEX RANGE SCAN                                | SI_ACTIVITIES_N1            |     1 |       |     0   (0)| 00:00:01 |
|*111 |         TABLE ACCESS BY INDEX ROWID                      | SI_ACTIVITIES_T             |     1 |    35 |     1   (0)| 00:00:01 |
| 112 |        BUFFER SORT                                       |                             |     1 |       |    26  (12)| 00:00:01 |
| 113 |         VIEW                                             |                             |     1 |       |    13   (8)| 00:00:01 |
| 114 |          SORT AGGREGATE                                  |                             |     1 |    80 |            |          |
|*115 |           HASH JOIN                                      |                             |     1 |    80 |    13   (8)| 00:00:01 |
|*116 |            HASH JOIN                                     |                             |     1 |    63 |     9  (12)| 00:00:01 |
<font style="background-color: lightblue; color: red">|*117 |             TABLE ACCESS FULL                            | MS_QS_PARAMETER_TYPES       |     1 |    34 |     4   (0)| 00:00:01 |</font>
<font style="background-color: lightblue; color: red">|*118 |             TABLE ACCESS FULL                            | MS_QS_PARAMETER_NAMES       |     1 |    29 |     4   (0)| 00:00:01 |</font>
<font style="background-color: lightblue; color: red">|*119 |            TABLE ACCESS FULL                             | MS_QS_PARAMETER_VALUES      |   128 |  2176 |     4   (0)| 00:00:01 |</font>
----------------------------------------------------------------------------------------------------------------------------------------
 
										</code></pre>
 										<header class="major"><h2>Query Block Name / Object Alias (identified by operation id):</h2></header>
										<pre><code>
-------------------------------------------------------------
 
   1 - SEL$940CEDA2
   2 - SEL$940CEDA2 / MS_GRC_OBJECTIVES@SEL$1
   3 - SET$FCA7A018 / VW_NSO_4@SEL$940CEDA2
   4 - SET$FCA7A018
   6 - SEL$F849124E
  15 - SEL$05647F14 / H@SEL$4
  16 - SEL$05647F14
  17 - SEL$5       
  20 - SEL$37459620 / SI_ORG_ENTITIES_T@SEL$9
  22 - SEL$4CC056F3 / VW_SQ_1@SEL$37D6FBBA
  23 - SEL$4CC056F3
  24 - SEL$614025F8 / O2@SEL$13
  25 - SEL$614025F8 / T1@SEL$614025F8
  26 - SEL$614025F9 / O1@SEL$12
  27 - SEL$614025F9 / T1@SEL$614025F9
  28 - SEL$F849124E / SI_USERS_T@SEL$14
  29 - SEL$F849124E / SI_USERS_T@SEL$14
  30 - SEL$F849124E / G@SEL$4
  31 - SEL$F849124E / E@SEL$4
  32 - SEL$F849124E / R@SEL$4
  33 - SEL$F849124E / A@SEL$3
  34 - SEL$F849124E / C@SEL$3
  35 - SEL$F849124E / C@SEL$3
  37 - SEL$15       / CONST@SEL$4
  38 - SEL$15      
  41 - SEL$15       / PTYPE@SEL$15
  42 - SEL$15       / PNAME@SEL$15
  43 - SEL$15       / PVALUE@SEL$15
  44 - SEL$550D0DB4
  53 - SEL$6793FE01 / H@SEL$18
  54 - SEL$6793FE01
  55 - SEL$19      
  58 - SEL$C843FE4E / SI_ORG_ENTITIES_T@SEL$23
  60 - SEL$8564D1C9 / VW_SQ_2@SEL$9A433A56
  61 - SEL$8564D1C9
  62 - SEL$551CC249 / O2@SEL$27
  63 - SEL$551CC249 / T1@SEL$551CC249
  64 - SEL$551CC24A / O1@SEL$26
  65 - SEL$551CC24A / T1@SEL$551CC24A
  66 - SEL$550D0DB4 / SI_USERS_T@SEL$28
  67 - SEL$550D0DB4 / SI_USERS_T@SEL$28
  68 - SEL$550D0DB4 / G@SEL$18
  69 - SEL$550D0DB4 / E@SEL$18
  70 - SEL$550D0DB4 / R@SEL$18
  71 - SEL$550D0DB4 / A@SEL$17
  72 - SEL$550D0DB4 / C@SEL$17
  73 - SEL$550D0DB4 / C@SEL$17
  75 - SEL$29       / CONST@SEL$18
  76 - SEL$29      
  79 - SEL$29       / PTYPE@SEL$29
  80 - SEL$29       / PNAME@SEL$29
  81 - SEL$29       / PVALUE@SEL$29
  82 - SEL$B7B9D4D0
  91 - SEL$7D8AD1B7 / H@SEL$32
  92 - SEL$7D8AD1B7
  93 - SEL$33      
  96 - SEL$9377CDA7 / SI_ORG_ENTITIES_T@SEL$37
  98 - SEL$4D0AF98B / VW_SQ_3@SEL$122D1D78
  99 - SEL$4D0AF98B
 100 - SEL$D3C2EE02 / O2@SEL$41
 101 - SEL$D3C2EE02 / T1@SEL$D3C2EE02
 102 - SEL$D3C2EE03 / O1@SEL$40
 103 - SEL$D3C2EE03 / T1@SEL$D3C2EE03
 104 - SEL$B7B9D4D0 / SI_USERS_T@SEL$42
 105 - SEL$B7B9D4D0 / SI_USERS_T@SEL$42
 106 - SEL$B7B9D4D0 / G@SEL$32
 107 - SEL$B7B9D4D0 / E@SEL$32
 108 - SEL$B7B9D4D0 / R@SEL$32
 109 - SEL$B7B9D4D0 / A@SEL$31
 110 - SEL$B7B9D4D0 / C@SEL$31
 111 - SEL$B7B9D4D0 / C@SEL$31
 113 - SEL$43       / CONST@SEL$32
 114 - SEL$43      
 117 - SEL$43       / PTYPE@SEL$43
 118 - SEL$43       / PNAME@SEL$43
 119 - SEL$43       / PVALUE@SEL$43
 
										</code></pre>
 										<header class="major"><h2>Predicate Information (identified by operation id):</h2></header>
										<pre><code>
---------------------------------------------------
 
   1 - access("OBJECTIVE_TYPE"="'1'")
  18 - filter(NVL("END_DATE",SYSDATE@!)>=SYSDATE@!)
  19 - access("PARENT_ORG_ENTITY_ID"=PRIOR "ORG_ENTITY_ID")
       filter("ORG_ENTITY_ID" IS NOT NULL)
  21 - access("LVL"="MAX(LVL)" AND "ITEM_0"="O1"."ORG_ENTITY_ID")
  28 - filter(NVL("END_DATE",SYSDATE@!)>=SYSDATE@!)
  29 - access("H"."ENTERPRISE_ID"="ENTERPRISE_ID" AND "USER_NAME"=UPPER(:1))
  30 - filter("H"."PATH" LIKE '%:'||TO_CHAR("G"."ORG_ENTITY_ID")||':%')
  31 - access("G"."ORG_ROLE_ID"="E"."ORG_ROLE_ID" AND "USER_ID"="E"."USER_ID")
  32 - access("R"."ROLE_ID"="G"."ROLE_ID")
  33 - access("A"."ROLE_ID"="R"."ROLE_ID")
  34 - access("A"."ACTIVITY_ID"="C"."ACTIVITY_ID")
  35 - filter("C"."ACTIVITY_NAME"='GRC - Approve Business Objectives' OR "C"."ACTIVITY_NAME"='GRC - Edit Business Objectives' 
              OR "C"."ACTIVITY_NAME"='GRC - View Business Objectives')
  39 - access("PNAME"."PARAMETER_ID"="PVALUE"."PARAMETER_ID" AND "PTYPE"."PARAMETER_TYPE_ID"="PVALUE"."PARAMETER_TYPE_ID")
  40 - access("PTYPE"."PARAMETER_TYPE_ID"="PNAME"."PARAMETER_TYPE_ID")
  41 - filter(UPPER("PTYPE"."PARAMETER_TYPE")='MS APPS USER NAME DISPLAY FORMAT')
  42 - filter(UPPER("PNAME"."PARAMETER_NAME")='DISPLAY_FORMAT')
  43 - filter("PVALUE"."ORG_ENTITY_ID"=1)
  56 - filter(NVL("END_DATE",SYSDATE@!)>=SYSDATE@!)
  57 - access("PARENT_ORG_ENTITY_ID"=PRIOR "ORG_ENTITY_ID")
       filter("ORG_ENTITY_ID" IS NOT NULL)
  59 - access("LVL"="MAX(LVL)" AND "ITEM_1"="O1"."ORG_ENTITY_ID")
  66 - filter(NVL("END_DATE",SYSDATE@!)>=SYSDATE@!)
  67 - access("H"."ENTERPRISE_ID"="ENTERPRISE_ID" AND "USER_NAME"=UPPER(:1))
  68 - filter("H"."PATH" LIKE '%:'||TO_CHAR("G"."ORG_ENTITY_ID")||':%')
  69 - access("G"."ORG_ROLE_ID"="E"."ORG_ROLE_ID" AND "USER_ID"="E"."USER_ID")
  70 - access("R"."ROLE_ID"="G"."ROLE_ID")
  71 - access("A"."ROLE_ID"="R"."ROLE_ID")
  72 - access("A"."ACTIVITY_ID"="C"."ACTIVITY_ID")
  73 - filter("C"."ACTIVITY_NAME"='GRC - Approve Control Objectives' OR "C"."ACTIVITY_NAME"='GRC - Edit Control Objectives' OR 
              "C"."ACTIVITY_NAME"='GRC - View Control Objectives')
  77 - access("PNAME"."PARAMETER_ID"="PVALUE"."PARAMETER_ID" AND "PTYPE"."PARAMETER_TYPE_ID"="PVALUE"."PARAMETER_TYPE_ID")
  78 - access("PTYPE"."PARAMETER_TYPE_ID"="PNAME"."PARAMETER_TYPE_ID")
  79 - filter(UPPER("PTYPE"."PARAMETER_TYPE")='MS APPS USER NAME DISPLAY FORMAT')
  80 - filter(UPPER("PNAME"."PARAMETER_NAME")='DISPLAY_FORMAT')
  81 - filter("PVALUE"."ORG_ENTITY_ID"=1)
  94 - filter(NVL("END_DATE",SYSDATE@!)>=SYSDATE@!)
  95 - access("PARENT_ORG_ENTITY_ID"=PRIOR "ORG_ENTITY_ID")
       filter("ORG_ENTITY_ID" IS NOT NULL)
  97 - access("LVL"="MAX(LVL)" AND "ITEM_2"="O1"."ORG_ENTITY_ID")
 104 - filter(NVL("END_DATE",SYSDATE@!)>=SYSDATE@!)
 105 - access("H"."ENTERPRISE_ID"="ENTERPRISE_ID" AND "USER_NAME"=UPPER(:1))
 106 - filter("H"."PATH" LIKE '%:'||TO_CHAR("G"."ORG_ENTITY_ID")||':%')
 107 - access("G"."ORG_ROLE_ID"="E"."ORG_ROLE_ID" AND "USER_ID"="E"."USER_ID")
 108 - access("R"."ROLE_ID"="G"."ROLE_ID")
 109 - access("A"."ROLE_ID"="R"."ROLE_ID")
 110 - access("A"."ACTIVITY_ID"="C"."ACTIVITY_ID")
 111 - filter("C"."ACTIVITY_NAME"='GRC - Approve Process Objectives' OR "C"."ACTIVITY_NAME"='GRC - Edit Process Objectives' OR 
              "C"."ACTIVITY_NAME"='GRC - View Process Objectives')
 115 - access("PNAME"."PARAMETER_ID"="PVALUE"."PARAMETER_ID" AND "PTYPE"."PARAMETER_TYPE_ID"="PVALUE"."PARAMETER_TYPE_ID")
 116 - access("PTYPE"."PARAMETER_TYPE_ID"="PNAME"."PARAMETER_TYPE_ID")
 117 - filter(UPPER("PTYPE"."PARAMETER_TYPE")='MS APPS USER NAME DISPLAY FORMAT')
 118 - filter(UPPER("PNAME"."PARAMETER_NAME")='DISPLAY_FORMAT')
 119 - filter("PVALUE"."ORG_ENTITY_ID"=1)
 
										</code></pre>
 										<header class="major"><h2>Column Projection Information (identified by operation id):</h2></header>
										<pre><code>
-----------------------------------------------------------
 
   1 - (#keys=1) "OBJECT_ID"[VARCHAR2,400], "OBJECT_NAME"[VARCHAR2,4000]
   2 - "OBJECT_ID"[VARCHAR2,400], "OBJECT_NAME"[VARCHAR2,4000], "OBJECTIVE_TYPE"[VARCHAR2,1020]
   3 - "'1'"[VARCHAR2,8]
   4 - (#keys=1) STRDEF[2]
   5 - STRDEF[2]
   6 - (#keys=1) '1 '[2]
   7 - (#keys=0) 
   8 - (#keys=0) 
   9 - (#keys=0) "C".ROWID[ROWID,10]
  10 - (#keys=0) "A"."ACTIVITY_ID"[NUMBER,22]
  11 - (#keys=0) "R"."ROLE_ID"[NUMBER,22]
  12 - (#keys=0) "G"."ROLE_ID"[NUMBER,22]
  13 - (#keys=0) "USER_ID"[NUMBER,22], "G"."ORG_ROLE_ID"[NUMBER,22], "G"."ROLE_ID"[NUMBER,22]
  14 - (#keys=0) "H"."PATH"[VARCHAR2,4000], "USER_ID"[NUMBER,22]
  15 - "H"."ENTERPRISE_ID"[NUMBER,22], "H"."PATH"[VARCHAR2,4000]
  16 - "MAX(LVL)"[NUMBER,22], "LVL"[NUMBER,22], "ITEM_0"[NUMBER,22], "O1"."ORG_ENTITY_ID"[NUMBER,22], "PATH"[VARCHAR2,4000], 
       "ENTERPRISE_ID"[NUMBER,22]
  17 - SYSDEF[4], SYSDEF[0], SYSDEF[1], SYSDEF[96], SYSDEF[0]
  18 - "PARENT_ORG_ENTITY_ID"[NUMBER,22], "ORG_ENTITY_ID"[NUMBER,22], STRDEF[100], STRDEF[22], STRDEF[7], PRIOR NULL[22], 
       LEVEL[4], SYS_CONNECT_BY_PATH(TO_CHAR("ORG_ENTITY_ID"),':')[4000]
  19 - "PARENT_ORG_ENTITY_ID"[NUMBER,22], "ORG_ENTITY_ID"[NUMBER,22], STRDEF[100], STRDEF[22], STRDEF[7], PRIOR NULL[22], 
       LEVEL[4], SYS_CONNECT_BY_PATH(TO_CHAR("ORG_ENTITY_ID"),':')[4000]
  20 - "ENTERPRISE_ID"[NUMBER,22], "ORG_ENTITY_ID"[NUMBER,22], "ORG_ENTITY_NAME"[VARCHAR2,100], 
       "PARENT_ORG_ENTITY_ID"[NUMBER,22], "END_DATE"[DATE,7]
  21 - (#keys=2) "MAX(LVL)"[NUMBER,22], "LVL"[NUMBER,22], "ITEM_0"[NUMBER,22], "O1"."ORG_ENTITY_ID"[NUMBER,22], 
       "PATH"[VARCHAR2,4000], "ENTERPRISE_ID"[NUMBER,22]
  22 - "MAX(LVL)"[NUMBER,22], "ITEM_0"[NUMBER,22]
  23 - (#keys=1) "O2"."ORG_ENTITY_ID"[NUMBER,22], MAX("LVL")[22]
  24 - "O2"."ORG_ENTITY_ID"[NUMBER,22], "LVL"[NUMBER,22]
  25 - "C0"[NUMBER,22], "C1"[VARCHAR2,100], "C2"[NUMBER,22], "C3"[NUMBER,22], "C4"[VARCHAR2,4000]
  26 - "O1"."ORG_ENTITY_ID"[NUMBER,22], "ENTERPRISE_ID"[NUMBER,22], "LVL"[NUMBER,22], "PATH"[VARCHAR2,4000]
  27 - "C0"[NUMBER,22], "C1"[VARCHAR2,100], "C2"[NUMBER,22], "C3"[NUMBER,22], "C4"[VARCHAR2,4000]
  28 - "USER_ID"[NUMBER,22]
  29 - "SI_USERS_T".ROWID[ROWID,10]
  30 - "G"."ORG_ROLE_ID"[NUMBER,22], "G"."ROLE_ID"[NUMBER,22]
  32 - "R"."ROLE_ID"[NUMBER,22]
  33 - "A"."ACTIVITY_ID"[NUMBER,22]
  34 - "C".ROWID[ROWID,10]
  36 - (#keys=0) 
  38 - (#keys=0) MIN("PVALUE"."PARAMETER_VALUE")[100]
  39 - (#keys=2) "PVALUE"."PARAMETER_VALUE"[VARCHAR2,100]
  40 - (#keys=1) "PTYPE"."PARAMETER_TYPE_ID"[NUMBER,22], "PNAME"."PARAMETER_ID"[NUMBER,22]
  41 - "PTYPE"."PARAMETER_TYPE_ID"[NUMBER,22]
  42 - "PNAME"."PARAMETER_ID"[NUMBER,22], "PNAME"."PARAMETER_TYPE_ID"[NUMBER,22]
  43 - "PVALUE"."PARAMETER_TYPE_ID"[NUMBER,22], "PVALUE"."PARAMETER_ID"[NUMBER,22], "PVALUE"."PARAMETER_VALUE"[VARCHAR2,100]
  44 - (#keys=1) '2'[1]
  45 - (#keys=0) 
  46 - (#keys=0) 
  47 - (#keys=0) "C".ROWID[ROWID,10]
  48 - (#keys=0) "A"."ACTIVITY_ID"[NUMBER,22]
  49 - (#keys=0) "R"."ROLE_ID"[NUMBER,22]
  50 - (#keys=0) "G"."ROLE_ID"[NUMBER,22]
  51 - (#keys=0) "USER_ID"[NUMBER,22], "G"."ORG_ROLE_ID"[NUMBER,22], "G"."ROLE_ID"[NUMBER,22]
  52 - (#keys=0) "H"."PATH"[VARCHAR2,4000], "USER_ID"[NUMBER,22]
  53 - "H"."ENTERPRISE_ID"[NUMBER,22], "H"."PATH"[VARCHAR2,4000]
  54 - "MAX(LVL)"[NUMBER,22], "LVL"[NUMBER,22], "ITEM_1"[NUMBER,22], "O1"."ORG_ENTITY_ID"[NUMBER,22], "PATH"[VARCHAR2,4000], 
       "ENTERPRISE_ID"[NUMBER,22]
  55 - SYSDEF[4], SYSDEF[0], SYSDEF[1], SYSDEF[96], SYSDEF[0]
  56 - "PARENT_ORG_ENTITY_ID"[NUMBER,22], "ORG_ENTITY_ID"[NUMBER,22], STRDEF[100], STRDEF[22], STRDEF[7], PRIOR NULL[22], 
       LEVEL[4], SYS_CONNECT_BY_PATH(TO_CHAR("ORG_ENTITY_ID"),':')[4000]
  57 - "PARENT_ORG_ENTITY_ID"[NUMBER,22], "ORG_ENTITY_ID"[NUMBER,22], STRDEF[100], STRDEF[22], STRDEF[7], PRIOR NULL[22], 
       LEVEL[4], SYS_CONNECT_BY_PATH(TO_CHAR("ORG_ENTITY_ID"),':')[4000]
  58 - "ENTERPRISE_ID"[NUMBER,22], "ORG_ENTITY_ID"[NUMBER,22], "ORG_ENTITY_NAME"[VARCHAR2,100], 
       "PARENT_ORG_ENTITY_ID"[NUMBER,22], "END_DATE"[DATE,7]
  59 - (#keys=2) "MAX(LVL)"[NUMBER,22], "LVL"[NUMBER,22], "ITEM_1"[NUMBER,22], "O1"."ORG_ENTITY_ID"[NUMBER,22], 
       "PATH"[VARCHAR2,4000], "ENTERPRISE_ID"[NUMBER,22]
  60 - "MAX(LVL)"[NUMBER,22], "ITEM_1"[NUMBER,22]
  61 - (#keys=1) "O2"."ORG_ENTITY_ID"[NUMBER,22], MAX("LVL")[22]
  62 - "O2"."ORG_ENTITY_ID"[NUMBER,22], "LVL"[NUMBER,22]
  63 - "C0"[NUMBER,22], "C1"[VARCHAR2,100], "C2"[NUMBER,22], "C3"[NUMBER,22], "C4"[VARCHAR2,4000]
  64 - "O1"."ORG_ENTITY_ID"[NUMBER,22], "ENTERPRISE_ID"[NUMBER,22], "LVL"[NUMBER,22], "PATH"[VARCHAR2,4000]
  65 - "C0"[NUMBER,22], "C1"[VARCHAR2,100], "C2"[NUMBER,22], "C3"[NUMBER,22], "C4"[VARCHAR2,4000]
  66 - "USER_ID"[NUMBER,22]
  67 - "SI_USERS_T".ROWID[ROWID,10]
  68 - "G"."ORG_ROLE_ID"[NUMBER,22], "G"."ROLE_ID"[NUMBER,22]
  70 - "R"."ROLE_ID"[NUMBER,22]
  71 - "A"."ACTIVITY_ID"[NUMBER,22]
  72 - "C".ROWID[ROWID,10]
  74 - (#keys=0) 
  76 - (#keys=0) MIN("PVALUE"."PARAMETER_VALUE")[100]
  77 - (#keys=2) "PVALUE"."PARAMETER_VALUE"[VARCHAR2,100]
  78 - (#keys=1) "PTYPE"."PARAMETER_TYPE_ID"[NUMBER,22], "PNAME"."PARAMETER_ID"[NUMBER,22]
  79 - "PTYPE"."PARAMETER_TYPE_ID"[NUMBER,22]
  80 - "PNAME"."PARAMETER_ID"[NUMBER,22], "PNAME"."PARAMETER_TYPE_ID"[NUMBER,22]
  81 - "PVALUE"."PARAMETER_TYPE_ID"[NUMBER,22], "PVALUE"."PARAMETER_ID"[NUMBER,22], "PVALUE"."PARAMETER_VALUE"[VARCHAR2,100]
  82 - (#keys=1) '3'[1]
  83 - (#keys=0) 
  84 - (#keys=0) 
  85 - (#keys=0) "C".ROWID[ROWID,10]
  86 - (#keys=0) "A"."ACTIVITY_ID"[NUMBER,22]
  87 - (#keys=0) "R"."ROLE_ID"[NUMBER,22]
  88 - (#keys=0) "G"."ROLE_ID"[NUMBER,22]
  89 - (#keys=0) "USER_ID"[NUMBER,22], "G"."ORG_ROLE_ID"[NUMBER,22], "G"."ROLE_ID"[NUMBER,22]
  90 - (#keys=0) "H"."PATH"[VARCHAR2,4000], "USER_ID"[NUMBER,22]
  91 - "H"."ENTERPRISE_ID"[NUMBER,22], "H"."PATH"[VARCHAR2,4000]
  92 - "MAX(LVL)"[NUMBER,22], "LVL"[NUMBER,22], "ITEM_2"[NUMBER,22], "O1"."ORG_ENTITY_ID"[NUMBER,22], "PATH"[VARCHAR2,4000], 
       "ENTERPRISE_ID"[NUMBER,22]
  93 - SYSDEF[4], SYSDEF[0], SYSDEF[1], SYSDEF[96], SYSDEF[0]
  94 - "PARENT_ORG_ENTITY_ID"[NUMBER,22], "ORG_ENTITY_ID"[NUMBER,22], STRDEF[100], STRDEF[22], STRDEF[7], PRIOR NULL[22], 
       LEVEL[4], SYS_CONNECT_BY_PATH(TO_CHAR("ORG_ENTITY_ID"),':')[4000]
  95 - "PARENT_ORG_ENTITY_ID"[NUMBER,22], "ORG_ENTITY_ID"[NUMBER,22], STRDEF[100], STRDEF[22], STRDEF[7], PRIOR NULL[22], 
       LEVEL[4], SYS_CONNECT_BY_PATH(TO_CHAR("ORG_ENTITY_ID"),':')[4000]
  96 - "ENTERPRISE_ID"[NUMBER,22], "ORG_ENTITY_ID"[NUMBER,22], "ORG_ENTITY_NAME"[VARCHAR2,100], 
       "PARENT_ORG_ENTITY_ID"[NUMBER,22], "END_DATE"[DATE,7]
  97 - (#keys=2) "MAX(LVL)"[NUMBER,22], "LVL"[NUMBER,22], "ITEM_2"[NUMBER,22], "O1"."ORG_ENTITY_ID"[NUMBER,22], 
       "PATH"[VARCHAR2,4000], "ENTERPRISE_ID"[NUMBER,22]
  98 - "MAX(LVL)"[NUMBER,22], "ITEM_2"[NUMBER,22]
  99 - (#keys=1) "O2"."ORG_ENTITY_ID"[NUMBER,22], MAX("LVL")[22]
 100 - "O2"."ORG_ENTITY_ID"[NUMBER,22], "LVL"[NUMBER,22]
 101 - "C0"[NUMBER,22], "C1"[VARCHAR2,100], "C2"[NUMBER,22], "C3"[NUMBER,22], "C4"[VARCHAR2,4000]
 102 - "O1"."ORG_ENTITY_ID"[NUMBER,22], "ENTERPRISE_ID"[NUMBER,22], "LVL"[NUMBER,22], "PATH"[VARCHAR2,4000]
 103 - "C0"[NUMBER,22], "C1"[VARCHAR2,100], "C2"[NUMBER,22], "C3"[NUMBER,22], "C4"[VARCHAR2,4000]
 104 - "USER_ID"[NUMBER,22]
 105 - "SI_USERS_T".ROWID[ROWID,10]
 106 - "G"."ORG_ROLE_ID"[NUMBER,22], "G"."ROLE_ID"[NUMBER,22]
 108 - "R"."ROLE_ID"[NUMBER,22]
 109 - "A"."ACTIVITY_ID"[NUMBER,22]
 110 - "C".ROWID[ROWID,10]
 112 - (#keys=0) 
 114 - (#keys=0) MIN("PVALUE"."PARAMETER_VALUE")[100]
 115 - (#keys=2) "PVALUE"."PARAMETER_VALUE"[VARCHAR2,100]
 116 - (#keys=1) "PTYPE"."PARAMETER_TYPE_ID"[NUMBER,22], "PNAME"."PARAMETER_ID"[NUMBER,22]
 117 - "PTYPE"."PARAMETER_TYPE_ID"[NUMBER,22]
 118 - "PNAME"."PARAMETER_ID"[NUMBER,22], "PNAME"."PARAMETER_TYPE_ID"[NUMBER,22]
 119 - "PVALUE"."PARAMETER_TYPE_ID"[NUMBER,22], "PVALUE"."PARAMETER_ID"[NUMBER,22], "PVALUE"."PARAMETER_VALUE"[VARCHAR2,100]
										</code></pre>
								</section>
						</div>
					</div>

				<!-- Sidebar -->
				<div id="sidebar">
					<div class="inner">
						<!-- Menu -->
						<nav id="menu">
							<header class="major">
								<h2>Menu</h2>
							</header>
							<ul>
								<li><a href="index.html">Summary</a></li>
								<li>
									<span class="opener">DB Analysis</span>
									<ul>
										<li><a href="union.html">Bad SQL</a></li>
										<li><a href="poor-sql.html">Poor SQL Plan</a></li>
										<li><a href="invalid-sql.html">Invalid SQL</a></li>
										<li><a href="full-sql.html">Full SQL Report</a></li>
										<li><a href="db-primary-unique-key.html">Primary/Unique Key Miss</a></li>
										<li><a href="invalid-db-object.html">Invalid DB Objects</a></li>
									</ul>
								</li>
								<li>
									<span class="opener">Infolets</span>
									<ul>
										<li><a href="keep-history-infolets.html">Keep History Infolets</a></li>
									</ul>
								</li>
								<li>
									<span class="opener">Pushforms</span>
									<ul>
										<li><a href="pushform-denormalize.html">Pushform Denormalized</a></li>
									</ul>
								</li>
							</ul>
						</nav>

						<!-- Section -->
						<section>
							<header class="major">
								<h2>Get in touch</h2>
							</header>
							<p>You need more details on the report or want more functionality, don't hesitate to reach out to us.</p>
							<ul class="contact">
								<li class="fa-envelope-o"><a href="mailto:rnd@metricstream.com?Subject=Reg - Static Code Analysis Tool" target="_top">rnd@metricstream.com</a></li>
							</ul>
						</section>

						<!-- Footer -->
						<footer id="footer">
							<p class="copyright">&copy; <a href="http://www.metricstream.com" target="_blank">MetricStream</a>. All rights reserved. </p>
						</footer>
					</div>
				</div>
			</div>

		<!-- Scripts -->
			<script src="../lib/assets/js/jquery.min.js"></script>
			<script src="../lib/assets/js/skel.min.js"></script>
			<script src="../lib/assets/js/util.js"></script>
			<!--[if lte IE 8]><script src="../lib/assets/js/ie/respond.min.js"></script><![endif]-->
			<script src="../lib/assets/js/main.js"></script>
	</body>
</html>