<!DOCTYPE HTML>
<html>
	<head>
		<title>Code Analysis - MetricStream</title>
		<meta charset="utf-8" />
		<meta name="viewport" content="width=device-width, initial-scale=1, user-scalable=no" />
		<!--[if lte IE 8]><script src="assets/js/ie/html5shiv.js"></script><![endif]-->
		<link rel="stylesheet" href="../lib/assets/css/main.css" />
		<!--[if lte IE 9]><link rel="stylesheet" href="../lib/assets/css/ie9.css" /><![endif]-->
		<!--[if lte IE 8]><link rel="stylesheet" href="../lib/assets/css/ie8.css" /><![endif]-->
	</head>
	<body>

		<!-- Wrapper -->
			<div id="wrapper">

				<!-- Main -->
					<div id="main">
						<div class="inner">
							<!-- Header -->
								<header id="header">
									<a href="index.html" class="logo"><strong>Static Code Analysis Report</strong> by Code Analyzer Tool</a>
								</header>

							<!-- Content -->
								<section>
									<!-- Content -->
										<header class="major"><h2>Infolet Details</h2></header>
										<div class="table-wrapper">
											<table>
												<tbody>
													<tr>
														<td>Name</td>
														<td>MS_GRC_GET_LIBRARY_TYPE (101107)</td>
													</tr>
													<tr>
														<td>SQL</td>
														<td><pre><code>SELECT REPLACE(REPLACE(FORM_TITLE,'(',''),')',''),
  object_type
FROM MS_GRC_ORB_CONFIG_FORM_TITLE
WHERE object_type IN
  (SELECT DEST_OBJ_TYPE
  FROM ms_grc_rel_defn
  WHERE src_obj_type=ms_apps_utilities.get_parameter_value ( 1, 'MS GRC Mapping Report Parameter', 'Library Object' )
  AND ENABLED       = 'Y'
  )
AND LOCALE =
  ( SELECT LOCALE FROM SI_USERS_T WHERE USER_NAME=:1
  )
union all
select
ms_apps_utilities.get_display_value (
               ms_grc_utilities.active_ent_id,
               'MS_GRC_ALL',
               'All',
               1,
               (select LOCALE_ID from SI_LOCALES where LOCALE_STRING = (
            select LOCALE from SI_USERS_T where USER_NAME=:1 ))
               ) AS FORM_TITLE,'All' as object_type  FROM DUAL</code></pre></td>
													</tr>
													<tr>
														<td>Description</td>
														<td></td>
													</tr>
												</tbody>
											</table>
										</div>

										<h2 align="center" id="content">Analysis Report</h2>
										<hr>
 										<header class="major"><h2>Plan hash value: 279285575</h2></header>
										<pre><code>
 
---------------------------------------------------------------------------------------------------------------
| Id  | Operation                      | Name                         | Rows  | Bytes | Cost (%CPU)| Time     |
---------------------------------------------------------------------------------------------------------------
|   0 | SELECT STATEMENT               |                              |     8 |   560 |    11  (28)| 00:00:01 |
|   1 |  UNION-ALL                     |                              |       |       |            |          |
|*  2 |   HASH JOIN SEMI               |                              |     7 |   560 |     7  (15)| 00:00:01 |
<font style="background-color: lightblue; color: red">|*  3 |    TABLE ACCESS FULL           | MS_GRC_ORB_CONFIG_FORM_TITLE |    21 |   861 |     3   (0)| 00:00:01 |</font>
|   4 |     TABLE ACCESS BY INDEX ROWID| SI_USERS_T                   |     1 |    20 |     2   (0)| 00:00:01 |
<font style="background-color: lightblue; color: red">|*  5 |      INDEX SKIP SCAN           | SI_USERS_T_N2                |     1 |       |     1   (0)| 00:00:01 |</font>
|*  6 |    TABLE ACCESS BY INDEX ROWID | MS_GRC_REL_DEFN              |     9 |   351 |     3   (0)| 00:00:01 |
|*  7 |     INDEX RANGE SCAN           | MS_GRC_REL_DEFN_IDX1         |     9 |       |     2   (0)| 00:00:01 |
<font style="background-color: lightblue; color: red">|*  8 |   TABLE ACCESS FULL            | SI_LOCALES                   |     1 |    11 |     3   (0)| 00:00:01 |</font>
|   9 |    TABLE ACCESS BY INDEX ROWID | SI_USERS_T                   |     1 |    20 |     2   (0)| 00:00:01 |
<font style="background-color: lightblue; color: red">|* 10 |     INDEX SKIP SCAN            | SI_USERS_T_N2                |     1 |       |     1   (0)| 00:00:01 |</font>
|  11 |   FAST DUAL                    |                              |     1 |       |     2   (0)| 00:00:01 |
---------------------------------------------------------------------------------------------------------------
 
										</code></pre>
 										<header class="major"><h2>Query Block Name / Object Alias (identified by operation id):</h2></header>
										<pre><code>
-------------------------------------------------------------
 
   1 - SET$1       
   2 - SEL$5DA710D3
   3 - SEL$5DA710D3 / MS_GRC_ORB_CONFIG_FORM_TITLE@SEL$1
   4 - SEL$3        / SI_USERS_T@SEL$3
   5 - SEL$3        / SI_USERS_T@SEL$3
   6 - SEL$5DA710D3 / MS_GRC_REL_DEFN@SEL$2
   7 - SEL$5DA710D3 / MS_GRC_REL_DEFN@SEL$2
   8 - SEL$5        / SI_LOCALES@SEL$5
   9 - SEL$6        / SI_USERS_T@SEL$6
  10 - SEL$6        / SI_USERS_T@SEL$6
  11 - SEL$4        / DUAL@SEL$4
 
										</code></pre>
 										<header class="major"><h2>Predicate Information (identified by operation id):</h2></header>
										<pre><code>
---------------------------------------------------
 
   2 - access("OBJECT_TYPE"="DEST_OBJ_TYPE")
   3 - filter("LOCALE"= (SELECT "LOCALE" FROM "SI_USERS_T" "SI_USERS_T" WHERE "USER_NAME"=:1))
   5 - access("USER_NAME"=:1)
       filter("USER_NAME"=:1)
   6 - filter("ENABLED"='Y')
   7 - access("SRC_OBJ_TYPE"="MS_APPS_UTILITIES"."GET_PARAMETER_VALUE"(1,'MS GRC Mapping Report 
              Parameter','Library Object'))
   8 - filter("LOCALE_STRING"= (SELECT "LOCALE" FROM "SI_USERS_T" "SI_USERS_T" WHERE "USER_NAME"=:1))
  10 - access("USER_NAME"=:1)
       filter("USER_NAME"=:1)
 
										</code></pre>
 										<header class="major"><h2>Column Projection Information (identified by operation id):</h2></header>
										<pre><code>
-----------------------------------------------------------
 
   1 - STRDEF[4000], STRDEF[1600]
   2 - (#keys=1) "OBJECT_TYPE"[VARCHAR2,1600], "FORM_TITLE"[VARCHAR2,4000]
   3 - "OBJECT_TYPE"[VARCHAR2,1600], "FORM_TITLE"[VARCHAR2,4000]
   4 - "SI_USERS_T".ROWID[ROWID,10], "LOCALE"[VARCHAR2,400]
   5 - "SI_USERS_T".ROWID[ROWID,10]
   6 - "DEST_OBJ_TYPE"[VARCHAR2,512]
   7 - "MS_GRC_REL_DEFN".ROWID[ROWID,10], "DEST_OBJ_TYPE"[VARCHAR2,512]
   8 - "LOCALE_ID"[NUMBER,22], "LOCALE_STRING"[VARCHAR2,100]
   9 - "SI_USERS_T".ROWID[ROWID,10], "LOCALE"[VARCHAR2,400]
  10 - "SI_USERS_T".ROWID[ROWID,10]
										</code></pre>
								</section>
						</div>
					</div>

				<!-- Sidebar -->
				<div id="sidebar">
					<div class="inner">
						<!-- Menu -->
						<nav id="menu">
							<header class="major">
								<h2>Menu</h2>
							</header>
							<ul>
								<li><a href="index.html">Summary</a></li>
								<li>
									<span class="opener">DB Analysis</span>
									<ul>
										<li><a href="union.html">Bad SQL</a></li>
										<li><a href="poor-sql.html">Poor SQL Plan</a></li>
										<li><a href="invalid-sql.html">Invalid SQL</a></li>
										<li><a href="full-sql.html">Full SQL Report</a></li>
										<li><a href="db-primary-unique-key.html">Primary/Unique Key Miss</a></li>
										<li><a href="invalid-db-object.html">Invalid DB Objects</a></li>
									</ul>
								</li>
								<li>
									<span class="opener">Infolets</span>
									<ul>
										<li><a href="keep-history-infolets.html">Keep History Infolets</a></li>
									</ul>
								</li>
								<li>
									<span class="opener">Pushforms</span>
									<ul>
										<li><a href="pushform-denormalize.html">Pushform Denormalized</a></li>
									</ul>
								</li>
							</ul>
						</nav>

						<!-- Section -->
						<section>
							<header class="major">
								<h2>Get in touch</h2>
							</header>
							<p>You need more details on the report or want more functionality, don't hesitate to reach out to us.</p>
							<ul class="contact">
								<li class="fa-envelope-o"><a href="mailto:rnd@metricstream.com?Subject=Reg - Static Code Analysis Tool" target="_top">rnd@metricstream.com</a></li>
							</ul>
						</section>

						<!-- Footer -->
						<footer id="footer">
							<p class="copyright">&copy; <a href="http://www.metricstream.com" target="_blank">MetricStream</a>. All rights reserved. </p>
						</footer>
					</div>
				</div>
			</div>

		<!-- Scripts -->
			<script src="../lib/assets/js/jquery.min.js"></script>
			<script src="../lib/assets/js/skel.min.js"></script>
			<script src="../lib/assets/js/util.js"></script>
			<!--[if lte IE 8]><script src="../lib/assets/js/ie/respond.min.js"></script><![endif]-->
			<script src="../lib/assets/js/main.js"></script>
	</body>
</html>