<!DOCTYPE HTML>
<html>
	<head>
		<title>Code Analysis - MetricStream</title>
		<meta charset="utf-8" />
		<meta name="viewport" content="width=device-width, initial-scale=1, user-scalable=no" />
		<!--[if lte IE 8]><script src="assets/js/ie/html5shiv.js"></script><![endif]-->
		<link rel="stylesheet" href="../lib/assets/css/main.css" />
		<!--[if lte IE 9]><link rel="stylesheet" href="../lib/assets/css/ie9.css" /><![endif]-->
		<!--[if lte IE 8]><link rel="stylesheet" href="../lib/assets/css/ie8.css" /><![endif]-->
	</head>
	<body>

		<!-- Wrapper -->
			<div id="wrapper">

				<!-- Main -->
					<div id="main">
						<div class="inner">
							<!-- Header -->
								<header id="header">
									<a href="index.html" class="logo"><strong>Static Code Analysis Report</strong> by Code Analyzer Tool</a>
								</header>

							<!-- Content -->
								<section>
									<!-- Content -->
										<header class="major"><h2>Infolet Details</h2></header>
										<div class="table-wrapper">
											<table>
												<tbody>
													<tr>
														<td>Name</td>
														<td>MS_GRC_61_SP2_REQ_PARENT_INF_dbf (102673)</td>
													</tr>
													<tr>
														<td>SQL</td>
														<td><pre><code>SELECT OBJECT_ID,  
OBJECT_NAME 
FROM MS_GRC_REQUIREMENT_DENORM_RV
WHERE EXISTS

(SELECT column_value
FROM TABLE(cast(ms_grc_rep_browser_fil_denorm.fn_req_rpt_filter(NULL,NULL,NULL,NULL,NULL,NULL,NULL,NULL,NULL,NULL,NULL,NULL,NULL,NULL,NULL,NULL,NULL,NULL,NULL,NULL,NULL,NULL,NULL,NULL,NULL,NULL,NULL,NULL,NULL,NULL,NULL,NULL,NULL,NULL,NULL,NULL,NULL,NULL,NULL,NULL,NULL,NULL,NULL,'MS_GRC_REQUIREMENT',:1) as ms_varchar2_array)
)
WHERE column_value = OBJECT_ID
)
</code></pre></td>
													</tr>
													<tr>
														<td>Description</td>
														<td> MS_GRC_61_SP2_REQ_PARENT_INF_dbf </td>
													</tr>
												</tbody>
											</table>
										</div>

										<h2 align="center" id="content">Analysis Report</h2>
										<hr>
 										<header class="major"><h2>Plan hash value: 953375770</h2></header>
										<pre><code>
 
------------------------------------------------------------------------------------------------------------------
| Id  | Operation                             | Name                     | Rows  | Bytes | Cost (%CPU)| Time     |
------------------------------------------------------------------------------------------------------------------
|   0 | SELECT STATEMENT                      |                          |     1 |  3608 |    29   (0)| 00:00:01 |
|   1 |  NESTED LOOPS                         |                          |     1 |  3608 |    29   (0)| 00:00:01 |
<font style="background-color: lightblue; color: red">|   2 |   MERGE JOIN CARTESIAN                |                          |     1 |   804 |    29   (0)| 00:00:01 |</font>
|   3 |    INDEX FULL SCAN                    | MS_GRC_REQ_MLS_SUMM_IDX2 |     1 |   802 |     0   (0)| 00:00:01 |
|   4 |    BUFFER SORT                        |                          |  8168 | 16336 |    29   (0)| 00:00:01 |
|   5 |     SORT UNIQUE                       |                          |  8168 | 16336 |    29   (0)| 00:00:01 |
<font style="background-color: lightblue; color: red">|   6 |      COLLECTION ITERATOR PICKLER FETCH| FN_REQ_RPT_FILTER        |  8168 | 16336 |    29   (0)| 00:00:01 |</font>
|*  7 |   INDEX UNIQUE SCAN                   | MS_GRC_REQ_SUMMARY_PK    |     1 |  2804 |     0   (0)| 00:00:01 |
|*  8 |    INDEX RANGE SCAN                   | MS_GRC_REQ_SUMM_IDX1     |     1 |       |     0   (0)| 00:00:01 |
------------------------------------------------------------------------------------------------------------------
 
										</code></pre>
 										<header class="major"><h2>Query Block Name / Object Alias (identified by operation id):</h2></header>
										<pre><code>
-------------------------------------------------------------
 
   1 - SEL$84B45494
   3 - SEL$84B45494 / REQ_MLS@SEL$2
   6 - SEL$84B45494 / KOKBF$0@SEL$8
   7 - SEL$84B45494 / REQ_SUMM@SEL$2
   8 - SEL$84B45494 / REQ_SUMM@SEL$2
 
										</code></pre>
 										<header class="major"><h2>Predicate Information (identified by operation id):</h2></header>
										<pre><code>
---------------------------------------------------
 
   7 - access("REQ_SUMM"."OBJECT_ID"=VALUE(KOKBF$))
   8 - access("REQ_SUMM"."OBJECT_ID"=VALUE(KOKBF$))
       filter("REQ_MLS"."OBJECT_ID"="REQ_SUMM"."OBJECT_ID")
 
										</code></pre>
 										<header class="major"><h2>Column Projection Information (identified by operation id):</h2></header>
										<pre><code>
-----------------------------------------------------------
 
   1 - (#keys=0) "REQ_SUMM"."OBJECT_ID"[VARCHAR2,1600], "REQ_SUMM"."OBJECT_NAME"[VARCHAR2,4000]
   2 - (#keys=0) "REQ_MLS"."OBJECT_ID"[VARCHAR2,1600], VALUE(KOKBF$)[8000]
   3 - "REQ_MLS"."OBJECT_ID"[VARCHAR2,1600]
   4 - (#keys=0) VALUE(KOKBF$)[8000]
   5 - (#keys=1) VALUE(KOKBF$)[8000]
   6 - VALUE(A0)[8000]
   7 - "REQ_SUMM"."OBJECT_ID"[VARCHAR2,1600], "REQ_SUMM"."OBJECT_NAME"[VARCHAR2,4000]
   8 - "REQ_SUMM".ROWID[ROWID,3034], "UPPER_OBJECT_NAME"[VARCHAR2,3000], "OBJ_SUMM_WID"[NUMBER,22], 
       "REQ_SUMM"."OBJECT_ID"[VARCHAR2,1600], "REQ_SUMM"."OBJECT_NAME"[VARCHAR2,4000], 
       "REQ_SUMM".ROWID[ROWID,3034]
										</code></pre>
								</section>
						</div>
					</div>

				<!-- Sidebar -->
				<div id="sidebar">
					<div class="inner">
						<!-- Menu -->
						<nav id="menu">
							<header class="major">
								<h2>Menu</h2>
							</header>
							<ul>
								<li><a href="index.html">Summary</a></li>
								<li>
									<span class="opener">SQL Analysis</span>
									<ul>
										<li><a href="union.html">Union &amp; Union All</a></li>
										<li><a href="poor-sql.html">Poor Plan</a></li>
										<li><a href="invalid-sql.html">Invalid SQL</a></li>
										<li><a href="full-sql.html">Full Report</a></li>
									</ul>
								</li>
							</ul>
						</nav>

						<!-- Section -->
						<section>
							<header class="major">
								<h2>Get in touch</h2>
							</header>
							<p>You need more details on the report or want more functionality, don't hesitate to reach out to us.</p>
							<ul class="contact">
								<li class="fa-envelope-o"><a href="mailto:rnd@metricstream.com?Subject=Reg - Static Code Analysis Tool" target="_top">rnd@metricstream.com</a></li>
							</ul>
						</section>

						<!-- Footer -->
						<footer id="footer">
							<p class="copyright">&copy; <a href="http://www.metricstream.com" target="_blank">MetricStream</a>. All rights reserved. </p>
						</footer>
					</div>
				</div>
			</div>

		<!-- Scripts -->
			<script src="../lib/assets/js/jquery.min.js"></script>
			<script src="../lib/assets/js/skel.min.js"></script>
			<script src="../lib/assets/js/util.js"></script>
			<!--[if lte IE 8]><script src="../lib/assets/js/ie/respond.min.js"></script><![endif]-->
			<script src="../lib/assets/js/main.js"></script>
	</body>
</html>