<!DOCTYPE HTML>
<html>
	<head>
		<title>Code Analysis - MetricStream</title>
		<meta charset="utf-8" />
		<meta name="viewport" content="width=device-width, initial-scale=1, user-scalable=no" />
		<!--[if lte IE 8]><script src="assets/js/ie/html5shiv.js"></script><![endif]-->
		<link rel="stylesheet" href="../lib/assets/css/main.css" />
		<!--[if lte IE 9]><link rel="stylesheet" href="../lib/assets/css/ie9.css" /><![endif]-->
		<!--[if lte IE 8]><link rel="stylesheet" href="../lib/assets/css/ie8.css" /><![endif]-->
	</head>
	<body>

		<!-- Wrapper -->
			<div id="wrapper">

				<!-- Main -->
					<div id="main">
						<div class="inner">
							<!-- Header -->
								<header id="header">
									<a href="index.html" class="logo"><strong>Static Code Analysis Report</strong> by Code Analyzer Tool</a>
								</header>

							<!-- Content -->
								<section>
									<!-- Content -->
										<header class="major"><h2>Infolet Details</h2></header>
										<div class="table-wrapper">
											<table>
												<tbody>
													<tr>
														<td>Name</td>
														<td>MS_GRC_61_SP2_CONTROL_PARENT_INF_dbf (102625)</td>
													</tr>
													<tr>
														<td>SQL</td>
														<td><pre><code>SELECT OBJECT_ID,  
OBJECT_NAME 
FROM MS_GRC_CONTROL_DENORM_RV Rv
WHERE EXISTS
(SELECT column_value
FROM TABLE(cast(ms_grc_rep_browser_fil_denorm.fn_control_rpt_filters(NULL,NULL,NULL,NULL,NULL,NULL,NULL,NULL,NULL,NULL,NULL,NULL,NULL,NULL,NULL,NULL,NULL,NULL,NULL,NULL,NULL,NULL,NULL,NULL,NULL,NULL,NULL,NULL,NULL,NULL,NULL,NULL,NULL,NULL,NULL,NULL,NULL,NULL,NULL,NULL,NULL,NULL,NULL,NULL,'MS_GRC_CONTROL',NULL,:1) as ms_varchar2_array))
WHERE column_value = Rv.OBJECT_ID
)</code></pre></td>
													</tr>
													<tr>
														<td>Description</td>
														<td> MS_GRC_61_SP2_CONTROL_PARENT_INF_dbf </td>
													</tr>
												</tbody>
											</table>
										</div>

										<h2 align="center" id="content">Analysis Report</h2>
										<hr>
 										<header class="major"><h2>Plan hash value: 3374626652</h2></header>
										<pre><code>
 
----------------------------------------------------------------------------------------------------------------
| Id  | Operation                          | Name                      | Rows  | Bytes | Cost (%CPU)| Time     |
----------------------------------------------------------------------------------------------------------------
|   0 | SELECT STATEMENT                   |                           |     4 |   120 |    31   (4)| 00:00:01 |
|*  1 |  HASH JOIN SEMI                    |                           |     4 |   120 |    31   (4)| 00:00:01 |
|   2 |   NESTED LOOPS                     |                           |    12 |   336 |     1   (0)| 00:00:01 |
|   3 |    INDEX FULL SCAN                 | MS_GRC_CTRL_MLS_SUMM_IDX2 |    12 |   120 |     1   (0)| 00:00:01 |
|*  4 |    INDEX UNIQUE SCAN               | MS_GRC_CONTROL_SUMMARY_PK |     1 |    18 |     0   (0)| 00:00:01 |
|*  5 |     INDEX RANGE SCAN               | MS_GRC_CTRL_SUMM_IDX1     |     1 |       |     0   (0)| 00:00:01 |
<font style="background-color: lightblue; color: red">|   6 |   COLLECTION ITERATOR PICKLER FETCH| FN_CONTROL_RPT_FILTERS    |  8168 | 16336 |    29   (0)| 00:00:01 |</font>
----------------------------------------------------------------------------------------------------------------
 
										</code></pre>
 										<header class="major"><h2>Query Block Name / Object Alias (identified by operation id):</h2></header>
										<pre><code>
-------------------------------------------------------------
 
   1 - SEL$A1F6CD73
   3 - SEL$A1F6CD73 / MLSSUMM@SEL$2
   4 - SEL$A1F6CD73 / CONTSUMM@SEL$2
   5 - SEL$A1F6CD73 / CONTSUMM@SEL$2
   6 - SEL$A1F6CD73 / KOKBF$0@SEL$7
 
										</code></pre>
 										<header class="major"><h2>Predicate Information (identified by operation id):</h2></header>
										<pre><code>
---------------------------------------------------
 
   1 - access("CONTSUMM"."OBJECT_ID"=VALUE(KOKBF$))
   4 - access("CONTSUMM"."OBJECT_ID"="MLSSUMM"."OBJECT_ID")
   5 - access("CONTSUMM"."OBJECT_ID"="MLSSUMM"."OBJECT_ID")
 
										</code></pre>
 										<header class="major"><h2>Column Projection Information (identified by operation id):</h2></header>
										<pre><code>
-----------------------------------------------------------
 
   1 - (#keys=1) "CONTSUMM"."OBJECT_ID"[VARCHAR2,1600], "CONTSUMM"."OBJECT_NAME"[VARCHAR2,4000]
   2 - (#keys=0) "CONTSUMM"."OBJECT_ID"[VARCHAR2,1600], "CONTSUMM"."OBJECT_NAME"[VARCHAR2,4000]
   3 - "MLSSUMM"."OBJECT_ID"[VARCHAR2,1600]
   4 - "CONTSUMM"."OBJECT_ID"[VARCHAR2,1600], "CONTSUMM"."OBJECT_NAME"[VARCHAR2,4000]
   5 - "CONTSUMM".ROWID[ROWID,3034], "UPPER_OBJECT_NAME"[VARCHAR2,3000], "OBJ_SUMM_WID"[NUMBER,22], 
       "CONTSUMM"."OBJECT_ID"[VARCHAR2,1600], "CONTSUMM"."OBJECT_NAME"[VARCHAR2,4000], 
       "CONTSUMM".ROWID[ROWID,3034]
   6 - VALUE(A0)[8000]
										</code></pre>
								</section>
						</div>
					</div>

				<!-- Sidebar -->
				<div id="sidebar">
					<div class="inner">
						<!-- Menu -->
						<nav id="menu">
							<header class="major">
								<h2>Menu</h2>
							</header>
							<ul>
								<li><a href="index.html">Summary</a></li>
								<li>
									<span class="opener">SQL Analysis</span>
									<ul>
										<li><a href="union.html">Union &amp; Union All</a></li>
										<li><a href="poor-sql.html">Poor Plan</a></li>
										<li><a href="invalid-sql.html">Invalid SQL</a></li>
										<li><a href="full-sql.html">Full Report</a></li>
									</ul>
								</li>
							</ul>
						</nav>

						<!-- Section -->
						<section>
							<header class="major">
								<h2>Get in touch</h2>
							</header>
							<p>You need more details on the report or want more functionality, don't hesitate to reach out to us.</p>
							<ul class="contact">
								<li class="fa-envelope-o"><a href="mailto:rnd@metricstream.com?Subject=Reg - Static Code Analysis Tool" target="_top">rnd@metricstream.com</a></li>
							</ul>
						</section>

						<!-- Footer -->
						<footer id="footer">
							<p class="copyright">&copy; <a href="http://www.metricstream.com" target="_blank">MetricStream</a>. All rights reserved. </p>
						</footer>
					</div>
				</div>
			</div>

		<!-- Scripts -->
			<script src="../lib/assets/js/jquery.min.js"></script>
			<script src="../lib/assets/js/skel.min.js"></script>
			<script src="../lib/assets/js/util.js"></script>
			<!--[if lte IE 8]><script src="../lib/assets/js/ie/respond.min.js"></script><![endif]-->
			<script src="../lib/assets/js/main.js"></script>
	</body>
</html>