<!DOCTYPE HTML>
<html>
	<head>
		<title>Code Analysis - MetricStream</title>
		<meta charset="utf-8" />
		<meta name="viewport" content="width=device-width, initial-scale=1, user-scalable=no" />
		<!--[if lte IE 8]><script src="assets/js/ie/html5shiv.js"></script><![endif]-->
		<link rel="stylesheet" href="../lib/assets/css/main.css" />
		<!--[if lte IE 9]><link rel="stylesheet" href="../lib/assets/css/ie9.css" /><![endif]-->
		<!--[if lte IE 8]><link rel="stylesheet" href="../lib/assets/css/ie8.css" /><![endif]-->
	</head>
	<body>

		<!-- Wrapper -->
			<div id="wrapper">

				<!-- Main -->
					<div id="main">
						<div class="inner">
							<!-- Header -->
								<header id="header">
									<a href="index.html" class="logo"><strong>Static Code Analysis Report</strong> by Code Analyzer Tool</a>
								</header>

							<!-- Content -->
								<section>
									<!-- Content -->
										<header class="major"><h2>Infolet Details</h2></header>
										<div class="table-wrapper">
											<table>
												<tbody>
													<tr>
														<td>Name</td>
														<td>MS_GRC_61_SP2_QUE_PROC_LIST_INF (102665)</td>
													</tr>
													<tr>
														<td>SQL</td>
														<td><pre><code>SELECT OBJECT_ID,
  OBJECT_NAME_URL,
  RESPONSE_TYPE,
  QUESTION_NATURE,
  QUESTION_TYPE,
  QUESTION_CAT,
  OBJECT_STATUS,
  CREATED_ON,
  CREATED_BY,
  UPDATED_ON,
  UPDATED_BY,
  VALID_FROM,
  VALID_UNTIL,
  QUESTION,
  OBJECTIVE,
  OWNER_ORG_NAMES,
  OWNER_NAME,
  LEVEL_1_APPROVER,
  LEVEL_2_APPROVER,
  REL_ORGANIZATION_NAMES,
  REL_AOC_OBJ_NAME_AGG,
  REL_ASSET_OBJ_NAME_AGG,
  REL_ASSET_CLASS_OBJ_NAME_AGG,
  REL_CTRL_OBJ_NAME_AGG,
  REL_PROCESS_OBJ_NAME_AGG,
  REL_REFRENCES_OBJ_NAME_AGG,
  REL_REQUIREMENT_OBJ_NAME_AGG,
  REL_STANDARD_OBJ_NAME_AGG
FROM MS_GRC_QUE_PROC_DENORM_RV
WHERE LOCALE =
  (SELECT LOCALE FROM SI_USERS_T WHERE USER_NAME = :31
  )
AND NVL(is_orphan, 1)=NVL(:4,NVL(is_orphan,1))
AND EXISTS
    (SELECT column_value
    FROM TABLE(CAST(ms_grc_rep_browser_fil_denorm.fn_QUES_PROC_report_filters(:1,:2,:3,:5,:6,:7,:8,:9,:10,:11,:12,:13,:14,:15,:16, :17, :18,:19,:20,:21,:22,:23,:24,
	:25,NULL, :26,NULL, NULL,NULL,NULL,NULL,NULL,:27,NULL,NULL,:28,:29, NULL,:30,'MS_GRC_QUESTION_PROCEDURE',:31)as ms_varchar2_array))
  WHERE column_value = OBJECT_ID)order by upper(object_name)</code></pre></td>
													</tr>
													<tr>
														<td>Description</td>
														<td> MS_GRC_61_SP2_QUE_PROC_LIST_INF </td>
													</tr>
												</tbody>
											</table>
										</div>

										<h2 align="center" id="content">Analysis Report</h2>
										<hr>
 										<header class="major"><h2>Plan hash value: 971940910</h2></header>
										<pre><code>
 
---------------------------------------------------------------------------------------------------------------------
| Id  | Operation                           | Name                          | Rows  | Bytes | Cost (%CPU)| Time     |
---------------------------------------------------------------------------------------------------------------------
|   0 | SELECT STATEMENT                    |                               |     1 | 42333 |    33   (7)| 00:00:01 |
|   1 |  TABLE ACCESS BY INDEX ROWID        | SI_USERS_T                    |     1 |    32 |     2   (0)| 00:00:01 |
<font style="background-color: lightblue; color: red">|*  2 |   INDEX SKIP SCAN                   | SI_USERS_T_N2                 |     1 |       |     1   (0)| 00:00:01 |</font>
|   3 |  TABLE ACCESS BY INDEX ROWID        | SI_USERS_T                    |     1 |    32 |     2   (0)| 00:00:01 |
<font style="background-color: lightblue; color: red">|*  4 |   INDEX SKIP SCAN                   | SI_USERS_T_N2                 |     1 |       |     1   (0)| 00:00:01 |</font>
|   5 |  TABLE ACCESS BY INDEX ROWID        | SI_USERS_T                    |     1 |    32 |     2   (0)| 00:00:01 |
<font style="background-color: lightblue; color: red">|*  6 |   INDEX SKIP SCAN                   | SI_USERS_T_N2                 |     1 |       |     1   (0)| 00:00:01 |</font>
|   7 |  TABLE ACCESS BY INDEX ROWID        | SI_USERS_T                    |     1 |    32 |     2   (0)| 00:00:01 |
<font style="background-color: lightblue; color: red">|*  8 |   INDEX SKIP SCAN                   | SI_USERS_T_N2                 |     1 |       |     1   (0)| 00:00:01 |</font>
|   9 |  SORT ORDER BY                      |                               |     1 | 42333 |    33   (7)| 00:00:01 |
|* 10 |   HASH JOIN SEMI                    |                               |     1 | 42333 |    30   (4)| 00:00:01 |
|  11 |    NESTED LOOPS                     |                               |     1 | 42331 |     0   (0)| 00:00:01 |
|* 12 |     INDEX FULL SCAN                 | MS_GRC_QUEPROC_SUMMARY_PK     |     1 | 32106 |     0   (0)| 00:00:01 |
|* 13 |     TABLE ACCESS BY INDEX ROWID     | MS_GRC_QUE_PROC_MLS_SUMMARY   |     1 | 10225 |     0   (0)| 00:00:01 |
|* 14 |      INDEX RANGE SCAN               | MS_GRC_QUE_PROC_MLS_SUMM_IDX1 |     1 |       |     0   (0)| 00:00:01 |
|  15 |      TABLE ACCESS BY INDEX ROWID    | SI_USERS_T                    |     1 |    20 |     2   (0)| 00:00:01 |
<font style="background-color: lightblue; color: red">|* 16 |       INDEX SKIP SCAN               | SI_USERS_T_N2                 |     1 |       |     1   (0)| 00:00:01 |</font>
<font style="background-color: lightblue; color: red">|  17 |    COLLECTION ITERATOR PICKLER FETCH| FN_QUES_PROC_REPORT_FILTERS   |  8168 | 16336 |    29   (0)| 00:00:01 |</font>
---------------------------------------------------------------------------------------------------------------------
 
										</code></pre>
 										<header class="major"><h2>Query Block Name / Object Alias (identified by operation id):</h2></header>
										<pre><code>
-------------------------------------------------------------
 
   1 - SEL$6        / USR@SEL$6
   2 - SEL$6        / USR@SEL$6
   3 - SEL$5        / USR@SEL$5
   4 - SEL$5        / USR@SEL$5
   5 - SEL$3        / USR@SEL$3
   6 - SEL$3        / USR@SEL$3
   7 - SEL$4        / USR@SEL$4
   8 - SEL$4        / USR@SEL$4
   9 - SEL$8C246A20
  12 - SEL$8C246A20 / QUESUMM@SEL$2
  13 - SEL$8C246A20 / QUEMLSSUMM@SEL$2
  14 - SEL$8C246A20 / QUEMLSSUMM@SEL$2
  15 - SEL$7        / SI_USERS_T@SEL$7
  16 - SEL$7        / SI_USERS_T@SEL$7
  17 - SEL$8C246A20 / KOKBF$0@SEL$9
 
										</code></pre>
 										<header class="major"><h2>Predicate Information (identified by operation id):</h2></header>
										<pre><code>
---------------------------------------------------
 
   2 - access("USR"."USER_NAME"=:B1)
       filter("USR"."USER_NAME"=:B1)
   4 - access("USR"."USER_NAME"=:B1)
       filter("USR"."USER_NAME"=:B1)
   6 - access("USR"."USER_NAME"=:B1)
       filter("USR"."USER_NAME"=:B1)
   8 - access("USR"."USER_NAME"=:B1)
       filter("USR"."USER_NAME"=:B1)
  10 - access("QUESUMM"."OBJECT_ID"=VALUE(KOKBF$))
  12 - filter(NVL("IS_ORPHAN",1)=NVL(:4,NVL("IS_ORPHAN",1)))
  13 - filter("QUEMLSSUMM"."LOCALE"= (SELECT "LOCALE" FROM "SI_USERS_T" "SI_USERS_T" WHERE "USER_NAME"=:31))
  14 - access("QUESUMM"."OBJ_QUE_PROC_SUMM_WID"="QUEMLSSUMM"."OBJ_QUE_PROC_SUMM_WID")
  16 - access("USER_NAME"=:31)
       filter("USER_NAME"=:31)
 
										</code></pre>
 										<header class="major"><h2>Column Projection Information (identified by operation id):</h2></header>
										<pre><code>
-----------------------------------------------------------
 
   1 - "USR".ROWID[ROWID,10], "USR"."LAST_NAME"[VARCHAR2,400], "USR"."FIRST_NAME"[VARCHAR2,400]
   2 - "USR".ROWID[ROWID,10]
   3 - "USR".ROWID[ROWID,10], "USR"."LAST_NAME"[VARCHAR2,400], "USR"."FIRST_NAME"[VARCHAR2,400]
   4 - "USR".ROWID[ROWID,10]
   5 - "USR".ROWID[ROWID,10], "USR"."LAST_NAME"[VARCHAR2,400], "USR"."FIRST_NAME"[VARCHAR2,400]
   6 - "USR".ROWID[ROWID,10]
   7 - "USR".ROWID[ROWID,10], "USR"."LAST_NAME"[VARCHAR2,400], "USR"."FIRST_NAME"[VARCHAR2,400]
   8 - "USR".ROWID[ROWID,10]
   9 - (#keys=1) UPPER("QUESUMM"."OBJECT_NAME")[4000], "QUESUMM"."OBJECT_ID"[VARCHAR2,400], 
       "QUESUMM"."OBJECT_NAME_URL"[VARCHAR2,4000], "QUEMLSSUMM"."RESPONSE_TYPE"[VARCHAR2,4000], 
       "QUEMLSSUMM"."QUESTION_NATURE"[VARCHAR2,4000], "QUEMLSSUMM"."QUESTION_TYPE"[VARCHAR2,4000], 
       "QUEMLSSUMM"."QUESTION_CAT"[4000], "QUEMLSSUMM"."OBJECT_STATUS"[VARCHAR2,4000], "CREATED_ON"[DATE,7],  
       (SELECT "USR"."FIRST_NAME"||' '||"USR"."LAST_NAME" FROM MAZARS_DEV."SI_USERS_T" "USR" WHERE 
       "USR"."USER_NAME"=:B1)[801], "UPDATED_ON"[DATE,7],  (SELECT "USR"."FIRST_NAME"||' '||"USR"."LAST_NAME" FROM 
       MAZARS_DEV."SI_USERS_T" "USR" WHERE "USR"."USER_NAME"=:B2)[801], "QUESUMM"."VALID_FROM"[DATE,7], 
       "QUESUMM"."VALID_UNTIL"[DATE,7], "QUESUMM"."QUESTION"[4000], "QUESUMM"."OBJECTIVE"[4000], 
       "OWNER_ORG_NAMES"[4000], "OWNER_NAME"[4000],  (SELECT "USR"."FIRST_NAME"||' '||"USR"."LAST_NAME" FROM 
       MAZARS_DEV."SI_USERS_T" "USR" WHERE "USR"."USER_NAME"=:B3)[801],  (SELECT "USR"."FIRST_NAME"||' 
       '||"USR"."LAST_NAME" FROM MAZARS_DEV."SI_USERS_T" "USR" WHERE "USR"."USER_NAME"=:B4)[801], 
       "REL_ORGANIZATION_NAMES"[4000], "REL_AOC_OBJ_NAME_AGG"[4000], "REL_ASSET_OBJ_NAME_AGG"[4000], 
       "REL_ASSET_CLASS_OBJ_NAME_AGG"[4000], "REL_CTRL_OBJ_NAME_AGG"[4000], "REL_PROCESS_OBJ_NAME_AGG"[4000], 
       "REL_REFRENCES_OBJ_NAME_AGG"[4000], "REL_REQUIREMENT_OBJ_NAME_AGG"[4000], "REL_STANDARD_OBJ_NAME_AGG"[4000]
  10 - (#keys=1) "QUESUMM"."OBJECT_ID"[VARCHAR2,400], "QUEMLSSUMM"."QUESTION_CAT"[LOB,4000], 
       "QUESUMM"."OBJECT_NAME"[VARCHAR2,4000], "QUESUMM"."QUESTION"[LOB,4000], "QUESUMM"."OBJECTIVE"[LOB,4000], 
       "QUESUMM"."VALID_UNTIL"[DATE,7], "QUESUMM"."VALID_FROM"[DATE,7], "QUESUMM"."OBJECT_NAME_URL"[VARCHAR2,4000], 
       "OWNER_NAME"[LOB,4000], "OWNER_ORG_NAMES"[LOB,4000], "QUESUMM"."LEVEL_1_APPROVER"[VARCHAR2,1000], 
       "QUESUMM"."LEVEL_2_APPROVER"[VARCHAR2,1000], "QUESUMM"."UPDATED_BY"[VARCHAR2,804], "UPDATED_ON"[DATE,7], 
       "QUESUMM"."CREATED_BY"[VARCHAR2,804], "CREATED_ON"[DATE,7], "REL_AOC_OBJ_NAME_AGG"[LOB,4000], 
       "REL_ASSET_CLASS_OBJ_NAME_AGG"[LOB,4000], "REL_ASSET_OBJ_NAME_AGG"[LOB,4000], 
       "REL_CTRL_OBJ_NAME_AGG"[LOB,4000], "REL_ORGANIZATION_NAMES"[LOB,4000], "REL_PROCESS_OBJ_NAME_AGG"[LOB,4000], 
       "REL_REFRENCES_OBJ_NAME_AGG"[LOB,4000], "REL_REQUIREMENT_OBJ_NAME_AGG"[LOB,4000], 
       "REL_STANDARD_OBJ_NAME_AGG"[LOB,4000], "QUEMLSSUMM"."OBJECT_STATUS"[VARCHAR2,4000], 
       "QUEMLSSUMM"."RESPONSE_TYPE"[VARCHAR2,4000], "QUEMLSSUMM"."QUESTION_NATURE"[VARCHAR2,4000], 
       "QUEMLSSUMM"."QUESTION_TYPE"[VARCHAR2,4000]
  11 - (#keys=0) "QUESUMM".ROWID[ROWID,3034], "UPPER_OBJECT_NAME"[VARCHAR2,3000], 
       "QUESUMM"."OBJ_QUE_PROC_SUMM_WID"[NUMBER,22], "QUESUMM"."OBJECT_ID"[VARCHAR2,400], 
       "QUESUMM"."OBJECT_NAME"[VARCHAR2,4000], "QUESUMM"."QUESTION"[LOB,4000], "QUESUMM"."OBJECTIVE"[LOB,4000], 
       "QUESUMM"."VALID_UNTIL"[DATE,7], "QUESUMM"."VALID_FROM"[DATE,7], "QUESUMM"."OBJECT_NAME_URL"[VARCHAR2,4000], 
       "OWNER_NAME"[LOB,4000], "OWNER_ORG_NAMES"[LOB,4000], "QUESUMM"."LEVEL_1_APPROVER"[VARCHAR2,1000], 
       "QUESUMM"."LEVEL_2_APPROVER"[VARCHAR2,1000], "QUESUMM"."UPDATED_BY"[VARCHAR2,804], "UPDATED_ON"[DATE,7], 
       "QUESUMM"."CREATED_BY"[VARCHAR2,804], "CREATED_ON"[DATE,7], "REL_AOC_OBJ_NAME_AGG"[LOB,4000], 
       "REL_ASSET_CLASS_OBJ_NAME_AGG"[LOB,4000], "REL_ASSET_OBJ_NAME_AGG"[LOB,4000], 
       "REL_CTRL_OBJ_NAME_AGG"[LOB,4000], "REL_ORGANIZATION_NAMES"[LOB,4000], "REL_PROCESS_OBJ_NAME_AGG"[LOB,4000], 
       "REL_REFRENCES_OBJ_NAME_AGG"[LOB,4000], "REL_REQUIREMENT_OBJ_NAME_AGG"[LOB,4000], 
       "REL_STANDARD_OBJ_NAME_AGG"[LOB,4000], "IS_ORPHAN"[NUMBER,22], "QUEMLSSUMM".ROWID[ROWID,10], 
       "QUEMLSSUMM"."OBJ_QUE_PROC_SUMM_WID"[NUMBER,22], "QUEMLSSUMM"."LOCALE"[VARCHAR2,400], 
       "QUEMLSSUMM"."OBJECT_STATUS"[VARCHAR2,4000], "QUEMLSSUMM"."RESPONSE_TYPE"[VARCHAR2,4000], 
       "QUEMLSSUMM"."QUESTION_NATURE"[VARCHAR2,4000], "QUEMLSSUMM"."QUESTION_TYPE"[VARCHAR2,4000], 
       "QUEMLSSUMM"."QUESTION_CAT"[LOB,4000]
  12 - "QUESUMM".ROWID[ROWID,3034], "UPPER_OBJECT_NAME"[VARCHAR2,3000], 
       "QUESUMM"."OBJ_QUE_PROC_SUMM_WID"[NUMBER,22], "QUESUMM"."OBJECT_ID"[VARCHAR2,400], 
       "QUESUMM"."OBJECT_NAME"[VARCHAR2,4000], "QUESUMM"."QUESTION"[LOB,4000], "QUESUMM"."OBJECTIVE"[LOB,4000], 
       "QUESUMM"."VALID_UNTIL"[DATE,7], "QUESUMM"."VALID_FROM"[DATE,7], "QUESUMM"."OBJECT_NAME_URL"[VARCHAR2,4000], 
       "OWNER_NAME"[LOB,4000], "OWNER_ORG_NAMES"[LOB,4000], "QUESUMM"."LEVEL_1_APPROVER"[VARCHAR2,1000], 
       "QUESUMM"."LEVEL_2_APPROVER"[VARCHAR2,1000], "QUESUMM"."UPDATED_BY"[VARCHAR2,804], "UPDATED_ON"[DATE,7], 
       "QUESUMM"."CREATED_BY"[VARCHAR2,804], "CREATED_ON"[DATE,7], "REL_AOC_OBJ_NAME_AGG"[LOB,4000], 
       "REL_ASSET_CLASS_OBJ_NAME_AGG"[LOB,4000], "REL_ASSET_OBJ_NAME_AGG"[LOB,4000], 
       "REL_CTRL_OBJ_NAME_AGG"[LOB,4000], "REL_ORGANIZATION_NAMES"[LOB,4000], "REL_PROCESS_OBJ_NAME_AGG"[LOB,4000], 
       "REL_REFRENCES_OBJ_NAME_AGG"[LOB,4000], "REL_REQUIREMENT_OBJ_NAME_AGG"[LOB,4000], 
       "REL_STANDARD_OBJ_NAME_AGG"[LOB,4000], "IS_ORPHAN"[NUMBER,22]
  13 - "QUEMLSSUMM".ROWID[ROWID,10], "QUEMLSSUMM"."OBJ_QUE_PROC_SUMM_WID"[NUMBER,22], 
       "QUEMLSSUMM"."LOCALE"[VARCHAR2,400], "QUEMLSSUMM"."OBJECT_STATUS"[VARCHAR2,4000], 
       "QUEMLSSUMM"."RESPONSE_TYPE"[VARCHAR2,4000], "QUEMLSSUMM"."QUESTION_NATURE"[VARCHAR2,4000], 
       "QUEMLSSUMM"."QUESTION_TYPE"[VARCHAR2,4000], "QUEMLSSUMM"."QUESTION_CAT"[LOB,4000]
  14 - "QUEMLSSUMM".ROWID[ROWID,10], "QUEMLSSUMM"."OBJ_QUE_PROC_SUMM_WID"[NUMBER,22]
  15 - "SI_USERS_T".ROWID[ROWID,10], "USER_NAME"[VARCHAR2,320], "LOCALE"[VARCHAR2,400]
  16 - "SI_USERS_T".ROWID[ROWID,10], "USER_NAME"[VARCHAR2,320]
  17 - VALUE(A0)[8000]
										</code></pre>
								</section>
						</div>
					</div>

				<!-- Sidebar -->
				<div id="sidebar">
					<div class="inner">
						<!-- Menu -->
						<nav id="menu">
							<header class="major">
								<h2>Menu</h2>
							</header>
							<ul>
								<li><a href="index.html">Summary</a></li>
								<li>
									<span class="opener">DB Analysis</span>
									<ul>
										<li><a href="union.html">Bad SQL</a></li>
										<li><a href="poor-sql.html">Poor SQL Plan</a></li>
										<li><a href="invalid-sql.html">Invalid SQL</a></li>
										<li><a href="full-sql.html">Full SQL Report</a></li>
										<li><a href="db-primary-unique-key.html">Primary/Unique Key Miss</a></li>
										<li><a href="invalid-db-object.html">Invalid DB Objects</a></li>
									</ul>
								</li>
								<li>
									<span class="opener">Infolets</span>
									<ul>
										<li><a href="keep-history-infolets.html">Keep History Infolets</a></li>
									</ul>
								</li>
							</ul>
						</nav>

						<!-- Section -->
						<section>
							<header class="major">
								<h2>Get in touch</h2>
							</header>
							<p>You need more details on the report or want more functionality, don't hesitate to reach out to us.</p>
							<ul class="contact">
								<li class="fa-envelope-o"><a href="mailto:rnd@metricstream.com?Subject=Reg - Static Code Analysis Tool" target="_top">rnd@metricstream.com</a></li>
							</ul>
						</section>

						<!-- Footer -->
						<footer id="footer">
							<p class="copyright">&copy; <a href="http://www.metricstream.com" target="_blank">MetricStream</a>. All rights reserved. </p>
						</footer>
					</div>
				</div>
			</div>

		<!-- Scripts -->
			<script src="../lib/assets/js/jquery.min.js"></script>
			<script src="../lib/assets/js/skel.min.js"></script>
			<script src="../lib/assets/js/util.js"></script>
			<!--[if lte IE 8]><script src="../lib/assets/js/ie/respond.min.js"></script><![endif]-->
			<script src="../lib/assets/js/main.js"></script>
	</body>
</html>