<!DOCTYPE HTML>
<html>
	<head>
		<title>Code Analysis - MetricStream</title>
		<meta charset="utf-8" />
		<meta name="viewport" content="width=device-width, initial-scale=1, user-scalable=no" />
		<!--[if lte IE 8]><script src="assets/js/ie/html5shiv.js"></script><![endif]-->
		<link rel="stylesheet" href="../lib/assets/css/main.css" />
		<!--[if lte IE 9]><link rel="stylesheet" href="../lib/assets/css/ie9.css" /><![endif]-->
		<!--[if lte IE 8]><link rel="stylesheet" href="../lib/assets/css/ie8.css" /><![endif]-->
	</head>
	<body>

		<!-- Wrapper -->
			<div id="wrapper">

				<!-- Main -->
					<div id="main">
						<div class="inner">
							<!-- Header -->
								<header id="header">
									<a href="index.html" class="logo"><strong>Static Code Analysis Report</strong> by Code Analyzer Tool</a>
								</header>

							<!-- Content -->
								<section>
									<!-- Content -->
										<header class="major"><h2>Infolet Details</h2></header>
										<div class="table-wrapper">
											<table>
												<tbody>
													<tr>
														<td>Name</td>
														<td>MS_GRC_61_SP2_OBJ_REP_INF (102644)</td>
													</tr>
													<tr>
														<td>SQL</td>
														<td><pre><code>SELECT OBJECT_ID  AS Objective_id,
  OBJECT_NAME     AS Objective_name,
  OBJECT_NAME_URL AS Objective_name_Url,
  Objective_Type,
  key_objective,
  Coso_Type,
  OBJECT_LEVEL,
  OBJECT_PARENT,
  OBJECT_STATUS,
  CREATED_date,
  CREATED_BY,
  UPDATED_date,
  UPDATED_BY,
  VALID_FROM,
  VALID_UNTIL,
  Description,
OWNER_ORG_NAMES,
OWNER_NAME,
  LEVEL_1_APPROVER,
  LEVEL_2_APPROVER,
  REL_ORGANIZATION_NAMES,
  REL_AOC_OBJ_NAME_AGG,
  REL_ASSET_OBJ_NAME_AGG,
  REL_ASSET_CLASS_OBJ_NAME_AGG,
  REL_CTRL_OBJ_NAME_AGG,
  REL_FIN_ACT_OBJ_NAME_AGG,
  REL_FUNCTION_OBJ_NAME_AGG,
  REL_OBJECTIVE_OBJ_NAME_AGG,
  REL_PROCESS_OBJ_NAME_AGG,
  REL_PRODUCT_NAME_AGG,
  REL_REFRENCES_OBJ_NAME_AGG,
  REL_REQUIREMENT_OBJ_NAME_AGG,
  REL_RISK_OBJ_NAME_AGG
FROM MS_GRC_OBJECTIVE_DENORM_RV
WHERE LOCALE =
  (SELECT LOCALE FROM si_users_t WHERE USER_NAME = :36
  )
AND NVL(is_orphan, 1)=NVL(:6,NVL(is_orphan,1))
AND EXISTS
    (Select column_value
    FROM TABLE(CAST(ms_grc_rep_browser_fil_denorm.fn_obj_report_filter(:1,:2,:3,:4,:5, :7,:8,:9,:10,:11,:12,:13,:14,:15,:16, :17,:18,:19,:20,:21,:22, :23,:24,
	:25,:26,NULL,:27,:28,NULL,:29,NULL,:30,NULL,:31,:32,NULL,:33,:34, :35,NULL,'MS_GRC_OBJECTIVES',:36) as ms_varchar2_array))
  WHERE column_value = OBJECT_ID)</code></pre></td>
													</tr>
													<tr>
														<td>Description</td>
														<td> MS_GRC_61_SP2_OBJ_REP_INF </td>
													</tr>
												</tbody>
											</table>
										</div>

										<h2 align="center" id="content">Analysis Report</h2>
										<hr>
 										<header class="major"><h2>Plan hash value: 1180136981</h2></header>
										<pre><code>
 
-------------------------------------------------------------------------------------------------------------------
| Id  | Operation                          | Name                         | Rows  | Bytes | Cost (%CPU)| Time     |
-------------------------------------------------------------------------------------------------------------------
|   0 | SELECT STATEMENT                   |                              |     1 | 48023 |    32   (4)| 00:00:01 |
|   1 |  TABLE ACCESS BY INDEX ROWID       | MS_GRC_OBJECTIVES            |     1 |  2204 |     0   (0)| 00:00:01 |
|*  2 |   INDEX UNIQUE SCAN                | MS_GRC_OBJECTIVES_PK         |     1 |       |     0   (0)| 00:00:01 |
|   3 |  TABLE ACCESS BY INDEX ROWID       | SI_USERS_T                   |     1 |    32 |     2   (0)| 00:00:01 |
<font style="background-color: lightblue; color: red">|*  4 |   INDEX SKIP SCAN                  | SI_USERS_T_N2                |     1 |       |     1   (0)| 00:00:01 |</font>
|   5 |  TABLE ACCESS BY INDEX ROWID       | SI_USERS_T                   |     1 |    32 |     2   (0)| 00:00:01 |
<font style="background-color: lightblue; color: red">|*  6 |   INDEX SKIP SCAN                  | SI_USERS_T_N2                |     1 |       |     1   (0)| 00:00:01 |</font>
|   7 |  TABLE ACCESS BY INDEX ROWID       | SI_USERS_T                   |     1 |    32 |     2   (0)| 00:00:01 |
<font style="background-color: lightblue; color: red">|*  8 |   INDEX SKIP SCAN                  | SI_USERS_T_N2                |     1 |       |     1   (0)| 00:00:01 |</font>
|   9 |  TABLE ACCESS BY INDEX ROWID       | SI_USERS_T                   |     1 |    32 |     2   (0)| 00:00:01 |
<font style="background-color: lightblue; color: red">|* 10 |   INDEX SKIP SCAN                  | SI_USERS_T_N2                |     1 |       |     1   (0)| 00:00:01 |</font>
|* 11 |  HASH JOIN SEMI                    |                              |     1 | 48023 |    30   (4)| 00:00:01 |
|  12 |   NESTED LOOPS                     |                              |     1 | 48021 |     0   (0)| 00:00:01 |
|* 13 |    INDEX FULL SCAN                 | MS_GRC_OBJ_PK                |     1 | 38497 |     0   (0)| 00:00:01 |
|* 14 |    TABLE ACCESS BY INDEX ROWID     | MS_GRC_OBJECTIVE_MLS_SUMMARY |     1 |  9524 |     0   (0)| 00:00:01 |
|* 15 |     INDEX RANGE SCAN               | MS_GRC_OBJC_MLS_SUMM_IDX2    |     1 |       |     0   (0)| 00:00:01 |
|  16 |     TABLE ACCESS BY INDEX ROWID    | SI_USERS_T                   |     1 |    20 |     2   (0)| 00:00:01 |
<font style="background-color: lightblue; color: red">|* 17 |      INDEX SKIP SCAN               | SI_USERS_T_N2                |     1 |       |     1   (0)| 00:00:01 |</font>
<font style="background-color: lightblue; color: red">|  18 |   COLLECTION ITERATOR PICKLER FETCH| FN_OBJ_REPORT_FILTER         |  8168 | 16336 |    29   (0)| 00:00:01 |</font>
-------------------------------------------------------------------------------------------------------------------
 
										</code></pre>
 										<header class="major"><h2>Query Block Name / Object Alias (identified by operation id):</h2></header>
										<pre><code>
-------------------------------------------------------------
 
   1 - SEL$3        / OBJC@SEL$3
   2 - SEL$3        / OBJC@SEL$3
   3 - SEL$4        / USR@SEL$4
   4 - SEL$4        / USR@SEL$4
   5 - SEL$5        / USR@SEL$5
   6 - SEL$5        / USR@SEL$5
   7 - SEL$6        / USR@SEL$6
   8 - SEL$6        / USR@SEL$6
   9 - SEL$7        / USR@SEL$7
  10 - SEL$7        / USR@SEL$7
  11 - SEL$5BF4AECF
  13 - SEL$5BF4AECF / OBJSUMM@SEL$2
  14 - SEL$5BF4AECF / MLSSUMM@SEL$2
  15 - SEL$5BF4AECF / MLSSUMM@SEL$2
  16 - SEL$8        / SI_USERS_T@SEL$8
  17 - SEL$8        / SI_USERS_T@SEL$8
  18 - SEL$5BF4AECF / KOKBF$0@SEL$10
 
										</code></pre>
 										<header class="major"><h2>Predicate Information (identified by operation id):</h2></header>
										<pre><code>
---------------------------------------------------
 
   2 - access("OBJC"."OBJECT_ID"=:B1)
   4 - access("USR"."USER_NAME"=:B1)
       filter("USR"."USER_NAME"=:B1)
   6 - access("USR"."USER_NAME"=:B1)
       filter("USR"."USER_NAME"=:B1)
   8 - access("USR"."USER_NAME"=:B1)
       filter("USR"."USER_NAME"=:B1)
  10 - access("USR"."USER_NAME"=:B1)
       filter("USR"."USER_NAME"=:B1)
  11 - access("OBJSUMM"."OBJECT_ID"=VALUE(KOKBF$))
  13 - filter(NVL("OBJSUMM"."IS_ORPHAN",1)=NVL(:6,NVL("OBJSUMM"."IS_ORPHAN",1)))
  14 - filter("MLSSUMM"."LOCALE"= (SELECT "LOCALE" FROM "SI_USERS_T" "SI_USERS_T" WHERE "USER_NAME"=:36))
  15 - access("OBJSUMM"."OBJECT_ID"="MLSSUMM"."OBJECT_ID")
  17 - access("USER_NAME"=:36)
       filter("USER_NAME"=:36)
 
										</code></pre>
 										<header class="major"><h2>Column Projection Information (identified by operation id):</h2></header>
										<pre><code>
-----------------------------------------------------------
 
   1 - "OBJC".ROWID[ROWID,10], "OBJECT_NAME"[VARCHAR2,4000]
   2 - "OBJC".ROWID[ROWID,10]
   3 - "USR".ROWID[ROWID,10], "USR"."LAST_NAME"[VARCHAR2,400], "USR"."FIRST_NAME"[VARCHAR2,400]
   4 - "USR".ROWID[ROWID,10]
   5 - "USR".ROWID[ROWID,10], "USR"."LAST_NAME"[VARCHAR2,400], "USR"."FIRST_NAME"[VARCHAR2,400]
   6 - "USR".ROWID[ROWID,10]
   7 - "USR".ROWID[ROWID,10], "USR"."LAST_NAME"[VARCHAR2,400], "USR"."FIRST_NAME"[VARCHAR2,400]
   8 - "USR".ROWID[ROWID,10]
   9 - "USR".ROWID[ROWID,10], "USR"."LAST_NAME"[VARCHAR2,400], "USR"."FIRST_NAME"[VARCHAR2,400]
  10 - "USR".ROWID[ROWID,10]
  11 - (#keys=1) "OBJSUMM"."OBJECT_ID"[VARCHAR2,1600], "MLSSUMM"."OBJECT_STATUS"[VARCHAR2,4000], 
       "OBJSUMM"."OBJECT_NAME"[VARCHAR2,4000], "OBJSUMM"."PARENT"[VARCHAR2,1600], 
       "OBJSUMM"."CREATED_DATE"[DATE,7], "OBJSUMM"."CREATED_BY"[VARCHAR2,400], "OBJSUMM"."UPDATED_DATE"[DATE,7], 
       "OBJSUMM"."UPDATED_BY"[VARCHAR2,400], "OBJSUMM"."VALID_UNTIL"[DATE,7], "OBJSUMM"."VALID_FROM"[DATE,7], 
       "OBJSUMM"."DESCRIPTION"[LOB,4000], "OBJSUMM"."LEVEL_1_APPROVER"[VARCHAR2,400], 
       "OBJSUMM"."LEVEL_2_APPROVER"[VARCHAR2,400], "OBJSUMM"."OWNER_NAME"[LOB,4000], 
       "OBJSUMM"."OWNER_ORG_NAMES"[LOB,4000], "OBJSUMM"."OBJECT_NAME_URL"[VARCHAR2,4000], 
       "OBJSUMM"."REL_AOC_OBJ_NAME_AGG"[LOB,4000], "OBJSUMM"."REL_ASSET_CLASS_OBJ_NAME_AGG"[LOB,4000], 
       "OBJSUMM"."REL_ASSET_OBJ_NAME_AGG"[LOB,4000], "OBJSUMM"."REL_CTRL_OBJ_NAME_AGG"[LOB,4000], 
       "OBJSUMM"."REL_FIN_ACT_OBJ_NAME_AGG"[LOB,4000], "OBJSUMM"."REL_FUNCTION_OBJ_NAME_AGG"[LOB,4000], 
       "OBJSUMM"."REL_OBJECTIVE_OBJ_NAME_AGG"[LOB,4000], "OBJSUMM"."REL_ORGANIZATION_NAMES"[LOB,4000], 
       "OBJSUMM"."REL_PROCESS_OBJ_NAME_AGG"[LOB,4000], "OBJSUMM"."REL_PRODUCT_NAME_AGG"[LOB,4000], 
       "OBJSUMM"."REL_REFRENCES_OBJ_NAME_AGG"[LOB,4000], "OBJSUMM"."REL_REQUIREMENT_OBJ_NAME_AGG"[LOB,4000], 
       "OBJSUMM"."REL_RISK_OBJ_NAME_AGG"[LOB,4000], "MLSSUMM"."OBJECTIVE_TYPE"[LOB,4000], 
       "MLSSUMM"."COSO_TYPE"[LOB,4000], "MLSSUMM"."KEY_OBJECTIVE"[VARCHAR2,1020], 
       "MLSSUMM"."OBJECT_LEVEL"[VARCHAR2,4000]
  12 - (#keys=0) "OBJSUMM".ROWID[ROWID,3034], "UPPER_OBJECT_NAME"[VARCHAR2,3000], 
       "OBJ_SUMM_WID"[NUMBER,22], "OBJSUMM"."OBJECT_ID"[VARCHAR2,1600], "OBJSUMM"."OBJECT_NAME"[VARCHAR2,4000], 
       "OBJSUMM"."PARENT"[VARCHAR2,1600], "OBJSUMM"."CREATED_DATE"[DATE,7], "OBJSUMM"."CREATED_BY"[VARCHAR2,400], 
       "OBJSUMM"."UPDATED_DATE"[DATE,7], "OBJSUMM"."UPDATED_BY"[VARCHAR2,400], "OBJSUMM"."VALID_UNTIL"[DATE,7], 
       "OBJSUMM"."VALID_FROM"[DATE,7], "OBJSUMM"."DESCRIPTION"[LOB,4000], 
       "OBJSUMM"."LEVEL_1_APPROVER"[VARCHAR2,400], "OBJSUMM"."LEVEL_2_APPROVER"[VARCHAR2,400], 
       "OBJSUMM"."OWNER_NAME"[LOB,4000], "OBJSUMM"."OWNER_ORG_NAMES"[LOB,4000], 
       "OBJSUMM"."OBJECT_NAME_URL"[VARCHAR2,4000], "OBJSUMM"."REL_AOC_OBJ_NAME_AGG"[LOB,4000], 
       "OBJSUMM"."REL_ASSET_CLASS_OBJ_NAME_AGG"[LOB,4000], "OBJSUMM"."REL_ASSET_OBJ_NAME_AGG"[LOB,4000], 
       "OBJSUMM"."REL_CTRL_OBJ_NAME_AGG"[LOB,4000], "OBJSUMM"."REL_FIN_ACT_OBJ_NAME_AGG"[LOB,4000], 
       "OBJSUMM"."REL_FUNCTION_OBJ_NAME_AGG"[LOB,4000], "OBJSUMM"."REL_OBJECTIVE_OBJ_NAME_AGG"[LOB,4000], 
       "OBJSUMM"."REL_ORGANIZATION_NAMES"[LOB,4000], "OBJSUMM"."REL_PROCESS_OBJ_NAME_AGG"[LOB,4000], 
       "OBJSUMM"."REL_PRODUCT_NAME_AGG"[LOB,4000], "OBJSUMM"."REL_REFRENCES_OBJ_NAME_AGG"[LOB,4000], 
       "OBJSUMM"."REL_REQUIREMENT_OBJ_NAME_AGG"[LOB,4000], "OBJSUMM"."REL_RISK_OBJ_NAME_AGG"[LOB,4000], 
       "OBJSUMM"."IS_ORPHAN"[NUMBER,22], "MLSSUMM".ROWID[ROWID,10], "MLSSUMM"."OBJECT_ID"[VARCHAR2,1600], 
       "MLSSUMM"."LOCALE"[VARCHAR2,400], "MLSSUMM"."OBJECTIVE_TYPE"[LOB,4000], "MLSSUMM"."COSO_TYPE"[LOB,4000], 
       "MLSSUMM"."KEY_OBJECTIVE"[VARCHAR2,1020], "MLSSUMM"."OBJECT_LEVEL"[VARCHAR2,4000], 
       "MLSSUMM"."OBJECT_STATUS"[VARCHAR2,4000]
  13 - "OBJSUMM".ROWID[ROWID,3034], "UPPER_OBJECT_NAME"[VARCHAR2,3000], "OBJ_SUMM_WID"[NUMBER,22], 
       "OBJSUMM"."OBJECT_ID"[VARCHAR2,1600], "OBJSUMM"."OBJECT_NAME"[VARCHAR2,4000], 
       "OBJSUMM"."PARENT"[VARCHAR2,1600], "OBJSUMM"."CREATED_DATE"[DATE,7], "OBJSUMM"."CREATED_BY"[VARCHAR2,400], 
       "OBJSUMM"."UPDATED_DATE"[DATE,7], "OBJSUMM"."UPDATED_BY"[VARCHAR2,400], "OBJSUMM"."VALID_UNTIL"[DATE,7], 
       "OBJSUMM"."VALID_FROM"[DATE,7], "OBJSUMM"."DESCRIPTION"[LOB,4000], 
       "OBJSUMM"."LEVEL_1_APPROVER"[VARCHAR2,400], "OBJSUMM"."LEVEL_2_APPROVER"[VARCHAR2,400], 
       "OBJSUMM"."OWNER_NAME"[LOB,4000], "OBJSUMM"."OWNER_ORG_NAMES"[LOB,4000], 
       "OBJSUMM"."OBJECT_NAME_URL"[VARCHAR2,4000], "OBJSUMM"."REL_AOC_OBJ_NAME_AGG"[LOB,4000], 
       "OBJSUMM"."REL_ASSET_CLASS_OBJ_NAME_AGG"[LOB,4000], "OBJSUMM"."REL_ASSET_OBJ_NAME_AGG"[LOB,4000], 
       "OBJSUMM"."REL_CTRL_OBJ_NAME_AGG"[LOB,4000], "OBJSUMM"."REL_FIN_ACT_OBJ_NAME_AGG"[LOB,4000], 
       "OBJSUMM"."REL_FUNCTION_OBJ_NAME_AGG"[LOB,4000], "OBJSUMM"."REL_OBJECTIVE_OBJ_NAME_AGG"[LOB,4000], 
       "OBJSUMM"."REL_ORGANIZATION_NAMES"[LOB,4000], "OBJSUMM"."REL_PROCESS_OBJ_NAME_AGG"[LOB,4000], 
       "OBJSUMM"."REL_PRODUCT_NAME_AGG"[LOB,4000], "OBJSUMM"."REL_REFRENCES_OBJ_NAME_AGG"[LOB,4000], 
       "OBJSUMM"."REL_REQUIREMENT_OBJ_NAME_AGG"[LOB,4000], "OBJSUMM"."REL_RISK_OBJ_NAME_AGG"[LOB,4000], 
       "OBJSUMM"."IS_ORPHAN"[NUMBER,22]
  14 - "MLSSUMM".ROWID[ROWID,10], "MLSSUMM"."OBJECT_ID"[VARCHAR2,1600], "MLSSUMM"."LOCALE"[VARCHAR2,400], 
       "MLSSUMM"."OBJECTIVE_TYPE"[LOB,4000], "MLSSUMM"."COSO_TYPE"[LOB,4000], 
       "MLSSUMM"."KEY_OBJECTIVE"[VARCHAR2,1020], "MLSSUMM"."OBJECT_LEVEL"[VARCHAR2,4000], 
       "MLSSUMM"."OBJECT_STATUS"[VARCHAR2,4000]
  15 - "MLSSUMM".ROWID[ROWID,10], "MLSSUMM"."OBJECT_ID"[VARCHAR2,1600]
  16 - "SI_USERS_T".ROWID[ROWID,10], "USER_NAME"[VARCHAR2,320], "LOCALE"[VARCHAR2,400]
  17 - "SI_USERS_T".ROWID[ROWID,10], "USER_NAME"[VARCHAR2,320]
  18 - VALUE(A0)[8000]
										</code></pre>
								</section>
						</div>
					</div>

				<!-- Sidebar -->
				<div id="sidebar">
					<div class="inner">
						<!-- Menu -->
						<nav id="menu">
							<header class="major">
								<h2>Menu</h2>
							</header>
							<ul>
								<li><a href="index.html">Summary</a></li>
								<li>
									<span class="opener">DB Analysis</span>
									<ul>
										<li><a href="union.html">Bad SQL</a></li>
										<li><a href="poor-sql.html">Poor SQL Plan</a></li>
										<li><a href="invalid-sql.html">Invalid SQL</a></li>
										<li><a href="full-sql.html">Full SQL Report</a></li>
										<li><a href="db-primary-unique-key.html">Primary/Unique Key Miss</a></li>
										<li><a href="invalid-db-object.html">Invalid DB Objects</a></li>
									</ul>
								</li>
							</ul>
						</nav>

						<!-- Section -->
						<section>
							<header class="major">
								<h2>Get in touch</h2>
							</header>
							<p>You need more details on the report or want more functionality, don't hesitate to reach out to us.</p>
							<ul class="contact">
								<li class="fa-envelope-o"><a href="mailto:rnd@metricstream.com?Subject=Reg - Static Code Analysis Tool" target="_top">rnd@metricstream.com</a></li>
							</ul>
						</section>

						<!-- Footer -->
						<footer id="footer">
							<p class="copyright">&copy; <a href="http://www.metricstream.com" target="_blank">MetricStream</a>. All rights reserved. </p>
						</footer>
					</div>
				</div>
			</div>

		<!-- Scripts -->
			<script src="../lib/assets/js/jquery.min.js"></script>
			<script src="../lib/assets/js/skel.min.js"></script>
			<script src="../lib/assets/js/util.js"></script>
			<!--[if lte IE 8]><script src="../lib/assets/js/ie/respond.min.js"></script><![endif]-->
			<script src="../lib/assets/js/main.js"></script>
	</body>
</html>