<!DOCTYPE HTML>
<html>
	<head>
		<title>Code Analysis - MetricStream</title>
		<meta charset="utf-8" />
		<meta name="viewport" content="width=device-width, initial-scale=1, user-scalable=no" />
		<!--[if lte IE 8]><script src="assets/js/ie/html5shiv.js"></script><![endif]-->
		<link rel="stylesheet" href="../lib/assets/css/main.css" />
		<!--[if lte IE 9]><link rel="stylesheet" href="../lib/assets/css/ie9.css" /><![endif]-->
		<!--[if lte IE 8]><link rel="stylesheet" href="../lib/assets/css/ie8.css" /><![endif]-->
	</head>
	<body>

		<!-- Wrapper -->
			<div id="wrapper">

				<!-- Main -->
					<div id="main">
						<div class="inner">
							<!-- Header -->
								<header id="header">
									<a href="index.html" class="logo"><strong>Static Code Analysis Report</strong> by Code Analyzer Tool</a>
								</header>

							<!-- Content -->
								<section>
									<!-- Content -->
										<header class="major"><h2>Infolet Details</h2></header>
										<div class="table-wrapper">
											<table>
												<tbody>
													<tr>
														<td>Name</td>
														<td>MS_GRC_AOC_Owners (102684)</td>
													</tr>
													<tr>
														<td>SQL</td>
														<td><pre><code>SELECT c.user_id        AS user_id,
  c.user_name           AS user_name,
  c.USER_FULL_NAME      AS USER_FULL_NAME,
  c.activity_id         AS activity_id,
  c.activity_short_name AS activity_short_name,
  c.activity_name       AS activity_name,
  a.locale_id           AS locale_id
FROM TABLE(MS_GRC_UTILITIES.GET_OWNER_ORG_USERS(:1,'MS_GRC_AREA_OF_COMPLIANCE','O',NULL)) c ,
  si_locales a,
  si_users_t b
WHERE A.LOCALE_STRING = B.LOCALE
AND b.user_name       = :2</code></pre></td>
													</tr>
													<tr>
														<td>Description</td>
														<td></td>
													</tr>
												</tbody>
											</table>
										</div>

										<h2 align="center" id="content">Analysis Report</h2>
										<hr>
 										<header class="major"><h2>Plan hash value: 3365826408</h2></header>
										<pre><code>
 
-----------------------------------------------------------------------------------------------------------
| Id  | Operation                           | Name                | Rows  | Bytes | Cost (%CPU)| Time     |
-----------------------------------------------------------------------------------------------------------
|   0 | SELECT STATEMENT                    |                     |  8168 |   263K|    35   (3)| 00:00:01 |
<font style="background-color: lightblue; color: red">|   1 |  MERGE JOIN CARTESIAN               |                     |  8168 |   263K|    35   (3)| 00:00:01 |</font>
|*  2 |   HASH JOIN                         |                     |     1 |    31 |     6  (17)| 00:00:01 |
|   3 |    TABLE ACCESS BY INDEX ROWID      | SI_USERS_T          |     1 |    20 |     2   (0)| 00:00:01 |
<font style="background-color: lightblue; color: red">|*  4 |     INDEX SKIP SCAN                 | SI_USERS_T_N2       |     1 |       |     1   (0)| 00:00:01 |</font>
<font style="background-color: lightblue; color: red">|   5 |    TABLE ACCESS FULL                | SI_LOCALES          |    35 |   385 |     3   (0)| 00:00:01 |</font>
|   6 |   BUFFER SORT                       |                     |  8168 | 16336 |    32   (4)| 00:00:01 |
<font style="background-color: lightblue; color: red">|   7 |    COLLECTION ITERATOR PICKLER FETCH| GET_OWNER_ORG_USERS |  8168 | 16336 |    29   (0)| 00:00:01 |</font>
-----------------------------------------------------------------------------------------------------------
 
										</code></pre>
 										<header class="major"><h2>Query Block Name / Object Alias (identified by operation id):</h2></header>
										<pre><code>
-------------------------------------------------------------
 
   1 - SEL$F5BB74E1
   3 - SEL$F5BB74E1 / B@SEL$1
   4 - SEL$F5BB74E1 / B@SEL$1
   5 - SEL$F5BB74E1 / A@SEL$1
   7 - SEL$F5BB74E1 / KOKBF$0@SEL$2
 
										</code></pre>
 										<header class="major"><h2>Predicate Information (identified by operation id):</h2></header>
										<pre><code>
---------------------------------------------------
 
   2 - access("A"."LOCALE_STRING"="B"."LOCALE")
   4 - access("B"."USER_NAME"=:2)
       filter("B"."USER_NAME"=:2)
 
										</code></pre>
 										<header class="major"><h2>Column Projection Information (identified by operation id):</h2></header>
										<pre><code>
-----------------------------------------------------------
 
   1 - (#keys=0) "A"."LOCALE_ID"[NUMBER,22], VALUE(A0)[22], VALUE(A0)[16000], VALUE(A0)[16000], 
       VALUE(A0)[22], VALUE(A0)[16000], VALUE(A0)[100]
   2 - (#keys=1) "A"."LOCALE_ID"[NUMBER,22]
   3 - "B"."LOCALE"[VARCHAR2,400]
   4 - "B".ROWID[ROWID,10]
   5 - "A"."LOCALE_ID"[NUMBER,22], "A"."LOCALE_STRING"[VARCHAR2,100]
   6 - (#keys=0) VALUE(A0)[22], VALUE(A0)[16000], VALUE(A0)[16000], VALUE(A0)[22], 
       VALUE(A0)[16000], VALUE(A0)[100]
   7 - VALUE(A0)[22], VALUE(A0)[16000], VALUE(A0)[16000], VALUE(A0)[22], VALUE(A0)[16000], 
       VALUE(A0)[100]
										</code></pre>
								</section>
						</div>
					</div>

				<!-- Sidebar -->
				<div id="sidebar">
					<div class="inner">
						<!-- Menu -->
						<nav id="menu">
							<header class="major">
								<h2>Menu</h2>
							</header>
							<ul>
								<li><a href="index.html">Summary</a></li>
								<li>
									<span class="opener">DB Analysis</span>
									<ul>
										<li><a href="union.html">Bad SQL</a></li>
										<li><a href="poor-sql.html">Poor SQL Plan</a></li>
										<li><a href="invalid-sql.html">Invalid SQL</a></li>
										<li><a href="full-sql.html">Full SQL Report</a></li>
										<li><a href="db-primary-unique-key.html">Primary/Unique Key Miss</a></li>
										<li><a href="invalid-db-object.html">Invalid DB Objects</a></li>
									</ul>
								</li>
							</ul>
						</nav>

						<!-- Section -->
						<section>
							<header class="major">
								<h2>Get in touch</h2>
							</header>
							<p>You need more details on the report or want more functionality, don't hesitate to reach out to us.</p>
							<ul class="contact">
								<li class="fa-envelope-o"><a href="mailto:rnd@metricstream.com?Subject=Reg - Static Code Analysis Tool" target="_top">rnd@metricstream.com</a></li>
							</ul>
						</section>

						<!-- Footer -->
						<footer id="footer">
							<p class="copyright">&copy; <a href="http://www.metricstream.com" target="_blank">MetricStream</a>. All rights reserved. </p>
						</footer>
					</div>
				</div>
			</div>

		<!-- Scripts -->
			<script src="../lib/assets/js/jquery.min.js"></script>
			<script src="../lib/assets/js/skel.min.js"></script>
			<script src="../lib/assets/js/util.js"></script>
			<!--[if lte IE 8]><script src="../lib/assets/js/ie/respond.min.js"></script><![endif]-->
			<script src="../lib/assets/js/main.js"></script>
	</body>
</html>