<!DOCTYPE HTML>
<html>
	<head>
		<title>Code Analysis - MetricStream</title>
		<meta charset="utf-8" />
		<meta name="viewport" content="width=device-width, initial-scale=1, user-scalable=no" />
		<!--[if lte IE 8]><script src="assets/js/ie/html5shiv.js"></script><![endif]-->
		<link rel="stylesheet" href="../lib/assets/css/main.css" />
		<!--[if lte IE 9]><link rel="stylesheet" href="../lib/assets/css/ie9.css" /><![endif]-->
		<!--[if lte IE 8]><link rel="stylesheet" href="../lib/assets/css/ie8.css" /><![endif]-->
	</head>
	<body>

		<!-- Wrapper -->
			<div id="wrapper">

				<!-- Main -->
					<div id="main">
						<div class="inner">
							<!-- Header -->
								<header id="header">
									<a href="index.html" class="logo"><strong>Static Code Analysis Report</strong> by Code Analyzer Tool</a>
								</header>

							<!-- Content -->
								<section>
									<!-- Content -->
										<header class="major"><h2>Infolet Details</h2></header>
										<div class="table-wrapper">
											<table>
												<tbody>
													<tr>
														<td>Name</td>
														<td>MS GRC ORB Add Area of Compliances 61 SP2 (102601)</td>
													</tr>
													<tr>
														<td>SQL</td>
														<td><pre><code>SELECT '<input type=checkbox id="'
     || replace(r.Object_Id,' ','$^$')
      || '" value="'
      || htf.ESCAPE_SC(substr(r.Object_Name,1,3600))
      ||'$#$'
      ||ms_grc_utilities.get_form_url(r.dd_object_type,r.object_id)
      || '"onClick=checkboxChange("'
      || replace(r.Object_Id,' ','$^$')
      || '")></input>' AS Checkbox,
	  r.Object_Id,
      r.Object_Name,
 r.Aoc_Type As Aoc_Type
    FROM MS_GRC_AOC_DENORM_OV r
	where 
EXISTS
(SELECT COLUMN_VALUE
FROM TABLE(cast(ms_grc_report_filters.Get_Filters_Area_Of_Compliance(:1,:2,:3,:4 ) AS ms_varchar2_array))
WHERE COLUMN_VALUE = R.OBJECT_ID
)
AND r.locale =
  (SELECT LOCALE FROM si_users_t WHERE USER_NAME = :1
  )
order by r.upper_object_name</code></pre></td>
													</tr>
													<tr>
														<td>Description</td>
														<td></td>
													</tr>
												</tbody>
											</table>
										</div>

										<h2 align="center" id="content">Analysis Report</h2>
										<hr>
 										<header class="major"><h2>Plan hash value: 3568718058</h2></header>
										<pre><code>
 
-----------------------------------------------------------------------------------------------------------------------
| Id  | Operation                            | Name                           | Rows  | Bytes | Cost (%CPU)| Time     |
-----------------------------------------------------------------------------------------------------------------------
|   0 | SELECT STATEMENT                     |                                |     1 |   136 |    36   (6)| 00:00:01 |
|   1 |  SORT ORDER BY                       |                                |     1 |   136 |    36   (6)| 00:00:01 |
|   2 |   NESTED LOOPS                       |                                |     1 |   136 |    33   (4)| 00:00:01 |
|*  3 |    HASH JOIN SEMI                    |                                |     1 |    60 |    31   (4)| 00:00:01 |
|   4 |     INDEX FULL SCAN                  | MS_GRC_AOC_SUMMARY_PK          |     3 |   174 |     1   (0)| 00:00:01 |
<font style="background-color: lightblue; color: red">|   5 |     COLLECTION ITERATOR PICKLER FETCH| GET_FILTERS_AREA_OF_COMPLIANCE |  8168 | 16336 |    29   (0)| 00:00:01 |</font>
|*  6 |    TABLE ACCESS BY INDEX ROWID       | MS_GRC_AOC_MLS_SUMMARY         |     1 |    76 |     2   (0)| 00:00:01 |
|*  7 |     INDEX RANGE SCAN                 | MS_GRC_AOC_MLS_SUMM_IDX1       |     4 |       |     1   (0)| 00:00:01 |
|   8 |     TABLE ACCESS BY INDEX ROWID      | SI_USERS_T                     |     1 |    20 |     2   (0)| 00:00:01 |
<font style="background-color: lightblue; color: red">|*  9 |      INDEX SKIP SCAN                 | SI_USERS_T_N2                  |     1 |       |     1   (0)| 00:00:01 |</font>
-----------------------------------------------------------------------------------------------------------------------
 
										</code></pre>
 										<header class="major"><h2>Query Block Name / Object Alias (identified by operation id):</h2></header>
										<pre><code>
-------------------------------------------------------------
 
   1 - SEL$B7274CD5
   4 - SEL$B7274CD5 / AOCSUMM@SEL$2
   5 - SEL$B7274CD5 / KOKBF$0@SEL$4
   6 - SEL$B7274CD5 / AOCMLSSUMM@SEL$2
   7 - SEL$B7274CD5 / AOCMLSSUMM@SEL$2
   8 - SEL$5        / SI_USERS_T@SEL$5
   9 - SEL$5        / SI_USERS_T@SEL$5
 
										</code></pre>
 										<header class="major"><h2>Predicate Information (identified by operation id):</h2></header>
										<pre><code>
---------------------------------------------------
 
   3 - access("AOCSUMM"."OBJECT_ID"=VALUE(KOKBF$))
   6 - filter("AOCMLSSUMM"."LOCALE"= (SELECT "LOCALE" FROM "SI_USERS_T" "SI_USERS_T" WHERE "USER_NAME"=:1))
   7 - access("AOCSUMM"."OBJ_AOC_SUMM_WID"="AOCMLSSUMM"."OBJ_AOC_SUMM_WID")
   9 - access("USER_NAME"=:1)
       filter("USER_NAME"=:1)
 
										</code></pre>
 										<header class="major"><h2>Column Projection Information (identified by operation id):</h2></header>
										<pre><code>
-----------------------------------------------------------
 
   1 - (#keys=1) "AOCSUMM"."UPPER_OBJECT_NAME"[VARCHAR2,3000], '<input type=checkbox 
       id="'||REPLACE("AOCSUMM"."OBJECT_ID",' ','$^$')||'" value="'||"HTF"."ESCAPE_SC"(SUBSTR("AOCSUMM"."OBJECT_NAME",
       1,3600))||'$#$'||"MS_GRC_UTILITIES"."GET_FORM_URL"("AOCSUMM"."DD_OBJECT_TYPE","AOCSUMM"."OBJECT_ID")||'"onClick
       =checkboxChange("'||REPLACE("AOCSUMM"."OBJECT_ID",' ','$^$')||'")></input>'[4000], 
       "AOCSUMM"."OBJECT_ID"[VARCHAR2,400], "AOCSUMM"."OBJECT_NAME"[VARCHAR2,4000], "AOCMLSSUMM"."AOC_TYPE"[4000]
   2 - (#keys=0) "AOCSUMM"."OBJECT_ID"[VARCHAR2,400], "AOCSUMM"."UPPER_OBJECT_NAME"[VARCHAR2,3000], 
       "AOCSUMM"."DD_OBJECT_TYPE"[VARCHAR2,400], "AOCSUMM"."OBJECT_NAME"[VARCHAR2,4000], 
       "AOCMLSSUMM"."AOC_TYPE"[LOB,4000]
   3 - (#keys=1) "AOCSUMM"."OBJECT_ID"[VARCHAR2,400], "AOCSUMM"."UPPER_OBJECT_NAME"[VARCHAR2,3000], 
       "AOCSUMM"."OBJ_AOC_SUMM_WID"[NUMBER,22], "AOCSUMM"."DD_OBJECT_TYPE"[VARCHAR2,400], 
       "AOCSUMM"."OBJECT_NAME"[VARCHAR2,4000]
   4 - "AOCSUMM"."UPPER_OBJECT_NAME"[VARCHAR2,3000], "AOCSUMM"."OBJ_AOC_SUMM_WID"[NUMBER,22], 
       "AOCSUMM"."OBJECT_ID"[VARCHAR2,400], "AOCSUMM"."OBJECT_NAME"[VARCHAR2,4000], 
       "AOCSUMM"."DD_OBJECT_TYPE"[VARCHAR2,400]
   5 - VALUE(A0)[8000]
   6 - "AOCMLSSUMM"."AOC_TYPE"[LOB,4000]
   7 - "AOCMLSSUMM".ROWID[ROWID,10]
   8 - "SI_USERS_T".ROWID[ROWID,10], "LOCALE"[VARCHAR2,400]
   9 - "SI_USERS_T".ROWID[ROWID,10]
										</code></pre>
								</section>
						</div>
					</div>

				<!-- Sidebar -->
				<div id="sidebar">
					<div class="inner">
						<!-- Menu -->
						<nav id="menu">
							<header class="major">
								<h2>Menu</h2>
							</header>
							<ul>
								<li><a href="index.html">Summary</a></li>
								<li>
									<span class="opener">DB Analysis</span>
									<ul>
										<li><a href="union.html">Bad SQL</a></li>
										<li><a href="poor-sql.html">Poor SQL Plan</a></li>
										<li><a href="invalid-sql.html">Invalid SQL</a></li>
										<li><a href="full-sql.html">Full SQL Report</a></li>
										<li><a href="db-primary-unique-key.html">Primary/Unique Key Miss</a></li>
										<li><a href="invalid-db-object.html">Invalid DB Objects</a></li>
									</ul>
								</li>
								<li>
									<span class="opener">Infolets</span>
									<ul>
										<li><a href="keep-history-infolets.html">Keep History Infolets</a></li>
									</ul>
								</li>
								<li>
									<span class="opener">Pushforms</span>
									<ul>
										<li><a href="pushform-denormalize.html">Pushform Denormalized</a></li>
									</ul>
								</li>
							</ul>
						</nav>

						<!-- Section -->
						<section>
							<header class="major">
								<h2>Get in touch</h2>
							</header>
							<p>You need more details on the report or want more functionality, don't hesitate to reach out to us.</p>
							<ul class="contact">
								<li class="fa-envelope-o"><a href="mailto:rnd@metricstream.com?Subject=Reg - Static Code Analysis Tool" target="_top">rnd@metricstream.com</a></li>
							</ul>
						</section>

						<!-- Footer -->
						<footer id="footer">
							<p class="copyright">&copy; <a href="http://www.metricstream.com" target="_blank">MetricStream</a>. All rights reserved. </p>
						</footer>
					</div>
				</div>
			</div>

		<!-- Scripts -->
			<script src="../lib/assets/js/jquery.min.js"></script>
			<script src="../lib/assets/js/skel.min.js"></script>
			<script src="../lib/assets/js/util.js"></script>
			<!--[if lte IE 8]><script src="../lib/assets/js/ie/respond.min.js"></script><![endif]-->
			<script src="../lib/assets/js/main.js"></script>
	</body>
</html>