<!DOCTYPE HTML>
<html>
	<head>
		<title>Code Analysis - MetricStream</title>
		<meta charset="utf-8" />
		<meta name="viewport" content="width=device-width, initial-scale=1, user-scalable=no" />
		<!--[if lte IE 8]><script src="assets/js/ie/html5shiv.js"></script><![endif]-->
		<link rel="stylesheet" href="../lib/assets/css/main.css" />
		<!--[if lte IE 9]><link rel="stylesheet" href="../lib/assets/css/ie9.css" /><![endif]-->
		<!--[if lte IE 8]><link rel="stylesheet" href="../lib/assets/css/ie8.css" /><![endif]-->
	</head>
	<body>

		<!-- Wrapper -->
			<div id="wrapper">

				<!-- Main -->
					<div id="main">
						<div class="inner">
							<!-- Header -->
								<header id="header">
									<a href="index.html" class="logo"><strong>Static Code Analysis Report</strong> by Code Analyzer Tool</a>
								</header>

							<!-- Content -->
								<section>
									<!-- Content -->
										<header class="major"><h2>Infolet Details</h2></header>
										<div class="table-wrapper">
											<table>
												<tbody>
													<tr>
														<td>Name</td>
														<td>MS_GRC_61_SP2_ASSET_CLASS_PARENT_INF_dbf (102613)</td>
													</tr>
													<tr>
														<td>SQL</td>
														<td><pre><code>SELECT OBJECT_ID,
  Object_name
 
 FROM ms_grc_asset_class_denorm_rv
 
WHERE LOCALE =
  (SELECT LOCALE FROM SI_USERS_T WHERE USER_NAME= :1
  )
AND EXISTS
 (SELECT column_value
    FROM 
 TABLE(cast (ms_grc_rep_browser_fil_denorm.fn_Asst_class_report_filters(NULL,NULL,NULL,NULL, NULL,NULL,NULL,NULL,NULL,NULL,NULL,NULL,NULL,NULL,NULL,NULL,NULL,NULL,NULL,NULL,NULL,NULL,NULL,NULL,NULL,NULL,NULL,NULL,NULL,NULL,NULL,NULL,NULL, NULL,NULL,NULL,NULL,NULL,'MS_GRC_ASSET_CLASS', :1)as ms_varchar2_array))
   WHERE column_value = OBJECT_ID
  )
ORDER BY Object_Name</code></pre></td>
													</tr>
													<tr>
														<td>Description</td>
														<td> Asset Class Parents </td>
													</tr>
												</tbody>
											</table>
										</div>

										<h2 align="center" id="content">Analysis Report</h2>
										<hr>
 										<header class="major"><h2>Plan hash value: 681884835</h2></header>
										<pre><code>
 
-------------------------------------------------------------------------------------------------------------------------
| Id  | Operation                              | Name                           | Rows  | Bytes | Cost (%CPU)| Time     |
-------------------------------------------------------------------------------------------------------------------------
|   0 | SELECT STATEMENT                       |                                |     1 |  2434 |    34   (3)| 00:00:01 |
|   1 |  SORT ORDER BY                         |                                |     1 |  2434 |    34   (3)| 00:00:01 |
|   2 |   NESTED LOOPS                         |                                |     1 |  2434 |    31   (0)| 00:00:01 |
<font style="background-color: lightblue; color: red">|   3 |    MERGE JOIN CARTESIAN                |                                |     1 |   217 |    31   (0)| 00:00:01 |</font>
<font style="background-color: lightblue; color: red">|*  4 |     TABLE ACCESS FULL                  | MS_GRC_ASSET_CLASS_MLS_SUMMARY |     1 |   215 |     2   (0)| 00:00:01 |</font>
|   5 |      TABLE ACCESS BY INDEX ROWID       | SI_USERS_T                     |     1 |    20 |     2   (0)| 00:00:01 |
<font style="background-color: lightblue; color: red">|*  6 |       INDEX SKIP SCAN                  | SI_USERS_T_N2                  |     1 |       |     1   (0)| 00:00:01 |</font>
|   7 |     BUFFER SORT                        |                                |  8168 | 16336 |    29   (0)| 00:00:01 |
|   8 |      SORT UNIQUE                       |                                |  8168 | 16336 |    29   (0)| 00:00:01 |
<font style="background-color: lightblue; color: red">|   9 |       COLLECTION ITERATOR PICKLER FETCH| FN_ASST_CLASS_REPORT_FILTERS   |  8168 | 16336 |    29   (0)| 00:00:01 |</font>
|* 10 |    INDEX UNIQUE SCAN                   | MS_GRC_ASSET_CLASS_SUMMARY_PK  |     1 |  2217 |     0   (0)| 00:00:01 |
|* 11 |     INDEX RANGE SCAN                   | MS_GRC_ASSET_CLASS_SUMM_IDX1   |     1 |       |     0   (0)| 00:00:01 |
-------------------------------------------------------------------------------------------------------------------------
 
										</code></pre>
 										<header class="major"><h2>Query Block Name / Object Alias (identified by operation id):</h2></header>
										<pre><code>
-------------------------------------------------------------
 
   1 - SEL$8C246A20
   4 - SEL$8C246A20 / ASSTMLSSUMM@SEL$2
   5 - SEL$7        / SI_USERS_T@SEL$7
   6 - SEL$7        / SI_USERS_T@SEL$7
   9 - SEL$8C246A20 / KOKBF$0@SEL$9
  10 - SEL$8C246A20 / ASSTSUMM@SEL$2
  11 - SEL$8C246A20 / ASSTSUMM@SEL$2
 
										</code></pre>
 										<header class="major"><h2>Predicate Information (identified by operation id):</h2></header>
										<pre><code>
---------------------------------------------------
 
   4 - filter("ASSTMLSSUMM"."LOCALE"= (SELECT "LOCALE" FROM "SI_USERS_T" "SI_USERS_T" WHERE "USER_NAME"=:1))
   6 - access("USER_NAME"=:1)
       filter("USER_NAME"=:1)
  10 - access("ASSTSUMM"."OBJECT_ID"=VALUE(KOKBF$))
       filter("ASSTSUMM"."OBJ_ASSET_CLASS_SUMM_WID"="ASSTMLSSUMM"."OBJ_ASSET_CLASS_SUMM_WID")
  11 - access("ASSTSUMM"."OBJECT_ID"=VALUE(KOKBF$))
 
										</code></pre>
 										<header class="major"><h2>Column Projection Information (identified by operation id):</h2></header>
										<pre><code>
-----------------------------------------------------------
 
   1 - (#keys=1) "ASSTSUMM"."OBJECT_NAME"[VARCHAR2,4000], "ASSTSUMM"."OBJECT_ID"[VARCHAR2,400]
   2 - (#keys=0) "ASSTSUMM"."OBJECT_ID"[VARCHAR2,400], "ASSTSUMM"."OBJECT_NAME"[VARCHAR2,4000]
   3 - (#keys=0) "ASSTMLSSUMM"."OBJ_ASSET_CLASS_SUMM_WID"[NUMBER,22], VALUE(KOKBF$)[8000]
   4 - "ASSTMLSSUMM"."OBJ_ASSET_CLASS_SUMM_WID"[NUMBER,22]
   5 - "SI_USERS_T".ROWID[ROWID,10], "LOCALE"[VARCHAR2,400]
   6 - "SI_USERS_T".ROWID[ROWID,10]
   7 - (#keys=0) VALUE(KOKBF$)[8000]
   8 - (#keys=1) VALUE(KOKBF$)[8000]
   9 - VALUE(A0)[8000]
  10 - "ASSTSUMM"."OBJECT_ID"[VARCHAR2,400], "ASSTSUMM"."OBJECT_NAME"[VARCHAR2,4000]
  11 - "ASSTSUMM".ROWID[ROWID,3034], "UPPER_OBJECT_NAME"[VARCHAR2,3000], 
       "ASSTSUMM"."OBJ_ASSET_CLASS_SUMM_WID"[NUMBER,22], "ASSTSUMM"."OBJECT_ID"[VARCHAR2,400], 
       "ASSTSUMM"."OBJECT_NAME"[VARCHAR2,4000], "ASSTSUMM".ROWID[ROWID,3034]
										</code></pre>
								</section>
						</div>
					</div>

				<!-- Sidebar -->
				<div id="sidebar">
					<div class="inner">
						<!-- Menu -->
						<nav id="menu">
							<header class="major">
								<h2>Menu</h2>
							</header>
							<ul>
								<li><a href="index.html">Summary</a></li>
								<li>
									<span class="opener">DB Analysis</span>
									<ul>
										<li><a href="union.html">Bad SQL</a></li>
										<li><a href="poor-sql.html">Poor SQL Plan</a></li>
										<li><a href="invalid-sql.html">Invalid SQL</a></li>
										<li><a href="full-sql.html">Full SQL Report</a></li>
										<li><a href="db-primary-unique-key.html">Primary/Unique Key Miss</a></li>
										<li><a href="invalid-db-object.html">Invalid DB Objects</a></li>
									</ul>
								</li>
								<li>
									<span class="opener">Infolets</span>
									<ul>
										<li><a href="keep-history-infolets.html">Keep History Infolets</a></li>
									</ul>
								</li>
							</ul>
						</nav>

						<!-- Section -->
						<section>
							<header class="major">
								<h2>Get in touch</h2>
							</header>
							<p>You need more details on the report or want more functionality, don't hesitate to reach out to us.</p>
							<ul class="contact">
								<li class="fa-envelope-o"><a href="mailto:rnd@metricstream.com?Subject=Reg - Static Code Analysis Tool" target="_top">rnd@metricstream.com</a></li>
							</ul>
						</section>

						<!-- Footer -->
						<footer id="footer">
							<p class="copyright">&copy; <a href="http://www.metricstream.com" target="_blank">MetricStream</a>. All rights reserved. </p>
						</footer>
					</div>
				</div>
			</div>

		<!-- Scripts -->
			<script src="../lib/assets/js/jquery.min.js"></script>
			<script src="../lib/assets/js/skel.min.js"></script>
			<script src="../lib/assets/js/util.js"></script>
			<!--[if lte IE 8]><script src="../lib/assets/js/ie/respond.min.js"></script><![endif]-->
			<script src="../lib/assets/js/main.js"></script>
	</body>
</html>