<!DOCTYPE HTML>
<html>
	<head>
		<title>Code Analysis - MetricStream</title>
		<meta charset="utf-8" />
		<meta name="viewport" content="width=device-width, initial-scale=1, user-scalable=no" />
		<!--[if lte IE 8]><script src="assets/js/ie/html5shiv.js"></script><![endif]-->
		<link rel="stylesheet" href="../lib/assets/css/main.css" />
		<!--[if lte IE 9]><link rel="stylesheet" href="../lib/assets/css/ie9.css" /><![endif]-->
		<!--[if lte IE 8]><link rel="stylesheet" href="../lib/assets/css/ie8.css" /><![endif]-->
	</head>
	<body>

		<!-- Wrapper -->
			<div id="wrapper">

				<!-- Main -->
					<div id="main">
						<div class="inner">
							<!-- Header -->
								<header id="header">
									<a href="index.html" class="logo"><strong>Static Code Analysis Report</strong> by Code Analyzer Tool</a>
								</header>

							<!-- Content -->
								<section>
									<!-- Content -->
										<header class="major"><h2>Infolet Details</h2></header>
										<div class="table-wrapper">
											<table>
												<tbody>
													<tr>
														<td>Name</td>
														<td>MS_GRC_61_SP2_REQUIREMENT_PARENT (102671)</td>
													</tr>
													<tr>
														<td>SQL</td>
														<td><pre><code>SELECT 
  OBJECT_NAME as obj_name,
  OBJECT_LEVEL as obj_level,
  DD_OBJECT_TYPE as obj_type,
  OBJECT_ID as obj_id,
  LOCALE_ID as locale_id
FROM MS_GRC_REQUIREMENT_DENORM_RV
WHERE  EXISTS
(SELECT column_value
FROM TABLE(cast(ms_grc_rep_browser_fil_denorm.fn_req_rpt_filter(NULL,NULL,'ACT',NULL,:1-1,NULL,NULL,NULL,NULL,NULL,NULL,NULL,NULL,NULL,NULL,NULL,NULL,NULL,NULL,NULL,NULL,NULL,NULL,NULL,NULL,NULL,NULL,NULL,NULL,NULL,NULL,NULL,NULL,NULL,NULL,NULL,NULL,NULL,NULL,NULL,NULL,NULL,NULL,'MS_GRC_REQUIREMENT',:2)as varchar2_array))
WHERE column_value = OBJECT_ID
)</code></pre></td>
													</tr>
													<tr>
														<td>Description</td>
														<td> MS_GRC_61_SP2_REQUIREMENT_PARENT </td>
													</tr>
												</tbody>
											</table>
										</div>

										<h2 align="center" id="content">Analysis Report</h2>
										<hr>
 										<header class="major"><h2>Plan hash value: 3930350484</h2></header>
										<pre><code>
 
---------------------------------------------------------------------------------------------------------------
| Id  | Operation                          | Name                     | Rows  | Bytes | Cost (%CPU)| Time     |
---------------------------------------------------------------------------------------------------------------
|   0 | SELECT STATEMENT                   |                          |     1 |  5414 |    30   (4)| 00:00:01 |
|*  1 |  HASH JOIN SEMI                    |                          |     1 |  5414 |    30   (4)| 00:00:01 |
|   2 |   NESTED LOOPS                     |                          |     1 |  5412 |     0   (0)| 00:00:01 |
|   3 |    INDEX FULL SCAN                 | MS_GRC_REQ_SUMMARY_PK    |     1 |  3606 |     0   (0)| 00:00:01 |
|   4 |    TABLE ACCESS BY INDEX ROWID     | MS_GRC_REQ_MLS_SUMMARY   |     1 |  1806 |     0   (0)| 00:00:01 |
|*  5 |     INDEX RANGE SCAN               | MS_GRC_REQ_MLS_SUMM_IDX2 |     1 |       |     0   (0)| 00:00:01 |
<font style="background-color: lightblue; color: red">|   6 |   COLLECTION ITERATOR PICKLER FETCH| FN_REQ_RPT_FILTER        |  8168 | 16336 |    29   (0)| 00:00:01 |</font>
---------------------------------------------------------------------------------------------------------------
 
										</code></pre>
 										<header class="major"><h2>Query Block Name / Object Alias (identified by operation id):</h2></header>
										<pre><code>
-------------------------------------------------------------
 
   1 - SEL$84B45494
   3 - SEL$84B45494 / REQ_SUMM@SEL$2
   4 - SEL$84B45494 / REQ_MLS@SEL$2
   5 - SEL$84B45494 / REQ_MLS@SEL$2
   6 - SEL$84B45494 / KOKBF$0@SEL$8
 
										</code></pre>
 										<header class="major"><h2>Predicate Information (identified by operation id):</h2></header>
										<pre><code>
---------------------------------------------------
 
   1 - access("REQ_SUMM"."OBJECT_ID"=VALUE(KOKBF$))
   5 - access("REQ_MLS"."OBJECT_ID"="REQ_SUMM"."OBJECT_ID")
 
										</code></pre>
 										<header class="major"><h2>Column Projection Information (identified by operation id):</h2></header>
										<pre><code>
-----------------------------------------------------------
 
   1 - (#keys=1) "REQ_SUMM"."OBJECT_ID"[VARCHAR2,1600], "REQ_MLS"."OBJECT_LEVEL"[VARCHAR2,1600], 
       "REQ_SUMM"."OBJECT_NAME"[VARCHAR2,4000], "REQ_SUMM"."DD_OBJECT_TYPE"[VARCHAR2,1600], 
       "REQ_MLS"."LOCALE_ID"[VARCHAR2,400]
   2 - (#keys=0) "REQ_SUMM"."OBJECT_ID"[VARCHAR2,1600], "REQ_SUMM"."OBJECT_NAME"[VARCHAR2,4000], 
       "REQ_SUMM"."DD_OBJECT_TYPE"[VARCHAR2,1600], "REQ_MLS"."LOCALE_ID"[VARCHAR2,400], 
       "REQ_MLS"."OBJECT_LEVEL"[VARCHAR2,1600]
   3 - "REQ_SUMM"."OBJECT_ID"[VARCHAR2,1600], "REQ_SUMM"."OBJECT_NAME"[VARCHAR2,4000], 
       "REQ_SUMM"."DD_OBJECT_TYPE"[VARCHAR2,1600]
   4 - "REQ_MLS"."LOCALE_ID"[VARCHAR2,400], "REQ_MLS"."OBJECT_LEVEL"[VARCHAR2,1600]
   5 - "REQ_MLS".ROWID[ROWID,10], "REQ_MLS"."LOCALE_ID"[VARCHAR2,400]
   6 - VALUE(A0)[4000]
										</code></pre>
								</section>
						</div>
					</div>

				<!-- Sidebar -->
				<div id="sidebar">
					<div class="inner">
						<!-- Menu -->
						<nav id="menu">
							<header class="major">
								<h2>Menu</h2>
							</header>
							<ul>
								<li><a href="index.html">Summary</a></li>
								<li>
									<span class="opener">SQL Analysis</span>
									<ul>
										<li><a href="union.html">Union &amp; Union All</a></li>
										<li><a href="poor-sql.html">Poor Plan</a></li>
										<li><a href="invalid-sql.html">Invalid SQL</a></li>
										<li><a href="full-sql.html">Full Report</a></li>
									</ul>
								</li>
							</ul>
						</nav>

						<!-- Section -->
						<section>
							<header class="major">
								<h2>Get in touch</h2>
							</header>
							<p>You need more details on the report or want more functionality, don't hesitate to reach out to us.</p>
							<ul class="contact">
								<li class="fa-envelope-o"><a href="mailto:rnd@metricstream.com?Subject=Reg - Static Code Analysis Tool" target="_top">rnd@metricstream.com</a></li>
							</ul>
						</section>

						<!-- Footer -->
						<footer id="footer">
							<p class="copyright">&copy; <a href="http://www.metricstream.com" target="_blank">MetricStream</a>. All rights reserved. </p>
						</footer>
					</div>
				</div>
			</div>

		<!-- Scripts -->
			<script src="../lib/assets/js/jquery.min.js"></script>
			<script src="../lib/assets/js/skel.min.js"></script>
			<script src="../lib/assets/js/util.js"></script>
			<!--[if lte IE 8]><script src="../lib/assets/js/ie/respond.min.js"></script><![endif]-->
			<script src="../lib/assets/js/main.js"></script>
	</body>
</html>