<!DOCTYPE HTML>
<html>
	<head>
		<title>Code Analysis - MetricStream</title>
		<meta charset="utf-8" />
		<meta name="viewport" content="width=device-width, initial-scale=1, user-scalable=no" />
		<!--[if lte IE 8]><script src="assets/js/ie/html5shiv.js"></script><![endif]-->
		<link rel="stylesheet" href="../lib/assets/css/main.css" />
		<!--[if lte IE 9]><link rel="stylesheet" href="../lib/assets/css/ie9.css" /><![endif]-->
		<!--[if lte IE 8]><link rel="stylesheet" href="../lib/assets/css/ie8.css" /><![endif]-->
	</head>
	<body>

		<!-- Wrapper -->
			<div id="wrapper">

				<!-- Main -->
					<div id="main">
						<div class="inner">
							<!-- Header -->
								<header id="header">
									<a href="index.html" class="logo"><strong>Static Code Analysis Report</strong> by Code Analyzer Tool</a>
								</header>

							<!-- Content -->
								<section>
									<!-- Content -->
										<header class="major"><h2>Infolet Details</h2></header>
										<div class="table-wrapper">
											<table>
												<tbody>
													<tr>
														<td>Name</td>
														<td>MS_GRC_61_SP2_FIN_ACC_LIST_INF (102633)</td>
													</tr>
													<tr>
														<td>SQL</td>
														<td><pre><code>SELECT object_id   AS Financial_Account_ID,
  object_name_url  AS Financial_Account_Name,
  FIN_TYPE         AS Financial_Account_Type,
  FIN_CATEGORY     AS Financial_Account_Category,
  object_status    AS Status,
  created_on       AS created_on,
  created_by       AS created_by,
  updated_on       AS modified_on,
  updated_by       AS modification_requested_by,
  valid_from       AS valid_from,
  valid_until      AS valid_until ,
  description      AS description,
  owner_org_names  AS Owner_Organizations,
  owner_name       AS owners,
  level_1_approver AS Level_1_Approver,
  level_2_approver AS Level_2_Approver,
  Assertions,
  REL_OBJECTIVE_OBJ_NAME_AGG AS Objectives,
  rel_refrences_obj_name_agg AS REFERENCES,
  attachments                AS Attached_Files
FROM ms_grc_fin_acc_DENORM_RV RV
WHERE LOCALE =
  (SELECT LOCALE FROM si_users_t WHERE USER_NAME = :23
  )
AND NVL(is_orphan, 1)=NVL(:5,NVL(is_orphan,1))
AND EXISTS
(
    SELECT COLUMN_VALUE
    FROM TABLE
	( CAST(
	ms_grc_rep_browser_fil_denorm.fn_fin_acc_report_filters(:1,:2,:3,:4,:6,:7, :8,:9,:10,:11,:12,:13,:14,:15, :16,:17,:18,:19,NULL,NULL,NULL,NULL,:20,NULL,NULL, NULL,NULL,NULL,:21,NULL,NULL,NULL,NULL,NULL,:22, NULL,NULL,'MS_GRC_FINANCIAL_ACCOUNTS',:23)
	AS ms_varchar2_array)) WHERE COLUMN_VALUE = RV.OBJECT_ID
)order by upper(RV.OBJECT_NAME)
</code></pre></td>
													</tr>
													<tr>
														<td>Description</td>
														<td> This infolet is used for fetching the Library data for Financial Account list report. It consists of the parameters specific to Financial Account object and also the related library object parmaters. It does not contain any mandatory parameter. </td>
													</tr>
												</tbody>
											</table>
										</div>

										<h2 align="center" id="content">Analysis Report</h2>
										<hr>
 										<header class="major"><h2>Plan hash value: 1085927706</h2></header>
										<pre><code>
 
------------------------------------------------------------------------------------------------------------------
| Id  | Operation                           | Name                       | Rows  | Bytes | Cost (%CPU)| Time     |
------------------------------------------------------------------------------------------------------------------
|   0 | SELECT STATEMENT                    |                            |     1 | 26317 |    33   (7)| 00:00:01 |
|   1 |  TABLE ACCESS BY INDEX ROWID        | SI_USERS_T                 |     1 |    32 |     2   (0)| 00:00:01 |
<font style="background-color: lightblue; color: red">|*  2 |   INDEX SKIP SCAN                   | SI_USERS_T_N2              |     1 |       |     1   (0)| 00:00:01 |</font>
|   3 |  TABLE ACCESS BY INDEX ROWID        | SI_USERS_T                 |     1 |    32 |     2   (0)| 00:00:01 |
<font style="background-color: lightblue; color: red">|*  4 |   INDEX SKIP SCAN                   | SI_USERS_T_N2              |     1 |       |     1   (0)| 00:00:01 |</font>
|   5 |  TABLE ACCESS BY INDEX ROWID        | SI_USERS_T                 |     1 |    32 |     2   (0)| 00:00:01 |
<font style="background-color: lightblue; color: red">|*  6 |   INDEX SKIP SCAN                   | SI_USERS_T_N2              |     1 |       |     1   (0)| 00:00:01 |</font>
|   7 |  TABLE ACCESS BY INDEX ROWID        | SI_USERS_T                 |     1 |    32 |     2   (0)| 00:00:01 |
<font style="background-color: lightblue; color: red">|*  8 |   INDEX SKIP SCAN                   | SI_USERS_T_N2              |     1 |       |     1   (0)| 00:00:01 |</font>
|   9 |  SORT ORDER BY                      |                            |     1 | 26317 |    33   (7)| 00:00:01 |
|* 10 |   HASH JOIN SEMI                    |                            |     1 | 26317 |    30   (4)| 00:00:01 |
|  11 |    NESTED LOOPS                     |                            |     1 | 26315 |     0   (0)| 00:00:01 |
|* 12 |     INDEX FULL SCAN                 | MS_GRC_FIN_ACC_SUMMARY_PK  |     1 | 18092 |     0   (0)| 00:00:01 |
|* 13 |     TABLE ACCESS BY INDEX ROWID     | MS_GRC_FIN_ACC_MLS_SUMMARY |     1 |  8223 |     0   (0)| 00:00:01 |
|* 14 |      INDEX RANGE SCAN               | MS_GRC_FIN_MLS_SUMM_IDX1   |     1 |       |     0   (0)| 00:00:01 |
|  15 |      TABLE ACCESS BY INDEX ROWID    | SI_USERS_T                 |     1 |    20 |     2   (0)| 00:00:01 |
<font style="background-color: lightblue; color: red">|* 16 |       INDEX SKIP SCAN               | SI_USERS_T_N2              |     1 |       |     1   (0)| 00:00:01 |</font>
<font style="background-color: lightblue; color: red">|  17 |    COLLECTION ITERATOR PICKLER FETCH| FN_FIN_ACC_REPORT_FILTERS  |  8168 | 16336 |    29   (0)| 00:00:01 |</font>
------------------------------------------------------------------------------------------------------------------
 
										</code></pre>
 										<header class="major"><h2>Query Block Name / Object Alias (identified by operation id):</h2></header>
										<pre><code>
-------------------------------------------------------------
 
   1 - SEL$6        / USR@SEL$6
   2 - SEL$6        / USR@SEL$6
   3 - SEL$5        / USR@SEL$5
   4 - SEL$5        / USR@SEL$5
   5 - SEL$3        / USR@SEL$3
   6 - SEL$3        / USR@SEL$3
   7 - SEL$4        / USR@SEL$4
   8 - SEL$4        / USR@SEL$4
   9 - SEL$8C246A20
  12 - SEL$8C246A20 / FINSUMM@SEL$2
  13 - SEL$8C246A20 / FINMLSSUMM@SEL$2
  14 - SEL$8C246A20 / FINMLSSUMM@SEL$2
  15 - SEL$7        / SI_USERS_T@SEL$7
  16 - SEL$7        / SI_USERS_T@SEL$7
  17 - SEL$8C246A20 / KOKBF$0@SEL$9
 
										</code></pre>
 										<header class="major"><h2>Predicate Information (identified by operation id):</h2></header>
										<pre><code>
---------------------------------------------------
 
   2 - access("USR"."USER_NAME"=:B1)
       filter("USR"."USER_NAME"=:B1)
   4 - access("USR"."USER_NAME"=:B1)
       filter("USR"."USER_NAME"=:B1)
   6 - access("USR"."USER_NAME"=:B1)
       filter("USR"."USER_NAME"=:B1)
   8 - access("USR"."USER_NAME"=:B1)
       filter("USR"."USER_NAME"=:B1)
  10 - access("FINSUMM"."OBJECT_ID"=VALUE(KOKBF$))
  12 - filter(NVL("IS_ORPHAN",1)=NVL(:5,NVL("IS_ORPHAN",1)))
  13 - filter("FINMLSSUMM"."LOCALE"= (SELECT "LOCALE" FROM "SI_USERS_T" "SI_USERS_T" WHERE 
              "USER_NAME"=:23))
  14 - access("FINSUMM"."OBJ_FIN_SUMM_WID"="FINMLSSUMM"."OBJ_FIN_SUMM_WID")
  16 - access("USER_NAME"=:23)
       filter("USER_NAME"=:23)
 
										</code></pre>
 										<header class="major"><h2>Column Projection Information (identified by operation id):</h2></header>
										<pre><code>
-----------------------------------------------------------
 
   1 - "USR".ROWID[ROWID,10], "USR"."LAST_NAME"[VARCHAR2,400], "USR"."FIRST_NAME"[VARCHAR2,400]
   2 - "USR".ROWID[ROWID,10]
   3 - "USR".ROWID[ROWID,10], "USR"."LAST_NAME"[VARCHAR2,400], "USR"."FIRST_NAME"[VARCHAR2,400]
   4 - "USR".ROWID[ROWID,10]
   5 - "USR".ROWID[ROWID,10], "USR"."LAST_NAME"[VARCHAR2,400], "USR"."FIRST_NAME"[VARCHAR2,400]
   6 - "USR".ROWID[ROWID,10]
   7 - "USR".ROWID[ROWID,10], "USR"."LAST_NAME"[VARCHAR2,400], "USR"."FIRST_NAME"[VARCHAR2,400]
   8 - "USR".ROWID[ROWID,10]
   9 - (#keys=1) UPPER("FINSUMM"."OBJECT_NAME")[4000], "FINSUMM"."OBJECT_ID"[VARCHAR2,400], 
       "FINSUMM"."OBJECT_NAME_URL"[VARCHAR2,4000], "FINMLSSUMM"."FIN_TYPE"[4000], 
       "FINMLSSUMM"."FIN_CATEGORY"[4000], "FINMLSSUMM"."OBJECT_STATUS"[VARCHAR2,4000], "CREATED_ON"[DATE,7],  
       (SELECT "USR"."FIRST_NAME"||' '||"USR"."LAST_NAME" FROM MAZARS_DEV."SI_USERS_T" "USR" WHERE 
       "USR"."USER_NAME"=:B1)[801], "UPDATED_ON"[DATE,7],  (SELECT "USR"."FIRST_NAME"||' '||"USR"."LAST_NAME" 
       FROM MAZARS_DEV."SI_USERS_T" "USR" WHERE "USR"."USER_NAME"=:B2)[801], "FINSUMM"."VALID_FROM"[DATE,7], 
       "FINSUMM"."VALID_UNTIL"[DATE,7], "FINSUMM"."DESCRIPTION"[4000], "OWNER_ORG_NAMES"[4000], 
       "OWNER_NAME"[4000],  (SELECT "USR"."FIRST_NAME"||' '||"USR"."LAST_NAME" FROM MAZARS_DEV."SI_USERS_T" 
       "USR" WHERE "USR"."USER_NAME"=:B3)[801],  (SELECT "USR"."FIRST_NAME"||' '||"USR"."LAST_NAME" FROM 
       MAZARS_DEV."SI_USERS_T" "USR" WHERE "USR"."USER_NAME"=:B4)[801], "FINMLSSUMM"."ASSERTIONS"[4000], 
       "REL_OBJECTIVE_OBJ_NAME_AGG"[4000], "REL_REFRENCES_OBJ_NAME_AGG"[4000], "ATTACHMENTS"[4000]
  10 - (#keys=1) "FINSUMM"."OBJECT_ID"[VARCHAR2,400], "FINMLSSUMM"."ASSERTIONS"[LOB,4000], 
       "FINSUMM"."OBJECT_NAME"[VARCHAR2,4000], "FINSUMM"."DESCRIPTION"[LOB,4000], 
       "FINSUMM"."VALID_UNTIL"[DATE,7], "FINSUMM"."VALID_FROM"[DATE,7], 
       "FINSUMM"."OBJECT_NAME_URL"[VARCHAR2,4000], "OWNER_NAME"[LOB,4000], "OWNER_ORG_NAMES"[LOB,4000], 
       "FINSUMM"."LEVEL_1_APPROVER"[VARCHAR2,1000], "FINSUMM"."LEVEL_2_APPROVER"[VARCHAR2,1000], 
       "ATTACHMENTS"[LOB,4000], "FINSUMM"."UPDATED_BY"[VARCHAR2,804], "UPDATED_ON"[DATE,7], 
       "FINSUMM"."CREATED_BY"[VARCHAR2,804], "CREATED_ON"[DATE,7], "REL_OBJECTIVE_OBJ_NAME_AGG"[LOB,4000], 
       "REL_REFRENCES_OBJ_NAME_AGG"[LOB,4000], "FINMLSSUMM"."FIN_TYPE"[LOB,4000], 
       "FINMLSSUMM"."FIN_CATEGORY"[LOB,4000], "FINMLSSUMM"."OBJECT_STATUS"[VARCHAR2,4000]
  11 - (#keys=0) "FINSUMM".ROWID[ROWID,3034], "UPPER_OBJECT_NAME"[VARCHAR2,3000], 
       "FINSUMM"."OBJ_FIN_SUMM_WID"[NUMBER,22], "FINSUMM"."OBJECT_ID"[VARCHAR2,400], 
       "FINSUMM"."OBJECT_NAME"[VARCHAR2,4000], "FINSUMM"."DESCRIPTION"[LOB,4000], 
       "FINSUMM"."VALID_UNTIL"[DATE,7], "FINSUMM"."VALID_FROM"[DATE,7], 
       "FINSUMM"."OBJECT_NAME_URL"[VARCHAR2,4000], "OWNER_NAME"[LOB,4000], "OWNER_ORG_NAMES"[LOB,4000], 
       "FINSUMM"."LEVEL_1_APPROVER"[VARCHAR2,1000], "FINSUMM"."LEVEL_2_APPROVER"[VARCHAR2,1000], 
       "ATTACHMENTS"[LOB,4000], "FINSUMM"."UPDATED_BY"[VARCHAR2,804], "UPDATED_ON"[DATE,7], 
       "FINSUMM"."CREATED_BY"[VARCHAR2,804], "CREATED_ON"[DATE,7], "REL_OBJECTIVE_OBJ_NAME_AGG"[LOB,4000], 
       "REL_REFRENCES_OBJ_NAME_AGG"[LOB,4000], "IS_ORPHAN"[NUMBER,22], "FINMLSSUMM".ROWID[ROWID,10], 
       "FINMLSSUMM"."OBJ_FIN_SUMM_WID"[NUMBER,22], "FINMLSSUMM"."LOCALE"[VARCHAR2,400], 
       "FINMLSSUMM"."FIN_TYPE"[LOB,4000], "FINMLSSUMM"."FIN_CATEGORY"[LOB,4000], 
       "FINMLSSUMM"."OBJECT_STATUS"[VARCHAR2,4000], "FINMLSSUMM"."ASSERTIONS"[LOB,4000]
  12 - "FINSUMM".ROWID[ROWID,3034], "UPPER_OBJECT_NAME"[VARCHAR2,3000], 
       "FINSUMM"."OBJ_FIN_SUMM_WID"[NUMBER,22], "FINSUMM"."OBJECT_ID"[VARCHAR2,400], 
       "FINSUMM"."OBJECT_NAME"[VARCHAR2,4000], "FINSUMM"."DESCRIPTION"[LOB,4000], 
       "FINSUMM"."VALID_UNTIL"[DATE,7], "FINSUMM"."VALID_FROM"[DATE,7], 
       "FINSUMM"."OBJECT_NAME_URL"[VARCHAR2,4000], "OWNER_NAME"[LOB,4000], "OWNER_ORG_NAMES"[LOB,4000], 
       "FINSUMM"."LEVEL_1_APPROVER"[VARCHAR2,1000], "FINSUMM"."LEVEL_2_APPROVER"[VARCHAR2,1000], 
       "ATTACHMENTS"[LOB,4000], "FINSUMM"."UPDATED_BY"[VARCHAR2,804], "UPDATED_ON"[DATE,7], 
       "FINSUMM"."CREATED_BY"[VARCHAR2,804], "CREATED_ON"[DATE,7], "REL_OBJECTIVE_OBJ_NAME_AGG"[LOB,4000], 
       "REL_REFRENCES_OBJ_NAME_AGG"[LOB,4000], "IS_ORPHAN"[NUMBER,22]
  13 - "FINMLSSUMM".ROWID[ROWID,10], "FINMLSSUMM"."OBJ_FIN_SUMM_WID"[NUMBER,22], 
       "FINMLSSUMM"."LOCALE"[VARCHAR2,400], "FINMLSSUMM"."FIN_TYPE"[LOB,4000], 
       "FINMLSSUMM"."FIN_CATEGORY"[LOB,4000], "FINMLSSUMM"."OBJECT_STATUS"[VARCHAR2,4000], 
       "FINMLSSUMM"."ASSERTIONS"[LOB,4000]
  14 - "FINMLSSUMM".ROWID[ROWID,10], "FINMLSSUMM"."OBJ_FIN_SUMM_WID"[NUMBER,22]
  15 - "SI_USERS_T".ROWID[ROWID,10], "USER_NAME"[VARCHAR2,320], "LOCALE"[VARCHAR2,400]
  16 - "SI_USERS_T".ROWID[ROWID,10], "USER_NAME"[VARCHAR2,320]
  17 - VALUE(A0)[8000]
										</code></pre>
								</section>
						</div>
					</div>

				<!-- Sidebar -->
				<div id="sidebar">
					<div class="inner">
						<!-- Menu -->
						<nav id="menu">
							<header class="major">
								<h2>Menu</h2>
							</header>
							<ul>
								<li><a href="index.html">Summary</a></li>
								<li>
									<span class="opener">SQL Analysis</span>
									<ul>
										<li><a href="union.html">Union &amp; Union All</a></li>
										<li><a href="poor-sql.html">Poor Plan</a></li>
										<li><a href="invalid-sql.html">Invalid SQL</a></li>
										<li><a href="full-sql.html">Full Report</a></li>
									</ul>
								</li>
							</ul>
						</nav>

						<!-- Section -->
						<section>
							<header class="major">
								<h2>Get in touch</h2>
							</header>
							<p>You need more details on the report or want more functionality, don't hesitate to reach out to us.</p>
							<ul class="contact">
								<li class="fa-envelope-o"><a href="mailto:rnd@metricstream.com?Subject=Reg - Static Code Analysis Tool" target="_top">rnd@metricstream.com</a></li>
							</ul>
						</section>

						<!-- Footer -->
						<footer id="footer">
							<p class="copyright">&copy; <a href="http://www.metricstream.com" target="_blank">MetricStream</a>. All rights reserved. </p>
						</footer>
					</div>
				</div>
			</div>

		<!-- Scripts -->
			<script src="../lib/assets/js/jquery.min.js"></script>
			<script src="../lib/assets/js/skel.min.js"></script>
			<script src="../lib/assets/js/util.js"></script>
			<!--[if lte IE 8]><script src="../lib/assets/js/ie/respond.min.js"></script><![endif]-->
			<script src="../lib/assets/js/main.js"></script>
	</body>
</html>