<!DOCTYPE HTML>
<html>
	<head>
		<title>Code Analysis - MetricStream</title>
		<meta charset="utf-8" />
		<meta name="viewport" content="width=device-width, initial-scale=1, user-scalable=no" />
		<!--[if lte IE 8]><script src="assets/js/ie/html5shiv.js"></script><![endif]-->
		<link rel="stylesheet" href="../lib/assets/css/main.css" />
		<!--[if lte IE 9]><link rel="stylesheet" href="../lib/assets/css/ie9.css" /><![endif]-->
		<!--[if lte IE 8]><link rel="stylesheet" href="../lib/assets/css/ie8.css" /><![endif]-->
	</head>
	<body>

		<!-- Wrapper -->
			<div id="wrapper">

				<!-- Main -->
					<div id="main">
						<div class="inner">
							<!-- Header -->
								<header id="header">
									<a href="index.html" class="logo"><strong>Static Code Analysis Report</strong> by Code Analyzer Tool</a>
								</header>

							<!-- Content -->
								<section>
									<!-- Content -->
										<header class="major"><h2>Infolet Details</h2></header>
										<div class="table-wrapper">
											<table>
												<tbody>
													<tr>
														<td>Name</td>
														<td>MS_GRC_61_SP2_AOC_LIST_INF (102608)</td>
													</tr>
													<tr>
														<td>SQL</td>
														<td><pre><code>SELECT
V.object_id as Area_of_Compliance_ID,
V.OBJECT_NAME_URL as Area_of_Compliance_Name,
v.object_status as Status,
v.aoc_type as aoc_type,
V.created_on as created_on,
v.created_by as created_by,
v.updated_on as modified_on,
v.updated_by as modification_requested_by,
v.valid_from as valid_from,
v.valid_until as valid_until ,
v.description as description,
v.owner_org_names as Owner_Organizations,
v.owner_name as owners,
v.level_1_approver as Level_1_Approver,
v.level_2_approver as Level_2_Approver,
v.rel_organization_names as Applies_to_Organizations,
v.rel_ctrl_obj_name_agg as Controls,
v.REL_MOD_REF_OBJ_NAME_AGG as Framework_Reference,
v.rel_function_obj_name_agg as Functions,
v.rel_product_name_agg as Products,
v.rel_refrences_obj_name_agg as References,
v.rel_reg_body_obj_name_agg as Regulatory_Bodies,
v.rel_requirement_obj_name_agg as Requirements,
v.rel_risk_obj_name_agg as Risks,
v.rel_standard_obj_name_agg as Standards,
v.attachments as Attached_Files
FROM ms_grc_AOC_DENORM_RV V
WHERE nvl(is_orphan, 1)=nvl(:5,nvl(is_orphan,1)) AND v.LOCALE = (SELECT LOCALE FROM si_users_t where USER_NAME = :29)
AND EXISTS
(
	SELECT COLUMN_VALUE
	FROM 
	TABLE( CAST(ms_grc_rep_browser_fil_denorm.fn_AOC_report_filters(:1,:2,:3,:4,:6,
	  :7,:8,:9,:10,:11,:12,:13,:14,
	  :15,:16,:17,:18,:19,NULL,NULL,NULL,NULL,:20,NULL,
	  :21,:22,NULL,NULL,NULL,NULL,:23,:24,:25,:26,
	  :27,:28,'MS_GRC_AREA_OF_COMPLIANCE',:29)AS ms_varchar2_array) ) 
	WHERE COLUMN_VALUE = v.OBJECT_ID
)order by upper(V.OBJECT_NAME)
</code></pre></td>
													</tr>
													<tr>
														<td>Description</td>
														<td> This infolet is used for fetching the Library data for Area of Compliance list report. It consists of the parameters specific to Area of compliance object and also the related library object parmaters. It does not contain any mandatory parameter. </td>
													</tr>
												</tbody>
											</table>
										</div>

										<h2 align="center" id="content">Analysis Report</h2>
										<hr>
 										<header class="major"><h2>Plan hash value: 3716951786</h2></header>
										<pre><code>
 
-----------------------------------------------------------------------------------------------------------------
| Id  | Operation                            | Name                     | Rows  | Bytes | Cost (%CPU)| Time     |
-----------------------------------------------------------------------------------------------------------------
|   0 | SELECT STATEMENT                     |                          |     1 |  4581 |    36   (6)| 00:00:01 |
|   1 |  TABLE ACCESS BY INDEX ROWID         | SI_USERS_T               |     1 |    32 |     2   (0)| 00:00:01 |
<font style="background-color: lightblue; color: red">|*  2 |   INDEX SKIP SCAN                    | SI_USERS_T_N2            |     1 |       |     1   (0)| 00:00:01 |</font>
|   3 |  TABLE ACCESS BY INDEX ROWID         | SI_USERS_T               |     1 |    32 |     2   (0)| 00:00:01 |
<font style="background-color: lightblue; color: red">|*  4 |   INDEX SKIP SCAN                    | SI_USERS_T_N2            |     1 |       |     1   (0)| 00:00:01 |</font>
|   5 |  TABLE ACCESS BY INDEX ROWID         | SI_USERS_T               |     1 |    32 |     2   (0)| 00:00:01 |
<font style="background-color: lightblue; color: red">|*  6 |   INDEX SKIP SCAN                    | SI_USERS_T_N2            |     1 |       |     1   (0)| 00:00:01 |</font>
|   7 |  TABLE ACCESS BY INDEX ROWID         | SI_USERS_T               |     1 |    32 |     2   (0)| 00:00:01 |
<font style="background-color: lightblue; color: red">|*  8 |   INDEX SKIP SCAN                    | SI_USERS_T_N2            |     1 |       |     1   (0)| 00:00:01 |</font>
|   9 |  SORT ORDER BY                       |                          |     1 |  4581 |    36   (6)| 00:00:01 |
|  10 |   NESTED LOOPS                       |                          |     1 |  4581 |    33   (4)| 00:00:01 |
|* 11 |    HASH JOIN SEMI                    |                          |     1 |  4498 |    31   (4)| 00:00:01 |
|* 12 |     INDEX FULL SCAN                  | MS_GRC_AOC_SUMMARY_PK    |     3 | 13488 |     1   (0)| 00:00:01 |
<font style="background-color: lightblue; color: red">|  13 |     COLLECTION ITERATOR PICKLER FETCH| FN_AOC_REPORT_FILTERS    |  8168 | 16336 |    29   (0)| 00:00:01 |</font>
|* 14 |    TABLE ACCESS BY INDEX ROWID       | MS_GRC_AOC_MLS_SUMMARY   |     1 |    83 |     2   (0)| 00:00:01 |
|* 15 |     INDEX RANGE SCAN                 | MS_GRC_AOC_MLS_SUMM_IDX1 |     4 |       |     1   (0)| 00:00:01 |
|  16 |     TABLE ACCESS BY INDEX ROWID      | SI_USERS_T               |     1 |    20 |     2   (0)| 00:00:01 |
<font style="background-color: lightblue; color: red">|* 17 |      INDEX SKIP SCAN                 | SI_USERS_T_N2            |     1 |       |     1   (0)| 00:00:01 |</font>
-----------------------------------------------------------------------------------------------------------------
 
										</code></pre>
 										<header class="major"><h2>Query Block Name / Object Alias (identified by operation id):</h2></header>
										<pre><code>
-------------------------------------------------------------
 
   1 - SEL$6        / USR@SEL$6
   2 - SEL$6        / USR@SEL$6
   3 - SEL$5        / USR@SEL$5
   4 - SEL$5        / USR@SEL$5
   5 - SEL$3        / USR@SEL$3
   6 - SEL$3        / USR@SEL$3
   7 - SEL$4        / USR@SEL$4
   8 - SEL$4        / USR@SEL$4
   9 - SEL$8C246A20
  12 - SEL$8C246A20 / AOCSUMM@SEL$2
  13 - SEL$8C246A20 / KOKBF$0@SEL$9
  14 - SEL$8C246A20 / AOCMLSSUMM@SEL$2
  15 - SEL$8C246A20 / AOCMLSSUMM@SEL$2
  16 - SEL$7        / SI_USERS_T@SEL$7
  17 - SEL$7        / SI_USERS_T@SEL$7
 
										</code></pre>
 										<header class="major"><h2>Predicate Information (identified by operation id):</h2></header>
										<pre><code>
---------------------------------------------------
 
   2 - access("USR"."USER_NAME"=:B1)
       filter("USR"."USER_NAME"=:B1)
   4 - access("USR"."USER_NAME"=:B1)
       filter("USR"."USER_NAME"=:B1)
   6 - access("USR"."USER_NAME"=:B1)
       filter("USR"."USER_NAME"=:B1)
   8 - access("USR"."USER_NAME"=:B1)
       filter("USR"."USER_NAME"=:B1)
  11 - access("AOCSUMM"."OBJECT_ID"=VALUE(KOKBF$))
  12 - filter(NVL("IS_ORPHAN",1)=NVL(:5,NVL("IS_ORPHAN",1)))
  14 - filter("AOCMLSSUMM"."LOCALE"= (SELECT "LOCALE" FROM "SI_USERS_T" "SI_USERS_T" WHERE 
              "USER_NAME"=:29))
  15 - access("AOCSUMM"."OBJ_AOC_SUMM_WID"="AOCMLSSUMM"."OBJ_AOC_SUMM_WID")
  17 - access("USER_NAME"=:29)
       filter("USER_NAME"=:29)
 
										</code></pre>
 										<header class="major"><h2>Column Projection Information (identified by operation id):</h2></header>
										<pre><code>
-----------------------------------------------------------
 
   1 - "USR".ROWID[ROWID,10], "USR"."LAST_NAME"[VARCHAR2,400], "USR"."FIRST_NAME"[VARCHAR2,400]
   2 - "USR".ROWID[ROWID,10]
   3 - "USR".ROWID[ROWID,10], "USR"."LAST_NAME"[VARCHAR2,400], "USR"."FIRST_NAME"[VARCHAR2,400]
   4 - "USR".ROWID[ROWID,10]
   5 - "USR".ROWID[ROWID,10], "USR"."LAST_NAME"[VARCHAR2,400], "USR"."FIRST_NAME"[VARCHAR2,400]
   6 - "USR".ROWID[ROWID,10]
   7 - "USR".ROWID[ROWID,10], "USR"."LAST_NAME"[VARCHAR2,400], "USR"."FIRST_NAME"[VARCHAR2,400]
   8 - "USR".ROWID[ROWID,10]
   9 - (#keys=1) UPPER("AOCSUMM"."OBJECT_NAME")[4000], "AOCSUMM"."OBJECT_ID"[VARCHAR2,400], 
       "AOCSUMM"."OBJECT_NAME_URL"[VARCHAR2,4000], "AOCMLSSUMM"."OBJECT_STATUS"[VARCHAR2,4000], 
       "AOCMLSSUMM"."AOC_TYPE"[4000], "CREATED_ON"[DATE,7],  (SELECT "USR"."FIRST_NAME"||' '||"USR"."LAST_NAME" 
       FROM MAZARS_DEV."SI_USERS_T" "USR" WHERE "USR"."USER_NAME"=:B1)[801], "UPDATED_ON"[DATE,7],  (SELECT 
       "USR"."FIRST_NAME"||' '||"USR"."LAST_NAME" FROM MAZARS_DEV."SI_USERS_T" "USR" WHERE 
       "USR"."USER_NAME"=:B2)[801], "AOCSUMM"."VALID_FROM"[DATE,7], "AOCSUMM"."VALID_UNTIL"[DATE,7], 
       "AOCSUMM"."DESCRIPTION"[4000], "OWNER_ORG_NAMES"[4000], "OWNER_NAME"[4000],  (SELECT 
       "USR"."FIRST_NAME"||' '||"USR"."LAST_NAME" FROM MAZARS_DEV."SI_USERS_T" "USR" WHERE 
       "USR"."USER_NAME"=:B3)[801],  (SELECT "USR"."FIRST_NAME"||' '||"USR"."LAST_NAME" FROM 
       MAZARS_DEV."SI_USERS_T" "USR" WHERE "USR"."USER_NAME"=:B4)[801], "REL_ORGANIZATION_NAMES"[4000], 
       "REL_CTRL_OBJ_NAME_AGG"[4000], "REL_MOD_REF_OBJ_NAME_AGG"[4000], "REL_FUNCTION_OBJ_NAME_AGG"[4000], 
       "REL_PRODUCT_NAME_AGG"[4000], "REL_REFRENCES_OBJ_NAME_AGG"[4000], "REL_REG_BODY_OBJ_NAME_AGG"[4000], 
       "REL_REQUIREMENT_OBJ_NAME_AGG"[4000], "REL_RISK_OBJ_NAME_AGG"[4000], "REL_STANDARD_OBJ_NAME_AGG"[4000], 
       "ATTACHMENTS"[4000]
  10 - (#keys=0) "AOCSUMM"."OBJECT_ID"[VARCHAR2,400], "REL_STANDARD_OBJ_NAME_AGG"[LOB,4000], 
       "AOCSUMM"."OBJECT_NAME"[VARCHAR2,4000], "AOCSUMM"."DESCRIPTION"[LOB,4000], 
       "AOCSUMM"."VALID_UNTIL"[DATE,7], "AOCSUMM"."VALID_FROM"[DATE,7], 
       "AOCSUMM"."OBJECT_NAME_URL"[VARCHAR2,4000], "OWNER_NAME"[LOB,4000], "OWNER_ORG_NAMES"[LOB,4000], 
       "AOCSUMM"."LEVEL_1_APPROVER"[VARCHAR2,1000], "AOCSUMM"."LEVEL_2_APPROVER"[VARCHAR2,1000], 
       "ATTACHMENTS"[LOB,4000], "AOCSUMM"."UPDATED_BY"[VARCHAR2,804], "UPDATED_ON"[DATE,7], 
       "AOCSUMM"."CREATED_BY"[VARCHAR2,804], "CREATED_ON"[DATE,7], "REL_CTRL_OBJ_NAME_AGG"[LOB,4000], 
       "REL_FUNCTION_OBJ_NAME_AGG"[LOB,4000], "REL_MOD_REF_OBJ_NAME_AGG"[LOB,4000], 
       "REL_ORGANIZATION_NAMES"[LOB,4000], "REL_PRODUCT_NAME_AGG"[LOB,4000], 
       "REL_REFRENCES_OBJ_NAME_AGG"[LOB,4000], "REL_REG_BODY_OBJ_NAME_AGG"[LOB,4000], 
       "REL_REQUIREMENT_OBJ_NAME_AGG"[LOB,4000], "REL_RISK_OBJ_NAME_AGG"[LOB,4000], 
       "AOCMLSSUMM"."AOC_TYPE"[LOB,4000], "AOCMLSSUMM"."OBJECT_STATUS"[VARCHAR2,4000]
  11 - (#keys=1) "AOCSUMM"."OBJECT_ID"[VARCHAR2,400], "AOCSUMM"."OBJ_AOC_SUMM_WID"[NUMBER,22], 
       "REL_STANDARD_OBJ_NAME_AGG"[LOB,4000], "AOCSUMM"."OBJECT_NAME"[VARCHAR2,4000], 
       "AOCSUMM"."DESCRIPTION"[LOB,4000], "AOCSUMM"."VALID_UNTIL"[DATE,7], "AOCSUMM"."VALID_FROM"[DATE,7], 
       "AOCSUMM"."OBJECT_NAME_URL"[VARCHAR2,4000], "OWNER_NAME"[LOB,4000], "OWNER_ORG_NAMES"[LOB,4000], 
       "AOCSUMM"."LEVEL_1_APPROVER"[VARCHAR2,1000], "AOCSUMM"."LEVEL_2_APPROVER"[VARCHAR2,1000], 
       "ATTACHMENTS"[LOB,4000], "AOCSUMM"."UPDATED_BY"[VARCHAR2,804], "UPDATED_ON"[DATE,7], 
       "AOCSUMM"."CREATED_BY"[VARCHAR2,804], "CREATED_ON"[DATE,7], "REL_CTRL_OBJ_NAME_AGG"[LOB,4000], 
       "REL_FUNCTION_OBJ_NAME_AGG"[LOB,4000], "REL_MOD_REF_OBJ_NAME_AGG"[LOB,4000], 
       "REL_ORGANIZATION_NAMES"[LOB,4000], "REL_PRODUCT_NAME_AGG"[LOB,4000], 
       "REL_REFRENCES_OBJ_NAME_AGG"[LOB,4000], "REL_REG_BODY_OBJ_NAME_AGG"[LOB,4000], 
       "REL_REQUIREMENT_OBJ_NAME_AGG"[LOB,4000], "REL_RISK_OBJ_NAME_AGG"[LOB,4000]
  12 - "AOCSUMM".ROWID[ROWID,3034], "UPPER_OBJECT_NAME"[VARCHAR2,3000], 
       "AOCSUMM"."OBJ_AOC_SUMM_WID"[NUMBER,22], "IS_ORPHAN"[NUMBER,22], "AOCSUMM"."OBJECT_ID"[VARCHAR2,400], 
       "AOCSUMM"."OBJECT_NAME"[VARCHAR2,4000], "AOCSUMM"."DESCRIPTION"[LOB,4000], 
       "AOCSUMM"."VALID_UNTIL"[DATE,7], "AOCSUMM"."VALID_FROM"[DATE,7], 
       "AOCSUMM"."OBJECT_NAME_URL"[VARCHAR2,4000], "OWNER_NAME"[LOB,4000], "OWNER_ORG_NAMES"[LOB,4000], 
       "AOCSUMM"."LEVEL_1_APPROVER"[VARCHAR2,1000], "AOCSUMM"."LEVEL_2_APPROVER"[VARCHAR2,1000], 
       "ATTACHMENTS"[LOB,4000], "AOCSUMM"."UPDATED_BY"[VARCHAR2,804], "UPDATED_ON"[DATE,7], 
       "AOCSUMM"."CREATED_BY"[VARCHAR2,804], "CREATED_ON"[DATE,7], "REL_CTRL_OBJ_NAME_AGG"[LOB,4000], 
       "REL_FUNCTION_OBJ_NAME_AGG"[LOB,4000], "REL_MOD_REF_OBJ_NAME_AGG"[LOB,4000], 
       "REL_ORGANIZATION_NAMES"[LOB,4000], "REL_PRODUCT_NAME_AGG"[LOB,4000], 
       "REL_REFRENCES_OBJ_NAME_AGG"[LOB,4000], "REL_REG_BODY_OBJ_NAME_AGG"[LOB,4000], 
       "REL_REQUIREMENT_OBJ_NAME_AGG"[LOB,4000], "REL_RISK_OBJ_NAME_AGG"[LOB,4000], 
       "REL_STANDARD_OBJ_NAME_AGG"[LOB,4000]
  13 - VALUE(A0)[8000]
  14 - "AOCMLSSUMM"."AOC_TYPE"[LOB,4000], "AOCMLSSUMM"."OBJECT_STATUS"[VARCHAR2,4000]
  15 - "AOCMLSSUMM".ROWID[ROWID,10]
  16 - "SI_USERS_T".ROWID[ROWID,10], "LOCALE"[VARCHAR2,400]
  17 - "SI_USERS_T".ROWID[ROWID,10]
										</code></pre>
								</section>
						</div>
					</div>

				<!-- Sidebar -->
				<div id="sidebar">
					<div class="inner">
						<!-- Menu -->
						<nav id="menu">
							<header class="major">
								<h2>Menu</h2>
							</header>
							<ul>
								<li><a href="index.html">Summary</a></li>
								<li>
									<span class="opener">SQL Analysis</span>
									<ul>
										<li><a href="union.html">Union &amp; Union All</a></li>
										<li><a href="poor-sql.html">Poor Plan</a></li>
										<li><a href="invalid-sql.html">Invalid SQL</a></li>
										<li><a href="full-sql.html">Full Report</a></li>
									</ul>
								</li>
							</ul>
						</nav>

						<!-- Section -->
						<section>
							<header class="major">
								<h2>Get in touch</h2>
							</header>
							<p>You need more details on the report or want more functionality, don't hesitate to reach out to us.</p>
							<ul class="contact">
								<li class="fa-envelope-o"><a href="mailto:rnd@metricstream.com?Subject=Reg - Static Code Analysis Tool" target="_top">rnd@metricstream.com</a></li>
							</ul>
						</section>

						<!-- Footer -->
						<footer id="footer">
							<p class="copyright">&copy; <a href="http://www.metricstream.com" target="_blank">MetricStream</a>. All rights reserved. </p>
						</footer>
					</div>
				</div>
			</div>

		<!-- Scripts -->
			<script src="../lib/assets/js/jquery.min.js"></script>
			<script src="../lib/assets/js/skel.min.js"></script>
			<script src="../lib/assets/js/util.js"></script>
			<!--[if lte IE 8]><script src="../lib/assets/js/ie/respond.min.js"></script><![endif]-->
			<script src="../lib/assets/js/main.js"></script>
	</body>
</html>