<!DOCTYPE HTML>
<html>
	<head>
		<title>Code Analysis - MetricStream</title>
		<meta charset="utf-8" />
		<meta name="viewport" content="width=device-width, initial-scale=1, user-scalable=no" />
		<!--[if lte IE 8]><script src="assets/js/ie/html5shiv.js"></script><![endif]-->
		<link rel="stylesheet" href="../lib/assets/css/main.css" />
		<!--[if lte IE 9]><link rel="stylesheet" href="../lib/assets/css/ie9.css" /><![endif]-->
		<!--[if lte IE 8]><link rel="stylesheet" href="../lib/assets/css/ie8.css" /><![endif]-->
	</head>
	<body>

		<!-- Wrapper -->
			<div id="wrapper">

				<!-- Main -->
					<div id="main">
						<div class="inner">
							<!-- Header -->
								<header id="header">
									<a href="index.html" class="logo"><strong>Static Code Analysis Report</strong> by Code Analyzer Tool</a>
								</header>

							<!-- Content -->
								<section>
									<!-- Content -->
										<header class="major"><h2>Infolet Details</h2></header>
										<div class="table-wrapper">
											<table>
												<tbody>
													<tr>
														<td>Name</td>
														<td>MS_GRC_OBJECTIVE_PARENT_dbf (102748)</td>
													</tr>
													<tr>
														<td>SQL</td>
														<td><pre><code>SELECT Object_id, object_name
FROM MS_GRC_OBJECTIVES
WHERE objective_type IN
  (SELECT DISTINCT '1'
  FROM MS_QMS_FLOW_DOWN_ORG_V
  WHERE USER_NAME    =:1
  AND ACTIVITY_NAME IN ('GRC - View Business Objectives','GRC - Edit Business Objectives')
  UNION ALL
  SELECT DISTINCT '2'
  FROM MS_QMS_FLOW_DOWN_ORG_V
  WHERE USER_NAME    =:1
  AND ACTIVITY_NAME IN ('GRC - View Control Objectives','GRC - Edit Control Objectives')
  UNION ALL
  SELECT DISTINCT '3'
  FROM MS_QMS_FLOW_DOWN_ORG_V
  WHERE USER_NAME    =:1
  AND ACTIVITY_NAME IN ('GRC - View Process Objectives','GRC - Edit Process Objectives')
  )
 order by upper(object_name)</code></pre></td>
													</tr>
													<tr>
														<td>Description</td>
														<td> MS_GRC_OBJECTIVE_PARENT_dbf </td>
													</tr>
												</tbody>
											</table>
										</div>

										<h2 align="center" id="content">Analysis Report</h2>
										<hr>
 										<header class="major"><h2>Plan hash value: 2825741345</h2></header>
										<pre><code>
 
-----------------------------------------------------------------------------------------------------------------------------------------
| Id  | Operation                                                 | Name                        | Rows  | Bytes | Cost (%CPU)| Time     |
-----------------------------------------------------------------------------------------------------------------------------------------
|   0 | SELECT STATEMENT                                          |                             |     1 |  2722 |    86  (14)| 00:00:02 |
|   1 |  SORT ORDER BY                                            |                             |     1 |  2722 |    86  (14)| 00:00:02 |
|*  2 |   HASH JOIN                                               |                             |     1 |  2722 |    85  (13)| 00:00:02 |
<font style="background-color: lightblue; color: red">|   3 |    TABLE ACCESS FULL                                      | MS_GRC_OBJECTIVES           |     1 |  2716 |     2   (0)| 00:00:01 |</font>
|   4 |    VIEW                                                   | VW_NSO_4                    |     3 |    18 |    83  (14)| 00:00:01 |
|   5 |     SORT UNIQUE                                           |                             |     3 |  6336 |    83  (72)| 00:00:01 |
|   6 |      UNION-ALL                                            |                             |       |       |            |          |
|   7 |       SORT UNIQUE                                         |                             |     1 |  2112 |    28  (15)| 00:00:01 |
<font style="background-color: lightblue; color: red">|   8 |        MERGE JOIN CARTESIAN                               |                             |     1 |  2112 |    27  (12)| 00:00:01 |</font>
|   9 |         NESTED LOOPS                                      |                             |       |       |            |          |
|  10 |          NESTED LOOPS                                     |                             |     1 |  2112 |    14  (15)| 00:00:01 |
|  11 |           NESTED LOOPS                                    |                             |     1 |  2077 |    13  (16)| 00:00:01 |
|  12 |            NESTED LOOPS                                   |                             |     1 |  2067 |    12  (17)| 00:00:01 |
|  13 |             NESTED LOOPS                                  |                             |     1 |  2062 |    12  (17)| 00:00:01 |
|  14 |              NESTED LOOPS                                 |                             |     2 |  4104 |    12  (17)| 00:00:01 |
|  15 |               NESTED LOOPS                                |                             |     1 |  2038 |    11  (19)| 00:00:01 |
<font style="background-color: lightblue; color: red">|  16 |                VIEW                                       | SI_FLOW_DOWN_ORG_V          |     1 |  2015 |    11  (28)| 00:00:01 |</font>
<font style="background-color: lightblue; color: red">|  17 |                 TEMP TABLE TRANSFORMATION                 |                             |       |       |            |          |</font>
|  18 |                  LOAD AS SELECT                           | SYS_TEMP_0FD9D66D5_A3454E35 |       |       |            |          |
|* 19 |                   FILTER                                  |                             |       |       |            |          |
|* 20 |                    CONNECT BY NO FILTERING WITH START-WITH|                             |       |       |            |          |
<font style="background-color: lightblue; color: red">|  21 |                     TABLE ACCESS FULL                     | SI_ORG_ENTITIES_T           |    10 |   260 |     4   (0)| 00:00:01 |</font>
|* 22 |                  HASH JOIN                                |                             |     1 |  2067 |     6  (34)| 00:00:01 |
|  23 |                   VIEW                                    | VW_SQ_1                     |    10 |   260 |     3  (34)| 00:00:01 |
|  24 |                    SORT GROUP BY                          |                             |    10 |   180 |     3  (34)| 00:00:01 |
|  25 |                     VIEW                                  |                             |    10 |   180 |     2   (0)| 00:00:01 |
<font style="background-color: lightblue; color: red">|  26 |                      TABLE ACCESS FULL                    | SYS_TEMP_0FD9D66D5_A3454E35 |    10 |  1000 |     2   (0)| 00:00:01 |</font>
|  27 |                   VIEW                                    |                             |    10 | 20410 |     2   (0)| 00:00:01 |
<font style="background-color: lightblue; color: red">|  28 |                    TABLE ACCESS FULL                      | SYS_TEMP_0FD9D66D5_A3454E35 |    10 |  1000 |     2   (0)| 00:00:01 |</font>
|* 29 |                TABLE ACCESS BY INDEX ROWID                | SI_USERS_T                  |     1 |    23 |     1   (0)| 00:00:01 |
|* 30 |                 INDEX RANGE SCAN                          | SI_USERS_T_N2               |     1 |       |     0   (0)| 00:00:01 |
|* 31 |               INDEX FULL SCAN                             | SI_ORG_ROLES_N3             |     2 |    28 |     1   (0)| 00:00:01 |
|* 32 |              INDEX RANGE SCAN                             | SI_USER_ORG_ROLES_N2        |     1 |    10 |     0   (0)| 00:00:01 |
|* 33 |             INDEX RANGE SCAN                              | SI_ROLES_N2                 |     1 |     5 |     0   (0)| 00:00:01 |
|* 34 |            INDEX RANGE SCAN                               | SI_ROLE_ACTIVITIES_N2       |     5 |    50 |     1   (0)| 00:00:01 |
|* 35 |           INDEX RANGE SCAN                                | SI_ACTIVITIES_N1            |     1 |       |     0   (0)| 00:00:01 |
|* 36 |          TABLE ACCESS BY INDEX ROWID                      | SI_ACTIVITIES_T             |     1 |    35 |     1   (0)| 00:00:01 |
|  37 |         BUFFER SORT                                       |                             |     1 |       |    26  (12)| 00:00:01 |
|  38 |          VIEW                                             |                             |     1 |       |    13   (8)| 00:00:01 |
|  39 |           SORT AGGREGATE                                  |                             |     1 |    80 |            |          |
|* 40 |            HASH JOIN                                      |                             |     1 |    80 |    13   (8)| 00:00:01 |
|* 41 |             HASH JOIN                                     |                             |     1 |    63 |     9  (12)| 00:00:01 |
<font style="background-color: lightblue; color: red">|* 42 |              TABLE ACCESS FULL                            | MS_QS_PARAMETER_TYPES       |     1 |    34 |     4   (0)| 00:00:01 |</font>
<font style="background-color: lightblue; color: red">|* 43 |              TABLE ACCESS FULL                            | MS_QS_PARAMETER_NAMES       |     1 |    29 |     4   (0)| 00:00:01 |</font>
<font style="background-color: lightblue; color: red">|* 44 |             TABLE ACCESS FULL                             | MS_QS_PARAMETER_VALUES      |   128 |  2176 |     4   (0)| 00:00:01 |</font>
|  45 |       SORT UNIQUE                                         |                             |     1 |  2112 |    28  (15)| 00:00:01 |
<font style="background-color: lightblue; color: red">|  46 |        MERGE JOIN CARTESIAN                               |                             |     1 |  2112 |    27  (12)| 00:00:01 |</font>
|  47 |         NESTED LOOPS                                      |                             |       |       |            |          |
|  48 |          NESTED LOOPS                                     |                             |     1 |  2112 |    14  (15)| 00:00:01 |
|  49 |           NESTED LOOPS                                    |                             |     1 |  2077 |    13  (16)| 00:00:01 |
|  50 |            NESTED LOOPS                                   |                             |     1 |  2067 |    12  (17)| 00:00:01 |
|  51 |             NESTED LOOPS                                  |                             |     1 |  2062 |    12  (17)| 00:00:01 |
|  52 |              NESTED LOOPS                                 |                             |     2 |  4104 |    12  (17)| 00:00:01 |
|  53 |               NESTED LOOPS                                |                             |     1 |  2038 |    11  (19)| 00:00:01 |
<font style="background-color: lightblue; color: red">|  54 |                VIEW                                       | SI_FLOW_DOWN_ORG_V          |     1 |  2015 |    11  (28)| 00:00:01 |</font>
<font style="background-color: lightblue; color: red">|  55 |                 TEMP TABLE TRANSFORMATION                 |                             |       |       |            |          |</font>
|  56 |                  LOAD AS SELECT                           | SYS_TEMP_0FD9D66D6_A3454E35 |       |       |            |          |
|* 57 |                   FILTER                                  |                             |       |       |            |          |
|* 58 |                    CONNECT BY NO FILTERING WITH START-WITH|                             |       |       |            |          |
<font style="background-color: lightblue; color: red">|  59 |                     TABLE ACCESS FULL                     | SI_ORG_ENTITIES_T           |    10 |   260 |     4   (0)| 00:00:01 |</font>
|* 60 |                  HASH JOIN                                |                             |     1 |  2067 |     6  (34)| 00:00:01 |
|  61 |                   VIEW                                    | VW_SQ_2                     |    10 |   260 |     3  (34)| 00:00:01 |
|  62 |                    SORT GROUP BY                          |                             |    10 |   180 |     3  (34)| 00:00:01 |
|  63 |                     VIEW                                  |                             |    10 |   180 |     2   (0)| 00:00:01 |
<font style="background-color: lightblue; color: red">|  64 |                      TABLE ACCESS FULL                    | SYS_TEMP_0FD9D66D6_A3454E35 |    10 |  1000 |     2   (0)| 00:00:01 |</font>
|  65 |                   VIEW                                    |                             |    10 | 20410 |     2   (0)| 00:00:01 |
<font style="background-color: lightblue; color: red">|  66 |                    TABLE ACCESS FULL                      | SYS_TEMP_0FD9D66D6_A3454E35 |    10 |  1000 |     2   (0)| 00:00:01 |</font>
|* 67 |                TABLE ACCESS BY INDEX ROWID                | SI_USERS_T                  |     1 |    23 |     1   (0)| 00:00:01 |
|* 68 |                 INDEX RANGE SCAN                          | SI_USERS_T_N2               |     1 |       |     0   (0)| 00:00:01 |
|* 69 |               INDEX FULL SCAN                             | SI_ORG_ROLES_N3             |     2 |    28 |     1   (0)| 00:00:01 |
|* 70 |              INDEX RANGE SCAN                             | SI_USER_ORG_ROLES_N2        |     1 |    10 |     0   (0)| 00:00:01 |
|* 71 |             INDEX RANGE SCAN                              | SI_ROLES_N2                 |     1 |     5 |     0   (0)| 00:00:01 |
|* 72 |            INDEX RANGE SCAN                               | SI_ROLE_ACTIVITIES_N2       |     5 |    50 |     1   (0)| 00:00:01 |
|* 73 |           INDEX RANGE SCAN                                | SI_ACTIVITIES_N1            |     1 |       |     0   (0)| 00:00:01 |
|* 74 |          TABLE ACCESS BY INDEX ROWID                      | SI_ACTIVITIES_T             |     1 |    35 |     1   (0)| 00:00:01 |
|  75 |         BUFFER SORT                                       |                             |     1 |       |    26  (12)| 00:00:01 |
|  76 |          VIEW                                             |                             |     1 |       |    13   (8)| 00:00:01 |
|  77 |           SORT AGGREGATE                                  |                             |     1 |    80 |            |          |
|* 78 |            HASH JOIN                                      |                             |     1 |    80 |    13   (8)| 00:00:01 |
|* 79 |             HASH JOIN                                     |                             |     1 |    63 |     9  (12)| 00:00:01 |
<font style="background-color: lightblue; color: red">|* 80 |              TABLE ACCESS FULL                            | MS_QS_PARAMETER_TYPES       |     1 |    34 |     4   (0)| 00:00:01 |</font>
<font style="background-color: lightblue; color: red">|* 81 |              TABLE ACCESS FULL                            | MS_QS_PARAMETER_NAMES       |     1 |    29 |     4   (0)| 00:00:01 |</font>
<font style="background-color: lightblue; color: red">|* 82 |             TABLE ACCESS FULL                             | MS_QS_PARAMETER_VALUES      |   128 |  2176 |     4   (0)| 00:00:01 |</font>
|  83 |       SORT UNIQUE                                         |                             |     1 |  2112 |    28  (15)| 00:00:01 |
<font style="background-color: lightblue; color: red">|  84 |        MERGE JOIN CARTESIAN                               |                             |     1 |  2112 |    27  (12)| 00:00:01 |</font>
|  85 |         NESTED LOOPS                                      |                             |       |       |            |          |
|  86 |          NESTED LOOPS                                     |                             |     1 |  2112 |    14  (15)| 00:00:01 |
|  87 |           NESTED LOOPS                                    |                             |     1 |  2077 |    13  (16)| 00:00:01 |
|  88 |            NESTED LOOPS                                   |                             |     1 |  2067 |    12  (17)| 00:00:01 |
|  89 |             NESTED LOOPS                                  |                             |     1 |  2062 |    12  (17)| 00:00:01 |
|  90 |              NESTED LOOPS                                 |                             |     2 |  4104 |    12  (17)| 00:00:01 |
|  91 |               NESTED LOOPS                                |                             |     1 |  2038 |    11  (19)| 00:00:01 |
<font style="background-color: lightblue; color: red">|  92 |                VIEW                                       | SI_FLOW_DOWN_ORG_V          |     1 |  2015 |    11  (28)| 00:00:01 |</font>
<font style="background-color: lightblue; color: red">|  93 |                 TEMP TABLE TRANSFORMATION                 |                             |       |       |            |          |</font>
|  94 |                  LOAD AS SELECT                           | SYS_TEMP_0FD9D66D7_A3454E35 |       |       |            |          |
|* 95 |                   FILTER                                  |                             |       |       |            |          |
|* 96 |                    CONNECT BY NO FILTERING WITH START-WITH|                             |       |       |            |          |
<font style="background-color: lightblue; color: red">|  97 |                     TABLE ACCESS FULL                     | SI_ORG_ENTITIES_T           |    10 |   260 |     4   (0)| 00:00:01 |</font>
|* 98 |                  HASH JOIN                                |                             |     1 |  2067 |     6  (34)| 00:00:01 |
|  99 |                   VIEW                                    | VW_SQ_3                     |    10 |   260 |     3  (34)| 00:00:01 |
| 100 |                    SORT GROUP BY                          |                             |    10 |   180 |     3  (34)| 00:00:01 |
| 101 |                     VIEW                                  |                             |    10 |   180 |     2   (0)| 00:00:01 |
<font style="background-color: lightblue; color: red">| 102 |                      TABLE ACCESS FULL                    | SYS_TEMP_0FD9D66D7_A3454E35 |    10 |  1000 |     2   (0)| 00:00:01 |</font>
| 103 |                   VIEW                                    |                             |    10 | 20410 |     2   (0)| 00:00:01 |
<font style="background-color: lightblue; color: red">| 104 |                    TABLE ACCESS FULL                      | SYS_TEMP_0FD9D66D7_A3454E35 |    10 |  1000 |     2   (0)| 00:00:01 |</font>
|*105 |                TABLE ACCESS BY INDEX ROWID                | SI_USERS_T                  |     1 |    23 |     1   (0)| 00:00:01 |
|*106 |                 INDEX RANGE SCAN                          | SI_USERS_T_N2               |     1 |       |     0   (0)| 00:00:01 |
|*107 |               INDEX FULL SCAN                             | SI_ORG_ROLES_N3             |     2 |    28 |     1   (0)| 00:00:01 |
|*108 |              INDEX RANGE SCAN                             | SI_USER_ORG_ROLES_N2        |     1 |    10 |     0   (0)| 00:00:01 |
|*109 |             INDEX RANGE SCAN                              | SI_ROLES_N2                 |     1 |     5 |     0   (0)| 00:00:01 |
|*110 |            INDEX RANGE SCAN                               | SI_ROLE_ACTIVITIES_N2       |     5 |    50 |     1   (0)| 00:00:01 |
|*111 |           INDEX RANGE SCAN                                | SI_ACTIVITIES_N1            |     1 |       |     0   (0)| 00:00:01 |
|*112 |          TABLE ACCESS BY INDEX ROWID                      | SI_ACTIVITIES_T             |     1 |    35 |     1   (0)| 00:00:01 |
| 113 |         BUFFER SORT                                       |                             |     1 |       |    26  (12)| 00:00:01 |
| 114 |          VIEW                                             |                             |     1 |       |    13   (8)| 00:00:01 |
| 115 |           SORT AGGREGATE                                  |                             |     1 |    80 |            |          |
|*116 |            HASH JOIN                                      |                             |     1 |    80 |    13   (8)| 00:00:01 |
|*117 |             HASH JOIN                                     |                             |     1 |    63 |     9  (12)| 00:00:01 |
<font style="background-color: lightblue; color: red">|*118 |              TABLE ACCESS FULL                            | MS_QS_PARAMETER_TYPES       |     1 |    34 |     4   (0)| 00:00:01 |</font>
<font style="background-color: lightblue; color: red">|*119 |              TABLE ACCESS FULL                            | MS_QS_PARAMETER_NAMES       |     1 |    29 |     4   (0)| 00:00:01 |</font>
<font style="background-color: lightblue; color: red">|*120 |             TABLE ACCESS FULL                             | MS_QS_PARAMETER_VALUES      |   128 |  2176 |     4   (0)| 00:00:01 |</font>
-----------------------------------------------------------------------------------------------------------------------------------------
 
										</code></pre>
 										<header class="major"><h2>Query Block Name / Object Alias (identified by operation id):</h2></header>
										<pre><code>
-------------------------------------------------------------
 
   1 - SEL$940CEDA2
   3 - SEL$940CEDA2 / MS_GRC_OBJECTIVES@SEL$1
   4 - SET$FCA7A018 / VW_NSO_4@SEL$940CEDA2
   5 - SET$FCA7A018
   7 - SEL$F849124E
  16 - SEL$05647F14 / H@SEL$4
  17 - SEL$05647F14
  18 - SEL$5       
  21 - SEL$37459620 / SI_ORG_ENTITIES_T@SEL$9
  23 - SEL$4CC056F3 / VW_SQ_1@SEL$37D6FBBA
  24 - SEL$4CC056F3
  25 - SEL$614025F8 / O2@SEL$13
  26 - SEL$614025F8 / T1@SEL$614025F8
  27 - SEL$614025F9 / O1@SEL$12
  28 - SEL$614025F9 / T1@SEL$614025F9
  29 - SEL$F849124E / SI_USERS_T@SEL$14
  30 - SEL$F849124E / SI_USERS_T@SEL$14
  31 - SEL$F849124E / G@SEL$4
  32 - SEL$F849124E / E@SEL$4
  33 - SEL$F849124E / R@SEL$4
  34 - SEL$F849124E / A@SEL$3
  35 - SEL$F849124E / C@SEL$3
  36 - SEL$F849124E / C@SEL$3
  38 - SEL$15       / CONST@SEL$4
  39 - SEL$15      
  42 - SEL$15       / PTYPE@SEL$15
  43 - SEL$15       / PNAME@SEL$15
  44 - SEL$15       / PVALUE@SEL$15
  45 - SEL$550D0DB4
  54 - SEL$6793FE01 / H@SEL$18
  55 - SEL$6793FE01
  56 - SEL$19      
  59 - SEL$C843FE4E / SI_ORG_ENTITIES_T@SEL$23
  61 - SEL$8564D1C9 / VW_SQ_2@SEL$9A433A56
  62 - SEL$8564D1C9
  63 - SEL$551CC249 / O2@SEL$27
  64 - SEL$551CC249 / T1@SEL$551CC249
  65 - SEL$551CC24A / O1@SEL$26
  66 - SEL$551CC24A / T1@SEL$551CC24A
  67 - SEL$550D0DB4 / SI_USERS_T@SEL$28
  68 - SEL$550D0DB4 / SI_USERS_T@SEL$28
  69 - SEL$550D0DB4 / G@SEL$18
  70 - SEL$550D0DB4 / E@SEL$18
  71 - SEL$550D0DB4 / R@SEL$18
  72 - SEL$550D0DB4 / A@SEL$17
  73 - SEL$550D0DB4 / C@SEL$17
  74 - SEL$550D0DB4 / C@SEL$17
  76 - SEL$29       / CONST@SEL$18
  77 - SEL$29      
  80 - SEL$29       / PTYPE@SEL$29
  81 - SEL$29       / PNAME@SEL$29
  82 - SEL$29       / PVALUE@SEL$29
  83 - SEL$B7B9D4D0
  92 - SEL$7D8AD1B7 / H@SEL$32
  93 - SEL$7D8AD1B7
  94 - SEL$33      
  97 - SEL$9377CDA7 / SI_ORG_ENTITIES_T@SEL$37
  99 - SEL$4D0AF98B / VW_SQ_3@SEL$122D1D78
 100 - SEL$4D0AF98B
 101 - SEL$D3C2EE02 / O2@SEL$41
 102 - SEL$D3C2EE02 / T1@SEL$D3C2EE02
 103 - SEL$D3C2EE03 / O1@SEL$40
 104 - SEL$D3C2EE03 / T1@SEL$D3C2EE03
 105 - SEL$B7B9D4D0 / SI_USERS_T@SEL$42
 106 - SEL$B7B9D4D0 / SI_USERS_T@SEL$42
 107 - SEL$B7B9D4D0 / G@SEL$32
 108 - SEL$B7B9D4D0 / E@SEL$32
 109 - SEL$B7B9D4D0 / R@SEL$32
 110 - SEL$B7B9D4D0 / A@SEL$31
 111 - SEL$B7B9D4D0 / C@SEL$31
 112 - SEL$B7B9D4D0 / C@SEL$31
 114 - SEL$43       / CONST@SEL$32
 115 - SEL$43      
 118 - SEL$43       / PTYPE@SEL$43
 119 - SEL$43       / PNAME@SEL$43
 120 - SEL$43       / PVALUE@SEL$43
 
										</code></pre>
 										<header class="major"><h2>Predicate Information (identified by operation id):</h2></header>
										<pre><code>
---------------------------------------------------
 
   2 - access("OBJECTIVE_TYPE"="'1'")
  19 - filter(NVL("END_DATE",SYSDATE@!)>=SYSDATE@!)
  20 - access("PARENT_ORG_ENTITY_ID"=PRIOR "ORG_ENTITY_ID")
       filter("ORG_ENTITY_ID" IS NOT NULL)
  22 - access("LVL"="MAX(LVL)" AND "ITEM_0"="O1"."ORG_ENTITY_ID")
  29 - filter(NVL("END_DATE",SYSDATE@!)>=SYSDATE@!)
  30 - access("H"."ENTERPRISE_ID"="ENTERPRISE_ID" AND "USER_NAME"=:1)
  31 - filter("H"."PATH" LIKE '%:'||TO_CHAR("G"."ORG_ENTITY_ID")||':%')
  32 - access("G"."ORG_ROLE_ID"="E"."ORG_ROLE_ID" AND "USER_ID"="E"."USER_ID")
  33 - access("R"."ROLE_ID"="G"."ROLE_ID")
  34 - access("A"."ROLE_ID"="R"."ROLE_ID")
  35 - access("A"."ACTIVITY_ID"="C"."ACTIVITY_ID")
  36 - filter("C"."ACTIVITY_NAME"='GRC - Edit Business Objectives' OR "C"."ACTIVITY_NAME"='GRC - View Business Objectives')
  40 - access("PNAME"."PARAMETER_ID"="PVALUE"."PARAMETER_ID" AND "PTYPE"."PARAMETER_TYPE_ID"="PVALUE"."PARAMETER_TYPE_ID")
  41 - access("PTYPE"."PARAMETER_TYPE_ID"="PNAME"."PARAMETER_TYPE_ID")
  42 - filter(UPPER("PTYPE"."PARAMETER_TYPE")='MS APPS USER NAME DISPLAY FORMAT')
  43 - filter(UPPER("PNAME"."PARAMETER_NAME")='DISPLAY_FORMAT')
  44 - filter("PVALUE"."ORG_ENTITY_ID"=1)
  57 - filter(NVL("END_DATE",SYSDATE@!)>=SYSDATE@!)
  58 - access("PARENT_ORG_ENTITY_ID"=PRIOR "ORG_ENTITY_ID")
       filter("ORG_ENTITY_ID" IS NOT NULL)
  60 - access("LVL"="MAX(LVL)" AND "ITEM_1"="O1"."ORG_ENTITY_ID")
  67 - filter(NVL("END_DATE",SYSDATE@!)>=SYSDATE@!)
  68 - access("H"."ENTERPRISE_ID"="ENTERPRISE_ID" AND "USER_NAME"=:1)
  69 - filter("H"."PATH" LIKE '%:'||TO_CHAR("G"."ORG_ENTITY_ID")||':%')
  70 - access("G"."ORG_ROLE_ID"="E"."ORG_ROLE_ID" AND "USER_ID"="E"."USER_ID")
  71 - access("R"."ROLE_ID"="G"."ROLE_ID")
  72 - access("A"."ROLE_ID"="R"."ROLE_ID")
  73 - access("A"."ACTIVITY_ID"="C"."ACTIVITY_ID")
  74 - filter("C"."ACTIVITY_NAME"='GRC - Edit Control Objectives' OR "C"."ACTIVITY_NAME"='GRC - View Control Objectives')
  78 - access("PNAME"."PARAMETER_ID"="PVALUE"."PARAMETER_ID" AND "PTYPE"."PARAMETER_TYPE_ID"="PVALUE"."PARAMETER_TYPE_ID")
  79 - access("PTYPE"."PARAMETER_TYPE_ID"="PNAME"."PARAMETER_TYPE_ID")
  80 - filter(UPPER("PTYPE"."PARAMETER_TYPE")='MS APPS USER NAME DISPLAY FORMAT')
  81 - filter(UPPER("PNAME"."PARAMETER_NAME")='DISPLAY_FORMAT')
  82 - filter("PVALUE"."ORG_ENTITY_ID"=1)
  95 - filter(NVL("END_DATE",SYSDATE@!)>=SYSDATE@!)
  96 - access("PARENT_ORG_ENTITY_ID"=PRIOR "ORG_ENTITY_ID")
       filter("ORG_ENTITY_ID" IS NOT NULL)
  98 - access("LVL"="MAX(LVL)" AND "ITEM_2"="O1"."ORG_ENTITY_ID")
 105 - filter(NVL("END_DATE",SYSDATE@!)>=SYSDATE@!)
 106 - access("H"."ENTERPRISE_ID"="ENTERPRISE_ID" AND "USER_NAME"=:1)
 107 - filter("H"."PATH" LIKE '%:'||TO_CHAR("G"."ORG_ENTITY_ID")||':%')
 108 - access("G"."ORG_ROLE_ID"="E"."ORG_ROLE_ID" AND "USER_ID"="E"."USER_ID")
 109 - access("R"."ROLE_ID"="G"."ROLE_ID")
 110 - access("A"."ROLE_ID"="R"."ROLE_ID")
 111 - access("A"."ACTIVITY_ID"="C"."ACTIVITY_ID")
 112 - filter("C"."ACTIVITY_NAME"='GRC - Edit Process Objectives' OR "C"."ACTIVITY_NAME"='GRC - View Process Objectives')
 116 - access("PNAME"."PARAMETER_ID"="PVALUE"."PARAMETER_ID" AND "PTYPE"."PARAMETER_TYPE_ID"="PVALUE"."PARAMETER_TYPE_ID")
 117 - access("PTYPE"."PARAMETER_TYPE_ID"="PNAME"."PARAMETER_TYPE_ID")
 118 - filter(UPPER("PTYPE"."PARAMETER_TYPE")='MS APPS USER NAME DISPLAY FORMAT')
 119 - filter(UPPER("PNAME"."PARAMETER_NAME")='DISPLAY_FORMAT')
 120 - filter("PVALUE"."ORG_ENTITY_ID"=1)
 
										</code></pre>
 										<header class="major"><h2>Column Projection Information (identified by operation id):</h2></header>
										<pre><code>
-----------------------------------------------------------
 
   1 - (#keys=1) UPPER("OBJECT_NAME")[4000], "OBJECT_ID"[VARCHAR2,400], "OBJECT_NAME"[VARCHAR2,4000]
   2 - (#keys=1) "OBJECT_ID"[VARCHAR2,400], "OBJECT_NAME"[VARCHAR2,4000]
   3 - "OBJECT_ID"[VARCHAR2,400], "OBJECT_NAME"[VARCHAR2,4000], "OBJECTIVE_TYPE"[VARCHAR2,1020]
   4 - "'1'"[CHARACTER,4]
   5 - (#keys=1) STRDEF[1]
   6 - STRDEF[1]
   7 - (#keys=1) '1'[1]
   8 - (#keys=0) 
   9 - (#keys=0) 
  10 - (#keys=0) "C".ROWID[ROWID,10]
  11 - (#keys=0) "A"."ACTIVITY_ID"[NUMBER,22]
  12 - (#keys=0) "R"."ROLE_ID"[NUMBER,22]
  13 - (#keys=0) "G"."ROLE_ID"[NUMBER,22]
  14 - (#keys=0) "USER_ID"[NUMBER,22], "G"."ORG_ROLE_ID"[NUMBER,22], "G"."ROLE_ID"[NUMBER,22]
  15 - (#keys=0) "H"."PATH"[VARCHAR2,4000], "USER_ID"[NUMBER,22]
  16 - "H"."ENTERPRISE_ID"[NUMBER,22], "H"."PATH"[VARCHAR2,4000]
  17 - "MAX(LVL)"[NUMBER,22], "LVL"[NUMBER,22], "ITEM_0"[NUMBER,22], "O1"."ORG_ENTITY_ID"[NUMBER,22], "PATH"[VARCHAR2,4000], 
       "ENTERPRISE_ID"[NUMBER,22]
  18 - SYSDEF[4], SYSDEF[0], SYSDEF[1], SYSDEF[96], SYSDEF[0]
  19 - "PARENT_ORG_ENTITY_ID"[NUMBER,22], "ORG_ENTITY_ID"[NUMBER,22], STRDEF[100], STRDEF[22], STRDEF[7], PRIOR NULL[22], 
       LEVEL[4], SYS_CONNECT_BY_PATH(TO_CHAR("ORG_ENTITY_ID"),':')[4000]
  20 - "PARENT_ORG_ENTITY_ID"[NUMBER,22], "ORG_ENTITY_ID"[NUMBER,22], STRDEF[100], STRDEF[22], STRDEF[7], PRIOR NULL[22], 
       LEVEL[4], SYS_CONNECT_BY_PATH(TO_CHAR("ORG_ENTITY_ID"),':')[4000]
  21 - "ENTERPRISE_ID"[NUMBER,22], "ORG_ENTITY_ID"[NUMBER,22], "ORG_ENTITY_NAME"[VARCHAR2,100], 
       "PARENT_ORG_ENTITY_ID"[NUMBER,22], "END_DATE"[DATE,7]
  22 - (#keys=2) "MAX(LVL)"[NUMBER,22], "LVL"[NUMBER,22], "ITEM_0"[NUMBER,22], "O1"."ORG_ENTITY_ID"[NUMBER,22], 
       "PATH"[VARCHAR2,4000], "ENTERPRISE_ID"[NUMBER,22]
  23 - "MAX(LVL)"[NUMBER,22], "ITEM_0"[NUMBER,22]
  24 - (#keys=1) "O2"."ORG_ENTITY_ID"[NUMBER,22], MAX("LVL")[22]
  25 - "O2"."ORG_ENTITY_ID"[NUMBER,22], "LVL"[NUMBER,22]
  26 - "C0"[NUMBER,22], "C1"[VARCHAR2,100], "C2"[NUMBER,22], "C3"[NUMBER,22], "C4"[VARCHAR2,4000]
  27 - "O1"."ORG_ENTITY_ID"[NUMBER,22], "ENTERPRISE_ID"[NUMBER,22], "LVL"[NUMBER,22], "PATH"[VARCHAR2,4000]
  28 - "C0"[NUMBER,22], "C1"[VARCHAR2,100], "C2"[NUMBER,22], "C3"[NUMBER,22], "C4"[VARCHAR2,4000]
  29 - "USER_ID"[NUMBER,22]
  30 - "SI_USERS_T".ROWID[ROWID,10]
  31 - "G"."ORG_ROLE_ID"[NUMBER,22], "G"."ROLE_ID"[NUMBER,22]
  33 - "R"."ROLE_ID"[NUMBER,22]
  34 - "A"."ACTIVITY_ID"[NUMBER,22]
  35 - "C".ROWID[ROWID,10]
  37 - (#keys=0) 
  39 - (#keys=0) MIN("PVALUE"."PARAMETER_VALUE")[100]
  40 - (#keys=2) "PVALUE"."PARAMETER_VALUE"[VARCHAR2,100]
  41 - (#keys=1) "PTYPE"."PARAMETER_TYPE_ID"[NUMBER,22], "PNAME"."PARAMETER_ID"[NUMBER,22]
  42 - "PTYPE"."PARAMETER_TYPE_ID"[NUMBER,22]
  43 - "PNAME"."PARAMETER_ID"[NUMBER,22], "PNAME"."PARAMETER_TYPE_ID"[NUMBER,22]
  44 - "PVALUE"."PARAMETER_TYPE_ID"[NUMBER,22], "PVALUE"."PARAMETER_ID"[NUMBER,22], "PVALUE"."PARAMETER_VALUE"[VARCHAR2,100]
  45 - (#keys=1) '2'[1]
  46 - (#keys=0) 
  47 - (#keys=0) 
  48 - (#keys=0) "C".ROWID[ROWID,10]
  49 - (#keys=0) "A"."ACTIVITY_ID"[NUMBER,22]
  50 - (#keys=0) "R"."ROLE_ID"[NUMBER,22]
  51 - (#keys=0) "G"."ROLE_ID"[NUMBER,22]
  52 - (#keys=0) "USER_ID"[NUMBER,22], "G"."ORG_ROLE_ID"[NUMBER,22], "G"."ROLE_ID"[NUMBER,22]
  53 - (#keys=0) "H"."PATH"[VARCHAR2,4000], "USER_ID"[NUMBER,22]
  54 - "H"."ENTERPRISE_ID"[NUMBER,22], "H"."PATH"[VARCHAR2,4000]
  55 - "MAX(LVL)"[NUMBER,22], "LVL"[NUMBER,22], "ITEM_1"[NUMBER,22], "O1"."ORG_ENTITY_ID"[NUMBER,22], "PATH"[VARCHAR2,4000], 
       "ENTERPRISE_ID"[NUMBER,22]
  56 - SYSDEF[4], SYSDEF[0], SYSDEF[1], SYSDEF[96], SYSDEF[0]
  57 - "PARENT_ORG_ENTITY_ID"[NUMBER,22], "ORG_ENTITY_ID"[NUMBER,22], STRDEF[100], STRDEF[22], STRDEF[7], PRIOR NULL[22], 
       LEVEL[4], SYS_CONNECT_BY_PATH(TO_CHAR("ORG_ENTITY_ID"),':')[4000]
  58 - "PARENT_ORG_ENTITY_ID"[NUMBER,22], "ORG_ENTITY_ID"[NUMBER,22], STRDEF[100], STRDEF[22], STRDEF[7], PRIOR NULL[22], 
       LEVEL[4], SYS_CONNECT_BY_PATH(TO_CHAR("ORG_ENTITY_ID"),':')[4000]
  59 - "ENTERPRISE_ID"[NUMBER,22], "ORG_ENTITY_ID"[NUMBER,22], "ORG_ENTITY_NAME"[VARCHAR2,100], 
       "PARENT_ORG_ENTITY_ID"[NUMBER,22], "END_DATE"[DATE,7]
  60 - (#keys=2) "MAX(LVL)"[NUMBER,22], "LVL"[NUMBER,22], "ITEM_1"[NUMBER,22], "O1"."ORG_ENTITY_ID"[NUMBER,22], 
       "PATH"[VARCHAR2,4000], "ENTERPRISE_ID"[NUMBER,22]
  61 - "MAX(LVL)"[NUMBER,22], "ITEM_1"[NUMBER,22]
  62 - (#keys=1) "O2"."ORG_ENTITY_ID"[NUMBER,22], MAX("LVL")[22]
  63 - "O2"."ORG_ENTITY_ID"[NUMBER,22], "LVL"[NUMBER,22]
  64 - "C0"[NUMBER,22], "C1"[VARCHAR2,100], "C2"[NUMBER,22], "C3"[NUMBER,22], "C4"[VARCHAR2,4000]
  65 - "O1"."ORG_ENTITY_ID"[NUMBER,22], "ENTERPRISE_ID"[NUMBER,22], "LVL"[NUMBER,22], "PATH"[VARCHAR2,4000]
  66 - "C0"[NUMBER,22], "C1"[VARCHAR2,100], "C2"[NUMBER,22], "C3"[NUMBER,22], "C4"[VARCHAR2,4000]
  67 - "USER_ID"[NUMBER,22]
  68 - "SI_USERS_T".ROWID[ROWID,10]
  69 - "G"."ORG_ROLE_ID"[NUMBER,22], "G"."ROLE_ID"[NUMBER,22]
  71 - "R"."ROLE_ID"[NUMBER,22]
  72 - "A"."ACTIVITY_ID"[NUMBER,22]
  73 - "C".ROWID[ROWID,10]
  75 - (#keys=0) 
  77 - (#keys=0) MIN("PVALUE"."PARAMETER_VALUE")[100]
  78 - (#keys=2) "PVALUE"."PARAMETER_VALUE"[VARCHAR2,100]
  79 - (#keys=1) "PTYPE"."PARAMETER_TYPE_ID"[NUMBER,22], "PNAME"."PARAMETER_ID"[NUMBER,22]
  80 - "PTYPE"."PARAMETER_TYPE_ID"[NUMBER,22]
  81 - "PNAME"."PARAMETER_ID"[NUMBER,22], "PNAME"."PARAMETER_TYPE_ID"[NUMBER,22]
  82 - "PVALUE"."PARAMETER_TYPE_ID"[NUMBER,22], "PVALUE"."PARAMETER_ID"[NUMBER,22], "PVALUE"."PARAMETER_VALUE"[VARCHAR2,100]
  83 - (#keys=1) '3'[1]
  84 - (#keys=0) 
  85 - (#keys=0) 
  86 - (#keys=0) "C".ROWID[ROWID,10]
  87 - (#keys=0) "A"."ACTIVITY_ID"[NUMBER,22]
  88 - (#keys=0) "R"."ROLE_ID"[NUMBER,22]
  89 - (#keys=0) "G"."ROLE_ID"[NUMBER,22]
  90 - (#keys=0) "USER_ID"[NUMBER,22], "G"."ORG_ROLE_ID"[NUMBER,22], "G"."ROLE_ID"[NUMBER,22]
  91 - (#keys=0) "H"."PATH"[VARCHAR2,4000], "USER_ID"[NUMBER,22]
  92 - "H"."ENTERPRISE_ID"[NUMBER,22], "H"."PATH"[VARCHAR2,4000]
  93 - "MAX(LVL)"[NUMBER,22], "LVL"[NUMBER,22], "ITEM_2"[NUMBER,22], "O1"."ORG_ENTITY_ID"[NUMBER,22], "PATH"[VARCHAR2,4000], 
       "ENTERPRISE_ID"[NUMBER,22]
  94 - SYSDEF[4], SYSDEF[0], SYSDEF[1], SYSDEF[96], SYSDEF[0]
  95 - "PARENT_ORG_ENTITY_ID"[NUMBER,22], "ORG_ENTITY_ID"[NUMBER,22], STRDEF[100], STRDEF[22], STRDEF[7], PRIOR NULL[22], 
       LEVEL[4], SYS_CONNECT_BY_PATH(TO_CHAR("ORG_ENTITY_ID"),':')[4000]
  96 - "PARENT_ORG_ENTITY_ID"[NUMBER,22], "ORG_ENTITY_ID"[NUMBER,22], STRDEF[100], STRDEF[22], STRDEF[7], PRIOR NULL[22], 
       LEVEL[4], SYS_CONNECT_BY_PATH(TO_CHAR("ORG_ENTITY_ID"),':')[4000]
  97 - "ENTERPRISE_ID"[NUMBER,22], "ORG_ENTITY_ID"[NUMBER,22], "ORG_ENTITY_NAME"[VARCHAR2,100], 
       "PARENT_ORG_ENTITY_ID"[NUMBER,22], "END_DATE"[DATE,7]
  98 - (#keys=2) "MAX(LVL)"[NUMBER,22], "LVL"[NUMBER,22], "ITEM_2"[NUMBER,22], "O1"."ORG_ENTITY_ID"[NUMBER,22], 
       "PATH"[VARCHAR2,4000], "ENTERPRISE_ID"[NUMBER,22]
  99 - "MAX(LVL)"[NUMBER,22], "ITEM_2"[NUMBER,22]
 100 - (#keys=1) "O2"."ORG_ENTITY_ID"[NUMBER,22], MAX("LVL")[22]
 101 - "O2"."ORG_ENTITY_ID"[NUMBER,22], "LVL"[NUMBER,22]
 102 - "C0"[NUMBER,22], "C1"[VARCHAR2,100], "C2"[NUMBER,22], "C3"[NUMBER,22], "C4"[VARCHAR2,4000]
 103 - "O1"."ORG_ENTITY_ID"[NUMBER,22], "ENTERPRISE_ID"[NUMBER,22], "LVL"[NUMBER,22], "PATH"[VARCHAR2,4000]
 104 - "C0"[NUMBER,22], "C1"[VARCHAR2,100], "C2"[NUMBER,22], "C3"[NUMBER,22], "C4"[VARCHAR2,4000]
 105 - "USER_ID"[NUMBER,22]
 106 - "SI_USERS_T".ROWID[ROWID,10]
 107 - "G"."ORG_ROLE_ID"[NUMBER,22], "G"."ROLE_ID"[NUMBER,22]
 109 - "R"."ROLE_ID"[NUMBER,22]
 110 - "A"."ACTIVITY_ID"[NUMBER,22]
 111 - "C".ROWID[ROWID,10]
 113 - (#keys=0) 
 115 - (#keys=0) MIN("PVALUE"."PARAMETER_VALUE")[100]
 116 - (#keys=2) "PVALUE"."PARAMETER_VALUE"[VARCHAR2,100]
 117 - (#keys=1) "PTYPE"."PARAMETER_TYPE_ID"[NUMBER,22], "PNAME"."PARAMETER_ID"[NUMBER,22]
 118 - "PTYPE"."PARAMETER_TYPE_ID"[NUMBER,22]
 119 - "PNAME"."PARAMETER_ID"[NUMBER,22], "PNAME"."PARAMETER_TYPE_ID"[NUMBER,22]
 120 - "PVALUE"."PARAMETER_TYPE_ID"[NUMBER,22], "PVALUE"."PARAMETER_ID"[NUMBER,22], "PVALUE"."PARAMETER_VALUE"[VARCHAR2,100]
										</code></pre>
								</section>
						</div>
					</div>

				<!-- Sidebar -->
				<div id="sidebar">
					<div class="inner">
						<!-- Menu -->
						<nav id="menu">
							<header class="major">
								<h2>Menu</h2>
							</header>
							<ul>
								<li><a href="index.html">Summary</a></li>
								<li>
									<span class="opener">SQL Analysis</span>
									<ul>
										<li><a href="union.html">Union &amp; Union All</a></li>
										<li><a href="poor-sql.html">Poor Plan</a></li>
										<li><a href="invalid-sql.html">Invalid SQL</a></li>
										<li><a href="full-sql.html">Full Report</a></li>
									</ul>
								</li>
							</ul>
						</nav>

						<!-- Section -->
						<section>
							<header class="major">
								<h2>Get in touch</h2>
							</header>
							<p>You need more details on the report or want more functionality, don't hesitate to reach out to us.</p>
							<ul class="contact">
								<li class="fa-envelope-o"><a href="mailto:rnd@metricstream.com?Subject=Reg - Static Code Analysis Tool" target="_top">rnd@metricstream.com</a></li>
							</ul>
						</section>

						<!-- Footer -->
						<footer id="footer">
							<p class="copyright">&copy; <a href="http://www.metricstream.com" target="_blank">MetricStream</a>. All rights reserved. </p>
						</footer>
					</div>
				</div>
			</div>

		<!-- Scripts -->
			<script src="../lib/assets/js/jquery.min.js"></script>
			<script src="../lib/assets/js/skel.min.js"></script>
			<script src="../lib/assets/js/util.js"></script>
			<!--[if lte IE 8]><script src="../lib/assets/js/ie/respond.min.js"></script><![endif]-->
			<script src="../lib/assets/js/main.js"></script>
	</body>
</html>