<!DOCTYPE HTML>
<html>
	<head>
		<title>Code Analysis - MetricStream</title>
		<meta charset="utf-8" />
		<meta name="viewport" content="width=device-width, initial-scale=1, user-scalable=no" />
		<!--[if lte IE 8]><script src="assets/js/ie/html5shiv.js"></script><![endif]-->
		<link rel="stylesheet" href="../lib/assets/css/main.css" />
		<!--[if lte IE 9]><link rel="stylesheet" href="../lib/assets/css/ie9.css" /><![endif]-->
		<!--[if lte IE 8]><link rel="stylesheet" href="../lib/assets/css/ie8.css" /><![endif]-->
	</head>
	<body>

		<!-- Wrapper -->
			<div id="wrapper">

				<!-- Main -->
					<div id="main">
						<div class="inner">
							<!-- Header -->
								<header id="header">
									<a href="index.html" class="logo"><strong>Static Code Analysis Report</strong> by Code Analyzer Tool</a>
								</header>

							<!-- Content -->
								<section>
									<!-- Content -->
										<header class="major"><h2>Infolet Details</h2></header>
										<div class="table-wrapper">
											<table>
												<tbody>
													<tr>
														<td>Name</td>
														<td>MS_GRC_Yes_No_dbf (102823)</td>
													</tr>
													<tr>
														<td>SQL</td>
														<td><pre><code>Select Stored_Value,
       Displayed_Value
From   MS_GRC_LOV_ORG_VALUES_V
where (trim(LOV_NAME) = 'MS GRC Expired Yes No') and locale_id =
(select locale_id from si_locales a,si_users_t b where locale=locale_string and user_name = :1)
order by display_order asc</code></pre></td>
													</tr>
													<tr>
														<td>Description</td>
														<td> MS_GRC_Yes_No_dbf </td>
													</tr>
												</tbody>
											</table>
										</div>

										<h2 align="center" id="content">Analysis Report</h2>
										<hr>
 										<header class="major"><h2>Plan hash value: 496963290</h2></header>
										<pre><code>
 
------------------------------------------------------------------------------------------------------------
| Id  | Operation                        | Name                    | Rows  | Bytes | Cost (%CPU)| Time     |
------------------------------------------------------------------------------------------------------------
|   0 | SELECT STATEMENT                 |                         |    50 | 56800 |    50   (6)| 00:00:01 |
|   1 |  SORT ORDER BY                   |                         |    50 | 56800 |    50   (6)| 00:00:01 |
|*  2 |   HASH JOIN RIGHT OUTER          |                         |    50 | 56800 |    43   (3)| 00:00:01 |
<font style="background-color: lightblue; color: red">|   3 |    TABLE ACCESS FULL             | MS_QS_LIST_OF_VALUES_TL |  1160 | 30160 |     6   (0)| 00:00:01 |</font>
|*  4 |    HASH JOIN                     |                         |    50 | 55500 |    37   (3)| 00:00:01 |
<font style="background-color: lightblue; color: red">|*  5 |     TABLE ACCESS FULL            | MS_QS_LOV_NAMES         |     3 |    87 |     6   (0)| 00:00:01 |</font>
|*  6 |     VIEW                         |                         |  4883 |  5154K|    30   (0)| 00:00:01 |
<font style="background-color: lightblue; color: red">|   7 |      MERGE JOIN CARTESIAN        |                         |  4883 |   176K|    30   (0)| 00:00:01 |</font>
<font style="background-color: lightblue; color: red">|*  8 |       TABLE ACCESS FULL          | SI_LOCALES              |     4 |    24 |     3   (0)| 00:00:01 |</font>
|   9 |       BUFFER SORT                |                         |  1395 | 43245 |    27   (0)| 00:00:01 |
<font style="background-color: lightblue; color: red">|  10 |        TABLE ACCESS FULL         | MS_QS_LIST_OF_VALUES_T  |  1395 | 43245 |     7   (0)| 00:00:01 |</font>
|* 11 |      HASH JOIN                   |                         |     1 |    31 |     6  (17)| 00:00:01 |
|  12 |       TABLE ACCESS BY INDEX ROWID| SI_USERS_T              |     1 |    20 |     2   (0)| 00:00:01 |
<font style="background-color: lightblue; color: red">|* 13 |        INDEX SKIP SCAN           | SI_USERS_T_N2           |     1 |       |     1   (0)| 00:00:01 |</font>
<font style="background-color: lightblue; color: red">|  14 |       TABLE ACCESS FULL          | SI_LOCALES              |    35 |   385 |     3   (0)| 00:00:01 |</font>
------------------------------------------------------------------------------------------------------------
 
										</code></pre>
 										<header class="major"><h2>Query Block Name / Object Alias (identified by operation id):</h2></header>
										<pre><code>
-------------------------------------------------------------
 
   1 - SEL$FACC8911
   3 - SEL$FACC8911 / TL@SEL$3
   5 - SEL$FACC8911 / MS_QS_LOV_NAMES@SEL$6
   6 - SEL$7286615E / X@SEL$3
   7 - SEL$7286615E
   8 - SEL$7286615E / SI_LOCALES@SEL$5
  10 - SEL$7286615E / T@SEL$4
  11 - SEL$7       
  12 - SEL$7        / B@SEL$7
  13 - SEL$7        / B@SEL$7
  14 - SEL$7        / A@SEL$7
 
										</code></pre>
 										<header class="major"><h2>Predicate Information (identified by operation id):</h2></header>
										<pre><code>
---------------------------------------------------
 
   2 - access("X"."LOV_VALUE_ID"="TL"."LOV_VALUE_ID"(+) AND "X"."LOCALE_ID"="TL"."LOCALE_ID"(+))
   4 - access("X"."LOV_ID"="LOV_ID")
   5 - filter(TRIM("LOV_NAME")='MS GRC Expired Yes No')
   6 - filter("X"."LOCALE_ID"= (SELECT "LOCALE_ID" FROM "SI_USERS_T" "B","SI_LOCALES" "A" WHERE 
              "LOCALE"="LOCALE_STRING" AND "USER_NAME"=:1))
   8 - filter("ENABLED_FLAG"='Y')
  11 - access("LOCALE"="LOCALE_STRING")
  13 - access("USER_NAME"=:1)
       filter("USER_NAME"=:1)
 
										</code></pre>
 										<header class="major"><h2>Column Projection Information (identified by operation id):</h2></header>
										<pre><code>
-----------------------------------------------------------
 
   1 - (#keys=1) "X"."DISPLAY_ORDER"[NUMBER,22], "X"."STORED_VALUE"[VARCHAR2,100], 
       NVL("TL"."DISPLAYED_VALUE","X"."DISPLAYED_VALUE")[2000]
   2 - (#keys=2) "TL"."DISPLAYED_VALUE"[VARCHAR2,2000], "X"."DISPLAYED_VALUE"[VARCHAR2,2000], 
       "X"."DISPLAY_ORDER"[NUMBER,22], "X"."STORED_VALUE"[VARCHAR2,100]
   3 - "TL"."LOV_VALUE_ID"[NUMBER,22], "TL"."DISPLAYED_VALUE"[VARCHAR2,2000], 
       "TL"."LOCALE_ID"[NUMBER,22]
   4 - (#keys=1) "X"."LOV_VALUE_ID"[NUMBER,22], "X"."DISPLAY_ORDER"[NUMBER,22], 
       "X"."STORED_VALUE"[VARCHAR2,100], "X"."DISPLAYED_VALUE"[VARCHAR2,2000], "X"."LOCALE_ID"[NUMBER,22]
   5 - "LOV_ID"[NUMBER,22]
   6 - "X"."LOV_VALUE_ID"[NUMBER,22], "X"."LOV_ID"[NUMBER,22], "X"."STORED_VALUE"[VARCHAR2,100], 
       "X"."DISPLAYED_VALUE"[VARCHAR2,2000], "X"."LOCALE_ID"[NUMBER,22], "X"."DISPLAY_ORDER"[NUMBER,22]
   7 - (#keys=0) "LOCALE_ID"[NUMBER,22], "T"."LOV_VALUE_ID"[NUMBER,22], "T"."LOV_ID"[NUMBER,22], 
       "T"."STORED_VALUE"[VARCHAR2,100], "T"."DISPLAYED_VALUE"[VARCHAR2,2000], 
       "T"."DISPLAY_ORDER"[NUMBER,22]
   8 - "LOCALE_ID"[NUMBER,22]
   9 - (#keys=0) "T"."LOV_VALUE_ID"[NUMBER,22], "T"."LOV_ID"[NUMBER,22], 
       "T"."STORED_VALUE"[VARCHAR2,100], "T"."DISPLAYED_VALUE"[VARCHAR2,2000], 
       "T"."DISPLAY_ORDER"[NUMBER,22]
  10 - "T"."LOV_VALUE_ID"[NUMBER,22], "T"."LOV_ID"[NUMBER,22], "T"."STORED_VALUE"[VARCHAR2,100], 
       "T"."DISPLAYED_VALUE"[VARCHAR2,2000], "T"."DISPLAY_ORDER"[NUMBER,22]
  11 - (#keys=1) "LOCALE"[VARCHAR2,400], "LOCALE_STRING"[VARCHAR2,100], "LOCALE_ID"[NUMBER,22]
  12 - "LOCALE"[VARCHAR2,400]
  13 - "B".ROWID[ROWID,10]
  14 - "LOCALE_ID"[NUMBER,22], "LOCALE_STRING"[VARCHAR2,100]
										</code></pre>
								</section>
						</div>
					</div>

				<!-- Sidebar -->
				<div id="sidebar">
					<div class="inner">
						<!-- Menu -->
						<nav id="menu">
							<header class="major">
								<h2>Menu</h2>
							</header>
							<ul>
								<li><a href="index.html">Summary</a></li>
								<li>
									<span class="opener">DB Analysis</span>
									<ul>
										<li><a href="union.html">Bad SQL</a></li>
										<li><a href="poor-sql.html">Poor SQL Plan</a></li>
										<li><a href="invalid-sql.html">Invalid SQL</a></li>
										<li><a href="full-sql.html">Full SQL Report</a></li>
										<li><a href="db-primary-unique-key.html">Primary/Unique Key Miss</a></li>
										<li><a href="invalid-db-object.html">Invalid DB Objects</a></li>
									</ul>
								</li>
							</ul>
						</nav>

						<!-- Section -->
						<section>
							<header class="major">
								<h2>Get in touch</h2>
							</header>
							<p>You need more details on the report or want more functionality, don't hesitate to reach out to us.</p>
							<ul class="contact">
								<li class="fa-envelope-o"><a href="mailto:rnd@metricstream.com?Subject=Reg - Static Code Analysis Tool" target="_top">rnd@metricstream.com</a></li>
							</ul>
						</section>

						<!-- Footer -->
						<footer id="footer">
							<p class="copyright">&copy; <a href="http://www.metricstream.com" target="_blank">MetricStream</a>. All rights reserved. </p>
						</footer>
					</div>
				</div>
			</div>

		<!-- Scripts -->
			<script src="../lib/assets/js/jquery.min.js"></script>
			<script src="../lib/assets/js/skel.min.js"></script>
			<script src="../lib/assets/js/util.js"></script>
			<!--[if lte IE 8]><script src="../lib/assets/js/ie/respond.min.js"></script><![endif]-->
			<script src="../lib/assets/js/main.js"></script>
	</body>
</html>