<!DOCTYPE HTML>
<html>
	<head>
		<title>Code Analysis - MetricStream</title>
		<meta charset="utf-8" />
		<meta name="viewport" content="width=device-width, initial-scale=1, user-scalable=no" />
		<!--[if lte IE 8]><script src="assets/js/ie/html5shiv.js"></script><![endif]-->
		<link rel="stylesheet" href="../lib/assets/css/main.css" />
		<!--[if lte IE 9]><link rel="stylesheet" href="../lib/assets/css/ie9.css" /><![endif]-->
		<!--[if lte IE 8]><link rel="stylesheet" href="../lib/assets/css/ie8.css" /><![endif]-->
	</head>
	<body>

		<!-- Wrapper -->
			<div id="wrapper">

				<!-- Main -->
					<div id="main">
						<div class="inner">
							<!-- Header -->
								<header id="header">
									<a href="index.html" class="logo"><strong>Static Code Analysis Report</strong> by Code Analyzer Tool</a>
								</header>

							<!-- Content -->
								<section>
									<!-- Content -->
										<header class="major"><h2>Infolet Details</h2></header>
										<div class="table-wrapper">
											<table>
												<tbody>
													<tr>
														<td>Name</td>
														<td>MS_GRC_EXCP_Entp_List_Rpt_Inf (105595)</td>
													</tr>
													<tr>
														<td>SQL</td>
														<td><pre><code>select object_id,
object_type as object_type,
exception_for,
      type_exception,
       OBJ_CREATED_ON,
      OBJ_CREATED_BY,
      OBJ_MODIFIED_ON,
      OBJ_MODIFIED_BY,
      REL_DATA_LINK as Applies_To_Organizations,
      REL_DATA_LINK as Related_Areas_Of_Compliance,
      REL_DATA_LINK as Related_Asset_Classes,
      REL_DATA_LINK as Related_Assets,
      REL_DATA_LINK as Related_Controls,
      REL_DATA_LINK as RELATED_FRAMEWORK_REFERENCES,
      REL_DATA_LINK as Related_Processes,
      REL_DATA_LINK as Related_References,
      REL_DATA_LINK as Related_Requirements,
      REL_DATA_LINK as Related_Standards,
      valid_from,
      expires_on,
      (Select Ms_Grc_Utilities.Get_Status_Name(:26, RV.status) From Dual) as status,
      items,
      exception_approver,
      explanation,
      edit,
      items_disp
   from MS_GRC_EXCP_ENTP_RV RV
   WHERE locale = (SELECT LOCALE FROM si_users_t where USER_NAME = :26)
   AND EXISTS
(SELECT COLUMN_VALUE
FROM TABLE(cast(ms_grc_reportbrowser_filters.GET_Filters_exception_entp(:1,               
:2,         
:3,             
:4,            
:5,         
:6,                    
:7,  
:8,              
:9,             
:10, 
:11,  
:12,              
:13,       
:14,          
:15,          
:16,            
:17,       
:18, 
:19,     
:20,   
:21,     
:22,   
:23, 
:24,       
:25,    
'',
:26   ) AS ms_varchar2_array))
WHERE COLUMN_VALUE = RV.OBJECT_ID
)</code></pre></td>
													</tr>
													<tr>
														<td>Description</td>
														<td> This infolet is used for fetching the Library data for Exception Enterprise report. It consists of the parameters specific to Exception object and also the related library object parameters. It does not contain any mandatory parameter. </td>
													</tr>
												</tbody>
											</table>
										</div>

										<h2 align="center" id="content">Analysis Report</h2>
										<hr>
 										<header class="major"><h2>Plan hash value: 1374296138</h2></header>
										<pre><code>
 
--------------------------------------------------------------------------------------------------------------------
| Id  | Operation                             | Name                       | Rows  | Bytes | Cost (%CPU)| Time     |
--------------------------------------------------------------------------------------------------------------------
|   0 | SELECT STATEMENT                      |                            |     1 |  6986 |    57   (2)| 00:00:01 |
|*  1 |  HASH JOIN OUTER                      |                            |     1 |  1795 |    22   (5)| 00:00:01 |
|   2 |   NESTED LOOPS                        |                            |     1 |  1769 |    16   (7)| 00:00:01 |
|*  3 |    HASH JOIN                          |                            |     1 |  1766 |    16   (7)| 00:00:01 |
|   4 |     NESTED LOOPS                      |                            |     1 |  1734 |     9   (0)| 00:00:01 |
|   5 |      TABLE ACCESS BY INDEX ROWID      | MS_GRC_EXCEPTION           |     1 |   712 |     0   (0)| 00:00:01 |
|*  6 |       INDEX UNIQUE SCAN               | MS_GRC_EXCEPTION_PK        |     1 |       |     0   (0)| 00:00:01 |
|*  7 |      VIEW                             |                            |     1 |  1022 |     9   (0)| 00:00:01 |
|   8 |       NESTED LOOPS                    |                            |  1395 | 55800 |     9   (0)| 00:00:01 |
|*  9 |        TABLE ACCESS BY INDEX ROWID    | SI_LOCALES                 |     1 |     6 |     1   (0)| 00:00:01 |
|* 10 |         INDEX UNIQUE SCAN             | SI_LOCALES_U1              |     1 |       |     0   (0)| 00:00:01 |
<font style="background-color: lightblue; color: red">|* 11 |        TABLE ACCESS FULL              | MS_QS_LIST_OF_VALUES_T     |  1395 | 47430 |     8   (0)| 00:00:01 |</font>
<font style="background-color: lightblue; color: red">|* 12 |     TABLE ACCESS FULL                 | MS_QS_LOV_NAMES            |     1 |    32 |     6   (0)| 00:00:01 |</font>
|* 13 |    INDEX RANGE SCAN                   | SI_ENT_N1                  |     1 |     3 |     0   (0)| 00:00:01 |
<font style="background-color: lightblue; color: red">|* 14 |   TABLE ACCESS FULL                   | MS_QS_LIST_OF_VALUES_TL    |  1160 | 30160 |     6   (0)| 00:00:01 |</font>
|* 15 |  HASH JOIN OUTER                      |                            |     1 |  1797 |    22   (5)| 00:00:01 |
|  16 |   NESTED LOOPS                        |                            |     1 |  1771 |    16   (7)| 00:00:01 |
|* 17 |    HASH JOIN                          |                            |     1 |  1768 |    16   (7)| 00:00:01 |
|  18 |     NESTED LOOPS                      |                            |     1 |  1736 |     9   (0)| 00:00:01 |
|  19 |      TABLE ACCESS BY INDEX ROWID      | MS_GRC_EXCEPTION           |     1 |   714 |     0   (0)| 00:00:01 |
|* 20 |       INDEX UNIQUE SCAN               | MS_GRC_EXCEPTION_PK        |     1 |       |     0   (0)| 00:00:01 |
|* 21 |      VIEW                             |                            |     1 |  1022 |     9   (0)| 00:00:01 |
|  22 |       NESTED LOOPS                    |                            |  1395 | 55800 |     9   (0)| 00:00:01 |
|* 23 |        TABLE ACCESS BY INDEX ROWID    | SI_LOCALES                 |     1 |     6 |     1   (0)| 00:00:01 |
|* 24 |         INDEX UNIQUE SCAN             | SI_LOCALES_U1              |     1 |       |     0   (0)| 00:00:01 |
<font style="background-color: lightblue; color: red">|* 25 |        TABLE ACCESS FULL              | MS_QS_LIST_OF_VALUES_T     |  1395 | 47430 |     8   (0)| 00:00:01 |</font>
<font style="background-color: lightblue; color: red">|* 26 |     TABLE ACCESS FULL                 | MS_QS_LOV_NAMES            |     1 |    32 |     6   (0)| 00:00:01 |</font>
|* 27 |    INDEX RANGE SCAN                   | SI_ENT_N1                  |     1 |     3 |     0   (0)| 00:00:01 |
<font style="background-color: lightblue; color: red">|* 28 |   TABLE ACCESS FULL                   | MS_QS_LIST_OF_VALUES_TL    |  1160 | 30160 |     6   (0)| 00:00:01 |</font>
|  29 |  FAST DUAL                            |                            |     1 |       |     2   (0)| 00:00:01 |
|  30 |  SORT AGGREGATE                       |                            |     1 |   714 |            |          |
<font style="background-color: lightblue; color: red">|* 31 |   TABLE ACCESS FULL                   | MS_GRC_EXCEPTION_ITM       |     1 |   714 |     2   (0)| 00:00:01 |</font>
|  32 |  SORT AGGREGATE                       |                            |     1 |   714 |            |          |
<font style="background-color: lightblue; color: red">|* 33 |   TABLE ACCESS FULL                   | MS_GRC_EXCEPTION_ITM       |     1 |   714 |     2   (0)| 00:00:01 |</font>
|  34 |  NESTED LOOPS                         |                            |     1 |  6986 |    55   (2)| 00:00:01 |
<font style="background-color: lightblue; color: red">|  35 |   MERGE JOIN CARTESIAN                |                            |   136 |   144K|    55   (2)| 00:00:01 |</font>
|* 36 |    HASH JOIN OUTER                    |                            |     1 |  1084 |    26   (4)| 00:00:01 |
|  37 |     NESTED LOOPS                      |                            |       |       |            |          |
|  38 |      NESTED LOOPS                     |                            |     1 |  1058 |    20   (5)| 00:00:01 |
|* 39 |       HASH JOIN                       |                            |     1 |  1045 |    19   (6)| 00:00:01 |
<font style="background-color: lightblue; color: red">|* 40 |        TABLE ACCESS FULL              | MS_QS_LOV_NAMES            |     1 |    29 |     6   (0)| 00:00:01 |</font>
|  41 |        VIEW                           |                            |     6 |  6096 |    12   (0)| 00:00:01 |
<font style="background-color: lightblue; color: red">|  42 |         MERGE JOIN CARTESIAN          |                            |     6 |   222 |    12   (0)| 00:00:01 |</font>
<font style="background-color: lightblue; color: red">|* 43 |          TABLE ACCESS FULL            | MS_QS_LIST_OF_VALUES_T     |     2 |    62 |     8   (0)| 00:00:01 |</font>
|  44 |          BUFFER SORT                  |                            |     4 |    24 |     4   (0)| 00:00:01 |
<font style="background-color: lightblue; color: red">|* 45 |           TABLE ACCESS FULL           | SI_LOCALES                 |     4 |    24 |     2   (0)| 00:00:01 |</font>
|* 46 |       INDEX UNIQUE SCAN               | SI_LOCALES_U1              |     1 |       |     0   (0)| 00:00:01 |
|* 47 |      TABLE ACCESS BY INDEX ROWID      | SI_LOCALES                 |     1 |    13 |     1   (0)| 00:00:01 |
|  48 |       TABLE ACCESS BY INDEX ROWID     | SI_USERS_T                 |     1 |    20 |     2   (0)| 00:00:01 |
<font style="background-color: lightblue; color: red">|* 49 |        INDEX SKIP SCAN                | SI_USERS_T_N2              |     1 |       |     1   (0)| 00:00:01 |</font>
<font style="background-color: lightblue; color: red">|  50 |     TABLE ACCESS FULL                 | MS_QS_LIST_OF_VALUES_TL    |  1160 | 30160 |     6   (0)| 00:00:01 |</font>
|  51 |    BUFFER SORT                        |                            |  8168 | 16336 |    49   (3)| 00:00:01 |
|  52 |     SORT UNIQUE                       |                            |  8168 | 16336 |    29   (0)| 00:00:01 |
<font style="background-color: lightblue; color: red">|  53 |      COLLECTION ITERATOR PICKLER FETCH| GET_FILTERS_EXCEPTION_ENTP |  8168 | 16336 |    29   (0)| 00:00:01 |</font>
|  54 |   TABLE ACCESS BY INDEX ROWID         | MS_GRC_EXCEPTION           |     1 |  5900 |     0   (0)| 00:00:01 |
|* 55 |    INDEX UNIQUE SCAN                  | MS_GRC_EXCEPTION_PK        |     1 |       |     0   (0)| 00:00:01 |
--------------------------------------------------------------------------------------------------------------------
 
										</code></pre>
 										<header class="major"><h2>Query Block Name / Object Alias (identified by operation id):</h2></header>
										<pre><code>
-------------------------------------------------------------
 
   1 - SEL$7286615E
   5 - SEL$7286615E / EXPC@SEL$4
   6 - SEL$7286615E / EXPC@SEL$4
   7 - SEL$68B588A0 / X@SEL$5
   8 - SEL$68B588A0
   9 - SEL$68B588A0 / SI_LOCALES@SEL$7
  10 - SEL$68B588A0 / SI_LOCALES@SEL$7
  11 - SEL$68B588A0 / T@SEL$6
  12 - SEL$7286615E / LOVNAME@SEL$4
  13 - SEL$7286615E / ENT@SEL$4
  14 - SEL$7286615E / TL@SEL$5
  15 - SEL$CF5359D5
  19 - SEL$CF5359D5 / EXPC@SEL$8
  20 - SEL$CF5359D5 / EXPC@SEL$8
  21 - SEL$285A8194 / X@SEL$9
  22 - SEL$285A8194
  23 - SEL$285A8194 / SI_LOCALES@SEL$11
  24 - SEL$285A8194 / SI_LOCALES@SEL$11
  25 - SEL$285A8194 / T@SEL$10
  26 - SEL$CF5359D5 / LOVNAME@SEL$8
  27 - SEL$CF5359D5 / ENT@SEL$8
  28 - SEL$CF5359D5 / TL@SEL$9
  29 - SEL$2        / DUAL@SEL$2
  30 - SEL$12      
  31 - SEL$12       / ITM@SEL$12
  32 - SEL$13      
  33 - SEL$13       / ITM@SEL$13
  34 - SEL$6F098631
  40 - SEL$6F098631 / LOVNAME@SEL$3
  41 - SEL$29F99543 / X@SEL$14
  42 - SEL$29F99543
  43 - SEL$29F99543 / T@SEL$15
  45 - SEL$29F99543 / SI_LOCALES@SEL$16
  46 - SEL$6F098631 / LOC@SEL$3
  47 - SEL$6F098631 / LOC@SEL$3
  48 - SEL$17       / SI_USERS_T@SEL$17
  49 - SEL$17       / SI_USERS_T@SEL$17
  50 - SEL$6F098631 / TL@SEL$14
  53 - SEL$6F098631 / KOKBF$0@SEL$19
  54 - SEL$6F098631 / A@SEL$3
  55 - SEL$6F098631 / A@SEL$3
 
										</code></pre>
 										<header class="major"><h2>Predicate Information (identified by operation id):</h2></header>
										<pre><code>
---------------------------------------------------
 
   1 - access("X"."LOV_VALUE_ID"="TL"."LOV_VALUE_ID"(+) AND "X"."LOCALE_ID"="TL"."LOCALE_ID"(+))
   3 - access("X"."LOV_ID"="LOVNAME"."LOV_ID")
   6 - access("EXPC"."OBJECT_ID"=:B1)
   7 - filter("EXPC"."EXCEPTION_FOR"="X"."STORED_VALUE")
   9 - filter("ENABLED_FLAG"='Y')
  10 - access("LOCALE_ID"=:B1)
  11 - filter("T"."ORG_ENTITY_ID"=1)
  12 - filter("LOVNAME"."LOV_NAME"='MS_GRC_Exception_For')
  13 - access("LOVNAME"."ENTERPRISE_ID"="ENT"."ENTERPRISE_ID")
       filter("X"."ENTERPRISE_ID"="ENT"."ENTERPRISE_ID")
  14 - filter("TL"."LOCALE_ID"(+)=:B1)
  15 - access("X"."LOV_VALUE_ID"="TL"."LOV_VALUE_ID"(+) AND "X"."LOCALE_ID"="TL"."LOCALE_ID"(+))
  17 - access("X"."LOV_ID"="LOVNAME"."LOV_ID")
  20 - access("EXPC"."OBJECT_ID"=:B1)
  21 - filter("EXPC"."TYPE_EXCEPTION"="X"."STORED_VALUE")
  23 - filter("ENABLED_FLAG"='Y')
  24 - access("LOCALE_ID"=:B1)
  25 - filter("T"."ORG_ENTITY_ID"=1)
  26 - filter("LOVNAME"."LOV_NAME"='MS_GRC_Type_Of_Exception')
  27 - access("LOVNAME"."ENTERPRISE_ID"="ENT"."ENTERPRISE_ID")
       filter("X"."ENTERPRISE_ID"="ENT"."ENTERPRISE_ID")
  28 - filter("TL"."LOCALE_ID"(+)=:B1)
  31 - filter("ITM"."OBJECT_ID"=:B1)
  33 - filter("ITM"."OBJECT_ID"=:B1)
  36 - access("X"."LOV_VALUE_ID"="TL"."LOV_VALUE_ID"(+) AND "X"."LOCALE_ID"="TL"."LOCALE_ID"(+))
  39 - access("X"."LOV_ID"="LOVNAME"."LOV_ID")
  40 - filter("LOVNAME"."LOV_NAME"='MS_GRC_LABLES')
  43 - filter("T"."STORED_VALUE"='CLICK_HERE' AND "T"."ORG_ENTITY_ID"=1)
  45 - filter("ENABLED_FLAG"='Y')
  46 - access("X"."LOCALE_ID"="LOC"."LOCALE_ID")
  47 - filter("LOC"."ENABLED_FLAG"='Y' AND "LOC"."LOCALE_STRING"= (SELECT "LOCALE" FROM "SI_USERS_T" 
              "SI_USERS_T" WHERE "USER_NAME"=:26))
  49 - access("USER_NAME"=:26)
       filter("USER_NAME"=:26)
  55 - access("A"."OBJECT_ID"=VALUE(KOKBF$))
 
										</code></pre>
 										<header class="major"><h2>Column Projection Information (identified by operation id):</h2></header>
										<pre><code>
-----------------------------------------------------------
 
   1 - (#keys=2) "X"."LOV_VALUE_ID"[NUMBER,22], "TL"."LOV_VALUE_ID"[NUMBER,22], "X"."LOCALE_ID"[NUMBER,22], 
       "TL"."LOCALE_ID"[NUMBER,22], "X"."DISPLAYED_VALUE"[VARCHAR2,2000], "TL"."DISPLAYED_VALUE"[VARCHAR2,2000]
   2 - (#keys=0) "X"."LOV_VALUE_ID"[NUMBER,22], "X"."DISPLAYED_VALUE"[VARCHAR2,2000], 
       "X"."LOCALE_ID"[NUMBER,22]
   3 - (#keys=1) "X"."LOV_VALUE_ID"[NUMBER,22], "X"."ENTERPRISE_ID"[NUMBER,22], 
       "X"."DISPLAYED_VALUE"[VARCHAR2,2000], "X"."LOCALE_ID"[NUMBER,22], "LOVNAME"."ENTERPRISE_ID"[NUMBER,22]
   4 - (#keys=0) "X"."LOV_VALUE_ID"[NUMBER,22], "X"."LOV_ID"[NUMBER,22], 
       "X"."DISPLAYED_VALUE"[VARCHAR2,2000], "X"."LOCALE_ID"[NUMBER,22], "X"."ENTERPRISE_ID"[NUMBER,22]
   5 - "EXPC"."EXCEPTION_FOR"[VARCHAR2,1016]
   6 - "EXPC".ROWID[ROWID,10]
   7 - "X"."LOV_VALUE_ID"[NUMBER,22], "X"."LOV_ID"[NUMBER,22], "X"."STORED_VALUE"[VARCHAR2,100], 
       "X"."DISPLAYED_VALUE"[VARCHAR2,2000], "X"."LOCALE_ID"[NUMBER,22], "X"."ENTERPRISE_ID"[NUMBER,22]
   8 - (#keys=0) "LOCALE_ID"[NUMBER,22], "T"."LOV_VALUE_ID"[NUMBER,22], "T"."LOV_ID"[NUMBER,22], 
       "T"."STORED_VALUE"[VARCHAR2,100], "T"."DISPLAYED_VALUE"[VARCHAR2,2000], "T"."ENTERPRISE_ID"[NUMBER,22]
   9 - "LOCALE_ID"[NUMBER,22]
  10 - "SI_LOCALES".ROWID[ROWID,10], "LOCALE_ID"[NUMBER,22]
  11 - "T"."LOV_VALUE_ID"[NUMBER,22], "T"."LOV_ID"[NUMBER,22], "T"."STORED_VALUE"[VARCHAR2,100], 
       "T"."DISPLAYED_VALUE"[VARCHAR2,2000], "T"."ENTERPRISE_ID"[NUMBER,22]
  12 - "LOVNAME"."LOV_ID"[NUMBER,22], "LOVNAME"."ENTERPRISE_ID"[NUMBER,22]
  14 - "TL"."LOV_VALUE_ID"[NUMBER,22], "TL"."DISPLAYED_VALUE"[VARCHAR2,2000], "TL"."LOCALE_ID"[NUMBER,22]
  15 - (#keys=2) "X"."LOV_VALUE_ID"[NUMBER,22], "TL"."LOV_VALUE_ID"[NUMBER,22], "X"."LOCALE_ID"[NUMBER,22], 
       "TL"."LOCALE_ID"[NUMBER,22], "X"."DISPLAYED_VALUE"[VARCHAR2,2000], "TL"."DISPLAYED_VALUE"[VARCHAR2,2000]
  16 - (#keys=0) "X"."LOV_VALUE_ID"[NUMBER,22], "X"."DISPLAYED_VALUE"[VARCHAR2,2000], 
       "X"."LOCALE_ID"[NUMBER,22]
  17 - (#keys=1) "X"."LOV_VALUE_ID"[NUMBER,22], "X"."ENTERPRISE_ID"[NUMBER,22], 
       "X"."DISPLAYED_VALUE"[VARCHAR2,2000], "X"."LOCALE_ID"[NUMBER,22], "LOVNAME"."ENTERPRISE_ID"[NUMBER,22]
  18 - (#keys=0) "X"."LOV_VALUE_ID"[NUMBER,22], "X"."LOV_ID"[NUMBER,22], 
       "X"."DISPLAYED_VALUE"[VARCHAR2,2000], "X"."LOCALE_ID"[NUMBER,22], "X"."ENTERPRISE_ID"[NUMBER,22]
  19 - "EXPC"."TYPE_EXCEPTION"[VARCHAR2,1020]
  20 - "EXPC".ROWID[ROWID,10]
  21 - "X"."LOV_VALUE_ID"[NUMBER,22], "X"."LOV_ID"[NUMBER,22], "X"."STORED_VALUE"[VARCHAR2,100], 
       "X"."DISPLAYED_VALUE"[VARCHAR2,2000], "X"."LOCALE_ID"[NUMBER,22], "X"."ENTERPRISE_ID"[NUMBER,22]
  22 - (#keys=0) "LOCALE_ID"[NUMBER,22], "T"."LOV_VALUE_ID"[NUMBER,22], "T"."LOV_ID"[NUMBER,22], 
       "T"."STORED_VALUE"[VARCHAR2,100], "T"."DISPLAYED_VALUE"[VARCHAR2,2000], "T"."ENTERPRISE_ID"[NUMBER,22]
  23 - "LOCALE_ID"[NUMBER,22]
  24 - "SI_LOCALES".ROWID[ROWID,10], "LOCALE_ID"[NUMBER,22]
  25 - "T"."LOV_VALUE_ID"[NUMBER,22], "T"."LOV_ID"[NUMBER,22], "T"."STORED_VALUE"[VARCHAR2,100], 
       "T"."DISPLAYED_VALUE"[VARCHAR2,2000], "T"."ENTERPRISE_ID"[NUMBER,22]
  26 - "LOVNAME"."LOV_ID"[NUMBER,22], "LOVNAME"."ENTERPRISE_ID"[NUMBER,22]
  28 - "TL"."LOV_VALUE_ID"[NUMBER,22], "TL"."DISPLAYED_VALUE"[VARCHAR2,2000], "TL"."LOCALE_ID"[NUMBER,22]
  30 - (#keys=0) "MS_CONCAT"("ITM"."SELECT_ITEMS")[4000]
  31 - "ITM"."SELECT_ITEMS"[VARCHAR2,1020]
  32 - (#keys=0) "MS_CONCAT"("ITM"."SELECT_ITEMS")[4000]
  33 - "ITM"."SELECT_ITEMS"[VARCHAR2,1020]
  34 - (#keys=0) "X"."DISPLAYED_VALUE"[VARCHAR2,2000], "LOC"."LOCALE_ID"[NUMBER,22], 
       "TL"."DISPLAYED_VALUE"[VARCHAR2,2000], "A"."VALID_UNTIL"[DATE,7], "A"."OBJECT_ID"[VARCHAR2,400], 
       "EXCEPTION_FOR"[VARCHAR2,1016], "A"."OBJ_STATUS"[VARCHAR2,400], "A"."EXPLANATION"[LOB,4000], 
       "A"."VALID_FROM"[DATE,7], "A"."APPROVER"[VARCHAR2,4000], "A"."OBJ_CREATED_ON"[DATE,7], 
       "A"."OBJ_CREATED_BY"[VARCHAR2,400], "A"."OBJ_MODIFIED_ON"[DATE,7], "A"."OBJ_MODIFIED_BY"[VARCHAR2,1020], 
       "A"."DD_OBJECT_TYPE"[VARCHAR2,400], "A"."DD_PROCESS_INSTANCE_ID"[NUMBER,22], 
       "A"."DD_INSTANCE_ID"[NUMBER,22], "A"."DD_EDIT_FLAG"[VARCHAR2,4]
  35 - (#keys=0) "X"."DISPLAYED_VALUE"[VARCHAR2,2000], "LOC"."LOCALE_ID"[NUMBER,22], 
       "TL"."DISPLAYED_VALUE"[VARCHAR2,2000], VALUE(KOKBF$)[8000]
  36 - (#keys=2) "X"."DISPLAYED_VALUE"[VARCHAR2,2000], "LOC"."LOCALE_ID"[NUMBER,22], 
       "TL"."DISPLAYED_VALUE"[VARCHAR2,2000]
  37 - (#keys=0) "X"."LOV_VALUE_ID"[NUMBER,22], "X"."LOCALE_ID"[NUMBER,22], 
       "X"."DISPLAYED_VALUE"[VARCHAR2,2000], "LOC"."LOCALE_ID"[NUMBER,22]
  38 - (#keys=0) "X"."LOV_VALUE_ID"[NUMBER,22], "X"."LOCALE_ID"[NUMBER,22], 
       "X"."DISPLAYED_VALUE"[VARCHAR2,2000], "LOC".ROWID[ROWID,10], "LOC"."LOCALE_ID"[NUMBER,22]
  39 - (#keys=1) "X"."LOV_VALUE_ID"[NUMBER,22], "X"."LOCALE_ID"[NUMBER,22], 
       "X"."DISPLAYED_VALUE"[VARCHAR2,2000]
  40 - "LOVNAME"."LOV_ID"[NUMBER,22]
  41 - "X"."LOV_VALUE_ID"[NUMBER,22], "X"."LOV_ID"[NUMBER,22], "X"."DISPLAYED_VALUE"[VARCHAR2,2000], 
       "X"."LOCALE_ID"[NUMBER,22]
  42 - (#keys=0) "T"."LOV_VALUE_ID"[NUMBER,22], "T"."LOV_ID"[NUMBER,22], 
       "T"."DISPLAYED_VALUE"[VARCHAR2,2000], "LOCALE_ID"[NUMBER,22]
  43 - "T"."LOV_VALUE_ID"[NUMBER,22], "T"."LOV_ID"[NUMBER,22], "T"."DISPLAYED_VALUE"[VARCHAR2,2000]
  44 - (#keys=0) "LOCALE_ID"[NUMBER,22]
  45 - "LOCALE_ID"[NUMBER,22]
  46 - "LOC".ROWID[ROWID,10], "LOC"."LOCALE_ID"[NUMBER,22]
  48 - "SI_USERS_T".ROWID[ROWID,10], "LOCALE"[VARCHAR2,400]
  49 - "SI_USERS_T".ROWID[ROWID,10]
  50 - "TL"."LOV_VALUE_ID"[NUMBER,22], "TL"."DISPLAYED_VALUE"[VARCHAR2,2000], "TL"."LOCALE_ID"[NUMBER,22]
  51 - (#keys=0) VALUE(KOKBF$)[8000]
  52 - (#keys=1) VALUE(KOKBF$)[8000]
  53 - VALUE(A0)[8000]
  54 - "A"."VALID_UNTIL"[DATE,7], "A"."OBJECT_ID"[VARCHAR2,400], "EXCEPTION_FOR"[VARCHAR2,1016], 
       "A"."OBJ_STATUS"[VARCHAR2,400], "A"."EXPLANATION"[LOB,4000], "A"."VALID_FROM"[DATE,7], 
       "A"."APPROVER"[VARCHAR2,4000], "A"."OBJ_CREATED_ON"[DATE,7], "A"."OBJ_CREATED_BY"[VARCHAR2,400], 
       "A"."OBJ_MODIFIED_ON"[DATE,7], "A"."OBJ_MODIFIED_BY"[VARCHAR2,1020], "A"."DD_OBJECT_TYPE"[VARCHAR2,400], 
       "A"."DD_PROCESS_INSTANCE_ID"[NUMBER,22], "A"."DD_INSTANCE_ID"[NUMBER,22], "A"."DD_EDIT_FLAG"[VARCHAR2,4]
  55 - "A".ROWID[ROWID,10], "A"."OBJECT_ID"[VARCHAR2,400]
										</code></pre>
								</section>
						</div>
					</div>

				<!-- Sidebar -->
				<div id="sidebar">
					<div class="inner">
						<!-- Menu -->
						<nav id="menu">
							<header class="major">
								<h2>Menu</h2>
							</header>
							<ul>
								<li><a href="index.html">Summary</a></li>
								<li>
									<span class="opener">DB Analysis</span>
									<ul>
										<li><a href="union.html">Bad SQL</a></li>
										<li><a href="poor-sql.html">Poor SQL Plan</a></li>
										<li><a href="invalid-sql.html">Invalid SQL</a></li>
										<li><a href="full-sql.html">Full SQL Report</a></li>
										<li><a href="db-primary-unique-key.html">Primary/Unique Key Miss</a></li>
										<li><a href="invalid-db-object.html">Invalid DB Objects</a></li>
									</ul>
								</li>
							</ul>
						</nav>

						<!-- Section -->
						<section>
							<header class="major">
								<h2>Get in touch</h2>
							</header>
							<p>You need more details on the report or want more functionality, don't hesitate to reach out to us.</p>
							<ul class="contact">
								<li class="fa-envelope-o"><a href="mailto:rnd@metricstream.com?Subject=Reg - Static Code Analysis Tool" target="_top">rnd@metricstream.com</a></li>
							</ul>
						</section>

						<!-- Footer -->
						<footer id="footer">
							<p class="copyright">&copy; <a href="http://www.metricstream.com" target="_blank">MetricStream</a>. All rights reserved. </p>
						</footer>
					</div>
				</div>
			</div>

		<!-- Scripts -->
			<script src="../lib/assets/js/jquery.min.js"></script>
			<script src="../lib/assets/js/skel.min.js"></script>
			<script src="../lib/assets/js/util.js"></script>
			<!--[if lte IE 8]><script src="../lib/assets/js/ie/respond.min.js"></script><![endif]-->
			<script src="../lib/assets/js/main.js"></script>
	</body>
</html>