<!DOCTYPE HTML>
<html>
	<head>
		<title>Code Analysis - MetricStream</title>
		<meta charset="utf-8" />
		<meta name="viewport" content="width=device-width, initial-scale=1, user-scalable=no" />
		<!--[if lte IE 8]><script src="assets/js/ie/html5shiv.js"></script><![endif]-->
		<link rel="stylesheet" href="../lib/assets/css/main.css" />
		<!--[if lte IE 9]><link rel="stylesheet" href="../lib/assets/css/ie9.css" /><![endif]-->
		<!--[if lte IE 8]><link rel="stylesheet" href="../lib/assets/css/ie8.css" /><![endif]-->
	</head>
	<body>

		<!-- Wrapper -->
			<div id="wrapper">

				<!-- Main -->
					<div id="main">
						<div class="inner">
							<!-- Header -->
								<header id="header">
									<a href="index.html" class="logo"><strong>Static Code Analysis Report</strong> by Code Analyzer Tool</a>
								</header>

							<!-- Content -->
								<section>
									<!-- Content -->
										<header class="major"><h2>Infolet Details</h2></header>
										<div class="table-wrapper">
											<table>
												<tbody>
													<tr>
														<td>Name</td>
														<td>MS_GRC_ASST_Entp_List_Rpt_Inf (105590)</td>
													</tr>
													<tr>
														<td>SQL</td>
														<td><pre><code>SELECT OBJECT_ID,
  OBJECT_NAME_URL,
  OBJECT_TYPE,
  ASSET_TYPE,
  OBJECT_LEVEL,
  OBJECT_PARENT_NAME,
  OBJECT_STATUS,
  BUSINESS_CRITICALITY,
  CONFIDENTIALITY,
  INTEGRITY,
  AVAILABILITY,
  PHYSICAL_LOCATION,
  CREATED_ON,
  CREATED_BY,
  UPDATED_ON,
  UPDATED_BY,
  VALID_FROM,
  VALID_UNTIL,
  DESCRIPTION,
  SERIAL_NUMBER,
  OWNER_ORG_NAMES,
  OWNER_NAME,
  LEVEL_1_APPROVER,
  LEVEL_2_APPROVER,
  REL_DATA_LINK as REL_ORGANIZATION_NAMES,
  REL_DATA_LINK as REL_ASSET_OBJ_NAME_AGG,
  REL_DATA_LINK as REL_ASSET_CLASS_OBJ_NAME_AGG,
  REL_DATA_LINK as REL_CTRL_OBJ_NAME_AGG,
  REL_DATA_LINK as REL_OBJECTIVE_OBJ_NAME_AGG,
  REL_DATA_LINK as REL_PRODUCT_NAME_AGG,
  REL_DATA_LINK as REL_REFRENCES_OBJ_NAME_AGG,
  REL_DATA_LINK as REL_REQUIREMENT_OBJ_NAME_AGG,
  REL_DATA_LINK as REL_RISK_OBJ_NAME_AGG,
  REL_DATA_LINK as REL_STANDARD_OBJ_NAME_AGG
FROM MS_GRC_ASST_ENTP_RV 
WHERE LOCALE =
  (SELECT LOCALE FROM SI_USERS_T WHERE USER_NAME = :36
  )
AND EXISTS
    (SELECT COLUMN_VALUE
    FROM TABLE(CAST(ms_grc_rep_browser_fil_denorm.fn_ASSET_report_filters(:1,:2,:3,:4,:5,:6, :7,:8,:9,:10, :11, :12,:13,:14,:15,:16,:17,:18,:19,:20, :21, :22,:23,:24,:25,:26,NULL,:27,:28,NULL, :29,NULL, NULL,NULL,NULL,:30,NULL,NULL,:31,NULL,:32,:33, :34,:35,'MS_GRC_ASSET',:36) AS ms_varchar2_array))  reqList  
  WHERE COLUMN_VALUE = OBJECT_ID
  )order by upper_object_name</code></pre></td>
													</tr>
													<tr>
														<td>Description</td>
														<td> Asset Enterprise Report Infolet </td>
													</tr>
												</tbody>
											</table>
										</div>

										<h2 align="center" id="content">Analysis Report</h2>
										<hr>
 										<header class="major"><h2>Plan hash value: 2695329683</h2></header>
										<pre><code>
 
----------------------------------------------------------------------------------------------------------------------
| Id  | Operation                               | Name                       | Rows  | Bytes | Cost (%CPU)| Time     |
----------------------------------------------------------------------------------------------------------------------
|   0 | SELECT STATEMENT                        |                            |     1 | 22033 |    57   (4)| 00:00:01 |
|   1 |  TABLE ACCESS BY INDEX ROWID            | SI_USERS_T                 |     1 |    32 |     2   (0)| 00:00:01 |
<font style="background-color: lightblue; color: red">|*  2 |   INDEX SKIP SCAN                       | SI_USERS_T_N2              |     1 |       |     1   (0)| 00:00:01 |</font>
|   3 |  TABLE ACCESS BY INDEX ROWID            | SI_USERS_T                 |     1 |    32 |     2   (0)| 00:00:01 |
<font style="background-color: lightblue; color: red">|*  4 |   INDEX SKIP SCAN                       | SI_USERS_T_N2              |     1 |       |     1   (0)| 00:00:01 |</font>
|   5 |  TABLE ACCESS BY INDEX ROWID            | SI_USERS_T                 |     1 |    32 |     2   (0)| 00:00:01 |
<font style="background-color: lightblue; color: red">|*  6 |   INDEX SKIP SCAN                       | SI_USERS_T_N2              |     1 |       |     1   (0)| 00:00:01 |</font>
|   7 |  TABLE ACCESS BY INDEX ROWID            | SI_USERS_T                 |     1 |    32 |     2   (0)| 00:00:01 |
<font style="background-color: lightblue; color: red">|*  8 |   INDEX SKIP SCAN                       | SI_USERS_T_N2              |     1 |       |     1   (0)| 00:00:01 |</font>
|   9 |  SORT ORDER BY                          |                            |     1 | 22033 |    57   (4)| 00:00:01 |
|  10 |   NESTED LOOPS                          |                            |     1 | 22033 |    54   (2)| 00:00:01 |
|  11 |    NESTED LOOPS                         |                            |     1 | 15160 |    54   (2)| 00:00:01 |
<font style="background-color: lightblue; color: red">|  12 |     MERGE JOIN CARTESIAN                |                            |  8168 |  8558K|    54   (2)| 00:00:01 |</font>
|* 13 |      HASH JOIN OUTER                    |                            |     1 |  1071 |    25   (4)| 00:00:01 |
|* 14 |       HASH JOIN                         |                            |     1 |  1045 |    19   (6)| 00:00:01 |
<font style="background-color: lightblue; color: red">|* 15 |        TABLE ACCESS FULL                | MS_QS_LOV_NAMES            |     1 |    29 |     6   (0)| 00:00:01 |</font>
|  16 |        VIEW                             |                            |     6 |  6096 |    12   (0)| 00:00:01 |
<font style="background-color: lightblue; color: red">|  17 |         MERGE JOIN CARTESIAN            |                            |     6 |   222 |    12   (0)| 00:00:01 |</font>
<font style="background-color: lightblue; color: red">|* 18 |          TABLE ACCESS FULL              | MS_QS_LIST_OF_VALUES_T     |     2 |    62 |     8   (0)| 00:00:01 |</font>
|  19 |          BUFFER SORT                    |                            |     4 |    24 |     4   (0)| 00:00:01 |
<font style="background-color: lightblue; color: red">|* 20 |           TABLE ACCESS FULL             | SI_LOCALES                 |     4 |    24 |     2   (0)| 00:00:01 |</font>
<font style="background-color: lightblue; color: red">|  21 |       TABLE ACCESS FULL                 | MS_QS_LIST_OF_VALUES_TL    |  1160 | 30160 |     6   (0)| 00:00:01 |</font>
|  22 |      BUFFER SORT                        |                            |  8168 | 16336 |    48   (3)| 00:00:01 |
|  23 |       SORT UNIQUE                       |                            |  8168 | 16336 |    29   (0)| 00:00:01 |
<font style="background-color: lightblue; color: red">|  24 |        COLLECTION ITERATOR PICKLER FETCH| FN_ASSET_REPORT_FILTERS    |  8168 | 16336 |    29   (0)| 00:00:01 |</font>
|* 25 |     INDEX UNIQUE SCAN                   | MS_GRC_ASSET_SUMMARY_PK    |     1 | 14087 |     0   (0)| 00:00:01 |
|* 26 |      INDEX RANGE SCAN                   | MS_GRC_ASSET_SUMM_IDX1     |     1 |       |     0   (0)| 00:00:01 |
|* 27 |    TABLE ACCESS BY INDEX ROWID          | MS_GRC_ASSET_MLS_SUMMARY   |     1 |  6873 |     0   (0)| 00:00:01 |
|* 28 |     INDEX RANGE SCAN                    | MS_GRC_ASSET_MLS_SUMM_IDX1 |     1 |       |     0   (0)| 00:00:01 |
|  29 |     TABLE ACCESS BY INDEX ROWID         | SI_USERS_T                 |     1 |    20 |     2   (0)| 00:00:01 |
<font style="background-color: lightblue; color: red">|* 30 |      INDEX SKIP SCAN                    | SI_USERS_T_N2              |     1 |       |     1   (0)| 00:00:01 |</font>
----------------------------------------------------------------------------------------------------------------------
 
										</code></pre>
 										<header class="major"><h2>Query Block Name / Object Alias (identified by operation id):</h2></header>
										<pre><code>
-------------------------------------------------------------
 
   1 - SEL$6        / USR@SEL$6
   2 - SEL$6        / USR@SEL$6
   3 - SEL$5        / USR@SEL$5
   4 - SEL$5        / USR@SEL$5
   5 - SEL$3        / USR@SEL$3
   6 - SEL$3        / USR@SEL$3
   7 - SEL$4        / USR@SEL$4
   8 - SEL$4        / USR@SEL$4
   9 - SEL$EFF79BE2
  15 - SEL$EFF79BE2 / LOVNAME@SEL$2
  16 - SEL$CF5359D5 / X@SEL$7
  17 - SEL$CF5359D5
  18 - SEL$CF5359D5 / T@SEL$8
  20 - SEL$CF5359D5 / SI_LOCALES@SEL$9
  21 - SEL$EFF79BE2 / TL@SEL$7
  24 - SEL$EFF79BE2 / KOKBF$0@SEL$12
  25 - SEL$EFF79BE2 / ASSTSUMM@SEL$2
  26 - SEL$EFF79BE2 / ASSTSUMM@SEL$2
  27 - SEL$EFF79BE2 / ASSTMLSSUMM@SEL$2
  28 - SEL$EFF79BE2 / ASSTMLSSUMM@SEL$2
  29 - SEL$10       / SI_USERS_T@SEL$10
  30 - SEL$10       / SI_USERS_T@SEL$10
 
										</code></pre>
 										<header class="major"><h2>Predicate Information (identified by operation id):</h2></header>
										<pre><code>
---------------------------------------------------
 
   2 - access("USR"."USER_NAME"=:B1)
       filter("USR"."USER_NAME"=:B1)
   4 - access("USR"."USER_NAME"=:B1)
       filter("USR"."USER_NAME"=:B1)
   6 - access("USR"."USER_NAME"=:B1)
       filter("USR"."USER_NAME"=:B1)
   8 - access("USR"."USER_NAME"=:B1)
       filter("USR"."USER_NAME"=:B1)
  13 - access("X"."LOV_VALUE_ID"="TL"."LOV_VALUE_ID"(+) AND "X"."LOCALE_ID"="TL"."LOCALE_ID"(+))
  14 - access("X"."LOV_ID"="LOVNAME"."LOV_ID")
  15 - filter("LOVNAME"."LOV_NAME"='MS_GRC_LABLES')
  18 - filter("T"."STORED_VALUE"='CLICK_HERE' AND "T"."ORG_ENTITY_ID"=1)
  20 - filter("ENABLED_FLAG"='Y')
  25 - access("ASSTSUMM"."OBJECT_ID"=VALUE(KOKBF$))
  26 - access("ASSTSUMM"."OBJECT_ID"=VALUE(KOKBF$))
  27 - filter("ASSTMLSSUMM"."LOCALE"= (SELECT "LOCALE" FROM "SI_USERS_T" "SI_USERS_T" WHERE "USER_NAME"=:36))
  28 - access("ASSTSUMM"."OBJ_ASSET_SUMM_WID"="ASSTMLSSUMM"."OBJ_ASSET_SUMM_WID")
       filter("X"."LOCALE_ID"=TO_NUMBER("ASSTMLSSUMM"."LOCALE_ID"))
  30 - access("USER_NAME"=:36)
       filter("USER_NAME"=:36)
 
										</code></pre>
 										<header class="major"><h2>Column Projection Information (identified by operation id):</h2></header>
										<pre><code>
-----------------------------------------------------------
 
   1 - "USR".ROWID[ROWID,10], "USR"."LAST_NAME"[VARCHAR2,400], "USR"."FIRST_NAME"[VARCHAR2,400]
   2 - "USR".ROWID[ROWID,10]
   3 - "USR".ROWID[ROWID,10], "USR"."LAST_NAME"[VARCHAR2,400], "USR"."FIRST_NAME"[VARCHAR2,400]
   4 - "USR".ROWID[ROWID,10]
   5 - "USR".ROWID[ROWID,10], "USR"."LAST_NAME"[VARCHAR2,400], "USR"."FIRST_NAME"[VARCHAR2,400]
   6 - "USR".ROWID[ROWID,10]
   7 - "USR".ROWID[ROWID,10], "USR"."LAST_NAME"[VARCHAR2,400], "USR"."FIRST_NAME"[VARCHAR2,400]
   8 - "USR".ROWID[ROWID,10]
   9 - (#keys=1) "ASSTSUMM"."UPPER_OBJECT_NAME"[VARCHAR2,3000], "ASSTSUMM"."OBJECT_ID"[VARCHAR2,400], 
       "ASSTSUMM"."OBJECT_NAME_URL"[VARCHAR2,4000], 'MS_GRC_ASSET'[12], "ASSTMLSSUMM"."ASSET_TYPE"[VARCHAR2,1020], 
       "ASSTMLSSUMM"."OBJECT_LEVEL"[VARCHAR2,400], "ASSTSUMM"."OBJECT_PARENT_NAME"[VARCHAR2,4000], 
       "ASSTMLSSUMM"."OBJECT_STATUS"[VARCHAR2,4000], "ASSTMLSSUMM"."BUSINESS_CRITICALITY"[VARCHAR2,400], 
       "ASSTMLSSUMM"."CONFIDENTIALITY"[VARCHAR2,1020], "ASSTMLSSUMM"."INTEGRITY"[VARCHAR2,1020], 
       "ASSTMLSSUMM"."AVAILABILITY"[VARCHAR2,1020], "ASSTMLSSUMM"."PHYSICAL_LOCATION"[VARCHAR2,4000], 
       "CREATED_ON"[DATE,7],  (SELECT "USR"."FIRST_NAME"||' '||"USR"."LAST_NAME" FROM MAZARS_DEV."SI_USERS_T" "USR" 
       WHERE "USR"."USER_NAME"=:B1)[801], "UPDATED_ON"[DATE,7],  (SELECT "USR"."FIRST_NAME"||' '||"USR"."LAST_NAME" 
       FROM MAZARS_DEV."SI_USERS_T" "USR" WHERE "USR"."USER_NAME"=:B2)[801], "ASSTSUMM"."VALID_FROM"[DATE,7], 
       "ASSTSUMM"."VALID_UNTIL"[DATE,7], "ASSTSUMM"."DESCRIPTION"[4000], "ASSTSUMM"."SERIAL_NUMBER"[VARCHAR2,1020], 
       "OWNER_ORG_NAMES"[4000], "OWNER_NAME"[4000],  (SELECT "USR"."FIRST_NAME"||' '||"USR"."LAST_NAME" FROM 
       MAZARS_DEV."SI_USERS_T" "USR" WHERE "USR"."USER_NAME"=:B3)[801],  (SELECT "USR"."FIRST_NAME"||' 
       '||"USR"."LAST_NAME" FROM MAZARS_DEV."SI_USERS_T" "USR" WHERE "USR"."USER_NAME"=:B4)[801], 
       NVL("TL"."DISPLAYED_VALUE","X"."DISPLAYED_VALUE")[2000], 
       NVL("TL"."DISPLAYED_VALUE","X"."DISPLAYED_VALUE")[2000], 
       NVL("TL"."DISPLAYED_VALUE","X"."DISPLAYED_VALUE")[2000], 
       NVL("TL"."DISPLAYED_VALUE","X"."DISPLAYED_VALUE")[2000], 
       NVL("TL"."DISPLAYED_VALUE","X"."DISPLAYED_VALUE")[2000], 
       NVL("TL"."DISPLAYED_VALUE","X"."DISPLAYED_VALUE")[2000], 
       NVL("TL"."DISPLAYED_VALUE","X"."DISPLAYED_VALUE")[2000], 
       NVL("TL"."DISPLAYED_VALUE","X"."DISPLAYED_VALUE")[2000], 
       NVL("TL"."DISPLAYED_VALUE","X"."DISPLAYED_VALUE")[2000], 
       NVL("TL"."DISPLAYED_VALUE","X"."DISPLAYED_VALUE")[2000]
  10 - (#keys=0) "X"."DISPLAYED_VALUE"[VARCHAR2,2000], "TL"."DISPLAYED_VALUE"[VARCHAR2,2000], 
       "ASSTSUMM"."UPPER_OBJECT_NAME"[VARCHAR2,3000], "ASSTSUMM"."OBJECT_ID"[VARCHAR2,400], 
       "ASSTSUMM"."OBJECT_NAME_URL"[VARCHAR2,4000], "ASSTSUMM"."DESCRIPTION"[LOB,4000], 
       "ASSTSUMM"."VALID_UNTIL"[DATE,7], "ASSTSUMM"."VALID_FROM"[DATE,7], "OWNER_NAME"[LOB,4000], 
       "OWNER_ORG_NAMES"[LOB,4000], "ASSTSUMM"."LEVEL_1_APPROVER"[VARCHAR2,1000], 
       "ASSTSUMM"."LEVEL_2_APPROVER"[VARCHAR2,1000], "ASSTSUMM"."UPDATED_BY"[VARCHAR2,804], "UPDATED_ON"[DATE,7], 
       "ASSTSUMM"."CREATED_BY"[VARCHAR2,804], "CREATED_ON"[DATE,7], "ASSTSUMM"."SERIAL_NUMBER"[VARCHAR2,1020], 
       "ASSTSUMM"."OBJECT_PARENT_NAME"[VARCHAR2,4000], "ASSTMLSSUMM"."OBJECT_STATUS"[VARCHAR2,4000], 
       "ASSTMLSSUMM"."OBJECT_LEVEL"[VARCHAR2,400], "ASSTMLSSUMM"."ASSET_TYPE"[VARCHAR2,1020], 
       "ASSTMLSSUMM"."PHYSICAL_LOCATION"[VARCHAR2,4000], "ASSTMLSSUMM"."BUSINESS_CRITICALITY"[VARCHAR2,400], 
       "ASSTMLSSUMM"."CONFIDENTIALITY"[VARCHAR2,1020], "ASSTMLSSUMM"."INTEGRITY"[VARCHAR2,1020], 
       "ASSTMLSSUMM"."AVAILABILITY"[VARCHAR2,1020]
  11 - (#keys=0) "X"."LOCALE_ID"[NUMBER,22], "X"."DISPLAYED_VALUE"[VARCHAR2,2000], 
       "TL"."DISPLAYED_VALUE"[VARCHAR2,2000], "ASSTSUMM"."UPPER_OBJECT_NAME"[VARCHAR2,3000], 
       "ASSTSUMM"."OBJ_ASSET_SUMM_WID"[NUMBER,22], "ASSTSUMM"."OBJECT_ID"[VARCHAR2,400], 
       "ASSTSUMM"."OBJECT_NAME_URL"[VARCHAR2,4000], "ASSTSUMM"."DESCRIPTION"[LOB,4000], 
       "ASSTSUMM"."VALID_UNTIL"[DATE,7], "ASSTSUMM"."VALID_FROM"[DATE,7], "OWNER_NAME"[LOB,4000], 
       "OWNER_ORG_NAMES"[LOB,4000], "ASSTSUMM"."LEVEL_1_APPROVER"[VARCHAR2,1000], 
       "ASSTSUMM"."LEVEL_2_APPROVER"[VARCHAR2,1000], "ASSTSUMM"."UPDATED_BY"[VARCHAR2,804], "UPDATED_ON"[DATE,7], 
       "ASSTSUMM"."CREATED_BY"[VARCHAR2,804], "CREATED_ON"[DATE,7], "ASSTSUMM"."SERIAL_NUMBER"[VARCHAR2,1020], 
       "ASSTSUMM"."OBJECT_PARENT_NAME"[VARCHAR2,4000]
  12 - (#keys=0) "X"."LOCALE_ID"[NUMBER,22], "X"."DISPLAYED_VALUE"[VARCHAR2,2000], 
       "TL"."DISPLAYED_VALUE"[VARCHAR2,2000], VALUE(KOKBF$)[8000]
  13 - (#keys=2) "X"."LOCALE_ID"[NUMBER,22], "X"."DISPLAYED_VALUE"[VARCHAR2,2000], 
       "TL"."DISPLAYED_VALUE"[VARCHAR2,2000]
  14 - (#keys=1) "X"."LOV_VALUE_ID"[NUMBER,22], "X"."LOCALE_ID"[NUMBER,22], 
       "X"."DISPLAYED_VALUE"[VARCHAR2,2000]
  15 - "LOVNAME"."LOV_ID"[NUMBER,22]
  16 - "X"."LOV_VALUE_ID"[NUMBER,22], "X"."LOV_ID"[NUMBER,22], "X"."DISPLAYED_VALUE"[VARCHAR2,2000], 
       "X"."LOCALE_ID"[NUMBER,22]
  17 - (#keys=0) "T"."LOV_VALUE_ID"[NUMBER,22], "T"."LOV_ID"[NUMBER,22], 
       "T"."DISPLAYED_VALUE"[VARCHAR2,2000], "LOCALE_ID"[NUMBER,22]
  18 - "T"."LOV_VALUE_ID"[NUMBER,22], "T"."LOV_ID"[NUMBER,22], "T"."DISPLAYED_VALUE"[VARCHAR2,2000]
  19 - (#keys=0) "LOCALE_ID"[NUMBER,22]
  20 - "LOCALE_ID"[NUMBER,22]
  21 - "TL"."LOV_VALUE_ID"[NUMBER,22], "TL"."DISPLAYED_VALUE"[VARCHAR2,2000], "TL"."LOCALE_ID"[NUMBER,22]
  22 - (#keys=0) VALUE(KOKBF$)[8000]
  23 - (#keys=1) VALUE(KOKBF$)[8000]
  24 - VALUE(A0)[8000]
  25 - "ASSTSUMM"."UPPER_OBJECT_NAME"[VARCHAR2,3000], "ASSTSUMM"."OBJ_ASSET_SUMM_WID"[NUMBER,22], 
       "ASSTSUMM"."OBJECT_ID"[VARCHAR2,400], "ASSTSUMM"."OBJECT_NAME_URL"[VARCHAR2,4000], 
       "ASSTSUMM"."DESCRIPTION"[LOB,4000], "ASSTSUMM"."VALID_UNTIL"[DATE,7], "ASSTSUMM"."VALID_FROM"[DATE,7], 
       "OWNER_NAME"[LOB,4000], "OWNER_ORG_NAMES"[LOB,4000], "ASSTSUMM"."LEVEL_1_APPROVER"[VARCHAR2,1000], 
       "ASSTSUMM"."LEVEL_2_APPROVER"[VARCHAR2,1000], "ASSTSUMM"."UPDATED_BY"[VARCHAR2,804], "UPDATED_ON"[DATE,7], 
       "ASSTSUMM"."CREATED_BY"[VARCHAR2,804], "CREATED_ON"[DATE,7], "ASSTSUMM"."SERIAL_NUMBER"[VARCHAR2,1020], 
       "ASSTSUMM"."OBJECT_PARENT_NAME"[VARCHAR2,4000]
  26 - "ASSTSUMM".ROWID[ROWID,3034], "ASSTSUMM"."UPPER_OBJECT_NAME"[VARCHAR2,3000], 
       "ASSTSUMM"."OBJ_ASSET_SUMM_WID"[NUMBER,22], "ASSTSUMM"."OBJECT_ID"[VARCHAR2,400], 
       "ASSTSUMM"."OBJECT_NAME_URL"[VARCHAR2,4000], "ASSTSUMM"."DESCRIPTION"[LOB,4000], 
       "ASSTSUMM"."VALID_UNTIL"[DATE,7], "ASSTSUMM"."VALID_FROM"[DATE,7], "OWNER_NAME"[LOB,4000], 
       "OWNER_ORG_NAMES"[LOB,4000], "ASSTSUMM"."LEVEL_1_APPROVER"[VARCHAR2,1000], 
       "ASSTSUMM"."LEVEL_2_APPROVER"[VARCHAR2,1000], "ASSTSUMM"."UPDATED_BY"[VARCHAR2,804], "UPDATED_ON"[DATE,7], 
       "ASSTSUMM"."CREATED_BY"[VARCHAR2,804], "CREATED_ON"[DATE,7], "ASSTSUMM"."SERIAL_NUMBER"[VARCHAR2,1020], 
       "ASSTSUMM"."OBJECT_PARENT_NAME"[VARCHAR2,4000], "ASSTSUMM".ROWID[ROWID,3034]
  27 - "ASSTMLSSUMM"."OBJECT_STATUS"[VARCHAR2,4000], "ASSTMLSSUMM"."OBJECT_LEVEL"[VARCHAR2,400], 
       "ASSTMLSSUMM"."ASSET_TYPE"[VARCHAR2,1020], "ASSTMLSSUMM"."PHYSICAL_LOCATION"[VARCHAR2,4000], 
       "ASSTMLSSUMM"."BUSINESS_CRITICALITY"[VARCHAR2,400], "ASSTMLSSUMM"."CONFIDENTIALITY"[VARCHAR2,1020], 
       "ASSTMLSSUMM"."INTEGRITY"[VARCHAR2,1020], "ASSTMLSSUMM"."AVAILABILITY"[VARCHAR2,1020]
  28 - "ASSTMLSSUMM".ROWID[ROWID,10]
  29 - "SI_USERS_T".ROWID[ROWID,10], "LOCALE"[VARCHAR2,400]
  30 - "SI_USERS_T".ROWID[ROWID,10]
										</code></pre>
								</section>
						</div>
					</div>

				<!-- Sidebar -->
				<div id="sidebar">
					<div class="inner">
						<!-- Menu -->
						<nav id="menu">
							<header class="major">
								<h2>Menu</h2>
							</header>
							<ul>
								<li><a href="index.html">Summary</a></li>
								<li>
									<span class="opener">DB Analysis</span>
									<ul>
										<li><a href="union.html">Bad SQL</a></li>
										<li><a href="poor-sql.html">Poor SQL Plan</a></li>
										<li><a href="invalid-sql.html">Invalid SQL</a></li>
										<li><a href="full-sql.html">Full SQL Report</a></li>
										<li><a href="db-primary-unique-key.html">Primary/Unique Key Miss</a></li>
										<li><a href="invalid-db-object.html">Invalid DB Objects</a></li>
									</ul>
								</li>
								<li>
									<span class="opener">Infolets</span>
									<ul>
										<li><a href="keep-history-infolets.html">Keep History Infolets</a></li>
									</ul>
								</li>
							</ul>
						</nav>

						<!-- Section -->
						<section>
							<header class="major">
								<h2>Get in touch</h2>
							</header>
							<p>You need more details on the report or want more functionality, don't hesitate to reach out to us.</p>
							<ul class="contact">
								<li class="fa-envelope-o"><a href="mailto:rnd@metricstream.com?Subject=Reg - Static Code Analysis Tool" target="_top">rnd@metricstream.com</a></li>
							</ul>
						</section>

						<!-- Footer -->
						<footer id="footer">
							<p class="copyright">&copy; <a href="http://www.metricstream.com" target="_blank">MetricStream</a>. All rights reserved. </p>
						</footer>
					</div>
				</div>
			</div>

		<!-- Scripts -->
			<script src="../lib/assets/js/jquery.min.js"></script>
			<script src="../lib/assets/js/skel.min.js"></script>
			<script src="../lib/assets/js/util.js"></script>
			<!--[if lte IE 8]><script src="../lib/assets/js/ie/respond.min.js"></script><![endif]-->
			<script src="../lib/assets/js/main.js"></script>
	</body>
</html>