<!DOCTYPE HTML>
<html>
	<head>
		<title>Code Analysis - MetricStream</title>
		<meta charset="utf-8" />
		<meta name="viewport" content="width=device-width, initial-scale=1, user-scalable=no" />
		<!--[if lte IE 8]><script src="assets/js/ie/html5shiv.js"></script><![endif]-->
		<link rel="stylesheet" href="../lib/assets/css/main.css" />
		<!--[if lte IE 9]><link rel="stylesheet" href="../lib/assets/css/ie9.css" /><![endif]-->
		<!--[if lte IE 8]><link rel="stylesheet" href="../lib/assets/css/ie8.css" /><![endif]-->
	</head>
	<body>

		<!-- Wrapper -->
			<div id="wrapper">

				<!-- Main -->
					<div id="main">
						<div class="inner">
							<!-- Header -->
								<header id="header">
									<a href="index.html" class="logo"><strong>Static Code Analysis Report</strong> by Code Analyzer Tool</a>
								</header>

							<!-- Content -->
								<section>
									<!-- Content -->
										<header class="major"><h2>Infolet Details</h2></header>
										<div class="table-wrapper">
											<table>
												<tbody>
													<tr>
														<td>Name</td>
														<td>MS_GRC_ASST_Drilldown_Rpt_Inf (105589)</td>
													</tr>
													<tr>
														<td>SQL</td>
														<td><pre><code>SELECT ctrl.object_id                                                        AS object_id ,
  ctrl.object_name_url                                                           AS object_name ,
  ctrl.object_status                                                       AS object_status ,
  inn.rel_dir_type                                                           AS relationship_type
FROM
  (SELECT DISTINCT tgt_obj_id,
    Src_Obj_Id ,
    rel_dir_type
  FROM ms_grc_orb_relations_pub_v vw
  WHERE vw.tgt_obj_type ='MS_GRC_ASSET'
  AND vw.src_obj_type   = :1
  ) inn,
  MS_GRC_ASST_ENTP_RV ctrl
WHERE inn.Src_Obj_Id = :2
AND inn.tgt_obj_id   = ctrl.object_id
and 
ctrl.LOCALE = (SELECT LOCALE FROM si_users_t where USER_NAME = :3)
order by ctrl.upper_object_name</code></pre></td>
													</tr>
													<tr>
														<td>Description</td>
														<td> This Infolet fetches Related Assets </td>
													</tr>
												</tbody>
											</table>
										</div>

										<h2 align="center" id="content">Analysis Report</h2>
										<hr>
 										<header class="major"><h2>Plan hash value: 1089201753</h2></header>
										<pre><code>
 
-------------------------------------------------------------------------------------------------------------------------
| Id  | Operation                               | Name                          | Rows  | Bytes | Cost (%CPU)| Time     |
-------------------------------------------------------------------------------------------------------------------------
|   0 | SELECT STATEMENT                        |                               |     1 |  6743 |    32  (10)| 00:00:01 |
|   1 |  SORT ORDER BY                          |                               |     1 |  6743 |    32  (10)| 00:00:01 |
|   2 |   NESTED LOOPS                          |                               |     1 |  6743 |    29   (7)| 00:00:01 |
|   3 |    NESTED LOOPS                         |                               |     1 |  4324 |    29   (7)| 00:00:01 |
<font style="background-color: lightblue; color: red">|   4 |     MERGE JOIN CARTESIAN                |                               |     2 |  1210 |    29   (7)| 00:00:01 |</font>
|*  5 |      HASH JOIN OUTER                    |                               |     1 |    56 |    25   (4)| 00:00:01 |
|*  6 |       HASH JOIN                         |                               |     1 |    47 |    19   (6)| 00:00:01 |
<font style="background-color: lightblue; color: red">|*  7 |        TABLE ACCESS FULL                | MS_QS_LOV_NAMES               |     1 |    29 |     6   (0)| 00:00:01 |</font>
|   8 |        VIEW                             |                               |     6 |   108 |    12   (0)| 00:00:01 |
<font style="background-color: lightblue; color: red">|   9 |         MERGE JOIN CARTESIAN            |                               |     6 |   132 |    12   (0)| 00:00:01 |</font>
<font style="background-color: lightblue; color: red">|* 10 |          TABLE ACCESS FULL              | MS_QS_LIST_OF_VALUES_T        |     2 |    32 |     8   (0)| 00:00:01 |</font>
|  11 |          BUFFER SORT                    |                               |     4 |    24 |     4   (0)| 00:00:01 |
<font style="background-color: lightblue; color: red">|* 12 |           TABLE ACCESS FULL             | SI_LOCALES                    |     4 |    24 |     2   (0)| 00:00:01 |</font>
<font style="background-color: lightblue; color: red">|  13 |       TABLE ACCESS FULL                 | MS_QS_LIST_OF_VALUES_TL       |  1160 | 10440 |     6   (0)| 00:00:01 |</font>
|  14 |      BUFFER SORT                        |                               |     2 |  1098 |    23   (9)| 00:00:01 |
|  15 |       VIEW                              |                               |     2 |  1098 |     4  (25)| 00:00:01 |
|  16 |        SORT UNIQUE                      |                               |     2 |  1120 |     4  (25)| 00:00:01 |
|  17 |         VIEW                            | MS_GRC_ORB_RELATIONS_PUB_V    |     2 |  1120 |     3   (0)| 00:00:01 |
|  18 |          UNION-ALL                      |                               |       |       |            |          |
|  19 |           NESTED LOOPS                  |                               |       |       |            |          |
|  20 |            NESTED LOOPS                 |                               |     1 |  1607 |     2   (0)| 00:00:01 |
|  21 |             NESTED LOOPS                |                               |     1 |  1581 |     2   (0)| 00:00:01 |
<font style="background-color: lightblue; color: red">|  22 |              TABLE ACCESS FULL          | MS_GRC_ORB_RELATIONS_ORB      |     1 |  1536 |     2   (0)| 00:00:01 |</font>
|* 23 |              TABLE ACCESS BY INDEX ROWID| MS_GRC_REL_DEFN               |     1 |    45 |     0   (0)| 00:00:01 |
|* 24 |               INDEX UNIQUE SCAN         | MS_GRC_REL_DEFN_PK            |     1 |       |     0   (0)| 00:00:01 |
|* 25 |             INDEX UNIQUE SCAN           | MS_GRC_ORB_RELATIONS_PK       |     1 |       |     0   (0)| 00:00:01 |
|* 26 |            TABLE ACCESS BY INDEX ROWID  | MS_GRC_ORB_RELATIONS          |     1 |    26 |     0   (0)| 00:00:01 |
|  27 |           NESTED LOOPS                  |                               |       |       |            |          |
|  28 |            NESTED LOOPS                 |                               |     1 |  1607 |     1   (0)| 00:00:01 |
|  29 |             NESTED LOOPS                |                               |     1 |  1581 |     1   (0)| 00:00:01 |
|  30 |              TABLE ACCESS BY INDEX ROWID| MS_GRC_ORB_RELATIONS_ORB      |     1 |  1536 |     1   (0)| 00:00:01 |
|* 31 |               INDEX RANGE SCAN          | MS_GRC_ORB_RELATIONS_ORB_IDX1 |     1 |       |     1   (0)| 00:00:01 |
|* 32 |              TABLE ACCESS BY INDEX ROWID| MS_GRC_REL_DEFN               |     1 |    45 |     0   (0)| 00:00:01 |
|* 33 |               INDEX UNIQUE SCAN         | MS_GRC_REL_DEFN_PK            |     1 |       |     0   (0)| 00:00:01 |
|* 34 |             INDEX UNIQUE SCAN           | MS_GRC_ORB_RELATIONS_PK       |     1 |       |     0   (0)| 00:00:01 |
|  35 |            TABLE ACCESS BY INDEX ROWID  | MS_GRC_ORB_RELATIONS          |     1 |    26 |     0   (0)| 00:00:01 |
|* 36 |     INDEX UNIQUE SCAN                   | MS_GRC_ASSET_SUMMARY_PK       |     1 |  3719 |     0   (0)| 00:00:01 |
|* 37 |      INDEX RANGE SCAN                   | MS_GRC_ASSET_SUMM_IDX1        |     1 |       |     0   (0)| 00:00:01 |
|* 38 |    TABLE ACCESS BY INDEX ROWID          | MS_GRC_ASSET_MLS_SUMMARY      |     1 |  2419 |     0   (0)| 00:00:01 |
|* 39 |     INDEX RANGE SCAN                    | MS_GRC_ASSET_MLS_SUMM_IDX1    |     1 |       |     0   (0)| 00:00:01 |
|  40 |     TABLE ACCESS BY INDEX ROWID         | SI_USERS_T                    |     1 |    20 |     2   (0)| 00:00:01 |
<font style="background-color: lightblue; color: red">|* 41 |      INDEX SKIP SCAN                    | SI_USERS_T_N2                 |     1 |       |     1   (0)| 00:00:01 |</font>
-------------------------------------------------------------------------------------------------------------------------
 
										</code></pre>
 										<header class="major"><h2>Query Block Name / Object Alias (identified by operation id):</h2></header>
										<pre><code>
-------------------------------------------------------------
 
   1 - SEL$6352FF6B
   7 - SEL$6352FF6B / LOVNAME@SEL$5
   8 - SEL$42DFC41A / X@SEL$10
   9 - SEL$42DFC41A
  10 - SEL$42DFC41A / T@SEL$11
  12 - SEL$42DFC41A / SI_LOCALES@SEL$12
  13 - SEL$6352FF6B / TL@SEL$10
  15 - SEL$2        / INN@SEL$1
  16 - SEL$2       
  17 - SET$1        / VW@SEL$2
  18 - SET$1       
  19 - SEL$3       
  22 - SEL$3        / REL_ORB@SEL$3
  23 - SEL$3        / DEFN@SEL$3
  24 - SEL$3        / DEFN@SEL$3
  25 - SEL$3        / REL@SEL$3
  26 - SEL$3        / REL@SEL$3
  27 - SEL$4       
  30 - SEL$4        / REL_ORB@SEL$4
  31 - SEL$4        / REL_ORB@SEL$4
  32 - SEL$4        / DEFN@SEL$4
  33 - SEL$4        / DEFN@SEL$4
  34 - SEL$4        / REL@SEL$4
  35 - SEL$4        / REL@SEL$4
  36 - SEL$6352FF6B / ASSTSUMM@SEL$5
  37 - SEL$6352FF6B / ASSTSUMM@SEL$5
  38 - SEL$6352FF6B / ASSTMLSSUMM@SEL$5
  39 - SEL$6352FF6B / ASSTMLSSUMM@SEL$5
  40 - SEL$13       / SI_USERS_T@SEL$13
  41 - SEL$13       / SI_USERS_T@SEL$13
 
										</code></pre>
 										<header class="major"><h2>Predicate Information (identified by operation id):</h2></header>
										<pre><code>
---------------------------------------------------
 
   5 - access("X"."LOV_VALUE_ID"="TL"."LOV_VALUE_ID"(+) AND "X"."LOCALE_ID"="TL"."LOCALE_ID"(+))
   6 - access("X"."LOV_ID"="LOVNAME"."LOV_ID")
   7 - filter("LOVNAME"."LOV_NAME"='MS_GRC_LABLES')
  10 - filter("T"."STORED_VALUE"='CLICK_HERE' AND "T"."ORG_ENTITY_ID"=1)
  12 - filter("ENABLED_FLAG"='Y')
  23 - filter("DEFN"."SRC_OBJ_TYPE"=:1 AND "DEFN"."DEST_OBJ_TYPE"='MS_GRC_ASSET')
  24 - access("DEFN"."REL_ID"="REL_ORB"."REL_CONFIG_ID")
  25 - access("REL"."REL_SOURCE_ID"="REL_ORB"."REL_SOURCE_ID")
  26 - filter("REL"."REL_SOURCE_OBJECT_ID"=:2)
  31 - access("REL_ORB"."TGT_OBJ_ID"=:2)
  32 - filter("DEFN"."DEST_OBJ_TYPE"=:1 AND "DEFN"."SRC_OBJ_TYPE"='MS_GRC_ASSET')
  33 - access("DEFN"."REL_ID"="REL_ORB"."REL_CONFIG_ID")
  34 - access("REL"."REL_SOURCE_ID"="REL_ORB"."REL_SOURCE_ID")
  36 - access("INN"."TGT_OBJ_ID"="ASSTSUMM"."OBJECT_ID")
  37 - access("INN"."TGT_OBJ_ID"="ASSTSUMM"."OBJECT_ID")
  38 - filter("ASSTMLSSUMM"."LOCALE"= (SELECT "LOCALE" FROM "SI_USERS_T" "SI_USERS_T" WHERE "USER_NAME"=:3))
  39 - access("ASSTSUMM"."OBJ_ASSET_SUMM_WID"="ASSTMLSSUMM"."OBJ_ASSET_SUMM_WID")
       filter("X"."LOCALE_ID"=TO_NUMBER("ASSTMLSSUMM"."LOCALE_ID"))
  41 - access("USER_NAME"=:3)
       filter("USER_NAME"=:3)
 
										</code></pre>
 										<header class="major"><h2>Column Projection Information (identified by operation id):</h2></header>
										<pre><code>
-----------------------------------------------------------
 
   1 - (#keys=1) "ASSTSUMM"."UPPER_OBJECT_NAME"[VARCHAR2,3000], "ASSTSUMM"."OBJECT_ID"[VARCHAR2,400], 
       "ASSTSUMM"."OBJECT_NAME_URL"[VARCHAR2,4000], "ASSTMLSSUMM"."OBJECT_STATUS"[VARCHAR2,4000], 
       "INN"."REL_DIR_TYPE"[CHARACTER,28]
   2 - (#keys=0) "INN"."REL_DIR_TYPE"[CHARACTER,28], "ASSTSUMM"."UPPER_OBJECT_NAME"[VARCHAR2,3000], 
       "ASSTSUMM"."OBJECT_ID"[VARCHAR2,400], "ASSTSUMM"."OBJECT_NAME_URL"[VARCHAR2,4000], 
       "ASSTMLSSUMM"."OBJECT_STATUS"[VARCHAR2,4000]
   3 - (#keys=0) "X"."LOCALE_ID"[NUMBER,22], "INN"."REL_DIR_TYPE"[CHARACTER,28], 
       "ASSTSUMM"."UPPER_OBJECT_NAME"[VARCHAR2,3000], "ASSTSUMM"."OBJ_ASSET_SUMM_WID"[NUMBER,22], 
       "ASSTSUMM"."OBJECT_ID"[VARCHAR2,400], "ASSTSUMM"."OBJECT_NAME_URL"[VARCHAR2,4000]
   4 - (#keys=0) "X"."LOCALE_ID"[NUMBER,22], "INN"."TGT_OBJ_ID"[VARCHAR2,1020], 
       "INN"."REL_DIR_TYPE"[CHARACTER,28]
   5 - (#keys=2) "X"."LOCALE_ID"[NUMBER,22]
   6 - (#keys=1) "X"."LOV_VALUE_ID"[NUMBER,22], "X"."LOCALE_ID"[NUMBER,22]
   7 - "LOVNAME"."LOV_ID"[NUMBER,22]
   8 - "X"."LOV_VALUE_ID"[NUMBER,22], "X"."LOV_ID"[NUMBER,22], "X"."LOCALE_ID"[NUMBER,22]
   9 - (#keys=0) "T"."LOV_VALUE_ID"[NUMBER,22], "T"."LOV_ID"[NUMBER,22], "LOCALE_ID"[NUMBER,22]
  10 - "T"."LOV_VALUE_ID"[NUMBER,22], "T"."LOV_ID"[NUMBER,22]
  11 - (#keys=0) "LOCALE_ID"[NUMBER,22]
  12 - "LOCALE_ID"[NUMBER,22]
  13 - "TL"."LOV_VALUE_ID"[NUMBER,22], "TL"."LOCALE_ID"[NUMBER,22]
  14 - (#keys=0) "INN"."TGT_OBJ_ID"[VARCHAR2,1020], "INN"."REL_DIR_TYPE"[CHARACTER,28]
  15 - "INN"."TGT_OBJ_ID"[VARCHAR2,1020], "INN"."REL_DIR_TYPE"[CHARACTER,28]
  16 - (#keys=3) "TGT_OBJ_ID"[VARCHAR2,1020], "SRC_OBJ_ID"[VARCHAR2,1020], "REL_DIR_TYPE"[CHARACTER,28]
  17 - "SRC_OBJ_ID"[VARCHAR2,1020], "TGT_OBJ_ID"[VARCHAR2,1020], "REL_DIR_TYPE"[CHARACTER,28]
  18 - STRDEF[512], STRDEF[1020], STRDEF[512], STRDEF[1020], STRDEF[7]
  19 - (#keys=0) "REL_ORB"."TGT_OBJ_ID"[VARCHAR2,1020], "DEFN"."SRC_OBJ_TYPE"[VARCHAR2,512], 
       "DEFN"."DEST_OBJ_TYPE"[VARCHAR2,512], "REL"."REL_SOURCE_OBJECT_ID"[VARCHAR2,1016]
  20 - (#keys=0) "REL_ORB"."TGT_OBJ_ID"[VARCHAR2,1020], "DEFN"."SRC_OBJ_TYPE"[VARCHAR2,512], 
       "DEFN"."DEST_OBJ_TYPE"[VARCHAR2,512], "REL".ROWID[ROWID,10]
  21 - (#keys=0) "REL_ORB"."TGT_OBJ_ID"[VARCHAR2,1020], "REL_ORB"."REL_SOURCE_ID"[VARCHAR2,1020], 
       "DEFN"."SRC_OBJ_TYPE"[VARCHAR2,512], "DEFN"."DEST_OBJ_TYPE"[VARCHAR2,512]
  22 - "REL_ORB"."REL_CONFIG_ID"[VARCHAR2,1020], "REL_ORB"."TGT_OBJ_ID"[VARCHAR2,1020], 
       "REL_ORB"."REL_SOURCE_ID"[VARCHAR2,1020]
  23 - "DEFN"."SRC_OBJ_TYPE"[VARCHAR2,512], "DEFN"."DEST_OBJ_TYPE"[VARCHAR2,512]
  24 - "DEFN".ROWID[ROWID,10]
  25 - "REL".ROWID[ROWID,10]
  26 - "REL"."REL_SOURCE_OBJECT_ID"[VARCHAR2,1016]
  27 - (#keys=0) "REL_ORB"."TGT_OBJ_ID"[VARCHAR2,1020], "DEFN"."SRC_OBJ_TYPE"[VARCHAR2,512], 
       "DEFN"."DEST_OBJ_TYPE"[VARCHAR2,512], "REL"."REL_SOURCE_OBJECT_ID"[VARCHAR2,1016]
  28 - (#keys=0) "REL_ORB"."TGT_OBJ_ID"[VARCHAR2,1020], "DEFN"."SRC_OBJ_TYPE"[VARCHAR2,512], 
       "DEFN"."DEST_OBJ_TYPE"[VARCHAR2,512], "REL".ROWID[ROWID,10]
  29 - (#keys=0) "REL_ORB"."TGT_OBJ_ID"[VARCHAR2,1020], "REL_ORB"."REL_SOURCE_ID"[VARCHAR2,1020], 
       "DEFN"."SRC_OBJ_TYPE"[VARCHAR2,512], "DEFN"."DEST_OBJ_TYPE"[VARCHAR2,512]
  30 - "REL_ORB"."REL_CONFIG_ID"[VARCHAR2,1020], "REL_ORB"."TGT_OBJ_ID"[VARCHAR2,1020], 
       "REL_ORB"."REL_SOURCE_ID"[VARCHAR2,1020]
  31 - "REL_ORB".ROWID[ROWID,10], "REL_ORB"."TGT_OBJ_ID"[VARCHAR2,1020]
  32 - "DEFN"."SRC_OBJ_TYPE"[VARCHAR2,512], "DEFN"."DEST_OBJ_TYPE"[VARCHAR2,512]
  33 - "DEFN".ROWID[ROWID,10]
  34 - "REL".ROWID[ROWID,10]
  35 - "REL"."REL_SOURCE_OBJECT_ID"[VARCHAR2,1016]
  36 - "ASSTSUMM"."UPPER_OBJECT_NAME"[VARCHAR2,3000], "ASSTSUMM"."OBJ_ASSET_SUMM_WID"[NUMBER,22], 
       "ASSTSUMM"."OBJECT_ID"[VARCHAR2,400], "ASSTSUMM"."OBJECT_NAME_URL"[VARCHAR2,4000]
  37 - "ASSTSUMM".ROWID[ROWID,3034], "ASSTSUMM"."UPPER_OBJECT_NAME"[VARCHAR2,3000], 
       "ASSTSUMM"."OBJ_ASSET_SUMM_WID"[NUMBER,22], "ASSTSUMM"."OBJECT_ID"[VARCHAR2,400], 
       "ASSTSUMM"."OBJECT_NAME_URL"[VARCHAR2,4000], "ASSTSUMM".ROWID[ROWID,3034]
  38 - "ASSTMLSSUMM"."OBJECT_STATUS"[VARCHAR2,4000]
  39 - "ASSTMLSSUMM".ROWID[ROWID,10]
  40 - "SI_USERS_T".ROWID[ROWID,10], "LOCALE"[VARCHAR2,400]
  41 - "SI_USERS_T".ROWID[ROWID,10]
										</code></pre>
								</section>
						</div>
					</div>

				<!-- Sidebar -->
				<div id="sidebar">
					<div class="inner">
						<!-- Menu -->
						<nav id="menu">
							<header class="major">
								<h2>Menu</h2>
							</header>
							<ul>
								<li><a href="index.html">Summary</a></li>
								<li>
									<span class="opener">DB Analysis</span>
									<ul>
										<li><a href="union.html">Bad SQL</a></li>
										<li><a href="poor-sql.html">Poor SQL Plan</a></li>
										<li><a href="invalid-sql.html">Invalid SQL</a></li>
										<li><a href="full-sql.html">Full SQL Report</a></li>
										<li><a href="db-primary-unique-key.html">Primary/Unique Key Miss</a></li>
										<li><a href="invalid-db-object.html">Invalid DB Objects</a></li>
									</ul>
								</li>
							</ul>
						</nav>

						<!-- Section -->
						<section>
							<header class="major">
								<h2>Get in touch</h2>
							</header>
							<p>You need more details on the report or want more functionality, don't hesitate to reach out to us.</p>
							<ul class="contact">
								<li class="fa-envelope-o"><a href="mailto:rnd@metricstream.com?Subject=Reg - Static Code Analysis Tool" target="_top">rnd@metricstream.com</a></li>
							</ul>
						</section>

						<!-- Footer -->
						<footer id="footer">
							<p class="copyright">&copy; <a href="http://www.metricstream.com" target="_blank">MetricStream</a>. All rights reserved. </p>
						</footer>
					</div>
				</div>
			</div>

		<!-- Scripts -->
			<script src="../lib/assets/js/jquery.min.js"></script>
			<script src="../lib/assets/js/skel.min.js"></script>
			<script src="../lib/assets/js/util.js"></script>
			<!--[if lte IE 8]><script src="../lib/assets/js/ie/respond.min.js"></script><![endif]-->
			<script src="../lib/assets/js/main.js"></script>
	</body>
</html>