<!DOCTYPE HTML>
<html>
	<head>
		<title>Code Analysis - MetricStream</title>
		<meta charset="utf-8" />
		<meta name="viewport" content="width=device-width, initial-scale=1, user-scalable=no" />
		<!--[if lte IE 8]><script src="assets/js/ie/html5shiv.js"></script><![endif]-->
		<link rel="stylesheet" href="../lib/assets/css/main.css" />
		<!--[if lte IE 9]><link rel="stylesheet" href="../lib/assets/css/ie9.css" /><![endif]-->
		<!--[if lte IE 8]><link rel="stylesheet" href="../lib/assets/css/ie8.css" /><![endif]-->
	</head>
	<body>

		<!-- Wrapper -->
			<div id="wrapper">

				<!-- Main -->
					<div id="main">
						<div class="inner">
							<!-- Header -->
								<header id="header">
									<a href="index.html" class="logo"><strong>Static Code Analysis Report</strong> by Code Analyzer Tool</a>
								</header>

							<!-- Content -->
								<section>
									<!-- Content -->
										<header class="major"><h2>Infolet Details</h2></header>
										<div class="table-wrapper">
											<table>
												<tbody>
													<tr>
														<td>Name</td>
														<td>MS_GRC_CTRL_Entp_List_Rpt_Inf (105592)</td>
													</tr>
													<tr>
														<td>SQL</td>
														<td><pre><code>SELECT OBJECT_ID  AS Control_id,
OBJECT_NAME AS Control_name,
object_type,
OBJECT_NAME_URL AS Edit,
KEY_CONTROL,
CONTROL_PURPOSE,
CONTROL_TYPE,
CONTROL_NATURE,
CONTROL_SOURCE,
CONTROL_PRIORITY,
OBJECT_LEVEL,
OBJECT_PARENT,
OBJECT_STATUS,
CONTROL_FREQUENCY,
CREATED_DATE,
CREATED_BY,
UPDATED_DATE,
UPDATED_BY,
VALID_FROM,
VALID_UNTIL,
Description,
OWNER_ORG_NAMES AS Owner_Organization,
OWNER_NAMES,
LEVEL_1_APPROVER,
LEVEL_2_APPROVER,
REL_DATA_LINK as APPLIES_TO_ORGANIZATIONS,
REL_DATA_LINK as RELATED_AREAS_OF_COMPLIANCE,
REL_DATA_LINK as RELATED_ASSERTIONS,
REL_DATA_LINK as RELATED_ASSETS,
REL_DATA_LINK as RELATED_ASSET_CLASSES,
REL_DATA_LINK as RELATED_CONTROLS,
REL_DATA_LINK as RELATED_EVIDENCES,
REL_DATA_LINK as RELATED_FRAMEWORK_REFERENCES,
REL_DATA_LINK as RELATED_FUNCTIONS,
REL_DATA_LINK as RELATED_OBJECTIVES,
REL_DATA_LINK as RELATED_PROCESSES,
REL_DATA_LINK as RELATED_PRODUCTS,
REL_DATA_LINK as REALTED_QUES_PROCS,
REL_DATA_LINK as RELATED_REFERENCES,
REL_DATA_LINK as RELATED_REQUIREMENTS,
REL_DATA_LINK as RELATED_RISKS
FROM MS_GRC_CTRL_ENTP_RV  Rv
WHERE locale = (SELECT LOCALE FROM si_users_t where USER_NAME = :41)
AND nvl(is_orphan, 1)=nvl(:4,nvl(is_orphan,1))
AND EXISTS
(SELECT COLUMN_VALUE
FROM TABLE(cast(MS_GRC_REP_BROWSER_FIL_DENORM.FN_CONTROL_RPT_FILTERS(:1,:2,:3,:5,:6,:7,:8,:9,:10,:11,:12,:13,:14,:15,:16,:17,:18,:19,:20,:21,:22,:23,:24,:25,:26,:27,:28,:29,:30,:31,:32,NULL,:33,:34,NULL,:35,NULL,:36,:37,NULL,:39,:38,:40,NULL,'MS_GRC_CONTROL',NULL,:41) AS ms_varchar2_array))
WHERE COLUMN_VALUE = RV.OBJECT_ID
)
order by upper(Rv.object_name)</code></pre></td>
													</tr>
													<tr>
														<td>Description</td>
														<td> This infolet is used for fetching the Library data for Control Enterprise Report. It consists of the parameters specific to Control object and also the related library object parameters. It does not contain any mandatory parameter. </td>
													</tr>
												</tbody>
											</table>
										</div>

										<h2 align="center" id="content">Analysis Report</h2>
										<hr>
 										<header class="major"><h2>Plan hash value: 2458168377</h2></header>
										<pre><code>
 
---------------------------------------------------------------------------------------------------------------------
| Id  | Operation                              | Name                       | Rows  | Bytes | Cost (%CPU)| Time     |
---------------------------------------------------------------------------------------------------------------------
|   0 | SELECT STATEMENT                       |                            |     1 |  3114 |    61   (5)| 00:00:01 |
|*  1 |  TABLE ACCESS BY INDEX ROWID           | MS_GRC_COMPLIANCE_OBJE     |     1 |    33 |     1   (0)| 00:00:01 |
|*  2 |   INDEX UNIQUE SCAN                    | MS_GRC_COMPLIANCE_OBJE_PK  |     1 |       |     0   (0)| 00:00:01 |
|   3 |  TABLE ACCESS BY INDEX ROWID           | SI_USERS_T                 |     1 |    32 |     2   (0)| 00:00:01 |
<font style="background-color: lightblue; color: red">|*  4 |   INDEX SKIP SCAN                      | SI_USERS_T_N2              |     1 |       |     1   (0)| 00:00:01 |</font>
|   5 |  TABLE ACCESS BY INDEX ROWID           | SI_USERS_T                 |     1 |    32 |     2   (0)| 00:00:01 |
<font style="background-color: lightblue; color: red">|*  6 |   INDEX SKIP SCAN                      | SI_USERS_T_N2              |     1 |       |     1   (0)| 00:00:01 |</font>
|   7 |  SORT ORDER BY                         |                            |     1 |  3114 |    61   (5)| 00:00:01 |
|*  8 |   HASH JOIN OUTER                      |                            |     1 |  3114 |    58   (4)| 00:00:01 |
|*  9 |    HASH JOIN                           |                            |     1 |  3088 |    51   (2)| 00:00:01 |
<font style="background-color: lightblue; color: red">|  10 |     MERGE JOIN CARTESIAN               |                            |     1 |  2072 |    39   (3)| 00:00:01 |</font>
|* 11 |      HASH JOIN SEMI                    |                            |     1 |  2043 |    33   (4)| 00:00:01 |
|  12 |       NESTED LOOPS                     |                            |     3 |  6123 |     3   (0)| 00:00:01 |
<font style="background-color: lightblue; color: red">|* 13 |        TABLE ACCESS FULL               | MS_GRC_CONTROL_MLS_SUMMARY |     3 |   438 |     3   (0)| 00:00:01 |</font>
|  14 |         TABLE ACCESS BY INDEX ROWID    | SI_USERS_T                 |     1 |    20 |     2   (0)| 00:00:01 |
<font style="background-color: lightblue; color: red">|* 15 |          INDEX SKIP SCAN               | SI_USERS_T_N2              |     1 |       |     1   (0)| 00:00:01 |</font>
|* 16 |        INDEX UNIQUE SCAN               | MS_GRC_CONTROL_SUMMARY_PK  |     1 |  1895 |     0   (0)| 00:00:01 |
|* 17 |         INDEX RANGE SCAN               | MS_GRC_CTRL_SUMM_IDX1      |     1 |       |     0   (0)| 00:00:01 |
<font style="background-color: lightblue; color: red">|  18 |       COLLECTION ITERATOR PICKLER FETCH| FN_CONTROL_RPT_FILTERS     |  8168 | 16336 |    29   (0)| 00:00:01 |</font>
|  19 |      BUFFER SORT                       |                            |     1 |    29 |    10  (10)| 00:00:01 |
<font style="background-color: lightblue; color: red">|* 20 |       TABLE ACCESS FULL                | MS_QS_LOV_NAMES            |     1 |    29 |     6   (0)| 00:00:01 |</font>
|  21 |     VIEW                               |                            |     6 |  6096 |    12   (0)| 00:00:01 |
<font style="background-color: lightblue; color: red">|  22 |      MERGE JOIN CARTESIAN              |                            |     6 |   222 |    12   (0)| 00:00:01 |</font>
<font style="background-color: lightblue; color: red">|* 23 |       TABLE ACCESS FULL                | MS_QS_LIST_OF_VALUES_T     |     2 |    62 |     8   (0)| 00:00:01 |</font>
|  24 |       BUFFER SORT                      |                            |     4 |    24 |     4   (0)| 00:00:01 |
<font style="background-color: lightblue; color: red">|* 25 |        TABLE ACCESS FULL               | SI_LOCALES                 |     4 |    24 |     2   (0)| 00:00:01 |</font>
<font style="background-color: lightblue; color: red">|  26 |    TABLE ACCESS FULL                   | MS_QS_LIST_OF_VALUES_TL    |  1160 | 30160 |     6   (0)| 00:00:01 |</font>
---------------------------------------------------------------------------------------------------------------------
 
										</code></pre>
 										<header class="major"><h2>Query Block Name / Object Alias (identified by operation id):</h2></header>
										<pre><code>
-------------------------------------------------------------
 
   1 - SEL$3        / COMP@SEL$3
   2 - SEL$3        / COMP@SEL$3
   3 - SEL$4        / USR@SEL$4
   4 - SEL$4        / USR@SEL$4
   5 - SEL$5        / USR@SEL$5
   6 - SEL$5        / USR@SEL$5
   7 - SEL$47359F9C
  13 - SEL$47359F9C / MLSSUMM@SEL$2
  14 - SEL$9        / SI_USERS_T@SEL$9
  15 - SEL$9        / SI_USERS_T@SEL$9
  16 - SEL$47359F9C / CONTSUMM@SEL$2
  17 - SEL$47359F9C / CONTSUMM@SEL$2
  18 - SEL$47359F9C / KOKBF$0@SEL$11
  20 - SEL$47359F9C / LOVNAME@SEL$2
  21 - SEL$8A3193DA / X@SEL$6
  22 - SEL$8A3193DA
  23 - SEL$8A3193DA / T@SEL$7
  25 - SEL$8A3193DA / SI_LOCALES@SEL$8
  26 - SEL$47359F9C / TL@SEL$6
 
										</code></pre>
 										<header class="major"><h2>Predicate Information (identified by operation id):</h2></header>
										<pre><code>
---------------------------------------------------
 
   1 - filter("COMP"."DD_OBJECT_TYPE"='MS_GRC_CONTROL')
   2 - access("COMP"."OBJECT_ID"=:B1)
   4 - access("USR"."USER_NAME"=:B1)
       filter("USR"."USER_NAME"=:B1)
   6 - access("USR"."USER_NAME"=:B1)
       filter("USR"."USER_NAME"=:B1)
   8 - access("X"."LOV_VALUE_ID"="TL"."LOV_VALUE_ID"(+) AND "X"."LOCALE_ID"="TL"."LOCALE_ID"(+))
   9 - access("X"."LOV_ID"="LOVNAME"."LOV_ID" AND "X"."LOCALE_ID"=TO_NUMBER("MLSSUMM"."LOCALE_ID"))
  11 - access("CONTSUMM"."OBJECT_ID"=VALUE(KOKBF$))
  13 - filter("MLSSUMM"."LOCALE"= (SELECT "LOCALE" FROM "SI_USERS_T" "SI_USERS_T" WHERE "USER_NAME"=:41))
  15 - access("USER_NAME"=:41)
       filter("USER_NAME"=:41)
  16 - access("CONTSUMM"."OBJECT_ID"="MLSSUMM"."OBJECT_ID")
       filter(NVL("CONTSUMM"."IS_ORPHAN",1)=NVL(:4,NVL("CONTSUMM"."IS_ORPHAN",1)))
  17 - access("CONTSUMM"."OBJECT_ID"="MLSSUMM"."OBJECT_ID")
  20 - filter("LOVNAME"."LOV_NAME"='MS_GRC_LABLES')
  23 - filter("T"."STORED_VALUE"='CLICK_HERE' AND "T"."ORG_ENTITY_ID"=1)
  25 - filter("ENABLED_FLAG"='Y')
 
										</code></pre>
 										<header class="major"><h2>Column Projection Information (identified by operation id):</h2></header>
										<pre><code>
-----------------------------------------------------------
 
   1 - "COMP".ROWID[ROWID,10], "OBJECT_NAME"[VARCHAR2,4000], "COMP"."DD_OBJECT_TYPE"[VARCHAR2,400]
   2 - "COMP".ROWID[ROWID,10]
   3 - "USR".ROWID[ROWID,10], "USR"."LAST_NAME"[VARCHAR2,400], "USR"."FIRST_NAME"[VARCHAR2,400]
   4 - "USR".ROWID[ROWID,10]
   5 - "USR".ROWID[ROWID,10], "USR"."LAST_NAME"[VARCHAR2,400], "USR"."FIRST_NAME"[VARCHAR2,400]
   6 - "USR".ROWID[ROWID,10]
   7 - (#keys=1) UPPER("CONTSUMM"."OBJECT_NAME")[4000], "CONTSUMM"."OBJECT_ID"[VARCHAR2,1600], 
       "CONTSUMM"."OBJECT_NAME"[VARCHAR2,4000], 'MS_GRC_CONTROL'[14], "CONTSUMM"."OBJECT_NAME_URL"[VARCHAR2,4000], 
       "MLSSUMM"."KEY_CONTROL"[VARCHAR2,1020], "MLSSUMM"."CONTROL_PURPOSE"[4000], "MLSSUMM"."CONTROL_TYPE"[4000], 
       "MLSSUMM"."CONTROL_NATURE"[4000], "MLSSUMM"."CONTROL_SOURCE"[VARCHAR2,4000], 
       "MLSSUMM"."CONTROL_PRIORITY"[VARCHAR2,4000], "MLSSUMM"."OBJECT_LEVEL"[VARCHAR2,4000],  (SELECT "OBJECT_NAME" 
       FROM MAZARS_DEV."MS_GRC_COMPLIANCE_OBJE" "COMP" WHERE "COMP"."OBJECT_ID"=:B1 AND 
       "COMP"."DD_OBJECT_TYPE"='MS_GRC_CONTROL')[4000], "MLSSUMM"."OBJECT_STATUS"[VARCHAR2,4000], 
       "MLSSUMM"."CONTROL_FREQUENCY"[VARCHAR2,4000], "CONTSUMM"."CREATED_DATE"[DATE,7],  (SELECT 
       "USR"."FIRST_NAME"||' '||"USR"."LAST_NAME" FROM MAZARS_DEV."SI_USERS_T" "USR" WHERE 
       "USR"."USER_NAME"=:B2)[801], "CONTSUMM"."UPDATED_DATE"[DATE,7],  (SELECT "USR"."FIRST_NAME"||' 
       '||"USR"."LAST_NAME" FROM MAZARS_DEV."SI_USERS_T" "USR" WHERE "USR"."USER_NAME"=:B3)[801], 
       "CONTSUMM"."VALID_FROM"[DATE,7], "CONTSUMM"."VALID_UNTIL"[DATE,7], "CONTSUMM"."DESCRIPTION"[4000], 
       "CONTSUMM"."OWNER_ORG_NAMES"[4000], "CONTSUMM"."OWNER_NAME"[4000], 
       "CONTSUMM"."LEVEL_1_APPROVER"[VARCHAR2,400], "CONTSUMM"."LEVEL_2_APPROVER"[VARCHAR2,400], 
       NVL("TL"."DISPLAYED_VALUE","X"."DISPLAYED_VALUE")[2000], 
       NVL("TL"."DISPLAYED_VALUE","X"."DISPLAYED_VALUE")[2000], 
       NVL("TL"."DISPLAYED_VALUE","X"."DISPLAYED_VALUE")[2000], 
       NVL("TL"."DISPLAYED_VALUE","X"."DISPLAYED_VALUE")[2000], 
       NVL("TL"."DISPLAYED_VALUE","X"."DISPLAYED_VALUE")[2000], 
       NVL("TL"."DISPLAYED_VALUE","X"."DISPLAYED_VALUE")[2000], 
       NVL("TL"."DISPLAYED_VALUE","X"."DISPLAYED_VALUE")[2000], 
       NVL("TL"."DISPLAYED_VALUE","X"."DISPLAYED_VALUE")[2000], 
       NVL("TL"."DISPLAYED_VALUE","X"."DISPLAYED_VALUE")[2000], 
       NVL("TL"."DISPLAYED_VALUE","X"."DISPLAYED_VALUE")[2000], 
       NVL("TL"."DISPLAYED_VALUE","X"."DISPLAYED_VALUE")[2000], 
       NVL("TL"."DISPLAYED_VALUE","X"."DISPLAYED_VALUE")[2000], 
       NVL("TL"."DISPLAYED_VALUE","X"."DISPLAYED_VALUE")[2000], 
       NVL("TL"."DISPLAYED_VALUE","X"."DISPLAYED_VALUE")[2000], 
       NVL("TL"."DISPLAYED_VALUE","X"."DISPLAYED_VALUE")[2000], 
       NVL("TL"."DISPLAYED_VALUE","X"."DISPLAYED_VALUE")[2000]
   8 - (#keys=2) "X"."DISPLAYED_VALUE"[VARCHAR2,2000], "CONTSUMM"."OBJECT_ID"[VARCHAR2,1600], 
       "MLSSUMM"."CONTROL_PURPOSE"[LOB,4000], "MLSSUMM"."CONTROL_TYPE"[LOB,4000], 
       "MLSSUMM"."CONTROL_NATURE"[LOB,4000], "MLSSUMM"."CONTROL_PRIORITY"[VARCHAR2,4000], 
       "MLSSUMM"."CONTROL_SOURCE"[VARCHAR2,4000], "MLSSUMM"."CONTROL_FREQUENCY"[VARCHAR2,4000], 
       "MLSSUMM"."OBJECT_LEVEL"[VARCHAR2,4000], "MLSSUMM"."OBJECT_STATUS"[VARCHAR2,4000], 
       "MLSSUMM"."KEY_CONTROL"[VARCHAR2,1020], "CONTSUMM"."OWNER_NAME"[LOB,4000], 
       "CONTSUMM"."OWNER_ORG_NAMES"[LOB,4000], "CONTSUMM"."OBJECT_NAME"[VARCHAR2,4000], 
       "CONTSUMM"."PARENT"[VARCHAR2,1600], "CONTSUMM"."CREATED_DATE"[DATE,7], 
       "CONTSUMM"."CREATED_BY"[VARCHAR2,400], "CONTSUMM"."UPDATED_DATE"[DATE,7], 
       "CONTSUMM"."UPDATED_BY"[VARCHAR2,400], "CONTSUMM"."VALID_UNTIL"[DATE,7], "CONTSUMM"."VALID_FROM"[DATE,7], 
       "CONTSUMM"."DESCRIPTION"[LOB,4000], "CONTSUMM"."LEVEL_1_APPROVER"[VARCHAR2,400], 
       "CONTSUMM"."LEVEL_2_APPROVER"[VARCHAR2,400], "CONTSUMM"."OBJECT_NAME_URL"[VARCHAR2,4000], 
       "TL"."DISPLAYED_VALUE"[VARCHAR2,2000]
   9 - (#keys=2) "LOVNAME"."LOV_ID"[NUMBER,22], "X"."LOV_ID"[NUMBER,22], 
       TO_NUMBER("MLSSUMM"."LOCALE_ID")[22], "X"."LOCALE_ID"[NUMBER,22], "CONTSUMM"."OBJECT_ID"[VARCHAR2,1600], 
       VALUE(KOKBF$)[8000], "MLSSUMM"."OBJECT_ID"[VARCHAR2,1600], "MLSSUMM"."LOCALE_ID"[VARCHAR2,400], 
       "MLSSUMM"."LOCALE"[VARCHAR2,400], "MLSSUMM"."CONTROL_PURPOSE"[LOB,4000], "MLSSUMM"."CONTROL_TYPE"[LOB,4000], 
       "MLSSUMM"."CONTROL_NATURE"[LOB,4000], "MLSSUMM"."CONTROL_PRIORITY"[VARCHAR2,4000], 
       "MLSSUMM"."CONTROL_SOURCE"[VARCHAR2,4000], "MLSSUMM"."CONTROL_FREQUENCY"[VARCHAR2,4000], 
       "MLSSUMM"."OBJECT_LEVEL"[VARCHAR2,4000], "MLSSUMM"."OBJECT_STATUS"[VARCHAR2,4000], 
       "MLSSUMM"."KEY_CONTROL"[VARCHAR2,1020], "CONTSUMM".ROWID[ROWID,3034], "UPPER_OBJECT_NAME"[VARCHAR2,3000], 
       "OBJ_SUMM_WID"[NUMBER,22], "CONTSUMM"."OWNER_NAME"[LOB,4000], "CONTSUMM"."OWNER_ORG_NAMES"[LOB,4000], 
       "CONTSUMM".ROWID[ROWID,3034], "CONTSUMM"."OBJECT_NAME"[VARCHAR2,4000], "CONTSUMM"."PARENT"[VARCHAR2,1600], 
       "CONTSUMM"."CREATED_DATE"[DATE,7], "CONTSUMM"."CREATED_BY"[VARCHAR2,400], "CONTSUMM"."UPDATED_DATE"[DATE,7], 
       "CONTSUMM"."UPDATED_BY"[VARCHAR2,400], "CONTSUMM"."VALID_UNTIL"[DATE,7], "CONTSUMM"."VALID_FROM"[DATE,7], 
       "CONTSUMM"."DESCRIPTION"[LOB,4000], "CONTSUMM"."LEVEL_1_APPROVER"[VARCHAR2,400], 
       "CONTSUMM"."LEVEL_2_APPROVER"[VARCHAR2,400], "CONTSUMM"."OBJECT_NAME_URL"[VARCHAR2,4000], 
       "CONTSUMM"."IS_ORPHAN"[NUMBER,22], "LOVNAME"."LOV_NAME"[VARCHAR2,100], "X"."LOV_VALUE_ID"[NUMBER,22], 
       "X"."DISPLAYED_VALUE"[VARCHAR2,2000]
  10 - (#keys=0) "CONTSUMM"."OBJECT_ID"[VARCHAR2,1600], VALUE(KOKBF$)[8000], 
       "MLSSUMM"."OBJECT_ID"[VARCHAR2,1600], "MLSSUMM"."LOCALE_ID"[VARCHAR2,400], "MLSSUMM"."LOCALE"[VARCHAR2,400], 
       "MLSSUMM"."CONTROL_PURPOSE"[LOB,4000], "MLSSUMM"."CONTROL_TYPE"[LOB,4000], 
       "MLSSUMM"."CONTROL_NATURE"[LOB,4000], "MLSSUMM"."CONTROL_PRIORITY"[VARCHAR2,4000], 
       "MLSSUMM"."CONTROL_SOURCE"[VARCHAR2,4000], "MLSSUMM"."CONTROL_FREQUENCY"[VARCHAR2,4000], 
       "MLSSUMM"."OBJECT_LEVEL"[VARCHAR2,4000], "MLSSUMM"."OBJECT_STATUS"[VARCHAR2,4000], 
       "MLSSUMM"."KEY_CONTROL"[VARCHAR2,1020], "CONTSUMM".ROWID[ROWID,3034], "UPPER_OBJECT_NAME"[VARCHAR2,3000], 
       "OBJ_SUMM_WID"[NUMBER,22], "CONTSUMM"."OWNER_NAME"[LOB,4000], "CONTSUMM"."OWNER_ORG_NAMES"[LOB,4000], 
       "CONTSUMM".ROWID[ROWID,3034], "CONTSUMM"."OBJECT_NAME"[VARCHAR2,4000], "CONTSUMM"."PARENT"[VARCHAR2,1600], 
       "CONTSUMM"."CREATED_DATE"[DATE,7], "CONTSUMM"."CREATED_BY"[VARCHAR2,400], "CONTSUMM"."UPDATED_DATE"[DATE,7], 
       "CONTSUMM"."UPDATED_BY"[VARCHAR2,400], "CONTSUMM"."VALID_UNTIL"[DATE,7], "CONTSUMM"."VALID_FROM"[DATE,7], 
       "CONTSUMM"."DESCRIPTION"[LOB,4000], "CONTSUMM"."LEVEL_1_APPROVER"[VARCHAR2,400], 
       "CONTSUMM"."LEVEL_2_APPROVER"[VARCHAR2,400], "CONTSUMM"."OBJECT_NAME_URL"[VARCHAR2,4000], 
       "CONTSUMM"."IS_ORPHAN"[NUMBER,22], "LOVNAME"."LOV_NAME"[VARCHAR2,100], "LOVNAME"."LOV_ID"[NUMBER,22]
  11 - (#keys=1) "CONTSUMM"."OBJECT_ID"[VARCHAR2,1600], VALUE(KOKBF$)[8000], 
       "MLSSUMM"."OBJECT_ID"[VARCHAR2,1600], "MLSSUMM"."LOCALE_ID"[VARCHAR2,400], "MLSSUMM"."LOCALE"[VARCHAR2,400], 
       "MLSSUMM"."CONTROL_PURPOSE"[LOB,4000], "MLSSUMM"."CONTROL_TYPE"[LOB,4000], 
       "MLSSUMM"."CONTROL_NATURE"[LOB,4000], "MLSSUMM"."CONTROL_PRIORITY"[VARCHAR2,4000], 
       "MLSSUMM"."CONTROL_SOURCE"[VARCHAR2,4000], "MLSSUMM"."CONTROL_FREQUENCY"[VARCHAR2,4000], 
       "MLSSUMM"."OBJECT_LEVEL"[VARCHAR2,4000], "MLSSUMM"."OBJECT_STATUS"[VARCHAR2,4000], 
       "MLSSUMM"."KEY_CONTROL"[VARCHAR2,1020], "CONTSUMM".ROWID[ROWID,3034], "UPPER_OBJECT_NAME"[VARCHAR2,3000], 
       "OBJ_SUMM_WID"[NUMBER,22], "CONTSUMM"."OWNER_NAME"[LOB,4000], "CONTSUMM"."OWNER_ORG_NAMES"[LOB,4000], 
       "CONTSUMM".ROWID[ROWID,3034], "CONTSUMM"."OBJECT_NAME"[VARCHAR2,4000], "CONTSUMM"."PARENT"[VARCHAR2,1600], 
       "CONTSUMM"."CREATED_DATE"[DATE,7], "CONTSUMM"."CREATED_BY"[VARCHAR2,400], "CONTSUMM"."UPDATED_DATE"[DATE,7], 
       "CONTSUMM"."UPDATED_BY"[VARCHAR2,400], "CONTSUMM"."VALID_UNTIL"[DATE,7], "CONTSUMM"."VALID_FROM"[DATE,7], 
       "CONTSUMM"."DESCRIPTION"[LOB,4000], "CONTSUMM"."LEVEL_1_APPROVER"[VARCHAR2,400], 
       "CONTSUMM"."LEVEL_2_APPROVER"[VARCHAR2,400], "CONTSUMM"."OBJECT_NAME_URL"[VARCHAR2,4000], 
       "CONTSUMM"."IS_ORPHAN"[NUMBER,22]
  12 - (#keys=0) "MLSSUMM"."OBJECT_ID"[VARCHAR2,1600], "MLSSUMM"."LOCALE_ID"[VARCHAR2,400], 
       "MLSSUMM"."LOCALE"[VARCHAR2,400], "MLSSUMM"."CONTROL_PURPOSE"[LOB,4000], "MLSSUMM"."CONTROL_TYPE"[LOB,4000], 
       "MLSSUMM"."CONTROL_NATURE"[LOB,4000], "MLSSUMM"."CONTROL_PRIORITY"[VARCHAR2,4000], 
       "MLSSUMM"."CONTROL_SOURCE"[VARCHAR2,4000], "MLSSUMM"."CONTROL_FREQUENCY"[VARCHAR2,4000], 
       "MLSSUMM"."OBJECT_LEVEL"[VARCHAR2,4000], "MLSSUMM"."OBJECT_STATUS"[VARCHAR2,4000], 
       "MLSSUMM"."KEY_CONTROL"[VARCHAR2,1020], "CONTSUMM".ROWID[ROWID,3034], "UPPER_OBJECT_NAME"[VARCHAR2,3000], 
       "OBJ_SUMM_WID"[NUMBER,22], "CONTSUMM"."OWNER_NAME"[LOB,4000], "CONTSUMM"."OWNER_ORG_NAMES"[LOB,4000], 
       "CONTSUMM"."OBJECT_ID"[VARCHAR2,1600], "CONTSUMM"."OBJECT_NAME"[VARCHAR2,4000], 
       "CONTSUMM"."PARENT"[VARCHAR2,1600], "CONTSUMM"."CREATED_DATE"[DATE,7], 
       "CONTSUMM"."CREATED_BY"[VARCHAR2,400], "CONTSUMM"."UPDATED_DATE"[DATE,7], 
       "CONTSUMM"."UPDATED_BY"[VARCHAR2,400], "CONTSUMM"."VALID_UNTIL"[DATE,7], "CONTSUMM"."VALID_FROM"[DATE,7], 
       "CONTSUMM"."DESCRIPTION"[LOB,4000], "CONTSUMM"."LEVEL_1_APPROVER"[VARCHAR2,400], 
       "CONTSUMM"."LEVEL_2_APPROVER"[VARCHAR2,400], "CONTSUMM"."OBJECT_NAME_URL"[VARCHAR2,4000], 
       "CONTSUMM"."IS_ORPHAN"[NUMBER,22], "CONTSUMM".ROWID[ROWID,3034]
  13 - "MLSSUMM"."OBJECT_ID"[VARCHAR2,1600], "MLSSUMM"."LOCALE_ID"[VARCHAR2,400], 
       "MLSSUMM"."LOCALE"[VARCHAR2,400], "MLSSUMM"."CONTROL_PURPOSE"[LOB,4000], "MLSSUMM"."CONTROL_TYPE"[LOB,4000], 
       "MLSSUMM"."CONTROL_NATURE"[LOB,4000], "MLSSUMM"."CONTROL_PRIORITY"[VARCHAR2,4000], 
       "MLSSUMM"."CONTROL_SOURCE"[VARCHAR2,4000], "MLSSUMM"."CONTROL_FREQUENCY"[VARCHAR2,4000], 
       "MLSSUMM"."OBJECT_LEVEL"[VARCHAR2,4000], "MLSSUMM"."OBJECT_STATUS"[VARCHAR2,4000], 
       "MLSSUMM"."KEY_CONTROL"[VARCHAR2,1020]
  14 - "SI_USERS_T".ROWID[ROWID,10], "USER_NAME"[VARCHAR2,320], "LOCALE"[VARCHAR2,400]
  15 - "SI_USERS_T".ROWID[ROWID,10], "USER_NAME"[VARCHAR2,320]
  16 - "CONTSUMM".ROWID[ROWID,3034], "UPPER_OBJECT_NAME"[VARCHAR2,3000], "OBJ_SUMM_WID"[NUMBER,22], 
       "CONTSUMM"."OWNER_NAME"[LOB,4000], "CONTSUMM"."OWNER_ORG_NAMES"[LOB,4000], 
       "CONTSUMM"."OBJECT_ID"[VARCHAR2,1600], "CONTSUMM"."OBJECT_NAME"[VARCHAR2,4000], 
       "CONTSUMM"."PARENT"[VARCHAR2,1600], "CONTSUMM"."CREATED_DATE"[DATE,7], 
       "CONTSUMM"."CREATED_BY"[VARCHAR2,400], "CONTSUMM"."UPDATED_DATE"[DATE,7], 
       "CONTSUMM"."UPDATED_BY"[VARCHAR2,400], "CONTSUMM"."VALID_UNTIL"[DATE,7], "CONTSUMM"."VALID_FROM"[DATE,7], 
       "CONTSUMM"."DESCRIPTION"[LOB,4000], "CONTSUMM"."LEVEL_1_APPROVER"[VARCHAR2,400], 
       "CONTSUMM"."LEVEL_2_APPROVER"[VARCHAR2,400], "CONTSUMM"."OBJECT_NAME_URL"[VARCHAR2,4000], 
       "CONTSUMM"."IS_ORPHAN"[NUMBER,22], "CONTSUMM".ROWID[ROWID,3034]
  17 - "CONTSUMM".ROWID[ROWID,3034], "UPPER_OBJECT_NAME"[VARCHAR2,3000], "OBJ_SUMM_WID"[NUMBER,22], 
       "CONTSUMM"."OWNER_NAME"[LOB,4000], "CONTSUMM"."OWNER_ORG_NAMES"[LOB,4000], 
       "CONTSUMM"."OBJECT_ID"[VARCHAR2,1600], "CONTSUMM"."OBJECT_NAME"[VARCHAR2,4000], 
       "CONTSUMM"."PARENT"[VARCHAR2,1600], "CONTSUMM"."CREATED_DATE"[DATE,7], 
       "CONTSUMM"."CREATED_BY"[VARCHAR2,400], "CONTSUMM"."UPDATED_DATE"[DATE,7], 
       "CONTSUMM"."UPDATED_BY"[VARCHAR2,400], "CONTSUMM"."VALID_UNTIL"[DATE,7], "CONTSUMM"."VALID_FROM"[DATE,7], 
       "CONTSUMM"."DESCRIPTION"[LOB,4000], "CONTSUMM"."LEVEL_1_APPROVER"[VARCHAR2,400], 
       "CONTSUMM"."LEVEL_2_APPROVER"[VARCHAR2,400], "CONTSUMM"."OBJECT_NAME_URL"[VARCHAR2,4000], 
       "CONTSUMM"."IS_ORPHAN"[NUMBER,22], "CONTSUMM".ROWID[ROWID,3034]
  18 - VALUE(A0)[8000]
  19 - (#keys=0) "LOVNAME"."LOV_NAME"[VARCHAR2,100], "LOVNAME"."LOV_ID"[NUMBER,22]
  20 - "LOVNAME"."LOV_NAME"[VARCHAR2,100], "LOVNAME"."LOV_ID"[NUMBER,22]
  21 - "X"."LOV_VALUE_ID"[NUMBER,22], "X"."LOV_ID"[NUMBER,22], "X"."DISPLAYED_VALUE"[VARCHAR2,2000], 
       "X"."LOCALE_ID"[NUMBER,22]
  22 - (#keys=0) "T"."LOV_VALUE_ID"[NUMBER,22], "T"."LOV_ID"[NUMBER,22], "T"."ORG_ENTITY_ID"[NUMBER,22], 
       "T"."STORED_VALUE"[VARCHAR2,100], "T"."DISPLAYED_VALUE"[VARCHAR2,2000], "LOCALE_ID"[NUMBER,22], 
       "ENABLED_FLAG"[VARCHAR2,1]
  23 - "T"."LOV_VALUE_ID"[NUMBER,22], "T"."LOV_ID"[NUMBER,22], "T"."ORG_ENTITY_ID"[NUMBER,22], 
       "T"."STORED_VALUE"[VARCHAR2,100], "T"."DISPLAYED_VALUE"[VARCHAR2,2000]
  24 - (#keys=0) "LOCALE_ID"[NUMBER,22], "ENABLED_FLAG"[VARCHAR2,1]
  25 - "LOCALE_ID"[NUMBER,22], "ENABLED_FLAG"[VARCHAR2,1]
  26 - "TL"."LOV_VALUE_ID"[NUMBER,22], "TL"."DISPLAYED_VALUE"[VARCHAR2,2000], "TL"."LOCALE_ID"[NUMBER,22]
										</code></pre>
								</section>
						</div>
					</div>

				<!-- Sidebar -->
				<div id="sidebar">
					<div class="inner">
						<!-- Menu -->
						<nav id="menu">
							<header class="major">
								<h2>Menu</h2>
							</header>
							<ul>
								<li><a href="index.html">Summary</a></li>
								<li>
									<span class="opener">DB Analysis</span>
									<ul>
										<li><a href="union.html">Bad SQL</a></li>
										<li><a href="poor-sql.html">Poor SQL Plan</a></li>
										<li><a href="invalid-sql.html">Invalid SQL</a></li>
										<li><a href="full-sql.html">Full SQL Report</a></li>
										<li><a href="db-primary-unique-key.html">Primary/Unique Key Miss</a></li>
										<li><a href="invalid-db-object.html">Invalid DB Objects</a></li>
									</ul>
								</li>
								<li>
									<span class="opener">Infolets</span>
									<ul>
										<li><a href="keep-history-infolets.html">Keep History Infolets</a></li>
									</ul>
								</li>
							</ul>
						</nav>

						<!-- Section -->
						<section>
							<header class="major">
								<h2>Get in touch</h2>
							</header>
							<p>You need more details on the report or want more functionality, don't hesitate to reach out to us.</p>
							<ul class="contact">
								<li class="fa-envelope-o"><a href="mailto:rnd@metricstream.com?Subject=Reg - Static Code Analysis Tool" target="_top">rnd@metricstream.com</a></li>
							</ul>
						</section>

						<!-- Footer -->
						<footer id="footer">
							<p class="copyright">&copy; <a href="http://www.metricstream.com" target="_blank">MetricStream</a>. All rights reserved. </p>
						</footer>
					</div>
				</div>
			</div>

		<!-- Scripts -->
			<script src="../lib/assets/js/jquery.min.js"></script>
			<script src="../lib/assets/js/skel.min.js"></script>
			<script src="../lib/assets/js/util.js"></script>
			<!--[if lte IE 8]><script src="../lib/assets/js/ie/respond.min.js"></script><![endif]-->
			<script src="../lib/assets/js/main.js"></script>
	</body>
</html>