<!DOCTYPE HTML>
<html>
	<head>
		<title>Code Analysis - MetricStream</title>
		<meta charset="utf-8" />
		<meta name="viewport" content="width=device-width, initial-scale=1, user-scalable=no" />
		<!--[if lte IE 8]><script src="assets/js/ie/html5shiv.js"></script><![endif]-->
		<link rel="stylesheet" href="../lib/assets/css/main.css" />
		<!--[if lte IE 9]><link rel="stylesheet" href="../lib/assets/css/ie9.css" /><![endif]-->
		<!--[if lte IE 8]><link rel="stylesheet" href="../lib/assets/css/ie8.css" /><![endif]-->
	</head>
	<body>

		<!-- Wrapper -->
			<div id="wrapper">

				<!-- Main -->
					<div id="main">
						<div class="inner">
							<!-- Header -->
								<header id="header">
									<a href="index.html" class="logo"><strong>Static Code Analysis Report</strong> by Code Analyzer Tool</a>
								</header>

							<!-- Content -->
								<section>
									<!-- Content -->
										<header class="major"><h2>Infolet Details</h2></header>
										<div class="table-wrapper">
											<table>
												<tbody>
													<tr>
														<td>Name</td>
														<td>MS_GRC_ASCL_Drilldown_Rpt_Inf (105586)</td>
													</tr>
													<tr>
														<td>SQL</td>
														<td><pre><code>SELECT ctrl.object_id                                                        AS object_id ,
  ctrl.object_name_url                                                           AS object_name ,
  ctrl.object_status                                                       AS object_status ,
  inn.rel_dir_type                                                           AS relationship_type
FROM
  (SELECT DISTINCT tgt_obj_id,
    Src_Obj_Id ,
    rel_dir_type
  FROM ms_grc_orb_relations_pub_v vw
  WHERE vw.tgt_obj_type ='MS_GRC_ASSET_CLASS'
  AND vw.src_obj_type   = :1
  ) inn,
  MS_GRC_ASCL_ENTP_RV ctrl
WHERE inn.Src_Obj_Id = :2
AND inn.tgt_obj_id   = ctrl.object_id
and 
ctrl.LOCALE = (SELECT LOCALE FROM si_users_t where USER_NAME = :3)
order by ctrl.upper_object_name</code></pre></td>
													</tr>
													<tr>
														<td>Description</td>
														<td> This report fetches related Asset Classes . </td>
													</tr>
												</tbody>
											</table>
										</div>

										<h2 align="center" id="content">Analysis Report</h2>
										<hr>
 										<header class="major"><h2>Plan hash value: 942192100</h2></header>
										<pre><code>
 
--------------------------------------------------------------------------------------------------------------------------
| Id  | Operation                               | Name                           | Rows  | Bytes | Cost (%CPU)| Time     |
--------------------------------------------------------------------------------------------------------------------------
|   0 | SELECT STATEMENT                        |                                |     1 |  6743 |    35  (12)| 00:00:01 |
|   1 |  SORT ORDER BY                          |                                |     1 |  6743 |    35  (12)| 00:00:01 |
|*  2 |   HASH JOIN OUTER                       |                                |     1 |  6743 |    32  (10)| 00:00:01 |
|*  3 |    HASH JOIN                            |                                |     1 |  6734 |    25   (8)| 00:00:01 |
<font style="background-color: lightblue; color: red">|   4 |     MERGE JOIN CARTESIAN                |                                |     1 |  6716 |    13  (16)| 00:00:01 |</font>
|*  5 |      HASH JOIN                          |                                |     1 |  6687 |     7  (29)| 00:00:01 |
|   6 |       NESTED LOOPS                      |                                |     1 |  6138 |     2   (0)| 00:00:01 |
<font style="background-color: lightblue; color: red">|*  7 |        TABLE ACCESS FULL                | MS_GRC_ASSET_CLASS_MLS_SUMMARY |     1 |  2419 |     2   (0)| 00:00:01 |</font>
|   8 |         TABLE ACCESS BY INDEX ROWID     | SI_USERS_T                     |     1 |    20 |     2   (0)| 00:00:01 |
<font style="background-color: lightblue; color: red">|*  9 |          INDEX SKIP SCAN                | SI_USERS_T_N2                  |     1 |       |     1   (0)| 00:00:01 |</font>
|* 10 |        INDEX FULL SCAN                  | MS_GRC_ASSET_CLASS_SUMMARY_PK  |     1 |  3719 |     0   (0)| 00:00:01 |
|  11 |       VIEW                              |                                |     2 |  1098 |     4  (25)| 00:00:01 |
|  12 |        SORT UNIQUE                      |                                |     2 |  1120 |     4  (25)| 00:00:01 |
|  13 |         VIEW                            | MS_GRC_ORB_RELATIONS_PUB_V     |     2 |  1120 |     3   (0)| 00:00:01 |
|  14 |          UNION-ALL                      |                                |       |       |            |          |
|  15 |           NESTED LOOPS                  |                                |       |       |            |          |
|  16 |            NESTED LOOPS                 |                                |     1 |  1607 |     2   (0)| 00:00:01 |
|  17 |             NESTED LOOPS                |                                |     1 |  1581 |     2   (0)| 00:00:01 |
<font style="background-color: lightblue; color: red">|  18 |              TABLE ACCESS FULL          | MS_GRC_ORB_RELATIONS_ORB       |     1 |  1536 |     2   (0)| 00:00:01 |</font>
|* 19 |              TABLE ACCESS BY INDEX ROWID| MS_GRC_REL_DEFN                |     1 |    45 |     0   (0)| 00:00:01 |
|* 20 |               INDEX UNIQUE SCAN         | MS_GRC_REL_DEFN_PK             |     1 |       |     0   (0)| 00:00:01 |
|* 21 |             INDEX UNIQUE SCAN           | MS_GRC_ORB_RELATIONS_PK        |     1 |       |     0   (0)| 00:00:01 |
|* 22 |            TABLE ACCESS BY INDEX ROWID  | MS_GRC_ORB_RELATIONS           |     1 |    26 |     0   (0)| 00:00:01 |
|  23 |           NESTED LOOPS                  |                                |       |       |            |          |
|  24 |            NESTED LOOPS                 |                                |     1 |  1607 |     1   (0)| 00:00:01 |
|  25 |             NESTED LOOPS                |                                |     1 |  1581 |     1   (0)| 00:00:01 |
|  26 |              TABLE ACCESS BY INDEX ROWID| MS_GRC_ORB_RELATIONS_ORB       |     1 |  1536 |     1   (0)| 00:00:01 |
|* 27 |               INDEX RANGE SCAN          | MS_GRC_ORB_RELATIONS_ORB_IDX1  |     1 |       |     1   (0)| 00:00:01 |
|* 28 |              TABLE ACCESS BY INDEX ROWID| MS_GRC_REL_DEFN                |     1 |    45 |     0   (0)| 00:00:01 |
|* 29 |               INDEX UNIQUE SCAN         | MS_GRC_REL_DEFN_PK             |     1 |       |     0   (0)| 00:00:01 |
|* 30 |             INDEX UNIQUE SCAN           | MS_GRC_ORB_RELATIONS_PK        |     1 |       |     0   (0)| 00:00:01 |
|  31 |            TABLE ACCESS BY INDEX ROWID  | MS_GRC_ORB_RELATIONS           |     1 |    26 |     0   (0)| 00:00:01 |
|  32 |      BUFFER SORT                        |                                |     1 |    29 |    13  (16)| 00:00:01 |
<font style="background-color: lightblue; color: red">|* 33 |       TABLE ACCESS FULL                 | MS_QS_LOV_NAMES                |     1 |    29 |     6   (0)| 00:00:01 |</font>
|  34 |     VIEW                                |                                |     6 |   108 |    12   (0)| 00:00:01 |
<font style="background-color: lightblue; color: red">|  35 |      MERGE JOIN CARTESIAN               |                                |     6 |   132 |    12   (0)| 00:00:01 |</font>
<font style="background-color: lightblue; color: red">|* 36 |       TABLE ACCESS FULL                 | MS_QS_LIST_OF_VALUES_T         |     2 |    32 |     8   (0)| 00:00:01 |</font>
|  37 |       BUFFER SORT                       |                                |     4 |    24 |     4   (0)| 00:00:01 |
<font style="background-color: lightblue; color: red">|* 38 |        TABLE ACCESS FULL                | SI_LOCALES                     |     4 |    24 |     2   (0)| 00:00:01 |</font>
<font style="background-color: lightblue; color: red">|  39 |    TABLE ACCESS FULL                    | MS_QS_LIST_OF_VALUES_TL        |  1160 | 10440 |     6   (0)| 00:00:01 |</font>
--------------------------------------------------------------------------------------------------------------------------
 
										</code></pre>
 										<header class="major"><h2>Query Block Name / Object Alias (identified by operation id):</h2></header>
										<pre><code>
-------------------------------------------------------------
 
   1 - SEL$6352FF6B
   7 - SEL$6352FF6B / ASSTMLSSUMM@SEL$5
   8 - SEL$13       / SI_USERS_T@SEL$13
   9 - SEL$13       / SI_USERS_T@SEL$13
  10 - SEL$6352FF6B / ASSTSUMM@SEL$5
  11 - SEL$2        / INN@SEL$1
  12 - SEL$2       
  13 - SET$1        / VW@SEL$2
  14 - SET$1       
  15 - SEL$3       
  18 - SEL$3        / REL_ORB@SEL$3
  19 - SEL$3        / DEFN@SEL$3
  20 - SEL$3        / DEFN@SEL$3
  21 - SEL$3        / REL@SEL$3
  22 - SEL$3        / REL@SEL$3
  23 - SEL$4       
  26 - SEL$4        / REL_ORB@SEL$4
  27 - SEL$4        / REL_ORB@SEL$4
  28 - SEL$4        / DEFN@SEL$4
  29 - SEL$4        / DEFN@SEL$4
  30 - SEL$4        / REL@SEL$4
  31 - SEL$4        / REL@SEL$4
  33 - SEL$6352FF6B / LOVNAME@SEL$5
  34 - SEL$42DFC41A / X@SEL$10
  35 - SEL$42DFC41A
  36 - SEL$42DFC41A / T@SEL$11
  38 - SEL$42DFC41A / SI_LOCALES@SEL$12
  39 - SEL$6352FF6B / TL@SEL$10
 
										</code></pre>
 										<header class="major"><h2>Predicate Information (identified by operation id):</h2></header>
										<pre><code>
---------------------------------------------------
 
   2 - access("X"."LOV_VALUE_ID"="TL"."LOV_VALUE_ID"(+) AND "X"."LOCALE_ID"="TL"."LOCALE_ID"(+))
   3 - access("X"."LOV_ID"="LOVNAME"."LOV_ID" AND "X"."LOCALE_ID"=TO_NUMBER("ASSTMLSSUMM"."LOCALE_ID"))
   5 - access("INN"."TGT_OBJ_ID"="ASSTSUMM"."OBJECT_ID")
   7 - filter("ASSTMLSSUMM"."LOCALE"= (SELECT "LOCALE" FROM "SI_USERS_T" "SI_USERS_T" WHERE "USER_NAME"=:3))
   9 - access("USER_NAME"=:3)
       filter("USER_NAME"=:3)
  10 - access("ASSTSUMM"."OBJ_ASSET_CLASS_SUMM_WID"="ASSTMLSSUMM"."OBJ_ASSET_CLASS_SUMM_WID")
       filter("ASSTSUMM"."OBJ_ASSET_CLASS_SUMM_WID"="ASSTMLSSUMM"."OBJ_ASSET_CLASS_SUMM_WID")
  19 - filter("DEFN"."DEST_OBJ_TYPE"='MS_GRC_ASSET_CLASS' AND "DEFN"."SRC_OBJ_TYPE"=:1)
  20 - access("DEFN"."REL_ID"="REL_ORB"."REL_CONFIG_ID")
  21 - access("REL"."REL_SOURCE_ID"="REL_ORB"."REL_SOURCE_ID")
  22 - filter("REL"."REL_SOURCE_OBJECT_ID"=:2)
  27 - access("REL_ORB"."TGT_OBJ_ID"=:2)
  28 - filter("DEFN"."SRC_OBJ_TYPE"='MS_GRC_ASSET_CLASS' AND "DEFN"."DEST_OBJ_TYPE"=:1)
  29 - access("DEFN"."REL_ID"="REL_ORB"."REL_CONFIG_ID")
  30 - access("REL"."REL_SOURCE_ID"="REL_ORB"."REL_SOURCE_ID")
  33 - filter("LOVNAME"."LOV_NAME"='MS_GRC_LABLES')
  36 - filter("T"."STORED_VALUE"='CLICK_HERE' AND "T"."ORG_ENTITY_ID"=1)
  38 - filter("ENABLED_FLAG"='Y')
 
										</code></pre>
 										<header class="major"><h2>Column Projection Information (identified by operation id):</h2></header>
										<pre><code>
-----------------------------------------------------------
 
   1 - (#keys=1) "ASSTSUMM"."UPPER_OBJECT_NAME"[VARCHAR2,3000], "ASSTSUMM"."OBJECT_ID"[VARCHAR2,400], 
       "ASSTSUMM"."OBJECT_NAME_URL"[VARCHAR2,4000], "ASSTMLSSUMM"."OBJECT_STATUS"[VARCHAR2,4000], 
       "INN"."REL_DIR_TYPE"[CHARACTER,28]
   2 - (#keys=2) "ASSTSUMM"."OBJECT_ID"[VARCHAR2,400], "ASSTMLSSUMM"."OBJECT_STATUS"[VARCHAR2,4000], 
       "ASSTSUMM"."UPPER_OBJECT_NAME"[VARCHAR2,3000], "ASSTSUMM"."OBJECT_NAME_URL"[VARCHAR2,4000], 
       "INN"."REL_DIR_TYPE"[CHARACTER,28]
   3 - (#keys=2) "X"."LOCALE_ID"[NUMBER,22], "ASSTSUMM"."OBJECT_ID"[VARCHAR2,400], 
       "ASSTMLSSUMM"."OBJECT_STATUS"[VARCHAR2,4000], "ASSTSUMM"."UPPER_OBJECT_NAME"[VARCHAR2,3000], 
       "ASSTSUMM"."OBJECT_NAME_URL"[VARCHAR2,4000], "INN"."REL_DIR_TYPE"[CHARACTER,28], "X"."LOV_VALUE_ID"[NUMBER,22]
   4 - (#keys=0) "ASSTSUMM"."OBJECT_ID"[VARCHAR2,400], "ASSTMLSSUMM"."LOCALE_ID"[VARCHAR2,400], 
       "ASSTMLSSUMM"."OBJECT_STATUS"[VARCHAR2,4000], "ASSTSUMM"."UPPER_OBJECT_NAME"[VARCHAR2,3000], 
       "ASSTSUMM"."OBJECT_NAME_URL"[VARCHAR2,4000], "INN"."REL_DIR_TYPE"[CHARACTER,28], "LOVNAME"."LOV_ID"[NUMBER,22]
   5 - (#keys=1) "ASSTSUMM"."OBJECT_ID"[VARCHAR2,400], "ASSTMLSSUMM"."LOCALE_ID"[VARCHAR2,400], 
       "ASSTMLSSUMM"."OBJECT_STATUS"[VARCHAR2,4000], "ASSTSUMM"."UPPER_OBJECT_NAME"[VARCHAR2,3000], 
       "ASSTSUMM"."OBJECT_NAME_URL"[VARCHAR2,4000], "INN"."REL_DIR_TYPE"[CHARACTER,28]
   6 - (#keys=0) "ASSTMLSSUMM"."LOCALE_ID"[VARCHAR2,400], "ASSTMLSSUMM"."OBJECT_STATUS"[VARCHAR2,4000], 
       "ASSTSUMM"."UPPER_OBJECT_NAME"[VARCHAR2,3000], "ASSTSUMM"."OBJECT_ID"[VARCHAR2,400], 
       "ASSTSUMM"."OBJECT_NAME_URL"[VARCHAR2,4000]
   7 - "ASSTMLSSUMM"."OBJ_ASSET_CLASS_SUMM_WID"[NUMBER,22], "ASSTMLSSUMM"."LOCALE_ID"[VARCHAR2,400], 
       "ASSTMLSSUMM"."OBJECT_STATUS"[VARCHAR2,4000]
   8 - "SI_USERS_T".ROWID[ROWID,10], "LOCALE"[VARCHAR2,400]
   9 - "SI_USERS_T".ROWID[ROWID,10]
  10 - "ASSTSUMM"."UPPER_OBJECT_NAME"[VARCHAR2,3000], "ASSTSUMM"."OBJECT_ID"[VARCHAR2,400], 
       "ASSTSUMM"."OBJECT_NAME_URL"[VARCHAR2,4000]
  11 - "INN"."TGT_OBJ_ID"[VARCHAR2,1020], "INN"."REL_DIR_TYPE"[CHARACTER,28]
  12 - (#keys=3) "TGT_OBJ_ID"[VARCHAR2,1020], "SRC_OBJ_ID"[VARCHAR2,1020], "REL_DIR_TYPE"[CHARACTER,28]
  13 - "SRC_OBJ_ID"[VARCHAR2,1020], "TGT_OBJ_ID"[VARCHAR2,1020], "REL_DIR_TYPE"[CHARACTER,28]
  14 - STRDEF[512], STRDEF[1020], STRDEF[512], STRDEF[1020], STRDEF[7]
  15 - (#keys=0) "REL_ORB"."TGT_OBJ_ID"[VARCHAR2,1020], "DEFN"."SRC_OBJ_TYPE"[VARCHAR2,512], 
       "DEFN"."DEST_OBJ_TYPE"[VARCHAR2,512], "REL"."REL_SOURCE_OBJECT_ID"[VARCHAR2,1016]
  16 - (#keys=0) "REL_ORB"."TGT_OBJ_ID"[VARCHAR2,1020], "DEFN"."SRC_OBJ_TYPE"[VARCHAR2,512], 
       "DEFN"."DEST_OBJ_TYPE"[VARCHAR2,512], "REL".ROWID[ROWID,10]
  17 - (#keys=0) "REL_ORB"."TGT_OBJ_ID"[VARCHAR2,1020], "REL_ORB"."REL_SOURCE_ID"[VARCHAR2,1020], 
       "DEFN"."SRC_OBJ_TYPE"[VARCHAR2,512], "DEFN"."DEST_OBJ_TYPE"[VARCHAR2,512]
  18 - "REL_ORB"."REL_CONFIG_ID"[VARCHAR2,1020], "REL_ORB"."TGT_OBJ_ID"[VARCHAR2,1020], 
       "REL_ORB"."REL_SOURCE_ID"[VARCHAR2,1020]
  19 - "DEFN"."SRC_OBJ_TYPE"[VARCHAR2,512], "DEFN"."DEST_OBJ_TYPE"[VARCHAR2,512]
  20 - "DEFN".ROWID[ROWID,10]
  21 - "REL".ROWID[ROWID,10]
  22 - "REL"."REL_SOURCE_OBJECT_ID"[VARCHAR2,1016]
  23 - (#keys=0) "REL_ORB"."TGT_OBJ_ID"[VARCHAR2,1020], "DEFN"."SRC_OBJ_TYPE"[VARCHAR2,512], 
       "DEFN"."DEST_OBJ_TYPE"[VARCHAR2,512], "REL"."REL_SOURCE_OBJECT_ID"[VARCHAR2,1016]
  24 - (#keys=0) "REL_ORB"."TGT_OBJ_ID"[VARCHAR2,1020], "DEFN"."SRC_OBJ_TYPE"[VARCHAR2,512], 
       "DEFN"."DEST_OBJ_TYPE"[VARCHAR2,512], "REL".ROWID[ROWID,10]
  25 - (#keys=0) "REL_ORB"."TGT_OBJ_ID"[VARCHAR2,1020], "REL_ORB"."REL_SOURCE_ID"[VARCHAR2,1020], 
       "DEFN"."SRC_OBJ_TYPE"[VARCHAR2,512], "DEFN"."DEST_OBJ_TYPE"[VARCHAR2,512]
  26 - "REL_ORB"."REL_CONFIG_ID"[VARCHAR2,1020], "REL_ORB"."TGT_OBJ_ID"[VARCHAR2,1020], 
       "REL_ORB"."REL_SOURCE_ID"[VARCHAR2,1020]
  27 - "REL_ORB".ROWID[ROWID,10], "REL_ORB"."TGT_OBJ_ID"[VARCHAR2,1020]
  28 - "DEFN"."SRC_OBJ_TYPE"[VARCHAR2,512], "DEFN"."DEST_OBJ_TYPE"[VARCHAR2,512]
  29 - "DEFN".ROWID[ROWID,10]
  30 - "REL".ROWID[ROWID,10]
  31 - "REL"."REL_SOURCE_OBJECT_ID"[VARCHAR2,1016]
  32 - (#keys=0) "LOVNAME"."LOV_ID"[NUMBER,22]
  33 - "LOVNAME"."LOV_ID"[NUMBER,22]
  34 - "X"."LOV_VALUE_ID"[NUMBER,22], "X"."LOV_ID"[NUMBER,22], "X"."LOCALE_ID"[NUMBER,22]
  35 - (#keys=0) "T"."LOV_VALUE_ID"[NUMBER,22], "T"."LOV_ID"[NUMBER,22], "LOCALE_ID"[NUMBER,22]
  36 - "T"."LOV_VALUE_ID"[NUMBER,22], "T"."LOV_ID"[NUMBER,22]
  37 - (#keys=0) "LOCALE_ID"[NUMBER,22]
  38 - "LOCALE_ID"[NUMBER,22]
  39 - "TL"."LOV_VALUE_ID"[NUMBER,22], "TL"."LOCALE_ID"[NUMBER,22]
										</code></pre>
								</section>
						</div>
					</div>

				<!-- Sidebar -->
				<div id="sidebar">
					<div class="inner">
						<!-- Menu -->
						<nav id="menu">
							<header class="major">
								<h2>Menu</h2>
							</header>
							<ul>
								<li><a href="index.html">Summary</a></li>
								<li>
									<span class="opener">SQL Analysis</span>
									<ul>
										<li><a href="union.html">Union &amp; Union All</a></li>
										<li><a href="poor-sql.html">Poor Plan</a></li>
										<li><a href="invalid-sql.html">Invalid SQL</a></li>
										<li><a href="full-sql.html">Full Report</a></li>
									</ul>
								</li>
							</ul>
						</nav>

						<!-- Section -->
						<section>
							<header class="major">
								<h2>Get in touch</h2>
							</header>
							<p>You need more details on the report or want more functionality, don't hesitate to reach out to us.</p>
							<ul class="contact">
								<li class="fa-envelope-o"><a href="mailto:rnd@metricstream.com?Subject=Reg - Static Code Analysis Tool" target="_top">rnd@metricstream.com</a></li>
							</ul>
						</section>

						<!-- Footer -->
						<footer id="footer">
							<p class="copyright">&copy; <a href="http://www.metricstream.com" target="_blank">MetricStream</a>. All rights reserved. </p>
						</footer>
					</div>
				</div>
			</div>

		<!-- Scripts -->
			<script src="../lib/assets/js/jquery.min.js"></script>
			<script src="../lib/assets/js/skel.min.js"></script>
			<script src="../lib/assets/js/util.js"></script>
			<!--[if lte IE 8]><script src="../lib/assets/js/ie/respond.min.js"></script><![endif]-->
			<script src="../lib/assets/js/main.js"></script>
	</body>
</html>