<!DOCTYPE HTML>
<html>
	<head>
		<title>Code Analysis - MetricStream</title>
		<meta charset="utf-8" />
		<meta name="viewport" content="width=device-width, initial-scale=1, user-scalable=no" />
		<!--[if lte IE 8]><script src="assets/js/ie/html5shiv.js"></script><![endif]-->
		<link rel="stylesheet" href="../lib/assets/css/main.css" />
		<!--[if lte IE 9]><link rel="stylesheet" href="../lib/assets/css/ie9.css" /><![endif]-->
		<!--[if lte IE 8]><link rel="stylesheet" href="../lib/assets/css/ie8.css" /><![endif]-->
	</head>
	<body>

		<!-- Wrapper -->
			<div id="wrapper">

				<!-- Main -->
					<div id="main">
						<div class="inner">
							<!-- Header -->
								<header id="header">
									<a href="index.html" class="logo"><strong>Static Code Analysis Report</strong> by Code Analyzer Tool</a>
								</header>

							<!-- Content -->
								<section>
									<!-- Content -->
										<header class="major"><h2>Infolet Details</h2></header>
										<div class="table-wrapper">
											<table>
												<tbody>
													<tr>
														<td>Name</td>
														<td>MS_GRC_AOC_Entp_List_Rpt_Inf (105585)</td>
													</tr>
													<tr>
														<td>SQL</td>
														<td><pre><code>SELECT
V.object_id as Area_of_Compliance_ID,
V.OBJECT_NAME_URL as Area_of_Compliance_Name,
v.OBJECT_TYPE as OBJECT_TYPE,
v.object_status as Status,
v.aoc_type as aoc_type,
V.created_on as created_on,
v.created_by as created_by,
v.updated_on as modified_on,
v.updated_by as modification_requested_by,
v.valid_from as valid_from,
v.valid_until as valid_until ,
v.description as description,
v.owner_org_names as Owner_Organizations,
v.owner_name as owners,
v.level_1_approver as Level_1_Approver,
v.level_2_approver as Level_2_Approver,
V.REL_DATA_LINK as Applies_to_Organizations,
V.REL_DATA_LINK as Controls,
V.REL_DATA_LINK as Framework_Reference,
V.REL_DATA_LINK as Functions,
V.REL_DATA_LINK as Products,
V.REL_DATA_LINK as References,
V.REL_DATA_LINK as Regulatory_Bodies,
V.REL_DATA_LINK as Requirements,
V.REL_DATA_LINK as Risks,
V.REL_DATA_LINK as Standards,
v.attachments as Attached_Files
FROM MS_GRC_AOC_ENTP_RV V
WHERE nvl(is_orphan, 1)=nvl(:5,nvl(is_orphan,1)) AND v.LOCALE = (SELECT LOCALE FROM si_users_t where USER_NAME = :29)
AND EXISTS
(
	SELECT COLUMN_VALUE
	FROM 
	TABLE( CAST(ms_grc_rep_browser_fil_denorm.fn_AOC_report_filters(:1,:2,:3,:4,:6,
	  :7,:8,:9,:10,:11,:12,:13,:14,
	  :15,:16,:17,:18,:19,NULL,NULL,NULL,NULL,:20,NULL,
	  :21,:22,NULL,NULL,NULL,NULL,:23,:24,:25,:26,
	  :27,:28,'MS_GRC_AREA_OF_COMPLIANCE',:29)AS ms_varchar2_array) ) 
	WHERE COLUMN_VALUE = v.OBJECT_ID
)order by v.upper_object_name</code></pre></td>
													</tr>
													<tr>
														<td>Description</td>
														<td> This infolet is used for fetching the Library data for Area of Compliance enterprise report. It consists of the parameters specific to Area of compliance object and also the related library object parmaters. It does not contain any mandatory parameter. </td>
													</tr>
												</tbody>
											</table>
										</div>

										<h2 align="center" id="content">Analysis Report</h2>
										<hr>
 										<header class="major"><h2>Plan hash value: 3884500114</h2></header>
										<pre><code>
 
---------------------------------------------------------------------------------------------------------------------
| Id  | Operation                              | Name                       | Rows  | Bytes | Cost (%CPU)| Time     |
---------------------------------------------------------------------------------------------------------------------
|   0 | SELECT STATEMENT                       |                            |     1 |  5070 |    61   (5)| 00:00:01 |
|   1 |  TABLE ACCESS BY INDEX ROWID           | SI_USERS_T                 |     1 |    32 |     2   (0)| 00:00:01 |
<font style="background-color: lightblue; color: red">|*  2 |   INDEX SKIP SCAN                      | SI_USERS_T_N2              |     1 |       |     1   (0)| 00:00:01 |</font>
|   3 |  TABLE ACCESS BY INDEX ROWID           | SI_USERS_T                 |     1 |    32 |     2   (0)| 00:00:01 |
<font style="background-color: lightblue; color: red">|*  4 |   INDEX SKIP SCAN                      | SI_USERS_T_N2              |     1 |       |     1   (0)| 00:00:01 |</font>
|   5 |  TABLE ACCESS BY INDEX ROWID           | SI_USERS_T                 |     1 |    32 |     2   (0)| 00:00:01 |
<font style="background-color: lightblue; color: red">|*  6 |   INDEX SKIP SCAN                      | SI_USERS_T_N2              |     1 |       |     1   (0)| 00:00:01 |</font>
|   7 |  TABLE ACCESS BY INDEX ROWID           | SI_USERS_T                 |     1 |    32 |     2   (0)| 00:00:01 |
<font style="background-color: lightblue; color: red">|*  8 |   INDEX SKIP SCAN                      | SI_USERS_T_N2              |     1 |       |     1   (0)| 00:00:01 |</font>
|   9 |  SORT ORDER BY                         |                            |     1 |  5070 |    61   (5)| 00:00:01 |
|* 10 |   HASH JOIN OUTER                      |                            |     1 |  5070 |    58   (4)| 00:00:01 |
|* 11 |    HASH JOIN                           |                            |     1 |  5044 |    51   (2)| 00:00:01 |
<font style="background-color: lightblue; color: red">|  12 |     MERGE JOIN CARTESIAN               |                            |     1 |  4028 |    39   (3)| 00:00:01 |</font>
|* 13 |      HASH JOIN SEMI                    |                            |     1 |  3999 |    33   (4)| 00:00:01 |
|  14 |       NESTED LOOPS                     |                            |     3 | 11991 |     3   (0)| 00:00:01 |
<font style="background-color: lightblue; color: red">|* 15 |        TABLE ACCESS FULL               | MS_GRC_AOC_MLS_SUMMARY     |     3 |   264 |     3   (0)| 00:00:01 |</font>
|  16 |         TABLE ACCESS BY INDEX ROWID    | SI_USERS_T                 |     1 |    20 |     2   (0)| 00:00:01 |
<font style="background-color: lightblue; color: red">|* 17 |          INDEX SKIP SCAN               | SI_USERS_T_N2              |     1 |       |     1   (0)| 00:00:01 |</font>
|* 18 |        INDEX UNIQUE SCAN               | MS_GRC_AOC_SUMMARY_PK      |     1 |  3909 |     0   (0)| 00:00:01 |
|* 19 |         INDEX RANGE SCAN               | MS_GRC_61_SP2_AOCSUMM_IDX2 |     1 |       |     0   (0)| 00:00:01 |
<font style="background-color: lightblue; color: red">|  20 |       COLLECTION ITERATOR PICKLER FETCH| FN_AOC_REPORT_FILTERS      |  8168 | 16336 |    29   (0)| 00:00:01 |</font>
|  21 |      BUFFER SORT                       |                            |     1 |    29 |    10  (10)| 00:00:01 |
<font style="background-color: lightblue; color: red">|* 22 |       TABLE ACCESS FULL                | MS_QS_LOV_NAMES            |     1 |    29 |     6   (0)| 00:00:01 |</font>
|  23 |     VIEW                               |                            |     6 |  6096 |    12   (0)| 00:00:01 |
<font style="background-color: lightblue; color: red">|  24 |      MERGE JOIN CARTESIAN              |                            |     6 |   222 |    12   (0)| 00:00:01 |</font>
<font style="background-color: lightblue; color: red">|* 25 |       TABLE ACCESS FULL                | MS_QS_LIST_OF_VALUES_T     |     2 |    62 |     8   (0)| 00:00:01 |</font>
|  26 |       BUFFER SORT                      |                            |     4 |    24 |     4   (0)| 00:00:01 |
<font style="background-color: lightblue; color: red">|* 27 |        TABLE ACCESS FULL               | SI_LOCALES                 |     4 |    24 |     2   (0)| 00:00:01 |</font>
<font style="background-color: lightblue; color: red">|  28 |    TABLE ACCESS FULL                   | MS_QS_LIST_OF_VALUES_TL    |  1160 | 30160 |     6   (0)| 00:00:01 |</font>
---------------------------------------------------------------------------------------------------------------------
 
										</code></pre>
 										<header class="major"><h2>Query Block Name / Object Alias (identified by operation id):</h2></header>
										<pre><code>
-------------------------------------------------------------
 
   1 - SEL$6        / USR@SEL$6
   2 - SEL$6        / USR@SEL$6
   3 - SEL$5        / USR@SEL$5
   4 - SEL$5        / USR@SEL$5
   5 - SEL$3        / USR@SEL$3
   6 - SEL$3        / USR@SEL$3
   7 - SEL$4        / USR@SEL$4
   8 - SEL$4        / USR@SEL$4
   9 - SEL$EFF79BE2
  15 - SEL$EFF79BE2 / AOCMLSSUMM@SEL$2
  16 - SEL$10       / SI_USERS_T@SEL$10
  17 - SEL$10       / SI_USERS_T@SEL$10
  18 - SEL$EFF79BE2 / AOCSUMM@SEL$2
  19 - SEL$EFF79BE2 / AOCSUMM@SEL$2
  20 - SEL$EFF79BE2 / KOKBF$0@SEL$12
  22 - SEL$EFF79BE2 / LOVNAME@SEL$2
  23 - SEL$CF5359D5 / X@SEL$7
  24 - SEL$CF5359D5
  25 - SEL$CF5359D5 / T@SEL$8
  27 - SEL$CF5359D5 / SI_LOCALES@SEL$9
  28 - SEL$EFF79BE2 / TL@SEL$7
 
										</code></pre>
 										<header class="major"><h2>Predicate Information (identified by operation id):</h2></header>
										<pre><code>
---------------------------------------------------
 
   2 - access("USR"."USER_NAME"=:B1)
       filter("USR"."USER_NAME"=:B1)
   4 - access("USR"."USER_NAME"=:B1)
       filter("USR"."USER_NAME"=:B1)
   6 - access("USR"."USER_NAME"=:B1)
       filter("USR"."USER_NAME"=:B1)
   8 - access("USR"."USER_NAME"=:B1)
       filter("USR"."USER_NAME"=:B1)
  10 - access("X"."LOV_VALUE_ID"="TL"."LOV_VALUE_ID"(+) AND "X"."LOCALE_ID"="TL"."LOCALE_ID"(+))
  11 - access("X"."LOV_ID"="LOVNAME"."LOV_ID" AND "X"."LOCALE_ID"=TO_NUMBER("AOCMLSSUMM"."LOCALE_ID"))
  13 - access("AOCSUMM"."OBJECT_ID"=VALUE(KOKBF$))
  15 - filter("AOCMLSSUMM"."LOCALE"= (SELECT "LOCALE" FROM "SI_USERS_T" "SI_USERS_T" WHERE "USER_NAME"=:29))
  17 - access("USER_NAME"=:29)
       filter("USER_NAME"=:29)
  18 - access("AOCSUMM"."OBJ_AOC_SUMM_WID"="AOCMLSSUMM"."OBJ_AOC_SUMM_WID")
       filter(NVL("IS_ORPHAN",1)=NVL(:5,NVL("IS_ORPHAN",1)))
  19 - access("AOCSUMM"."OBJ_AOC_SUMM_WID"="AOCMLSSUMM"."OBJ_AOC_SUMM_WID")
  22 - filter("LOVNAME"."LOV_NAME"='MS_GRC_LABLES')
  25 - filter("T"."STORED_VALUE"='CLICK_HERE' AND "T"."ORG_ENTITY_ID"=1)
  27 - filter("ENABLED_FLAG"='Y')
 
										</code></pre>
 										<header class="major"><h2>Column Projection Information (identified by operation id):</h2></header>
										<pre><code>
-----------------------------------------------------------
 
   1 - "USR".ROWID[ROWID,10], "USR"."LAST_NAME"[VARCHAR2,400], "USR"."FIRST_NAME"[VARCHAR2,400]
   2 - "USR".ROWID[ROWID,10]
   3 - "USR".ROWID[ROWID,10], "USR"."LAST_NAME"[VARCHAR2,400], "USR"."FIRST_NAME"[VARCHAR2,400]
   4 - "USR".ROWID[ROWID,10]
   5 - "USR".ROWID[ROWID,10], "USR"."LAST_NAME"[VARCHAR2,400], "USR"."FIRST_NAME"[VARCHAR2,400]
   6 - "USR".ROWID[ROWID,10]
   7 - "USR".ROWID[ROWID,10], "USR"."LAST_NAME"[VARCHAR2,400], "USR"."FIRST_NAME"[VARCHAR2,400]
   8 - "USR".ROWID[ROWID,10]
   9 - (#keys=1) "AOCSUMM"."UPPER_OBJECT_NAME"[VARCHAR2,3000], "AOCSUMM"."OBJECT_ID"[VARCHAR2,400], 
       "AOCSUMM"."OBJECT_NAME_URL"[VARCHAR2,4000], 'MS_GRC_AREA_OF_COMPLIANCE'[25], 
       "AOCMLSSUMM"."OBJECT_STATUS"[VARCHAR2,4000], "AOCMLSSUMM"."AOC_TYPE"[4000], "CREATED_ON"[DATE,7],  (SELECT 
       "USR"."FIRST_NAME"||' '||"USR"."LAST_NAME" FROM MAZARS_DEV."SI_USERS_T" "USR" WHERE 
       "USR"."USER_NAME"=:B1)[801], "UPDATED_ON"[DATE,7],  (SELECT "USR"."FIRST_NAME"||' '||"USR"."LAST_NAME" FROM 
       MAZARS_DEV."SI_USERS_T" "USR" WHERE "USR"."USER_NAME"=:B2)[801], "AOCSUMM"."VALID_FROM"[DATE,7], 
       "AOCSUMM"."VALID_UNTIL"[DATE,7], "AOCSUMM"."DESCRIPTION"[4000], "OWNER_ORG_NAMES"[4000], "OWNER_NAME"[4000], 
        (SELECT "USR"."FIRST_NAME"||' '||"USR"."LAST_NAME" FROM MAZARS_DEV."SI_USERS_T" "USR" WHERE 
       "USR"."USER_NAME"=:B3)[801],  (SELECT "USR"."FIRST_NAME"||' '||"USR"."LAST_NAME" FROM 
       MAZARS_DEV."SI_USERS_T" "USR" WHERE "USR"."USER_NAME"=:B4)[801], 
       NVL("TL"."DISPLAYED_VALUE","X"."DISPLAYED_VALUE")[2000], 
       NVL("TL"."DISPLAYED_VALUE","X"."DISPLAYED_VALUE")[2000], 
       NVL("TL"."DISPLAYED_VALUE","X"."DISPLAYED_VALUE")[2000], 
       NVL("TL"."DISPLAYED_VALUE","X"."DISPLAYED_VALUE")[2000], 
       NVL("TL"."DISPLAYED_VALUE","X"."DISPLAYED_VALUE")[2000], 
       NVL("TL"."DISPLAYED_VALUE","X"."DISPLAYED_VALUE")[2000], 
       NVL("TL"."DISPLAYED_VALUE","X"."DISPLAYED_VALUE")[2000], 
       NVL("TL"."DISPLAYED_VALUE","X"."DISPLAYED_VALUE")[2000], 
       NVL("TL"."DISPLAYED_VALUE","X"."DISPLAYED_VALUE")[2000], 
       NVL("TL"."DISPLAYED_VALUE","X"."DISPLAYED_VALUE")[2000], "ATTACHMENTS"[4000]
  10 - (#keys=2) "X"."DISPLAYED_VALUE"[VARCHAR2,2000], "AOCSUMM"."OBJECT_ID"[VARCHAR2,400], 
       "AOCMLSSUMM"."AOC_TYPE"[LOB,4000], "AOCMLSSUMM"."OBJECT_STATUS"[VARCHAR2,4000], 
       "AOCSUMM"."UPPER_OBJECT_NAME"[VARCHAR2,3000], "AOCSUMM"."DESCRIPTION"[LOB,4000], 
       "AOCSUMM"."VALID_UNTIL"[DATE,7], "AOCSUMM"."VALID_FROM"[DATE,7], "AOCSUMM"."OBJECT_NAME_URL"[VARCHAR2,4000], 
       "OWNER_NAME"[LOB,4000], "OWNER_ORG_NAMES"[LOB,4000], "AOCSUMM"."LEVEL_1_APPROVER"[VARCHAR2,1000], 
       "AOCSUMM"."LEVEL_2_APPROVER"[VARCHAR2,1000], "ATTACHMENTS"[LOB,4000], "AOCSUMM"."UPDATED_BY"[VARCHAR2,804], 
       "UPDATED_ON"[DATE,7], "AOCSUMM"."CREATED_BY"[VARCHAR2,804], "CREATED_ON"[DATE,7], 
       "TL"."DISPLAYED_VALUE"[VARCHAR2,2000]
  11 - (#keys=2) "LOVNAME"."LOV_ID"[NUMBER,22], "X"."LOV_ID"[NUMBER,22], 
       TO_NUMBER("AOCMLSSUMM"."LOCALE_ID")[22], "X"."LOCALE_ID"[NUMBER,22], "AOCSUMM"."OBJECT_ID"[VARCHAR2,400], 
       VALUE(KOKBF$)[8000], "AOCMLSSUMM"."OBJ_AOC_SUMM_WID"[NUMBER,22], "AOCMLSSUMM"."LOCALE_ID"[VARCHAR2,400], 
       "AOCMLSSUMM"."LOCALE"[VARCHAR2,400], "AOCMLSSUMM"."AOC_TYPE"[LOB,4000], 
       "AOCMLSSUMM"."OBJECT_STATUS"[VARCHAR2,4000], "AOCSUMM".ROWID[ROWID,3034], 
       "AOCSUMM"."UPPER_OBJECT_NAME"[VARCHAR2,3000], "AOCSUMM"."OBJ_AOC_SUMM_WID"[NUMBER,22], 
       "IS_ORPHAN"[NUMBER,22], "AOCSUMM".ROWID[ROWID,3034], "AOCSUMM"."DESCRIPTION"[LOB,4000], 
       "AOCSUMM"."VALID_UNTIL"[DATE,7], "AOCSUMM"."VALID_FROM"[DATE,7], "AOCSUMM"."OBJECT_NAME_URL"[VARCHAR2,4000], 
       "OWNER_NAME"[LOB,4000], "OWNER_ORG_NAMES"[LOB,4000], "AOCSUMM"."LEVEL_1_APPROVER"[VARCHAR2,1000], 
       "AOCSUMM"."LEVEL_2_APPROVER"[VARCHAR2,1000], "ATTACHMENTS"[LOB,4000], "AOCSUMM"."UPDATED_BY"[VARCHAR2,804], 
       "UPDATED_ON"[DATE,7], "AOCSUMM"."CREATED_BY"[VARCHAR2,804], "CREATED_ON"[DATE,7], 
       "LOVNAME"."LOV_NAME"[VARCHAR2,100], "X"."LOV_VALUE_ID"[NUMBER,22], "X"."DISPLAYED_VALUE"[VARCHAR2,2000]
  12 - (#keys=0) "AOCSUMM"."OBJECT_ID"[VARCHAR2,400], VALUE(KOKBF$)[8000], 
       "AOCMLSSUMM"."OBJ_AOC_SUMM_WID"[NUMBER,22], "AOCMLSSUMM"."LOCALE_ID"[VARCHAR2,400], 
       "AOCMLSSUMM"."LOCALE"[VARCHAR2,400], "AOCMLSSUMM"."AOC_TYPE"[LOB,4000], 
       "AOCMLSSUMM"."OBJECT_STATUS"[VARCHAR2,4000], "AOCSUMM".ROWID[ROWID,3034], 
       "AOCSUMM"."UPPER_OBJECT_NAME"[VARCHAR2,3000], "AOCSUMM"."OBJ_AOC_SUMM_WID"[NUMBER,22], 
       "IS_ORPHAN"[NUMBER,22], "AOCSUMM".ROWID[ROWID,3034], "AOCSUMM"."DESCRIPTION"[LOB,4000], 
       "AOCSUMM"."VALID_UNTIL"[DATE,7], "AOCSUMM"."VALID_FROM"[DATE,7], "AOCSUMM"."OBJECT_NAME_URL"[VARCHAR2,4000], 
       "OWNER_NAME"[LOB,4000], "OWNER_ORG_NAMES"[LOB,4000], "AOCSUMM"."LEVEL_1_APPROVER"[VARCHAR2,1000], 
       "AOCSUMM"."LEVEL_2_APPROVER"[VARCHAR2,1000], "ATTACHMENTS"[LOB,4000], "AOCSUMM"."UPDATED_BY"[VARCHAR2,804], 
       "UPDATED_ON"[DATE,7], "AOCSUMM"."CREATED_BY"[VARCHAR2,804], "CREATED_ON"[DATE,7], 
       "LOVNAME"."LOV_NAME"[VARCHAR2,100], "LOVNAME"."LOV_ID"[NUMBER,22]
  13 - (#keys=1) "AOCSUMM"."OBJECT_ID"[VARCHAR2,400], VALUE(KOKBF$)[8000], 
       "AOCMLSSUMM"."OBJ_AOC_SUMM_WID"[NUMBER,22], "AOCMLSSUMM"."LOCALE_ID"[VARCHAR2,400], 
       "AOCMLSSUMM"."LOCALE"[VARCHAR2,400], "AOCMLSSUMM"."AOC_TYPE"[LOB,4000], 
       "AOCMLSSUMM"."OBJECT_STATUS"[VARCHAR2,4000], "AOCSUMM".ROWID[ROWID,3034], 
       "AOCSUMM"."UPPER_OBJECT_NAME"[VARCHAR2,3000], "AOCSUMM"."OBJ_AOC_SUMM_WID"[NUMBER,22], 
       "IS_ORPHAN"[NUMBER,22], "AOCSUMM".ROWID[ROWID,3034], "AOCSUMM"."DESCRIPTION"[LOB,4000], 
       "AOCSUMM"."VALID_UNTIL"[DATE,7], "AOCSUMM"."VALID_FROM"[DATE,7], "AOCSUMM"."OBJECT_NAME_URL"[VARCHAR2,4000], 
       "OWNER_NAME"[LOB,4000], "OWNER_ORG_NAMES"[LOB,4000], "AOCSUMM"."LEVEL_1_APPROVER"[VARCHAR2,1000], 
       "AOCSUMM"."LEVEL_2_APPROVER"[VARCHAR2,1000], "ATTACHMENTS"[LOB,4000], "AOCSUMM"."UPDATED_BY"[VARCHAR2,804], 
       "UPDATED_ON"[DATE,7], "AOCSUMM"."CREATED_BY"[VARCHAR2,804], "CREATED_ON"[DATE,7]
  14 - (#keys=0) "AOCMLSSUMM"."OBJ_AOC_SUMM_WID"[NUMBER,22], "AOCMLSSUMM"."LOCALE_ID"[VARCHAR2,400], 
       "AOCMLSSUMM"."LOCALE"[VARCHAR2,400], "AOCMLSSUMM"."AOC_TYPE"[LOB,4000], 
       "AOCMLSSUMM"."OBJECT_STATUS"[VARCHAR2,4000], "AOCSUMM".ROWID[ROWID,3034], 
       "AOCSUMM"."UPPER_OBJECT_NAME"[VARCHAR2,3000], "AOCSUMM"."OBJ_AOC_SUMM_WID"[NUMBER,22], 
       "IS_ORPHAN"[NUMBER,22], "AOCSUMM"."OBJECT_ID"[VARCHAR2,400], "AOCSUMM"."DESCRIPTION"[LOB,4000], 
       "AOCSUMM"."VALID_UNTIL"[DATE,7], "AOCSUMM"."VALID_FROM"[DATE,7], "AOCSUMM"."OBJECT_NAME_URL"[VARCHAR2,4000], 
       "OWNER_NAME"[LOB,4000], "OWNER_ORG_NAMES"[LOB,4000], "AOCSUMM"."LEVEL_1_APPROVER"[VARCHAR2,1000], 
       "AOCSUMM"."LEVEL_2_APPROVER"[VARCHAR2,1000], "ATTACHMENTS"[LOB,4000], "AOCSUMM"."UPDATED_BY"[VARCHAR2,804], 
       "UPDATED_ON"[DATE,7], "AOCSUMM"."CREATED_BY"[VARCHAR2,804], "CREATED_ON"[DATE,7], "AOCSUMM".ROWID[ROWID,3034]
  15 - "AOCMLSSUMM"."OBJ_AOC_SUMM_WID"[NUMBER,22], "AOCMLSSUMM"."LOCALE_ID"[VARCHAR2,400], 
       "AOCMLSSUMM"."LOCALE"[VARCHAR2,400], "AOCMLSSUMM"."AOC_TYPE"[LOB,4000], 
       "AOCMLSSUMM"."OBJECT_STATUS"[VARCHAR2,4000]
  16 - "SI_USERS_T".ROWID[ROWID,10], "USER_NAME"[VARCHAR2,320], "LOCALE"[VARCHAR2,400]
  17 - "SI_USERS_T".ROWID[ROWID,10], "USER_NAME"[VARCHAR2,320]
  18 - "AOCSUMM".ROWID[ROWID,3034], "AOCSUMM"."UPPER_OBJECT_NAME"[VARCHAR2,3000], 
       "AOCSUMM"."OBJ_AOC_SUMM_WID"[NUMBER,22], "IS_ORPHAN"[NUMBER,22], "AOCSUMM"."OBJECT_ID"[VARCHAR2,400], 
       "AOCSUMM"."DESCRIPTION"[LOB,4000], "AOCSUMM"."VALID_UNTIL"[DATE,7], "AOCSUMM"."VALID_FROM"[DATE,7], 
       "AOCSUMM"."OBJECT_NAME_URL"[VARCHAR2,4000], "OWNER_NAME"[LOB,4000], "OWNER_ORG_NAMES"[LOB,4000], 
       "AOCSUMM"."LEVEL_1_APPROVER"[VARCHAR2,1000], "AOCSUMM"."LEVEL_2_APPROVER"[VARCHAR2,1000], 
       "ATTACHMENTS"[LOB,4000], "AOCSUMM"."UPDATED_BY"[VARCHAR2,804], "UPDATED_ON"[DATE,7], 
       "AOCSUMM"."CREATED_BY"[VARCHAR2,804], "CREATED_ON"[DATE,7], "AOCSUMM".ROWID[ROWID,3034]
  19 - "AOCSUMM".ROWID[ROWID,3034], "AOCSUMM"."UPPER_OBJECT_NAME"[VARCHAR2,3000], 
       "AOCSUMM"."OBJ_AOC_SUMM_WID"[NUMBER,22], "IS_ORPHAN"[NUMBER,22], "AOCSUMM"."OBJECT_ID"[VARCHAR2,400], 
       "AOCSUMM"."DESCRIPTION"[LOB,4000], "AOCSUMM"."VALID_UNTIL"[DATE,7], "AOCSUMM"."VALID_FROM"[DATE,7], 
       "AOCSUMM"."OBJECT_NAME_URL"[VARCHAR2,4000], "OWNER_NAME"[LOB,4000], "OWNER_ORG_NAMES"[LOB,4000], 
       "AOCSUMM"."LEVEL_1_APPROVER"[VARCHAR2,1000], "AOCSUMM"."LEVEL_2_APPROVER"[VARCHAR2,1000], 
       "ATTACHMENTS"[LOB,4000], "AOCSUMM"."UPDATED_BY"[VARCHAR2,804], "UPDATED_ON"[DATE,7], 
       "AOCSUMM"."CREATED_BY"[VARCHAR2,804], "CREATED_ON"[DATE,7], "AOCSUMM".ROWID[ROWID,3034]
  20 - VALUE(A0)[8000]
  21 - (#keys=0) "LOVNAME"."LOV_NAME"[VARCHAR2,100], "LOVNAME"."LOV_ID"[NUMBER,22]
  22 - "LOVNAME"."LOV_NAME"[VARCHAR2,100], "LOVNAME"."LOV_ID"[NUMBER,22]
  23 - "X"."LOV_VALUE_ID"[NUMBER,22], "X"."LOV_ID"[NUMBER,22], "X"."DISPLAYED_VALUE"[VARCHAR2,2000], 
       "X"."LOCALE_ID"[NUMBER,22]
  24 - (#keys=0) "T"."LOV_VALUE_ID"[NUMBER,22], "T"."LOV_ID"[NUMBER,22], "T"."ORG_ENTITY_ID"[NUMBER,22], 
       "T"."STORED_VALUE"[VARCHAR2,100], "T"."DISPLAYED_VALUE"[VARCHAR2,2000], "LOCALE_ID"[NUMBER,22], 
       "ENABLED_FLAG"[VARCHAR2,1]
  25 - "T"."LOV_VALUE_ID"[NUMBER,22], "T"."LOV_ID"[NUMBER,22], "T"."ORG_ENTITY_ID"[NUMBER,22], 
       "T"."STORED_VALUE"[VARCHAR2,100], "T"."DISPLAYED_VALUE"[VARCHAR2,2000]
  26 - (#keys=0) "LOCALE_ID"[NUMBER,22], "ENABLED_FLAG"[VARCHAR2,1]
  27 - "LOCALE_ID"[NUMBER,22], "ENABLED_FLAG"[VARCHAR2,1]
  28 - "TL"."LOV_VALUE_ID"[NUMBER,22], "TL"."DISPLAYED_VALUE"[VARCHAR2,2000], "TL"."LOCALE_ID"[NUMBER,22]
										</code></pre>
								</section>
						</div>
					</div>

				<!-- Sidebar -->
				<div id="sidebar">
					<div class="inner">
						<!-- Menu -->
						<nav id="menu">
							<header class="major">
								<h2>Menu</h2>
							</header>
							<ul>
								<li><a href="index.html">Summary</a></li>
								<li>
									<span class="opener">DB Analysis</span>
									<ul>
										<li><a href="union.html">Bad SQL</a></li>
										<li><a href="poor-sql.html">Poor SQL Plan</a></li>
										<li><a href="invalid-sql.html">Invalid SQL</a></li>
										<li><a href="full-sql.html">Full SQL Report</a></li>
										<li><a href="db-primary-unique-key.html">Primary/Unique Key Miss</a></li>
										<li><a href="invalid-db-object.html">Invalid DB Objects</a></li>
									</ul>
								</li>
								<li>
									<span class="opener">Infolets</span>
									<ul>
										<li><a href="keep-history-infolets.html">Keep History Infolets</a></li>
									</ul>
								</li>
								<li>
									<span class="opener">Pushforms</span>
									<ul>
										<li><a href="pushform-denormalize.html">Pushform Denormalized</a></li>
									</ul>
								</li>
							</ul>
						</nav>

						<!-- Section -->
						<section>
							<header class="major">
								<h2>Get in touch</h2>
							</header>
							<p>You need more details on the report or want more functionality, don't hesitate to reach out to us.</p>
							<ul class="contact">
								<li class="fa-envelope-o"><a href="mailto:rnd@metricstream.com?Subject=Reg - Static Code Analysis Tool" target="_top">rnd@metricstream.com</a></li>
							</ul>
						</section>

						<!-- Footer -->
						<footer id="footer">
							<p class="copyright">&copy; <a href="http://www.metricstream.com" target="_blank">MetricStream</a>. All rights reserved. </p>
						</footer>
					</div>
				</div>
			</div>

		<!-- Scripts -->
			<script src="../lib/assets/js/jquery.min.js"></script>
			<script src="../lib/assets/js/skel.min.js"></script>
			<script src="../lib/assets/js/util.js"></script>
			<!--[if lte IE 8]><script src="../lib/assets/js/ie/respond.min.js"></script><![endif]-->
			<script src="../lib/assets/js/main.js"></script>
	</body>
</html>