<!DOCTYPE HTML>
<html>
	<head>
		<title>Code Analysis - MetricStream</title>
		<meta charset="utf-8" />
		<meta name="viewport" content="width=device-width, initial-scale=1, user-scalable=no" />
		<!--[if lte IE 8]><script src="assets/js/ie/html5shiv.js"></script><![endif]-->
		<link rel="stylesheet" href="../lib/assets/css/main.css" />
		<!--[if lte IE 9]><link rel="stylesheet" href="../lib/assets/css/ie9.css" /><![endif]-->
		<!--[if lte IE 8]><link rel="stylesheet" href="../lib/assets/css/ie8.css" /><![endif]-->
	</head>
	<body>

		<!-- Wrapper -->
			<div id="wrapper">

				<!-- Main -->
					<div id="main">
						<div class="inner">
							<!-- Header -->
								<header id="header">
									<a href="index.html" class="logo"><strong>Static Code Analysis Report</strong> by Code Analyzer Tool</a>
								</header>

							<!-- Content -->
								<section>
									<!-- Content -->
										<header class="major"><h2>Infolet Details</h2></header>
										<div class="table-wrapper">
											<table>
												<tbody>
													<tr>
														<td>Name</td>
														<td>MS_GRC_OBJC_Entp_List_Rpt_Inf (105601)</td>
													</tr>
													<tr>
														<td>SQL</td>
														<td><pre><code>SELECT OBJECT_ID  AS Objective_id,
  OBJECT_NAME     AS Objective_name,
  object_type,
  OBJECT_NAME_URL AS Objective_name_Url,
  Objective_Type,
  key_objective,
  Coso_Type,
  OBJECT_LEVEL,
  OBJECT_PARENT,
  OBJECT_STATUS,
  CREATED_date,
  CREATED_BY,
  UPDATED_date,
  UPDATED_BY,
  VALID_FROM,
  VALID_UNTIL,
  Description,
OWNER_ORG_NAMES,
OWNER_NAME,
  LEVEL_1_APPROVER,
  LEVEL_2_APPROVER,
  REL_DATA_LINK as REL_ORGANIZATION_NAMES,
  REL_DATA_LINK as REL_AOC_OBJ_NAME_AGG,
  REL_DATA_LINK as REL_ASSET_OBJ_NAME_AGG,
  REL_DATA_LINK as REL_ASSET_CLASS_OBJ_NAME_AGG,
  REL_DATA_LINK as REL_CTRL_OBJ_NAME_AGG,
  REL_DATA_LINK as REL_FIN_ACT_OBJ_NAME_AGG,
  REL_DATA_LINK as REL_FUNCTION_OBJ_NAME_AGG,
  REL_DATA_LINK as REL_OBJECTIVE_OBJ_NAME_AGG,
  REL_DATA_LINK as REL_PROCESS_OBJ_NAME_AGG,
  REL_DATA_LINK as REL_PRODUCT_NAME_AGG,
  REL_DATA_LINK as REL_REFRENCES_OBJ_NAME_AGG,
  REL_DATA_LINK as REL_REQUIREMENT_OBJ_NAME_AGG,
  REL_DATA_LINK as REL_RISK_OBJ_NAME_AGG
FROM MS_GRC_OBJC_ENTP_RV 
WHERE LOCALE =
  (SELECT LOCALE FROM si_users_t WHERE USER_NAME = :36
  )
AND NVL(is_orphan, 1)=NVL(:6,NVL(is_orphan,1))
AND EXISTS
    (Select column_value
    FROM TABLE(CAST(ms_grc_rep_browser_fil_denorm.fn_obj_report_filter(:1,:2,:3,:4,:5, :7,:8,:9,:10,:11,:12,:13,:14,:15,:16, :17,:18,:19,:20,:21,:22, :23,:24,:25,:26,NULL,:27,:28,NULL,:29,NULL,:30,NULL,:31,:32,NULL,:33,:34, :35,NULL,'MS_GRC_OBJECTIVES',:36) as ms_varchar2_array))
  WHERE column_value = OBJECT_ID) order by UPPER_OBJECT_NAME</code></pre></td>
													</tr>
													<tr>
														<td>Description</td>
														<td> MS_GRC_OBJC_Entp_List_Rpt_Inf </td>
													</tr>
												</tbody>
											</table>
										</div>

										<h2 align="center" id="content">Analysis Report</h2>
										<hr>
 										<header class="major"><h2>Plan hash value: 1507280365</h2></header>
										<pre><code>
 
------------------------------------------------------------------------------------------------------------------------
| Id  | Operation                               | Name                         | Rows  | Bytes | Cost (%CPU)| Time     |
------------------------------------------------------------------------------------------------------------------------
|   0 | SELECT STATEMENT                        |                              |     1 | 24772 |    57   (4)| 00:00:01 |
|   1 |  TABLE ACCESS BY INDEX ROWID            | MS_GRC_OBJECTIVES            |     1 |  2204 |     0   (0)| 00:00:01 |
|*  2 |   INDEX UNIQUE SCAN                     | MS_GRC_OBJECTIVES_PK         |     1 |       |     0   (0)| 00:00:01 |
|   3 |  TABLE ACCESS BY INDEX ROWID            | SI_USERS_T                   |     1 |    32 |     2   (0)| 00:00:01 |
<font style="background-color: lightblue; color: red">|*  4 |   INDEX SKIP SCAN                       | SI_USERS_T_N2                |     1 |       |     1   (0)| 00:00:01 |</font>
|   5 |  TABLE ACCESS BY INDEX ROWID            | SI_USERS_T                   |     1 |    32 |     2   (0)| 00:00:01 |
<font style="background-color: lightblue; color: red">|*  6 |   INDEX SKIP SCAN                       | SI_USERS_T_N2                |     1 |       |     1   (0)| 00:00:01 |</font>
|   7 |  TABLE ACCESS BY INDEX ROWID            | SI_USERS_T                   |     1 |    32 |     2   (0)| 00:00:01 |
<font style="background-color: lightblue; color: red">|*  8 |   INDEX SKIP SCAN                       | SI_USERS_T_N2                |     1 |       |     1   (0)| 00:00:01 |</font>
|   9 |  TABLE ACCESS BY INDEX ROWID            | SI_USERS_T                   |     1 |    32 |     2   (0)| 00:00:01 |
<font style="background-color: lightblue; color: red">|* 10 |   INDEX SKIP SCAN                       | SI_USERS_T_N2                |     1 |       |     1   (0)| 00:00:01 |</font>
|  11 |  SORT ORDER BY                          |                              |     1 | 24772 |    57   (4)| 00:00:01 |
|  12 |   NESTED LOOPS                          |                              |     1 | 24772 |    54   (2)| 00:00:01 |
|  13 |    NESTED LOOPS                         |                              |     1 | 15046 |    54   (2)| 00:00:01 |
<font style="background-color: lightblue; color: red">|  14 |     MERGE JOIN CARTESIAN                |                              |  8168 |  8558K|    54   (2)| 00:00:01 |</font>
|* 15 |      HASH JOIN OUTER                    |                              |     1 |  1071 |    25   (4)| 00:00:01 |
|* 16 |       HASH JOIN                         |                              |     1 |  1045 |    19   (6)| 00:00:01 |
<font style="background-color: lightblue; color: red">|* 17 |        TABLE ACCESS FULL                | MS_QS_LOV_NAMES              |     1 |    29 |     6   (0)| 00:00:01 |</font>
|  18 |        VIEW                             |                              |     6 |  6096 |    12   (0)| 00:00:01 |
<font style="background-color: lightblue; color: red">|  19 |         MERGE JOIN CARTESIAN            |                              |     6 |   222 |    12   (0)| 00:00:01 |</font>
<font style="background-color: lightblue; color: red">|* 20 |          TABLE ACCESS FULL              | MS_QS_LIST_OF_VALUES_T       |     2 |    62 |     8   (0)| 00:00:01 |</font>
|  21 |          BUFFER SORT                    |                              |     4 |    24 |     4   (0)| 00:00:01 |
<font style="background-color: lightblue; color: red">|* 22 |           TABLE ACCESS FULL             | SI_LOCALES                   |     4 |    24 |     2   (0)| 00:00:01 |</font>
<font style="background-color: lightblue; color: red">|  23 |       TABLE ACCESS FULL                 | MS_QS_LIST_OF_VALUES_TL      |  1160 | 30160 |     6   (0)| 00:00:01 |</font>
|  24 |      BUFFER SORT                        |                              |  8168 | 16336 |    48   (3)| 00:00:01 |
|  25 |       SORT UNIQUE                       |                              |  8168 | 16336 |    29   (0)| 00:00:01 |
<font style="background-color: lightblue; color: red">|  26 |        COLLECTION ITERATOR PICKLER FETCH| FN_OBJ_REPORT_FILTER         |  8168 | 16336 |    29   (0)| 00:00:01 |</font>
|* 27 |     INDEX UNIQUE SCAN                   | MS_GRC_OBJ_PK                |     1 | 13973 |     0   (0)| 00:00:01 |
|* 28 |      INDEX RANGE SCAN                   | MS_GRC_OBJC_SUMM_IDX1        |     1 |       |     0   (0)| 00:00:01 |
|* 29 |    TABLE ACCESS BY INDEX ROWID          | MS_GRC_OBJECTIVE_MLS_SUMMARY |     1 |  9726 |     0   (0)| 00:00:01 |
|* 30 |     INDEX RANGE SCAN                    | MS_GRC_OBJC_MLS_SUMM_IDX2    |     1 |       |     0   (0)| 00:00:01 |
|  31 |     TABLE ACCESS BY INDEX ROWID         | SI_USERS_T                   |     1 |    20 |     2   (0)| 00:00:01 |
<font style="background-color: lightblue; color: red">|* 32 |      INDEX SKIP SCAN                    | SI_USERS_T_N2                |     1 |       |     1   (0)| 00:00:01 |</font>
------------------------------------------------------------------------------------------------------------------------
 
										</code></pre>
 										<header class="major"><h2>Query Block Name / Object Alias (identified by operation id):</h2></header>
										<pre><code>
-------------------------------------------------------------
 
   1 - SEL$3        / OBJC@SEL$3
   2 - SEL$3        / OBJC@SEL$3
   3 - SEL$4        / USR@SEL$4
   4 - SEL$4        / USR@SEL$4
   5 - SEL$5        / USR@SEL$5
   6 - SEL$5        / USR@SEL$5
   7 - SEL$6        / USR@SEL$6
   8 - SEL$6        / USR@SEL$6
   9 - SEL$7        / USR@SEL$7
  10 - SEL$7        / USR@SEL$7
  11 - SEL$B1AF27E2
  17 - SEL$B1AF27E2 / LOVNAME@SEL$2
  18 - SEL$0EE6DB63 / X@SEL$8
  19 - SEL$0EE6DB63
  20 - SEL$0EE6DB63 / T@SEL$9
  22 - SEL$0EE6DB63 / SI_LOCALES@SEL$10
  23 - SEL$B1AF27E2 / TL@SEL$8
  26 - SEL$B1AF27E2 / KOKBF$0@SEL$13
  27 - SEL$B1AF27E2 / OBJSUMM@SEL$2
  28 - SEL$B1AF27E2 / OBJSUMM@SEL$2
  29 - SEL$B1AF27E2 / MLSSUMM@SEL$2
  30 - SEL$B1AF27E2 / MLSSUMM@SEL$2
  31 - SEL$11       / SI_USERS_T@SEL$11
  32 - SEL$11       / SI_USERS_T@SEL$11
 
										</code></pre>
 										<header class="major"><h2>Predicate Information (identified by operation id):</h2></header>
										<pre><code>
---------------------------------------------------
 
   2 - access("OBJC"."OBJECT_ID"=:B1)
   4 - access("USR"."USER_NAME"=:B1)
       filter("USR"."USER_NAME"=:B1)
   6 - access("USR"."USER_NAME"=:B1)
       filter("USR"."USER_NAME"=:B1)
   8 - access("USR"."USER_NAME"=:B1)
       filter("USR"."USER_NAME"=:B1)
  10 - access("USR"."USER_NAME"=:B1)
       filter("USR"."USER_NAME"=:B1)
  15 - access("X"."LOV_VALUE_ID"="TL"."LOV_VALUE_ID"(+) AND "X"."LOCALE_ID"="TL"."LOCALE_ID"(+))
  16 - access("X"."LOV_ID"="LOVNAME"."LOV_ID")
  17 - filter("LOVNAME"."LOV_NAME"='MS_GRC_LABLES')
  20 - filter("T"."STORED_VALUE"='CLICK_HERE' AND "T"."ORG_ENTITY_ID"=1)
  22 - filter("ENABLED_FLAG"='Y')
  27 - access("OBJSUMM"."OBJECT_ID"=VALUE(KOKBF$))
       filter(NVL("OBJSUMM"."IS_ORPHAN",1)=NVL(:6,NVL("OBJSUMM"."IS_ORPHAN",1)))
  28 - access("OBJSUMM"."OBJECT_ID"=VALUE(KOKBF$))
  29 - filter("MLSSUMM"."LOCALE"= (SELECT "LOCALE" FROM "SI_USERS_T" "SI_USERS_T" WHERE "USER_NAME"=:36))
  30 - access("OBJSUMM"."OBJECT_ID"="MLSSUMM"."OBJECT_ID")
       filter("X"."LOCALE_ID"=TO_NUMBER("MLSSUMM"."LOCALE_ID"))
  32 - access("USER_NAME"=:36)
       filter("USER_NAME"=:36)
 
										</code></pre>
 										<header class="major"><h2>Column Projection Information (identified by operation id):</h2></header>
										<pre><code>
-----------------------------------------------------------
 
   1 - "OBJC".ROWID[ROWID,10], "OBJECT_NAME"[VARCHAR2,4000]
   2 - "OBJC".ROWID[ROWID,10]
   3 - "USR".ROWID[ROWID,10], "USR"."LAST_NAME"[VARCHAR2,400], "USR"."FIRST_NAME"[VARCHAR2,400]
   4 - "USR".ROWID[ROWID,10]
   5 - "USR".ROWID[ROWID,10], "USR"."LAST_NAME"[VARCHAR2,400], "USR"."FIRST_NAME"[VARCHAR2,400]
   6 - "USR".ROWID[ROWID,10]
   7 - "USR".ROWID[ROWID,10], "USR"."LAST_NAME"[VARCHAR2,400], "USR"."FIRST_NAME"[VARCHAR2,400]
   8 - "USR".ROWID[ROWID,10]
   9 - "USR".ROWID[ROWID,10], "USR"."LAST_NAME"[VARCHAR2,400], "USR"."FIRST_NAME"[VARCHAR2,400]
  10 - "USR".ROWID[ROWID,10]
  11 - (#keys=1) "OBJSUMM"."UPPER_OBJECT_NAME"[VARCHAR2,3000], "OBJSUMM"."OBJECT_ID"[VARCHAR2,1600], 
       "OBJSUMM"."OBJECT_NAME"[VARCHAR2,4000], 'MS_GRC_OBJECTIVES'[17], "OBJSUMM"."OBJECT_NAME_URL"[VARCHAR2,4000], 
       "MLSSUMM"."OBJECTIVE_TYPE"[4000], "MLSSUMM"."KEY_OBJECTIVE"[VARCHAR2,1020], "MLSSUMM"."COSO_TYPE"[4000], 
       "MLSSUMM"."OBJECT_LEVEL"[VARCHAR2,4000],  (SELECT "OBJECT_NAME" FROM MAZARS_DEV."MS_GRC_OBJECTIVES" "OBJC" 
       WHERE "OBJC"."OBJECT_ID"=:B1)[4000], "MLSSUMM"."OBJECT_STATUS"[VARCHAR2,4000], 
       "OBJSUMM"."CREATED_DATE"[DATE,7],  (SELECT "USR"."FIRST_NAME"||' '||"USR"."LAST_NAME" FROM 
       MAZARS_DEV."SI_USERS_T" "USR" WHERE "USR"."USER_NAME"=:B2)[801], "OBJSUMM"."UPDATED_DATE"[DATE,7],  (SELECT 
       "USR"."FIRST_NAME"||' '||"USR"."LAST_NAME" FROM MAZARS_DEV."SI_USERS_T" "USR" WHERE 
       "USR"."USER_NAME"=:B3)[801], "OBJSUMM"."VALID_FROM"[DATE,7], "OBJSUMM"."VALID_UNTIL"[DATE,7], 
       "OBJSUMM"."DESCRIPTION"[4000], "OBJSUMM"."OWNER_ORG_NAMES"[4000], "OBJSUMM"."OWNER_NAME"[4000],  (SELECT 
       "USR"."FIRST_NAME"||' '||"USR"."LAST_NAME" FROM MAZARS_DEV."SI_USERS_T" "USR" WHERE 
       "USR"."USER_NAME"=:B4)[801],  (SELECT "USR"."FIRST_NAME"||' '||"USR"."LAST_NAME" FROM MAZARS_DEV."SI_USERS_T" 
       "USR" WHERE "USR"."USER_NAME"=:B5)[801], NVL("TL"."DISPLAYED_VALUE","X"."DISPLAYED_VALUE")[2000], 
       NVL("TL"."DISPLAYED_VALUE","X"."DISPLAYED_VALUE")[2000], 
       NVL("TL"."DISPLAYED_VALUE","X"."DISPLAYED_VALUE")[2000], 
       NVL("TL"."DISPLAYED_VALUE","X"."DISPLAYED_VALUE")[2000], 
       NVL("TL"."DISPLAYED_VALUE","X"."DISPLAYED_VALUE")[2000], 
       NVL("TL"."DISPLAYED_VALUE","X"."DISPLAYED_VALUE")[2000], 
       NVL("TL"."DISPLAYED_VALUE","X"."DISPLAYED_VALUE")[2000], 
       NVL("TL"."DISPLAYED_VALUE","X"."DISPLAYED_VALUE")[2000], 
       NVL("TL"."DISPLAYED_VALUE","X"."DISPLAYED_VALUE")[2000], 
       NVL("TL"."DISPLAYED_VALUE","X"."DISPLAYED_VALUE")[2000], 
       NVL("TL"."DISPLAYED_VALUE","X"."DISPLAYED_VALUE")[2000], 
       NVL("TL"."DISPLAYED_VALUE","X"."DISPLAYED_VALUE")[2000], NVL("TL"."DISPLAYED_VALUE","X"."DISPLAYED_VALUE")[2000]
  12 - (#keys=0) "X"."DISPLAYED_VALUE"[VARCHAR2,2000], "TL"."DISPLAYED_VALUE"[VARCHAR2,2000], 
       "OBJSUMM"."UPPER_OBJECT_NAME"[VARCHAR2,3000], "OBJSUMM"."OBJECT_ID"[VARCHAR2,1600], 
       "OBJSUMM"."OBJECT_NAME"[VARCHAR2,4000], "OBJSUMM"."PARENT"[VARCHAR2,1600], "OBJSUMM"."CREATED_DATE"[DATE,7], 
       "OBJSUMM"."CREATED_BY"[VARCHAR2,400], "OBJSUMM"."UPDATED_DATE"[DATE,7], "OBJSUMM"."UPDATED_BY"[VARCHAR2,400], 
       "OBJSUMM"."VALID_UNTIL"[DATE,7], "OBJSUMM"."VALID_FROM"[DATE,7], "OBJSUMM"."DESCRIPTION"[LOB,4000], 
       "OBJSUMM"."LEVEL_1_APPROVER"[VARCHAR2,400], "OBJSUMM"."LEVEL_2_APPROVER"[VARCHAR2,400], 
       "OBJSUMM"."OWNER_NAME"[LOB,4000], "OBJSUMM"."OWNER_ORG_NAMES"[LOB,4000], 
       "OBJSUMM"."OBJECT_NAME_URL"[VARCHAR2,4000], "MLSSUMM"."OBJECTIVE_TYPE"[LOB,4000], 
       "MLSSUMM"."COSO_TYPE"[LOB,4000], "MLSSUMM"."KEY_OBJECTIVE"[VARCHAR2,1020], 
       "MLSSUMM"."OBJECT_LEVEL"[VARCHAR2,4000], "MLSSUMM"."OBJECT_STATUS"[VARCHAR2,4000]
  13 - (#keys=0) "X"."LOCALE_ID"[NUMBER,22], "X"."DISPLAYED_VALUE"[VARCHAR2,2000], 
       "TL"."DISPLAYED_VALUE"[VARCHAR2,2000], "OBJSUMM"."UPPER_OBJECT_NAME"[VARCHAR2,3000], 
       "OBJSUMM"."OBJECT_ID"[VARCHAR2,1600], "OBJSUMM"."OBJECT_NAME"[VARCHAR2,4000], 
       "OBJSUMM"."PARENT"[VARCHAR2,1600], "OBJSUMM"."CREATED_DATE"[DATE,7], "OBJSUMM"."CREATED_BY"[VARCHAR2,400], 
       "OBJSUMM"."UPDATED_DATE"[DATE,7], "OBJSUMM"."UPDATED_BY"[VARCHAR2,400], "OBJSUMM"."VALID_UNTIL"[DATE,7], 
       "OBJSUMM"."VALID_FROM"[DATE,7], "OBJSUMM"."DESCRIPTION"[LOB,4000], "OBJSUMM"."LEVEL_1_APPROVER"[VARCHAR2,400], 
       "OBJSUMM"."LEVEL_2_APPROVER"[VARCHAR2,400], "OBJSUMM"."OWNER_NAME"[LOB,4000], 
       "OBJSUMM"."OWNER_ORG_NAMES"[LOB,4000], "OBJSUMM"."OBJECT_NAME_URL"[VARCHAR2,4000]
  14 - (#keys=0) "X"."LOCALE_ID"[NUMBER,22], "X"."DISPLAYED_VALUE"[VARCHAR2,2000], 
       "TL"."DISPLAYED_VALUE"[VARCHAR2,2000], VALUE(KOKBF$)[8000]
  15 - (#keys=2) "X"."LOCALE_ID"[NUMBER,22], "X"."DISPLAYED_VALUE"[VARCHAR2,2000], 
       "TL"."DISPLAYED_VALUE"[VARCHAR2,2000]
  16 - (#keys=1) "X"."LOV_VALUE_ID"[NUMBER,22], "X"."LOCALE_ID"[NUMBER,22], "X"."DISPLAYED_VALUE"[VARCHAR2,2000]
  17 - "LOVNAME"."LOV_ID"[NUMBER,22]
  18 - "X"."LOV_VALUE_ID"[NUMBER,22], "X"."LOV_ID"[NUMBER,22], "X"."DISPLAYED_VALUE"[VARCHAR2,2000], 
       "X"."LOCALE_ID"[NUMBER,22]
  19 - (#keys=0) "T"."LOV_VALUE_ID"[NUMBER,22], "T"."LOV_ID"[NUMBER,22], "T"."DISPLAYED_VALUE"[VARCHAR2,2000], 
       "LOCALE_ID"[NUMBER,22]
  20 - "T"."LOV_VALUE_ID"[NUMBER,22], "T"."LOV_ID"[NUMBER,22], "T"."DISPLAYED_VALUE"[VARCHAR2,2000]
  21 - (#keys=0) "LOCALE_ID"[NUMBER,22]
  22 - "LOCALE_ID"[NUMBER,22]
  23 - "TL"."LOV_VALUE_ID"[NUMBER,22], "TL"."DISPLAYED_VALUE"[VARCHAR2,2000], "TL"."LOCALE_ID"[NUMBER,22]
  24 - (#keys=0) VALUE(KOKBF$)[8000]
  25 - (#keys=1) VALUE(KOKBF$)[8000]
  26 - VALUE(A0)[8000]
  27 - "OBJSUMM"."UPPER_OBJECT_NAME"[VARCHAR2,3000], "OBJSUMM"."OBJECT_ID"[VARCHAR2,1600], 
       "OBJSUMM"."OBJECT_NAME"[VARCHAR2,4000], "OBJSUMM"."PARENT"[VARCHAR2,1600], "OBJSUMM"."CREATED_DATE"[DATE,7], 
       "OBJSUMM"."CREATED_BY"[VARCHAR2,400], "OBJSUMM"."UPDATED_DATE"[DATE,7], "OBJSUMM"."UPDATED_BY"[VARCHAR2,400], 
       "OBJSUMM"."VALID_UNTIL"[DATE,7], "OBJSUMM"."VALID_FROM"[DATE,7], "OBJSUMM"."DESCRIPTION"[LOB,4000], 
       "OBJSUMM"."LEVEL_1_APPROVER"[VARCHAR2,400], "OBJSUMM"."LEVEL_2_APPROVER"[VARCHAR2,400], 
       "OBJSUMM"."OWNER_NAME"[LOB,4000], "OBJSUMM"."OWNER_ORG_NAMES"[LOB,4000], 
       "OBJSUMM"."OBJECT_NAME_URL"[VARCHAR2,4000]
  28 - "OBJSUMM".ROWID[ROWID,3034], "OBJSUMM"."UPPER_OBJECT_NAME"[VARCHAR2,3000], "OBJ_SUMM_WID"[NUMBER,22], 
       "OBJSUMM"."OBJECT_ID"[VARCHAR2,1600], "OBJSUMM"."OBJECT_NAME"[VARCHAR2,4000], 
       "OBJSUMM"."PARENT"[VARCHAR2,1600], "OBJSUMM"."CREATED_DATE"[DATE,7], "OBJSUMM"."CREATED_BY"[VARCHAR2,400], 
       "OBJSUMM"."UPDATED_DATE"[DATE,7], "OBJSUMM"."UPDATED_BY"[VARCHAR2,400], "OBJSUMM"."VALID_UNTIL"[DATE,7], 
       "OBJSUMM"."VALID_FROM"[DATE,7], "OBJSUMM"."DESCRIPTION"[LOB,4000], "OBJSUMM"."LEVEL_1_APPROVER"[VARCHAR2,400], 
       "OBJSUMM"."LEVEL_2_APPROVER"[VARCHAR2,400], "OBJSUMM"."OWNER_NAME"[LOB,4000], 
       "OBJSUMM"."OWNER_ORG_NAMES"[LOB,4000], "OBJSUMM"."OBJECT_NAME_URL"[VARCHAR2,4000], 
       "OBJSUMM"."IS_ORPHAN"[NUMBER,22], "OBJSUMM".ROWID[ROWID,3034]
  29 - "MLSSUMM"."OBJECTIVE_TYPE"[LOB,4000], "MLSSUMM"."COSO_TYPE"[LOB,4000], 
       "MLSSUMM"."KEY_OBJECTIVE"[VARCHAR2,1020], "MLSSUMM"."OBJECT_LEVEL"[VARCHAR2,4000], 
       "MLSSUMM"."OBJECT_STATUS"[VARCHAR2,4000]
  30 - "MLSSUMM".ROWID[ROWID,10]
  31 - "SI_USERS_T".ROWID[ROWID,10], "LOCALE"[VARCHAR2,400]
  32 - "SI_USERS_T".ROWID[ROWID,10]
										</code></pre>
								</section>
						</div>
					</div>

				<!-- Sidebar -->
				<div id="sidebar">
					<div class="inner">
						<!-- Menu -->
						<nav id="menu">
							<header class="major">
								<h2>Menu</h2>
							</header>
							<ul>
								<li><a href="index.html">Summary</a></li>
								<li>
									<span class="opener">DB Analysis</span>
									<ul>
										<li><a href="union.html">Bad SQL</a></li>
										<li><a href="poor-sql.html">Poor SQL Plan</a></li>
										<li><a href="invalid-sql.html">Invalid SQL</a></li>
										<li><a href="full-sql.html">Full SQL Report</a></li>
										<li><a href="db-primary-unique-key.html">Primary/Unique Key Miss</a></li>
										<li><a href="invalid-db-object.html">Invalid DB Objects</a></li>
									</ul>
								</li>
								<li>
									<span class="opener">Infolets</span>
									<ul>
										<li><a href="keep-history-infolets.html">Keep History Infolets</a></li>
									</ul>
								</li>
								<li>
									<span class="opener">Pushforms</span>
									<ul>
										<li><a href="pushform-denormalize.html">Pushform Denormalized</a></li>
									</ul>
								</li>
							</ul>
						</nav>

						<!-- Section -->
						<section>
							<header class="major">
								<h2>Get in touch</h2>
							</header>
							<p>You need more details on the report or want more functionality, don't hesitate to reach out to us.</p>
							<ul class="contact">
								<li class="fa-envelope-o"><a href="mailto:rnd@metricstream.com?Subject=Reg - Static Code Analysis Tool" target="_top">rnd@metricstream.com</a></li>
							</ul>
						</section>

						<!-- Footer -->
						<footer id="footer">
							<p class="copyright">&copy; <a href="http://www.metricstream.com" target="_blank">MetricStream</a>. All rights reserved. </p>
						</footer>
					</div>
				</div>
			</div>

		<!-- Scripts -->
			<script src="../lib/assets/js/jquery.min.js"></script>
			<script src="../lib/assets/js/skel.min.js"></script>
			<script src="../lib/assets/js/util.js"></script>
			<!--[if lte IE 8]><script src="../lib/assets/js/ie/respond.min.js"></script><![endif]-->
			<script src="../lib/assets/js/main.js"></script>
	</body>
</html>