<!DOCTYPE HTML>
<html>
	<head>
		<title>Code Analysis - MetricStream</title>
		<meta charset="utf-8" />
		<meta name="viewport" content="width=device-width, initial-scale=1, user-scalable=no" />
		<!--[if lte IE 8]><script src="assets/js/ie/html5shiv.js"></script><![endif]-->
		<link rel="stylesheet" href="../lib/assets/css/main.css" />
		<!--[if lte IE 9]><link rel="stylesheet" href="../lib/assets/css/ie9.css" /><![endif]-->
		<!--[if lte IE 8]><link rel="stylesheet" href="../lib/assets/css/ie8.css" /><![endif]-->
	</head>
	<body>

		<!-- Wrapper -->
			<div id="wrapper">

				<!-- Main -->
					<div id="main">
						<div class="inner">
							<!-- Header -->
								<header id="header">
									<a href="index.html" class="logo"><strong>Static Code Analysis Report</strong> by Code Analyzer Tool</a>
								</header>

							<!-- Content -->
								<section>
									<!-- Content -->
										<header class="major"><h2>Infolet Details</h2></header>
										<div class="table-wrapper">
											<table>
												<tbody>
													<tr>
														<td>Name</td>
														<td>MS_GRC_PROC_Entp_List_Rpt_Inf (105606)</td>
													</tr>
													<tr>
														<td>SQL</td>
														<td><pre><code>SELECT Object_Id  AS OBJECT_ID,
  OBJECT_NAME_URL AS Object_Name,
  object_type,
  Object_Level,
  PARENT   AS Parent,
  TYPE     AS Type,
  CATEGORY AS category,
  STATUS   AS Obj_Status,
  CREATED_ON,
  CREATED_BY,
  UPDATED_ON,
  UPDATED_BY,
  Valid_From,
  Valid_Until,
  DESCRIPTION,
  OWNER_ORG_NAMES,
  owner_name,
  level_1_approver,
  level_2_approver,
  REL_DATA_LINK as Applies_To_Organizations,
  REL_DATA_LINK as Related_Areas_Of_Compliance,
  REL_DATA_LINK as Related_Assets,
  REL_DATA_LINK as Related_Control,
  REL_DATA_LINK as Related_Function,
  REL_DATA_LINK as Related_Objectives,
  REL_DATA_LINK as Related_Process,
  REL_DATA_LINK as Related_Products,
  REL_DATA_LINK as related_reference,
  REL_DATA_LINK as related_requirement,
  REL_DATA_LINK as Related_risks
FROM MS_GRC_PROC_ENTP_RV  RV
WHERE locale =
  (SELECT LOCALE FROM si_users_t WHERE USER_NAME = :33
  )
AND NVL(is_orphan, 1)=NVL(:4,NVL(is_orphan,1))
AND EXISTS
  (SELECT COLUMN_VALUE
  FROM TABLE(CAST(ms_grc_rep_browser_fil_denorm.fn_process_rpt_filter(:1, :2, :3, :5, :6, :7, :8, :9, :10, :11, :12, :13, :14, :15, :16, :17, :18, :19, :20, :21, :22, :23, :24, NULL, NULL, :25, NULL, NULL, :26, NULL, :27, NULL, :28, :29, NULL, :31, :30, :32, NULL, 'MS_GRC_PROCESS', :33)AS ms_varchar2_array))
  WHERE column_value = OBJECT_ID
  )ORDER BY upper(RV.OBJECT_NAME)</code></pre></td>
													</tr>
													<tr>
														<td>Description</td>
														<td> This infolet is used for fetching the Library data for Process Enterprise Report. It consists of the parameters specific to Process object and also the related library object parameters. It does not contain any mandatory parameter. </td>
													</tr>
												</tbody>
											</table>
										</div>

										<h2 align="center" id="content">Analysis Report</h2>
										<hr>
 										<header class="major"><h2>Plan hash value: 2610003616</h2></header>
										<pre><code>
 
---------------------------------------------------------------------------------------------------------------------
| Id  | Operation                              | Name                       | Rows  | Bytes | Cost (%CPU)| Time     |
---------------------------------------------------------------------------------------------------------------------
|   0 | SELECT STATEMENT                       |                            |     1 |  4223 |    61   (5)| 00:00:01 |
|   1 |  TABLE ACCESS BY INDEX ROWID           | SI_USERS_T                 |     1 |    32 |     2   (0)| 00:00:01 |
<font style="background-color: lightblue; color: red">|*  2 |   INDEX SKIP SCAN                      | SI_USERS_T_N2              |     1 |       |     1   (0)| 00:00:01 |</font>
|   3 |  TABLE ACCESS BY INDEX ROWID           | SI_USERS_T                 |     1 |    32 |     2   (0)| 00:00:01 |
<font style="background-color: lightblue; color: red">|*  4 |   INDEX SKIP SCAN                      | SI_USERS_T_N2              |     1 |       |     1   (0)| 00:00:01 |</font>
|   5 |  TABLE ACCESS BY INDEX ROWID           | SI_USERS_T                 |     1 |    32 |     2   (0)| 00:00:01 |
<font style="background-color: lightblue; color: red">|*  6 |   INDEX SKIP SCAN                      | SI_USERS_T_N2              |     1 |       |     1   (0)| 00:00:01 |</font>
|   7 |  TABLE ACCESS BY INDEX ROWID           | SI_USERS_T                 |     1 |    32 |     2   (0)| 00:00:01 |
<font style="background-color: lightblue; color: red">|*  8 |   INDEX SKIP SCAN                      | SI_USERS_T_N2              |     1 |       |     1   (0)| 00:00:01 |</font>
|   9 |  SORT ORDER BY                         |                            |     1 |  4223 |    61   (5)| 00:00:01 |
|* 10 |   HASH JOIN OUTER                      |                            |     1 |  4223 |    58   (4)| 00:00:01 |
|* 11 |    HASH JOIN                           |                            |     1 |  4197 |    51   (2)| 00:00:01 |
<font style="background-color: lightblue; color: red">|  12 |     MERGE JOIN CARTESIAN               |                            |     1 |  3181 |    39   (3)| 00:00:01 |</font>
|* 13 |      HASH JOIN SEMI                    |                            |     1 |  3152 |    33   (4)| 00:00:01 |
|  14 |       NESTED LOOPS                     |                            |     2 |  6300 |     3   (0)| 00:00:01 |
<font style="background-color: lightblue; color: red">|* 15 |        TABLE ACCESS FULL               | MS_GRC_PROCESS_MLS_SUMMARY |     2 |    94 |     3   (0)| 00:00:01 |</font>
|  16 |         TABLE ACCESS BY INDEX ROWID    | SI_USERS_T                 |     1 |    20 |     2   (0)| 00:00:01 |
<font style="background-color: lightblue; color: red">|* 17 |          INDEX SKIP SCAN               | SI_USERS_T_N2              |     1 |       |     1   (0)| 00:00:01 |</font>
|* 18 |        INDEX UNIQUE SCAN               | MS_GRC_PROC_PK             |     1 |  3103 |     0   (0)| 00:00:01 |
|* 19 |         INDEX RANGE SCAN               | MS_GRC_PROC_SUMM_IDX1      |     1 |       |     0   (0)| 00:00:01 |
<font style="background-color: lightblue; color: red">|  20 |       COLLECTION ITERATOR PICKLER FETCH| FN_PROCESS_RPT_FILTER      |  8168 | 16336 |    29   (0)| 00:00:01 |</font>
|  21 |      BUFFER SORT                       |                            |     1 |    29 |    10  (10)| 00:00:01 |
<font style="background-color: lightblue; color: red">|* 22 |       TABLE ACCESS FULL                | MS_QS_LOV_NAMES            |     1 |    29 |     6   (0)| 00:00:01 |</font>
|  23 |     VIEW                               |                            |     6 |  6096 |    12   (0)| 00:00:01 |
<font style="background-color: lightblue; color: red">|  24 |      MERGE JOIN CARTESIAN              |                            |     6 |   222 |    12   (0)| 00:00:01 |</font>
<font style="background-color: lightblue; color: red">|* 25 |       TABLE ACCESS FULL                | MS_QS_LIST_OF_VALUES_T     |     2 |    62 |     8   (0)| 00:00:01 |</font>
|  26 |       BUFFER SORT                      |                            |     4 |    24 |     4   (0)| 00:00:01 |
<font style="background-color: lightblue; color: red">|* 27 |        TABLE ACCESS FULL               | SI_LOCALES                 |     4 |    24 |     2   (0)| 00:00:01 |</font>
<font style="background-color: lightblue; color: red">|  28 |    TABLE ACCESS FULL                   | MS_QS_LIST_OF_VALUES_TL    |  1160 | 30160 |     6   (0)| 00:00:01 |</font>
---------------------------------------------------------------------------------------------------------------------
 
										</code></pre>
 										<header class="major"><h2>Query Block Name / Object Alias (identified by operation id):</h2></header>
										<pre><code>
-------------------------------------------------------------
 
   1 - SEL$3        / USR@SEL$3
   2 - SEL$3        / USR@SEL$3
   3 - SEL$4        / USR@SEL$4
   4 - SEL$4        / USR@SEL$4
   5 - SEL$5        / USR@SEL$5
   6 - SEL$5        / USR@SEL$5
   7 - SEL$6        / USR@SEL$6
   8 - SEL$6        / USR@SEL$6
   9 - SEL$EFF79BE2
  15 - SEL$EFF79BE2 / PROCMLSSUMM@SEL$2
  16 - SEL$10       / SI_USERS_T@SEL$10
  17 - SEL$10       / SI_USERS_T@SEL$10
  18 - SEL$EFF79BE2 / PROCSUMM@SEL$2
  19 - SEL$EFF79BE2 / PROCSUMM@SEL$2
  20 - SEL$EFF79BE2 / KOKBF$0@SEL$12
  22 - SEL$EFF79BE2 / LOVNAME@SEL$2
  23 - SEL$CF5359D5 / X@SEL$7
  24 - SEL$CF5359D5
  25 - SEL$CF5359D5 / T@SEL$8
  27 - SEL$CF5359D5 / SI_LOCALES@SEL$9
  28 - SEL$EFF79BE2 / TL@SEL$7
 
										</code></pre>
 										<header class="major"><h2>Predicate Information (identified by operation id):</h2></header>
										<pre><code>
---------------------------------------------------
 
   2 - access("USR"."USER_NAME"=:B1)
       filter("USR"."USER_NAME"=:B1)
   4 - access("USR"."USER_NAME"=:B1)
       filter("USR"."USER_NAME"=:B1)
   6 - access("USR"."USER_NAME"=:B1)
       filter("USR"."USER_NAME"=:B1)
   8 - access("USR"."USER_NAME"=:B1)
       filter("USR"."USER_NAME"=:B1)
  10 - access("X"."LOV_VALUE_ID"="TL"."LOV_VALUE_ID"(+) AND "X"."LOCALE_ID"="TL"."LOCALE_ID"(+))
  11 - access("X"."LOV_ID"="LOVNAME"."LOV_ID" AND "X"."LOCALE_ID"=TO_NUMBER("PROCMLSSUMM"."LOCALE_ID"))
  13 - access("PROCSUMM"."OBJECT_ID"=VALUE(KOKBF$))
  15 - filter("PROCMLSSUMM"."LOCALE"= (SELECT "LOCALE" FROM "SI_USERS_T" "SI_USERS_T" WHERE "USER_NAME"=:33))
  17 - access("USER_NAME"=:33)
       filter("USER_NAME"=:33)
  18 - access("PROCSUMM"."OBJECT_ID"="PROCMLSSUMM"."OBJECT_ID")
       filter(NVL("PROCSUMM"."IS_ORPHAN",1)=NVL(:4,NVL("PROCSUMM"."IS_ORPHAN",1)))
  19 - access("PROCSUMM"."OBJECT_ID"="PROCMLSSUMM"."OBJECT_ID")
  22 - filter("LOVNAME"."LOV_NAME"='MS_GRC_LABLES')
  25 - filter("T"."STORED_VALUE"='CLICK_HERE' AND "T"."ORG_ENTITY_ID"=1)
  27 - filter("ENABLED_FLAG"='Y')
 
										</code></pre>
 										<header class="major"><h2>Column Projection Information (identified by operation id):</h2></header>
										<pre><code>
-----------------------------------------------------------
 
   1 - "USR".ROWID[ROWID,10], "USR"."LAST_NAME"[VARCHAR2,400], "USR"."FIRST_NAME"[VARCHAR2,400]
   2 - "USR".ROWID[ROWID,10]
   3 - "USR".ROWID[ROWID,10], "USR"."LAST_NAME"[VARCHAR2,400], "USR"."FIRST_NAME"[VARCHAR2,400]
   4 - "USR".ROWID[ROWID,10]
   5 - "USR".ROWID[ROWID,10], "USR"."LAST_NAME"[VARCHAR2,400], "USR"."FIRST_NAME"[VARCHAR2,400]
   6 - "USR".ROWID[ROWID,10]
   7 - "USR".ROWID[ROWID,10], "USR"."LAST_NAME"[VARCHAR2,400], "USR"."FIRST_NAME"[VARCHAR2,400]
   8 - "USR".ROWID[ROWID,10]
   9 - (#keys=1) UPPER("PROCSUMM"."OBJECT_NAME")[4000], "PROCSUMM"."OBJECT_ID"[VARCHAR2,1600], 
       "PROCSUMM"."OBJECT_NAME_URL"[VARCHAR2,4000], 'MS_GRC_PROCESS'[14], 
       "PROCMLSSUMM"."OBJECT_LEVEL"[VARCHAR2,1600], "PROCSUMM"."OBJ_PARENT"[VARCHAR2,4000], 
       "PROCMLSSUMM"."PROCESS_TYPE"[VARCHAR2,4000], "PROCMLSSUMM"."PROCESS_CATEGORY"[VARCHAR2,4000], 
       "PROCMLSSUMM"."OBJECT_STATUS"[VARCHAR2,4000], "PROCSUMM"."CREATED_ON"[DATE,7],  (SELECT 
       "USR"."FIRST_NAME"||' '||"USR"."LAST_NAME" FROM MAZARS_DEV."SI_USERS_T" "USR" WHERE 
       "USR"."USER_NAME"=:B1)[801], "PROCSUMM"."UPDATED_ON"[DATE,7],  (SELECT "USR"."FIRST_NAME"||' 
       '||"USR"."LAST_NAME" FROM MAZARS_DEV."SI_USERS_T" "USR" WHERE "USR"."USER_NAME"=:B2)[801], 
       "PROCSUMM"."VALID_FROM"[DATE,7], "PROCSUMM"."VALID_UNTIL"[DATE,7], "PROCSUMM"."DESCRIPTION"[4000], 
       "PROCSUMM"."OWNER_ORG_NAMES"[4000], "PROCSUMM"."OWNER_NAME"[4000],  (SELECT "USR"."FIRST_NAME"||' 
       '||"USR"."LAST_NAME" FROM MAZARS_DEV."SI_USERS_T" "USR" WHERE "USR"."USER_NAME"=:B3)[801],  (SELECT 
       "USR"."FIRST_NAME"||' '||"USR"."LAST_NAME" FROM MAZARS_DEV."SI_USERS_T" "USR" WHERE 
       "USR"."USER_NAME"=:B4)[801], NVL("TL"."DISPLAYED_VALUE","X"."DISPLAYED_VALUE")[2000], 
       NVL("TL"."DISPLAYED_VALUE","X"."DISPLAYED_VALUE")[2000], 
       NVL("TL"."DISPLAYED_VALUE","X"."DISPLAYED_VALUE")[2000], 
       NVL("TL"."DISPLAYED_VALUE","X"."DISPLAYED_VALUE")[2000], 
       NVL("TL"."DISPLAYED_VALUE","X"."DISPLAYED_VALUE")[2000], 
       NVL("TL"."DISPLAYED_VALUE","X"."DISPLAYED_VALUE")[2000], 
       NVL("TL"."DISPLAYED_VALUE","X"."DISPLAYED_VALUE")[2000], 
       NVL("TL"."DISPLAYED_VALUE","X"."DISPLAYED_VALUE")[2000], 
       NVL("TL"."DISPLAYED_VALUE","X"."DISPLAYED_VALUE")[2000], 
       NVL("TL"."DISPLAYED_VALUE","X"."DISPLAYED_VALUE")[2000], 
       NVL("TL"."DISPLAYED_VALUE","X"."DISPLAYED_VALUE")[2000]
  10 - (#keys=2) "X"."DISPLAYED_VALUE"[VARCHAR2,2000], "PROCSUMM"."OBJECT_ID"[VARCHAR2,1600], 
       "PROCMLSSUMM"."PROCESS_CATEGORY"[VARCHAR2,4000], "PROCMLSSUMM"."PROCESS_TYPE"[VARCHAR2,4000], 
       "PROCMLSSUMM"."OBJECT_STATUS"[VARCHAR2,4000], "PROCMLSSUMM"."OBJECT_LEVEL"[VARCHAR2,1600], 
       "PROCSUMM"."OBJECT_NAME"[VARCHAR2,4000], "PROCSUMM"."OBJ_PARENT"[VARCHAR2,4000], 
       "PROCSUMM"."LEVEL_1_APPROVER"[VARCHAR2,400], "PROCSUMM"."LEVEL_2_APPROVER"[VARCHAR2,400], 
       "PROCSUMM"."VALID_UNTIL"[DATE,7], "PROCSUMM"."VALID_FROM"[DATE,7], "PROCSUMM"."DESCRIPTION"[LOB,4000], 
       "PROCSUMM"."OBJECT_NAME_URL"[VARCHAR2,4000], "PROCSUMM"."OWNER_NAME"[LOB,4000], 
       "PROCSUMM"."OWNER_ORG_NAMES"[LOB,4000], "PROCSUMM"."CREATED_ON"[DATE,7], 
       "PROCSUMM"."CREATED_BY"[VARCHAR2,400], "PROCSUMM"."UPDATED_ON"[DATE,7], 
       "PROCSUMM"."UPDATED_BY"[VARCHAR2,400], "TL"."DISPLAYED_VALUE"[VARCHAR2,2000]
  11 - (#keys=2) "LOVNAME"."LOV_ID"[NUMBER,22], "X"."LOV_ID"[NUMBER,22], 
       TO_NUMBER("PROCMLSSUMM"."LOCALE_ID")[22], "X"."LOCALE_ID"[NUMBER,22], "PROCSUMM"."OBJECT_ID"[VARCHAR2,1600], 
       VALUE(KOKBF$)[8000], "PROCMLSSUMM"."OBJECT_ID"[VARCHAR2,1600], "PROCMLSSUMM"."LOCALE_ID"[VARCHAR2,400], 
       "PROCMLSSUMM"."LOCALE"[VARCHAR2,400], "PROCMLSSUMM"."PROCESS_CATEGORY"[VARCHAR2,4000], 
       "PROCMLSSUMM"."PROCESS_TYPE"[VARCHAR2,4000], "PROCMLSSUMM"."OBJECT_STATUS"[VARCHAR2,4000], 
       "PROCMLSSUMM"."OBJECT_LEVEL"[VARCHAR2,1600], "PROCSUMM".ROWID[ROWID,3034], 
       "UPPER_OBJECT_NAME"[VARCHAR2,3000], "OBJ_SUMM_WID"[NUMBER,22], "PROCSUMM".ROWID[ROWID,3034], 
       "PROCSUMM"."OBJECT_NAME"[VARCHAR2,4000], "PROCSUMM"."OBJ_PARENT"[VARCHAR2,4000], 
       "PROCSUMM"."LEVEL_1_APPROVER"[VARCHAR2,400], "PROCSUMM"."LEVEL_2_APPROVER"[VARCHAR2,400], 
       "PROCSUMM"."VALID_UNTIL"[DATE,7], "PROCSUMM"."VALID_FROM"[DATE,7], "PROCSUMM"."DESCRIPTION"[LOB,4000], 
       "PROCSUMM"."OBJECT_NAME_URL"[VARCHAR2,4000], "PROCSUMM"."OWNER_NAME"[LOB,4000], 
       "PROCSUMM"."OWNER_ORG_NAMES"[LOB,4000], "PROCSUMM"."CREATED_ON"[DATE,7], 
       "PROCSUMM"."CREATED_BY"[VARCHAR2,400], "PROCSUMM"."UPDATED_ON"[DATE,7], 
       "PROCSUMM"."UPDATED_BY"[VARCHAR2,400], "PROCSUMM"."IS_ORPHAN"[NUMBER,22], 
       "LOVNAME"."LOV_NAME"[VARCHAR2,100], "X"."LOV_VALUE_ID"[NUMBER,22], "X"."DISPLAYED_VALUE"[VARCHAR2,2000]
  12 - (#keys=0) "PROCSUMM"."OBJECT_ID"[VARCHAR2,1600], VALUE(KOKBF$)[8000], 
       "PROCMLSSUMM"."OBJECT_ID"[VARCHAR2,1600], "PROCMLSSUMM"."LOCALE_ID"[VARCHAR2,400], 
       "PROCMLSSUMM"."LOCALE"[VARCHAR2,400], "PROCMLSSUMM"."PROCESS_CATEGORY"[VARCHAR2,4000], 
       "PROCMLSSUMM"."PROCESS_TYPE"[VARCHAR2,4000], "PROCMLSSUMM"."OBJECT_STATUS"[VARCHAR2,4000], 
       "PROCMLSSUMM"."OBJECT_LEVEL"[VARCHAR2,1600], "PROCSUMM".ROWID[ROWID,3034], 
       "UPPER_OBJECT_NAME"[VARCHAR2,3000], "OBJ_SUMM_WID"[NUMBER,22], "PROCSUMM".ROWID[ROWID,3034], 
       "PROCSUMM"."OBJECT_NAME"[VARCHAR2,4000], "PROCSUMM"."OBJ_PARENT"[VARCHAR2,4000], 
       "PROCSUMM"."LEVEL_1_APPROVER"[VARCHAR2,400], "PROCSUMM"."LEVEL_2_APPROVER"[VARCHAR2,400], 
       "PROCSUMM"."VALID_UNTIL"[DATE,7], "PROCSUMM"."VALID_FROM"[DATE,7], "PROCSUMM"."DESCRIPTION"[LOB,4000], 
       "PROCSUMM"."OBJECT_NAME_URL"[VARCHAR2,4000], "PROCSUMM"."OWNER_NAME"[LOB,4000], 
       "PROCSUMM"."OWNER_ORG_NAMES"[LOB,4000], "PROCSUMM"."CREATED_ON"[DATE,7], 
       "PROCSUMM"."CREATED_BY"[VARCHAR2,400], "PROCSUMM"."UPDATED_ON"[DATE,7], 
       "PROCSUMM"."UPDATED_BY"[VARCHAR2,400], "PROCSUMM"."IS_ORPHAN"[NUMBER,22], 
       "LOVNAME"."LOV_NAME"[VARCHAR2,100], "LOVNAME"."LOV_ID"[NUMBER,22]
  13 - (#keys=1) "PROCSUMM"."OBJECT_ID"[VARCHAR2,1600], VALUE(KOKBF$)[8000], 
       "PROCMLSSUMM"."OBJECT_ID"[VARCHAR2,1600], "PROCMLSSUMM"."LOCALE_ID"[VARCHAR2,400], 
       "PROCMLSSUMM"."LOCALE"[VARCHAR2,400], "PROCMLSSUMM"."PROCESS_CATEGORY"[VARCHAR2,4000], 
       "PROCMLSSUMM"."PROCESS_TYPE"[VARCHAR2,4000], "PROCMLSSUMM"."OBJECT_STATUS"[VARCHAR2,4000], 
       "PROCMLSSUMM"."OBJECT_LEVEL"[VARCHAR2,1600], "PROCSUMM".ROWID[ROWID,3034], 
       "UPPER_OBJECT_NAME"[VARCHAR2,3000], "OBJ_SUMM_WID"[NUMBER,22], "PROCSUMM".ROWID[ROWID,3034], 
       "PROCSUMM"."OBJECT_NAME"[VARCHAR2,4000], "PROCSUMM"."OBJ_PARENT"[VARCHAR2,4000], 
       "PROCSUMM"."LEVEL_1_APPROVER"[VARCHAR2,400], "PROCSUMM"."LEVEL_2_APPROVER"[VARCHAR2,400], 
       "PROCSUMM"."VALID_UNTIL"[DATE,7], "PROCSUMM"."VALID_FROM"[DATE,7], "PROCSUMM"."DESCRIPTION"[LOB,4000], 
       "PROCSUMM"."OBJECT_NAME_URL"[VARCHAR2,4000], "PROCSUMM"."OWNER_NAME"[LOB,4000], 
       "PROCSUMM"."OWNER_ORG_NAMES"[LOB,4000], "PROCSUMM"."CREATED_ON"[DATE,7], 
       "PROCSUMM"."CREATED_BY"[VARCHAR2,400], "PROCSUMM"."UPDATED_ON"[DATE,7], 
       "PROCSUMM"."UPDATED_BY"[VARCHAR2,400], "PROCSUMM"."IS_ORPHAN"[NUMBER,22]
  14 - (#keys=0) "PROCMLSSUMM"."OBJECT_ID"[VARCHAR2,1600], "PROCMLSSUMM"."LOCALE_ID"[VARCHAR2,400], 
       "PROCMLSSUMM"."LOCALE"[VARCHAR2,400], "PROCMLSSUMM"."PROCESS_CATEGORY"[VARCHAR2,4000], 
       "PROCMLSSUMM"."PROCESS_TYPE"[VARCHAR2,4000], "PROCMLSSUMM"."OBJECT_STATUS"[VARCHAR2,4000], 
       "PROCMLSSUMM"."OBJECT_LEVEL"[VARCHAR2,1600], "PROCSUMM".ROWID[ROWID,3034], 
       "UPPER_OBJECT_NAME"[VARCHAR2,3000], "OBJ_SUMM_WID"[NUMBER,22], "PROCSUMM"."OBJECT_ID"[VARCHAR2,1600], 
       "PROCSUMM"."OBJECT_NAME"[VARCHAR2,4000], "PROCSUMM"."OBJ_PARENT"[VARCHAR2,4000], 
       "PROCSUMM"."LEVEL_1_APPROVER"[VARCHAR2,400], "PROCSUMM"."LEVEL_2_APPROVER"[VARCHAR2,400], 
       "PROCSUMM"."VALID_UNTIL"[DATE,7], "PROCSUMM"."VALID_FROM"[DATE,7], "PROCSUMM"."DESCRIPTION"[LOB,4000], 
       "PROCSUMM"."OBJECT_NAME_URL"[VARCHAR2,4000], "PROCSUMM"."OWNER_NAME"[LOB,4000], 
       "PROCSUMM"."OWNER_ORG_NAMES"[LOB,4000], "PROCSUMM"."CREATED_ON"[DATE,7], 
       "PROCSUMM"."CREATED_BY"[VARCHAR2,400], "PROCSUMM"."UPDATED_ON"[DATE,7], 
       "PROCSUMM"."UPDATED_BY"[VARCHAR2,400], "PROCSUMM"."IS_ORPHAN"[NUMBER,22], "PROCSUMM".ROWID[ROWID,3034]
  15 - "PROCMLSSUMM"."OBJECT_ID"[VARCHAR2,1600], "PROCMLSSUMM"."LOCALE_ID"[VARCHAR2,400], 
       "PROCMLSSUMM"."LOCALE"[VARCHAR2,400], "PROCMLSSUMM"."PROCESS_CATEGORY"[VARCHAR2,4000], 
       "PROCMLSSUMM"."PROCESS_TYPE"[VARCHAR2,4000], "PROCMLSSUMM"."OBJECT_STATUS"[VARCHAR2,4000], 
       "PROCMLSSUMM"."OBJECT_LEVEL"[VARCHAR2,1600]
  16 - "SI_USERS_T".ROWID[ROWID,10], "USER_NAME"[VARCHAR2,320], "LOCALE"[VARCHAR2,400]
  17 - "SI_USERS_T".ROWID[ROWID,10], "USER_NAME"[VARCHAR2,320]
  18 - "PROCSUMM".ROWID[ROWID,3034], "UPPER_OBJECT_NAME"[VARCHAR2,3000], "OBJ_SUMM_WID"[NUMBER,22], 
       "PROCSUMM"."OBJECT_ID"[VARCHAR2,1600], "PROCSUMM"."OBJECT_NAME"[VARCHAR2,4000], 
       "PROCSUMM"."OBJ_PARENT"[VARCHAR2,4000], "PROCSUMM"."LEVEL_1_APPROVER"[VARCHAR2,400], 
       "PROCSUMM"."LEVEL_2_APPROVER"[VARCHAR2,400], "PROCSUMM"."VALID_UNTIL"[DATE,7], 
       "PROCSUMM"."VALID_FROM"[DATE,7], "PROCSUMM"."DESCRIPTION"[LOB,4000], 
       "PROCSUMM"."OBJECT_NAME_URL"[VARCHAR2,4000], "PROCSUMM"."OWNER_NAME"[LOB,4000], 
       "PROCSUMM"."OWNER_ORG_NAMES"[LOB,4000], "PROCSUMM"."CREATED_ON"[DATE,7], 
       "PROCSUMM"."CREATED_BY"[VARCHAR2,400], "PROCSUMM"."UPDATED_ON"[DATE,7], 
       "PROCSUMM"."UPDATED_BY"[VARCHAR2,400], "PROCSUMM"."IS_ORPHAN"[NUMBER,22], "PROCSUMM".ROWID[ROWID,3034]
  19 - "PROCSUMM".ROWID[ROWID,3034], "UPPER_OBJECT_NAME"[VARCHAR2,3000], "OBJ_SUMM_WID"[NUMBER,22], 
       "PROCSUMM"."OBJECT_ID"[VARCHAR2,1600], "PROCSUMM"."OBJECT_NAME"[VARCHAR2,4000], 
       "PROCSUMM"."OBJ_PARENT"[VARCHAR2,4000], "PROCSUMM"."LEVEL_1_APPROVER"[VARCHAR2,400], 
       "PROCSUMM"."LEVEL_2_APPROVER"[VARCHAR2,400], "PROCSUMM"."VALID_UNTIL"[DATE,7], 
       "PROCSUMM"."VALID_FROM"[DATE,7], "PROCSUMM"."DESCRIPTION"[LOB,4000], 
       "PROCSUMM"."OBJECT_NAME_URL"[VARCHAR2,4000], "PROCSUMM"."OWNER_NAME"[LOB,4000], 
       "PROCSUMM"."OWNER_ORG_NAMES"[LOB,4000], "PROCSUMM"."CREATED_ON"[DATE,7], 
       "PROCSUMM"."CREATED_BY"[VARCHAR2,400], "PROCSUMM"."UPDATED_ON"[DATE,7], 
       "PROCSUMM"."UPDATED_BY"[VARCHAR2,400], "PROCSUMM"."IS_ORPHAN"[NUMBER,22], "PROCSUMM".ROWID[ROWID,3034]
  20 - VALUE(A0)[8000]
  21 - (#keys=0) "LOVNAME"."LOV_NAME"[VARCHAR2,100], "LOVNAME"."LOV_ID"[NUMBER,22]
  22 - "LOVNAME"."LOV_NAME"[VARCHAR2,100], "LOVNAME"."LOV_ID"[NUMBER,22]
  23 - "X"."LOV_VALUE_ID"[NUMBER,22], "X"."LOV_ID"[NUMBER,22], "X"."DISPLAYED_VALUE"[VARCHAR2,2000], 
       "X"."LOCALE_ID"[NUMBER,22]
  24 - (#keys=0) "T"."LOV_VALUE_ID"[NUMBER,22], "T"."LOV_ID"[NUMBER,22], "T"."ORG_ENTITY_ID"[NUMBER,22], 
       "T"."STORED_VALUE"[VARCHAR2,100], "T"."DISPLAYED_VALUE"[VARCHAR2,2000], "LOCALE_ID"[NUMBER,22], 
       "ENABLED_FLAG"[VARCHAR2,1]
  25 - "T"."LOV_VALUE_ID"[NUMBER,22], "T"."LOV_ID"[NUMBER,22], "T"."ORG_ENTITY_ID"[NUMBER,22], 
       "T"."STORED_VALUE"[VARCHAR2,100], "T"."DISPLAYED_VALUE"[VARCHAR2,2000]
  26 - (#keys=0) "LOCALE_ID"[NUMBER,22], "ENABLED_FLAG"[VARCHAR2,1]
  27 - "LOCALE_ID"[NUMBER,22], "ENABLED_FLAG"[VARCHAR2,1]
  28 - "TL"."LOV_VALUE_ID"[NUMBER,22], "TL"."DISPLAYED_VALUE"[VARCHAR2,2000], "TL"."LOCALE_ID"[NUMBER,22]
										</code></pre>
								</section>
						</div>
					</div>

				<!-- Sidebar -->
				<div id="sidebar">
					<div class="inner">
						<!-- Menu -->
						<nav id="menu">
							<header class="major">
								<h2>Menu</h2>
							</header>
							<ul>
								<li><a href="index.html">Summary</a></li>
								<li>
									<span class="opener">DB Analysis</span>
									<ul>
										<li><a href="union.html">Bad SQL</a></li>
										<li><a href="poor-sql.html">Poor SQL Plan</a></li>
										<li><a href="invalid-sql.html">Invalid SQL</a></li>
										<li><a href="full-sql.html">Full SQL Report</a></li>
										<li><a href="db-primary-unique-key.html">Primary/Unique Key Miss</a></li>
										<li><a href="invalid-db-object.html">Invalid DB Objects</a></li>
									</ul>
								</li>
								<li>
									<span class="opener">Infolets</span>
									<ul>
										<li><a href="keep-history-infolets.html">Keep History Infolets</a></li>
									</ul>
								</li>
								<li>
									<span class="opener">Pushforms</span>
									<ul>
										<li><a href="pushform-denormalize.html">Pushform Denormalized</a></li>
									</ul>
								</li>
							</ul>
						</nav>

						<!-- Section -->
						<section>
							<header class="major">
								<h2>Get in touch</h2>
							</header>
							<p>You need more details on the report or want more functionality, don't hesitate to reach out to us.</p>
							<ul class="contact">
								<li class="fa-envelope-o"><a href="mailto:rnd@metricstream.com?Subject=Reg - Static Code Analysis Tool" target="_top">rnd@metricstream.com</a></li>
							</ul>
						</section>

						<!-- Footer -->
						<footer id="footer">
							<p class="copyright">&copy; <a href="http://www.metricstream.com" target="_blank">MetricStream</a>. All rights reserved. </p>
						</footer>
					</div>
				</div>
			</div>

		<!-- Scripts -->
			<script src="../lib/assets/js/jquery.min.js"></script>
			<script src="../lib/assets/js/skel.min.js"></script>
			<script src="../lib/assets/js/util.js"></script>
			<!--[if lte IE 8]><script src="../lib/assets/js/ie/respond.min.js"></script><![endif]-->
			<script src="../lib/assets/js/main.js"></script>
	</body>
</html>