<!DOCTYPE HTML>
<html>
	<head>
		<title>Code Analysis - MetricStream</title>
		<meta charset="utf-8" />
		<meta name="viewport" content="width=device-width, initial-scale=1, user-scalable=no" />
		<!--[if lte IE 8]><script src="assets/js/ie/html5shiv.js"></script><![endif]-->
		<link rel="stylesheet" href="../lib/assets/css/main.css" />
		<!--[if lte IE 9]><link rel="stylesheet" href="../lib/assets/css/ie9.css" /><![endif]-->
		<!--[if lte IE 8]><link rel="stylesheet" href="../lib/assets/css/ie8.css" /><![endif]-->
	</head>
	<body>

		<!-- Wrapper -->
			<div id="wrapper">

				<!-- Main -->
					<div id="main">
						<div class="inner">
							<!-- Header -->
								<header id="header">
									<a href="index.html" class="logo"><strong>Static Code Analysis Report</strong> by Code Analyzer Tool</a>
								</header>

							<!-- Content -->
								<section>
									<!-- Content -->
										<header class="major"><h2>Infolet Details</h2></header>
										<div class="table-wrapper">
											<table>
												<tbody>
													<tr>
														<td>Name</td>
														<td>MS_GRC_ORG_Drilldown_Rpt_Inf (105602)</td>
													</tr>
													<tr>
														<td>SQL</td>
														<td><pre><code>SELECT aocTgt.org_entity_id as ORG_ID , aocTgt.org_entity_name AS ORG_NAME FROM (SELECT DISTINCT tgt_obj_id, Src_Obj_Id  FROM ms_grc_orb_relations_pub_v vw
WHERE vw.tgt_obj_type = 'MS_GRC_ORGANIZATION' AND vw.src_obj_type = :1) inn, si_org_entities aocTgt  WHERE inn.Src_Obj_Id = :2 and inn.tgt_obj_id = aocTgt.org_entity_id</code></pre></td>
													</tr>
													<tr>
														<td>Description</td>
														<td> This drill-down report fetches related organisations. </td>
													</tr>
												</tbody>
											</table>
										</div>

										<h2 align="center" id="content">Analysis Report</h2>
										<hr>
 										<header class="major"><h2>Plan hash value: 3255786926</h2></header>
										<pre><code>
 
----------------------------------------------------------------------------------------------------------------------
| Id  | Operation                            | Name                          | Rows  | Bytes | Cost (%CPU)| Time     |
----------------------------------------------------------------------------------------------------------------------
|   0 | SELECT STATEMENT                     |                               |     2 |  2082 |     8  (13)| 00:00:01 |
|   1 |  NESTED LOOPS                        |                               |       |       |            |          |
|   2 |   NESTED LOOPS                       |                               |     2 |  2082 |     8  (13)| 00:00:01 |
|   3 |    VIEW                              |                               |     2 |  2048 |     4  (25)| 00:00:01 |
|   4 |     SORT UNIQUE                      |                               |     2 |  1060 |     4  (25)| 00:00:01 |
|   5 |      VIEW                            | MS_GRC_ORB_RELATIONS_PUB_V    |     2 |  1060 |     3   (0)| 00:00:01 |
|   6 |       UNION-ALL                      |                               |       |       |            |          |
|   7 |        NESTED LOOPS                  |                               |       |       |            |          |
|   8 |         NESTED LOOPS                 |                               |     1 |  1607 |     2   (0)| 00:00:01 |
|   9 |          NESTED LOOPS                |                               |     1 |  1581 |     2   (0)| 00:00:01 |
<font style="background-color: lightblue; color: red">|  10 |           TABLE ACCESS FULL          | MS_GRC_ORB_RELATIONS_ORB      |     1 |  1536 |     2   (0)| 00:00:01 |</font>
|* 11 |           TABLE ACCESS BY INDEX ROWID| MS_GRC_REL_DEFN               |     1 |    45 |     0   (0)| 00:00:01 |
|* 12 |            INDEX UNIQUE SCAN         | MS_GRC_REL_DEFN_PK            |     1 |       |     0   (0)| 00:00:01 |
|* 13 |          INDEX UNIQUE SCAN           | MS_GRC_ORB_RELATIONS_PK       |     1 |       |     0   (0)| 00:00:01 |
|* 14 |         TABLE ACCESS BY INDEX ROWID  | MS_GRC_ORB_RELATIONS          |     1 |    26 |     0   (0)| 00:00:01 |
|  15 |        NESTED LOOPS                  |                               |       |       |            |          |
|  16 |         NESTED LOOPS                 |                               |     1 |  1607 |     1   (0)| 00:00:01 |
|  17 |          NESTED LOOPS                |                               |     1 |  1581 |     1   (0)| 00:00:01 |
|  18 |           TABLE ACCESS BY INDEX ROWID| MS_GRC_ORB_RELATIONS_ORB      |     1 |  1536 |     1   (0)| 00:00:01 |
|* 19 |            INDEX RANGE SCAN          | MS_GRC_ORB_RELATIONS_ORB_IDX1 |     1 |       |     1   (0)| 00:00:01 |
|* 20 |           TABLE ACCESS BY INDEX ROWID| MS_GRC_REL_DEFN               |     1 |    45 |     0   (0)| 00:00:01 |
|* 21 |            INDEX UNIQUE SCAN         | MS_GRC_REL_DEFN_PK            |     1 |       |     0   (0)| 00:00:01 |
|* 22 |          INDEX UNIQUE SCAN           | MS_GRC_ORB_RELATIONS_PK       |     1 |       |     0   (0)| 00:00:01 |
|  23 |         TABLE ACCESS BY INDEX ROWID  | MS_GRC_ORB_RELATIONS          |     1 |    26 |     0   (0)| 00:00:01 |
|* 24 |    INDEX RANGE SCAN                  | SI_ORG_ENTITIES_N5            |     1 |       |     1   (0)| 00:00:01 |
|  25 |   TABLE ACCESS BY INDEX ROWID        | SI_ORG_ENTITIES_T             |     1 |    17 |     2   (0)| 00:00:01 |
----------------------------------------------------------------------------------------------------------------------
 
										</code></pre>
 										<header class="major"><h2>Query Block Name / Object Alias (identified by operation id):</h2></header>
										<pre><code>
-------------------------------------------------------------
 
   1 - SEL$66276EDA
   3 - SEL$2        / INN@SEL$1
   4 - SEL$2       
   5 - SET$1        / VW@SEL$2
   6 - SET$1       
   7 - SEL$3       
  10 - SEL$3        / REL_ORB@SEL$3
  11 - SEL$3        / DEFN@SEL$3
  12 - SEL$3        / DEFN@SEL$3
  13 - SEL$3        / REL@SEL$3
  14 - SEL$3        / REL@SEL$3
  15 - SEL$4       
  18 - SEL$4        / REL_ORB@SEL$4
  19 - SEL$4        / REL_ORB@SEL$4
  20 - SEL$4        / DEFN@SEL$4
  21 - SEL$4        / DEFN@SEL$4
  22 - SEL$4        / REL@SEL$4
  23 - SEL$4        / REL@SEL$4
  24 - SEL$66276EDA / SI_ORG_ENTITIES_T@SEL$5
  25 - SEL$66276EDA / SI_ORG_ENTITIES_T@SEL$5
 
										</code></pre>
 										<header class="major"><h2>Predicate Information (identified by operation id):</h2></header>
										<pre><code>
---------------------------------------------------
 
  11 - filter("DEFN"."SRC_OBJ_TYPE"=:1 AND "DEFN"."DEST_OBJ_TYPE"='MS_GRC_ORGANIZATION')
  12 - access("DEFN"."REL_ID"="REL_ORB"."REL_CONFIG_ID")
  13 - access("REL"."REL_SOURCE_ID"="REL_ORB"."REL_SOURCE_ID")
  14 - filter("REL"."REL_SOURCE_OBJECT_ID"=:2)
  19 - access("REL_ORB"."TGT_OBJ_ID"=:2)
  20 - filter("DEFN"."SRC_OBJ_TYPE"='MS_GRC_ORGANIZATION' AND "DEFN"."DEST_OBJ_TYPE"=:1)
  21 - access("DEFN"."REL_ID"="REL_ORB"."REL_CONFIG_ID")
  22 - access("REL"."REL_SOURCE_ID"="REL_ORB"."REL_SOURCE_ID")
  24 - access("ORG_ENTITY_ID"=TO_NUMBER("INN"."TGT_OBJ_ID"))
 
										</code></pre>
 										<header class="major"><h2>Column Projection Information (identified by operation id):</h2></header>
										<pre><code>
-----------------------------------------------------------
 
   1 - (#keys=0) "ORG_ENTITY_ID"[NUMBER,22], "ORG_ENTITY_NAME"[VARCHAR2,100]
   2 - (#keys=0) "SI_ORG_ENTITIES_T".ROWID[ROWID,10], "ORG_ENTITY_ID"[NUMBER,22]
   3 - "INN"."TGT_OBJ_ID"[VARCHAR2,1020]
   4 - (#keys=2) "TGT_OBJ_ID"[VARCHAR2,1020], "SRC_OBJ_ID"[VARCHAR2,1020]
   5 - "SRC_OBJ_ID"[VARCHAR2,1020], "TGT_OBJ_ID"[VARCHAR2,1020]
   6 - STRDEF[512], STRDEF[1020], STRDEF[512], STRDEF[1020]
   7 - (#keys=0) "REL_ORB"."TGT_OBJ_ID"[VARCHAR2,1020], "DEFN"."SRC_OBJ_TYPE"[VARCHAR2,512], 
       "DEFN"."DEST_OBJ_TYPE"[VARCHAR2,512], "REL"."REL_SOURCE_OBJECT_ID"[VARCHAR2,1016]
   8 - (#keys=0) "REL_ORB"."TGT_OBJ_ID"[VARCHAR2,1020], "DEFN"."SRC_OBJ_TYPE"[VARCHAR2,512], 
       "DEFN"."DEST_OBJ_TYPE"[VARCHAR2,512], "REL".ROWID[ROWID,10]
   9 - (#keys=0) "REL_ORB"."TGT_OBJ_ID"[VARCHAR2,1020], "REL_ORB"."REL_SOURCE_ID"[VARCHAR2,1020], 
       "DEFN"."SRC_OBJ_TYPE"[VARCHAR2,512], "DEFN"."DEST_OBJ_TYPE"[VARCHAR2,512]
  10 - "REL_ORB"."REL_CONFIG_ID"[VARCHAR2,1020], "REL_ORB"."TGT_OBJ_ID"[VARCHAR2,1020], 
       "REL_ORB"."REL_SOURCE_ID"[VARCHAR2,1020]
  11 - "DEFN"."SRC_OBJ_TYPE"[VARCHAR2,512], "DEFN"."DEST_OBJ_TYPE"[VARCHAR2,512]
  12 - "DEFN".ROWID[ROWID,10]
  13 - "REL".ROWID[ROWID,10]
  14 - "REL"."REL_SOURCE_OBJECT_ID"[VARCHAR2,1016]
  15 - (#keys=0) "REL_ORB"."TGT_OBJ_ID"[VARCHAR2,1020], "DEFN"."SRC_OBJ_TYPE"[VARCHAR2,512], 
       "DEFN"."DEST_OBJ_TYPE"[VARCHAR2,512], "REL"."REL_SOURCE_OBJECT_ID"[VARCHAR2,1016]
  16 - (#keys=0) "REL_ORB"."TGT_OBJ_ID"[VARCHAR2,1020], "DEFN"."SRC_OBJ_TYPE"[VARCHAR2,512], 
       "DEFN"."DEST_OBJ_TYPE"[VARCHAR2,512], "REL".ROWID[ROWID,10]
  17 - (#keys=0) "REL_ORB"."TGT_OBJ_ID"[VARCHAR2,1020], "REL_ORB"."REL_SOURCE_ID"[VARCHAR2,1020], 
       "DEFN"."SRC_OBJ_TYPE"[VARCHAR2,512], "DEFN"."DEST_OBJ_TYPE"[VARCHAR2,512]
  18 - "REL_ORB"."REL_CONFIG_ID"[VARCHAR2,1020], "REL_ORB"."TGT_OBJ_ID"[VARCHAR2,1020], 
       "REL_ORB"."REL_SOURCE_ID"[VARCHAR2,1020]
  19 - "REL_ORB".ROWID[ROWID,10], "REL_ORB"."TGT_OBJ_ID"[VARCHAR2,1020]
  20 - "DEFN"."SRC_OBJ_TYPE"[VARCHAR2,512], "DEFN"."DEST_OBJ_TYPE"[VARCHAR2,512]
  21 - "DEFN".ROWID[ROWID,10]
  22 - "REL".ROWID[ROWID,10]
  23 - "REL"."REL_SOURCE_OBJECT_ID"[VARCHAR2,1016]
  24 - "SI_ORG_ENTITIES_T".ROWID[ROWID,10], "ORG_ENTITY_ID"[NUMBER,22]
  25 - "ORG_ENTITY_NAME"[VARCHAR2,100]
										</code></pre>
								</section>
						</div>
					</div>

				<!-- Sidebar -->
				<div id="sidebar">
					<div class="inner">
						<!-- Menu -->
						<nav id="menu">
							<header class="major">
								<h2>Menu</h2>
							</header>
							<ul>
								<li><a href="index.html">Summary</a></li>
								<li>
									<span class="opener">SQL Analysis</span>
									<ul>
										<li><a href="union.html">Union &amp; Union All</a></li>
										<li><a href="poor-sql.html">Poor Plan</a></li>
										<li><a href="invalid-sql.html">Invalid SQL</a></li>
										<li><a href="full-sql.html">Full Report</a></li>
									</ul>
								</li>
							</ul>
						</nav>

						<!-- Section -->
						<section>
							<header class="major">
								<h2>Get in touch</h2>
							</header>
							<p>You need more details on the report or want more functionality, don't hesitate to reach out to us.</p>
							<ul class="contact">
								<li class="fa-envelope-o"><a href="mailto:rnd@metricstream.com?Subject=Reg - Static Code Analysis Tool" target="_top">rnd@metricstream.com</a></li>
							</ul>
						</section>

						<!-- Footer -->
						<footer id="footer">
							<p class="copyright">&copy; <a href="http://www.metricstream.com" target="_blank">MetricStream</a>. All rights reserved. </p>
						</footer>
					</div>
				</div>
			</div>

		<!-- Scripts -->
			<script src="../lib/assets/js/jquery.min.js"></script>
			<script src="../lib/assets/js/skel.min.js"></script>
			<script src="../lib/assets/js/util.js"></script>
			<!--[if lte IE 8]><script src="../lib/assets/js/ie/respond.min.js"></script><![endif]-->
			<script src="../lib/assets/js/main.js"></script>
	</body>
</html>