<!DOCTYPE HTML>
<html>
	<head>
		<title>Code Analysis - MetricStream</title>
		<meta charset="utf-8" />
		<meta name="viewport" content="width=device-width, initial-scale=1, user-scalable=no" />
		<!--[if lte IE 8]><script src="assets/js/ie/html5shiv.js"></script><![endif]-->
		<link rel="stylesheet" href="../lib/assets/css/main.css" />
		<!--[if lte IE 9]><link rel="stylesheet" href="../lib/assets/css/ie9.css" /><![endif]-->
		<!--[if lte IE 8]><link rel="stylesheet" href="../lib/assets/css/ie8.css" /><![endif]-->
	</head>
	<body>

		<!-- Wrapper -->
			<div id="wrapper">

				<!-- Main -->
					<div id="main">
						<div class="inner">
							<!-- Header -->
								<header id="header">
									<a href="index.html" class="logo"><strong>Static Code Analysis Report</strong> by Code Analyzer Tool</a>
								</header>

							<!-- Content -->
								<section>
									<!-- Content -->
										<header class="major"><h2>Infolet Details</h2></header>
										<div class="table-wrapper">
											<table>
												<tbody>
													<tr>
														<td>Name</td>
														<td>MS_GRC_GET_FORM_NAMES (105620)</td>
													</tr>
													<tr>
														<td>SQL</td>
														<td><pre><code>select form_name from (
select browser_title as form_name from si_data_browsers_t where browser_name in (
'AREA OF COMPLIANCE',
'ASSET CLASS',
'ASSET',
'CONTROL_OBJECTIVE',
'CONTROL',
'EVIDENCE',
'FINANCIAL ACCOUNT',
'FUNCTION',
'MODEL REFERENCE',
'OBJECTIVE',
'Organizational Profile',
'PROCESS_OBJECTIVE',
'PROCESS',
'PRODUCT',
'QUESTION PROCEDURE',
'REFERENCE',
'REGULATORY_BODY',
'REQUIREMENT',
'RISK',
'Standard')
and (SELECT  t1.locale 
FROM si_users_t t1 ,si_locales t2 WHERE t1.USER_NAME = :1 and t1.locale = t2.locale_string)='en_US'

union 
all
select browser_title as form_name from si_data_browsers_tl where browser_id = 
(select browser_id from si_data_browsers_t where browser_name in ('AREA OF COMPLIANCE',
'ASSET CLASS',
'ASSET',
'CONTROL_OBJECTIVE',
'CONTROL',
'EVIDENCE',
'FINANCIAL ACCOUNT',
'FUNCTION',
'MODEL REFERENCE',
'OBJECTIVE',
'Organizational Profile',
'PROCESS_OBJECTIVE',
'PROCESS',
'PRODUCT',
'QUESTION PROCEDURE',
'REFERENCE',
'REGULATORY_BODY',
'REQUIREMENT',
'RISK',
'Standard'))
 and locale_id = (SELECT  t2.locale_id 
FROM si_users_t t1 ,si_locales t2 WHERE t1.USER_NAME = :1 and t1.locale = t2.locale_string)
) order by 1</code></pre></td>
													</tr>
													<tr>
														<td>Description</td>
														<td> To get the form names for GRC Library overview report </td>
													</tr>
												</tbody>
											</table>
										</div>

										<h2 align="center" id="content">Analysis Report</h2>
										<hr>
 										<header class="major"><h2>Plan hash value: 585455854</h2></header>
										<pre><code>
 
--------------------------------------------------------------------------------------------------------
| Id  | Operation                        | Name                | Rows  | Bytes | Cost (%CPU)| Time     |
--------------------------------------------------------------------------------------------------------
|   0 | SELECT STATEMENT                 |                     |    21 |  4242 |    20  (10)| 00:00:01 |
|   1 |  SORT ORDER BY                   |                     |    21 |  4242 |    20  (10)| 00:00:01 |
|   2 |   VIEW                           |                     |    21 |  4242 |    19   (6)| 00:00:01 |
|   3 |    UNION-ALL                     |                     |       |       |            |          |
|*  4 |     FILTER                       |                     |       |       |            |          |
<font style="background-color: lightblue; color: red">|*  5 |      TABLE ACCESS FULL           | SI_DATA_BROWSERS_T  |    20 |   560 |     3   (0)| 00:00:01 |</font>
|*  6 |      HASH JOIN                   |                     |     1 |    27 |     6  (17)| 00:00:01 |
|   7 |       TABLE ACCESS BY INDEX ROWID| SI_USERS_T          |     1 |    20 |     2   (0)| 00:00:01 |
<font style="background-color: lightblue; color: red">|*  8 |        INDEX SKIP SCAN           | SI_USERS_T_N2       |     1 |       |     1   (0)| 00:00:01 |</font>
<font style="background-color: lightblue; color: red">|   9 |       TABLE ACCESS FULL          | SI_LOCALES          |    35 |   245 |     3   (0)| 00:00:01 |</font>
<font style="background-color: lightblue; color: red">|* 10 |     TABLE ACCESS FULL            | SI_DATA_BROWSERS_TL |     1 |    27 |     3   (0)| 00:00:01 |</font>
<font style="background-color: lightblue; color: red">|* 11 |      TABLE ACCESS FULL           | SI_DATA_BROWSERS_T  |     2 |    36 |     2   (0)| 00:00:01 |</font>
|* 12 |      HASH JOIN                   |                     |     1 |    31 |     6  (17)| 00:00:01 |
|  13 |       TABLE ACCESS BY INDEX ROWID| SI_USERS_T          |     1 |    20 |     2   (0)| 00:00:01 |
<font style="background-color: lightblue; color: red">|* 14 |        INDEX SKIP SCAN           | SI_USERS_T_N2       |     1 |       |     1   (0)| 00:00:01 |</font>
<font style="background-color: lightblue; color: red">|  15 |       TABLE ACCESS FULL          | SI_LOCALES          |    35 |   385 |     3   (0)| 00:00:01 |</font>
--------------------------------------------------------------------------------------------------------
 
										</code></pre>
 										<header class="major"><h2>Query Block Name / Object Alias (identified by operation id):</h2></header>
										<pre><code>
-------------------------------------------------------------
 
   1 - SEL$1
   2 - SET$1 / from$_subquery$_001@SEL$1
   3 - SET$1
   4 - SEL$2
   5 - SEL$2 / SI_DATA_BROWSERS_T@SEL$2
   6 - SEL$3
   7 - SEL$3 / T1@SEL$3
   8 - SEL$3 / T1@SEL$3
   9 - SEL$3 / T2@SEL$3
  10 - SEL$4 / SI_DATA_BROWSERS_TL@SEL$4
  11 - SEL$5 / SI_DATA_BROWSERS_T@SEL$5
  12 - SEL$6
  13 - SEL$6 / T1@SEL$6
  14 - SEL$6 / T1@SEL$6
  15 - SEL$6 / T2@SEL$6
 
										</code></pre>
 										<header class="major"><h2>Predicate Information (identified by operation id):</h2></header>
										<pre><code>
---------------------------------------------------
 
   4 - filter( (SELECT "T1"."LOCALE" FROM "SI_LOCALES" "T2","SI_USERS_T" "T1" WHERE 
              "T1"."USER_NAME"=:1 AND "T1"."LOCALE"="T2"."LOCALE_STRING")='en_US')
   5 - filter("BROWSER_NAME"='AREA OF COMPLIANCE' OR "BROWSER_NAME"='ASSET' OR 
              "BROWSER_NAME"='ASSET CLASS' OR "BROWSER_NAME"='CONTROL' OR "BROWSER_NAME"='CONTROL_OBJECTIVE' 
              OR "BROWSER_NAME"='EVIDENCE' OR "BROWSER_NAME"='FINANCIAL ACCOUNT' OR "BROWSER_NAME"='FUNCTION' 
              OR "BROWSER_NAME"='MODEL REFERENCE' OR "BROWSER_NAME"='OBJECTIVE' OR 
              "BROWSER_NAME"='Organizational Profile' OR "BROWSER_NAME"='PROCESS' OR 
              "BROWSER_NAME"='PROCESS_OBJECTIVE' OR "BROWSER_NAME"='PRODUCT' OR "BROWSER_NAME"='QUESTION 
              PROCEDURE' OR "BROWSER_NAME"='REFERENCE' OR "BROWSER_NAME"='REGULATORY_BODY' OR 
              "BROWSER_NAME"='REQUIREMENT' OR "BROWSER_NAME"='RISK' OR "BROWSER_NAME"='Standard')
   6 - access("T1"."LOCALE"="T2"."LOCALE_STRING")
   8 - access("T1"."USER_NAME"=:1)
       filter("T1"."USER_NAME"=:1)
  10 - filter("BROWSER_ID"= (SELECT "BROWSER_ID" FROM "SI_DATA_BROWSERS_T" "SI_DATA_BROWSERS_T" 
              WHERE "BROWSER_NAME"='AREA OF COMPLIANCE' OR "BROWSER_NAME"='ASSET' OR "BROWSER_NAME"='ASSET 
              CLASS' OR "BROWSER_NAME"='CONTROL' OR "BROWSER_NAME"='CONTROL_OBJECTIVE' OR 
              "BROWSER_NAME"='EVIDENCE' OR "BROWSER_NAME"='FINANCIAL ACCOUNT' OR "BROWSER_NAME"='FUNCTION' OR 
              "BROWSER_NAME"='MODEL REFERENCE' OR "BROWSER_NAME"='OBJECTIVE' OR 
              "BROWSER_NAME"='Organizational Profile' OR "BROWSER_NAME"='PROCESS' OR 
              "BROWSER_NAME"='PROCESS_OBJECTIVE' OR "BROWSER_NAME"='PRODUCT' OR "BROWSER_NAME"='QUESTION 
              PROCEDURE' OR "BROWSER_NAME"='REFERENCE' OR "BROWSER_NAME"='REGULATORY_BODY' OR 
              "BROWSER_NAME"='REQUIREMENT' OR "BROWSER_NAME"='RISK' OR "BROWSER_NAME"='Standard') AND 
              "LOCALE_ID"= (SELECT "T2"."LOCALE_ID" FROM "SI_LOCALES" "T2","SI_USERS_T" "T1" WHERE 
              "T1"."USER_NAME"=:1 AND "T1"."LOCALE"="T2"."LOCALE_STRING"))
  11 - filter("BROWSER_NAME"='AREA OF COMPLIANCE' OR "BROWSER_NAME"='ASSET' OR 
              "BROWSER_NAME"='ASSET CLASS' OR "BROWSER_NAME"='CONTROL' OR "BROWSER_NAME"='CONTROL_OBJECTIVE' 
              OR "BROWSER_NAME"='EVIDENCE' OR "BROWSER_NAME"='FINANCIAL ACCOUNT' OR "BROWSER_NAME"='FUNCTION' 
              OR "BROWSER_NAME"='MODEL REFERENCE' OR "BROWSER_NAME"='OBJECTIVE' OR 
              "BROWSER_NAME"='Organizational Profile' OR "BROWSER_NAME"='PROCESS' OR 
              "BROWSER_NAME"='PROCESS_OBJECTIVE' OR "BROWSER_NAME"='PRODUCT' OR "BROWSER_NAME"='QUESTION 
              PROCEDURE' OR "BROWSER_NAME"='REFERENCE' OR "BROWSER_NAME"='REGULATORY_BODY' OR 
              "BROWSER_NAME"='REQUIREMENT' OR "BROWSER_NAME"='RISK' OR "BROWSER_NAME"='Standard')
  12 - access("T1"."LOCALE"="T2"."LOCALE_STRING")
  14 - access("T1"."USER_NAME"=:1)
       filter("T1"."USER_NAME"=:1)
 
										</code></pre>
 										<header class="major"><h2>Column Projection Information (identified by operation id):</h2></header>
										<pre><code>
-----------------------------------------------------------
 
   1 - (#keys=1) "FORM_NAME"[VARCHAR2,400]
   2 - "FORM_NAME"[VARCHAR2,400]
   3 - STRDEF[400]
   4 - "BROWSER_TITLE"[VARCHAR2,400]
   5 - "BROWSER_TITLE"[VARCHAR2,400]
   6 - (#keys=1) "T1"."LOCALE"[VARCHAR2,400], "T2"."LOCALE_STRING"[VARCHAR2,100]
   7 - "T1"."LOCALE"[VARCHAR2,400]
   8 - "T1".ROWID[ROWID,10]
   9 - "T2"."LOCALE_STRING"[VARCHAR2,100]
  10 - "BROWSER_TITLE"[VARCHAR2,400]
  11 - "BROWSER_ID"[NUMBER,22], "BROWSER_NAME"[VARCHAR2,400]
  12 - (#keys=1) "T1"."LOCALE"[VARCHAR2,400], "T2"."LOCALE_STRING"[VARCHAR2,100], 
       "T2"."LOCALE_ID"[NUMBER,22]
  13 - "T1"."LOCALE"[VARCHAR2,400]
  14 - "T1".ROWID[ROWID,10]
  15 - "T2"."LOCALE_ID"[NUMBER,22], "T2"."LOCALE_STRING"[VARCHAR2,100]
										</code></pre>
								</section>
						</div>
					</div>

				<!-- Sidebar -->
				<div id="sidebar">
					<div class="inner">
						<!-- Menu -->
						<nav id="menu">
							<header class="major">
								<h2>Menu</h2>
							</header>
							<ul>
								<li><a href="index.html">Summary</a></li>
								<li>
									<span class="opener">SQL Analysis</span>
									<ul>
										<li><a href="union.html">Union &amp; Union All</a></li>
										<li><a href="poor-sql.html">Poor Plan</a></li>
										<li><a href="invalid-sql.html">Invalid SQL</a></li>
										<li><a href="full-sql.html">Full Report</a></li>
									</ul>
								</li>
							</ul>
						</nav>

						<!-- Section -->
						<section>
							<header class="major">
								<h2>Get in touch</h2>
							</header>
							<p>You need more details on the report or want more functionality, don't hesitate to reach out to us.</p>
							<ul class="contact">
								<li class="fa-envelope-o"><a href="mailto:rnd@metricstream.com?Subject=Reg - Static Code Analysis Tool" target="_top">rnd@metricstream.com</a></li>
							</ul>
						</section>

						<!-- Footer -->
						<footer id="footer">
							<p class="copyright">&copy; <a href="http://www.metricstream.com" target="_blank">MetricStream</a>. All rights reserved. </p>
						</footer>
					</div>
				</div>
			</div>

		<!-- Scripts -->
			<script src="../lib/assets/js/jquery.min.js"></script>
			<script src="../lib/assets/js/skel.min.js"></script>
			<script src="../lib/assets/js/util.js"></script>
			<!--[if lte IE 8]><script src="../lib/assets/js/ie/respond.min.js"></script><![endif]-->
			<script src="../lib/assets/js/main.js"></script>
	</body>
</html>