<!DOCTYPE HTML>
<html>
	<head>
		<title>Code Analysis - MetricStream</title>
		<meta charset="utf-8" />
		<meta name="viewport" content="width=device-width, initial-scale=1, user-scalable=no" />
		<!--[if lte IE 8]><script src="assets/js/ie/html5shiv.js"></script><![endif]-->
		<link rel="stylesheet" href="../lib/assets/css/main.css" />
		<!--[if lte IE 9]><link rel="stylesheet" href="../lib/assets/css/ie9.css" /><![endif]-->
		<!--[if lte IE 8]><link rel="stylesheet" href="../lib/assets/css/ie8.css" /><![endif]-->
	</head>
	<body>

		<!-- Wrapper -->
			<div id="wrapper">

				<!-- Main -->
					<div id="main">
						<div class="inner">
							<!-- Header -->
								<header id="header">
									<a href="index.html" class="logo"><strong>Static Code Analysis Report</strong> by Code Analyzer Tool</a>
								</header>

							<!-- Content -->
								<section>
									<!-- Content -->
										<header class="major"><h2>Infolet Details</h2></header>
										<div class="table-wrapper">
											<table>
												<tbody>
													<tr>
														<td>Name</td>
														<td>MS_GRC_RISK_Entp_List_Rpt_Inf (105615)</td>
													</tr>
													<tr>
														<td>SQL</td>
														<td><pre><code>SELECT Object_Id  AS Risk_id,
  Object_Name     AS risk_name,
  object_type,
  OBJECT_NAME_URL AS Edit,
  Object_Status      AS Obj_Status,
  Object_Level,
  object_parent,
  key_risk,
  RISK_CATEGORIES,
  Created_date,
  Created_by,
  updated_date,
  updated_by,
  Valid_From,
  Valid_Until,
  Description,
  OWNER_ORG_NAMES AS Owner_Organization,
  Owner_names,
  LEVEL_1_APPROVER,
  LEVEL_2_APPROVER,
 REL_DATA_LINK as Applies_To_Organizations,
 REL_DATA_LINK as Related_Areas_Of_Compliance,
 REL_DATA_LINK as Related_Assets,
 REL_DATA_LINK as Related_Control,
 REL_DATA_LINK as Related_Function,
 REL_DATA_LINK as Related_Objectives,
 REL_DATA_LINK as Related_Process,
 REL_DATA_LINK as Related_Products,
 REL_DATA_LINK as Related_Regulatory_Body,
 REL_DATA_LINK as Related_Requirement,
 REL_DATA_LINK as Related_risks,
 REL_DATA_LINK as Related_Standards
FROM MS_GRC_RISK_ENTP_RV  Rv
WHERE EXISTS
  (SELECT COLUMN_VALUE
  FROM TABLE(CAST(ms_grc_rep_browser_fil_denorm.fn_risk_rpt_filter(:1,:2,:3,:5,:7,:6,:8,:9,:10,:11,:12,:13,:14,:15,:16,:17,:18,:19,:20,:21,:22,:23,:24,NULL,NULL,:25,NULL,NULL,:26,NULL,:27,NULL,:28,:29,:30,:31,NULL,:32,:33,'MS_GRC_RISK',:34)AS ms_varchar2_array))
  WHERE column_value = Rv.OBJECT_ID
  )
AND locale =
  (SELECT LOCALE FROM si_users_t WHERE USER_NAME = :34
  )
AND NVL(IS_ORPHAN, 1)=NVL(:4,NVL(IS_ORPHAN,1))
order by upper(Rv.OBJECT_NAME)</code></pre></td>
													</tr>
													<tr>
														<td>Description</td>
														<td> MS GRC Risk Report Infolet </td>
													</tr>
												</tbody>
											</table>
										</div>

										<h2 align="center" id="content">Analysis Report</h2>
										<hr>
 										<header class="major"><h2>Plan hash value: 211495652</h2></header>
										<pre><code>
 
----------------------------------------------------------------------------------------------------------------------
| Id  | Operation                              | Name                        | Rows  | Bytes | Cost (%CPU)| Time     |
----------------------------------------------------------------------------------------------------------------------
|   0 | SELECT STATEMENT                       |                             |     1 |  4514 |    61   (5)| 00:00:01 |
|   1 |  TABLE ACCESS BY INDEX ROWID           | SI_USERS_T                  |     1 |    32 |     2   (0)| 00:00:01 |
<font style="background-color: lightblue; color: red">|*  2 |   INDEX SKIP SCAN                      | SI_USERS_T_N2               |     1 |       |     1   (0)| 00:00:01 |</font>
|   3 |  TABLE ACCESS BY INDEX ROWID           | SI_USERS_T                  |     1 |    32 |     2   (0)| 00:00:01 |
<font style="background-color: lightblue; color: red">|*  4 |   INDEX SKIP SCAN                      | SI_USERS_T_N2               |     1 |       |     1   (0)| 00:00:01 |</font>
|   5 |  SORT ORDER BY                         |                             |     1 |  4514 |    61   (5)| 00:00:01 |
|*  6 |   HASH JOIN OUTER                      |                             |     1 |  4514 |    58   (4)| 00:00:01 |
|*  7 |    HASH JOIN                           |                             |     1 |  4488 |    51   (2)| 00:00:01 |
<font style="background-color: lightblue; color: red">|   8 |     MERGE JOIN CARTESIAN               |                             |     1 |  3472 |    39   (3)| 00:00:01 |</font>
|*  9 |      HASH JOIN SEMI                    |                             |     1 |  3443 |    33   (4)| 00:00:01 |
|  10 |       NESTED LOOPS                     |                             |     2 |  6882 |     3   (0)| 00:00:01 |
<font style="background-color: lightblue; color: red">|* 11 |        TABLE ACCESS FULL               | MS_GRC_RISK_OBJ_MLS_SUMMARY |     2 |   652 |     3   (0)| 00:00:01 |</font>
|  12 |         TABLE ACCESS BY INDEX ROWID    | SI_USERS_T                  |     1 |    20 |     2   (0)| 00:00:01 |
<font style="background-color: lightblue; color: red">|* 13 |          INDEX SKIP SCAN               | SI_USERS_T_N2               |     1 |       |     1   (0)| 00:00:01 |</font>
|* 14 |        INDEX UNIQUE SCAN               | MS_GRC_RISK_SUMMARY_PK      |     1 |  3115 |     0   (0)| 00:00:01 |
|* 15 |         INDEX RANGE SCAN               | MS_GRC_OBJ_SUMM_IDX1        |     1 |       |     0   (0)| 00:00:01 |
<font style="background-color: lightblue; color: red">|  16 |       COLLECTION ITERATOR PICKLER FETCH| FN_RISK_RPT_FILTER          |  8168 | 16336 |    29   (0)| 00:00:01 |</font>
|  17 |      BUFFER SORT                       |                             |     1 |    29 |    10  (10)| 00:00:01 |
<font style="background-color: lightblue; color: red">|* 18 |       TABLE ACCESS FULL                | MS_QS_LOV_NAMES             |     1 |    29 |     6   (0)| 00:00:01 |</font>
|  19 |     VIEW                               |                             |     6 |  6096 |    12   (0)| 00:00:01 |
<font style="background-color: lightblue; color: red">|  20 |      MERGE JOIN CARTESIAN              |                             |     6 |   222 |    12   (0)| 00:00:01 |</font>
<font style="background-color: lightblue; color: red">|* 21 |       TABLE ACCESS FULL                | MS_QS_LIST_OF_VALUES_T      |     2 |    62 |     8   (0)| 00:00:01 |</font>
|  22 |       BUFFER SORT                      |                             |     4 |    24 |     4   (0)| 00:00:01 |
<font style="background-color: lightblue; color: red">|* 23 |        TABLE ACCESS FULL               | SI_LOCALES                  |     4 |    24 |     2   (0)| 00:00:01 |</font>
<font style="background-color: lightblue; color: red">|  24 |    TABLE ACCESS FULL                   | MS_QS_LIST_OF_VALUES_TL     |  1160 | 30160 |     6   (0)| 00:00:01 |</font>
----------------------------------------------------------------------------------------------------------------------
 
										</code></pre>
 										<header class="major"><h2>Query Block Name / Object Alias (identified by operation id):</h2></header>
										<pre><code>
-------------------------------------------------------------
 
   1 - SEL$4        / USR@SEL$4
   2 - SEL$4        / USR@SEL$4
   3 - SEL$5        / USR@SEL$5
   4 - SEL$5        / USR@SEL$5
   5 - SEL$AF6C7FF7
  11 - SEL$AF6C7FF7 / MLS_SUMM@SEL$2
  12 - SEL$11       / SI_USERS_T@SEL$11
  13 - SEL$11       / SI_USERS_T@SEL$11
  14 - SEL$AF6C7FF7 / RSK_SUMM@SEL$2
  15 - SEL$AF6C7FF7 / RSK_SUMM@SEL$2
  16 - SEL$AF6C7FF7 / KOKBF$0@SEL$10
  18 - SEL$AF6C7FF7 / LOVNAME@SEL$2
  19 - SEL$8A3193DA / X@SEL$6
  20 - SEL$8A3193DA
  21 - SEL$8A3193DA / T@SEL$7
  23 - SEL$8A3193DA / SI_LOCALES@SEL$8
  24 - SEL$AF6C7FF7 / TL@SEL$6
 
										</code></pre>
 										<header class="major"><h2>Predicate Information (identified by operation id):</h2></header>
										<pre><code>
---------------------------------------------------
 
   2 - access("USR"."USER_NAME"=:B1)
       filter("USR"."USER_NAME"=:B1)
   4 - access("USR"."USER_NAME"=:B1)
       filter("USR"."USER_NAME"=:B1)
   6 - access("X"."LOV_VALUE_ID"="TL"."LOV_VALUE_ID"(+) AND "X"."LOCALE_ID"="TL"."LOCALE_ID"(+))
   7 - access("X"."LOV_ID"="LOVNAME"."LOV_ID" AND "X"."LOCALE_ID"=TO_NUMBER("MLS_SUMM"."LOCALE_ID"))
   9 - access("RSK_SUMM"."OBJECT_ID"=VALUE(KOKBF$))
  11 - filter("MLS_SUMM"."LOCALE"= (SELECT "LOCALE" FROM "SI_USERS_T" "SI_USERS_T" WHERE "USER_NAME"=:34))
  13 - access("USER_NAME"=:34)
       filter("USER_NAME"=:34)
  14 - access("MLS_SUMM"."OBJECT_ID"="RSK_SUMM"."OBJECT_ID")
       filter(NVL("RSK_SUMM"."IS_ORPHAN",1)=NVL(:4,NVL("RSK_SUMM"."IS_ORPHAN",1)))
  15 - access("MLS_SUMM"."OBJECT_ID"="RSK_SUMM"."OBJECT_ID")
  18 - filter("LOVNAME"."LOV_NAME"='MS_GRC_LABLES')
  21 - filter("T"."STORED_VALUE"='CLICK_HERE' AND "T"."ORG_ENTITY_ID"=1)
  23 - filter("ENABLED_FLAG"='Y')
 
										</code></pre>
 										<header class="major"><h2>Column Projection Information (identified by operation id):</h2></header>
										<pre><code>
-----------------------------------------------------------
 
   1 - "USR".ROWID[ROWID,10], "USR"."LAST_NAME"[VARCHAR2,400], "USR"."FIRST_NAME"[VARCHAR2,400]
   2 - "USR".ROWID[ROWID,10]
   3 - "USR".ROWID[ROWID,10], "USR"."LAST_NAME"[VARCHAR2,400], "USR"."FIRST_NAME"[VARCHAR2,400]
   4 - "USR".ROWID[ROWID,10]
   5 - (#keys=1) UPPER("RSK_SUMM"."OBJECT_NAME")[4000], "RSK_SUMM"."OBJECT_ID"[VARCHAR2,1600], 
       "RSK_SUMM"."OBJECT_NAME"[VARCHAR2,4000], "RSK_SUMM"."DD_OBJECT_TYPE"[VARCHAR2,1600], 
       "RSK_SUMM"."OBJECT_NAME_URL"[VARCHAR2,4000], "MLS_SUMM"."OBJ_STATUS"[VARCHAR2,4000], 
       "MLS_SUMM"."OBJECT_LEVEL"[VARCHAR2,4000], "RSK_SUMM"."OBJECT_PARENT"[VARCHAR2,4000], 
       INITCAP("MLS_SUMM"."KEY_RISK")[1020], "MLS_SUMM"."CAT_NAME_AGG"[4000], "RSK_SUMM"."CREATED_DATE"[DATE,7],  
       (SELECT "USR"."FIRST_NAME"||' '||"USR"."LAST_NAME" FROM MAZARS_DEV."SI_USERS_T" "USR" WHERE 
       "USR"."USER_NAME"=:B1)[801], "RSK_SUMM"."UPDATED_DATE"[DATE,7],  (SELECT "USR"."FIRST_NAME"||' 
       '||"USR"."LAST_NAME" FROM MAZARS_DEV."SI_USERS_T" "USR" WHERE "USR"."USER_NAME"=:B2)[801], 
       "RSK_SUMM"."VALID_FROM"[DATE,7], "RSK_SUMM"."VALID_UNTIL"[DATE,7], "RSK_SUMM"."DESCRIPTION"[4000], 
       "RSK_SUMM"."OWNER_ORG_NAMES"[4000], "RSK_SUMM"."OWNER_NAME"[4000], 
       "RSK_SUMM"."LEVEL_1_APPROVER"[VARCHAR2,400], "RSK_SUMM"."LEVEL_2_APPROVER"[VARCHAR2,400], 
       NVL("TL"."DISPLAYED_VALUE","X"."DISPLAYED_VALUE")[2000], 
       NVL("TL"."DISPLAYED_VALUE","X"."DISPLAYED_VALUE")[2000], 
       NVL("TL"."DISPLAYED_VALUE","X"."DISPLAYED_VALUE")[2000], 
       NVL("TL"."DISPLAYED_VALUE","X"."DISPLAYED_VALUE")[2000], 
       NVL("TL"."DISPLAYED_VALUE","X"."DISPLAYED_VALUE")[2000], 
       NVL("TL"."DISPLAYED_VALUE","X"."DISPLAYED_VALUE")[2000], 
       NVL("TL"."DISPLAYED_VALUE","X"."DISPLAYED_VALUE")[2000], 
       NVL("TL"."DISPLAYED_VALUE","X"."DISPLAYED_VALUE")[2000], 
       NVL("TL"."DISPLAYED_VALUE","X"."DISPLAYED_VALUE")[2000], 
       NVL("TL"."DISPLAYED_VALUE","X"."DISPLAYED_VALUE")[2000], 
       NVL("TL"."DISPLAYED_VALUE","X"."DISPLAYED_VALUE")[2000], 
       NVL("TL"."DISPLAYED_VALUE","X"."DISPLAYED_VALUE")[2000]
   6 - (#keys=2) "X"."DISPLAYED_VALUE"[VARCHAR2,2000], "RSK_SUMM"."OBJECT_ID"[VARCHAR2,1600], 
       "MLS_SUMM"."CAT_NAME_AGG"[LOB,4000], "MLS_SUMM"."OBJECT_LEVEL"[VARCHAR2,4000], 
       "MLS_SUMM"."OBJ_STATUS"[VARCHAR2,4000], "MLS_SUMM"."KEY_RISK"[VARCHAR2,1020], 
       "RSK_SUMM"."OBJECT_NAME"[VARCHAR2,4000], "RSK_SUMM"."OBJECT_PARENT"[VARCHAR2,4000], 
       "RSK_SUMM"."LEVEL_1_APPROVER"[VARCHAR2,400], "RSK_SUMM"."LEVEL_2_APPROVER"[VARCHAR2,400], 
       "RSK_SUMM"."VALID_UNTIL"[DATE,7], "RSK_SUMM"."VALID_FROM"[DATE,7], "RSK_SUMM"."DESCRIPTION"[LOB,4000], 
       "RSK_SUMM"."DD_OBJECT_TYPE"[VARCHAR2,1600], "RSK_SUMM"."OBJECT_NAME_URL"[VARCHAR2,4000], 
       "RSK_SUMM"."OWNER_NAME"[LOB,4000], "RSK_SUMM"."OWNER_ORG_NAMES"[LOB,4000], "RSK_SUMM"."CREATED_DATE"[DATE,7], 
       "RSK_SUMM"."CREATED_BY"[VARCHAR2,400], "RSK_SUMM"."UPDATED_DATE"[DATE,7], 
       "RSK_SUMM"."UPDATED_BY"[VARCHAR2,400], "TL"."DISPLAYED_VALUE"[VARCHAR2,2000]
   7 - (#keys=2) "LOVNAME"."LOV_ID"[NUMBER,22], "X"."LOV_ID"[NUMBER,22], 
       TO_NUMBER("MLS_SUMM"."LOCALE_ID")[22], "X"."LOCALE_ID"[NUMBER,22], "RSK_SUMM"."OBJECT_ID"[VARCHAR2,1600], 
       VALUE(KOKBF$)[8000], "MLS_SUMM"."OBJECT_ID"[VARCHAR2,1600], "MLS_SUMM"."LOCALE_ID"[VARCHAR2,400], 
       "MLS_SUMM"."LOCALE"[VARCHAR2,400], "MLS_SUMM"."CAT_NAME_AGG"[LOB,4000], 
       "MLS_SUMM"."OBJECT_LEVEL"[VARCHAR2,4000], "MLS_SUMM"."OBJ_STATUS"[VARCHAR2,4000], 
       "MLS_SUMM"."KEY_RISK"[VARCHAR2,1020], "RSK_SUMM".ROWID[ROWID,3034], "UPPER_OBJECT_NAME"[VARCHAR2,3000], 
       "OBJ_SUMM_WID"[NUMBER,22], "RSK_SUMM".ROWID[ROWID,3034], "RSK_SUMM"."OBJECT_NAME"[VARCHAR2,4000], 
       "RSK_SUMM"."OBJECT_PARENT"[VARCHAR2,4000], "RSK_SUMM"."LEVEL_1_APPROVER"[VARCHAR2,400], 
       "RSK_SUMM"."LEVEL_2_APPROVER"[VARCHAR2,400], "RSK_SUMM"."VALID_UNTIL"[DATE,7], 
       "RSK_SUMM"."VALID_FROM"[DATE,7], "RSK_SUMM"."DESCRIPTION"[LOB,4000], "RSK_SUMM"."IS_ORPHAN"[NUMBER,22], 
       "RSK_SUMM"."DD_OBJECT_TYPE"[VARCHAR2,1600], "RSK_SUMM"."OBJECT_NAME_URL"[VARCHAR2,4000], 
       "RSK_SUMM"."OWNER_NAME"[LOB,4000], "RSK_SUMM"."OWNER_ORG_NAMES"[LOB,4000], "RSK_SUMM"."CREATED_DATE"[DATE,7], 
       "RSK_SUMM"."CREATED_BY"[VARCHAR2,400], "RSK_SUMM"."UPDATED_DATE"[DATE,7], 
       "RSK_SUMM"."UPDATED_BY"[VARCHAR2,400], "LOVNAME"."LOV_NAME"[VARCHAR2,100], "X"."LOV_VALUE_ID"[NUMBER,22], 
       "X"."DISPLAYED_VALUE"[VARCHAR2,2000]
   8 - (#keys=0) "RSK_SUMM"."OBJECT_ID"[VARCHAR2,1600], VALUE(KOKBF$)[8000], 
       "MLS_SUMM"."OBJECT_ID"[VARCHAR2,1600], "MLS_SUMM"."LOCALE_ID"[VARCHAR2,400], 
       "MLS_SUMM"."LOCALE"[VARCHAR2,400], "MLS_SUMM"."CAT_NAME_AGG"[LOB,4000], 
       "MLS_SUMM"."OBJECT_LEVEL"[VARCHAR2,4000], "MLS_SUMM"."OBJ_STATUS"[VARCHAR2,4000], 
       "MLS_SUMM"."KEY_RISK"[VARCHAR2,1020], "RSK_SUMM".ROWID[ROWID,3034], "UPPER_OBJECT_NAME"[VARCHAR2,3000], 
       "OBJ_SUMM_WID"[NUMBER,22], "RSK_SUMM".ROWID[ROWID,3034], "RSK_SUMM"."OBJECT_NAME"[VARCHAR2,4000], 
       "RSK_SUMM"."OBJECT_PARENT"[VARCHAR2,4000], "RSK_SUMM"."LEVEL_1_APPROVER"[VARCHAR2,400], 
       "RSK_SUMM"."LEVEL_2_APPROVER"[VARCHAR2,400], "RSK_SUMM"."VALID_UNTIL"[DATE,7], 
       "RSK_SUMM"."VALID_FROM"[DATE,7], "RSK_SUMM"."DESCRIPTION"[LOB,4000], "RSK_SUMM"."IS_ORPHAN"[NUMBER,22], 
       "RSK_SUMM"."DD_OBJECT_TYPE"[VARCHAR2,1600], "RSK_SUMM"."OBJECT_NAME_URL"[VARCHAR2,4000], 
       "RSK_SUMM"."OWNER_NAME"[LOB,4000], "RSK_SUMM"."OWNER_ORG_NAMES"[LOB,4000], "RSK_SUMM"."CREATED_DATE"[DATE,7], 
       "RSK_SUMM"."CREATED_BY"[VARCHAR2,400], "RSK_SUMM"."UPDATED_DATE"[DATE,7], 
       "RSK_SUMM"."UPDATED_BY"[VARCHAR2,400], "LOVNAME"."LOV_NAME"[VARCHAR2,100], "LOVNAME"."LOV_ID"[NUMBER,22]
   9 - (#keys=1) "RSK_SUMM"."OBJECT_ID"[VARCHAR2,1600], VALUE(KOKBF$)[8000], 
       "MLS_SUMM"."OBJECT_ID"[VARCHAR2,1600], "MLS_SUMM"."LOCALE_ID"[VARCHAR2,400], 
       "MLS_SUMM"."LOCALE"[VARCHAR2,400], "MLS_SUMM"."CAT_NAME_AGG"[LOB,4000], 
       "MLS_SUMM"."OBJECT_LEVEL"[VARCHAR2,4000], "MLS_SUMM"."OBJ_STATUS"[VARCHAR2,4000], 
       "MLS_SUMM"."KEY_RISK"[VARCHAR2,1020], "RSK_SUMM".ROWID[ROWID,3034], "UPPER_OBJECT_NAME"[VARCHAR2,3000], 
       "OBJ_SUMM_WID"[NUMBER,22], "RSK_SUMM".ROWID[ROWID,3034], "RSK_SUMM"."OBJECT_NAME"[VARCHAR2,4000], 
       "RSK_SUMM"."OBJECT_PARENT"[VARCHAR2,4000], "RSK_SUMM"."LEVEL_1_APPROVER"[VARCHAR2,400], 
       "RSK_SUMM"."LEVEL_2_APPROVER"[VARCHAR2,400], "RSK_SUMM"."VALID_UNTIL"[DATE,7], 
       "RSK_SUMM"."VALID_FROM"[DATE,7], "RSK_SUMM"."DESCRIPTION"[LOB,4000], "RSK_SUMM"."IS_ORPHAN"[NUMBER,22], 
       "RSK_SUMM"."DD_OBJECT_TYPE"[VARCHAR2,1600], "RSK_SUMM"."OBJECT_NAME_URL"[VARCHAR2,4000], 
       "RSK_SUMM"."OWNER_NAME"[LOB,4000], "RSK_SUMM"."OWNER_ORG_NAMES"[LOB,4000], "RSK_SUMM"."CREATED_DATE"[DATE,7], 
       "RSK_SUMM"."CREATED_BY"[VARCHAR2,400], "RSK_SUMM"."UPDATED_DATE"[DATE,7], 
       "RSK_SUMM"."UPDATED_BY"[VARCHAR2,400]
  10 - (#keys=0) "MLS_SUMM"."OBJECT_ID"[VARCHAR2,1600], "MLS_SUMM"."LOCALE_ID"[VARCHAR2,400], 
       "MLS_SUMM"."LOCALE"[VARCHAR2,400], "MLS_SUMM"."CAT_NAME_AGG"[LOB,4000], 
       "MLS_SUMM"."OBJECT_LEVEL"[VARCHAR2,4000], "MLS_SUMM"."OBJ_STATUS"[VARCHAR2,4000], 
       "MLS_SUMM"."KEY_RISK"[VARCHAR2,1020], "RSK_SUMM".ROWID[ROWID,3034], "UPPER_OBJECT_NAME"[VARCHAR2,3000], 
       "OBJ_SUMM_WID"[NUMBER,22], "RSK_SUMM"."OBJECT_ID"[VARCHAR2,1600], "RSK_SUMM"."OBJECT_NAME"[VARCHAR2,4000], 
       "RSK_SUMM"."OBJECT_PARENT"[VARCHAR2,4000], "RSK_SUMM"."LEVEL_1_APPROVER"[VARCHAR2,400], 
       "RSK_SUMM"."LEVEL_2_APPROVER"[VARCHAR2,400], "RSK_SUMM"."VALID_UNTIL"[DATE,7], 
       "RSK_SUMM"."VALID_FROM"[DATE,7], "RSK_SUMM"."DESCRIPTION"[LOB,4000], "RSK_SUMM"."IS_ORPHAN"[NUMBER,22], 
       "RSK_SUMM"."DD_OBJECT_TYPE"[VARCHAR2,1600], "RSK_SUMM"."OBJECT_NAME_URL"[VARCHAR2,4000], 
       "RSK_SUMM"."OWNER_NAME"[LOB,4000], "RSK_SUMM"."OWNER_ORG_NAMES"[LOB,4000], "RSK_SUMM"."CREATED_DATE"[DATE,7], 
       "RSK_SUMM"."CREATED_BY"[VARCHAR2,400], "RSK_SUMM"."UPDATED_DATE"[DATE,7], 
       "RSK_SUMM"."UPDATED_BY"[VARCHAR2,400], "RSK_SUMM".ROWID[ROWID,3034]
  11 - "MLS_SUMM"."OBJECT_ID"[VARCHAR2,1600], "MLS_SUMM"."LOCALE_ID"[VARCHAR2,400], 
       "MLS_SUMM"."LOCALE"[VARCHAR2,400], "MLS_SUMM"."CAT_NAME_AGG"[LOB,4000], 
       "MLS_SUMM"."OBJECT_LEVEL"[VARCHAR2,4000], "MLS_SUMM"."OBJ_STATUS"[VARCHAR2,4000], 
       "MLS_SUMM"."KEY_RISK"[VARCHAR2,1020]
  12 - "SI_USERS_T".ROWID[ROWID,10], "USER_NAME"[VARCHAR2,320], "LOCALE"[VARCHAR2,400]
  13 - "SI_USERS_T".ROWID[ROWID,10], "USER_NAME"[VARCHAR2,320]
  14 - "RSK_SUMM".ROWID[ROWID,3034], "UPPER_OBJECT_NAME"[VARCHAR2,3000], "OBJ_SUMM_WID"[NUMBER,22], 
       "RSK_SUMM"."OBJECT_ID"[VARCHAR2,1600], "RSK_SUMM"."OBJECT_NAME"[VARCHAR2,4000], 
       "RSK_SUMM"."OBJECT_PARENT"[VARCHAR2,4000], "RSK_SUMM"."LEVEL_1_APPROVER"[VARCHAR2,400], 
       "RSK_SUMM"."LEVEL_2_APPROVER"[VARCHAR2,400], "RSK_SUMM"."VALID_UNTIL"[DATE,7], 
       "RSK_SUMM"."VALID_FROM"[DATE,7], "RSK_SUMM"."DESCRIPTION"[LOB,4000], "RSK_SUMM"."IS_ORPHAN"[NUMBER,22], 
       "RSK_SUMM"."DD_OBJECT_TYPE"[VARCHAR2,1600], "RSK_SUMM"."OBJECT_NAME_URL"[VARCHAR2,4000], 
       "RSK_SUMM"."OWNER_NAME"[LOB,4000], "RSK_SUMM"."OWNER_ORG_NAMES"[LOB,4000], "RSK_SUMM"."CREATED_DATE"[DATE,7], 
       "RSK_SUMM"."CREATED_BY"[VARCHAR2,400], "RSK_SUMM"."UPDATED_DATE"[DATE,7], 
       "RSK_SUMM"."UPDATED_BY"[VARCHAR2,400], "RSK_SUMM".ROWID[ROWID,3034]
  15 - "RSK_SUMM".ROWID[ROWID,3034], "UPPER_OBJECT_NAME"[VARCHAR2,3000], "OBJ_SUMM_WID"[NUMBER,22], 
       "RSK_SUMM"."OBJECT_ID"[VARCHAR2,1600], "RSK_SUMM"."OBJECT_NAME"[VARCHAR2,4000], 
       "RSK_SUMM"."OBJECT_PARENT"[VARCHAR2,4000], "RSK_SUMM"."LEVEL_1_APPROVER"[VARCHAR2,400], 
       "RSK_SUMM"."LEVEL_2_APPROVER"[VARCHAR2,400], "RSK_SUMM"."VALID_UNTIL"[DATE,7], 
       "RSK_SUMM"."VALID_FROM"[DATE,7], "RSK_SUMM"."DESCRIPTION"[LOB,4000], "RSK_SUMM"."IS_ORPHAN"[NUMBER,22], 
       "RSK_SUMM"."DD_OBJECT_TYPE"[VARCHAR2,1600], "RSK_SUMM"."OBJECT_NAME_URL"[VARCHAR2,4000], 
       "RSK_SUMM"."OWNER_NAME"[LOB,4000], "RSK_SUMM"."OWNER_ORG_NAMES"[LOB,4000], "RSK_SUMM"."CREATED_DATE"[DATE,7], 
       "RSK_SUMM"."CREATED_BY"[VARCHAR2,400], "RSK_SUMM"."UPDATED_DATE"[DATE,7], 
       "RSK_SUMM"."UPDATED_BY"[VARCHAR2,400], "RSK_SUMM".ROWID[ROWID,3034]
  16 - VALUE(A0)[8000]
  17 - (#keys=0) "LOVNAME"."LOV_NAME"[VARCHAR2,100], "LOVNAME"."LOV_ID"[NUMBER,22]
  18 - "LOVNAME"."LOV_NAME"[VARCHAR2,100], "LOVNAME"."LOV_ID"[NUMBER,22]
  19 - "X"."LOV_VALUE_ID"[NUMBER,22], "X"."LOV_ID"[NUMBER,22], "X"."DISPLAYED_VALUE"[VARCHAR2,2000], 
       "X"."LOCALE_ID"[NUMBER,22]
  20 - (#keys=0) "T"."LOV_VALUE_ID"[NUMBER,22], "T"."LOV_ID"[NUMBER,22], "T"."ORG_ENTITY_ID"[NUMBER,22], 
       "T"."STORED_VALUE"[VARCHAR2,100], "T"."DISPLAYED_VALUE"[VARCHAR2,2000], "LOCALE_ID"[NUMBER,22], 
       "ENABLED_FLAG"[VARCHAR2,1]
  21 - "T"."LOV_VALUE_ID"[NUMBER,22], "T"."LOV_ID"[NUMBER,22], "T"."ORG_ENTITY_ID"[NUMBER,22], 
       "T"."STORED_VALUE"[VARCHAR2,100], "T"."DISPLAYED_VALUE"[VARCHAR2,2000]
  22 - (#keys=0) "LOCALE_ID"[NUMBER,22], "ENABLED_FLAG"[VARCHAR2,1]
  23 - "LOCALE_ID"[NUMBER,22], "ENABLED_FLAG"[VARCHAR2,1]
  24 - "TL"."LOV_VALUE_ID"[NUMBER,22], "TL"."DISPLAYED_VALUE"[VARCHAR2,2000], "TL"."LOCALE_ID"[NUMBER,22]
										</code></pre>
								</section>
						</div>
					</div>

				<!-- Sidebar -->
				<div id="sidebar">
					<div class="inner">
						<!-- Menu -->
						<nav id="menu">
							<header class="major">
								<h2>Menu</h2>
							</header>
							<ul>
								<li><a href="index.html">Summary</a></li>
								<li>
									<span class="opener">SQL Analysis</span>
									<ul>
										<li><a href="union.html">Union &amp; Union All</a></li>
										<li><a href="poor-sql.html">Poor Plan</a></li>
										<li><a href="invalid-sql.html">Invalid SQL</a></li>
										<li><a href="full-sql.html">Full Report</a></li>
									</ul>
								</li>
							</ul>
						</nav>

						<!-- Section -->
						<section>
							<header class="major">
								<h2>Get in touch</h2>
							</header>
							<p>You need more details on the report or want more functionality, don't hesitate to reach out to us.</p>
							<ul class="contact">
								<li class="fa-envelope-o"><a href="mailto:rnd@metricstream.com?Subject=Reg - Static Code Analysis Tool" target="_top">rnd@metricstream.com</a></li>
							</ul>
						</section>

						<!-- Footer -->
						<footer id="footer">
							<p class="copyright">&copy; <a href="http://www.metricstream.com" target="_blank">MetricStream</a>. All rights reserved. </p>
						</footer>
					</div>
				</div>
			</div>

		<!-- Scripts -->
			<script src="../lib/assets/js/jquery.min.js"></script>
			<script src="../lib/assets/js/skel.min.js"></script>
			<script src="../lib/assets/js/util.js"></script>
			<!--[if lte IE 8]><script src="../lib/assets/js/ie/respond.min.js"></script><![endif]-->
			<script src="../lib/assets/js/main.js"></script>
	</body>
</html>