<!DOCTYPE HTML>
<html>
	<head>
		<title>Code Analysis - MetricStream</title>
		<meta charset="utf-8" />
		<meta name="viewport" content="width=device-width, initial-scale=1, user-scalable=no" />
		<!--[if lte IE 8]><script src="../../lib/assets/js/ie/html5shiv.js"></script><![endif]-->
		<link rel="stylesheet" href="../../lib/assets/css/main.css" />
		<!--[if lte IE 9]><link rel="stylesheet" href="../../lib/assets/css/ie9.css" /><![endif]-->
		<!--[if lte IE 8]><link rel="stylesheet" href="../../lib/assets/css/ie8.css" /><![endif]-->
	</head>
	<body>

		<!-- Wrapper -->
			<div id="wrapper">

				<!-- Main -->
					<div id="main">
						<div class="inner">
							<!-- Header -->
								<header id="header">
									<a href="index.html" class="logo"><strong>Static Code Analysis Report</strong> by Code Analyzer Tool</a>
								</header>

							<!-- Content -->
								<section>
									<!-- Content -->
										<header class="major"><h2>Infolet Details</h2></header>
										<div class="table-wrapper">
											<table>
												<tbody>
													<tr>
														<td><b>Name</b></td>
														<td>MS_ISM_AUTO_DELEGATEE (101210)</td>
													</tr>
													<tr>
														<td><b>SQL</b></td>
														<td><pre><code>SELECT DISTINCT
       MS_ISM_HELPER.get_select_url_for_rpt (
          a.USER_FULL_NAME,
          a.USER_NAME,
          'RADIO')
          AS Radio,
       a.user_name AS USER_NAME,
       a.USER_FULL_NAME AS USER_FULL_NAME,
       MS_ISM_HELPER.get_roles_for_delegatee(user_name) AS Roles,
       A.User_Id,''
  FROM ms_ism_org_flow_up_v a,
  (Select org_entity_id From si_org_entities_t
	start With Org_Entity_Id in (Select Distinct Org_Entity_Id From Ms_Ism_Org_Flow_Up_V B Where User_Name = :1)
	connect by org_entity_id = prior parent_org_entity_id)tmp
 WHERE activity_name in ('ISM - Issue Owner','ISM - Implement Action')
       And User_Name Not In (:1)
       And User_Name Not In (Select Delegatee From Ms_Ism_Auto_Delegation Where Logged_User=:1 And Remove_Delegation='no')
       AND a.org_entity_id = tmp.org_entity_id</code></pre></td>
													</tr>
													<tr>
														<td><b>Description</b></td>
														<td>This infolet to retrieve the Issue Owners</td>
													</tr>
												</tbody>
											</table>
										</div>

										<h2 align="center" id="content">Analysis Report</h2>
										<hr>

<header class="major"><h2>Plan hash value: 406906654</h2></header><pre><code>
 
-------------------------------------------------------------------------------------------------------------------------
| Id  | Operation                                   | Name                      | Rows  | Bytes | Cost (%CPU)| Time     |
-------------------------------------------------------------------------------------------------------------------------
|   0 | SELECT STATEMENT                            |                           |     1 |  1230 |    21   (5)| 00:00:01 |
|   1 |  SORT UNIQUE                                |                           |     1 |  1230 |    21   (5)| 00:00:01 |
|   2 |   NESTED LOOPS                              |                           |     1 |  1230 |    20   (0)| 00:00:01 |
|*  3 |    HASH JOIN ANTI NA                        |                           |     1 |  1225 |    19   (0)| 00:00:01 |
|   4 |     NESTED LOOPS                            |                           |     1 |    99 |    18   (0)| 00:00:01 |
|   5 |      NESTED LOOPS                           |                           |     1 |    99 |    18   (0)| 00:00:01 |
|   6 |       NESTED LOOPS                          |                           |     1 |    72 |    17   (0)| 00:00:01 |
|*  7 |        HASH JOIN                            |                           |     1 |    62 |    16   (0)| 00:00:01 |
|   8 |         NESTED LOOPS                        |                           |     1 |    57 |     5   (0)| 00:00:01 |
|   9 |          NESTED LOOPS                       |                           |     1 |    57 |     5   (0)| 00:00:01 |
|  10 |           NESTED LOOPS                      |                           |     1 |    42 |     4   (0)| 00:00:01 |
|  11 |            INLIST ITERATOR                  |                           |       |       |            |          |
|  12 |             TABLE ACCESS BY INDEX ROWID     | SI_ACTIVITIES_T           |     1 |    32 |     1   (0)| 00:00:01 |
|* 13 |              INDEX RANGE SCAN               | SI_ACTIVITIES_N2          |     1 |       |     1   (0)| 00:00:01 |
|* 14 |            INDEX FULL SCAN                  | SI_ROLE_ACTIVITIES_N2     |     3 |    30 |     2   (0)| 00:00:01 |
|* 15 |           INDEX RANGE SCAN                  | SI_ORG_ROLES_N2           |     1 |       |     1   (0)| 00:00:01 |
|  16 |          TABLE ACCESS BY INDEX ROWID        | SI_ORG_ROLES              |     1 |    15 |     1   (0)| 00:00:01 |
|  17 |         VIEW                                |                           |     6 |    30 |    13  (16)| 00:00:01 |
|* 18 |          CONNECT BY WITHOUT FILTERING       |                           |       |       |            |          |
|* 19 |           HASH JOIN SEMI                    |                           |     3 |    69 |     8   (0)| 00:00:01 |
|  20 |            INDEX FULL SCAN                  | SI_ORG_ENTITIES_N5        |    74 |   740 |     1   (0)| 00:00:01 |
|  21 |            VIEW                             | VW_NSO_1                  |     3 |    39 |     7   (0)| 00:00:01 |
|* 22 |             HASH JOIN                       |                           |     3 |   297 |     7   (0)| 00:00:01 |
|  23 |              NESTED LOOPS                   |                           |    34 |  2278 |     5   (0)| 00:00:01 |
|* 24 |               HASH JOIN                     |                           |     3 |   171 |     4   (0)| 00:00:01 |
|  25 |                NESTED LOOPS                 |                           |     3 |   156 |     3   (0)| 00:00:01 |
|  26 |                 NESTED LOOPS                |                           |    63 |  2646 |     2   (0)| 00:00:01 |
|* 27 |                  TABLE ACCESS BY INDEX ROWID| SI_USERS_T                |     1 |    27 |     1   (0)| 00:00:01 |
|* 28 |                   INDEX RANGE SCAN          | SI_USERS_T_N3             |     1 |       |     1   (0)| 00:00:01 |
|  29 |                  INDEX FULL SCAN            | SI_ORG_ROLES_N3           |    63 |   945 |     1   (0)| 00:00:01 |
|* 30 |                 INDEX RANGE SCAN            | SI_USER_ORG_ROLES_N2      |     1 |    10 |     1   (0)| 00:00:01 |
|  31 |                INDEX FULL SCAN              | SI_ORG_ENTITIES_N1        |    74 |   370 |     1   (0)| 00:00:01 |
|* 32 |               INDEX RANGE SCAN              | SI_ROLE_ACTIVITIES_N2     |    12 |   120 |     1   (0)| 00:00:01 |
|* 33 |              VIEW                           | index$_join$_019          |    24 |   768 |     2   (0)| 00:00:01 |
|* 34 |               HASH JOIN                     |                           |       |       |            |          |
|* 35 |                INDEX RANGE SCAN             | SI_ACTIVITIES_N2          |    24 |   768 |     1   (0)| 00:00:01 |
|  36 |                INDEX FAST FULL SCAN         | SI_ACTIVITIES_N1          |    24 |   768 |     1   (0)| 00:00:01 |
<font style="background-color: lightblue; color: red">|  37 |           TABLE ACCESS FULL                 | SI_ORG_ENTITIES_T         |    74 |   740 |     3   (0)| 00:00:01 |</font>
|* 38 |        INDEX RANGE SCAN                     | SI_USER_ORG_ROLES_N2      |     2 |    20 |     1   (0)| 00:00:01 |
|* 39 |       INDEX UNIQUE SCAN                     | SI_USERS_T_N1             |     1 |       |     1   (0)| 00:00:01 |
|* 40 |      TABLE ACCESS BY INDEX ROWID            | SI_USERS_T                |     1 |    27 |     1   (0)| 00:00:01 |
|* 41 |     TABLE ACCESS BY INDEX ROWID             | MS_ISM_AUTO_DELEGATION    |     1 |  1126 |     1   (0)| 00:00:01 |
|* 42 |      INDEX UNIQUE SCAN                      | MS_ISM_AUTO_DELEGATION_PK |     1 |       |     1   (0)| 00:00:01 |
|* 43 |    INDEX RANGE SCAN                         | SI_ORG_ENTITIES_N5        |     1 |     5 |     1   (0)| 00:00:01 |
-------------------------------------------------------------------------------------------------------------------------
 
</code></pre><header class="major"><h2>Query Block Name / Object Alias (identified by operation id):</h2></header><pre><code>
 
   1 - SEL$E6781DFB
  12 - SEL$E6781DFB / A@SEL$2
  13 - SEL$E6781DFB / A@SEL$2
  14 - SEL$E6781DFB / B@SEL$2
  15 - SEL$E6781DFB / C@SEL$2
  16 - SEL$E6781DFB / C@SEL$2
  17 - SEL$3        / TMP@SEL$1
  18 - SEL$3       
  19 - SEL$29316FF7
  20 - SEL$29316FF7 / SI_ORG_ENTITIES_T@SEL$6
  21 - SEL$D7D3B280 / VW_NSO_1@SEL$29316FF7
  22 - SEL$D7D3B280
  27 - SEL$D7D3B280 / F@SEL$10
  28 - SEL$D7D3B280 / F@SEL$10
  29 - SEL$D7D3B280 / C@SEL$10
  30 - SEL$D7D3B280 / E@SEL$10
  31 - SEL$D7D3B280 / D@SEL$10
  32 - SEL$D7D3B280 / B@SEL$10
  33 - SEL$FAE49EC1 / A@SEL$10
  34 - SEL$FAE49EC1
  35 - SEL$FAE49EC1 / indexjoin$_alias$_001@SEL$FAE49EC1
  36 - SEL$FAE49EC1 / indexjoin$_alias$_002@SEL$FAE49EC1
  37 - SEL$4        / SI_ORG_ENTITIES_T@SEL$4
  38 - SEL$E6781DFB / E@SEL$2
  39 - SEL$E6781DFB / F@SEL$2
  40 - SEL$E6781DFB / F@SEL$2
  41 - SEL$E6781DFB / MS_ISM_AUTO_DELEGATION@SEL$11
  42 - SEL$E6781DFB / MS_ISM_AUTO_DELEGATION@SEL$11
  43 - SEL$E6781DFB / D@SEL$2
 
</code></pre><header class="major"><h2>Predicate Information (identified by operation id):</h2></header><pre><code>
 
   3 - access("F"."USER_NAME"="DELEGATEE")
   7 - access("C"."ORG_ENTITY_ID"="TMP"."ORG_ENTITY_ID")
  13 - access("A"."ACTIVITY_NAME"='ISM - Implement Action' OR "A"."ACTIVITY_NAME"='ISM - Issue Owner')
       filter("A"."ACTIVITY_NAME" LIKE 'ISM%')
  14 - access("A"."ACTIVITY_ID"="B"."ACTIVITY_ID")
       filter("A"."ACTIVITY_ID"="B"."ACTIVITY_ID")
  15 - access("B"."ROLE_ID"="C"."ROLE_ID")
  18 - access("ORG_ENTITY_ID"=PRIOR "PARENT_ORG_ENTITY_ID")
  19 - access("ORG_ENTITY_ID"="ORG_ENTITY_ID")
  22 - access("A"."ACTIVITY_ID"="B"."ACTIVITY_ID")
  24 - access("C"."ORG_ENTITY_ID"="D"."ORG_ENTITY_ID")
  27 - filter(NVL("F"."END_DATE",SYSDATE@!+1)>=SYSDATE@! AND NVL("F"."START_DATE",SYSDATE@!-1)<=SYSDATE@!)
  28 - access("F"."USER_NAME"=:1)
  30 - access("C"."ORG_ROLE_ID"="E"."ORG_ROLE_ID" AND "E"."USER_ID"="F"."USER_ID")
  32 - access("B"."ROLE_ID"="C"."ROLE_ID")
  33 - filter("A"."ACTIVITY_NAME" LIKE 'ISM%')
  34 - access(ROWID=ROWID)
  35 - access("A"."ACTIVITY_NAME" LIKE 'ISM%')
  38 - access("C"."ORG_ROLE_ID"="E"."ORG_ROLE_ID")
  39 - access("E"."USER_ID"="F"."USER_ID")
  40 - filter(NVL("F"."END_DATE",SYSDATE@!+1)>=SYSDATE@! AND "F"."USER_NAME"<>:1 AND 
              NVL("F"."START_DATE",SYSDATE@!-1)<=SYSDATE@!)
  41 - filter("REMOVE_DELEGATION"='no')
  42 - access("LOGGED_USER"=:1)
  43 - access("C"."ORG_ENTITY_ID"="D"."ORG_ENTITY_ID")
 
</code></pre><header class="major"><h2>Column Projection Information (identified by operation id):</h2></header><pre><code>
 
   1 - (#keys=6) "MS_ISM_HELPER"."GET_SELECT_URL_FOR_RPT"("MS_APPS_UTILITIES"."GET_USER_FULL_NAME"("F"."USER_NAME
       "),"F"."USER_NAME",'RADIO')[4000], "F"."USER_NAME"[VARCHAR2,80], 
       "MS_APPS_UTILITIES"."GET_USER_FULL_NAME"("F"."USER_NAME")[4000], 
       "MS_ISM_HELPER"."GET_ROLES_FOR_DELEGATEE"("F"."USER_NAME")[4000], "E"."USER_ID"[NUMBER,22], ''[0]
   2 - (#keys=0) "F"."USER_NAME"[VARCHAR2,80], "E"."USER_ID"[NUMBER,22]
   3 - (#keys=1) "F"."USER_NAME"[VARCHAR2,80], "C"."ORG_ENTITY_ID"[NUMBER,22], "E"."USER_ID"[NUMBER,22]
   4 - (#keys=0) "C"."ORG_ENTITY_ID"[NUMBER,22], "E"."USER_ID"[NUMBER,22], "F"."USER_NAME"[VARCHAR2,80]
   5 - (#keys=0) "C"."ORG_ENTITY_ID"[NUMBER,22], "E"."USER_ID"[NUMBER,22], "F".ROWID[ROWID,10]
   6 - (#keys=0) "C"."ORG_ENTITY_ID"[NUMBER,22], "E"."USER_ID"[NUMBER,22]
   7 - (#keys=1) "C"."ORG_ENTITY_ID"[NUMBER,22], "C"."ORG_ROLE_ID"[NUMBER,22]
   8 - (#keys=0) "C"."ORG_ROLE_ID"[NUMBER,22], "C"."ORG_ENTITY_ID"[NUMBER,22]
   9 - (#keys=0) "C".ROWID[ROWID,10]
  10 - (#keys=0) "B"."ROLE_ID"[NUMBER,22]
  11 - "A"."ACTIVITY_ID"[NUMBER,22]
  12 - "A"."ACTIVITY_ID"[NUMBER,22], "A"."ACTIVITY_NAME"[VARCHAR2,400]
  13 - "A".ROWID[ROWID,10], "A"."ACTIVITY_NAME"[VARCHAR2,400]
  14 - "B"."ROLE_ID"[NUMBER,22]
  15 - "C".ROWID[ROWID,10]
  16 - "C"."ORG_ROLE_ID"[NUMBER,22], "C"."ORG_ENTITY_ID"[NUMBER,22]
  17 - "TMP"."ORG_ENTITY_ID"[NUMBER,22]
  18 - "ORG_ENTITY_ID"[NUMBER,22], "PARENT_ORG_ENTITY_ID"[NUMBER,22], PRIOR NULL[22], LEVEL[4]
  19 - (#keys=1) "ORG_ENTITY_ID"[NUMBER,22], "SI_ORG_ENTITIES_T".ROWID[ROWID,10], 
       "PARENT_ORG_ENTITY_ID"[NUMBER,22]
  20 - "SI_ORG_ENTITIES_T".ROWID[ROWID,10], "ORG_ENTITY_ID"[NUMBER,22], "PARENT_ORG_ENTITY_ID"[NUMBER,22]
  21 - "ORG_ENTITY_ID"[NUMBER,22]
  22 - (#keys=1) "B"."ACTIVITY_ID"[NUMBER,22], "A"."ACTIVITY_ID"[NUMBER,22], "C"."ORG_ENTITY_ID"[NUMBER,22], 
       "D"."ORG_ENTITY_ID"[NUMBER,22], "F".ROWID[ROWID,10], "F"."USER_ID"[NUMBER,22], "F"."USER_NAME"[VARCHAR2,80], 
       "F"."START_DATE"[DATE,7], "F"."END_DATE"[DATE,7], "C".ROWID[ROWID,10], "C"."ORG_ROLE_ID"[NUMBER,22], 
       "E"."USER_ID"[NUMBER,22], "C"."ROLE_ID"[NUMBER,22], "E".ROWID[ROWID,10], "E"."ORG_ROLE_ID"[NUMBER,22], 
       "D".ROWID[ROWID,10], "B".ROWID[ROWID,10], "B"."ROLE_ID"[NUMBER,22], ROWID[ROWID,10], 
       "ACTIVITY_NAME"[VARCHAR2,400]
  23 - (#keys=0) "C"."ORG_ENTITY_ID"[NUMBER,22], "D"."ORG_ENTITY_ID"[NUMBER,22], "F".ROWID[ROWID,10], 
       "F"."USER_ID"[NUMBER,22], "F"."USER_NAME"[VARCHAR2,80], "F"."START_DATE"[DATE,7], "F"."END_DATE"[DATE,7], 
       "C".ROWID[ROWID,10], "C"."ORG_ROLE_ID"[NUMBER,22], "E"."USER_ID"[NUMBER,22], "C"."ROLE_ID"[NUMBER,22], 
       "E".ROWID[ROWID,10], "E"."ORG_ROLE_ID"[NUMBER,22], "D".ROWID[ROWID,10], "B".ROWID[ROWID,10], 
       "B"."ACTIVITY_ID"[NUMBER,22], "B"."ROLE_ID"[NUMBER,22]
  24 - (#keys=1) "C"."ORG_ENTITY_ID"[NUMBER,22], "D"."ORG_ENTITY_ID"[NUMBER,22], "F".ROWID[ROWID,10], 
       "F"."USER_ID"[NUMBER,22], "F"."USER_NAME"[VARCHAR2,80], "F"."START_DATE"[DATE,7], "F"."END_DATE"[DATE,7], 
       "C".ROWID[ROWID,10], "C"."ORG_ROLE_ID"[NUMBER,22], "E"."USER_ID"[NUMBER,22], "C"."ROLE_ID"[NUMBER,22], 
       "E".ROWID[ROWID,10], "E"."ORG_ROLE_ID"[NUMBER,22], "D".ROWID[ROWID,10]
  25 - (#keys=0) "F".ROWID[ROWID,10], "F"."USER_ID"[NUMBER,22], "F"."USER_NAME"[VARCHAR2,80], 
       "F"."START_DATE"[DATE,7], "F"."END_DATE"[DATE,7], "C".ROWID[ROWID,10], "C"."ORG_ROLE_ID"[NUMBER,22], 
       "C"."ORG_ENTITY_ID"[NUMBER,22], "C"."ROLE_ID"[NUMBER,22], "E".ROWID[ROWID,10], "E"."ORG_ROLE_ID"[NUMBER,22], 
       "E"."USER_ID"[NUMBER,22]
  26 - (#keys=0) "F".ROWID[ROWID,10], "F"."USER_ID"[NUMBER,22], "F"."USER_NAME"[VARCHAR2,80], 
       "F"."START_DATE"[DATE,7], "F"."END_DATE"[DATE,7], "C".ROWID[ROWID,10], "C"."ORG_ROLE_ID"[NUMBER,22], 
       "C"."ORG_ENTITY_ID"[NUMBER,22], "C"."ROLE_ID"[NUMBER,22]
  27 - "F".ROWID[ROWID,10], "F"."USER_ID"[NUMBER,22], "F"."USER_NAME"[VARCHAR2,80], "F"."START_DATE"[DATE,7], 
       "F"."END_DATE"[DATE,7]
  28 - "F".ROWID[ROWID,10], "F"."USER_NAME"[VARCHAR2,80]
  29 - "C".ROWID[ROWID,10], "C"."ORG_ROLE_ID"[NUMBER,22], "C"."ORG_ENTITY_ID"[NUMBER,22], 
       "C"."ROLE_ID"[NUMBER,22]
  30 - "E".ROWID[ROWID,10], "E"."ORG_ROLE_ID"[NUMBER,22], "E"."USER_ID"[NUMBER,22]
  31 - "D".ROWID[ROWID,10], "D"."ORG_ENTITY_ID"[NUMBER,22]
  32 - "B".ROWID[ROWID,10], "B"."ACTIVITY_ID"[NUMBER,22], "B"."ROLE_ID"[NUMBER,22]
  33 - ROWID[ROWID,10], "A"."ACTIVITY_ID"[NUMBER,22], "ACTIVITY_NAME"[VARCHAR2,400]
  34 - (#keys=1) ROWID[ROWID,10], ROWID[ROWID,10], "A"."ACTIVITY_NAME"[VARCHAR2,400], 
       "A"."ACTIVITY_ID"[NUMBER,22]
  35 - ROWID[ROWID,10], "A"."ACTIVITY_NAME"[VARCHAR2,400]
  36 - ROWID[ROWID,10], "A"."ACTIVITY_ID"[NUMBER,22]
  37 - "ORG_ENTITY_ID"[NUMBER,22], "PARENT_ORG_ENTITY_ID"[NUMBER,22]
  38 - "E"."USER_ID"[NUMBER,22]
  39 - "F".ROWID[ROWID,10]
  40 - "F"."USER_NAME"[VARCHAR2,80]
  41 - "DELEGATEE"[VARCHAR2,1020]
  42 - "MS_ISM_AUTO_DELEGATION".ROWID[ROWID,10]
										</code></pre>
								</section>
						</div>
					</div>

				<!-- Sidebar -->
				<div id="sidebar">
					<div class="inner">
						<!-- Menu -->
						<nav id="menu">
							<header class="major">
								<h2>Menu</h2>
							</header>
							<ul>
								<li><a href="../index.html">Module List</a></li>
								<li><a href="index.html">Summary</a></li>
								<li>
									<span class="opener">DB Analysis</span>
									<ul>
										<li><a href="bad-sql.html">Bad SQL</a></li>
										<li><a href="poor-sql.html">Poor SQL Plan</a></li>
										<li><a href="invalid-sql.html">Invalid SQL</a></li>
										<li><a href="full-sql.html">Full SQL Report</a></li>
										<li><a href="table-nil-key.html">Primary/Unique Key Miss</a></li>
										<li><a href="invalid-db-object.html">Invalid DB Objects</a></li>
									</ul>
								</li>
								<li>
									<span class="opener">Infolets</span>
									<ul>
										<li><a href="keep-history-infolets.html">Keep History Infolets</a></li>
									</ul>
								</li>
								<li>
									<span class="opener">Pushforms</span>
									<ul>
										<li><a href="pushform-denormalize.html">Pushform Denormalized</a></li>
									</ul>
								</li>
							</ul>
						</nav>

						<!-- Section -->
						<section>
							<header class="major">
								<h2>Get in touch</h2>
							</header>
							<p>You need more details on the report or want more functionality, don't hesitate to reach out to us.</p>
							<ul class="contact">
								<li class="fa-envelope-o"><a href="mailto:rnd@metricstream.com?Subject=Reg - Static Code Analysis Tool" target="_top">rnd@metricstream.com</a></li>
							</ul>
						</section>

						<!-- Footer -->
						<footer id="footer">
							<p class="copyright">&copy; <a href="http://www.metricstream.com" target="_blank">MetricStream</a>. All rights reserved. </p>
						</footer>
					</div>
				</div>
			</div>

		<!-- Scripts -->
			<script src="../../lib/assets/js/jquery.min.js"></script>
			<script src="../../lib/assets/js/skel.min.js"></script>
			<script src="../../lib/assets/js/util.js"></script>
			<!--[if lte IE 8]><script src="../../lib/assets/js/ie/respond.min.js"></script><![endif]-->
			<script src="../../lib/assets/js/main.js"></script>
	</body>
</html>