<!DOCTYPE HTML>
<html>
	<head>
		<title>Code Analysis - MetricStream</title>
		<meta charset="utf-8" />
		<meta name="viewport" content="width=device-width, initial-scale=1, user-scalable=no" />
		<!--[if lte IE 8]><script src="../../lib/assets/js/ie/html5shiv.js"></script><![endif]-->
		<link rel="stylesheet" href="../../lib/assets/css/main.css" />
		<!--[if lte IE 9]><link rel="stylesheet" href="../../lib/assets/css/ie9.css" /><![endif]-->
		<!--[if lte IE 8]><link rel="stylesheet" href="../../lib/assets/css/ie8.css" /><![endif]-->
	</head>
	<body>

		<!-- Wrapper -->
			<div id="wrapper">

				<!-- Main -->
					<div id="main">
						<div class="inner">
							<!-- Header -->
								<header id="header">
									<a href="index.html" class="logo"><strong>Static Code Analysis Report</strong> by Code Analyzer Tool</a>
								</header>

							<!-- Content -->
								<section>
									<!-- Content -->
										<header class="major"><h2>Infolet Details</h2></header>
										<div class="table-wrapper">
											<table>
												<tbody>
													<tr>
														<td><b>Name</b></td>
														<td>MS_ISM_Get_User (101277)</td>
													</tr>
													<tr>
														<td><b>SQL</b></td>
														<td><pre><code>SELECT DISTINCT fdo.user_id as User_ID
, fdo.user_name as User_Name
,fdo.user_full_name as User_Full_Name
, FDO.ACTIVITY_NAME AS ACTIVITY_NAME
FROM MS_ISM_ORG_FLOW_UP_V FDO 
WHERE org_entity_id in (select org_entity_id from si_org_entities_t
START WITH ORG_ENTITY_ID=:1
CONNECT BY ORG_ENTITY_ID=PRIOR PARENT_ORG_ENTITY_ID)</code></pre></td>
													</tr>
													<tr>
														<td><b>Description</b></td>
														<td>This Infolet to retrieve users based on selected organizations</td>
													</tr>
												</tbody>
											</table>
										</div>

										<h2 align="center" id="content">Analysis Report</h2>
										<hr>

<header class="major"><h2>Plan hash value: 3824273162</h2></header><pre><code>
 
-------------------------------------------------------------------------------------------------------------------
| Id  | Operation                                 | Name                  | Rows  | Bytes | Cost (%CPU)| Time     |
-------------------------------------------------------------------------------------------------------------------
|   0 | SELECT STATEMENT                          |                       |     1 |   104 |    14  (22)| 00:00:01 |
|   1 |  SORT UNIQUE                              |                       |     1 |   104 |    14  (22)| 00:00:01 |
|*  2 |   HASH JOIN                               |                       |     1 |   104 |    13  (16)| 00:00:01 |
|   3 |    NESTED LOOPS                           |                       |     9 |   648 |    11  (19)| 00:00:01 |
|   4 |     NESTED LOOPS                          |                       |     1 |    62 |    10  (20)| 00:00:01 |
|*  5 |      HASH JOIN                            |                       |     1 |    57 |     9  (23)| 00:00:01 |
|*  6 |       HASH JOIN                           |                       |     7 |   364 |     5  (20)| 00:00:01 |
|   7 |        MERGE JOIN                         |                       |     7 |   259 |     4  (25)| 00:00:01 |
|*  8 |         TABLE ACCESS BY INDEX ROWID       | SI_USERS_T            |     2 |    54 |     2   (0)| 00:00:01 |
|   9 |          INDEX FULL SCAN                  | SI_USERS_T_N1         |    46 |       |     1   (0)| 00:00:01 |
|* 10 |         SORT JOIN                         |                       |   137 |  1370 |     2  (50)| 00:00:01 |
|  11 |          INDEX FULL SCAN                  | SI_USER_ORG_ROLES_N2  |   137 |  1370 |     1   (0)| 00:00:01 |
|  12 |        INDEX FULL SCAN                    | SI_ORG_ROLES_N3       |    63 |   945 |     1   (0)| 00:00:01 |
|  13 |       VIEW                                | VW_NSO_1              |     2 |    10 |     4  (25)| 00:00:01 |
|  14 |        SORT UNIQUE                        |                       |     2 |    36 |     4  (25)| 00:00:01 |
|* 15 |         CONNECT BY WITH FILTERING (UNIQUE)|                       |       |       |            |          |
|* 16 |          INDEX RANGE SCAN                 | SI_ORG_ENTITIES_N5    |     1 |    10 |     1   (0)| 00:00:01 |
|  17 |          NESTED LOOPS                     |                       |     1 |    23 |     2   (0)| 00:00:01 |
<font style="background-color: lightblue; color: red">|  18 |           CONNECT BY PUMP                 |                       |       |       |            |          |</font>
|* 19 |           INDEX RANGE SCAN                | SI_ORG_ENTITIES_N5    |     1 |    10 |     1   (0)| 00:00:01 |
|* 20 |      INDEX RANGE SCAN                     | SI_ORG_ENTITIES_N5    |     1 |     5 |     1   (0)| 00:00:01 |
|* 21 |     INDEX RANGE SCAN                      | SI_ROLE_ACTIVITIES_N2 |    12 |   120 |     1   (0)| 00:00:01 |
|* 22 |    VIEW                                   | index$_join$_008      |    24 |   768 |     2   (0)| 00:00:01 |
|* 23 |     HASH JOIN                             |                       |       |       |            |          |
|* 24 |      INDEX RANGE SCAN                     | SI_ACTIVITIES_N2      |    24 |   768 |     1   (0)| 00:00:01 |
|  25 |      INDEX FAST FULL SCAN                 | SI_ACTIVITIES_N1      |    24 |   768 |     1   (0)| 00:00:01 |
-------------------------------------------------------------------------------------------------------------------
 
</code></pre><header class="major"><h2>Query Block Name / Object Alias (identified by operation id):</h2></header><pre><code>
 
   1 - SEL$1F949E82
   8 - SEL$1F949E82 / F@SEL$2
   9 - SEL$1F949E82 / F@SEL$2
  11 - SEL$1F949E82 / E@SEL$2
  12 - SEL$1F949E82 / C@SEL$2
  13 - SEL$AFE8E8F6 / VW_NSO_1@SEL$1F949E82
  14 - SEL$AFE8E8F6
  16 - SEL$6        / SI_ORG_ENTITIES_T@SEL$6
  17 - SEL$5       
  19 - SEL$5        / SI_ORG_ENTITIES_T@SEL$5
  20 - SEL$1F949E82 / D@SEL$2
  21 - SEL$1F949E82 / B@SEL$2
  22 - SEL$8877570F / A@SEL$2
  23 - SEL$8877570F
  24 - SEL$8877570F / indexjoin$_alias$_001@SEL$8877570F
  25 - SEL$8877570F / indexjoin$_alias$_002@SEL$8877570F
 
</code></pre><header class="major"><h2>Predicate Information (identified by operation id):</h2></header><pre><code>
 
   2 - access("A"."ACTIVITY_ID"="B"."ACTIVITY_ID")
   5 - access("C"."ORG_ENTITY_ID"="ORG_ENTITY_ID")
   6 - access("C"."ORG_ROLE_ID"="E"."ORG_ROLE_ID")
   8 - filter(NVL("F"."END_DATE",SYSDATE@!+1)>=SYSDATE@! AND NVL("F"."START_DATE",SYSDATE@!-1)<=SYSDATE@!)
  10 - access("E"."USER_ID"="F"."USER_ID")
       filter("E"."USER_ID"="F"."USER_ID")
  15 - access("ORG_ENTITY_ID"=PRIOR "PARENT_ORG_ENTITY_ID")
  16 - access("ORG_ENTITY_ID"=TO_NUMBER(:1))
  19 - access("ORG_ENTITY_ID"="connect$_by$_pump$_003"."PRIOR PARENT_ORG_ENTITY_ID")
  20 - access("C"."ORG_ENTITY_ID"="D"."ORG_ENTITY_ID")
  21 - access("B"."ROLE_ID"="C"."ROLE_ID")
  22 - filter("A"."ACTIVITY_NAME" LIKE 'ISM%')
  23 - access(ROWID=ROWID)
  24 - access("A"."ACTIVITY_NAME" LIKE 'ISM%')
 
</code></pre><header class="major"><h2>Column Projection Information (identified by operation id):</h2></header><pre><code>
 
   1 - (#keys=4) "E"."USER_ID"[NUMBER,22], "F"."USER_NAME"[VARCHAR2,80], 
       "MS_APPS_UTILITIES"."GET_USER_FULL_NAME"("F"."USER_NAME")[4000], "A"."ACTIVITY_NAME"[VARCHAR2,400]
   2 - (#keys=1) "E"."USER_ID"[NUMBER,22], "F"."USER_NAME"[VARCHAR2,80], "ACTIVITY_NAME"[VARCHAR2,400]
   3 - (#keys=0) "E"."USER_ID"[NUMBER,22], "F"."USER_NAME"[VARCHAR2,80], "B"."ACTIVITY_ID"[NUMBER,22]
   4 - (#keys=0) "E"."USER_ID"[NUMBER,22], "F"."USER_NAME"[VARCHAR2,80], "C"."ROLE_ID"[NUMBER,22]
   5 - (#keys=1) "C"."ORG_ENTITY_ID"[NUMBER,22], "E"."USER_ID"[NUMBER,22], "F"."USER_NAME"[VARCHAR2,80], 
       "C"."ROLE_ID"[NUMBER,22]
   6 - (#keys=1) "E"."USER_ID"[NUMBER,22], "F"."USER_NAME"[VARCHAR2,80], "C"."ROLE_ID"[NUMBER,22], 
       "C"."ORG_ENTITY_ID"[NUMBER,22]
   7 - (#keys=0) "E"."USER_ID"[NUMBER,22], "F"."USER_NAME"[VARCHAR2,80], "E"."ORG_ROLE_ID"[NUMBER,22]
   8 - "F"."USER_ID"[NUMBER,22], "F"."USER_NAME"[VARCHAR2,80]
   9 - "F".ROWID[ROWID,10], "F"."USER_ID"[NUMBER,22]
  10 - (#keys=1) "E"."USER_ID"[NUMBER,22], "E"."ORG_ROLE_ID"[NUMBER,22]
  11 - "E"."ORG_ROLE_ID"[NUMBER,22], "E"."USER_ID"[NUMBER,22]
  12 - "C"."ORG_ROLE_ID"[NUMBER,22], "C"."ORG_ENTITY_ID"[NUMBER,22], "C"."ROLE_ID"[NUMBER,22]
  13 - "ORG_ENTITY_ID"[NUMBER,22]
  14 - (#keys=1) "ORG_ENTITY_ID"[NUMBER,22]
  15 - "ORG_ENTITY_ID"[NUMBER,22], "PARENT_ORG_ENTITY_ID"[NUMBER,22], PRIOR NULL[22], LEVEL[4]
  16 - "SI_ORG_ENTITIES_T".ROWID[ROWID,10], "ORG_ENTITY_ID"[NUMBER,22], "PARENT_ORG_ENTITY_ID"[NUMBER,22]
  17 - (#keys=0) "connect$_by$_pump$_003"."PRIOR PARENT_ORG_ENTITY_ID"[NUMBER,22], 
       "SI_ORG_ENTITIES_T".ROWID[ROWID,10], "ORG_ENTITY_ID"[NUMBER,22], "PARENT_ORG_ENTITY_ID"[NUMBER,22]
  18 - "connect$_by$_pump$_003"."PRIOR PARENT_ORG_ENTITY_ID"[NUMBER,22]
  19 - "SI_ORG_ENTITIES_T".ROWID[ROWID,10], "ORG_ENTITY_ID"[NUMBER,22], "PARENT_ORG_ENTITY_ID"[NUMBER,22]
  21 - "B"."ACTIVITY_ID"[NUMBER,22]
  22 - "A"."ACTIVITY_ID"[NUMBER,22], "ACTIVITY_NAME"[VARCHAR2,400]
  23 - (#keys=1) "A"."ACTIVITY_NAME"[VARCHAR2,400], "A"."ACTIVITY_ID"[NUMBER,22]
  24 - ROWID[ROWID,10], "A"."ACTIVITY_NAME"[VARCHAR2,400]
  25 - ROWID[ROWID,10], "A"."ACTIVITY_ID"[NUMBER,22]
										</code></pre>
								</section>
						</div>
					</div>

				<!-- Sidebar -->
				<div id="sidebar">
					<div class="inner">
						<!-- Menu -->
						<nav id="menu">
							<header class="major">
								<h2>Menu</h2>
							</header>
							<ul>
								<li><a href="../index.html">Module List</a></li>
								<li><a href="index.html">Summary</a></li>
								<li>
									<span class="opener">DB Analysis</span>
									<ul>
										<li><a href="bad-sql.html">Bad SQL</a></li>
										<li><a href="poor-sql.html">Poor SQL Plan</a></li>
										<li><a href="invalid-sql.html">Invalid SQL</a></li>
										<li><a href="full-sql.html">Full SQL Report</a></li>
										<li><a href="table-nil-key.html">Primary/Unique Key Miss</a></li>
										<li><a href="invalid-db-object.html">Invalid DB Objects</a></li>
									</ul>
								</li>
								<li>
									<span class="opener">Infolets</span>
									<ul>
										<li><a href="keep-history-infolets.html">Keep History Infolets</a></li>
									</ul>
								</li>
								<li>
									<span class="opener">Pushforms</span>
									<ul>
										<li><a href="pushform-denormalize.html">Pushform Denormalized</a></li>
									</ul>
								</li>
							</ul>
						</nav>

						<!-- Section -->
						<section>
							<header class="major">
								<h2>Get in touch</h2>
							</header>
							<p>You need more details on the report or want more functionality, don't hesitate to reach out to us.</p>
							<ul class="contact">
								<li class="fa-envelope-o"><a href="mailto:rnd@metricstream.com?Subject=Reg - Static Code Analysis Tool" target="_top">rnd@metricstream.com</a></li>
							</ul>
						</section>

						<!-- Footer -->
						<footer id="footer">
							<p class="copyright">&copy; <a href="http://www.metricstream.com" target="_blank">MetricStream</a>. All rights reserved. </p>
						</footer>
					</div>
				</div>
			</div>

		<!-- Scripts -->
			<script src="../../lib/assets/js/jquery.min.js"></script>
			<script src="../../lib/assets/js/skel.min.js"></script>
			<script src="../../lib/assets/js/util.js"></script>
			<!--[if lte IE 8]><script src="../../lib/assets/js/ie/respond.min.js"></script><![endif]-->
			<script src="../../lib/assets/js/main.js"></script>
	</body>
</html>