<!DOCTYPE HTML>
<html>
	<head>
		<title>Code Analysis - MetricStream</title>
		<meta charset="utf-8" />
		<meta name="viewport" content="width=device-width, initial-scale=1, user-scalable=no" />
		<!--[if lte IE 8]><script src="../../lib/assets/js/ie/html5shiv.js"></script><![endif]-->
		<link rel="stylesheet" href="../../lib/assets/css/main.css" />
		<!--[if lte IE 9]><link rel="stylesheet" href="../../lib/assets/css/ie9.css" /><![endif]-->
		<!--[if lte IE 8]><link rel="stylesheet" href="../../lib/assets/css/ie8.css" /><![endif]-->
	</head>
	<body>

		<!-- Wrapper -->
			<div id="wrapper">

				<!-- Main -->
					<div id="main">
						<div class="inner">
							<!-- Header -->
								<header id="header">
									<a href="index.html" class="logo"><strong>Static Code Analysis Report</strong> by Code Analyzer Tool</a>
								</header>

							<!-- Content -->
								<section>
									<!-- Content -->
										<header class="major"><h2>Infolet Details</h2></header>
										<div class="table-wrapper">
											<table>
												<tbody>
													<tr>
														<td><b>Name</b></td>
														<td>MS_ISM_Get_Issue_Delegatee (101270)</td>
													</tr>
													<tr>
														<td><b>SQL</b></td>
														<td><pre><code>WITH  org_list AS (
  SELECT TRIM(SUBSTR (txt, INSTR (txt, ',', 1, level ) + 1, INSTR (txt, ',', 1, level+1) - INSTR (txt, ',', 1, level) -1)) as org_id
  FROM ( select ','||:1||',' as TXT from dual )
	CONNECT BY level <= LENGTH(txt)-LENGTH(REPLACE(txt,',',''))-1
)
SELECT DISTINCT fdo.user_id
, fdo.user_name
, ms_apps_utilities.get_user_full_name(fdo.user_id) USER_FULL_NAME
, fdo.role_id
, fdo.role_name
, fdo.activity_id
, fdo.activity_short_name
, fdo.activity_name
FROM ms_qms_flow_down_org_v fdo
WHERE EXISTS ( SELECT 1
  FROM org_list
  WHERE org_list.org_id = fdo.org_entity_id)
  and fdo.user_name <> :2</code></pre></td>
													</tr>
													<tr>
														<td><b>Description</b></td>
														<td>This infolet  is deprecated</td>
													</tr>
												</tbody>
											</table>
										</div>

										<h2 align="center" id="content">Analysis Report</h2>
										<hr>

<header class="major"><h2>Plan hash value: 929455542</h2></header><pre><code>
 
------------------------------------------------------------------------------------------------------------------------------------
| Id  | Operation                                             | Name                       | Rows  | Bytes | Cost (%CPU)| Time     |
------------------------------------------------------------------------------------------------------------------------------------
|   0 | SELECT STATEMENT                                      |                            |     6 | 13410 |    42   (5)| 00:00:01 |
|   1 |  SORT UNIQUE                                          |                            |     6 | 13410 |    42   (5)| 00:00:01 |
|*  2 |   HASH JOIN                                           |                            |     6 | 13410 |    41   (3)| 00:00:01 |
|   3 |    NESTED LOOPS                                       |                            |     1 |  2222 |    34   (3)| 00:00:01 |
|   4 |     NESTED LOOPS                                      |                            |     1 |  2222 |    34   (3)| 00:00:01 |
|   5 |      NESTED LOOPS                                     |                            |     1 |  2164 |    33   (4)| 00:00:01 |
|   6 |       NESTED LOOPS                                    |                            |     1 |  2154 |    32   (4)| 00:00:01 |
|   7 |        NESTED LOOPS                                   |                            |     1 |  2130 |    31   (4)| 00:00:01 |
|   8 |         NESTED LOOPS                                  |                            |     1 |  2115 |    30   (4)| 00:00:01 |
|*  9 |          HASH JOIN                                    |                            |     1 |  2105 |    29   (4)| 00:00:01 |
<font style="background-color: lightblue; color: red">|* 10 |           TABLE ACCESS FULL                           | SI_USERS_T                 |     2 |    50 |     3   (0)| 00:00:01 |</font>
|* 11 |           HASH JOIN                                   |                            |     6 | 12480 |    26   (4)| 00:00:01 |
|  12 |            NESTED LOOPS                               |                            |     1 |    70 |    13   (0)| 00:00:01 |
|  13 |             VIEW                                      |                            |     1 |       |    11   (0)| 00:00:01 |
|  14 |              SORT AGGREGATE                           |                            |     1 |    82 |            |          |
|* 15 |               HASH JOIN                               |                            |     1 |    82 |    11   (0)| 00:00:01 |
|* 16 |                HASH JOIN                              |                            |     1 |    65 |     8   (0)| 00:00:01 |
<font style="background-color: lightblue; color: red">|* 17 |                 TABLE ACCESS FULL                     | MS_QS_PARAMETER_TYPES      |     1 |    32 |     3   (0)| 00:00:01 |</font>
<font style="background-color: lightblue; color: red">|* 18 |                 TABLE ACCESS FULL                     | MS_QS_PARAMETER_NAMES      |     3 |    99 |     5   (0)| 00:00:01 |</font>
<font style="background-color: lightblue; color: red">|* 19 |                TABLE ACCESS FULL                      | MS_QS_PARAMETER_VALUES     |   257 |  4369 |     3   (0)| 00:00:01 |</font>
|  20 |             VIEW                                      |                            |     1 |    70 |     2   (0)| 00:00:01 |
|  21 |              SORT UNIQUE                              |                            |     1 |       |            |          |
|* 22 |               CONNECT BY WITHOUT FILTERING            |                            |       |       |            |          |
|  23 |                FAST DUAL                              |                            |     1 |       |     2   (0)| 00:00:01 |
<font style="background-color: lightblue; color: red">|  24 |            VIEW                                       | SI_FLOW_DOWN_ORG_V         |   465 |   912K|    14  (15)| 00:00:01 |</font>
<font style="background-color: lightblue; color: red">|  25 |             TEMP TABLE TRANSFORMATION                 |                            |       |       |            |          |</font>
|  26 |              LOAD AS SELECT                           | SYS_TEMP_0FD9D6626_27E11A9 |       |       |            |          |
|* 27 |               FILTER                                  |                            |       |       |            |          |
|* 28 |                CONNECT BY NO FILTERING WITH START-WITH|                            |       |       |            |          |
|* 29 |                 HASH JOIN OUTER                       |                            |    74 |  3034 |     6   (0)| 00:00:01 |
<font style="background-color: lightblue; color: red">|  30 |                  TABLE ACCESS FULL                    | SI_ORG_ENTITIES_T          |    74 |  2516 |     3   (0)| 00:00:01 |</font>
<font style="background-color: lightblue; color: red">|* 31 |                  TABLE ACCESS FULL                    | SI_ORG_ENTITIES_TL         |     2 |    14 |     3   (0)| 00:00:01 |</font>
|* 32 |              HASH JOIN                                |                            |   465 |   930K|     7  (15)| 00:00:01 |
|  33 |               VIEW                                    | VW_SQ_1                    |    74 |  1924 |     4  (25)| 00:00:01 |
|  34 |                SORT GROUP BY                          |                            |    74 |  1332 |     4  (25)| 00:00:01 |
|  35 |                 VIEW                                  |                            |   465 |  8370 |     3   (0)| 00:00:01 |
<font style="background-color: lightblue; color: red">|  36 |                  TABLE ACCESS FULL                    | SYS_TEMP_0FD9D6626_27E11A9 |   465 | 23250 |     3   (0)| 00:00:01 |</font>
|  37 |               VIEW                                    |                            |   465 |   918K|     3   (0)| 00:00:01 |
<font style="background-color: lightblue; color: red">|  38 |                TABLE ACCESS FULL                      | SYS_TEMP_0FD9D6626_27E11A9 |   465 | 23250 |     3   (0)| 00:00:01 |</font>
|  39 |          TABLE ACCESS BY INDEX ROWID                  | SI_USER_ORG_ROLES          |     3 |    30 |     1   (0)| 00:00:01 |
|* 40 |           INDEX RANGE SCAN                            | SI_USER_ORG_ROLES_N1       |     3 |       |     1   (0)| 00:00:01 |
|* 41 |         INDEX RANGE SCAN                              | SI_ORG_ROLES_N3            |     1 |    15 |     1   (0)| 00:00:01 |
|  42 |        TABLE ACCESS BY INDEX ROWID                    | SI_ROLES_T                 |     1 |    24 |     1   (0)| 00:00:01 |
|* 43 |         INDEX RANGE SCAN                              | SI_ROLES_N2                |     1 |       |     1   (0)| 00:00:01 |
|* 44 |       INDEX RANGE SCAN                                | SI_ROLE_ACTIVITIES_N2      |    19 |   190 |     1   (0)| 00:00:01 |
|* 45 |      INDEX RANGE SCAN                                 | SI_ACTIVITIES_N1           |     1 |       |     1   (0)| 00:00:01 |
|  46 |     TABLE ACCESS BY INDEX ROWID                       | SI_ACTIVITIES_T            |     1 |    58 |     1   (0)| 00:00:01 |
|  47 |    VIEW                                               | SI_REGISTER_APPLICATION_V  |    40 |   520 |     7   (0)| 00:00:01 |
|  48 |     UNION-ALL                                         |                            |       |       |            |          |
|* 49 |      HASH JOIN OUTER                                  |                            |    39 |  1287 |     5   (0)| 00:00:01 |
<font style="background-color: lightblue; color: red">|  50 |       TABLE ACCESS FULL                               | SI_REGISTER_APPLICATION    |    39 |   273 |     3   (0)| 00:00:01 |</font>
<font style="background-color: lightblue; color: red">|* 51 |       TABLE ACCESS FULL                               | SI_REGISTER_APPLICATION_TL |     1 |    26 |     2   (0)| 00:00:01 |</font>
|  52 |      FAST DUAL                                        |                            |     1 |       |     2   (0)| 00:00:01 |
------------------------------------------------------------------------------------------------------------------------------------
 
</code></pre><header class="major"><h2>Query Block Name / Object Alias (identified by operation id):</h2></header><pre><code>
 
   1 - SEL$29EA66BC
  10 - SEL$29EA66BC / SUT@SEL$15
  13 - SEL$24       / CONST@SEL$5
  14 - SEL$24      
  17 - SEL$24       / PTYPE@SEL$24
  18 - SEL$24       / PNAME@SEL$24
  19 - SEL$24       / PVALUE@SEL$24
  20 - SEL$F5BB74E1 / ORG_LIST@SEL$25
  21 - SEL$F5BB74E1
  23 - SEL$F5BB74E1 / DUAL@SEL$2
  24 - SEL$63B113CD / H@SEL$5
  25 - SEL$63B113CD
  26 - SEL$6       
  29 - SEL$DE07D37B
  30 - SEL$DE07D37B / T@SEL$10
  31 - SEL$DE07D37B / TL@SEL$10
  33 - SEL$AD4650EE / VW_SQ_1@SEL$95F2DDAD
  34 - SEL$AD4650EE
  35 - SEL$BB173B6F / O2@SEL$14
  36 - SEL$BB173B6F / T1@SEL$BB173B6F
  37 - SEL$BB173B70 / O1@SEL$13
  38 - SEL$BB173B70 / T1@SEL$BB173B70
  39 - SEL$29EA66BC / E@SEL$5
  40 - SEL$29EA66BC / E@SEL$5
  41 - SEL$29EA66BC / G@SEL$5
  42 - SEL$29EA66BC / R@SEL$5
  43 - SEL$29EA66BC / R@SEL$5
  44 - SEL$29EA66BC / A@SEL$4
  45 - SEL$29EA66BC / C@SEL$4
  46 - SEL$29EA66BC / C@SEL$4
  47 - SET$2        / SRA@SEL$15
  48 - SET$2       
  49 - SEL$16      
  50 - SEL$16       / T@SEL$16
  51 - SEL$16       / TL@SEL$16
  52 - SEL$19       / DUAL@SEL$19
 
</code></pre><header class="major"><h2>Predicate Information (identified by operation id):</h2></header><pre><code>
 
   2 - access(NVL("SUT"."PACKAGE_ID",0)=NVL("SRA"."PACKAGE_ID",0))
   9 - access("H"."ENTERPRISE_ID"="SUT"."ENTERPRISE_ID")
  10 - filter(NVL("END_DATE",SYSDATE@!)>=SYSDATE@! AND "USER_NAME"<>:2)
  11 - access("ORG_LIST"."ORG_ID"=TO_CHAR("H"."ORG_ENTITY_ID"))
  15 - access("PNAME"."PARAMETER_ID"="PVALUE"."PARAMETER_ID" AND "PTYPE"."PARAMETER_TYPE_ID"="PVALUE"."PARAMETER_TYPE_ID")
  16 - access("PTYPE"."PARAMETER_TYPE_ID"="PNAME"."PARAMETER_TYPE_ID")
  17 - filter(UPPER("PTYPE"."PARAMETER_TYPE")='MS APPS USER NAME DISPLAY FORMAT')
  18 - filter(UPPER("PNAME"."PARAMETER_NAME")='DISPLAY_FORMAT')
  19 - filter("PVALUE"."ORG_ENTITY_ID"=1)
  22 - filter(LEVEL<=LENGTH(','||:1||',')-LENGTH(REPLACE(','||:1||',',',',''))-1)
  27 - filter(NVL("END_DATE",SYSDATE@!)>=SYSDATE@!)
  28 - access("PARENT_ORG_ENTITY_ID"=PRIOR "T"."ORG_ENTITY_ID")
       filter("T"."ORG_ENTITY_ID" IS NOT NULL)
  29 - access("T"."ORG_ENTITY_ID"="TL"."ORG_ENTITY_ID"(+))
  31 - filter("TL"."LOCALE_ID"(+)=TO_NUMBER("SI_DB_LOCALE_SV"."GETVALUE"()))
  32 - access("LVL"="MAX(LVL)" AND "ITEM_0"="O1"."ORG_ENTITY_ID")
  40 - access("USER_ID"="E"."USER_ID")
  41 - access("G"."ORG_ROLE_ID"="E"."ORG_ROLE_ID")
       filter("H"."PATH" LIKE '%:'||TO_CHAR("G"."ORG_ENTITY_ID")||':%')
  43 - access("R"."ROLE_ID"="G"."ROLE_ID")
  44 - access("A"."ROLE_ID"="R"."ROLE_ID")
  45 - access("A"."ACTIVITY_ID"="C"."ACTIVITY_ID")
  49 - access("TL"."MODULE_ID"(+)="T"."MODULE_ID")
  51 - filter("TL"."LOCALE_ID"(+)=TO_NUMBER("SI_DB_LOCALE_SV"."GETVALUE"()))
 
</code></pre><header class="major"><h2>Column Projection Information (identified by operation id):</h2></header><pre><code>
 
   1 - (#keys=8) "USER_ID"[NUMBER,22], "USER_NAME"[VARCHAR2,80], "MS_APPS_UTILITIES"."GET_USER_FULL_NAME"("USER_ID")[4000], 
       "R"."ROLE_ID"[NUMBER,22], "R"."ROLE_NAME"[VARCHAR2,400], "C"."ACTIVITY_ID"[NUMBER,22], 
       "C"."ACTIVITY_SHORT_NAME"[VARCHAR2,4000], "C"."ACTIVITY_NAME"[VARCHAR2,400]
   2 - (#keys=1) "USER_ID"[NUMBER,22], "USER_NAME"[VARCHAR2,80], "R"."ROLE_ID"[NUMBER,22], "R"."ROLE_NAME"[VARCHAR2,400], 
       "C"."ACTIVITY_ID"[NUMBER,22], "C"."ACTIVITY_NAME"[VARCHAR2,400], "C"."ACTIVITY_SHORT_NAME"[VARCHAR2,4000]
   3 - (#keys=0) "USER_ID"[NUMBER,22], "SUT"."PACKAGE_ID"[NUMBER,22], "USER_NAME"[VARCHAR2,80], "R"."ROLE_ID"[NUMBER,22], 
       "R"."ROLE_NAME"[VARCHAR2,400], "C"."ACTIVITY_ID"[NUMBER,22], "C"."ACTIVITY_NAME"[VARCHAR2,400], 
       "C"."ACTIVITY_SHORT_NAME"[VARCHAR2,4000]
   4 - (#keys=0) "USER_ID"[NUMBER,22], "SUT"."PACKAGE_ID"[NUMBER,22], "USER_NAME"[VARCHAR2,80], "R"."ROLE_ID"[NUMBER,22], 
       "R"."ROLE_NAME"[VARCHAR2,400], "C".ROWID[ROWID,10], "C"."ACTIVITY_ID"[NUMBER,22]
   5 - (#keys=0) "USER_ID"[NUMBER,22], "SUT"."PACKAGE_ID"[NUMBER,22], "USER_NAME"[VARCHAR2,80], "R"."ROLE_ID"[NUMBER,22], 
       "R"."ROLE_NAME"[VARCHAR2,400], "A"."ACTIVITY_ID"[NUMBER,22]
   6 - (#keys=0) "USER_ID"[NUMBER,22], "SUT"."PACKAGE_ID"[NUMBER,22], "USER_NAME"[VARCHAR2,80], "R"."ROLE_ID"[NUMBER,22], 
       "R"."ROLE_NAME"[VARCHAR2,400]
   7 - (#keys=0) "USER_ID"[NUMBER,22], "SUT"."PACKAGE_ID"[NUMBER,22], "USER_NAME"[VARCHAR2,80], "G"."ROLE_ID"[NUMBER,22]
   8 - (#keys=0) "USER_ID"[NUMBER,22], "SUT"."PACKAGE_ID"[NUMBER,22], "USER_NAME"[VARCHAR2,80], "H"."PATH"[VARCHAR2,4000], 
       "E"."ORG_ROLE_ID"[NUMBER,22]
   9 - (#keys=1) "USER_ID"[NUMBER,22], "SUT"."PACKAGE_ID"[NUMBER,22], "USER_NAME"[VARCHAR2,80], "H"."PATH"[VARCHAR2,4000]
  10 - "USER_ID"[NUMBER,22], "SUT"."ENTERPRISE_ID"[NUMBER,22], "USER_NAME"[VARCHAR2,80], "SUT"."PACKAGE_ID"[NUMBER,22]
  11 - (#keys=1) "H"."ENTERPRISE_ID"[NUMBER,22], "H"."PATH"[VARCHAR2,4000]
  12 - (#keys=0) "ORG_LIST"."ORG_ID"[VARCHAR2,136]
  14 - (#keys=0) MIN("PVALUE"."PARAMETER_VALUE")[400]
  15 - (#keys=2) "PVALUE"."PARAMETER_VALUE"[VARCHAR2,400]
  16 - (#keys=1) "PTYPE"."PARAMETER_TYPE_ID"[NUMBER,22], "PNAME"."PARAMETER_ID"[NUMBER,22]
  17 - "PTYPE"."PARAMETER_TYPE_ID"[NUMBER,22]
  18 - "PNAME"."PARAMETER_ID"[NUMBER,22], "PNAME"."PARAMETER_TYPE_ID"[NUMBER,22]
  19 - "PVALUE"."PARAMETER_TYPE_ID"[NUMBER,22], "PVALUE"."PARAMETER_ID"[NUMBER,22], "PVALUE"."PARAMETER_VALUE"[VARCHAR2,400]
  20 - "ORG_LIST"."ORG_ID"[VARCHAR2,136]
  21 - (#keys=1) TRIM(SUBSTR(','||:1||',',INSTR(','||:1||',',',',1,LEVEL)+1,INSTR(','||:1||',',',',1,LEVEL+1)-INSTR(','||:1|
       |',',',',1,LEVEL)-1))[136]
  22 - LEVEL[4]
  24 - "H"."ORG_ENTITY_ID"[NUMBER,22], "H"."ENTERPRISE_ID"[NUMBER,22], "H"."PATH"[VARCHAR2,4000]
  25 - "MAX(LVL)"[NUMBER,22], "LVL"[NUMBER,22], "ITEM_0"[NUMBER,22], "O1"."ORG_ENTITY_ID"[NUMBER,22], 
       "PATH"[VARCHAR2,4000], "ENTERPRISE_ID"[NUMBER,22]
  26 - SYSDEF[4], SYSDEF[0], SYSDEF[1], SYSDEF[96], SYSDEF[0]
  27 - "PARENT_ORG_ENTITY_ID"[NUMBER,22], "T"."ORG_ENTITY_ID"[NUMBER,22], STRDEF[400], STRDEF[22], STRDEF[7], PRIOR 
       NULL[22], LEVEL[4], SYS_CONNECT_BY_PATH(TO_CHAR("T"."ORG_ENTITY_ID"),':')[4000]
  28 - "PARENT_ORG_ENTITY_ID"[NUMBER,22], "T"."ORG_ENTITY_ID"[NUMBER,22], STRDEF[400], STRDEF[22], STRDEF[7], PRIOR 
       NULL[22], LEVEL[4], SYS_CONNECT_BY_PATH(TO_CHAR("T"."ORG_ENTITY_ID"),':')[4000]
  29 - (#keys=1) "T"."ORG_ENTITY_ID"[NUMBER,22], "TL"."ORG_ENTITY_ID"[NUMBER,22], "T"."ENTERPRISE_ID"[NUMBER,22], 
       "END_DATE"[DATE,7], "T"."ORG_ENTITY_NAME"[VARCHAR2,400], "PARENT_ORG_ENTITY_ID"[NUMBER,22], "TL"."LOCALE_ID"[NUMBER,22]
  30 - "T"."ENTERPRISE_ID"[NUMBER,22], "T"."ORG_ENTITY_ID"[NUMBER,22], "T"."ORG_ENTITY_NAME"[VARCHAR2,400], 
       "PARENT_ORG_ENTITY_ID"[NUMBER,22], "END_DATE"[DATE,7]
  31 - "TL"."ORG_ENTITY_ID"[NUMBER,22], "TL"."LOCALE_ID"[NUMBER,22]
  32 - (#keys=2) "MAX(LVL)"[NUMBER,22], "LVL"[NUMBER,22], "ITEM_0"[NUMBER,22], "O1"."ORG_ENTITY_ID"[NUMBER,22], 
       "PATH"[VARCHAR2,4000], "ENTERPRISE_ID"[NUMBER,22]
  33 - "MAX(LVL)"[NUMBER,22], "ITEM_0"[NUMBER,22]
  34 - (#keys=1) "O2"."ORG_ENTITY_ID"[NUMBER,22], MAX("LVL")[22]
  35 - "O2"."ORG_ENTITY_ID"[NUMBER,22], "LVL"[NUMBER,22]
  36 - "C0"[NUMBER,22], "C1"[VARCHAR2,400], "C2"[NUMBER,22], "C3"[NUMBER,22], "C4"[VARCHAR2,4000]
  37 - "ORG_ENTITY_ID"[NUMBER,22], "ENTERPRISE_ID"[NUMBER,22], "LVL"[NUMBER,22], "PATH"[VARCHAR2,4000]
  38 - "C0"[NUMBER,22], "C1"[VARCHAR2,400], "C2"[NUMBER,22], "C3"[NUMBER,22], "C4"[VARCHAR2,4000]
  39 - "E"."ORG_ROLE_ID"[NUMBER,22]
  40 - "E".ROWID[ROWID,10]
  41 - "G"."ROLE_ID"[NUMBER,22]
  42 - "R"."ROLE_ID"[NUMBER,22], "R"."ROLE_NAME"[VARCHAR2,400]
  43 - "R".ROWID[ROWID,10], "R"."ROLE_ID"[NUMBER,22]
  44 - "A"."ACTIVITY_ID"[NUMBER,22]
  45 - "C".ROWID[ROWID,10], "C"."ACTIVITY_ID"[NUMBER,22]
  46 - "C"."ACTIVITY_NAME"[VARCHAR2,400], "C"."ACTIVITY_SHORT_NAME"[VARCHAR2,4000]
  47 - "SRA"."PACKAGE_ID"[NUMBER,22]
  48 - STRDEF[22]
  49 - (#keys=1) "T"."MODULE_ID"[NUMBER,22]
  50 - "T"."MODULE_ID"[NUMBER,22]
  51 - "TL"."MODULE_ID"[NUMBER,22]
										</code></pre>
								</section>
						</div>
					</div>

				<!-- Sidebar -->
				<div id="sidebar">
					<div class="inner">
						<!-- Menu -->
						<nav id="menu">
							<header class="major">
								<h2>Menu</h2>
							</header>
							<ul>
								<li><a href="../index.html">Module List</a></li>
								<li><a href="index.html">Summary</a></li>
								<li>
									<span class="opener">DB Analysis</span>
									<ul>
										<li><a href="bad-sql.html">Bad SQL</a></li>
										<li><a href="poor-sql.html">Poor SQL Plan</a></li>
										<li><a href="invalid-sql.html">Invalid SQL</a></li>
										<li><a href="full-sql.html">Full SQL Report</a></li>
										<li><a href="table-nil-key.html">Primary/Unique Key Miss</a></li>
										<li><a href="invalid-db-object.html">Invalid DB Objects</a></li>
									</ul>
								</li>
								<li>
									<span class="opener">Infolets</span>
									<ul>
										<li><a href="keep-history-infolets.html">Keep History Infolets</a></li>
									</ul>
								</li>
								<li>
									<span class="opener">Pushforms</span>
									<ul>
										<li><a href="pushform-denormalize.html">Pushform Denormalized</a></li>
									</ul>
								</li>
							</ul>
						</nav>

						<!-- Section -->
						<section>
							<header class="major">
								<h2>Get in touch</h2>
							</header>
							<p>You need more details on the report or want more functionality, don't hesitate to reach out to us.</p>
							<ul class="contact">
								<li class="fa-envelope-o"><a href="mailto:rnd@metricstream.com?Subject=Reg - Static Code Analysis Tool" target="_top">rnd@metricstream.com</a></li>
							</ul>
						</section>

						<!-- Footer -->
						<footer id="footer">
							<p class="copyright">&copy; <a href="http://www.metricstream.com" target="_blank">MetricStream</a>. All rights reserved. </p>
						</footer>
					</div>
				</div>
			</div>

		<!-- Scripts -->
			<script src="../../lib/assets/js/jquery.min.js"></script>
			<script src="../../lib/assets/js/skel.min.js"></script>
			<script src="../../lib/assets/js/util.js"></script>
			<!--[if lte IE 8]><script src="../../lib/assets/js/ie/respond.min.js"></script><![endif]-->
			<script src="../../lib/assets/js/main.js"></script>
	</body>
</html>