<!DOCTYPE HTML>
<html>
	<head>
		<title>Code Analysis - MetricStream</title>
		<meta charset="utf-8" />
		<meta name="viewport" content="width=device-width, initial-scale=1, user-scalable=no" />
		<!--[if lte IE 8]><script src="../../lib/assets/js/ie/html5shiv.js"></script><![endif]-->
		<link rel="stylesheet" href="../../lib/assets/css/main.css" />
		<!--[if lte IE 9]><link rel="stylesheet" href="../../lib/assets/css/ie9.css" /><![endif]-->
		<!--[if lte IE 8]><link rel="stylesheet" href="../../lib/assets/css/ie8.css" /><![endif]-->
	</head>
	<body>

		<!-- Wrapper -->
			<div id="wrapper">

				<!-- Main -->
					<div id="main">
						<div class="inner">
							<!-- Header -->
								<header id="header">
									<a href="index.html" class="logo"><strong>Static Code Analysis Report</strong> by Code Analyzer Tool</a>
								</header>

							<!-- Content -->
								<section>
									<!-- Content -->
										<header class="major"><h2>Infolet Details</h2></header>
										<div class="table-wrapper">
											<table>
												<tbody>
													<tr>
														<td><b>Name</b></td>
														<td>MS_ISM_Get_Issue_Owner_For_Issue_Report (101271)</td>
													</tr>
													<tr>
														<td><b>SQL</b></td>
														<td><pre><code>  SELECT user_id, user_name, user_full_name AS user_full_name
  FROM SI_USER_ORG_ACT_VIEW a
WHERE activity_name = 'ISM - Issue Owner' and exists
  (SELECT 1
  FROM SI_USER_ORG_ACT_VIEW b
  WHERE user_name = :1 and b.org_entity_id = a.org_entity_id)</code></pre></td>
													</tr>
													<tr>
														<td><b>Description</b></td>
														<td>This infolet used in report level filter in input and charts drill down report</td>
													</tr>
												</tbody>
											</table>
										</div>

										<h2 align="center" id="content">Analysis Report</h2>
										<hr>

<header class="major"><h2>Plan hash value: 2214808236</h2></header><pre><code>
 
----------------------------------------------------------------------------------------------------------------------
| Id  | Operation                                   | Name                   | Rows  | Bytes | Cost (%CPU)| Time     |
----------------------------------------------------------------------------------------------------------------------
|   0 | SELECT STATEMENT                            |                        |     1 |   194 |    37   (0)| 00:00:01 |
|   1 |  NESTED LOOPS                               |                        |     1 |   194 |    19   (0)| 00:00:01 |
|   2 |   NESTED LOOPS                              |                        |     1 |   194 |    19   (0)| 00:00:01 |
|   3 |    NESTED LOOPS                             |                        |     1 |   160 |    18   (0)| 00:00:01 |
|   4 |     NESTED LOOPS                            |                        |     1 |   150 |    17   (0)| 00:00:01 |
|   5 |      NESTED LOOPS                           |                        |     1 |   145 |    16   (0)| 00:00:01 |
|   6 |       NESTED LOOPS                          |                        |     1 |   139 |    15   (0)| 00:00:01 |
|   7 |        NESTED LOOPS                         |                        |     1 |   124 |    14   (0)| 00:00:01 |
<font style="background-color: lightblue; color: red">|   8 |         MERGE JOIN CARTESIAN                |                        |     1 |   114 |    12   (0)| 00:00:01 |</font>
|*  9 |          HASH JOIN                          |                        |     1 |    82 |    11   (0)| 00:00:01 |
|* 10 |           HASH JOIN                         |                        |     1 |    65 |     8   (0)| 00:00:01 |
<font style="background-color: lightblue; color: red">|* 11 |            TABLE ACCESS FULL                | MS_QS_PARAMETER_TYPES  |     1 |    32 |     3   (0)| 00:00:01 |</font>
<font style="background-color: lightblue; color: red">|* 12 |            TABLE ACCESS FULL                | MS_QS_PARAMETER_NAMES  |     3 |    99 |     5   (0)| 00:00:01 |</font>
<font style="background-color: lightblue; color: red">|* 13 |           TABLE ACCESS FULL                 | MS_QS_PARAMETER_VALUES |   257 |  4369 |     3   (0)| 00:00:01 |</font>
|  14 |          BUFFER SORT                        |                        |     1 |    32 |     9   (0)| 00:00:01 |
|  15 |           TABLE ACCESS BY INDEX ROWID       | SI_ACTIVITIES_T        |     1 |    32 |     1   (0)| 00:00:01 |
|* 16 |            INDEX RANGE SCAN                 | SI_ACTIVITIES_N2       |     1 |       |     1   (0)| 00:00:01 |
|* 17 |         INDEX FULL SCAN                     | SI_ROLE_ACTIVITIES_N2  |     3 |    30 |     2   (0)| 00:00:01 |
|  18 |        TABLE ACCESS BY INDEX ROWID          | SI_ORG_ROLES           |     1 |    15 |     1   (0)| 00:00:01 |
|* 19 |         INDEX RANGE SCAN                    | SI_ORG_ROLES_N2        |     1 |       |     1   (0)| 00:00:01 |
|* 20 |       TABLE ACCESS BY INDEX ROWID           | SI_ORG_ENTITIES_T      |     1 |     6 |     1   (0)| 00:00:01 |
|* 21 |        INDEX RANGE SCAN                     | SI_ORG_ENTITIES_N5     |     1 |       |     1   (0)| 00:00:01 |
|* 22 |         HASH JOIN                           |                        |     1 |   148 |    18   (0)| 00:00:01 |
|* 23 |          HASH JOIN                          |                        |     1 |   115 |    13   (0)| 00:00:01 |
<font style="background-color: lightblue; color: red">|  24 |           MERGE JOIN CARTESIAN              |                        |     7 |   581 |    10   (0)| 00:00:01 |</font>
|  25 |            NESTED LOOPS                     |                        |     1 |    70 |     7   (0)| 00:00:01 |
|  26 |             NESTED LOOPS                    |                        |     1 |    65 |     6   (0)| 00:00:01 |
|  27 |              NESTED LOOPS                   |                        |     1 |    55 |     5   (0)| 00:00:01 |
|  28 |               NESTED LOOPS                  |                        |     1 |    45 |     4   (0)| 00:00:01 |
|  29 |                NESTED LOOPS                 |                        |     1 |    40 |     3   (0)| 00:00:01 |
|  30 |                 NESTED LOOPS                |                        |     1 |    25 |     2   (0)| 00:00:01 |
|* 31 |                  TABLE ACCESS BY INDEX ROWID| SI_USERS_T             |     1 |    19 |     1   (0)| 00:00:01 |
|* 32 |                   INDEX RANGE SCAN          | SI_USERS_T_N3          |     1 |       |     1   (0)| 00:00:01 |
|* 33 |                  TABLE ACCESS BY INDEX ROWID| SI_ORG_ENTITIES_T      |     1 |     6 |     1   (0)| 00:00:01 |
|* 34 |                   INDEX RANGE SCAN          | SI_ORG_ENTITIES_N5     |     1 |       |     1   (0)| 00:00:01 |
<font style="background-color: lightblue; color: red">|* 35 |                 INDEX SKIP SCAN             | SI_ORG_ROLES_N3        |     1 |    15 |     1   (0)| 00:00:01 |</font>
|* 36 |                INDEX RANGE SCAN             | SI_ROLES_N2            |     1 |     5 |     1   (0)| 00:00:01 |
|* 37 |               INDEX RANGE SCAN              | SI_USER_ORG_ROLES_N2   |     1 |    10 |     1   (0)| 00:00:01 |
|* 38 |              INDEX RANGE SCAN               | SI_ROLE_ACTIVITIES_N2  |    12 |   120 |     1   (0)| 00:00:01 |
|* 39 |             INDEX RANGE SCAN                | SI_ACTIVITIES_N1       |     1 |     5 |     1   (0)| 00:00:01 |
|  40 |            BUFFER SORT                      |                        |   257 |  3341 |     9   (0)| 00:00:01 |
<font style="background-color: lightblue; color: red">|* 41 |             TABLE ACCESS FULL               | MS_QS_PARAMETER_VALUES |   257 |  3341 |     3   (0)| 00:00:01 |</font>
<font style="background-color: lightblue; color: red">|* 42 |           TABLE ACCESS FULL                 | MS_QS_PARAMETER_TYPES  |     1 |    32 |     3   (0)| 00:00:01 |</font>
<font style="background-color: lightblue; color: red">|* 43 |          TABLE ACCESS FULL                  | MS_QS_PARAMETER_NAMES  |     3 |    99 |     5   (0)| 00:00:01 |</font>
|* 44 |      INDEX RANGE SCAN                       | SI_ROLES_N2            |     1 |     5 |     1   (0)| 00:00:01 |
|* 45 |     INDEX RANGE SCAN                        | SI_USER_ORG_ROLES_N2   |     2 |    20 |     1   (0)| 00:00:01 |
|* 46 |    INDEX UNIQUE SCAN                        | SI_USERS_T_N1          |     1 |       |     1   (0)| 00:00:01 |
|* 47 |   TABLE ACCESS BY INDEX ROWID               | SI_USERS_T             |     1 |    34 |     1   (0)| 00:00:01 |
----------------------------------------------------------------------------------------------------------------------
 
</code></pre><header class="major"><h2>Query Block Name / Object Alias (identified by operation id):</h2></header><pre><code>
 
   1 - SEL$F5BB74E1
  11 - SEL$F5BB74E1 / PTYPE@SEL$2
  12 - SEL$F5BB74E1 / PNAME@SEL$2
  13 - SEL$F5BB74E1 / PVALUE@SEL$2
  15 - SEL$F5BB74E1 / ACT@SEL$2
  16 - SEL$F5BB74E1 / ACT@SEL$2
  17 - SEL$F5BB74E1 / ROLE_ACT@SEL$2
  18 - SEL$F5BB74E1 / ORG_ROLES@SEL$2
  19 - SEL$F5BB74E1 / ORG_ROLES@SEL$2
  20 - SEL$F5BB74E1 / ORGS@SEL$2
  21 - SEL$F5BB74E1 / ORGS@SEL$2
  22 - SEL$07BDC5B4
  31 - SEL$07BDC5B4 / USERS@SEL$4
  32 - SEL$07BDC5B4 / USERS@SEL$4
  33 - SEL$07BDC5B4 / ORGS@SEL$4
  34 - SEL$07BDC5B4 / ORGS@SEL$4
  35 - SEL$07BDC5B4 / ORG_ROLES@SEL$4
  36 - SEL$07BDC5B4 / ROLES@SEL$4
  37 - SEL$07BDC5B4 / USR_ORG_ROLES@SEL$4
  38 - SEL$07BDC5B4 / ROLE_ACT@SEL$4
  39 - SEL$07BDC5B4 / ACT@SEL$4
  41 - SEL$07BDC5B4 / PVALUE@SEL$4
  42 - SEL$07BDC5B4 / PTYPE@SEL$4
  43 - SEL$07BDC5B4 / PNAME@SEL$4
  44 - SEL$F5BB74E1 / ROLES@SEL$2
  45 - SEL$F5BB74E1 / USR_ORG_ROLES@SEL$2
  46 - SEL$F5BB74E1 / USERS@SEL$2
  47 - SEL$F5BB74E1 / USERS@SEL$2
 
</code></pre><header class="major"><h2>Predicate Information (identified by operation id):</h2></header><pre><code>
 
   9 - access("PNAME"."PARAMETER_ID"="PVALUE"."PARAMETER_ID" AND 
              "PTYPE"."PARAMETER_TYPE_ID"="PVALUE"."PARAMETER_TYPE_ID")
  10 - access("PTYPE"."PARAMETER_TYPE_ID"="PNAME"."PARAMETER_TYPE_ID")
  11 - filter(UPPER("PTYPE"."PARAMETER_TYPE")='MS APPS USER NAME DISPLAY FORMAT')
  12 - filter(UPPER("PNAME"."PARAMETER_NAME")='DISPLAY_FORMAT')
  13 - filter("PVALUE"."ORG_ENTITY_ID"=1)
  16 - access("ACT"."ACTIVITY_NAME"='ISM - Issue Owner')
  17 - access("ROLE_ACT"."ACTIVITY_ID"="ACT"."ACTIVITY_ID")
       filter("ROLE_ACT"."ACTIVITY_ID"="ACT"."ACTIVITY_ID")
  19 - access("ROLE_ACT"."ROLE_ID"="ORG_ROLES"."ROLE_ID")
  20 - filter(NVL("ORGS"."END_DATE",SYSDATE@!)>=SYSDATE@!)
  21 - access("ORGS"."ORG_ENTITY_ID"="ORG_ROLES"."ORG_ENTITY_ID")
       filter( EXISTS (SELECT 0 FROM METRICSTREAM."MS_QS_PARAMETER_NAMES" 
              "PNAME",METRICSTREAM."MS_QS_PARAMETER_TYPES" "PTYPE",METRICSTREAM."MS_QS_PARAMETER_VALUES" 
              "PVALUE",METRICSTREAM."SI_ROLES_T" "ROLES",METRICSTREAM."SI_ORG_ENTITIES_T" 
              "ORGS",METRICSTREAM."SI_ACTIVITIES_T" "ACT",METRICSTREAM."SI_ROLE_ACTIVITIES" 
              "ROLE_ACT",METRICSTREAM."SI_ORG_ROLES" "ORG_ROLES",METRICSTREAM."SI_USER_ORG_ROLES" 
              "USR_ORG_ROLES",METRICSTREAM."SI_USERS_T" "USERS" WHERE "USERS"."USER_NAME"=:1 AND 
              NVL("USERS"."END_DATE",SYSDATE@!)>=SYSDATE@! AND "USERS"."USER_ID"="USR_ORG_ROLES"."USER_ID" AND 
              "USR_ORG_ROLES"."ORG_ROLE_ID"="ORG_ROLES"."ORG_ROLE_ID" AND "ORG_ROLES"."ORG_ENTITY_ID"=:B1 AND 
              "ORGS"."ORG_ENTITY_ID"="ORG_ROLES"."ORG_ENTITY_ID" AND "ROLE_ACT"."ROLE_ID"="ORG_ROLES"."ROLE_ID" AND 
              "ROLE_ACT"."ACTIVITY_ID"="ACT"."ACTIVITY_ID" AND "ORGS"."ORG_ENTITY_ID"=:B2 AND 
              NVL("ORGS"."END_DATE",SYSDATE@!)>=SYSDATE@! AND "ROLES"."ROLE_ID"="ORG_ROLES"."ROLE_ID" AND 
              "PVALUE"."ORG_ENTITY_ID"=1 AND "PTYPE"."PARAMETER_TYPE_ID"="PVALUE"."PARAMETER_TYPE_ID" AND 
              UPPER("PTYPE"."PARAMETER_TYPE")='MS APPS USER NAME DISPLAY FORMAT' AND 
              "PTYPE"."PARAMETER_TYPE_ID"="PNAME"."PARAMETER_TYPE_ID" AND "PNAME"."PARAMETER_ID"="PVALUE"."PARAMETER_ID" 
              AND UPPER("PNAME"."PARAMETER_NAME")='DISPLAY_FORMAT'))
  22 - access("PNAME"."PARAMETER_ID"="PVALUE"."PARAMETER_ID" AND 
              "PTYPE"."PARAMETER_TYPE_ID"="PNAME"."PARAMETER_TYPE_ID")
  23 - access("PTYPE"."PARAMETER_TYPE_ID"="PVALUE"."PARAMETER_TYPE_ID")
  31 - filter(NVL("USERS"."END_DATE",SYSDATE@!)>=SYSDATE@!)
  32 - access("USERS"."USER_NAME"=:1)
  33 - filter(NVL("ORGS"."END_DATE",SYSDATE@!)>=SYSDATE@!)
  34 - access("ORGS"."ORG_ENTITY_ID"=:B1)
  35 - access("ORG_ROLES"."ORG_ENTITY_ID"=:B1)
       filter("ORG_ROLES"."ORG_ENTITY_ID"=:B1 AND "ORGS"."ORG_ENTITY_ID"="ORG_ROLES"."ORG_ENTITY_ID")
  36 - access("ROLES"."ROLE_ID"="ORG_ROLES"."ROLE_ID")
  37 - access("USR_ORG_ROLES"."ORG_ROLE_ID"="ORG_ROLES"."ORG_ROLE_ID" AND 
              "USERS"."USER_ID"="USR_ORG_ROLES"."USER_ID")
  38 - access("ROLE_ACT"."ROLE_ID"="ORG_ROLES"."ROLE_ID")
  39 - access("ROLE_ACT"."ACTIVITY_ID"="ACT"."ACTIVITY_ID")
  41 - filter("PVALUE"."ORG_ENTITY_ID"=1)
  42 - filter(UPPER("PTYPE"."PARAMETER_TYPE")='MS APPS USER NAME DISPLAY FORMAT')
  43 - filter(UPPER("PNAME"."PARAMETER_NAME")='DISPLAY_FORMAT')
  44 - access("ROLES"."ROLE_ID"="ORG_ROLES"."ROLE_ID")
  45 - access("USR_ORG_ROLES"."ORG_ROLE_ID"="ORG_ROLES"."ORG_ROLE_ID")
  46 - access("USERS"."USER_ID"="USR_ORG_ROLES"."USER_ID")
  47 - filter(NVL("USERS"."END_DATE",SYSDATE@!)>=SYSDATE@!)
 
</code></pre><header class="major"><h2>Column Projection Information (identified by operation id):</h2></header><pre><code>
 
   1 - (#keys=0) "PVALUE"."PARAMETER_VALUE"[VARCHAR2,400], "USERS"."USER_ID"[NUMBER,22], 
       "USERS"."LAST_NAME"[VARCHAR2,100], "USERS"."FIRST_NAME"[VARCHAR2,100], "USERS"."USER_NAME"[VARCHAR2,80]
   2 - (#keys=0) "PVALUE"."PARAMETER_VALUE"[VARCHAR2,400], "USERS".ROWID[ROWID,10], 
       "USERS"."USER_ID"[NUMBER,22]
   3 - (#keys=0) "PVALUE"."PARAMETER_VALUE"[VARCHAR2,400], "USR_ORG_ROLES"."USER_ID"[NUMBER,22]
   4 - (#keys=0) "PVALUE"."PARAMETER_VALUE"[VARCHAR2,400], "ORG_ROLES"."ORG_ROLE_ID"[NUMBER,22]
   5 - (#keys=0) "PVALUE"."PARAMETER_VALUE"[VARCHAR2,400], "ORG_ROLES"."ORG_ROLE_ID"[NUMBER,22], 
       "ORG_ROLES"."ROLE_ID"[NUMBER,22]
   6 - (#keys=0) "PVALUE"."PARAMETER_VALUE"[VARCHAR2,400], "ORG_ROLES"."ORG_ROLE_ID"[NUMBER,22], 
       "ORG_ROLES"."ORG_ENTITY_ID"[NUMBER,22], "ORG_ROLES"."ROLE_ID"[NUMBER,22]
   7 - (#keys=0) "PVALUE"."PARAMETER_VALUE"[VARCHAR2,400], "ROLE_ACT"."ROLE_ID"[NUMBER,22]
   8 - (#keys=0) "PVALUE"."PARAMETER_VALUE"[VARCHAR2,400], "ACT"."ACTIVITY_ID"[NUMBER,22]
   9 - (#keys=2) "PVALUE"."PARAMETER_VALUE"[VARCHAR2,400]
  10 - (#keys=1) "PTYPE"."PARAMETER_TYPE_ID"[NUMBER,22], "PNAME"."PARAMETER_ID"[NUMBER,22]
  11 - "PTYPE"."PARAMETER_TYPE_ID"[NUMBER,22]
  12 - "PNAME"."PARAMETER_ID"[NUMBER,22], "PNAME"."PARAMETER_TYPE_ID"[NUMBER,22]
  13 - "PVALUE"."PARAMETER_TYPE_ID"[NUMBER,22], "PVALUE"."PARAMETER_ID"[NUMBER,22], 
       "PVALUE"."PARAMETER_VALUE"[VARCHAR2,400]
  14 - (#keys=0) "ACT"."ACTIVITY_ID"[NUMBER,22]
  15 - "ACT"."ACTIVITY_ID"[NUMBER,22]
  16 - "ACT".ROWID[ROWID,10]
  17 - "ROLE_ACT"."ROLE_ID"[NUMBER,22]
  18 - "ORG_ROLES"."ORG_ROLE_ID"[NUMBER,22], "ORG_ROLES"."ORG_ENTITY_ID"[NUMBER,22], 
       "ORG_ROLES"."ROLE_ID"[NUMBER,22]
  19 - "ORG_ROLES".ROWID[ROWID,10], "ORG_ROLES"."ROLE_ID"[NUMBER,22]
  21 - "ORGS".ROWID[ROWID,10]
  22 - (#keys=2) "PVALUE"."PARAMETER_ID"[NUMBER,22], "PNAME"."PARAMETER_ID"[NUMBER,22], 
       "PTYPE"."PARAMETER_TYPE_ID"[NUMBER,22], "PNAME"."PARAMETER_TYPE_ID"[NUMBER,22]
  23 - (#keys=1) "PTYPE"."PARAMETER_TYPE_ID"[NUMBER,22], "PVALUE"."PARAMETER_ID"[NUMBER,22]
  24 - (#keys=0) "PVALUE"."PARAMETER_TYPE_ID"[NUMBER,22], "PVALUE"."PARAMETER_ID"[NUMBER,22]
  25 - (#keys=0) 
  26 - (#keys=0) "ROLE_ACT"."ACTIVITY_ID"[NUMBER,22]
  27 - (#keys=0) "ORG_ROLES"."ROLE_ID"[NUMBER,22]
  28 - (#keys=0) "USERS"."USER_ID"[NUMBER,22], "ORG_ROLES"."ORG_ROLE_ID"[NUMBER,22], 
       "ORG_ROLES"."ROLE_ID"[NUMBER,22]
  29 - (#keys=0) "USERS"."USER_ID"[NUMBER,22], "ORG_ROLES"."ORG_ROLE_ID"[NUMBER,22], 
       "ORG_ROLES"."ROLE_ID"[NUMBER,22]
  30 - (#keys=0) "USERS"."USER_ID"[NUMBER,22], "ORGS"."ORG_ENTITY_ID"[NUMBER,22]
  31 - "USERS"."USER_ID"[NUMBER,22]
  32 - "USERS".ROWID[ROWID,10]
  33 - "ORGS"."ORG_ENTITY_ID"[NUMBER,22]
  34 - "ORGS".ROWID[ROWID,10], "ORGS"."ORG_ENTITY_ID"[NUMBER,22]
  35 - "ORG_ROLES"."ORG_ROLE_ID"[NUMBER,22], "ORG_ROLES"."ROLE_ID"[NUMBER,22]
  38 - "ROLE_ACT"."ACTIVITY_ID"[NUMBER,22]
  40 - (#keys=0) "PVALUE"."PARAMETER_TYPE_ID"[NUMBER,22], "PVALUE"."PARAMETER_ID"[NUMBER,22]
  41 - "PVALUE"."PARAMETER_TYPE_ID"[NUMBER,22], "PVALUE"."PARAMETER_ID"[NUMBER,22]
  42 - "PTYPE"."PARAMETER_TYPE_ID"[NUMBER,22]
  43 - "PNAME"."PARAMETER_ID"[NUMBER,22], "PNAME"."PARAMETER_TYPE_ID"[NUMBER,22]
  45 - "USR_ORG_ROLES"."USER_ID"[NUMBER,22]
  46 - "USERS".ROWID[ROWID,10], "USERS"."USER_ID"[NUMBER,22]
  47 - "USERS"."LAST_NAME"[VARCHAR2,100], "USERS"."FIRST_NAME"[VARCHAR2,100], "USERS"."USER_NAME"[VARCHAR2,80]
										</code></pre>
								</section>
						</div>
					</div>

				<!-- Sidebar -->
				<div id="sidebar">
					<div class="inner">
						<!-- Menu -->
						<nav id="menu">
							<header class="major">
								<h2>Menu</h2>
							</header>
							<ul>
								<li><a href="../index.html">Module List</a></li>
								<li><a href="index.html">Summary</a></li>
								<li>
									<span class="opener">DB Analysis</span>
									<ul>
										<li><a href="bad-sql.html">Bad SQL</a></li>
										<li><a href="poor-sql.html">Poor SQL Plan</a></li>
										<li><a href="invalid-sql.html">Invalid SQL</a></li>
										<li><a href="full-sql.html">Full SQL Report</a></li>
										<li><a href="table-nil-key.html">Primary/Unique Key Miss</a></li>
										<li><a href="invalid-db-object.html">Invalid DB Objects</a></li>
									</ul>
								</li>
								<li>
									<span class="opener">Infolets</span>
									<ul>
										<li><a href="keep-history-infolets.html">Keep History Infolets</a></li>
									</ul>
								</li>
								<li>
									<span class="opener">Pushforms</span>
									<ul>
										<li><a href="pushform-denormalize.html">Pushform Denormalized</a></li>
									</ul>
								</li>
							</ul>
						</nav>

						<!-- Section -->
						<section>
							<header class="major">
								<h2>Get in touch</h2>
							</header>
							<p>You need more details on the report or want more functionality, don't hesitate to reach out to us.</p>
							<ul class="contact">
								<li class="fa-envelope-o"><a href="mailto:rnd@metricstream.com?Subject=Reg - Static Code Analysis Tool" target="_top">rnd@metricstream.com</a></li>
							</ul>
						</section>

						<!-- Footer -->
						<footer id="footer">
							<p class="copyright">&copy; <a href="http://www.metricstream.com" target="_blank">MetricStream</a>. All rights reserved. </p>
						</footer>
					</div>
				</div>
			</div>

		<!-- Scripts -->
			<script src="../../lib/assets/js/jquery.min.js"></script>
			<script src="../../lib/assets/js/skel.min.js"></script>
			<script src="../../lib/assets/js/util.js"></script>
			<!--[if lte IE 8]><script src="../../lib/assets/js/ie/respond.min.js"></script><![endif]-->
			<script src="../../lib/assets/js/main.js"></script>
	</body>
</html>