<!DOCTYPE HTML>
<html>
	<head>
		<title>Code Analysis - MetricStream</title>
		<meta charset="utf-8" />
		<meta name="viewport" content="width=device-width, initial-scale=1, user-scalable=no" />
		<!--[if lte IE 8]><script src="../../lib/assets/js/ie/html5shiv.js"></script><![endif]-->
		<link rel="stylesheet" href="../../lib/assets/css/main.css" />
		<!--[if lte IE 9]><link rel="stylesheet" href="../../lib/assets/css/ie9.css" /><![endif]-->
		<!--[if lte IE 8]><link rel="stylesheet" href="../../lib/assets/css/ie8.css" /><![endif]-->
	</head>
	<body>

		<!-- Wrapper -->
			<div id="wrapper">

				<!-- Main -->
					<div id="main">
						<div class="inner">
							<!-- Header -->
								<header id="header">
									<a href="index.html" class="logo"><strong>Static Code Analysis Report</strong> by Code Analyzer Tool</a>
								</header>

							<!-- Content -->
								<section>
									<!-- Content -->
										<header class="major"><h2>Infolet Details</h2></header>
										<div class="table-wrapper">
											<table>
												<tbody>
													<tr>
														<td><b>Name</b></td>
														<td>MS_ISM_ACTION_LIST (101202)</td>
													</tr>
													<tr>
														<td><b>SQL</b></td>
														<td><pre><code>SELECT action_id, action_name, locale_id, role_activity, previous_stage,
       current_stage
  FROM (SELECT a.action_id, b.action_name, b.locale_id, a.role_activity,
               a.current_stage, a.previous_stage, a.active, a.created_by,
               a.creation_date, a.last_update_date, a.last_updated_by,
               a.stage_type, a.status
          FROM ms_ism_stage_action_mapping a, ms_ism_actions_tl_v b
         WHERE a.action_id = b.action_id
          and Previous_Stage = :2
          and Current_Stage = :3
         and exists (Select 1 From Ms_Ism_Org_Flow_Up_V
                            Where User_Name = :4 And Activity_Name = a.Role_Activity)
         and a.active = 'Y'
          and (ms_ism_helper.Get_Action_List(a.action_id,nvl(:1,''),nvl(:6,''),:2,:3,decode(nvl(:5,''),'NIL','',:5),:4,:7,:8)=1))
         order by action_id</code></pre></td>
													</tr>
													<tr>
														<td><b>Description</b></td>
														<td>This infolet will fetch list of actions based on stages.</td>
													</tr>
												</tbody>
											</table>
										</div>

										<h2 align="center" id="content">Analysis Report</h2>
										<hr>

<header class="major"><h2>Plan hash value: 3754977096</h2></header><pre><code>
 
------------------------------------------------------------------------------------------------------------------
| Id  | Operation                          | Name                        | Rows  | Bytes | Cost (%CPU)| Time     |
------------------------------------------------------------------------------------------------------------------
|   0 | SELECT STATEMENT                   |                             |     1 |  2138 |    16   (7)| 00:00:01 |
|   1 |  SORT ORDER BY                     |                             |     1 |  2138 |    16   (7)| 00:00:01 |
|*  2 |   FILTER                           |                             |       |       |            |          |
|   3 |    NESTED LOOPS OUTER              |                             |     1 |  2138 |     9   (0)| 00:00:01 |
|*  4 |     HASH JOIN                      |                             |     1 |   110 |     8   (0)| 00:00:01 |
|*  5 |      TABLE ACCESS BY INDEX ROWID   | MS_ISM_STAGE_ACTION_MAPPING |     1 |    31 |     2   (0)| 00:00:01 |
|*  6 |       INDEX RANGE SCAN             | IDX_STAGE_ACT_MAP2          |    16 |       |     1   (0)| 00:00:01 |
|   7 |      VIEW                          |                             |    44 |  3476 |     6   (0)| 00:00:01 |
<font style="background-color: lightblue; color: red">|   8 |       MERGE JOIN CARTESIAN         |                             |    44 |  1232 |     6   (0)| 00:00:01 |</font>
<font style="background-color: lightblue; color: red">|*  9 |        TABLE ACCESS FULL           | SI_LOCALES                  |     1 |     6 |     3   (0)| 00:00:01 |</font>
|  10 |        BUFFER SORT                 |                             |    44 |   968 |     3   (0)| 00:00:01 |
<font style="background-color: lightblue; color: red">|  11 |         TABLE ACCESS FULL          | MS_ISM_ACTIONS              |    44 |   968 |     3   (0)| 00:00:01 |</font>
|* 12 |     TABLE ACCESS BY INDEX ROWID    | MS_ISM_ACTIONS_TL           |     1 |  2028 |     1   (0)| 00:00:01 |
|* 13 |      INDEX RANGE SCAN              | IDX_ISM_ACTIONS_TL1         |     1 |       |     1   (0)| 00:00:01 |
|  14 |    NESTED LOOPS                    |                             |     1 |    99 |     6   (0)| 00:00:01 |
|  15 |     NESTED LOOPS                   |                             |     1 |    89 |     5   (0)| 00:00:01 |
|  16 |      NESTED LOOPS                  |                             |     1 |    84 |     4   (0)| 00:00:01 |
|  17 |       NESTED LOOPS                 |                             |     1 |    69 |     3   (0)| 00:00:01 |
|  18 |        NESTED LOOPS                |                             |     1 |    59 |     2   (0)| 00:00:01 |
|* 19 |         TABLE ACCESS BY INDEX ROWID| SI_USERS_T                  |     1 |    27 |     1   (0)| 00:00:01 |
|* 20 |          INDEX RANGE SCAN          | SI_USERS_T_N3               |     1 |       |     1   (0)| 00:00:01 |
|  21 |         TABLE ACCESS BY INDEX ROWID| SI_ACTIVITIES_T             |     1 |    32 |     1   (0)| 00:00:01 |
|* 22 |          INDEX RANGE SCAN          | SI_ACTIVITIES_N2            |     1 |       |     1   (0)| 00:00:01 |
|  23 |        TABLE ACCESS BY INDEX ROWID | SI_USER_ORG_ROLES           |     3 |    30 |     1   (0)| 00:00:01 |
|* 24 |         INDEX RANGE SCAN           | SI_USER_ORG_ROLES_N1        |     3 |       |     1   (0)| 00:00:01 |
|* 25 |       INDEX RANGE SCAN             | SI_ORG_ROLES_N3             |     1 |    15 |     1   (0)| 00:00:01 |
|* 26 |      INDEX RANGE SCAN              | SI_ORG_ENTITIES_N5          |     1 |     5 |     1   (0)| 00:00:01 |
|* 27 |     INDEX RANGE SCAN               | SI_ROLE_ACTIVITIES_N2       |     1 |    10 |     1   (0)| 00:00:01 |
------------------------------------------------------------------------------------------------------------------
 
</code></pre><header class="major"><h2>Query Block Name / Object Alias (identified by operation id):</h2></header><pre><code>
 
   1 - SEL$5C160134
   5 - SEL$5C160134 / A@SEL$2
   6 - SEL$5C160134 / A@SEL$2
   7 - SEL$7286615E / T@SEL$3
   8 - SEL$7286615E
   9 - SEL$7286615E / SI_LOCALES@SEL$5
  11 - SEL$7286615E / A@SEL$4
  12 - SEL$5C160134 / TL@SEL$3
  13 - SEL$5C160134 / TL@SEL$3
  14 - SEL$68B588A0
  19 - SEL$68B588A0 / F@SEL$7
  20 - SEL$68B588A0 / F@SEL$7
  21 - SEL$68B588A0 / A@SEL$7
  22 - SEL$68B588A0 / A@SEL$7
  23 - SEL$68B588A0 / E@SEL$7
  24 - SEL$68B588A0 / E@SEL$7
  25 - SEL$68B588A0 / C@SEL$7
  26 - SEL$68B588A0 / D@SEL$7
  27 - SEL$68B588A0 / B@SEL$7
 
</code></pre><header class="major"><h2>Predicate Information (identified by operation id):</h2></header><pre><code>
 
   2 - filter( EXISTS (SELECT 0 FROM METRICSTREAM."SI_USERS_T" "F",METRICSTREAM."SI_USER_ORG_ROLES" 
              "E",METRICSTREAM."SI_ORG_ENTITIES_T" "D",METRICSTREAM."SI_ORG_ROLES" 
              "C",METRICSTREAM."SI_ROLE_ACTIVITIES" "B",METRICSTREAM."SI_ACTIVITIES_T" "A" WHERE 
              "A"."ACTIVITY_NAME"=:B1 AND "A"."ACTIVITY_NAME" LIKE 'ISM%' AND "A"."ACTIVITY_ID"="B"."ACTIVITY_ID" AND 
              "B"."ROLE_ID"="C"."ROLE_ID" AND "C"."ORG_ROLE_ID"="E"."ORG_ROLE_ID" AND 
              "C"."ORG_ENTITY_ID"="D"."ORG_ENTITY_ID" AND "E"."USER_ID"="F"."USER_ID" AND "F"."USER_NAME"=:4 AND 
              NVL("F"."END_DATE",SYSDATE@!+1)>=SYSDATE@! AND NVL("F"."START_DATE",SYSDATE@!-1)<=SYSDATE@!))
   4 - access("A"."ACTION_ID"="T"."ACTION_ID")
   5 - filter("A"."ACTIVE"='Y' AND "CURRENT_STAGE"=TO_NUMBER(:3) AND 
              "MS_ISM_HELPER"."GET_ACTION_LIST"(TO_CHAR("A"."ACTION_ID"),NVL(:1,''),NVL(:6,''),:2,:3,DECODE(NVL(:5,''),'
              NIL','',:5),:4,:7,:8)=1)
   6 - access("PREVIOUS_STAGE"=TO_NUMBER(:2))
   9 - filter("ENABLED_FLAG"='Y')
  12 - filter("T"."LOCALE_ID"="TL"."LOCALE_ID"(+))
  13 - access("T"."ACTION_ID"="TL"."ACTION_ID"(+))
  19 - filter(NVL("F"."END_DATE",SYSDATE@!+1)>=SYSDATE@! AND NVL("F"."START_DATE",SYSDATE@!-1)<=SYSDATE@!)
  20 - access("F"."USER_NAME"=:4)
  22 - access("A"."ACTIVITY_NAME"=:B1)
       filter("A"."ACTIVITY_NAME" LIKE 'ISM%')
  24 - access("E"."USER_ID"="F"."USER_ID")
  25 - access("C"."ORG_ROLE_ID"="E"."ORG_ROLE_ID")
  26 - access("C"."ORG_ENTITY_ID"="D"."ORG_ENTITY_ID")
  27 - access("B"."ROLE_ID"="C"."ROLE_ID" AND "A"."ACTIVITY_ID"="B"."ACTIVITY_ID")
 
</code></pre><header class="major"><h2>Column Projection Information (identified by operation id):</h2></header><pre><code>
 
   1 - (#keys=1) "A"."ACTION_ID"[NUMBER,22], "A"."CURRENT_STAGE"[NUMBER,22], 
       NVL("TL"."ACTION_NAME","T"."ACTION_NAME")[4000], "T"."LOCALE_ID"[NUMBER,22], 
       "A"."ROLE_ACTIVITY"[VARCHAR2,140], "A"."PREVIOUS_STAGE"[NUMBER,22]
   2 - "A"."ACTION_ID"[NUMBER,22], "PREVIOUS_STAGE"[NUMBER,22], "CURRENT_STAGE"[NUMBER,22], 
       "A"."ROLE_ACTIVITY"[VARCHAR2,140], "T"."LOCALE_ID"[NUMBER,22], "T"."ACTION_NAME"[VARCHAR2,140], 
       "TL"."ACTION_NAME"[VARCHAR2,4000]
   3 - (#keys=0) "A"."ACTION_ID"[NUMBER,22], "PREVIOUS_STAGE"[NUMBER,22], "CURRENT_STAGE"[NUMBER,22], 
       "A"."ROLE_ACTIVITY"[VARCHAR2,140], "T"."LOCALE_ID"[NUMBER,22], "T"."ACTION_NAME"[VARCHAR2,140], 
       "TL"."ACTION_NAME"[VARCHAR2,4000]
   4 - (#keys=1) "A"."ACTION_ID"[NUMBER,22], "T"."ACTION_ID"[NUMBER,22], "PREVIOUS_STAGE"[NUMBER,22], 
       "CURRENT_STAGE"[NUMBER,22], "A"."ROLE_ACTIVITY"[VARCHAR2,140], "T"."LOCALE_ID"[NUMBER,22], 
       "T"."ACTION_NAME"[VARCHAR2,140]
   5 - "PREVIOUS_STAGE"[NUMBER,22], "CURRENT_STAGE"[NUMBER,22], "A"."ROLE_ACTIVITY"[VARCHAR2,140], 
       "A"."ACTION_ID"[NUMBER,22]
   6 - "A".ROWID[ROWID,10], "PREVIOUS_STAGE"[NUMBER,22]
   7 - "T"."ACTION_ID"[NUMBER,22], "T"."ACTION_NAME"[VARCHAR2,140], "T"."LOCALE_ID"[NUMBER,22]
   8 - (#keys=0) "LOCALE_ID"[NUMBER,22], "A"."ACTION_ID"[NUMBER,22], "A"."ACTION_NAME"[VARCHAR2,140]
   9 - "LOCALE_ID"[NUMBER,22]
  10 - (#keys=0) "A"."ACTION_ID"[NUMBER,22], "A"."ACTION_NAME"[VARCHAR2,140]
  11 - "A"."ACTION_ID"[NUMBER,22], "A"."ACTION_NAME"[VARCHAR2,140]
  12 - "TL"."ACTION_NAME"[VARCHAR2,4000]
  13 - "TL".ROWID[ROWID,10]
  14 - (#keys=0) 
  15 - (#keys=0) "A"."ACTIVITY_ID"[NUMBER,22], "C"."ROLE_ID"[NUMBER,22]
  16 - (#keys=0) "A"."ACTIVITY_ID"[NUMBER,22], "C"."ORG_ENTITY_ID"[NUMBER,22], "C"."ROLE_ID"[NUMBER,22]
  17 - (#keys=0) "A"."ACTIVITY_ID"[NUMBER,22], "E"."ORG_ROLE_ID"[NUMBER,22]
  18 - (#keys=0) "F"."USER_ID"[NUMBER,22], "A"."ACTIVITY_ID"[NUMBER,22]
  19 - "F"."USER_ID"[NUMBER,22]
  20 - "F".ROWID[ROWID,10]
  21 - "A"."ACTIVITY_ID"[NUMBER,22]
  22 - "A".ROWID[ROWID,10]
  23 - "E"."ORG_ROLE_ID"[NUMBER,22]
  24 - "E".ROWID[ROWID,10]
  25 - "C"."ORG_ENTITY_ID"[NUMBER,22], "C"."ROLE_ID"[NUMBER,22]
										</code></pre>
								</section>
						</div>
					</div>

				<!-- Sidebar -->
				<div id="sidebar">
					<div class="inner">
						<!-- Menu -->
						<nav id="menu">
							<header class="major">
								<h2>Menu</h2>
							</header>
							<ul>
								<li><a href="../index.html">Module List</a></li>
								<li><a href="index.html">Summary</a></li>
								<li>
									<span class="opener">DB Analysis</span>
									<ul>
										<li><a href="bad-sql.html">Bad SQL</a></li>
										<li><a href="poor-sql.html">Poor SQL Plan</a></li>
										<li><a href="invalid-sql.html">Invalid SQL</a></li>
										<li><a href="full-sql.html">Full SQL Report</a></li>
										<li><a href="table-nil-key.html">Primary/Unique Key Miss</a></li>
										<li><a href="invalid-db-object.html">Invalid DB Objects</a></li>
									</ul>
								</li>
								<li>
									<span class="opener">Infolets</span>
									<ul>
										<li><a href="keep-history-infolets.html">Keep History Infolets</a></li>
									</ul>
								</li>
								<li>
									<span class="opener">Pushforms</span>
									<ul>
										<li><a href="pushform-denormalize.html">Pushform Denormalized</a></li>
									</ul>
								</li>
							</ul>
						</nav>

						<!-- Section -->
						<section>
							<header class="major">
								<h2>Get in touch</h2>
							</header>
							<p>You need more details on the report or want more functionality, don't hesitate to reach out to us.</p>
							<ul class="contact">
								<li class="fa-envelope-o"><a href="mailto:rnd@metricstream.com?Subject=Reg - Static Code Analysis Tool" target="_top">rnd@metricstream.com</a></li>
							</ul>
						</section>

						<!-- Footer -->
						<footer id="footer">
							<p class="copyright">&copy; <a href="http://www.metricstream.com" target="_blank">MetricStream</a>. All rights reserved. </p>
						</footer>
					</div>
				</div>
			</div>

		<!-- Scripts -->
			<script src="../../lib/assets/js/jquery.min.js"></script>
			<script src="../../lib/assets/js/skel.min.js"></script>
			<script src="../../lib/assets/js/util.js"></script>
			<!--[if lte IE 8]><script src="../../lib/assets/js/ie/respond.min.js"></script><![endif]-->
			<script src="../../lib/assets/js/main.js"></script>
	</body>
</html>