<!DOCTYPE HTML>
<html>
	<head>
		<title>Code Analysis - MetricStream</title>
		<meta charset="utf-8" />
		<meta name="viewport" content="width=device-width, initial-scale=1, user-scalable=no" />
		<!--[if lte IE 8]><script src="../../lib/assets/js/ie/html5shiv.js"></script><![endif]-->
		<link rel="stylesheet" href="../../lib/assets/css/main.css" />
		<!--[if lte IE 9]><link rel="stylesheet" href="../../lib/assets/css/ie9.css" /><![endif]-->
		<!--[if lte IE 8]><link rel="stylesheet" href="../../lib/assets/css/ie8.css" /><![endif]-->
	</head>
	<body>

		<!-- Wrapper -->
			<div id="wrapper">

				<!-- Main -->
					<div id="main">
						<div class="inner">
							<!-- Header -->
								<header id="header">
									<a href="index.html" class="logo"><strong>Static Code Analysis Report</strong> by Code Analyzer Tool</a>
								</header>

							<!-- Content -->
								<section>
									<!-- Content -->
										<header class="major"><h2>Infolet Details</h2></header>
										<div class="table-wrapper">
											<table>
												<tbody>
													<tr>
														<td><b>Name</b></td>
														<td>MS ISM Org Review Users (101182)</td>
													</tr>
													<tr>
														<td><b>SQL</b></td>
														<td><pre><code>SELECT DISTINCT fdo.user_id , fdo.user_name , fdo.user_full_name,Ms_Grc_General_Utilities.get_user_locale_id(:2) as local_id FROM MS_ISM_ORG_FLOW_UP_V fdo WHERE fdo.activity_name = 'ISM - Review Issue' and org_entity_id in (select org_entity_id from si_org_entities_t START WITH ORG_ENTITY_ID=:1 CONNECT BY ORG_ENTITY_ID=PRIOR PARENT_ORG_ENTITY_ID)</code></pre></td>
													</tr>
													<tr>
														<td><b>Description</b></td>
														<td>This Infolet to retrieve users/reviewers based on selected organizations</td>
													</tr>
												</tbody>
											</table>
										</div>

										<h2 align="center" id="content">Analysis Report</h2>
										<hr>

<header class="major"><h2>Plan hash value: 4084796633</h2></header><pre><code>
 
--------------------------------------------------------------------------------------------------------------------
| Id  | Operation                                  | Name                  | Rows  | Bytes | Cost (%CPU)| Time     |
--------------------------------------------------------------------------------------------------------------------
|   0 | SELECT STATEMENT                           |                       |     1 |   104 |    12  (17)| 00:00:01 |
|   1 |  SORT UNIQUE                               |                       |     1 |   104 |    12  (17)| 00:00:01 |
|   2 |   NESTED LOOPS                             |                       |     1 |   104 |    11  (10)| 00:00:01 |
|   3 |    NESTED LOOPS                            |                       |     1 |   104 |    11  (10)| 00:00:01 |
|   4 |     NESTED LOOPS                           |                       |     1 |    77 |    10  (10)| 00:00:01 |
|   5 |      NESTED LOOPS                          |                       |     1 |    67 |     9  (12)| 00:00:01 |
|*  6 |       HASH JOIN                            |                       |     1 |    62 |     8  (13)| 00:00:01 |
|   7 |        NESTED LOOPS                        |                       |     1 |    57 |     4   (0)| 00:00:01 |
|   8 |         NESTED LOOPS                       |                       |     1 |    57 |     4   (0)| 00:00:01 |
|   9 |          NESTED LOOPS                      |                       |     1 |    42 |     3   (0)| 00:00:01 |
|  10 |           TABLE ACCESS BY INDEX ROWID      | SI_ACTIVITIES_T       |     1 |    32 |     1   (0)| 00:00:01 |
|* 11 |            INDEX RANGE SCAN                | SI_ACTIVITIES_N2      |     1 |       |     1   (0)| 00:00:01 |
|* 12 |           INDEX FULL SCAN                  | SI_ROLE_ACTIVITIES_N2 |     3 |    30 |     2   (0)| 00:00:01 |
|* 13 |          INDEX RANGE SCAN                  | SI_ORG_ROLES_N2       |     1 |       |     1   (0)| 00:00:01 |
|  14 |         TABLE ACCESS BY INDEX ROWID        | SI_ORG_ROLES          |     1 |    15 |     1   (0)| 00:00:01 |
|  15 |        VIEW                                | VW_NSO_1              |     2 |    10 |     4  (25)| 00:00:01 |
|  16 |         SORT UNIQUE                        |                       |     2 |    36 |     4  (25)| 00:00:01 |
|* 17 |          CONNECT BY WITH FILTERING (UNIQUE)|                       |       |       |            |          |
|* 18 |           INDEX RANGE SCAN                 | SI_ORG_ENTITIES_N5    |     1 |    10 |     1   (0)| 00:00:01 |
|  19 |           NESTED LOOPS                     |                       |     1 |    23 |     2   (0)| 00:00:01 |
<font style="background-color: lightblue; color: red">|  20 |            CONNECT BY PUMP                 |                       |       |       |            |          |</font>
|* 21 |            INDEX RANGE SCAN                | SI_ORG_ENTITIES_N5    |     1 |    10 |     1   (0)| 00:00:01 |
|* 22 |       INDEX RANGE SCAN                     | SI_ORG_ENTITIES_N5    |     1 |     5 |     1   (0)| 00:00:01 |
|* 23 |      INDEX RANGE SCAN                      | SI_USER_ORG_ROLES_N2  |     2 |    20 |     1   (0)| 00:00:01 |
|* 24 |     INDEX UNIQUE SCAN                      | SI_USERS_T_N1         |     1 |       |     1   (0)| 00:00:01 |
|* 25 |    TABLE ACCESS BY INDEX ROWID             | SI_USERS_T            |     1 |    27 |     1   (0)| 00:00:01 |
--------------------------------------------------------------------------------------------------------------------
 
</code></pre><header class="major"><h2>Query Block Name / Object Alias (identified by operation id):</h2></header><pre><code>
 
   1 - SEL$1F949E82
  10 - SEL$1F949E82 / A@SEL$2
  11 - SEL$1F949E82 / A@SEL$2
  12 - SEL$1F949E82 / B@SEL$2
  13 - SEL$1F949E82 / C@SEL$2
  14 - SEL$1F949E82 / C@SEL$2
  15 - SEL$AFE8E8F6 / VW_NSO_1@SEL$1F949E82
  16 - SEL$AFE8E8F6
  18 - SEL$6        / SI_ORG_ENTITIES_T@SEL$6
  19 - SEL$5       
  21 - SEL$5        / SI_ORG_ENTITIES_T@SEL$5
  22 - SEL$1F949E82 / D@SEL$2
  23 - SEL$1F949E82 / E@SEL$2
  24 - SEL$1F949E82 / F@SEL$2
  25 - SEL$1F949E82 / F@SEL$2
 
</code></pre><header class="major"><h2>Predicate Information (identified by operation id):</h2></header><pre><code>
 
   6 - access("C"."ORG_ENTITY_ID"="ORG_ENTITY_ID")
  11 - access("A"."ACTIVITY_NAME"='ISM - Review Issue')
       filter("A"."ACTIVITY_NAME" LIKE 'ISM%')
  12 - access("A"."ACTIVITY_ID"="B"."ACTIVITY_ID")
       filter("A"."ACTIVITY_ID"="B"."ACTIVITY_ID")
  13 - access("B"."ROLE_ID"="C"."ROLE_ID")
  17 - access("ORG_ENTITY_ID"=PRIOR "PARENT_ORG_ENTITY_ID")
  18 - access("ORG_ENTITY_ID"=TO_NUMBER(:1))
  21 - access("ORG_ENTITY_ID"="connect$_by$_pump$_003"."PRIOR PARENT_ORG_ENTITY_ID")
  22 - access("C"."ORG_ENTITY_ID"="D"."ORG_ENTITY_ID")
  23 - access("C"."ORG_ROLE_ID"="E"."ORG_ROLE_ID")
  24 - access("E"."USER_ID"="F"."USER_ID")
  25 - filter(NVL("F"."END_DATE",SYSDATE@!+1)>=SYSDATE@! AND NVL("F"."START_DATE",SYSDATE@!-1)<=SYSDATE@!)
 
</code></pre><header class="major"><h2>Column Projection Information (identified by operation id):</h2></header><pre><code>
 
   1 - (#keys=4) "E"."USER_ID"[NUMBER,22], "F"."USER_NAME"[VARCHAR2,80], 
       "MS_APPS_UTILITIES"."GET_USER_FULL_NAME"("F"."USER_NAME")[4000], 
       "MS_GRC_GENERAL_UTILITIES"."GET_USER_LOCALE_ID"(:2)[22]
   2 - (#keys=0) "E"."USER_ID"[NUMBER,22], "F"."USER_NAME"[VARCHAR2,80]
   3 - (#keys=0) "E"."USER_ID"[NUMBER,22], "F".ROWID[ROWID,10]
   4 - (#keys=0) "E"."USER_ID"[NUMBER,22]
   5 - (#keys=0) "C"."ORG_ROLE_ID"[NUMBER,22]
   6 - (#keys=1) "C"."ORG_ENTITY_ID"[NUMBER,22], "C"."ORG_ROLE_ID"[NUMBER,22]
   7 - (#keys=0) "C"."ORG_ROLE_ID"[NUMBER,22], "C"."ORG_ENTITY_ID"[NUMBER,22]
   8 - (#keys=0) "C".ROWID[ROWID,10]
   9 - (#keys=0) "B"."ROLE_ID"[NUMBER,22]
  10 - "A"."ACTIVITY_ID"[NUMBER,22]
  11 - "A".ROWID[ROWID,10]
  12 - "B"."ROLE_ID"[NUMBER,22]
  13 - "C".ROWID[ROWID,10]
  14 - "C"."ORG_ROLE_ID"[NUMBER,22], "C"."ORG_ENTITY_ID"[NUMBER,22]
  15 - "ORG_ENTITY_ID"[NUMBER,22]
  16 - (#keys=1) "ORG_ENTITY_ID"[NUMBER,22]
  17 - "ORG_ENTITY_ID"[NUMBER,22], "PARENT_ORG_ENTITY_ID"[NUMBER,22], PRIOR NULL[22], LEVEL[4]
  18 - "SI_ORG_ENTITIES_T".ROWID[ROWID,10], "ORG_ENTITY_ID"[NUMBER,22], "PARENT_ORG_ENTITY_ID"[NUMBER,22]
  19 - (#keys=0) "connect$_by$_pump$_003"."PRIOR PARENT_ORG_ENTITY_ID"[NUMBER,22], 
       "SI_ORG_ENTITIES_T".ROWID[ROWID,10], "ORG_ENTITY_ID"[NUMBER,22], "PARENT_ORG_ENTITY_ID"[NUMBER,22]
  20 - "connect$_by$_pump$_003"."PRIOR PARENT_ORG_ENTITY_ID"[NUMBER,22]
  21 - "SI_ORG_ENTITIES_T".ROWID[ROWID,10], "ORG_ENTITY_ID"[NUMBER,22], "PARENT_ORG_ENTITY_ID"[NUMBER,22]
  23 - "E"."USER_ID"[NUMBER,22]
  24 - "F".ROWID[ROWID,10]
  25 - "F"."USER_NAME"[VARCHAR2,80]
										</code></pre>
								</section>
						</div>
					</div>

				<!-- Sidebar -->
				<div id="sidebar">
					<div class="inner">
						<!-- Menu -->
						<nav id="menu">
							<header class="major">
								<h2>Menu</h2>
							</header>
							<ul>
								<li><a href="../index.html">Module List</a></li>
								<li><a href="index.html">Summary</a></li>
								<li>
									<span class="opener">DB Analysis</span>
									<ul>
										<li><a href="bad-sql.html">Bad SQL</a></li>
										<li><a href="poor-sql.html">Poor SQL Plan</a></li>
										<li><a href="invalid-sql.html">Invalid SQL</a></li>
										<li><a href="full-sql.html">Full SQL Report</a></li>
										<li><a href="table-nil-key.html">Primary/Unique Key Miss</a></li>
										<li><a href="invalid-db-object.html">Invalid DB Objects</a></li>
									</ul>
								</li>
								<li>
									<span class="opener">Infolets</span>
									<ul>
										<li><a href="keep-history-infolets.html">Keep History Infolets</a></li>
									</ul>
								</li>
								<li>
									<span class="opener">Pushforms</span>
									<ul>
										<li><a href="pushform-denormalize.html">Pushform Denormalized</a></li>
									</ul>
								</li>
							</ul>
						</nav>

						<!-- Section -->
						<section>
							<header class="major">
								<h2>Get in touch</h2>
							</header>
							<p>You need more details on the report or want more functionality, don't hesitate to reach out to us.</p>
							<ul class="contact">
								<li class="fa-envelope-o"><a href="mailto:rnd@metricstream.com?Subject=Reg - Static Code Analysis Tool" target="_top">rnd@metricstream.com</a></li>
							</ul>
						</section>

						<!-- Footer -->
						<footer id="footer">
							<p class="copyright">&copy; <a href="http://www.metricstream.com" target="_blank">MetricStream</a>. All rights reserved. </p>
						</footer>
					</div>
				</div>
			</div>

		<!-- Scripts -->
			<script src="../../lib/assets/js/jquery.min.js"></script>
			<script src="../../lib/assets/js/skel.min.js"></script>
			<script src="../../lib/assets/js/util.js"></script>
			<!--[if lte IE 8]><script src="../../lib/assets/js/ie/respond.min.js"></script><![endif]-->
			<script src="../../lib/assets/js/main.js"></script>
	</body>
</html>