<!DOCTYPE HTML>
<html>
	<head>
		<title>Code Analysis - MetricStream</title>
		<meta charset="utf-8" />
		<meta name="viewport" content="width=device-width, initial-scale=1, user-scalable=no" />
		<!--[if lte IE 8]><script src="../../lib/assets/js/ie/html5shiv.js"></script><![endif]-->
		<link rel="stylesheet" href="../../lib/assets/css/main.css" />
		<!--[if lte IE 9]><link rel="stylesheet" href="../../lib/assets/css/ie9.css" /><![endif]-->
		<!--[if lte IE 8]><link rel="stylesheet" href="../../lib/assets/css/ie8.css" /><![endif]-->
	</head>
	<body>

		<!-- Wrapper -->
			<div id="wrapper">

				<!-- Main -->
					<div id="main">
						<div class="inner">
							<!-- Header -->
								<header id="header">
									<a href="index.html" class="logo"><strong>Static Code Analysis Report</strong> by Code Analyzer Tool</a>
								</header>

							<!-- Content -->
								<section>
									<!-- Content -->
										<header class="major"><h2>Infolet Details</h2></header>
										<div class="table-wrapper">
											<table>
												<tbody>
													<tr>
														<td><b>Name</b></td>
														<td>MS_ISM_002_Issue_Risk_Rating (101185)</td>
													</tr>
													<tr>
														<td><b>SQL</b></td>
														<td><pre><code>Select Stored_Value,
       Displayed_Value,
       Lov_Name,
       Locale_Id,
       Enterprise_Id,
       Lov_Id,
       Lov_Value_Id,
       Org_Entity_Id,
       Org_Entity_Name,
       Start_Date,
       End_Date
From   Ms_Qs_ISM_Lov_Org_Values_v
Where (trim(LOV_NAME) = 'MS ISM Risk Rating')
and ((trim(START_DATE) <= trunc(sysdate))AND(nvl(end_date,sysdate)>=trunc(sysdate)))
order by stored_value</code></pre></td>
													</tr>
													<tr>
														<td><b>Description</b></td>
														<td>Issue Risk rating</td>
													</tr>
												</tbody>
											</table>
										</div>

										<h2 align="center" id="content">Analysis Report</h2>
										<hr>

<header class="major"><h2>Plan hash value: 2322339364</h2></header><pre><code>
 
----------------------------------------------------------------------------------------------------------
| Id  | Operation                      | Name                    | Rows  | Bytes | Cost (%CPU)| Time     |
----------------------------------------------------------------------------------------------------------
|   0 | SELECT STATEMENT               |                         |     5 | 21675 |    33   (4)| 00:00:01 |
|   1 |  SORT ORDER BY                 |                         |     5 | 21675 |    33   (4)| 00:00:01 |
|*  2 |   HASH JOIN RIGHT OUTER        |                         |     5 | 21675 |    32   (0)| 00:00:01 |
<font style="background-color: lightblue; color: red">|*  3 |    TABLE ACCESS FULL           | SI_ORG_ENTITIES_TL      |     2 |    14 |     3   (0)| 00:00:01 |</font>
|   4 |    NESTED LOOPS                |                         |     5 | 21640 |    29   (0)| 00:00:01 |
|*  5 |     HASH JOIN RIGHT OUTER      |                         |     5 | 21500 |    27   (0)| 00:00:01 |
<font style="background-color: lightblue; color: red">|   6 |      TABLE ACCESS FULL         | MS_QS_LIST_OF_VALUES_TL |     1 |  2028 |     2   (0)| 00:00:01 |</font>
|*  7 |      HASH JOIN                 |                         |     5 | 11360 |    25   (0)| 00:00:01 |
<font style="background-color: lightblue; color: red">|*  8 |       TABLE ACCESS FULL        | MS_QS_LOV_NAMES         |     5 |   150 |     5   (0)| 00:00:01 |</font>
|   9 |       VIEW                     |                         |   116 |   253K|    20   (0)| 00:00:01 |
<font style="background-color: lightblue; color: red">|  10 |        MERGE JOIN CARTESIAN    |                         |   116 |  5336 |    20   (0)| 00:00:01 |</font>
<font style="background-color: lightblue; color: red">|* 11 |         TABLE ACCESS FULL      | SI_LOCALES              |     1 |     6 |     3   (0)| 00:00:01 |</font>
|  12 |         BUFFER SORT            |                         |   116 |  4640 |    17   (0)| 00:00:01 |
<font style="background-color: lightblue; color: red">|* 13 |          TABLE ACCESS FULL     | MS_QS_LIST_OF_VALUES_T  |   116 |  4640 |    17   (0)| 00:00:01 |</font>
|  14 |     TABLE ACCESS BY INDEX ROWID| SI_ORG_ENTITIES_T       |     1 |    28 |     1   (0)| 00:00:01 |
|* 15 |      INDEX RANGE SCAN          | SI_ORG_ENTITIES_N1      |     1 |       |     1   (0)| 00:00:01 |
----------------------------------------------------------------------------------------------------------
 
</code></pre><header class="major"><h2>Query Block Name / Object Alias (identified by operation id):</h2></header><pre><code>
 
   1 - SEL$ED731CA1
   3 - SEL$ED731CA1 / TL@SEL$5
   6 - SEL$ED731CA1 / TL@SEL$2
   8 - SEL$ED731CA1 / N@SEL$2
   9 - SEL$07BDC5B4 / X@SEL$2
  10 - SEL$07BDC5B4
  11 - SEL$07BDC5B4 / SI_LOCALES@SEL$4
  13 - SEL$07BDC5B4 / T@SEL$3
  14 - SEL$ED731CA1 / T@SEL$5
  15 - SEL$ED731CA1 / T@SEL$5
 
</code></pre><header class="major"><h2>Predicate Information (identified by operation id):</h2></header><pre><code>
 
   2 - access("T"."ORG_ENTITY_ID"="TL"."ORG_ENTITY_ID"(+))
   3 - filter("TL"."LOCALE_ID"(+)=TO_NUMBER("SI_DB_LOCALE_SV"."GETVALUE"()))
   5 - access("X"."LOCALE_ID"="TL"."LOCALE_ID"(+) AND "X"."LOV_VALUE_ID"="TL"."LOV_VALUE_ID"(+))
   7 - access("X"."LOV_ID"="N"."LOV_ID")
   8 - filter(TRIM("N"."LOV_NAME")='MS ISM Risk Rating')
  11 - filter("ENABLED_FLAG"='Y')
  13 - filter(TRIM(INTERNAL_FUNCTION("T"."START_DATE"))<=TRUNC(SYSDATE@!) AND 
              NVL("T"."END_DATE",SYSDATE@!)>=TRUNC(SYSDATE@!))
  15 - access("T"."ENTERPRISE_ID"="X"."ENTERPRISE_ID" AND "T"."ORG_ENTITY_ID"="X"."ORG_ENTITY_ID")
 
</code></pre><header class="major"><h2>Column Projection Information (identified by operation id):</h2></header><pre><code>
 
   1 - (#keys=1) "X"."STORED_VALUE"[VARCHAR2,400], "X"."END_DATE"[DATE,7], 
       NVL("TL"."DISPLAYED_VALUE","X"."DISPLAYED_VALUE")[4000], "N"."LOV_NAME"[VARCHAR2,400], 
       "X"."LOCALE_ID"[NUMBER,22], "X"."ENTERPRISE_ID"[NUMBER,22], "X"."LOV_ID"[NUMBER,22], 
       "X"."LOV_VALUE_ID"[NUMBER,22], "X"."ORG_ENTITY_ID"[NUMBER,22], 
       "T"."ORG_ENTITY_NAME"[VARCHAR2,400], "X"."START_DATE"[DATE,7]
   2 - (#keys=1) "X"."LOCALE_ID"[NUMBER,22], "X"."LOV_VALUE_ID"[NUMBER,22], 
       "TL"."DISPLAYED_VALUE"[VARCHAR2,4000], "X"."LOV_ID"[NUMBER,22], "N"."LOV_NAME"[VARCHAR2,400], 
       "X"."ENTERPRISE_ID"[NUMBER,22], "X"."END_DATE"[DATE,7], "X"."START_DATE"[DATE,7], 
       "X"."ORG_ENTITY_ID"[NUMBER,22], "X"."STORED_VALUE"[VARCHAR2,400], 
       "X"."DISPLAYED_VALUE"[VARCHAR2,4000], "T"."ORG_ENTITY_NAME"[VARCHAR2,400]
   3 - "TL"."ORG_ENTITY_ID"[NUMBER,22]
   4 - (#keys=0) "X"."LOCALE_ID"[NUMBER,22], "X"."LOV_VALUE_ID"[NUMBER,22], 
       "TL"."DISPLAYED_VALUE"[VARCHAR2,4000], "X"."LOV_ID"[NUMBER,22], "N"."LOV_NAME"[VARCHAR2,400], 
       "X"."ENTERPRISE_ID"[NUMBER,22], "X"."END_DATE"[DATE,7], "X"."START_DATE"[DATE,7], 
       "X"."ORG_ENTITY_ID"[NUMBER,22], "X"."STORED_VALUE"[VARCHAR2,400], 
       "X"."DISPLAYED_VALUE"[VARCHAR2,4000], "T"."ORG_ENTITY_ID"[NUMBER,22], 
       "T"."ORG_ENTITY_NAME"[VARCHAR2,400]
   5 - (#keys=2) "X"."LOCALE_ID"[NUMBER,22], "X"."LOV_VALUE_ID"[NUMBER,22], 
       "TL"."DISPLAYED_VALUE"[VARCHAR2,4000], "X"."LOV_ID"[NUMBER,22], "N"."LOV_NAME"[VARCHAR2,400], 
       "X"."ENTERPRISE_ID"[NUMBER,22], "X"."END_DATE"[DATE,7], "X"."START_DATE"[DATE,7], 
       "X"."ORG_ENTITY_ID"[NUMBER,22], "X"."STORED_VALUE"[VARCHAR2,400], 
       "X"."DISPLAYED_VALUE"[VARCHAR2,4000]
   6 - "TL"."LOV_VALUE_ID"[NUMBER,22], "TL"."DISPLAYED_VALUE"[VARCHAR2,4000], 
       "TL"."LOCALE_ID"[NUMBER,22]
   7 - (#keys=1) "X"."LOV_ID"[NUMBER,22], "N"."LOV_NAME"[VARCHAR2,400], 
       "X"."ENTERPRISE_ID"[NUMBER,22], "X"."LOCALE_ID"[NUMBER,22], "X"."LOV_VALUE_ID"[NUMBER,22], 
       "X"."ORG_ENTITY_ID"[NUMBER,22], "X"."STORED_VALUE"[VARCHAR2,400], 
       "X"."DISPLAYED_VALUE"[VARCHAR2,4000], "X"."START_DATE"[DATE,7], "X"."END_DATE"[DATE,7]
   8 - "N"."LOV_NAME"[VARCHAR2,400], "N"."LOV_ID"[NUMBER,22]
   9 - "X"."ENTERPRISE_ID"[NUMBER,22], "X"."LOV_ID"[NUMBER,22], "X"."LOV_VALUE_ID"[NUMBER,22], 
       "X"."ORG_ENTITY_ID"[NUMBER,22], "X"."STORED_VALUE"[VARCHAR2,400], 
       "X"."DISPLAYED_VALUE"[VARCHAR2,4000], "X"."START_DATE"[DATE,7], "X"."END_DATE"[DATE,7], 
       "X"."LOCALE_ID"[NUMBER,22]
  10 - (#keys=0) "LOCALE_ID"[NUMBER,22], "T"."LOV_VALUE_ID"[NUMBER,22], "T"."LOV_ID"[NUMBER,22], 
       "T"."ORG_ENTITY_ID"[NUMBER,22], "T"."STORED_VALUE"[VARCHAR2,400], 
       "T"."DISPLAYED_VALUE"[VARCHAR2,4000], "T"."START_DATE"[DATE,7], "T"."END_DATE"[DATE,7], 
       "T"."ENTERPRISE_ID"[NUMBER,22]
  11 - "LOCALE_ID"[NUMBER,22]
  12 - (#keys=0) "T"."LOV_VALUE_ID"[NUMBER,22], "T"."LOV_ID"[NUMBER,22], 
       "T"."ORG_ENTITY_ID"[NUMBER,22], "T"."STORED_VALUE"[VARCHAR2,400], 
       "T"."DISPLAYED_VALUE"[VARCHAR2,4000], "T"."START_DATE"[DATE,7], "T"."END_DATE"[DATE,7], 
       "T"."ENTERPRISE_ID"[NUMBER,22]
  13 - "T"."LOV_VALUE_ID"[NUMBER,22], "T"."LOV_ID"[NUMBER,22], "T"."ORG_ENTITY_ID"[NUMBER,22], 
       "T"."STORED_VALUE"[VARCHAR2,400], "T"."DISPLAYED_VALUE"[VARCHAR2,4000], "T"."START_DATE"[DATE,7], 
       "T"."END_DATE"[DATE,7], "T"."ENTERPRISE_ID"[NUMBER,22]
  14 - "T"."ORG_ENTITY_ID"[NUMBER,22], "T"."ORG_ENTITY_NAME"[VARCHAR2,400]
  15 - "T".ROWID[ROWID,10], "T"."ORG_ENTITY_ID"[NUMBER,22]
										</code></pre>
								</section>
						</div>
					</div>

				<!-- Sidebar -->
				<div id="sidebar">
					<div class="inner">
						<!-- Menu -->
						<nav id="menu">
							<header class="major">
								<h2>Menu</h2>
							</header>
							<ul>
								<li><a href="../index.html">Module List</a></li>
								<li><a href="index.html">Summary</a></li>
								<li>
									<span class="opener">DB Analysis</span>
									<ul>
										<li><a href="bad-sql.html">Bad SQL</a></li>
										<li><a href="poor-sql.html">Poor SQL Plan</a></li>
										<li><a href="invalid-sql.html">Invalid SQL</a></li>
										<li><a href="full-sql.html">Full SQL Report</a></li>
										<li><a href="table-nil-key.html">Primary/Unique Key Miss</a></li>
										<li><a href="invalid-db-object.html">Invalid DB Objects</a></li>
									</ul>
								</li>
								<li>
									<span class="opener">Infolets</span>
									<ul>
										<li><a href="keep-history-infolets.html">Keep History Infolets</a></li>
									</ul>
								</li>
								<li>
									<span class="opener">Pushforms</span>
									<ul>
										<li><a href="pushform-denormalize.html">Pushform Denormalized</a></li>
									</ul>
								</li>
							</ul>
						</nav>

						<!-- Section -->
						<section>
							<header class="major">
								<h2>Get in touch</h2>
							</header>
							<p>You need more details on the report or want more functionality, don't hesitate to reach out to us.</p>
							<ul class="contact">
								<li class="fa-envelope-o"><a href="mailto:rnd@metricstream.com?Subject=Reg - Static Code Analysis Tool" target="_top">rnd@metricstream.com</a></li>
							</ul>
						</section>

						<!-- Footer -->
						<footer id="footer">
							<p class="copyright">&copy; <a href="http://www.metricstream.com" target="_blank">MetricStream</a>. All rights reserved. </p>
						</footer>
					</div>
				</div>
			</div>

		<!-- Scripts -->
			<script src="../../lib/assets/js/jquery.min.js"></script>
			<script src="../../lib/assets/js/skel.min.js"></script>
			<script src="../../lib/assets/js/util.js"></script>
			<!--[if lte IE 8]><script src="../../lib/assets/js/ie/respond.min.js"></script><![endif]-->
			<script src="../../lib/assets/js/main.js"></script>
	</body>
</html>