<!DOCTYPE HTML>
<html>
	<head>
		<title>Code Analysis - MetricStream</title>
		<meta charset="utf-8" />
		<meta name="viewport" content="width=device-width, initial-scale=1, user-scalable=no" />
		<!--[if lte IE 8]><script src="../../lib/assets/js/ie/html5shiv.js"></script><![endif]-->
		<link rel="stylesheet" href="../../lib/assets/css/main.css" />
		<!--[if lte IE 9]><link rel="stylesheet" href="../../lib/assets/css/ie9.css" /><![endif]-->
		<!--[if lte IE 8]><link rel="stylesheet" href="../../lib/assets/css/ie8.css" /><![endif]-->
	</head>
	<body>

		<!-- Wrapper -->
			<div id="wrapper">

				<!-- Main -->
					<div id="main">
						<div class="inner">
							<!-- Header -->
								<header id="header">
									<a href="index.html" class="logo"><strong>Static Code Analysis Report</strong> by Code Analyzer Tool</a>
								</header>

							<!-- Content -->
								<section>
									<!-- Content -->
										<header class="major"><h2>Infolet Details</h2></header>
										<div class="table-wrapper">
											<table>
												<tbody>
													<tr>
														<td><b>Name</b></td>
														<td>MS_ISM_FETCH_ACT_APPR_BY (101247)</td>
													</tr>
													<tr>
														<td><b>SQL</b></td>
														<td><pre><code>SELECT  b.stored_value as final_action_approval_id, b.displayed_value as action_approval_by_disp,b.locale_id as locale
  FROM ms_ism_issue a, Ms_Qs_Ism_Lov_Org_Values_V b
 WHERE issue_id = :1
and a.final_action_approval = b.stored_value(+)
and b.lov_name(+) = 'MS ISM Final Action Approval'</code></pre></td>
													</tr>
													<tr>
														<td><b>Description</b></td>
														<td>This infolet will fetch Issue Details for Initiate Action Form.</td>
													</tr>
												</tbody>
											</table>
										</div>

										<h2 align="center" id="content">Analysis Report</h2>
										<hr>

<header class="major"><h2>Plan hash value: 69024007</h2></header><pre><code>
 
----------------------------------------------------------------------------------------------------------------
| Id  | Operation                         | Name                       | Rows  | Bytes | Cost (%CPU)| Time     |
----------------------------------------------------------------------------------------------------------------
|   0 | SELECT STATEMENT                  |                            |     1 |  2436 |    28   (0)| 00:00:01 |
|   1 |  NESTED LOOPS OUTER               |                            |     1 |  2436 |    28   (0)| 00:00:01 |
|   2 |   TABLE ACCESS BY INDEX ROWID     | MS_ISM_ISSUE               |     1 |    17 |     1   (0)| 00:00:01 |
|*  3 |    INDEX UNIQUE SCAN              | MS_ISM_ISSUE_PK            |     1 |       |     1   (0)| 00:00:01 |
|*  4 |   VIEW                            | MS_QS_ISM_LOV_ORG_VALUES_V |     1 |  2419 |    27   (0)| 00:00:01 |
|*  5 |    HASH JOIN RIGHT OUTER          |                            |    12 | 52104 |    27   (0)| 00:00:01 |
<font style="background-color: lightblue; color: red">|*  6 |     TABLE ACCESS FULL             | SI_ORG_ENTITIES_TL         |     2 |    14 |     3   (0)| 00:00:01 |</font>
|   7 |     NESTED LOOPS                  |                            |    12 | 52020 |    24   (0)| 00:00:01 |
|*  8 |      HASH JOIN RIGHT OUTER        |                            |    12 | 51924 |    23   (0)| 00:00:01 |
<font style="background-color: lightblue; color: red">|   9 |       TABLE ACCESS FULL           | MS_QS_LIST_OF_VALUES_TL    |     1 |  2028 |     2   (0)| 00:00:01 |</font>
|* 10 |       HASH JOIN                   |                            |    12 | 27588 |    21   (0)| 00:00:01 |
|  11 |        TABLE ACCESS BY INDEX ROWID| MS_QS_LOV_NAMES            |     1 |    30 |     1   (0)| 00:00:01 |
|* 12 |         INDEX RANGE SCAN          | MS_QS_LOV_NAMES_N1         |     1 |       |     1   (0)| 00:00:01 |
|  13 |        VIEW                       |                            |  5524 |    11M|    20   (0)| 00:00:01 |
<font style="background-color: lightblue; color: red">|  14 |         MERGE JOIN CARTESIAN      |                            |  5524 |   172K|    20   (0)| 00:00:01 |</font>
<font style="background-color: lightblue; color: red">|* 15 |          TABLE ACCESS FULL        | SI_LOCALES                 |     1 |     6 |     3   (0)| 00:00:01 |</font>
|  16 |          BUFFER SORT              |                            |  5524 |   140K|    17   (0)| 00:00:01 |
<font style="background-color: lightblue; color: red">|  17 |           TABLE ACCESS FULL       | MS_QS_LIST_OF_VALUES_T     |  5524 |   140K|    17   (0)| 00:00:01 |</font>
|* 18 |      INDEX RANGE SCAN             | SI_ORG_ENTITIES_N1         |     1 |     8 |     1   (0)| 00:00:01 |
----------------------------------------------------------------------------------------------------------------
 
</code></pre><header class="major"><h2>Query Block Name / Object Alias (identified by operation id):</h2></header><pre><code>
 
   1 - SEL$1       
   2 - SEL$1        / A@SEL$1
   3 - SEL$1        / A@SEL$1
   4 - SEL$E029B2FF / B@SEL$1
   5 - SEL$E029B2FF
   6 - SEL$E029B2FF / TL@SEL$5
   9 - SEL$E029B2FF / TL@SEL$2
  11 - SEL$E029B2FF / N@SEL$2
  12 - SEL$E029B2FF / N@SEL$2
  13 - SEL$07BDC5B4 / X@SEL$2
  14 - SEL$07BDC5B4
  15 - SEL$07BDC5B4 / SI_LOCALES@SEL$4
  17 - SEL$07BDC5B4 / T@SEL$3
  18 - SEL$E029B2FF / T@SEL$5
 
</code></pre><header class="major"><h2>Predicate Information (identified by operation id):</h2></header><pre><code>
 
   3 - access("ISSUE_ID"=:1)
   4 - filter("A"."FINAL_ACTION_APPROVAL"="B"."STORED_VALUE"(+))
   5 - access("T"."ORG_ENTITY_ID"="TL"."ORG_ENTITY_ID"(+))
   6 - filter("TL"."LOCALE_ID"(+)=TO_NUMBER("SI_DB_LOCALE_SV"."GETVALUE"()))
   8 - access("X"."LOCALE_ID"="TL"."LOCALE_ID"(+) AND "X"."LOV_VALUE_ID"="TL"."LOV_VALUE_ID"(+))
  10 - access("X"."LOV_ID"="N"."LOV_ID")
  12 - access("N"."LOV_NAME"='MS ISM Final Action Approval')
  15 - filter("ENABLED_FLAG"='Y')
  18 - access("T"."ENTERPRISE_ID"="X"."ENTERPRISE_ID" AND "T"."ORG_ENTITY_ID"="X"."ORG_ENTITY_ID")
 
</code></pre><header class="major"><h2>Column Projection Information (identified by operation id):</h2></header><pre><code>
 
   1 - (#keys=0) "B"."STORED_VALUE"[VARCHAR2,400], "B"."DISPLAYED_VALUE"[VARCHAR2,4000], 
       "B"."LOCALE_ID"[NUMBER,22]
   2 - "A"."FINAL_ACTION_APPROVAL"[VARCHAR2,4000]
   3 - "A".ROWID[ROWID,10]
   4 - "B"."STORED_VALUE"[VARCHAR2,400], "B"."DISPLAYED_VALUE"[VARCHAR2,4000], 
       "B"."LOCALE_ID"[NUMBER,22]
   5 - (#keys=1) "X"."LOCALE_ID"[NUMBER,22], "TL"."DISPLAYED_VALUE"[VARCHAR2,4000], 
       "X"."DISPLAYED_VALUE"[VARCHAR2,4000], "X"."STORED_VALUE"[VARCHAR2,400]
   6 - "TL"."ORG_ENTITY_ID"[NUMBER,22]
   7 - (#keys=0) "X"."LOCALE_ID"[NUMBER,22], "TL"."DISPLAYED_VALUE"[VARCHAR2,4000], 
       "X"."DISPLAYED_VALUE"[VARCHAR2,4000], "X"."STORED_VALUE"[VARCHAR2,400], "T"."ORG_ENTITY_ID"[NUMBER,22]
   8 - (#keys=2) "X"."LOCALE_ID"[NUMBER,22], "TL"."DISPLAYED_VALUE"[VARCHAR2,4000], 
       "X"."ENTERPRISE_ID"[NUMBER,22], "X"."DISPLAYED_VALUE"[VARCHAR2,4000], "X"."STORED_VALUE"[VARCHAR2,400], 
       "X"."ORG_ENTITY_ID"[NUMBER,22]
   9 - "TL"."LOV_VALUE_ID"[NUMBER,22], "TL"."DISPLAYED_VALUE"[VARCHAR2,4000], 
       "TL"."LOCALE_ID"[NUMBER,22]
  10 - (#keys=1) "X"."ENTERPRISE_ID"[NUMBER,22], "X"."LOCALE_ID"[NUMBER,22], 
       "X"."LOV_VALUE_ID"[NUMBER,22], "X"."ORG_ENTITY_ID"[NUMBER,22], "X"."STORED_VALUE"[VARCHAR2,400], 
       "X"."DISPLAYED_VALUE"[VARCHAR2,4000]
  11 - "N"."LOV_ID"[NUMBER,22]
  12 - "N".ROWID[ROWID,10]
  13 - "X"."ENTERPRISE_ID"[NUMBER,22], "X"."LOV_ID"[NUMBER,22], "X"."LOV_VALUE_ID"[NUMBER,22], 
       "X"."ORG_ENTITY_ID"[NUMBER,22], "X"."STORED_VALUE"[VARCHAR2,400], "X"."DISPLAYED_VALUE"[VARCHAR2,4000], 
       "X"."LOCALE_ID"[NUMBER,22]
  14 - (#keys=0) "LOCALE_ID"[NUMBER,22], "T"."LOV_VALUE_ID"[NUMBER,22], "T"."LOV_ID"[NUMBER,22], 
       "T"."ORG_ENTITY_ID"[NUMBER,22], "T"."STORED_VALUE"[VARCHAR2,400], "T"."DISPLAYED_VALUE"[VARCHAR2,4000], 
       "T"."ENTERPRISE_ID"[NUMBER,22]
  15 - "LOCALE_ID"[NUMBER,22]
  16 - (#keys=0) "T"."LOV_VALUE_ID"[NUMBER,22], "T"."LOV_ID"[NUMBER,22], 
       "T"."ORG_ENTITY_ID"[NUMBER,22], "T"."STORED_VALUE"[VARCHAR2,400], "T"."DISPLAYED_VALUE"[VARCHAR2,4000], 
       "T"."ENTERPRISE_ID"[NUMBER,22]
  17 - "T"."LOV_VALUE_ID"[NUMBER,22], "T"."LOV_ID"[NUMBER,22], "T"."ORG_ENTITY_ID"[NUMBER,22], 
       "T"."STORED_VALUE"[VARCHAR2,400], "T"."DISPLAYED_VALUE"[VARCHAR2,4000], "T"."ENTERPRISE_ID"[NUMBER,22]
  18 - "T"."ORG_ENTITY_ID"[NUMBER,22]
										</code></pre>
								</section>
						</div>
					</div>

				<!-- Sidebar -->
				<div id="sidebar">
					<div class="inner">
						<!-- Menu -->
						<nav id="menu">
							<header class="major">
								<h2>Menu</h2>
							</header>
							<ul>
								<li><a href="../index.html">Module List</a></li>
								<li><a href="index.html">Summary</a></li>
								<li>
									<span class="opener">DB Analysis</span>
									<ul>
										<li><a href="bad-sql.html">Bad SQL</a></li>
										<li><a href="poor-sql.html">Poor SQL Plan</a></li>
										<li><a href="invalid-sql.html">Invalid SQL</a></li>
										<li><a href="full-sql.html">Full SQL Report</a></li>
										<li><a href="table-nil-key.html">Primary/Unique Key Miss</a></li>
										<li><a href="invalid-db-object.html">Invalid DB Objects</a></li>
									</ul>
								</li>
								<li>
									<span class="opener">Infolets</span>
									<ul>
										<li><a href="keep-history-infolets.html">Keep History Infolets</a></li>
									</ul>
								</li>
								<li>
									<span class="opener">Pushforms</span>
									<ul>
										<li><a href="pushform-denormalize.html">Pushform Denormalized</a></li>
									</ul>
								</li>
							</ul>
						</nav>

						<!-- Section -->
						<section>
							<header class="major">
								<h2>Get in touch</h2>
							</header>
							<p>You need more details on the report or want more functionality, don't hesitate to reach out to us.</p>
							<ul class="contact">
								<li class="fa-envelope-o"><a href="mailto:rnd@metricstream.com?Subject=Reg - Static Code Analysis Tool" target="_top">rnd@metricstream.com</a></li>
							</ul>
						</section>

						<!-- Footer -->
						<footer id="footer">
							<p class="copyright">&copy; <a href="http://www.metricstream.com" target="_blank">MetricStream</a>. All rights reserved. </p>
						</footer>
					</div>
				</div>
			</div>

		<!-- Scripts -->
			<script src="../../lib/assets/js/jquery.min.js"></script>
			<script src="../../lib/assets/js/skel.min.js"></script>
			<script src="../../lib/assets/js/util.js"></script>
			<!--[if lte IE 8]><script src="../../lib/assets/js/ie/respond.min.js"></script><![endif]-->
			<script src="../../lib/assets/js/main.js"></script>
	</body>
</html>