<!DOCTYPE HTML>
<html>
	<head>
		<title>Code Analysis - MetricStream</title>
		<meta charset="utf-8" />
		<meta name="viewport" content="width=device-width, initial-scale=1, user-scalable=no" />
		<!--[if lte IE 8]><script src="../../lib/assets/js/ie/html5shiv.js"></script><![endif]-->
		<link rel="stylesheet" href="../../lib/assets/css/main.css" />
		<!--[if lte IE 9]><link rel="stylesheet" href="../../lib/assets/css/ie9.css" /><![endif]-->
		<!--[if lte IE 8]><link rel="stylesheet" href="../../lib/assets/css/ie8.css" /><![endif]-->
	</head>
	<body>

		<!-- Wrapper -->
			<div id="wrapper">

				<!-- Main -->
					<div id="main">
						<div class="inner">
							<!-- Header -->
								<header id="header">
									<a href="index.html" class="logo"><strong>Static Code Analysis Report</strong> by Code Analyzer Tool</a>
								</header>

							<!-- Content -->
								<section>
									<!-- Content -->
										<header class="major"><h2>Infolet Details</h2></header>
										<div class="table-wrapper">
											<table>
												<tbody>
													<tr>
														<td><b>Name</b></td>
														<td>MS_ISM_ISSUE_DELEGATE (101290)</td>
													</tr>
													<tr>
														<td><b>SQL</b></td>
														<td><pre><code>SELECT DISTINCT fdo.user_id
,fdo.user_name as login_name
,fdo.user_full_name as User_Name
,NULL as ROLE_ID
,NULL as Role_Name
,NULL as Activity_ID
,NULL as Activity_short_Name
,fdo.activity_name
FROM ms_ism_org_flow_up_v fdo
WHERE (trim(activity_name) = 'ISM - Issue Owner') AND 
(trim(user_name) != :1) AND
:2 = '1' AND
org_entity_id in (select org_entity_id from si_org_entities_t
START WITH ORG_ENTITY_ID=:3
CONNECT BY ORG_ENTITY_ID=PRIOR PARENT_ORG_ENTITY_ID)
union
SELECT DISTINCT fdo.user_id
, fdo.user_name
, fdo.user_full_name as User_Name
, NULL as role_ID
, NULL as Role_Name
, NULL as Activity_ID
, NULL as Activity_name
, fdo.activity_name
FROM MS_ISM_ORG_FLOW_UP_V fdo
WHERE (trim(activity_name) = 'ISM - Issue Owner') AND
(trim(user_name) != :1) AND
org_entity_id in (select org_entity_id from si_org_entities_t
START WITH ORG_ENTITY_ID=:3
CONNECT BY ORG_ENTITY_ID=PRIOR PARENT_ORG_ENTITY_ID)</code></pre></td>
													</tr>
													<tr>
														<td><b>Description</b></td>
														<td>This infolet  is used  get all issue delegatees in the system</td>
													</tr>
												</tbody>
											</table>
										</div>

										<h2 align="center" id="content">Analysis Report</h2>
										<hr>

<header class="major"><h2>Plan hash value: 3775241495</h2></header><pre><code>
 
----------------------------------------------------------------------------------------------------------------------
| Id  | Operation                                    | Name                  | Rows  | Bytes | Cost (%CPU)| Time     |
----------------------------------------------------------------------------------------------------------------------
|   0 | SELECT STATEMENT                             |                       |     2 |   208 |    25  (24)| 00:00:01 |
|   1 |  SORT UNIQUE                                 |                       |     2 |   208 |    25  (24)| 00:00:01 |
|   2 |   UNION-ALL                                  |                       |       |       |            |          |
|*  3 |    FILTER                                    |                       |       |       |            |          |
|   4 |     NESTED LOOPS                             |                       |     1 |   104 |    12  (17)| 00:00:01 |
|   5 |      NESTED LOOPS                            |                       |     1 |   104 |    12  (17)| 00:00:01 |
|   6 |       NESTED LOOPS                           |                       |     1 |    72 |    11  (19)| 00:00:01 |
|   7 |        NESTED LOOPS                          |                       |     1 |    62 |    10  (20)| 00:00:01 |
|*  8 |         HASH JOIN                            |                       |     1 |    57 |     9  (23)| 00:00:01 |
|   9 |          NESTED LOOPS                        |                       |     1 |    52 |     5  (20)| 00:00:01 |
|  10 |           MERGE JOIN                         |                       |     1 |    37 |     4  (25)| 00:00:01 |
|* 11 |            TABLE ACCESS BY INDEX ROWID       | SI_USERS_T            |     1 |    27 |     2   (0)| 00:00:01 |
|  12 |             INDEX FULL SCAN                  | SI_USERS_T_N1         |    46 |       |     1   (0)| 00:00:01 |
|* 13 |            SORT JOIN                         |                       |   137 |  1370 |     2  (50)| 00:00:01 |
|  14 |             INDEX FULL SCAN                  | SI_USER_ORG_ROLES_N2  |   137 |  1370 |     1   (0)| 00:00:01 |
|* 15 |           INDEX RANGE SCAN                   | SI_ORG_ROLES_N3       |     1 |    15 |     1   (0)| 00:00:01 |
|  16 |          VIEW                                | VW_NSO_1              |     2 |    10 |     4  (25)| 00:00:01 |
|  17 |           SORT UNIQUE                        |                       |     2 |    36 |     4  (25)| 00:00:01 |
|* 18 |            CONNECT BY WITH FILTERING (UNIQUE)|                       |       |       |            |          |
|* 19 |             INDEX RANGE SCAN                 | SI_ORG_ENTITIES_N5    |     1 |    10 |     1   (0)| 00:00:01 |
|  20 |             NESTED LOOPS                     |                       |     1 |    23 |     2   (0)| 00:00:01 |
<font style="background-color: lightblue; color: red">|  21 |              CONNECT BY PUMP                 |                       |       |       |            |          |</font>
|* 22 |              INDEX RANGE SCAN                | SI_ORG_ENTITIES_N5    |     1 |    10 |     1   (0)| 00:00:01 |
|* 23 |         INDEX RANGE SCAN                     | SI_ORG_ENTITIES_N5    |     1 |     5 |     1   (0)| 00:00:01 |
|* 24 |        INDEX RANGE SCAN                      | SI_ROLE_ACTIVITIES_N2 |    12 |   120 |     1   (0)| 00:00:01 |
|* 25 |       INDEX RANGE SCAN                       | SI_ACTIVITIES_N1      |     1 |       |     1   (0)| 00:00:01 |
|* 26 |      TABLE ACCESS BY INDEX ROWID             | SI_ACTIVITIES_T       |     1 |    32 |     1   (0)| 00:00:01 |
|  27 |    NESTED LOOPS                              |                       |     1 |   104 |    12  (17)| 00:00:01 |
|  28 |     NESTED LOOPS                             |                       |     1 |   104 |    12  (17)| 00:00:01 |
|  29 |      NESTED LOOPS                            |                       |     1 |    72 |    11  (19)| 00:00:01 |
|  30 |       NESTED LOOPS                           |                       |     1 |    62 |    10  (20)| 00:00:01 |
|* 31 |        HASH JOIN                             |                       |     1 |    57 |     9  (23)| 00:00:01 |
|  32 |         NESTED LOOPS                         |                       |     1 |    52 |     5  (20)| 00:00:01 |
|  33 |          MERGE JOIN                          |                       |     1 |    37 |     4  (25)| 00:00:01 |
|* 34 |           TABLE ACCESS BY INDEX ROWID        | SI_USERS_T            |     1 |    27 |     2   (0)| 00:00:01 |
|  35 |            INDEX FULL SCAN                   | SI_USERS_T_N1         |    46 |       |     1   (0)| 00:00:01 |
|* 36 |           SORT JOIN                          |                       |   137 |  1370 |     2  (50)| 00:00:01 |
|  37 |            INDEX FULL SCAN                   | SI_USER_ORG_ROLES_N2  |   137 |  1370 |     1   (0)| 00:00:01 |
|* 38 |          INDEX RANGE SCAN                    | SI_ORG_ROLES_N3       |     1 |    15 |     1   (0)| 00:00:01 |
|  39 |         VIEW                                 | VW_NSO_2              |     2 |    10 |     4  (25)| 00:00:01 |
|  40 |          SORT UNIQUE                         |                       |     2 |    36 |     4  (25)| 00:00:01 |
|* 41 |           CONNECT BY WITH FILTERING (UNIQUE) |                       |       |       |            |          |
|* 42 |            INDEX RANGE SCAN                  | SI_ORG_ENTITIES_N5    |     1 |    10 |     1   (0)| 00:00:01 |
|  43 |            NESTED LOOPS                      |                       |     1 |    23 |     2   (0)| 00:00:01 |
<font style="background-color: lightblue; color: red">|  44 |             CONNECT BY PUMP                  |                       |       |       |            |          |</font>
|* 45 |             INDEX RANGE SCAN                 | SI_ORG_ENTITIES_N5    |     1 |    10 |     1   (0)| 00:00:01 |
|* 46 |        INDEX RANGE SCAN                      | SI_ORG_ENTITIES_N5    |     1 |     5 |     1   (0)| 00:00:01 |
|* 47 |       INDEX RANGE SCAN                       | SI_ROLE_ACTIVITIES_N2 |    12 |   120 |     1   (0)| 00:00:01 |
|* 48 |      INDEX RANGE SCAN                        | SI_ACTIVITIES_N1      |     1 |       |     1   (0)| 00:00:01 |
|* 49 |     TABLE ACCESS BY INDEX ROWID              | SI_ACTIVITIES_T       |     1 |    32 |     1   (0)| 00:00:01 |
----------------------------------------------------------------------------------------------------------------------
 
</code></pre><header class="major"><h2>Query Block Name / Object Alias (identified by operation id):</h2></header><pre><code>
 
   1 - SET$1       
   3 - SEL$1F949E82
  11 - SEL$1F949E82 / F@SEL$2
  12 - SEL$1F949E82 / F@SEL$2
  14 - SEL$1F949E82 / E@SEL$2
  15 - SEL$1F949E82 / C@SEL$2
  16 - SEL$AFE8E8F6 / VW_NSO_1@SEL$1F949E82
  17 - SEL$AFE8E8F6
  19 - SEL$6        / SI_ORG_ENTITIES_T@SEL$6
  20 - SEL$5       
  22 - SEL$5        / SI_ORG_ENTITIES_T@SEL$5
  23 - SEL$1F949E82 / D@SEL$2
  24 - SEL$1F949E82 / B@SEL$2
  25 - SEL$1F949E82 / A@SEL$2
  26 - SEL$1F949E82 / A@SEL$2
  27 - SEL$F938087A
  34 - SEL$F938087A / F@SEL$8
  35 - SEL$F938087A / F@SEL$8
  37 - SEL$F938087A / E@SEL$8
  38 - SEL$F938087A / C@SEL$8
  39 - SEL$092D738C / VW_NSO_2@SEL$F938087A
  40 - SEL$092D738C
  42 - SEL$12       / SI_ORG_ENTITIES_T@SEL$12
  43 - SEL$11      
  45 - SEL$11       / SI_ORG_ENTITIES_T@SEL$11
  46 - SEL$F938087A / D@SEL$8
  47 - SEL$F938087A / B@SEL$8
  48 - SEL$F938087A / A@SEL$8
  49 - SEL$F938087A / A@SEL$8
 
</code></pre><header class="major"><h2>Predicate Information (identified by operation id):</h2></header><pre><code>
 
   3 - filter(:2='1')
   8 - access("C"."ORG_ENTITY_ID"="ORG_ENTITY_ID")
  11 - filter(TRIM("F"."USER_NAME")<>:1 AND NVL("F"."END_DATE",SYSDATE@!+1)>=SYSDATE@! AND 
              NVL("F"."START_DATE",SYSDATE@!-1)<=SYSDATE@!)
  13 - access("E"."USER_ID"="F"."USER_ID")
       filter("E"."USER_ID"="F"."USER_ID")
  15 - access("C"."ORG_ROLE_ID"="E"."ORG_ROLE_ID")
  18 - access("ORG_ENTITY_ID"=PRIOR "PARENT_ORG_ENTITY_ID")
  19 - access("ORG_ENTITY_ID"=TO_NUMBER(:3))
  22 - access("ORG_ENTITY_ID"="connect$_by$_pump$_003"."PRIOR PARENT_ORG_ENTITY_ID")
  23 - access("C"."ORG_ENTITY_ID"="D"."ORG_ENTITY_ID")
  24 - access("B"."ROLE_ID"="C"."ROLE_ID")
  25 - access("A"."ACTIVITY_ID"="B"."ACTIVITY_ID")
  26 - filter("A"."ACTIVITY_NAME" LIKE 'ISM%' AND TRIM("A"."ACTIVITY_NAME")='ISM - Issue Owner')
  31 - access("C"."ORG_ENTITY_ID"="ORG_ENTITY_ID")
  34 - filter(TRIM("F"."USER_NAME")<>:1 AND NVL("F"."END_DATE",SYSDATE@!+1)>=SYSDATE@! AND 
              NVL("F"."START_DATE",SYSDATE@!-1)<=SYSDATE@!)
  36 - access("E"."USER_ID"="F"."USER_ID")
       filter("E"."USER_ID"="F"."USER_ID")
  38 - access("C"."ORG_ROLE_ID"="E"."ORG_ROLE_ID")
  41 - access("ORG_ENTITY_ID"=PRIOR "PARENT_ORG_ENTITY_ID")
  42 - access("ORG_ENTITY_ID"=TO_NUMBER(:3))
  45 - access("ORG_ENTITY_ID"="connect$_by$_pump$_010"."PRIOR PARENT_ORG_ENTITY_ID")
  46 - access("C"."ORG_ENTITY_ID"="D"."ORG_ENTITY_ID")
  47 - access("B"."ROLE_ID"="C"."ROLE_ID")
  48 - access("A"."ACTIVITY_ID"="B"."ACTIVITY_ID")
  49 - filter("A"."ACTIVITY_NAME" LIKE 'ISM%' AND TRIM("A"."ACTIVITY_NAME")='ISM - Issue Owner')
 
</code></pre><header class="major"><h2>Column Projection Information (identified by operation id):</h2></header><pre><code>
 
   1 - (#keys=8) STRDEF[22], STRDEF[80], STRDEF[4000], STRDEF[0], STRDEF[0], STRDEF[0], STRDEF[0], STRDEF[400]
   2 - STRDEF[22], STRDEF[80], STRDEF[4000], STRDEF[0], STRDEF[0], STRDEF[0], STRDEF[0], STRDEF[400]
   3 - "E"."USER_ID"[NUMBER,22], "F"."USER_NAME"[VARCHAR2,80], "A"."ACTIVITY_NAME"[VARCHAR2,400]
   4 - (#keys=0) "E"."USER_ID"[NUMBER,22], "F"."USER_NAME"[VARCHAR2,80], "A"."ACTIVITY_NAME"[VARCHAR2,400]
   5 - (#keys=0) "E"."USER_ID"[NUMBER,22], "F"."USER_NAME"[VARCHAR2,80], "A".ROWID[ROWID,10]
   6 - (#keys=0) "E"."USER_ID"[NUMBER,22], "F"."USER_NAME"[VARCHAR2,80], "B"."ACTIVITY_ID"[NUMBER,22]
   7 - (#keys=0) "E"."USER_ID"[NUMBER,22], "F"."USER_NAME"[VARCHAR2,80], "C"."ROLE_ID"[NUMBER,22]
   8 - (#keys=1) "C"."ORG_ENTITY_ID"[NUMBER,22], "E"."USER_ID"[NUMBER,22], "F"."USER_NAME"[VARCHAR2,80], 
       "C"."ROLE_ID"[NUMBER,22]
   9 - (#keys=0) "E"."USER_ID"[NUMBER,22], "F"."USER_NAME"[VARCHAR2,80], "C"."ORG_ENTITY_ID"[NUMBER,22], 
       "C"."ROLE_ID"[NUMBER,22]
  10 - (#keys=0) "E"."USER_ID"[NUMBER,22], "F"."USER_NAME"[VARCHAR2,80], "E"."ORG_ROLE_ID"[NUMBER,22]
  11 - "F"."USER_ID"[NUMBER,22], "F"."USER_NAME"[VARCHAR2,80]
  12 - "F".ROWID[ROWID,10], "F"."USER_ID"[NUMBER,22]
  13 - (#keys=1) "E"."USER_ID"[NUMBER,22], "E"."ORG_ROLE_ID"[NUMBER,22]
  14 - "E"."ORG_ROLE_ID"[NUMBER,22], "E"."USER_ID"[NUMBER,22]
  15 - "C"."ORG_ENTITY_ID"[NUMBER,22], "C"."ROLE_ID"[NUMBER,22]
  16 - "ORG_ENTITY_ID"[NUMBER,22]
  17 - (#keys=1) "ORG_ENTITY_ID"[NUMBER,22]
  18 - "ORG_ENTITY_ID"[NUMBER,22], "PARENT_ORG_ENTITY_ID"[NUMBER,22], PRIOR NULL[22], LEVEL[4]
  19 - "SI_ORG_ENTITIES_T".ROWID[ROWID,10], "ORG_ENTITY_ID"[NUMBER,22], "PARENT_ORG_ENTITY_ID"[NUMBER,22]
  20 - (#keys=0) "connect$_by$_pump$_003"."PRIOR PARENT_ORG_ENTITY_ID"[NUMBER,22], 
       "SI_ORG_ENTITIES_T".ROWID[ROWID,10], "ORG_ENTITY_ID"[NUMBER,22], "PARENT_ORG_ENTITY_ID"[NUMBER,22]
  21 - "connect$_by$_pump$_003"."PRIOR PARENT_ORG_ENTITY_ID"[NUMBER,22]
  22 - "SI_ORG_ENTITIES_T".ROWID[ROWID,10], "ORG_ENTITY_ID"[NUMBER,22], "PARENT_ORG_ENTITY_ID"[NUMBER,22]
  24 - "B"."ACTIVITY_ID"[NUMBER,22]
  25 - "A".ROWID[ROWID,10]
  26 - "A"."ACTIVITY_NAME"[VARCHAR2,400]
  27 - (#keys=0) "E"."USER_ID"[NUMBER,22], "F"."USER_NAME"[VARCHAR2,80], "A"."ACTIVITY_NAME"[VARCHAR2,400]
  28 - (#keys=0) "E"."USER_ID"[NUMBER,22], "F"."USER_NAME"[VARCHAR2,80], "A".ROWID[ROWID,10]
  29 - (#keys=0) "E"."USER_ID"[NUMBER,22], "F"."USER_NAME"[VARCHAR2,80], "B"."ACTIVITY_ID"[NUMBER,22]
  30 - (#keys=0) "E"."USER_ID"[NUMBER,22], "F"."USER_NAME"[VARCHAR2,80], "C"."ROLE_ID"[NUMBER,22]
  31 - (#keys=1) "C"."ORG_ENTITY_ID"[NUMBER,22], "E"."USER_ID"[NUMBER,22], "F"."USER_NAME"[VARCHAR2,80], 
       "C"."ROLE_ID"[NUMBER,22]
  32 - (#keys=0) "E"."USER_ID"[NUMBER,22], "F"."USER_NAME"[VARCHAR2,80], "C"."ORG_ENTITY_ID"[NUMBER,22], 
       "C"."ROLE_ID"[NUMBER,22]
  33 - (#keys=0) "E"."USER_ID"[NUMBER,22], "F"."USER_NAME"[VARCHAR2,80], "E"."ORG_ROLE_ID"[NUMBER,22]
  34 - "F"."USER_ID"[NUMBER,22], "F"."USER_NAME"[VARCHAR2,80]
  35 - "F".ROWID[ROWID,10], "F"."USER_ID"[NUMBER,22]
  36 - (#keys=1) "E"."USER_ID"[NUMBER,22], "E"."ORG_ROLE_ID"[NUMBER,22]
  37 - "E"."ORG_ROLE_ID"[NUMBER,22], "E"."USER_ID"[NUMBER,22]
  38 - "C"."ORG_ENTITY_ID"[NUMBER,22], "C"."ROLE_ID"[NUMBER,22]
  39 - "ORG_ENTITY_ID"[NUMBER,22]
  40 - (#keys=1) "ORG_ENTITY_ID"[NUMBER,22]
  41 - "ORG_ENTITY_ID"[NUMBER,22], "PARENT_ORG_ENTITY_ID"[NUMBER,22], PRIOR NULL[22], LEVEL[4]
  42 - "SI_ORG_ENTITIES_T".ROWID[ROWID,10], "ORG_ENTITY_ID"[NUMBER,22], "PARENT_ORG_ENTITY_ID"[NUMBER,22]
  43 - (#keys=0) "connect$_by$_pump$_010"."PRIOR PARENT_ORG_ENTITY_ID"[NUMBER,22], 
       "SI_ORG_ENTITIES_T".ROWID[ROWID,10], "ORG_ENTITY_ID"[NUMBER,22], "PARENT_ORG_ENTITY_ID"[NUMBER,22]
  44 - "connect$_by$_pump$_010"."PRIOR PARENT_ORG_ENTITY_ID"[NUMBER,22]
  45 - "SI_ORG_ENTITIES_T".ROWID[ROWID,10], "ORG_ENTITY_ID"[NUMBER,22], "PARENT_ORG_ENTITY_ID"[NUMBER,22]
  47 - "B"."ACTIVITY_ID"[NUMBER,22]
  48 - "A".ROWID[ROWID,10]
  49 - "A"."ACTIVITY_NAME"[VARCHAR2,400]
										</code></pre>
								</section>
						</div>
					</div>

				<!-- Sidebar -->
				<div id="sidebar">
					<div class="inner">
						<!-- Menu -->
						<nav id="menu">
							<header class="major">
								<h2>Menu</h2>
							</header>
							<ul>
								<li><a href="../index.html">Module List</a></li>
								<li><a href="index.html">Summary</a></li>
								<li>
									<span class="opener">DB Analysis</span>
									<ul>
										<li><a href="bad-sql.html">Bad SQL</a></li>
										<li><a href="poor-sql.html">Poor SQL Plan</a></li>
										<li><a href="invalid-sql.html">Invalid SQL</a></li>
										<li><a href="full-sql.html">Full SQL Report</a></li>
										<li><a href="table-nil-key.html">Primary/Unique Key Miss</a></li>
										<li><a href="invalid-db-object.html">Invalid DB Objects</a></li>
									</ul>
								</li>
								<li>
									<span class="opener">Infolets</span>
									<ul>
										<li><a href="keep-history-infolets.html">Keep History Infolets</a></li>
									</ul>
								</li>
								<li>
									<span class="opener">Pushforms</span>
									<ul>
										<li><a href="pushform-denormalize.html">Pushform Denormalized</a></li>
									</ul>
								</li>
							</ul>
						</nav>

						<!-- Section -->
						<section>
							<header class="major">
								<h2>Get in touch</h2>
							</header>
							<p>You need more details on the report or want more functionality, don't hesitate to reach out to us.</p>
							<ul class="contact">
								<li class="fa-envelope-o"><a href="mailto:rnd@metricstream.com?Subject=Reg - Static Code Analysis Tool" target="_top">rnd@metricstream.com</a></li>
							</ul>
						</section>

						<!-- Footer -->
						<footer id="footer">
							<p class="copyright">&copy; <a href="http://www.metricstream.com" target="_blank">MetricStream</a>. All rights reserved. </p>
						</footer>
					</div>
				</div>
			</div>

		<!-- Scripts -->
			<script src="../../lib/assets/js/jquery.min.js"></script>
			<script src="../../lib/assets/js/skel.min.js"></script>
			<script src="../../lib/assets/js/util.js"></script>
			<!--[if lte IE 8]><script src="../../lib/assets/js/ie/respond.min.js"></script><![endif]-->
			<script src="../../lib/assets/js/main.js"></script>
	</body>
</html>