<!DOCTYPE HTML>
<html>
	<head>
		<title>Code Analysis - MetricStream</title>
		<meta charset="utf-8" />
		<meta name="viewport" content="width=device-width, initial-scale=1, user-scalable=no" />
		<!--[if lte IE 8]><script src="../../lib/assets/js/ie/html5shiv.js"></script><![endif]-->
		<link rel="stylesheet" href="../../lib/assets/css/main.css" />
		<!--[if lte IE 9]><link rel="stylesheet" href="../../lib/assets/css/ie9.css" /><![endif]-->
		<!--[if lte IE 8]><link rel="stylesheet" href="../../lib/assets/css/ie8.css" /><![endif]-->
	</head>
	<body>

		<!-- Wrapper -->
			<div id="wrapper">

				<!-- Main -->
					<div id="main">
						<div class="inner">
							<!-- Header -->
								<header id="header">
									<a href="index.html" class="logo"><strong>Static Code Analysis Report</strong> by Code Analyzer Tool</a>
								</header>

							<!-- Content -->
								<section>
									<!-- Content -->
										<header class="major"><h2>Infolet Details</h2></header>
										<div class="table-wrapper">
											<table>
												<tbody>
													<tr>
														<td><b>Name</b></td>
														<td>MS_ISM_AUTO_DELEGATE (101209)</td>
													</tr>
													<tr>
														<td><b>SQL</b></td>
														<td><pre><code>SELECT distinct a.user_name AS USER_NAME,
       a.USER_FULL_NAME AS USER_FULL_NAME,
       MS_ISM_HELPER.get_roles_for_delegatee(user_name) AS Roles,
       A.User_Id
  FROM ms_ism_org_flow_up_v a,
  (Select org_entity_id From si_org_entities_t
	start With Org_Entity_Id in (Select Distinct Org_Entity_Id From Ms_Ism_Org_Flow_Up_V B Where User_Name = :1)
	connect by org_entity_id = prior parent_org_entity_id)tmp
 WHERE activity_name in ('ISM - Issue Owner','ISM - Implement Action')
       And User_Name Not In (:1)
       AND a.org_entity_id = tmp.org_entity_id</code></pre></td>
													</tr>
													<tr>
														<td><b>Description</b></td>
														<td>This infolet to retrieve the Issue Owners</td>
													</tr>
												</tbody>
											</table>
										</div>

										<h2 align="center" id="content">Analysis Report</h2>
										<hr>

<header class="major"><h2>Plan hash value: 407172636</h2></header><pre><code>
 
----------------------------------------------------------------------------------------------------------------
| Id  | Operation                              | Name                  | Rows  | Bytes | Cost (%CPU)| Time     |
----------------------------------------------------------------------------------------------------------------
|   0 | SELECT STATEMENT                       |                       |     1 |   104 |    20   (5)| 00:00:01 |
|   1 |  SORT UNIQUE                           |                       |     1 |   104 |    20   (5)| 00:00:01 |
|*  2 |   HASH JOIN                            |                       |     1 |   104 |    19   (0)| 00:00:01 |
|   3 |    NESTED LOOPS                        |                       |     1 |    99 |     8   (0)| 00:00:01 |
|   4 |     NESTED LOOPS                       |                       |     1 |    94 |     7   (0)| 00:00:01 |
|   5 |      NESTED LOOPS                      |                       |     1 |    67 |     6   (0)| 00:00:01 |
|   6 |       NESTED LOOPS                     |                       |     1 |    57 |     5   (0)| 00:00:01 |
|   7 |        NESTED LOOPS                    |                       |     1 |    42 |     4   (0)| 00:00:01 |
|   8 |         INLIST ITERATOR                |                       |       |       |            |          |
|   9 |          TABLE ACCESS BY INDEX ROWID   | SI_ACTIVITIES_T       |     1 |    32 |     1   (0)| 00:00:01 |
|* 10 |           INDEX RANGE SCAN             | SI_ACTIVITIES_N2      |     1 |       |     1   (0)| 00:00:01 |
|* 11 |         INDEX FULL SCAN                | SI_ROLE_ACTIVITIES_N2 |     3 |    30 |     2   (0)| 00:00:01 |
|  12 |        TABLE ACCESS BY INDEX ROWID     | SI_ORG_ROLES          |     1 |    15 |     1   (0)| 00:00:01 |
|* 13 |         INDEX RANGE SCAN               | SI_ORG_ROLES_N2       |     1 |       |     1   (0)| 00:00:01 |
|* 14 |       INDEX RANGE SCAN                 | SI_USER_ORG_ROLES_N2  |     2 |    20 |     1   (0)| 00:00:01 |
|* 15 |      TABLE ACCESS BY INDEX ROWID       | SI_USERS_T            |     1 |    27 |     1   (0)| 00:00:01 |
|* 16 |       INDEX UNIQUE SCAN                | SI_USERS_T_N1         |     1 |       |     1   (0)| 00:00:01 |
|* 17 |     INDEX RANGE SCAN                   | SI_ORG_ENTITIES_N5    |     1 |     5 |     1   (0)| 00:00:01 |
|  18 |    VIEW                                |                       |     6 |    30 |    13  (16)| 00:00:01 |
|* 19 |     CONNECT BY WITHOUT FILTERING       |                       |       |       |            |          |
|* 20 |      HASH JOIN SEMI                    |                       |     3 |    69 |     8   (0)| 00:00:01 |
|  21 |       INDEX FULL SCAN                  | SI_ORG_ENTITIES_N5    |    74 |   740 |     1   (0)| 00:00:01 |
|  22 |       VIEW                             | VW_NSO_1              |     3 |    39 |     7   (0)| 00:00:01 |
|* 23 |        HASH JOIN                       |                       |     3 |   297 |     7   (0)| 00:00:01 |
|  24 |         NESTED LOOPS                   |                       |    34 |  2278 |     5   (0)| 00:00:01 |
|* 25 |          HASH JOIN                     |                       |     3 |   171 |     4   (0)| 00:00:01 |
|  26 |           NESTED LOOPS                 |                       |     3 |   156 |     3   (0)| 00:00:01 |
|  27 |            NESTED LOOPS                |                       |    63 |  2646 |     2   (0)| 00:00:01 |
|* 28 |             TABLE ACCESS BY INDEX ROWID| SI_USERS_T            |     1 |    27 |     1   (0)| 00:00:01 |
|* 29 |              INDEX RANGE SCAN          | SI_USERS_T_N3         |     1 |       |     1   (0)| 00:00:01 |
|  30 |             INDEX FULL SCAN            | SI_ORG_ROLES_N3       |    63 |   945 |     1   (0)| 00:00:01 |
|* 31 |            INDEX RANGE SCAN            | SI_USER_ORG_ROLES_N2  |     1 |    10 |     1   (0)| 00:00:01 |
|  32 |           INDEX FULL SCAN              | SI_ORG_ENTITIES_N1    |    74 |   370 |     1   (0)| 00:00:01 |
|* 33 |          INDEX RANGE SCAN              | SI_ROLE_ACTIVITIES_N2 |    12 |   120 |     1   (0)| 00:00:01 |
|* 34 |         VIEW                           | index$_join$_018      |    24 |   768 |     2   (0)| 00:00:01 |
|* 35 |          HASH JOIN                     |                       |       |       |            |          |
|* 36 |           INDEX RANGE SCAN             | SI_ACTIVITIES_N2      |    24 |   768 |     1   (0)| 00:00:01 |
|  37 |           INDEX FAST FULL SCAN         | SI_ACTIVITIES_N1      |    24 |   768 |     1   (0)| 00:00:01 |
<font style="background-color: lightblue; color: red">|  38 |      TABLE ACCESS FULL                 | SI_ORG_ENTITIES_T     |    74 |   740 |     3   (0)| 00:00:01 |</font>
----------------------------------------------------------------------------------------------------------------
 
</code></pre><header class="major"><h2>Query Block Name / Object Alias (identified by operation id):</h2></header><pre><code>
 
   1 - SEL$F5BB74E1
   9 - SEL$F5BB74E1 / A@SEL$2
  10 - SEL$F5BB74E1 / A@SEL$2
  11 - SEL$F5BB74E1 / B@SEL$2
  12 - SEL$F5BB74E1 / C@SEL$2
  13 - SEL$F5BB74E1 / C@SEL$2
  14 - SEL$F5BB74E1 / E@SEL$2
  15 - SEL$F5BB74E1 / F@SEL$2
  16 - SEL$F5BB74E1 / F@SEL$2
  17 - SEL$F5BB74E1 / D@SEL$2
  18 - SEL$3        / TMP@SEL$1
  19 - SEL$3       
  20 - SEL$29316FF7
  21 - SEL$29316FF7 / SI_ORG_ENTITIES_T@SEL$6
  22 - SEL$D7D3B280 / VW_NSO_1@SEL$29316FF7
  23 - SEL$D7D3B280
  28 - SEL$D7D3B280 / F@SEL$10
  29 - SEL$D7D3B280 / F@SEL$10
  30 - SEL$D7D3B280 / C@SEL$10
  31 - SEL$D7D3B280 / E@SEL$10
  32 - SEL$D7D3B280 / D@SEL$10
  33 - SEL$D7D3B280 / B@SEL$10
  34 - SEL$DA615E85 / A@SEL$10
  35 - SEL$DA615E85
  36 - SEL$DA615E85 / indexjoin$_alias$_001@SEL$DA615E85
  37 - SEL$DA615E85 / indexjoin$_alias$_002@SEL$DA615E85
  38 - SEL$4        / SI_ORG_ENTITIES_T@SEL$4
 
</code></pre><header class="major"><h2>Predicate Information (identified by operation id):</h2></header><pre><code>
 
   2 - access("C"."ORG_ENTITY_ID"="TMP"."ORG_ENTITY_ID")
  10 - access("A"."ACTIVITY_NAME"='ISM - Implement Action' OR "A"."ACTIVITY_NAME"='ISM - Issue Owner')
       filter("A"."ACTIVITY_NAME" LIKE 'ISM%')
  11 - access("A"."ACTIVITY_ID"="B"."ACTIVITY_ID")
       filter("A"."ACTIVITY_ID"="B"."ACTIVITY_ID")
  13 - access("B"."ROLE_ID"="C"."ROLE_ID")
  14 - access("C"."ORG_ROLE_ID"="E"."ORG_ROLE_ID")
  15 - filter(NVL("F"."END_DATE",SYSDATE@!+1)>=SYSDATE@! AND "F"."USER_NAME"<>:1 AND 
              NVL("F"."START_DATE",SYSDATE@!-1)<=SYSDATE@!)
  16 - access("E"."USER_ID"="F"."USER_ID")
  17 - access("C"."ORG_ENTITY_ID"="D"."ORG_ENTITY_ID")
  19 - access("ORG_ENTITY_ID"=PRIOR "PARENT_ORG_ENTITY_ID")
  20 - access("ORG_ENTITY_ID"="ORG_ENTITY_ID")
  23 - access("A"."ACTIVITY_ID"="B"."ACTIVITY_ID")
  25 - access("C"."ORG_ENTITY_ID"="D"."ORG_ENTITY_ID")
  28 - filter(NVL("F"."END_DATE",SYSDATE@!+1)>=SYSDATE@! AND 
              NVL("F"."START_DATE",SYSDATE@!-1)<=SYSDATE@!)
  29 - access("F"."USER_NAME"=:1)
  31 - access("C"."ORG_ROLE_ID"="E"."ORG_ROLE_ID" AND "E"."USER_ID"="F"."USER_ID")
  33 - access("B"."ROLE_ID"="C"."ROLE_ID")
  34 - filter("A"."ACTIVITY_NAME" LIKE 'ISM%')
  35 - access(ROWID=ROWID)
  36 - access("A"."ACTIVITY_NAME" LIKE 'ISM%')
 
</code></pre><header class="major"><h2>Column Projection Information (identified by operation id):</h2></header><pre><code>
 
   1 - (#keys=4) "F"."USER_NAME"[VARCHAR2,80], "MS_APPS_UTILITIES"."GET_USER_FULL_NAME"("F"."USER_NAME")
       [4000], "MS_ISM_HELPER"."GET_ROLES_FOR_DELEGATEE"("F"."USER_NAME")[4000], "E"."USER_ID"[NUMBER,22]
   2 - (#keys=1) "E"."USER_ID"[NUMBER,22], "F"."USER_NAME"[VARCHAR2,80]
   3 - (#keys=0) "C"."ORG_ENTITY_ID"[NUMBER,22], "E"."USER_ID"[NUMBER,22], "F"."USER_NAME"[VARCHAR2,80]
   4 - (#keys=0) "C"."ORG_ENTITY_ID"[NUMBER,22], "E"."USER_ID"[NUMBER,22], "F"."USER_NAME"[VARCHAR2,80]
   5 - (#keys=0) "C"."ORG_ENTITY_ID"[NUMBER,22], "E"."USER_ID"[NUMBER,22]
   6 - (#keys=0) "C"."ORG_ROLE_ID"[NUMBER,22], "C"."ORG_ENTITY_ID"[NUMBER,22]
   7 - (#keys=0) "B"."ROLE_ID"[NUMBER,22]
   8 - "A"."ACTIVITY_ID"[NUMBER,22]
   9 - "A"."ACTIVITY_ID"[NUMBER,22], "A"."ACTIVITY_NAME"[VARCHAR2,400]
  10 - "A".ROWID[ROWID,10], "A"."ACTIVITY_NAME"[VARCHAR2,400]
  11 - "B"."ROLE_ID"[NUMBER,22]
  12 - "C"."ORG_ROLE_ID"[NUMBER,22], "C"."ORG_ENTITY_ID"[NUMBER,22]
  13 - "C".ROWID[ROWID,10]
  14 - "E"."USER_ID"[NUMBER,22]
  15 - "F"."USER_NAME"[VARCHAR2,80]
  16 - "F".ROWID[ROWID,10]
  18 - "TMP"."ORG_ENTITY_ID"[NUMBER,22]
  19 - "ORG_ENTITY_ID"[NUMBER,22], "PARENT_ORG_ENTITY_ID"[NUMBER,22], PRIOR NULL[22], LEVEL[4]
  20 - (#keys=1) "ORG_ENTITY_ID"[NUMBER,22], "SI_ORG_ENTITIES_T".ROWID[ROWID,10], 
       "PARENT_ORG_ENTITY_ID"[NUMBER,22]
  21 - "SI_ORG_ENTITIES_T".ROWID[ROWID,10], "ORG_ENTITY_ID"[NUMBER,22], 
       "PARENT_ORG_ENTITY_ID"[NUMBER,22]
  22 - "ORG_ENTITY_ID"[NUMBER,22]
  23 - (#keys=1) "B"."ACTIVITY_ID"[NUMBER,22], "A"."ACTIVITY_ID"[NUMBER,22], 
       "C"."ORG_ENTITY_ID"[NUMBER,22], "D"."ORG_ENTITY_ID"[NUMBER,22], "F".ROWID[ROWID,10], 
       "F"."USER_ID"[NUMBER,22], "F"."USER_NAME"[VARCHAR2,80], "F"."START_DATE"[DATE,7], 
       "F"."END_DATE"[DATE,7], "C".ROWID[ROWID,10], "C"."ORG_ROLE_ID"[NUMBER,22], "E"."USER_ID"[NUMBER,22], 
       "C"."ROLE_ID"[NUMBER,22], "E".ROWID[ROWID,10], "E"."ORG_ROLE_ID"[NUMBER,22], "D".ROWID[ROWID,10], 
       "B".ROWID[ROWID,10], "B"."ROLE_ID"[NUMBER,22], ROWID[ROWID,10], "ACTIVITY_NAME"[VARCHAR2,400]
  24 - (#keys=0) "C"."ORG_ENTITY_ID"[NUMBER,22], "D"."ORG_ENTITY_ID"[NUMBER,22], "F".ROWID[ROWID,10], 
       "F"."USER_ID"[NUMBER,22], "F"."USER_NAME"[VARCHAR2,80], "F"."START_DATE"[DATE,7], 
       "F"."END_DATE"[DATE,7], "C".ROWID[ROWID,10], "C"."ORG_ROLE_ID"[NUMBER,22], "E"."USER_ID"[NUMBER,22], 
       "C"."ROLE_ID"[NUMBER,22], "E".ROWID[ROWID,10], "E"."ORG_ROLE_ID"[NUMBER,22], "D".ROWID[ROWID,10], 
       "B".ROWID[ROWID,10], "B"."ACTIVITY_ID"[NUMBER,22], "B"."ROLE_ID"[NUMBER,22]
  25 - (#keys=1) "C"."ORG_ENTITY_ID"[NUMBER,22], "D"."ORG_ENTITY_ID"[NUMBER,22], "F".ROWID[ROWID,10], 
       "F"."USER_ID"[NUMBER,22], "F"."USER_NAME"[VARCHAR2,80], "F"."START_DATE"[DATE,7], 
       "F"."END_DATE"[DATE,7], "C".ROWID[ROWID,10], "C"."ORG_ROLE_ID"[NUMBER,22], "E"."USER_ID"[NUMBER,22], 
       "C"."ROLE_ID"[NUMBER,22], "E".ROWID[ROWID,10], "E"."ORG_ROLE_ID"[NUMBER,22], "D".ROWID[ROWID,10]
  26 - (#keys=0) "F".ROWID[ROWID,10], "F"."USER_ID"[NUMBER,22], "F"."USER_NAME"[VARCHAR2,80], 
       "F"."START_DATE"[DATE,7], "F"."END_DATE"[DATE,7], "C".ROWID[ROWID,10], "C"."ORG_ROLE_ID"[NUMBER,22], 
       "C"."ORG_ENTITY_ID"[NUMBER,22], "C"."ROLE_ID"[NUMBER,22], "E".ROWID[ROWID,10], 
       "E"."ORG_ROLE_ID"[NUMBER,22], "E"."USER_ID"[NUMBER,22]
  27 - (#keys=0) "F".ROWID[ROWID,10], "F"."USER_ID"[NUMBER,22], "F"."USER_NAME"[VARCHAR2,80], 
       "F"."START_DATE"[DATE,7], "F"."END_DATE"[DATE,7], "C".ROWID[ROWID,10], "C"."ORG_ROLE_ID"[NUMBER,22], 
       "C"."ORG_ENTITY_ID"[NUMBER,22], "C"."ROLE_ID"[NUMBER,22]
  28 - "F".ROWID[ROWID,10], "F"."USER_ID"[NUMBER,22], "F"."USER_NAME"[VARCHAR2,80], 
       "F"."START_DATE"[DATE,7], "F"."END_DATE"[DATE,7]
  29 - "F".ROWID[ROWID,10], "F"."USER_NAME"[VARCHAR2,80]
  30 - "C".ROWID[ROWID,10], "C"."ORG_ROLE_ID"[NUMBER,22], "C"."ORG_ENTITY_ID"[NUMBER,22], 
       "C"."ROLE_ID"[NUMBER,22]
  31 - "E".ROWID[ROWID,10], "E"."ORG_ROLE_ID"[NUMBER,22], "E"."USER_ID"[NUMBER,22]
  32 - "D".ROWID[ROWID,10], "D"."ORG_ENTITY_ID"[NUMBER,22]
  33 - "B".ROWID[ROWID,10], "B"."ACTIVITY_ID"[NUMBER,22], "B"."ROLE_ID"[NUMBER,22]
  34 - ROWID[ROWID,10], "A"."ACTIVITY_ID"[NUMBER,22], "ACTIVITY_NAME"[VARCHAR2,400]
  35 - (#keys=1) ROWID[ROWID,10], ROWID[ROWID,10], "A"."ACTIVITY_NAME"[VARCHAR2,400], 
       "A"."ACTIVITY_ID"[NUMBER,22]
  36 - ROWID[ROWID,10], "A"."ACTIVITY_NAME"[VARCHAR2,400]
  37 - ROWID[ROWID,10], "A"."ACTIVITY_ID"[NUMBER,22]
  38 - "ORG_ENTITY_ID"[NUMBER,22], "PARENT_ORG_ENTITY_ID"[NUMBER,22]
										</code></pre>
								</section>
						</div>
					</div>

				<!-- Sidebar -->
				<div id="sidebar">
					<div class="inner">
						<!-- Menu -->
						<nav id="menu">
							<header class="major">
								<h2>Menu</h2>
							</header>
							<ul>
								<li><a href="../index.html">Module List</a></li>
								<li><a href="index.html">Summary</a></li>
								<li>
									<span class="opener">DB Analysis</span>
									<ul>
										<li><a href="bad-sql.html">Bad SQL</a></li>
										<li><a href="poor-sql.html">Poor SQL Plan</a></li>
										<li><a href="invalid-sql.html">Invalid SQL</a></li>
										<li><a href="full-sql.html">Full SQL Report</a></li>
										<li><a href="table-nil-key.html">Primary/Unique Key Miss</a></li>
										<li><a href="invalid-db-object.html">Invalid DB Objects</a></li>
									</ul>
								</li>
								<li>
									<span class="opener">Infolets</span>
									<ul>
										<li><a href="keep-history-infolets.html">Keep History Infolets</a></li>
									</ul>
								</li>
								<li>
									<span class="opener">Pushforms</span>
									<ul>
										<li><a href="pushform-denormalize.html">Pushform Denormalized</a></li>
									</ul>
								</li>
							</ul>
						</nav>

						<!-- Section -->
						<section>
							<header class="major">
								<h2>Get in touch</h2>
							</header>
							<p>You need more details on the report or want more functionality, don't hesitate to reach out to us.</p>
							<ul class="contact">
								<li class="fa-envelope-o"><a href="mailto:rnd@metricstream.com?Subject=Reg - Static Code Analysis Tool" target="_top">rnd@metricstream.com</a></li>
							</ul>
						</section>

						<!-- Footer -->
						<footer id="footer">
							<p class="copyright">&copy; <a href="http://www.metricstream.com" target="_blank">MetricStream</a>. All rights reserved. </p>
						</footer>
					</div>
				</div>
			</div>

		<!-- Scripts -->
			<script src="../../lib/assets/js/jquery.min.js"></script>
			<script src="../../lib/assets/js/skel.min.js"></script>
			<script src="../../lib/assets/js/util.js"></script>
			<!--[if lte IE 8]><script src="../../lib/assets/js/ie/respond.min.js"></script><![endif]-->
			<script src="../../lib/assets/js/main.js"></script>
	</body>
</html>