<!DOCTYPE HTML>
<html>
	<head>
		<title>Code Analysis - MetricStream</title>
		<meta charset="utf-8" />
		<meta name="viewport" content="width=device-width, initial-scale=1, user-scalable=no" />
		<!--[if lte IE 8]><script src="../../lib/assets/js/ie/html5shiv.js"></script><![endif]-->
		<link rel="stylesheet" href="../../lib/assets/css/main.css" />
		<!--[if lte IE 9]><link rel="stylesheet" href="../../lib/assets/css/ie9.css" /><![endif]-->
		<!--[if lte IE 8]><link rel="stylesheet" href="../../lib/assets/css/ie8.css" /><![endif]-->
	</head>
	<body>

		<!-- Wrapper -->
			<div id="wrapper">

				<!-- Main -->
					<div id="main">
						<div class="inner">
							<!-- Header -->
								<header id="header">
									<a href="index.html" class="logo"><strong>Static Code Analysis Report</strong> by Code Analyzer Tool</a>
								</header>

							<!-- Content -->
								<section>
									<!-- Content -->
										<header class="major"><h2>Infolet Details</h2></header>
										<div class="table-wrapper">
											<table>
												<tbody>
													<tr>
														<td><b>Name</b></td>
														<td>MS_ISM_Iss_Initiator_Org_Usr (101305)</td>
													</tr>
													<tr>
														<td><b>SQL</b></td>
														<td><pre><code>SELECT DISTINCT a.user_id as OUT_USER_ID
, a.user_name as OUT_USER_NAME                 
,A.USER_FULL_NAME AS OUT_USER_FULLNAME
FROM SI_USER_FLOW_UP_ORG_ACT_VIEW a where (trim(a.Activity_Name) = 'ISM - Create Issue') and :1=:1</code></pre></td>
													</tr>
													<tr>
														<td><b>Description</b></td>
														<td>This infolet is used to get the original users for Issue Initiator profile.</td>
													</tr>
												</tbody>
											</table>
										</div>

										<h2 align="center" id="content">Analysis Report</h2>
										<hr>

<header class="major"><h2>Plan hash value: 273869443</h2></header><pre><code>
 
--------------------------------------------------------------------------------------------------------------------------------
| Id  | Operation                                             | Name                   | Rows  | Bytes | Cost (%CPU)| Time     |
--------------------------------------------------------------------------------------------------------------------------------
|   0 | SELECT STATEMENT                                      |                        |     1 |   199 |    25   (4)| 00:00:01 |
|   1 |  SORT UNIQUE                                          |                        |     1 |   199 |    25   (4)| 00:00:01 |
|*  2 |   FILTER                                              |                        |       |       |            |          |
|   3 |    NESTED LOOPS                                       |                        |     1 |   199 |    24   (0)| 00:00:01 |
|   4 |     NESTED LOOPS                                      |                        |     1 |   199 |    24   (0)| 00:00:01 |
|   5 |      NESTED LOOPS                                     |                        |     1 |   165 |    23   (0)| 00:00:01 |
|   6 |       NESTED LOOPS                                    |                        |     1 |   155 |    22   (0)| 00:00:01 |
|   7 |        NESTED LOOPS                                   |                        |     3 |   369 |    21   (0)| 00:00:01 |
|   8 |         NESTED LOOPS                                  |                        |     1 |   113 |    20   (0)| 00:00:01 |
|   9 |          NESTED LOOPS                                 |                        |     1 |   108 |    19   (0)| 00:00:01 |
|  10 |           NESTED LOOPS                                |                        |     1 |    93 |    18   (0)| 00:00:01 |
<font style="background-color: lightblue; color: red">|  11 |            MERGE JOIN CARTESIAN                       |                        |     1 |    87 |    17   (0)| 00:00:01 |</font>
|* 12 |             HASH JOIN                                 |                        |     1 |    82 |    11   (0)| 00:00:01 |
|* 13 |              HASH JOIN                                |                        |     1 |    65 |     8   (0)| 00:00:01 |
<font style="background-color: lightblue; color: red">|* 14 |               TABLE ACCESS FULL                       | MS_QS_PARAMETER_NAMES  |     3 |    99 |     5   (0)| 00:00:01 |</font>
<font style="background-color: lightblue; color: red">|* 15 |               TABLE ACCESS FULL                       | MS_QS_PARAMETER_TYPES  |     1 |    32 |     3   (0)| 00:00:01 |</font>
<font style="background-color: lightblue; color: red">|* 16 |              TABLE ACCESS FULL                        | MS_QS_PARAMETER_VALUES |   257 |  4369 |     3   (0)| 00:00:01 |</font>
|  17 |             BUFFER SORT                               |                        |   148 |   740 |    14   (0)| 00:00:01 |
|  18 |              VIEW                                     | SI_FLOW_UP_ORGS_VIEW   |   148 |   740 |     6   (0)| 00:00:01 |
|* 19 |               FILTER                                  |                        |       |       |            |          |
|* 20 |                CONNECT BY NO FILTERING WITH START-WITH|                        |       |       |            |          |
|* 21 |                 HASH JOIN OUTER                       |                        |    74 |  1332 |     6   (0)| 00:00:01 |
<font style="background-color: lightblue; color: red">|  22 |                  TABLE ACCESS FULL                    | SI_ORG_ENTITIES_T      |    74 |   814 |     3   (0)| 00:00:01 |</font>
<font style="background-color: lightblue; color: red">|* 23 |                  TABLE ACCESS FULL                    | SI_ORG_ENTITIES_TL     |     2 |    14 |     3   (0)| 00:00:01 |</font>
|* 24 |            TABLE ACCESS BY INDEX ROWID                | SI_ORG_ENTITIES_T      |     1 |     6 |     1   (0)| 00:00:01 |
|* 25 |             INDEX RANGE SCAN                          | SI_ORG_ENTITIES_N5     |     1 |       |     1   (0)| 00:00:01 |
|  26 |           TABLE ACCESS BY INDEX ROWID                 | SI_ORG_ROLES           |     4 |    60 |     1   (0)| 00:00:01 |
|* 27 |            INDEX RANGE SCAN                           | SI_ORG_ROLES_N1        |     4 |       |     1   (0)| 00:00:01 |
|* 28 |          INDEX RANGE SCAN                             | SI_ROLES_N2            |     1 |     5 |     1   (0)| 00:00:01 |
|* 29 |         INDEX RANGE SCAN                              | SI_ROLE_ACTIVITIES_N2  |    12 |   120 |     1   (0)| 00:00:01 |
|* 30 |        TABLE ACCESS BY INDEX ROWID                    | SI_ACTIVITIES_T        |     1 |    32 |     1   (0)| 00:00:01 |
|* 31 |         INDEX RANGE SCAN                              | SI_ACTIVITIES_N1       |     1 |       |     1   (0)| 00:00:01 |
|* 32 |       INDEX RANGE SCAN                                | SI_USER_ORG_ROLES_N2   |     2 |    20 |     1   (0)| 00:00:01 |
|* 33 |      INDEX UNIQUE SCAN                                | SI_USERS_T_N1          |     1 |       |     1   (0)| 00:00:01 |
|* 34 |     TABLE ACCESS BY INDEX ROWID                       | SI_USERS_T             |     1 |    34 |     1   (0)| 00:00:01 |
--------------------------------------------------------------------------------------------------------------------------------
 
</code></pre><header class="major"><h2>Query Block Name / Object Alias (identified by operation id):</h2></header><pre><code>
 
   1 - SEL$22A1F9C9
  14 - SEL$22A1F9C9 / PNAME@SEL$10
  15 - SEL$22A1F9C9 / PTYPE@SEL$10
  16 - SEL$22A1F9C9 / PVALUE@SEL$10
  18 - SEL$3        / FLOW_UP_ORGS@SEL$2
  19 - SEL$3       
  21 - SEL$8F5C5713
  22 - SEL$8F5C5713 / T@SEL$7
  23 - SEL$8F5C5713 / TL@SEL$7
  24 - SEL$22A1F9C9 / ORGS@SEL$10
  25 - SEL$22A1F9C9 / ORGS@SEL$10
  26 - SEL$22A1F9C9 / ORG_ROLES@SEL$10
  27 - SEL$22A1F9C9 / ORG_ROLES@SEL$10
  28 - SEL$22A1F9C9 / ROLES@SEL$10
  29 - SEL$22A1F9C9 / ROLE_ACT@SEL$10
  30 - SEL$22A1F9C9 / ACT@SEL$10
  31 - SEL$22A1F9C9 / ACT@SEL$10
  32 - SEL$22A1F9C9 / USR_ORG_ROLES@SEL$10
  33 - SEL$22A1F9C9 / USERS@SEL$10
  34 - SEL$22A1F9C9 / USERS@SEL$10
 
</code></pre><header class="major"><h2>Predicate Information (identified by operation id):</h2></header><pre><code>
 
   2 - filter(:1=:1)
  12 - access("PNAME"."PARAMETER_ID"="PVALUE"."PARAMETER_ID" AND 
              "PTYPE"."PARAMETER_TYPE_ID"="PVALUE"."PARAMETER_TYPE_ID")
  13 - access("PTYPE"."PARAMETER_TYPE_ID"="PNAME"."PARAMETER_TYPE_ID")
  14 - filter(UPPER("PNAME"."PARAMETER_NAME")='DISPLAY_FORMAT')
  15 - filter(UPPER("PTYPE"."PARAMETER_TYPE")='MS APPS USER NAME DISPLAY FORMAT')
  16 - filter("PVALUE"."ORG_ENTITY_ID"=1)
  19 - filter(NVL("END_DATE",SYSDATE@!)>=SYSDATE@!)
  20 - access("T"."ORG_ENTITY_ID"=PRIOR "PARENT_ORG_ENTITY_ID")
       filter("T"."ORG_ENTITY_ID"="T"."ORG_ENTITY_ID")
  21 - access("T"."ORG_ENTITY_ID"="TL"."ORG_ENTITY_ID"(+))
  23 - filter("TL"."LOCALE_ID"(+)=TO_NUMBER("SI_DB_LOCALE_SV"."GETVALUE"()))
  24 - filter(NVL("ORGS"."END_DATE",SYSDATE@!)>=SYSDATE@!)
  25 - access("ORGS"."ORG_ENTITY_ID"="FLOW_UP_ORGS"."ORG_ENTITY_ID")
  27 - access("ORGS"."ORG_ENTITY_ID"="ORG_ROLES"."ORG_ENTITY_ID")
  28 - access("ROLES"."ROLE_ID"="ORG_ROLES"."ROLE_ID")
  29 - access("ROLE_ACT"."ROLE_ID"="ORG_ROLES"."ROLE_ID")
  30 - filter(TRIM("ACT"."ACTIVITY_NAME")='ISM - Create Issue')
  31 - access("ROLE_ACT"."ACTIVITY_ID"="ACT"."ACTIVITY_ID")
  32 - access("USR_ORG_ROLES"."ORG_ROLE_ID"="ORG_ROLES"."ORG_ROLE_ID")
  33 - access("USERS"."USER_ID"="USR_ORG_ROLES"."USER_ID")
  34 - filter(NVL("USERS"."END_DATE",SYSDATE@!)>=SYSDATE@!)
 
</code></pre><header class="major"><h2>Column Projection Information (identified by operation id):</h2></header><pre><code>
 
   1 - (#keys=3) "USERS"."USER_ID"[NUMBER,22], "USERS"."USER_NAME"[VARCHAR2,80], CASE "PVALUE"."PARAMETER_VALUE" WHEN 
       '2' THEN "USERS"."LAST_NAME"||' '||"USERS"."FIRST_NAME" WHEN '3' THEN "USERS"."LAST_NAME"||','||' 
       '||"USERS"."FIRST_NAME"||' '||'('||"USERS"."USER_NAME"||')' WHEN '1' THEN "USERS"."FIRST_NAME"||' 
       '||"USERS"."LAST_NAME" WHEN '4' THEN "USERS"."FIRST_NAME"||','||' '||"USERS"."LAST_NAME"||' 
       '||'('||"USERS"."USER_NAME"||')' ELSE "USERS"."LAST_NAME"||' '||"USERS"."FIRST_NAME" END [285]
   2 - "PVALUE"."PARAMETER_VALUE"[VARCHAR2,400], "USERS"."USER_ID"[NUMBER,22], "USERS"."LAST_NAME"[VARCHAR2,100], 
       "USERS"."FIRST_NAME"[VARCHAR2,100], "USERS"."USER_NAME"[VARCHAR2,80]
   3 - (#keys=0) "PVALUE"."PARAMETER_VALUE"[VARCHAR2,400], "USERS"."USER_ID"[NUMBER,22], 
       "USERS"."LAST_NAME"[VARCHAR2,100], "USERS"."FIRST_NAME"[VARCHAR2,100], "USERS"."USER_NAME"[VARCHAR2,80]
   4 - (#keys=0) "PVALUE"."PARAMETER_VALUE"[VARCHAR2,400], "USERS".ROWID[ROWID,10], "USERS"."USER_ID"[NUMBER,22]
   5 - (#keys=0) "PVALUE"."PARAMETER_VALUE"[VARCHAR2,400], "USR_ORG_ROLES"."USER_ID"[NUMBER,22]
   6 - (#keys=0) "PVALUE"."PARAMETER_VALUE"[VARCHAR2,400], "ORG_ROLES"."ORG_ROLE_ID"[NUMBER,22]
   7 - (#keys=0) "PVALUE"."PARAMETER_VALUE"[VARCHAR2,400], "ORG_ROLES"."ORG_ROLE_ID"[NUMBER,22], 
       "ROLE_ACT"."ACTIVITY_ID"[NUMBER,22]
   8 - (#keys=0) "PVALUE"."PARAMETER_VALUE"[VARCHAR2,400], "ORG_ROLES"."ORG_ROLE_ID"[NUMBER,22], 
       "ORG_ROLES"."ROLE_ID"[NUMBER,22]
   9 - (#keys=0) "PVALUE"."PARAMETER_VALUE"[VARCHAR2,400], "ORG_ROLES"."ORG_ROLE_ID"[NUMBER,22], 
       "ORG_ROLES"."ROLE_ID"[NUMBER,22]
  10 - (#keys=0) "PVALUE"."PARAMETER_VALUE"[VARCHAR2,400], "ORGS"."ORG_ENTITY_ID"[NUMBER,22]
  11 - (#keys=0) "PVALUE"."PARAMETER_VALUE"[VARCHAR2,400], "FLOW_UP_ORGS"."ORG_ENTITY_ID"[NUMBER,22]
  12 - (#keys=2) "PVALUE"."PARAMETER_VALUE"[VARCHAR2,400]
  13 - (#keys=1) "PTYPE"."PARAMETER_TYPE_ID"[NUMBER,22], "PNAME"."PARAMETER_ID"[NUMBER,22]
  14 - "PNAME"."PARAMETER_ID"[NUMBER,22], "PNAME"."PARAMETER_TYPE_ID"[NUMBER,22]
  15 - "PTYPE"."PARAMETER_TYPE_ID"[NUMBER,22]
  16 - "PVALUE"."PARAMETER_TYPE_ID"[NUMBER,22], "PVALUE"."PARAMETER_ID"[NUMBER,22], 
       "PVALUE"."PARAMETER_VALUE"[VARCHAR2,400]
  17 - (#keys=0) "FLOW_UP_ORGS"."ORG_ENTITY_ID"[NUMBER,22]
  18 - "FLOW_UP_ORGS"."ORG_ENTITY_ID"[NUMBER,22]
  19 - "T"."ORG_ENTITY_ID"[NUMBER,22]
  20 - "T"."ORG_ENTITY_ID"[NUMBER,22], "PARENT_ORG_ENTITY_ID"[NUMBER,22], STRDEF[7], PRIOR NULL[22], ANY[22], LEVEL[4]
  21 - (#keys=1) "T"."ORG_ENTITY_ID"[NUMBER,22], "TL"."ORG_ENTITY_ID"[NUMBER,22], "END_DATE"[DATE,7], 
       "PARENT_ORG_ENTITY_ID"[NUMBER,22], "TL"."LOCALE_ID"[NUMBER,22]
  22 - "T"."ORG_ENTITY_ID"[NUMBER,22], "PARENT_ORG_ENTITY_ID"[NUMBER,22], "END_DATE"[DATE,7]
  23 - "TL"."ORG_ENTITY_ID"[NUMBER,22], "TL"."LOCALE_ID"[NUMBER,22]
  24 - "ORGS"."ORG_ENTITY_ID"[NUMBER,22]
  25 - "ORGS".ROWID[ROWID,10], "ORGS"."ORG_ENTITY_ID"[NUMBER,22]
  26 - "ORG_ROLES"."ORG_ROLE_ID"[NUMBER,22], "ORG_ROLES"."ROLE_ID"[NUMBER,22]
  27 - "ORG_ROLES".ROWID[ROWID,10]
  29 - "ROLE_ACT"."ACTIVITY_ID"[NUMBER,22]
  31 - "ACT".ROWID[ROWID,10]
  32 - "USR_ORG_ROLES"."USER_ID"[NUMBER,22]
  33 - "USERS".ROWID[ROWID,10], "USERS"."USER_ID"[NUMBER,22]
  34 - "USERS"."LAST_NAME"[VARCHAR2,100], "USERS"."FIRST_NAME"[VARCHAR2,100], "USERS"."USER_NAME"[VARCHAR2,80]
										</code></pre>
								</section>
						</div>
					</div>

				<!-- Sidebar -->
				<div id="sidebar">
					<div class="inner">
						<!-- Menu -->
						<nav id="menu">
							<header class="major">
								<h2>Menu</h2>
							</header>
							<ul>
								<li><a href="../index.html">Module List</a></li>
								<li><a href="index.html">Summary</a></li>
								<li>
									<span class="opener">DB Analysis</span>
									<ul>
										<li><a href="bad-sql.html">Bad SQL</a></li>
										<li><a href="poor-sql.html">Poor SQL Plan</a></li>
										<li><a href="invalid-sql.html">Invalid SQL</a></li>
										<li><a href="full-sql.html">Full SQL Report</a></li>
										<li><a href="table-nil-key.html">Primary/Unique Key Miss</a></li>
										<li><a href="invalid-db-object.html">Invalid DB Objects</a></li>
									</ul>
								</li>
								<li>
									<span class="opener">Infolets</span>
									<ul>
										<li><a href="keep-history-infolets.html">Keep History Infolets</a></li>
									</ul>
								</li>
								<li>
									<span class="opener">Pushforms</span>
									<ul>
										<li><a href="pushform-denormalize.html">Pushform Denormalized</a></li>
									</ul>
								</li>
							</ul>
						</nav>

						<!-- Section -->
						<section>
							<header class="major">
								<h2>Get in touch</h2>
							</header>
							<p>You need more details on the report or want more functionality, don't hesitate to reach out to us.</p>
							<ul class="contact">
								<li class="fa-envelope-o"><a href="mailto:rnd@metricstream.com?Subject=Reg - Static Code Analysis Tool" target="_top">rnd@metricstream.com</a></li>
							</ul>
						</section>

						<!-- Footer -->
						<footer id="footer">
							<p class="copyright">&copy; <a href="http://www.metricstream.com" target="_blank">MetricStream</a>. All rights reserved. </p>
						</footer>
					</div>
				</div>
			</div>

		<!-- Scripts -->
			<script src="../../lib/assets/js/jquery.min.js"></script>
			<script src="../../lib/assets/js/skel.min.js"></script>
			<script src="../../lib/assets/js/util.js"></script>
			<!--[if lte IE 8]><script src="../../lib/assets/js/ie/respond.min.js"></script><![endif]-->
			<script src="../../lib/assets/js/main.js"></script>
	</body>
</html>