<!DOCTYPE HTML>
<html>
	<head>
		<title>Code Analysis - MetricStream</title>
		<meta charset="utf-8" />
		<meta name="viewport" content="width=device-width, initial-scale=1, user-scalable=no" />
		<!--[if lte IE 8]><script src="../../lib/assets/js/ie/html5shiv.js"></script><![endif]-->
		<link rel="stylesheet" href="../../lib/assets/css/main.css" />
		<!--[if lte IE 9]><link rel="stylesheet" href="../../lib/assets/css/ie9.css" /><![endif]-->
		<!--[if lte IE 8]><link rel="stylesheet" href="../../lib/assets/css/ie8.css" /><![endif]-->
	</head>
	<body>

		<!-- Wrapper -->
			<div id="wrapper">

				<!-- Main -->
					<div id="main">
						<div class="inner">
							<!-- Header -->
								<header id="header">
									<a href="index.html" class="logo"><strong>Static Code Analysis Report</strong> by Code Analyzer Tool</a>
								</header>

							<!-- Content -->
								<section>
									<!-- Content -->
										<header class="major"><h2>Infolet Details</h2></header>
										<div class="table-wrapper">
											<table>
												<tbody>
													<tr>
														<td><b>Name</b></td>
														<td>MS_ISM_Ageing_CrossTab_Report_Infolet (101228)</td>
													</tr>
													<tr>
														<td><b>SQL</b></td>
														<td><pre><code>Select Issue_Source_Type,lvl,Period, Sum(Decode(No_Of_Issue,'Y',1,'N',0,0)) As No_Of_Issue,total,NVL(:2,'') AS Owner_Org
from (
SELECT 
ms_ism_rpt_utils.fn_get_source_type_dis_val(ISSUE_SOURCE_TYPE_ADT,source_type_stored,:1) as issue_source_type,lvl,
(select replace(period,'X',ms_apps_utilities.get_parameter_value (1, 'MS_ISM_Configuration', 'Enable_Ageing_Due_In_Months')) 
from Ms_Ism_Ageing_Table_Tl_V
where locale_id=(SELECT locale_id
      FROM si_users_t us, 
           si_locales lc
     WHERE us.user_name =:1
       AND lc.locale_string = us.locale)
and period_stored=lvl)  AS period,
       DECODE(lvl, 1, OVERDUE_THIS_MONTH,
                           2, OD_PAST_THREE_MONTH,
                           3, OD_BEYOND_THREE_MONTH,
                           4, DUE_THIS_MONTH,
                           5, DUE_WITHIN_X_MONTH,
                           6, Due_Beyond_X_Month,
                           'N/A') As No_Of_Issue,
      null as total
FROM   ms_ism_issue_reporting_v,
       (Select Level As Lvl From Dual Connect By Level <= 6)
       where (exists (SELECT 1
			  FROM dual
			 WHERE EXISTS (
					SELECT 1
					  FROM si_user_org_act_view a
					 WHERE a.user_name = :1
					   AND a.activity_name = 'ISM - View All Issues')) 
      OR (exists (SELECT 1
			  FROM dual
			 WHERE EXISTS (
					SELECT 1
					  FROM si_user_org_act_view a
					 WHERE a.user_name =:1
					   AND a.activity_name = 'ISM - View Issue')) AND exists(SELECT 1
          FROM si_user_flow_down_org_act_view b
         WHERE b.user_name = :1
           AND (  (b.activity_name = 'ISM - View Issue By  Issue Owner Org' AND b.org_entity_id = issue_owner_org)
               OR (b.activity_name = 'ISM - View Issue By Issue Approver Org' AND b.org_entity_id 
               IN (issue_approverorg, act_plan_approverorg, final_iss_approverorg))
               )))
      OR (TGT_OBJ_ID is not null and 0 <> (SELECT COUNT (CASE WHEN INSTR (TGT_OBJ_ID || ',', org_entity_id || ',') > 0 THEN 1 ELSE NULL END)
          FROM si_user_flow_down_org_act_view
         WHERE user_name =:1
           AND activity_name = 'ISM - View Issue By Related To Org')))
       and (:2 Is Null Or Issue_Owner_Org =:2)
       )
group by issue_source_type,period,total,lvl</code></pre></td>
													</tr>
													<tr>
														<td><b>Description</b></td>
														<td>This infolet will fetch age of the issue according to the configuration parameters set for each source typr</td>
													</tr>
												</tbody>
											</table>
										</div>

										<h2 align="center" id="content">Analysis Report</h2>
										<hr>

<header class="major"><h2>Plan hash value: 974877806</h2></header><pre><code>
 
-------------------------------------------------------------------------------------------------------------------------
| Id  | Operation                                     | Name                    | Rows  | Bytes | Cost (%CPU)| Time     |
-------------------------------------------------------------------------------------------------------------------------
|   0 | SELECT STATEMENT                              |                         |    12 | 48264 |    28   (4)| 00:00:01 |
|   1 |  NESTED LOOPS OUTER                           |                         |     1 |  2824 |     6   (0)| 00:00:01 |
|*  2 |   VIEW                                        |                         |     1 |  2009 |     4   (0)| 00:00:01 |
|   3 |    NESTED LOOPS                               |                         |     1 |    29 |     4   (0)| 00:00:01 |
|   4 |     TABLE ACCESS BY INDEX ROWID               | MS_ISM_AGEING_PERIOD    |     1 |    23 |     1   (0)| 00:00:01 |
|*  5 |      INDEX UNIQUE SCAN                        | SYS_C0011887            |     1 |       |     1   (0)| 00:00:01 |
<font style="background-color: lightblue; color: red">|*  6 |     TABLE ACCESS FULL                         | SI_LOCALES              |     1 |     6 |     3   (0)| 00:00:01 |</font>
|   7 |    NESTED LOOPS                               |                         |     1 |    30 |     4   (0)| 00:00:01 |
|   8 |     TABLE ACCESS BY INDEX ROWID               | SI_USERS_T              |     1 |    19 |     1   (0)| 00:00:01 |
|*  9 |      INDEX RANGE SCAN                         | SI_USERS_T_N3           |     1 |       |     1   (0)| 00:00:01 |
<font style="background-color: lightblue; color: red">|* 10 |     TABLE ACCESS FULL                         | SI_LOCALES              |     1 |    11 |     3   (0)| 00:00:01 |</font>
<font style="background-color: lightblue; color: red">|* 11 |   TABLE ACCESS FULL                           | MS_ISM_AGEING_PERIOD_TL |     1 |   815 |     2   (0)| 00:00:01 |</font>
|  12 |  SORT GROUP BY                                |                         |    12 | 48264 |    28   (4)| 00:00:01 |
|  13 |   VIEW                                        |                         |    12 | 48264 |    27   (0)| 00:00:01 |
|* 14 |    FILTER                                     |                         |       |       |            |          |
<font style="background-color: lightblue; color: red">|  15 |     MERGE JOIN CARTESIAN                      |                         |    12 |   864 |     7   (0)| 00:00:01 |</font>
|  16 |      NESTED LOOPS                             |                         |     1 |    13 |     4   (0)| 00:00:01 |
|  17 |       FAST DUAL                               |                         |     1 |       |     2   (0)| 00:00:01 |
|  18 |       VIEW                                    |                         |     1 |    13 |     2   (0)| 00:00:01 |
|* 19 |        CONNECT BY WITHOUT FILTERING           |                         |       |       |            |          |
|  20 |         FAST DUAL                             |                         |     1 |       |     2   (0)| 00:00:01 |
|  21 |      BUFFER SORT                              |                         |    12 |   708 |     5   (0)| 00:00:01 |
<font style="background-color: lightblue; color: red">|* 22 |       TABLE ACCESS FULL                       | MS_ISM_ISSUE_REPORTING  |    12 |   708 |     3   (0)| 00:00:01 |</font>
|* 23 |     FILTER                                    |                         |       |       |            |          |
|  24 |      FAST DUAL                                |                         |     1 |       |     2   (0)| 00:00:01 |
|  25 |      NESTED LOOPS                             |                         |     1 |   175 |    18   (0)| 00:00:01 |
|  26 |       NESTED LOOPS                            |                         |     1 |   170 |    17   (0)| 00:00:01 |
|  27 |        NESTED LOOPS                           |                         |     1 |   164 |    16   (0)| 00:00:01 |
|  28 |         NESTED LOOPS                          |                         |     1 |   154 |    15   (0)| 00:00:01 |
|  29 |          NESTED LOOPS                         |                         |     1 |   139 |    14   (0)| 00:00:01 |
<font style="background-color: lightblue; color: red">|  30 |           MERGE JOIN CARTESIAN                |                         |     1 |   129 |    13   (0)| 00:00:01 |</font>
|* 31 |            HASH JOIN                          |                         |     1 |    97 |    12   (0)| 00:00:01 |
|* 32 |             HASH JOIN                         |                         |     1 |    84 |     9   (0)| 00:00:01 |
|  33 |              NESTED LOOPS                     |                         |     1 |    51 |     4   (0)| 00:00:01 |
|* 34 |               TABLE ACCESS BY INDEX ROWID     | SI_USERS_T              |     1 |    19 |     1   (0)| 00:00:01 |
|* 35 |                INDEX RANGE SCAN               | SI_USERS_T_N3           |     1 |       |     1   (0)| 00:00:01 |
<font style="background-color: lightblue; color: red">|* 36 |               TABLE ACCESS FULL               | MS_QS_PARAMETER_TYPES   |     1 |    32 |     3   (0)| 00:00:01 |</font>
<font style="background-color: lightblue; color: red">|* 37 |              TABLE ACCESS FULL                | MS_QS_PARAMETER_NAMES   |     3 |    99 |     5   (0)| 00:00:01 |</font>
<font style="background-color: lightblue; color: red">|* 38 |             TABLE ACCESS FULL                 | MS_QS_PARAMETER_VALUES  |   257 |  3341 |     3   (0)| 00:00:01 |</font>
|  39 |            BUFFER SORT                        |                         |     1 |    32 |    10   (0)| 00:00:01 |
|  40 |             TABLE ACCESS BY INDEX ROWID       | SI_ACTIVITIES_T         |     1 |    32 |     1   (0)| 00:00:01 |
|* 41 |              INDEX RANGE SCAN                 | SI_ACTIVITIES_N2        |     1 |       |     1   (0)| 00:00:01 |
|  42 |           TABLE ACCESS BY INDEX ROWID         | SI_USER_ORG_ROLES       |     3 |    30 |     1   (0)| 00:00:01 |
|* 43 |            INDEX RANGE SCAN                   | SI_USER_ORG_ROLES_N1    |     3 |       |     1   (0)| 00:00:01 |
|* 44 |          INDEX RANGE SCAN                     | SI_ORG_ROLES_N3         |     1 |    15 |     1   (0)| 00:00:01 |
|* 45 |         INDEX RANGE SCAN                      | SI_ROLE_ACTIVITIES_N2   |     1 |    10 |     1   (0)| 00:00:01 |
|* 46 |        TABLE ACCESS BY INDEX ROWID            | SI_ORG_ENTITIES_T       |     1 |     6 |     1   (0)| 00:00:01 |
|* 47 |         INDEX RANGE SCAN                      | SI_ORG_ENTITIES_N5      |     1 |       |     1   (0)| 00:00:01 |
|* 48 |       INDEX RANGE SCAN                        | SI_ROLES_N2             |     1 |     5 |     1   (0)| 00:00:01 |
|* 49 |     HASH JOIN                                 |                         |     1 |   201 |    24   (0)| 00:00:01 |
|  50 |      NESTED LOOPS                             |                         |     1 |   175 |    18   (0)| 00:00:01 |
|  51 |       NESTED LOOPS                            |                         |     1 |   170 |    17   (0)| 00:00:01 |
|  52 |        NESTED LOOPS                           |                         |     1 |   164 |    16   (0)| 00:00:01 |
|  53 |         NESTED LOOPS                          |                         |     1 |   154 |    15   (0)| 00:00:01 |
|  54 |          NESTED LOOPS                         |                         |     1 |   139 |    14   (0)| 00:00:01 |
<font style="background-color: lightblue; color: red">|  55 |           MERGE JOIN CARTESIAN                |                         |     1 |   129 |    13   (0)| 00:00:01 |</font>
|* 56 |            HASH JOIN                          |                         |     1 |    97 |    12   (0)| 00:00:01 |
|* 57 |             HASH JOIN                         |                         |     1 |    84 |     9   (0)| 00:00:01 |
|  58 |              NESTED LOOPS                     |                         |     1 |    51 |     4   (0)| 00:00:01 |
|* 59 |               TABLE ACCESS BY INDEX ROWID     | SI_USERS_T              |     1 |    19 |     1   (0)| 00:00:01 |
|* 60 |                INDEX RANGE SCAN               | SI_USERS_T_N3           |     1 |       |     1   (0)| 00:00:01 |
<font style="background-color: lightblue; color: red">|* 61 |               TABLE ACCESS FULL               | MS_QS_PARAMETER_TYPES   |     1 |    32 |     3   (0)| 00:00:01 |</font>
<font style="background-color: lightblue; color: red">|* 62 |              TABLE ACCESS FULL                | MS_QS_PARAMETER_NAMES   |     3 |    99 |     5   (0)| 00:00:01 |</font>
<font style="background-color: lightblue; color: red">|* 63 |             TABLE ACCESS FULL                 | MS_QS_PARAMETER_VALUES  |   257 |  3341 |     3   (0)| 00:00:01 |</font>
|  64 |            BUFFER SORT                        |                         |     1 |    32 |    10   (0)| 00:00:01 |
|  65 |             TABLE ACCESS BY INDEX ROWID       | SI_ACTIVITIES_T         |     1 |    32 |     1   (0)| 00:00:01 |
|* 66 |              INDEX RANGE SCAN                 | SI_ACTIVITIES_N2        |     1 |       |     1   (0)| 00:00:01 |
|  67 |           TABLE ACCESS BY INDEX ROWID         | SI_USER_ORG_ROLES       |     3 |    30 |     1   (0)| 00:00:01 |
|* 68 |            INDEX RANGE SCAN                   | SI_USER_ORG_ROLES_N1    |     3 |       |     1   (0)| 00:00:01 |
|* 69 |          INDEX RANGE SCAN                     | SI_ORG_ROLES_N3         |     1 |    15 |     1   (0)| 00:00:01 |
|* 70 |         INDEX RANGE SCAN                      | SI_ROLE_ACTIVITIES_N2   |     1 |    10 |     1   (0)| 00:00:01 |
|* 71 |        TABLE ACCESS BY INDEX ROWID            | SI_ORG_ENTITIES_T       |     1 |     6 |     1   (0)| 00:00:01 |
|* 72 |         INDEX RANGE SCAN                      | SI_ORG_ENTITIES_N5      |     1 |       |     1   (0)| 00:00:01 |
|* 73 |       INDEX RANGE SCAN                        | SI_ROLES_N2             |     1 |     5 |     1   (0)| 00:00:01 |
|* 74 |      VIEW                                     | SI_FLOW_DOWN_ORGS_VIEW  |   465 | 12090 |     7  (15)| 00:00:01 |
|* 75 |       FILTER                                  |                         |       |       |            |          |
|* 76 |        CONNECT BY NO FILTERING WITH START-WITH|                         |       |       |            |          |
|* 77 |         HASH JOIN OUTER                       |                         |    74 |  1332 |     6   (0)| 00:00:01 |
<font style="background-color: lightblue; color: red">|  78 |          TABLE ACCESS FULL                    | SI_ORG_ENTITIES_T       |    74 |   814 |     3   (0)| 00:00:01 |</font>
<font style="background-color: lightblue; color: red">|* 79 |          TABLE ACCESS FULL                    | SI_ORG_ENTITIES_TL      |     2 |    14 |     3   (0)| 00:00:01 |</font>
|* 80 |     FILTER                                    |                         |       |       |            |          |
|  81 |      FAST DUAL                                |                         |     1 |       |     2   (0)| 00:00:01 |
|  82 |      NESTED LOOPS                             |                         |     1 |   175 |    18   (0)| 00:00:01 |
|  83 |       NESTED LOOPS                            |                         |     1 |   170 |    17   (0)| 00:00:01 |
|  84 |        NESTED LOOPS                           |                         |     1 |   164 |    16   (0)| 00:00:01 |
|  85 |         NESTED LOOPS                          |                         |     1 |   154 |    15   (0)| 00:00:01 |
|  86 |          NESTED LOOPS                         |                         |     1 |   139 |    14   (0)| 00:00:01 |
<font style="background-color: lightblue; color: red">|  87 |           MERGE JOIN CARTESIAN                |                         |     1 |   129 |    13   (0)| 00:00:01 |</font>
|* 88 |            HASH JOIN                          |                         |     1 |    97 |    12   (0)| 00:00:01 |
|* 89 |             HASH JOIN                         |                         |     1 |    84 |     9   (0)| 00:00:01 |
|  90 |              NESTED LOOPS                     |                         |     1 |    51 |     4   (0)| 00:00:01 |
|* 91 |               TABLE ACCESS BY INDEX ROWID     | SI_USERS_T              |     1 |    19 |     1   (0)| 00:00:01 |
|* 92 |                INDEX RANGE SCAN               | SI_USERS_T_N3           |     1 |       |     1   (0)| 00:00:01 |
<font style="background-color: lightblue; color: red">|* 93 |               TABLE ACCESS FULL               | MS_QS_PARAMETER_TYPES   |     1 |    32 |     3   (0)| 00:00:01 |</font>
<font style="background-color: lightblue; color: red">|* 94 |              TABLE ACCESS FULL                | MS_QS_PARAMETER_NAMES   |     3 |    99 |     5   (0)| 00:00:01 |</font>
<font style="background-color: lightblue; color: red">|* 95 |             TABLE ACCESS FULL                 | MS_QS_PARAMETER_VALUES  |   257 |  3341 |     3   (0)| 00:00:01 |</font>
|  96 |            BUFFER SORT                        |                         |     1 |    32 |    10   (0)| 00:00:01 |
|  97 |             TABLE ACCESS BY INDEX ROWID       | SI_ACTIVITIES_T         |     1 |    32 |     1   (0)| 00:00:01 |
|* 98 |              INDEX RANGE SCAN                 | SI_ACTIVITIES_N2        |     1 |       |     1   (0)| 00:00:01 |
|  99 |           TABLE ACCESS BY INDEX ROWID         | SI_USER_ORG_ROLES       |     3 |    30 |     1   (0)| 00:00:01 |
|*100 |            INDEX RANGE SCAN                   | SI_USER_ORG_ROLES_N1    |     3 |       |     1   (0)| 00:00:01 |
|*101 |          INDEX RANGE SCAN                     | SI_ORG_ROLES_N3         |     1 |    15 |     1   (0)| 00:00:01 |
|*102 |         INDEX RANGE SCAN                      | SI_ROLE_ACTIVITIES_N2   |     1 |    10 |     1   (0)| 00:00:01 |
|*103 |        TABLE ACCESS BY INDEX ROWID            | SI_ORG_ENTITIES_T       |     1 |     6 |     1   (0)| 00:00:01 |
|*104 |         INDEX RANGE SCAN                      | SI_ORG_ENTITIES_N5      |     1 |       |     1   (0)| 00:00:01 |
|*105 |       INDEX RANGE SCAN                        | SI_ROLES_N2             |     1 |     5 |     1   (0)| 00:00:01 |
|*106 |     HASH JOIN                                 |                         |     1 |   193 |    25   (0)| 00:00:01 |
| 107 |      NESTED LOOPS                             |                         |     1 |   175 |    19   (0)| 00:00:01 |
| 108 |       NESTED LOOPS                            |                         |     1 |   175 |    19   (0)| 00:00:01 |
| 109 |        NESTED LOOPS                           |                         |     1 |   143 |    18   (0)| 00:00:01 |
|*110 |         HASH JOIN                             |                         |     1 |   133 |    17   (0)| 00:00:01 |
| 111 |          NESTED LOOPS                         |                         |     1 |   120 |    14   (0)| 00:00:01 |
| 112 |           NESTED LOOPS                        |                         |     1 |   115 |    13   (0)| 00:00:01 |
| 113 |            NESTED LOOPS                       |                         |     2 |   218 |    11   (0)| 00:00:01 |
| 114 |             NESTED LOOPS                      |                         |     2 |   188 |    10   (0)| 00:00:01 |
|*115 |              HASH JOIN                        |                         |     1 |    84 |     9   (0)| 00:00:01 |
| 116 |               NESTED LOOPS                    |                         |     1 |    51 |     4   (0)| 00:00:01 |
|*117 |                TABLE ACCESS BY INDEX ROWID    | SI_USERS_T              |     1 |    19 |     1   (0)| 00:00:01 |
|*118 |                 INDEX RANGE SCAN              | SI_USERS_T_N3           |     1 |       |     1   (0)| 00:00:01 |
<font style="background-color: lightblue; color: red">|*119 |                TABLE ACCESS FULL              | MS_QS_PARAMETER_TYPES   |     1 |    32 |     3   (0)| 00:00:01 |</font>
<font style="background-color: lightblue; color: red">|*120 |               TABLE ACCESS FULL               | MS_QS_PARAMETER_NAMES   |     3 |    99 |     5   (0)| 00:00:01 |</font>
| 121 |              TABLE ACCESS BY INDEX ROWID      | SI_USER_ORG_ROLES       |     3 |    30 |     1   (0)| 00:00:01 |
|*122 |               INDEX RANGE SCAN                | SI_USER_ORG_ROLES_N1    |     3 |       |     1   (0)| 00:00:01 |
|*123 |             INDEX RANGE SCAN                  | SI_ORG_ROLES_N3         |     1 |    15 |     1   (0)| 00:00:01 |
|*124 |            TABLE ACCESS BY INDEX ROWID        | SI_ORG_ENTITIES_T       |     1 |     6 |     1   (0)| 00:00:01 |
|*125 |             INDEX RANGE SCAN                  | SI_ORG_ENTITIES_N5      |     1 |       |     1   (0)| 00:00:01 |
|*126 |           INDEX RANGE SCAN                    | SI_ROLES_N2             |     1 |     5 |     1   (0)| 00:00:01 |
<font style="background-color: lightblue; color: red">|*127 |          TABLE ACCESS FULL                    | MS_QS_PARAMETER_VALUES  |   257 |  3341 |     3   (0)| 00:00:01 |</font>
|*128 |         INDEX RANGE SCAN                      | SI_ROLE_ACTIVITIES_N2   |    12 |   120 |     1   (0)| 00:00:01 |
|*129 |        INDEX RANGE SCAN                       | SI_ACTIVITIES_N1        |     1 |       |     1   (0)| 00:00:01 |
|*130 |       TABLE ACCESS BY INDEX ROWID             | SI_ACTIVITIES_T         |     1 |    32 |     1   (0)| 00:00:01 |
|*131 |      VIEW                                     | SI_FLOW_DOWN_ORGS_VIEW  |   465 |  8370 |     7  (15)| 00:00:01 |
|*132 |       FILTER                                  |                         |       |       |            |          |
|*133 |        CONNECT BY NO FILTERING WITH START-WITH|                         |       |       |            |          |
|*134 |         HASH JOIN OUTER                       |                         |    74 |  1332 |     6   (0)| 00:00:01 |
<font style="background-color: lightblue; color: red">| 135 |          TABLE ACCESS FULL                    | SI_ORG_ENTITIES_T       |    74 |   814 |     3   (0)| 00:00:01 |</font>
<font style="background-color: lightblue; color: red">|*136 |          TABLE ACCESS FULL                    | SI_ORG_ENTITIES_TL      |     2 |    14 |     3   (0)| 00:00:01 |</font>
-------------------------------------------------------------------------------------------------------------------------
 
</code></pre><header class="major"><h2>Query Block Name / Object Alias (identified by operation id):</h2></header><pre><code>
 
   1 - SEL$07BDC5B4
   2 - SEL$ABDE6DFF / T@SEL$4
   3 - SEL$ABDE6DFF
   4 - SEL$ABDE6DFF / A@SEL$5
   5 - SEL$ABDE6DFF / A@SEL$5
   6 - SEL$ABDE6DFF / SI_LOCALES@SEL$6
   7 - SEL$7       
   8 - SEL$7        / US@SEL$7
   9 - SEL$7        / US@SEL$7
  10 - SEL$7        / LC@SEL$7
  11 - SEL$07BDC5B4 / TL@SEL$4
  12 - SEL$1       
  13 - SEL$7A1D70E6 / from$_subquery$_001@SEL$1
  14 - SEL$7A1D70E6
  17 - SEL$7A1D70E6 / DUAL@SEL$9
  18 - SEL$10       / from$_subquery$_006@SEL$2
  19 - SEL$10      
  20 - SEL$10       / DUAL@SEL$10
  22 - SEL$7A1D70E6 / A@SEL$8
  23 - SEL$11      
  24 - SEL$11       / DUAL@SEL$11
  25 - SEL$61262C81
  34 - SEL$61262C81 / USERS@SEL$13
  35 - SEL$61262C81 / USERS@SEL$13
  36 - SEL$61262C81 / PTYPE@SEL$13
  37 - SEL$61262C81 / PNAME@SEL$13
  38 - SEL$61262C81 / PVALUE@SEL$13
  40 - SEL$61262C81 / ACT@SEL$13
  41 - SEL$61262C81 / ACT@SEL$13
  42 - SEL$61262C81 / USR_ORG_ROLES@SEL$13
  43 - SEL$61262C81 / USR_ORG_ROLES@SEL$13
  44 - SEL$61262C81 / ORG_ROLES@SEL$13
  45 - SEL$61262C81 / ROLE_ACT@SEL$13
  46 - SEL$61262C81 / ORGS@SEL$13
  47 - SEL$61262C81 / ORGS@SEL$13
  48 - SEL$61262C81 / ROLES@SEL$13
  49 - SEL$778380FB
  59 - SEL$778380FB / USERS@SEL$37
  60 - SEL$778380FB / USERS@SEL$37
  61 - SEL$778380FB / PTYPE@SEL$37
  62 - SEL$778380FB / PNAME@SEL$37
  63 - SEL$778380FB / PVALUE@SEL$37
  65 - SEL$778380FB / ACT@SEL$37
  66 - SEL$778380FB / ACT@SEL$37
  67 - SEL$778380FB / USR_ORG_ROLES@SEL$37
  68 - SEL$778380FB / USR_ORG_ROLES@SEL$37
  69 - SEL$778380FB / ORG_ROLES@SEL$37
  70 - SEL$778380FB / ROLE_ACT@SEL$37
  71 - SEL$778380FB / ORGS@SEL$37
  72 - SEL$778380FB / ORGS@SEL$37
  73 - SEL$778380FB / ROLES@SEL$37
  74 - SEL$30       / FLOW_DOWN_ORGS@SEL$29
  75 - SEL$30      
  77 - SEL$34DD1251
  78 - SEL$34DD1251 / T@SEL$34
  79 - SEL$34DD1251 / TL@SEL$34
  80 - SEL$14      
  81 - SEL$14       / DUAL@SEL$14
  82 - SEL$29F99543
  91 - SEL$29F99543 / USERS@SEL$16
  92 - SEL$29F99543 / USERS@SEL$16
  93 - SEL$29F99543 / PTYPE@SEL$16
  94 - SEL$29F99543 / PNAME@SEL$16
  95 - SEL$29F99543 / PVALUE@SEL$16
  97 - SEL$29F99543 / ACT@SEL$16
  98 - SEL$29F99543 / ACT@SEL$16
  99 - SEL$29F99543 / USR_ORG_ROLES@SEL$16
 100 - SEL$29F99543 / USR_ORG_ROLES@SEL$16
 101 - SEL$29F99543 / ORG_ROLES@SEL$16
 102 - SEL$29F99543 / ROLE_ACT@SEL$16
 103 - SEL$29F99543 / ORGS@SEL$16
 104 - SEL$29F99543 / ORGS@SEL$16
 105 - SEL$29F99543 / ROLES@SEL$16
 106 - SEL$2129FD9A
 117 - SEL$2129FD9A / USERS@SEL$26
 118 - SEL$2129FD9A / USERS@SEL$26
 119 - SEL$2129FD9A / PTYPE@SEL$26
 120 - SEL$2129FD9A / PNAME@SEL$26
 121 - SEL$2129FD9A / USR_ORG_ROLES@SEL$26
 122 - SEL$2129FD9A / USR_ORG_ROLES@SEL$26
 123 - SEL$2129FD9A / ORG_ROLES@SEL$26
 124 - SEL$2129FD9A / ORGS@SEL$26
 125 - SEL$2129FD9A / ORGS@SEL$26
 126 - SEL$2129FD9A / ROLES@SEL$26
 127 - SEL$2129FD9A / PVALUE@SEL$26
 128 - SEL$2129FD9A / ROLE_ACT@SEL$26
 129 - SEL$2129FD9A / ACT@SEL$26
 130 - SEL$2129FD9A / ACT@SEL$26
 131 - SEL$19       / FLOW_DOWN_ORGS@SEL$18
 132 - SEL$19      
 134 - SEL$C843FE4E
 135 - SEL$C843FE4E / T@SEL$23
 136 - SEL$C843FE4E / TL@SEL$23
 
</code></pre><header class="major"><h2>Predicate Information (identified by operation id):</h2></header><pre><code>
 
   2 - filter("T"."LOCALE_ID"= (SELECT "LOCALE_ID" FROM "SI_LOCALES" "LC","SI_USERS_T" "US" WHERE 
              "US"."USER_NAME"=:1 AND "LC"."LOCALE_STRING"="US"."LOCALE"))
   5 - access("PERIOD_STORED"=:B1)
   6 - filter("ENABLED_FLAG"='Y')
   9 - access("US"."USER_NAME"=:1)
  10 - filter("LC"."LOCALE_STRING"="US"."LOCALE")
  11 - filter("TL"."PERIOD_STORED"(+)=:B1 AND "T"."PERIOD_STORED"="TL"."PERIOD_STORED"(+) AND 
              "T"."LOCALE_ID"=TO_NUMBER("TL"."LOCALE_ID"(+)))
  14 - filter( EXISTS (SELECT 0 FROM "SYS"."DUAL" "DUAL" WHERE  EXISTS (SELECT 0 FROM 
              METRICSTREAM."MS_QS_PARAMETER_NAMES" "PNAME",METRICSTREAM."MS_QS_PARAMETER_TYPES" 
              "PTYPE",METRICSTREAM."MS_QS_PARAMETER_VALUES" "PVALUE",METRICSTREAM."SI_ROLES_T" 
              "ROLES",METRICSTREAM."SI_ORG_ENTITIES_T" "ORGS",METRICSTREAM."SI_ACTIVITIES_T" 
              "ACT",METRICSTREAM."SI_ROLE_ACTIVITIES" "ROLE_ACT",METRICSTREAM."SI_ORG_ROLES" 
              "ORG_ROLES",METRICSTREAM."SI_USER_ORG_ROLES" "USR_ORG_ROLES",METRICSTREAM."SI_USERS_T" "USERS" WHERE 
              "USERS"."USER_NAME"=:1 AND NVL("USERS"."END_DATE",SYSDATE@!)>=SYSDATE@! AND 
              "USERS"."USER_ID"="USR_ORG_ROLES"."USER_ID" AND "USR_ORG_ROLES"."ORG_ROLE_ID"="ORG_ROLES"."ORG_ROLE_ID" AND 
              "ROLE_ACT"."ACTIVITY_ID"="ACT"."ACTIVITY_ID" AND "ROLE_ACT"."ROLE_ID"="ORG_ROLES"."ROLE_ID" AND 
              "ACT"."ACTIVITY_NAME"='ISM - View All Issues' AND "ORGS"."ORG_ENTITY_ID"="ORG_ROLES"."ORG_ENTITY_ID" AND 
              NVL("ORGS"."END_DATE",SYSDATE@!)>=SYSDATE@! AND "ROLES"."ROLE_ID"="ORG_ROLES"."ROLE_ID" AND 
              "PTYPE"."PARAMETER_TYPE_ID"="PVALUE"."PARAMETER_TYPE_ID" AND "PNAME"."PARAMETER_ID"="PVALUE"."PARAMETER_ID" AND 
              "PVALUE"."ORG_ENTITY_ID"=1 AND UPPER("PTYPE"."PARAMETER_TYPE")='MS APPS USER NAME DISPLAY FORMAT' AND 
              "PTYPE"."PARAMETER_TYPE_ID"="PNAME"."PARAMETER_TYPE_ID" AND UPPER("PNAME"."PARAMETER_NAME")='DISPLAY_FORMAT')) 
              OR "ORB_TGT_OBJ_ID" IS NOT NULL AND  EXISTS (SELECT 0 FROM METRICSTREAM."MS_QS_PARAMETER_NAMES" 
              "PNAME",METRICSTREAM."MS_QS_PARAMETER_TYPES" "PTYPE",METRICSTREAM."MS_QS_PARAMETER_VALUES" 
              "PVALUE",METRICSTREAM."SI_ROLES_T" "ROLES",METRICSTREAM."SI_ORG_ENTITIES_T" 
              "ORGS",METRICSTREAM."SI_ACTIVITIES_T" "ACT",METRICSTREAM."SI_ROLE_ACTIVITIES" 
              "ROLE_ACT",METRICSTREAM."SI_ORG_ROLES" "ORG_ROLES",METRICSTREAM."SI_USER_ORG_ROLES" 
              "USR_ORG_ROLES",METRICSTREAM."SI_USERS_T" "USERS", (SELECT "T"."ORG_ENTITY_ID" "ORG_ENTITY_ID",ANY "PARENT" FROM 
              METRICSTREAM."SI_ORG_ENTITIES_TL" "TL",METRICSTREAM."SI_ORG_ENTITIES_T" "T" WHERE 
              NVL("END_DATE",SYSDATE@!)>=SYSDATE@! START WITH "T"."ORG_ENTITY_ID"="T"."ORG_ENTITY_ID" AND 
              "T"."ORG_ENTITY_ID"="TL"."ORG_ENTITY_ID"(+) AND "TL"."LOCALE_ID"(+)=TO_NUMBER("SI_DB_LOCALE_SV"."GETVALUE"()) 
              CONNECT BY "PARENT_ORG_ENTITY_ID"=PRIOR "T"."ORG_ENTITY_ID" AND "T"."ORG_ENTITY_ID"="TL"."ORG_ENTITY_ID"(+) AND 
              "TL"."LOCALE_ID"(+)=TO_NUMBER("SI_DB_LOCALE_SV"."GETVALUE"())) "FLOW_DOWN_ORGS" WHERE 
              "ORGS"."ORG_ENTITY_ID"="FLOW_DOWN_ORGS"."PARENT" AND CASE  WHEN 
              INSTR(:B1||',',TO_CHAR("FLOW_DOWN_ORGS"."ORG_ENTITY_ID")||',')>0 THEN 1 ELSE NULL END  IS NOT NULL AND 
              "USERS"."USER_NAME"=:1 AND NVL("USERS"."END_DATE",SYSDATE@!)>=SYSDATE@! AND 
              "USERS"."USER_ID"="USR_ORG_ROLES"."USER_ID" AND "USR_ORG_ROLES"."ORG_ROLE_ID"="ORG_ROLES"."ORG_ROLE_ID" AND 
              "ROLE_ACT"."ACTIVITY_ID"="ACT"."ACTIVITY_ID" AND "ROLE_ACT"."ROLE_ID"="ORG_ROLES"."ROLE_ID" AND 
              "ACT"."ACTIVITY_NAME"='ISM - View Issue By Related To Org' AND 
              "ORGS"."ORG_ENTITY_ID"="ORG_ROLES"."ORG_ENTITY_ID" AND NVL("ORGS"."END_DATE",SYSDATE@!)>=SYSDATE@! AND 
              "ROLES"."ROLE_ID"="ORG_ROLES"."ROLE_ID" AND "PTYPE"."PARAMETER_TYPE_ID"="PVALUE"."PARAMETER_TYPE_ID" AND 
              "PNAME"."PARAMETER_ID"="PVALUE"."PARAMETER_ID" AND "PVALUE"."ORG_ENTITY_ID"=1 AND 
              UPPER("PTYPE"."PARAMETER_TYPE")='MS APPS USER NAME DISPLAY FORMAT' AND 
              "PTYPE"."PARAMETER_TYPE_ID"="PNAME"."PARAMETER_TYPE_ID" AND UPPER("PNAME"."PARAMETER_NAME")='DISPLAY_FORMAT') OR 
               EXISTS (SELECT 0 FROM "SYS"."DUAL" "DUAL" WHERE  EXISTS (SELECT 0 FROM METRICSTREAM."MS_QS_PARAMETER_NAMES" 
              "PNAME",METRICSTREAM."MS_QS_PARAMETER_TYPES" "PTYPE",METRICSTREAM."MS_QS_PARAMETER_VALUES" 
              "PVALUE",METRICSTREAM."SI_ROLES_T" "ROLES",METRICSTREAM."SI_ORG_ENTITIES_T" 
              "ORGS",METRICSTREAM."SI_ACTIVITIES_T" "ACT",METRICSTREAM."SI_ROLE_ACTIVITIES" 
              "ROLE_ACT",METRICSTREAM."SI_ORG_ROLES" "ORG_ROLES",METRICSTREAM."SI_USER_ORG_ROLES" 
              "USR_ORG_ROLES",METRICSTREAM."SI_USERS_T" "USERS" WHERE "USERS"."USER_NAME"=:1 AND 
              NVL("USERS"."END_DATE",SYSDATE@!)>=SYSDATE@! AND "USERS"."USER_ID"="USR_ORG_ROLES"."USER_ID" AND 
              "USR_ORG_ROLES"."ORG_ROLE_ID"="ORG_ROLES"."ORG_ROLE_ID" AND "ROLE_ACT"."ACTIVITY_)
  19 - filter(LEVEL<=6)
  22 - filter("ISSUE_OWNER_ORG"=:2 OR :2 IS NULL)
  23 - filter( EXISTS (SELECT 0 FROM METRICSTREAM."MS_QS_PARAMETER_NAMES" 
              "PNAME",METRICSTREAM."MS_QS_PARAMETER_TYPES" "PTYPE",METRICSTREAM."MS_QS_PARAMETER_VALUES" 
              "PVALUE",METRICSTREAM."SI_ROLES_T" "ROLES",METRICSTREAM."SI_ORG_ENTITIES_T" 
              "ORGS",METRICSTREAM."SI_ACTIVITIES_T" "ACT",METRICSTREAM."SI_ROLE_ACTIVITIES" 
              "ROLE_ACT",METRICSTREAM."SI_ORG_ROLES" "ORG_ROLES",METRICSTREAM."SI_USER_ORG_ROLES" 
              "USR_ORG_ROLES",METRICSTREAM."SI_USERS_T" "USERS" WHERE "USERS"."USER_NAME"=:1 AND 
              NVL("USERS"."END_DATE",SYSDATE@!)>=SYSDATE@! AND "USERS"."USER_ID"="USR_ORG_ROLES"."USER_ID" AND 
              "USR_ORG_ROLES"."ORG_ROLE_ID"="ORG_ROLES"."ORG_ROLE_ID" AND "ROLE_ACT"."ACTIVITY_ID"="ACT"."ACTIVITY_ID" AND 
              "ROLE_ACT"."ROLE_ID"="ORG_ROLES"."ROLE_ID" AND "ACT"."ACTIVITY_NAME"='ISM - View All Issues' AND 
              "ORGS"."ORG_ENTITY_ID"="ORG_ROLES"."ORG_ENTITY_ID" AND NVL("ORGS"."END_DATE",SYSDATE@!)>=SYSDATE@! AND 
              "ROLES"."ROLE_ID"="ORG_ROLES"."ROLE_ID" AND "PTYPE"."PARAMETER_TYPE_ID"="PVALUE"."PARAMETER_TYPE_ID" AND 
              "PNAME"."PARAMETER_ID"="PVALUE"."PARAMETER_ID" AND "PVALUE"."ORG_ENTITY_ID"=1 AND 
              UPPER("PTYPE"."PARAMETER_TYPE")='MS APPS USER NAME DISPLAY FORMAT' AND 
              "PTYPE"."PARAMETER_TYPE_ID"="PNAME"."PARAMETER_TYPE_ID" AND UPPER("PNAME"."PARAMETER_NAME")='DISPLAY_FORMAT'))
  31 - access("PNAME"."PARAMETER_ID"="PVALUE"."PARAMETER_ID" AND 
              "PTYPE"."PARAMETER_TYPE_ID"="PVALUE"."PARAMETER_TYPE_ID")
  32 - access("PTYPE"."PARAMETER_TYPE_ID"="PNAME"."PARAMETER_TYPE_ID")
  34 - filter(NVL("USERS"."END_DATE",SYSDATE@!)>=SYSDATE@!)
  35 - access("USERS"."USER_NAME"=:1)
  36 - filter(UPPER("PTYPE"."PARAMETER_TYPE")='MS APPS USER NAME DISPLAY FORMAT')
  37 - filter(UPPER("PNAME"."PARAMETER_NAME")='DISPLAY_FORMAT')
  38 - filter("PVALUE"."ORG_ENTITY_ID"=1)
  41 - access("ACT"."ACTIVITY_NAME"='ISM - View All Issues')
  43 - access("USERS"."USER_ID"="USR_ORG_ROLES"."USER_ID")
  44 - access("USR_ORG_ROLES"."ORG_ROLE_ID"="ORG_ROLES"."ORG_ROLE_ID")
  45 - access("ROLE_ACT"."ROLE_ID"="ORG_ROLES"."ROLE_ID" AND "ROLE_ACT"."ACTIVITY_ID"="ACT"."ACTIVITY_ID")
  46 - filter(NVL("ORGS"."END_DATE",SYSDATE@!)>=SYSDATE@!)
  47 - access("ORGS"."ORG_ENTITY_ID"="ORG_ROLES"."ORG_ENTITY_ID")
  48 - access("ROLES"."ROLE_ID"="ORG_ROLES"."ROLE_ID")
  49 - access("ORGS"."ORG_ENTITY_ID"="FLOW_DOWN_ORGS"."PARENT")
  56 - access("PNAME"."PARAMETER_ID"="PVALUE"."PARAMETER_ID" AND 
              "PTYPE"."PARAMETER_TYPE_ID"="PVALUE"."PARAMETER_TYPE_ID")
  57 - access("PTYPE"."PARAMETER_TYPE_ID"="PNAME"."PARAMETER_TYPE_ID")
  59 - filter(NVL("USERS"."END_DATE",SYSDATE@!)>=SYSDATE@!)
  60 - access("USERS"."USER_NAME"=:1)
  61 - filter(UPPER("PTYPE"."PARAMETER_TYPE")='MS APPS USER NAME DISPLAY FORMAT')
  62 - filter(UPPER("PNAME"."PARAMETER_NAME")='DISPLAY_FORMAT')
  63 - filter("PVALUE"."ORG_ENTITY_ID"=1)
  66 - access("ACT"."ACTIVITY_NAME"='ISM - View Issue By Related To Org')
  68 - access("USERS"."USER_ID"="USR_ORG_ROLES"."USER_ID")
  69 - access("USR_ORG_ROLES"."ORG_ROLE_ID"="ORG_ROLES"."ORG_ROLE_ID")
  70 - access("ROLE_ACT"."ROLE_ID"="ORG_ROLES"."ROLE_ID" AND "ROLE_ACT"."ACTIVITY_ID"="ACT"."ACTIVITY_ID")
  71 - filter(NVL("ORGS"."END_DATE",SYSDATE@!)>=SYSDATE@!)
  72 - access("ORGS"."ORG_ENTITY_ID"="ORG_ROLES"."ORG_ENTITY_ID")
  73 - access("ROLES"."ROLE_ID"="ORG_ROLES"."ROLE_ID")
  74 - filter(CASE  WHEN INSTR(:B1||',',TO_CHAR("FLOW_DOWN_ORGS"."ORG_ENTITY_ID")||',')>0 THEN 1 ELSE NULL END  
              IS NOT NULL)
  75 - filter(NVL("END_DATE",SYSDATE@!)>=SYSDATE@!)
  76 - access("PARENT_ORG_ENTITY_ID"=PRIOR "T"."ORG_ENTITY_ID")
       filter("T"."ORG_ENTITY_ID"="T"."ORG_ENTITY_ID")
  77 - access("T"."ORG_ENTITY_ID"="TL"."ORG_ENTITY_ID"(+))
  79 - filter("TL"."LOCALE_ID"(+)=TO_NUMBER("SI_DB_LOCALE_SV"."GETVALUE"()))
  80 - filter( EXISTS (SELECT 0 FROM METRICSTREAM."MS_QS_PARAMETER_NAMES" 
              "PNAME",METRICSTREAM."MS_QS_PARAMETER_TYPES" "PTYPE",METRICSTREAM."MS_QS_PARAMETER_VALUES" 
              "PVALUE",METRICSTREAM."SI_ROLES_T" "ROLES",METRICSTREAM."SI_ORG_ENTITIES_T" 
              "ORGS",METRICSTREAM."SI_ACTIVITIES_T" "ACT",METRICSTREAM."SI_ROLE_ACTIVITIES" 
              "ROLE_ACT",METRICSTREAM."SI_ORG_ROLES" "ORG_ROLES",METRICSTREAM."SI_USER_ORG_ROLES" 
              "USR_ORG_ROLES",METRICSTREAM."SI_USERS_T" "USERS" WHERE "USERS"."USER_NAME"=:1 AND 
              NVL("USERS"."END_DATE",SYSDATE@!)>=SYSDATE@! AND "USERS"."USER_ID"="USR_ORG_ROLES"."USER_ID" AND 
              "USR_ORG_ROLES"."ORG_ROLE_ID"="ORG_ROLES"."ORG_ROLE_ID" AND "ROLE_ACT"."ACTIVITY_ID"="ACT"."ACTIVITY_ID" AND 
              "ROLE_ACT"."ROLE_ID"="ORG_ROLES"."ROLE_ID" AND "ACT"."ACTIVITY_NAME"='ISM - View Issue' AND 
              "ORGS"."ORG_ENTITY_ID"="ORG_ROLES"."ORG_ENTITY_ID" AND NVL("ORGS"."END_DATE",SYSDATE@!)>=SYSDATE@! AND 
              "ROLES"."ROLE_ID"="ORG_ROLES"."ROLE_ID" AND "PTYPE"."PARAMETER_TYPE_ID"="PVALUE"."PARAMETER_TYPE_ID" AND 
              "PNAME"."PARAMETER_ID"="PVALUE"."PARAMETER_ID" AND "PVALUE"."ORG_ENTITY_ID"=1 AND 
              UPPER("PTYPE"."PARAMETER_TYPE")='MS APPS USER NAME DISPLAY FORMAT' AND 
              "PTYPE"."PARAMETER_TYPE_ID"="PNAME"."PARAMETER_TYPE_ID" AND UPPER("PNAME"."PARAMETER_NAME")='DISPLAY_FORMAT'))
  88 - access("PNAME"."PARAMETER_ID"="PVALUE"."PARAMETER_ID" AND 
              "PTYPE"."PARAMETER_TYPE_ID"="PVALUE"."PARAMETER_TYPE_ID")
  89 - access("PTYPE"."PARAMETER_TYPE_ID"="PNAME"."PARAMETER_TYPE_ID")
  91 - filter(NVL("USERS"."END_DATE",SYSDATE@!)>=SYSDATE@!)
  92 - access("USERS"."USER_NAME"=:1)
  93 - filter(UPPER("PTYPE"."PARAMETER_TYPE")='MS APPS USER NAME DISPLAY FORMAT')
  94 - filter(UPPER("PNAME"."PARAMETER_NAME")='DISPLAY_FORMAT')
  95 - filter("PVALUE"."ORG_ENTITY_ID"=1)
  98 - access("ACT"."ACTIVITY_NAME"='ISM - View Issue')
 100 - access("USERS"."USER_ID"="USR_ORG_ROLES"."USER_ID")
 101 - access("USR_ORG_ROLES"."ORG_ROLE_ID"="ORG_ROLES"."ORG_ROLE_ID")
 102 - access("ROLE_ACT"."ROLE_ID"="ORG_ROLES"."ROLE_ID" AND "ROLE_ACT"."ACTIVITY_ID"="ACT"."ACTIVITY_ID")
 103 - filter(NVL("ORGS"."END_DATE",SYSDATE@!)>=SYSDATE@!)
 104 - access("ORGS"."ORG_ENTITY_ID"="ORG_ROLES"."ORG_ENTITY_ID")
 105 - access("ROLES"."ROLE_ID"="ORG_ROLES"."ROLE_ID")
 106 - access("ORGS"."ORG_ENTITY_ID"="FLOW_DOWN_ORGS"."PARENT")
       filter("ACT"."ACTIVITY_NAME"='ISM - View Issue By  Issue Owner Org' AND 
              "FLOW_DOWN_ORGS"."ORG_ENTITY_ID"=TO_NUMBER(:B1) OR "ACT"."ACTIVITY_NAME"='ISM - View Issue By Issue Approver 
              Org' AND ("FLOW_DOWN_ORGS"."ORG_ENTITY_ID"=TO_NUMBER(:B2) OR "FLOW_DOWN_ORGS"."ORG_ENTITY_ID"=TO_NUMBER(:B3) OR 
              "FLOW_DOWN_ORGS"."ORG_ENTITY_ID"=TO_NUMBER(:B4)))
 110 - access("PNAME"."PARAMETER_ID"="PVALUE"."PARAMETER_ID" AND 
              "PTYPE"."PARAMETER_TYPE_ID"="PVALUE"."PARAMETER_TYPE_ID")
 115 - access("PTYPE"."PARAMETER_TYPE_ID"="PNAME"."PARAMETER_TYPE_ID")
 117 - filter(NVL("USERS"."END_DATE",SYSDATE@!)>=SYSDATE@!)
 118 - access("USERS"."USER_NAME"=:1)
 119 - filter(UPPER("PTYPE"."PARAMETER_TYPE")='MS APPS USER NAME DISPLAY FORMAT')
 120 - filter(UPPER("PNAME"."PARAMETER_NAME")='DISPLAY_FORMAT')
 122 - access("USERS"."USER_ID"="USR_ORG_ROLES"."USER_ID")
 123 - access("USR_ORG_ROLES"."ORG_ROLE_ID"="ORG_ROLES"."ORG_ROLE_ID")
 124 - filter(NVL("ORGS"."END_DATE",SYSDATE@!)>=SYSDATE@!)
 125 - access("ORGS"."ORG_ENTITY_ID"="ORG_ROLES"."ORG_ENTITY_ID")
 126 - access("ROLES"."ROLE_ID"="ORG_ROLES"."ROLE_ID")
 127 - filter("PVALUE"."ORG_ENTITY_ID"=1)
 128 - access("ROLE_ACT"."ROLE_ID"="ORG_ROLES"."ROLE_ID")
 129 - access("ROLE_ACT"."ACTIVITY_ID"="ACT"."ACTIVITY_ID")
 130 - filter("ACT"."ACTIVITY_NAME"='ISM - View Issue By  Issue Owner Org' OR "ACT"."ACTIVITY_NAME"='ISM - View 
              Issue By Issue Approver Org')
 131 - filter("FLOW_DOWN_ORGS"."ORG_ENTITY_ID"=TO_NUMBER(:B1) OR "FLOW_DOWN_ORGS"."ORG_ENTITY_ID"=TO_NUMBER(:B2) 
              OR "FLOW_DOWN_ORGS"."ORG_ENTITY_ID"=TO_NUMBER(:B3) OR "FLOW_DOWN_ORGS"."ORG_ENTITY_ID"=TO_NUMBER(:B4))
 132 - filter(NVL("END_DATE",SYSDATE@!)>=SYSDATE@!)
 133 - access("PARENT_ORG_ENTITY_ID"=PRIOR "T"."ORG_ENTITY_ID")
       filter("T"."ORG_ENTITY_ID"="T"."ORG_ENTITY_ID")
 134 - access("T"."ORG_ENTITY_ID"="TL"."ORG_ENTITY_ID"(+))
 136 - filter("TL"."LOCALE_ID"(+)=TO_NUMBER("SI_DB_LOCALE_SV"."GETVALUE"()))
 
</code></pre><header class="major"><h2>Column Projection Information (identified by operation id):</h2></header><pre><code>
 
   1 - (#keys=0) "T"."PERIOD"[VARCHAR2,4000]
   2 - "T"."PERIOD_STORED"[NUMBER,22], "T"."PERIOD"[VARCHAR2,4000], "T"."LOCALE_ID"[NUMBER,22]
   3 - (#keys=0) "PERIOD_STORED"[NUMBER,22], "PERIOD"[VARCHAR2,1600], "LOCALE_ID"[NUMBER,22]
   4 - "PERIOD_STORED"[NUMBER,22], "PERIOD"[VARCHAR2,1600]
   5 - "A".ROWID[ROWID,10], "PERIOD_STORED"[NUMBER,22]
   6 - "LOCALE_ID"[NUMBER,22]
   7 - (#keys=0) "LOCALE_ID"[NUMBER,22]
   8 - "US"."LOCALE"[VARCHAR2,100]
   9 - "US".ROWID[ROWID,10]
  10 - "LOCALE_ID"[NUMBER,22]
  12 - (#keys=4) "ISSUE_SOURCE_TYPE"[VARCHAR2,4000], "PERIOD"[VARCHAR2,4000], "TOTAL"[VARCHAR2,0], 
       "LVL"[NUMBER,22], SUM(DECODE("NO_OF_ISSUE",'Y',1,'N',0,0))[22]
  13 - "ISSUE_SOURCE_TYPE"[VARCHAR2,4000], "LVL"[NUMBER,22], "PERIOD"[VARCHAR2,4000], "NO_OF_ISSUE"[VARCHAR2,3], 
       "TOTAL"[VARCHAR2,0]
  14 - "LVL"[NUMBER,22], "ISSUE_SOURCE_TYPE_ADT"[VARCHAR2,4000], "SOURCE_TYPE_STORED"[VARCHAR2,400], 
       "ISSUE_DUE_DATE"[DATE,7]
  15 - (#keys=0) "LVL"[NUMBER,22], "ISSUE_SOURCE_TYPE_ADT"[VARCHAR2,4000], "SOURCE_TYPE_STORED"[VARCHAR2,400], 
       "ISSUE_OWNER_ORG"[VARCHAR2,4000], "ISSUE_DUE_DATE"[DATE,7], "ISSUE_APPROVERORG"[VARCHAR2,4000], 
       "ACT_PLAN_APPROVERORG"[VARCHAR2,4000], "FINAL_ISS_APPROVERORG"[VARCHAR2,4000], "ORB_TGT_OBJ_ID"[VARCHAR2,4000]
  16 - (#keys=0) "LVL"[NUMBER,22]
  18 - "LVL"[NUMBER,22]
  19 - LEVEL[4]
  21 - (#keys=0) "ISSUE_SOURCE_TYPE_ADT"[VARCHAR2,4000], "SOURCE_TYPE_STORED"[VARCHAR2,400], 
       "ISSUE_OWNER_ORG"[VARCHAR2,4000], "ISSUE_DUE_DATE"[DATE,7], "ISSUE_APPROVERORG"[VARCHAR2,4000], 
       "ACT_PLAN_APPROVERORG"[VARCHAR2,4000], "FINAL_ISS_APPROVERORG"[VARCHAR2,4000], "ORB_TGT_OBJ_ID"[VARCHAR2,4000]
  22 - "ISSUE_SOURCE_TYPE_ADT"[VARCHAR2,4000], "SOURCE_TYPE_STORED"[VARCHAR2,400], 
       "ISSUE_OWNER_ORG"[VARCHAR2,4000], "ISSUE_DUE_DATE"[DATE,7], "ISSUE_APPROVERORG"[VARCHAR2,4000], 
       "ACT_PLAN_APPROVERORG"[VARCHAR2,4000], "FINAL_ISS_APPROVERORG"[VARCHAR2,4000], "ORB_TGT_OBJ_ID"[VARCHAR2,4000]
  25 - (#keys=0) 
  26 - (#keys=0) "ORG_ROLES"."ROLE_ID"[NUMBER,22]
  27 - (#keys=0) "ORG_ROLES"."ORG_ENTITY_ID"[NUMBER,22], "ORG_ROLES"."ROLE_ID"[NUMBER,22]
  28 - (#keys=0) "ACT"."ACTIVITY_ID"[NUMBER,22], "ORG_ROLES"."ORG_ENTITY_ID"[NUMBER,22], 
       "ORG_ROLES"."ROLE_ID"[NUMBER,22]
  29 - (#keys=0) "ACT"."ACTIVITY_ID"[NUMBER,22], "USR_ORG_ROLES"."ORG_ROLE_ID"[NUMBER,22]
  30 - (#keys=0) "USERS"."USER_ID"[NUMBER,22], "ACT"."ACTIVITY_ID"[NUMBER,22]
  31 - (#keys=2) "USERS"."USER_ID"[NUMBER,22]
  32 - (#keys=1) "PTYPE"."PARAMETER_TYPE_ID"[NUMBER,22], "USERS"."USER_ID"[NUMBER,22], 
       "PNAME"."PARAMETER_ID"[NUMBER,22]
  33 - (#keys=0) "USERS"."USER_ID"[NUMBER,22], "PTYPE"."PARAMETER_TYPE_ID"[NUMBER,22]
  34 - "USERS"."USER_ID"[NUMBER,22]
  35 - "USERS".ROWID[ROWID,10]
  36 - "PTYPE"."PARAMETER_TYPE_ID"[NUMBER,22]
  37 - "PNAME"."PARAMETER_ID"[NUMBER,22], "PNAME"."PARAMETER_TYPE_ID"[NUMBER,22]
  38 - "PVALUE"."PARAMETER_TYPE_ID"[NUMBER,22], "PVALUE"."PARAMETER_ID"[NUMBER,22]
  39 - (#keys=0) "ACT"."ACTIVITY_ID"[NUMBER,22]
  40 - "ACT"."ACTIVITY_ID"[NUMBER,22]
  41 - "ACT".ROWID[ROWID,10]
  42 - "USR_ORG_ROLES"."ORG_ROLE_ID"[NUMBER,22]
  43 - "USR_ORG_ROLES".ROWID[ROWID,10]
  44 - "ORG_ROLES"."ORG_ENTITY_ID"[NUMBER,22], "ORG_ROLES"."ROLE_ID"[NUMBER,22]
  47 - "ORGS".ROWID[ROWID,10]
  49 - (#keys=1) "ORGS"."ORG_ENTITY_ID"[NUMBER,22], "FLOW_DOWN_ORGS"."PARENT"[NUMBER,22]
  50 - (#keys=0) "ORGS"."ORG_ENTITY_ID"[NUMBER,22]
  51 - (#keys=0) "ORG_ROLES"."ROLE_ID"[NUMBER,22], "ORGS"."ORG_ENTITY_ID"[NUMBER,22]
  52 - (#keys=0) "ORG_ROLES"."ORG_ENTITY_ID"[NUMBER,22], "ORG_ROLES"."ROLE_ID"[NUMBER,22]
  53 - (#keys=0) "ACT"."ACTIVITY_ID"[NUMBER,22], "ORG_ROLES"."ORG_ENTITY_ID"[NUMBER,22], 
       "ORG_ROLES"."ROLE_ID"[NUMBER,22]
  54 - (#keys=0) "ACT"."ACTIVITY_ID"[NUMBER,22], "USR_ORG_ROLES"."ORG_ROLE_ID"[NUMBER,22]
  55 - (#keys=0) "USERS"."USER_ID"[NUMBER,22], "ACT"."ACTIVITY_ID"[NUMBER,22]
  56 - (#keys=2) "USERS"."USER_ID"[NUMBER,22]
  57 - (#keys=1) "PTYPE"."PARAMETER_TYPE_ID"[NUMBER,22], "USERS"."USER_ID"[NUMBER,22], 
       "PNAME"."PARAMETER_ID"[NUMBER,22]
  58 - (#keys=0) "USERS"."USER_ID"[NUMBER,22], "PTYPE"."PARAMETER_TYPE_ID"[NUMBER,22]
  59 - "USERS"."USER_ID"[NUMBER,22]
  60 - "USERS".ROWID[ROWID,10]
  61 - "PTYPE"."PARAMETER_TYPE_ID"[NUMBER,22]
  62 - "PNAME"."PARAMETER_ID"[NUMBER,22], "PNAME"."PARAMETER_TYPE_ID"[NUMBER,22]
  63 - "PVALUE"."PARAMETER_TYPE_ID"[NUMBER,22], "PVALUE"."PARAMETER_ID"[NUMBER,22]
  64 - (#keys=0) "ACT"."ACTIVITY_ID"[NUMBER,22]
  65 - "ACT"."ACTIVITY_ID"[NUMBER,22]
  66 - "ACT".ROWID[ROWID,10]
  67 - "USR_ORG_ROLES"."ORG_ROLE_ID"[NUMBER,22]
  68 - "USR_ORG_ROLES".ROWID[ROWID,10]
  69 - "ORG_ROLES"."ORG_ENTITY_ID"[NUMBER,22], "ORG_ROLES"."ROLE_ID"[NUMBER,22]
  71 - "ORGS"."ORG_ENTITY_ID"[NUMBER,22]
  72 - "ORGS".ROWID[ROWID,10], "ORGS"."ORG_ENTITY_ID"[NUMBER,22]
  74 - "FLOW_DOWN_ORGS"."ORG_ENTITY_ID"[NUMBER,22], "FLOW_DOWN_ORGS"."PARENT"[NUMBER,22]
  75 - "T"."ORG_ENTITY_ID"[NUMBER,22], ANY[22]
  76 - "PARENT_ORG_ENTITY_ID"[NUMBER,22], "T"."ORG_ENTITY_ID"[NUMBER,22], STRDEF[7], PRIOR NULL[22], ANY[22], 
       LEVEL[4]
  77 - (#keys=1) "T"."ORG_ENTITY_ID"[NUMBER,22], "TL"."ORG_ENTITY_ID"[NUMBER,22], "END_DATE"[DATE,7], 
       "PARENT_ORG_ENTITY_ID"[NUMBER,22], "TL"."LOCALE_ID"[NUMBER,22]
  78 - "T"."ORG_ENTITY_ID"[NUMBER,22], "PARENT_ORG_ENTITY_ID"[NUMBER,22], "END_DATE"[DATE,7]
  79 - "TL"."ORG_ENTITY_ID"[NUMBER,22], "TL"."LOCALE_ID"[NUMBER,22]
  82 - (#keys=0) 
  83 - (#keys=0) "ORG_ROLES"."ROLE_ID"[NUMBER,22]
  84 - (#keys=0) "ORG_ROLES"."ORG_ENTITY_ID"[NUMBER,22], "ORG_ROLES"."ROLE_ID"[NUMBER,22]
  85 - (#keys=0) "ACT"."ACTIVITY_ID"[NUMBER,22], "ORG_ROLES"."ORG_ENTITY_ID"[NUMBER,22], 
       "ORG_ROLES"."ROLE_ID"[NUMBER,22]
  86 - (#keys=0) "ACT"."ACTIVITY_ID"[NUMBER,22], "USR_ORG_ROLES"."ORG_ROLE_ID"[NUMBER,22]
  87 - (#keys=0) "USERS"."USER_ID"[NUMBER,22], "ACT"."ACTIVITY_ID"[NUMBER,22]
  88 - (#keys=2) "USERS"."USER_ID"[NUMBER,22]
  89 - (#keys=1) "PTYPE"."PARAMETER_TYPE_ID"[NUMBER,22], "USERS"."USER_ID"[NUMBER,22], 
       "PNAME"."PARAMETER_ID"[NUMBER,22]
  90 - (#keys=0) "USERS"."USER_ID"[NUMBER,22], "PTYPE"."PARAMETER_TYPE_ID"[NUMBER,22]
  91 - "USERS"."USER_ID"[NUMBER,22]
  92 - "USERS".ROWID[ROWID,10]
  93 - "PTYPE"."PARAMETER_TYPE_ID"[NUMBER,22]
  94 - "PNAME"."PARAMETER_ID"[NUMBER,22], "PNAME"."PARAMETER_TYPE_ID"[NUMBER,22]
  95 - "PVALUE"."PARAMETER_TYPE_ID"[NUMBER,22], "PVALUE"."PARAMETER_ID"[NUMBER,22]
  96 - (#keys=0) "ACT"."ACTIVITY_ID"[NUMBER,22]
  97 - "ACT"."ACTIVITY_ID"[NUMBER,22]
  98 - "ACT".ROWID[ROWID,10]
  99 - "USR_ORG_ROLES"."ORG_ROLE_ID"[NUMBER,22]
 100 - "USR_ORG_ROLES".ROWID[ROWID,10]
 101 - "ORG_ROLES"."ORG_ENTITY_ID"[NUMBER,22], "ORG_ROLES"."ROLE_ID"[NUMBER,22]
 104 - "ORGS".ROWID[ROWID,10]
 106 - (#keys=1) "ORGS"."ORG_ENTITY_ID"[NUMBER,22], "FLOW_DOWN_ORGS"."PARENT"[NUMBER,22], 
       "ACT"."ACTIVITY_NAME"[VARCHAR2,400], "FLOW_DOWN_ORGS"."ORG_ENTITY_ID"[NUMBER,22]
 107 - (#keys=0) "ORGS"."ORG_ENTITY_ID"[NUMBER,22], "ACT"."ACTIVITY_NAME"[VARCHAR2,400]
 108 - (#keys=0) "ORGS"."ORG_ENTITY_ID"[NUMBER,22], "ACT".ROWID[ROWID,10]
 109 - (#keys=0) "ORGS"."ORG_ENTITY_ID"[NUMBER,22], "ROLE_ACT"."ACTIVITY_ID"[NUMBER,22]
 110 - (#keys=2) "ORG_ROLES"."ROLE_ID"[NUMBER,22], "ORGS"."ORG_ENTITY_ID"[NUMBER,22]
 111 - (#keys=0) "PTYPE"."PARAMETER_TYPE_ID"[NUMBER,22], "PNAME"."PARAMETER_ID"[NUMBER,22], 
       "ORG_ROLES"."ROLE_ID"[NUMBER,22], "ORGS"."ORG_ENTITY_ID"[NUMBER,22]
 112 - (#keys=0) "PTYPE"."PARAMETER_TYPE_ID"[NUMBER,22], "PNAME"."PARAMETER_ID"[NUMBER,22], 
       "ORG_ROLES"."ROLE_ID"[NUMBER,22], "ORGS"."ORG_ENTITY_ID"[NUMBER,22]
 113 - (#keys=0) "PTYPE"."PARAMETER_TYPE_ID"[NUMBER,22], "PNAME"."PARAMETER_ID"[NUMBER,22], 
       "ORG_ROLES"."ORG_ENTITY_ID"[NUMBER,22], "ORG_ROLES"."ROLE_ID"[NUMBER,22]
 114 - (#keys=0) "PTYPE"."PARAMETER_TYPE_ID"[NUMBER,22], "PNAME"."PARAMETER_ID"[NUMBER,22], 
       "USR_ORG_ROLES"."ORG_ROLE_ID"[NUMBER,22]
 115 - (#keys=1) "PTYPE"."PARAMETER_TYPE_ID"[NUMBER,22], "USERS"."USER_ID"[NUMBER,22], 
       "PNAME"."PARAMETER_ID"[NUMBER,22]
 116 - (#keys=0) "USERS"."USER_ID"[NUMBER,22], "PTYPE"."PARAMETER_TYPE_ID"[NUMBER,22]
 117 - "USERS"."USER_ID"[NUMBER,22]
 118 - "USERS".ROWID[ROWID,10]
 119 - "PTYPE"."PARAMETER_TYPE_ID"[NUMBER,22]
 120 - "PNAME"."PARAMETER_ID"[NUMBER,22], "PNAME"."PARAMETER_TYPE_ID"[NUMBER,22]
 121 - "USR_ORG_ROLES"."ORG_ROLE_ID"[NUMBER,22]
 122 - "USR_ORG_ROLES".ROWID[ROWID,10]
 123 - "ORG_ROLES"."ORG_ENTITY_ID"[NUMBER,22], "ORG_ROLES"."ROLE_ID"[NUMBER,22]
 124 - "ORGS"."ORG_ENTITY_ID"[NUMBER,22]
 125 - "ORGS".ROWID[ROWID,10], "ORGS"."ORG_ENTITY_ID"[NUMBER,22]
 127 - "PVALUE"."PARAMETER_TYPE_ID"[NUMBER,22], "PVALUE"."PARAMETER_ID"[NUMBER,22]
 128 - "ROLE_ACT"."ACTIVITY_ID"[NUMBER,22]
 129 - "ACT".ROWID[ROWID,10]
 130 - "ACT"."ACTIVITY_NAME"[VARCHAR2,400]
 131 - "FLOW_DOWN_ORGS"."ORG_ENTITY_ID"[NUMBER,22], "FLOW_DOWN_ORGS"."PARENT"[NUMBER,22]
 132 - "T"."ORG_ENTITY_ID"[NUMBER,22], ANY[22]
 133 - "PARENT_ORG_ENTITY_ID"[NUMBER,22], "T"."ORG_ENTITY_ID"[NUMBER,22], STRDEF[7], PRIOR NULL[22], ANY[22], 
       LEVEL[4]
 134 - (#keys=1) "T"."ORG_ENTITY_ID"[NUMBER,22], "TL"."ORG_ENTITY_ID"[NUMBER,22], "END_DATE"[DATE,7], 
       "PARENT_ORG_ENTITY_ID"[NUMBER,22], "TL"."LOCALE_ID"[NUMBER,22]
 135 - "T"."ORG_ENTITY_ID"[NUMBER,22], "PARENT_ORG_ENTITY_ID"[NUMBER,22], "END_DATE"[DATE,7]
 136 - "TL"."ORG_ENTITY_ID"[NUMBER,22], "TL"."LOCALE_ID"[NUMBER,22]
										</code></pre>
								</section>
						</div>
					</div>

				<!-- Sidebar -->
				<div id="sidebar">
					<div class="inner">
						<!-- Menu -->
						<nav id="menu">
							<header class="major">
								<h2>Menu</h2>
							</header>
							<ul>
								<li><a href="../index.html">Module List</a></li>
								<li><a href="index.html">Summary</a></li>
								<li>
									<span class="opener">DB Analysis</span>
									<ul>
										<li><a href="bad-sql.html">Bad SQL</a></li>
										<li><a href="poor-sql.html">Poor SQL Plan</a></li>
										<li><a href="invalid-sql.html">Invalid SQL</a></li>
										<li><a href="full-sql.html">Full SQL Report</a></li>
										<li><a href="table-nil-key.html">Primary/Unique Key Miss</a></li>
										<li><a href="invalid-db-object.html">Invalid DB Objects</a></li>
									</ul>
								</li>
								<li>
									<span class="opener">Infolets</span>
									<ul>
										<li><a href="keep-history-infolets.html">Keep History Infolets</a></li>
									</ul>
								</li>
								<li>
									<span class="opener">Pushforms</span>
									<ul>
										<li><a href="pushform-denormalize.html">Pushform Denormalized</a></li>
									</ul>
								</li>
							</ul>
						</nav>

						<!-- Section -->
						<section>
							<header class="major">
								<h2>Get in touch</h2>
							</header>
							<p>You need more details on the report or want more functionality, don't hesitate to reach out to us.</p>
							<ul class="contact">
								<li class="fa-envelope-o"><a href="mailto:rnd@metricstream.com?Subject=Reg - Static Code Analysis Tool" target="_top">rnd@metricstream.com</a></li>
							</ul>
						</section>

						<!-- Footer -->
						<footer id="footer">
							<p class="copyright">&copy; <a href="http://www.metricstream.com" target="_blank">MetricStream</a>. All rights reserved. </p>
						</footer>
					</div>
				</div>
			</div>

		<!-- Scripts -->
			<script src="../../lib/assets/js/jquery.min.js"></script>
			<script src="../../lib/assets/js/skel.min.js"></script>
			<script src="../../lib/assets/js/util.js"></script>
			<!--[if lte IE 8]><script src="../../lib/assets/js/ie/respond.min.js"></script><![endif]-->
			<script src="../../lib/assets/js/main.js"></script>
	</body>
</html>