<!DOCTYPE HTML>
<html>
	<head>
		<title>Code Analysis - MetricStream</title>
		<meta charset="utf-8" />
		<meta name="viewport" content="width=device-width, initial-scale=1, user-scalable=no" />
		<!--[if lte IE 8]><script src="../../lib/assets/js/ie/html5shiv.js"></script><![endif]-->
		<link rel="stylesheet" href="../../lib/assets/css/main.css" />
		<!--[if lte IE 9]><link rel="stylesheet" href="../../lib/assets/css/ie9.css" /><![endif]-->
		<!--[if lte IE 8]><link rel="stylesheet" href="../../lib/assets/css/ie8.css" /><![endif]-->
	</head>
	<body>

		<!-- Wrapper -->
			<div id="wrapper">

				<!-- Main -->
					<div id="main">
						<div class="inner">
							<!-- Header -->
								<header id="header">
									<a href="index.html" class="logo"><strong>Static Code Analysis Report</strong> by Code Analyzer Tool</a>
								</header>

							<!-- Content -->
								<section>
									<!-- Content -->
										<header class="major"><h2>Infolet Details</h2></header>
										<div class="table-wrapper">
											<table>
												<tbody>
													<tr>
														<td><b>Name</b></td>
														<td>MS_ISM_Issue_By_Severity (101314)</td>
													</tr>
													<tr>
														<td><b>SQL</b></td>
														<td><pre><code>SELECT ms_ism_rpt_utils.fn_get_lov_dis_val('MS ISM Risk Rating',A.ISSUE_RISK_RATING_STR,:1) 
AS Issue_Rating,
   COUNT (1)               AS Issue_Count,
   NULL                    AS dummy1
FROM MS_ISM_LAST_ONE_YEAR_ISSUE a
WHERE a.issue_risk_rating IS NOT NULL
AND a.ISSUE_STATUS_STORED NOT  IN ('1','5','6','7','10')
AND (exists (SELECT 1
			  FROM dual
			 WHERE EXISTS (
					SELECT 1
					  FROM si_user_org_act_view a
					 WHERE a.user_name = :1
					   AND a.activity_name = 'ISM - View All Issues')) 
      OR (exists (SELECT 1
			  FROM dual
			 WHERE EXISTS (
					SELECT 1
					  FROM si_user_org_act_view a
					 WHERE a.user_name =:1
					   AND a.activity_name = 'ISM - View Issue')) AND exists(SELECT 1
          FROM si_user_flow_down_org_act_view a
         WHERE a.user_name = :1
           AND (  (a.activity_name = 'ISM - View Issue By  Issue Owner Org' AND a.org_entity_id = a.ownerorg)
               OR (a.activity_name = 'ISM - View Issue By Issue Approver Org' AND a.org_entity_id 
               IN (a.approverorg, a.act_plan_approverorg, a.final_iss_approverorg))
               )))
      OR (ORB_TGT_OBJ_ID is not null and 0 <> (SELECT COUNT (CASE WHEN INSTR (ORB_TGT_OBJ_ID || ',', org_entity_id || ',') > 0 THEN 1 ELSE NULL END)
          FROM si_user_flow_down_org_act_view
         WHERE user_name =:1
           AND activity_name = 'ISM - View Issue By Related To Org')))
AND To_Date (a.ISSUE_CREATED_ON, 'DD/MM/RRRR')>=Add_Months(To_Date (Sysdate, 'DD/MM/RRRR'), -12)
GROUP BY A.ISSUE_RISK_RATING_STR</code></pre></td>
													</tr>
													<tr>
														<td><b>Description</b></td>
														<td>This Infolet will be used in Issue by Severity chart</td>
													</tr>
												</tbody>
											</table>
										</div>

										<h2 align="center" id="content">Analysis Report</h2>
										<hr>

<header class="major"><h2>Plan hash value: 1377430491</h2></header><pre><code>
 
---------------------------------------------------------------------------------------------------------------------------
| Id  | Operation                                    | Name                       | Rows  | Bytes | Cost (%CPU)| Time     |
---------------------------------------------------------------------------------------------------------------------------
|   0 | SELECT STATEMENT                             |                            |     1 |    51 |    24   (5)| 00:00:01 |
|   1 |  SORT GROUP BY                               |                            |     1 |    51 |    24   (5)| 00:00:01 |
|*  2 |   FILTER                                     |                            |       |       |            |          |
<font style="background-color: lightblue; color: red">|*  3 |    TABLE ACCESS FULL                         | MS_ISM_LAST_ONE_YEAR_ISSUE |     1 |    51 |     3   (0)| 00:00:01 |</font>
|*  4 |    FILTER                                    |                            |       |       |            |          |
|   5 |     FAST DUAL                                |                            |     1 |       |     2   (0)| 00:00:01 |
|   6 |     NESTED LOOPS                             |                            |     1 |   175 |    18   (0)| 00:00:01 |
|   7 |      NESTED LOOPS                            |                            |     1 |   170 |    17   (0)| 00:00:01 |
|   8 |       NESTED LOOPS                           |                            |     1 |   164 |    16   (0)| 00:00:01 |
|   9 |        NESTED LOOPS                          |                            |     1 |   154 |    15   (0)| 00:00:01 |
|  10 |         NESTED LOOPS                         |                            |     1 |   139 |    14   (0)| 00:00:01 |
<font style="background-color: lightblue; color: red">|  11 |          MERGE JOIN CARTESIAN                |                            |     1 |   129 |    13   (0)| 00:00:01 |</font>
|* 12 |           HASH JOIN                          |                            |     1 |    97 |    12   (0)| 00:00:01 |
|* 13 |            HASH JOIN                         |                            |     1 |    84 |     9   (0)| 00:00:01 |
|  14 |             NESTED LOOPS                     |                            |     1 |    51 |     4   (0)| 00:00:01 |
|* 15 |              TABLE ACCESS BY INDEX ROWID     | SI_USERS_T                 |     1 |    19 |     1   (0)| 00:00:01 |
|* 16 |               INDEX RANGE SCAN               | SI_USERS_T_N3              |     1 |       |     1   (0)| 00:00:01 |
<font style="background-color: lightblue; color: red">|* 17 |              TABLE ACCESS FULL               | MS_QS_PARAMETER_TYPES      |     1 |    32 |     3   (0)| 00:00:01 |</font>
<font style="background-color: lightblue; color: red">|* 18 |             TABLE ACCESS FULL                | MS_QS_PARAMETER_NAMES      |     3 |    99 |     5   (0)| 00:00:01 |</font>
<font style="background-color: lightblue; color: red">|* 19 |            TABLE ACCESS FULL                 | MS_QS_PARAMETER_VALUES     |   257 |  3341 |     3   (0)| 00:00:01 |</font>
|  20 |           BUFFER SORT                        |                            |     1 |    32 |    10   (0)| 00:00:01 |
|  21 |            TABLE ACCESS BY INDEX ROWID       | SI_ACTIVITIES_T            |     1 |    32 |     1   (0)| 00:00:01 |
|* 22 |             INDEX RANGE SCAN                 | SI_ACTIVITIES_N2           |     1 |       |     1   (0)| 00:00:01 |
|  23 |          TABLE ACCESS BY INDEX ROWID         | SI_USER_ORG_ROLES          |     3 |    30 |     1   (0)| 00:00:01 |
|* 24 |           INDEX RANGE SCAN                   | SI_USER_ORG_ROLES_N1       |     3 |       |     1   (0)| 00:00:01 |
|* 25 |         INDEX RANGE SCAN                     | SI_ORG_ROLES_N3            |     1 |    15 |     1   (0)| 00:00:01 |
|* 26 |        INDEX RANGE SCAN                      | SI_ROLE_ACTIVITIES_N2      |     1 |    10 |     1   (0)| 00:00:01 |
|* 27 |       TABLE ACCESS BY INDEX ROWID            | SI_ORG_ENTITIES_T          |     1 |     6 |     1   (0)| 00:00:01 |
|* 28 |        INDEX RANGE SCAN                      | SI_ORG_ENTITIES_N5         |     1 |       |     1   (0)| 00:00:01 |
|* 29 |      INDEX RANGE SCAN                        | SI_ROLES_N2                |     1 |     5 |     1   (0)| 00:00:01 |
|* 30 |    HASH JOIN                                 |                            |     1 |   201 |    24   (0)| 00:00:01 |
|  31 |     NESTED LOOPS                             |                            |     1 |   175 |    18   (0)| 00:00:01 |
|  32 |      NESTED LOOPS                            |                            |     1 |   170 |    17   (0)| 00:00:01 |
|  33 |       NESTED LOOPS                           |                            |     1 |   164 |    16   (0)| 00:00:01 |
|  34 |        NESTED LOOPS                          |                            |     1 |   154 |    15   (0)| 00:00:01 |
|  35 |         NESTED LOOPS                         |                            |     1 |   139 |    14   (0)| 00:00:01 |
<font style="background-color: lightblue; color: red">|  36 |          MERGE JOIN CARTESIAN                |                            |     1 |   129 |    13   (0)| 00:00:01 |</font>
|* 37 |           HASH JOIN                          |                            |     1 |    97 |    12   (0)| 00:00:01 |
|* 38 |            HASH JOIN                         |                            |     1 |    84 |     9   (0)| 00:00:01 |
|  39 |             NESTED LOOPS                     |                            |     1 |    51 |     4   (0)| 00:00:01 |
|* 40 |              TABLE ACCESS BY INDEX ROWID     | SI_USERS_T                 |     1 |    19 |     1   (0)| 00:00:01 |
|* 41 |               INDEX RANGE SCAN               | SI_USERS_T_N3              |     1 |       |     1   (0)| 00:00:01 |
<font style="background-color: lightblue; color: red">|* 42 |              TABLE ACCESS FULL               | MS_QS_PARAMETER_TYPES      |     1 |    32 |     3   (0)| 00:00:01 |</font>
<font style="background-color: lightblue; color: red">|* 43 |             TABLE ACCESS FULL                | MS_QS_PARAMETER_NAMES      |     3 |    99 |     5   (0)| 00:00:01 |</font>
<font style="background-color: lightblue; color: red">|* 44 |            TABLE ACCESS FULL                 | MS_QS_PARAMETER_VALUES     |   257 |  3341 |     3   (0)| 00:00:01 |</font>
|  45 |           BUFFER SORT                        |                            |     1 |    32 |    10   (0)| 00:00:01 |
|  46 |            TABLE ACCESS BY INDEX ROWID       | SI_ACTIVITIES_T            |     1 |    32 |     1   (0)| 00:00:01 |
|* 47 |             INDEX RANGE SCAN                 | SI_ACTIVITIES_N2           |     1 |       |     1   (0)| 00:00:01 |
|  48 |          TABLE ACCESS BY INDEX ROWID         | SI_USER_ORG_ROLES          |     3 |    30 |     1   (0)| 00:00:01 |
|* 49 |           INDEX RANGE SCAN                   | SI_USER_ORG_ROLES_N1       |     3 |       |     1   (0)| 00:00:01 |
|* 50 |         INDEX RANGE SCAN                     | SI_ORG_ROLES_N3            |     1 |    15 |     1   (0)| 00:00:01 |
|* 51 |        INDEX RANGE SCAN                      | SI_ROLE_ACTIVITIES_N2      |     1 |    10 |     1   (0)| 00:00:01 |
|* 52 |       TABLE ACCESS BY INDEX ROWID            | SI_ORG_ENTITIES_T          |     1 |     6 |     1   (0)| 00:00:01 |
|* 53 |        INDEX RANGE SCAN                      | SI_ORG_ENTITIES_N5         |     1 |       |     1   (0)| 00:00:01 |
|* 54 |      INDEX RANGE SCAN                        | SI_ROLES_N2                |     1 |     5 |     1   (0)| 00:00:01 |
|* 55 |     VIEW                                     | SI_FLOW_DOWN_ORGS_VIEW     |   465 | 12090 |     7  (15)| 00:00:01 |
|* 56 |      FILTER                                  |                            |       |       |            |          |
|* 57 |       CONNECT BY NO FILTERING WITH START-WITH|                            |       |       |            |          |
|* 58 |        HASH JOIN OUTER                       |                            |    74 |  1332 |     6   (0)| 00:00:01 |
<font style="background-color: lightblue; color: red">|  59 |         TABLE ACCESS FULL                    | SI_ORG_ENTITIES_T          |    74 |   814 |     3   (0)| 00:00:01 |</font>
<font style="background-color: lightblue; color: red">|* 60 |         TABLE ACCESS FULL                    | SI_ORG_ENTITIES_TL         |     2 |    14 |     3   (0)| 00:00:01 |</font>
|* 61 |    FILTER                                    |                            |       |       |            |          |
|  62 |     FAST DUAL                                |                            |     1 |       |     2   (0)| 00:00:01 |
|  63 |     NESTED LOOPS                             |                            |     1 |   175 |    18   (0)| 00:00:01 |
|  64 |      NESTED LOOPS                            |                            |     1 |   170 |    17   (0)| 00:00:01 |
|  65 |       NESTED LOOPS                           |                            |     1 |   164 |    16   (0)| 00:00:01 |
|  66 |        NESTED LOOPS                          |                            |     1 |   154 |    15   (0)| 00:00:01 |
|  67 |         NESTED LOOPS                         |                            |     1 |   139 |    14   (0)| 00:00:01 |
<font style="background-color: lightblue; color: red">|  68 |          MERGE JOIN CARTESIAN                |                            |     1 |   129 |    13   (0)| 00:00:01 |</font>
|* 69 |           HASH JOIN                          |                            |     1 |    97 |    12   (0)| 00:00:01 |
|* 70 |            HASH JOIN                         |                            |     1 |    84 |     9   (0)| 00:00:01 |
|  71 |             NESTED LOOPS                     |                            |     1 |    51 |     4   (0)| 00:00:01 |
|* 72 |              TABLE ACCESS BY INDEX ROWID     | SI_USERS_T                 |     1 |    19 |     1   (0)| 00:00:01 |
|* 73 |               INDEX RANGE SCAN               | SI_USERS_T_N3              |     1 |       |     1   (0)| 00:00:01 |
<font style="background-color: lightblue; color: red">|* 74 |              TABLE ACCESS FULL               | MS_QS_PARAMETER_TYPES      |     1 |    32 |     3   (0)| 00:00:01 |</font>
<font style="background-color: lightblue; color: red">|* 75 |             TABLE ACCESS FULL                | MS_QS_PARAMETER_NAMES      |     3 |    99 |     5   (0)| 00:00:01 |</font>
<font style="background-color: lightblue; color: red">|* 76 |            TABLE ACCESS FULL                 | MS_QS_PARAMETER_VALUES     |   257 |  3341 |     3   (0)| 00:00:01 |</font>
|  77 |           BUFFER SORT                        |                            |     1 |    32 |    10   (0)| 00:00:01 |
|  78 |            TABLE ACCESS BY INDEX ROWID       | SI_ACTIVITIES_T            |     1 |    32 |     1   (0)| 00:00:01 |
|* 79 |             INDEX RANGE SCAN                 | SI_ACTIVITIES_N2           |     1 |       |     1   (0)| 00:00:01 |
|  80 |          TABLE ACCESS BY INDEX ROWID         | SI_USER_ORG_ROLES          |     3 |    30 |     1   (0)| 00:00:01 |
|* 81 |           INDEX RANGE SCAN                   | SI_USER_ORG_ROLES_N1       |     3 |       |     1   (0)| 00:00:01 |
|* 82 |         INDEX RANGE SCAN                     | SI_ORG_ROLES_N3            |     1 |    15 |     1   (0)| 00:00:01 |
|* 83 |        INDEX RANGE SCAN                      | SI_ROLE_ACTIVITIES_N2      |     1 |    10 |     1   (0)| 00:00:01 |
|* 84 |       TABLE ACCESS BY INDEX ROWID            | SI_ORG_ENTITIES_T          |     1 |     6 |     1   (0)| 00:00:01 |
|* 85 |        INDEX RANGE SCAN                      | SI_ORG_ENTITIES_N5         |     1 |       |     1   (0)| 00:00:01 |
|* 86 |      INDEX RANGE SCAN                        | SI_ROLES_N2                |     1 |     5 |     1   (0)| 00:00:01 |
|* 87 |    HASH JOIN                                 |                            |     1 |   193 |    25   (0)| 00:00:01 |
|  88 |     NESTED LOOPS                             |                            |     1 |   175 |    19   (0)| 00:00:01 |
|  89 |      NESTED LOOPS                            |                            |     1 |   175 |    19   (0)| 00:00:01 |
|  90 |       NESTED LOOPS                           |                            |     1 |   143 |    18   (0)| 00:00:01 |
|* 91 |        HASH JOIN                             |                            |     1 |   133 |    17   (0)| 00:00:01 |
|  92 |         NESTED LOOPS                         |                            |     1 |   120 |    14   (0)| 00:00:01 |
|  93 |          NESTED LOOPS                        |                            |     1 |   115 |    13   (0)| 00:00:01 |
|  94 |           NESTED LOOPS                       |                            |     2 |   218 |    11   (0)| 00:00:01 |
|  95 |            NESTED LOOPS                      |                            |     2 |   188 |    10   (0)| 00:00:01 |
|* 96 |             HASH JOIN                        |                            |     1 |    84 |     9   (0)| 00:00:01 |
|  97 |              NESTED LOOPS                    |                            |     1 |    51 |     4   (0)| 00:00:01 |
|* 98 |               TABLE ACCESS BY INDEX ROWID    | SI_USERS_T                 |     1 |    19 |     1   (0)| 00:00:01 |
|* 99 |                INDEX RANGE SCAN              | SI_USERS_T_N3              |     1 |       |     1   (0)| 00:00:01 |
<font style="background-color: lightblue; color: red">|*100 |               TABLE ACCESS FULL              | MS_QS_PARAMETER_TYPES      |     1 |    32 |     3   (0)| 00:00:01 |</font>
<font style="background-color: lightblue; color: red">|*101 |              TABLE ACCESS FULL               | MS_QS_PARAMETER_NAMES      |     3 |    99 |     5   (0)| 00:00:01 |</font>
| 102 |             TABLE ACCESS BY INDEX ROWID      | SI_USER_ORG_ROLES          |     3 |    30 |     1   (0)| 00:00:01 |
|*103 |              INDEX RANGE SCAN                | SI_USER_ORG_ROLES_N1       |     3 |       |     1   (0)| 00:00:01 |
|*104 |            INDEX RANGE SCAN                  | SI_ORG_ROLES_N3            |     1 |    15 |     1   (0)| 00:00:01 |
|*105 |           TABLE ACCESS BY INDEX ROWID        | SI_ORG_ENTITIES_T          |     1 |     6 |     1   (0)| 00:00:01 |
|*106 |            INDEX RANGE SCAN                  | SI_ORG_ENTITIES_N5         |     1 |       |     1   (0)| 00:00:01 |
|*107 |          INDEX RANGE SCAN                    | SI_ROLES_N2                |     1 |     5 |     1   (0)| 00:00:01 |
<font style="background-color: lightblue; color: red">|*108 |         TABLE ACCESS FULL                    | MS_QS_PARAMETER_VALUES     |   257 |  3341 |     3   (0)| 00:00:01 |</font>
|*109 |        INDEX RANGE SCAN                      | SI_ROLE_ACTIVITIES_N2      |    12 |   120 |     1   (0)| 00:00:01 |
|*110 |       INDEX RANGE SCAN                       | SI_ACTIVITIES_N1           |     1 |       |     1   (0)| 00:00:01 |
|*111 |      TABLE ACCESS BY INDEX ROWID             | SI_ACTIVITIES_T            |     1 |    32 |     1   (0)| 00:00:01 |
|*112 |     VIEW                                     | SI_FLOW_DOWN_ORGS_VIEW     |   465 |  8370 |     7  (15)| 00:00:01 |
|*113 |      FILTER                                  |                            |       |       |            |          |
|*114 |       CONNECT BY NO FILTERING WITH START-WITH|                            |       |       |            |          |
|*115 |        HASH JOIN OUTER                       |                            |    74 |  1332 |     6   (0)| 00:00:01 |
<font style="background-color: lightblue; color: red">| 116 |         TABLE ACCESS FULL                    | SI_ORG_ENTITIES_T          |    74 |   814 |     3   (0)| 00:00:01 |</font>
<font style="background-color: lightblue; color: red">|*117 |         TABLE ACCESS FULL                    | SI_ORG_ENTITIES_TL         |     2 |    14 |     3   (0)| 00:00:01 |</font>
---------------------------------------------------------------------------------------------------------------------------
 
</code></pre><header class="major"><h2>Query Block Name / Object Alias (identified by operation id):</h2></header><pre><code>
 
   1 - SEL$1       
   3 - SEL$1        / A@SEL$1
   4 - SEL$2       
   5 - SEL$2        / DUAL@SEL$2
   6 - SEL$07BDC5B4
  15 - SEL$07BDC5B4 / USERS@SEL$4
  16 - SEL$07BDC5B4 / USERS@SEL$4
  17 - SEL$07BDC5B4 / PTYPE@SEL$4
  18 - SEL$07BDC5B4 / PNAME@SEL$4
  19 - SEL$07BDC5B4 / PVALUE@SEL$4
  21 - SEL$07BDC5B4 / ACT@SEL$4
  22 - SEL$07BDC5B4 / ACT@SEL$4
  23 - SEL$07BDC5B4 / USR_ORG_ROLES@SEL$4
  24 - SEL$07BDC5B4 / USR_ORG_ROLES@SEL$4
  25 - SEL$07BDC5B4 / ORG_ROLES@SEL$4
  26 - SEL$07BDC5B4 / ROLE_ACT@SEL$4
  27 - SEL$07BDC5B4 / ORGS@SEL$4
  28 - SEL$07BDC5B4 / ORGS@SEL$4
  29 - SEL$07BDC5B4 / ROLES@SEL$4
  30 - SEL$8436F7FA
  40 - SEL$8436F7FA / USERS@SEL$28
  41 - SEL$8436F7FA / USERS@SEL$28
  42 - SEL$8436F7FA / PTYPE@SEL$28
  43 - SEL$8436F7FA / PNAME@SEL$28
  44 - SEL$8436F7FA / PVALUE@SEL$28
  46 - SEL$8436F7FA / ACT@SEL$28
  47 - SEL$8436F7FA / ACT@SEL$28
  48 - SEL$8436F7FA / USR_ORG_ROLES@SEL$28
  49 - SEL$8436F7FA / USR_ORG_ROLES@SEL$28
  50 - SEL$8436F7FA / ORG_ROLES@SEL$28
  51 - SEL$8436F7FA / ROLE_ACT@SEL$28
  52 - SEL$8436F7FA / ORGS@SEL$28
  53 - SEL$8436F7FA / ORGS@SEL$28
  54 - SEL$8436F7FA / ROLES@SEL$28
  55 - SEL$21       / FLOW_DOWN_ORGS@SEL$20
  56 - SEL$21      
  58 - SEL$655D36A1
  59 - SEL$655D36A1 / T@SEL$25
  60 - SEL$655D36A1 / TL@SEL$25
  61 - SEL$5       
  62 - SEL$5        / DUAL@SEL$5
  63 - SEL$68B588A0
  72 - SEL$68B588A0 / USERS@SEL$7
  73 - SEL$68B588A0 / USERS@SEL$7
  74 - SEL$68B588A0 / PTYPE@SEL$7
  75 - SEL$68B588A0 / PNAME@SEL$7
  76 - SEL$68B588A0 / PVALUE@SEL$7
  78 - SEL$68B588A0 / ACT@SEL$7
  79 - SEL$68B588A0 / ACT@SEL$7
  80 - SEL$68B588A0 / USR_ORG_ROLES@SEL$7
  81 - SEL$68B588A0 / USR_ORG_ROLES@SEL$7
  82 - SEL$68B588A0 / ORG_ROLES@SEL$7
  83 - SEL$68B588A0 / ROLE_ACT@SEL$7
  84 - SEL$68B588A0 / ORGS@SEL$7
  85 - SEL$68B588A0 / ORGS@SEL$7
  86 - SEL$68B588A0 / ROLES@SEL$7
  87 - SEL$83B1DA73
  98 - SEL$83B1DA73 / USERS@SEL$17
  99 - SEL$83B1DA73 / USERS@SEL$17
 100 - SEL$83B1DA73 / PTYPE@SEL$17
 101 - SEL$83B1DA73 / PNAME@SEL$17
 102 - SEL$83B1DA73 / USR_ORG_ROLES@SEL$17
 103 - SEL$83B1DA73 / USR_ORG_ROLES@SEL$17
 104 - SEL$83B1DA73 / ORG_ROLES@SEL$17
 105 - SEL$83B1DA73 / ORGS@SEL$17
 106 - SEL$83B1DA73 / ORGS@SEL$17
 107 - SEL$83B1DA73 / ROLES@SEL$17
 108 - SEL$83B1DA73 / PVALUE@SEL$17
 109 - SEL$83B1DA73 / ROLE_ACT@SEL$17
 110 - SEL$83B1DA73 / ACT@SEL$17
 111 - SEL$83B1DA73 / ACT@SEL$17
 112 - SEL$10       / FLOW_DOWN_ORGS@SEL$9
 113 - SEL$10      
 115 - SEL$B740551B
 116 - SEL$B740551B / T@SEL$14
 117 - SEL$B740551B / TL@SEL$14
 
</code></pre><header class="major"><h2>Predicate Information (identified by operation id):</h2></header><pre><code>
 
   2 - filter( EXISTS (SELECT 0 FROM "SYS"."DUAL" "DUAL" WHERE  EXISTS (SELECT 0 FROM 
              METRICSTREAM."MS_QS_PARAMETER_NAMES" "PNAME",METRICSTREAM."MS_QS_PARAMETER_TYPES" 
              "PTYPE",METRICSTREAM."MS_QS_PARAMETER_VALUES" "PVALUE",METRICSTREAM."SI_ROLES_T" 
              "ROLES",METRICSTREAM."SI_ORG_ENTITIES_T" "ORGS",METRICSTREAM."SI_ACTIVITIES_T" 
              "ACT",METRICSTREAM."SI_ROLE_ACTIVITIES" "ROLE_ACT",METRICSTREAM."SI_ORG_ROLES" 
              "ORG_ROLES",METRICSTREAM."SI_USER_ORG_ROLES" "USR_ORG_ROLES",METRICSTREAM."SI_USERS_T" "USERS" WHERE 
              "USERS"."USER_NAME"=:1 AND NVL("USERS"."END_DATE",SYSDATE@!)>=SYSDATE@! AND 
              "USERS"."USER_ID"="USR_ORG_ROLES"."USER_ID" AND "USR_ORG_ROLES"."ORG_ROLE_ID"="ORG_ROLES"."ORG_ROLE_ID" AND 
              "ROLE_ACT"."ACTIVITY_ID"="ACT"."ACTIVITY_ID" AND "ROLE_ACT"."ROLE_ID"="ORG_ROLES"."ROLE_ID" AND 
              "ACT"."ACTIVITY_NAME"='ISM - View All Issues' AND "ORGS"."ORG_ENTITY_ID"="ORG_ROLES"."ORG_ENTITY_ID" AND 
              NVL("ORGS"."END_DATE",SYSDATE@!)>=SYSDATE@! AND "ROLES"."ROLE_ID"="ORG_ROLES"."ROLE_ID" AND 
              "PTYPE"."PARAMETER_TYPE_ID"="PVALUE"."PARAMETER_TYPE_ID" AND "PNAME"."PARAMETER_ID"="PVALUE"."PARAMETER_ID" AND 
              "PVALUE"."ORG_ENTITY_ID"=1 AND UPPER("PTYPE"."PARAMETER_TYPE")='MS APPS USER NAME DISPLAY FORMAT' AND 
              "PTYPE"."PARAMETER_TYPE_ID"="PNAME"."PARAMETER_TYPE_ID" AND UPPER("PNAME"."PARAMETER_NAME")='DISPLAY_FORMAT')) OR 
              "ORB_TGT_OBJ_ID" IS NOT NULL AND  EXISTS (SELECT 0 FROM METRICSTREAM."MS_QS_PARAMETER_NAMES" 
              "PNAME",METRICSTREAM."MS_QS_PARAMETER_TYPES" "PTYPE",METRICSTREAM."MS_QS_PARAMETER_VALUES" 
              "PVALUE",METRICSTREAM."SI_ROLES_T" "ROLES",METRICSTREAM."SI_ORG_ENTITIES_T" "ORGS",METRICSTREAM."SI_ACTIVITIES_T" 
              "ACT",METRICSTREAM."SI_ROLE_ACTIVITIES" "ROLE_ACT",METRICSTREAM."SI_ORG_ROLES" 
              "ORG_ROLES",METRICSTREAM."SI_USER_ORG_ROLES" "USR_ORG_ROLES",METRICSTREAM."SI_USERS_T" "USERS", (SELECT 
              "T"."ORG_ENTITY_ID" "ORG_ENTITY_ID",ANY "PARENT" FROM METRICSTREAM."SI_ORG_ENTITIES_TL" 
              "TL",METRICSTREAM."SI_ORG_ENTITIES_T" "T" WHERE NVL("END_DATE",SYSDATE@!)>=SYSDATE@! START WITH 
              "T"."ORG_ENTITY_ID"="T"."ORG_ENTITY_ID" AND "T"."ORG_ENTITY_ID"="TL"."ORG_ENTITY_ID"(+) AND 
              "TL"."LOCALE_ID"(+)=TO_NUMBER("SI_DB_LOCALE_SV"."GETVALUE"()) CONNECT BY "PARENT_ORG_ENTITY_ID"=PRIOR 
              "T"."ORG_ENTITY_ID" AND "T"."ORG_ENTITY_ID"="TL"."ORG_ENTITY_ID"(+) AND 
              "TL"."LOCALE_ID"(+)=TO_NUMBER("SI_DB_LOCALE_SV"."GETVALUE"())) "FLOW_DOWN_ORGS" WHERE 
              "ORGS"."ORG_ENTITY_ID"="FLOW_DOWN_ORGS"."PARENT" AND CASE  WHEN 
              INSTR(:B1||',',TO_CHAR("FLOW_DOWN_ORGS"."ORG_ENTITY_ID")||',')>0 THEN 1 ELSE NULL END  IS NOT NULL AND 
              "USERS"."USER_NAME"=:1 AND NVL("USERS"."END_DATE",SYSDATE@!)>=SYSDATE@! AND 
              "USERS"."USER_ID"="USR_ORG_ROLES"."USER_ID" AND "USR_ORG_ROLES"."ORG_ROLE_ID"="ORG_ROLES"."ORG_ROLE_ID" AND 
              "ROLE_ACT"."ACTIVITY_ID"="ACT"."ACTIVITY_ID" AND "ROLE_ACT"."ROLE_ID"="ORG_ROLES"."ROLE_ID" AND 
              "ACT"."ACTIVITY_NAME"='ISM - View Issue By Related To Org' AND "ORGS"."ORG_ENTITY_ID"="ORG_ROLES"."ORG_ENTITY_ID" 
              AND NVL("ORGS"."END_DATE",SYSDATE@!)>=SYSDATE@! AND "ROLES"."ROLE_ID"="ORG_ROLES"."ROLE_ID" AND 
              "PTYPE"."PARAMETER_TYPE_ID"="PVALUE"."PARAMETER_TYPE_ID" AND "PNAME"."PARAMETER_ID"="PVALUE"."PARAMETER_ID" AND 
              "PVALUE"."ORG_ENTITY_ID"=1 AND UPPER("PTYPE"."PARAMETER_TYPE")='MS APPS USER NAME DISPLAY FORMAT' AND 
              "PTYPE"."PARAMETER_TYPE_ID"="PNAME"."PARAMETER_TYPE_ID" AND UPPER("PNAME"."PARAMETER_NAME")='DISPLAY_FORMAT') OR  
              EXISTS (SELECT 0 FROM "SYS"."DUAL" "DUAL" WHERE  EXISTS (SELECT 0 FROM METRICSTREAM."MS_QS_PARAMETER_NAMES" 
              "PNAME",METRICSTREAM."MS_QS_PARAMETER_TYPES" "PTYPE",METRICSTREAM."MS_QS_PARAMETER_VALUES" 
              "PVALUE",METRICSTREAM."SI_ROLES_T" "ROLES",METRICSTREAM."SI_ORG_ENTITIES_T" "ORGS",METRICSTREAM."SI_ACTIVITIES_T" 
              "ACT",METRICSTREAM."SI_ROLE_ACTIVITIES" "ROLE_ACT",METRICSTREAM."SI_ORG_ROLES" 
              "ORG_ROLES",METRICSTREAM."SI_USER_ORG_ROLES" "USR_ORG_ROLES",METRICSTREAM."SI_USERS_T" "USERS" WHERE 
              "USERS"."USER_NAME"=:1 AND NVL("USERS"."END_DATE",SYSDATE@!)>=SYSDATE@! AND 
              "USERS"."USER_ID"="USR_ORG_ROLES"."USER_ID" AND "USR_ORG_ROLES"."ORG_ROLE_ID"="ORG_ROLES"."ORG_ROLE_ID" AND 
              "ROLE_ACT"."ACTIVITY_)
   3 - filter(TO_DATE(INTERNAL_FUNCTION("A"."ISSUE_CREATED_ON"),'DD/MM/RRRR')>=ADD_MONTHS(TO_DATE(TO_CHAR(SYSDATE@!
              ),'DD/MM/RRRR'),-12) AND "A"."ISSUE_STATUS_STORED"<>'1' AND "A"."ISSUE_STATUS_STORED"<>'5' AND 
              "A"."ISSUE_STATUS_STORED"<>'6' AND "A"."ISSUE_STATUS_STORED"<>'7' AND "A"."ISSUE_STATUS_STORED"<>'10' AND 
              "A"."ISSUE_RISK_RATING" IS NOT NULL)
   4 - filter( EXISTS (SELECT 0 FROM METRICSTREAM."MS_QS_PARAMETER_NAMES" 
              "PNAME",METRICSTREAM."MS_QS_PARAMETER_TYPES" "PTYPE",METRICSTREAM."MS_QS_PARAMETER_VALUES" 
              "PVALUE",METRICSTREAM."SI_ROLES_T" "ROLES",METRICSTREAM."SI_ORG_ENTITIES_T" "ORGS",METRICSTREAM."SI_ACTIVITIES_T" 
              "ACT",METRICSTREAM."SI_ROLE_ACTIVITIES" "ROLE_ACT",METRICSTREAM."SI_ORG_ROLES" 
              "ORG_ROLES",METRICSTREAM."SI_USER_ORG_ROLES" "USR_ORG_ROLES",METRICSTREAM."SI_USERS_T" "USERS" WHERE 
              "USERS"."USER_NAME"=:1 AND NVL("USERS"."END_DATE",SYSDATE@!)>=SYSDATE@! AND 
              "USERS"."USER_ID"="USR_ORG_ROLES"."USER_ID" AND "USR_ORG_ROLES"."ORG_ROLE_ID"="ORG_ROLES"."ORG_ROLE_ID" AND 
              "ROLE_ACT"."ACTIVITY_ID"="ACT"."ACTIVITY_ID" AND "ROLE_ACT"."ROLE_ID"="ORG_ROLES"."ROLE_ID" AND 
              "ACT"."ACTIVITY_NAME"='ISM - View All Issues' AND "ORGS"."ORG_ENTITY_ID"="ORG_ROLES"."ORG_ENTITY_ID" AND 
              NVL("ORGS"."END_DATE",SYSDATE@!)>=SYSDATE@! AND "ROLES"."ROLE_ID"="ORG_ROLES"."ROLE_ID" AND 
              "PTYPE"."PARAMETER_TYPE_ID"="PVALUE"."PARAMETER_TYPE_ID" AND "PNAME"."PARAMETER_ID"="PVALUE"."PARAMETER_ID" AND 
              "PVALUE"."ORG_ENTITY_ID"=1 AND UPPER("PTYPE"."PARAMETER_TYPE")='MS APPS USER NAME DISPLAY FORMAT' AND 
              "PTYPE"."PARAMETER_TYPE_ID"="PNAME"."PARAMETER_TYPE_ID" AND UPPER("PNAME"."PARAMETER_NAME")='DISPLAY_FORMAT'))
  12 - access("PNAME"."PARAMETER_ID"="PVALUE"."PARAMETER_ID" AND 
              "PTYPE"."PARAMETER_TYPE_ID"="PVALUE"."PARAMETER_TYPE_ID")
  13 - access("PTYPE"."PARAMETER_TYPE_ID"="PNAME"."PARAMETER_TYPE_ID")
  15 - filter(NVL("USERS"."END_DATE",SYSDATE@!)>=SYSDATE@!)
  16 - access("USERS"."USER_NAME"=:1)
  17 - filter(UPPER("PTYPE"."PARAMETER_TYPE")='MS APPS USER NAME DISPLAY FORMAT')
  18 - filter(UPPER("PNAME"."PARAMETER_NAME")='DISPLAY_FORMAT')
  19 - filter("PVALUE"."ORG_ENTITY_ID"=1)
  22 - access("ACT"."ACTIVITY_NAME"='ISM - View All Issues')
  24 - access("USERS"."USER_ID"="USR_ORG_ROLES"."USER_ID")
  25 - access("USR_ORG_ROLES"."ORG_ROLE_ID"="ORG_ROLES"."ORG_ROLE_ID")
  26 - access("ROLE_ACT"."ROLE_ID"="ORG_ROLES"."ROLE_ID" AND "ROLE_ACT"."ACTIVITY_ID"="ACT"."ACTIVITY_ID")
  27 - filter(NVL("ORGS"."END_DATE",SYSDATE@!)>=SYSDATE@!)
  28 - access("ORGS"."ORG_ENTITY_ID"="ORG_ROLES"."ORG_ENTITY_ID")
  29 - access("ROLES"."ROLE_ID"="ORG_ROLES"."ROLE_ID")
  30 - access("ORGS"."ORG_ENTITY_ID"="FLOW_DOWN_ORGS"."PARENT")
  37 - access("PNAME"."PARAMETER_ID"="PVALUE"."PARAMETER_ID" AND 
              "PTYPE"."PARAMETER_TYPE_ID"="PVALUE"."PARAMETER_TYPE_ID")
  38 - access("PTYPE"."PARAMETER_TYPE_ID"="PNAME"."PARAMETER_TYPE_ID")
  40 - filter(NVL("USERS"."END_DATE",SYSDATE@!)>=SYSDATE@!)
  41 - access("USERS"."USER_NAME"=:1)
  42 - filter(UPPER("PTYPE"."PARAMETER_TYPE")='MS APPS USER NAME DISPLAY FORMAT')
  43 - filter(UPPER("PNAME"."PARAMETER_NAME")='DISPLAY_FORMAT')
  44 - filter("PVALUE"."ORG_ENTITY_ID"=1)
  47 - access("ACT"."ACTIVITY_NAME"='ISM - View Issue By Related To Org')
  49 - access("USERS"."USER_ID"="USR_ORG_ROLES"."USER_ID")
  50 - access("USR_ORG_ROLES"."ORG_ROLE_ID"="ORG_ROLES"."ORG_ROLE_ID")
  51 - access("ROLE_ACT"."ROLE_ID"="ORG_ROLES"."ROLE_ID" AND "ROLE_ACT"."ACTIVITY_ID"="ACT"."ACTIVITY_ID")
  52 - filter(NVL("ORGS"."END_DATE",SYSDATE@!)>=SYSDATE@!)
  53 - access("ORGS"."ORG_ENTITY_ID"="ORG_ROLES"."ORG_ENTITY_ID")
  54 - access("ROLES"."ROLE_ID"="ORG_ROLES"."ROLE_ID")
  55 - filter(CASE  WHEN INSTR(:B1||',',TO_CHAR("FLOW_DOWN_ORGS"."ORG_ENTITY_ID")||',')>0 THEN 1 ELSE NULL END  IS 
              NOT NULL)
  56 - filter(NVL("END_DATE",SYSDATE@!)>=SYSDATE@!)
  57 - access("PARENT_ORG_ENTITY_ID"=PRIOR "T"."ORG_ENTITY_ID")
       filter("T"."ORG_ENTITY_ID"="T"."ORG_ENTITY_ID")
  58 - access("T"."ORG_ENTITY_ID"="TL"."ORG_ENTITY_ID"(+))
  60 - filter("TL"."LOCALE_ID"(+)=TO_NUMBER("SI_DB_LOCALE_SV"."GETVALUE"()))
  61 - filter( EXISTS (SELECT 0 FROM METRICSTREAM."MS_QS_PARAMETER_NAMES" 
              "PNAME",METRICSTREAM."MS_QS_PARAMETER_TYPES" "PTYPE",METRICSTREAM."MS_QS_PARAMETER_VALUES" 
              "PVALUE",METRICSTREAM."SI_ROLES_T" "ROLES",METRICSTREAM."SI_ORG_ENTITIES_T" "ORGS",METRICSTREAM."SI_ACTIVITIES_T" 
              "ACT",METRICSTREAM."SI_ROLE_ACTIVITIES" "ROLE_ACT",METRICSTREAM."SI_ORG_ROLES" 
              "ORG_ROLES",METRICSTREAM."SI_USER_ORG_ROLES" "USR_ORG_ROLES",METRICSTREAM."SI_USERS_T" "USERS" WHERE 
              "USERS"."USER_NAME"=:1 AND NVL("USERS"."END_DATE",SYSDATE@!)>=SYSDATE@! AND 
              "USERS"."USER_ID"="USR_ORG_ROLES"."USER_ID" AND "USR_ORG_ROLES"."ORG_ROLE_ID"="ORG_ROLES"."ORG_ROLE_ID" AND 
              "ROLE_ACT"."ACTIVITY_ID"="ACT"."ACTIVITY_ID" AND "ROLE_ACT"."ROLE_ID"="ORG_ROLES"."ROLE_ID" AND 
              "ACT"."ACTIVITY_NAME"='ISM - View Issue' AND "ORGS"."ORG_ENTITY_ID"="ORG_ROLES"."ORG_ENTITY_ID" AND 
              NVL("ORGS"."END_DATE",SYSDATE@!)>=SYSDATE@! AND "ROLES"."ROLE_ID"="ORG_ROLES"."ROLE_ID" AND 
              "PTYPE"."PARAMETER_TYPE_ID"="PVALUE"."PARAMETER_TYPE_ID" AND "PNAME"."PARAMETER_ID"="PVALUE"."PARAMETER_ID" AND 
              "PVALUE"."ORG_ENTITY_ID"=1 AND UPPER("PTYPE"."PARAMETER_TYPE")='MS APPS USER NAME DISPLAY FORMAT' AND 
              "PTYPE"."PARAMETER_TYPE_ID"="PNAME"."PARAMETER_TYPE_ID" AND UPPER("PNAME"."PARAMETER_NAME")='DISPLAY_FORMAT'))
  69 - access("PNAME"."PARAMETER_ID"="PVALUE"."PARAMETER_ID" AND 
              "PTYPE"."PARAMETER_TYPE_ID"="PVALUE"."PARAMETER_TYPE_ID")
  70 - access("PTYPE"."PARAMETER_TYPE_ID"="PNAME"."PARAMETER_TYPE_ID")
  72 - filter(NVL("USERS"."END_DATE",SYSDATE@!)>=SYSDATE@!)
  73 - access("USERS"."USER_NAME"=:1)
  74 - filter(UPPER("PTYPE"."PARAMETER_TYPE")='MS APPS USER NAME DISPLAY FORMAT')
  75 - filter(UPPER("PNAME"."PARAMETER_NAME")='DISPLAY_FORMAT')
  76 - filter("PVALUE"."ORG_ENTITY_ID"=1)
  79 - access("ACT"."ACTIVITY_NAME"='ISM - View Issue')
  81 - access("USERS"."USER_ID"="USR_ORG_ROLES"."USER_ID")
  82 - access("USR_ORG_ROLES"."ORG_ROLE_ID"="ORG_ROLES"."ORG_ROLE_ID")
  83 - access("ROLE_ACT"."ROLE_ID"="ORG_ROLES"."ROLE_ID" AND "ROLE_ACT"."ACTIVITY_ID"="ACT"."ACTIVITY_ID")
  84 - filter(NVL("ORGS"."END_DATE",SYSDATE@!)>=SYSDATE@!)
  85 - access("ORGS"."ORG_ENTITY_ID"="ORG_ROLES"."ORG_ENTITY_ID")
  86 - access("ROLES"."ROLE_ID"="ORG_ROLES"."ROLE_ID")
  87 - access("ORGS"."ORG_ENTITY_ID"="FLOW_DOWN_ORGS"."PARENT")
       filter("ACT"."ACTIVITY_NAME"='ISM - View Issue By  Issue Owner Org' AND 
              "FLOW_DOWN_ORGS"."ORG_ENTITY_ID"=TO_NUMBER(:B1) OR "ACT"."ACTIVITY_NAME"='ISM - View Issue By Issue Approver Org' 
              AND ("FLOW_DOWN_ORGS"."ORG_ENTITY_ID"=TO_NUMBER(:B2) OR "FLOW_DOWN_ORGS"."ORG_ENTITY_ID"=TO_NUMBER(:B3) OR 
              "FLOW_DOWN_ORGS"."ORG_ENTITY_ID"=TO_NUMBER(:B4)))
  91 - access("PNAME"."PARAMETER_ID"="PVALUE"."PARAMETER_ID" AND 
              "PTYPE"."PARAMETER_TYPE_ID"="PVALUE"."PARAMETER_TYPE_ID")
  96 - access("PTYPE"."PARAMETER_TYPE_ID"="PNAME"."PARAMETER_TYPE_ID")
  98 - filter(NVL("USERS"."END_DATE",SYSDATE@!)>=SYSDATE@!)
  99 - access("USERS"."USER_NAME"=:1)
 100 - filter(UPPER("PTYPE"."PARAMETER_TYPE")='MS APPS USER NAME DISPLAY FORMAT')
 101 - filter(UPPER("PNAME"."PARAMETER_NAME")='DISPLAY_FORMAT')
 103 - access("USERS"."USER_ID"="USR_ORG_ROLES"."USER_ID")
 104 - access("USR_ORG_ROLES"."ORG_ROLE_ID"="ORG_ROLES"."ORG_ROLE_ID")
 105 - filter(NVL("ORGS"."END_DATE",SYSDATE@!)>=SYSDATE@!)
 106 - access("ORGS"."ORG_ENTITY_ID"="ORG_ROLES"."ORG_ENTITY_ID")
 107 - access("ROLES"."ROLE_ID"="ORG_ROLES"."ROLE_ID")
 108 - filter("PVALUE"."ORG_ENTITY_ID"=1)
 109 - access("ROLE_ACT"."ROLE_ID"="ORG_ROLES"."ROLE_ID")
 110 - access("ROLE_ACT"."ACTIVITY_ID"="ACT"."ACTIVITY_ID")
 111 - filter("ACT"."ACTIVITY_NAME"='ISM - View Issue By  Issue Owner Org' OR "ACT"."ACTIVITY_NAME"='ISM - View 
              Issue By Issue Approver Org')
 112 - filter("FLOW_DOWN_ORGS"."ORG_ENTITY_ID"=TO_NUMBER(:B1) OR "FLOW_DOWN_ORGS"."ORG_ENTITY_ID"=TO_NUMBER(:B2) 
              OR "FLOW_DOWN_ORGS"."ORG_ENTITY_ID"=TO_NUMBER(:B3) OR "FLOW_DOWN_ORGS"."ORG_ENTITY_ID"=TO_NUMBER(:B4))
 113 - filter(NVL("END_DATE",SYSDATE@!)>=SYSDATE@!)
 114 - access("PARENT_ORG_ENTITY_ID"=PRIOR "T"."ORG_ENTITY_ID")
       filter("T"."ORG_ENTITY_ID"="T"."ORG_ENTITY_ID")
 115 - access("T"."ORG_ENTITY_ID"="TL"."ORG_ENTITY_ID"(+))
 117 - filter("TL"."LOCALE_ID"(+)=TO_NUMBER("SI_DB_LOCALE_SV"."GETVALUE"()))
 
</code></pre><header class="major"><h2>Column Projection Information (identified by operation id):</h2></header><pre><code>
 
   1 - (#keys=1) "A"."ISSUE_RISK_RATING_STR"[VARCHAR2,400], COUNT(*)[22]
   2 - "A"."ISSUE_RISK_RATING_STR"[VARCHAR2,400]
   3 - "A"."OWNERORG"[VARCHAR2,1020], "A"."APPROVERORG"[VARCHAR2,1020], "A"."ACT_PLAN_APPROVERORG"[VARCHAR2,4000], 
       "A"."FINAL_ISS_APPROVERORG"[VARCHAR2,4000], "ORB_TGT_OBJ_ID"[VARCHAR2,4000], 
       "A"."ISSUE_RISK_RATING_STR"[VARCHAR2,400]
   6 - (#keys=0) 
   7 - (#keys=0) "ORG_ROLES"."ROLE_ID"[NUMBER,22]
   8 - (#keys=0) "ORG_ROLES"."ORG_ENTITY_ID"[NUMBER,22], "ORG_ROLES"."ROLE_ID"[NUMBER,22]
   9 - (#keys=0) "ACT"."ACTIVITY_ID"[NUMBER,22], "ORG_ROLES"."ORG_ENTITY_ID"[NUMBER,22], 
       "ORG_ROLES"."ROLE_ID"[NUMBER,22]
  10 - (#keys=0) "ACT"."ACTIVITY_ID"[NUMBER,22], "USR_ORG_ROLES"."ORG_ROLE_ID"[NUMBER,22]
  11 - (#keys=0) "USERS"."USER_ID"[NUMBER,22], "ACT"."ACTIVITY_ID"[NUMBER,22]
  12 - (#keys=2) "USERS"."USER_ID"[NUMBER,22]
  13 - (#keys=1) "PTYPE"."PARAMETER_TYPE_ID"[NUMBER,22], "USERS"."USER_ID"[NUMBER,22], 
       "PNAME"."PARAMETER_ID"[NUMBER,22]
  14 - (#keys=0) "USERS"."USER_ID"[NUMBER,22], "PTYPE"."PARAMETER_TYPE_ID"[NUMBER,22]
  15 - "USERS"."USER_ID"[NUMBER,22]
  16 - "USERS".ROWID[ROWID,10]
  17 - "PTYPE"."PARAMETER_TYPE_ID"[NUMBER,22]
  18 - "PNAME"."PARAMETER_ID"[NUMBER,22], "PNAME"."PARAMETER_TYPE_ID"[NUMBER,22]
  19 - "PVALUE"."PARAMETER_TYPE_ID"[NUMBER,22], "PVALUE"."PARAMETER_ID"[NUMBER,22]
  20 - (#keys=0) "ACT"."ACTIVITY_ID"[NUMBER,22]
  21 - "ACT"."ACTIVITY_ID"[NUMBER,22]
  22 - "ACT".ROWID[ROWID,10]
  23 - "USR_ORG_ROLES"."ORG_ROLE_ID"[NUMBER,22]
  24 - "USR_ORG_ROLES".ROWID[ROWID,10]
  25 - "ORG_ROLES"."ORG_ENTITY_ID"[NUMBER,22], "ORG_ROLES"."ROLE_ID"[NUMBER,22]
  28 - "ORGS".ROWID[ROWID,10]
  30 - (#keys=1) "ORGS"."ORG_ENTITY_ID"[NUMBER,22], "FLOW_DOWN_ORGS"."PARENT"[NUMBER,22]
  31 - (#keys=0) "ORGS"."ORG_ENTITY_ID"[NUMBER,22]
  32 - (#keys=0) "ORG_ROLES"."ROLE_ID"[NUMBER,22], "ORGS"."ORG_ENTITY_ID"[NUMBER,22]
  33 - (#keys=0) "ORG_ROLES"."ORG_ENTITY_ID"[NUMBER,22], "ORG_ROLES"."ROLE_ID"[NUMBER,22]
  34 - (#keys=0) "ACT"."ACTIVITY_ID"[NUMBER,22], "ORG_ROLES"."ORG_ENTITY_ID"[NUMBER,22], 
       "ORG_ROLES"."ROLE_ID"[NUMBER,22]
  35 - (#keys=0) "ACT"."ACTIVITY_ID"[NUMBER,22], "USR_ORG_ROLES"."ORG_ROLE_ID"[NUMBER,22]
  36 - (#keys=0) "USERS"."USER_ID"[NUMBER,22], "ACT"."ACTIVITY_ID"[NUMBER,22]
  37 - (#keys=2) "USERS"."USER_ID"[NUMBER,22]
  38 - (#keys=1) "PTYPE"."PARAMETER_TYPE_ID"[NUMBER,22], "USERS"."USER_ID"[NUMBER,22], 
       "PNAME"."PARAMETER_ID"[NUMBER,22]
  39 - (#keys=0) "USERS"."USER_ID"[NUMBER,22], "PTYPE"."PARAMETER_TYPE_ID"[NUMBER,22]
  40 - "USERS"."USER_ID"[NUMBER,22]
  41 - "USERS".ROWID[ROWID,10]
  42 - "PTYPE"."PARAMETER_TYPE_ID"[NUMBER,22]
  43 - "PNAME"."PARAMETER_ID"[NUMBER,22], "PNAME"."PARAMETER_TYPE_ID"[NUMBER,22]
  44 - "PVALUE"."PARAMETER_TYPE_ID"[NUMBER,22], "PVALUE"."PARAMETER_ID"[NUMBER,22]
  45 - (#keys=0) "ACT"."ACTIVITY_ID"[NUMBER,22]
  46 - "ACT"."ACTIVITY_ID"[NUMBER,22]
  47 - "ACT".ROWID[ROWID,10]
  48 - "USR_ORG_ROLES"."ORG_ROLE_ID"[NUMBER,22]
  49 - "USR_ORG_ROLES".ROWID[ROWID,10]
  50 - "ORG_ROLES"."ORG_ENTITY_ID"[NUMBER,22], "ORG_ROLES"."ROLE_ID"[NUMBER,22]
  52 - "ORGS"."ORG_ENTITY_ID"[NUMBER,22]
  53 - "ORGS".ROWID[ROWID,10], "ORGS"."ORG_ENTITY_ID"[NUMBER,22]
  55 - "FLOW_DOWN_ORGS"."ORG_ENTITY_ID"[NUMBER,22], "FLOW_DOWN_ORGS"."PARENT"[NUMBER,22]
  56 - "T"."ORG_ENTITY_ID"[NUMBER,22], ANY[22]
  57 - "PARENT_ORG_ENTITY_ID"[NUMBER,22], "T"."ORG_ENTITY_ID"[NUMBER,22], STRDEF[7], PRIOR NULL[22], ANY[22], 
       LEVEL[4]
  58 - (#keys=1) "T"."ORG_ENTITY_ID"[NUMBER,22], "TL"."ORG_ENTITY_ID"[NUMBER,22], "END_DATE"[DATE,7], 
       "PARENT_ORG_ENTITY_ID"[NUMBER,22], "TL"."LOCALE_ID"[NUMBER,22]
  59 - "T"."ORG_ENTITY_ID"[NUMBER,22], "PARENT_ORG_ENTITY_ID"[NUMBER,22], "END_DATE"[DATE,7]
  60 - "TL"."ORG_ENTITY_ID"[NUMBER,22], "TL"."LOCALE_ID"[NUMBER,22]
  63 - (#keys=0) 
  64 - (#keys=0) "ORG_ROLES"."ROLE_ID"[NUMBER,22]
  65 - (#keys=0) "ORG_ROLES"."ORG_ENTITY_ID"[NUMBER,22], "ORG_ROLES"."ROLE_ID"[NUMBER,22]
  66 - (#keys=0) "ACT"."ACTIVITY_ID"[NUMBER,22], "ORG_ROLES"."ORG_ENTITY_ID"[NUMBER,22], 
       "ORG_ROLES"."ROLE_ID"[NUMBER,22]
  67 - (#keys=0) "ACT"."ACTIVITY_ID"[NUMBER,22], "USR_ORG_ROLES"."ORG_ROLE_ID"[NUMBER,22]
  68 - (#keys=0) "USERS"."USER_ID"[NUMBER,22], "ACT"."ACTIVITY_ID"[NUMBER,22]
  69 - (#keys=2) "USERS"."USER_ID"[NUMBER,22]
  70 - (#keys=1) "PTYPE"."PARAMETER_TYPE_ID"[NUMBER,22], "USERS"."USER_ID"[NUMBER,22], 
       "PNAME"."PARAMETER_ID"[NUMBER,22]
  71 - (#keys=0) "USERS"."USER_ID"[NUMBER,22], "PTYPE"."PARAMETER_TYPE_ID"[NUMBER,22]
  72 - "USERS"."USER_ID"[NUMBER,22]
  73 - "USERS".ROWID[ROWID,10]
  74 - "PTYPE"."PARAMETER_TYPE_ID"[NUMBER,22]
  75 - "PNAME"."PARAMETER_ID"[NUMBER,22], "PNAME"."PARAMETER_TYPE_ID"[NUMBER,22]
  76 - "PVALUE"."PARAMETER_TYPE_ID"[NUMBER,22], "PVALUE"."PARAMETER_ID"[NUMBER,22]
  77 - (#keys=0) "ACT"."ACTIVITY_ID"[NUMBER,22]
  78 - "ACT"."ACTIVITY_ID"[NUMBER,22]
  79 - "ACT".ROWID[ROWID,10]
  80 - "USR_ORG_ROLES"."ORG_ROLE_ID"[NUMBER,22]
  81 - "USR_ORG_ROLES".ROWID[ROWID,10]
  82 - "ORG_ROLES"."ORG_ENTITY_ID"[NUMBER,22], "ORG_ROLES"."ROLE_ID"[NUMBER,22]
  85 - "ORGS".ROWID[ROWID,10]
  87 - (#keys=1) "ORGS"."ORG_ENTITY_ID"[NUMBER,22], "FLOW_DOWN_ORGS"."PARENT"[NUMBER,22], 
       "ACT"."ACTIVITY_NAME"[VARCHAR2,400], "FLOW_DOWN_ORGS"."ORG_ENTITY_ID"[NUMBER,22]
  88 - (#keys=0) "ORGS"."ORG_ENTITY_ID"[NUMBER,22], "ACT"."ACTIVITY_NAME"[VARCHAR2,400]
  89 - (#keys=0) "ORGS"."ORG_ENTITY_ID"[NUMBER,22], "ACT".ROWID[ROWID,10]
  90 - (#keys=0) "ORGS"."ORG_ENTITY_ID"[NUMBER,22], "ROLE_ACT"."ACTIVITY_ID"[NUMBER,22]
  91 - (#keys=2) "ORG_ROLES"."ROLE_ID"[NUMBER,22], "ORGS"."ORG_ENTITY_ID"[NUMBER,22]
  92 - (#keys=0) "PTYPE"."PARAMETER_TYPE_ID"[NUMBER,22], "PNAME"."PARAMETER_ID"[NUMBER,22], 
       "ORG_ROLES"."ROLE_ID"[NUMBER,22], "ORGS"."ORG_ENTITY_ID"[NUMBER,22]
  93 - (#keys=0) "PTYPE"."PARAMETER_TYPE_ID"[NUMBER,22], "PNAME"."PARAMETER_ID"[NUMBER,22], 
       "ORG_ROLES"."ROLE_ID"[NUMBER,22], "ORGS"."ORG_ENTITY_ID"[NUMBER,22]
  94 - (#keys=0) "PTYPE"."PARAMETER_TYPE_ID"[NUMBER,22], "PNAME"."PARAMETER_ID"[NUMBER,22], 
       "ORG_ROLES"."ORG_ENTITY_ID"[NUMBER,22], "ORG_ROLES"."ROLE_ID"[NUMBER,22]
  95 - (#keys=0) "PTYPE"."PARAMETER_TYPE_ID"[NUMBER,22], "PNAME"."PARAMETER_ID"[NUMBER,22], 
       "USR_ORG_ROLES"."ORG_ROLE_ID"[NUMBER,22]
  96 - (#keys=1) "PTYPE"."PARAMETER_TYPE_ID"[NUMBER,22], "USERS"."USER_ID"[NUMBER,22], 
       "PNAME"."PARAMETER_ID"[NUMBER,22]
  97 - (#keys=0) "USERS"."USER_ID"[NUMBER,22], "PTYPE"."PARAMETER_TYPE_ID"[NUMBER,22]
  98 - "USERS"."USER_ID"[NUMBER,22]
  99 - "USERS".ROWID[ROWID,10]
 100 - "PTYPE"."PARAMETER_TYPE_ID"[NUMBER,22]
 101 - "PNAME"."PARAMETER_ID"[NUMBER,22], "PNAME"."PARAMETER_TYPE_ID"[NUMBER,22]
 102 - "USR_ORG_ROLES"."ORG_ROLE_ID"[NUMBER,22]
 103 - "USR_ORG_ROLES".ROWID[ROWID,10]
 104 - "ORG_ROLES"."ORG_ENTITY_ID"[NUMBER,22], "ORG_ROLES"."ROLE_ID"[NUMBER,22]
 105 - "ORGS"."ORG_ENTITY_ID"[NUMBER,22]
 106 - "ORGS".ROWID[ROWID,10], "ORGS"."ORG_ENTITY_ID"[NUMBER,22]
 108 - "PVALUE"."PARAMETER_TYPE_ID"[NUMBER,22], "PVALUE"."PARAMETER_ID"[NUMBER,22]
 109 - "ROLE_ACT"."ACTIVITY_ID"[NUMBER,22]
 110 - "ACT".ROWID[ROWID,10]
 111 - "ACT"."ACTIVITY_NAME"[VARCHAR2,400]
 112 - "FLOW_DOWN_ORGS"."ORG_ENTITY_ID"[NUMBER,22], "FLOW_DOWN_ORGS"."PARENT"[NUMBER,22]
 113 - "T"."ORG_ENTITY_ID"[NUMBER,22], ANY[22]
 114 - "PARENT_ORG_ENTITY_ID"[NUMBER,22], "T"."ORG_ENTITY_ID"[NUMBER,22], STRDEF[7], PRIOR NULL[22], ANY[22], 
       LEVEL[4]
 115 - (#keys=1) "T"."ORG_ENTITY_ID"[NUMBER,22], "TL"."ORG_ENTITY_ID"[NUMBER,22], "END_DATE"[DATE,7], 
       "PARENT_ORG_ENTITY_ID"[NUMBER,22], "TL"."LOCALE_ID"[NUMBER,22]
 116 - "T"."ORG_ENTITY_ID"[NUMBER,22], "PARENT_ORG_ENTITY_ID"[NUMBER,22], "END_DATE"[DATE,7]
 117 - "TL"."ORG_ENTITY_ID"[NUMBER,22], "TL"."LOCALE_ID"[NUMBER,22]
										</code></pre>
								</section>
						</div>
					</div>

				<!-- Sidebar -->
				<div id="sidebar">
					<div class="inner">
						<!-- Menu -->
						<nav id="menu">
							<header class="major">
								<h2>Menu</h2>
							</header>
							<ul>
								<li><a href="../index.html">Module List</a></li>
								<li><a href="index.html">Summary</a></li>
								<li>
									<span class="opener">DB Analysis</span>
									<ul>
										<li><a href="bad-sql.html">Bad SQL</a></li>
										<li><a href="poor-sql.html">Poor SQL Plan</a></li>
										<li><a href="invalid-sql.html">Invalid SQL</a></li>
										<li><a href="full-sql.html">Full SQL Report</a></li>
										<li><a href="table-nil-key.html">Primary/Unique Key Miss</a></li>
										<li><a href="invalid-db-object.html">Invalid DB Objects</a></li>
									</ul>
								</li>
								<li>
									<span class="opener">Infolets</span>
									<ul>
										<li><a href="keep-history-infolets.html">Keep History Infolets</a></li>
									</ul>
								</li>
								<li>
									<span class="opener">Pushforms</span>
									<ul>
										<li><a href="pushform-denormalize.html">Pushform Denormalized</a></li>
									</ul>
								</li>
							</ul>
						</nav>

						<!-- Section -->
						<section>
							<header class="major">
								<h2>Get in touch</h2>
							</header>
							<p>You need more details on the report or want more functionality, don't hesitate to reach out to us.</p>
							<ul class="contact">
								<li class="fa-envelope-o"><a href="mailto:rnd@metricstream.com?Subject=Reg - Static Code Analysis Tool" target="_top">rnd@metricstream.com</a></li>
							</ul>
						</section>

						<!-- Footer -->
						<footer id="footer">
							<p class="copyright">&copy; <a href="http://www.metricstream.com" target="_blank">MetricStream</a>. All rights reserved. </p>
						</footer>
					</div>
				</div>
			</div>

		<!-- Scripts -->
			<script src="../../lib/assets/js/jquery.min.js"></script>
			<script src="../../lib/assets/js/skel.min.js"></script>
			<script src="../../lib/assets/js/util.js"></script>
			<!--[if lte IE 8]><script src="../../lib/assets/js/ie/respond.min.js"></script><![endif]-->
			<script src="../../lib/assets/js/main.js"></script>
	</body>
</html>