<!DOCTYPE HTML>
<html>
	<head>
		<title>Code Analysis - MetricStream</title>
		<meta charset="utf-8" />
		<meta name="viewport" content="width=device-width, initial-scale=1, user-scalable=no" />
		<!--[if lte IE 8]><script src="../../lib/assets/js/ie/html5shiv.js"></script><![endif]-->
		<link rel="stylesheet" href="../../lib/assets/css/main.css" />
		<!--[if lte IE 9]><link rel="stylesheet" href="../../lib/assets/css/ie9.css" /><![endif]-->
		<!--[if lte IE 8]><link rel="stylesheet" href="../../lib/assets/css/ie8.css" /><![endif]-->
	</head>
	<body>

		<!-- Wrapper -->
			<div id="wrapper">

				<!-- Main -->
					<div id="main">
						<div class="inner">
							<!-- Header -->
								<header id="header">
									<a href="index.html" class="logo"><strong>Static Code Analysis Report</strong> by Code Analyzer Tool</a>
								</header>

							<!-- Content -->
								<section>
									<!-- Content -->
										<header class="major"><h2>Infolet Details</h2></header>
										<div class="table-wrapper">
											<table>
												<tbody>
													<tr>
														<td><b>Name</b></td>
														<td>MS_ISM_ORB_Add_Organization (101332)</td>
													</tr>
													<tr>
														<td><b>SQL</b></td>
														<td><pre><code> SELECT null As Checkbox,
       a.org_entity_id as org_entity_id,a.org_entity_name as org_entity_name,a.description as description,a.parent_org_entity_id as
       parent_org_entity_id,a.org_level as org_level,null as additinal_column_4
 from SI_ORG_ENTITY_HIERARCHY_V a, si_org_entities b
       WHERE a.org_entity_id=b.org_entity_id
       AND SYSDATE BETWEEN b.start_date AND Nvl(b.end_date, SYSDATE)</code></pre></td>
													</tr>
													<tr>
														<td><b>Description</b></td>
														<td>This infolet is used to pull all active organizations from system to be associated with issue</td>
													</tr>
												</tbody>
											</table>
										</div>

										<h2 align="center" id="content">Analysis Report</h2>
										<hr>

<header class="major"><h2>Plan hash value: 1489983869</h2></header><pre><code>
 
---------------------------------------------------------------------------------------------------
| Id  | Operation             | Name                      | Rows  | Bytes | Cost (%CPU)| Time     |
---------------------------------------------------------------------------------------------------
|   0 | SELECT STATEMENT      |                           |     4 |   476 |    15   (0)| 00:00:01 |
|*  1 |  HASH JOIN            |                           |     4 |   476 |    15   (0)| 00:00:01 |
|*  2 |   HASH JOIN OUTER     |                           |     4 |   432 |    12   (0)| 00:00:01 |
|*  3 |    HASH JOIN          |                           |     4 |   320 |     9   (0)| 00:00:01 |
|*  4 |     HASH JOIN OUTER   |                           |     4 |    84 |     6   (0)| 00:00:01 |
<font style="background-color: lightblue; color: red">|*  5 |      TABLE ACCESS FULL| SI_ORG_ENTITIES_T         |     4 |    56 |     3   (0)| 00:00:01 |</font>
<font style="background-color: lightblue; color: red">|*  6 |      TABLE ACCESS FULL| SI_ORG_ENTITIES_TL        |     2 |    14 |     3   (0)| 00:00:01 |</font>
<font style="background-color: lightblue; color: red">|   7 |     TABLE ACCESS FULL | SI_ORG_ENTITIES_T         |    74 |  4366 |     3   (0)| 00:00:01 |</font>
<font style="background-color: lightblue; color: red">|*  8 |    TABLE ACCESS FULL  | SI_ORG_ENTITIES_TL        |     2 |    56 |     3   (0)| 00:00:01 |</font>
<font style="background-color: lightblue; color: red">|   9 |   TABLE ACCESS FULL   | SI_ORG_HIERARCHY_LEVELS_T |     9 |    99 |     3   (0)| 00:00:01 |</font>
---------------------------------------------------------------------------------------------------
 
</code></pre><header class="major"><h2>Query Block Name / Object Alias (identified by operation id):</h2></header><pre><code>
 
   1 - SEL$A3DC79E1
   5 - SEL$A3DC79E1 / T@SEL$5
   6 - SEL$A3DC79E1 / TL@SEL$5
   7 - SEL$A3DC79E1 / T@SEL$3
   8 - SEL$A3DC79E1 / TL@SEL$3
   9 - SEL$A3DC79E1 / SI_ORG_HIERARCHY_LEVELS_T@SEL$4
 
</code></pre><header class="major"><h2>Predicate Information (identified by operation id):</h2></header><pre><code>
 
   1 - access("T"."ENTERPRISE_ID"="ENTERPRISE_ID" AND 
              "ORG_HIERARCHY_ID"="ORG_HIERARCHY_ID")
   2 - access("T"."ORG_ENTITY_ID"="TL"."ORG_ENTITY_ID"(+))
   3 - access("T"."ORG_ENTITY_ID"="T"."ORG_ENTITY_ID")
   4 - access("T"."ORG_ENTITY_ID"="TL"."ORG_ENTITY_ID"(+))
   5 - filter(NVL("END_DATE",SYSDATE@!)>=SYSDATE@! AND "START_DATE"<=SYSDATE@!)
   6 - filter("TL"."LOCALE_ID"(+)=TO_NUMBER("SI_DB_LOCALE_SV"."GETVALUE"()))
   8 - filter("TL"."LOCALE_ID"(+)=TO_NUMBER("SI_DB_LOCALE_SV"."GETVALUE"()))
 
</code></pre><header class="major"><h2>Column Projection Information (identified by operation id):</h2></header><pre><code>
 
   1 - (#keys=2) "T"."ORG_ENTITY_ID"[NUMBER,22], "TL"."DESCRIPTION"[VARCHAR2,2000], 
       "PARENT_ORG_ENTITY_ID"[NUMBER,22], "T"."ORG_ENTITY_NAME"[VARCHAR2,400], 
       "T"."DESCRIPTION"[VARCHAR2,1000], "ORG_LEVEL"[NUMBER,22]
   2 - (#keys=1) "T"."ORG_ENTITY_ID"[NUMBER,22], "ORG_HIERARCHY_ID"[NUMBER,22], 
       "T"."ENTERPRISE_ID"[NUMBER,22], "PARENT_ORG_ENTITY_ID"[NUMBER,22], 
       "T"."ORG_ENTITY_NAME"[VARCHAR2,400], "T"."DESCRIPTION"[VARCHAR2,1000], 
       "TL"."DESCRIPTION"[VARCHAR2,2000]
   3 - (#keys=1) "T"."ORG_ENTITY_ID"[NUMBER,22], "T"."ENTERPRISE_ID"[NUMBER,22], 
       "PARENT_ORG_ENTITY_ID"[NUMBER,22], "T"."ORG_ENTITY_NAME"[VARCHAR2,400], 
       "T"."DESCRIPTION"[VARCHAR2,1000], "ORG_HIERARCHY_ID"[NUMBER,22]
   4 - (#keys=1) "T"."ORG_ENTITY_ID"[NUMBER,22]
   5 - "T"."ORG_ENTITY_ID"[NUMBER,22]
   6 - "TL"."ORG_ENTITY_ID"[NUMBER,22]
   7 - "T"."ENTERPRISE_ID"[NUMBER,22], "T"."ORG_ENTITY_ID"[NUMBER,22], 
       "T"."ORG_ENTITY_NAME"[VARCHAR2,400], "T"."DESCRIPTION"[VARCHAR2,1000], 
       "ORG_HIERARCHY_ID"[NUMBER,22], "PARENT_ORG_ENTITY_ID"[NUMBER,22]
   8 - "TL"."ORG_ENTITY_ID"[NUMBER,22], "TL"."DESCRIPTION"[VARCHAR2,2000]
   9 - "ENTERPRISE_ID"[NUMBER,22], "ORG_HIERARCHY_ID"[NUMBER,22], "ORG_LEVEL"[NUMBER,22]
										</code></pre>
								</section>
						</div>
					</div>

				<!-- Sidebar -->
				<div id="sidebar">
					<div class="inner">
						<!-- Menu -->
						<nav id="menu">
							<header class="major">
								<h2>Menu</h2>
							</header>
							<ul>
								<li><a href="../index.html">Module List</a></li>
								<li><a href="index.html">Summary</a></li>
								<li>
									<span class="opener">DB Analysis</span>
									<ul>
										<li><a href="bad-sql.html">Bad SQL</a></li>
										<li><a href="poor-sql.html">Poor SQL Plan</a></li>
										<li><a href="invalid-sql.html">Invalid SQL</a></li>
										<li><a href="full-sql.html">Full SQL Report</a></li>
										<li><a href="table-nil-key.html">Primary/Unique Key Miss</a></li>
										<li><a href="invalid-db-object.html">Invalid DB Objects</a></li>
									</ul>
								</li>
								<li>
									<span class="opener">Infolets</span>
									<ul>
										<li><a href="keep-history-infolets.html">Keep History Infolets</a></li>
									</ul>
								</li>
								<li>
									<span class="opener">Pushforms</span>
									<ul>
										<li><a href="pushform-denormalize.html">Pushform Denormalized</a></li>
									</ul>
								</li>
							</ul>
						</nav>

						<!-- Section -->
						<section>
							<header class="major">
								<h2>Get in touch</h2>
							</header>
							<p>You need more details on the report or want more functionality, don't hesitate to reach out to us.</p>
							<ul class="contact">
								<li class="fa-envelope-o"><a href="mailto:rnd@metricstream.com?Subject=Reg - Static Code Analysis Tool" target="_top">rnd@metricstream.com</a></li>
							</ul>
						</section>

						<!-- Footer -->
						<footer id="footer">
							<p class="copyright">&copy; <a href="http://www.metricstream.com" target="_blank">MetricStream</a>. All rights reserved. </p>
						</footer>
					</div>
				</div>
			</div>

		<!-- Scripts -->
			<script src="../../lib/assets/js/jquery.min.js"></script>
			<script src="../../lib/assets/js/skel.min.js"></script>
			<script src="../../lib/assets/js/util.js"></script>
			<!--[if lte IE 8]><script src="../../lib/assets/js/ie/respond.min.js"></script><![endif]-->
			<script src="../../lib/assets/js/main.js"></script>
	</body>
</html>