<!DOCTYPE HTML>
<html>
	<head>
		<title>Code Analysis - MetricStream</title>
		<meta charset="utf-8" />
		<meta name="viewport" content="width=device-width, initial-scale=1, user-scalable=no" />
		<!--[if lte IE 8]><script src="../../lib/assets/js/ie/html5shiv.js"></script><![endif]-->
		<link rel="stylesheet" href="../../lib/assets/css/main.css" />
		<!--[if lte IE 9]><link rel="stylesheet" href="../../lib/assets/css/ie9.css" /><![endif]-->
		<!--[if lte IE 8]><link rel="stylesheet" href="../../lib/assets/css/ie8.css" /><![endif]-->
	</head>
	<body>

		<!-- Wrapper -->
			<div id="wrapper">

				<!-- Main -->
					<div id="main">
						<div class="inner">
							<!-- Header -->
								<header id="header">
									<a href="index.html" class="logo"><strong>Static Code Analysis Report</strong> by Code Analyzer Tool</a>
								</header>

							<!-- Content -->
								<section>
									<!-- Content -->
										<header class="major"><h2>Infolet Details</h2></header>
										<div class="table-wrapper">
											<table>
												<tbody>
													<tr>
														<td><b>Name</b></td>
														<td>MS_ISM_DELEGATEE_ISSUE (101242)</td>
													</tr>
													<tr>
														<td><b>SQL</b></td>
														<td><pre><code>select User_Id, User_Name, User_Full_Name,
Ms_Grc_General_Utilities.get_user_locale_id(:2) as local_id
from(Select distinct User_Id, User_Name, User_Full_Name
  From SI_USER_FLOW_UP_ORG_ACT_VIEW
  Where parent =:1 AND User_Name <>:2
  and activity_Name = 'ISM - Issue Owner')
</code></pre></td>
													</tr>
													<tr>
														<td><b>Description</b></td>
														<td>null</td>
													</tr>
												</tbody>
											</table>
										</div>

										<h2 align="center" id="content">Analysis Report</h2>
										<hr>

<header class="major"><h2>Plan hash value: 555835727</h2></header><pre><code>
 
-----------------------------------------------------------------------------------------------------------------------
| Id  | Operation                                    | Name                   | Rows  | Bytes | Cost (%CPU)| Time     |
-----------------------------------------------------------------------------------------------------------------------
|   0 | SELECT STATEMENT                             |                        |     1 |   199 |    26   (4)| 00:00:01 |
|   1 |  VIEW                                        |                        |     1 |   199 |    26   (4)| 00:00:01 |
|   2 |   SORT UNIQUE                                |                        |     1 |   212 |    26   (4)| 00:00:01 |
|*  3 |    HASH JOIN                                 |                        |     1 |   212 |    25   (0)| 00:00:01 |
|   4 |     NESTED LOOPS                             |                        |     1 |   194 |    19   (0)| 00:00:01 |
|   5 |      NESTED LOOPS                            |                        |     1 |   194 |    19   (0)| 00:00:01 |
|   6 |       NESTED LOOPS                           |                        |     1 |   160 |    18   (0)| 00:00:01 |
|   7 |        NESTED LOOPS                          |                        |     1 |   150 |    17   (0)| 00:00:01 |
|   8 |         NESTED LOOPS                         |                        |     1 |   145 |    16   (0)| 00:00:01 |
|   9 |          NESTED LOOPS                        |                        |     1 |   139 |    15   (0)| 00:00:01 |
|  10 |           NESTED LOOPS                       |                        |     1 |   124 |    14   (0)| 00:00:01 |
<font style="background-color: lightblue; color: red">|  11 |            MERGE JOIN CARTESIAN              |                        |     1 |   114 |    12   (0)| 00:00:01 |</font>
|* 12 |             HASH JOIN                        |                        |     1 |    82 |    11   (0)| 00:00:01 |
|* 13 |              HASH JOIN                       |                        |     1 |    65 |     8   (0)| 00:00:01 |
<font style="background-color: lightblue; color: red">|* 14 |               TABLE ACCESS FULL              | MS_QS_PARAMETER_TYPES  |     1 |    32 |     3   (0)| 00:00:01 |</font>
<font style="background-color: lightblue; color: red">|* 15 |               TABLE ACCESS FULL              | MS_QS_PARAMETER_NAMES  |     3 |    99 |     5   (0)| 00:00:01 |</font>
<font style="background-color: lightblue; color: red">|* 16 |              TABLE ACCESS FULL               | MS_QS_PARAMETER_VALUES |   257 |  4369 |     3   (0)| 00:00:01 |</font>
|  17 |             BUFFER SORT                      |                        |     1 |    32 |     9   (0)| 00:00:01 |
|  18 |              TABLE ACCESS BY INDEX ROWID     | SI_ACTIVITIES_T        |     1 |    32 |     1   (0)| 00:00:01 |
|* 19 |               INDEX RANGE SCAN               | SI_ACTIVITIES_N2       |     1 |       |     1   (0)| 00:00:01 |
|* 20 |            INDEX FULL SCAN                   | SI_ROLE_ACTIVITIES_N2  |     3 |    30 |     2   (0)| 00:00:01 |
|  21 |           TABLE ACCESS BY INDEX ROWID        | SI_ORG_ROLES           |     1 |    15 |     1   (0)| 00:00:01 |
|* 22 |            INDEX RANGE SCAN                  | SI_ORG_ROLES_N2        |     1 |       |     1   (0)| 00:00:01 |
|* 23 |          TABLE ACCESS BY INDEX ROWID         | SI_ORG_ENTITIES_T      |     1 |     6 |     1   (0)| 00:00:01 |
|* 24 |           INDEX RANGE SCAN                   | SI_ORG_ENTITIES_N5     |     1 |       |     1   (0)| 00:00:01 |
|* 25 |         INDEX RANGE SCAN                     | SI_ROLES_N2            |     1 |     5 |     1   (0)| 00:00:01 |
|* 26 |        INDEX RANGE SCAN                      | SI_USER_ORG_ROLES_N2   |     2 |    20 |     1   (0)| 00:00:01 |
|* 27 |       INDEX UNIQUE SCAN                      | SI_USERS_T_N1          |     1 |       |     1   (0)| 00:00:01 |
|* 28 |      TABLE ACCESS BY INDEX ROWID             | SI_USERS_T             |     1 |    34 |     1   (0)| 00:00:01 |
|* 29 |     VIEW                                     | SI_FLOW_UP_ORGS_VIEW   |   148 |  2664 |     7  (15)| 00:00:01 |
|* 30 |      FILTER                                  |                        |       |       |            |          |
|* 31 |       CONNECT BY NO FILTERING WITH START-WITH|                        |       |       |            |          |
|* 32 |        HASH JOIN OUTER                       |                        |    74 |  1332 |     6   (0)| 00:00:01 |
<font style="background-color: lightblue; color: red">|  33 |         TABLE ACCESS FULL                    | SI_ORG_ENTITIES_T      |    74 |   814 |     3   (0)| 00:00:01 |</font>
<font style="background-color: lightblue; color: red">|* 34 |         TABLE ACCESS FULL                    | SI_ORG_ENTITIES_TL     |     2 |    14 |     3   (0)| 00:00:01 |</font>
-----------------------------------------------------------------------------------------------------------------------
 
</code></pre><header class="major"><h2>Query Block Name / Object Alias (identified by operation id):</h2></header><pre><code>
 
   1 - SEL$6C263C0F / from$_subquery$_001@SEL$1
   2 - SEL$6C263C0F
  14 - SEL$6C263C0F / PTYPE@SEL$11
  15 - SEL$6C263C0F / PNAME@SEL$11
  16 - SEL$6C263C0F / PVALUE@SEL$11
  18 - SEL$6C263C0F / ACT@SEL$11
  19 - SEL$6C263C0F / ACT@SEL$11
  20 - SEL$6C263C0F / ROLE_ACT@SEL$11
  21 - SEL$6C263C0F / ORG_ROLES@SEL$11
  22 - SEL$6C263C0F / ORG_ROLES@SEL$11
  23 - SEL$6C263C0F / ORGS@SEL$11
  24 - SEL$6C263C0F / ORGS@SEL$11
  25 - SEL$6C263C0F / ROLES@SEL$11
  26 - SEL$6C263C0F / USR_ORG_ROLES@SEL$11
  27 - SEL$6C263C0F / USERS@SEL$11
  28 - SEL$6C263C0F / USERS@SEL$11
  29 - SEL$4        / FLOW_UP_ORGS@SEL$3
  30 - SEL$4       
  32 - SEL$9765FB8D
  33 - SEL$9765FB8D / T@SEL$8
  34 - SEL$9765FB8D / TL@SEL$8
 
</code></pre><header class="major"><h2>Predicate Information (identified by operation id):</h2></header><pre><code>
 
   3 - access("ORGS"."ORG_ENTITY_ID"="FLOW_UP_ORGS"."ORG_ENTITY_ID")
  12 - access("PNAME"."PARAMETER_ID"="PVALUE"."PARAMETER_ID" AND 
              "PTYPE"."PARAMETER_TYPE_ID"="PVALUE"."PARAMETER_TYPE_ID")
  13 - access("PTYPE"."PARAMETER_TYPE_ID"="PNAME"."PARAMETER_TYPE_ID")
  14 - filter(UPPER("PTYPE"."PARAMETER_TYPE")='MS APPS USER NAME DISPLAY FORMAT')
  15 - filter(UPPER("PNAME"."PARAMETER_NAME")='DISPLAY_FORMAT')
  16 - filter("PVALUE"."ORG_ENTITY_ID"=1)
  19 - access("ACT"."ACTIVITY_NAME"='ISM - Issue Owner')
  20 - access("ROLE_ACT"."ACTIVITY_ID"="ACT"."ACTIVITY_ID")
       filter("ROLE_ACT"."ACTIVITY_ID"="ACT"."ACTIVITY_ID")
  22 - access("ROLE_ACT"."ROLE_ID"="ORG_ROLES"."ROLE_ID")
  23 - filter(NVL("ORGS"."END_DATE",SYSDATE@!)>=SYSDATE@!)
  24 - access("ORGS"."ORG_ENTITY_ID"="ORG_ROLES"."ORG_ENTITY_ID")
  25 - access("ROLES"."ROLE_ID"="ORG_ROLES"."ROLE_ID")
  26 - access("USR_ORG_ROLES"."ORG_ROLE_ID"="ORG_ROLES"."ORG_ROLE_ID")
  27 - access("USERS"."USER_ID"="USR_ORG_ROLES"."USER_ID")
  28 - filter(NVL("USERS"."END_DATE",SYSDATE@!)>=SYSDATE@! AND "USERS"."USER_NAME"<>:2)
  29 - filter("FLOW_UP_ORGS"."PARENT"=TO_NUMBER(:1))
  30 - filter(NVL("END_DATE",SYSDATE@!)>=SYSDATE@!)
  31 - access("T"."ORG_ENTITY_ID"=PRIOR "PARENT_ORG_ENTITY_ID")
       filter("T"."ORG_ENTITY_ID"="T"."ORG_ENTITY_ID")
  32 - access("T"."ORG_ENTITY_ID"="TL"."ORG_ENTITY_ID"(+))
  34 - filter("TL"."LOCALE_ID"(+)=TO_NUMBER("SI_DB_LOCALE_SV"."GETVALUE"()))
 
</code></pre><header class="major"><h2>Column Projection Information (identified by operation id):</h2></header><pre><code>
 
   1 - "USER_ID"[NUMBER,22], "USER_NAME"[VARCHAR2,80], "USER_FULL_NAME"[VARCHAR2,285]
   2 - (#keys=3) "USERS"."USER_ID"[NUMBER,22], "USERS"."USER_NAME"[VARCHAR2,80], CASE 
       "PVALUE"."PARAMETER_VALUE" WHEN '2' THEN "USERS"."LAST_NAME"||' '||"USERS"."FIRST_NAME" WHEN '3' THEN 
       "USERS"."LAST_NAME"||','||' '||"USERS"."FIRST_NAME"||' '||'('||"USERS"."USER_NAME"||')' WHEN '1' THEN 
       "USERS"."FIRST_NAME"||' '||"USERS"."LAST_NAME" WHEN '4' THEN "USERS"."FIRST_NAME"||','||' 
       '||"USERS"."LAST_NAME"||' '||'('||"USERS"."USER_NAME"||')' ELSE "USERS"."LAST_NAME"||' '||"USERS"."FIRST_NAME" 
       END [285]
   3 - (#keys=1) "PVALUE"."PARAMETER_VALUE"[VARCHAR2,400], "USERS"."USER_ID"[NUMBER,22], 
       "USERS"."LAST_NAME"[VARCHAR2,100], "USERS"."FIRST_NAME"[VARCHAR2,100], "USERS"."USER_NAME"[VARCHAR2,80]
   4 - (#keys=0) "PVALUE"."PARAMETER_VALUE"[VARCHAR2,400], "ORGS"."ORG_ENTITY_ID"[NUMBER,22], 
       "USERS"."USER_ID"[NUMBER,22], "USERS"."LAST_NAME"[VARCHAR2,100], "USERS"."FIRST_NAME"[VARCHAR2,100], 
       "USERS"."USER_NAME"[VARCHAR2,80]
   5 - (#keys=0) "PVALUE"."PARAMETER_VALUE"[VARCHAR2,400], "ORGS"."ORG_ENTITY_ID"[NUMBER,22], 
       "USERS".ROWID[ROWID,10], "USERS"."USER_ID"[NUMBER,22]
   6 - (#keys=0) "PVALUE"."PARAMETER_VALUE"[VARCHAR2,400], "ORGS"."ORG_ENTITY_ID"[NUMBER,22], 
       "USR_ORG_ROLES"."USER_ID"[NUMBER,22]
   7 - (#keys=0) "PVALUE"."PARAMETER_VALUE"[VARCHAR2,400], "ORG_ROLES"."ORG_ROLE_ID"[NUMBER,22], 
       "ORGS"."ORG_ENTITY_ID"[NUMBER,22]
   8 - (#keys=0) "PVALUE"."PARAMETER_VALUE"[VARCHAR2,400], "ORG_ROLES"."ORG_ROLE_ID"[NUMBER,22], 
       "ORG_ROLES"."ROLE_ID"[NUMBER,22], "ORGS"."ORG_ENTITY_ID"[NUMBER,22]
   9 - (#keys=0) "PVALUE"."PARAMETER_VALUE"[VARCHAR2,400], "ORG_ROLES"."ORG_ROLE_ID"[NUMBER,22], 
       "ORG_ROLES"."ORG_ENTITY_ID"[NUMBER,22], "ORG_ROLES"."ROLE_ID"[NUMBER,22]
  10 - (#keys=0) "PVALUE"."PARAMETER_VALUE"[VARCHAR2,400], "ROLE_ACT"."ROLE_ID"[NUMBER,22]
  11 - (#keys=0) "PVALUE"."PARAMETER_VALUE"[VARCHAR2,400], "ACT"."ACTIVITY_ID"[NUMBER,22]
  12 - (#keys=2) "PVALUE"."PARAMETER_VALUE"[VARCHAR2,400]
  13 - (#keys=1) "PTYPE"."PARAMETER_TYPE_ID"[NUMBER,22], "PNAME"."PARAMETER_ID"[NUMBER,22]
  14 - "PTYPE"."PARAMETER_TYPE_ID"[NUMBER,22]
  15 - "PNAME"."PARAMETER_ID"[NUMBER,22], "PNAME"."PARAMETER_TYPE_ID"[NUMBER,22]
  16 - "PVALUE"."PARAMETER_TYPE_ID"[NUMBER,22], "PVALUE"."PARAMETER_ID"[NUMBER,22], 
       "PVALUE"."PARAMETER_VALUE"[VARCHAR2,400]
  17 - (#keys=0) "ACT"."ACTIVITY_ID"[NUMBER,22]
  18 - "ACT"."ACTIVITY_ID"[NUMBER,22]
  19 - "ACT".ROWID[ROWID,10]
  20 - "ROLE_ACT"."ROLE_ID"[NUMBER,22]
  21 - "ORG_ROLES"."ORG_ROLE_ID"[NUMBER,22], "ORG_ROLES"."ORG_ENTITY_ID"[NUMBER,22], 
       "ORG_ROLES"."ROLE_ID"[NUMBER,22]
  22 - "ORG_ROLES".ROWID[ROWID,10], "ORG_ROLES"."ROLE_ID"[NUMBER,22]
  23 - "ORGS"."ORG_ENTITY_ID"[NUMBER,22]
  24 - "ORGS".ROWID[ROWID,10], "ORGS"."ORG_ENTITY_ID"[NUMBER,22]
  26 - "USR_ORG_ROLES"."USER_ID"[NUMBER,22]
  27 - "USERS".ROWID[ROWID,10], "USERS"."USER_ID"[NUMBER,22]
  28 - "USERS"."LAST_NAME"[VARCHAR2,100], "USERS"."FIRST_NAME"[VARCHAR2,100], "USERS"."USER_NAME"[VARCHAR2,80]
  29 - "FLOW_UP_ORGS"."ORG_ENTITY_ID"[NUMBER,22], "FLOW_UP_ORGS"."PARENT"[NUMBER,22]
  30 - "T"."ORG_ENTITY_ID"[NUMBER,22], ANY[22]
  31 - "T"."ORG_ENTITY_ID"[NUMBER,22], "PARENT_ORG_ENTITY_ID"[NUMBER,22], STRDEF[7], PRIOR NULL[22], ANY[22], 
       LEVEL[4]
  32 - (#keys=1) "T"."ORG_ENTITY_ID"[NUMBER,22], "TL"."ORG_ENTITY_ID"[NUMBER,22], "END_DATE"[DATE,7], 
       "PARENT_ORG_ENTITY_ID"[NUMBER,22], "TL"."LOCALE_ID"[NUMBER,22]
  33 - "T"."ORG_ENTITY_ID"[NUMBER,22], "PARENT_ORG_ENTITY_ID"[NUMBER,22], "END_DATE"[DATE,7]
  34 - "TL"."ORG_ENTITY_ID"[NUMBER,22], "TL"."LOCALE_ID"[NUMBER,22]
										</code></pre>
								</section>
						</div>
					</div>

				<!-- Sidebar -->
				<div id="sidebar">
					<div class="inner">
						<!-- Menu -->
						<nav id="menu">
							<header class="major">
								<h2>Menu</h2>
							</header>
							<ul>
								<li><a href="../index.html">Module List</a></li>
								<li><a href="index.html">Summary</a></li>
								<li>
									<span class="opener">DB Analysis</span>
									<ul>
										<li><a href="bad-sql.html">Bad SQL</a></li>
										<li><a href="poor-sql.html">Poor SQL Plan</a></li>
										<li><a href="invalid-sql.html">Invalid SQL</a></li>
										<li><a href="full-sql.html">Full SQL Report</a></li>
										<li><a href="table-nil-key.html">Primary/Unique Key Miss</a></li>
										<li><a href="invalid-db-object.html">Invalid DB Objects</a></li>
									</ul>
								</li>
								<li>
									<span class="opener">Infolets</span>
									<ul>
										<li><a href="keep-history-infolets.html">Keep History Infolets</a></li>
									</ul>
								</li>
								<li>
									<span class="opener">Pushforms</span>
									<ul>
										<li><a href="pushform-denormalize.html">Pushform Denormalized</a></li>
									</ul>
								</li>
							</ul>
						</nav>

						<!-- Section -->
						<section>
							<header class="major">
								<h2>Get in touch</h2>
							</header>
							<p>You need more details on the report or want more functionality, don't hesitate to reach out to us.</p>
							<ul class="contact">
								<li class="fa-envelope-o"><a href="mailto:rnd@metricstream.com?Subject=Reg - Static Code Analysis Tool" target="_top">rnd@metricstream.com</a></li>
							</ul>
						</section>

						<!-- Footer -->
						<footer id="footer">
							<p class="copyright">&copy; <a href="http://www.metricstream.com" target="_blank">MetricStream</a>. All rights reserved. </p>
						</footer>
					</div>
				</div>
			</div>

		<!-- Scripts -->
			<script src="../../lib/assets/js/jquery.min.js"></script>
			<script src="../../lib/assets/js/skel.min.js"></script>
			<script src="../../lib/assets/js/util.js"></script>
			<!--[if lte IE 8]><script src="../../lib/assets/js/ie/respond.min.js"></script><![endif]-->
			<script src="../../lib/assets/js/main.js"></script>
	</body>
</html>