<!DOCTYPE HTML>
<html>
	<head>
		<title>Code Analysis - MetricStream</title>
		<meta charset="utf-8" />
		<meta name="viewport" content="width=device-width, initial-scale=1, user-scalable=no" />
		<!--[if lte IE 8]><script src="../../lib/assets/js/ie/html5shiv.js"></script><![endif]-->
		<link rel="stylesheet" href="../../lib/assets/css/main.css" />
		<!--[if lte IE 9]><link rel="stylesheet" href="../../lib/assets/css/ie9.css" /><![endif]-->
		<!--[if lte IE 8]><link rel="stylesheet" href="../../lib/assets/css/ie8.css" /><![endif]-->
	</head>
	<body>

		<!-- Wrapper -->
			<div id="wrapper">

				<!-- Main -->
					<div id="main">
						<div class="inner">
							<!-- Header -->
								<header id="header">
									<a href="index.html" class="logo"><strong>Static Code Analysis Report</strong> by Code Analyzer Tool</a>
								</header>

							<!-- Content -->
								<section>
									<!-- Content -->
										<header class="major"><h2>Infolet Details</h2></header>
										<div class="table-wrapper">
											<table>
												<tbody>
													<tr>
														<td><b>Name</b></td>
														<td>MS_ISM_Source_Types_DO (101359)</td>
													</tr>
													<tr>
														<td><b>SQL</b></td>
														<td><pre><code>select source_do_name,module_name,locale_id,SOURCE_ID  from ms_ism_source_setup_tl_v
where source_id = :1</code></pre></td>
													</tr>
													<tr>
														<td><b>Description</b></td>
														<td>This infolet used as push  infolet  Column input of Issue form</td>
													</tr>
												</tbody>
											</table>
										</div>

										<h2 align="center" id="content">Analysis Report</h2>
										<hr>

<header class="major"><h2>Plan hash value: 3515220047</h2></header><pre><code>
 
---------------------------------------------------------------------------------------------------------
| Id  | Operation                      | Name                   | Rows  | Bytes | Cost (%CPU)| Time     |
---------------------------------------------------------------------------------------------------------
|   0 | SELECT STATEMENT               |                        |     1 |   367 |     6   (0)| 00:00:01 |
|*  1 |  HASH JOIN OUTER               |                        |     1 |   367 |     6   (0)| 00:00:01 |
|   2 |   VIEW                         |                        |     1 |   239 |     4   (0)| 00:00:01 |
|   3 |    NESTED LOOPS                |                        |     1 |    42 |     4   (0)| 00:00:01 |
|   4 |     TABLE ACCESS BY INDEX ROWID| MS_ISM_SOURCE_SETUP    |     1 |    36 |     1   (0)| 00:00:01 |
|*  5 |      INDEX UNIQUE SCAN         | SYS_C0011908           |     1 |       |     1   (0)| 00:00:01 |
<font style="background-color: lightblue; color: red">|*  6 |     TABLE ACCESS FULL          | SI_LOCALES             |     1 |     6 |     3   (0)| 00:00:01 |</font>
<font style="background-color: lightblue; color: red">|   7 |   TABLE ACCESS FULL            | MS_ISM_SOURCE_SETUP_TL |     1 |   128 |     2   (0)| 00:00:01 |</font>
---------------------------------------------------------------------------------------------------------
 
</code></pre><header class="major"><h2>Query Block Name / Object Alias (identified by operation id):</h2></header><pre><code>
 
   1 - SEL$F5BB74E1
   2 - SEL$07BDC5B4 / T@SEL$2
   3 - SEL$07BDC5B4
   4 - SEL$07BDC5B4 / A@SEL$3
   5 - SEL$07BDC5B4 / A@SEL$3
   6 - SEL$07BDC5B4 / SI_LOCALES@SEL$4
   7 - SEL$F5BB74E1 / TL@SEL$2
 
</code></pre><header class="major"><h2>Predicate Information (identified by operation id):</h2></header><pre><code>
 
   1 - access("TL"."SOURCE_TL_ID"(+)=TO_NUMBER("T"."SOURCE_ID") AND 
              "T"."LOCALE_ID"="TL"."LOCALE_ID"(+))
   5 - access("A"."SOURCE_ID"=:1)
   6 - filter("ENABLED_FLAG"='Y')
 
</code></pre><header class="major"><h2>Column Projection Information (identified by operation id):</h2></header><pre><code>
 
   1 - (#keys=2) "T"."LOCALE_ID"[NUMBER,22], "T"."MODULE_NAME"[VARCHAR2,200], 
       "T"."SOURCE_ID"[VARCHAR2,40], "T"."SOURCE_DO_NAME"[VARCHAR2,200], 
       "TL"."MODULE_NAME"[VARCHAR2,200]
   2 - "T"."MODULE_NAME"[VARCHAR2,200], "T"."SOURCE_ID"[VARCHAR2,40], 
       "T"."SOURCE_DO_NAME"[VARCHAR2,200], "T"."LOCALE_ID"[NUMBER,22]
   3 - (#keys=0) "A"."MODULE_NAME"[VARCHAR2,200], "A"."SOURCE_ID"[VARCHAR2,40], 
       "A"."SOURCE_DO_NAME"[VARCHAR2,200], "LOCALE_ID"[NUMBER,22]
   4 - "A"."MODULE_NAME"[VARCHAR2,200], "A"."SOURCE_ID"[VARCHAR2,40], 
       "A"."SOURCE_DO_NAME"[VARCHAR2,200]
   5 - "A".ROWID[ROWID,10], "A"."SOURCE_ID"[VARCHAR2,40]
   6 - "LOCALE_ID"[NUMBER,22]
   7 - "TL"."SOURCE_TL_ID"[NUMBER,22], "TL"."MODULE_NAME"[VARCHAR2,200], 
       "TL"."LOCALE_ID"[NUMBER,22]
										</code></pre>
								</section>
						</div>
					</div>

				<!-- Sidebar -->
				<div id="sidebar">
					<div class="inner">
						<!-- Menu -->
						<nav id="menu">
							<header class="major">
								<h2>Menu</h2>
							</header>
							<ul>
								<li><a href="../index.html">Module List</a></li>
								<li><a href="index.html">Summary</a></li>
								<li>
									<span class="opener">DB Analysis</span>
									<ul>
										<li><a href="bad-sql.html">Bad SQL</a></li>
										<li><a href="poor-sql.html">Poor SQL Plan</a></li>
										<li><a href="invalid-sql.html">Invalid SQL</a></li>
										<li><a href="full-sql.html">Full SQL Report</a></li>
										<li><a href="table-nil-key.html">Primary/Unique Key Miss</a></li>
										<li><a href="invalid-db-object.html">Invalid DB Objects</a></li>
									</ul>
								</li>
								<li>
									<span class="opener">Infolets</span>
									<ul>
										<li><a href="keep-history-infolets.html">Keep History Infolets</a></li>
									</ul>
								</li>
								<li>
									<span class="opener">Pushforms</span>
									<ul>
										<li><a href="pushform-denormalize.html">Pushform Denormalized</a></li>
									</ul>
								</li>
							</ul>
						</nav>

						<!-- Section -->
						<section>
							<header class="major">
								<h2>Get in touch</h2>
							</header>
							<p>You need more details on the report or want more functionality, don't hesitate to reach out to us.</p>
							<ul class="contact">
								<li class="fa-envelope-o"><a href="mailto:rnd@metricstream.com?Subject=Reg - Static Code Analysis Tool" target="_top">rnd@metricstream.com</a></li>
							</ul>
						</section>

						<!-- Footer -->
						<footer id="footer">
							<p class="copyright">&copy; <a href="http://www.metricstream.com" target="_blank">MetricStream</a>. All rights reserved. </p>
						</footer>
					</div>
				</div>
			</div>

		<!-- Scripts -->
			<script src="../../lib/assets/js/jquery.min.js"></script>
			<script src="../../lib/assets/js/skel.min.js"></script>
			<script src="../../lib/assets/js/util.js"></script>
			<!--[if lte IE 8]><script src="../../lib/assets/js/ie/respond.min.js"></script><![endif]-->
			<script src="../../lib/assets/js/main.js"></script>
	</body>
</html>