<!DOCTYPE HTML>
<html>
	<head>
		<title>Code Analysis - MetricStream</title>
		<meta charset="utf-8" />
		<meta name="viewport" content="width=device-width, initial-scale=1, user-scalable=no" />
		<!--[if lte IE 8]><script src="../../lib/assets/js/ie/html5shiv.js"></script><![endif]-->
		<link rel="stylesheet" href="../../lib/assets/css/main.css" />
		<!--[if lte IE 9]><link rel="stylesheet" href="../../lib/assets/css/ie9.css" /><![endif]-->
		<!--[if lte IE 8]><link rel="stylesheet" href="../../lib/assets/css/ie8.css" /><![endif]-->
	</head>
	<body>

		<!-- Wrapper -->
			<div id="wrapper">

				<!-- Main -->
					<div id="main">
						<div class="inner">
							<!-- Header -->
								<header id="header">
									<a href="index.html" class="logo"><strong>Static Code Analysis Report</strong> by Code Analyzer Tool</a>
								</header>

							<!-- Content -->
								<section>
									<!-- Content -->
										<header class="major"><h2>Infolet Details</h2></header>
										<div class="table-wrapper">
											<table>
												<tbody>
													<tr>
														<td><b>Name</b></td>
														<td>MS_ISM_ACTIONS (101193)</td>
													</tr>
													<tr>
														<td><b>SQL</b></td>
														<td><pre><code>select  distinct(a.action_id)
        ,d.action_name as action
     from MS_ISM_STAGE_ACTION_MAPPING a
        ,MS_ISM_STAGES b
        ,MS_ISM_STAGES c
        ,MS_ISM_ACTIONS d
   where A.STAGE_TYPE = B.STAGE_TYPE
     and a.previous_stage = B.STAGE_ID
     AND A.STAGE_TYPE = C.STAGE_TYPE
     AND A.CURRENT_STAGE = C.STAGE_ID
     and A.STAGE_TYPE = D.STAGE_TYPE
     and A.ACTION_ID = D.ACTION_ID
     and A.ACTIVE ='Y'
     AND B.ACTIVE = 'Y'
     AND D.ACTIVE = 'Y'</code></pre></td>
													</tr>
													<tr>
														<td><b>Description</b></td>
														<td>This infolet is pushform infolet</td>
													</tr>
												</tbody>
											</table>
										</div>

										<h2 align="center" id="content">Analysis Report</h2>
										<hr>

<header class="major"><h2>Plan hash value: 3799803367</h2></header><pre><code>
 
-----------------------------------------------------------------------------------------------------
| Id  | Operation             | Name                        | Rows  | Bytes | Cost (%CPU)| Time     |
-----------------------------------------------------------------------------------------------------
|   0 | SELECT STATEMENT      |                             |   133 |  7315 |    13   (8)| 00:00:01 |
|   1 |  SORT UNIQUE          |                             |   133 |  7315 |    13   (8)| 00:00:01 |
|*  2 |   HASH JOIN           |                             |   133 |  7315 |    12   (0)| 00:00:01 |
|*  3 |    HASH JOIN          |                             |   133 |  3724 |     9   (0)| 00:00:01 |
|*  4 |     HASH JOIN         |                             |   133 |  2926 |     6   (0)| 00:00:01 |
<font style="background-color: lightblue; color: red">|*  5 |      TABLE ACCESS FULL| MS_ISM_STAGES               |    23 |   184 |     3   (0)| 00:00:01 |</font>
<font style="background-color: lightblue; color: red">|*  6 |      TABLE ACCESS FULL| MS_ISM_STAGE_ACTION_MAPPING |   133 |  1862 |     3   (0)| 00:00:01 |</font>
<font style="background-color: lightblue; color: red">|   7 |     TABLE ACCESS FULL | MS_ISM_STAGES               |    23 |   138 |     3   (0)| 00:00:01 |</font>
<font style="background-color: lightblue; color: red">|*  8 |    TABLE ACCESS FULL  | MS_ISM_ACTIONS              |    44 |  1188 |     3   (0)| 00:00:01 |</font>
-----------------------------------------------------------------------------------------------------
 
</code></pre><header class="major"><h2>Query Block Name / Object Alias (identified by operation id):</h2></header><pre><code>
 
   1 - SEL$1
   5 - SEL$1 / B@SEL$1
   6 - SEL$1 / A@SEL$1
   7 - SEL$1 / C@SEL$1
   8 - SEL$1 / D@SEL$1
 
</code></pre><header class="major"><h2>Predicate Information (identified by operation id):</h2></header><pre><code>
 
   2 - access("A"."STAGE_TYPE"="D"."STAGE_TYPE" AND "A"."ACTION_ID"="D"."ACTION_ID")
   3 - access("A"."STAGE_TYPE"="C"."STAGE_TYPE" AND "A"."CURRENT_STAGE"="C"."STAGE_ID")
   4 - access("A"."STAGE_TYPE"="B"."STAGE_TYPE" AND "A"."PREVIOUS_STAGE"="B"."STAGE_ID")
   5 - filter("B"."ACTIVE"='Y')
   6 - filter("A"."ACTIVE"='Y')
   8 - filter("D"."ACTIVE"='Y')
 
</code></pre><header class="major"><h2>Column Projection Information (identified by operation id):</h2></header><pre><code>
 
   1 - (#keys=2) "A"."ACTION_ID"[NUMBER,22], "D"."ACTION_NAME"[VARCHAR2,140]
   2 - (#keys=2) "A"."ACTION_ID"[NUMBER,22], "D"."ACTION_NAME"[VARCHAR2,140]
   3 - (#keys=2) "A"."STAGE_TYPE"[NUMBER,22], "A"."ACTION_ID"[NUMBER,22]
   4 - (#keys=2) "A"."STAGE_TYPE"[NUMBER,22], "A"."ACTION_ID"[NUMBER,22], 
       "A"."CURRENT_STAGE"[NUMBER,22]
   5 - "B"."STAGE_TYPE"[NUMBER,22], "B"."STAGE_ID"[NUMBER,22]
   6 - "A"."STAGE_TYPE"[NUMBER,22], "A"."PREVIOUS_STAGE"[NUMBER,22], 
       "A"."CURRENT_STAGE"[NUMBER,22], "A"."ACTION_ID"[NUMBER,22]
   7 - "C"."STAGE_TYPE"[NUMBER,22], "C"."STAGE_ID"[NUMBER,22]
   8 - "D"."STAGE_TYPE"[NUMBER,22], "D"."ACTION_ID"[NUMBER,22], 
       "D"."ACTION_NAME"[VARCHAR2,140]
										</code></pre>
								</section>
						</div>
					</div>

				<!-- Sidebar -->
				<div id="sidebar">
					<div class="inner">
						<!-- Menu -->
						<nav id="menu">
							<header class="major">
								<h2>Menu</h2>
							</header>
							<ul>
								<li><a href="../index.html">Module List</a></li>
								<li><a href="index.html">Summary</a></li>
								<li>
									<span class="opener">DB Analysis</span>
									<ul>
										<li><a href="bad-sql.html">Bad SQL</a></li>
										<li><a href="poor-sql.html">Poor SQL Plan</a></li>
										<li><a href="invalid-sql.html">Invalid SQL</a></li>
										<li><a href="full-sql.html">Full SQL Report</a></li>
										<li><a href="table-nil-key.html">Primary/Unique Key Miss</a></li>
										<li><a href="invalid-db-object.html">Invalid DB Objects</a></li>
									</ul>
								</li>
								<li>
									<span class="opener">Infolets</span>
									<ul>
										<li><a href="keep-history-infolets.html">Keep History Infolets</a></li>
									</ul>
								</li>
								<li>
									<span class="opener">Pushforms</span>
									<ul>
										<li><a href="pushform-denormalize.html">Pushform Denormalized</a></li>
									</ul>
								</li>
							</ul>
						</nav>

						<!-- Section -->
						<section>
							<header class="major">
								<h2>Get in touch</h2>
							</header>
							<p>You need more details on the report or want more functionality, don't hesitate to reach out to us.</p>
							<ul class="contact">
								<li class="fa-envelope-o"><a href="mailto:rnd@metricstream.com?Subject=Reg - Static Code Analysis Tool" target="_top">rnd@metricstream.com</a></li>
							</ul>
						</section>

						<!-- Footer -->
						<footer id="footer">
							<p class="copyright">&copy; <a href="http://www.metricstream.com" target="_blank">MetricStream</a>. All rights reserved. </p>
						</footer>
					</div>
				</div>
			</div>

		<!-- Scripts -->
			<script src="../../lib/assets/js/jquery.min.js"></script>
			<script src="../../lib/assets/js/skel.min.js"></script>
			<script src="../../lib/assets/js/util.js"></script>
			<!--[if lte IE 8]><script src="../../lib/assets/js/ie/respond.min.js"></script><![endif]-->
			<script src="../../lib/assets/js/main.js"></script>
	</body>
</html>