<!DOCTYPE HTML>
<html>
	<head>
		<title>Code Analysis - MetricStream</title>
		<meta charset="utf-8" />
		<meta name="viewport" content="width=device-width, initial-scale=1, user-scalable=no" />
		<!--[if lte IE 8]><script src="../../lib/assets/js/ie/html5shiv.js"></script><![endif]-->
		<link rel="stylesheet" href="../../lib/assets/css/main.css" />
		<!--[if lte IE 9]><link rel="stylesheet" href="../../lib/assets/css/ie9.css" /><![endif]-->
		<!--[if lte IE 8]><link rel="stylesheet" href="../../lib/assets/css/ie8.css" /><![endif]-->
	</head>
	<body>

		<!-- Wrapper -->
			<div id="wrapper">

				<!-- Main -->
					<div id="main">
						<div class="inner">
							<!-- Header -->
								<header id="header">
									<a href="index.html" class="logo"><strong>Static Code Analysis Report</strong> by Code Analyzer Tool</a>
								</header>

							<!-- Content -->
								<section>
									<!-- Content -->
										<header class="major"><h2>Infolet Details</h2></header>
										<div class="table-wrapper">
											<table>
												<tbody>
													<tr>
														<td><b>Name</b></td>
														<td>MS_ISM_ISSUE_ACTIONS (101282)</td>
													</tr>
													<tr>
														<td><b>SQL</b></td>
														<td><pre><code>select a.action_id 
        ,d.action_name as action
    from MS_ISM_STAGE_ACTION_MAPPING a
        ,MS_ISM_STAGES b
        ,MS_ISM_STAGES c
        ,MS_ISM_ACTIONS d
   where A.STAGE_TYPE = B.STAGE_TYPE
     and a.previous_stage = B.STAGE_ID
     AND A.STAGE_TYPE = C.STAGE_TYPE
     AND A.CURRENT_STAGE = C.STAGE_ID
     and A.STAGE_TYPE = D.STAGE_TYPE
     and A.ACTION_ID = D.ACTION_ID
     and A.ACTIVE ='Y'
     AND B.ACTIVE = 'Y'
     AND D.ACTIVE = 'Y'
     AND a.stage_type = 1 -- For Issue
     and a.current_stage = nvl(:1,1)
     and A.PREVIOUS_STAGE =  nvl(:2,0)
    and a.role_activity in (SELECT activity_name
                            FROM ms_qms_flow_down_org_v fdo
                            Where user_name = nvl(:3,user_name )
                             And activity_name like 'ISM%')</code></pre></td>
													</tr>
													<tr>
														<td><b>Description</b></td>
														<td>This infolet used in Get action based on roles report</td>
													</tr>
												</tbody>
											</table>
										</div>

										<h2 align="center" id="content">Analysis Report</h2>
										<hr>

<header class="major"><h2>Plan hash value: 1757133245</h2></header><pre><code>
 
-----------------------------------------------------------------------------------------------------------------------------------
| Id  | Operation                                           | Name                        | Rows  | Bytes | Cost (%CPU)| Time     |
-----------------------------------------------------------------------------------------------------------------------------------
|   0 | SELECT STATEMENT                                    |                             |     1 |   277 |    84   (3)| 00:00:02 |
|*  1 |  HASH JOIN SEMI                                     |                             |     1 |   277 |    84   (3)| 00:00:02 |
|   2 |   NESTED LOOPS                                      |                             |     1 |    75 |     4   (0)| 00:00:01 |
|   3 |    NESTED LOOPS                                     |                             |     1 |    75 |     4   (0)| 00:00:01 |
|   4 |     NESTED LOOPS                                    |                             |     1 |    48 |     3   (0)| 00:00:01 |
|   5 |      NESTED LOOPS                                   |                             |     1 |    14 |     2   (0)| 00:00:01 |
|*  6 |       TABLE ACCESS BY INDEX ROWID                   | MS_ISM_STAGES               |     1 |     6 |     1   (0)| 00:00:01 |
|*  7 |        INDEX UNIQUE SCAN                            | SYS_C0011909                |     1 |       |     1   (0)| 00:00:01 |
|*  8 |       TABLE ACCESS BY INDEX ROWID                   | MS_ISM_STAGES               |     1 |     8 |     1   (0)| 00:00:01 |
|*  9 |        INDEX UNIQUE SCAN                            | SYS_C0011909                |     1 |       |     1   (0)| 00:00:01 |
|* 10 |      TABLE ACCESS BY INDEX ROWID                    | MS_ISM_STAGE_ACTION_MAPPING |     1 |    34 |     1   (0)| 00:00:01 |
|* 11 |       INDEX RANGE SCAN                              | IDX_STAGE_ACT_MAP2          |    16 |       |     1   (0)| 00:00:01 |
|* 12 |     INDEX UNIQUE SCAN                               | SYS_C0011885                |     1 |       |     1   (0)| 00:00:01 |
|* 13 |    TABLE ACCESS BY INDEX ROWID                      | MS_ISM_ACTIONS              |     1 |    27 |     1   (0)| 00:00:01 |
|  14 |   VIEW                                              | VW_NSO_2                    |    47 |  9494 |    80   (4)| 00:00:01 |
|  15 |    CONCATENATION                                    |                             |       |       |            |          |
|* 16 |     FILTER                                          |                             |       |       |            |          |
|* 17 |      HASH JOIN                                      |                             |    33 | 69795 |    41   (3)| 00:00:01 |
|* 18 |       HASH JOIN                                     |                             |     2 |  4204 |    34   (3)| 00:00:01 |
|  19 |        TABLE ACCESS BY INDEX ROWID                  | SI_ACTIVITIES_T             |    24 |   768 |     3   (0)| 00:00:01 |
|* 20 |         INDEX RANGE SCAN                            | SI_ACTIVITIES_N2            |    24 |       |     1   (0)| 00:00:01 |
|  21 |        NESTED LOOPS                                 |                             |    33 | 68310 |    31   (4)| 00:00:01 |
|* 22 |         HASH JOIN                                   |                             |     2 |  4120 |    30   (4)| 00:00:01 |
|  23 |          NESTED LOOPS                               |                             |     7 |   385 |    17   (0)| 00:00:01 |
|* 24 |           HASH JOIN                                 |                             |     7 |   350 |    16   (0)| 00:00:01 |
|  25 |            NESTED LOOPS                             |                             |     7 |   245 |    15   (0)| 00:00:01 |
|  26 |             NESTED LOOPS                            |                             |     2 |    50 |    14   (0)| 00:00:01 |
|  27 |              VIEW                                   |                             |     1 |       |    11   (0)| 00:00:01 |
|  28 |               SORT AGGREGATE                        |                             |     1 |    82 |            |          |
|* 29 |                HASH JOIN                            |                             |     1 |    82 |    11   (0)| 00:00:01 |
|* 30 |                 HASH JOIN                           |                             |     1 |    65 |     8   (0)| 00:00:01 |
<font style="background-color: lightblue; color: red">|* 31 |                  TABLE ACCESS FULL                  | MS_QS_PARAMETER_TYPES       |     1 |    32 |     3   (0)| 00:00:01 |</font>
<font style="background-color: lightblue; color: red">|* 32 |                  TABLE ACCESS FULL                  | MS_QS_PARAMETER_NAMES       |     3 |    99 |     5   (0)| 00:00:01 |</font>
<font style="background-color: lightblue; color: red">|* 33 |                 TABLE ACCESS FULL                   | MS_QS_PARAMETER_VALUES      |   257 |  4369 |     3   (0)| 00:00:01 |</font>
|* 34 |              TABLE ACCESS BY INDEX ROWID            | SI_USERS_T                  |     2 |    50 |     3   (0)| 00:00:01 |
|* 35 |               INDEX FULL SCAN                       | SI_USERS_T_N3               |    46 |       |     1   (0)| 00:00:01 |
|* 36 |             INDEX FULL SCAN                         | SI_USER_ORG_ROLES_N2        |     3 |    30 |     1   (0)| 00:00:01 |
|  37 |            INDEX FULL SCAN                          | SI_ORG_ROLES_N3             |    63 |   945 |     1   (0)| 00:00:01 |
|* 38 |           INDEX RANGE SCAN                          | SI_ROLES_N2                 |     1 |     5 |     1   (0)| 00:00:01 |
<font style="background-color: lightblue; color: red">|  39 |          VIEW                                       | SI_FLOW_DOWN_ORG_V          |   465 |   910K|    14  (15)| 00:00:01 |</font>
<font style="background-color: lightblue; color: red">|  40 |           TEMP TABLE TRANSFORMATION                 |                             |       |       |            |          |</font>
|  41 |            LOAD AS SELECT                           | SYS_TEMP_0FD9D6627_27E11A9  |       |       |            |          |
|* 42 |             FILTER                                  |                             |       |       |            |          |
|* 43 |              CONNECT BY NO FILTERING WITH START-WITH|                             |       |       |            |          |
|* 44 |               HASH JOIN OUTER                       |                             |    74 |  3034 |     6   (0)| 00:00:01 |
<font style="background-color: lightblue; color: red">|  45 |                TABLE ACCESS FULL                    | SI_ORG_ENTITIES_T           |    74 |  2516 |     3   (0)| 00:00:01 |</font>
<font style="background-color: lightblue; color: red">|* 46 |                TABLE ACCESS FULL                    | SI_ORG_ENTITIES_TL          |     2 |    14 |     3   (0)| 00:00:01 |</font>
|* 47 |            HASH JOIN                                |                             |   465 |   930K|     7  (15)| 00:00:01 |
|  48 |             VIEW                                    | VW_SQ_1                     |    74 |  1924 |     4  (25)| 00:00:01 |
|  49 |              SORT GROUP BY                          |                             |    74 |  1332 |     4  (25)| 00:00:01 |
|  50 |               VIEW                                  |                             |   465 |  8370 |     3   (0)| 00:00:01 |
<font style="background-color: lightblue; color: red">|  51 |                TABLE ACCESS FULL                    | SYS_TEMP_0FD9D6627_27E11A9  |   465 | 23250 |     3   (0)| 00:00:01 |</font>
|  52 |             VIEW                                    |                             |   465 |   918K|     3   (0)| 00:00:01 |
<font style="background-color: lightblue; color: red">|  53 |              TABLE ACCESS FULL                      | SYS_TEMP_0FD9D6627_27E11A9  |   465 | 23250 |     3   (0)| 00:00:01 |</font>
|* 54 |         INDEX RANGE SCAN                            | SI_ROLE_ACTIVITIES_N2       |    19 |   190 |     1   (0)| 00:00:01 |
|  55 |       VIEW                                          | SI_REGISTER_APPLICATION_V   |    40 |   520 |     7   (0)| 00:00:01 |
|  56 |        UNION-ALL                                    |                             |       |       |            |          |
|* 57 |         HASH JOIN OUTER                             |                             |    39 |  1287 |     5   (0)| 00:00:01 |
<font style="background-color: lightblue; color: red">|  58 |          TABLE ACCESS FULL                          | SI_REGISTER_APPLICATION     |    39 |   273 |     3   (0)| 00:00:01 |</font>
<font style="background-color: lightblue; color: red">|* 59 |          TABLE ACCESS FULL                          | SI_REGISTER_APPLICATION_TL  |     1 |    26 |     2   (0)| 00:00:01 |</font>
|  60 |         FAST DUAL                                   |                             |     1 |       |     2   (0)| 00:00:01 |
|* 61 |     FILTER                                          |                             |       |       |            |          |
|* 62 |      HASH JOIN                                      |                             |    14 | 29610 |    39   (3)| 00:00:01 |
<font style="background-color: lightblue; color: red">|  63 |       MERGE JOIN CARTESIAN                          |                             |     1 |  2102 |    32   (4)| 00:00:01 |</font>
|* 64 |        HASH JOIN                                    |                             |     1 |  2102 |    21   (5)| 00:00:01 |
|  65 |         TABLE ACCESS BY INDEX ROWID                 | SI_ACTIVITIES_T             |    24 |   768 |     3   (0)| 00:00:01 |
|* 66 |          INDEX RANGE SCAN                           | SI_ACTIVITIES_N2            |    24 |       |     1   (0)| 00:00:01 |
|  67 |         NESTED LOOPS                                |                             |    15 | 31050 |    18   (6)| 00:00:01 |
|  68 |          NESTED LOOPS                               |                             |     1 |  2060 |    17   (6)| 00:00:01 |
|* 69 |           HASH JOIN                                 |                             |     1 |  2055 |    16   (7)| 00:00:01 |
|  70 |            NESTED LOOPS                             |                             |     3 |   150 |     3   (0)| 00:00:01 |
|  71 |             NESTED LOOPS                            |                             |    63 |  2520 |     2   (0)| 00:00:01 |
|* 72 |              TABLE ACCESS BY INDEX ROWID            | SI_USERS_T                  |     1 |    25 |     1   (0)| 00:00:01 |
|* 73 |               INDEX RANGE SCAN                      | SI_USERS_T_N3               |     1 |       |     1   (0)| 00:00:01 |
|  74 |              INDEX FULL SCAN                        | SI_ORG_ROLES_N3             |    63 |   945 |     1   (0)| 00:00:01 |
|* 75 |             INDEX RANGE SCAN                        | SI_USER_ORG_ROLES_N2        |     1 |    10 |     1   (0)| 00:00:01 |
<font style="background-color: lightblue; color: red">|  76 |            VIEW                                     | SI_FLOW_DOWN_ORG_V          |   465 |   910K|    14  (15)| 00:00:01 |</font>
|* 77 |             HASH JOIN                               |                             |   465 |   930K|     7  (15)| 00:00:01 |
|  78 |              VIEW                                   | VW_SQ_1                     |    74 |  1924 |     4  (25)| 00:00:01 |
|  79 |               SORT GROUP BY                         |                             |    74 |  1332 |     4  (25)| 00:00:01 |
|  80 |                VIEW                                 |                             |   465 |  8370 |     3   (0)| 00:00:01 |
<font style="background-color: lightblue; color: red">|  81 |                 TABLE ACCESS FULL                   | SYS_TEMP_0FD9D6627_27E11A9  |   465 | 23250 |     3   (0)| 00:00:01 |</font>
|  82 |              VIEW                                   |                             |   465 |   918K|     3   (0)| 00:00:01 |
<font style="background-color: lightblue; color: red">|  83 |               TABLE ACCESS FULL                     | SYS_TEMP_0FD9D6627_27E11A9  |   465 | 23250 |     3   (0)| 00:00:01 |</font>
|* 84 |           INDEX RANGE SCAN                          | SI_ROLES_N2                 |     1 |     5 |     1   (0)| 00:00:01 |
|* 85 |          INDEX RANGE SCAN                           | SI_ROLE_ACTIVITIES_N2       |    19 |   190 |     1   (0)| 00:00:01 |
|  86 |        BUFFER SORT                                  |                             |     1 |       |    29   (4)| 00:00:01 |
|  87 |         VIEW                                        |                             |     1 |       |    11   (0)| 00:00:01 |
|  88 |          SORT AGGREGATE                             |                             |     1 |    82 |            |          |
|* 89 |           HASH JOIN                                 |                             |     1 |    82 |    11   (0)| 00:00:01 |
|* 90 |            HASH JOIN                                |                             |     1 |    65 |     8   (0)| 00:00:01 |
<font style="background-color: lightblue; color: red">|* 91 |             TABLE ACCESS FULL                       | MS_QS_PARAMETER_TYPES       |     1 |    32 |     3   (0)| 00:00:01 |</font>
<font style="background-color: lightblue; color: red">|* 92 |             TABLE ACCESS FULL                       | MS_QS_PARAMETER_NAMES       |     3 |    99 |     5   (0)| 00:00:01 |</font>
<font style="background-color: lightblue; color: red">|* 93 |            TABLE ACCESS FULL                        | MS_QS_PARAMETER_VALUES      |   257 |  4369 |     3   (0)| 00:00:01 |</font>
|  94 |       VIEW                                          | SI_REGISTER_APPLICATION_V   |    40 |   520 |     7   (0)| 00:00:01 |
|  95 |        UNION-ALL                                    |                             |       |       |            |          |
|* 96 |         HASH JOIN OUTER                             |                             |    39 |  1287 |     5   (0)| 00:00:01 |
<font style="background-color: lightblue; color: red">|  97 |          TABLE ACCESS FULL                          | SI_REGISTER_APPLICATION     |    39 |   273 |     3   (0)| 00:00:01 |</font>
<font style="background-color: lightblue; color: red">|* 98 |          TABLE ACCESS FULL                          | SI_REGISTER_APPLICATION_TL  |     1 |    26 |     2   (0)| 00:00:01 |</font>
|  99 |         FAST DUAL                                   |                             |     1 |       |     2   (0)| 00:00:01 |
-----------------------------------------------------------------------------------------------------------------------------------
 
</code></pre><header class="major"><h2>Query Block Name / Object Alias (identified by operation id):</h2></header><pre><code>
 
   1 - SEL$BC209246  
   6 - SEL$BC209246   / C@SEL$1
   7 - SEL$BC209246   / C@SEL$1
   8 - SEL$BC209246   / B@SEL$1
   9 - SEL$BC209246   / B@SEL$1
  10 - SEL$BC209246   / A@SEL$1
  11 - SEL$BC209246   / A@SEL$1
  12 - SEL$BC209246   / D@SEL$1
  13 - SEL$BC209246   / D@SEL$1
  14 - SEL$1B8D920B   / VW_NSO_2@SEL$BC209246
  15 - SEL$1B8D920B  
  19 - SEL$1B8D920B_1 / C@SEL$3
  20 - SEL$1B8D920B_1 / C@SEL$3
  27 - SEL$23         / CONST@SEL$4
  28 - SEL$23        
  31 - SEL$23         / PTYPE@SEL$23
  32 - SEL$23         / PNAME@SEL$23
  33 - SEL$23         / PVALUE@SEL$23
  34 - SEL$1B8D920B_1 / SUT@SEL$14
  35 - SEL$1B8D920B_1 / SUT@SEL$14
  36 - SEL$1B8D920B_1 / E@SEL$4
  37 - SEL$1B8D920B_1 / G@SEL$4
  38 - SEL$1B8D920B_1 / R@SEL$4
  39 - SEL$05647F14   / H@SEL$4
  40 - SEL$05647F14  
  41 - SEL$5         
  44 - SEL$37459620  
  45 - SEL$37459620   / T@SEL$9
  46 - SEL$37459620   / TL@SEL$9
  48 - SEL$4CC056F3   / VW_SQ_1@SEL$37D6FBBA
  49 - SEL$4CC056F3  
  50 - SEL$614025F8   / O2@SEL$13
  51 - SEL$614025F8   / T1@SEL$614025F8
  52 - SEL$614025F9   / O1@SEL$12
  53 - SEL$614025F9   / T1@SEL$614025F9
  54 - SEL$1B8D920B_1 / A@SEL$3
  55 - SET$2          / SRA@SEL$14
  56 - SET$2         
  57 - SEL$15        
  58 - SEL$15         / T@SEL$15
  59 - SEL$15         / TL@SEL$15
  60 - SEL$18         / DUAL@SEL$18
  65 - SEL$1B8D920B_2 / C@SEL$1B8D920B_2
  66 - SEL$1B8D920B_2 / C@SEL$1B8D920B_2
  72 - SEL$1B8D920B_2 / SUT@SEL$1B8D920B_2
  73 - SEL$1B8D920B_2 / SUT@SEL$1B8D920B_2
  74 - SEL$1B8D920B_2 / G@SEL$1B8D920B_2
  75 - SEL$1B8D920B_2 / E@SEL$1B8D920B_2
  76 - SEL$05647F14   / H@SEL$1B8D920B_2
  78 - SEL$4CC056F3   / VW_SQ_1@SEL$37D6FBBA
  80 - SEL$614025F8   / O2@SEL$13
  81 - SEL$614025F8   / T1@SEL$614025F8
  82 - SEL$614025F9   / O1@SEL$12
  83 - SEL$614025F9   / T1@SEL$614025F9
  84 - SEL$1B8D920B_2 / R@SEL$1B8D920B_2
  85 - SEL$1B8D920B_2 / A@SEL$1B8D920B_2
  87 - SEL$23         / CONST@SEL$1B8D920B_2
  91 - SEL$23         / PTYPE@SEL$23
  92 - SEL$23         / PNAME@SEL$23
  93 - SEL$23         / PVALUE@SEL$23
  94 - SET$2          / SRA@SEL$1B8D920B_2
  97 - SEL$15         / T@SEL$15
  98 - SEL$15         / TL@SEL$15
  99 - SEL$18         / DUAL@SEL$18
 
</code></pre><header class="major"><h2>Predicate Information (identified by operation id):</h2></header><pre><code>
 
   1 - access("A"."ROLE_ACTIVITY"="ACTIVITY_NAME")
   6 - filter("C"."STAGE_TYPE"=1)
   7 - access("C"."STAGE_ID"=NVL(:1,1))
   8 - filter("B"."ACTIVE"='Y' AND "B"."STAGE_TYPE"=1)
   9 - access("B"."STAGE_ID"=NVL(:2,0))
  10 - filter("A"."ACTIVE"='Y' AND "A"."CURRENT_STAGE"=NVL(:1,1) AND "A"."STAGE_TYPE"=1)
  11 - access("A"."PREVIOUS_STAGE"=NVL(:2,0))
  12 - access("A"."ACTION_ID"="D"."ACTION_ID")
  13 - filter("D"."ACTIVE"='Y' AND "D"."STAGE_TYPE"=1)
  16 - filter(:3 IS NULL)
  17 - access(NVL("SUT"."PACKAGE_ID",0)=NVL("SRA"."PACKAGE_ID",0))
  18 - access("A"."ACTIVITY_ID"="C"."ACTIVITY_ID")
  20 - access("C"."ACTIVITY_NAME" LIKE 'ISM%')
       filter("C"."ACTIVITY_NAME" LIKE 'ISM%')
  22 - access("H"."ENTERPRISE_ID"="SUT"."ENTERPRISE_ID")
       filter("H"."PATH" LIKE '%:'||TO_CHAR("G"."ORG_ENTITY_ID")||':%')
  24 - access("G"."ORG_ROLE_ID"="E"."ORG_ROLE_ID")
  29 - access("PNAME"."PARAMETER_ID"="PVALUE"."PARAMETER_ID" AND "PTYPE"."PARAMETER_TYPE_ID"="PVALUE"."PARAMETER_TYPE_ID")
  30 - access("PTYPE"."PARAMETER_TYPE_ID"="PNAME"."PARAMETER_TYPE_ID")
  31 - filter(UPPER("PTYPE"."PARAMETER_TYPE")='MS APPS USER NAME DISPLAY FORMAT')
  32 - filter(UPPER("PNAME"."PARAMETER_NAME")='DISPLAY_FORMAT')
  33 - filter("PVALUE"."ORG_ENTITY_ID"=1)
  34 - filter(NVL("END_DATE",SYSDATE@!)>=SYSDATE@!)
  35 - filter("USER_NAME" IS NOT NULL)
  36 - access("USER_ID"="E"."USER_ID")
       filter("USER_ID"="E"."USER_ID")
  38 - access("R"."ROLE_ID"="G"."ROLE_ID")
  42 - filter(NVL("END_DATE",SYSDATE@!)>=SYSDATE@!)
  43 - access("PARENT_ORG_ENTITY_ID"=PRIOR "T"."ORG_ENTITY_ID")
       filter("T"."ORG_ENTITY_ID" IS NOT NULL)
  44 - access("T"."ORG_ENTITY_ID"="TL"."ORG_ENTITY_ID"(+))
  46 - filter("TL"."LOCALE_ID"(+)=TO_NUMBER("SI_DB_LOCALE_SV"."GETVALUE"()))
  47 - access("LVL"="MAX(LVL)" AND "ITEM_0"="O1"."ORG_ENTITY_ID")
  54 - access("A"."ROLE_ID"="R"."ROLE_ID")
  57 - access("TL"."MODULE_ID"(+)="T"."MODULE_ID")
  59 - filter("TL"."LOCALE_ID"(+)=TO_NUMBER("SI_DB_LOCALE_SV"."GETVALUE"()))
  61 - filter(:3 IS NOT NULL)
  62 - access(NVL("SUT"."PACKAGE_ID",0)=NVL("SRA"."PACKAGE_ID",0))
  64 - access("A"."ACTIVITY_ID"="C"."ACTIVITY_ID")
  66 - access("C"."ACTIVITY_NAME" LIKE 'ISM%')
       filter("C"."ACTIVITY_NAME" LIKE 'ISM%')
  69 - access("H"."ENTERPRISE_ID"="SUT"."ENTERPRISE_ID")
       filter("H"."PATH" LIKE '%:'||TO_CHAR("G"."ORG_ENTITY_ID")||':%')
  72 - filter(NVL("END_DATE",SYSDATE@!)>=SYSDATE@!)
  73 - access("USER_NAME"=:3)
  75 - access("G"."ORG_ROLE_ID"="E"."ORG_ROLE_ID" AND "USER_ID"="E"."USER_ID")
  77 - access("LVL"="MAX(LVL)" AND "ITEM_0"="O1"."ORG_ENTITY_ID")
  84 - access("R"."ROLE_ID"="G"."ROLE_ID")
  85 - access("A"."ROLE_ID"="R"."ROLE_ID")
  89 - access("PNAME"."PARAMETER_ID"="PVALUE"."PARAMETER_ID" AND "PTYPE"."PARAMETER_TYPE_ID"="PVALUE"."PARAMETER_TYPE_ID")
  90 - access("PTYPE"."PARAMETER_TYPE_ID"="PNAME"."PARAMETER_TYPE_ID")
  91 - filter(UPPER("PTYPE"."PARAMETER_TYPE")='MS APPS USER NAME DISPLAY FORMAT')
  92 - filter(UPPER("PNAME"."PARAMETER_NAME")='DISPLAY_FORMAT')
  93 - filter("PVALUE"."ORG_ENTITY_ID"=1)
  96 - access("TL"."MODULE_ID"(+)="T"."MODULE_ID")
  98 - filter("TL"."LOCALE_ID"(+)=TO_NUMBER("SI_DB_LOCALE_SV"."GETVALUE"()))
 
</code></pre><header class="major"><h2>Column Projection Information (identified by operation id):</h2></header><pre><code>
 
   1 - (#keys=1) "A"."ACTION_ID"[NUMBER,22], "D"."ACTION_NAME"[VARCHAR2,140]
   2 - (#keys=0) "A"."ROLE_ACTIVITY"[VARCHAR2,140], "A"."ACTION_ID"[NUMBER,22], "D"."ACTION_NAME"[VARCHAR2,140]
   3 - (#keys=0) "A"."ROLE_ACTIVITY"[VARCHAR2,140], "A"."ACTION_ID"[NUMBER,22], "D".ROWID[ROWID,10]
   4 - (#keys=0) "A"."ROLE_ACTIVITY"[VARCHAR2,140], "A"."ACTION_ID"[NUMBER,22]
   5 - (#keys=0) 
   7 - "C".ROWID[ROWID,10]
   9 - "B".ROWID[ROWID,10]
  10 - "A"."ROLE_ACTIVITY"[VARCHAR2,140], "A"."ACTION_ID"[NUMBER,22]
  11 - "A".ROWID[ROWID,10]
  12 - "D".ROWID[ROWID,10]
  13 - "D"."ACTION_NAME"[VARCHAR2,140]
  14 - "ACTIVITY_NAME"[VARCHAR2,400]
  15 - NVL("SUT"."PACKAGE_ID",0)[22], NVL("SRA"."PACKAGE_ID",0)[22], "C"."ACTIVITY_ID"[NUMBER,22], 
       "A"."ACTIVITY_ID"[NUMBER,22], "C".ROWID[ROWID,10], "C"."ACTIVITY_NAME"[VARCHAR2,400], "SUT"."ENTERPRISE_ID"[NUMBER,22], 
       "H"."ENTERPRISE_ID"[NUMBER,22], "E"."ORG_ROLE_ID"[NUMBER,22], "G"."ORG_ROLE_ID"[NUMBER,22], "SUT".ROWID[ROWID,10], 
       "USER_ID"[NUMBER,22], "R"."ROLE_ID"[NUMBER,22], "USER_NAME"[VARCHAR2,80], "END_DATE"[DATE,7], 
       "SUT"."PACKAGE_ID"[NUMBER,22], "E".ROWID[ROWID,10], "E"."USER_ID"[NUMBER,22], "G".ROWID[ROWID,10], 
       "G"."ROLE_ID"[NUMBER,22], "G"."ORG_ENTITY_ID"[NUMBER,22], "R".ROWID[ROWID,10], "H"."PATH"[VARCHAR2,4000], 
       "A".ROWID[ROWID,10], "A"."ROLE_ID"[NUMBER,22], "SRA"."PACKAGE_ID"[NUMBER,22]
  16 - NVL("SUT"."PACKAGE_ID",0)[22], NVL("SRA"."PACKAGE_ID",0)[22], "C"."ACTIVITY_ID"[NUMBER,22], 
       "A"."ACTIVITY_ID"[NUMBER,22], "C".ROWID[ROWID,10], "C"."ACTIVITY_NAME"[VARCHAR2,400], "SUT"."ENTERPRISE_ID"[NUMBER,22], 
       "H"."ENTERPRISE_ID"[NUMBER,22], "E"."ORG_ROLE_ID"[NUMBER,22], "G"."ORG_ROLE_ID"[NUMBER,22], "SUT".ROWID[ROWID,10], 
       "USER_ID"[NUMBER,22], "R"."ROLE_ID"[NUMBER,22], "USER_NAME"[VARCHAR2,80], "END_DATE"[DATE,7], 
       "SUT"."PACKAGE_ID"[NUMBER,22], "E".ROWID[ROWID,10], "E"."USER_ID"[NUMBER,22], "G".ROWID[ROWID,10], 
       "G"."ROLE_ID"[NUMBER,22], "G"."ORG_ENTITY_ID"[NUMBER,22], "R".ROWID[ROWID,10], "H"."PATH"[VARCHAR2,4000], 
       "A".ROWID[ROWID,10], "A"."ROLE_ID"[NUMBER,22], "SRA"."PACKAGE_ID"[NUMBER,22]
  17 - (#keys=1) NVL("SUT"."PACKAGE_ID",0)[22], NVL("SRA"."PACKAGE_ID",0)[22], "C"."ACTIVITY_ID"[NUMBER,22], 
       "A"."ACTIVITY_ID"[NUMBER,22], "C".ROWID[ROWID,10], "C"."ACTIVITY_NAME"[VARCHAR2,400], "SUT"."ENTERPRISE_ID"[NUMBER,22], 
       "H"."ENTERPRISE_ID"[NUMBER,22], "E"."ORG_ROLE_ID"[NUMBER,22], "G"."ORG_ROLE_ID"[NUMBER,22], "SUT".ROWID[ROWID,10], 
       "USER_ID"[NUMBER,22], "R"."ROLE_ID"[NUMBER,22], "USER_NAME"[VARCHAR2,80], "END_DATE"[DATE,7], 
       "SUT"."PACKAGE_ID"[NUMBER,22], "E".ROWID[ROWID,10], "E"."USER_ID"[NUMBER,22], "G".ROWID[ROWID,10], 
       "G"."ROLE_ID"[NUMBER,22], "G"."ORG_ENTITY_ID"[NUMBER,22], "R".ROWID[ROWID,10], "H"."PATH"[VARCHAR2,4000], 
       "A".ROWID[ROWID,10], "A"."ROLE_ID"[NUMBER,22], "SRA"."PACKAGE_ID"[NUMBER,22]
  18 - (#keys=1) "C"."ACTIVITY_ID"[NUMBER,22], "A"."ACTIVITY_ID"[NUMBER,22], "C".ROWID[ROWID,10], 
       "C"."ACTIVITY_NAME"[VARCHAR2,400], "SUT"."ENTERPRISE_ID"[NUMBER,22], "H"."ENTERPRISE_ID"[NUMBER,22], 
       "E"."ORG_ROLE_ID"[NUMBER,22], "G"."ORG_ROLE_ID"[NUMBER,22], "SUT".ROWID[ROWID,10], "USER_ID"[NUMBER,22], 
       "R"."ROLE_ID"[NUMBER,22], "USER_NAME"[VARCHAR2,80], "END_DATE"[DATE,7], "SUT"."PACKAGE_ID"[NUMBER,22], 
       "E".ROWID[ROWID,10], "E"."USER_ID"[NUMBER,22], "G".ROWID[ROWID,10], "G"."ROLE_ID"[NUMBER,22], 
       "G"."ORG_ENTITY_ID"[NUMBER,22], "R".ROWID[ROWID,10], "H"."PATH"[VARCHAR2,4000], "A".ROWID[ROWID,10], 
       "A"."ROLE_ID"[NUMBER,22]
  19 - "C".ROWID[ROWID,10], "C"."ACTIVITY_ID"[NUMBER,22], "C"."ACTIVITY_NAME"[VARCHAR2,400]
  20 - "C".ROWID[ROWID,10], "C"."ACTIVITY_NAME"[VARCHAR2,400]
  21 - (#keys=0) "SUT"."ENTERPRISE_ID"[NUMBER,22], "H"."ENTERPRISE_ID"[NUMBER,22], "E"."ORG_ROLE_ID"[NUMBER,22], 
       "G"."ORG_ROLE_ID"[NUMBER,22], "SUT".ROWID[ROWID,10], "USER_ID"[NUMBER,22], "R"."ROLE_ID"[NUMBER,22], 
       "USER_NAME"[VARCHAR2,80], "END_DATE"[DATE,7], "SUT"."PACKAGE_ID"[NUMBER,22], "E".ROWID[ROWID,10], 
       "E"."USER_ID"[NUMBER,22], "G".ROWID[ROWID,10], "G"."ROLE_ID"[NUMBER,22], "G"."ORG_ENTITY_ID"[NUMBER,22], 
       "R".ROWID[ROWID,10], "H"."PATH"[VARCHAR2,4000], "A".ROWID[ROWID,10], "A"."ACTIVITY_ID"[NUMBER,22], "A"."ROLE_ID"[NUMBER,22]
  22 - (#keys=1) "SUT"."ENTERPRISE_ID"[NUMBER,22], "H"."ENTERPRISE_ID"[NUMBER,22], "E"."ORG_ROLE_ID"[NUMBER,22], 
       "G"."ORG_ROLE_ID"[NUMBER,22], "SUT".ROWID[ROWID,10], "USER_ID"[NUMBER,22], "R"."ROLE_ID"[NUMBER,22], 
       "USER_NAME"[VARCHAR2,80], "END_DATE"[DATE,7], "SUT"."PACKAGE_ID"[NUMBER,22], "E".ROWID[ROWID,10], 
       "E"."USER_ID"[NUMBER,22], "G".ROWID[ROWID,10], "G"."ROLE_ID"[NUMBER,22], "G"."ORG_ENTITY_ID"[NUMBER,22], 
       "R".ROWID[ROWID,10], "H"."PATH"[VARCHAR2,4000]
  23 - (#keys=0) "E"."ORG_ROLE_ID"[NUMBER,22], "G"."ORG_ROLE_ID"[NUMBER,22], "SUT".ROWID[ROWID,10], "USER_ID"[NUMBER,22], 
       "SUT"."ENTERPRISE_ID"[NUMBER,22], "USER_NAME"[VARCHAR2,80], "END_DATE"[DATE,7], "SUT"."PACKAGE_ID"[NUMBER,22], 
       "E".ROWID[ROWID,10], "E"."USER_ID"[NUMBER,22], "G".ROWID[ROWID,10], "G"."ROLE_ID"[NUMBER,22], 
       "G"."ORG_ENTITY_ID"[NUMBER,22], "R".ROWID[ROWID,10], "R"."ROLE_ID"[NUMBER,22]
  24 - (#keys=1) "E"."ORG_ROLE_ID"[NUMBER,22], "G"."ORG_ROLE_ID"[NUMBER,22], "SUT".ROWID[ROWID,10], "USER_ID"[NUMBER,22], 
       "SUT"."ENTERPRISE_ID"[NUMBER,22], "USER_NAME"[VARCHAR2,80], "END_DATE"[DATE,7], "SUT"."PACKAGE_ID"[NUMBER,22], 
       "E".ROWID[ROWID,10], "E"."USER_ID"[NUMBER,22], "G".ROWID[ROWID,10], "G"."ROLE_ID"[NUMBER,22], 
       "G"."ORG_ENTITY_ID"[NUMBER,22]
  25 - (#keys=0) "SUT".ROWID[ROWID,10], "USER_ID"[NUMBER,22], "SUT"."ENTERPRISE_ID"[NUMBER,22], "USER_NAME"[VARCHAR2,80], 
       "END_DATE"[DATE,7], "SUT"."PACKAGE_ID"[NUMBER,22], "E".ROWID[ROWID,10], "E"."ORG_ROLE_ID"[NUMBER,22], 
       "E"."USER_ID"[NUMBER,22]
  26 - (#keys=0) "SUT".ROWID[ROWID,10], "USER_ID"[NUMBER,22], "SUT"."ENTERPRISE_ID"[NUMBER,22], "USER_NAME"[VARCHAR2,80], 
       "END_DATE"[DATE,7], "SUT"."PACKAGE_ID"[NUMBER,22]
  28 - (#keys=0) MIN("PVALUE"."PARAMETER_VALUE")[400]
  29 - (#keys=2) "PVALUE"."PARAMETER_VALUE"[VARCHAR2,400]
  30 - (#keys=1) "PTYPE"."PARAMETER_TYPE_ID"[NUMBER,22], "PNAME"."PARAMETER_ID"[NUMBER,22]
  31 - "PTYPE"."PARAMETER_TYPE_ID"[NUMBER,22]
  32 - "PNAME"."PARAMETER_ID"[NUMBER,22], "PNAME"."PARAMETER_TYPE_ID"[NUMBER,22]
  33 - "PVALUE"."PARAMETER_TYPE_ID"[NUMBER,22], "PVALUE"."PARAMETER_ID"[NUMBER,22], 
       "PVALUE"."PARAMETER_VALUE"[VARCHAR2,400]
  34 - "SUT".ROWID[ROWID,10], "USER_ID"[NUMBER,22], "SUT"."ENTERPRISE_ID"[NUMBER,22], "USER_NAME"[VARCHAR2,80], 
       "END_DATE"[DATE,7], "SUT"."PACKAGE_ID"[NUMBER,22]
  35 - "SUT".ROWID[ROWID,10], "USER_NAME"[VARCHAR2,80]
  36 - "E".ROWID[ROWID,10], "E"."ORG_ROLE_ID"[NUMBER,22], "E"."USER_ID"[NUMBER,22]
  37 - "G".ROWID[ROWID,10], "G"."ORG_ROLE_ID"[NUMBER,22], "G"."ORG_ENTITY_ID"[NUMBER,22], "G"."ROLE_ID"[NUMBER,22]
  38 - "R".ROWID[ROWID,10], "R"."ROLE_ID"[NUMBER,22]
  39 - "H"."ENTERPRISE_ID"[NUMBER,22], "H"."PATH"[VARCHAR2,4000]
  40 - "MAX(LVL)"[NUMBER,22], "LVL"[NUMBER,22], "ITEM_0"[NUMBER,22], "O1"."ORG_ENTITY_ID"[NUMBER,22], 
       "PATH"[VARCHAR2,4000], "ENTERPRISE_ID"[NUMBER,22]
  41 - SYSDEF[4], SYSDEF[0], SYSDEF[1], SYSDEF[96], SYSDEF[0]
  42 - "PARENT_ORG_ENTITY_ID"[NUMBER,22], "T"."ORG_ENTITY_ID"[NUMBER,22], STRDEF[400], STRDEF[22], STRDEF[7], PRIOR 
       NULL[22], LEVEL[4], SYS_CONNECT_BY_PATH(TO_CHAR("T"."ORG_ENTITY_ID"),':')[4000]
  43 - "PARENT_ORG_ENTITY_ID"[NUMBER,22], "T"."ORG_ENTITY_ID"[NUMBER,22], STRDEF[400], STRDEF[22], STRDEF[7], PRIOR 
       NULL[22], LEVEL[4], SYS_CONNECT_BY_PATH(TO_CHAR("T"."ORG_ENTITY_ID"),':')[4000]
  44 - (#keys=1) "T"."ORG_ENTITY_ID"[NUMBER,22], "TL"."ORG_ENTITY_ID"[NUMBER,22], "T"."ENTERPRISE_ID"[NUMBER,22], 
       "END_DATE"[DATE,7], "T"."ORG_ENTITY_NAME"[VARCHAR2,400], "PARENT_ORG_ENTITY_ID"[NUMBER,22], "TL"."LOCALE_ID"[NUMBER,22]
  45 - "T"."ENTERPRISE_ID"[NUMBER,22], "T"."ORG_ENTITY_ID"[NUMBER,22], "T"."ORG_ENTITY_NAME"[VARCHAR2,400], 
       "PARENT_ORG_ENTITY_ID"[NUMBER,22], "END_DATE"[DATE,7]
  46 - "TL"."ORG_ENTITY_ID"[NUMBER,22], "TL"."LOCALE_ID"[NUMBER,22]
  47 - (#keys=2) "MAX(LVL)"[NUMBER,22], "LVL"[NUMBER,22], "ITEM_0"[NUMBER,22], "O1"."ORG_ENTITY_ID"[NUMBER,22], 
       "PATH"[VARCHAR2,4000], "ENTERPRISE_ID"[NUMBER,22]
  48 - "MAX(LVL)"[NUMBER,22], "ITEM_0"[NUMBER,22]
  49 - (#keys=1) "O2"."ORG_ENTITY_ID"[NUMBER,22], MAX("LVL")[22]
  50 - "O2"."ORG_ENTITY_ID"[NUMBER,22], "LVL"[NUMBER,22]
  51 - "C0"[NUMBER,22], "C1"[VARCHAR2,400], "C2"[NUMBER,22], "C3"[NUMBER,22], "C4"[VARCHAR2,4000]
  52 - "O1"."ORG_ENTITY_ID"[NUMBER,22], "ENTERPRISE_ID"[NUMBER,22], "LVL"[NUMBER,22], "PATH"[VARCHAR2,4000]
  53 - "C0"[NUMBER,22], "C1"[VARCHAR2,400], "C2"[NUMBER,22], "C3"[NUMBER,22], "C4"[VARCHAR2,4000]
  54 - "A".ROWID[ROWID,10], "A"."ACTIVITY_ID"[NUMBER,22], "A"."ROLE_ID"[NUMBER,22]
  55 - "SRA"."PACKAGE_ID"[NUMBER,22]
  56 - STRDEF[22]
  57 - (#keys=1) "T"."MODULE_ID"[NUMBER,22]
  58 - "T"."MODULE_ID"[NUMBER,22]
  59 - "TL"."MODULE_ID"[NUMBER,22]
  61 - NVL("SUT"."PACKAGE_ID",0)[22], NVL("SRA"."PACKAGE_ID",0)[22], "C"."ACTIVITY_ID"[NUMBER,22], 
       "A"."ACTIVITY_ID"[NUMBER,22], "C".ROWID[ROWID,10], "C"."ACTIVITY_NAME"[VARCHAR2,400], "SUT"."ENTERPRISE_ID"[NUMBER,22], 
       "H"."ENTERPRISE_ID"[NUMBER,22], "SUT".ROWID[ROWID,10], "USER_ID"[NUMBER,22], "E"."USER_ID"[NUMBER,22], 
       "USER_NAME"[VARCHAR2,80], "END_DATE"[DATE,7], "SUT"."PACKAGE_ID"[NUMBER,22], "G".ROWID[ROWID,10], 
       "G"."ORG_ROLE_ID"[NUMBER,22], "G"."ORG_ENTITY_ID"[NUMBER,22], "G"."ROLE_ID"[NUMBER,22], "E".ROWID[ROWID,10], 
       "E"."ORG_ROLE_ID"[NUMBER,22], "H"."PATH"[VARCHAR2,4000], "R".ROWID[ROWID,10], "R"."ROLE_ID"[NUMBER,22], 
       "A".ROWID[ROWID,10], "A"."ROLE_ID"[NUMBER,22], "SRA"."PACKAGE_ID"[NUMBER,22]
  62 - (#keys=1) NVL("SUT"."PACKAGE_ID",0)[22], NVL("SRA"."PACKAGE_ID",0)[22], "C"."ACTIVITY_ID"[NUMBER,22], 
       "A"."ACTIVITY_ID"[NUMBER,22], "C".ROWID[ROWID,10], "C"."ACTIVITY_NAME"[VARCHAR2,400], "SUT"."ENTERPRISE_ID"[NUMBER,22], 
       "H"."ENTERPRISE_ID"[NUMBER,22], "SUT".ROWID[ROWID,10], "USER_ID"[NUMBER,22], "E"."USER_ID"[NUMBER,22], 
       "USER_NAME"[VARCHAR2,80], "END_DATE"[DATE,7], "SUT"."PACKAGE_ID"[NUMBER,22], "G".ROWID[ROWID,10], 
       "G"."ORG_ROLE_ID"[NUMBER,22], "G"."ORG_ENTITY_ID"[NUMBER,22], "G"."ROLE_ID"[NUMBER,22], "E".ROWID[ROWID,10], 
       "E"."ORG_ROLE_ID"[NUMBER,22], "H"."PATH"[VARCHAR2,4000], "R".ROWID[ROWID,10], "R"."ROLE_ID"[NUMBER,22], 
       "A".ROWID[ROWID,10], "A"."ROLE_ID"[NUMBER,22], "SRA"."PACKAGE_ID"[NUMBER,22]
  63 - (#keys=0) "C"."ACTIVITY_ID"[NUMBER,22], "A"."ACTIVITY_ID"[NUMBER,22], "C".ROWID[ROWID,10], 
       "C"."ACTIVITY_NAME"[VARCHAR2,400], "SUT"."ENTERPRISE_ID"[NUMBER,22], "H"."ENTERPRISE_ID"[NUMBER,22], 
       "SUT".ROWID[ROWID,10], "USER_ID"[NUMBER,22], "E"."USER_ID"[NUMBER,22], "USER_NAME"[VARCHAR2,80], "END_DATE"[DATE,7], 
       "SUT"."PACKAGE_ID"[NUMBER,22], "G".ROWID[ROWID,10], "G"."ORG_ROLE_ID"[NUMBER,22], "G"."ORG_ENTITY_ID"[NUMBER,22], 
       "G"."ROLE_ID"[NUMBER,22], "E".ROWID[ROWID,10], "E"."ORG_ROLE_ID"[NUMBER,22], "H"."PATH"[VARCHAR2,4000], 
       "R".ROWID[ROWID,10], "R"."ROLE_ID"[NUMBER,22], "A".ROWID[ROWID,10], "A"."ROLE_ID"[NUMBER,22]
  64 - (#keys=1) "C"."ACTIVITY_ID"[NUMBER,22], "A"."ACTIVITY_ID"[NUMBER,22], "C".ROWID[ROWID,10], 
       "C"."ACTIVITY_NAME"[VARCHAR2,400], "SUT"."ENTERPRISE_ID"[NUMBER,22], "H"."ENTERPRISE_ID"[NUMBER,22], 
       "SUT".ROWID[ROWID,10], "USER_ID"[NUMBER,22], "E"."USER_ID"[NUMBER,22], "USER_NAME"[VARCHAR2,80], "END_DATE"[DATE,7], 
       "SUT"."PACKAGE_ID"[NUMBER,22], "G".ROWID[ROWID,10], "G"."ORG_ROLE_ID"[NUMBER,22], "G"."ORG_ENTITY_ID"[NUMBER,22], 
       "G"."ROLE_ID"[NUMBER,22], "E".ROWID[ROWID,10], "E"."ORG_ROLE_ID"[NUMBER,22], "H"."PATH"[VARCHAR2,4000], 
       "R".ROWID[ROWID,10], "R"."ROLE_ID"[NUMBER,22], "A".ROWID[ROWID,10], "A"."ROLE_ID"[NUMBER,22]
  65 - "C".ROWID[ROWID,10], "C"."ACTIVITY_ID"[NUMBER,22], "C"."ACTIVITY_NAME"[VARCHAR2,400]
  66 - "C".ROWID[ROWID,10], "C"."ACTIVITY_NAME"[VARCHAR2,400]
  67 - (#keys=0) "SUT"."ENTERPRISE_ID"[NUMBER,22], "H"."ENTERPRISE_ID"[NUMBER,22], "SUT".ROWID[ROWID,10], 
       "USER_ID"[NUMBER,22], "E"."USER_ID"[NUMBER,22], "USER_NAME"[VARCHAR2,80], "END_DATE"[DATE,7], 
       "SUT"."PACKAGE_ID"[NUMBER,22], "G".ROWID[ROWID,10], "G"."ORG_ROLE_ID"[NUMBER,22], "G"."ORG_ENTITY_ID"[NUMBER,22], 
       "G"."ROLE_ID"[NUMBER,22], "E".ROWID[ROWID,10], "E"."ORG_ROLE_ID"[NUMBER,22], "H"."PATH"[VARCHAR2,4000], 
       "R".ROWID[ROWID,10], "R"."ROLE_ID"[NUMBER,22], "A".ROWID[ROWID,10], "A"."ACTIVITY_ID"[NUMBER,22], "A"."ROLE_ID"[NUMBER,22]
  68 - (#keys=0) "SUT"."ENTERPRISE_ID"[NUMBER,22], "H"."ENTERPRISE_ID"[NUMBER,22], "SUT".ROWID[ROWID,10], 
       "USER_ID"[NUMBER,22], "E"."USER_ID"[NUMBER,22], "USER_NAME"[VARCHAR2,80], "END_DATE"[DATE,7], 
       "SUT"."PACKAGE_ID"[NUMBER,22], "G".ROWID[ROWID,10], "G"."ORG_ROLE_ID"[NUMBER,22], "G"."ORG_ENTITY_ID"[NUMBER,22], 
       "G"."ROLE_ID"[NUMBER,22], "E".ROWID[ROWID,10], "E"."ORG_ROLE_ID"[NUMBER,22], "H"."PATH"[VARCHAR2,4000], 
       "R".ROWID[ROWID,10], "R"."ROLE_ID"[NUMBER,22]
  69 - (#keys=1) "SUT"."ENTERPRISE_ID"[NUMBER,22], "H"."ENTERPRISE_ID"[NUMBER,22], "SUT".ROWID[ROWID,10], 
       "USER_ID"[NUMBER,22], "E"."USER_ID"[NUMBER,22], "USER_NAME"[VARCHAR2,80], "END_DATE"[DATE,7], 
       "SUT"."PACKAGE_ID"[NUMBER,22], "G".ROWID[ROWID,10], "G"."ORG_ROLE_ID"[NUMBER,22], "G"."ORG_ENTITY_ID"[NUMBER,22], 
       "G"."ROLE_ID"[NUMBER,22], "E".ROWID[ROWID,10], "E"."ORG_ROLE_ID"[NUMBER,22], "H"."PATH"[VARCHAR2,4000]
  70 - (#keys=0) "SUT".ROWID[ROWID,10], "USER_ID"[NUMBER,22], "SUT"."ENTERPRISE_ID"[NUMBER,22], "USER_NAME"[VARCHAR2,80], 
       "END_DATE"[DATE,7], "SUT"."PACKAGE_ID"[NUMBER,22], "G".ROWID[ROWID,10], "G"."ORG_ROLE_ID"[NUMBER,22], 
       "G"."ORG_ENTITY_ID"[NUMBER,22], "G"."ROLE_ID"[NUMBER,22], "E".ROWID[ROWID,10], "E"."ORG_ROLE_ID"[NUMBER,22], 
       "E"."USER_ID"[NUMBER,22]
  71 - (#keys=0) "SUT".ROWID[ROWID,10], "USER_ID"[NUMBER,22], "SUT"."ENTERPRISE_ID"[NUMBER,22], "USER_NAME"[VARCHAR2,80], 
       "END_DATE"[DATE,7], "SUT"."PACKAGE_ID"[NUMBER,22], "G".ROWID[ROWID,10], "G"."ORG_ROLE_ID"[NUMBER,22], 
       "G"."ORG_ENTITY_ID"[NUMBER,22], "G"."ROLE_ID"[NUMBER,22]
  72 - "SUT".ROWID[ROWID,10], "USER_ID"[NUMBER,22], "SUT"."ENTERPRISE_ID"[NUMBER,22], "USER_NAME"[VARCHAR2,80], 
       "END_DATE"[DATE,7], "SUT"."PACKAGE_ID"[NUMBER,22]
  73 - "SUT".ROWID[ROWID,10], "USER_NAME"[VARCHAR2,80]
  74 - "G".ROWID[ROWID,10], "G"."ORG_ROLE_ID"[NUMBER,22], "G"."ORG_ENTITY_ID"[NUMBER,22], "G"."ROLE_ID"[NUMBER,22]
  75 - "E".ROWID[ROWID,10], "E"."ORG_ROLE_ID"[NUMBER,22], "E"."USER_ID"[NUMBER,22]
  76 - "H"."ENTERPRISE_ID"[NUMBER,22], "H"."PATH"[VARCHAR2,4000]
  77 - (#keys=2) "PATH"[VARCHAR2,4000], "ENTERPRISE_ID"[NUMBER,22]
  78 - "MAX(LVL)"[NUMBER,22], "ITEM_0"[NUMBER,22]
  79 - (#keys=1) "O2"."ORG_ENTITY_ID"[NUMBER,22], MAX("LVL")[22]
  80 - "O2"."ORG_ENTITY_ID"[NUMBER,22], "LVL"[NUMBER,22]
  81 - "C0"[NUMBER,22], "C3"[NUMBER,22]
  82 - "O1"."ORG_ENTITY_ID"[NUMBER,22], "ENTERPRISE_ID"[NUMBER,22], "LVL"[NUMBER,22], "PATH"[VARCHAR2,4000]
  83 - "C0"[NUMBER,22], "C2"[NUMBER,22], "C3"[NUMBER,22], "C4"[VARCHAR2,4000]
  84 - "R".ROWID[ROWID,10], "R"."ROLE_ID"[NUMBER,22]
  85 - "A".ROWID[ROWID,10], "A"."ACTIVITY_ID"[NUMBER,22], "A"."ROLE_ID"[NUMBER,22]
  86 - (#keys=0) 
  88 - (#keys=0) MIN("PVALUE"."PARAMETER_VALUE")[400]
  89 - (#keys=2) "PVALUE"."PARAMETER_VALUE"[VARCHAR2,400]
  90 - (#keys=1) "PTYPE"."PARAMETER_TYPE_ID"[NUMBER,22], "PNAME"."PARAMETER_ID"[NUMBER,22]
  91 - "PTYPE"."PARAMETER_TYPE_ID"[NUMBER,22]
  92 - "PNAME"."PARAMETER_ID"[NUMBER,22], "PNAME"."PARAMETER_TYPE_ID"[NUMBER,22]
  93 - "PVALUE"."PARAMETER_TYPE_ID"[NUMBER,22], "PVALUE"."PARAMETER_ID"[NUMBER,22], 
       "PVALUE"."PARAMETER_VALUE"[VARCHAR2,400]
  94 - "SRA"."PACKAGE_ID"[NUMBER,22]
  95 - STRDEF[22]
  96 - (#keys=1) "T"."MODULE_ID"[NUMBER,22]
  97 - "T"."MODULE_ID"[NUMBER,22]
  98 - "TL"."MODULE_ID"[NUMBER,22]
										</code></pre>
								</section>
						</div>
					</div>

				<!-- Sidebar -->
				<div id="sidebar">
					<div class="inner">
						<!-- Menu -->
						<nav id="menu">
							<header class="major">
								<h2>Menu</h2>
							</header>
							<ul>
								<li><a href="../index.html">Module List</a></li>
								<li><a href="index.html">Summary</a></li>
								<li>
									<span class="opener">DB Analysis</span>
									<ul>
										<li><a href="bad-sql.html">Bad SQL</a></li>
										<li><a href="poor-sql.html">Poor SQL Plan</a></li>
										<li><a href="invalid-sql.html">Invalid SQL</a></li>
										<li><a href="full-sql.html">Full SQL Report</a></li>
										<li><a href="table-nil-key.html">Primary/Unique Key Miss</a></li>
										<li><a href="invalid-db-object.html">Invalid DB Objects</a></li>
									</ul>
								</li>
								<li>
									<span class="opener">Infolets</span>
									<ul>
										<li><a href="keep-history-infolets.html">Keep History Infolets</a></li>
									</ul>
								</li>
								<li>
									<span class="opener">Pushforms</span>
									<ul>
										<li><a href="pushform-denormalize.html">Pushform Denormalized</a></li>
									</ul>
								</li>
							</ul>
						</nav>

						<!-- Section -->
						<section>
							<header class="major">
								<h2>Get in touch</h2>
							</header>
							<p>You need more details on the report or want more functionality, don't hesitate to reach out to us.</p>
							<ul class="contact">
								<li class="fa-envelope-o"><a href="mailto:rnd@metricstream.com?Subject=Reg - Static Code Analysis Tool" target="_top">rnd@metricstream.com</a></li>
							</ul>
						</section>

						<!-- Footer -->
						<footer id="footer">
							<p class="copyright">&copy; <a href="http://www.metricstream.com" target="_blank">MetricStream</a>. All rights reserved. </p>
						</footer>
					</div>
				</div>
			</div>

		<!-- Scripts -->
			<script src="../../lib/assets/js/jquery.min.js"></script>
			<script src="../../lib/assets/js/skel.min.js"></script>
			<script src="../../lib/assets/js/util.js"></script>
			<!--[if lte IE 8]><script src="../../lib/assets/js/ie/respond.min.js"></script><![endif]-->
			<script src="../../lib/assets/js/main.js"></script>
	</body>
</html>