<!DOCTYPE HTML>
<html>
	<head>
		<title>Code Analysis - MetricStream</title>
		<meta charset="utf-8" />
		<meta name="viewport" content="width=device-width, initial-scale=1, user-scalable=no" />
		<!--[if lte IE 8]><script src="../../lib/assets/js/ie/html5shiv.js"></script><![endif]-->
		<link rel="stylesheet" href="../../lib/assets/css/main.css" />
		<!--[if lte IE 9]><link rel="stylesheet" href="../../lib/assets/css/ie9.css" /><![endif]-->
		<!--[if lte IE 8]><link rel="stylesheet" href="../../lib/assets/css/ie8.css" /><![endif]-->
	</head>
	<body>

		<!-- Wrapper -->
			<div id="wrapper">

				<!-- Main -->
					<div id="main">
						<div class="inner">
							<!-- Header -->
								<header id="header">
									<a href="index.html" class="logo"><strong>Static Code Analysis Report</strong> by Code Analyzer Tool</a>
								</header>

							<!-- Content -->
								<section>
									<!-- Content -->
										<header class="major"><h2>Infolet Details</h2></header>
										<div class="table-wrapper">
											<table>
												<tbody>
													<tr>
														<td><b>Name</b></td>
														<td>MS_ISM_ISSUE_DRILLDOWN (101293)</td>
													</tr>
													<tr>
														<td><b>SQL</b></td>
														<td><pre><code>SELECT SUBSTR (c.issue_title, 1, 30) display_name,
       c.issue_id object_id,
       c.dd_object_type object_type,
       'Y' AS over_ride_action,
          'proc='
       || TO_CHAR (c.dd_process_instance_id)
       || '|instid='
       || (c.dd_instance_id)
       || '|emd='
       || '4'
       || '|edit_flag='
       || NVL (c.dd_edit_flag, 'Y')
          AS view_form_action_parameters
  FROM  (SELECT b.issue_related_issues 
                FROM ms_ism_issue_ris b
               WHERE b.issue_id = :1) a, ms_ism_issue c
  WHERE c.issue_id = a.issue_related_issues
UNION ALL
SELECT /*+ index (act MS_ISM_ACTION_PK )*/SUBSTR (act.action_title, 1, 30) display_name,
       act.action_id object_id,
       act.dd_object_type object_type,
       'Y' AS over_ride_action,
       'proc=' || TO_CHAR(act.dd_process_instance_id) || '|instid=-1|edit_flag=' || NVL (act.dd_edit_flag, 'Y') || '|emd=' || '5' AS view_form_action_parameters
  FROM ms_ism_action act
 WHERE act.action_id = act.action_id 
 and act.issue_id = :1
ORDER BY 3, 1</code></pre></td>
													</tr>
													<tr>
														<td><b>Description</b></td>
														<td>This drilldown infolet to the Issue Browser that shows the Related issues and actions</td>
													</tr>
												</tbody>
											</table>
										</div>

										<h2 align="center" id="content">Analysis Report</h2>
										<hr>

<header class="major"><h2>Plan hash value: 3167671483</h2></header><pre><code>
 
------------------------------------------------------------------------------------------------------
| Id  | Operation                      | Name                | Rows  | Bytes | Cost (%CPU)| Time     |
------------------------------------------------------------------------------------------------------
|   0 | SELECT STATEMENT               |                     |     2 |  3069 |     4  (25)| 00:00:01 |
|   1 |  SORT ORDER BY                 |                     |     2 |  3069 |     3   (0)| 00:00:01 |
|   2 |   UNION-ALL                    |                     |       |       |            |          |
|   3 |    NESTED LOOPS                |                     |     1 |  2624 |     2   (0)| 00:00:01 |
|   4 |     NESTED LOOPS               |                     |     1 |  2624 |     2   (0)| 00:00:01 |
<font style="background-color: lightblue; color: red">|*  5 |      INDEX SKIP SCAN           | MS_ISM_ISSUE_RIS_UK |     1 |  2514 |     1   (0)| 00:00:01 |</font>
|*  6 |      INDEX UNIQUE SCAN         | MS_ISM_ISSUE_PK     |     1 |       |     1   (0)| 00:00:01 |
|   7 |     TABLE ACCESS BY INDEX ROWID| MS_ISM_ISSUE        |     1 |   110 |     1   (0)| 00:00:01 |
|*  8 |    TABLE ACCESS BY INDEX ROWID | MS_ISM_ACTION       |     1 |   445 |     1   (0)| 00:00:01 |
|   9 |     INDEX FULL SCAN            | MS_ISM_ACTION_PK    |     2 |       |     1   (0)| 00:00:01 |
------------------------------------------------------------------------------------------------------
 
</code></pre><header class="major"><h2>Query Block Name / Object Alias (identified by operation id):</h2></header><pre><code>
 
   1 - SET$1       
   3 - SEL$F5BB74E1
   5 - SEL$F5BB74E1 / B@SEL$2
   6 - SEL$F5BB74E1 / C@SEL$1
   7 - SEL$F5BB74E1 / C@SEL$1
   8 - SEL$3        / ACT@SEL$3
   9 - SEL$3        / ACT@SEL$3
 
</code></pre><header class="major"><h2>Predicate Information (identified by operation id):</h2></header><pre><code>
 
   5 - access("B"."ISSUE_ID"=:1)
       filter("B"."ISSUE_ID"=:1)
   6 - access("C"."ISSUE_ID"="B"."ISSUE_RELATED_ISSUES")
   8 - filter("ACT"."ISSUE_ID"=:1)
 
</code></pre><header class="major"><h2>Column Projection Information (identified by operation id):</h2></header><pre><code>
 
   1 - (#keys=2) STRDEF[400], STRDEF[120], STRDEF[1020], STRDEF[1], STRDEF[114]
   2 - STRDEF[120], STRDEF[1020], STRDEF[400], STRDEF[1], STRDEF[114]
   3 - (#keys=0) "C"."ISSUE_TITLE"[VARCHAR2,4000], "C"."ISSUE_ID"[VARCHAR2,1020], 
       "C"."DD_OBJECT_TYPE"[VARCHAR2,400], "C"."DD_PROCESS_INSTANCE_ID"[NUMBER,22], 
       "C"."DD_INSTANCE_ID"[NUMBER,22], "C"."DD_EDIT_FLAG"[VARCHAR2,4]
   4 - (#keys=0) "C".ROWID[ROWID,10], "C"."ISSUE_ID"[VARCHAR2,1020]
   5 - "B"."ISSUE_RELATED_ISSUES"[VARCHAR2,4000]
   6 - "C".ROWID[ROWID,10], "C"."ISSUE_ID"[VARCHAR2,1020]
   7 - "C"."ISSUE_TITLE"[VARCHAR2,4000], "C"."DD_OBJECT_TYPE"[VARCHAR2,400], 
       "C"."DD_PROCESS_INSTANCE_ID"[NUMBER,22], "C"."DD_INSTANCE_ID"[NUMBER,22], 
       "C"."DD_EDIT_FLAG"[VARCHAR2,4]
   8 - "ACT"."ACTION_ID"[VARCHAR2,1020], "ACT"."ACTION_TITLE"[VARCHAR2,4000], 
       "ACT"."DD_OBJECT_TYPE"[VARCHAR2,400], "ACT"."DD_PROCESS_INSTANCE_ID"[NUMBER,22], 
       "ACT"."DD_EDIT_FLAG"[VARCHAR2,4]
   9 - "ACT".ROWID[ROWID,10], "ACT"."ACTION_ID"[VARCHAR2,1020]
										</code></pre>
								</section>
						</div>
					</div>

				<!-- Sidebar -->
				<div id="sidebar">
					<div class="inner">
						<!-- Menu -->
						<nav id="menu">
							<header class="major">
								<h2>Menu</h2>
							</header>
							<ul>
								<li><a href="../index.html">Module List</a></li>
								<li><a href="index.html">Summary</a></li>
								<li>
									<span class="opener">DB Analysis</span>
									<ul>
										<li><a href="bad-sql.html">Bad SQL</a></li>
										<li><a href="poor-sql.html">Poor SQL Plan</a></li>
										<li><a href="invalid-sql.html">Invalid SQL</a></li>
										<li><a href="full-sql.html">Full SQL Report</a></li>
										<li><a href="table-nil-key.html">Primary/Unique Key Miss</a></li>
										<li><a href="invalid-db-object.html">Invalid DB Objects</a></li>
									</ul>
								</li>
								<li>
									<span class="opener">Infolets</span>
									<ul>
										<li><a href="keep-history-infolets.html">Keep History Infolets</a></li>
									</ul>
								</li>
								<li>
									<span class="opener">Pushforms</span>
									<ul>
										<li><a href="pushform-denormalize.html">Pushform Denormalized</a></li>
									</ul>
								</li>
							</ul>
						</nav>

						<!-- Section -->
						<section>
							<header class="major">
								<h2>Get in touch</h2>
							</header>
							<p>You need more details on the report or want more functionality, don't hesitate to reach out to us.</p>
							<ul class="contact">
								<li class="fa-envelope-o"><a href="mailto:rnd@metricstream.com?Subject=Reg - Static Code Analysis Tool" target="_top">rnd@metricstream.com</a></li>
							</ul>
						</section>

						<!-- Footer -->
						<footer id="footer">
							<p class="copyright">&copy; <a href="http://www.metricstream.com" target="_blank">MetricStream</a>. All rights reserved. </p>
						</footer>
					</div>
				</div>
			</div>

		<!-- Scripts -->
			<script src="../../lib/assets/js/jquery.min.js"></script>
			<script src="../../lib/assets/js/skel.min.js"></script>
			<script src="../../lib/assets/js/util.js"></script>
			<!--[if lte IE 8]><script src="../../lib/assets/js/ie/respond.min.js"></script><![endif]-->
			<script src="../../lib/assets/js/main.js"></script>
	</body>
</html>