<!DOCTYPE HTML>
<html>
	<head>
		<title>Code Analysis - MetricStream</title>
		<meta charset="utf-8" />
		<meta name="viewport" content="width=device-width, initial-scale=1, user-scalable=no" />
		<!--[if lte IE 8]><script src="../../lib/assets/js/ie/html5shiv.js"></script><![endif]-->
		<link rel="stylesheet" href="../../lib/assets/css/main.css" />
		<!--[if lte IE 9]><link rel="stylesheet" href="../../lib/assets/css/ie9.css" /><![endif]-->
		<!--[if lte IE 8]><link rel="stylesheet" href="../../lib/assets/css/ie8.css" /><![endif]-->
	</head>
	<body>

		<!-- Wrapper -->
			<div id="wrapper">

				<!-- Main -->
					<div id="main">
						<div class="inner">
							<!-- Header -->
								<header id="header">
									<a href="index.html" class="logo"><strong>Static Code Analysis Report</strong> by Code Analyzer Tool</a>
								</header>

							<!-- Content -->
								<section>
									<!-- Content -->
										<header class="major"><h2>Infolet Details</h2></header>
										<div class="table-wrapper">
											<table>
												<tbody>
													<tr>
														<td><b>Name</b></td>
														<td>MS_ISM_ORB_Add_Import_Item_List (101331)</td>
													</tr>
													<tr>
														<td><b>SQL</b></td>
														<td><pre><code>select ms_concat(RPT_LINK_DISPLAY_NAME) as RPT_TITLE
from(select a.RPT_LINK_DISPLAY_NAME,locale_id from MS_ISM_ORB_SETUP_TL_V a where src_obj_type =:1 AND ACTIVE='Y' 
and exists (select 1 from ms_ism_user_detls_v usr,si_locales loc where usr.locale=loc.locale_string and usr.user_name = :2
and  loc.locale_id = a.locale_id)
order by form_title)</code></pre></td>
													</tr>
													<tr>
														<td><b>Description</b></td>
														<td>This infolet to get Types from GRC</td>
													</tr>
												</tbody>
											</table>
										</div>

										<h2 align="center" id="content">Analysis Report</h2>
										<hr>

<header class="major"><h2>Plan hash value: 4099255990</h2></header><pre><code>
 
--------------------------------------------------------------------------------------------------------------
| Id  | Operation                           | Name                   | Rows  | Bytes | Cost (%CPU)| Time     |
--------------------------------------------------------------------------------------------------------------
|   0 | SELECT STATEMENT                    |                        |     1 |   102 |   131   (1)| 00:00:02 |
|   1 |  SORT AGGREGATE                     |                        |     1 |   102 |            |          |
|   2 |   VIEW                              |                        |     1 |   102 |   131   (1)| 00:00:02 |
|   3 |    SORT ORDER BY                    |                        |     1 |   749 |   131   (1)| 00:00:02 |
|*  4 |     FILTER                          |                        |       |       |            |          |
|*  5 |      HASH JOIN RIGHT OUTER          |                        |    19 | 14231 |     6   (0)| 00:00:01 |
<font style="background-color: lightblue; color: red">|   6 |       TABLE ACCESS FULL             | MS_ISM_ORB_SETUP_TL    |     1 |   128 |     2   (0)| 00:00:01 |</font>
|   7 |       VIEW                          |                        |    19 | 11799 |     4   (0)| 00:00:01 |
<font style="background-color: lightblue; color: red">|   8 |        MERGE JOIN CARTESIAN         |                        |    19 |   950 |     4   (0)| 00:00:01 |</font>
<font style="background-color: lightblue; color: red">|*  9 |         TABLE ACCESS FULL           | SI_LOCALES             |     1 |     6 |     3   (0)| 00:00:01 |</font>
|  10 |         BUFFER SORT                 |                        |    19 |   836 |     1   (0)| 00:00:01 |
|* 11 |          TABLE ACCESS BY INDEX ROWID| MS_ISM_ORB_SETUP       |    19 |   836 |     1   (0)| 00:00:01 |
|* 12 |           INDEX RANGE SCAN          | MS_ISM_ORB_SETUP_N1    |    19 |       |     1   (0)| 00:00:01 |
|* 13 |      HASH JOIN                      |                        |     1 |   108 |    13   (0)| 00:00:01 |
|* 14 |       HASH JOIN                     |                        |     1 |    95 |    10   (0)| 00:00:01 |
|  15 |        NESTED LOOPS                 |                        |     1 |    62 |     5   (0)| 00:00:01 |
|  16 |         NESTED LOOPS                |                        |     1 |    30 |     2   (0)| 00:00:01 |
|  17 |          TABLE ACCESS BY INDEX ROWID| SI_LOCALES             |     1 |    11 |     1   (0)| 00:00:01 |
|* 18 |           INDEX UNIQUE SCAN         | SI_LOCALES_U1          |     1 |       |     1   (0)| 00:00:01 |
|* 19 |          TABLE ACCESS BY INDEX ROWID| SI_USERS_T             |     1 |    19 |     1   (0)| 00:00:01 |
|* 20 |           INDEX RANGE SCAN          | SI_USERS_T_N3          |     1 |       |     1   (0)| 00:00:01 |
<font style="background-color: lightblue; color: red">|* 21 |         TABLE ACCESS FULL           | MS_QS_PARAMETER_TYPES  |     1 |    32 |     3   (0)| 00:00:01 |</font>
<font style="background-color: lightblue; color: red">|* 22 |        TABLE ACCESS FULL            | MS_QS_PARAMETER_NAMES  |     3 |    99 |     5   (0)| 00:00:01 |</font>
<font style="background-color: lightblue; color: red">|* 23 |       TABLE ACCESS FULL             | MS_QS_PARAMETER_VALUES |   257 |  3341 |     3   (0)| 00:00:01 |</font>
--------------------------------------------------------------------------------------------------------------
 
</code></pre><header class="major"><h2>Query Block Name / Object Alias (identified by operation id):</h2></header><pre><code>
 
   1 - SEL$1       
   2 - SEL$335DD26A / from$_subquery$_001@SEL$1
   3 - SEL$335DD26A
   6 - SEL$335DD26A / TL@SEL$3
   7 - SEL$7286615E / T@SEL$3
   8 - SEL$7286615E
   9 - SEL$7286615E / SI_LOCALES@SEL$5
  11 - SEL$7286615E / A@SEL$4
  12 - SEL$7286615E / A@SEL$4
  13 - SEL$A731BD80
  17 - SEL$A731BD80 / LOC@SEL$6
  18 - SEL$A731BD80 / LOC@SEL$6
  19 - SEL$A731BD80 / A@SEL$7
  20 - SEL$A731BD80 / A@SEL$7
  21 - SEL$A731BD80 / PTYPE@SEL$8
  22 - SEL$A731BD80 / PNAME@SEL$8
  23 - SEL$A731BD80 / PVALUE@SEL$8
 
</code></pre><header class="major"><h2>Predicate Information (identified by operation id):</h2></header><pre><code>
 
   4 - filter( EXISTS (SELECT 0 FROM "SI_LOCALES" "LOC",METRICSTREAM."MS_QS_PARAMETER_NAMES" 
              "PNAME",METRICSTREAM."MS_QS_PARAMETER_TYPES" "PTYPE",METRICSTREAM."MS_QS_PARAMETER_VALUES" 
              "PVALUE",METRICSTREAM."SI_USERS_T" "A" WHERE "A"."USER_NAME"=:2 AND 
              "A"."LOCALE"="LOC"."LOCALE_STRING" AND "PTYPE"."PARAMETER_TYPE_ID"="PVALUE"."PARAMETER_TYPE_ID" AND 
              "PNAME"."PARAMETER_ID"="PVALUE"."PARAMETER_ID" AND "PVALUE"."ORG_ENTITY_ID"=1 AND 
              UPPER("PTYPE"."PARAMETER_TYPE")='MS APPS USER NAME DISPLAY FORMAT' AND 
              "PTYPE"."PARAMETER_TYPE_ID"="PNAME"."PARAMETER_TYPE_ID" AND 
              UPPER("PNAME"."PARAMETER_NAME")='DISPLAY_FORMAT' AND "LOC"."LOCALE_ID"=:B1))
   5 - access("T"."ID"="TL"."ID"(+) AND "T"."LOCALE_ID"="TL"."LOCALE_ID"(+))
   9 - filter("ENABLED_FLAG"='Y')
  11 - filter("A"."ACTIVE"='Y')
  12 - access("A"."SRC_OBJ_TYPE"=:1)
  13 - access("PNAME"."PARAMETER_ID"="PVALUE"."PARAMETER_ID" AND 
              "PTYPE"."PARAMETER_TYPE_ID"="PVALUE"."PARAMETER_TYPE_ID")
  14 - access("PTYPE"."PARAMETER_TYPE_ID"="PNAME"."PARAMETER_TYPE_ID")
  18 - access("LOC"."LOCALE_ID"=:B1)
  19 - filter("A"."LOCALE"="LOC"."LOCALE_STRING")
  20 - access("A"."USER_NAME"=:2)
  21 - filter(UPPER("PTYPE"."PARAMETER_TYPE")='MS APPS USER NAME DISPLAY FORMAT')
  22 - filter(UPPER("PNAME"."PARAMETER_NAME")='DISPLAY_FORMAT')
  23 - filter("PVALUE"."ORG_ENTITY_ID"=1)
 
</code></pre><header class="major"><h2>Column Projection Information (identified by operation id):</h2></header><pre><code>
 
   1 - (#keys=0) "MS_CONCAT"("RPT_LINK_DISPLAY_NAME")[4000]
   2 - "RPT_LINK_DISPLAY_NAME"[VARCHAR2,200]
   3 - (#keys=1) "T"."FORM_TITLE"[VARCHAR2,1020], NVL("TL"."RPT_LINK_DISPLAY_NAME","T"."RPT_LINK_DISPL
       AY_NAME")[200]
   4 - "TL"."RPT_LINK_DISPLAY_NAME"[VARCHAR2,200], "T"."RPT_LINK_DISPLAY_NAME"[VARCHAR2,200], 
       "T"."FORM_TITLE"[VARCHAR2,1020]
   5 - (#keys=2) "T"."LOCALE_ID"[NUMBER,22], "TL"."RPT_LINK_DISPLAY_NAME"[VARCHAR2,200], 
       "T"."RPT_LINK_DISPLAY_NAME"[VARCHAR2,200], "T"."FORM_TITLE"[VARCHAR2,1020]
   6 - "TL"."ID"[NUMBER,22], "TL"."LOCALE_ID"[NUMBER,22], "TL"."RPT_LINK_DISPLAY_NAME"[VARCHAR2,200]
   7 - "T"."ID"[NUMBER,22], "T"."FORM_TITLE"[VARCHAR2,1020], "T"."LOCALE_ID"[NUMBER,22], 
       "T"."RPT_LINK_DISPLAY_NAME"[VARCHAR2,200]
   8 - (#keys=0) "LOCALE_ID"[NUMBER,22], "A"."ID"[NUMBER,22], "A"."FORM_TITLE"[VARCHAR2,1020], 
       "A"."RPT_LINK_DISPLAY_NAME"[VARCHAR2,200]
   9 - "LOCALE_ID"[NUMBER,22]
  10 - (#keys=0) "A"."ID"[NUMBER,22], "A"."FORM_TITLE"[VARCHAR2,1020], 
       "A"."RPT_LINK_DISPLAY_NAME"[VARCHAR2,200]
  11 - "A"."ID"[NUMBER,22], "A"."FORM_TITLE"[VARCHAR2,1020], "A"."RPT_LINK_DISPLAY_NAME"[VARCHAR2,200]
  12 - "A".ROWID[ROWID,10]
  13 - (#keys=2) "PNAME"."PARAMETER_ID"[NUMBER,22], "PVALUE"."PARAMETER_ID"[NUMBER,22], 
       "PTYPE"."PARAMETER_TYPE_ID"[NUMBER,22], "PVALUE"."PARAMETER_TYPE_ID"[NUMBER,22]
  14 - (#keys=1) "PTYPE"."PARAMETER_TYPE_ID"[NUMBER,22], "PNAME"."PARAMETER_ID"[NUMBER,22]
  15 - (#keys=0) "PTYPE"."PARAMETER_TYPE_ID"[NUMBER,22]
  16 - (#keys=0) 
  17 - "LOC"."LOCALE_STRING"[VARCHAR2,400]
  18 - "LOC".ROWID[ROWID,10]
  20 - "A".ROWID[ROWID,10]
  21 - "PTYPE"."PARAMETER_TYPE_ID"[NUMBER,22]
  22 - "PNAME"."PARAMETER_ID"[NUMBER,22], "PNAME"."PARAMETER_TYPE_ID"[NUMBER,22]
  23 - "PVALUE"."PARAMETER_TYPE_ID"[NUMBER,22], "PVALUE"."PARAMETER_ID"[NUMBER,22]
										</code></pre>
								</section>
						</div>
					</div>

				<!-- Sidebar -->
				<div id="sidebar">
					<div class="inner">
						<!-- Menu -->
						<nav id="menu">
							<header class="major">
								<h2>Menu</h2>
							</header>
							<ul>
								<li><a href="../index.html">Module List</a></li>
								<li><a href="index.html">Summary</a></li>
								<li>
									<span class="opener">DB Analysis</span>
									<ul>
										<li><a href="bad-sql.html">Bad SQL</a></li>
										<li><a href="poor-sql.html">Poor SQL Plan</a></li>
										<li><a href="invalid-sql.html">Invalid SQL</a></li>
										<li><a href="full-sql.html">Full SQL Report</a></li>
										<li><a href="table-nil-key.html">Primary/Unique Key Miss</a></li>
										<li><a href="invalid-db-object.html">Invalid DB Objects</a></li>
									</ul>
								</li>
								<li>
									<span class="opener">Infolets</span>
									<ul>
										<li><a href="keep-history-infolets.html">Keep History Infolets</a></li>
									</ul>
								</li>
								<li>
									<span class="opener">Pushforms</span>
									<ul>
										<li><a href="pushform-denormalize.html">Pushform Denormalized</a></li>
									</ul>
								</li>
							</ul>
						</nav>

						<!-- Section -->
						<section>
							<header class="major">
								<h2>Get in touch</h2>
							</header>
							<p>You need more details on the report or want more functionality, don't hesitate to reach out to us.</p>
							<ul class="contact">
								<li class="fa-envelope-o"><a href="mailto:rnd@metricstream.com?Subject=Reg - Static Code Analysis Tool" target="_top">rnd@metricstream.com</a></li>
							</ul>
						</section>

						<!-- Footer -->
						<footer id="footer">
							<p class="copyright">&copy; <a href="http://www.metricstream.com" target="_blank">MetricStream</a>. All rights reserved. </p>
						</footer>
					</div>
				</div>
			</div>

		<!-- Scripts -->
			<script src="../../lib/assets/js/jquery.min.js"></script>
			<script src="../../lib/assets/js/skel.min.js"></script>
			<script src="../../lib/assets/js/util.js"></script>
			<!--[if lte IE 8]><script src="../../lib/assets/js/ie/respond.min.js"></script><![endif]-->
			<script src="../../lib/assets/js/main.js"></script>
	</body>
</html>