<!DOCTYPE HTML>
<html>
	<head>
		<title>Code Analysis - MetricStream</title>
		<meta charset="utf-8" />
		<meta name="viewport" content="width=device-width, initial-scale=1, user-scalable=no" />
		<!--[if lte IE 8]><script src="../../lib/assets/js/ie/html5shiv.js"></script><![endif]-->
		<link rel="stylesheet" href="../../lib/assets/css/main.css" />
		<!--[if lte IE 9]><link rel="stylesheet" href="../../lib/assets/css/ie9.css" /><![endif]-->
		<!--[if lte IE 8]><link rel="stylesheet" href="../../lib/assets/css/ie8.css" /><![endif]-->
	</head>
	<body>

		<!-- Wrapper -->
			<div id="wrapper">

				<!-- Main -->
					<div id="main">
						<div class="inner">
							<!-- Header -->
								<header id="header">
									<a href="index.html" class="logo"><strong>Static Code Analysis Report</strong> by Code Analyzer Tool</a>
								</header>

							<!-- Content -->
								<section>
									<!-- Content -->
										<header class="major"><h2>Infolet Details</h2></header>
										<div class="table-wrapper">
											<table>
												<tbody>
													<tr>
														<td><b>Name</b></td>
														<td>MS_ISM_Action_Details_Inline_Report (101223)</td>
													</tr>
													<tr>
														<td><b>SQL</b></td>
														<td><pre><code>SELECT a.issue_id,
       comments AS action_comments,
       a.action_due_date,
       action_id,
       action_owner,
       action_per_complete,
       action_priority,
       action_status,
       report_json,
       action_type,
       reopen_action,
       action_title,
       action_owner_stored,
       action_description
  FROM (
    SELECT a.issue_id,
           a.action_due_date,
           a.action_id,
           ms_apps_utilities.get_user_full_name (a.action_owner) AS action_owner,
           DECODE (action_status, '10', '', action_per_complte) AS action_per_complete,
           ms_ism_lov_sto_disp_value_pkg.get_display_value_lov ('MS_ISM', 'MS ISM Priority', a.action_priority, NULL, usr.locale) AS action_priority,
           ms_ism_lov_sto_disp_value_pkg.get_display_value_lov ('MS_ISM', 'MS_ISM_FORM_STATUS', a.action_status, NULL, usr.locale) AS action_status,
           NULL AS report_json,
           ms_ism_lov_sto_disp_value_pkg.get_display_value_lov ('MS_ISM', 'MS ISM Action Item Type', NVL (b.action_type, '1'), NULL, usr.locale) AS action_type,
           ms_ism_helper.get_link_url_for_reopen_act (a.action_id, :2, a.action_status, a.action_title) AS reopen_action,
           a.action_title AS action_title,
           a.action_owner AS action_owner_stored,
           REGEXP_REPLACE (a.action_details, '<[^>]+>', NULL) AS action_description,
           c.instance_id comments_iid,
           MAX (c.instance_id) OVER (PARTITION BY c.action_id, c.issue_id) max_comments_iid,
           c.comments
      FROM ms_ism_action a, 
           ms_ism_issue_iap b,
           ms_ism_comments_log c,
           (SELECT locale FROM si_users_t a WHERE a.user_name = :2) usr
     WHERE a.issue_id = b.issue_id(+)
       AND a.action_id = b.issue_action_id(+)
       AND a.issue_id = :1
       AND a.issue_id = c.issue_id(+)
       AND a.action_id = c.action_id(+)) a
 WHERE a.comments_iid = a.max_comments_iid or a.max_comments_iid is null</code></pre></td>
													</tr>
													<tr>
														<td><b>Description</b></td>
														<td>Thisi infolet used to fetch display value of ‘Issue Status’.</td>
													</tr>
												</tbody>
											</table>
										</div>

										<h2 align="center" id="content">Analysis Report</h2>
										<hr>

<header class="major"><h2>Plan hash value: 3263370790</h2></header><pre><code>
 
---------------------------------------------------------------------------------------------------------
| Id  | Operation                         | Name                | Rows  | Bytes | Cost (%CPU)| Time     |
---------------------------------------------------------------------------------------------------------
|   0 | SELECT STATEMENT                  |                     |     1 | 20591 |     6  (17)| 00:00:01 |
|*  1 |  VIEW                             |                     |     1 | 20591 |     6  (17)| 00:00:01 |
|   2 |   WINDOW SORT                     |                     |     1 |  5869 |     6  (17)| 00:00:01 |
|   3 |    NESTED LOOPS OUTER             |                     |     1 |  5869 |     5   (0)| 00:00:01 |
|*  4 |     HASH JOIN OUTER               |                     |     1 |  5834 |     4   (0)| 00:00:01 |
|   5 |      NESTED LOOPS                 |                     |     1 |  3415 |     2   (0)| 00:00:01 |
|   6 |       NESTED LOOPS                |                     |     1 |  3415 |     2   (0)| 00:00:01 |
|   7 |        TABLE ACCESS BY INDEX ROWID| SI_USERS_T          |     1 |    19 |     1   (0)| 00:00:01 |
|*  8 |         INDEX RANGE SCAN          | SI_USERS_T_N3       |     1 |       |     1   (0)| 00:00:01 |
|*  9 |        INDEX RANGE SCAN           | IDX_ISSUE_ID        |     1 |       |     1   (0)| 00:00:01 |
|  10 |       TABLE ACCESS BY INDEX ROWID | MS_ISM_ACTION       |     1 |  3396 |     1   (0)| 00:00:01 |
<font style="background-color: lightblue; color: red">|* 11 |      TABLE ACCESS FULL            | MS_ISM_COMMENTS_LOG |     1 |  2419 |     2   (0)| 00:00:01 |</font>
|  12 |     TABLE ACCESS BY INDEX ROWID   | MS_ISM_ISSUE_IAP    |     1 |    35 |     1   (0)| 00:00:01 |
|* 13 |      INDEX UNIQUE SCAN            | MS_ISM_ISSUE_IAP_UK |     1 |       |     1   (0)| 00:00:01 |
---------------------------------------------------------------------------------------------------------
 
</code></pre><header class="major"><h2>Query Block Name / Object Alias (identified by operation id):</h2></header><pre><code>
 
   1 - SEL$335DD26A / A@SEL$1
   2 - SEL$335DD26A
   7 - SEL$335DD26A / A@SEL$3
   8 - SEL$335DD26A / A@SEL$3
   9 - SEL$335DD26A / A@SEL$2
  10 - SEL$335DD26A / A@SEL$2
  11 - SEL$335DD26A / C@SEL$2
  12 - SEL$335DD26A / B@SEL$2
  13 - SEL$335DD26A / B@SEL$2
 
</code></pre><header class="major"><h2>Predicate Information (identified by operation id):</h2></header><pre><code>
 
   1 - filter("A"."COMMENTS_IID"="A"."MAX_COMMENTS_IID" OR "A"."MAX_COMMENTS_IID" IS NULL)
   4 - access("A"."ISSUE_ID"="C"."ISSUE_ID"(+) AND "A"."ACTION_ID"="C"."ACTION_ID"(+))
   8 - access("A"."USER_NAME"=:2)
   9 - access("A"."ISSUE_ID"=:1)
  11 - filter("C"."ISSUE_ID"(+)=:1)
  13 - access("B"."ISSUE_ID"(+)=:1 AND "A"."ACTION_ID"="B"."ISSUE_ACTION_ID"(+))
 
</code></pre><header class="major"><h2>Column Projection Information (identified by operation id):</h2></header><pre><code>
 
   1 - "A"."ISSUE_ID"[VARCHAR2,4000], "A"."ACTION_DUE_DATE"[DATE,7], "ACTION_ID"[VARCHAR2,1020], 
       "ACTION_OWNER"[VARCHAR2,4000], "ACTION_PER_COMPLETE"[VARCHAR2,40], 
       "ACTION_PRIORITY"[VARCHAR2,4000], "ACTION_STATUS"[VARCHAR2,4000], "REPORT_JSON"[VARCHAR2,0], 
       "ACTION_TYPE"[VARCHAR2,4000], "REOPEN_ACTION"[VARCHAR2,4000], "ACTION_TITLE"[VARCHAR2,4000], 
       "ACTION_OWNER_STORED"[VARCHAR2,4000], "ACTION_DESCRIPTION"[LOB,4000], 
       "A"."COMMENTS_IID"[NUMBER,22], "A"."MAX_COMMENTS_IID"[NUMBER,22], "COMMENTS"[VARCHAR2,4000]
   2 - (#keys=2) "C"."ACTION_ID"[VARCHAR2,400], "C"."ISSUE_ID"[VARCHAR2,400], 
       "A"."ISSUE_ID"[VARCHAR2,4000], "B"."ACTION_TYPE"[VARCHAR2,4000], "A"."ACTION_ID"[VARCHAR2,1020], 
       "B"."ISSUE_ID"[VARCHAR2,1020], "A".ROWID[ROWID,10], "A"."USER_NAME"[VARCHAR2,80], 
       "LOCALE"[VARCHAR2,100], "A".ROWID[ROWID,10], "A"."ACTION_STATUS"[VARCHAR2,1020], 
       "A"."ACTION_OWNER"[VARCHAR2,4000], "A"."ACTION_TITLE"[VARCHAR2,4000], 
       "A"."ACTION_PRIORITY"[VARCHAR2,4000], "A"."ACTION_DETAILS"[LOB,4000], 
       "A"."ACTION_DUE_DATE"[DATE,7], "ACTION_PER_COMPLTE"[NUMBER,22], "C"."INSTANCE_ID"[NUMBER,22], 
       "C"."COMMENTS"[VARCHAR2,4000], "B".ROWID[ROWID,10], "B"."ISSUE_ACTION_ID"[VARCHAR2,1020], 
       MAX("C"."INSTANCE_ID") OVER ( PARTITION BY "C"."ACTION_ID","C"."ISSUE_ID")[22]
   3 - (#keys=0) "A"."ISSUE_ID"[VARCHAR2,4000], "C"."ISSUE_ID"[VARCHAR2,400], 
       "A"."ACTION_ID"[VARCHAR2,1020], "C"."ACTION_ID"[VARCHAR2,400], "A".ROWID[ROWID,10], 
       "A"."USER_NAME"[VARCHAR2,80], "LOCALE"[VARCHAR2,100], "A".ROWID[ROWID,10], 
       "A"."ACTION_STATUS"[VARCHAR2,1020], "A"."ACTION_OWNER"[VARCHAR2,4000], 
       "A"."ACTION_TITLE"[VARCHAR2,4000], "A"."ACTION_PRIORITY"[VARCHAR2,4000], 
       "A"."ACTION_DETAILS"[LOB,4000], "A"."ACTION_DUE_DATE"[DATE,7], "ACTION_PER_COMPLTE"[NUMBER,22], 
       "C"."INSTANCE_ID"[NUMBER,22], "C"."COMMENTS"[VARCHAR2,4000], "B".ROWID[ROWID,10], 
       "B"."ISSUE_ACTION_ID"[VARCHAR2,1020], "B"."ACTION_TYPE"[VARCHAR2,4000], 
       "B"."ISSUE_ID"[VARCHAR2,1020]
   4 - (#keys=2) "A"."ISSUE_ID"[VARCHAR2,4000], "C"."ISSUE_ID"[VARCHAR2,400], 
       "A"."ACTION_ID"[VARCHAR2,1020], "C"."ACTION_ID"[VARCHAR2,400], "A".ROWID[ROWID,10], 
       "A"."USER_NAME"[VARCHAR2,80], "LOCALE"[VARCHAR2,100], "A".ROWID[ROWID,10], 
       "A"."ACTION_STATUS"[VARCHAR2,1020], "A"."ACTION_OWNER"[VARCHAR2,4000], 
       "A"."ACTION_TITLE"[VARCHAR2,4000], "A"."ACTION_PRIORITY"[VARCHAR2,4000], 
       "A"."ACTION_DETAILS"[LOB,4000], "A"."ACTION_DUE_DATE"[DATE,7], "ACTION_PER_COMPLTE"[NUMBER,22], 
       "C"."INSTANCE_ID"[NUMBER,22], "C"."COMMENTS"[VARCHAR2,4000]
   5 - (#keys=0) "A".ROWID[ROWID,10], "A"."USER_NAME"[VARCHAR2,80], "LOCALE"[VARCHAR2,100], 
       "A".ROWID[ROWID,10], "A"."ACTION_ID"[VARCHAR2,1020], "A"."ACTION_OWNER"[VARCHAR2,4000], 
       "A"."ACTION_TITLE"[VARCHAR2,4000], "A"."ISSUE_ID"[VARCHAR2,4000], 
       "A"."ACTION_DETAILS"[LOB,4000], "A"."ACTION_DUE_DATE"[DATE,7], "ACTION_PER_COMPLTE"[NUMBER,22], 
       "A"."ACTION_STATUS"[VARCHAR2,1020], "A"."ACTION_PRIORITY"[VARCHAR2,4000]
   6 - (#keys=0) "A".ROWID[ROWID,10], "A"."USER_NAME"[VARCHAR2,80], "LOCALE"[VARCHAR2,100], 
       "A".ROWID[ROWID,10], "A"."ISSUE_ID"[VARCHAR2,4000], "A"."ACTION_ID"[VARCHAR2,1020]
   7 - "A".ROWID[ROWID,10], "A"."USER_NAME"[VARCHAR2,80], "LOCALE"[VARCHAR2,100]
   8 - "A".ROWID[ROWID,10], "A"."USER_NAME"[VARCHAR2,80]
   9 - "A".ROWID[ROWID,10], "A"."ISSUE_ID"[VARCHAR2,4000], "A"."ACTION_ID"[VARCHAR2,1020]
  10 - "A".ROWID[ROWID,10], "A"."ACTION_OWNER"[VARCHAR2,4000], 
       "A"."ACTION_TITLE"[VARCHAR2,4000], "A"."ACTION_DETAILS"[LOB,4000], 
       "A"."ACTION_DUE_DATE"[DATE,7], "ACTION_PER_COMPLTE"[NUMBER,22], 
       "A"."ACTION_STATUS"[VARCHAR2,1020], "A"."ACTION_PRIORITY"[VARCHAR2,4000]
  11 - "C"."INSTANCE_ID"[NUMBER,22], "C"."COMMENTS"[VARCHAR2,4000], 
       "C"."ISSUE_ID"[VARCHAR2,400], "C"."ACTION_ID"[VARCHAR2,400]
  12 - "B".ROWID[ROWID,10], "B"."ISSUE_ACTION_ID"[VARCHAR2,1020], 
       "B"."ACTION_TYPE"[VARCHAR2,4000], "B"."ISSUE_ID"[VARCHAR2,1020]
  13 - "B".ROWID[ROWID,10], "B"."ISSUE_ID"[VARCHAR2,1020], "B"."ISSUE_ACTION_ID"[VARCHAR2,1020]
										</code></pre>
								</section>
						</div>
					</div>

				<!-- Sidebar -->
				<div id="sidebar">
					<div class="inner">
						<!-- Menu -->
						<nav id="menu">
							<header class="major">
								<h2>Menu</h2>
							</header>
							<ul>
								<li><a href="../index.html">Module List</a></li>
								<li><a href="index.html">Summary</a></li>
								<li>
									<span class="opener">DB Analysis</span>
									<ul>
										<li><a href="bad-sql.html">Bad SQL</a></li>
										<li><a href="poor-sql.html">Poor SQL Plan</a></li>
										<li><a href="invalid-sql.html">Invalid SQL</a></li>
										<li><a href="full-sql.html">Full SQL Report</a></li>
										<li><a href="table-nil-key.html">Primary/Unique Key Miss</a></li>
										<li><a href="invalid-db-object.html">Invalid DB Objects</a></li>
									</ul>
								</li>
								<li>
									<span class="opener">Infolets</span>
									<ul>
										<li><a href="keep-history-infolets.html">Keep History Infolets</a></li>
									</ul>
								</li>
								<li>
									<span class="opener">Pushforms</span>
									<ul>
										<li><a href="pushform-denormalize.html">Pushform Denormalized</a></li>
									</ul>
								</li>
							</ul>
						</nav>

						<!-- Section -->
						<section>
							<header class="major">
								<h2>Get in touch</h2>
							</header>
							<p>You need more details on the report or want more functionality, don't hesitate to reach out to us.</p>
							<ul class="contact">
								<li class="fa-envelope-o"><a href="mailto:rnd@metricstream.com?Subject=Reg - Static Code Analysis Tool" target="_top">rnd@metricstream.com</a></li>
							</ul>
						</section>

						<!-- Footer -->
						<footer id="footer">
							<p class="copyright">&copy; <a href="http://www.metricstream.com" target="_blank">MetricStream</a>. All rights reserved. </p>
						</footer>
					</div>
				</div>
			</div>

		<!-- Scripts -->
			<script src="../../lib/assets/js/jquery.min.js"></script>
			<script src="../../lib/assets/js/skel.min.js"></script>
			<script src="../../lib/assets/js/util.js"></script>
			<!--[if lte IE 8]><script src="../../lib/assets/js/ie/respond.min.js"></script><![endif]-->
			<script src="../../lib/assets/js/main.js"></script>
	</body>
</html>