<!DOCTYPE HTML>
<html>
	<head>
		<title>Code Analysis - MetricStream</title>
		<meta charset="utf-8" />
		<meta name="viewport" content="width=device-width, initial-scale=1, user-scalable=no" />
		<!--[if lte IE 8]><script src="../../lib/assets/js/ie/html5shiv.js"></script><![endif]-->
		<link rel="stylesheet" href="../../lib/assets/css/main.css" />
		<!--[if lte IE 9]><link rel="stylesheet" href="../../lib/assets/css/ie9.css" /><![endif]-->
		<!--[if lte IE 8]><link rel="stylesheet" href="../../lib/assets/css/ie8.css" /><![endif]-->
	</head>
	<body>

		<!-- Wrapper -->
			<div id="wrapper">

				<!-- Main -->
					<div id="main">
						<div class="inner">
							<!-- Header -->
								<header id="header">
									<a href="index.html" class="logo"><strong>Static Code Analysis Report</strong> by Code Analyzer Tool</a>
								</header>

							<!-- Content -->
								<section>
									<!-- Content -->
										<header class="major"><h2>Infolet Details</h2></header>
										<div class="table-wrapper">
											<table>
												<tbody>
													<tr>
														<td><b>Name</b></td>
														<td>MS_RSK_GET_CURRENCY (102185)</td>
													</tr>
													<tr>
														<td><b>SQL</b></td>
														<td><pre><code>SELECT DISTINCT STORED_VALUE, DISPLAYED_VALUE
  FROM (SELECT STORED_VALUE, DISPLAYED_VALUE
          FROM MS_QS_LOV_ORG_VALUES_V
         WHERE NVL(END_DATE, SYSDATE) >= SYSDATE
           AND (TRIM(LOV_NAME) = 'MS_RSK_ENH_CURRENCY')
        UNION ALL
        SELECT ISO AS STORED_VALUE, CURRENCY_SYMBOL AS DISPLAYED_VALUE
          FROM MS_GRC_CURRENCY_UPLOAD_PUB_V)</code></pre></td>
													</tr>
													<tr>
														<td><b>Description</b></td>
														<td>This infolet is used to get the list of Currency values from the GRCF.</td>
													</tr>
												</tbody>
											</table>
										</div>

										<h2 align="center" id="content">Analysis Report</h2>
										<hr>

<header class="major"><h2>Plan hash value: 2922924571</h2></header><pre><code>
 
------------------------------------------------------------------------------------------------------------
| Id  | Operation                     | Name                       | Rows  | Bytes | Cost (%CPU)| Time     |
------------------------------------------------------------------------------------------------------------
|   0 | SELECT STATEMENT              |                            |    53 |   114K|    46   (3)| 00:00:01 |
|   1 |  SORT UNIQUE                  |                            |    53 |   114K|    46   (3)| 00:00:01 |
|   2 |   VIEW                        |                            |    53 |   114K|    45   (0)| 00:00:01 |
|   3 |    UNION-ALL                  |                            |       |       |            |          |
|*  4 |     HASH JOIN                 |                            |    52 |   220K|    40   (0)| 00:00:01 |
|   5 |      VIEW                     | SI_REGISTER_APPLICATION_V  |    40 |   520 |     7   (0)| 00:00:01 |
|   6 |       UNION-ALL               |                            |       |       |            |          |
|*  7 |        HASH JOIN OUTER        |                            |    39 |  1287 |     5   (0)| 00:00:01 |
<font style="background-color: lightblue; color: red">|   8 |         TABLE ACCESS FULL     | SI_REGISTER_APPLICATION    |    39 |   273 |     3   (0)| 00:00:01 |</font>
<font style="background-color: lightblue; color: red">|*  9 |         TABLE ACCESS FULL     | SI_REGISTER_APPLICATION_TL |     1 |    26 |     2   (0)| 00:00:01 |</font>
|  10 |        FAST DUAL              |                            |     1 |       |     2   (0)| 00:00:01 |
|* 11 |      HASH JOIN RIGHT OUTER    |                            |    23 | 99751 |    33   (0)| 00:00:01 |
<font style="background-color: lightblue; color: red">|* 12 |       TABLE ACCESS FULL       | SI_ORG_ENTITIES_TL         |     2 |    14 |     3   (0)| 00:00:01 |</font>
|  13 |       NESTED LOOPS            |                            |    23 | 99590 |    30   (0)| 00:00:01 |
|* 14 |        HASH JOIN RIGHT OUTER  |                            |    23 | 99406 |    29   (0)| 00:00:01 |
<font style="background-color: lightblue; color: red">|  15 |         TABLE ACCESS FULL     | MS_QS_LIST_OF_VALUES_TL    |     1 |  2028 |     2   (0)| 00:00:01 |</font>
|* 16 |         HASH JOIN             |                            |    23 | 52762 |    27   (0)| 00:00:01 |
|* 17 |          HASH JOIN OUTER      |                            |     5 |   305 |     7   (0)| 00:00:01 |
<font style="background-color: lightblue; color: red">|* 18 |           TABLE ACCESS FULL   | MS_QS_LOV_NAMES            |     5 |   175 |     5   (0)| 00:00:01 |</font>
<font style="background-color: lightblue; color: red">|* 19 |           TABLE ACCESS FULL   | MS_QS_LOV_NAMES_TL         |     1 |    26 |     2   (0)| 00:00:01 |</font>
|  20 |          VIEW                 |                            |  2320 |  5059K|    20   (0)| 00:00:01 |
<font style="background-color: lightblue; color: red">|  21 |           MERGE JOIN CARTESIAN|                            |  2320 | 88160 |    20   (0)| 00:00:01 |</font>
<font style="background-color: lightblue; color: red">|* 22 |            TABLE ACCESS FULL  | SI_LOCALES                 |     1 |     6 |     3   (0)| 00:00:01 |</font>
|  23 |            BUFFER SORT        |                            |  2320 | 74240 |    17   (0)| 00:00:01 |
<font style="background-color: lightblue; color: red">|* 24 |             TABLE ACCESS FULL | MS_QS_LIST_OF_VALUES_T     |  2320 | 74240 |    17   (0)| 00:00:01 |</font>
|* 25 |        INDEX RANGE SCAN       | SI_ORG_ENTITIES_N1         |     1 |     8 |     1   (0)| 00:00:01 |
|  26 |     NESTED LOOPS              |                            |     1 |  1118 |     5   (0)| 00:00:01 |
|  27 |      NESTED LOOPS             |                            |     1 |   916 |     4   (0)| 00:00:01 |
|  28 |       FAST DUAL               |                            |     1 |       |     2   (0)| 00:00:01 |
<font style="background-color: lightblue; color: red">|  29 |       TABLE ACCESS FULL       | MS_GRC_CURRENCY_UPLOAD_CRY |     1 |   916 |     2   (0)| 00:00:01 |</font>
|* 30 |      INDEX UNIQUE SCAN        | MS_GRC_CURRENCY_UPLOAD_PK  |     1 |   202 |     1   (0)| 00:00:01 |
------------------------------------------------------------------------------------------------------------
 
</code></pre><header class="major"><h2>Query Block Name / Object Alias (identified by operation id):</h2></header><pre><code>
 
   1 - SEL$1       
   2 - SET$1        / from$_subquery$_001@SEL$1
   3 - SET$1       
   4 - SEL$4E85D893
   5 - SET$2        / SRA@SEL$7
   6 - SET$2       
   7 - SEL$9       
   8 - SEL$9        / T@SEL$9
   9 - SEL$9        / TL@SEL$9
  10 - SEL$12       / DUAL@SEL$12
  12 - SEL$4E85D893 / TL@SEL$17
  15 - SEL$4E85D893 / TL@SEL$4
  18 - SEL$4E85D893 / T@SEL$8
  19 - SEL$4E85D893 / TL@SEL$8
  20 - SEL$ABDE6DFF / X@SEL$4
  21 - SEL$ABDE6DFF
  22 - SEL$ABDE6DFF / SI_LOCALES@SEL$6
  24 - SEL$ABDE6DFF / T@SEL$5
  25 - SEL$4E85D893 / T@SEL$17
  26 - SEL$CB610AF7
  28 - SEL$CB610AF7 / DUAL@SEL$20
  29 - SEL$CB610AF7 / B@SEL$19
  30 - SEL$CB610AF7 / A@SEL$19
 
</code></pre><header class="major"><h2>Predicate Information (identified by operation id):</h2></header><pre><code>
 
   4 - access(NVL("PACKAGE_ID",0)=NVL("SRA"."PACKAGE_ID",0))
   7 - access("TL"."MODULE_ID"(+)="T"."MODULE_ID")
   9 - filter("TL"."LOCALE_ID"(+)=TO_NUMBER("SI_DB_LOCALE_SV"."GETVALUE"()))
  11 - access("T"."ORG_ENTITY_ID"="TL"."ORG_ENTITY_ID"(+))
  12 - filter("TL"."LOCALE_ID"(+)=TO_NUMBER("SI_DB_LOCALE_SV"."GETVALUE"()))
  14 - access("X"."LOV_VALUE_ID"="TL"."LOV_VALUE_ID"(+) AND "X"."LOCALE_ID"="TL"."LOCALE_ID"(+))
  16 - access("X"."LOV_ID"="T"."LOV_ID")
  17 - access("T"."LOV_ID"="TL"."LOV_ID"(+))
  18 - filter(TRIM("T"."LOV_NAME")='MS_RSK_ENH_CURRENCY')
  19 - filter("TL"."LOCALE_ID"(+)=TO_NUMBER("SI_DB_LOCALE_SV"."GETVALUE"()))
  22 - filter("ENABLED_FLAG"='Y')
  24 - filter(NVL("T"."END_DATE",SYSDATE@!)>=SYSDATE@!)
  25 - access("T"."ENTERPRISE_ID"="X"."ENTERPRISE_ID" AND "T"."ORG_ENTITY_ID"="X"."ORG_ENTITY_ID")
  30 - access("A"."OBJECT_ID"="B"."OBJECT_ID")
 
</code></pre><header class="major"><h2>Column Projection Information (identified by operation id):</h2></header><pre><code>
 
   1 - (#keys=2) "STORED_VALUE"[VARCHAR2,400], "DISPLAYED_VALUE"[VARCHAR2,4000]
   2 - "STORED_VALUE"[VARCHAR2,400], "DISPLAYED_VALUE"[VARCHAR2,4000]
   3 - STRDEF[400], STRDEF[4000]
   4 - (#keys=1) "TL"."DISPLAYED_VALUE"[VARCHAR2,4000], "X"."STORED_VALUE"[VARCHAR2,400], 
       "X"."DISPLAYED_VALUE"[VARCHAR2,4000]
   5 - "SRA"."PACKAGE_ID"[NUMBER,22]
   6 - STRDEF[22]
   7 - (#keys=1) "T"."MODULE_ID"[NUMBER,22]
   8 - "T"."MODULE_ID"[NUMBER,22]
   9 - "TL"."MODULE_ID"[NUMBER,22]
  11 - (#keys=1) "TL"."DISPLAYED_VALUE"[VARCHAR2,4000], "PACKAGE_ID"[NUMBER,22], 
       "X"."STORED_VALUE"[VARCHAR2,400], "X"."DISPLAYED_VALUE"[VARCHAR2,4000]
  12 - "TL"."ORG_ENTITY_ID"[NUMBER,22]
  13 - (#keys=0) "TL"."DISPLAYED_VALUE"[VARCHAR2,4000], "PACKAGE_ID"[NUMBER,22], 
       "X"."STORED_VALUE"[VARCHAR2,400], "X"."DISPLAYED_VALUE"[VARCHAR2,4000], 
       "T"."ORG_ENTITY_ID"[NUMBER,22]
  14 - (#keys=2) "TL"."DISPLAYED_VALUE"[VARCHAR2,4000], "PACKAGE_ID"[NUMBER,22], 
       "X"."ENTERPRISE_ID"[NUMBER,22], "X"."ORG_ENTITY_ID"[NUMBER,22], "X"."STORED_VALUE"[VARCHAR2,400], 
       "X"."DISPLAYED_VALUE"[VARCHAR2,4000]
  15 - "TL"."LOV_VALUE_ID"[NUMBER,22], "TL"."DISPLAYED_VALUE"[VARCHAR2,4000], 
       "TL"."LOCALE_ID"[NUMBER,22]
  16 - (#keys=1) "PACKAGE_ID"[NUMBER,22], "X"."LOV_VALUE_ID"[NUMBER,22], 
       "X"."ENTERPRISE_ID"[NUMBER,22], "X"."ORG_ENTITY_ID"[NUMBER,22], "X"."STORED_VALUE"[VARCHAR2,400], 
       "X"."DISPLAYED_VALUE"[VARCHAR2,4000], "X"."LOCALE_ID"[NUMBER,22]
  17 - (#keys=1) "T"."LOV_ID"[NUMBER,22], "PACKAGE_ID"[NUMBER,22]
  18 - "T"."LOV_ID"[NUMBER,22], "PACKAGE_ID"[NUMBER,22]
  19 - "TL"."LOV_ID"[NUMBER,22]
  20 - "X"."LOV_VALUE_ID"[NUMBER,22], "X"."LOV_ID"[NUMBER,22], "X"."ORG_ENTITY_ID"[NUMBER,22], 
       "X"."STORED_VALUE"[VARCHAR2,400], "X"."DISPLAYED_VALUE"[VARCHAR2,4000], "X"."LOCALE_ID"[NUMBER,22], 
       "X"."ENTERPRISE_ID"[NUMBER,22]
  21 - (#keys=0) "LOCALE_ID"[NUMBER,22], "T"."LOV_VALUE_ID"[NUMBER,22], "T"."LOV_ID"[NUMBER,22], 
       "T"."ORG_ENTITY_ID"[NUMBER,22], "T"."STORED_VALUE"[VARCHAR2,400], 
       "T"."DISPLAYED_VALUE"[VARCHAR2,4000], "T"."ENTERPRISE_ID"[NUMBER,22]
  22 - "LOCALE_ID"[NUMBER,22]
  23 - (#keys=0) "T"."LOV_VALUE_ID"[NUMBER,22], "T"."LOV_ID"[NUMBER,22], 
       "T"."ORG_ENTITY_ID"[NUMBER,22], "T"."STORED_VALUE"[VARCHAR2,400], 
       "T"."DISPLAYED_VALUE"[VARCHAR2,4000], "T"."ENTERPRISE_ID"[NUMBER,22]
  24 - "T"."LOV_VALUE_ID"[NUMBER,22], "T"."LOV_ID"[NUMBER,22], "T"."ORG_ENTITY_ID"[NUMBER,22], 
       "T"."STORED_VALUE"[VARCHAR2,400], "T"."DISPLAYED_VALUE"[VARCHAR2,4000], 
       "T"."ENTERPRISE_ID"[NUMBER,22]
  25 - "T"."ORG_ENTITY_ID"[NUMBER,22]
  26 - (#keys=0) "B"."CURRENCY_SYMBOL"[VARCHAR2,1020], "B"."ISO"[VARCHAR2,400]
  27 - (#keys=0) "B"."CURRENCY_SYMBOL"[VARCHAR2,1020], "B"."ISO"[VARCHAR2,400], 
       "B"."OBJECT_ID"[VARCHAR2,400]
  29 - "B"."CURRENCY_SYMBOL"[VARCHAR2,1020], "B"."ISO"[VARCHAR2,400], "B"."OBJECT_ID"[VARCHAR2,400]
										</code></pre>
								</section>
						</div>
					</div>

				<!-- Sidebar -->
				<div id="sidebar">
					<div class="inner">
						<!-- Menu -->
						<nav id="menu">
							<header class="major">
								<h2>Menu</h2>
							</header>
							<ul>
								<li><a href="../index.html">Module List</a></li>
								<li><a href="index.html">Summary</a></li>
								<li>
									<span class="opener">DB Analysis</span>
									<ul>
										<li><a href="bad-sql.html">Bad SQL</a></li>
										<li><a href="poor-sql.html">Poor SQL Plan</a></li>
										<li><a href="invalid-sql.html">Invalid SQL</a></li>
										<li><a href="full-sql.html">Full SQL Report</a></li>
										<li><a href="table-nil-key.html">Primary/Unique Key Miss</a></li>
										<li><a href="invalid-db-object.html">Invalid DB Objects</a></li>
									</ul>
								</li>
								<li>
									<span class="opener">Infolets</span>
									<ul>
										<li><a href="keep-history-infolets.html">Keep History Infolets</a></li>
									</ul>
								</li>
								<li>
									<span class="opener">Pushforms</span>
									<ul>
										<li><a href="pushform-denormalize.html">Pushform Denormalized</a></li>
									</ul>
								</li>
							</ul>
						</nav>

						<!-- Section -->
						<section>
							<header class="major">
								<h2>Get in touch</h2>
							</header>
							<p>You need more details on the report or want more functionality, don't hesitate to reach out to us.</p>
							<ul class="contact">
								<li class="fa-envelope-o"><a href="mailto:rnd@metricstream.com?Subject=Reg - Static Code Analysis Tool" target="_top">rnd@metricstream.com</a></li>
							</ul>
						</section>

						<!-- Footer -->
						<footer id="footer">
							<p class="copyright">&copy; <a href="http://www.metricstream.com" target="_blank">MetricStream</a>. All rights reserved. </p>
						</footer>
					</div>
				</div>
			</div>

		<!-- Scripts -->
			<script src="../../lib/assets/js/jquery.min.js"></script>
			<script src="../../lib/assets/js/skel.min.js"></script>
			<script src="../../lib/assets/js/util.js"></script>
			<!--[if lte IE 8]><script src="../../lib/assets/js/ie/respond.min.js"></script><![endif]-->
			<script src="../../lib/assets/js/main.js"></script>
	</body>
</html>