<!DOCTYPE HTML>
<html>
	<head>
		<title>Code Analysis - MetricStream</title>
		<meta charset="utf-8" />
		<meta name="viewport" content="width=device-width, initial-scale=1, user-scalable=no" />
		<!--[if lte IE 8]><script src="../../lib/assets/js/ie/html5shiv.js"></script><![endif]-->
		<link rel="stylesheet" href="../../lib/assets/css/main.css" />
		<!--[if lte IE 9]><link rel="stylesheet" href="../../lib/assets/css/ie9.css" /><![endif]-->
		<!--[if lte IE 8]><link rel="stylesheet" href="../../lib/assets/css/ie8.css" /><![endif]-->
	</head>
	<body>

		<!-- Wrapper -->
			<div id="wrapper">

				<!-- Main -->
					<div id="main">
						<div class="inner">
							<!-- Header -->
								<header id="header">
									<a href="index.html" class="logo"><strong>Static Code Analysis Report</strong> by Code Analyzer Tool</a>
								</header>

							<!-- Content -->
								<section>
									<!-- Content -->
										<header class="major"><h2>Infolet Details</h2></header>
										<div class="table-wrapper">
											<table>
												<tbody>
													<tr>
														<td><b>Name</b></td>
														<td>MS_RSK_FORM_PROGRESS_STATUS (102172)</td>
													</tr>
													<tr>
														<td><b>SQL</b></td>
														<td><pre><code>SELECT STORED_VALUE,DISPLAYED_VALUE FROM MS_QS_LIST_OF_VALUES_T WHERE LOV_ID IN (
select LOV_ID from MS_QS_LOV_NAMES where LOV_NAME IN ('MS_RSK_STATUS'))</code></pre></td>
													</tr>
													<tr>
														<td><b>Description</b></td>
														<td>null</td>
													</tr>
												</tbody>
											</table>
										</div>

										<h2 align="center" id="content">Analysis Report</h2>
										<hr>

<header class="major"><h2>Plan hash value: 1706728074</h2></header><pre><code>
 
----------------------------------------------------------------------------------------------------------
| Id  | Operation                      | Name                    | Rows  | Bytes | Cost (%CPU)| Time     |
----------------------------------------------------------------------------------------------------------
|   0 | SELECT STATEMENT               |                         |    12 |   540 |     3  (34)| 00:00:01 |
|   1 |  NESTED LOOPS                  |                         |    12 |   540 |     3  (34)| 00:00:01 |
|   2 |   NESTED LOOPS                 |                         |    12 |   540 |     3  (34)| 00:00:01 |
|   3 |    SORT UNIQUE                 |                         |     1 |    30 |     1   (0)| 00:00:01 |
|   4 |     TABLE ACCESS BY INDEX ROWID| MS_QS_LOV_NAMES         |     1 |    30 |     1   (0)| 00:00:01 |
|*  5 |      INDEX RANGE SCAN          | MS_QS_LOV_NAMES_N1      |     1 |       |     1   (0)| 00:00:01 |
|*  6 |    INDEX RANGE SCAN            | MS_QS_LIST_OF_VALUES_N1 |    12 |       |     1   (0)| 00:00:01 |
|   7 |   TABLE ACCESS BY INDEX ROWID  | MS_QS_LIST_OF_VALUES_T  |    12 |   180 |     1   (0)| 00:00:01 |
----------------------------------------------------------------------------------------------------------
 
</code></pre><header class="major"><h2>Query Block Name / Object Alias (identified by operation id):</h2></header><pre><code>
 
   1 - SEL$5DA710D3
   4 - SEL$5DA710D3 / MS_QS_LOV_NAMES@SEL$2
   5 - SEL$5DA710D3 / MS_QS_LOV_NAMES@SEL$2
   6 - SEL$5DA710D3 / MS_QS_LIST_OF_VALUES_T@SEL$1
   7 - SEL$5DA710D3 / MS_QS_LIST_OF_VALUES_T@SEL$1
 
</code></pre><header class="major"><h2>Predicate Information (identified by operation id):</h2></header><pre><code>
 
   5 - access("LOV_NAME"='MS_RSK_STATUS')
   6 - access("LOV_ID"="LOV_ID")
 
</code></pre><header class="major"><h2>Column Projection Information (identified by operation id):</h2></header><pre><code>
 
   1 - (#keys=0) "STORED_VALUE"[VARCHAR2,400], "DISPLAYED_VALUE"[VARCHAR2,4000]
   2 - (#keys=0) "MS_QS_LIST_OF_VALUES_T".ROWID[ROWID,10]
   3 - (#keys=1) "LOV_ID"[NUMBER,22]
   4 - "LOV_ID"[NUMBER,22]
   5 - "MS_QS_LOV_NAMES".ROWID[ROWID,10]
   6 - "MS_QS_LIST_OF_VALUES_T".ROWID[ROWID,10]
   7 - "STORED_VALUE"[VARCHAR2,400], "DISPLAYED_VALUE"[VARCHAR2,4000]
										</code></pre>
								</section>
						</div>
					</div>

				<!-- Sidebar -->
				<div id="sidebar">
					<div class="inner">
						<!-- Menu -->
						<nav id="menu">
							<header class="major">
								<h2>Menu</h2>
							</header>
							<ul>
								<li><a href="../index.html">Module List</a></li>
								<li><a href="index.html">Summary</a></li>
								<li>
									<span class="opener">DB Analysis</span>
									<ul>
										<li><a href="bad-sql.html">Bad SQL</a></li>
										<li><a href="poor-sql.html">Poor SQL Plan</a></li>
										<li><a href="invalid-sql.html">Invalid SQL</a></li>
										<li><a href="full-sql.html">Full SQL Report</a></li>
										<li><a href="table-nil-key.html">Primary/Unique Key Miss</a></li>
										<li><a href="invalid-db-object.html">Invalid DB Objects</a></li>
									</ul>
								</li>
								<li>
									<span class="opener">Infolets</span>
									<ul>
										<li><a href="keep-history-infolets.html">Keep History Infolets</a></li>
									</ul>
								</li>
								<li>
									<span class="opener">Pushforms</span>
									<ul>
										<li><a href="pushform-denormalize.html">Pushform Denormalized</a></li>
									</ul>
								</li>
							</ul>
						</nav>

						<!-- Section -->
						<section>
							<header class="major">
								<h2>Get in touch</h2>
							</header>
							<p>You need more details on the report or want more functionality, don't hesitate to reach out to us.</p>
							<ul class="contact">
								<li class="fa-envelope-o"><a href="mailto:rnd@metricstream.com?Subject=Reg - Static Code Analysis Tool" target="_top">rnd@metricstream.com</a></li>
							</ul>
						</section>

						<!-- Footer -->
						<footer id="footer">
							<p class="copyright">&copy; <a href="http://www.metricstream.com" target="_blank">MetricStream</a>. All rights reserved. </p>
						</footer>
					</div>
				</div>
			</div>

		<!-- Scripts -->
			<script src="../../lib/assets/js/jquery.min.js"></script>
			<script src="../../lib/assets/js/skel.min.js"></script>
			<script src="../../lib/assets/js/util.js"></script>
			<!--[if lte IE 8]><script src="../../lib/assets/js/ie/respond.min.js"></script><![endif]-->
			<script src="../../lib/assets/js/main.js"></script>
	</body>
</html>