<!DOCTYPE HTML>
<html>
	<head>
		<title>Code Analysis - MetricStream</title>
		<meta charset="utf-8" />
		<meta name="viewport" content="width=device-width, initial-scale=1, user-scalable=no" />
		<!--[if lte IE 8]><script src="../../lib/assets/js/ie/html5shiv.js"></script><![endif]-->
		<link rel="stylesheet" href="../../lib/assets/css/main.css" />
		<!--[if lte IE 9]><link rel="stylesheet" href="../../lib/assets/css/ie9.css" /><![endif]-->
		<!--[if lte IE 8]><link rel="stylesheet" href="../../lib/assets/css/ie8.css" /><![endif]-->
	</head>
	<body>

		<!-- Wrapper -->
			<div id="wrapper">

				<!-- Main -->
					<div id="main">
						<div class="inner">
							<!-- Header -->
								<header id="header">
									<a href="index.html" class="logo"><strong>Static Code Analysis Report</strong> by Code Analyzer Tool</a>
								</header>

							<!-- Content -->
								<section>
									<!-- Content -->
										<header class="major"><h2>Infolet Details</h2></header>
										<div class="table-wrapper">
											<table>
												<tbody>
													<tr>
														<td><b>Name</b></td>
														<td>MS RSK Response Type (102089)</td>
													</tr>
													<tr>
														<td><b>SQL</b></td>
														<td><pre><code>SELECT   stored_value, 
         displayed_value, 
         lov_name, 
         locale_id, 
         A.enterprise_id, 
         B.lov_id, 
         lov_value_id, 
         org_entity_id,
         A.start_date, 
         A.end_date
    FROM ms_qs_list_of_values a, ms_qs_lov_names b
   WHERE NVL (A.end_date, SYSDATE) >= SYSDATE
   AND a.lov_id = b.Lov_id
   AND lov_name = 'MS RSK List of Response Type' AND LOCALE_ID IN(SELECT LOCALE_ID FROM MS_RSK_LOCALE_V WHERE USER_NAME=:1)
ORDER BY displayed_value</code></pre></td>
													</tr>
													<tr>
														<td><b>Description</b></td>
														<td>MS RSK Response Type :-
1: Amount
2: Date
3: List of Values
4: Number
5: Text</td>
													</tr>
												</tbody>
											</table>
										</div>

										<h2 align="center" id="content">Analysis Report</h2>
										<hr>

<header class="major"><h2>Plan hash value: 1505237761</h2></header><pre><code>
 
--------------------------------------------------------------------------------------------------------------
| Id  | Operation                          | Name                    | Rows  | Bytes | Cost (%CPU)| Time     |
--------------------------------------------------------------------------------------------------------------
|   0 | SELECT STATEMENT                   |                         |     1 |  4352 |    27   (4)| 00:00:01 |
|   1 |  SORT ORDER BY                     |                         |     1 |  4352 |    27   (4)| 00:00:01 |
|*  2 |   HASH JOIN OUTER                  |                         |     1 |  4352 |    26   (0)| 00:00:01 |
|   3 |    NESTED LOOPS                    |                         |     1 |  2324 |    24   (0)| 00:00:01 |
|   4 |     NESTED LOOPS                   |                         |     5 |  2324 |    24   (0)| 00:00:01 |
|*  5 |      HASH JOIN                     |                         |     5 | 11555 |    22   (0)| 00:00:01 |
|   6 |       NESTED LOOPS                 |                         |     1 |    49 |     2   (0)| 00:00:01 |
|   7 |        NESTED LOOPS                |                         |     1 |    49 |     2   (0)| 00:00:01 |
|   8 |         TABLE ACCESS BY INDEX ROWID| SI_USERS_T              |     1 |    19 |     1   (0)| 00:00:01 |
|*  9 |          INDEX RANGE SCAN          | SI_USERS_T_N3           |     1 |       |     1   (0)| 00:00:01 |
|* 10 |         INDEX RANGE SCAN           | MS_QS_LOV_NAMES_N1      |     1 |       |     1   (0)| 00:00:01 |
|  11 |        TABLE ACCESS BY INDEX ROWID | MS_QS_LOV_NAMES         |     1 |    30 |     1   (0)| 00:00:01 |
|  12 |       VIEW                         |                         |  2320 |  5124K|    20   (0)| 00:00:01 |
<font style="background-color: lightblue; color: red">|  13 |        MERGE JOIN CARTESIAN        |                         |  2320 |   104K|    20   (0)| 00:00:01 |</font>
<font style="background-color: lightblue; color: red">|* 14 |         TABLE ACCESS FULL          | SI_LOCALES              |     1 |     6 |     3   (0)| 00:00:01 |</font>
|  15 |         BUFFER SORT                |                         |  2320 | 92800 |    17   (0)| 00:00:01 |
<font style="background-color: lightblue; color: red">|* 16 |          TABLE ACCESS FULL         | MS_QS_LIST_OF_VALUES_T  |  2320 | 92800 |    17   (0)| 00:00:01 |</font>
|* 17 |      INDEX UNIQUE SCAN             | SI_LOCALES_U1           |     1 |       |     1   (0)| 00:00:01 |
|* 18 |     TABLE ACCESS BY INDEX ROWID    | SI_LOCALES              |     1 |    13 |     1   (0)| 00:00:01 |
<font style="background-color: lightblue; color: red">|  19 |    TABLE ACCESS FULL               | MS_QS_LIST_OF_VALUES_TL |     1 |  2028 |     2   (0)| 00:00:01 |</font>
--------------------------------------------------------------------------------------------------------------
 
</code></pre><header class="major"><h2>Query Block Name / Object Alias (identified by operation id):</h2></header><pre><code>
 
   1 - SEL$9F44ECBB
   8 - SEL$9F44ECBB / B@SEL$6
   9 - SEL$9F44ECBB / B@SEL$6
  10 - SEL$9F44ECBB / B@SEL$1
  11 - SEL$9F44ECBB / B@SEL$1
  12 - SEL$07BDC5B4 / X@SEL$2
  13 - SEL$07BDC5B4
  14 - SEL$07BDC5B4 / SI_LOCALES@SEL$4
  16 - SEL$07BDC5B4 / T@SEL$3
  17 - SEL$9F44ECBB / SI_LOCALES@SEL$7
  18 - SEL$9F44ECBB / SI_LOCALES@SEL$7
  19 - SEL$9F44ECBB / TL@SEL$2
 
</code></pre><header class="major"><h2>Predicate Information (identified by operation id):</h2></header><pre><code>
 
   2 - access("X"."LOV_VALUE_ID"="TL"."LOV_VALUE_ID"(+) AND "X"."LOCALE_ID"="TL"."LOCALE_ID"(+))
   5 - access("X"."LOV_ID"="B"."LOV_ID")
   9 - access("B"."USER_NAME"=:1)
  10 - access("LOV_NAME"='MS RSK List of Response Type')
  14 - filter("ENABLED_FLAG"='Y')
  16 - filter(NVL("T"."END_DATE",SYSDATE@!)>=SYSDATE@!)
  17 - access("X"."LOCALE_ID"="LOCALE_ID")
  18 - filter("ENABLED_FLAG"='Y' AND "LOCALE_STRING"="B"."LOCALE")
 
</code></pre><header class="major"><h2>Column Projection Information (identified by operation id):</h2></header><pre><code>
 
   1 - (#keys=1) NVL("TL"."DISPLAYED_VALUE","X"."DISPLAYED_VALUE")[4000], 
       "X"."STORED_VALUE"[VARCHAR2,400], "X"."END_DATE"[DATE,7], "LOV_NAME"[VARCHAR2,400], 
       "X"."LOCALE_ID"[NUMBER,22], "X"."ENTERPRISE_ID"[NUMBER,22], "B"."LOV_ID"[NUMBER,22], 
       "X"."LOV_VALUE_ID"[NUMBER,22], "X"."ORG_ENTITY_ID"[NUMBER,22], "X"."START_DATE"[DATE,7]
   2 - (#keys=2) "X"."LOV_VALUE_ID"[NUMBER,22], "X"."LOCALE_ID"[NUMBER,22], "B"."LOV_ID"[NUMBER,22], 
       "LOV_NAME"[VARCHAR2,400], "X"."ENTERPRISE_ID"[NUMBER,22], "X"."ORG_ENTITY_ID"[NUMBER,22], 
       "X"."STORED_VALUE"[VARCHAR2,400], "X"."DISPLAYED_VALUE"[VARCHAR2,4000], "X"."START_DATE"[DATE,7], 
       "X"."END_DATE"[DATE,7], "TL"."DISPLAYED_VALUE"[VARCHAR2,4000]
   3 - (#keys=0) "B"."LOV_ID"[NUMBER,22], "LOV_NAME"[VARCHAR2,400], "X"."LOV_VALUE_ID"[NUMBER,22], 
       "X"."ENTERPRISE_ID"[NUMBER,22], "X"."ORG_ENTITY_ID"[NUMBER,22], "X"."STORED_VALUE"[VARCHAR2,400], 
       "X"."DISPLAYED_VALUE"[VARCHAR2,4000], "X"."LOCALE_ID"[NUMBER,22], "X"."START_DATE"[DATE,7], 
       "X"."END_DATE"[DATE,7]
   4 - (#keys=0) "B"."LOV_ID"[NUMBER,22], "B"."LOCALE"[VARCHAR2,100], "LOV_NAME"[VARCHAR2,400], 
       "X"."LOV_VALUE_ID"[NUMBER,22], "X"."ENTERPRISE_ID"[NUMBER,22], "X"."ORG_ENTITY_ID"[NUMBER,22], 
       "X"."STORED_VALUE"[VARCHAR2,400], "X"."DISPLAYED_VALUE"[VARCHAR2,4000], "X"."LOCALE_ID"[NUMBER,22], 
       "X"."START_DATE"[DATE,7], "X"."END_DATE"[DATE,7], "SI_LOCALES".ROWID[ROWID,10]
   5 - (#keys=1) "B"."LOV_ID"[NUMBER,22], "B"."LOCALE"[VARCHAR2,100], "LOV_NAME"[VARCHAR2,400], 
       "X"."LOV_VALUE_ID"[NUMBER,22], "X"."ENTERPRISE_ID"[NUMBER,22], "X"."ORG_ENTITY_ID"[NUMBER,22], 
       "X"."STORED_VALUE"[VARCHAR2,400], "X"."DISPLAYED_VALUE"[VARCHAR2,4000], "X"."LOCALE_ID"[NUMBER,22], 
       "X"."START_DATE"[DATE,7], "X"."END_DATE"[DATE,7]
   6 - (#keys=0) "B"."LOCALE"[VARCHAR2,100], "LOV_NAME"[VARCHAR2,400], "B"."LOV_ID"[NUMBER,22]
   7 - (#keys=0) "B"."LOCALE"[VARCHAR2,100], "B".ROWID[ROWID,10], "LOV_NAME"[VARCHAR2,400]
   8 - "B"."LOCALE"[VARCHAR2,100]
   9 - "B".ROWID[ROWID,10]
  10 - "B".ROWID[ROWID,10], "LOV_NAME"[VARCHAR2,400]
  11 - "B"."LOV_ID"[NUMBER,22]
  12 - "X"."LOV_VALUE_ID"[NUMBER,22], "X"."LOV_ID"[NUMBER,22], "X"."ORG_ENTITY_ID"[NUMBER,22], 
       "X"."STORED_VALUE"[VARCHAR2,400], "X"."DISPLAYED_VALUE"[VARCHAR2,4000], "X"."LOCALE_ID"[NUMBER,22], 
       "X"."START_DATE"[DATE,7], "X"."END_DATE"[DATE,7], "X"."ENTERPRISE_ID"[NUMBER,22]
  13 - (#keys=0) "LOCALE_ID"[NUMBER,22], "T"."LOV_VALUE_ID"[NUMBER,22], "T"."LOV_ID"[NUMBER,22], 
       "T"."ORG_ENTITY_ID"[NUMBER,22], "T"."STORED_VALUE"[VARCHAR2,400], 
       "T"."DISPLAYED_VALUE"[VARCHAR2,4000], "T"."START_DATE"[DATE,7], "T"."END_DATE"[DATE,7], 
       "T"."ENTERPRISE_ID"[NUMBER,22]
  14 - "LOCALE_ID"[NUMBER,22]
  15 - (#keys=0) "T"."LOV_VALUE_ID"[NUMBER,22], "T"."LOV_ID"[NUMBER,22], 
       "T"."ORG_ENTITY_ID"[NUMBER,22], "T"."STORED_VALUE"[VARCHAR2,400], 
       "T"."DISPLAYED_VALUE"[VARCHAR2,4000], "T"."START_DATE"[DATE,7], "T"."END_DATE"[DATE,7], 
       "T"."ENTERPRISE_ID"[NUMBER,22]
  16 - "T"."LOV_VALUE_ID"[NUMBER,22], "T"."LOV_ID"[NUMBER,22], "T"."ORG_ENTITY_ID"[NUMBER,22], 
       "T"."STORED_VALUE"[VARCHAR2,400], "T"."DISPLAYED_VALUE"[VARCHAR2,4000], "T"."START_DATE"[DATE,7], 
       "T"."END_DATE"[DATE,7], "T"."ENTERPRISE_ID"[NUMBER,22]
  17 - "SI_LOCALES".ROWID[ROWID,10]
  19 - "TL"."LOV_VALUE_ID"[NUMBER,22], "TL"."DISPLAYED_VALUE"[VARCHAR2,4000], 
       "TL"."LOCALE_ID"[NUMBER,22]
										</code></pre>
								</section>
						</div>
					</div>

				<!-- Sidebar -->
				<div id="sidebar">
					<div class="inner">
						<!-- Menu -->
						<nav id="menu">
							<header class="major">
								<h2>Menu</h2>
							</header>
							<ul>
								<li><a href="../index.html">Module List</a></li>
								<li><a href="index.html">Summary</a></li>
								<li>
									<span class="opener">DB Analysis</span>
									<ul>
										<li><a href="bad-sql.html">Bad SQL</a></li>
										<li><a href="poor-sql.html">Poor SQL Plan</a></li>
										<li><a href="invalid-sql.html">Invalid SQL</a></li>
										<li><a href="full-sql.html">Full SQL Report</a></li>
										<li><a href="table-nil-key.html">Primary/Unique Key Miss</a></li>
										<li><a href="invalid-db-object.html">Invalid DB Objects</a></li>
									</ul>
								</li>
								<li>
									<span class="opener">Infolets</span>
									<ul>
										<li><a href="keep-history-infolets.html">Keep History Infolets</a></li>
									</ul>
								</li>
								<li>
									<span class="opener">Pushforms</span>
									<ul>
										<li><a href="pushform-denormalize.html">Pushform Denormalized</a></li>
									</ul>
								</li>
							</ul>
						</nav>

						<!-- Section -->
						<section>
							<header class="major">
								<h2>Get in touch</h2>
							</header>
							<p>You need more details on the report or want more functionality, don't hesitate to reach out to us.</p>
							<ul class="contact">
								<li class="fa-envelope-o"><a href="mailto:rnd@metricstream.com?Subject=Reg - Static Code Analysis Tool" target="_top">rnd@metricstream.com</a></li>
							</ul>
						</section>

						<!-- Footer -->
						<footer id="footer">
							<p class="copyright">&copy; <a href="http://www.metricstream.com" target="_blank">MetricStream</a>. All rights reserved. </p>
						</footer>
					</div>
				</div>
			</div>

		<!-- Scripts -->
			<script src="../../lib/assets/js/jquery.min.js"></script>
			<script src="../../lib/assets/js/skel.min.js"></script>
			<script src="../../lib/assets/js/util.js"></script>
			<!--[if lte IE 8]><script src="../../lib/assets/js/ie/respond.min.js"></script><![endif]-->
			<script src="../../lib/assets/js/main.js"></script>
	</body>
</html>