<!DOCTYPE HTML>
<html>
	<head>
		<title>Code Analysis - MetricStream</title>
		<meta charset="utf-8" />
		<meta name="viewport" content="width=device-width, initial-scale=1, user-scalable=no" />
		<!--[if lte IE 8]><script src="../../lib/assets/js/ie/html5shiv.js"></script><![endif]-->
		<link rel="stylesheet" href="../../lib/assets/css/main.css" />
		<!--[if lte IE 9]><link rel="stylesheet" href="../../lib/assets/css/ie9.css" /><![endif]-->
		<!--[if lte IE 8]><link rel="stylesheet" href="../../lib/assets/css/ie8.css" /><![endif]-->
	</head>
	<body>

		<!-- Wrapper -->
			<div id="wrapper">

				<!-- Main -->
					<div id="main">
						<div class="inner">
							<!-- Header -->
								<header id="header">
									<a href="index.html" class="logo"><strong>Static Code Analysis Report</strong> by Code Analyzer Tool</a>
								</header>

							<!-- Content -->
								<section>
									<!-- Content -->
										<header class="major"><h2>Infolet Details</h2></header>
										<div class="table-wrapper">
											<table>
												<tbody>
													<tr>
														<td><b>Name</b></td>
														<td>MS_RSK_LAND_GET_OVER_RISK_LEVEL (102347)</td>
													</tr>
													<tr>
														<td><b>SQL</b></td>
														<td><pre><code>SELECT 
       replace(c.Displayed_Value ,' ' ,'-') as risk_level
From   Ms_Qs_Lov_Org_Values_v c
WHERE   (TRIM(LOV_NAME)='MS_GRC_LEVEL')
AND LOCALE_ID IN(SELECT LOCALE_ID FROM MS_RSK_LOCALE_V WHERE USER_NAME=:1)
order by c.display_order</code></pre></td>
													</tr>
													<tr>
														<td><b>Description</b></td>
														<td>null</td>
													</tr>
												</tbody>
											</table>
										</div>

										<h2 align="center" id="content">Analysis Report</h2>
										<hr>

<header class="major"><h2>Plan hash value: 725803818</h2></header><pre><code>
 
-------------------------------------------------------------------------------------------------------------------
| Id  | Operation                            | Name                       | Rows  | Bytes | Cost (%CPU)| Time     |
-------------------------------------------------------------------------------------------------------------------
|   0 | SELECT STATEMENT                     |                            |     4 | 16736 |    45   (3)| 00:00:01 |
|   1 |  SORT ORDER BY                       |                            |     4 | 16736 |    45   (3)| 00:00:01 |
|*  2 |   HASH JOIN                          |                            |     4 | 16736 |    44   (0)| 00:00:01 |
|   3 |    VIEW                              | SI_REGISTER_APPLICATION_V  |    40 |   520 |     7   (0)| 00:00:01 |
|   4 |     UNION-ALL                        |                            |       |       |            |          |
|*  5 |      HASH JOIN OUTER                 |                            |    39 |  1287 |     5   (0)| 00:00:01 |
<font style="background-color: lightblue; color: red">|   6 |       TABLE ACCESS FULL              | SI_REGISTER_APPLICATION    |    39 |   273 |     3   (0)| 00:00:01 |</font>
<font style="background-color: lightblue; color: red">|*  7 |       TABLE ACCESS FULL              | SI_REGISTER_APPLICATION_TL |     1 |    26 |     2   (0)| 00:00:01 |</font>
|   8 |      FAST DUAL                       |                            |     1 |       |     2   (0)| 00:00:01 |
|*  9 |    HASH JOIN RIGHT OUTER             |                            |     2 |  8342 |    37   (0)| 00:00:01 |
<font style="background-color: lightblue; color: red">|* 10 |     TABLE ACCESS FULL                | SI_ORG_ENTITIES_TL         |     2 |    14 |     3   (0)| 00:00:01 |</font>
|  11 |     NESTED LOOPS                     |                            |     2 |  8328 |    34   (0)| 00:00:01 |
|* 12 |      HASH JOIN OUTER                 |                            |     2 |  8312 |    33   (0)| 00:00:01 |
|* 13 |       HASH JOIN                      |                            |     2 |  4256 |    31   (0)| 00:00:01 |
<font style="background-color: lightblue; color: red">|* 14 |        TABLE ACCESS FULL             | SI_LOCALES                 |     1 |    13 |     3   (0)| 00:00:01 |</font>
|* 15 |        HASH JOIN                     |                            |    55 |   113K|    28   (0)| 00:00:01 |
|* 16 |         HASH JOIN OUTER              |                            |     5 |   400 |     8   (0)| 00:00:01 |
|  17 |          NESTED LOOPS                |                            |     5 |   270 |     6   (0)| 00:00:01 |
|  18 |           TABLE ACCESS BY INDEX ROWID| SI_USERS_T                 |     1 |    19 |     1   (0)| 00:00:01 |
|* 19 |            INDEX RANGE SCAN          | SI_USERS_T_N3              |     1 |       |     1   (0)| 00:00:01 |
<font style="background-color: lightblue; color: red">|* 20 |           TABLE ACCESS FULL          | MS_QS_LOV_NAMES            |     5 |   175 |     5   (0)| 00:00:01 |</font>
<font style="background-color: lightblue; color: red">|* 21 |          TABLE ACCESS FULL           | MS_QS_LOV_NAMES_TL         |     1 |    26 |     2   (0)| 00:00:01 |</font>
|  22 |         VIEW                         |                            |  5524 |    10M|    20   (0)| 00:00:01 |
<font style="background-color: lightblue; color: red">|  23 |          MERGE JOIN CARTESIAN        |                            |  5524 |   167K|    20   (0)| 00:00:01 |</font>
<font style="background-color: lightblue; color: red">|* 24 |           TABLE ACCESS FULL          | SI_LOCALES                 |     1 |     6 |     3   (0)| 00:00:01 |</font>
|  25 |           BUFFER SORT                |                            |  5524 |   134K|    17   (0)| 00:00:01 |
<font style="background-color: lightblue; color: red">|  26 |            TABLE ACCESS FULL         | MS_QS_LIST_OF_VALUES_T     |  5524 |   134K|    17   (0)| 00:00:01 |</font>
<font style="background-color: lightblue; color: red">|  27 |       TABLE ACCESS FULL              | MS_QS_LIST_OF_VALUES_TL    |     1 |  2028 |     2   (0)| 00:00:01 |</font>
|* 28 |      INDEX RANGE SCAN                | SI_ORG_ENTITIES_N1         |     1 |     8 |     1   (0)| 00:00:01 |
-------------------------------------------------------------------------------------------------------------------
 
</code></pre><header class="major"><h2>Query Block Name / Object Alias (identified by operation id):</h2></header><pre><code>
 
   1 - SEL$70C02CA5
   3 - SET$1        / SRA@SEL$6
   4 - SET$1       
   5 - SEL$8       
   6 - SEL$8        / T@SEL$8
   7 - SEL$8        / TL@SEL$8
   8 - SEL$11       / DUAL@SEL$11
  10 - SEL$70C02CA5 / TL@SEL$16
  14 - SEL$70C02CA5 / SI_LOCALES@SEL$19
  18 - SEL$70C02CA5 / B@SEL$18
  19 - SEL$70C02CA5 / B@SEL$18
  20 - SEL$70C02CA5 / T@SEL$7
  21 - SEL$70C02CA5 / TL@SEL$7
  22 - SEL$7286615E / X@SEL$3
  23 - SEL$7286615E
  24 - SEL$7286615E / SI_LOCALES@SEL$5
  26 - SEL$7286615E / T@SEL$4
  27 - SEL$70C02CA5 / TL@SEL$3
  28 - SEL$70C02CA5 / T@SEL$16
 
</code></pre><header class="major"><h2>Predicate Information (identified by operation id):</h2></header><pre><code>
 
   2 - access(NVL("PACKAGE_ID",0)=NVL("SRA"."PACKAGE_ID",0))
   5 - access("TL"."MODULE_ID"(+)="T"."MODULE_ID")
   7 - filter("TL"."LOCALE_ID"(+)=TO_NUMBER("SI_DB_LOCALE_SV"."GETVALUE"()))
   9 - access("T"."ORG_ENTITY_ID"="TL"."ORG_ENTITY_ID"(+))
  10 - filter("TL"."LOCALE_ID"(+)=TO_NUMBER("SI_DB_LOCALE_SV"."GETVALUE"()))
  12 - access("X"."LOV_VALUE_ID"="TL"."LOV_VALUE_ID"(+) AND "X"."LOCALE_ID"="TL"."LOCALE_ID"(+))
  13 - access("X"."LOCALE_ID"="LOCALE_ID" AND "LOCALE_STRING"="B"."LOCALE")
  14 - filter("ENABLED_FLAG"='Y')
  15 - access("X"."LOV_ID"="T"."LOV_ID")
  16 - access("T"."LOV_ID"="TL"."LOV_ID"(+))
  19 - access("B"."USER_NAME"=:1)
  20 - filter(TRIM("T"."LOV_NAME")='MS_GRC_LEVEL')
  21 - filter("TL"."LOCALE_ID"(+)=TO_NUMBER("SI_DB_LOCALE_SV"."GETVALUE"()))
  24 - filter("ENABLED_FLAG"='Y')
  28 - access("T"."ENTERPRISE_ID"="X"."ENTERPRISE_ID" AND "T"."ORG_ENTITY_ID"="X"."ORG_ENTITY_ID")
 
</code></pre><header class="major"><h2>Column Projection Information (identified by operation id):</h2></header><pre><code>
 
   1 - (#keys=1) "X"."DISPLAY_ORDER"[NUMBER,22], REPLACE(NVL("TL"."DISPLAYED_VALUE","X"."DISPLAYED_VALUE"),
       ' ','-')[4000]
   2 - (#keys=1) "X"."DISPLAYED_VALUE"[VARCHAR2,4000], "X"."DISPLAY_ORDER"[NUMBER,22], 
       "TL"."DISPLAYED_VALUE"[VARCHAR2,4000]
   3 - "SRA"."PACKAGE_ID"[NUMBER,22]
   4 - STRDEF[22]
   5 - (#keys=1) "T"."MODULE_ID"[NUMBER,22]
   6 - "T"."MODULE_ID"[NUMBER,22]
   7 - "TL"."MODULE_ID"[NUMBER,22]
   9 - (#keys=1) "PACKAGE_ID"[NUMBER,22], "X"."DISPLAYED_VALUE"[VARCHAR2,4000], 
       "X"."DISPLAY_ORDER"[NUMBER,22], "TL"."DISPLAYED_VALUE"[VARCHAR2,4000]
  10 - "TL"."ORG_ENTITY_ID"[NUMBER,22]
  11 - (#keys=0) "PACKAGE_ID"[NUMBER,22], "X"."DISPLAYED_VALUE"[VARCHAR2,4000], 
       "X"."DISPLAY_ORDER"[NUMBER,22], "TL"."DISPLAYED_VALUE"[VARCHAR2,4000], "T"."ORG_ENTITY_ID"[NUMBER,22]
  12 - (#keys=2) "X"."ORG_ENTITY_ID"[NUMBER,22], "X"."ENTERPRISE_ID"[NUMBER,22], "PACKAGE_ID"[NUMBER,22], 
       "X"."DISPLAYED_VALUE"[VARCHAR2,4000], "X"."DISPLAY_ORDER"[NUMBER,22], "TL"."DISPLAYED_VALUE"[VARCHAR2,4000]
  13 - (#keys=2) "X"."LOCALE_ID"[NUMBER,22], "X"."ENTERPRISE_ID"[NUMBER,22], "PACKAGE_ID"[NUMBER,22], 
       "X"."LOV_VALUE_ID"[NUMBER,22], "X"."DISPLAY_ORDER"[NUMBER,22], "X"."ORG_ENTITY_ID"[NUMBER,22], 
       "X"."DISPLAYED_VALUE"[VARCHAR2,4000]
  14 - "LOCALE_ID"[NUMBER,22], "LOCALE_STRING"[VARCHAR2,400]
  15 - (#keys=1) "B"."LOCALE"[VARCHAR2,100], "PACKAGE_ID"[NUMBER,22], "X"."LOV_VALUE_ID"[NUMBER,22], 
       "X"."DISPLAY_ORDER"[NUMBER,22], "X"."ORG_ENTITY_ID"[NUMBER,22], "X"."DISPLAYED_VALUE"[VARCHAR2,4000], 
       "X"."LOCALE_ID"[NUMBER,22], "X"."ENTERPRISE_ID"[NUMBER,22]
  16 - (#keys=1) "T"."LOV_ID"[NUMBER,22], "B"."LOCALE"[VARCHAR2,100], "PACKAGE_ID"[NUMBER,22]
  17 - (#keys=0) "B"."LOCALE"[VARCHAR2,100], "T"."LOV_ID"[NUMBER,22], "PACKAGE_ID"[NUMBER,22]
  18 - "B"."LOCALE"[VARCHAR2,100]
  19 - "B".ROWID[ROWID,10]
  20 - "T"."LOV_ID"[NUMBER,22], "PACKAGE_ID"[NUMBER,22]
  21 - "TL"."LOV_ID"[NUMBER,22]
  22 - "X"."LOV_VALUE_ID"[NUMBER,22], "X"."LOV_ID"[NUMBER,22], "X"."ORG_ENTITY_ID"[NUMBER,22], 
       "X"."DISPLAYED_VALUE"[VARCHAR2,4000], "X"."LOCALE_ID"[NUMBER,22], "X"."ENTERPRISE_ID"[NUMBER,22], 
       "X"."DISPLAY_ORDER"[NUMBER,22]
  23 - (#keys=0) "LOCALE_ID"[NUMBER,22], "T"."LOV_VALUE_ID"[NUMBER,22], "T"."LOV_ID"[NUMBER,22], 
       "T"."ORG_ENTITY_ID"[NUMBER,22], "T"."DISPLAYED_VALUE"[VARCHAR2,4000], "T"."ENTERPRISE_ID"[NUMBER,22], 
       "T"."DISPLAY_ORDER"[NUMBER,22]
  24 - "LOCALE_ID"[NUMBER,22]
  25 - (#keys=0) "T"."LOV_VALUE_ID"[NUMBER,22], "T"."LOV_ID"[NUMBER,22], "T"."ORG_ENTITY_ID"[NUMBER,22], 
       "T"."DISPLAYED_VALUE"[VARCHAR2,4000], "T"."ENTERPRISE_ID"[NUMBER,22], "T"."DISPLAY_ORDER"[NUMBER,22]
  26 - "T"."LOV_VALUE_ID"[NUMBER,22], "T"."LOV_ID"[NUMBER,22], "T"."ORG_ENTITY_ID"[NUMBER,22], 
       "T"."DISPLAYED_VALUE"[VARCHAR2,4000], "T"."ENTERPRISE_ID"[NUMBER,22], "T"."DISPLAY_ORDER"[NUMBER,22]
  27 - "TL"."LOV_VALUE_ID"[NUMBER,22], "TL"."DISPLAYED_VALUE"[VARCHAR2,4000], "TL"."LOCALE_ID"[NUMBER,22]
  28 - "T"."ORG_ENTITY_ID"[NUMBER,22]
										</code></pre>
								</section>
						</div>
					</div>

				<!-- Sidebar -->
				<div id="sidebar">
					<div class="inner">
						<!-- Menu -->
						<nav id="menu">
							<header class="major">
								<h2>Menu</h2>
							</header>
							<ul>
								<li><a href="../index.html">Module List</a></li>
								<li><a href="index.html">Summary</a></li>
								<li>
									<span class="opener">DB Analysis</span>
									<ul>
										<li><a href="bad-sql.html">Bad SQL</a></li>
										<li><a href="poor-sql.html">Poor SQL Plan</a></li>
										<li><a href="invalid-sql.html">Invalid SQL</a></li>
										<li><a href="full-sql.html">Full SQL Report</a></li>
										<li><a href="table-nil-key.html">Primary/Unique Key Miss</a></li>
										<li><a href="invalid-db-object.html">Invalid DB Objects</a></li>
									</ul>
								</li>
								<li>
									<span class="opener">Infolets</span>
									<ul>
										<li><a href="keep-history-infolets.html">Keep History Infolets</a></li>
									</ul>
								</li>
								<li>
									<span class="opener">Pushforms</span>
									<ul>
										<li><a href="pushform-denormalize.html">Pushform Denormalized</a></li>
									</ul>
								</li>
							</ul>
						</nav>

						<!-- Section -->
						<section>
							<header class="major">
								<h2>Get in touch</h2>
							</header>
							<p>You need more details on the report or want more functionality, don't hesitate to reach out to us.</p>
							<ul class="contact">
								<li class="fa-envelope-o"><a href="mailto:rnd@metricstream.com?Subject=Reg - Static Code Analysis Tool" target="_top">rnd@metricstream.com</a></li>
							</ul>
						</section>

						<!-- Footer -->
						<footer id="footer">
							<p class="copyright">&copy; <a href="http://www.metricstream.com" target="_blank">MetricStream</a>. All rights reserved. </p>
						</footer>
					</div>
				</div>
			</div>

		<!-- Scripts -->
			<script src="../../lib/assets/js/jquery.min.js"></script>
			<script src="../../lib/assets/js/skel.min.js"></script>
			<script src="../../lib/assets/js/util.js"></script>
			<!--[if lte IE 8]><script src="../../lib/assets/js/ie/respond.min.js"></script><![endif]-->
			<script src="../../lib/assets/js/main.js"></script>
	</body>
</html>