<!DOCTYPE HTML>
<html>
	<head>
		<title>Code Analysis - MetricStream</title>
		<meta charset="utf-8" />
		<meta name="viewport" content="width=device-width, initial-scale=1, user-scalable=no" />
		<!--[if lte IE 8]><script src="../../lib/assets/js/ie/html5shiv.js"></script><![endif]-->
		<link rel="stylesheet" href="../../lib/assets/css/main.css" />
		<!--[if lte IE 9]><link rel="stylesheet" href="../../lib/assets/css/ie9.css" /><![endif]-->
		<!--[if lte IE 8]><link rel="stylesheet" href="../../lib/assets/css/ie8.css" /><![endif]-->
	</head>
	<body>

		<!-- Wrapper -->
			<div id="wrapper">

				<!-- Main -->
					<div id="main">
						<div class="inner">
							<!-- Header -->
								<header id="header">
									<a href="index.html" class="logo"><strong>Static Code Analysis Report</strong> by Code Analyzer Tool</a>
								</header>

							<!-- Content -->
								<section>
									<!-- Content -->
										<header class="major"><h2>Infolet Details</h2></header>
										<div class="table-wrapper">
											<table>
												<tbody>
													<tr>
														<td><b>Name</b></td>
														<td>MS_RSK_GET_PLAN_USERS (102207)</td>
													</tr>
													<tr>
														<td><b>SQL</b></td>
														<td><pre><code>SELECT DISTINCT USRS.user_id
, USRS.user_name
, ms_apps_utilities.get_user_full_name(USRS.user_id) USER_FULL_NAME
FROM SI_FLOW_DOWN_ORG_V ENT,
  SI_ORG_ROLES ORGR,
  SI_USER_ORG_ROLES UOR,
  SI_ACTIVITIES ACT,
  SI_ROLE_ACTIVITIES RACT,
  SI_USERS_T USRS
WHERE ORGR.ORG_ENTITY_ID = ENT.ORG_ENTITY_ID
AND RACT.ACTIVITY_ID     = ACT.ACTIVITY_ID
AND RACT.ROLE_ID         = ORGR.ROLE_ID
AND ORGR.ORG_ROLE_ID     = UOR.ORG_ROLE_ID
AND UOR.USER_ID          = USRS.USER_ID
AND (TRIM (ACTIVITY_NAME) = 'RSK - Assess Risks')
AND ((:2         IN ('3','2')
  AND (MS_RSK_CheckInList(ENT.org_entity_id,:1) = 1))
  OR (:2              ='1'))
order by USER_FULL_NAME</code></pre></td>
													</tr>
													<tr>
														<td><b>Description</b></td>
														<td>null</td>
													</tr>
												</tbody>
											</table>
										</div>

										<h2 align="center" id="content">Analysis Report</h2>
										<hr>

<header class="major"><h2>Plan hash value: 816874705</h2></header><pre><code>
 
----------------------------------------------------------------------------------------------------------------------------
| Id  | Operation                                     | Name                       | Rows  | Bytes | Cost (%CPU)| Time     |
----------------------------------------------------------------------------------------------------------------------------
|   0 | SELECT STATEMENT                              |                            |  1497 |   195K|    37  (11)| 00:00:01 |
|   1 |  SORT UNIQUE                                  |                            |  1497 |   195K|    36   (9)| 00:00:01 |
|*  2 |   HASH JOIN                                   |                            |  1591 |   208K|    35   (6)| 00:00:01 |
|*  3 |    HASH JOIN                                  |                            |    58 |  7482 |    22   (5)| 00:00:01 |
|*  4 |     HASH JOIN                                 |                            |    58 |  6438 |    19   (6)| 00:00:01 |
|*  5 |      HASH JOIN                                |                            |    27 |  2727 |    17   (0)| 00:00:01 |
|*  6 |       HASH JOIN                               |                            |    37 |  3182 |    16   (0)| 00:00:01 |
|*  7 |        HASH JOIN                              |                            |    12 |   912 |    14   (0)| 00:00:01 |
|*  8 |         HASH JOIN OUTER                       |                            |     4 |   252 |     7   (0)| 00:00:01 |
<font style="background-color: lightblue; color: red">|*  9 |          TABLE ACCESS FULL                    | SI_ACTIVITIES_T            |     4 |   148 |     5   (0)| 00:00:01 |</font>
<font style="background-color: lightblue; color: red">|* 10 |          TABLE ACCESS FULL                    | SI_ACTIVITIES_TL           |     1 |    26 |     2   (0)| 00:00:01 |</font>
|  11 |         VIEW                                  | SI_REGISTER_APPLICATION_V  |    40 |   520 |     7   (0)| 00:00:01 |
|  12 |          UNION-ALL                            |                            |       |       |            |          |
|* 13 |           HASH JOIN OUTER                     |                            |    39 |  1287 |     5   (0)| 00:00:01 |
<font style="background-color: lightblue; color: red">|  14 |            TABLE ACCESS FULL                  | SI_REGISTER_APPLICATION    |    39 |   273 |     3   (0)| 00:00:01 |</font>
<font style="background-color: lightblue; color: red">|* 15 |            TABLE ACCESS FULL                  | SI_REGISTER_APPLICATION_TL |     1 |    26 |     2   (0)| 00:00:01 |</font>
|  16 |           FAST DUAL                           |                            |     1 |       |     2   (0)| 00:00:01 |
|  17 |        INDEX FULL SCAN                        | SI_ROLE_ACTIVITIES_N2      |  1005 | 10050 |     2   (0)| 00:00:01 |
|  18 |       INDEX FULL SCAN                         | SI_ORG_ROLES_N3            |    63 |   945 |     1   (0)| 00:00:01 |
|  19 |      INDEX FULL SCAN                          | SI_USER_ORG_ROLES_N2       |   137 |  1370 |     1   (0)| 00:00:01 |
<font style="background-color: lightblue; color: red">|  20 |     TABLE ACCESS FULL                         | SI_USERS_T                 |    46 |   828 |     3   (0)| 00:00:01 |</font>
<font style="background-color: lightblue; color: red">|* 21 |    VIEW                                       | SI_FLOW_DOWN_ORG_V         |   465 |  2325 |    14  (15)| 00:00:01 |</font>
<font style="background-color: lightblue; color: red">|  22 |     TEMP TABLE TRANSFORMATION                 |                            |       |       |            |          |</font>
|  23 |      LOAD AS SELECT                           | SYS_TEMP_0FD9D662C_27E11A9 |       |       |            |          |
|* 24 |       FILTER                                  |                            |       |       |            |          |
|* 25 |        CONNECT BY NO FILTERING WITH START-WITH|                            |       |       |            |          |
|* 26 |         HASH JOIN OUTER                       |                            |    74 |  3034 |     6   (0)| 00:00:01 |
<font style="background-color: lightblue; color: red">|  27 |          TABLE ACCESS FULL                    | SI_ORG_ENTITIES_T          |    74 |  2516 |     3   (0)| 00:00:01 |</font>
<font style="background-color: lightblue; color: red">|* 28 |          TABLE ACCESS FULL                    | SI_ORG_ENTITIES_TL         |     2 |    14 |     3   (0)| 00:00:01 |</font>
|* 29 |      HASH JOIN                                |                            |   465 | 20460 |     7  (15)| 00:00:01 |
|  30 |       VIEW                                    | VW_SQ_1                    |    74 |  1924 |     4  (25)| 00:00:01 |
|  31 |        SORT GROUP BY                          |                            |    74 |  1332 |     4  (25)| 00:00:01 |
|  32 |         VIEW                                  |                            |   465 |  8370 |     3   (0)| 00:00:01 |
<font style="background-color: lightblue; color: red">|  33 |          TABLE ACCESS FULL                    | SYS_TEMP_0FD9D662C_27E11A9 |   465 | 23250 |     3   (0)| 00:00:01 |</font>
|  34 |       VIEW                                    |                            |   465 |  8370 |     3   (0)| 00:00:01 |
<font style="background-color: lightblue; color: red">|  35 |        TABLE ACCESS FULL                      | SYS_TEMP_0FD9D662C_27E11A9 |   465 | 23250 |     3   (0)| 00:00:01 |</font>
----------------------------------------------------------------------------------------------------------------------------
 
</code></pre><header class="major"><h2>Query Block Name / Object Alias (identified by operation id):</h2></header><pre><code>
 
   1 - SEL$651CB77D
   9 - SEL$651CB77D / T@SEL$11
  10 - SEL$651CB77D / TL@SEL$11
  11 - SET$2        / SRA@SEL$11
  12 - SET$2       
  13 - SEL$12      
  14 - SEL$12       / T@SEL$12
  15 - SEL$12       / TL@SEL$12
  16 - SEL$15       / DUAL@SEL$15
  17 - SEL$651CB77D / RACT@SEL$1
  18 - SEL$651CB77D / ORGR@SEL$1
  19 - SEL$651CB77D / UOR@SEL$1
  20 - SEL$651CB77D / USRS@SEL$1
  21 - SEL$15BD0953 / ENT@SEL$1
  22 - SEL$15BD0953
  23 - SEL$2       
  26 - SEL$04B9C198
  27 - SEL$04B9C198 / T@SEL$6
  28 - SEL$04B9C198 / TL@SEL$6
  30 - SEL$0DDF58A2 / VW_SQ_1@SEL$778796C4
  31 - SEL$0DDF58A2
  32 - SEL$EC770CBA / O2@SEL$10
  33 - SEL$EC770CBA / T1@SEL$EC770CBA
  34 - SEL$EC770CBB / O1@SEL$9
  35 - SEL$EC770CBB / T1@SEL$EC770CBB
 
</code></pre><header class="major"><h2>Predicate Information (identified by operation id):</h2></header><pre><code>
 
   2 - access("ORGR"."ORG_ENTITY_ID"="ENT"."ORG_ENTITY_ID")
   3 - access("UOR"."USER_ID"="USRS"."USER_ID")
   4 - access("ORGR"."ORG_ROLE_ID"="UOR"."ORG_ROLE_ID")
   5 - access("RACT"."ROLE_ID"="ORGR"."ROLE_ID")
   6 - access("RACT"."ACTIVITY_ID"="T"."ACTIVITY_ID")
   7 - access(NVL("T"."PACKAGE_ID",0)=NVL("SRA"."PACKAGE_ID",0))
   8 - access("T"."ACTIVITY_ID"="TL"."ACTIVITY_ID"(+))
   9 - filter(TRIM("ACTIVITY_NAME")='RSK - Assess Risks')
  10 - filter("TL"."LOCALE_ID"(+)=TO_NUMBER("SI_DB_LOCALE_SV"."GETVALUE"()))
  13 - access("TL"."MODULE_ID"(+)="T"."MODULE_ID")
  15 - filter("TL"."LOCALE_ID"(+)=TO_NUMBER("SI_DB_LOCALE_SV"."GETVALUE"()))
  21 - filter((:2='3' OR :2='2') AND "MS_RSK_CHECKINLIST"(TO_CHAR("ENT"."ORG_ENTITY_ID"),:1)=1 OR :2='1')
  24 - filter(NVL("END_DATE",SYSDATE@!)>=SYSDATE@!)
  25 - access("PARENT_ORG_ENTITY_ID"=PRIOR "T"."ORG_ENTITY_ID")
       filter("T"."ORG_ENTITY_ID" IS NOT NULL)
  26 - access("T"."ORG_ENTITY_ID"="TL"."ORG_ENTITY_ID"(+))
  28 - filter("TL"."LOCALE_ID"(+)=TO_NUMBER("SI_DB_LOCALE_SV"."GETVALUE"()))
  29 - access("LVL"="MAX(LVL)" AND "ITEM_0"="O1"."ORG_ENTITY_ID")
 
</code></pre><header class="major"><h2>Column Projection Information (identified by operation id):</h2></header><pre><code>
 
   1 - (#keys=3) "MS_APPS_UTILITIES"."GET_USER_FULL_NAME"("USRS"."USER_ID")[4000], "USRS"."USER_NAME"[VARCHAR2,80], 
       "USRS"."USER_ID"[NUMBER,22]
   2 - (#keys=1) "USRS"."USER_ID"[NUMBER,22], "USRS"."USER_NAME"[VARCHAR2,80]
   3 - (#keys=1) "USRS"."USER_ID"[NUMBER,22], "ORGR"."ORG_ENTITY_ID"[NUMBER,22], "USRS"."USER_NAME"[VARCHAR2,80]
   4 - (#keys=1) "ORGR"."ORG_ENTITY_ID"[NUMBER,22], "UOR"."USER_ID"[NUMBER,22]
   5 - (#keys=1) "ORGR"."ORG_ROLE_ID"[NUMBER,22], "ORGR"."ORG_ENTITY_ID"[NUMBER,22]
   6 - (#keys=1) "RACT"."ROLE_ID"[NUMBER,22]
   7 - (#keys=1) "T"."ACTIVITY_ID"[NUMBER,22]
   8 - (#keys=1) "T"."ACTIVITY_ID"[NUMBER,22], "T"."PACKAGE_ID"[NUMBER,22]
   9 - "T"."ACTIVITY_ID"[NUMBER,22], "T"."PACKAGE_ID"[NUMBER,22]
  10 - "TL"."ACTIVITY_ID"[NUMBER,22]
  11 - "SRA"."PACKAGE_ID"[NUMBER,22]
  12 - STRDEF[22]
  13 - (#keys=1) "T"."MODULE_ID"[NUMBER,22]
  14 - "T"."MODULE_ID"[NUMBER,22]
  15 - "TL"."MODULE_ID"[NUMBER,22]
  17 - "RACT"."ACTIVITY_ID"[NUMBER,22], "RACT"."ROLE_ID"[NUMBER,22]
  18 - "ORGR"."ORG_ROLE_ID"[NUMBER,22], "ORGR"."ORG_ENTITY_ID"[NUMBER,22], "ORGR"."ROLE_ID"[NUMBER,22]
  19 - "UOR"."ORG_ROLE_ID"[NUMBER,22], "UOR"."USER_ID"[NUMBER,22]
  20 - "USRS"."USER_ID"[NUMBER,22], "USRS"."USER_NAME"[VARCHAR2,80]
  21 - "ENT"."ORG_ENTITY_ID"[NUMBER,22]
  22 - "MAX(LVL)"[NUMBER,22], "LVL"[NUMBER,22], "ITEM_0"[NUMBER,22], "O1"."ORG_ENTITY_ID"[NUMBER,22]
  23 - SYSDEF[4], SYSDEF[0], SYSDEF[1], SYSDEF[96], SYSDEF[0]
  24 - "PARENT_ORG_ENTITY_ID"[NUMBER,22], "T"."ORG_ENTITY_ID"[NUMBER,22], STRDEF[400], STRDEF[22], STRDEF[7], PRIOR 
       NULL[22], LEVEL[4], SYS_CONNECT_BY_PATH(TO_CHAR("T"."ORG_ENTITY_ID"),':')[4000]
  25 - "PARENT_ORG_ENTITY_ID"[NUMBER,22], "T"."ORG_ENTITY_ID"[NUMBER,22], STRDEF[400], STRDEF[22], STRDEF[7], PRIOR 
       NULL[22], LEVEL[4], SYS_CONNECT_BY_PATH(TO_CHAR("T"."ORG_ENTITY_ID"),':')[4000]
  26 - (#keys=1) "T"."ORG_ENTITY_ID"[NUMBER,22], "TL"."ORG_ENTITY_ID"[NUMBER,22], "T"."ENTERPRISE_ID"[NUMBER,22], 
       "END_DATE"[DATE,7], "T"."ORG_ENTITY_NAME"[VARCHAR2,400], "PARENT_ORG_ENTITY_ID"[NUMBER,22], 
       "TL"."LOCALE_ID"[NUMBER,22]
  27 - "T"."ENTERPRISE_ID"[NUMBER,22], "T"."ORG_ENTITY_ID"[NUMBER,22], "T"."ORG_ENTITY_NAME"[VARCHAR2,400], 
       "PARENT_ORG_ENTITY_ID"[NUMBER,22], "END_DATE"[DATE,7]
  28 - "TL"."ORG_ENTITY_ID"[NUMBER,22], "TL"."LOCALE_ID"[NUMBER,22]
  29 - (#keys=2) "MAX(LVL)"[NUMBER,22], "LVL"[NUMBER,22], "ITEM_0"[NUMBER,22], "O1"."ORG_ENTITY_ID"[NUMBER,22]
  30 - "MAX(LVL)"[NUMBER,22], "ITEM_0"[NUMBER,22]
  31 - (#keys=1) "O2"."ORG_ENTITY_ID"[NUMBER,22], MAX("LVL")[22]
  32 - "O2"."ORG_ENTITY_ID"[NUMBER,22], "LVL"[NUMBER,22]
  33 - "C0"[NUMBER,22], "C1"[VARCHAR2,400], "C2"[NUMBER,22], "C3"[NUMBER,22], "C4"[VARCHAR2,4000]
  34 - "ORG_ENTITY_ID"[NUMBER,22], "LVL"[NUMBER,22]
  35 - "C0"[NUMBER,22], "C1"[VARCHAR2,400], "C2"[NUMBER,22], "C3"[NUMBER,22], "C4"[VARCHAR2,4000]
										</code></pre>
								</section>
						</div>
					</div>

				<!-- Sidebar -->
				<div id="sidebar">
					<div class="inner">
						<!-- Menu -->
						<nav id="menu">
							<header class="major">
								<h2>Menu</h2>
							</header>
							<ul>
								<li><a href="../index.html">Module List</a></li>
								<li><a href="index.html">Summary</a></li>
								<li>
									<span class="opener">DB Analysis</span>
									<ul>
										<li><a href="bad-sql.html">Bad SQL</a></li>
										<li><a href="poor-sql.html">Poor SQL Plan</a></li>
										<li><a href="invalid-sql.html">Invalid SQL</a></li>
										<li><a href="full-sql.html">Full SQL Report</a></li>
										<li><a href="table-nil-key.html">Primary/Unique Key Miss</a></li>
										<li><a href="invalid-db-object.html">Invalid DB Objects</a></li>
									</ul>
								</li>
								<li>
									<span class="opener">Infolets</span>
									<ul>
										<li><a href="keep-history-infolets.html">Keep History Infolets</a></li>
									</ul>
								</li>
								<li>
									<span class="opener">Pushforms</span>
									<ul>
										<li><a href="pushform-denormalize.html">Pushform Denormalized</a></li>
									</ul>
								</li>
							</ul>
						</nav>

						<!-- Section -->
						<section>
							<header class="major">
								<h2>Get in touch</h2>
							</header>
							<p>You need more details on the report or want more functionality, don't hesitate to reach out to us.</p>
							<ul class="contact">
								<li class="fa-envelope-o"><a href="mailto:rnd@metricstream.com?Subject=Reg - Static Code Analysis Tool" target="_top">rnd@metricstream.com</a></li>
							</ul>
						</section>

						<!-- Footer -->
						<footer id="footer">
							<p class="copyright">&copy; <a href="http://www.metricstream.com" target="_blank">MetricStream</a>. All rights reserved. </p>
						</footer>
					</div>
				</div>
			</div>

		<!-- Scripts -->
			<script src="../../lib/assets/js/jquery.min.js"></script>
			<script src="../../lib/assets/js/skel.min.js"></script>
			<script src="../../lib/assets/js/util.js"></script>
			<!--[if lte IE 8]><script src="../../lib/assets/js/ie/respond.min.js"></script><![endif]-->
			<script src="../../lib/assets/js/main.js"></script>
	</body>
</html>