<!DOCTYPE HTML>
<html>
	<head>
		<title>Code Analysis - MetricStream</title>
		<meta charset="utf-8" />
		<meta name="viewport" content="width=device-width, initial-scale=1, user-scalable=no" />
		<!--[if lte IE 8]><script src="../../lib/assets/js/ie/html5shiv.js"></script><![endif]-->
		<link rel="stylesheet" href="../../lib/assets/css/main.css" />
		<!--[if lte IE 9]><link rel="stylesheet" href="../../lib/assets/css/ie9.css" /><![endif]-->
		<!--[if lte IE 8]><link rel="stylesheet" href="../../lib/assets/css/ie8.css" /><![endif]-->
	</head>
	<body>

		<!-- Wrapper -->
			<div id="wrapper">

				<!-- Main -->
					<div id="main">
						<div class="inner">
							<!-- Header -->
								<header id="header">
									<a href="index.html" class="logo"><strong>Static Code Analysis Report</strong> by Code Analyzer Tool</a>
								</header>

							<!-- Content -->
								<section>
									<!-- Content -->
										<header class="major"><h2>Infolet Details</h2></header>
										<div class="table-wrapper">
											<table>
												<tbody>
													<tr>
														<td><b>Name</b></td>
														<td>MS_RSK_LND_GET_PERSPECTIVE (102366)</td>
													</tr>
													<tr>
														<td><b>SQL</b></td>
														<td><pre><code>SELECT distinct A.SCENARIO_ID,a.object_name FROM MS_RSK_SCENARIOS_SCN A,
 (select b.object_id,b.scenario_name,c.organization_id from
  MS_RSK_RISK_ASSESSMENT B,MS_RSK_RISK_ASSESSMENT_ORG C
  WHERE B.OBJECT_ID=C.OBJECT_ID) D
WHERE A.SCENARIO_ID=D.SCENARIO_NAME
and A.assessment_type in (2,3)
 </code></pre></td>
													</tr>
													<tr>
														<td><b>Description</b></td>
														<td>null</td>
													</tr>
												</tbody>
											</table>
										</div>

										<h2 align="center" id="content">Analysis Report</h2>
										<hr>

<header class="major"><h2>Plan hash value: 1230887352</h2></header><pre><code>
 
-----------------------------------------------------------------------------------------------------------------
| Id  | Operation                       | Name                          | Rows  | Bytes | Cost (%CPU)| Time     |
-----------------------------------------------------------------------------------------------------------------
|   0 | SELECT STATEMENT                |                               |     3 |   267 |     6  (17)| 00:00:01 |
|   1 |  SORT UNIQUE                    |                               |     3 |   267 |     6  (17)| 00:00:01 |
|   2 |   NESTED LOOPS                  |                               |     3 |   267 |     5   (0)| 00:00:01 |
|   3 |    NESTED LOOPS                 |                               |     3 |   267 |     5   (0)| 00:00:01 |
|   4 |     NESTED LOOPS                |                               |     3 |   117 |     2   (0)| 00:00:01 |
|   5 |      INDEX FULL SCAN            | MS_RSK_RISK_ASSESSMENT_ORG_UK |     3 |    42 |     1   (0)| 00:00:01 |
|   6 |      TABLE ACCESS BY INDEX ROWID| MS_RSK_RISK_ASSESSMENT        |     1 |    25 |     1   (0)| 00:00:01 |
|*  7 |       INDEX UNIQUE SCAN         | MS_RSK_RISK_ASSESSMENT_PK     |     1 |       |     1   (0)| 00:00:01 |
|*  8 |     INDEX RANGE SCAN            | MS_RSK_SCENARIOS_SCN_UK       |     1 |       |     1   (0)| 00:00:01 |
|*  9 |    TABLE ACCESS BY INDEX ROWID  | MS_RSK_SCENARIOS_SCN          |     1 |    50 |     1   (0)| 00:00:01 |
-----------------------------------------------------------------------------------------------------------------
 
</code></pre><header class="major"><h2>Query Block Name / Object Alias (identified by operation id):</h2></header><pre><code>
 
   1 - SEL$F5BB74E1
   5 - SEL$F5BB74E1 / C@SEL$2
   6 - SEL$F5BB74E1 / B@SEL$2
   7 - SEL$F5BB74E1 / B@SEL$2
   8 - SEL$F5BB74E1 / A@SEL$1
   9 - SEL$F5BB74E1 / A@SEL$1
 
</code></pre><header class="major"><h2>Predicate Information (identified by operation id):</h2></header><pre><code>
 
   7 - access("B"."OBJECT_ID"="C"."OBJECT_ID")
   8 - access("A"."SCENARIO_ID"="B"."SCENARIO_NAME")
   9 - filter(TO_NUMBER("A"."ASSESSMENT_TYPE")=2 OR TO_NUMBER("A"."ASSESSMENT_TYPE")=3)
 
</code></pre><header class="major"><h2>Column Projection Information (identified by operation id):</h2></header><pre><code>
 
   1 - (#keys=2) "A"."SCENARIO_ID"[VARCHAR2,400], "A"."OBJECT_NAME"[VARCHAR2,800]
   2 - (#keys=0) "A"."OBJECT_NAME"[VARCHAR2,800], "A"."SCENARIO_ID"[VARCHAR2,400]
   3 - (#keys=0) "A".ROWID[ROWID,10], "A"."SCENARIO_ID"[VARCHAR2,400]
   4 - (#keys=0) "B"."SCENARIO_NAME"[VARCHAR2,1600]
   5 - "C"."OBJECT_ID"[VARCHAR2,400]
   6 - "B"."SCENARIO_NAME"[VARCHAR2,1600]
   7 - "B".ROWID[ROWID,10]
   8 - "A".ROWID[ROWID,10], "A"."SCENARIO_ID"[VARCHAR2,400]
   9 - "A"."OBJECT_NAME"[VARCHAR2,800]
										</code></pre>
								</section>
						</div>
					</div>

				<!-- Sidebar -->
				<div id="sidebar">
					<div class="inner">
						<!-- Menu -->
						<nav id="menu">
							<header class="major">
								<h2>Menu</h2>
							</header>
							<ul>
								<li><a href="../index.html">Module List</a></li>
								<li><a href="index.html">Summary</a></li>
								<li>
									<span class="opener">DB Analysis</span>
									<ul>
										<li><a href="bad-sql.html">Bad SQL</a></li>
										<li><a href="poor-sql.html">Poor SQL Plan</a></li>
										<li><a href="invalid-sql.html">Invalid SQL</a></li>
										<li><a href="full-sql.html">Full SQL Report</a></li>
										<li><a href="table-nil-key.html">Primary/Unique Key Miss</a></li>
										<li><a href="invalid-db-object.html">Invalid DB Objects</a></li>
									</ul>
								</li>
								<li>
									<span class="opener">Infolets</span>
									<ul>
										<li><a href="keep-history-infolets.html">Keep History Infolets</a></li>
									</ul>
								</li>
								<li>
									<span class="opener">Pushforms</span>
									<ul>
										<li><a href="pushform-denormalize.html">Pushform Denormalized</a></li>
									</ul>
								</li>
							</ul>
						</nav>

						<!-- Section -->
						<section>
							<header class="major">
								<h2>Get in touch</h2>
							</header>
							<p>You need more details on the report or want more functionality, don't hesitate to reach out to us.</p>
							<ul class="contact">
								<li class="fa-envelope-o"><a href="mailto:rnd@metricstream.com?Subject=Reg - Static Code Analysis Tool" target="_top">rnd@metricstream.com</a></li>
							</ul>
						</section>

						<!-- Footer -->
						<footer id="footer">
							<p class="copyright">&copy; <a href="http://www.metricstream.com" target="_blank">MetricStream</a>. All rights reserved. </p>
						</footer>
					</div>
				</div>
			</div>

		<!-- Scripts -->
			<script src="../../lib/assets/js/jquery.min.js"></script>
			<script src="../../lib/assets/js/skel.min.js"></script>
			<script src="../../lib/assets/js/util.js"></script>
			<!--[if lte IE 8]><script src="../../lib/assets/js/ie/respond.min.js"></script><![endif]-->
			<script src="../../lib/assets/js/main.js"></script>
	</body>
</html>