<!DOCTYPE HTML>
<html>
	<head>
		<title>Code Analysis - MetricStream</title>
		<meta charset="utf-8" />
		<meta name="viewport" content="width=device-width, initial-scale=1, user-scalable=no" />
		<!--[if lte IE 8]><script src="../../lib/assets/js/ie/html5shiv.js"></script><![endif]-->
		<link rel="stylesheet" href="../../lib/assets/css/main.css" />
		<!--[if lte IE 9]><link rel="stylesheet" href="../../lib/assets/css/ie9.css" /><![endif]-->
		<!--[if lte IE 8]><link rel="stylesheet" href="../../lib/assets/css/ie8.css" /><![endif]-->
	</head>
	<body>

		<!-- Wrapper -->
			<div id="wrapper">

				<!-- Main -->
					<div id="main">
						<div class="inner">
							<!-- Header -->
								<header id="header">
									<a href="index.html" class="logo"><strong>Static Code Analysis Report</strong> by Code Analyzer Tool</a>
								</header>

							<!-- Content -->
								<section>
									<!-- Content -->
										<header class="major"><h2>Infolet Details</h2></header>
										<div class="table-wrapper">
											<table>
												<tbody>
													<tr>
														<td><b>Name</b></td>
														<td>MS_RSK_QUAN_QUAL_FACT_INFOLET (102450)</td>
													</tr>
													<tr>
														<td><b>SQL</b></td>
														<td><pre><code>select a.Object_id, a.Object_name, decode (a.factor_type, 1 , b.scr_score, null) score,                                  
decode (a.factor_type, 1 , b.scoring_type,
null)scoring_type,   
decode (a.factor_type, 1 , b.value_1,
null) value_1,                         
decode (a.factor_type, 1 , b.value_2,
null) value_2,
decode (a.factor_type, 1 , dbms_lob.substr(REGEXP_REPLACE (b.scor_rule_desc, '<[^>]+>', NULL),4000,1),
null)description       , null as   orderm                                                                         
from  ms_rsk_qnt_asmt_fctr a, ms_rsk_qnt_asmt_fctr_scr b
where a.object_id = b.object_id
and a.object_id =:1
UNION
select a.Object_id, a.Object_name, decode (a.factor_type, 2 , b.mnr_score,
null) score,                               
decode (a.factor_type, 2 , b.response,
null) response,                           
null , 
null,decode (a.factor_type, 2 , dbms_lob.substr(REGEXP_REPLACE (b.resp_desc, '<[^>]+>', NULL),4000,1),
null) description   ,    b.RESPONSE_ORDER_MNR  orderm                                                                         
from  ms_rsk_qnt_asmt_fctr a, ms_rsk_qnt_asmt_fctr_mnr b
where a.object_id = b.object_id                                                   
and a.object_id =:1 order by orderm</code></pre></td>
													</tr>
													<tr>
														<td><b>Description</b></td>
														<td>This infolet is used to fetch the description for Quantitative and Qualitative Factors.</td>
													</tr>
												</tbody>
											</table>
										</div>

										<h2 align="center" id="content">Analysis Report</h2>
										<hr>

<header class="major"><h2>Plan hash value: 3040930194</h2></header><pre><code>
 
--------------------------------------------------------------------------------------------------------------
| Id  | Operation                      | Name                        | Rows  | Bytes | Cost (%CPU)| Time     |
--------------------------------------------------------------------------------------------------------------
|   0 | SELECT STATEMENT               |                             |     8 |  1991 |     7  (43)| 00:00:01 |
|   1 |  SORT UNIQUE                   |                             |     8 |  1991 |     6  (34)| 00:00:01 |
|   2 |   UNION-ALL                    |                             |       |       |            |          |
|   3 |    NESTED LOOPS                |                             |     5 |  1790 |     2   (0)| 00:00:01 |
|   4 |     TABLE ACCESS BY INDEX ROWID| MS_RSK_QNT_ASMT_FCTR        |     1 |    32 |     1   (0)| 00:00:01 |
|*  5 |      INDEX UNIQUE SCAN         | MS_RSK_QNT_ASMT_FCTR_PK     |     1 |       |     1   (0)| 00:00:01 |
|   6 |     TABLE ACCESS BY INDEX ROWID| MS_RSK_QNT_ASMT_FCTR_SCR    |     5 |  1630 |     1   (0)| 00:00:01 |
<font style="background-color: lightblue; color: red">|*  7 |      INDEX SKIP SCAN           | MS_RSK_QNT_ASMT_FCTR_SCR_UK |     5 |       |     1   (0)| 00:00:01 |</font>
|   8 |    NESTED LOOPS                |                             |     3 |   201 |     2   (0)| 00:00:01 |
|   9 |     TABLE ACCESS BY INDEX ROWID| MS_RSK_QNT_ASMT_FCTR        |     1 |    32 |     1   (0)| 00:00:01 |
|* 10 |      INDEX UNIQUE SCAN         | MS_RSK_QNT_ASMT_FCTR_PK     |     1 |       |     1   (0)| 00:00:01 |
|  11 |     TABLE ACCESS BY INDEX ROWID| MS_RSK_QNT_ASMT_FCTR_MNR    |     3 |   105 |     1   (0)| 00:00:01 |
<font style="background-color: lightblue; color: red">|* 12 |      INDEX SKIP SCAN           | MS_RSK_QNT_ASMT_FCTR_MNR_UK |     3 |       |     1   (0)| 00:00:01 |</font>
--------------------------------------------------------------------------------------------------------------
 
</code></pre><header class="major"><h2>Query Block Name / Object Alias (identified by operation id):</h2></header><pre><code>
 
   1 - SET$1
   3 - SEL$1
   4 - SEL$1 / A@SEL$1
   5 - SEL$1 / A@SEL$1
   6 - SEL$1 / B@SEL$1
   7 - SEL$1 / B@SEL$1
   8 - SEL$2
   9 - SEL$2 / A@SEL$2
  10 - SEL$2 / A@SEL$2
  11 - SEL$2 / B@SEL$2
  12 - SEL$2 / B@SEL$2
 
</code></pre><header class="major"><h2>Predicate Information (identified by operation id):</h2></header><pre><code>
 
   5 - access("A"."OBJECT_ID"=:1)
   7 - access("B"."OBJECT_ID"=:1)
       filter("B"."OBJECT_ID"=:1)
  10 - access("A"."OBJECT_ID"=:1)
  12 - access("B"."OBJECT_ID"=:1)
       filter("B"."OBJECT_ID"=:1)
 
</code></pre><header class="major"><h2>Column Projection Information (identified by operation id):</h2></header><pre><code>
 
   1 - (#keys=8) STRDEF[22], STRDEF[400], STRDEF[4000], STRDEF[22], STRDEF[400], STRDEF[22], 
       STRDEF[22], STRDEF[4000]
   2 - STRDEF[400], STRDEF[4000], STRDEF[22], STRDEF[400], STRDEF[22], STRDEF[22], STRDEF[4000], 
       STRDEF[22]
   3 - (#keys=0) "A"."OBJECT_ID"[VARCHAR2,400], "A"."FACTOR_TYPE"[VARCHAR2,400], 
       "A"."OBJECT_NAME"[VARCHAR2,4000], "B"."SCR_SCORE"[NUMBER,22], "B"."VALUE_2"[NUMBER,22], 
       "B"."VALUE_1"[NUMBER,22], "B"."SCORING_TYPE"[VARCHAR2,40], "B"."SCOR_RULE_DESC"[LOB,4000]
   4 - "A"."OBJECT_ID"[VARCHAR2,400], "A"."FACTOR_TYPE"[VARCHAR2,400], 
       "A"."OBJECT_NAME"[VARCHAR2,4000]
   5 - "A".ROWID[ROWID,10], "A"."OBJECT_ID"[VARCHAR2,400]
   6 - "B"."SCR_SCORE"[NUMBER,22], "B"."VALUE_2"[NUMBER,22], "B"."VALUE_1"[NUMBER,22], 
       "B"."SCORING_TYPE"[VARCHAR2,40], "B"."SCOR_RULE_DESC"[LOB,4000]
   7 - "B".ROWID[ROWID,10]
   8 - (#keys=0) "A"."OBJECT_ID"[VARCHAR2,400], "A"."FACTOR_TYPE"[VARCHAR2,400], 
       "A"."OBJECT_NAME"[VARCHAR2,4000], "B"."RESPONSE"[VARCHAR2,400], "B"."MNR_SCORE"[NUMBER,22], 
       "B"."RESP_DESC"[LOB,4000], "B"."RESPONSE_ORDER_MNR"[NUMBER,22]
   9 - "A"."OBJECT_ID"[VARCHAR2,400], "A"."FACTOR_TYPE"[VARCHAR2,400], 
       "A"."OBJECT_NAME"[VARCHAR2,4000]
  10 - "A".ROWID[ROWID,10], "A"."OBJECT_ID"[VARCHAR2,400]
  11 - "B"."RESPONSE"[VARCHAR2,400], "B"."MNR_SCORE"[NUMBER,22], "B"."RESP_DESC"[LOB,4000], 
       "B"."RESPONSE_ORDER_MNR"[NUMBER,22]
  12 - "B".ROWID[ROWID,10]
										</code></pre>
								</section>
						</div>
					</div>

				<!-- Sidebar -->
				<div id="sidebar">
					<div class="inner">
						<!-- Menu -->
						<nav id="menu">
							<header class="major">
								<h2>Menu</h2>
							</header>
							<ul>
								<li><a href="../index.html">Module List</a></li>
								<li><a href="index.html">Summary</a></li>
								<li>
									<span class="opener">DB Analysis</span>
									<ul>
										<li><a href="bad-sql.html">Bad SQL</a></li>
										<li><a href="poor-sql.html">Poor SQL Plan</a></li>
										<li><a href="invalid-sql.html">Invalid SQL</a></li>
										<li><a href="full-sql.html">Full SQL Report</a></li>
										<li><a href="table-nil-key.html">Primary/Unique Key Miss</a></li>
										<li><a href="invalid-db-object.html">Invalid DB Objects</a></li>
									</ul>
								</li>
								<li>
									<span class="opener">Infolets</span>
									<ul>
										<li><a href="keep-history-infolets.html">Keep History Infolets</a></li>
									</ul>
								</li>
								<li>
									<span class="opener">Pushforms</span>
									<ul>
										<li><a href="pushform-denormalize.html">Pushform Denormalized</a></li>
									</ul>
								</li>
							</ul>
						</nav>

						<!-- Section -->
						<section>
							<header class="major">
								<h2>Get in touch</h2>
							</header>
							<p>You need more details on the report or want more functionality, don't hesitate to reach out to us.</p>
							<ul class="contact">
								<li class="fa-envelope-o"><a href="mailto:rnd@metricstream.com?Subject=Reg - Static Code Analysis Tool" target="_top">rnd@metricstream.com</a></li>
							</ul>
						</section>

						<!-- Footer -->
						<footer id="footer">
							<p class="copyright">&copy; <a href="http://www.metricstream.com" target="_blank">MetricStream</a>. All rights reserved. </p>
						</footer>
					</div>
				</div>
			</div>

		<!-- Scripts -->
			<script src="../../lib/assets/js/jquery.min.js"></script>
			<script src="../../lib/assets/js/skel.min.js"></script>
			<script src="../../lib/assets/js/util.js"></script>
			<!--[if lte IE 8]><script src="../../lib/assets/js/ie/respond.min.js"></script><![endif]-->
			<script src="../../lib/assets/js/main.js"></script>
	</body>
</html>