<!DOCTYPE HTML>
<html>
	<head>
		<title>Code Analysis - MetricStream</title>
		<meta charset="utf-8" />
		<meta name="viewport" content="width=device-width, initial-scale=1, user-scalable=no" />
		<!--[if lte IE 8]><script src="../../lib/assets/js/ie/html5shiv.js"></script><![endif]-->
		<link rel="stylesheet" href="../../lib/assets/css/main.css" />
		<!--[if lte IE 9]><link rel="stylesheet" href="../../lib/assets/css/ie9.css" /><![endif]-->
		<!--[if lte IE 8]><link rel="stylesheet" href="../../lib/assets/css/ie8.css" /><![endif]-->
	</head>
	<body>

		<!-- Wrapper -->
			<div id="wrapper">

				<!-- Main -->
					<div id="main">
						<div class="inner">
							<!-- Header -->
								<header id="header">
									<a href="index.html" class="logo"><strong>Static Code Analysis Report</strong> by Code Analyzer Tool</a>
								</header>

							<!-- Content -->
								<section>
									<!-- Content -->
										<header class="major"><h2>Infolet Details</h2></header>
										<div class="table-wrapper">
											<table>
												<tbody>
													<tr>
														<td><b>Name</b></td>
														<td>MS_RSK_AD_HOC_RISK_REPORT_INFOL_New (102109)</td>
													</tr>
													<tr>
														<td><b>SQL</b></td>
														<td><pre><code>select ASSESSMENT_ID,
       ASSESSMENT_ID_URL,
       ASSESSMENT_TYPE,
       ASSESSMENT_TYPE_DISP,
       RISK_ID,
       RISK_NAME,
       ORGANIZATION_ID,
       ORGANIZATION_NAME,
       CORE_OBJECT_ID,
       CORE_OBJECT_NAME,
       SCENARIO_ID,
       SCENARIO_NAME,
       ASSESSMENT_DATE,
       INHERENT_RATING,
       RESIDUAL_RATING, 
       ASSESSOR,
       ASSESSOR_FULL_NAME,
       dd_object_type as object_type,
dd_object_type_disp as process_type,
ASSESS_JSON,
        PROOCESS_JSON,dummy_col_1
FROM MS_RSK_ADHOC_RISKS_VW</code></pre></td>
													</tr>
													<tr>
														<td><b>Description</b></td>
														<td>This infolet is used to fetch data for MS_RSK_AD_HOC_RISK_REPORT.</td>
													</tr>
												</tbody>
											</table>
										</div>

										<h2 align="center" id="content">Analysis Report</h2>
										<hr>

<header class="major"><h2>Plan hash value: 1954768627</h2></header><pre><code>
 
---------------------------------------------------------------------------------------------------------------
| Id  | Operation                        | Name                       | Rows  | Bytes | Cost (%CPU)| Time     |
---------------------------------------------------------------------------------------------------------------
|   0 | SELECT STATEMENT                 |                            |     1 |  3452 |    11   (0)| 00:00:01 |
|   1 |  VIEW                            | SI_ENT_ACTIVE_V            |     1 |    13 |     4  (25)| 00:00:01 |
|   2 |   SORT ORDER BY                  |                            |     1 |    33 |     4  (25)| 00:00:01 |
<font style="background-color: lightblue; color: red">|*  3 |    TABLE ACCESS FULL             | SI_ENT                     |     1 |    33 |     3   (0)| 00:00:01 |</font>
|   4 |  FAST DUAL                       |                            |     1 |       |     2   (0)| 00:00:01 |
<font style="background-color: lightblue; color: red">|*  5 |  TABLE ACCESS FULL               | MS_RSK_OVERRIDE_SCORE      |     1 |    15 |     3   (0)| 00:00:01 |</font>
<font style="background-color: lightblue; color: red">|*  6 |  TABLE ACCESS FULL               | MS_RSK_OVERRIDE_SCORE      |     1 |    15 |     3   (0)| 00:00:01 |</font>
|   7 |  TABLE ACCESS BY INDEX ROWID     | SI_USERS_T                 |     1 |    28 |     1   (0)| 00:00:01 |
|*  8 |   INDEX RANGE SCAN               | SI_USERS_T_N3              |     1 |       |     1   (0)| 00:00:01 |
|   9 |  TABLE ACCESS BY INDEX ROWID     | SI_METRICS_T               |     1 |    34 |     1   (0)| 00:00:01 |
|* 10 |   INDEX RANGE SCAN               | SI_METRICS_T_N7            |     1 |       |     1   (0)| 00:00:01 |
|  11 |  NESTED LOOPS OUTER              |                            |     1 |  3452 |    11   (0)| 00:00:01 |
|* 12 |   HASH JOIN                      |                            |     1 |  3427 |    10   (0)| 00:00:01 |
|  13 |    NESTED LOOPS OUTER            |                            |     1 |  3388 |     5   (0)| 00:00:01 |
|  14 |     NESTED LOOPS                 |                            |     1 |  3309 |     4   (0)| 00:00:01 |
|  15 |      NESTED LOOPS                |                            |     1 |  3261 |     3   (0)| 00:00:01 |
<font style="background-color: lightblue; color: red">|  16 |       TABLE ACCESS FULL          | MS_RSK_ADHOC_RISKS         |     1 |  3223 |     2   (0)| 00:00:01 |</font>
|  17 |       TABLE ACCESS BY INDEX ROWID| MS_RSK_RISK_ASSESSMENT     |     1 |    38 |     1   (0)| 00:00:01 |
|* 18 |        INDEX UNIQUE SCAN         | MS_RSK_RISK_ASSESSMENT_PK  |     1 |       |     1   (0)| 00:00:01 |
|  19 |      TABLE ACCESS BY INDEX ROWID | MS_RSK_SCENARIOS_SCN       |     1 |    48 |     1   (0)| 00:00:01 |
|* 20 |       INDEX RANGE SCAN           | MS_RSK_SCENARIOS_SCN_UK    |     1 |       |     1   (0)| 00:00:01 |
|  21 |     TABLE ACCESS BY INDEX ROWID  | MS_RSK_ALL_ASSMNT_TYPE     |     1 |    79 |     1   (0)| 00:00:01 |
|* 22 |      INDEX RANGE SCAN            | IDX_MS_RSK_ALL_ASSMNT_TYPE |     1 |       |     1   (0)| 00:00:01 |
<font style="background-color: lightblue; color: red">|  23 |    TABLE ACCESS FULL             | MS_RSK_RISK_ASSESSMENT_RSK |    46 |  1794 |     5   (0)| 00:00:01 |</font>
|  24 |   TABLE ACCESS BY INDEX ROWID    | SI_ORG_ENTITIES_T          |     1 |    25 |     1   (0)| 00:00:01 |
|* 25 |    INDEX RANGE SCAN              | SI_ORG_ENTITIES_N5         |     1 |       |     1   (0)| 00:00:01 |
---------------------------------------------------------------------------------------------------------------
 
</code></pre><header class="major"><h2>Query Block Name / Object Alias (identified by operation id):</h2></header><pre><code>
 
   1 - SEL$6        / SI_ENT_ACTIVE_V@SEL$5
   2 - SEL$6       
   3 - SEL$6        / SI_ENT@SEL$6
   4 - SEL$4        / DUAL@SEL$4
   5 - SEL$7        / MS_RSK_OVERRIDE_SCORE@SEL$7
   6 - SEL$8        / MS_RSK_OVERRIDE_SCORE@SEL$8
   7 - SEL$9        / SI_USERS_T@SEL$9
   8 - SEL$9        / SI_USERS_T@SEL$9
   9 - SEL$10       / SI_METRICS_T@SEL$10
  10 - SEL$10       / SI_METRICS_T@SEL$10
  11 - SEL$5C160134
  16 - SEL$5C160134 / R@SEL$3
  17 - SEL$5C160134 / ASMNT@SEL$3
  18 - SEL$5C160134 / ASMNT@SEL$3
  19 - SEL$5C160134 / E@SEL$3
  20 - SEL$5C160134 / E@SEL$3
  21 - SEL$5C160134 / P@SEL$3
  22 - SEL$5C160134 / P@SEL$3
  23 - SEL$5C160134 / RSK_TAB@SEL$3
  24 - SEL$5C160134 / ORG@SEL$3
  25 - SEL$5C160134 / ORG@SEL$3
 
</code></pre><header class="major"><h2>Predicate Information (identified by operation id):</h2></header><pre><code>
 
   3 - filter("START_DATE"<=SYSDATE@! AND ("END_DATE" IS NULL OR "END_DATE">=SYSDATE@!))
   5 - filter("OVERRIDE_SCORE"=:B1)
   6 - filter("OVERRIDE_SCORE"=:B1)
   8 - access("USER_NAME"=:B1)
  10 - access("METRIC_NAME"='MS_RSK_RISK_ASSESSMENT')
  12 - access("RSK_TAB"."OBJECT_ID"="R"."ASSESSMENT_ID" AND "RSK_TAB"."RISK_ID"="R"."RISK_ID")
  18 - access("ASMNT"."OBJECT_ID"="R"."ASSESSMENT_ID")
  20 - access("R"."SCENARIO_ID"="E"."SCENARIO_ID")
  22 - access("R"."CORE_OBJECT_ID"="P"."OBJECT_ID"(+))
  25 - access("ORG"."ORG_ENTITY_ID"(+)=TO_NUMBER("R"."ORGANIZATION_ID"))
 
</code></pre><header class="major"><h2>Column Projection Information (identified by operation id):</h2></header><pre><code>
 
   1 - "ENTERPRISE_ID"[NUMBER,22]
   2 - (#keys=1) INTERNAL_FUNCTION("CREATION_DATE")[7], "ENTERPRISE_ID"[NUMBER,22]
   3 - "ENTERPRISE_ID"[NUMBER,22], "CREATION_DATE"[DATE,7]
   5 - "DISPLAY_VALUE"[VARCHAR2,400], "OVERRIDE_SCORE"[VARCHAR2,400]
   6 - "DISPLAY_VALUE"[VARCHAR2,400], "OVERRIDE_SCORE"[VARCHAR2,400]
   7 - "SI_USERS_T".ROWID[ROWID,10], "LAST_NAME"[VARCHAR2,100], "FIRST_NAME"[VARCHAR2,100]
   8 - "SI_USERS_T".ROWID[ROWID,10]
   9 - "SI_METRICS_T".ROWID[ROWID,10], "METRIC_ID"[NUMBER,22]
  10 - "SI_METRICS_T".ROWID[ROWID,10]
  11 - (#keys=0) "R"."ASSESSMENT_ID"[VARCHAR2,400], "R"."RISK_ID"[VARCHAR2,400], 
       "P"."ASSESSMENT_ON"[VARCHAR2,4000], "R"."ASSESSMENT_TYPE"[VARCHAR2,400], 
       "P"."DD_OBJECT_TYPE"[VARCHAR2,4000], "R"."ORGANIZATION_ID"[VARCHAR2,400], 
       "R"."CORE_OBJECT_ID"[VARCHAR2,400], "R"."RISK_NAME"[VARCHAR2,4000], "R"."SCENARIO_ID"[VARCHAR2,400], 
       "R"."ASSESSMENT_DATE"[DATE,7], "ASMNT"."DD_PROCESS_INSTANCE_ID"[NUMBER,22], 
       "ASMNT"."DD_INSTANCE_ID"[NUMBER,22], "ASMNT"."ASSESSED_BY"[VARCHAR2,4000], 
       "E"."OBJECT_NAME"[VARCHAR2,800], "P"."OBJECT_NAME"[VARCHAR2,4000], 
       "RSK_TAB"."RSK_OVERRIDE_SCORE_RES"[VARCHAR2,1020], "RSK_TAB"."RSK_OVERRIDE_SCORE"[VARCHAR2,1020], 
       "ORG"."ORG_ENTITY_NAME"[VARCHAR2,400]
  12 - (#keys=2) "R"."ASSESSMENT_ID"[VARCHAR2,400], "R"."RISK_ID"[VARCHAR2,400], 
       "P"."ASSESSMENT_ON"[VARCHAR2,4000], "R"."ASSESSMENT_TYPE"[VARCHAR2,400], 
       "P"."DD_OBJECT_TYPE"[VARCHAR2,4000], "R"."ORGANIZATION_ID"[VARCHAR2,400], 
       "R"."CORE_OBJECT_ID"[VARCHAR2,400], "R"."RISK_NAME"[VARCHAR2,4000], "R"."SCENARIO_ID"[VARCHAR2,400], 
       "R"."ASSESSMENT_DATE"[DATE,7], "ASMNT"."DD_PROCESS_INSTANCE_ID"[NUMBER,22], 
       "ASMNT"."DD_INSTANCE_ID"[NUMBER,22], "ASMNT"."ASSESSED_BY"[VARCHAR2,4000], 
       "E"."OBJECT_NAME"[VARCHAR2,800], "P"."OBJECT_NAME"[VARCHAR2,4000], 
       "RSK_TAB"."RSK_OVERRIDE_SCORE_RES"[VARCHAR2,1020], "RSK_TAB"."RSK_OVERRIDE_SCORE"[VARCHAR2,1020]
  13 - (#keys=0) "R"."ASSESSMENT_ID"[VARCHAR2,400], "R"."ASSESSMENT_TYPE"[VARCHAR2,400], 
       "R"."RISK_ID"[VARCHAR2,400], "R"."ORGANIZATION_ID"[VARCHAR2,400], "R"."CORE_OBJECT_ID"[VARCHAR2,400], 
       "R"."RISK_NAME"[VARCHAR2,4000], "R"."SCENARIO_ID"[VARCHAR2,400], "R"."ASSESSMENT_DATE"[DATE,7], 
       "ASMNT"."DD_PROCESS_INSTANCE_ID"[NUMBER,22], "ASMNT"."DD_INSTANCE_ID"[NUMBER,22], 
       "ASMNT"."ASSESSED_BY"[VARCHAR2,4000], "E"."OBJECT_NAME"[VARCHAR2,800], 
       "P"."OBJECT_NAME"[VARCHAR2,4000], "P"."DD_OBJECT_TYPE"[VARCHAR2,4000], 
       "P"."ASSESSMENT_ON"[VARCHAR2,4000]
  14 - (#keys=0) "R"."ASSESSMENT_ID"[VARCHAR2,400], "R"."ASSESSMENT_TYPE"[VARCHAR2,400], 
       "R"."RISK_ID"[VARCHAR2,400], "R"."ORGANIZATION_ID"[VARCHAR2,400], "R"."CORE_OBJECT_ID"[VARCHAR2,400], 
       "R"."RISK_NAME"[VARCHAR2,4000], "R"."SCENARIO_ID"[VARCHAR2,400], "R"."ASSESSMENT_DATE"[DATE,7], 
       "ASMNT"."DD_PROCESS_INSTANCE_ID"[NUMBER,22], "ASMNT"."DD_INSTANCE_ID"[NUMBER,22], 
       "ASMNT"."ASSESSED_BY"[VARCHAR2,4000], "E"."OBJECT_NAME"[VARCHAR2,800]
  15 - (#keys=0) "R"."ASSESSMENT_ID"[VARCHAR2,400], "R"."ASSESSMENT_TYPE"[VARCHAR2,400], 
       "R"."RISK_ID"[VARCHAR2,400], "R"."ORGANIZATION_ID"[VARCHAR2,400], "R"."CORE_OBJECT_ID"[VARCHAR2,400], 
       "R"."RISK_NAME"[VARCHAR2,4000], "R"."SCENARIO_ID"[VARCHAR2,400], "R"."ASSESSMENT_DATE"[DATE,7], 
       "ASMNT"."DD_PROCESS_INSTANCE_ID"[NUMBER,22], "ASMNT"."DD_INSTANCE_ID"[NUMBER,22], 
       "ASMNT"."ASSESSED_BY"[VARCHAR2,4000]
  16 - "R"."ASSESSMENT_ID"[VARCHAR2,400], "R"."ASSESSMENT_TYPE"[VARCHAR2,400], 
       "R"."RISK_ID"[VARCHAR2,400], "R"."ORGANIZATION_ID"[VARCHAR2,400], "R"."CORE_OBJECT_ID"[VARCHAR2,400], 
       "R"."RISK_NAME"[VARCHAR2,4000], "R"."SCENARIO_ID"[VARCHAR2,400], "R"."ASSESSMENT_DATE"[DATE,7]
  17 - "ASMNT"."DD_PROCESS_INSTANCE_ID"[NUMBER,22], "ASMNT"."DD_INSTANCE_ID"[NUMBER,22], 
       "ASMNT"."ASSESSED_BY"[VARCHAR2,4000]
  18 - "ASMNT".ROWID[ROWID,10]
  19 - "E"."OBJECT_NAME"[VARCHAR2,800]
  20 - "E".ROWID[ROWID,10]
  21 - "P"."OBJECT_NAME"[VARCHAR2,4000], "P"."DD_OBJECT_TYPE"[VARCHAR2,4000], 
       "P"."ASSESSMENT_ON"[VARCHAR2,4000]
  22 - "P".ROWID[ROWID,10]
  23 - "RSK_TAB"."OBJECT_ID"[VARCHAR2,400], "RSK_TAB"."RSK_OVERRIDE_SCORE"[VARCHAR2,1020], 
       "RSK_TAB"."RISK_ID"[VARCHAR2,4000], "RSK_TAB"."RSK_OVERRIDE_SCORE_RES"[VARCHAR2,1020]
  24 - "ORG"."ORG_ENTITY_NAME"[VARCHAR2,400]
  25 - "ORG".ROWID[ROWID,10]
										</code></pre>
								</section>
						</div>
					</div>

				<!-- Sidebar -->
				<div id="sidebar">
					<div class="inner">
						<!-- Menu -->
						<nav id="menu">
							<header class="major">
								<h2>Menu</h2>
							</header>
							<ul>
								<li><a href="../index.html">Module List</a></li>
								<li><a href="index.html">Summary</a></li>
								<li>
									<span class="opener">DB Analysis</span>
									<ul>
										<li><a href="bad-sql.html">Bad SQL</a></li>
										<li><a href="poor-sql.html">Poor SQL Plan</a></li>
										<li><a href="invalid-sql.html">Invalid SQL</a></li>
										<li><a href="full-sql.html">Full SQL Report</a></li>
										<li><a href="table-nil-key.html">Primary/Unique Key Miss</a></li>
										<li><a href="invalid-db-object.html">Invalid DB Objects</a></li>
									</ul>
								</li>
								<li>
									<span class="opener">Infolets</span>
									<ul>
										<li><a href="keep-history-infolets.html">Keep History Infolets</a></li>
									</ul>
								</li>
								<li>
									<span class="opener">Pushforms</span>
									<ul>
										<li><a href="pushform-denormalize.html">Pushform Denormalized</a></li>
									</ul>
								</li>
							</ul>
						</nav>

						<!-- Section -->
						<section>
							<header class="major">
								<h2>Get in touch</h2>
							</header>
							<p>You need more details on the report or want more functionality, don't hesitate to reach out to us.</p>
							<ul class="contact">
								<li class="fa-envelope-o"><a href="mailto:rnd@metricstream.com?Subject=Reg - Static Code Analysis Tool" target="_top">rnd@metricstream.com</a></li>
							</ul>
						</section>

						<!-- Footer -->
						<footer id="footer">
							<p class="copyright">&copy; <a href="http://www.metricstream.com" target="_blank">MetricStream</a>. All rights reserved. </p>
						</footer>
					</div>
				</div>
			</div>

		<!-- Scripts -->
			<script src="../../lib/assets/js/jquery.min.js"></script>
			<script src="../../lib/assets/js/skel.min.js"></script>
			<script src="../../lib/assets/js/util.js"></script>
			<!--[if lte IE 8]><script src="../../lib/assets/js/ie/respond.min.js"></script><![endif]-->
			<script src="../../lib/assets/js/main.js"></script>
	</body>
</html>