<!DOCTYPE HTML>
<html>
	<head>
		<title>Code Analysis - MetricStream</title>
		<meta charset="utf-8" />
		<meta name="viewport" content="width=device-width, initial-scale=1, user-scalable=no" />
		<!--[if lte IE 8]><script src="../../lib/assets/js/ie/html5shiv.js"></script><![endif]-->
		<link rel="stylesheet" href="../../lib/assets/css/main.css" />
		<!--[if lte IE 9]><link rel="stylesheet" href="../../lib/assets/css/ie9.css" /><![endif]-->
		<!--[if lte IE 8]><link rel="stylesheet" href="../../lib/assets/css/ie8.css" /><![endif]-->
	</head>
	<body>

		<!-- Wrapper -->
			<div id="wrapper">

				<!-- Main -->
					<div id="main">
						<div class="inner">
							<!-- Header -->
								<header id="header">
									<a href="index.html" class="logo"><strong>Static Code Analysis Report</strong> by Code Analyzer Tool</a>
								</header>

							<!-- Content -->
								<section>
									<!-- Content -->
										<header class="major"><h2>Infolet Details</h2></header>
										<div class="table-wrapper">
											<table>
												<tbody>
													<tr>
														<td><b>Name</b></td>
														<td>MS_RSK_GET_METHOD_RATING (102196)</td>
													</tr>
													<tr>
														<td><b>SQL</b></td>
														<td><pre><code>select RATING ||'^^' || score ||'^^' || ranking ||'^^' || color_used ||'^^' ||font_used as RATING  
from ms_rsk_risk_ram_cov  
where xaxisdisplay = (select param1 from (select column_value as param1,ROWNUM as l from table(MS_APPS_UTILITIES.SPLIT(:1) )
) where l=1) and
yaxisdisplay= (select param1 from (select column_value as param1,ROWNUM as l from table(MS_APPS_UTILITIES.SPLIT(:1) )
) where l=2) 
and object_id= (select param1 from (select column_value as param1,ROWNUM as l from table(MS_APPS_UTILITIES.SPLIT(:1) )
)
where l=3)</code></pre></td>
													</tr>
													<tr>
														<td><b>Description</b></td>
														<td>MS_RSK_GET_METHOD_RATING for getting rating based on factor response</td>
													</tr>
												</tbody>
											</table>
										</div>

										<h2 align="center" id="content">Analysis Report</h2>
										<hr>

<header class="major"><h2>Plan hash value: 521122658</h2></header><pre><code>
 
----------------------------------------------------------------------------------------------------------------
| Id  | Operation                             | Name                   | Rows  | Bytes | Cost (%CPU)| Time     |
----------------------------------------------------------------------------------------------------------------
|   0 | SELECT STATEMENT                      |                        |     1 |    56 |    88   (0)| 00:00:02 |
|*  1 |  TABLE ACCESS BY INDEX ROWID          | MS_RSK_RISK_RAM_COV    |     1 |    56 |     1   (0)| 00:00:01 |
<font style="background-color: lightblue; color: red">|*  2 |   INDEX SKIP SCAN                     | MS_RSK_RISK_RAM_COV_UK |    25 |       |     1   (0)| 00:00:01 |</font>
|*  3 |    VIEW                               |                        |  8168 |    15M|    29   (0)| 00:00:01 |
|   4 |     COUNT                             |                        |       |       |            |          |
<font style="background-color: lightblue; color: red">|   5 |      COLLECTION ITERATOR PICKLER FETCH| SPLIT                  |  8168 | 16336 |    29   (0)| 00:00:01 |</font>
|*  6 |   VIEW                                |                        |  8168 |    15M|    29   (0)| 00:00:01 |
|   7 |    COUNT                              |                        |       |       |            |          |
<font style="background-color: lightblue; color: red">|   8 |     COLLECTION ITERATOR PICKLER FETCH | SPLIT                  |  8168 | 16336 |    29   (0)| 00:00:01 |</font>
|*  9 |   VIEW                                |                        |  8168 |    15M|    29   (0)| 00:00:01 |
|  10 |    COUNT                              |                        |       |       |            |          |
<font style="background-color: lightblue; color: red">|  11 |     COLLECTION ITERATOR PICKLER FETCH | SPLIT                  |  8168 | 16336 |    29   (0)| 00:00:01 |</font>
----------------------------------------------------------------------------------------------------------------
 
</code></pre><header class="major"><h2>Query Block Name / Object Alias (identified by operation id):</h2></header><pre><code>
 
   1 - SEL$1        / MS_RSK_RISK_RAM_COV@SEL$1
   2 - SEL$1        / MS_RSK_RISK_RAM_COV@SEL$1
   3 - SEL$0EE6DB63 / from$_subquery$_006@SEL$8
   4 - SEL$0EE6DB63
   5 - SEL$0EE6DB63 / KOKBF$2@SEL$10
   6 - SEL$07BDC5B4 / from$_subquery$_002@SEL$2
   7 - SEL$07BDC5B4
   8 - SEL$07BDC5B4 / KOKBF$0@SEL$4
   9 - SEL$68B588A0 / from$_subquery$_004@SEL$5
  10 - SEL$68B588A0
  11 - SEL$68B588A0 / KOKBF$1@SEL$7
 
</code></pre><header class="major"><h2>Predicate Information (identified by operation id):</h2></header><pre><code>
 
   1 - filter("XAXISDISPLAY"= (SELECT "PARAM1" FROM  (SELECT VALUE(KOKBF$) "PARAM1",ROWNUM "L" FROM 
              TABLE() "KOKBF$0") "from$_subquery$_002" WHERE "L"=1) AND "YAXISDISPLAY"= (SELECT "PARAM1" FROM  
              (SELECT VALUE(KOKBF$) "PARAM1",ROWNUM "L" FROM TABLE() "KOKBF$1") "from$_subquery$_004" WHERE "L"=2))
   2 - access("OBJECT_ID"= (SELECT "PARAM1" FROM  (SELECT VALUE(KOKBF$) "PARAM1",ROWNUM "L" FROM 
              TABLE() "KOKBF$2") "from$_subquery$_006" WHERE "L"=3))
       filter("OBJECT_ID"= (SELECT "PARAM1" FROM  (SELECT VALUE(KOKBF$) "PARAM1",ROWNUM "L" FROM 
              TABLE() "KOKBF$2") "from$_subquery$_006" WHERE "L"=3))
   3 - filter("L"=3)
   6 - filter("L"=1)
   9 - filter("L"=2)
 
</code></pre><header class="major"><h2>Column Projection Information (identified by operation id):</h2></header><pre><code>
 
   1 - "SCORE"[VARCHAR2,40], "RANKING"[VARCHAR2,40], "RATING"[VARCHAR2,400], "FONT_USED"[VARCHAR2,60], 
       "COLOR_USED"[VARCHAR2,60]
   2 - "MS_RSK_RISK_RAM_COV".ROWID[ROWID,10]
   3 - "PARAM1"[VARCHAR2,4000], "L"[NUMBER,22]
   4 - VALUE(A0)[4000], ROWNUM[4]
   5 - VALUE(A0)[4000]
   6 - "PARAM1"[VARCHAR2,4000], "L"[NUMBER,22]
   7 - VALUE(A0)[4000], ROWNUM[4]
   8 - VALUE(A0)[4000]
   9 - "PARAM1"[VARCHAR2,4000], "L"[NUMBER,22]
  10 - VALUE(A0)[4000], ROWNUM[4]
  11 - VALUE(A0)[4000]
										</code></pre>
								</section>
						</div>
					</div>

				<!-- Sidebar -->
				<div id="sidebar">
					<div class="inner">
						<!-- Menu -->
						<nav id="menu">
							<header class="major">
								<h2>Menu</h2>
							</header>
							<ul>
								<li><a href="../index.html">Module List</a></li>
								<li><a href="index.html">Summary</a></li>
								<li>
									<span class="opener">DB Analysis</span>
									<ul>
										<li><a href="bad-sql.html">Bad SQL</a></li>
										<li><a href="poor-sql.html">Poor SQL Plan</a></li>
										<li><a href="invalid-sql.html">Invalid SQL</a></li>
										<li><a href="full-sql.html">Full SQL Report</a></li>
										<li><a href="table-nil-key.html">Primary/Unique Key Miss</a></li>
										<li><a href="invalid-db-object.html">Invalid DB Objects</a></li>
									</ul>
								</li>
								<li>
									<span class="opener">Infolets</span>
									<ul>
										<li><a href="keep-history-infolets.html">Keep History Infolets</a></li>
									</ul>
								</li>
								<li>
									<span class="opener">Pushforms</span>
									<ul>
										<li><a href="pushform-denormalize.html">Pushform Denormalized</a></li>
									</ul>
								</li>
							</ul>
						</nav>

						<!-- Section -->
						<section>
							<header class="major">
								<h2>Get in touch</h2>
							</header>
							<p>You need more details on the report or want more functionality, don't hesitate to reach out to us.</p>
							<ul class="contact">
								<li class="fa-envelope-o"><a href="mailto:rnd@metricstream.com?Subject=Reg - Static Code Analysis Tool" target="_top">rnd@metricstream.com</a></li>
							</ul>
						</section>

						<!-- Footer -->
						<footer id="footer">
							<p class="copyright">&copy; <a href="http://www.metricstream.com" target="_blank">MetricStream</a>. All rights reserved. </p>
						</footer>
					</div>
				</div>
			</div>

		<!-- Scripts -->
			<script src="../../lib/assets/js/jquery.min.js"></script>
			<script src="../../lib/assets/js/skel.min.js"></script>
			<script src="../../lib/assets/js/util.js"></script>
			<!--[if lte IE 8]><script src="../../lib/assets/js/ie/respond.min.js"></script><![endif]-->
			<script src="../../lib/assets/js/main.js"></script>
	</body>
</html>