<!DOCTYPE HTML>
<html>
	<head>
		<title>Code Analysis - MetricStream</title>
		<meta charset="utf-8" />
		<meta name="viewport" content="width=device-width, initial-scale=1, user-scalable=no" />
		<!--[if lte IE 8]><script src="../../lib/assets/js/ie/html5shiv.js"></script><![endif]-->
		<link rel="stylesheet" href="../../lib/assets/css/main.css" />
		<!--[if lte IE 9]><link rel="stylesheet" href="../../lib/assets/css/ie9.css" /><![endif]-->
		<!--[if lte IE 8]><link rel="stylesheet" href="../../lib/assets/css/ie8.css" /><![endif]-->
	</head>
	<body>

		<!-- Wrapper -->
			<div id="wrapper">

				<!-- Main -->
					<div id="main">
						<div class="inner">
							<!-- Header -->
								<header id="header">
									<a href="index.html" class="logo"><strong>Static Code Analysis Report</strong> by Code Analyzer Tool</a>
								</header>

							<!-- Content -->
								<section>
									<!-- Content -->
										<header class="major"><h2>Infolet Details</h2></header>
										<div class="table-wrapper">
											<table>
												<tbody>
													<tr>
														<td><b>Name</b></td>
														<td>MS_RSK_Risks_Drilldown_Report_Dashboard (102549)</td>
													</tr>
													<tr>
														<td><b>SQL</b></td>
														<td><pre><code>SELECT g.object_name AS risks, f.risk_score AS inherent_risk,
       a.inherent_rollup_rating AS inherent_risk_score,
       e.risk_score AS residual_risk,
       a.residual_rollup_rating AS residual_risk_score, a.risk_id,
       a.scenario_id, a.assessment_type
  FROM ms_rsk_risk_rollup a,
       ms_rsk_risk_levels b,
       ms_rsk_scenarios_scn c,
       ms_rsk_assessed_score e,
       ms_rsk_assessed_score f,
       ms_grc_risk g
 WHERE a.risk_id = b.risk_id
   AND a.scenario_id = c.scenario_id
   AND a.risk_id = g.object_id
   AND a.scenario_id = :2
   AND a.assessment_type = :3
   AND a.version_no = (SELECT MAX (d.version_no)
                         FROM ms_rsk_risk_rollup d
                        WHERE d.risk_id = a.risk_id AND d.scenario_id = a.scenario_id 
AND d.assessment_type = a.assessment_type)
   AND round(a.residual_rollup_rating) BETWEEN round(e.minimum_value) AND round(e.maximum_value)
   AND round(a.inherent_rollup_rating) BETWEEN round(f.minimum_value) AND round(f.maximum_value)
   AND b.parent_risk_id = :1</code></pre></td>
													</tr>
													<tr>
														<td><b>Description</b></td>
														<td>MS_RSK_Risks_Drilldown_Report_Dashboard</td>
													</tr>
												</tbody>
											</table>
										</div>

										<h2 align="center" id="content">Analysis Report</h2>
										<hr>

<header class="major"><h2>Plan hash value: 479409985</h2></header><pre><code>
 
--------------------------------------------------------------------------------------------------------------
| Id  | Operation                       | Name                       | Rows  | Bytes | Cost (%CPU)| Time     |
--------------------------------------------------------------------------------------------------------------
|   0 | SELECT STATEMENT                |                            |     1 |   160 |    16   (0)| 00:00:01 |
|*  1 |  FILTER                         |                            |       |       |            |          |
|   2 |   NESTED LOOPS                  |                            |     1 |   160 |    13   (0)| 00:00:01 |
|   3 |    NESTED LOOPS                 |                            |     1 |   145 |    10   (0)| 00:00:01 |
|   4 |     NESTED LOOPS                |                            |     1 |   117 |     9   (0)| 00:00:01 |
<font style="background-color: lightblue; color: red">|   5 |      MERGE JOIN CARTESIAN       |                            |     1 |    65 |     8   (0)| 00:00:01 |</font>
|   6 |       NESTED LOOPS              |                            |     1 |    54 |     7   (0)| 00:00:01 |
<font style="background-color: lightblue; color: red">|*  7 |        TABLE ACCESS FULL        | MS_RSK_RISK_ROLLUP         |     2 |    78 |     3   (0)| 00:00:01 |</font>
<font style="background-color: lightblue; color: red">|*  8 |        TABLE ACCESS FULL        | MS_RSK_ASSESSED_SCORE      |     1 |    15 |     2   (0)| 00:00:01 |</font>
|   9 |       BUFFER SORT               |                            |     1 |    11 |     6   (0)| 00:00:01 |
|* 10 |        INDEX RANGE SCAN         | MS_RSK_SCENARIOS_SCN_UK    |     1 |    11 |     1   (0)| 00:00:01 |
|  11 |      TABLE ACCESS BY INDEX ROWID| MS_GRC_RISK                |     1 |    52 |     1   (0)| 00:00:01 |
|* 12 |       INDEX UNIQUE SCAN         | MS_GRC_RISK_PK             |     1 |       |     1   (0)| 00:00:01 |
|* 13 |     TABLE ACCESS BY INDEX ROWID | MS_RSK_RISK_LEVELS         |     1 |    28 |     1   (0)| 00:00:01 |
|* 14 |      INDEX RANGE SCAN           | MS_RSK_RISK_LEVELS_RISK_ID |     1 |       |     1   (0)| 00:00:01 |
<font style="background-color: lightblue; color: red">|* 15 |    TABLE ACCESS FULL            | MS_RSK_ASSESSED_SCORE      |     1 |    15 |     3   (0)| 00:00:01 |</font>
|  16 |   SORT AGGREGATE                |                            |     1 |    31 |            |          |
<font style="background-color: lightblue; color: red">|* 17 |    TABLE ACCESS FULL            | MS_RSK_RISK_ROLLUP         |     1 |    31 |     3   (0)| 00:00:01 |</font>
--------------------------------------------------------------------------------------------------------------
 
</code></pre><header class="major"><h2>Query Block Name / Object Alias (identified by operation id):</h2></header><pre><code>
 
   1 - SEL$1
   7 - SEL$1 / A@SEL$1
   8 - SEL$1 / F@SEL$1
  10 - SEL$1 / C@SEL$1
  11 - SEL$1 / G@SEL$1
  12 - SEL$1 / G@SEL$1
  13 - SEL$1 / B@SEL$1
  14 - SEL$1 / B@SEL$1
  15 - SEL$1 / E@SEL$1
  16 - SEL$2
  17 - SEL$2 / D@SEL$2
 
</code></pre><header class="major"><h2>Predicate Information (identified by operation id):</h2></header><pre><code>
 
   1 - filter("A"."VERSION_NO"= (SELECT MAX("D"."VERSION_NO") FROM "MS_RSK_RISK_ROLLUP" "D" WHERE 
              "D"."RISK_ID"=:B1 AND "D"."SCENARIO_ID"=:B2 AND "D"."ASSESSMENT_TYPE"=:B3))
   7 - filter("A"."SCENARIO_ID"=:2 AND "A"."ASSESSMENT_TYPE"=:3)
   8 - filter(ROUND(TO_NUMBER("A"."INHERENT_ROLLUP_RATING"))>=ROUND("F"."MINIMUM_VALUE") AND 
              ROUND(TO_NUMBER("A"."INHERENT_ROLLUP_RATING"))<=ROUND("F"."MAXIMUM_VALUE"))
  10 - access("C"."SCENARIO_ID"=:2)
  12 - access("A"."RISK_ID"="G"."OBJECT_ID")
  13 - filter("B"."PARENT_RISK_ID"=:1)
  14 - access("A"."RISK_ID"="B"."RISK_ID")
  15 - filter(ROUND(TO_NUMBER("A"."RESIDUAL_ROLLUP_RATING"))>=ROUND("E"."MINIMUM_VALUE") AND 
              ROUND(TO_NUMBER("A"."RESIDUAL_ROLLUP_RATING"))<=ROUND("E"."MAXIMUM_VALUE"))
  17 - filter("D"."RISK_ID"=:B1 AND "D"."SCENARIO_ID"=:B2 AND "D"."ASSESSMENT_TYPE"=:B3)
 
</code></pre><header class="major"><h2>Column Projection Information (identified by operation id):</h2></header><pre><code>
 
   1 - "A"."SCENARIO_ID"[VARCHAR2,400], "A"."RISK_ID"[VARCHAR2,400], 
       "A"."ASSESSMENT_TYPE"[VARCHAR2,400], "A"."INHERENT_ROLLUP_RATING"[VARCHAR2,400], 
       "A"."RESIDUAL_ROLLUP_RATING"[VARCHAR2,400], "F"."RISK_SCORE"[VARCHAR2,400], 
       "G"."OBJECT_NAME"[VARCHAR2,4000], "E"."RISK_SCORE"[VARCHAR2,400]
   2 - (#keys=0) "A"."SCENARIO_ID"[VARCHAR2,400], "A"."RISK_ID"[VARCHAR2,400], 
       "A"."ASSESSMENT_TYPE"[VARCHAR2,400], "A"."INHERENT_ROLLUP_RATING"[VARCHAR2,400], 
       "A"."RESIDUAL_ROLLUP_RATING"[VARCHAR2,400], "A"."VERSION_NO"[NUMBER,22], 
       "F"."RISK_SCORE"[VARCHAR2,400], "G"."OBJECT_NAME"[VARCHAR2,4000], "E"."RISK_SCORE"[VARCHAR2,400]
   3 - (#keys=0) "A"."SCENARIO_ID"[VARCHAR2,400], "A"."RISK_ID"[VARCHAR2,400], 
       "A"."ASSESSMENT_TYPE"[VARCHAR2,400], "A"."INHERENT_ROLLUP_RATING"[VARCHAR2,400], 
       "A"."RESIDUAL_ROLLUP_RATING"[VARCHAR2,400], "A"."VERSION_NO"[NUMBER,22], 
       "F"."RISK_SCORE"[VARCHAR2,400], "G"."OBJECT_NAME"[VARCHAR2,4000]
   4 - (#keys=0) "A"."SCENARIO_ID"[VARCHAR2,400], "A"."RISK_ID"[VARCHAR2,400], 
       "A"."ASSESSMENT_TYPE"[VARCHAR2,400], "A"."INHERENT_ROLLUP_RATING"[VARCHAR2,400], 
       "A"."RESIDUAL_ROLLUP_RATING"[VARCHAR2,400], "A"."VERSION_NO"[NUMBER,22], 
       "F"."RISK_SCORE"[VARCHAR2,400], "G"."OBJECT_NAME"[VARCHAR2,4000]
   5 - (#keys=0) "A"."SCENARIO_ID"[VARCHAR2,400], "A"."RISK_ID"[VARCHAR2,400], 
       "A"."ASSESSMENT_TYPE"[VARCHAR2,400], "A"."INHERENT_ROLLUP_RATING"[VARCHAR2,400], 
       "A"."RESIDUAL_ROLLUP_RATING"[VARCHAR2,400], "A"."VERSION_NO"[NUMBER,22], 
       "F"."RISK_SCORE"[VARCHAR2,400]
   6 - (#keys=0) "A"."SCENARIO_ID"[VARCHAR2,400], "A"."RISK_ID"[VARCHAR2,400], 
       "A"."ASSESSMENT_TYPE"[VARCHAR2,400], "A"."INHERENT_ROLLUP_RATING"[VARCHAR2,400], 
       "A"."RESIDUAL_ROLLUP_RATING"[VARCHAR2,400], "A"."VERSION_NO"[NUMBER,22], 
       "F"."RISK_SCORE"[VARCHAR2,400]
   7 - "A"."SCENARIO_ID"[VARCHAR2,400], "A"."RISK_ID"[VARCHAR2,400], 
       "A"."ASSESSMENT_TYPE"[VARCHAR2,400], "A"."INHERENT_ROLLUP_RATING"[VARCHAR2,400], 
       "A"."RESIDUAL_ROLLUP_RATING"[VARCHAR2,400], "A"."VERSION_NO"[NUMBER,22]
   8 - "F"."RISK_SCORE"[VARCHAR2,400]
   9 - (#keys=0) 
  11 - "G"."OBJECT_NAME"[VARCHAR2,4000]
  12 - "G".ROWID[ROWID,10]
  14 - "B".ROWID[ROWID,10]
  15 - "E"."RISK_SCORE"[VARCHAR2,400]
  16 - (#keys=0) MAX("D"."VERSION_NO")[22]
  17 - "D"."VERSION_NO"[NUMBER,22]
										</code></pre>
								</section>
						</div>
					</div>

				<!-- Sidebar -->
				<div id="sidebar">
					<div class="inner">
						<!-- Menu -->
						<nav id="menu">
							<header class="major">
								<h2>Menu</h2>
							</header>
							<ul>
								<li><a href="../index.html">Module List</a></li>
								<li><a href="index.html">Summary</a></li>
								<li>
									<span class="opener">DB Analysis</span>
									<ul>
										<li><a href="bad-sql.html">Bad SQL</a></li>
										<li><a href="poor-sql.html">Poor SQL Plan</a></li>
										<li><a href="invalid-sql.html">Invalid SQL</a></li>
										<li><a href="full-sql.html">Full SQL Report</a></li>
										<li><a href="table-nil-key.html">Primary/Unique Key Miss</a></li>
										<li><a href="invalid-db-object.html">Invalid DB Objects</a></li>
									</ul>
								</li>
								<li>
									<span class="opener">Infolets</span>
									<ul>
										<li><a href="keep-history-infolets.html">Keep History Infolets</a></li>
									</ul>
								</li>
								<li>
									<span class="opener">Pushforms</span>
									<ul>
										<li><a href="pushform-denormalize.html">Pushform Denormalized</a></li>
									</ul>
								</li>
							</ul>
						</nav>

						<!-- Section -->
						<section>
							<header class="major">
								<h2>Get in touch</h2>
							</header>
							<p>You need more details on the report or want more functionality, don't hesitate to reach out to us.</p>
							<ul class="contact">
								<li class="fa-envelope-o"><a href="mailto:rnd@metricstream.com?Subject=Reg - Static Code Analysis Tool" target="_top">rnd@metricstream.com</a></li>
							</ul>
						</section>

						<!-- Footer -->
						<footer id="footer">
							<p class="copyright">&copy; <a href="http://www.metricstream.com" target="_blank">MetricStream</a>. All rights reserved. </p>
						</footer>
					</div>
				</div>
			</div>

		<!-- Scripts -->
			<script src="../../lib/assets/js/jquery.min.js"></script>
			<script src="../../lib/assets/js/skel.min.js"></script>
			<script src="../../lib/assets/js/util.js"></script>
			<!--[if lte IE 8]><script src="../../lib/assets/js/ie/respond.min.js"></script><![endif]-->
			<script src="../../lib/assets/js/main.js"></script>
	</body>
</html>