<!DOCTYPE HTML>
<html>
	<head>
		<title>Code Analysis - MetricStream</title>
		<meta charset="utf-8" />
		<meta name="viewport" content="width=device-width, initial-scale=1, user-scalable=no" />
		<!--[if lte IE 8]><script src="../../lib/assets/js/ie/html5shiv.js"></script><![endif]-->
		<link rel="stylesheet" href="../../lib/assets/css/main.css" />
		<!--[if lte IE 9]><link rel="stylesheet" href="../../lib/assets/css/ie9.css" /><![endif]-->
		<!--[if lte IE 8]><link rel="stylesheet" href="../../lib/assets/css/ie8.css" /><![endif]-->
	</head>
	<body>

		<!-- Wrapper -->
			<div id="wrapper">

				<!-- Main -->
					<div id="main">
						<div class="inner">
							<!-- Header -->
								<header id="header">
									<a href="index.html" class="logo"><strong>Static Code Analysis Report</strong> by Code Analyzer Tool</a>
								</header>

							<!-- Content -->
								<section>
									<!-- Content -->
										<header class="major"><h2>Infolet Details</h2></header>
										<div class="table-wrapper">
											<table>
												<tbody>
													<tr>
														<td><b>Name</b></td>
														<td>MS_RSK_Get_Assessment_Type (102243)</td>
													</tr>
													<tr>
														<td><b>SQL</b></td>
														<td><pre><code>SELECT a.displayed_value AS ASSESSMENT_TYPE_DISPLAY,
  a.stored_value         AS ASSESSMENT_TYPE,
  c.scenario_id			 AS SCENARIO_ID
FROM ms_qs_list_of_values a,
  ms_qs_lov_names b,
  MS_RSK_SCENARIOS_SCN c
WHERE a.lov_id       =b.Lov_id
AND c.scenario_id    =:1
AND c.assessment_type=a.stored_value
AND b.lov_name       ='MS RSK List of Assessment Types'
AND a.locale_id=1009</code></pre></td>
													</tr>
													<tr>
														<td><b>Description</b></td>
														<td>null</td>
													</tr>
												</tbody>
											</table>
										</div>

										<h2 align="center" id="content">Analysis Report</h2>
										<hr>

<header class="major"><h2>Plan hash value: 4155690776</h2></header><pre><code>
 
-----------------------------------------------------------------------------------------------------------
| Id  | Operation                       | Name                    | Rows  | Bytes | Cost (%CPU)| Time     |
-----------------------------------------------------------------------------------------------------------
|   0 | SELECT STATEMENT                |                         |     1 |  4314 |    22   (0)| 00:00:01 |
|*  1 |  HASH JOIN OUTER                |                         |     1 |  4314 |    22   (0)| 00:00:01 |
|*  2 |   HASH JOIN                     |                         |     1 |  2286 |    20   (0)| 00:00:01 |
<font style="background-color: lightblue; color: red">|   3 |    MERGE JOIN CARTESIAN         |                         |     1 |    43 |     2   (0)| 00:00:01 |</font>
|   4 |     TABLE ACCESS BY INDEX ROWID | MS_QS_LOV_NAMES         |     1 |    30 |     1   (0)| 00:00:01 |
|*  5 |      INDEX RANGE SCAN           | MS_QS_LOV_NAMES_N1      |     1 |       |     1   (0)| 00:00:01 |
|   6 |     BUFFER SORT                 |                         |     1 |    13 |     1   (0)| 00:00:01 |
|   7 |      TABLE ACCESS BY INDEX ROWID| MS_RSK_SCENARIOS_SCN    |     1 |    13 |     1   (0)| 00:00:01 |
|*  8 |       INDEX RANGE SCAN          | MS_RSK_SCENARIOS_SCN_UK |     1 |       |     1   (0)| 00:00:01 |
|   9 |    VIEW                         |                         |  5524 |    11M|    18   (0)| 00:00:01 |
|  10 |     NESTED LOOPS                |                         |  5524 |   140K|    18   (0)| 00:00:01 |
|* 11 |      TABLE ACCESS BY INDEX ROWID| SI_LOCALES              |     1 |     6 |     1   (0)| 00:00:01 |
|* 12 |       INDEX UNIQUE SCAN         | SI_LOCALES_U1           |     1 |       |     1   (0)| 00:00:01 |
<font style="background-color: lightblue; color: red">|  13 |      TABLE ACCESS FULL          | MS_QS_LIST_OF_VALUES_T  |  5524 |   107K|    17   (0)| 00:00:01 |</font>
<font style="background-color: lightblue; color: red">|  14 |   TABLE ACCESS FULL             | MS_QS_LIST_OF_VALUES_TL |     1 |  2028 |     2   (0)| 00:00:01 |</font>
-----------------------------------------------------------------------------------------------------------
 
</code></pre><header class="major"><h2>Query Block Name / Object Alias (identified by operation id):</h2></header><pre><code>
 
   1 - SEL$F5BB74E1
   4 - SEL$F5BB74E1 / B@SEL$1
   5 - SEL$F5BB74E1 / B@SEL$1
   7 - SEL$F5BB74E1 / C@SEL$1
   8 - SEL$F5BB74E1 / C@SEL$1
   9 - SEL$07BDC5B4 / X@SEL$2
  10 - SEL$07BDC5B4
  11 - SEL$07BDC5B4 / SI_LOCALES@SEL$4
  12 - SEL$07BDC5B4 / SI_LOCALES@SEL$4
  13 - SEL$07BDC5B4 / T@SEL$3
  14 - SEL$F5BB74E1 / TL@SEL$2
 
</code></pre><header class="major"><h2>Predicate Information (identified by operation id):</h2></header><pre><code>
 
   1 - access("X"."LOV_VALUE_ID"="TL"."LOV_VALUE_ID"(+) AND "X"."LOCALE_ID"="TL"."LOCALE_ID"(+))
   2 - access("X"."LOV_ID"="B"."LOV_ID" AND "C"."ASSESSMENT_TYPE"="X"."STORED_VALUE")
   5 - access("B"."LOV_NAME"='MS RSK List of Assessment Types')
   8 - access("C"."SCENARIO_ID"=:1)
  11 - filter("ENABLED_FLAG"='Y')
  12 - access("LOCALE_ID"=1009)
 
</code></pre><header class="major"><h2>Column Projection Information (identified by operation id):</h2></header><pre><code>
 
   1 - (#keys=2) "X"."STORED_VALUE"[VARCHAR2,400], "C"."SCENARIO_ID"[VARCHAR2,400], 
       "X"."DISPLAYED_VALUE"[VARCHAR2,4000], "TL"."DISPLAYED_VALUE"[VARCHAR2,4000]
   2 - (#keys=2) "X"."STORED_VALUE"[VARCHAR2,400], "C"."SCENARIO_ID"[VARCHAR2,400], 
       "X"."LOV_VALUE_ID"[NUMBER,22], "X"."LOCALE_ID"[NUMBER,22], "X"."DISPLAYED_VALUE"[VARCHAR2,4000]
   3 - (#keys=0) "B"."LOV_ID"[NUMBER,22], "C"."SCENARIO_ID"[VARCHAR2,400], 
       "C"."ASSESSMENT_TYPE"[VARCHAR2,40]
   4 - "B"."LOV_ID"[NUMBER,22]
   5 - "B".ROWID[ROWID,10]
   6 - (#keys=0) "C"."SCENARIO_ID"[VARCHAR2,400], "C"."ASSESSMENT_TYPE"[VARCHAR2,40]
   7 - "C"."SCENARIO_ID"[VARCHAR2,400], "C"."ASSESSMENT_TYPE"[VARCHAR2,40]
   8 - "C".ROWID[ROWID,10], "C"."SCENARIO_ID"[VARCHAR2,400]
   9 - "X"."LOV_VALUE_ID"[NUMBER,22], "X"."LOV_ID"[NUMBER,22], "X"."STORED_VALUE"[VARCHAR2,400], 
       "X"."DISPLAYED_VALUE"[VARCHAR2,4000], "X"."LOCALE_ID"[NUMBER,22]
  10 - (#keys=0) "LOCALE_ID"[NUMBER,22], "T"."LOV_VALUE_ID"[NUMBER,22], "T"."LOV_ID"[NUMBER,22], 
       "T"."STORED_VALUE"[VARCHAR2,400], "T"."DISPLAYED_VALUE"[VARCHAR2,4000]
  11 - "LOCALE_ID"[NUMBER,22]
  12 - "SI_LOCALES".ROWID[ROWID,10], "LOCALE_ID"[NUMBER,22]
  13 - "T"."LOV_VALUE_ID"[NUMBER,22], "T"."LOV_ID"[NUMBER,22], "T"."STORED_VALUE"[VARCHAR2,400], 
       "T"."DISPLAYED_VALUE"[VARCHAR2,4000]
  14 - "TL"."LOV_VALUE_ID"[NUMBER,22], "TL"."DISPLAYED_VALUE"[VARCHAR2,4000], 
       "TL"."LOCALE_ID"[NUMBER,22]
										</code></pre>
								</section>
						</div>
					</div>

				<!-- Sidebar -->
				<div id="sidebar">
					<div class="inner">
						<!-- Menu -->
						<nav id="menu">
							<header class="major">
								<h2>Menu</h2>
							</header>
							<ul>
								<li><a href="../index.html">Module List</a></li>
								<li><a href="index.html">Summary</a></li>
								<li>
									<span class="opener">DB Analysis</span>
									<ul>
										<li><a href="bad-sql.html">Bad SQL</a></li>
										<li><a href="poor-sql.html">Poor SQL Plan</a></li>
										<li><a href="invalid-sql.html">Invalid SQL</a></li>
										<li><a href="full-sql.html">Full SQL Report</a></li>
										<li><a href="table-nil-key.html">Primary/Unique Key Miss</a></li>
										<li><a href="invalid-db-object.html">Invalid DB Objects</a></li>
									</ul>
								</li>
								<li>
									<span class="opener">Infolets</span>
									<ul>
										<li><a href="keep-history-infolets.html">Keep History Infolets</a></li>
									</ul>
								</li>
								<li>
									<span class="opener">Pushforms</span>
									<ul>
										<li><a href="pushform-denormalize.html">Pushform Denormalized</a></li>
									</ul>
								</li>
							</ul>
						</nav>

						<!-- Section -->
						<section>
							<header class="major">
								<h2>Get in touch</h2>
							</header>
							<p>You need more details on the report or want more functionality, don't hesitate to reach out to us.</p>
							<ul class="contact">
								<li class="fa-envelope-o"><a href="mailto:rnd@metricstream.com?Subject=Reg - Static Code Analysis Tool" target="_top">rnd@metricstream.com</a></li>
							</ul>
						</section>

						<!-- Footer -->
						<footer id="footer">
							<p class="copyright">&copy; <a href="http://www.metricstream.com" target="_blank">MetricStream</a>. All rights reserved. </p>
						</footer>
					</div>
				</div>
			</div>

		<!-- Scripts -->
			<script src="../../lib/assets/js/jquery.min.js"></script>
			<script src="../../lib/assets/js/skel.min.js"></script>
			<script src="../../lib/assets/js/util.js"></script>
			<!--[if lte IE 8]><script src="../../lib/assets/js/ie/respond.min.js"></script><![endif]-->
			<script src="../../lib/assets/js/main.js"></script>
	</body>
</html>