<!DOCTYPE HTML>
<html>
	<head>
		<title>Code Analysis - MetricStream</title>
		<meta charset="utf-8" />
		<meta name="viewport" content="width=device-width, initial-scale=1, user-scalable=no" />
		<!--[if lte IE 8]><script src="../../lib/assets/js/ie/html5shiv.js"></script><![endif]-->
		<link rel="stylesheet" href="../../lib/assets/css/main.css" />
		<!--[if lte IE 9]><link rel="stylesheet" href="../../lib/assets/css/ie9.css" /><![endif]-->
		<!--[if lte IE 8]><link rel="stylesheet" href="../../lib/assets/css/ie8.css" /><![endif]-->
	</head>
	<body>

		<!-- Wrapper -->
			<div id="wrapper">

				<!-- Main -->
					<div id="main">
						<div class="inner">
							<!-- Header -->
								<header id="header">
									<a href="index.html" class="logo"><strong>Static Code Analysis Report</strong> by Code Analyzer Tool</a>
								</header>

							<!-- Content -->
								<section>
									<!-- Content -->
										<header class="major"><h2>Infolet Details</h2></header>
										<div class="table-wrapper">
											<table>
												<tbody>
													<tr>
														<td><b>Name</b></td>
														<td>MS_RSK_QUALT_RPT (102439)</td>
													</tr>
													<tr>
														<td><b>SQL</b></td>
														<td><pre><code>SELECT OBJECT_ID,OBJECT_NAME,PROGRESS_STATUS,RISK_CATEGORY,REGEXP_REPLACE_DESC,OWNER_ORGANIZATIONS,OWNERS,VALID_FROM,VALID_UNTIL,COL1,COL2,COL3,COL4,EXPIRED_FLAG,RESPONSE_TYPE,RESPONSE_TYPE_STORED,RISK_CATEGORY_STORED,OBJECT_NAME_STORED,OWNER_ORGANIZATIONS_STORED,OWNER_STORED
FROM (SELECT aa.object_id as object_id, 
object_name, 
decode(PROGRESS_STATUS,'P', 'Published',PROGRESS_STATUS) as PROGRESS_STATUS,
(SELECT MS_JOIN_FOR_DISPLAY 
(ms_apps_utilities.get_display_value
((SELECT enterprise_id
FROM si_ent_active_v),
'MS GRC Risk Category',
risk_category
)
)  as risk_category
FROM MS_RSK_QUALT_ASSMNT_FA_rst ff
WHERE aa.object_id = ff.object_id)  AS risk_category,
DESCRIPTION as REGEXP_REPLACE_DESC,
(SELECT MS_JOIN_FOR_DISPLAY
(ms_apps_utilities.get_display_value
((SELECT enterprise_id
FROM si_ent_active_v),
'ORGENTITY',
owner_organizations
)
)  as owner_organizations
FROM MS_RSK_QUALT_ASSMNT_FA_OWs dd
WHERE aa.object_id = dd.object_id) AS owner_organizations,
(SELECT MS_JOIN_FOR_DISPLAY
(ms_apps_utilities.get_user_full_name(OWNERS)
)
FROM MS_RSK_QUALT_ASSMNT_FA_OWN gg
WHERE aa.object_id = gg.object_id) AS owners,
valid_from, 
valid_until, 
NULL AS col1, 
NULL AS col2, 
NULL AS col3,
NULL AS col4,
Ms_Rsk_Utils.include_expired (valid_from,
valid_until
) AS expired_flag, 
(SELECT ms_apps_utilities.get_display_value
((SELECT enterprise_id
FROM si_ent_active_v),
'MS RSK List of Response Type',
RESPONSE_TYPE
)
FROM DUAL) AS RESPONSE_TYPE,
Response_type AS Response_type_stored,
(SELECT ms_join (risk_category)
FROM MS_RSK_QUALT_ASSMNT_FA_rst hh
WHERE aa.object_id = hh.object_id) AS risk_category_stored,
object_name AS Object_name_stored,
(SELECT ms_join (owner_organizations)
FROM MS_RSK_QUALT_ASSMNT_FA_OWs ee
WHERE ee.object_id = aa.object_id) AS owner_organizations_stored,
(SELECT ms_join (OWNERS)
FROM MS_RSK_QUALT_ASSMNT_FA_OWN ii
WHERE aa.object_id = ii.object_id) AS owner_stored
FROM MS_RSK_QUALT_ASSMNT_FA aa
WHERE ms_apps_security_pkg.check_object_access (dd_object_type,
restrict_access_to,
(SELECT ms_join (owner_organizations)
FROM MS_RSK_QUALT_ASSMNT_FA_OWs z
WHERE z.object_id = aa.object_id),
:LOGIN_ID,
'VIEW'
) = 'ACCESS'
)
order by object_id</code></pre></td>
													</tr>
													<tr>
														<td><b>Description</b></td>
														<td>The infolet is attached to the Qualitative Assessment Factor List Report. It lists all the qunatitative factors in the system that the user has access to</td>
													</tr>
												</tbody>
											</table>
										</div>

										<h2 align="center" id="content">Analysis Report</h2>
										<hr>

<header class="major"><h2>Plan hash value: 168564640</h2></header><pre><code>
 
--------------------------------------------------------------------------------------------------------------
| Id  | Operation                    | Name                          | Rows  | Bytes | Cost (%CPU)| Time     |
--------------------------------------------------------------------------------------------------------------
|   0 | SELECT STATEMENT             |                               |     1 |  8452 |     2   (0)| 00:00:01 |
|   1 |  VIEW                        | SI_ENT_ACTIVE_V               |     1 |    13 |     4  (25)| 00:00:01 |
|   2 |   SORT ORDER BY              |                               |     1 |    33 |     4  (25)| 00:00:01 |
<font style="background-color: lightblue; color: red">|*  3 |    TABLE ACCESS FULL         | SI_ENT                        |     1 |    33 |     3   (0)| 00:00:01 |</font>
|   4 |  SORT AGGREGATE              |                               |     1 |  2204 |            |          |
<font style="background-color: lightblue; color: red">|*  5 |   INDEX SKIP SCAN            | MS_RSK_QUALT_ASSMNT_FA_RST_UK |     1 |  2204 |     1   (0)| 00:00:01 |</font>
|   6 |  VIEW                        | SI_ENT_ACTIVE_V               |     1 |    13 |     4  (25)| 00:00:01 |
|   7 |   SORT ORDER BY              |                               |     1 |    33 |     4  (25)| 00:00:01 |
<font style="background-color: lightblue; color: red">|*  8 |    TABLE ACCESS FULL         | SI_ENT                        |     1 |    33 |     3   (0)| 00:00:01 |</font>
|   9 |  SORT AGGREGATE              |                               |     1 |  2204 |            |          |
<font style="background-color: lightblue; color: red">|* 10 |   INDEX SKIP SCAN            | MS_RSK_QUALT_ASSMNT_FA_OWS_UK |     1 |  2204 |     1   (0)| 00:00:01 |</font>
|  11 |  SORT AGGREGATE              |                               |     1 |  2204 |            |          |
<font style="background-color: lightblue; color: red">|* 12 |   INDEX SKIP SCAN            | MS_RSK_QUALT_ASSMNT_FA_OWN_UK |     1 |  2204 |     1   (0)| 00:00:01 |</font>
|  13 |  VIEW                        | SI_ENT_ACTIVE_V               |     1 |    13 |     4  (25)| 00:00:01 |
|  14 |   SORT ORDER BY              |                               |     1 |    33 |     4  (25)| 00:00:01 |
<font style="background-color: lightblue; color: red">|* 15 |    TABLE ACCESS FULL         | SI_ENT                        |     1 |    33 |     3   (0)| 00:00:01 |</font>
|  16 |  FAST DUAL                   |                               |     1 |       |     2   (0)| 00:00:01 |
|  17 |  SORT AGGREGATE              |                               |     1 |  2204 |            |          |
<font style="background-color: lightblue; color: red">|* 18 |   INDEX SKIP SCAN            | MS_RSK_QUALT_ASSMNT_FA_RST_UK |     1 |  2204 |     1   (0)| 00:00:01 |</font>
|  19 |  SORT AGGREGATE              |                               |     1 |  2204 |            |          |
<font style="background-color: lightblue; color: red">|* 20 |   INDEX SKIP SCAN            | MS_RSK_QUALT_ASSMNT_FA_OWS_UK |     1 |  2204 |     1   (0)| 00:00:01 |</font>
|  21 |  SORT AGGREGATE              |                               |     1 |  2204 |            |          |
<font style="background-color: lightblue; color: red">|* 22 |   INDEX SKIP SCAN            | MS_RSK_QUALT_ASSMNT_FA_OWN_UK |     1 |  2204 |     1   (0)| 00:00:01 |</font>
|* 23 |  FILTER                      |                               |       |       |            |          |
|  24 |   TABLE ACCESS BY INDEX ROWID| MS_RSK_QUALT_ASSMNT_FA        |     1 |  8452 |     1   (0)| 00:00:01 |
|  25 |    INDEX FULL SCAN           | MS_RSK_QUALT_ASSMNT_FA_PK     |     1 |       |     1   (0)| 00:00:01 |
|  26 |   SORT AGGREGATE             |                               |     1 |  2204 |            |          |
<font style="background-color: lightblue; color: red">|* 27 |    INDEX SKIP SCAN           | MS_RSK_QUALT_ASSMNT_FA_OWS_UK |     1 |  2204 |     1   (0)| 00:00:01 |</font>
--------------------------------------------------------------------------------------------------------------
 
</code></pre><header class="major"><h2>Query Block Name / Object Alias (identified by operation id):</h2></header><pre><code>
 
   1 - SEL$5        / SI_ENT_ACTIVE_V@SEL$4
   2 - SEL$5       
   3 - SEL$5        / SI_ENT@SEL$5
   4 - SEL$3       
   5 - SEL$3        / FF@SEL$3
   6 - SEL$8        / SI_ENT_ACTIVE_V@SEL$7
   7 - SEL$8       
   8 - SEL$8        / SI_ENT@SEL$8
   9 - SEL$6       
  10 - SEL$6        / DD@SEL$6
  11 - SEL$9       
  12 - SEL$9        / GG@SEL$9
  13 - SEL$12       / SI_ENT_ACTIVE_V@SEL$11
  14 - SEL$12      
  15 - SEL$12       / SI_ENT@SEL$12
  16 - SEL$10       / DUAL@SEL$10
  17 - SEL$13      
  18 - SEL$13       / HH@SEL$13
  19 - SEL$14      
  20 - SEL$14       / EE@SEL$14
  21 - SEL$15      
  22 - SEL$15       / II@SEL$15
  23 - SEL$F5BB74E1
  24 - SEL$F5BB74E1 / AA@SEL$2
  25 - SEL$F5BB74E1 / AA@SEL$2
  26 - SEL$16      
  27 - SEL$16       / Z@SEL$16
 
</code></pre><header class="major"><h2>Predicate Information (identified by operation id):</h2></header><pre><code>
 
   3 - filter("START_DATE"<=SYSDATE@! AND ("END_DATE" IS NULL OR "END_DATE">=SYSDATE@!))
   5 - access("FF"."OBJECT_ID"=:B1)
       filter("FF"."OBJECT_ID"=:B1)
   8 - filter("START_DATE"<=SYSDATE@! AND ("END_DATE" IS NULL OR "END_DATE">=SYSDATE@!))
  10 - access("DD"."OBJECT_ID"=:B1)
       filter("DD"."OBJECT_ID"=:B1)
  12 - access("GG"."OBJECT_ID"=:B1)
       filter("GG"."OBJECT_ID"=:B1)
  15 - filter("START_DATE"<=SYSDATE@! AND ("END_DATE" IS NULL OR "END_DATE">=SYSDATE@!))
  18 - access("HH"."OBJECT_ID"=:B1)
       filter("HH"."OBJECT_ID"=:B1)
  20 - access("EE"."OBJECT_ID"=:B1)
       filter("EE"."OBJECT_ID"=:B1)
  22 - access("II"."OBJECT_ID"=:B1)
       filter("II"."OBJECT_ID"=:B1)
  23 - filter("MS_APPS_SECURITY_PKG"."CHECK_OBJECT_ACCESS"("DD_OBJECT_TYPE","RESTRICT_ACCESS_TO", 
              (SELECT "MS_JOIN"("OWNER_ORGANIZATIONS") FROM "MS_RSK_QUALT_ASSMNT_FA_OWS" "Z" WHERE 
              "Z"."OBJECT_ID"=:B1),:LOGIN_ID,'VIEW')='ACCESS')
  27 - access("Z"."OBJECT_ID"=:B1)
       filter("Z"."OBJECT_ID"=:B1)
 
</code></pre><header class="major"><h2>Column Projection Information (identified by operation id):</h2></header><pre><code>
 
   1 - "ENTERPRISE_ID"[NUMBER,22]
   2 - (#keys=1) INTERNAL_FUNCTION("CREATION_DATE")[7], "ENTERPRISE_ID"[NUMBER,22]
   3 - "ENTERPRISE_ID"[NUMBER,22], "CREATION_DATE"[DATE,7]
   4 - (#keys=0) "MS_JOIN_FOR_DISPLAY"("MS_APPS_UTILITIES"."GET_DISPLAY_VALUE"( (SELECT 
       "ENTERPRISE_ID" FROM  (SELECT "ENTERPRISE_ID" "ENTERPRISE_ID","ENTERPRISE_NAME" 
       "ENTERPRISE_NAME","SI_APP_SV"."CHECK_APP_EXISTS"("ENTERPRISE_ID") "APPLICATION_FLAG" FROM 
       METRICSTREAM."SI_ENT" "SI_ENT" WHERE "START_DATE"<=SYSDATE@! AND ("END_DATE" IS NULL OR 
       "END_DATE">=SYSDATE@!) ORDER BY "CREATION_DATE" DESC) "SI_ENT_ACTIVE_V"),'MS GRC Risk 
       Category',"RISK_CATEGORY"))[4000]
   5 - "RISK_CATEGORY"[VARCHAR2,4000]
   6 - "ENTERPRISE_ID"[NUMBER,22]
   7 - (#keys=1) INTERNAL_FUNCTION("CREATION_DATE")[7], "ENTERPRISE_ID"[NUMBER,22]
   8 - "ENTERPRISE_ID"[NUMBER,22], "CREATION_DATE"[DATE,7]
   9 - (#keys=0) "MS_JOIN_FOR_DISPLAY"("MS_APPS_UTILITIES"."GET_DISPLAY_VALUE"( (SELECT 
       "ENTERPRISE_ID" FROM  (SELECT "ENTERPRISE_ID" "ENTERPRISE_ID","ENTERPRISE_NAME" 
       "ENTERPRISE_NAME","SI_APP_SV"."CHECK_APP_EXISTS"("ENTERPRISE_ID") "APPLICATION_FLAG" FROM 
       METRICSTREAM."SI_ENT" "SI_ENT" WHERE "START_DATE"<=SYSDATE@! AND ("END_DATE" IS NULL OR 
       "END_DATE">=SYSDATE@!) ORDER BY "CREATION_DATE" DESC) 
       "SI_ENT_ACTIVE_V"),'ORGENTITY',"OWNER_ORGANIZATIONS"))[4000]
  10 - "OWNER_ORGANIZATIONS"[VARCHAR2,4000]
  11 - (#keys=0) "MS_JOIN_FOR_DISPLAY"("MS_APPS_UTILITIES"."GET_USER_FULL_NAME"("OWNERS"))[4000]
  12 - "OWNERS"[VARCHAR2,4000]
  13 - "ENTERPRISE_ID"[NUMBER,22]
  14 - (#keys=1) INTERNAL_FUNCTION("CREATION_DATE")[7], "ENTERPRISE_ID"[NUMBER,22]
  15 - "ENTERPRISE_ID"[NUMBER,22], "CREATION_DATE"[DATE,7]
  17 - (#keys=0) "MS_JOIN"("RISK_CATEGORY")[4000]
  18 - "RISK_CATEGORY"[VARCHAR2,4000]
  19 - (#keys=0) "MS_JOIN"("OWNER_ORGANIZATIONS")[4000]
  20 - "OWNER_ORGANIZATIONS"[VARCHAR2,4000]
  21 - (#keys=0) "MS_JOIN"("OWNERS")[4000]
  22 - "OWNERS"[VARCHAR2,4000]
  23 - "VALID_FROM"[DATE,7], "OBJECT_NAME"[VARCHAR2,4000], "RESPONSE_TYPE"[VARCHAR2,4000], 
       "VALID_UNTIL"[DATE,7], "AA"."OBJECT_ID"[VARCHAR2,400], "PROGRESS_STATUS"[VARCHAR2,4000], 
       "DESCRIPTION"[LOB,4000]
  24 - "VALID_FROM"[DATE,7], "OBJECT_NAME"[VARCHAR2,4000], "RESPONSE_TYPE"[VARCHAR2,4000], 
       "RESTRICT_ACCESS_TO"[VARCHAR2,40], "VALID_UNTIL"[DATE,7], "AA"."OBJECT_ID"[VARCHAR2,400], 
       "PROGRESS_STATUS"[VARCHAR2,4000], "DESCRIPTION"[LOB,4000], "DD_OBJECT_TYPE"[VARCHAR2,400]
  25 - "AA".ROWID[ROWID,10], "AA"."OBJECT_ID"[VARCHAR2,400]
  26 - (#keys=0) "MS_JOIN"("OWNER_ORGANIZATIONS")[4000]
  27 - "OWNER_ORGANIZATIONS"[VARCHAR2,4000]
										</code></pre>
								</section>
						</div>
					</div>

				<!-- Sidebar -->
				<div id="sidebar">
					<div class="inner">
						<!-- Menu -->
						<nav id="menu">
							<header class="major">
								<h2>Menu</h2>
							</header>
							<ul>
								<li><a href="../index.html">Module List</a></li>
								<li><a href="index.html">Summary</a></li>
								<li>
									<span class="opener">DB Analysis</span>
									<ul>
										<li><a href="bad-sql.html">Bad SQL</a></li>
										<li><a href="poor-sql.html">Poor SQL Plan</a></li>
										<li><a href="invalid-sql.html">Invalid SQL</a></li>
										<li><a href="full-sql.html">Full SQL Report</a></li>
										<li><a href="table-nil-key.html">Primary/Unique Key Miss</a></li>
										<li><a href="invalid-db-object.html">Invalid DB Objects</a></li>
									</ul>
								</li>
								<li>
									<span class="opener">Infolets</span>
									<ul>
										<li><a href="keep-history-infolets.html">Keep History Infolets</a></li>
									</ul>
								</li>
								<li>
									<span class="opener">Pushforms</span>
									<ul>
										<li><a href="pushform-denormalize.html">Pushform Denormalized</a></li>
									</ul>
								</li>
							</ul>
						</nav>

						<!-- Section -->
						<section>
							<header class="major">
								<h2>Get in touch</h2>
							</header>
							<p>You need more details on the report or want more functionality, don't hesitate to reach out to us.</p>
							<ul class="contact">
								<li class="fa-envelope-o"><a href="mailto:rnd@metricstream.com?Subject=Reg - Static Code Analysis Tool" target="_top">rnd@metricstream.com</a></li>
							</ul>
						</section>

						<!-- Footer -->
						<footer id="footer">
							<p class="copyright">&copy; <a href="http://www.metricstream.com" target="_blank">MetricStream</a>. All rights reserved. </p>
						</footer>
					</div>
				</div>
			</div>

		<!-- Scripts -->
			<script src="../../lib/assets/js/jquery.min.js"></script>
			<script src="../../lib/assets/js/skel.min.js"></script>
			<script src="../../lib/assets/js/util.js"></script>
			<!--[if lte IE 8]><script src="../../lib/assets/js/ie/respond.min.js"></script><![endif]-->
			<script src="../../lib/assets/js/main.js"></script>
	</body>
</html>