<!DOCTYPE HTML>
<html>
	<head>
		<title>Code Analysis - MetricStream</title>
		<meta charset="utf-8" />
		<meta name="viewport" content="width=device-width, initial-scale=1, user-scalable=no" />
		<!--[if lte IE 8]><script src="../../lib/assets/js/ie/html5shiv.js"></script><![endif]-->
		<link rel="stylesheet" href="../../lib/assets/css/main.css" />
		<!--[if lte IE 9]><link rel="stylesheet" href="../../lib/assets/css/ie9.css" /><![endif]-->
		<!--[if lte IE 8]><link rel="stylesheet" href="../../lib/assets/css/ie8.css" /><![endif]-->
	</head>
	<body>

		<!-- Wrapper -->
			<div id="wrapper">

				<!-- Main -->
					<div id="main">
						<div class="inner">
							<!-- Header -->
								<header id="header">
									<a href="index.html" class="logo"><strong>Static Code Analysis Report</strong> by Code Analyzer Tool</a>
								</header>

							<!-- Content -->
								<section>
									<!-- Content -->
										<header class="major"><h2>Infolet Details</h2></header>
										<div class="table-wrapper">
											<table>
												<tbody>
													<tr>
														<td><b>Name</b></td>
														<td>MS_RSK_CONTROL_OVERRIDE_INFOL (102146)</td>
													</tr>
													<tr>
														<td><b>SQL</b></td>
														<td><pre><code> Select   OVERRIDE_SCORE Stored_Value, 
         DISPLAY_VALUE Displayed_Value, 
         Null As Lov_Name, 
          C.Locale_Id AS Locale_Id, 
         Null As Enterprise_Id, 
         Null As Lov_Id, 
         Null As Lov_Value_Id, 
         Null As Org_Entity_Id,
         Null As Org_Entity_Name, 
         Null As Start_Date, 
     Null As End_Date
    From MS_RSK_CONTROL_OVERRIDE c
	WHERE   LOCALE_ID IN(SELECT LOCALE_ID FROM MS_RSK_LOCALE_V WHERE USER_NAME=:1)
   Order By Displayed_Value</code></pre></td>
													</tr>
													<tr>
														<td><b>Description</b></td>
														<td>This infolet is used to fetch data to the  'Override Overall Control Effectiveness' drop down field in Control tab in Risk Assessment form</td>
													</tr>
												</tbody>
											</table>
										</div>

										<h2 align="center" id="content">Analysis Report</h2>
										<hr>

<header class="major"><h2>Plan hash value: 2732784558</h2></header><pre><code>
 
-----------------------------------------------------------------------------------------------------------
| Id  | Operation                       | Name                    | Rows  | Bytes | Cost (%CPU)| Time     |
-----------------------------------------------------------------------------------------------------------
|   0 | SELECT STATEMENT                |                         |     1 |    55 |     6  (17)| 00:00:01 |
|   1 |  SORT ORDER BY                  |                         |     1 |    55 |     6  (17)| 00:00:01 |
|   2 |   NESTED LOOPS                  |                         |     1 |    55 |     5   (0)| 00:00:01 |
|   3 |    NESTED LOOPS                 |                         |     3 |    55 |     5   (0)| 00:00:01 |
|   4 |     NESTED LOOPS                |                         |     3 |   126 |     4   (0)| 00:00:01 |
|   5 |      TABLE ACCESS BY INDEX ROWID| SI_USERS_T              |     1 |    19 |     1   (0)| 00:00:01 |
|*  6 |       INDEX RANGE SCAN          | SI_USERS_T_N3           |     1 |       |     1   (0)| 00:00:01 |
<font style="background-color: lightblue; color: red">|*  7 |      TABLE ACCESS FULL          | MS_RSK_CONTROL_OVERRIDE |     3 |    69 |     3   (0)| 00:00:01 |</font>
|*  8 |     INDEX UNIQUE SCAN           | SI_LOCALES_U1           |     1 |       |     1   (0)| 00:00:01 |
|*  9 |    TABLE ACCESS BY INDEX ROWID  | SI_LOCALES              |     1 |    13 |     1   (0)| 00:00:01 |
-----------------------------------------------------------------------------------------------------------
 
</code></pre><header class="major"><h2>Query Block Name / Object Alias (identified by operation id):</h2></header><pre><code>
 
   1 - SEL$BA06E046
   5 - SEL$BA06E046 / B@SEL$3
   6 - SEL$BA06E046 / B@SEL$3
   7 - SEL$BA06E046 / C@SEL$1
   8 - SEL$BA06E046 / SI_LOCALES@SEL$4
   9 - SEL$BA06E046 / SI_LOCALES@SEL$4
 
</code></pre><header class="major"><h2>Predicate Information (identified by operation id):</h2></header><pre><code>
 
   6 - access("B"."USER_NAME"=:1)
   7 - filter("LOCALE_ID" IS NOT NULL)
   8 - access("LOCALE_ID"="LOCALE_ID")
   9 - filter("ENABLED_FLAG"='Y' AND "LOCALE_STRING"="B"."LOCALE")
 
</code></pre><header class="major"><h2>Column Projection Information (identified by operation id):</h2></header><pre><code>
 
   1 - (#keys=1) "DISPLAY_VALUE"[VARCHAR2,400], "OVERRIDE_SCORE"[VARCHAR2,400], NULL[0], NULL[0], 
       "C"."LOCALE_ID"[NUMBER,22], NULL[0], NULL[0], NULL[0], NULL[0], NULL[0], NULL[0]
   2 - (#keys=0) "DISPLAY_VALUE"[VARCHAR2,400], "OVERRIDE_SCORE"[VARCHAR2,400], 
       "LOCALE_ID"[NUMBER,22]
   3 - (#keys=0) "B"."LOCALE"[VARCHAR2,100], "DISPLAY_VALUE"[VARCHAR2,400], 
       "OVERRIDE_SCORE"[VARCHAR2,400], "LOCALE_ID"[NUMBER,22], "SI_LOCALES".ROWID[ROWID,10]
   4 - (#keys=0) "B"."LOCALE"[VARCHAR2,100], "DISPLAY_VALUE"[VARCHAR2,400], 
       "OVERRIDE_SCORE"[VARCHAR2,400], "LOCALE_ID"[NUMBER,22]
   5 - "B"."LOCALE"[VARCHAR2,100]
   6 - "B".ROWID[ROWID,10]
   7 - "DISPLAY_VALUE"[VARCHAR2,400], "OVERRIDE_SCORE"[VARCHAR2,400], "LOCALE_ID"[NUMBER,22]
   8 - "SI_LOCALES".ROWID[ROWID,10]
										</code></pre>
								</section>
						</div>
					</div>

				<!-- Sidebar -->
				<div id="sidebar">
					<div class="inner">
						<!-- Menu -->
						<nav id="menu">
							<header class="major">
								<h2>Menu</h2>
							</header>
							<ul>
								<li><a href="../index.html">Module List</a></li>
								<li><a href="index.html">Summary</a></li>
								<li>
									<span class="opener">DB Analysis</span>
									<ul>
										<li><a href="bad-sql.html">Bad SQL</a></li>
										<li><a href="poor-sql.html">Poor SQL Plan</a></li>
										<li><a href="invalid-sql.html">Invalid SQL</a></li>
										<li><a href="full-sql.html">Full SQL Report</a></li>
										<li><a href="table-nil-key.html">Primary/Unique Key Miss</a></li>
										<li><a href="invalid-db-object.html">Invalid DB Objects</a></li>
									</ul>
								</li>
								<li>
									<span class="opener">Infolets</span>
									<ul>
										<li><a href="keep-history-infolets.html">Keep History Infolets</a></li>
									</ul>
								</li>
								<li>
									<span class="opener">Pushforms</span>
									<ul>
										<li><a href="pushform-denormalize.html">Pushform Denormalized</a></li>
									</ul>
								</li>
							</ul>
						</nav>

						<!-- Section -->
						<section>
							<header class="major">
								<h2>Get in touch</h2>
							</header>
							<p>You need more details on the report or want more functionality, don't hesitate to reach out to us.</p>
							<ul class="contact">
								<li class="fa-envelope-o"><a href="mailto:rnd@metricstream.com?Subject=Reg - Static Code Analysis Tool" target="_top">rnd@metricstream.com</a></li>
							</ul>
						</section>

						<!-- Footer -->
						<footer id="footer">
							<p class="copyright">&copy; <a href="http://www.metricstream.com" target="_blank">MetricStream</a>. All rights reserved. </p>
						</footer>
					</div>
				</div>
			</div>

		<!-- Scripts -->
			<script src="../../lib/assets/js/jquery.min.js"></script>
			<script src="../../lib/assets/js/skel.min.js"></script>
			<script src="../../lib/assets/js/util.js"></script>
			<!--[if lte IE 8]><script src="../../lib/assets/js/ie/respond.min.js"></script><![endif]-->
			<script src="../../lib/assets/js/main.js"></script>
	</body>
</html>