<!DOCTYPE HTML>
<html>
	<head>
		<title>Code Analysis - MetricStream</title>
		<meta charset="utf-8" />
		<meta name="viewport" content="width=device-width, initial-scale=1, user-scalable=no" />
		<!--[if lte IE 8]><script src="../../lib/assets/js/ie/html5shiv.js"></script><![endif]-->
		<link rel="stylesheet" href="../../lib/assets/css/main.css" />
		<!--[if lte IE 9]><link rel="stylesheet" href="../../lib/assets/css/ie9.css" /><![endif]-->
		<!--[if lte IE 8]><link rel="stylesheet" href="../../lib/assets/css/ie8.css" /><![endif]-->
	</head>
	<body>

		<!-- Wrapper -->
			<div id="wrapper">

				<!-- Main -->
					<div id="main">
						<div class="inner">
							<!-- Header -->
								<header id="header">
									<a href="index.html" class="logo"><strong>Static Code Analysis Report</strong> by Code Analyzer Tool</a>
								</header>

							<!-- Content -->
								<section>
									<!-- Content -->
										<header class="major"><h2>Infolet Details</h2></header>
										<div class="table-wrapper">
											<table>
												<tbody>
													<tr>
														<td><b>Name</b></td>
														<td>MS_RSK_HM_STD_GET_DEFAULT_VALUES (102306)</td>
													</tr>
													<tr>
														<td><b>SQL</b></td>
														<td><pre><code>
select a.perspective,
      a. profile_config,
       a.sf_x_axis,
       a.SF_Y_AXIS,
       a.default_profile,
  NULL AS custom_col1,
  NULL AS custom_col2,
  NULL AS custom_col3,
  NULL AS custom_col4 
from MS_RSK_SF_CONFIGURATION_V a ,MS_RSK_SF_CONFIG_CFG B
where a.SF_ID = B.SF_ID
and a.PROFILE_CONFIG = B.PROFILE_CONFIG
and a.SF_ID =  (SELECT sf_id
             FROM ms_rsk_sf_config
            WHERE dd_process_instance_id =
                     (select max (DD_PROCESS_INSTANCE_ID)
                        from MS_RSK_SF_CONFIG))
                        and a.perspective=b.perspective
and a.PROCESS_INSTANCE_ID = (select max (DD_PROCESS_INSTANCE_ID) FROM ms_rsk_sf_config)
order by instance_rec_num</code></pre></td>
													</tr>
													<tr>
														<td><b>Description</b></td>
														<td>null</td>
													</tr>
												</tbody>
											</table>
										</div>

										<h2 align="center" id="content">Analysis Report</h2>
										<hr>

<header class="major"><h2>Plan hash value: 2816045059</h2></header><pre><code>
 
---------------------------------------------------------------------------------------------------------
| Id  | Operation                     | Name                    | Rows  | Bytes | Cost (%CPU)| Time     |
---------------------------------------------------------------------------------------------------------
|   0 | SELECT STATEMENT              |                         |     1 |    83 |     9  (12)| 00:00:01 |
|   1 |  SORT ORDER BY                |                         |     1 |    83 |     9  (12)| 00:00:01 |
|   2 |   NESTED LOOPS                |                         |     1 |    83 |     2   (0)| 00:00:01 |
|*  3 |    TABLE ACCESS BY INDEX ROWID| SI_102640_T             |     1 |    58 |     1   (0)| 00:00:01 |
|*  4 |     INDEX RANGE SCAN          | SI_102640_N2            |     2 |       |     1   (0)| 00:00:01 |
|   5 |      SORT AGGREGATE           |                         |     1 |     5 |            |          |
<font style="background-color: lightblue; color: red">|   6 |       TABLE ACCESS FULL       | MS_RSK_SF_CONFIG        |     2 |    10 |     3   (0)| 00:00:01 |</font>
<font style="background-color: lightblue; color: red">|*  7 |     TABLE ACCESS FULL         | MS_RSK_SF_CONFIG        |     1 |    11 |     3   (0)| 00:00:01 |</font>
|   8 |      SORT AGGREGATE           |                         |     1 |     5 |            |          |
<font style="background-color: lightblue; color: red">|   9 |       TABLE ACCESS FULL       | MS_RSK_SF_CONFIG        |     2 |    10 |     3   (0)| 00:00:01 |</font>
|* 10 |    INDEX FULL SCAN            | MS_RSK_SF_CONFIG_CFG_UK |     1 |    25 |     1   (0)| 00:00:01 |
---------------------------------------------------------------------------------------------------------
 
</code></pre><header class="major"><h2>Query Block Name / Object Alias (identified by operation id):</h2></header><pre><code>
 
   1 - SEL$F5BB74E1
   3 - SEL$F5BB74E1 / SI_102640_T@SEL$2
   4 - SEL$F5BB74E1 / SI_102640_T@SEL$2
   5 - SEL$5       
   6 - SEL$5        / MS_RSK_SF_CONFIG@SEL$5
   7 - SEL$3        / MS_RSK_SF_CONFIG@SEL$3
   8 - SEL$4       
   9 - SEL$4        / MS_RSK_SF_CONFIG@SEL$4
  10 - SEL$F5BB74E1 / B@SEL$1
 
</code></pre><header class="major"><h2>Predicate Information (identified by operation id):</h2></header><pre><code>
 
   3 - filter("SF_ID"= (SELECT "SF_ID" FROM "MS_RSK_SF_CONFIG" "MS_RSK_SF_CONFIG" WHERE 
              "DD_PROCESS_INSTANCE_ID"= (SELECT MAX("DD_PROCESS_INSTANCE_ID") FROM "MS_RSK_SF_CONFIG" 
              "MS_RSK_SF_CONFIG")))
   4 - access("PROCESS_INSTANCE_ID"= (SELECT MAX("DD_PROCESS_INSTANCE_ID") FROM 
              "MS_RSK_SF_CONFIG" "MS_RSK_SF_CONFIG"))
   7 - filter("DD_PROCESS_INSTANCE_ID"= (SELECT MAX("DD_PROCESS_INSTANCE_ID") FROM 
              "MS_RSK_SF_CONFIG" "MS_RSK_SF_CONFIG"))
  10 - access("SF_ID"="B"."SF_ID" AND "PROFILE_CONFIG"="B"."PROFILE_CONFIG" AND 
              "PERSPECTIVE"="B"."PERSPECTIVE")
       filter("SF_ID"="B"."SF_ID" AND "PROFILE_CONFIG"="B"."PROFILE_CONFIG" AND 
              "PERSPECTIVE"="B"."PERSPECTIVE")
 
</code></pre><header class="major"><h2>Column Projection Information (identified by operation id):</h2></header><pre><code>
 
   1 - (#keys=1) "INSTANCE_REC_NUM"[NUMBER,22], "PERSPECTIVE"[VARCHAR2,4000], 
       "PROFILE_CONFIG"[VARCHAR2,4000], "SF_X_AXIS"[VARCHAR2,4000], "SF_Y_AXIS"[VARCHAR2,4000], 
       "DEFAULT_PROFILE"[VARCHAR2,4000], NULL[0], NULL[0], NULL[0], NULL[0]
   2 - (#keys=0) "DEFAULT_PROFILE"[VARCHAR2,4000], "SF_Y_AXIS"[VARCHAR2,4000], 
       "SF_X_AXIS"[VARCHAR2,4000], "PROFILE_CONFIG"[VARCHAR2,4000], "PERSPECTIVE"[VARCHAR2,4000], 
       "INSTANCE_REC_NUM"[NUMBER,22]
   3 - "DEFAULT_PROFILE"[VARCHAR2,4000], "SF_Y_AXIS"[VARCHAR2,4000], "SF_X_AXIS"[VARCHAR2,4000], 
       "PROFILE_CONFIG"[VARCHAR2,4000], "PERSPECTIVE"[VARCHAR2,4000], "SF_ID"[VARCHAR2,4000], 
       "INSTANCE_REC_NUM"[NUMBER,22]
   4 - "SI_102640_T".ROWID[ROWID,10]
   5 - (#keys=0) MAX("DD_PROCESS_INSTANCE_ID")[22]
   6 - "DD_PROCESS_INSTANCE_ID"[NUMBER,22]
   7 - "SF_ID"[VARCHAR2,400], "DD_PROCESS_INSTANCE_ID"[NUMBER,22]
   8 - (#keys=0) MAX("DD_PROCESS_INSTANCE_ID")[22]
   9 - "DD_PROCESS_INSTANCE_ID"[NUMBER,22]
										</code></pre>
								</section>
						</div>
					</div>

				<!-- Sidebar -->
				<div id="sidebar">
					<div class="inner">
						<!-- Menu -->
						<nav id="menu">
							<header class="major">
								<h2>Menu</h2>
							</header>
							<ul>
								<li><a href="../index.html">Module List</a></li>
								<li><a href="index.html">Summary</a></li>
								<li>
									<span class="opener">DB Analysis</span>
									<ul>
										<li><a href="bad-sql.html">Bad SQL</a></li>
										<li><a href="poor-sql.html">Poor SQL Plan</a></li>
										<li><a href="invalid-sql.html">Invalid SQL</a></li>
										<li><a href="full-sql.html">Full SQL Report</a></li>
										<li><a href="table-nil-key.html">Primary/Unique Key Miss</a></li>
										<li><a href="invalid-db-object.html">Invalid DB Objects</a></li>
									</ul>
								</li>
								<li>
									<span class="opener">Infolets</span>
									<ul>
										<li><a href="keep-history-infolets.html">Keep History Infolets</a></li>
									</ul>
								</li>
								<li>
									<span class="opener">Pushforms</span>
									<ul>
										<li><a href="pushform-denormalize.html">Pushform Denormalized</a></li>
									</ul>
								</li>
							</ul>
						</nav>

						<!-- Section -->
						<section>
							<header class="major">
								<h2>Get in touch</h2>
							</header>
							<p>You need more details on the report or want more functionality, don't hesitate to reach out to us.</p>
							<ul class="contact">
								<li class="fa-envelope-o"><a href="mailto:rnd@metricstream.com?Subject=Reg - Static Code Analysis Tool" target="_top">rnd@metricstream.com</a></li>
							</ul>
						</section>

						<!-- Footer -->
						<footer id="footer">
							<p class="copyright">&copy; <a href="http://www.metricstream.com" target="_blank">MetricStream</a>. All rights reserved. </p>
						</footer>
					</div>
				</div>
			</div>

		<!-- Scripts -->
			<script src="../../lib/assets/js/jquery.min.js"></script>
			<script src="../../lib/assets/js/skel.min.js"></script>
			<script src="../../lib/assets/js/util.js"></script>
			<!--[if lte IE 8]><script src="../../lib/assets/js/ie/respond.min.js"></script><![endif]-->
			<script src="../../lib/assets/js/main.js"></script>
	</body>
</html>