<!DOCTYPE HTML>
<html>
	<head>
		<title>Code Analysis - MetricStream</title>
		<meta charset="utf-8" />
		<meta name="viewport" content="width=device-width, initial-scale=1, user-scalable=no" />
		<!--[if lte IE 8]><script src="../../lib/assets/js/ie/html5shiv.js"></script><![endif]-->
		<link rel="stylesheet" href="../../lib/assets/css/main.css" />
		<!--[if lte IE 9]><link rel="stylesheet" href="../../lib/assets/css/ie9.css" /><![endif]-->
		<!--[if lte IE 8]><link rel="stylesheet" href="../../lib/assets/css/ie8.css" /><![endif]-->
	</head>
	<body>

		<!-- Wrapper -->
			<div id="wrapper">

				<!-- Main -->
					<div id="main">
						<div class="inner">
							<!-- Header -->
								<header id="header">
									<a href="index.html" class="logo"><strong>Static Code Analysis Report</strong> by Code Analyzer Tool</a>
								</header>

							<!-- Content -->
								<section>
									<!-- Content -->
										<header class="major"><h2>Infolet Details</h2></header>
										<div class="table-wrapper">
											<table>
												<tbody>
													<tr>
														<td><b>Name</b></td>
														<td>MS_RSK_Get_Task_Details_New (102262)</td>
													</tr>
													<tr>
														<td><b>SQL</b></td>
														<td><pre><code>SELECT A.object_name schedule_name,A.object_id schedule_id,O.owner_organizations
  FROM MS_RSK_SCHEDULE_RISK_A A, MS_RSK_SCHEDULE_RISK_A_OWO O
 WHERE A.OBJECT_ID = O.OBJECT_ID
 AND ms_apps_security_pkg.check_object_access
                                                ('MS_RSK_SCHEDULE_RISK_ASSMN',
                                                 'O',
                                                 owner_organizations,
                                                 :1,
                                                 'VIEW'
                                                ) = 'ACCESS'    
   AND owner_organizations IN (
          SELECT TO_CHAR(org_entity_ID)
            FROM MS_RSK_USER_FLDW_ORG_ACT_VIEW
           WHERE activity_name = 'RSK - Edit All Scheduled Risk Assessments')</code></pre></td>
													</tr>
													<tr>
														<td><b>Description</b></td>
														<td>null</td>
													</tr>
												</tbody>
											</table>
										</div>

										<h2 align="center" id="content">Analysis Report</h2>
										<hr>

<header class="major"><h2>Plan hash value: 4167647550</h2></header><pre><code>
 
-----------------------------------------------------------------------------------------------------------------------------
| Id  | Operation                                   | Name                          | Rows  | Bytes | Cost (%CPU)| Time     |
-----------------------------------------------------------------------------------------------------------------------------
|   0 | SELECT STATEMENT                            |                               |     1 |    91 |    27   (0)| 00:00:01 |
|*  1 |  HASH JOIN SEMI                             |                               |     1 |    91 |    27   (0)| 00:00:01 |
|   2 |   NESTED LOOPS                              |                               |     1 |    69 |     2   (0)| 00:00:01 |
|   3 |    NESTED LOOPS                             |                               |     1 |    69 |     2   (0)| 00:00:01 |
|*  4 |     INDEX FULL SCAN                         | MS_RSK_SCHEDULE_RISK_A_OWO_UK |     1 |    21 |     1   (0)| 00:00:01 |
|*  5 |     INDEX RANGE SCAN                        | MS_RSK_SCHEDULE_RISK_A_PK     |     1 |       |     1   (0)| 00:00:01 |
|   6 |    TABLE ACCESS BY INDEX ROWID              | MS_RSK_SCHEDULE_RISK_A        |     1 |    48 |     1   (0)| 00:00:01 |
|   7 |   VIEW                                      | VW_NSO_1                      |     1 |    22 |    25   (0)| 00:00:01 |
|*  8 |    HASH JOIN                                |                               |     1 |   187 |    25   (0)| 00:00:01 |
|   9 |     NESTED LOOPS                            |                               |     1 |   161 |    19   (0)| 00:00:01 |
|  10 |      NESTED LOOPS                           |                               |     1 |   161 |    19   (0)| 00:00:01 |
|  11 |       NESTED LOOPS                          |                               |     1 |   155 |    18   (0)| 00:00:01 |
|  12 |        NESTED LOOPS                         |                               |     1 |   145 |    17   (0)| 00:00:01 |
|  13 |         NESTED LOOPS                        |                               |     1 |   140 |    16   (0)| 00:00:01 |
|  14 |          NESTED LOOPS                       |                               |     1 |   135 |    15   (0)| 00:00:01 |
|  15 |           NESTED LOOPS                      |                               |     1 |   120 |    14   (0)| 00:00:01 |
<font style="background-color: lightblue; color: red">|  16 |            MERGE JOIN CARTESIAN             |                               |     1 |   110 |    12   (0)| 00:00:01 |</font>
|* 17 |             HASH JOIN                       |                               |     1 |    78 |    11   (0)| 00:00:01 |
|* 18 |              HASH JOIN                      |                               |     1 |    65 |     8   (0)| 00:00:01 |
<font style="background-color: lightblue; color: red">|* 19 |               TABLE ACCESS FULL             | MS_QS_PARAMETER_TYPES         |     1 |    32 |     3   (0)| 00:00:01 |</font>
<font style="background-color: lightblue; color: red">|* 20 |               TABLE ACCESS FULL             | MS_QS_PARAMETER_NAMES         |     3 |    99 |     5   (0)| 00:00:01 |</font>
<font style="background-color: lightblue; color: red">|* 21 |              TABLE ACCESS FULL              | MS_QS_PARAMETER_VALUES        |   257 |  3341 |     3   (0)| 00:00:01 |</font>
|  22 |             BUFFER SORT                     |                               |     1 |    32 |     9   (0)| 00:00:01 |
|  23 |              TABLE ACCESS BY INDEX ROWID    | SI_ACTIVITIES_T               |     1 |    32 |     1   (0)| 00:00:01 |
|* 24 |               INDEX RANGE SCAN              | SI_ACTIVITIES_N2              |     1 |       |     1   (0)| 00:00:01 |
|* 25 |            INDEX FULL SCAN                  | SI_ROLE_ACTIVITIES_N2         |     3 |    30 |     2   (0)| 00:00:01 |
|  26 |           TABLE ACCESS BY INDEX ROWID       | SI_ORG_ROLES                  |     1 |    15 |     1   (0)| 00:00:01 |
|* 27 |            INDEX RANGE SCAN                 | SI_ORG_ROLES_N2               |     1 |       |     1   (0)| 00:00:01 |
|* 28 |          INDEX RANGE SCAN                   | SI_ROLES_N2                   |     1 |     5 |     1   (0)| 00:00:01 |
|* 29 |         INDEX RANGE SCAN                    | SI_ORG_ENTITIES_N5            |     1 |     5 |     1   (0)| 00:00:01 |
|* 30 |        INDEX RANGE SCAN                     | SI_USER_ORG_ROLES_N2          |     2 |    20 |     1   (0)| 00:00:01 |
|* 31 |       INDEX UNIQUE SCAN                     | SI_USERS_T_N1                 |     1 |       |     1   (0)| 00:00:01 |
|* 32 |      TABLE ACCESS BY INDEX ROWID            | SI_USERS_T                    |     1 |     6 |     1   (0)| 00:00:01 |
|  33 |     VIEW                                    | MS_RSK_FLOW_DOWN_ORGS_VIEW    |   465 | 12090 |     7  (15)| 00:00:01 |
|* 34 |      CONNECT BY NO FILTERING WITH START-WITH|                               |       |       |            |          |
|* 35 |       HASH JOIN OUTER                       |                               |    74 |  1258 |     6   (0)| 00:00:01 |
<font style="background-color: lightblue; color: red">|  36 |        TABLE ACCESS FULL                    | SI_ORG_ENTITIES_T             |    74 |   740 |     3   (0)| 00:00:01 |</font>
<font style="background-color: lightblue; color: red">|* 37 |        TABLE ACCESS FULL                    | SI_ORG_ENTITIES_TL            |     2 |    14 |     3   (0)| 00:00:01 |</font>
-----------------------------------------------------------------------------------------------------------------------------
 
</code></pre><header class="major"><h2>Query Block Name / Object Alias (identified by operation id):</h2></header><pre><code>
 
   1 - SEL$5E858672
   4 - SEL$5E858672 / O@SEL$1
   5 - SEL$5E858672 / A@SEL$1
   6 - SEL$5E858672 / A@SEL$1
   7 - SEL$9BDC7430 / VW_NSO_1@SEL$5E858672
   8 - SEL$9BDC7430
  19 - SEL$9BDC7430 / PTYPE@SEL$11
  20 - SEL$9BDC7430 / PNAME@SEL$11
  21 - SEL$9BDC7430 / PVALUE@SEL$11
  23 - SEL$9BDC7430 / ACT@SEL$11
  24 - SEL$9BDC7430 / ACT@SEL$11
  25 - SEL$9BDC7430 / ROLE_ACT@SEL$11
  26 - SEL$9BDC7430 / ORG_ROLES@SEL$11
  27 - SEL$9BDC7430 / ORG_ROLES@SEL$11
  28 - SEL$9BDC7430 / ROLES@SEL$11
  29 - SEL$9BDC7430 / ORGS@SEL$11
  30 - SEL$9BDC7430 / USR_ORG_ROLES@SEL$11
  31 - SEL$9BDC7430 / USERS@SEL$11
  32 - SEL$9BDC7430 / USERS@SEL$11
  33 - SEL$4        / FLOW_DOWN_ORGS@SEL$3
  34 - SEL$4       
  35 - SEL$9765FB8D
  36 - SEL$9765FB8D / T@SEL$8
  37 - SEL$9765FB8D / TL@SEL$8
 
</code></pre><header class="major"><h2>Predicate Information (identified by operation id):</h2></header><pre><code>
 
   1 - access("OWNER_ORGANIZATIONS"="TO_CHAR(ORG_ENTITY_ID)")
   4 - filter("MS_APPS_SECURITY_PKG"."CHECK_OBJECT_ACCESS"('MS_RSK_SCHEDULE_RISK_ASSMN','O',"OWNER_ORGANIZATIONS",:1,
              'VIEW')='ACCESS')
   5 - access("A"."OBJECT_ID"="O"."OBJECT_ID")
   8 - access("ORGS"."ORG_ENTITY_ID"="FLOW_DOWN_ORGS"."PARENT")
  17 - access("PNAME"."PARAMETER_ID"="PVALUE"."PARAMETER_ID" AND 
              "PTYPE"."PARAMETER_TYPE_ID"="PVALUE"."PARAMETER_TYPE_ID")
  18 - access("PTYPE"."PARAMETER_TYPE_ID"="PNAME"."PARAMETER_TYPE_ID")
  19 - filter(UPPER("PTYPE"."PARAMETER_TYPE")='MS APPS USER NAME DISPLAY FORMAT')
  20 - filter(UPPER("PNAME"."PARAMETER_NAME")='DISPLAY_FORMAT')
  21 - filter("PVALUE"."ORG_ENTITY_ID"=1)
  24 - access("ACT"."ACTIVITY_NAME"='RSK - Edit All Scheduled Risk Assessments')
  25 - access("ROLE_ACT"."ACTIVITY_ID"="ACT"."ACTIVITY_ID")
       filter("ROLE_ACT"."ACTIVITY_ID"="ACT"."ACTIVITY_ID")
  27 - access("ROLE_ACT"."ROLE_ID"="ORG_ROLES"."ROLE_ID")
  28 - access("ROLES"."ROLE_ID"="ORG_ROLES"."ROLE_ID")
  29 - access("ORGS"."ORG_ENTITY_ID"="ORG_ROLES"."ORG_ENTITY_ID")
  30 - access("USR_ORG_ROLES"."ORG_ROLE_ID"="ORG_ROLES"."ORG_ROLE_ID")
  31 - access("USERS"."USER_ID"="USR_ORG_ROLES"."USER_ID")
  32 - filter(NVL("USERS"."END_DATE",SYSDATE@!)>=SYSDATE@!)
  34 - access("PARENT_ORG_ENTITY_ID"=PRIOR "T"."ORG_ENTITY_ID")
       filter("T"."ORG_ENTITY_ID"="T"."ORG_ENTITY_ID")
  35 - access("T"."ORG_ENTITY_ID"="TL"."ORG_ENTITY_ID"(+))
  37 - filter("TL"."LOCALE_ID"(+)=TO_NUMBER("SI_DB_LOCALE_SV"."GETVALUE"()))
 
</code></pre><header class="major"><h2>Column Projection Information (identified by operation id):</h2></header><pre><code>
 
   1 - (#keys=1) "OWNER_ORGANIZATIONS"[VARCHAR2,4000], "A"."OBJECT_NAME"[VARCHAR2,4000], 
       "A"."OBJECT_ID"[VARCHAR2,400]
   2 - (#keys=0) "OWNER_ORGANIZATIONS"[VARCHAR2,4000], "A"."OBJECT_ID"[VARCHAR2,400], 
       "A"."OBJECT_NAME"[VARCHAR2,4000]
   3 - (#keys=0) "OWNER_ORGANIZATIONS"[VARCHAR2,4000], "A".ROWID[ROWID,10], "A"."OBJECT_ID"[VARCHAR2,400]
   4 - "OWNER_ORGANIZATIONS"[VARCHAR2,4000], "O"."OBJECT_ID"[VARCHAR2,400]
   5 - "A".ROWID[ROWID,10], "A"."OBJECT_ID"[VARCHAR2,400]
   6 - "A"."OBJECT_NAME"[VARCHAR2,4000]
   7 - "TO_CHAR(ORG_ENTITY_ID)"[VARCHAR2,40]
   8 - (#keys=1) "FLOW_DOWN_ORGS"."ORG_ENTITY_ID"[NUMBER,22]
   9 - (#keys=0) "ORGS"."ORG_ENTITY_ID"[NUMBER,22]
  10 - (#keys=0) "ORGS"."ORG_ENTITY_ID"[NUMBER,22], "USERS".ROWID[ROWID,10]
  11 - (#keys=0) "ORGS"."ORG_ENTITY_ID"[NUMBER,22], "USR_ORG_ROLES"."USER_ID"[NUMBER,22]
  12 - (#keys=0) "ORG_ROLES"."ORG_ROLE_ID"[NUMBER,22], "ORGS"."ORG_ENTITY_ID"[NUMBER,22]
  13 - (#keys=0) "ORG_ROLES"."ORG_ROLE_ID"[NUMBER,22], "ORG_ROLES"."ORG_ENTITY_ID"[NUMBER,22]
  14 - (#keys=0) "ORG_ROLES"."ORG_ROLE_ID"[NUMBER,22], "ORG_ROLES"."ORG_ENTITY_ID"[NUMBER,22], 
       "ORG_ROLES"."ROLE_ID"[NUMBER,22]
  15 - (#keys=0) "ROLE_ACT"."ROLE_ID"[NUMBER,22]
  16 - (#keys=0) "ACT"."ACTIVITY_ID"[NUMBER,22]
  17 - (#keys=2) 
  18 - (#keys=1) "PTYPE"."PARAMETER_TYPE_ID"[NUMBER,22], "PNAME"."PARAMETER_ID"[NUMBER,22]
  19 - "PTYPE"."PARAMETER_TYPE_ID"[NUMBER,22]
  20 - "PNAME"."PARAMETER_ID"[NUMBER,22], "PNAME"."PARAMETER_TYPE_ID"[NUMBER,22]
  21 - "PVALUE"."PARAMETER_TYPE_ID"[NUMBER,22], "PVALUE"."PARAMETER_ID"[NUMBER,22]
  22 - (#keys=0) "ACT"."ACTIVITY_ID"[NUMBER,22]
  23 - "ACT"."ACTIVITY_ID"[NUMBER,22]
  24 - "ACT".ROWID[ROWID,10]
  25 - "ROLE_ACT"."ROLE_ID"[NUMBER,22]
  26 - "ORG_ROLES"."ORG_ROLE_ID"[NUMBER,22], "ORG_ROLES"."ORG_ENTITY_ID"[NUMBER,22], "ORG_ROLES"."ROLE_ID"[NUMBER,22]
  27 - "ORG_ROLES".ROWID[ROWID,10], "ORG_ROLES"."ROLE_ID"[NUMBER,22]
  29 - "ORGS"."ORG_ENTITY_ID"[NUMBER,22]
  30 - "USR_ORG_ROLES"."USER_ID"[NUMBER,22]
  31 - "USERS".ROWID[ROWID,10]
  33 - "FLOW_DOWN_ORGS"."ORG_ENTITY_ID"[NUMBER,22], "FLOW_DOWN_ORGS"."PARENT"[NUMBER,22]
  34 - "PARENT_ORG_ENTITY_ID"[NUMBER,22], "T"."ORG_ENTITY_ID"[NUMBER,22], PRIOR NULL[22], ANY[22], LEVEL[4]
  35 - (#keys=1) "T"."ORG_ENTITY_ID"[NUMBER,22], "TL"."ORG_ENTITY_ID"[NUMBER,22], "PARENT_ORG_ENTITY_ID"[NUMBER,22], 
       "TL"."LOCALE_ID"[NUMBER,22]
  36 - "T"."ORG_ENTITY_ID"[NUMBER,22], "PARENT_ORG_ENTITY_ID"[NUMBER,22]
  37 - "TL"."ORG_ENTITY_ID"[NUMBER,22], "TL"."LOCALE_ID"[NUMBER,22]
										</code></pre>
								</section>
						</div>
					</div>

				<!-- Sidebar -->
				<div id="sidebar">
					<div class="inner">
						<!-- Menu -->
						<nav id="menu">
							<header class="major">
								<h2>Menu</h2>
							</header>
							<ul>
								<li><a href="../index.html">Module List</a></li>
								<li><a href="index.html">Summary</a></li>
								<li>
									<span class="opener">DB Analysis</span>
									<ul>
										<li><a href="bad-sql.html">Bad SQL</a></li>
										<li><a href="poor-sql.html">Poor SQL Plan</a></li>
										<li><a href="invalid-sql.html">Invalid SQL</a></li>
										<li><a href="full-sql.html">Full SQL Report</a></li>
										<li><a href="table-nil-key.html">Primary/Unique Key Miss</a></li>
										<li><a href="invalid-db-object.html">Invalid DB Objects</a></li>
									</ul>
								</li>
								<li>
									<span class="opener">Infolets</span>
									<ul>
										<li><a href="keep-history-infolets.html">Keep History Infolets</a></li>
									</ul>
								</li>
								<li>
									<span class="opener">Pushforms</span>
									<ul>
										<li><a href="pushform-denormalize.html">Pushform Denormalized</a></li>
									</ul>
								</li>
							</ul>
						</nav>

						<!-- Section -->
						<section>
							<header class="major">
								<h2>Get in touch</h2>
							</header>
							<p>You need more details on the report or want more functionality, don't hesitate to reach out to us.</p>
							<ul class="contact">
								<li class="fa-envelope-o"><a href="mailto:rnd@metricstream.com?Subject=Reg - Static Code Analysis Tool" target="_top">rnd@metricstream.com</a></li>
							</ul>
						</section>

						<!-- Footer -->
						<footer id="footer">
							<p class="copyright">&copy; <a href="http://www.metricstream.com" target="_blank">MetricStream</a>. All rights reserved. </p>
						</footer>
					</div>
				</div>
			</div>

		<!-- Scripts -->
			<script src="../../lib/assets/js/jquery.min.js"></script>
			<script src="../../lib/assets/js/skel.min.js"></script>
			<script src="../../lib/assets/js/util.js"></script>
			<!--[if lte IE 8]><script src="../../lib/assets/js/ie/respond.min.js"></script><![endif]-->
			<script src="../../lib/assets/js/main.js"></script>
	</body>
</html>