<!DOCTYPE HTML>
<html>
	<head>
		<title>Code Analysis - MetricStream</title>
		<meta charset="utf-8" />
		<meta name="viewport" content="width=device-width, initial-scale=1, user-scalable=no" />
		<!--[if lte IE 8]><script src="../../lib/assets/js/ie/html5shiv.js"></script><![endif]-->
		<link rel="stylesheet" href="../../lib/assets/css/main.css" />
		<!--[if lte IE 9]><link rel="stylesheet" href="../../lib/assets/css/ie9.css" /><![endif]-->
		<!--[if lte IE 8]><link rel="stylesheet" href="../../lib/assets/css/ie8.css" /><![endif]-->
	</head>
	<body>

		<!-- Wrapper -->
			<div id="wrapper">

				<!-- Main -->
					<div id="main">
						<div class="inner">
							<!-- Header -->
								<header id="header">
									<a href="index.html" class="logo"><strong>Static Code Analysis Report</strong> by Code Analyzer Tool</a>
								</header>

							<!-- Content -->
								<section>
									<!-- Content -->
										<header class="major"><h2>Infolet Details</h2></header>
										<div class="table-wrapper">
											<table>
												<tbody>
													<tr>
														<td><b>Name</b></td>
														<td>MS_RSK_GET_PLAN_ROLES (102205)</td>
													</tr>
													<tr>
														<td><b>SQL</b></td>
														<td><pre><code>select distinct ROL.role_name,ORGR.role_id
FROM SI_FLOW_DOWN_ORG_V ENT,
  SI_ORG_ROLES ORGR,
  SI_USER_ORG_ROLES UOR,
  SI_ACTIVITIES ACT,
  SI_ROLE_ACTIVITIES RACT,
  SI_USERS_T USRS,
  SI_ROLES_T ROL
WHERE ORGR.ORG_ENTITY_ID = ENT.ORG_ENTITY_ID 
AND RACT.ACTIVITY_ID     = ACT.ACTIVITY_ID 
AND RACT.ROLE_ID         = ORGR.ROLE_ID
AND ORGR.ORG_ROLE_ID     = UOR.ORG_ROLE_ID
and UOR.USER_ID          = USRS.USER_ID
AND orgr.role_id = ROL.ROLE_ID
AND (TRIM (ACTIVITY_NAME) = 'RSK - Assess Risks')
  AND((:2 IN ('3','2','1') AND (MS_RSK_CheckInList(ENT.org_entity_id,:1) = 1)) OR (:2 ='1'))
  order by ROLE_NAME</code></pre></td>
													</tr>
													<tr>
														<td><b>Description</b></td>
														<td>null</td>
													</tr>
												</tbody>
											</table>
										</div>

										<h2 align="center" id="content">Analysis Report</h2>
										<hr>

<header class="major"><h2>Plan hash value: 2569315557</h2></header><pre><code>
 
-----------------------------------------------------------------------------------------------------------------------------
| Id  | Operation                                      | Name                       | Rows  | Bytes | Cost (%CPU)| Time     |
-----------------------------------------------------------------------------------------------------------------------------
|   0 | SELECT STATEMENT                               |                            |  1591 |   225K|    38  (11)| 00:00:01 |
|   1 |  SORT UNIQUE                                   |                            |  1591 |   225K|    37   (9)| 00:00:01 |
|*  2 |   HASH JOIN                                    |                            |  1591 |   225K|    36   (6)| 00:00:01 |
|   3 |    VIEW                                        | SI_REGISTER_APPLICATION_V  |    40 |   520 |     7   (0)| 00:00:01 |
|   4 |     UNION-ALL                                  |                            |       |       |            |          |
|*  5 |      HASH JOIN OUTER                           |                            |    39 |  1287 |     5   (0)| 00:00:01 |
<font style="background-color: lightblue; color: red">|   6 |       TABLE ACCESS FULL                        | SI_REGISTER_APPLICATION    |    39 |   273 |     3   (0)| 00:00:01 |</font>
<font style="background-color: lightblue; color: red">|*  7 |       TABLE ACCESS FULL                        | SI_REGISTER_APPLICATION_TL |     1 |    26 |     2   (0)| 00:00:01 |</font>
|   8 |      FAST DUAL                                 |                            |     1 |       |     2   (0)| 00:00:01 |
|*  9 |    HASH JOIN                                   |                            |   477 | 62964 |    29   (7)| 00:00:01 |
|  10 |     NESTED LOOPS                               |                            |    17 |  2159 |    15   (0)| 00:00:01 |
|* 11 |      HASH JOIN                                 |                            |    17 |  2074 |    14   (0)| 00:00:01 |
|* 12 |       HASH JOIN                                |                            |     8 |   896 |    13   (0)| 00:00:01 |
|* 13 |        HASH JOIN                               |                            |     8 |   704 |    10   (0)| 00:00:01 |
|* 14 |         HASH JOIN                              |                            |    11 |   803 |     9   (0)| 00:00:01 |
|* 15 |          HASH JOIN OUTER                       |                            |     4 |   252 |     7   (0)| 00:00:01 |
<font style="background-color: lightblue; color: red">|* 16 |           TABLE ACCESS FULL                    | SI_ACTIVITIES_T            |     4 |   148 |     5   (0)| 00:00:01 |</font>
<font style="background-color: lightblue; color: red">|* 17 |           TABLE ACCESS FULL                    | SI_ACTIVITIES_TL           |     1 |    26 |     2   (0)| 00:00:01 |</font>
|  18 |          INDEX FULL SCAN                       | SI_ROLE_ACTIVITIES_N2      |  1005 | 10050 |     2   (0)| 00:00:01 |
|  19 |         INDEX FULL SCAN                        | SI_ORG_ROLES_N3            |    63 |   945 |     1   (0)| 00:00:01 |
<font style="background-color: lightblue; color: red">|  20 |        TABLE ACCESS FULL                       | SI_ROLES_T                 |    54 |  1296 |     3   (0)| 00:00:01 |</font>
|  21 |       INDEX FULL SCAN                          | SI_USER_ORG_ROLES_N2       |   137 |  1370 |     1   (0)| 00:00:01 |
|* 22 |      INDEX UNIQUE SCAN                         | SI_USERS_T_N1              |     1 |     5 |     1   (0)| 00:00:01 |
<font style="background-color: lightblue; color: red">|* 23 |     VIEW                                       | SI_FLOW_DOWN_ORG_V         |   465 |  2325 |    14  (15)| 00:00:01 |</font>
<font style="background-color: lightblue; color: red">|  24 |      TEMP TABLE TRANSFORMATION                 |                            |       |       |            |          |</font>
|  25 |       LOAD AS SELECT                           | SYS_TEMP_0FD9D662B_27E11A9 |       |       |            |          |
|* 26 |        FILTER                                  |                            |       |       |            |          |
|* 27 |         CONNECT BY NO FILTERING WITH START-WITH|                            |       |       |            |          |
|* 28 |          HASH JOIN OUTER                       |                            |    74 |  3034 |     6   (0)| 00:00:01 |
<font style="background-color: lightblue; color: red">|  29 |           TABLE ACCESS FULL                    | SI_ORG_ENTITIES_T          |    74 |  2516 |     3   (0)| 00:00:01 |</font>
<font style="background-color: lightblue; color: red">|* 30 |           TABLE ACCESS FULL                    | SI_ORG_ENTITIES_TL         |     2 |    14 |     3   (0)| 00:00:01 |</font>
|* 31 |       HASH JOIN                                |                            |   465 | 20460 |     7  (15)| 00:00:01 |
|  32 |        VIEW                                    | VW_SQ_1                    |    74 |  1924 |     4  (25)| 00:00:01 |
|  33 |         SORT GROUP BY                          |                            |    74 |  1332 |     4  (25)| 00:00:01 |
|  34 |          VIEW                                  |                            |   465 |  8370 |     3   (0)| 00:00:01 |
<font style="background-color: lightblue; color: red">|  35 |           TABLE ACCESS FULL                    | SYS_TEMP_0FD9D662B_27E11A9 |   465 | 23250 |     3   (0)| 00:00:01 |</font>
|  36 |        VIEW                                    |                            |   465 |  8370 |     3   (0)| 00:00:01 |
<font style="background-color: lightblue; color: red">|  37 |         TABLE ACCESS FULL                      | SYS_TEMP_0FD9D662B_27E11A9 |   465 | 23250 |     3   (0)| 00:00:01 |</font>
-----------------------------------------------------------------------------------------------------------------------------
 
</code></pre><header class="major"><h2>Query Block Name / Object Alias (identified by operation id):</h2></header><pre><code>
 
   1 - SEL$651CB77D
   3 - SET$2        / SRA@SEL$11
   4 - SET$2       
   5 - SEL$12      
   6 - SEL$12       / T@SEL$12
   7 - SEL$12       / TL@SEL$12
   8 - SEL$15       / DUAL@SEL$15
  16 - SEL$651CB77D / T@SEL$11
  17 - SEL$651CB77D / TL@SEL$11
  18 - SEL$651CB77D / RACT@SEL$1
  19 - SEL$651CB77D / ORGR@SEL$1
  20 - SEL$651CB77D / ROL@SEL$1
  21 - SEL$651CB77D / UOR@SEL$1
  22 - SEL$651CB77D / USRS@SEL$1
  23 - SEL$15BD0953 / ENT@SEL$1
  24 - SEL$15BD0953
  25 - SEL$2       
  28 - SEL$04B9C198
  29 - SEL$04B9C198 / T@SEL$6
  30 - SEL$04B9C198 / TL@SEL$6
  32 - SEL$0DDF58A2 / VW_SQ_1@SEL$778796C4
  33 - SEL$0DDF58A2
  34 - SEL$EC770CBA / O2@SEL$10
  35 - SEL$EC770CBA / T1@SEL$EC770CBA
  36 - SEL$EC770CBB / O1@SEL$9
  37 - SEL$EC770CBB / T1@SEL$EC770CBB
 
</code></pre><header class="major"><h2>Predicate Information (identified by operation id):</h2></header><pre><code>
 
   2 - access(NVL("T"."PACKAGE_ID",0)=NVL("SRA"."PACKAGE_ID",0))
   5 - access("TL"."MODULE_ID"(+)="T"."MODULE_ID")
   7 - filter("TL"."LOCALE_ID"(+)=TO_NUMBER("SI_DB_LOCALE_SV"."GETVALUE"()))
   9 - access("ORGR"."ORG_ENTITY_ID"="ENT"."ORG_ENTITY_ID")
  11 - access("ORGR"."ORG_ROLE_ID"="UOR"."ORG_ROLE_ID")
  12 - access("ORGR"."ROLE_ID"="ROL"."ROLE_ID")
  13 - access("RACT"."ROLE_ID"="ORGR"."ROLE_ID")
  14 - access("RACT"."ACTIVITY_ID"="T"."ACTIVITY_ID")
  15 - access("T"."ACTIVITY_ID"="TL"."ACTIVITY_ID"(+))
  16 - filter(TRIM("ACTIVITY_NAME")='RSK - Assess Risks')
  17 - filter("TL"."LOCALE_ID"(+)=TO_NUMBER("SI_DB_LOCALE_SV"."GETVALUE"()))
  22 - access("UOR"."USER_ID"="USRS"."USER_ID")
  23 - filter((:2='3' OR :2='2' OR :2='1') AND "MS_RSK_CHECKINLIST"(TO_CHAR("ENT"."ORG_ENTITY_ID"),:1)=1 OR :2='1')
  26 - filter(NVL("END_DATE",SYSDATE@!)>=SYSDATE@!)
  27 - access("PARENT_ORG_ENTITY_ID"=PRIOR "T"."ORG_ENTITY_ID")
       filter("T"."ORG_ENTITY_ID" IS NOT NULL)
  28 - access("T"."ORG_ENTITY_ID"="TL"."ORG_ENTITY_ID"(+))
  30 - filter("TL"."LOCALE_ID"(+)=TO_NUMBER("SI_DB_LOCALE_SV"."GETVALUE"()))
  31 - access("LVL"="MAX(LVL)" AND "ITEM_0"="O1"."ORG_ENTITY_ID")
 
</code></pre><header class="major"><h2>Column Projection Information (identified by operation id):</h2></header><pre><code>
 
   1 - (#keys=2) "ROL"."ROLE_NAME"[VARCHAR2,400], "ORGR"."ROLE_ID"[NUMBER,22]
   2 - (#keys=1) "ORGR"."ROLE_ID"[NUMBER,22], "ROL"."ROLE_NAME"[VARCHAR2,400]
   3 - "SRA"."PACKAGE_ID"[NUMBER,22]
   4 - STRDEF[22]
   5 - (#keys=1) "T"."MODULE_ID"[NUMBER,22]
   6 - "T"."MODULE_ID"[NUMBER,22]
   7 - "TL"."MODULE_ID"[NUMBER,22]
   9 - (#keys=1) "ORGR"."ROLE_ID"[NUMBER,22], "T"."PACKAGE_ID"[NUMBER,22], "ROL"."ROLE_NAME"[VARCHAR2,400]
  10 - (#keys=0) "ORGR"."ROLE_ID"[NUMBER,22], "ORGR"."ORG_ENTITY_ID"[NUMBER,22], "T"."PACKAGE_ID"[NUMBER,22], 
       "ROL"."ROLE_NAME"[VARCHAR2,400]
  11 - (#keys=1) "ORGR"."ROLE_ID"[NUMBER,22], "ORGR"."ORG_ENTITY_ID"[NUMBER,22], "T"."PACKAGE_ID"[NUMBER,22], 
       "ROL"."ROLE_NAME"[VARCHAR2,400], "UOR"."USER_ID"[NUMBER,22]
  12 - (#keys=1) "ORGR"."ROLE_ID"[NUMBER,22], "ORGR"."ORG_ENTITY_ID"[NUMBER,22], "T"."PACKAGE_ID"[NUMBER,22], 
       "ORGR"."ORG_ROLE_ID"[NUMBER,22], "ROL"."ROLE_NAME"[VARCHAR2,400]
  13 - (#keys=1) "ORGR"."ROLE_ID"[NUMBER,22], "T"."PACKAGE_ID"[NUMBER,22], "ORGR"."ORG_ROLE_ID"[NUMBER,22], 
       "ORGR"."ORG_ENTITY_ID"[NUMBER,22]
  14 - (#keys=1) "T"."PACKAGE_ID"[NUMBER,22], "RACT"."ROLE_ID"[NUMBER,22]
  15 - (#keys=1) "T"."ACTIVITY_ID"[NUMBER,22], "T"."PACKAGE_ID"[NUMBER,22]
  16 - "T"."ACTIVITY_ID"[NUMBER,22], "T"."PACKAGE_ID"[NUMBER,22]
  17 - "TL"."ACTIVITY_ID"[NUMBER,22]
  18 - "RACT"."ACTIVITY_ID"[NUMBER,22], "RACT"."ROLE_ID"[NUMBER,22]
  19 - "ORGR"."ORG_ROLE_ID"[NUMBER,22], "ORGR"."ORG_ENTITY_ID"[NUMBER,22], "ORGR"."ROLE_ID"[NUMBER,22]
  20 - "ROL"."ROLE_ID"[NUMBER,22], "ROL"."ROLE_NAME"[VARCHAR2,400]
  21 - "UOR"."ORG_ROLE_ID"[NUMBER,22], "UOR"."USER_ID"[NUMBER,22]
  23 - "ENT"."ORG_ENTITY_ID"[NUMBER,22]
  24 - "MAX(LVL)"[NUMBER,22], "LVL"[NUMBER,22], "ITEM_0"[NUMBER,22], "O1"."ORG_ENTITY_ID"[NUMBER,22]
  25 - SYSDEF[4], SYSDEF[0], SYSDEF[1], SYSDEF[96], SYSDEF[0]
  26 - "PARENT_ORG_ENTITY_ID"[NUMBER,22], "T"."ORG_ENTITY_ID"[NUMBER,22], STRDEF[400], STRDEF[22], STRDEF[7], PRIOR 
       NULL[22], LEVEL[4], SYS_CONNECT_BY_PATH(TO_CHAR("T"."ORG_ENTITY_ID"),':')[4000]
  27 - "PARENT_ORG_ENTITY_ID"[NUMBER,22], "T"."ORG_ENTITY_ID"[NUMBER,22], STRDEF[400], STRDEF[22], STRDEF[7], PRIOR 
       NULL[22], LEVEL[4], SYS_CONNECT_BY_PATH(TO_CHAR("T"."ORG_ENTITY_ID"),':')[4000]
  28 - (#keys=1) "T"."ORG_ENTITY_ID"[NUMBER,22], "TL"."ORG_ENTITY_ID"[NUMBER,22], "T"."ENTERPRISE_ID"[NUMBER,22], 
       "END_DATE"[DATE,7], "T"."ORG_ENTITY_NAME"[VARCHAR2,400], "PARENT_ORG_ENTITY_ID"[NUMBER,22], 
       "TL"."LOCALE_ID"[NUMBER,22]
  29 - "T"."ENTERPRISE_ID"[NUMBER,22], "T"."ORG_ENTITY_ID"[NUMBER,22], "T"."ORG_ENTITY_NAME"[VARCHAR2,400], 
       "PARENT_ORG_ENTITY_ID"[NUMBER,22], "END_DATE"[DATE,7]
  30 - "TL"."ORG_ENTITY_ID"[NUMBER,22], "TL"."LOCALE_ID"[NUMBER,22]
  31 - (#keys=2) "MAX(LVL)"[NUMBER,22], "LVL"[NUMBER,22], "ITEM_0"[NUMBER,22], "O1"."ORG_ENTITY_ID"[NUMBER,22]
  32 - "MAX(LVL)"[NUMBER,22], "ITEM_0"[NUMBER,22]
  33 - (#keys=1) "O2"."ORG_ENTITY_ID"[NUMBER,22], MAX("LVL")[22]
  34 - "O2"."ORG_ENTITY_ID"[NUMBER,22], "LVL"[NUMBER,22]
  35 - "C0"[NUMBER,22], "C1"[VARCHAR2,400], "C2"[NUMBER,22], "C3"[NUMBER,22], "C4"[VARCHAR2,4000]
  36 - "ORG_ENTITY_ID"[NUMBER,22], "LVL"[NUMBER,22]
  37 - "C0"[NUMBER,22], "C1"[VARCHAR2,400], "C2"[NUMBER,22], "C3"[NUMBER,22], "C4"[VARCHAR2,4000]
										</code></pre>
								</section>
						</div>
					</div>

				<!-- Sidebar -->
				<div id="sidebar">
					<div class="inner">
						<!-- Menu -->
						<nav id="menu">
							<header class="major">
								<h2>Menu</h2>
							</header>
							<ul>
								<li><a href="../index.html">Module List</a></li>
								<li><a href="index.html">Summary</a></li>
								<li>
									<span class="opener">DB Analysis</span>
									<ul>
										<li><a href="bad-sql.html">Bad SQL</a></li>
										<li><a href="poor-sql.html">Poor SQL Plan</a></li>
										<li><a href="invalid-sql.html">Invalid SQL</a></li>
										<li><a href="full-sql.html">Full SQL Report</a></li>
										<li><a href="table-nil-key.html">Primary/Unique Key Miss</a></li>
										<li><a href="invalid-db-object.html">Invalid DB Objects</a></li>
									</ul>
								</li>
								<li>
									<span class="opener">Infolets</span>
									<ul>
										<li><a href="keep-history-infolets.html">Keep History Infolets</a></li>
									</ul>
								</li>
								<li>
									<span class="opener">Pushforms</span>
									<ul>
										<li><a href="pushform-denormalize.html">Pushform Denormalized</a></li>
									</ul>
								</li>
							</ul>
						</nav>

						<!-- Section -->
						<section>
							<header class="major">
								<h2>Get in touch</h2>
							</header>
							<p>You need more details on the report or want more functionality, don't hesitate to reach out to us.</p>
							<ul class="contact">
								<li class="fa-envelope-o"><a href="mailto:rnd@metricstream.com?Subject=Reg - Static Code Analysis Tool" target="_top">rnd@metricstream.com</a></li>
							</ul>
						</section>

						<!-- Footer -->
						<footer id="footer">
							<p class="copyright">&copy; <a href="http://www.metricstream.com" target="_blank">MetricStream</a>. All rights reserved. </p>
						</footer>
					</div>
				</div>
			</div>

		<!-- Scripts -->
			<script src="../../lib/assets/js/jquery.min.js"></script>
			<script src="../../lib/assets/js/skel.min.js"></script>
			<script src="../../lib/assets/js/util.js"></script>
			<!--[if lte IE 8]><script src="../../lib/assets/js/ie/respond.min.js"></script><![endif]-->
			<script src="../../lib/assets/js/main.js"></script>
	</body>
</html>