<!DOCTYPE HTML>
<html>
	<head>
		<title>Code Analysis - MetricStream</title>
		<meta charset="utf-8" />
		<meta name="viewport" content="width=device-width, initial-scale=1, user-scalable=no" />
		<!--[if lte IE 8]><script src="../../lib/assets/js/ie/html5shiv.js"></script><![endif]-->
		<link rel="stylesheet" href="../../lib/assets/css/main.css" />
		<!--[if lte IE 9]><link rel="stylesheet" href="../../lib/assets/css/ie9.css" /><![endif]-->
		<!--[if lte IE 8]><link rel="stylesheet" href="../../lib/assets/css/ie8.css" /><![endif]-->
	</head>
	<body>

		<!-- Wrapper -->
			<div id="wrapper">

				<!-- Main -->
					<div id="main">
						<div class="inner">
							<!-- Header -->
								<header id="header">
									<a href="index.html" class="logo"><strong>Static Code Analysis Report</strong> by Code Analyzer Tool</a>
								</header>

							<!-- Content -->
								<section>
									<!-- Content -->
										<header class="major"><h2>Infolet Details</h2></header>
										<div class="table-wrapper">
											<table>
												<tbody>
													<tr>
														<td><b>Name</b></td>
														<td>MS_RSK_HM_INH_COUNT_INF (102289)</td>
													</tr>
													<tr>
														<td><b>SQL</b></td>
														<td><pre><code>select count( org_id), count( core_object_id), count( risk_id), 
ms_join( org_id) as total_org_id, 
MS_GRC_JOIN_CLOB_DISPLAY( org_name) as total_org_name, 
ms_join( core_object_id) as total_core_object_id,
MS_GRC_JOIN_CLOB_DISPLAY( core_object_name) as total_core_object_name,
ms_join( risk_id) as total_risk_id,
MS_GRC_JOIN_CLOB_DISPLAY( risk_name) as total_risk_name,
x_axis_inherent, y_axis_inherent,
ms_rsk_heatmap.get_yaxis_label(y_axis_inherent) as severity,
ms_rsk_heatmap.get_xaxis_label(x_axis_inherent) as likelihood,
inherent_rating,
ms_join(distinct scenario_id) as total_scenario_id
from ms_rsk_hm_master
where scenario_id = nvl(:1,scenario_id)
 and flag = nvl(:6, flag)
 and level_num in (SELECT COLUMN_VALUE FROM TABLE (MS_APPS_UTILITIES.SPLIT(nvl(:2,level_num))))
 and org_id in (SELECT COLUMN_VALUE FROM TABLE (MS_APPS_UTILITIES.SPLIT(nvl(:3, org_id))))
 and core_object_id in (SELECT COLUMN_VALUE FROM TABLE (MS_APPS_UTILITIES.SPLIT(nvl(:4, core_object_id))))
 and risk_id in (SELECT COLUMN_VALUE FROM TABLE (MS_APPS_UTILITIES.SPLIT(nvl(:5,risk_id))))
and 
 ((rISK_ID IN (select object_id FROM TABLE(ms_rsk_rpt_utils.rsk_hm_Return_objecT_id(SCENARIO_ID,:7 ,'1,2,3,4',flag) )))
 OR
 (CORE_OBJECT_ID IN (select object_id FROM TABLE(ms_rsk_rpt_utils.rsk_hm_Return_objecT_id(SCENARIO_ID,:7 ,'1,2,3,4',flag) )))
 OR
 (org_id IN (select object_id FROM TABLE(ms_rsk_rpt_utils.rsk_hm_Return_objecT_id(SCENARIO_ID,:7 ,'1,2,3,4',flag) ))))

group by x_axis_inherent, y_axis_inherent, inherent_rating</code></pre></td>
													</tr>
													<tr>
														<td><b>Description</b></td>
														<td>This is used to create all the Heat Map Report by Count using Inherent Scores</td>
													</tr>
												</tbody>
											</table>
										</div>

										<h2 align="center" id="content">Analysis Report</h2>
										<hr>

<header class="major"><h2>Plan hash value: 2594245327</h2></header><pre><code>
 
-----------------------------------------------------------------------------------------------------------------------
| Id  | Operation                                 | Name                      | Rows  | Bytes | Cost (%CPU)| Time     |
-----------------------------------------------------------------------------------------------------------------------
|   0 | SELECT STATEMENT                          |                           |     1 |   100 |   485   (1)| 00:00:06 |
|   1 |  SORT GROUP BY                            |                           |     1 |   100 |            |          |
|   2 |   CONCATENATION                           |                           |       |       |            |          |
|*  3 |    FILTER                                 |                           |       |       |            |          |
|*  4 |     FILTER                                |                           |       |       |            |          |
|   5 |      NESTED LOOPS SEMI                    |                           |     1 |   100 |   363   (1)| 00:00:05 |
|   6 |       NESTED LOOPS SEMI                   |                           |     1 |    98 |   334   (1)| 00:00:05 |
|   7 |        NESTED LOOPS SEMI                  |                           |     1 |    96 |   305   (1)| 00:00:04 |
|   8 |         NESTED LOOPS SEMI                 |                           |     3 |   282 |   221   (0)| 00:00:03 |
<font style="background-color: lightblue; color: red">|*  9 |          TABLE ACCESS FULL                | MS_RSK_HM_MASTER          |     8 |   736 |     3   (0)| 00:00:01 |</font>
<font style="background-color: lightblue; color: red">|* 10 |          COLLECTION ITERATOR PICKLER FETCH| SPLIT                     |  2723 |  5446 |    27   (0)| 00:00:01 |</font>
<font style="background-color: lightblue; color: red">|* 11 |         COLLECTION ITERATOR PICKLER FETCH | SPLIT                     |  2723 |  5446 |    28   (0)| 00:00:01 |</font>
<font style="background-color: lightblue; color: red">|* 12 |        COLLECTION ITERATOR PICKLER FETCH  | SPLIT                     |   583 |  1166 |    29   (0)| 00:00:01 |</font>
<font style="background-color: lightblue; color: red">|* 13 |       COLLECTION ITERATOR PICKLER FETCH   | SPLIT                     |   817 |  1634 |    29   (0)| 00:00:01 |</font>
<font style="background-color: lightblue; color: red">|* 14 |     COLLECTION ITERATOR PICKLER FETCH     | RSK_HM_RETURN_OBJECT_ID   |     1 |     2 |     2   (0)| 00:00:01 |</font>
<font style="background-color: lightblue; color: red">|* 15 |     COLLECTION ITERATOR PICKLER FETCH     | RSK_HM_RETURN_OBJECT_ID   |     1 |     2 |     2   (0)| 00:00:01 |</font>
<font style="background-color: lightblue; color: red">|* 16 |     COLLECTION ITERATOR PICKLER FETCH     | RSK_HM_RETURN_OBJECT_ID   |     1 |     2 |     2   (0)| 00:00:01 |</font>
|* 17 |    FILTER                                 |                           |       |       |            |          |
|* 18 |     FILTER                                |                           |       |       |            |          |
|  19 |      NESTED LOOPS SEMI                    |                           |     1 |   100 |   117   (0)| 00:00:02 |
|  20 |       NESTED LOOPS SEMI                   |                           |     1 |    98 |    88   (0)| 00:00:02 |
|  21 |        NESTED LOOPS SEMI                  |                           |     1 |    96 |    59   (0)| 00:00:01 |
|  22 |         NESTED LOOPS SEMI                 |                           |     1 |    94 |    30   (0)| 00:00:01 |
|  23 |          TABLE ACCESS BY INDEX ROWID      | MS_RSK_HM_MASTER          |     1 |    92 |     1   (0)| 00:00:01 |
|* 24 |           INDEX RANGE SCAN                | MS_RSK_HM_MASTER_SCN_FLAG |     1 |       |     1   (0)| 00:00:01 |
<font style="background-color: lightblue; color: red">|* 25 |          COLLECTION ITERATOR PICKLER FETCH| SPLIT                     |  2723 |  5446 |    29   (0)| 00:00:01 |</font>
<font style="background-color: lightblue; color: red">|* 26 |         COLLECTION ITERATOR PICKLER FETCH | SPLIT                     |  2723 |  5446 |    29   (0)| 00:00:01 |</font>
<font style="background-color: lightblue; color: red">|* 27 |        COLLECTION ITERATOR PICKLER FETCH  | SPLIT                     |   583 |  1166 |    29   (0)| 00:00:01 |</font>
<font style="background-color: lightblue; color: red">|* 28 |       COLLECTION ITERATOR PICKLER FETCH   | SPLIT                     |   817 |  1634 |    29   (0)| 00:00:01 |</font>
<font style="background-color: lightblue; color: red">|* 29 |     COLLECTION ITERATOR PICKLER FETCH     | RSK_HM_RETURN_OBJECT_ID   |     1 |     2 |     2   (0)| 00:00:01 |</font>
<font style="background-color: lightblue; color: red">|* 30 |     COLLECTION ITERATOR PICKLER FETCH     | RSK_HM_RETURN_OBJECT_ID   |     1 |     2 |     2   (0)| 00:00:01 |</font>
<font style="background-color: lightblue; color: red">|* 31 |     COLLECTION ITERATOR PICKLER FETCH     | RSK_HM_RETURN_OBJECT_ID   |     1 |     2 |     2   (0)| 00:00:01 |</font>
-----------------------------------------------------------------------------------------------------------------------
 
</code></pre><header class="major"><h2>Query Block Name / Object Alias (identified by operation id):</h2></header><pre><code>
 
   1 - SEL$C3AB2AC0  
   9 - SEL$C3AB2AC0_1 / MS_RSK_HM_MASTER@SEL$1
  10 - SEL$C3AB2AC0_1 / KOKBF$0@SEL$3
  11 - SEL$C3AB2AC0_1 / KOKBF$1@SEL$5
  12 - SEL$C3AB2AC0_1 / KOKBF$2@SEL$7
  13 - SEL$C3AB2AC0_1 / KOKBF$3@SEL$9
  14 - SEL$285A8194   / KOKBF$4@SEL$11
  15 - SEL$61262C81   / KOKBF$5@SEL$13
  16 - SEL$1FB6C052   / KOKBF$6@SEL$15
  23 - SEL$C3AB2AC0_2 / MS_RSK_HM_MASTER@SEL$C3AB2AC0_2
  24 - SEL$C3AB2AC0_2 / MS_RSK_HM_MASTER@SEL$C3AB2AC0_2
  25 - SEL$C3AB2AC0_2 / KOKBF$0@SEL$C3AB2AC0_2
  26 - SEL$C3AB2AC0_2 / KOKBF$1@SEL$C3AB2AC0_2
  27 - SEL$C3AB2AC0_2 / KOKBF$2@SEL$C3AB2AC0_2
  28 - SEL$C3AB2AC0_2 / KOKBF$3@SEL$C3AB2AC0_2
  29 - SEL$285A8194   / KOKBF$4@SEL$11
  30 - SEL$61262C81   / KOKBF$5@SEL$13
  31 - SEL$1FB6C052   / KOKBF$6@SEL$15
 
</code></pre><header class="major"><h2>Predicate Information (identified by operation id):</h2></header><pre><code>
 
   3 - filter( EXISTS (SELECT 0 FROM TABLE() "KOKBF$4" WHERE VALUE(KOKBF$)=:B1) OR  EXISTS (SELECT 0 FROM 
              TABLE() "KOKBF$5" WHERE VALUE(KOKBF$)=:B2) OR  EXISTS (SELECT 0 FROM TABLE() "KOKBF$6" WHERE 
              VALUE(KOKBF$)=:B3))
   4 - filter(:1 IS NULL)
   9 - filter("FLAG"=NVL(:6,"FLAG") AND "SCENARIO_ID" IS NOT NULL)
  10 - filter("LEVEL_NUM"=TO_NUMBER(VALUE(KOKBF$)))
  11 - filter("ORG_ID"=VALUE(KOKBF$))
  12 - filter("CORE_OBJECT_ID"=VALUE(KOKBF$))
  13 - filter("RISK_ID"=VALUE(KOKBF$))
  14 - filter(VALUE(KOKBF$)=:B1)
  15 - filter(VALUE(KOKBF$)=:B1)
  16 - filter(VALUE(KOKBF$)=:B1)
  17 - filter( EXISTS (SELECT 0 FROM TABLE() "KOKBF$4" WHERE VALUE(KOKBF$)=:B1) OR  EXISTS (SELECT 0 FROM 
              TABLE() "KOKBF$5" WHERE VALUE(KOKBF$)=:B2) OR  EXISTS (SELECT 0 FROM TABLE() "KOKBF$6" WHERE 
              VALUE(KOKBF$)=:B3))
  18 - filter(:1 IS NOT NULL)
  24 - access("SCENARIO_ID"=:1)
       filter("FLAG"=NVL(:6,"FLAG"))
  25 - filter("LEVEL_NUM"=TO_NUMBER(VALUE(KOKBF$)))
  26 - filter("ORG_ID"=VALUE(KOKBF$))
  27 - filter("CORE_OBJECT_ID"=VALUE(KOKBF$))
  28 - filter("RISK_ID"=VALUE(KOKBF$))
  29 - filter(VALUE(KOKBF$)=:B1)
  30 - filter(VALUE(KOKBF$)=:B1)
  31 - filter(VALUE(KOKBF$)=:B1)
 
</code></pre><header class="major"><h2>Column Projection Information (identified by operation id):</h2></header><pre><code>
 
   1 - (#keys=3) "X_AXIS_INHERENT"[NUMBER,22], "Y_AXIS_INHERENT"[NUMBER,22], "INHERENT_RATING"[VARCHAR2,4000], 
       "MS_JOIN"("ORG_ID")[4000], "MS_GRC_JOIN_CLOB_DISPLAY"("ORG_NAME")[4000], "MS_JOIN"("CORE_OBJECT_ID")[4000], 
       "MS_GRC_JOIN_CLOB_DISPLAY"("CORE_OBJECT_NAME")[4000], "MS_JOIN"("RISK_ID")[4000], 
       "MS_GRC_JOIN_CLOB_DISPLAY"("RISK_NAME")[4000], "MS_JOIN"(DISTINCT "SCENARIO_ID")[4000], COUNT("RISK_ID")[22], 
       COUNT("CORE_OBJECT_ID")[22], COUNT("ORG_ID")[22]
   2 - "MS_RSK_HM_MASTER".ROWID[ROWID,10], "FLAG"[VARCHAR2,400], "ORG_ID"[VARCHAR2,400], 
       "ORG_NAME"[VARCHAR2,4000], "CORE_OBJECT_ID"[VARCHAR2,400], "CORE_OBJECT_NAME"[VARCHAR2,4000], 
       "RISK_ID"[VARCHAR2,400], "RISK_NAME"[VARCHAR2,4000], "X_AXIS_INHERENT"[NUMBER,22], 
       "Y_AXIS_INHERENT"[NUMBER,22], "LEVEL_NUM"[NUMBER,22], "INHERENT_RATING"[VARCHAR2,4000], 
       "SCENARIO_ID"[VARCHAR2,400]
   3 - "MS_RSK_HM_MASTER".ROWID[ROWID,10], "FLAG"[VARCHAR2,400], "ORG_ID"[VARCHAR2,400], 
       "ORG_NAME"[VARCHAR2,4000], "CORE_OBJECT_ID"[VARCHAR2,400], "CORE_OBJECT_NAME"[VARCHAR2,4000], 
       "RISK_ID"[VARCHAR2,400], "RISK_NAME"[VARCHAR2,4000], "X_AXIS_INHERENT"[NUMBER,22], 
       "Y_AXIS_INHERENT"[NUMBER,22], "LEVEL_NUM"[NUMBER,22], "INHERENT_RATING"[VARCHAR2,4000], 
       "SCENARIO_ID"[VARCHAR2,400]
   4 - "MS_RSK_HM_MASTER".ROWID[ROWID,10], "FLAG"[VARCHAR2,400], "ORG_ID"[VARCHAR2,400], 
       "ORG_NAME"[VARCHAR2,4000], "CORE_OBJECT_ID"[VARCHAR2,400], "CORE_OBJECT_NAME"[VARCHAR2,4000], 
       "RISK_ID"[VARCHAR2,400], "RISK_NAME"[VARCHAR2,4000], "X_AXIS_INHERENT"[NUMBER,22], 
       "Y_AXIS_INHERENT"[NUMBER,22], "LEVEL_NUM"[NUMBER,22], "INHERENT_RATING"[VARCHAR2,4000], 
       "SCENARIO_ID"[VARCHAR2,400]
   5 - (#keys=0) "MS_RSK_HM_MASTER".ROWID[ROWID,10], "FLAG"[VARCHAR2,400], "ORG_ID"[VARCHAR2,400], 
       "ORG_NAME"[VARCHAR2,4000], "CORE_OBJECT_ID"[VARCHAR2,400], "CORE_OBJECT_NAME"[VARCHAR2,4000], 
       "RISK_ID"[VARCHAR2,400], "RISK_NAME"[VARCHAR2,4000], "X_AXIS_INHERENT"[NUMBER,22], 
       "Y_AXIS_INHERENT"[NUMBER,22], "LEVEL_NUM"[NUMBER,22], "INHERENT_RATING"[VARCHAR2,4000], 
       "SCENARIO_ID"[VARCHAR2,400]
   6 - (#keys=0) "MS_RSK_HM_MASTER".ROWID[ROWID,10], "FLAG"[VARCHAR2,400], "ORG_ID"[VARCHAR2,400], 
       "ORG_NAME"[VARCHAR2,4000], "CORE_OBJECT_ID"[VARCHAR2,400], "CORE_OBJECT_NAME"[VARCHAR2,4000], 
       "RISK_ID"[VARCHAR2,400], "RISK_NAME"[VARCHAR2,4000], "X_AXIS_INHERENT"[NUMBER,22], 
       "Y_AXIS_INHERENT"[NUMBER,22], "LEVEL_NUM"[NUMBER,22], "INHERENT_RATING"[VARCHAR2,4000], 
       "SCENARIO_ID"[VARCHAR2,400]
   7 - (#keys=0) "MS_RSK_HM_MASTER".ROWID[ROWID,10], "FLAG"[VARCHAR2,400], "ORG_ID"[VARCHAR2,400], 
       "ORG_NAME"[VARCHAR2,4000], "CORE_OBJECT_ID"[VARCHAR2,400], "CORE_OBJECT_NAME"[VARCHAR2,4000], 
       "RISK_ID"[VARCHAR2,400], "RISK_NAME"[VARCHAR2,4000], "X_AXIS_INHERENT"[NUMBER,22], 
       "Y_AXIS_INHERENT"[NUMBER,22], "LEVEL_NUM"[NUMBER,22], "INHERENT_RATING"[VARCHAR2,4000], 
       "SCENARIO_ID"[VARCHAR2,400]
   8 - (#keys=0) "MS_RSK_HM_MASTER".ROWID[ROWID,10], "FLAG"[VARCHAR2,400], "ORG_ID"[VARCHAR2,400], 
       "ORG_NAME"[VARCHAR2,4000], "CORE_OBJECT_ID"[VARCHAR2,400], "CORE_OBJECT_NAME"[VARCHAR2,4000], 
       "RISK_ID"[VARCHAR2,400], "RISK_NAME"[VARCHAR2,4000], "X_AXIS_INHERENT"[NUMBER,22], 
       "Y_AXIS_INHERENT"[NUMBER,22], "LEVEL_NUM"[NUMBER,22], "INHERENT_RATING"[VARCHAR2,4000], 
       "SCENARIO_ID"[VARCHAR2,400]
   9 - "MS_RSK_HM_MASTER".ROWID[ROWID,10], "FLAG"[VARCHAR2,400], "ORG_ID"[VARCHAR2,400], 
       "ORG_NAME"[VARCHAR2,4000], "CORE_OBJECT_ID"[VARCHAR2,400], "CORE_OBJECT_NAME"[VARCHAR2,4000], 
       "RISK_ID"[VARCHAR2,400], "RISK_NAME"[VARCHAR2,4000], "X_AXIS_INHERENT"[NUMBER,22], 
       "Y_AXIS_INHERENT"[NUMBER,22], "LEVEL_NUM"[NUMBER,22], "INHERENT_RATING"[VARCHAR2,4000], 
       "SCENARIO_ID"[VARCHAR2,400]
  10 - VALUE(A0)[4000]
  11 - VALUE(A0)[4000]
  12 - VALUE(A0)[4000]
  13 - VALUE(A0)[4000]
  14 - VALUE(A0)[255]
  15 - VALUE(A0)[255]
  16 - VALUE(A0)[255]
  17 - "MS_RSK_HM_MASTER".ROWID[ROWID,10], "FLAG"[VARCHAR2,400], "ORG_ID"[VARCHAR2,400], 
       "ORG_NAME"[VARCHAR2,4000], "CORE_OBJECT_ID"[VARCHAR2,400], "CORE_OBJECT_NAME"[VARCHAR2,4000], 
       "RISK_ID"[VARCHAR2,400], "RISK_NAME"[VARCHAR2,4000], "X_AXIS_INHERENT"[NUMBER,22], 
       "Y_AXIS_INHERENT"[NUMBER,22], "LEVEL_NUM"[NUMBER,22], "INHERENT_RATING"[VARCHAR2,4000], 
       "SCENARIO_ID"[VARCHAR2,400]
  18 - "MS_RSK_HM_MASTER".ROWID[ROWID,10], "FLAG"[VARCHAR2,400], "ORG_ID"[VARCHAR2,400], 
       "ORG_NAME"[VARCHAR2,4000], "CORE_OBJECT_ID"[VARCHAR2,400], "CORE_OBJECT_NAME"[VARCHAR2,4000], 
       "RISK_ID"[VARCHAR2,400], "RISK_NAME"[VARCHAR2,4000], "X_AXIS_INHERENT"[NUMBER,22], 
       "Y_AXIS_INHERENT"[NUMBER,22], "LEVEL_NUM"[NUMBER,22], "INHERENT_RATING"[VARCHAR2,4000], 
       "SCENARIO_ID"[VARCHAR2,400]
  19 - (#keys=0) "MS_RSK_HM_MASTER".ROWID[ROWID,10], "FLAG"[VARCHAR2,400], "ORG_ID"[VARCHAR2,400], 
       "ORG_NAME"[VARCHAR2,4000], "CORE_OBJECT_ID"[VARCHAR2,400], "CORE_OBJECT_NAME"[VARCHAR2,4000], 
       "RISK_ID"[VARCHAR2,400], "RISK_NAME"[VARCHAR2,4000], "X_AXIS_INHERENT"[NUMBER,22], 
       "Y_AXIS_INHERENT"[NUMBER,22], "LEVEL_NUM"[NUMBER,22], "INHERENT_RATING"[VARCHAR2,4000], 
       "SCENARIO_ID"[VARCHAR2,400]
  20 - (#keys=0) "MS_RSK_HM_MASTER".ROWID[ROWID,10], "FLAG"[VARCHAR2,400], "ORG_ID"[VARCHAR2,400], 
       "ORG_NAME"[VARCHAR2,4000], "CORE_OBJECT_ID"[VARCHAR2,400], "CORE_OBJECT_NAME"[VARCHAR2,4000], 
       "RISK_ID"[VARCHAR2,400], "RISK_NAME"[VARCHAR2,4000], "X_AXIS_INHERENT"[NUMBER,22], 
       "Y_AXIS_INHERENT"[NUMBER,22], "LEVEL_NUM"[NUMBER,22], "INHERENT_RATING"[VARCHAR2,4000], 
       "SCENARIO_ID"[VARCHAR2,400]
  21 - (#keys=0) "MS_RSK_HM_MASTER".ROWID[ROWID,10], "FLAG"[VARCHAR2,400], "ORG_ID"[VARCHAR2,400], 
       "ORG_NAME"[VARCHAR2,4000], "CORE_OBJECT_ID"[VARCHAR2,400], "CORE_OBJECT_NAME"[VARCHAR2,4000], 
       "RISK_ID"[VARCHAR2,400], "RISK_NAME"[VARCHAR2,4000], "X_AXIS_INHERENT"[NUMBER,22], 
       "Y_AXIS_INHERENT"[NUMBER,22], "LEVEL_NUM"[NUMBER,22], "INHERENT_RATING"[VARCHAR2,4000], 
       "SCENARIO_ID"[VARCHAR2,400]
  22 - (#keys=0) "MS_RSK_HM_MASTER".ROWID[ROWID,10], "FLAG"[VARCHAR2,400], "ORG_ID"[VARCHAR2,400], 
       "ORG_NAME"[VARCHAR2,4000], "CORE_OBJECT_ID"[VARCHAR2,400], "CORE_OBJECT_NAME"[VARCHAR2,4000], 
       "RISK_ID"[VARCHAR2,400], "RISK_NAME"[VARCHAR2,4000], "X_AXIS_INHERENT"[NUMBER,22], 
       "Y_AXIS_INHERENT"[NUMBER,22], "LEVEL_NUM"[NUMBER,22], "INHERENT_RATING"[VARCHAR2,4000], 
       "SCENARIO_ID"[VARCHAR2,400]
  23 - "MS_RSK_HM_MASTER".ROWID[ROWID,10], "FLAG"[VARCHAR2,400], "ORG_ID"[VARCHAR2,400], 
       "ORG_NAME"[VARCHAR2,4000], "CORE_OBJECT_ID"[VARCHAR2,400], "CORE_OBJECT_NAME"[VARCHAR2,4000], 
       "RISK_ID"[VARCHAR2,400], "RISK_NAME"[VARCHAR2,4000], "X_AXIS_INHERENT"[NUMBER,22], 
       "Y_AXIS_INHERENT"[NUMBER,22], "LEVEL_NUM"[NUMBER,22], "INHERENT_RATING"[VARCHAR2,4000], 
       "SCENARIO_ID"[VARCHAR2,400]
  24 - "MS_RSK_HM_MASTER".ROWID[ROWID,10], "SCENARIO_ID"[VARCHAR2,400], "FLAG"[VARCHAR2,400]
  25 - VALUE(A0)[4000]
  26 - VALUE(A0)[4000]
  27 - VALUE(A0)[4000]
  28 - VALUE(A0)[4000]
  29 - VALUE(A0)[255]
  30 - VALUE(A0)[255]
  31 - VALUE(A0)[255]
										</code></pre>
								</section>
						</div>
					</div>

				<!-- Sidebar -->
				<div id="sidebar">
					<div class="inner">
						<!-- Menu -->
						<nav id="menu">
							<header class="major">
								<h2>Menu</h2>
							</header>
							<ul>
								<li><a href="../index.html">Module List</a></li>
								<li><a href="index.html">Summary</a></li>
								<li>
									<span class="opener">DB Analysis</span>
									<ul>
										<li><a href="bad-sql.html">Bad SQL</a></li>
										<li><a href="poor-sql.html">Poor SQL Plan</a></li>
										<li><a href="invalid-sql.html">Invalid SQL</a></li>
										<li><a href="full-sql.html">Full SQL Report</a></li>
										<li><a href="table-nil-key.html">Primary/Unique Key Miss</a></li>
										<li><a href="invalid-db-object.html">Invalid DB Objects</a></li>
									</ul>
								</li>
								<li>
									<span class="opener">Infolets</span>
									<ul>
										<li><a href="keep-history-infolets.html">Keep History Infolets</a></li>
									</ul>
								</li>
								<li>
									<span class="opener">Pushforms</span>
									<ul>
										<li><a href="pushform-denormalize.html">Pushform Denormalized</a></li>
									</ul>
								</li>
							</ul>
						</nav>

						<!-- Section -->
						<section>
							<header class="major">
								<h2>Get in touch</h2>
							</header>
							<p>You need more details on the report or want more functionality, don't hesitate to reach out to us.</p>
							<ul class="contact">
								<li class="fa-envelope-o"><a href="mailto:rnd@metricstream.com?Subject=Reg - Static Code Analysis Tool" target="_top">rnd@metricstream.com</a></li>
							</ul>
						</section>

						<!-- Footer -->
						<footer id="footer">
							<p class="copyright">&copy; <a href="http://www.metricstream.com" target="_blank">MetricStream</a>. All rights reserved. </p>
						</footer>
					</div>
				</div>
			</div>

		<!-- Scripts -->
			<script src="../../lib/assets/js/jquery.min.js"></script>
			<script src="../../lib/assets/js/skel.min.js"></script>
			<script src="../../lib/assets/js/util.js"></script>
			<!--[if lte IE 8]><script src="../../lib/assets/js/ie/respond.min.js"></script><![endif]-->
			<script src="../../lib/assets/js/main.js"></script>
	</body>
</html>