<!DOCTYPE HTML>
<html>
	<head>
		<title>Code Analysis - MetricStream</title>
		<meta charset="utf-8" />
		<meta name="viewport" content="width=device-width, initial-scale=1, user-scalable=no" />
		<!--[if lte IE 8]><script src="../../lib/assets/js/ie/html5shiv.js"></script><![endif]-->
		<link rel="stylesheet" href="../../lib/assets/css/main.css" />
		<!--[if lte IE 9]><link rel="stylesheet" href="../../lib/assets/css/ie9.css" /><![endif]-->
		<!--[if lte IE 8]><link rel="stylesheet" href="../../lib/assets/css/ie8.css" /><![endif]-->
	</head>
	<body>

		<!-- Wrapper -->
			<div id="wrapper">

				<!-- Main -->
					<div id="main">
						<div class="inner">
							<!-- Header -->
								<header id="header">
									<a href="index.html" class="logo"><strong>Static Code Analysis Report</strong> by Code Analyzer Tool</a>
								</header>

							<!-- Content -->
								<section>
									<!-- Content -->
										<header class="major"><h2>Infolet Details</h2></header>
										<div class="table-wrapper">
											<table>
												<tbody>
													<tr>
														<td><b>Name</b></td>
														<td>MS_RSK_RISK_RAT_TYPE (102528)</td>
													</tr>
													<tr>
														<td><b>SQL</b></td>
														<td><pre><code>
select stored_value,displayed_value from ms_qs_lov_org_values_v where lov_name='MS_RSK_RAT_TYPE'</code></pre></td>
													</tr>
													<tr>
														<td><b>Description</b></td>
														<td>null</td>
													</tr>
												</tbody>
											</table>
										</div>

										<h2 align="center" id="content">Analysis Report</h2>
										<hr>

<header class="major"><h2>Plan hash value: 1171869182</h2></header><pre><code>
 
----------------------------------------------------------------------------------------------------------------
| Id  | Operation                         | Name                       | Rows  | Bytes | Cost (%CPU)| Time     |
----------------------------------------------------------------------------------------------------------------
|   0 | SELECT STATEMENT                  |                            |    27 |   114K|    36   (0)| 00:00:01 |
|*  1 |  HASH JOIN                        |                            |    27 |   114K|    36   (0)| 00:00:01 |
|   2 |   VIEW                            | SI_REGISTER_APPLICATION_V  |    40 |   520 |     7   (0)| 00:00:01 |
|   3 |    UNION-ALL                      |                            |       |       |            |          |
|*  4 |     HASH JOIN OUTER               |                            |    39 |  1287 |     5   (0)| 00:00:01 |
<font style="background-color: lightblue; color: red">|   5 |      TABLE ACCESS FULL            | SI_REGISTER_APPLICATION    |    39 |   273 |     3   (0)| 00:00:01 |</font>
<font style="background-color: lightblue; color: red">|*  6 |      TABLE ACCESS FULL            | SI_REGISTER_APPLICATION_TL |     1 |    26 |     2   (0)| 00:00:01 |</font>
|   7 |     FAST DUAL                     |                            |     1 |       |     2   (0)| 00:00:01 |
|*  8 |   HASH JOIN RIGHT OUTER           |                            |    12 | 51936 |    29   (0)| 00:00:01 |
<font style="background-color: lightblue; color: red">|*  9 |    TABLE ACCESS FULL              | SI_ORG_ENTITIES_TL         |     2 |    14 |     3   (0)| 00:00:01 |</font>
|  10 |    NESTED LOOPS                   |                            |    12 | 51852 |    26   (0)| 00:00:01 |
|* 11 |     HASH JOIN RIGHT OUTER         |                            |    12 | 51756 |    25   (0)| 00:00:01 |
<font style="background-color: lightblue; color: red">|  12 |      TABLE ACCESS FULL            | MS_QS_LIST_OF_VALUES_TL    |     1 |  2028 |     2   (0)| 00:00:01 |</font>
|* 13 |      HASH JOIN                    |                            |    12 | 27420 |    23   (0)| 00:00:01 |
|* 14 |       HASH JOIN OUTER             |                            |     1 |    61 |     3   (0)| 00:00:01 |
|  15 |        TABLE ACCESS BY INDEX ROWID| MS_QS_LOV_NAMES            |     1 |    35 |     1   (0)| 00:00:01 |
|* 16 |         INDEX RANGE SCAN          | MS_QS_LOV_NAMES_N1         |     1 |       |     1   (0)| 00:00:01 |
<font style="background-color: lightblue; color: red">|* 17 |        TABLE ACCESS FULL          | MS_QS_LOV_NAMES_TL         |     1 |    26 |     2   (0)| 00:00:01 |</font>
|  18 |       VIEW                        |                            |  5524 |    11M|    20   (0)| 00:00:01 |
<font style="background-color: lightblue; color: red">|  19 |        MERGE JOIN CARTESIAN       |                            |  5524 |   172K|    20   (0)| 00:00:01 |</font>
<font style="background-color: lightblue; color: red">|* 20 |         TABLE ACCESS FULL         | SI_LOCALES                 |     1 |     6 |     3   (0)| 00:00:01 |</font>
|  21 |         BUFFER SORT               |                            |  5524 |   140K|    17   (0)| 00:00:01 |
<font style="background-color: lightblue; color: red">|  22 |          TABLE ACCESS FULL        | MS_QS_LIST_OF_VALUES_T     |  5524 |   140K|    17   (0)| 00:00:01 |</font>
|* 23 |     INDEX RANGE SCAN              | SI_ORG_ENTITIES_N1         |     1 |     8 |     1   (0)| 00:00:01 |
----------------------------------------------------------------------------------------------------------------
 
</code></pre><header class="major"><h2>Query Block Name / Object Alias (identified by operation id):</h2></header><pre><code>
 
   1 - SEL$4D23A876
   2 - SET$1        / SRA@SEL$6
   3 - SET$1       
   4 - SEL$8       
   5 - SEL$8        / T@SEL$8
   6 - SEL$8        / TL@SEL$8
   7 - SEL$11       / DUAL@SEL$11
   9 - SEL$4D23A876 / TL@SEL$16
  12 - SEL$4D23A876 / TL@SEL$3
  15 - SEL$4D23A876 / T@SEL$7
  16 - SEL$4D23A876 / T@SEL$7
  17 - SEL$4D23A876 / TL@SEL$7
  18 - SEL$7286615E / X@SEL$3
  19 - SEL$7286615E
  20 - SEL$7286615E / SI_LOCALES@SEL$5
  22 - SEL$7286615E / T@SEL$4
  23 - SEL$4D23A876 / T@SEL$16
 
</code></pre><header class="major"><h2>Predicate Information (identified by operation id):</h2></header><pre><code>
 
   1 - access(NVL("PACKAGE_ID",0)=NVL("SRA"."PACKAGE_ID",0))
   4 - access("TL"."MODULE_ID"(+)="T"."MODULE_ID")
   6 - filter("TL"."LOCALE_ID"(+)=TO_NUMBER("SI_DB_LOCALE_SV"."GETVALUE"()))
   8 - access("T"."ORG_ENTITY_ID"="TL"."ORG_ENTITY_ID"(+))
   9 - filter("TL"."LOCALE_ID"(+)=TO_NUMBER("SI_DB_LOCALE_SV"."GETVALUE"()))
  11 - access("X"."LOV_VALUE_ID"="TL"."LOV_VALUE_ID"(+) AND "X"."LOCALE_ID"="TL"."LOCALE_ID"(+))
  13 - access("X"."LOV_ID"="T"."LOV_ID")
  14 - access("T"."LOV_ID"="TL"."LOV_ID"(+))
  16 - access("T"."LOV_NAME"='MS_RSK_RAT_TYPE')
  17 - filter("TL"."LOCALE_ID"(+)=TO_NUMBER("SI_DB_LOCALE_SV"."GETVALUE"()))
  20 - filter("ENABLED_FLAG"='Y')
  23 - access("T"."ENTERPRISE_ID"="X"."ENTERPRISE_ID" AND "T"."ORG_ENTITY_ID"="X"."ORG_ENTITY_ID")
 
</code></pre><header class="major"><h2>Column Projection Information (identified by operation id):</h2></header><pre><code>
 
   1 - (#keys=1) "TL"."DISPLAYED_VALUE"[VARCHAR2,4000], "X"."DISPLAYED_VALUE"[VARCHAR2,4000], 
       "X"."STORED_VALUE"[VARCHAR2,400]
   2 - "SRA"."PACKAGE_ID"[NUMBER,22]
   3 - STRDEF[22]
   4 - (#keys=1) "T"."MODULE_ID"[NUMBER,22]
   5 - "T"."MODULE_ID"[NUMBER,22]
   6 - "TL"."MODULE_ID"[NUMBER,22]
   8 - (#keys=1) "TL"."DISPLAYED_VALUE"[VARCHAR2,4000], "PACKAGE_ID"[NUMBER,22], 
       "X"."DISPLAYED_VALUE"[VARCHAR2,4000], "X"."STORED_VALUE"[VARCHAR2,400]
   9 - "TL"."ORG_ENTITY_ID"[NUMBER,22]
  10 - (#keys=0) "TL"."DISPLAYED_VALUE"[VARCHAR2,4000], "PACKAGE_ID"[NUMBER,22], 
       "X"."DISPLAYED_VALUE"[VARCHAR2,4000], "X"."STORED_VALUE"[VARCHAR2,400], "T"."ORG_ENTITY_ID"[NUMBER,22]
  11 - (#keys=2) "TL"."DISPLAYED_VALUE"[VARCHAR2,4000], "PACKAGE_ID"[NUMBER,22], 
       "X"."DISPLAYED_VALUE"[VARCHAR2,4000], "X"."ENTERPRISE_ID"[NUMBER,22], "X"."ORG_ENTITY_ID"[NUMBER,22], 
       "X"."STORED_VALUE"[VARCHAR2,400]
  12 - "TL"."LOV_VALUE_ID"[NUMBER,22], "TL"."DISPLAYED_VALUE"[VARCHAR2,4000], 
       "TL"."LOCALE_ID"[NUMBER,22]
  13 - (#keys=1) "PACKAGE_ID"[NUMBER,22], "X"."LOV_VALUE_ID"[NUMBER,22], 
       "X"."ENTERPRISE_ID"[NUMBER,22], "X"."ORG_ENTITY_ID"[NUMBER,22], "X"."STORED_VALUE"[VARCHAR2,400], 
       "X"."DISPLAYED_VALUE"[VARCHAR2,4000], "X"."LOCALE_ID"[NUMBER,22]
  14 - (#keys=1) "T"."LOV_ID"[NUMBER,22], "PACKAGE_ID"[NUMBER,22]
  15 - "T"."LOV_ID"[NUMBER,22], "PACKAGE_ID"[NUMBER,22]
  16 - "T".ROWID[ROWID,10]
  17 - "TL"."LOV_ID"[NUMBER,22]
  18 - "X"."LOV_VALUE_ID"[NUMBER,22], "X"."LOV_ID"[NUMBER,22], "X"."ORG_ENTITY_ID"[NUMBER,22], 
       "X"."STORED_VALUE"[VARCHAR2,400], "X"."DISPLAYED_VALUE"[VARCHAR2,4000], "X"."LOCALE_ID"[NUMBER,22], 
       "X"."ENTERPRISE_ID"[NUMBER,22]
  19 - (#keys=0) "LOCALE_ID"[NUMBER,22], "T"."LOV_VALUE_ID"[NUMBER,22], "T"."LOV_ID"[NUMBER,22], 
       "T"."ORG_ENTITY_ID"[NUMBER,22], "T"."STORED_VALUE"[VARCHAR2,400], "T"."DISPLAYED_VALUE"[VARCHAR2,4000], 
       "T"."ENTERPRISE_ID"[NUMBER,22]
  20 - "LOCALE_ID"[NUMBER,22]
  21 - (#keys=0) "T"."LOV_VALUE_ID"[NUMBER,22], "T"."LOV_ID"[NUMBER,22], 
       "T"."ORG_ENTITY_ID"[NUMBER,22], "T"."STORED_VALUE"[VARCHAR2,400], "T"."DISPLAYED_VALUE"[VARCHAR2,4000], 
       "T"."ENTERPRISE_ID"[NUMBER,22]
  22 - "T"."LOV_VALUE_ID"[NUMBER,22], "T"."LOV_ID"[NUMBER,22], "T"."ORG_ENTITY_ID"[NUMBER,22], 
       "T"."STORED_VALUE"[VARCHAR2,400], "T"."DISPLAYED_VALUE"[VARCHAR2,4000], "T"."ENTERPRISE_ID"[NUMBER,22]
  23 - "T"."ORG_ENTITY_ID"[NUMBER,22]
										</code></pre>
								</section>
						</div>
					</div>

				<!-- Sidebar -->
				<div id="sidebar">
					<div class="inner">
						<!-- Menu -->
						<nav id="menu">
							<header class="major">
								<h2>Menu</h2>
							</header>
							<ul>
								<li><a href="../index.html">Module List</a></li>
								<li><a href="index.html">Summary</a></li>
								<li>
									<span class="opener">DB Analysis</span>
									<ul>
										<li><a href="bad-sql.html">Bad SQL</a></li>
										<li><a href="poor-sql.html">Poor SQL Plan</a></li>
										<li><a href="invalid-sql.html">Invalid SQL</a></li>
										<li><a href="full-sql.html">Full SQL Report</a></li>
										<li><a href="table-nil-key.html">Primary/Unique Key Miss</a></li>
										<li><a href="invalid-db-object.html">Invalid DB Objects</a></li>
									</ul>
								</li>
								<li>
									<span class="opener">Infolets</span>
									<ul>
										<li><a href="keep-history-infolets.html">Keep History Infolets</a></li>
									</ul>
								</li>
								<li>
									<span class="opener">Pushforms</span>
									<ul>
										<li><a href="pushform-denormalize.html">Pushform Denormalized</a></li>
									</ul>
								</li>
							</ul>
						</nav>

						<!-- Section -->
						<section>
							<header class="major">
								<h2>Get in touch</h2>
							</header>
							<p>You need more details on the report or want more functionality, don't hesitate to reach out to us.</p>
							<ul class="contact">
								<li class="fa-envelope-o"><a href="mailto:rnd@metricstream.com?Subject=Reg - Static Code Analysis Tool" target="_top">rnd@metricstream.com</a></li>
							</ul>
						</section>

						<!-- Footer -->
						<footer id="footer">
							<p class="copyright">&copy; <a href="http://www.metricstream.com" target="_blank">MetricStream</a>. All rights reserved. </p>
						</footer>
					</div>
				</div>
			</div>

		<!-- Scripts -->
			<script src="../../lib/assets/js/jquery.min.js"></script>
			<script src="../../lib/assets/js/skel.min.js"></script>
			<script src="../../lib/assets/js/util.js"></script>
			<!--[if lte IE 8]><script src="../../lib/assets/js/ie/respond.min.js"></script><![endif]-->
			<script src="../../lib/assets/js/main.js"></script>
	</body>
</html>