<!DOCTYPE HTML>
<html>
	<head>
		<title>Code Analysis - MetricStream</title>
		<meta charset="utf-8" />
		<meta name="viewport" content="width=device-width, initial-scale=1, user-scalable=no" />
		<!--[if lte IE 8]><script src="../../lib/assets/js/ie/html5shiv.js"></script><![endif]-->
		<link rel="stylesheet" href="../../lib/assets/css/main.css" />
		<!--[if lte IE 9]><link rel="stylesheet" href="../../lib/assets/css/ie9.css" /><![endif]-->
		<!--[if lte IE 8]><link rel="stylesheet" href="../../lib/assets/css/ie8.css" /><![endif]-->
	</head>
	<body>

		<!-- Wrapper -->
			<div id="wrapper">

				<!-- Main -->
					<div id="main">
						<div class="inner">
							<!-- Header -->
								<header id="header">
									<a href="index.html" class="logo"><strong>Static Code Analysis Report</strong> by Code Analyzer Tool</a>
								</header>

							<!-- Content -->
								<section>
									<!-- Content -->
										<header class="major"><h2>Infolet Details</h2></header>
										<div class="table-wrapper">
											<table>
												<tbody>
													<tr>
														<td><b>Name</b></td>
														<td>MS_RSK_GET_SCORING_ALGORITHM_DEFAULT (102219)</td>
													</tr>
													<tr>
														<td><b>SQL</b></td>
														<td><pre><code>  SELECT DISTINCT OBJECT_ID,OBJECT_NAME,displayed_value FROM MS_RSK_RISK_RULE_BUILD,MS_QS_LOV_ORG_VALUES_V WHERE OBJECT_NAME ='MetricStream Risk Scoring Algorithm' 
   and NVL (END_DATE, SYSDATE) >= SYSDATE AND LOV_NAME='MS_RSK_RISK_ASSESSMENT_METHODOLOGY' and Stored_value=:1</code></pre></td>
													</tr>
													<tr>
														<td><b>Description</b></td>
														<td>null</td>
													</tr>
												</tbody>
											</table>
										</div>

										<h2 align="center" id="content">Analysis Report</h2>
										<hr>

<header class="major"><h2>Plan hash value: 1742732127</h2></header><pre><code>
 
------------------------------------------------------------------------------------------------------------------
| Id  | Operation                           | Name                       | Rows  | Bytes | Cost (%CPU)| Time     |
------------------------------------------------------------------------------------------------------------------
|   0 | SELECT STATEMENT                    |                            |     4 |  8760 |    40   (3)| 00:00:01 |
|   1 |  SORT UNIQUE                        |                            |     4 |  8760 |    40   (3)| 00:00:01 |
|*  2 |   HASH JOIN                         |                            |     7 | 15330 |    39   (0)| 00:00:01 |
<font style="background-color: lightblue; color: red">|   3 |    MERGE JOIN CARTESIAN             |                            |     3 |  6531 |    32   (0)| 00:00:01 |</font>
|*  4 |     HASH JOIN OUTER                 |                            |     1 |  2142 |    29   (0)| 00:00:01 |
|   5 |      NESTED LOOPS                   |                            |     1 |  2135 |    26   (0)| 00:00:01 |
|*  6 |       HASH JOIN OUTER               |                            |     1 |  2127 |    25   (0)| 00:00:01 |
|*  7 |        HASH JOIN                    |                            |     1 |    99 |    23   (0)| 00:00:01 |
|*  8 |         HASH JOIN OUTER             |                            |     1 |    61 |     3   (0)| 00:00:01 |
|   9 |          TABLE ACCESS BY INDEX ROWID| MS_QS_LOV_NAMES            |     1 |    35 |     1   (0)| 00:00:01 |
|* 10 |           INDEX RANGE SCAN          | MS_QS_LOV_NAMES_N1         |     1 |       |     1   (0)| 00:00:01 |
<font style="background-color: lightblue; color: red">|* 11 |          TABLE ACCESS FULL          | MS_QS_LOV_NAMES_TL         |     1 |    26 |     2   (0)| 00:00:01 |</font>
|  12 |         VIEW                        |                            |     3 |   114 |    20   (0)| 00:00:01 |
<font style="background-color: lightblue; color: red">|  13 |          MERGE JOIN CARTESIAN       |                            |     3 |   114 |    20   (0)| 00:00:01 |</font>
<font style="background-color: lightblue; color: red">|* 14 |           TABLE ACCESS FULL         | SI_LOCALES                 |     1 |     6 |     3   (0)| 00:00:01 |</font>
|  15 |           BUFFER SORT               |                            |     3 |    96 |    17   (0)| 00:00:01 |
<font style="background-color: lightblue; color: red">|* 16 |            TABLE ACCESS FULL        | MS_QS_LIST_OF_VALUES_T     |     3 |    96 |    17   (0)| 00:00:01 |</font>
<font style="background-color: lightblue; color: red">|  17 |        TABLE ACCESS FULL            | MS_QS_LIST_OF_VALUES_TL    |     1 |  2028 |     2   (0)| 00:00:01 |</font>
|* 18 |       INDEX RANGE SCAN              | SI_ORG_ENTITIES_N1         |     1 |     8 |     1   (0)| 00:00:01 |
<font style="background-color: lightblue; color: red">|* 19 |      TABLE ACCESS FULL              | SI_ORG_ENTITIES_TL         |     2 |    14 |     3   (0)| 00:00:01 |</font>
|  20 |     BUFFER SORT                     |                            |     3 |   105 |    29   (0)| 00:00:01 |
<font style="background-color: lightblue; color: red">|* 21 |      TABLE ACCESS FULL              | MS_RSK_RISK_RULE_BUILD     |     3 |   105 |     3   (0)| 00:00:01 |</font>
|  22 |    VIEW                             | SI_REGISTER_APPLICATION_V  |    40 |   520 |     7   (0)| 00:00:01 |
|  23 |     UNION-ALL                       |                            |       |       |            |          |
|* 24 |      HASH JOIN OUTER                |                            |    39 |  1287 |     5   (0)| 00:00:01 |
<font style="background-color: lightblue; color: red">|  25 |       TABLE ACCESS FULL             | SI_REGISTER_APPLICATION    |    39 |   273 |     3   (0)| 00:00:01 |</font>
<font style="background-color: lightblue; color: red">|* 26 |       TABLE ACCESS FULL             | SI_REGISTER_APPLICATION_TL |     1 |    26 |     2   (0)| 00:00:01 |</font>
|  27 |      FAST DUAL                      |                            |     1 |       |     2   (0)| 00:00:01 |
------------------------------------------------------------------------------------------------------------------
 
</code></pre><header class="major"><h2>Query Block Name / Object Alias (identified by operation id):</h2></header><pre><code>
 
   1 - SEL$4D23A876
   9 - SEL$4D23A876 / T@SEL$7
  10 - SEL$4D23A876 / T@SEL$7
  11 - SEL$4D23A876 / TL@SEL$7
  12 - SEL$7286615E / X@SEL$3
  13 - SEL$7286615E
  14 - SEL$7286615E / SI_LOCALES@SEL$5
  16 - SEL$7286615E / T@SEL$4
  17 - SEL$4D23A876 / TL@SEL$3
  18 - SEL$4D23A876 / T@SEL$16
  19 - SEL$4D23A876 / TL@SEL$16
  21 - SEL$4D23A876 / MS_RSK_RISK_RULE_BUILD@SEL$1
  22 - SET$1        / SRA@SEL$6
  23 - SET$1       
  24 - SEL$8       
  25 - SEL$8        / T@SEL$8
  26 - SEL$8        / TL@SEL$8
  27 - SEL$11       / DUAL@SEL$11
 
</code></pre><header class="major"><h2>Predicate Information (identified by operation id):</h2></header><pre><code>
 
   2 - access(NVL("PACKAGE_ID",0)=NVL("SRA"."PACKAGE_ID",0))
   4 - access("T"."ORG_ENTITY_ID"="TL"."ORG_ENTITY_ID"(+))
   6 - access("X"."LOV_VALUE_ID"="TL"."LOV_VALUE_ID"(+) AND "X"."LOCALE_ID"="TL"."LOCALE_ID"(+))
   7 - access("X"."LOV_ID"="T"."LOV_ID")
   8 - access("T"."LOV_ID"="TL"."LOV_ID"(+))
  10 - access("T"."LOV_NAME"='MS_RSK_RISK_ASSESSMENT_METHODOLOGY')
  11 - filter("TL"."LOCALE_ID"(+)=TO_NUMBER("SI_DB_LOCALE_SV"."GETVALUE"()))
  14 - filter("ENABLED_FLAG"='Y')
  16 - filter("T"."STORED_VALUE"=:1 AND NVL("T"."END_DATE",SYSDATE@!)>=SYSDATE@!)
  18 - access("T"."ENTERPRISE_ID"="X"."ENTERPRISE_ID" AND "T"."ORG_ENTITY_ID"="X"."ORG_ENTITY_ID")
  19 - filter("TL"."LOCALE_ID"(+)=TO_NUMBER("SI_DB_LOCALE_SV"."GETVALUE"()))
  21 - filter("OBJECT_NAME"='MetricStream Risk Scoring Algorithm')
  24 - access("TL"."MODULE_ID"(+)="T"."MODULE_ID")
  26 - filter("TL"."LOCALE_ID"(+)=TO_NUMBER("SI_DB_LOCALE_SV"."GETVALUE"()))
 
</code></pre><header class="major"><h2>Column Projection Information (identified by operation id):</h2></header><pre><code>
 
   1 - (#keys=3) "OBJECT_ID"[VARCHAR2,400], "OBJECT_NAME"[VARCHAR2,400], 
       NVL("TL"."DISPLAYED_VALUE","X"."DISPLAYED_VALUE")[4000]
   2 - (#keys=1) "X"."DISPLAYED_VALUE"[VARCHAR2,4000], "TL"."DISPLAYED_VALUE"[VARCHAR2,4000], 
       "OBJECT_NAME"[VARCHAR2,400], "OBJECT_ID"[VARCHAR2,400]
   3 - (#keys=0) "PACKAGE_ID"[NUMBER,22], "X"."DISPLAYED_VALUE"[VARCHAR2,4000], 
       "TL"."DISPLAYED_VALUE"[VARCHAR2,4000], "OBJECT_NAME"[VARCHAR2,400], "OBJECT_ID"[VARCHAR2,400]
   4 - (#keys=1) "PACKAGE_ID"[NUMBER,22], "X"."DISPLAYED_VALUE"[VARCHAR2,4000], 
       "TL"."DISPLAYED_VALUE"[VARCHAR2,4000]
   5 - (#keys=0) "PACKAGE_ID"[NUMBER,22], "X"."DISPLAYED_VALUE"[VARCHAR2,4000], 
       "TL"."DISPLAYED_VALUE"[VARCHAR2,4000], "T"."ORG_ENTITY_ID"[NUMBER,22]
   6 - (#keys=2) "PACKAGE_ID"[NUMBER,22], "X"."ENTERPRISE_ID"[NUMBER,22], "X"."ORG_ENTITY_ID"[NUMBER,22], 
       "X"."DISPLAYED_VALUE"[VARCHAR2,4000], "TL"."DISPLAYED_VALUE"[VARCHAR2,4000]
   7 - (#keys=1) "PACKAGE_ID"[NUMBER,22], "X"."LOV_VALUE_ID"[NUMBER,22], "X"."ENTERPRISE_ID"[NUMBER,22], 
       "X"."ORG_ENTITY_ID"[NUMBER,22], "X"."DISPLAYED_VALUE"[VARCHAR2,4000], "X"."LOCALE_ID"[NUMBER,22]
   8 - (#keys=1) "T"."LOV_ID"[NUMBER,22], "PACKAGE_ID"[NUMBER,22]
   9 - "T"."LOV_ID"[NUMBER,22], "PACKAGE_ID"[NUMBER,22]
  10 - "T".ROWID[ROWID,10]
  11 - "TL"."LOV_ID"[NUMBER,22]
  12 - "X"."LOV_VALUE_ID"[NUMBER,22], "X"."LOV_ID"[NUMBER,22], "X"."ORG_ENTITY_ID"[NUMBER,22], 
       "X"."DISPLAYED_VALUE"[VARCHAR2,4000], "X"."LOCALE_ID"[NUMBER,22], "X"."ENTERPRISE_ID"[NUMBER,22]
  13 - (#keys=0) "LOCALE_ID"[NUMBER,22], "T"."LOV_VALUE_ID"[NUMBER,22], "T"."LOV_ID"[NUMBER,22], 
       "T"."ORG_ENTITY_ID"[NUMBER,22], "T"."DISPLAYED_VALUE"[VARCHAR2,4000], "T"."ENTERPRISE_ID"[NUMBER,22]
  14 - "LOCALE_ID"[NUMBER,22]
  15 - (#keys=0) "T"."LOV_VALUE_ID"[NUMBER,22], "T"."LOV_ID"[NUMBER,22], "T"."ORG_ENTITY_ID"[NUMBER,22], 
       "T"."DISPLAYED_VALUE"[VARCHAR2,4000], "T"."ENTERPRISE_ID"[NUMBER,22]
  16 - "T"."LOV_VALUE_ID"[NUMBER,22], "T"."LOV_ID"[NUMBER,22], "T"."ORG_ENTITY_ID"[NUMBER,22], 
       "T"."DISPLAYED_VALUE"[VARCHAR2,4000], "T"."ENTERPRISE_ID"[NUMBER,22]
  17 - "TL"."LOV_VALUE_ID"[NUMBER,22], "TL"."DISPLAYED_VALUE"[VARCHAR2,4000], "TL"."LOCALE_ID"[NUMBER,22]
  18 - "T"."ORG_ENTITY_ID"[NUMBER,22]
  19 - "TL"."ORG_ENTITY_ID"[NUMBER,22]
  20 - (#keys=0) "OBJECT_NAME"[VARCHAR2,400], "OBJECT_ID"[VARCHAR2,400]
  21 - "OBJECT_NAME"[VARCHAR2,400], "OBJECT_ID"[VARCHAR2,400]
  22 - "SRA"."PACKAGE_ID"[NUMBER,22]
  23 - STRDEF[22]
  24 - (#keys=1) "T"."MODULE_ID"[NUMBER,22]
  25 - "T"."MODULE_ID"[NUMBER,22]
  26 - "TL"."MODULE_ID"[NUMBER,22]
										</code></pre>
								</section>
						</div>
					</div>

				<!-- Sidebar -->
				<div id="sidebar">
					<div class="inner">
						<!-- Menu -->
						<nav id="menu">
							<header class="major">
								<h2>Menu</h2>
							</header>
							<ul>
								<li><a href="../index.html">Module List</a></li>
								<li><a href="index.html">Summary</a></li>
								<li>
									<span class="opener">DB Analysis</span>
									<ul>
										<li><a href="bad-sql.html">Bad SQL</a></li>
										<li><a href="poor-sql.html">Poor SQL Plan</a></li>
										<li><a href="invalid-sql.html">Invalid SQL</a></li>
										<li><a href="full-sql.html">Full SQL Report</a></li>
										<li><a href="table-nil-key.html">Primary/Unique Key Miss</a></li>
										<li><a href="invalid-db-object.html">Invalid DB Objects</a></li>
									</ul>
								</li>
								<li>
									<span class="opener">Infolets</span>
									<ul>
										<li><a href="keep-history-infolets.html">Keep History Infolets</a></li>
									</ul>
								</li>
								<li>
									<span class="opener">Pushforms</span>
									<ul>
										<li><a href="pushform-denormalize.html">Pushform Denormalized</a></li>
									</ul>
								</li>
							</ul>
						</nav>

						<!-- Section -->
						<section>
							<header class="major">
								<h2>Get in touch</h2>
							</header>
							<p>You need more details on the report or want more functionality, don't hesitate to reach out to us.</p>
							<ul class="contact">
								<li class="fa-envelope-o"><a href="mailto:rnd@metricstream.com?Subject=Reg - Static Code Analysis Tool" target="_top">rnd@metricstream.com</a></li>
							</ul>
						</section>

						<!-- Footer -->
						<footer id="footer">
							<p class="copyright">&copy; <a href="http://www.metricstream.com" target="_blank">MetricStream</a>. All rights reserved. </p>
						</footer>
					</div>
				</div>
			</div>

		<!-- Scripts -->
			<script src="../../lib/assets/js/jquery.min.js"></script>
			<script src="../../lib/assets/js/skel.min.js"></script>
			<script src="../../lib/assets/js/util.js"></script>
			<!--[if lte IE 8]><script src="../../lib/assets/js/ie/respond.min.js"></script><![endif]-->
			<script src="../../lib/assets/js/main.js"></script>
	</body>
</html>