<!DOCTYPE HTML>
<html>
	<head>
		<title>Code Analysis - MetricStream</title>
		<meta charset="utf-8" />
		<meta name="viewport" content="width=device-width, initial-scale=1, user-scalable=no" />
		<!--[if lte IE 8]><script src="../../lib/assets/js/ie/html5shiv.js"></script><![endif]-->
		<link rel="stylesheet" href="../../lib/assets/css/main.css" />
		<!--[if lte IE 9]><link rel="stylesheet" href="../../lib/assets/css/ie9.css" /><![endif]-->
		<!--[if lte IE 8]><link rel="stylesheet" href="../../lib/assets/css/ie8.css" /><![endif]-->
	</head>
	<body>

		<!-- Wrapper -->
			<div id="wrapper">

				<!-- Main -->
					<div id="main">
						<div class="inner">
							<!-- Header -->
								<header id="header">
									<a href="index.html" class="logo"><strong>Static Code Analysis Report</strong> by Code Analyzer Tool</a>
								</header>

							<!-- Content -->
								<section>
									<!-- Content -->
										<header class="major"><h2>Infolet Details</h2></header>
										<div class="table-wrapper">
											<table>
												<tbody>
													<tr>
														<td><b>Name</b></td>
														<td>MS_RSK_PLAN_LIST_INFOLET (102413)</td>
													</tr>
													<tr>
														<td><b>SQL</b></td>
														<td><pre><code>select OBJECT_ID AS  OBJECT_ID ,
OBJECT_NAME AS  OBJECT_NAME ,
ATS_PK AS  ATS_PK ,
RISK_ASSESSMENT_TYPE AS  RISK_ASSESSMENT_TYPE ,
SCENARIO_NAME AS  SCENARIO_NAME ,
ASSESSABLE_TYPE AS  ASSESSABLE_TYPE ,
ASSESSMENT_TYPE AS  ASSESSMENT_TYPE ,
EXPIRED_FLAG AS  EXPIRED_FLAG ,
OWNER_ORGS AS  OWNER_ORGS ,
OWNERS AS  OWNERS ,
LEVEL_1_APP AS  LEVEL_1_APP ,
LEVEL_2_APP AS  LEVEL_2_APP ,
VALID_FROM AS  VALID_FROM ,
VALID_UNTIL AS  VALID_UNTIL ,
AVAILABLE_TO AS  AVAILABLE_TO ,
ASSESSMENT_TO_BE_SENT_TO AS  ASSESSMENT_TO_BE_SENT_TO ,
APPROVER AS  APPROVER ,
USERS_NEW AS  USERS_NEW ,
ROLE_NAME AS  ROLE_NAME ,
ADHOC_ASSMNT AS  ADHOC_ASSMNT ,
ONG_ASMNT_AVLBL_TO AS  ONG_ASMNT_AVLBL_TO ,
ONG_ASMNT_USR AS  ONG_ASMNT_USR ,
ONG_ASMNT_ROL AS  ONG_ASMNT_ROL ,
AVAILABLE_FROM AS  AVAILABLE_FROM ,
AVAILABLE_UNTIL AS  AVAILABLE_UNTIL ,
TAG_NAME AS  TAG_NAME ,
RESTRICT_ACCESS_TO_STORED AS  RESTRICT_ACCESS_TO_STORED ,
DD_OBJECT_TYPE AS  DD_OBJECT_TYPE ,
ORG_NAME AS  ORG_NAME ,
PROC_NAME AS  PROC_NAME ,
RISK_NAME AS  RISK_NAME ,
ORG_ID AS  ORG_ID ,
PROC_ID AS  PROC_ID ,
RISK_ID AS  RISK_ID ,
ASSESSOR AS ASSESSOR,
RESTRICT_ACCESS_TO AS RESTRICT_ACCESS_TO,
OBJECT_NAME_LINK AS PLAN_LINK,
ASSIGNMENTS_LINK AS ASSIGNMENTS_LINK,
 RISK_REG_REPORT_LINK AS RISK_REG_REPORT_LINK,
     ADDITIONAL_COL1 AS ADDITIONAL_COL1,
     ADDITIONAL_COL2 AS ADDITIONAL_COL2,
     ADDITIONAL_COL3 AS ADDITIONAL_COL3,
     ADDITIONAL_COL4 AS ADDITIONAL_COL4,
     ADDITIONAL_COL5 AS ADDITIONAL_COL5   
from MS_RSK_PLAN_LIST_VIEW VW
WHERE ms_apps_security_pkg.check_object_access (VW.dd_object_type, VW.restrict_access_to_stored,
  (SELECT ms_join(owner_organizations)
  FROM MS_RSK_SCHEDULE_RISK_A_OWO z WHERE Z.OBJECT_ID = VW.object_id),:1,'VIEW' )   = 'ACCESS'</code></pre></td>
													</tr>
													<tr>
														<td><b>Description</b></td>
														<td>Infolet used for getting plan list report data</td>
													</tr>
												</tbody>
											</table>
										</div>

										<h2 align="center" id="content">Analysis Report</h2>
										<hr>

<header class="major"><h2>Plan hash value: 3973334726</h2></header><pre><code>
 
---------------------------------------------------------------------------------------------------------------------------------
| Id  | Operation                               | Name                          | Rows  | Bytes |TempSpc| Cost (%CPU)| Time     |
---------------------------------------------------------------------------------------------------------------------------------
|   0 | SELECT STATEMENT                        |                               |   980 |    46M|       |   251K  (1)| 00:50:15 |
|   1 |  TABLE ACCESS BY INDEX ROWID            | MS_RSK_SCENARIOS_SCN          |     1 |    48 |       |     1   (0)| 00:00:01 |
|*  2 |   INDEX RANGE SCAN                      | MS_RSK_SCENARIOS_SCN_UK       |     1 |       |       |     1   (0)| 00:00:01 |
|   3 |  VIEW                                   | SI_ENT_ACTIVE_V               |     1 |    13 |       |     4  (25)| 00:00:01 |
|   4 |   SORT ORDER BY                         |                               |     1 |    33 |       |     4  (25)| 00:00:01 |
<font style="background-color: lightblue; color: red">|*  5 |    TABLE ACCESS FULL                    | SI_ENT                        |     1 |    33 |       |     3   (0)| 00:00:01 |</font>
|   6 |  FAST DUAL                              |                               |     1 |       |       |     2   (0)| 00:00:01 |
|   7 |  FAST DUAL                              |                               |     1 |       |       |     2   (0)| 00:00:01 |
|   8 |  SORT AGGREGATE                         |                               |     1 |    25 |       |            |          |
|*  9 |   FILTER                                |                               |       |       |       |            |          |
<font style="background-color: lightblue; color: red">|  10 |    TABLE ACCESS FULL                    | SI_ORG_ENTITIES_T             |    74 |  1850 |       |     3   (0)| 00:00:01 |</font>
<font style="background-color: lightblue; color: red">|* 11 |    INDEX SKIP SCAN                      | MS_RSK_SCHEDULE_RISK_A_OWO_UK |     1 |    21 |       |     1   (0)| 00:00:01 |</font>
|  12 |  SORT AGGREGATE                         |                               |     1 |    28 |       |            |          |
<font style="background-color: lightblue; color: red">|* 13 |   INDEX SKIP SCAN                       | MS_RSK_SCHEDULE_RISK_A_OWS_UK |     1 |    28 |       |     1   (0)| 00:00:01 |</font>
|  14 |  VIEW                                   | SI_ENT_ACTIVE_V               |     1 |    13 |       |     4  (25)| 00:00:01 |
|  15 |   SORT ORDER BY                         |                               |     1 |    33 |       |     4  (25)| 00:00:01 |
<font style="background-color: lightblue; color: red">|* 16 |    TABLE ACCESS FULL                    | SI_ENT                        |     1 |    33 |       |     3   (0)| 00:00:01 |</font>
|  17 |  FAST DUAL                              |                               |     1 |       |       |     2   (0)| 00:00:01 |
|  18 |  SORT GROUP BY                          |                               |     1 |  2204 |       |            |          |
<font style="background-color: lightblue; color: red">|* 19 |   INDEX SKIP SCAN                       | MS_RSK_SCHEDULE_RISK_A_USE_UK |     1 |  2204 |       |     1   (0)| 00:00:01 |</font>
|  20 |  SORT GROUP BY                          |                               |     1 |  2228 |       |            |          |
|  21 |   NESTED LOOPS                          |                               |     1 |  2228 |       |     2   (0)| 00:00:01 |
|  22 |    NESTED LOOPS                         |                               |     1 |  2228 |       |     2   (0)| 00:00:01 |
<font style="background-color: lightblue; color: red">|* 23 |     INDEX SKIP SCAN                     | MS_RSK_SCHEDULE_RISK_A_ROE_UK |     1 |  2204 |       |     1   (0)| 00:00:01 |</font>
|* 24 |     INDEX RANGE SCAN                    | SI_ROLES_N2                   |     1 |       |       |     1   (0)| 00:00:01 |
|  25 |    TABLE ACCESS BY INDEX ROWID          | SI_ROLES_T                    |     1 |    24 |       |     1   (0)| 00:00:01 |
|  26 |  VIEW                                   | SI_ENT_ACTIVE_V               |     1 |    13 |       |     4  (25)| 00:00:01 |
|  27 |   SORT ORDER BY                         |                               |     1 |    33 |       |     4  (25)| 00:00:01 |
<font style="background-color: lightblue; color: red">|* 28 |    TABLE ACCESS FULL                    | SI_ENT                        |     1 |    33 |       |     3   (0)| 00:00:01 |</font>
|  29 |  FAST DUAL                              |                               |     1 |       |       |     2   (0)| 00:00:01 |
|  30 |  VIEW                                   | SI_ENT_ACTIVE_V               |     1 |    13 |       |     4  (25)| 00:00:01 |
|  31 |   SORT ORDER BY                         |                               |     1 |    33 |       |     4  (25)| 00:00:01 |
<font style="background-color: lightblue; color: red">|* 32 |    TABLE ACCESS FULL                    | SI_ENT                        |     1 |    33 |       |     3   (0)| 00:00:01 |</font>
|  33 |  FAST DUAL                              |                               |     1 |       |       |     2   (0)| 00:00:01 |
|  34 |  SORT AGGREGATE                         |                               |     1 |    27 |       |            |          |
|* 35 |   FILTER                                |                               |       |       |       |            |          |
<font style="background-color: lightblue; color: red">|* 36 |    INDEX SKIP SCAN                      | MS_RSK_SCHEDULE_RISK_A_USR_UK |     2 |    54 |       |     1   (0)| 00:00:01 |</font>
|  37 |  SORT AGGREGATE                         |                               |     1 |  2228 |       |            |          |
|* 38 |   FILTER                                |                               |       |       |       |            |          |
|  39 |    NESTED LOOPS                         |                               |     1 |  2228 |       |     2   (0)| 00:00:01 |
|  40 |     NESTED LOOPS                        |                               |     1 |  2228 |       |     2   (0)| 00:00:01 |
<font style="background-color: lightblue; color: red">|* 41 |      INDEX SKIP SCAN                    | MS_RSK_SCHEDULE_RISK_A_ROL_UK |     1 |  2204 |       |     1   (0)| 00:00:01 |</font>
|* 42 |      INDEX RANGE SCAN                   | SI_ROLES_N2                   |     1 |       |       |     1   (0)| 00:00:01 |
|  43 |     TABLE ACCESS BY INDEX ROWID         | SI_ROLES_T                    |     1 |    24 |       |     1   (0)| 00:00:01 |
|  44 |  VIEW                                   | SI_ENT_ACTIVE_V               |     1 |    13 |       |     4  (25)| 00:00:01 |
|  45 |   SORT ORDER BY                         |                               |     1 |    33 |       |     4  (25)| 00:00:01 |
<font style="background-color: lightblue; color: red">|* 46 |    TABLE ACCESS FULL                    | SI_ENT                        |     1 |    33 |       |     3   (0)| 00:00:01 |</font>
|  47 |  FAST DUAL                              |                               |     1 |       |       |     2   (0)| 00:00:01 |
|  48 |  TABLE ACCESS BY INDEX ROWID            | SI_METRICS_T                  |     1 |    34 |       |     1   (0)| 00:00:01 |
|* 49 |   INDEX RANGE SCAN                      | SI_METRICS_T_N7               |     1 |       |       |     1   (0)| 00:00:01 |
|* 50 |  FILTER                                 |                               |       |       |       |            |          |
|  51 |   VIEW                                  | MS_RSK_PLAN_LIST_VIEW         | 98016 |  4625M|       |   251K  (1)| 00:50:15 |
|  52 |    SORT UNIQUE                          |                               | 98016 |  1150M|   765M|   251K  (1)| 00:50:15 |
|* 53 |     HASH JOIN RIGHT OUTER               |                               | 98016 |  1150M|       |   350   (1)| 00:00:05 |
|  54 |      VIEW                               |                               |    25 | 50725 |       |    17   (6)| 00:00:01 |
|  55 |       WINDOW SORT                       |                               |    25 |  1800 |       |    17   (6)| 00:00:01 |
|* 56 |        HASH JOIN                        |                               |    25 |  1800 |       |    16   (0)| 00:00:01 |
|  57 |         INDEX FULL SCAN                 | MS_RSK_SCHEDULE_RISK_A_PRO_UK |    25 |  1050 |       |     1   (0)| 00:00:01 |
<font style="background-color: lightblue; color: red">|  58 |         TABLE ACCESS FULL               | MS_RSK_ALL_ASSMNT_TYPE        |  2575 | 77250 |       |    15   (0)| 00:00:01 |</font>
|  59 |      VIEW                               |                               | 98016 |   961M|       |   333   (1)| 00:00:04 |
|  60 |       NESTED LOOPS                      |                               | 98016 |   191M|       |   333   (1)| 00:00:04 |
|* 61 |        HASH JOIN                        |                               |    12 | 24504 |       |     6   (0)| 00:00:01 |
<font style="background-color: lightblue; color: red">|  62 |         TABLE ACCESS FULL               | MS_RSK_SCHEDULE_RISK_A_ATS    |    12 |   828 |       |     3   (0)| 00:00:01 |</font>
<font style="background-color: lightblue; color: red">|  63 |         TABLE ACCESS FULL               | MS_RSK_SCHEDULE_RISK_A        |    12 | 23676 |       |     3   (0)| 00:00:01 |</font>
<font style="background-color: lightblue; color: red">|  64 |        COLLECTION ITERATOR PICKLER FETCH| MS_RSK_GET_OPR_OF_PLANS       |  8168 | 16336 |       |    27   (0)| 00:00:01 |</font>
|  65 |   SORT AGGREGATE                        |                               |     1 |    21 |       |            |          |
<font style="background-color: lightblue; color: red">|* 66 |    INDEX SKIP SCAN                      | MS_RSK_SCHEDULE_RISK_A_OWO_UK |     1 |    21 |       |     1   (0)| 00:00:01 |</font>
---------------------------------------------------------------------------------------------------------------------------------
 
</code></pre><header class="major"><h2>Query Block Name / Object Alias (identified by operation id):</h2></header><pre><code>
 
   1 - SEL$10       / SCN@SEL$10
   2 - SEL$10       / SCN@SEL$10
   3 - SEL$13       / SI_ENT_ACTIVE_V@SEL$12
   4 - SEL$13      
   5 - SEL$13       / SI_ENT@SEL$13
   6 - SEL$11       / DUAL@SEL$11
   7 - SEL$14       / DUAL@SEL$14
   8 - SEL$15      
  10 - SEL$15       / SI_ORG_ENTITIES_T@SEL$15
  11 - SEL$16       / OWO@SEL$16
  12 - SEL$17      
  13 - SEL$17       / OWS@SEL$17
  14 - SEL$20       / SI_ENT_ACTIVE_V@SEL$19
  15 - SEL$20      
  16 - SEL$20       / SI_ENT@SEL$20
  17 - SEL$18       / DUAL@SEL$18
  18 - SEL$21      
  19 - SEL$21       / USE@SEL$21
  20 - SEL$22      
  23 - SEL$22       / ROE@SEL$22
  24 - SEL$22       / SIROL@SEL$22
  25 - SEL$22       / SIROL@SEL$22
  26 - SEL$25       / SI_ENT_ACTIVE_V@SEL$24
  27 - SEL$25      
  28 - SEL$25       / SI_ENT@SEL$25
  29 - SEL$23       / DUAL@SEL$23
  30 - SEL$28       / SI_ENT_ACTIVE_V@SEL$27
  31 - SEL$28      
  32 - SEL$28       / SI_ENT@SEL$28
  33 - SEL$26       / DUAL@SEL$26
  34 - SEL$29      
  36 - SEL$29       / USR@SEL$29
  37 - SEL$30      
  41 - SEL$30       / ROL@SEL$30
  42 - SEL$30       / SIROL@SEL$30
  43 - SEL$30       / SIROL@SEL$30
  44 - SEL$33       / SI_ENT_ACTIVE_V@SEL$32
  45 - SEL$33      
  46 - SEL$33       / SI_ENT@SEL$33
  47 - SEL$31       / DUAL@SEL$31
  48 - SEL$34       / SI_METRICS_T@SEL$34
  49 - SEL$34       / SI_METRICS_T@SEL$34
  50 - SEL$1       
  51 - SEL$EDA6C16D / VW@SEL$1
  52 - SEL$EDA6C16D
  54 - SEL$68B588A0 / ASSESSABLE_TYPE_TAB@SEL$5
  55 - SEL$68B588A0
  57 - SEL$68B588A0 / PRO@SEL$6
  58 - SEL$68B588A0 / MS_RSK_ALL_ASSMNT_TYPE@SEL$7
  59 - SEL$EB2E8E13 / from$_subquery$_029@SEL$8
  60 - SEL$EB2E8E13
  62 - SEL$EB2E8E13 / ATS@SEL$2
  63 - SEL$EB2E8E13 / PLAN@SEL$2
  64 - SEL$EB2E8E13 / KOKBF$0@SEL$4
  65 - SEL$35      
  66 - SEL$35       / Z@SEL$35
 
</code></pre><header class="major"><h2>Predicate Information (identified by operation id):</h2></header><pre><code>
 
   2 - access("SCN"."SCENARIO_ID"=:B1)
   5 - filter("START_DATE"<=SYSDATE@! AND ("END_DATE" IS NULL OR "END_DATE">=SYSDATE@!))
   9 - filter( EXISTS (SELECT 0 FROM METRICSTREAM."MS_RSK_SCHEDULE_RISK_A_OWO" "OWO" WHERE "OWO"."OBJECT_ID"=:B1 AND 
              TO_NUMBER("OWNER_ORGANIZATIONS")=:B2))
  11 - access("OWO"."OBJECT_ID"=:B1)
       filter("OWO"."OBJECT_ID"=:B1 AND TO_NUMBER("OWNER_ORGANIZATIONS")=:B2)
  13 - access("OWS"."OBJECT_ID"=:B1)
       filter("OWS"."OBJECT_ID"=:B1)
  16 - filter("START_DATE"<=SYSDATE@! AND ("END_DATE" IS NULL OR "END_DATE">=SYSDATE@!))
  19 - access("USE"."OBJECT_ID"=:B1)
       filter("USE"."OBJECT_ID"=:B1)
  23 - access("ROE"."OBJECT_ID"=:B1)
       filter("ROE"."OBJECT_ID"=:B1)
  24 - access("SIROL"."ROLE_ID"=TO_NUMBER("ROE"."ROLE_NEW"))
  28 - filter("START_DATE"<=SYSDATE@! AND ("END_DATE" IS NULL OR "END_DATE">=SYSDATE@!))
  32 - filter("START_DATE"<=SYSDATE@! AND ("END_DATE" IS NULL OR "END_DATE">=SYSDATE@!))
  35 - filter(:B1 IS NOT NULL)
  36 - access("USR"."OBJECT_ID"=:B1)
       filter("USR"."OBJECT_ID"=:B1)
  38 - filter(:B1 IS NOT NULL)
  41 - access("ROL"."OBJECT_ID"=:B1)
       filter("ROL"."OBJECT_ID"=:B1)
  42 - access("SIROL"."ROLE_ID"=TO_NUMBER("ROL"."ROLE_NEWM"))
  46 - filter("START_DATE"<=SYSDATE@! AND ("END_DATE" IS NULL OR "END_DATE">=SYSDATE@!))
  49 - access("METRIC_NAME"='MS_RSK_SCHEDULE_RISK_ASSMN')
  50 - filter("MS_APPS_SECURITY_PKG"."CHECK_OBJECT_ACCESS"("VW"."DD_OBJECT_TYPE","VW"."RESTRICT_ACCESS_TO_STORED", 
              (SELECT "MS_JOIN"("OWNER_ORGANIZATIONS") FROM "MS_RSK_SCHEDULE_RISK_A_OWO" "Z" WHERE 
              "Z"."OBJECT_ID"=:B1),:1,'VIEW')='ACCESS')
  53 - access("ASSESSABLE_TYPE_TAB"."ATS_PK"(+)="ATS"."ATS_PK" AND 
              "ASSESSABLE_TYPE_TAB"."OBJECT_ID"(+)="PLAN"."OBJECT_ID")
  56 - access("PRO"."PROCESSES"="OBJECT_ID")
  61 - access("PLAN"."OBJECT_ID"="ATS"."OBJECT_ID")
  66 - access("Z"."OBJECT_ID"=:B1)
       filter("Z"."OBJECT_ID"=:B1)
 
</code></pre><header class="major"><h2>Column Projection Information (identified by operation id):</h2></header><pre><code>
 
   1 - "SCN".ROWID[ROWID,10], "OBJECT_NAME"[VARCHAR2,800]
   2 - "SCN".ROWID[ROWID,10]
   3 - "ENTERPRISE_ID"[NUMBER,22]
   4 - (#keys=1) INTERNAL_FUNCTION("CREATION_DATE")[7], "ENTERPRISE_ID"[NUMBER,22]
   5 - "ENTERPRISE_ID"[NUMBER,22], "CREATION_DATE"[DATE,7]
   8 - (#keys=0) "MS_JOIN"("ORG_ENTITY_NAME")[4000]
   9 - "ORG_ENTITY_NAME"[VARCHAR2,400]
  10 - "ORG_ENTITY_ID"[NUMBER,22], "ORG_ENTITY_NAME"[VARCHAR2,400]
  11 - "OWNER_ORGANIZATIONS"[VARCHAR2,4000], "OWO"."OBJECT_ID"[VARCHAR2,400]
  12 - (#keys=0) "MS_JOIN"("MS_APPS_UTILITIES"."GET_USER_FULL_NAME"("OWNERS"))[4000]
  13 - "OWNERS"[VARCHAR2,4000]
  14 - "ENTERPRISE_ID"[NUMBER,22]
  15 - (#keys=1) INTERNAL_FUNCTION("CREATION_DATE")[7], "ENTERPRISE_ID"[NUMBER,22]
  16 - "ENTERPRISE_ID"[NUMBER,22], "CREATION_DATE"[DATE,7]
  18 - (#keys=0) "MS_JOIN"(DISTINCT "MS_APPS_UTILITIES"."GET_USER_FULL_NAME"("USE"."USERS_NEW"))[4000]
  19 - "USE"."USERS_NEW"[VARCHAR2,4000]
  20 - (#keys=0) "MS_JOIN"(DISTINCT "ROLE_NAME")[4000]
  21 - (#keys=0) "ROLE_NAME"[VARCHAR2,400]
  22 - (#keys=0) "SIROL".ROWID[ROWID,10]
  23 - "ROE"."ROLE_NEW"[VARCHAR2,4000]
  24 - "SIROL".ROWID[ROWID,10]
  25 - "ROLE_NAME"[VARCHAR2,400]
  26 - "ENTERPRISE_ID"[NUMBER,22]
  27 - (#keys=1) INTERNAL_FUNCTION("CREATION_DATE")[7], "ENTERPRISE_ID"[NUMBER,22]
  28 - "ENTERPRISE_ID"[NUMBER,22], "CREATION_DATE"[DATE,7]
  30 - "ENTERPRISE_ID"[NUMBER,22]
  31 - (#keys=1) INTERNAL_FUNCTION("CREATION_DATE")[7], "ENTERPRISE_ID"[NUMBER,22]
  32 - "ENTERPRISE_ID"[NUMBER,22], "CREATION_DATE"[DATE,7]
  34 - (#keys=0) "MS_JOIN"("MS_APPS_UTILITIES"."GET_USER_FULL_NAME"("USR"."USERS_NEWM"))[4000]
  35 - "USR"."USERS_NEWM"[VARCHAR2,4000]
  36 - "USR"."USERS_NEWM"[VARCHAR2,4000]
  37 - (#keys=0) "MS_JOIN"("ROLE_NAME")[4000]
  38 - "ROLE_NAME"[VARCHAR2,400]
  39 - (#keys=0) "ROLE_NAME"[VARCHAR2,400]
  40 - (#keys=0) "SIROL".ROWID[ROWID,10]
  41 - "ROL"."ROLE_NEWM"[VARCHAR2,4000]
  42 - "SIROL".ROWID[ROWID,10]
  43 - "ROLE_NAME"[VARCHAR2,400]
  44 - "ENTERPRISE_ID"[NUMBER,22]
  45 - (#keys=1) INTERNAL_FUNCTION("CREATION_DATE")[7], "ENTERPRISE_ID"[NUMBER,22]
  46 - "ENTERPRISE_ID"[NUMBER,22], "CREATION_DATE"[DATE,7]
  48 - "SI_METRICS_T".ROWID[ROWID,10], "METRIC_ID"[NUMBER,22]
  49 - "SI_METRICS_T".ROWID[ROWID,10]
  50 - "OBJECT_ID"[VARCHAR2,400], "OBJECT_NAME"[VARCHAR2,4000], "ATS_PK"[VARCHAR2,400], 
       "RISK_ASSESSMENT_TYPE"[VARCHAR2,400], "SCENARIO_NAME"[VARCHAR2,800], "ASSESSABLE_TYPE"[VARCHAR2,4000], 
       "ASSESSMENT_TYPE"[VARCHAR2,4000], "EXPIRED_FLAG"[VARCHAR2,7], "OWNER_ORGS"[VARCHAR2,4000], "OWNERS"[VARCHAR2,4000], 
       "LEVEL_1_APP"[VARCHAR2,4000], "LEVEL_2_APP"[VARCHAR2,4000], "VALID_FROM"[VARCHAR2,20], "VALID_UNTIL"[VARCHAR2,20], 
       "AVAILABLE_TO"[VARCHAR2,4000], "ASSESSMENT_TO_BE_SENT_TO"[VARCHAR2,4000], "ASSESSOR"[VARCHAR2,4000], 
       "APPROVER"[VARCHAR2,4000], "USERS_NEW"[VARCHAR2,4000], "ROLE_NAME"[VARCHAR2,4000], "ADHOC_ASSMNT"[VARCHAR2,4000], 
       "ONG_ASMNT_AVLBL_TO"[VARCHAR2,4000], "ONG_ASMNT_USR"[VARCHAR2,4000], "ONG_ASMNT_ROL"[VARCHAR2,4000], 
       "AVAILABLE_FROM"[NUMBER,22], "AVAILABLE_UNTIL"[NUMBER,22], "TAG_NAME"[VARCHAR2,4000], 
       "VW"."RESTRICT_ACCESS_TO_STORED"[VARCHAR2,40], "VW"."DD_OBJECT_TYPE"[VARCHAR2,400], "ORG_NAME"[VARCHAR2,4000], 
       "PROC_NAME"[VARCHAR2,4000], "RISK_NAME"[VARCHAR2,4000], "ORG_ID"[NUMBER,22], "PROC_ID"[VARCHAR2,100], 
       "RISK_ID"[VARCHAR2,100], "OBJECT_NAME_LINK"[VARCHAR2,4000], "ASSIGNMENTS_LINK"[CHARACTER,4], 
       "RESTRICT_ACCESS_TO"[VARCHAR2,4000], "RISK_REG_REPORT_LINK"[CHARACTER,4], "ADDITIONAL_COL1"[VARCHAR2,4000], 
       "ADDITIONAL_COL2"[CHARACTER,2], "ADDITIONAL_COL3"[VARCHAR2,400], "ADDITIONAL_COL4"[VARCHAR2,0], 
       "ADDITIONAL_COL5"[VARCHAR2,0]
  51 - "OBJECT_ID"[VARCHAR2,400], "OBJECT_NAME"[VARCHAR2,4000], "ATS_PK"[VARCHAR2,400], 
       "RISK_ASSESSMENT_TYPE"[VARCHAR2,400], "SCENARIO_NAME"[VARCHAR2,800], "ASSESSABLE_TYPE"[VARCHAR2,4000], 
       "ASSESSMENT_TYPE"[VARCHAR2,4000], "EXPIRED_FLAG"[VARCHAR2,7], "OWNER_ORGS"[VARCHAR2,4000], "OWNERS"[VARCHAR2,4000], 
       "LEVEL_1_APP"[VARCHAR2,4000], "LEVEL_2_APP"[VARCHAR2,4000], "VALID_FROM"[VARCHAR2,20], "VALID_UNTIL"[VARCHAR2,20], 
       "AVAILABLE_TO"[VARCHAR2,4000], "ASSESSMENT_TO_BE_SENT_TO"[VARCHAR2,4000], "ASSESSOR"[VARCHAR2,4000], 
       "APPROVER"[VARCHAR2,4000], "USERS_NEW"[VARCHAR2,4000], "ROLE_NAME"[VARCHAR2,4000], "ADHOC_ASSMNT"[VARCHAR2,4000], 
       "ONG_ASMNT_AVLBL_TO"[VARCHAR2,4000], "ONG_ASMNT_USR"[VARCHAR2,4000], "ONG_ASMNT_ROL"[VARCHAR2,4000], 
       "AVAILABLE_FROM"[NUMBER,22], "AVAILABLE_UNTIL"[NUMBER,22], "TAG_NAME"[VARCHAR2,4000], 
       "VW"."RESTRICT_ACCESS_TO_STORED"[VARCHAR2,40], "VW"."DD_OBJECT_TYPE"[VARCHAR2,400], "ORG_NAME"[VARCHAR2,4000], 
       "PROC_NAME"[VARCHAR2,4000], "RISK_NAME"[VARCHAR2,4000], "ORG_ID"[NUMBER,22], "PROC_ID"[VARCHAR2,100], 
       "RISK_ID"[VARCHAR2,100], "OBJECT_NAME_LINK"[VARCHAR2,4000], "ASSIGNMENTS_LINK"[CHARACTER,4], 
       "RESTRICT_ACCESS_TO"[VARCHAR2,4000], "RISK_REG_REPORT_LINK"[CHARACTER,4], "ADDITIONAL_COL1"[VARCHAR2,4000], 
       "ADDITIONAL_COL2"[CHARACTER,2], "ADDITIONAL_COL3"[VARCHAR2,400], "ADDITIONAL_COL4"[VARCHAR2,0], 
       "ADDITIONAL_COL5"[VARCHAR2,0]
  52 - (#keys=44) "from$_subquery$_029"."QCSJ_C000000002700002"[VARCHAR2,400], 
       "from$_subquery$_029"."OBJECT_NAME"[VARCHAR2,4000], "from$_subquery$_029"."ATS_PK"[VARCHAR2,400], 
       "from$_subquery$_029"."RISK_ASSESSMENT_TYPE"[VARCHAR2,400],  (SELECT "OBJECT_NAME" FROM 
       METRICSTREAM."MS_RSK_SCENARIOS_SCN" "SCN" WHERE "SCN"."SCENARIO_ID"=:B1)[800], 
       "ASSESSABLE_TYPE_TAB"."ASSESSABLE_TYPE"[VARCHAR2,4000],  (SELECT "MS_APPS_UTILITIES"."GET_DISPLAY_VALUE"( (SELECT 
       "ENTERPRISE_ID" FROM  (SELECT "ENTERPRISE_ID" "ENTERPRISE_ID","ENTERPRISE_NAME" 
       "ENTERPRISE_NAME","SI_APP_SV"."CHECK_APP_EXISTS"("ENTERPRISE_ID") "APPLICATION_FLAG" FROM METRICSTREAM."SI_ENT" "SI_ENT" 
       WHERE "START_DATE"<=SYSDATE@! AND ("END_DATE" IS NULL OR "END_DATE">=SYSDATE@!) ORDER BY "CREATION_DATE" DESC) 
       "SI_ENT_ACTIVE_V"),'MS RSK List of Assessment Types',:B2) FROM "SYS"."DUAL" "DUAL")[4000], CASE  WHEN  (SELECT 
       "MS_RSK_UTILS"."INCLUDE_EXPIRED"(:B3,:B4) FROM "SYS"."DUAL" "DUAL")=1 THEN 'Active' ELSE 'Expired' END [7],  (SELECT 
       "MS_JOIN"("ORG_ENTITY_NAME") FROM METRICSTREAM."SI_ORG_ENTITIES_T" "SI_ORG_ENTITIES_T" WHERE  EXISTS (SELECT 0 FROM 
       METRICSTREAM."MS_RSK_SCHEDULE_RISK_A_OWO" "OWO" WHERE "OWO"."OBJECT_ID"=:B5 AND 
       TO_NUMBER("OWNER_ORGANIZATIONS")=:B6))[4000],  (SELECT "MS_JOIN"("MS_APPS_UTILITIES"."GET_USER_FULL_NAME"("OWNERS")) 
       FROM METRICSTREAM."MS_RSK_SCHEDULE_RISK_A_OWS" "OWS" WHERE "OWS"."OBJECT_ID"=:B7)[4000], 
       "MS_APPS_UTILITIES"."GET_USER_FULL_NAME"("from$_subquery$_029"."LEVEL_1_APPROVER")[4000], 
       "MS_APPS_UTILITIES"."GET_USER_FULL_NAME"("from$_subquery$_029"."LEVEL_2_APPROVER")[4000], 
       TO_CHAR(INTERNAL_FUNCTION("from$_subquery$_029"."VALID_FROM"),'DD-MON-YYYY')[20], 
       TO_CHAR(INTERNAL_FUNCTION("from$_subquery$_029"."VALID_UNTIL"),'DD-MON-YYYY')[20], 
       "MS_APPS_UTILITIES"."GET_USER_FULL_NAME"("from$_subquery$_029"."NOR_ASSIGN_TO")[4000], 
       DECODE("from$_subquery$_029"."ALLOW_AD_HOC_ASSMNT",'no', (SELECT "MS_APPS_UTILITIES"."GET_DISPLAY_VALUE"( (SELECT 
       "ENTERPRISE_ID" FROM  (SELECT "ENTERPRISE_ID" "ENTERPRISE_ID","ENTERPRISE_NAME" 
       "ENTERPRISE_NAME","SI_APP_SV"."CHECK_APP_EXISTS"("ENTERPRISE_ID") "APPLICATION_FLAG" FROM METRICSTREAM."SI_ENT" "SI_ENT" 
       WHERE "START_DATE"<=SYSDATE@! AND ("END_DATE" IS NULL OR "END_DATE">=SYSDATE@!) ORDER BY "CREATION_DATE" DESC) 
       "SI_ENT_ACTIVE_V"),'MS_RSK_ASSIGNED_TO',:B8) FROM "SYS"."DUAL" "DUAL"))[4000], 
       DECODE(TO_NUMBER("from$_subquery$_029"."NOR_ASSIGN_TO"),1,"MS_APPS_UTILITIES"."GET_USER_FULL_NAME"("from$_subquery$_029".
       "ASSESSOR"))[4000], "MS_APPS_UTILITIES"."GET_USER_FULL_NAME"("from$_subquery$_029"."REVIEWER")[4000], CASE 
       TO_NUMBER("from$_subquery$_029"."NOR_ASSIGN_TO") WHEN 3 THEN  (SELECT "MS_JOIN"(DISTINCT 
       "MS_APPS_UTILITIES"."GET_USER_FULL_NAME"("USE"."USERS_NEW")) FROM METRICSTREAM."MS_RSK_SCHEDULE_RISK_A_USE" "USE" WHERE 
       "USE"."OBJECT_ID"=:B9) ELSE NULL END [4000], CASE TO_NUMBER("from$_subquery$_029"."NOR_ASSIGN_TO") WHEN 2 THEN  (SELECT 
       "MS_JOIN"(DISTINCT "ROLE_NAME") FROM METRICSTREAM."SI_ROLES_T" "SIROL",METRICSTREAM."MS_RSK_SCHEDULE_RISK_A_ROE" "ROE" 
       WHERE "ROE"."OBJECT_ID"=:B10 AND "SIROL"."ROLE_ID"=TO_NUMBER("ROE"."ROLE_NEW")) ELSE NULL END [4000],  (SELECT 
       "MS_APPS_UTILITIES"."GET_DISPLAY_VALUE"( (SELECT "ENTERPRISE_ID" FROM  (SELECT "ENTERPRISE_ID" 
       "ENTERPRISE_ID","ENTERPRISE_NAME" "ENTERPRISE_NAME","SI_APP_SV"."CHECK_APP_EXISTS"("ENTERPRISE_ID") "APPLICATION_FLAG" 
       FROM METRICSTREAM."SI_ENT" "SI_ENT" WHERE "START_DATE"<=SYSDATE@! AND ("END_DATE" IS NULL OR "END_DATE">=SYSDATE@!) 
       ORDER BY "CREATION_DATE" DESC) "SI_ENT_ACTIVE_V"),'MS RSK QUANT CONTROL Yes No',:B11) FROM "SYS"."DUAL" "DUAL")[4000],  
       (SELECT "MS_APPS_UTILITIES"."GET_DISPLAY_VALUE"( (SELECT "ENTERPRISE_ID" FROM  (SELECT "ENTERPRISE_ID" 
       "ENTERPRISE_ID","ENTERPRISE_NAME" "ENTERPRISE_NAME","SI_APP_SV"."CHECK_APP_EXISTS"("ENTERPRISE_ID") "APPLICATION_FLAG" 
       FROM METRICSTREAM."SI_ENT" "SI_ENT" WHERE "START_DATE"<=SYSDATE@! AND ("END_DATE" IS NULL OR "END_DATE">=SYSDATE@!) 
       ORDER BY "CREATION_DATE" DESC) "SI_ENT_ACTIVE_V"),'MS_RSK_AVAILABLE_TO',:B12) FROM "SYS"."DUAL
  53 - (#keys=2) "ATS"."ATS_PK"[VARCHAR2,400], "PLAN"."OBJECT_ID"[VARCHAR2,400], 
       "ASSESSABLE_TYPE_TAB"."ASSESSABLE_TYPE"[VARCHAR2,4000], "from$_subquery$_029"."DD_OBJECT_TYPE"[VARCHAR2,400], 
       "from$_subquery$_029"."DD_PROCESS_INSTANCE_ID"[NUMBER,22], "from$_subquery$_029"."DD_INSTANCE_ID"[NUMBER,22], 
       "from$_subquery$_029"."PROC_NAME"[VARCHAR2,4000], "from$_subquery$_029"."VALID_UNTIL"[DATE,7], 
       "from$_subquery$_029"."VALID_FROM"[DATE,7], "from$_subquery$_029"."RESTRICT_ACCESS_TO"[VARCHAR2,40], 
       "from$_subquery$_029"."LEVEL_2_APPROVER"[VARCHAR2,4000], "from$_subquery$_029"."LEVEL_1_APPROVER"[VARCHAR2,4000], 
       "from$_subquery$_029"."RISK_ASSESSMENT_TYPE"[VARCHAR2,400], "from$_subquery$_029"."QCSJ_C000000002700000"[VARCHAR2,400], 
       "from$_subquery$_029"."OBJECT_NAME"[VARCHAR2,4000], "from$_subquery$_029"."CUSTOM_DUMMY_3"[VARCHAR2,4000], 
       "from$_subquery$_029"."REVIEWER"[VARCHAR2,400], "from$_subquery$_029"."ASSESSOR"[VARCHAR2,400], 
       "from$_subquery$_029"."RISK_NAME"[VARCHAR2,4000], "from$_subquery$_029"."ALLOW_AD_HOC_ASSMNT"[VARCHAR2,1020], 
       "from$_subquery$_029"."ASSIGN_TO"[VARCHAR2,1020], "from$_subquery$_029"."NOR_ASSIGN_TO"[VARCHAR2,1000], 
       "from$_subquery$_029"."AVAILABLE_FROM"[NUMBER,22], "from$_subquery$_029"."AVAILABLE_UNTIL"[NUMBER,22], 
       "from$_subquery$_029"."ORG_ID"[NUMBER,22], "from$_subquery$_029"."PROC_ID"[VARCHAR2,100], 
       "from$_subquery$_029"."RISK_ID"[VARCHAR2,100], "from$_subquery$_029"."ORG_NAME"[VARCHAR2,4000]
  54 - "ASSESSABLE_TYPE_TAB"."OBJECT_ID"[VARCHAR2,400], "ASSESSABLE_TYPE_TAB"."ATS_PK"[VARCHAR2,400], 
       "ASSESSABLE_TYPE_TAB"."ASSESSABLE_TYPE"[VARCHAR2,4000]
  55 - (#keys=3) "OBJECT_ID"[VARCHAR2,400], "ATS_PK"[VARCHAR2,400], 
       INITCAP(REPLACE(REPLACE("DD_OBJECT_TYPE",'MS_GRC_',''),'_',' '))[4000], "PRO"."PROCESSES"[VARCHAR2,4000], 
       "OBJECT_ID"[VARCHAR2,4000], "PRO".ROWID[ROWID,10], "DD_OBJECT_TYPE"[VARCHAR2,4000], "MS_JOIN"(DISTINCT 
       INITCAP(REPLACE(REPLACE("DD_OBJECT_TYPE",'MS_GRC_',''),'_',' '))) OVER ( PARTITION BY "OBJECT_ID","ATS_PK")[4000]
  56 - (#keys=1) "PRO"."PROCESSES"[VARCHAR2,4000], "OBJECT_ID"[VARCHAR2,4000], "PRO".ROWID[ROWID,10], 
       "OBJECT_ID"[VARCHAR2,400], "ATS_PK"[VARCHAR2,400], "DD_OBJECT_TYPE"[VARCHAR2,4000]
  57 - "PRO".ROWID[ROWID,10], "PRO"."PROCESSES"[VARCHAR2,4000], "ATS_PK"[VARCHAR2,400], "OBJECT_ID"[VARCHAR2,400]
  58 - "OBJECT_ID"[VARCHAR2,4000], "DD_OBJECT_TYPE"[VARCHAR2,4000]
  59 - "from$_subquery$_029"."DD_OBJECT_TYPE"[VARCHAR2,400], "from$_subquery$_029"."DD_PROCESS_INSTANCE_ID"[NUMBER,22], 
       "from$_subquery$_029"."DD_INSTANCE_ID"[NUMBER,22], "PLAN"."OBJECT_ID"[VARCHAR2,400], 
       "from$_subquery$_029"."VALID_UNTIL"[DATE,7], "from$_subquery$_029"."VALID_FROM"[DATE,7], 
       "from$_subquery$_029"."RESTRICT_ACCESS_TO"[VARCHAR2,40], "from$_subquery$_029"."LEVEL_2_APPROVER"[VARCHAR2,4000], 
       "from$_subquery$_029"."LEVEL_1_APPROVER"[VARCHAR2,4000], "from$_subquery$_029"."RISK_ASSESSMENT_TYPE"[VARCHAR2,400], 
       "from$_subquery$_029"."QCSJ_C000000002700000"[VARCHAR2,400], "from$_subquery$_029"."OBJECT_NAME"[VARCHAR2,4000], 
       "from$_subquery$_029"."CUSTOM_DUMMY_3"[VARCHAR2,4000], "from$_subquery$_029"."REVIEWER"[VARCHAR2,400], 
       "from$_subquery$_029"."ASSESSOR"[VARCHAR2,400], "ATS"."ATS_PK"[VARCHAR2,400], 
       "from$_subquery$_029"."ALLOW_AD_HOC_ASSMNT"[VARCHAR2,1020], "from$_subquery$_029"."ASSIGN_TO"[VARCHAR2,1020], 
       "from$_subquery$_029"."NOR_ASSIGN_TO"[VARCHAR2,1000], "from$_subquery$_029"."AVAILABLE_FROM"[NUMBER,22], 
       "from$_subquery$_029"."AVAILABLE_UNTIL"[NUMBER,22], "from$_subquery$_029"."ORG_ID"[NUMBER,22], 
       "from$_subquery$_029"."PROC_ID"[VARCHAR2,100], "from$_subquery$_029"."RISK_ID"[VARCHAR2,100], 
       "from$_subquery$_029"."ORG_NAME"[VARCHAR2,4000], "from$_subquery$_029"."PROC_NAME"[VARCHAR2,4000], 
       "from$_subquery$_029"."RISK_NAME"[VARCHAR2,4000]
  60 - (#keys=0) "ATS"."OBJECT_ID"[VARCHAR2,400], "PLAN"."OBJECT_ID"[VARCHAR2,400], 
       "ATS"."CUSTOM_DUMMY_3"[VARCHAR2,4000], "ATS"."REVIEWER"[VARCHAR2,400], "ATS"."ASSESSOR"[VARCHAR2,400], 
       "ATS"."ATS_PK"[VARCHAR2,400], "ATS"."ALLOW_AD_HOC_ASSMNT"[VARCHAR2,1020], "ATS"."ASSIGN_TO"[VARCHAR2,1020], 
       "ATS"."NOR_ASSIGN_TO"[VARCHAR2,1000], "ATS"."AVAILABLE_FROM"[NUMBER,22], "ATS"."AVAILABLE_UNTIL"[NUMBER,22], 
       "PLAN"."DD_OBJECT_TYPE"[VARCHAR2,400], "PLAN"."DD_PROCESS_INSTANCE_ID"[NUMBER,22], "PLAN"."DD_INSTANCE_ID"[NUMBER,22], 
       "PLAN"."OBJECT_NAME"[VARCHAR2,4000], "PLAN"."VALID_UNTIL"[DATE,7], "PLAN"."VALID_FROM"[DATE,7], 
       "PLAN"."RESTRICT_ACCESS_TO"[VARCHAR2,40], "PLAN"."LEVEL_2_APPROVER"[VARCHAR2,4000], 
       "PLAN"."LEVEL_1_APPROVER"[VARCHAR2,4000], "PLAN"."RISK_ASSESSMENT_TYPE"[VARCHAR2,400], 
       "PLAN"."SCENARIO_ID"[VARCHAR2,400], VALUE(A0)[22], VALUE(A0)[100], VALUE(A0)[100], VALUE(A0)[4000], VALUE(A0)[4000], 
       VALUE(A0)[4000]
  61 - (#keys=1) "ATS"."OBJECT_ID"[VARCHAR2,400], "PLAN"."OBJECT_ID"[VARCHAR2,400], 
       "ATS"."CUSTOM_DUMMY_3"[VARCHAR2,4000], "ATS"."REVIEWER"[VARCHAR2,400], "ATS"."ASSESSOR"[VARCHAR2,400], 
       "ATS"."ATS_PK"[VARCHAR2,400], "ATS"."ALLOW_AD_HOC_ASSMNT"[VARCHAR2,1020], "ATS"."ASSIGN_TO"[VARCHAR2,1020], 
       "ATS"."NOR_ASSIGN_TO"[VARCHAR2,1000], "ATS"."AVAILABLE_FROM"[NUMBER,22], "ATS"."AVAILABLE_UNTIL"[NUMBER,22], 
       "PLAN"."DD_OBJECT_TYPE"[VARCHAR2,400], "PLAN"."DD_PROCESS_INSTANCE_ID"[NUMBER,22], "PLAN"."DD_INSTANCE_ID"[NUMBER,22], 
       "PLAN"."OBJECT_NAME"[VARCHAR2,4000], "PLAN"."VALID_UNTIL"[DATE,7], "PLAN"."VALID_FROM"[DATE,7], 
       "PLAN"."RESTRICT_ACCESS_TO"[VARCHAR2,40], "PLAN"."LEVEL_2_APPROVER"[VARCHAR2,4000], 
       "PLAN"."LEVEL_1_APPROVER"[VARCHAR2,4000], "PLAN"."RISK_ASSESSMENT_TYPE"[VARCHAR2,400], "PLAN"."SCENARIO_ID"[VARCHAR2,400]
  62 - "ATS"."CUSTOM_DUMMY_3"[VARCHAR2,4000], "ATS"."REVIEWER"[VARCHAR2,400], "ATS"."ASSESSOR"[VARCHAR2,400], 
       "ATS"."ATS_PK"[VARCHAR2,400], "ATS"."ALLOW_AD_HOC_ASSMNT"[VARCHAR2,1020], "ATS"."ASSIGN_TO"[VARCHAR2,1020], 
       "ATS"."NOR_ASSIGN_TO"[VARCHAR2,1000], "ATS"."AVAILABLE_FROM"[NUMBER,22], "ATS"."AVAILABLE_UNTIL"[NUMBER,22], 
       "ATS"."OBJECT_ID"[VARCHAR2,400]
  63 - "PLAN"."DD_OBJECT_TYPE"[VARCHAR2,400], "PLAN"."DD_PROCESS_INSTANCE_ID"[NUMBER,22], 
       "PLAN"."DD_INSTANCE_ID"[NUMBER,22], "PLAN"."OBJECT_ID"[VARCHAR2,400], "PLAN"."VALID_UNTIL"[DATE,7], 
       "PLAN"."VALID_FROM"[DATE,7], "PLAN"."RESTRICT_ACCESS_TO"[VARCHAR2,40], "PLAN"."LEVEL_2_APPROVER"[VARCHAR2,4000], 
       "PLAN"."LEVEL_1_APPROVER"[VARCHAR2,4000], "PLAN"."RISK_ASSESSMENT_TYPE"[VARCHAR2,400], 
       "PLAN"."SCENARIO_ID"[VARCHAR2,400], "PLAN"."OBJECT_NAME"[VARCHAR2,4000]
  64 - VALUE(A0)[22], VALUE(A0)[100], VALUE(A0)[100], VALUE(A0)[4000], VALUE(A0)[4000], VALUE(A0)[4000]
  65 - (#keys=0) "MS_JOIN"("OWNER_ORGANIZATIONS")[4000]
  66 - "OWNER_ORGANIZATIONS"[VARCHAR2,4000]
										</code></pre>
								</section>
						</div>
					</div>

				<!-- Sidebar -->
				<div id="sidebar">
					<div class="inner">
						<!-- Menu -->
						<nav id="menu">
							<header class="major">
								<h2>Menu</h2>
							</header>
							<ul>
								<li><a href="../index.html">Module List</a></li>
								<li><a href="index.html">Summary</a></li>
								<li>
									<span class="opener">DB Analysis</span>
									<ul>
										<li><a href="bad-sql.html">Bad SQL</a></li>
										<li><a href="poor-sql.html">Poor SQL Plan</a></li>
										<li><a href="invalid-sql.html">Invalid SQL</a></li>
										<li><a href="full-sql.html">Full SQL Report</a></li>
										<li><a href="table-nil-key.html">Primary/Unique Key Miss</a></li>
										<li><a href="invalid-db-object.html">Invalid DB Objects</a></li>
									</ul>
								</li>
								<li>
									<span class="opener">Infolets</span>
									<ul>
										<li><a href="keep-history-infolets.html">Keep History Infolets</a></li>
									</ul>
								</li>
								<li>
									<span class="opener">Pushforms</span>
									<ul>
										<li><a href="pushform-denormalize.html">Pushform Denormalized</a></li>
									</ul>
								</li>
							</ul>
						</nav>

						<!-- Section -->
						<section>
							<header class="major">
								<h2>Get in touch</h2>
							</header>
							<p>You need more details on the report or want more functionality, don't hesitate to reach out to us.</p>
							<ul class="contact">
								<li class="fa-envelope-o"><a href="mailto:rnd@metricstream.com?Subject=Reg - Static Code Analysis Tool" target="_top">rnd@metricstream.com</a></li>
							</ul>
						</section>

						<!-- Footer -->
						<footer id="footer">
							<p class="copyright">&copy; <a href="http://www.metricstream.com" target="_blank">MetricStream</a>. All rights reserved. </p>
						</footer>
					</div>
				</div>
			</div>

		<!-- Scripts -->
			<script src="../../lib/assets/js/jquery.min.js"></script>
			<script src="../../lib/assets/js/skel.min.js"></script>
			<script src="../../lib/assets/js/util.js"></script>
			<!--[if lte IE 8]><script src="../../lib/assets/js/ie/respond.min.js"></script><![endif]-->
			<script src="../../lib/assets/js/main.js"></script>
	</body>
</html>