<!DOCTYPE HTML>
<html>
	<head>
		<title>Code Analysis - MetricStream</title>
		<meta charset="utf-8" />
		<meta name="viewport" content="width=device-width, initial-scale=1, user-scalable=no" />
		<!--[if lte IE 8]><script src="../../lib/assets/js/ie/html5shiv.js"></script><![endif]-->
		<link rel="stylesheet" href="../../lib/assets/css/main.css" />
		<!--[if lte IE 9]><link rel="stylesheet" href="../../lib/assets/css/ie9.css" /><![endif]-->
		<!--[if lte IE 8]><link rel="stylesheet" href="../../lib/assets/css/ie8.css" /><![endif]-->
	</head>
	<body>

		<!-- Wrapper -->
			<div id="wrapper">

				<!-- Main -->
					<div id="main">
						<div class="inner">
							<!-- Header -->
								<header id="header">
									<a href="index.html" class="logo"><strong>Static Code Analysis Report</strong> by Code Analyzer Tool</a>
								</header>

							<!-- Content -->
								<section>
									<!-- Content -->
										<header class="major"><h2>Infolet Details</h2></header>
										<div class="table-wrapper">
											<table>
												<tbody>
													<tr>
														<td><b>Name</b></td>
														<td>MS_RSK_CONFIG_PARAMETER (102144)</td>
													</tr>
													<tr>
														<td><b>SQL</b></td>
														<td><pre><code>SELECT pv.parameter_value,parameter_name
FROM ms_qs_parameter_values pv,
ms_qs_parameter_types pt,
ms_qs_parameter_names pn
WHERE pt.parameter_type = 'MS_RSK_Configuration'
AND PARAMETER_NAME='Show_Hide_L2Approver'
AND pn.parameter_id = pv.parameter_id
AND pt.parameter_type_id = pv.parameter_type_id
AND pt.parameter_type_id = pn.parameter_type_id</code></pre></td>
													</tr>
													<tr>
														<td><b>Description</b></td>
														<td>This infolet  is used to configure the RSK Module.</td>
													</tr>
												</tbody>
											</table>
										</div>

										<h2 align="center" id="content">Analysis Report</h2>
										<hr>

<header class="major"><h2>Plan hash value: 1233903016</h2></header><pre><code>
 
-----------------------------------------------------------------------------------------------------------
| Id  | Operation                      | Name                     | Rows  | Bytes | Cost (%CPU)| Time     |
-----------------------------------------------------------------------------------------------------------
|   0 | SELECT STATEMENT               |                          |     1 |    79 |     5   (0)| 00:00:01 |
|*  1 |  HASH JOIN                     |                          |     1 |    79 |     5   (0)| 00:00:01 |
|   2 |   NESTED LOOPS                 |                          |     1 |    65 |     2   (0)| 00:00:01 |
|   3 |    NESTED LOOPS                |                          |     1 |    65 |     2   (0)| 00:00:01 |
|   4 |     TABLE ACCESS BY INDEX ROWID| MS_QS_PARAMETER_NAMES    |     1 |    33 |     1   (0)| 00:00:01 |
|*  5 |      INDEX RANGE SCAN          | MS_QS_PARAMETER_NAMES_N1 |     1 |       |     1   (0)| 00:00:01 |
|*  6 |     INDEX RANGE SCAN           | MS_QS_PARAMETER_TYPES_N1 |     1 |       |     1   (0)| 00:00:01 |
|*  7 |    TABLE ACCESS BY INDEX ROWID | MS_QS_PARAMETER_TYPES    |     1 |    32 |     1   (0)| 00:00:01 |
<font style="background-color: lightblue; color: red">|   8 |   TABLE ACCESS FULL            | MS_QS_PARAMETER_VALUES   |   257 |  3598 |     3   (0)| 00:00:01 |</font>
-----------------------------------------------------------------------------------------------------------
 
</code></pre><header class="major"><h2>Query Block Name / Object Alias (identified by operation id):</h2></header><pre><code>
 
   1 - SEL$1
   4 - SEL$1 / PN@SEL$1
   5 - SEL$1 / PN@SEL$1
   6 - SEL$1 / PT@SEL$1
   7 - SEL$1 / PT@SEL$1
   8 - SEL$1 / PV@SEL$1
 
</code></pre><header class="major"><h2>Predicate Information (identified by operation id):</h2></header><pre><code>
 
   1 - access("PN"."PARAMETER_ID"="PV"."PARAMETER_ID" AND 
              "PT"."PARAMETER_TYPE_ID"="PV"."PARAMETER_TYPE_ID")
   5 - access("PARAMETER_NAME"='Show_Hide_L2Approver')
   6 - access("PT"."PARAMETER_TYPE"='MS_RSK_Configuration')
   7 - filter("PT"."PARAMETER_TYPE_ID"="PN"."PARAMETER_TYPE_ID")
 
</code></pre><header class="major"><h2>Column Projection Information (identified by operation id):</h2></header><pre><code>
 
   1 - (#keys=2) "PARAMETER_NAME"[VARCHAR2,400], "PV"."PARAMETER_VALUE"[VARCHAR2,400]
   2 - (#keys=0) "PN"."PARAMETER_ID"[NUMBER,22], "PARAMETER_NAME"[VARCHAR2,400], 
       "PT"."PARAMETER_TYPE_ID"[NUMBER,22]
   3 - (#keys=0) "PN"."PARAMETER_ID"[NUMBER,22], "PN"."PARAMETER_TYPE_ID"[NUMBER,22], 
       "PARAMETER_NAME"[VARCHAR2,400], "PT".ROWID[ROWID,10]
   4 - "PN"."PARAMETER_ID"[NUMBER,22], "PN"."PARAMETER_TYPE_ID"[NUMBER,22], 
       "PARAMETER_NAME"[VARCHAR2,400]
   5 - "PN".ROWID[ROWID,10], "PARAMETER_NAME"[VARCHAR2,400]
   6 - "PT".ROWID[ROWID,10]
   7 - "PT"."PARAMETER_TYPE_ID"[NUMBER,22]
   8 - "PV"."PARAMETER_TYPE_ID"[NUMBER,22], "PV"."PARAMETER_ID"[NUMBER,22], 
       "PV"."PARAMETER_VALUE"[VARCHAR2,400]
										</code></pre>
								</section>
						</div>
					</div>

				<!-- Sidebar -->
				<div id="sidebar">
					<div class="inner">
						<!-- Menu -->
						<nav id="menu">
							<header class="major">
								<h2>Menu</h2>
							</header>
							<ul>
								<li><a href="../index.html">Module List</a></li>
								<li><a href="index.html">Summary</a></li>
								<li>
									<span class="opener">DB Analysis</span>
									<ul>
										<li><a href="bad-sql.html">Bad SQL</a></li>
										<li><a href="poor-sql.html">Poor SQL Plan</a></li>
										<li><a href="invalid-sql.html">Invalid SQL</a></li>
										<li><a href="full-sql.html">Full SQL Report</a></li>
										<li><a href="table-nil-key.html">Primary/Unique Key Miss</a></li>
										<li><a href="invalid-db-object.html">Invalid DB Objects</a></li>
									</ul>
								</li>
								<li>
									<span class="opener">Infolets</span>
									<ul>
										<li><a href="keep-history-infolets.html">Keep History Infolets</a></li>
									</ul>
								</li>
								<li>
									<span class="opener">Pushforms</span>
									<ul>
										<li><a href="pushform-denormalize.html">Pushform Denormalized</a></li>
									</ul>
								</li>
							</ul>
						</nav>

						<!-- Section -->
						<section>
							<header class="major">
								<h2>Get in touch</h2>
							</header>
							<p>You need more details on the report or want more functionality, don't hesitate to reach out to us.</p>
							<ul class="contact">
								<li class="fa-envelope-o"><a href="mailto:rnd@metricstream.com?Subject=Reg - Static Code Analysis Tool" target="_top">rnd@metricstream.com</a></li>
							</ul>
						</section>

						<!-- Footer -->
						<footer id="footer">
							<p class="copyright">&copy; <a href="http://www.metricstream.com" target="_blank">MetricStream</a>. All rights reserved. </p>
						</footer>
					</div>
				</div>
			</div>

		<!-- Scripts -->
			<script src="../../lib/assets/js/jquery.min.js"></script>
			<script src="../../lib/assets/js/skel.min.js"></script>
			<script src="../../lib/assets/js/util.js"></script>
			<!--[if lte IE 8]><script src="../../lib/assets/js/ie/respond.min.js"></script><![endif]-->
			<script src="../../lib/assets/js/main.js"></script>
	</body>
</html>