<!DOCTYPE HTML>
<html>
	<head>
		<title>Code Analysis - MetricStream</title>
		<meta charset="utf-8" />
		<meta name="viewport" content="width=device-width, initial-scale=1, user-scalable=no" />
		<!--[if lte IE 8]><script src="../../lib/assets/js/ie/html5shiv.js"></script><![endif]-->
		<link rel="stylesheet" href="../../lib/assets/css/main.css" />
		<!--[if lte IE 9]><link rel="stylesheet" href="../../lib/assets/css/ie9.css" /><![endif]-->
		<!--[if lte IE 8]><link rel="stylesheet" href="../../lib/assets/css/ie8.css" /><![endif]-->
	</head>
	<body>

		<!-- Wrapper -->
			<div id="wrapper">

				<!-- Main -->
					<div id="main">
						<div class="inner">
							<!-- Header -->
								<header id="header">
									<a href="index.html" class="logo"><strong>Static Code Analysis Report</strong> by Code Analyzer Tool</a>
								</header>

							<!-- Content -->
								<section>
									<!-- Content -->
										<header class="major"><h2>Infolet Details</h2></header>
										<div class="table-wrapper">
											<table>
												<tbody>
													<tr>
														<td><b>Name</b></td>
														<td>MS_RSK_LND_GET_TREND (102371)</td>
													</tr>
													<tr>
														<td><b>SQL</b></td>
														<td><pre><code>   SELECT   stored_value, 
         displayed_value, 
         lov_name, 
         locale_id, 
         enterprise_id, 
         lov_id, 
         lov_value_id, 
         org_entity_id,
         org_entity_name, 
         start_date, 
         end_date
    FROM ms_qs_lov_org_values_v where (trim(LOV_NAME) = 'MS_RSK_JUDGEMENT_LOV_ASSMNT')
    and nvl (end_date, sysdate) >= sysdate
AND LOCALE_ID IN(SELECT LOCALE_ID FROM MS_RSK_LOCALE_V WHERE USER_NAME=:1)
ORDER BY Stored_value,displayed_value</code></pre></td>
													</tr>
													<tr>
														<td><b>Description</b></td>
														<td>The infolet is used to populate the Trend filter in the report Organizations at Risk (by individual Assessment)</td>
													</tr>
												</tbody>
											</table>
										</div>

										<h2 align="center" id="content">Analysis Report</h2>
										<hr>

<header class="major"><h2>Plan hash value: 2159797186</h2></header><pre><code>
 
-------------------------------------------------------------------------------------------------------------------
| Id  | Operation                            | Name                       | Rows  | Bytes | Cost (%CPU)| Time     |
-------------------------------------------------------------------------------------------------------------------
|   0 | SELECT STATEMENT                     |                            |     1 |  4411 |    45   (3)| 00:00:01 |
|   1 |  SORT ORDER BY                       |                            |     1 |  4411 |    45   (3)| 00:00:01 |
|*  2 |   HASH JOIN                          |                            |     1 |  4411 |    44   (0)| 00:00:01 |
|*  3 |    HASH JOIN OUTER                   |                            |     1 |  4398 |    37   (0)| 00:00:01 |
|   4 |     NESTED LOOPS                     |                            |     1 |  4391 |    34   (0)| 00:00:01 |
|*  5 |      HASH JOIN OUTER                 |                            |     1 |  4363 |    33   (0)| 00:00:01 |
|*  6 |       HASH JOIN                      |                            |     1 |  2335 |    31   (0)| 00:00:01 |
<font style="background-color: lightblue; color: red">|*  7 |        TABLE ACCESS FULL             | SI_LOCALES                 |     1 |    13 |     3   (0)| 00:00:01 |</font>
|*  8 |        HASH JOIN                     |                            |    23 | 53406 |    28   (0)| 00:00:01 |
|*  9 |         HASH JOIN OUTER              |                            |     5 |   400 |     8   (0)| 00:00:01 |
|  10 |          NESTED LOOPS                |                            |     5 |   270 |     6   (0)| 00:00:01 |
|  11 |           TABLE ACCESS BY INDEX ROWID| SI_USERS_T                 |     1 |    19 |     1   (0)| 00:00:01 |
|* 12 |            INDEX RANGE SCAN          | SI_USERS_T_N3              |     1 |       |     1   (0)| 00:00:01 |
<font style="background-color: lightblue; color: red">|* 13 |           TABLE ACCESS FULL          | MS_QS_LOV_NAMES            |     5 |   175 |     5   (0)| 00:00:01 |</font>
<font style="background-color: lightblue; color: red">|* 14 |          TABLE ACCESS FULL           | MS_QS_LOV_NAMES_TL         |     1 |    26 |     2   (0)| 00:00:01 |</font>
|  15 |         VIEW                         |                            |  2320 |  5079K|    20   (0)| 00:00:01 |
<font style="background-color: lightblue; color: red">|  16 |          MERGE JOIN CARTESIAN        |                            |  2320 |   104K|    20   (0)| 00:00:01 |</font>
<font style="background-color: lightblue; color: red">|* 17 |           TABLE ACCESS FULL          | SI_LOCALES                 |     1 |     6 |     3   (0)| 00:00:01 |</font>
|  18 |           BUFFER SORT                |                            |  2320 | 92800 |    17   (0)| 00:00:01 |
<font style="background-color: lightblue; color: red">|* 19 |            TABLE ACCESS FULL         | MS_QS_LIST_OF_VALUES_T     |  2320 | 92800 |    17   (0)| 00:00:01 |</font>
<font style="background-color: lightblue; color: red">|  20 |       TABLE ACCESS FULL              | MS_QS_LIST_OF_VALUES_TL    |     1 |  2028 |     2   (0)| 00:00:01 |</font>
|  21 |      TABLE ACCESS BY INDEX ROWID     | SI_ORG_ENTITIES_T          |     1 |    28 |     1   (0)| 00:00:01 |
|* 22 |       INDEX RANGE SCAN               | SI_ORG_ENTITIES_N1         |     1 |       |     1   (0)| 00:00:01 |
<font style="background-color: lightblue; color: red">|* 23 |     TABLE ACCESS FULL                | SI_ORG_ENTITIES_TL         |     2 |    14 |     3   (0)| 00:00:01 |</font>
|  24 |    VIEW                              | SI_REGISTER_APPLICATION_V  |    40 |   520 |     7   (0)| 00:00:01 |
|  25 |     UNION-ALL                        |                            |       |       |            |          |
|* 26 |      HASH JOIN OUTER                 |                            |    39 |  1287 |     5   (0)| 00:00:01 |
<font style="background-color: lightblue; color: red">|  27 |       TABLE ACCESS FULL              | SI_REGISTER_APPLICATION    |    39 |   273 |     3   (0)| 00:00:01 |</font>
<font style="background-color: lightblue; color: red">|* 28 |       TABLE ACCESS FULL              | SI_REGISTER_APPLICATION_TL |     1 |    26 |     2   (0)| 00:00:01 |</font>
|  29 |      FAST DUAL                       |                            |     1 |       |     2   (0)| 00:00:01 |
-------------------------------------------------------------------------------------------------------------------
 
</code></pre><header class="major"><h2>Query Block Name / Object Alias (identified by operation id):</h2></header><pre><code>
 
   1 - SEL$70C02CA5
   7 - SEL$70C02CA5 / SI_LOCALES@SEL$19
  11 - SEL$70C02CA5 / B@SEL$18
  12 - SEL$70C02CA5 / B@SEL$18
  13 - SEL$70C02CA5 / T@SEL$7
  14 - SEL$70C02CA5 / TL@SEL$7
  15 - SEL$7286615E / X@SEL$3
  16 - SEL$7286615E
  17 - SEL$7286615E / SI_LOCALES@SEL$5
  19 - SEL$7286615E / T@SEL$4
  20 - SEL$70C02CA5 / TL@SEL$3
  21 - SEL$70C02CA5 / T@SEL$16
  22 - SEL$70C02CA5 / T@SEL$16
  23 - SEL$70C02CA5 / TL@SEL$16
  24 - SET$1        / SRA@SEL$6
  25 - SET$1       
  26 - SEL$8       
  27 - SEL$8        / T@SEL$8
  28 - SEL$8        / TL@SEL$8
  29 - SEL$11       / DUAL@SEL$11
 
</code></pre><header class="major"><h2>Predicate Information (identified by operation id):</h2></header><pre><code>
 
   2 - access(NVL("PACKAGE_ID",0)=NVL("SRA"."PACKAGE_ID",0))
   3 - access("T"."ORG_ENTITY_ID"="TL"."ORG_ENTITY_ID"(+))
   5 - access("X"."LOV_VALUE_ID"="TL"."LOV_VALUE_ID"(+) AND "X"."LOCALE_ID"="TL"."LOCALE_ID"(+))
   6 - access("X"."LOCALE_ID"="LOCALE_ID" AND "LOCALE_STRING"="B"."LOCALE")
   7 - filter("ENABLED_FLAG"='Y')
   8 - access("X"."LOV_ID"="T"."LOV_ID")
   9 - access("T"."LOV_ID"="TL"."LOV_ID"(+))
  12 - access("B"."USER_NAME"=:1)
  13 - filter(TRIM("T"."LOV_NAME")='MS_RSK_JUDGEMENT_LOV_ASSMNT')
  14 - filter("TL"."LOCALE_ID"(+)=TO_NUMBER("SI_DB_LOCALE_SV"."GETVALUE"()))
  17 - filter("ENABLED_FLAG"='Y')
  19 - filter(NVL("T"."END_DATE",SYSDATE@!)>=SYSDATE@!)
  22 - access("T"."ENTERPRISE_ID"="X"."ENTERPRISE_ID" AND "T"."ORG_ENTITY_ID"="X"."ORG_ENTITY_ID")
  23 - filter("TL"."LOCALE_ID"(+)=TO_NUMBER("SI_DB_LOCALE_SV"."GETVALUE"()))
  26 - access("TL"."MODULE_ID"(+)="T"."MODULE_ID")
  28 - filter("TL"."LOCALE_ID"(+)=TO_NUMBER("SI_DB_LOCALE_SV"."GETVALUE"()))
 
</code></pre><header class="major"><h2>Column Projection Information (identified by operation id):</h2></header><pre><code>
 
   1 - (#keys=2) "X"."STORED_VALUE"[VARCHAR2,400], NVL("TL"."DISPLAYED_VALUE","X"."DISPLAYED_VALUE")[4000],
        "X"."END_DATE"[DATE,7], "X"."START_DATE"[DATE,7], "T"."LOV_NAME"[VARCHAR2,400], 
       "X"."LOCALE_ID"[NUMBER,22], "X"."ENTERPRISE_ID"[NUMBER,22], "X"."LOV_ID"[NUMBER,22], 
       "X"."LOV_VALUE_ID"[NUMBER,22], "T"."ORG_ENTITY_ID"[NUMBER,22], "T"."ORG_ENTITY_NAME"[VARCHAR2,400]
   2 - (#keys=1) "T"."ORG_ENTITY_ID"[NUMBER,22], "X"."LOV_VALUE_ID"[NUMBER,22], 
       "X"."LOCALE_ID"[NUMBER,22], "X"."DISPLAYED_VALUE"[VARCHAR2,4000], "X"."LOV_ID"[NUMBER,22], 
       "X"."START_DATE"[DATE,7], "T"."LOV_NAME"[VARCHAR2,400], "X"."END_DATE"[DATE,7], 
       "X"."ENTERPRISE_ID"[NUMBER,22], "X"."STORED_VALUE"[VARCHAR2,400], "TL"."DISPLAYED_VALUE"[VARCHAR2,4000], 
       "T"."ORG_ENTITY_NAME"[VARCHAR2,400]
   3 - (#keys=1) "T"."ORG_ENTITY_ID"[NUMBER,22], "X"."LOV_VALUE_ID"[NUMBER,22], 
       "X"."LOCALE_ID"[NUMBER,22], "X"."DISPLAYED_VALUE"[VARCHAR2,4000], "X"."LOV_ID"[NUMBER,22], 
       "X"."START_DATE"[DATE,7], "T"."LOV_NAME"[VARCHAR2,400], "PACKAGE_ID"[NUMBER,22], "X"."END_DATE"[DATE,7], 
       "X"."ENTERPRISE_ID"[NUMBER,22], "X"."STORED_VALUE"[VARCHAR2,400], "TL"."DISPLAYED_VALUE"[VARCHAR2,4000], 
       "T"."ORG_ENTITY_NAME"[VARCHAR2,400]
   4 - (#keys=0) "X"."LOV_VALUE_ID"[NUMBER,22], "X"."LOCALE_ID"[NUMBER,22], 
       "X"."DISPLAYED_VALUE"[VARCHAR2,4000], "X"."LOV_ID"[NUMBER,22], "X"."START_DATE"[DATE,7], 
       "T"."LOV_NAME"[VARCHAR2,400], "PACKAGE_ID"[NUMBER,22], "X"."END_DATE"[DATE,7], 
       "X"."ENTERPRISE_ID"[NUMBER,22], "X"."STORED_VALUE"[VARCHAR2,400], "TL"."DISPLAYED_VALUE"[VARCHAR2,4000], 
       "T"."ORG_ENTITY_ID"[NUMBER,22], "T"."ORG_ENTITY_NAME"[VARCHAR2,400]
   5 - (#keys=2) "X"."LOV_VALUE_ID"[NUMBER,22], "X"."LOCALE_ID"[NUMBER,22], 
       "X"."DISPLAYED_VALUE"[VARCHAR2,4000], "X"."LOV_ID"[NUMBER,22], "X"."START_DATE"[DATE,7], 
       "T"."LOV_NAME"[VARCHAR2,400], "PACKAGE_ID"[NUMBER,22], "X"."END_DATE"[DATE,7], 
       "X"."ENTERPRISE_ID"[NUMBER,22], "X"."ORG_ENTITY_ID"[NUMBER,22], "X"."STORED_VALUE"[VARCHAR2,400], 
       "TL"."DISPLAYED_VALUE"[VARCHAR2,4000]
   6 - (#keys=2) "X"."LOCALE_ID"[NUMBER,22], "X"."LOV_ID"[NUMBER,22], "X"."START_DATE"[DATE,7], 
       "T"."LOV_NAME"[VARCHAR2,400], "PACKAGE_ID"[NUMBER,22], "X"."LOV_VALUE_ID"[NUMBER,22], 
       "X"."ENTERPRISE_ID"[NUMBER,22], "X"."ORG_ENTITY_ID"[NUMBER,22], "X"."STORED_VALUE"[VARCHAR2,400], 
       "X"."DISPLAYED_VALUE"[VARCHAR2,4000], "X"."END_DATE"[DATE,7]
   7 - "LOCALE_ID"[NUMBER,22], "LOCALE_STRING"[VARCHAR2,400]
   8 - (#keys=1) "X"."LOV_ID"[NUMBER,22], "B"."LOCALE"[VARCHAR2,100], "T"."LOV_NAME"[VARCHAR2,400], 
       "PACKAGE_ID"[NUMBER,22], "X"."LOV_VALUE_ID"[NUMBER,22], "X"."ENTERPRISE_ID"[NUMBER,22], 
       "X"."ORG_ENTITY_ID"[NUMBER,22], "X"."STORED_VALUE"[VARCHAR2,400], "X"."DISPLAYED_VALUE"[VARCHAR2,4000], 
       "X"."LOCALE_ID"[NUMBER,22], "X"."START_DATE"[DATE,7], "X"."END_DATE"[DATE,7]
   9 - (#keys=1) "T"."LOV_ID"[NUMBER,22], "B"."LOCALE"[VARCHAR2,100], "T"."LOV_NAME"[VARCHAR2,400], 
       "PACKAGE_ID"[NUMBER,22]
  10 - (#keys=0) "B"."LOCALE"[VARCHAR2,100], "T"."LOV_NAME"[VARCHAR2,400], "T"."LOV_ID"[NUMBER,22], 
       "PACKAGE_ID"[NUMBER,22]
  11 - "B"."LOCALE"[VARCHAR2,100]
  12 - "B".ROWID[ROWID,10]
  13 - "T"."LOV_NAME"[VARCHAR2,400], "T"."LOV_ID"[NUMBER,22], "PACKAGE_ID"[NUMBER,22]
  14 - "TL"."LOV_ID"[NUMBER,22]
  15 - "X"."LOV_VALUE_ID"[NUMBER,22], "X"."LOV_ID"[NUMBER,22], "X"."ORG_ENTITY_ID"[NUMBER,22], 
       "X"."STORED_VALUE"[VARCHAR2,400], "X"."DISPLAYED_VALUE"[VARCHAR2,4000], "X"."LOCALE_ID"[NUMBER,22], 
       "X"."START_DATE"[DATE,7], "X"."END_DATE"[DATE,7], "X"."ENTERPRISE_ID"[NUMBER,22]
  16 - (#keys=0) "LOCALE_ID"[NUMBER,22], "T"."LOV_VALUE_ID"[NUMBER,22], "T"."LOV_ID"[NUMBER,22], 
       "T"."ORG_ENTITY_ID"[NUMBER,22], "T"."STORED_VALUE"[VARCHAR2,400], "T"."DISPLAYED_VALUE"[VARCHAR2,4000], 
       "T"."START_DATE"[DATE,7], "T"."END_DATE"[DATE,7], "T"."ENTERPRISE_ID"[NUMBER,22]
  17 - "LOCALE_ID"[NUMBER,22]
  18 - (#keys=0) "T"."LOV_VALUE_ID"[NUMBER,22], "T"."LOV_ID"[NUMBER,22], "T"."ORG_ENTITY_ID"[NUMBER,22], 
       "T"."STORED_VALUE"[VARCHAR2,400], "T"."DISPLAYED_VALUE"[VARCHAR2,4000], "T"."START_DATE"[DATE,7], 
       "T"."END_DATE"[DATE,7], "T"."ENTERPRISE_ID"[NUMBER,22]
  19 - "T"."LOV_VALUE_ID"[NUMBER,22], "T"."LOV_ID"[NUMBER,22], "T"."ORG_ENTITY_ID"[NUMBER,22], 
       "T"."STORED_VALUE"[VARCHAR2,400], "T"."DISPLAYED_VALUE"[VARCHAR2,4000], "T"."START_DATE"[DATE,7], 
       "T"."END_DATE"[DATE,7], "T"."ENTERPRISE_ID"[NUMBER,22]
  20 - "TL"."LOV_VALUE_ID"[NUMBER,22], "TL"."DISPLAYED_VALUE"[VARCHAR2,4000], "TL"."LOCALE_ID"[NUMBER,22]
  21 - "T"."ORG_ENTITY_ID"[NUMBER,22], "T"."ORG_ENTITY_NAME"[VARCHAR2,400]
  22 - "T".ROWID[ROWID,10], "T"."ORG_ENTITY_ID"[NUMBER,22]
  23 - "TL"."ORG_ENTITY_ID"[NUMBER,22]
  24 - "SRA"."PACKAGE_ID"[NUMBER,22]
  25 - STRDEF[22]
  26 - (#keys=1) "T"."MODULE_ID"[NUMBER,22]
  27 - "T"."MODULE_ID"[NUMBER,22]
  28 - "TL"."MODULE_ID"[NUMBER,22]
										</code></pre>
								</section>
						</div>
					</div>

				<!-- Sidebar -->
				<div id="sidebar">
					<div class="inner">
						<!-- Menu -->
						<nav id="menu">
							<header class="major">
								<h2>Menu</h2>
							</header>
							<ul>
								<li><a href="../index.html">Module List</a></li>
								<li><a href="index.html">Summary</a></li>
								<li>
									<span class="opener">DB Analysis</span>
									<ul>
										<li><a href="bad-sql.html">Bad SQL</a></li>
										<li><a href="poor-sql.html">Poor SQL Plan</a></li>
										<li><a href="invalid-sql.html">Invalid SQL</a></li>
										<li><a href="full-sql.html">Full SQL Report</a></li>
										<li><a href="table-nil-key.html">Primary/Unique Key Miss</a></li>
										<li><a href="invalid-db-object.html">Invalid DB Objects</a></li>
									</ul>
								</li>
								<li>
									<span class="opener">Infolets</span>
									<ul>
										<li><a href="keep-history-infolets.html">Keep History Infolets</a></li>
									</ul>
								</li>
								<li>
									<span class="opener">Pushforms</span>
									<ul>
										<li><a href="pushform-denormalize.html">Pushform Denormalized</a></li>
									</ul>
								</li>
							</ul>
						</nav>

						<!-- Section -->
						<section>
							<header class="major">
								<h2>Get in touch</h2>
							</header>
							<p>You need more details on the report or want more functionality, don't hesitate to reach out to us.</p>
							<ul class="contact">
								<li class="fa-envelope-o"><a href="mailto:rnd@metricstream.com?Subject=Reg - Static Code Analysis Tool" target="_top">rnd@metricstream.com</a></li>
							</ul>
						</section>

						<!-- Footer -->
						<footer id="footer">
							<p class="copyright">&copy; <a href="http://www.metricstream.com" target="_blank">MetricStream</a>. All rights reserved. </p>
						</footer>
					</div>
				</div>
			</div>

		<!-- Scripts -->
			<script src="../../lib/assets/js/jquery.min.js"></script>
			<script src="../../lib/assets/js/skel.min.js"></script>
			<script src="../../lib/assets/js/util.js"></script>
			<!--[if lte IE 8]><script src="../../lib/assets/js/ie/respond.min.js"></script><![endif]-->
			<script src="../../lib/assets/js/main.js"></script>
	</body>
</html>