<!DOCTYPE HTML>
<html>
	<head>
		<title>Code Analysis - MetricStream</title>
		<meta charset="utf-8" />
		<meta name="viewport" content="width=device-width, initial-scale=1, user-scalable=no" />
		<!--[if lte IE 8]><script src="../../lib/assets/js/ie/html5shiv.js"></script><![endif]-->
		<link rel="stylesheet" href="../../lib/assets/css/main.css" />
		<!--[if lte IE 9]><link rel="stylesheet" href="../../lib/assets/css/ie9.css" /><![endif]-->
		<!--[if lte IE 8]><link rel="stylesheet" href="../../lib/assets/css/ie8.css" /><![endif]-->
	</head>
	<body>

		<!-- Wrapper -->
			<div id="wrapper">

				<!-- Main -->
					<div id="main">
						<div class="inner">
							<!-- Header -->
								<header id="header">
									<a href="index.html" class="logo"><strong>Static Code Analysis Report</strong> by Code Analyzer Tool</a>
								</header>

							<!-- Content -->
								<section>
									<!-- Content -->
										<header class="major"><h2>Infolet Details</h2></header>
										<div class="table-wrapper">
											<table>
												<tbody>
													<tr>
														<td><b>Name</b></td>
														<td>MS_RSK_SHOW_ORG_NAME (102587)</td>
													</tr>
													<tr>
														<td><b>SQL</b></td>
														<td><pre><code>SELECT
    c1.org_entity_id AS organization_id,
    c1.org_entity_name as organization_name,
    'Level ' ||D.ORG_LEVEL as Level_Name,
    d.org_level as level_id
 FROM
   si_org_entities_t c1,
    SI_ORG_ENTITY_HIERARCHY_V d
WHERE
c1.org_entity_id = d.org_entity_id</code></pre></td>
													</tr>
													<tr>
														<td><b>Description</b></td>
														<td>Infolet to show organization, name and level</td>
													</tr>
												</tbody>
											</table>
										</div>

										<h2 align="center" id="content">Analysis Report</h2>
										<hr>

<header class="major"><h2>Plan hash value: 779072803</h2></header><pre><code>
 
--------------------------------------------------------------------------------------------------
| Id  | Operation            | Name                      | Rows  | Bytes | Cost (%CPU)| Time     |
--------------------------------------------------------------------------------------------------
|   0 | SELECT STATEMENT     |                           |    74 |  4144 |    12   (0)| 00:00:01 |
|*  1 |  HASH JOIN           |                           |    74 |  4144 |    12   (0)| 00:00:01 |
|*  2 |   HASH JOIN OUTER    |                           |    74 |  2294 |     9   (0)| 00:00:01 |
|*  3 |    HASH JOIN         |                           |    74 |  1776 |     6   (0)| 00:00:01 |
<font style="background-color: lightblue; color: red">|   4 |     TABLE ACCESS FULL| SI_ORG_HIERARCHY_LEVELS_T |     9 |    99 |     3   (0)| 00:00:01 |</font>
<font style="background-color: lightblue; color: red">|   5 |     TABLE ACCESS FULL| SI_ORG_ENTITIES_T         |    74 |   962 |     3   (0)| 00:00:01 |</font>
<font style="background-color: lightblue; color: red">|*  6 |    TABLE ACCESS FULL | SI_ORG_ENTITIES_TL        |     2 |    14 |     3   (0)| 00:00:01 |</font>
<font style="background-color: lightblue; color: red">|   7 |   TABLE ACCESS FULL  | SI_ORG_ENTITIES_T         |    74 |  1850 |     3   (0)| 00:00:01 |</font>
--------------------------------------------------------------------------------------------------
 
</code></pre><header class="major"><h2>Query Block Name / Object Alias (identified by operation id):</h2></header><pre><code>
 
   1 - SEL$352367AA
   4 - SEL$352367AA / SI_ORG_HIERARCHY_LEVELS_T@SEL$4
   5 - SEL$352367AA / T@SEL$3
   6 - SEL$352367AA / TL@SEL$3
   7 - SEL$352367AA / C1@SEL$1
 
</code></pre><header class="major"><h2>Predicate Information (identified by operation id):</h2></header><pre><code>
 
   1 - access("C1"."ORG_ENTITY_ID"="T"."ORG_ENTITY_ID")
   2 - access("T"."ORG_ENTITY_ID"="TL"."ORG_ENTITY_ID"(+))
   3 - access("T"."ENTERPRISE_ID"="ENTERPRISE_ID" AND 
              "ORG_HIERARCHY_ID"="ORG_HIERARCHY_ID")
   6 - filter("TL"."LOCALE_ID"(+)=TO_NUMBER("SI_DB_LOCALE_SV"."GETVALUE"()))
 
</code></pre><header class="major"><h2>Column Projection Information (identified by operation id):</h2></header><pre><code>
 
   1 - (#keys=1) "C1"."ORG_ENTITY_ID"[NUMBER,22], "ORG_LEVEL"[NUMBER,22], 
       "C1"."ORG_ENTITY_NAME"[VARCHAR2,400]
   2 - (#keys=1) "T"."ORG_ENTITY_ID"[NUMBER,22], "ORG_LEVEL"[NUMBER,22]
   3 - (#keys=2) "ORG_LEVEL"[NUMBER,22], "T"."ORG_ENTITY_ID"[NUMBER,22]
   4 - "ENTERPRISE_ID"[NUMBER,22], "ORG_HIERARCHY_ID"[NUMBER,22], "ORG_LEVEL"[NUMBER,22]
   5 - "T"."ENTERPRISE_ID"[NUMBER,22], "T"."ORG_ENTITY_ID"[NUMBER,22], 
       "ORG_HIERARCHY_ID"[NUMBER,22]
   6 - "TL"."ORG_ENTITY_ID"[NUMBER,22]
   7 - "C1"."ORG_ENTITY_ID"[NUMBER,22], "C1"."ORG_ENTITY_NAME"[VARCHAR2,400]
										</code></pre>
								</section>
						</div>
					</div>

				<!-- Sidebar -->
				<div id="sidebar">
					<div class="inner">
						<!-- Menu -->
						<nav id="menu">
							<header class="major">
								<h2>Menu</h2>
							</header>
							<ul>
								<li><a href="../index.html">Module List</a></li>
								<li><a href="index.html">Summary</a></li>
								<li>
									<span class="opener">DB Analysis</span>
									<ul>
										<li><a href="bad-sql.html">Bad SQL</a></li>
										<li><a href="poor-sql.html">Poor SQL Plan</a></li>
										<li><a href="invalid-sql.html">Invalid SQL</a></li>
										<li><a href="full-sql.html">Full SQL Report</a></li>
										<li><a href="table-nil-key.html">Primary/Unique Key Miss</a></li>
										<li><a href="invalid-db-object.html">Invalid DB Objects</a></li>
									</ul>
								</li>
								<li>
									<span class="opener">Infolets</span>
									<ul>
										<li><a href="keep-history-infolets.html">Keep History Infolets</a></li>
									</ul>
								</li>
								<li>
									<span class="opener">Pushforms</span>
									<ul>
										<li><a href="pushform-denormalize.html">Pushform Denormalized</a></li>
									</ul>
								</li>
							</ul>
						</nav>

						<!-- Section -->
						<section>
							<header class="major">
								<h2>Get in touch</h2>
							</header>
							<p>You need more details on the report or want more functionality, don't hesitate to reach out to us.</p>
							<ul class="contact">
								<li class="fa-envelope-o"><a href="mailto:rnd@metricstream.com?Subject=Reg - Static Code Analysis Tool" target="_top">rnd@metricstream.com</a></li>
							</ul>
						</section>

						<!-- Footer -->
						<footer id="footer">
							<p class="copyright">&copy; <a href="http://www.metricstream.com" target="_blank">MetricStream</a>. All rights reserved. </p>
						</footer>
					</div>
				</div>
			</div>

		<!-- Scripts -->
			<script src="../../lib/assets/js/jquery.min.js"></script>
			<script src="../../lib/assets/js/skel.min.js"></script>
			<script src="../../lib/assets/js/util.js"></script>
			<!--[if lte IE 8]><script src="../../lib/assets/js/ie/respond.min.js"></script><![endif]-->
			<script src="../../lib/assets/js/main.js"></script>
	</body>
</html>