<!DOCTYPE HTML>
<html>
	<head>
		<title>Code Analysis - MetricStream</title>
		<meta charset="utf-8" />
		<meta name="viewport" content="width=device-width, initial-scale=1, user-scalable=no" />
		<!--[if lte IE 8]><script src="../../lib/assets/js/ie/html5shiv.js"></script><![endif]-->
		<link rel="stylesheet" href="../../lib/assets/css/main.css" />
		<!--[if lte IE 9]><link rel="stylesheet" href="../../lib/assets/css/ie9.css" /><![endif]-->
		<!--[if lte IE 8]><link rel="stylesheet" href="../../lib/assets/css/ie8.css" /><![endif]-->
	</head>
	<body>

		<!-- Wrapper -->
			<div id="wrapper">

				<!-- Main -->
					<div id="main">
						<div class="inner">
							<!-- Header -->
								<header id="header">
									<a href="index.html" class="logo"><strong>Static Code Analysis Report</strong> by Code Analyzer Tool</a>
								</header>

							<!-- Content -->
								<section>
									<!-- Content -->
										<header class="major"><h2>Infolet Details</h2></header>
										<div class="table-wrapper">
											<table>
												<tbody>
													<tr>
														<td><b>Name</b></td>
														<td>MS_RSK_RES_TREND_ORG (102466)</td>
													</tr>
													<tr>
														<td><b>SQL</b></td>
														<td><pre><code>select distinct org_entity_id as org_entity_id ,
 ORG_ENTITY_NAME as ORG_ENTITY_NAME from ms_qms_flow_down_org_v
where  (activity_name  = 'RSK - View Risk Assessment' and User_name= :1)
or (SELECT COUNT(1)  
          FROM
               SI_ORG_ROLES G,
               SI_USER_ORG_ROLES E ,
               SI_ROLE_ACTIVITIES A,
               SI_ACTIVITIES_T C,
               si_users_t u
           WHERE
                G.ORG_ROLE_ID = E.ORG_ROLE_ID
            AND  A.ROLE_ID = G.ROLE_ID
           AND  A.ACTIVITY_ID = C.ACTIVITY_ID
             AND  u.USER_ID =  e.User_Id
             AND u.User_name= :1
               AND  ACTIVITY_NAME='RSK - View All Risk Assessments')   !=0</code></pre></td>
													</tr>
													<tr>
														<td><b>Description</b></td>
														<td>To show different organizations in the application used in Residual Trend by Organization dashboard</td>
													</tr>
												</tbody>
											</table>
										</div>

										<h2 align="center" id="content">Analysis Report</h2>
										<hr>

<header class="major"><h2>Plan hash value: 3292843789</h2></header><pre><code>
 
--------------------------------------------------------------------------------------------------------------------------------
| Id  | Operation                                         | Name                       | Rows  | Bytes | Cost (%CPU)| Time     |
--------------------------------------------------------------------------------------------------------------------------------
|   0 | SELECT STATEMENT                                  |                            |    18 | 38520 |    44   (5)| 00:00:01 |
|   1 |  SORT UNIQUE                                      |                            |    18 | 38520 |    44   (5)| 00:00:01 |
|*  2 |   HASH JOIN                                       |                            |    22 | 47080 |    43   (3)| 00:00:01 |
|*  3 |    HASH JOIN                                      |                            |     2 |  4254 |    36   (3)| 00:00:01 |
<font style="background-color: lightblue; color: red">|   4 |     TABLE ACCESS FULL                             | SI_ACTIVITIES_T            |   362 | 11584 |     5   (0)| 00:00:01 |</font>
|   5 |     NESTED LOOPS                                  |                            |    33 | 69135 |    31   (4)| 00:00:01 |
|   6 |      NESTED LOOPS                                 |                            |     2 |  4170 |    30   (4)| 00:00:01 |
|*  7 |       HASH JOIN                                   |                            |     2 |  4160 |    29   (4)| 00:00:01 |
|*  8 |        HASH JOIN                                  |                            |     7 |   350 |    16   (0)| 00:00:01 |
|   9 |         NESTED LOOPS                              |                            |     7 |   245 |    15   (0)| 00:00:01 |
|  10 |          NESTED LOOPS                             |                            |     2 |    50 |    14   (0)| 00:00:01 |
|  11 |           VIEW                                    |                            |     1 |       |    11   (0)| 00:00:01 |
|  12 |            SORT AGGREGATE                         |                            |     1 |    82 |            |          |
|* 13 |             HASH JOIN                             |                            |     1 |    82 |    11   (0)| 00:00:01 |
|* 14 |              HASH JOIN                            |                            |     1 |    65 |     8   (0)| 00:00:01 |
<font style="background-color: lightblue; color: red">|* 15 |               TABLE ACCESS FULL                   | MS_QS_PARAMETER_TYPES      |     1 |    32 |     3   (0)| 00:00:01 |</font>
<font style="background-color: lightblue; color: red">|* 16 |               TABLE ACCESS FULL                   | MS_QS_PARAMETER_NAMES      |     3 |    99 |     5   (0)| 00:00:01 |</font>
<font style="background-color: lightblue; color: red">|* 17 |              TABLE ACCESS FULL                    | MS_QS_PARAMETER_VALUES     |   257 |  4369 |     3   (0)| 00:00:01 |</font>
<font style="background-color: lightblue; color: red">|* 18 |           TABLE ACCESS FULL                       | SI_USERS_T                 |     2 |    50 |     3   (0)| 00:00:01 |</font>
|* 19 |          INDEX FULL SCAN                          | SI_USER_ORG_ROLES_N2       |     3 |    30 |     1   (0)| 00:00:01 |
|  20 |         INDEX FULL SCAN                           | SI_ORG_ROLES_N3            |    63 |   945 |     1   (0)| 00:00:01 |
<font style="background-color: lightblue; color: red">|  21 |        VIEW                                       | SI_FLOW_DOWN_ORG_V         |   465 |   921K|    14  (15)| 00:00:01 |</font>
<font style="background-color: lightblue; color: red">|  22 |         TEMP TABLE TRANSFORMATION                 |                            |       |       |            |          |</font>
|  23 |          LOAD AS SELECT                           | SYS_TEMP_0FD9D6625_27E11A9 |       |       |            |          |
|* 24 |           FILTER                                  |                            |       |       |            |          |
|* 25 |            CONNECT BY NO FILTERING WITH START-WITH|                            |       |       |            |          |
|* 26 |             HASH JOIN OUTER                       |                            |    74 |  3034 |     6   (0)| 00:00:01 |
<font style="background-color: lightblue; color: red">|  27 |              TABLE ACCESS FULL                    | SI_ORG_ENTITIES_T          |    74 |  2516 |     3   (0)| 00:00:01 |</font>
<font style="background-color: lightblue; color: red">|* 28 |              TABLE ACCESS FULL                    | SI_ORG_ENTITIES_TL         |     2 |    14 |     3   (0)| 00:00:01 |</font>
|* 29 |          HASH JOIN                                |                            |   465 |   939K|     7  (15)| 00:00:01 |
|  30 |           VIEW                                    | VW_SQ_1                    |    74 |  1924 |     4  (25)| 00:00:01 |
|  31 |            SORT GROUP BY                          |                            |    74 |  1332 |     4  (25)| 00:00:01 |
|  32 |             VIEW                                  |                            |   465 |  8370 |     3   (0)| 00:00:01 |
<font style="background-color: lightblue; color: red">|  33 |              TABLE ACCESS FULL                    | SYS_TEMP_0FD9D6625_27E11A9 |   465 | 23250 |     3   (0)| 00:00:01 |</font>
|  34 |           VIEW                                    |                            |   465 |   927K|     3   (0)| 00:00:01 |
<font style="background-color: lightblue; color: red">|  35 |            TABLE ACCESS FULL                      | SYS_TEMP_0FD9D6625_27E11A9 |   465 | 23250 |     3   (0)| 00:00:01 |</font>
|* 36 |       INDEX RANGE SCAN                            | SI_ROLES_N2                |     1 |     5 |     1   (0)| 00:00:01 |
|* 37 |      INDEX RANGE SCAN                             | SI_ROLE_ACTIVITIES_N2      |    19 |   190 |     1   (0)| 00:00:01 |
|  38 |     SORT AGGREGATE                                |                            |     1 |    80 |            |          |
|  39 |      NESTED LOOPS                                 |                            |     1 |    80 |     5   (0)| 00:00:01 |
|  40 |       NESTED LOOPS                                |                            |     3 |   210 |     4   (0)| 00:00:01 |
<font style="background-color: lightblue; color: red">|  41 |        MERGE JOIN CARTESIAN                       |                            |    61 |  3660 |     3   (0)| 00:00:01 |</font>
|  42 |         NESTED LOOPS                              |                            |     1 |    50 |     2   (0)| 00:00:01 |
|  43 |          NESTED LOOPS                             |                            |     1 |    50 |     2   (0)| 00:00:01 |
|  44 |           TABLE ACCESS BY INDEX ROWID             | SI_USERS_T                 |     1 |    18 |     1   (0)| 00:00:01 |
|* 45 |            INDEX RANGE SCAN                       | SI_USERS_T_N3              |     1 |       |     1   (0)| 00:00:01 |
|* 46 |           INDEX RANGE SCAN                        | SI_ACTIVITIES_N2           |     1 |       |     1   (0)| 00:00:01 |
|  47 |          TABLE ACCESS BY INDEX ROWID              | SI_ACTIVITIES_T            |     1 |    32 |     1   (0)| 00:00:01 |
|  48 |         BUFFER SORT                               |                            |    63 |   630 |     2   (0)| 00:00:01 |
|  49 |          INDEX FULL SCAN                          | SI_ORG_ROLES_N3            |    63 |   630 |     1   (0)| 00:00:01 |
|* 50 |        INDEX RANGE SCAN                           | SI_USER_ORG_ROLES_N2       |     1 |    10 |     1   (0)| 00:00:01 |
|* 51 |       INDEX RANGE SCAN                            | SI_ROLE_ACTIVITIES_N2      |     1 |    10 |     1   (0)| 00:00:01 |
|  52 |    VIEW                                           | SI_REGISTER_APPLICATION_V  |    40 |   520 |     7   (0)| 00:00:01 |
|  53 |     UNION-ALL                                     |                            |       |       |            |          |
|* 54 |      HASH JOIN OUTER                              |                            |    39 |  1287 |     5   (0)| 00:00:01 |
<font style="background-color: lightblue; color: red">|  55 |       TABLE ACCESS FULL                           | SI_REGISTER_APPLICATION    |    39 |   273 |     3   (0)| 00:00:01 |</font>
<font style="background-color: lightblue; color: red">|* 56 |       TABLE ACCESS FULL                           | SI_REGISTER_APPLICATION_TL |     1 |    26 |     2   (0)| 00:00:01 |</font>
|  57 |      FAST DUAL                                    |                            |     1 |       |     2   (0)| 00:00:01 |
--------------------------------------------------------------------------------------------------------------------------------
 
</code></pre><header class="major"><h2>Query Block Name / Object Alias (identified by operation id):</h2></header><pre><code>
 
   1 - SEL$AA3206B1
   4 - SEL$AA3206B1 / C@SEL$2
  11 - SEL$22       / CONST@SEL$3
  12 - SEL$22      
  15 - SEL$22       / PTYPE@SEL$22
  16 - SEL$22       / PNAME@SEL$22
  17 - SEL$22       / PVALUE@SEL$22
  18 - SEL$AA3206B1 / SUT@SEL$13
  19 - SEL$AA3206B1 / E@SEL$3
  20 - SEL$AA3206B1 / G@SEL$3
  21 - SEL$E6A22765 / H@SEL$3
  22 - SEL$E6A22765
  23 - SEL$4       
  26 - SEL$9765FB8D
  27 - SEL$9765FB8D / T@SEL$8
  28 - SEL$9765FB8D / TL@SEL$8
  30 - SEL$32487103 / VW_SQ_1@SEL$ACC926E7
  31 - SEL$32487103
  32 - SEL$D5E7109F / O2@SEL$12
  33 - SEL$D5E7109F / T1@SEL$D5E7109F
  34 - SEL$D5E710A0 / O1@SEL$11
  35 - SEL$D5E710A0 / T1@SEL$D5E710A0
  36 - SEL$AA3206B1 / R@SEL$3
  37 - SEL$AA3206B1 / A@SEL$2
  38 - SEL$23      
  44 - SEL$23       / U@SEL$23
  45 - SEL$23       / U@SEL$23
  46 - SEL$23       / C@SEL$23
  47 - SEL$23       / C@SEL$23
  49 - SEL$23       / G@SEL$23
  50 - SEL$23       / E@SEL$23
  51 - SEL$23       / A@SEL$23
  52 - SET$2        / SRA@SEL$13
  53 - SET$2       
  54 - SEL$14      
  55 - SEL$14       / T@SEL$14
  56 - SEL$14       / TL@SEL$14
  57 - SEL$17       / DUAL@SEL$17
 
</code></pre><header class="major"><h2>Predicate Information (identified by operation id):</h2></header><pre><code>
 
   2 - access(NVL("SUT"."PACKAGE_ID",0)=NVL("SRA"."PACKAGE_ID",0))
   3 - access("A"."ACTIVITY_ID"="C"."ACTIVITY_ID")
       filter("C"."ACTIVITY_NAME"='RSK - View Risk Assessment' AND "USER_NAME"=:1 OR  (SELECT COUNT(*) FROM 
              "SI_USERS_T" "U","SI_ACTIVITIES_T" "C","SI_ROLE_ACTIVITIES" "A","SI_USER_ORG_ROLES" "E","SI_ORG_ROLES" "G" WHERE 
              "U"."USER_ID"="E"."USER_ID" AND "G"."ORG_ROLE_ID"="E"."ORG_ROLE_ID" AND "A"."ACTIVITY_ID"="C"."ACTIVITY_ID" AND 
              "A"."ROLE_ID"="G"."ROLE_ID" AND "ACTIVITY_NAME"='RSK - View All Risk Assessments' AND "U"."USER_NAME"=:1)<>0)
   7 - access("H"."ENTERPRISE_ID"="SUT"."ENTERPRISE_ID")
       filter("H"."PATH" LIKE '%:'||TO_CHAR("G"."ORG_ENTITY_ID")||':%')
   8 - access("G"."ORG_ROLE_ID"="E"."ORG_ROLE_ID")
  13 - access("PNAME"."PARAMETER_ID"="PVALUE"."PARAMETER_ID" AND 
              "PTYPE"."PARAMETER_TYPE_ID"="PVALUE"."PARAMETER_TYPE_ID")
  14 - access("PTYPE"."PARAMETER_TYPE_ID"="PNAME"."PARAMETER_TYPE_ID")
  15 - filter(UPPER("PTYPE"."PARAMETER_TYPE")='MS APPS USER NAME DISPLAY FORMAT')
  16 - filter(UPPER("PNAME"."PARAMETER_NAME")='DISPLAY_FORMAT')
  17 - filter("PVALUE"."ORG_ENTITY_ID"=1)
  18 - filter(NVL("END_DATE",SYSDATE@!)>=SYSDATE@!)
  19 - access("USER_ID"="E"."USER_ID")
       filter("USER_ID"="E"."USER_ID")
  24 - filter(NVL("END_DATE",SYSDATE@!)>=SYSDATE@!)
  25 - access("PARENT_ORG_ENTITY_ID"=PRIOR "T"."ORG_ENTITY_ID")
       filter("T"."ORG_ENTITY_ID" IS NOT NULL)
  26 - access("T"."ORG_ENTITY_ID"="TL"."ORG_ENTITY_ID"(+))
  28 - filter("TL"."LOCALE_ID"(+)=TO_NUMBER("SI_DB_LOCALE_SV"."GETVALUE"()))
  29 - access("LVL"="MAX(LVL)" AND "ITEM_0"="O1"."ORG_ENTITY_ID")
  36 - access("R"."ROLE_ID"="G"."ROLE_ID")
  37 - access("A"."ROLE_ID"="R"."ROLE_ID")
  45 - access("U"."USER_NAME"=:1)
  46 - access("ACTIVITY_NAME"='RSK - View All Risk Assessments')
  50 - access("G"."ORG_ROLE_ID"="E"."ORG_ROLE_ID" AND "U"."USER_ID"="E"."USER_ID")
  51 - access("A"."ROLE_ID"="G"."ROLE_ID" AND "A"."ACTIVITY_ID"="C"."ACTIVITY_ID")
  54 - access("TL"."MODULE_ID"(+)="T"."MODULE_ID")
  56 - filter("TL"."LOCALE_ID"(+)=TO_NUMBER("SI_DB_LOCALE_SV"."GETVALUE"()))
 
</code></pre><header class="major"><h2>Column Projection Information (identified by operation id):</h2></header><pre><code>
 
   1 - (#keys=2) TO_CHAR("H"."ORG_ENTITY_ID")[40], "H"."ORG_ENTITY_NAME"[VARCHAR2,400]
   2 - (#keys=1) "H"."ORG_ENTITY_ID"[NUMBER,22], "H"."ORG_ENTITY_NAME"[VARCHAR2,400]
   3 - (#keys=1) "SUT"."PACKAGE_ID"[NUMBER,22], "H"."ORG_ENTITY_ID"[NUMBER,22], "H"."ORG_ENTITY_NAME"[VARCHAR2,400]
   4 - "C"."ACTIVITY_ID"[NUMBER,22], "C"."ACTIVITY_NAME"[VARCHAR2,400]
   5 - (#keys=0) "USER_NAME"[VARCHAR2,80], "SUT"."PACKAGE_ID"[NUMBER,22], "H"."ORG_ENTITY_ID"[NUMBER,22], 
       "H"."ORG_ENTITY_NAME"[VARCHAR2,400], "A"."ACTIVITY_ID"[NUMBER,22]
   6 - (#keys=0) "USER_NAME"[VARCHAR2,80], "SUT"."PACKAGE_ID"[NUMBER,22], "H"."ORG_ENTITY_ID"[NUMBER,22], 
       "H"."ORG_ENTITY_NAME"[VARCHAR2,400], "R"."ROLE_ID"[NUMBER,22]
   7 - (#keys=1) "USER_NAME"[VARCHAR2,80], "SUT"."PACKAGE_ID"[NUMBER,22], "G"."ROLE_ID"[NUMBER,22], 
       "H"."ORG_ENTITY_ID"[NUMBER,22], "H"."ORG_ENTITY_NAME"[VARCHAR2,400]
   8 - (#keys=1) "SUT"."ENTERPRISE_ID"[NUMBER,22], "USER_NAME"[VARCHAR2,80], "SUT"."PACKAGE_ID"[NUMBER,22], 
       "G"."ROLE_ID"[NUMBER,22], "G"."ORG_ENTITY_ID"[NUMBER,22]
   9 - (#keys=0) "SUT"."ENTERPRISE_ID"[NUMBER,22], "USER_NAME"[VARCHAR2,80], "SUT"."PACKAGE_ID"[NUMBER,22], 
       "E"."ORG_ROLE_ID"[NUMBER,22]
  10 - (#keys=0) "USER_ID"[NUMBER,22], "SUT"."ENTERPRISE_ID"[NUMBER,22], "USER_NAME"[VARCHAR2,80], 
       "SUT"."PACKAGE_ID"[NUMBER,22]
  12 - (#keys=0) MIN("PVALUE"."PARAMETER_VALUE")[400]
  13 - (#keys=2) "PVALUE"."PARAMETER_VALUE"[VARCHAR2,400]
  14 - (#keys=1) "PTYPE"."PARAMETER_TYPE_ID"[NUMBER,22], "PNAME"."PARAMETER_ID"[NUMBER,22]
  15 - "PTYPE"."PARAMETER_TYPE_ID"[NUMBER,22]
  16 - "PNAME"."PARAMETER_ID"[NUMBER,22], "PNAME"."PARAMETER_TYPE_ID"[NUMBER,22]
  17 - "PVALUE"."PARAMETER_TYPE_ID"[NUMBER,22], "PVALUE"."PARAMETER_ID"[NUMBER,22], 
       "PVALUE"."PARAMETER_VALUE"[VARCHAR2,400]
  18 - "USER_ID"[NUMBER,22], "SUT"."ENTERPRISE_ID"[NUMBER,22], "USER_NAME"[VARCHAR2,80], "SUT"."PACKAGE_ID"[NUMBER,22]
  19 - "E"."ORG_ROLE_ID"[NUMBER,22]
  20 - "G"."ORG_ROLE_ID"[NUMBER,22], "G"."ORG_ENTITY_ID"[NUMBER,22], "G"."ROLE_ID"[NUMBER,22]
  21 - "H"."ORG_ENTITY_ID"[NUMBER,22], "H"."ORG_ENTITY_NAME"[VARCHAR2,400], "H"."ENTERPRISE_ID"[NUMBER,22], 
       "H"."PATH"[VARCHAR2,4000]
  22 - "MAX(LVL)"[NUMBER,22], "LVL"[NUMBER,22], "ITEM_0"[NUMBER,22], "O1"."ORG_ENTITY_ID"[NUMBER,22], 
       "PATH"[VARCHAR2,4000], "ORG_ENTITY_NAME"[VARCHAR2,400], "ENTERPRISE_ID"[NUMBER,22]
  23 - SYSDEF[4], SYSDEF[0], SYSDEF[1], SYSDEF[96], SYSDEF[0]
  24 - "PARENT_ORG_ENTITY_ID"[NUMBER,22], "T"."ORG_ENTITY_ID"[NUMBER,22], STRDEF[400], STRDEF[22], STRDEF[7], PRIOR 
       NULL[22], LEVEL[4], SYS_CONNECT_BY_PATH(TO_CHAR("T"."ORG_ENTITY_ID"),':')[4000]
  25 - "PARENT_ORG_ENTITY_ID"[NUMBER,22], "T"."ORG_ENTITY_ID"[NUMBER,22], STRDEF[400], STRDEF[22], STRDEF[7], PRIOR 
       NULL[22], LEVEL[4], SYS_CONNECT_BY_PATH(TO_CHAR("T"."ORG_ENTITY_ID"),':')[4000]
  26 - (#keys=1) "T"."ORG_ENTITY_ID"[NUMBER,22], "TL"."ORG_ENTITY_ID"[NUMBER,22], "T"."ENTERPRISE_ID"[NUMBER,22], 
       "END_DATE"[DATE,7], "T"."ORG_ENTITY_NAME"[VARCHAR2,400], "PARENT_ORG_ENTITY_ID"[NUMBER,22], "TL"."LOCALE_ID"[NUMBER,22]
  27 - "T"."ENTERPRISE_ID"[NUMBER,22], "T"."ORG_ENTITY_ID"[NUMBER,22], "T"."ORG_ENTITY_NAME"[VARCHAR2,400], 
       "PARENT_ORG_ENTITY_ID"[NUMBER,22], "END_DATE"[DATE,7]
  28 - "TL"."ORG_ENTITY_ID"[NUMBER,22], "TL"."LOCALE_ID"[NUMBER,22]
  29 - (#keys=2) "MAX(LVL)"[NUMBER,22], "LVL"[NUMBER,22], "ITEM_0"[NUMBER,22], "O1"."ORG_ENTITY_ID"[NUMBER,22], 
       "PATH"[VARCHAR2,4000], "ORG_ENTITY_NAME"[VARCHAR2,400], "ENTERPRISE_ID"[NUMBER,22]
  30 - "MAX(LVL)"[NUMBER,22], "ITEM_0"[NUMBER,22]
  31 - (#keys=1) "O2"."ORG_ENTITY_ID"[NUMBER,22], MAX("LVL")[22]
  32 - "O2"."ORG_ENTITY_ID"[NUMBER,22], "LVL"[NUMBER,22]
  33 - "C0"[NUMBER,22], "C1"[VARCHAR2,400], "C2"[NUMBER,22], "C3"[NUMBER,22], "C4"[VARCHAR2,4000]
  34 - "ORG_ENTITY_ID"[NUMBER,22], "ORG_ENTITY_NAME"[VARCHAR2,400], "ENTERPRISE_ID"[NUMBER,22], "LVL"[NUMBER,22], 
       "PATH"[VARCHAR2,4000]
  35 - "C0"[NUMBER,22], "C1"[VARCHAR2,400], "C2"[NUMBER,22], "C3"[NUMBER,22], "C4"[VARCHAR2,4000]
  36 - "R"."ROLE_ID"[NUMBER,22]
  37 - "A"."ACTIVITY_ID"[NUMBER,22]
  38 - (#keys=0) COUNT(*)[22]
  39 - (#keys=0) 
  40 - (#keys=0) "C"."ACTIVITY_ID"[NUMBER,22], "G"."ROLE_ID"[NUMBER,22]
  41 - (#keys=0) "U"."USER_ID"[NUMBER,22], "C"."ACTIVITY_ID"[NUMBER,22], "G"."ORG_ROLE_ID"[NUMBER,22], 
       "G"."ROLE_ID"[NUMBER,22]
  42 - (#keys=0) "U"."USER_ID"[NUMBER,22], "C"."ACTIVITY_ID"[NUMBER,22]
  43 - (#keys=0) "U"."USER_ID"[NUMBER,22], "C".ROWID[ROWID,10]
  44 - "U"."USER_ID"[NUMBER,22]
  45 - "U".ROWID[ROWID,10]
  46 - "C".ROWID[ROWID,10]
  47 - "C"."ACTIVITY_ID"[NUMBER,22]
  48 - (#keys=0) "G"."ORG_ROLE_ID"[NUMBER,22], "G"."ROLE_ID"[NUMBER,22]
  49 - "G"."ORG_ROLE_ID"[NUMBER,22], "G"."ROLE_ID"[NUMBER,22]
  52 - "SRA"."PACKAGE_ID"[NUMBER,22]
  53 - STRDEF[22]
  54 - (#keys=1) "T"."MODULE_ID"[NUMBER,22]
  55 - "T"."MODULE_ID"[NUMBER,22]
  56 - "TL"."MODULE_ID"[NUMBER,22]
										</code></pre>
								</section>
						</div>
					</div>

				<!-- Sidebar -->
				<div id="sidebar">
					<div class="inner">
						<!-- Menu -->
						<nav id="menu">
							<header class="major">
								<h2>Menu</h2>
							</header>
							<ul>
								<li><a href="../index.html">Module List</a></li>
								<li><a href="index.html">Summary</a></li>
								<li>
									<span class="opener">DB Analysis</span>
									<ul>
										<li><a href="bad-sql.html">Bad SQL</a></li>
										<li><a href="poor-sql.html">Poor SQL Plan</a></li>
										<li><a href="invalid-sql.html">Invalid SQL</a></li>
										<li><a href="full-sql.html">Full SQL Report</a></li>
										<li><a href="table-nil-key.html">Primary/Unique Key Miss</a></li>
										<li><a href="invalid-db-object.html">Invalid DB Objects</a></li>
									</ul>
								</li>
								<li>
									<span class="opener">Infolets</span>
									<ul>
										<li><a href="keep-history-infolets.html">Keep History Infolets</a></li>
									</ul>
								</li>
								<li>
									<span class="opener">Pushforms</span>
									<ul>
										<li><a href="pushform-denormalize.html">Pushform Denormalized</a></li>
									</ul>
								</li>
							</ul>
						</nav>

						<!-- Section -->
						<section>
							<header class="major">
								<h2>Get in touch</h2>
							</header>
							<p>You need more details on the report or want more functionality, don't hesitate to reach out to us.</p>
							<ul class="contact">
								<li class="fa-envelope-o"><a href="mailto:rnd@metricstream.com?Subject=Reg - Static Code Analysis Tool" target="_top">rnd@metricstream.com</a></li>
							</ul>
						</section>

						<!-- Footer -->
						<footer id="footer">
							<p class="copyright">&copy; <a href="http://www.metricstream.com" target="_blank">MetricStream</a>. All rights reserved. </p>
						</footer>
					</div>
				</div>
			</div>

		<!-- Scripts -->
			<script src="../../lib/assets/js/jquery.min.js"></script>
			<script src="../../lib/assets/js/skel.min.js"></script>
			<script src="../../lib/assets/js/util.js"></script>
			<!--[if lte IE 8]><script src="../../lib/assets/js/ie/respond.min.js"></script><![endif]-->
			<script src="../../lib/assets/js/main.js"></script>
	</body>
</html>