<!DOCTYPE HTML>
<html>
	<head>
		<title>Code Analysis - MetricStream</title>
		<meta charset="utf-8" />
		<meta name="viewport" content="width=device-width, initial-scale=1, user-scalable=no" />
		<!--[if lte IE 8]><script src="../../lib/assets/js/ie/html5shiv.js"></script><![endif]-->
		<link rel="stylesheet" href="../../lib/assets/css/main.css" />
		<!--[if lte IE 9]><link rel="stylesheet" href="../../lib/assets/css/ie9.css" /><![endif]-->
		<!--[if lte IE 8]><link rel="stylesheet" href="../../lib/assets/css/ie8.css" /><![endif]-->
	</head>
	<body>

		<!-- Wrapper -->
			<div id="wrapper">

				<!-- Main -->
					<div id="main">
						<div class="inner">
							<!-- Header -->
								<header id="header">
									<a href="index.html" class="logo"><strong>Static Code Analysis Report</strong> by Code Analyzer Tool</a>
								</header>

							<!-- Content -->
								<section>
									<!-- Content -->
										<header class="major"><h2>Infolet Details</h2></header>
										<div class="table-wrapper">
											<table>
												<tbody>
													<tr>
														<td><b>Name</b></td>
														<td>MS_RSK_CROSS_PERS_COREOBJT_L2_RPT (102155)</td>
													</tr>
													<tr>
														<td><b>SQL</b></td>
														<td><pre><code>Select distinct c.core_object_id,
                e.OBJECT_NAME core_obj_name,
                b.object_name scenario_name,
                c.assessment_type,
                b.scenario_id,
                Ms_rsk_assessments_task.Fn_Get_Previous_range(residual_rollup_rating) as residual_rollup_rating,
                e.object_level --d.level_num
  from Ms_Rsk_core_Object_Rollup c,
       Ms_Rsk_Scenarios_Scn      b,
       --ms_rsk_core_object_levels d,
       --MS_GRC_CORE_OBJECT e
       ms_rsk_all_assmnt_type e
 Where version_no = (Select max(version_no)
                       from Ms_Rsk_core_Object_Rollup d
                      Where c.core_object_id = d.core_object_id
                        and c.assessment_type = d.assessment_type
                        and c.scenario_id = d.scenario_id)
   AND e.OBJECT_ID = c.CORE_OBJECT_ID
   And c.scenario_id = b.scenario_id
      --and c.core_object_id = d.core_object_id
   and c.assessment_type = :1
   and b.scenario_id in (:2)
   and e.object_parent = :3
 group by b.object_name,
          c.assessment_type, 
          --d.level_num,
          e.object_level,
          b.scenario_id,
          c.core_object_id,
          residual_rollup_rating,
          e.OBJECT_NAME</code></pre></td>
													</tr>
													<tr>
														<td><b>Description</b></td>
														<td>null</td>
													</tr>
												</tbody>
											</table>
										</div>

										<h2 align="center" id="content">Analysis Report</h2>
										<hr>

<header class="major"><h2>Plan hash value: 1206573018</h2></header><pre><code>
 
----------------------------------------------------------------------------------------------------------------
| Id  | Operation                         | Name                       | Rows  | Bytes | Cost (%CPU)| Time     |
----------------------------------------------------------------------------------------------------------------
|   0 | SELECT STATEMENT                  |                            |     1 |   148 |    11  (10)| 00:00:01 |
|   1 |  SORT UNIQUE                      |                            |     1 |   148 |    11  (10)| 00:00:01 |
|   2 |   SORT GROUP BY                   |                            |     1 |   148 |    11  (10)| 00:00:01 |
|*  3 |    FILTER                         |                            |       |       |            |          |
|   4 |     NESTED LOOPS                  |                            |     3 |   444 |     6   (0)| 00:00:01 |
|   5 |      NESTED LOOPS                 |                            |     3 |   444 |     6   (0)| 00:00:01 |
|*  6 |       HASH JOIN                   |                            |     3 |   246 |     4   (0)| 00:00:01 |
|   7 |        TABLE ACCESS BY INDEX ROWID| MS_RSK_SCENARIOS_SCN       |     1 |    48 |     1   (0)| 00:00:01 |
|*  8 |         INDEX RANGE SCAN          | MS_RSK_SCENARIOS_SCN_UK    |     1 |       |     1   (0)| 00:00:01 |
<font style="background-color: lightblue; color: red">|*  9 |        TABLE ACCESS FULL          | MS_RSK_CORE_OBJECT_ROLLUP  |     3 |   102 |     3   (0)| 00:00:01 |</font>
|* 10 |       INDEX RANGE SCAN            | IDX_MS_RSK_ALL_ASSMNT_TYPE |     1 |       |     1   (0)| 00:00:01 |
|* 11 |      TABLE ACCESS BY INDEX ROWID  | MS_RSK_ALL_ASSMNT_TYPE     |     1 |    66 |     1   (0)| 00:00:01 |
|  12 |     SORT AGGREGATE                |                            |     1 |    31 |            |          |
<font style="background-color: lightblue; color: red">|* 13 |      TABLE ACCESS FULL            | MS_RSK_CORE_OBJECT_ROLLUP  |     1 |    31 |     3   (0)| 00:00:01 |</font>
----------------------------------------------------------------------------------------------------------------
 
</code></pre><header class="major"><h2>Query Block Name / Object Alias (identified by operation id):</h2></header><pre><code>
 
   1 - SEL$1
   7 - SEL$1 / B@SEL$1
   8 - SEL$1 / B@SEL$1
   9 - SEL$1 / C@SEL$1
  10 - SEL$1 / E@SEL$1
  11 - SEL$1 / E@SEL$1
  12 - SEL$2
  13 - SEL$2 / D@SEL$2
 
</code></pre><header class="major"><h2>Predicate Information (identified by operation id):</h2></header><pre><code>
 
   3 - filter("VERSION_NO"= (SELECT MAX("VERSION_NO") FROM "MS_RSK_CORE_OBJECT_ROLLUP" "D" WHERE 
              "D"."CORE_OBJECT_ID"=:B1 AND "D"."SCENARIO_ID"=:B2 AND "D"."ASSESSMENT_TYPE"=:B3))
   6 - access("C"."SCENARIO_ID"="B"."SCENARIO_ID")
   8 - access("B"."SCENARIO_ID"=:2)
   9 - filter("C"."SCENARIO_ID"=:2 AND "C"."ASSESSMENT_TYPE"=:1)
  10 - access("E"."OBJECT_ID"="C"."CORE_OBJECT_ID")
  11 - filter("E"."OBJECT_PARENT"=:3)
  13 - filter("D"."CORE_OBJECT_ID"=:B1 AND "D"."SCENARIO_ID"=:B2 AND "D"."ASSESSMENT_TYPE"=:B3)
 
</code></pre><header class="major"><h2>Column Projection Information (identified by operation id):</h2></header><pre><code>
 
   1 - (#keys=7) "B"."OBJECT_NAME"[VARCHAR2,800], "E"."OBJECT_LEVEL"[VARCHAR2,4000], 
       "C"."CORE_OBJECT_ID"[VARCHAR2,400], "C"."ASSESSMENT_TYPE"[VARCHAR2,400], 
       "B"."SCENARIO_ID"[VARCHAR2,400], "MS_RSK_ASSESSMENTS_TASK"."FN_GET_PREVIOUS_RANGE"(TO_NUMBER("RESIDUAL_R
       OLLUP_RATING"))[4000], "E"."OBJECT_NAME"[VARCHAR2,4000]
   2 - (#keys=7) "B"."OBJECT_NAME"[VARCHAR2,800], "C"."ASSESSMENT_TYPE"[VARCHAR2,400], 
       "E"."OBJECT_LEVEL"[VARCHAR2,4000], "B"."SCENARIO_ID"[VARCHAR2,400], "C"."CORE_OBJECT_ID"[VARCHAR2,400], 
       "RESIDUAL_ROLLUP_RATING"[VARCHAR2,400], "E"."OBJECT_NAME"[VARCHAR2,4000]
   3 - "B"."SCENARIO_ID"[VARCHAR2,400], "B"."OBJECT_NAME"[VARCHAR2,800], 
       "C"."CORE_OBJECT_ID"[VARCHAR2,400], "C"."ASSESSMENT_TYPE"[VARCHAR2,400], 
       "RESIDUAL_ROLLUP_RATING"[VARCHAR2,400], "E"."OBJECT_NAME"[VARCHAR2,4000], 
       "E"."OBJECT_LEVEL"[VARCHAR2,4000]
   4 - (#keys=0) "B"."SCENARIO_ID"[VARCHAR2,400], "C"."SCENARIO_ID"[VARCHAR2,400], 
       "B"."OBJECT_NAME"[VARCHAR2,800], "VERSION_NO"[NUMBER,22], "C"."CORE_OBJECT_ID"[VARCHAR2,400], 
       "C"."ASSESSMENT_TYPE"[VARCHAR2,400], "RESIDUAL_ROLLUP_RATING"[VARCHAR2,400], 
       "E"."OBJECT_NAME"[VARCHAR2,4000], "E"."OBJECT_LEVEL"[VARCHAR2,4000]
   5 - (#keys=0) "B"."SCENARIO_ID"[VARCHAR2,400], "C"."SCENARIO_ID"[VARCHAR2,400], 
       "B"."OBJECT_NAME"[VARCHAR2,800], "VERSION_NO"[NUMBER,22], "C"."CORE_OBJECT_ID"[VARCHAR2,400], 
       "C"."ASSESSMENT_TYPE"[VARCHAR2,400], "RESIDUAL_ROLLUP_RATING"[VARCHAR2,400], "E".ROWID[ROWID,10]
   6 - (#keys=1) "B"."SCENARIO_ID"[VARCHAR2,400], "C"."SCENARIO_ID"[VARCHAR2,400], 
       "B"."OBJECT_NAME"[VARCHAR2,800], "VERSION_NO"[NUMBER,22], "C"."CORE_OBJECT_ID"[VARCHAR2,400], 
       "C"."ASSESSMENT_TYPE"[VARCHAR2,400], "RESIDUAL_ROLLUP_RATING"[VARCHAR2,400]
   7 - "B"."OBJECT_NAME"[VARCHAR2,800], "B"."SCENARIO_ID"[VARCHAR2,400]
   8 - "B".ROWID[ROWID,10], "B"."SCENARIO_ID"[VARCHAR2,400]
   9 - "C"."SCENARIO_ID"[VARCHAR2,400], "C"."CORE_OBJECT_ID"[VARCHAR2,400], 
       "C"."ASSESSMENT_TYPE"[VARCHAR2,400], "RESIDUAL_ROLLUP_RATING"[VARCHAR2,400], "VERSION_NO"[NUMBER,22]
  10 - "E".ROWID[ROWID,10]
  11 - "E"."OBJECT_NAME"[VARCHAR2,4000], "E"."OBJECT_LEVEL"[VARCHAR2,4000]
  12 - (#keys=0) MAX("VERSION_NO")[22]
  13 - "VERSION_NO"[NUMBER,22]
										</code></pre>
								</section>
						</div>
					</div>

				<!-- Sidebar -->
				<div id="sidebar">
					<div class="inner">
						<!-- Menu -->
						<nav id="menu">
							<header class="major">
								<h2>Menu</h2>
							</header>
							<ul>
								<li><a href="../index.html">Module List</a></li>
								<li><a href="index.html">Summary</a></li>
								<li>
									<span class="opener">DB Analysis</span>
									<ul>
										<li><a href="bad-sql.html">Bad SQL</a></li>
										<li><a href="poor-sql.html">Poor SQL Plan</a></li>
										<li><a href="invalid-sql.html">Invalid SQL</a></li>
										<li><a href="full-sql.html">Full SQL Report</a></li>
										<li><a href="table-nil-key.html">Primary/Unique Key Miss</a></li>
										<li><a href="invalid-db-object.html">Invalid DB Objects</a></li>
									</ul>
								</li>
								<li>
									<span class="opener">Infolets</span>
									<ul>
										<li><a href="keep-history-infolets.html">Keep History Infolets</a></li>
									</ul>
								</li>
								<li>
									<span class="opener">Pushforms</span>
									<ul>
										<li><a href="pushform-denormalize.html">Pushform Denormalized</a></li>
									</ul>
								</li>
							</ul>
						</nav>

						<!-- Section -->
						<section>
							<header class="major">
								<h2>Get in touch</h2>
							</header>
							<p>You need more details on the report or want more functionality, don't hesitate to reach out to us.</p>
							<ul class="contact">
								<li class="fa-envelope-o"><a href="mailto:rnd@metricstream.com?Subject=Reg - Static Code Analysis Tool" target="_top">rnd@metricstream.com</a></li>
							</ul>
						</section>

						<!-- Footer -->
						<footer id="footer">
							<p class="copyright">&copy; <a href="http://www.metricstream.com" target="_blank">MetricStream</a>. All rights reserved. </p>
						</footer>
					</div>
				</div>
			</div>

		<!-- Scripts -->
			<script src="../../lib/assets/js/jquery.min.js"></script>
			<script src="../../lib/assets/js/skel.min.js"></script>
			<script src="../../lib/assets/js/util.js"></script>
			<!--[if lte IE 8]><script src="../../lib/assets/js/ie/respond.min.js"></script><![endif]-->
			<script src="../../lib/assets/js/main.js"></script>
	</body>
</html>