<!DOCTYPE HTML>
<html>
	<head>
		<title>Code Analysis - MetricStream</title>
		<meta charset="utf-8" />
		<meta name="viewport" content="width=device-width, initial-scale=1, user-scalable=no" />
		<!--[if lte IE 8]><script src="../../lib/assets/js/ie/html5shiv.js"></script><![endif]-->
		<link rel="stylesheet" href="../../lib/assets/css/main.css" />
		<!--[if lte IE 9]><link rel="stylesheet" href="../../lib/assets/css/ie9.css" /><![endif]-->
		<!--[if lte IE 8]><link rel="stylesheet" href="../../lib/assets/css/ie8.css" /><![endif]-->
	</head>
	<body>

		<!-- Wrapper -->
			<div id="wrapper">

				<!-- Main -->
					<div id="main">
						<div class="inner">
							<!-- Header -->
								<header id="header">
									<a href="index.html" class="logo"><strong>Static Code Analysis Report</strong> by Code Analyzer Tool</a>
								</header>

							<!-- Content -->
								<section>
									<!-- Content -->
										<header class="major"><h2>Infolet Details</h2></header>
										<div class="table-wrapper">
											<table>
												<tbody>
													<tr>
														<td><b>Name</b></td>
														<td>MS_RSK_QUANTF_RPT (102442)</td>
													</tr>
													<tr>
														<td><b>SQL</b></td>
														<td><pre><code>SELECT object_id,
  object_name,
  Progress_Status,
  description,
  Owner_Organizations,
  Owners,
  valid_from,
  valid_until,
  NULL AS col1,
  NULL AS col2,
  NULL AS col3,
  NULL AS Col4,
  Expired_Flag,
  Factor_Type_Disp,
  Factor_Contribution_Disp,
  Risk_Category_Disp,
  Risk_Category_Stored,
  Factor_Contribution_Stored,
  factor_type_stored,
  Object_Name_Stored,
  Owner_Organizations_Stored,
  owner_stored,
  Currency_Disp,
  Input_Type_Disp,
  Applicable_For_Disp,
  Control_Scoring_Disp,
  Not_Applicable_For,
  Factor_Classification_Disp,
  Currenc_Stored,
  Not_Applicable_For_Stored,
  OBJECT_NAME_JSON
FROM MS_RSK_QUANT_ASSMNT_FA_V v
WHERE ms_apps_security_pkg.check_object_access(dd_object_type, restrict_access_to,
  (SELECT ms_join(owner_organizations)
  FROM ms_rsk_qnt_asmt_fctr_orz z
  WHERE z.object_id     = V.Object_Id
  ), :1, 'VIEW') = 'ACCESS'
ORDER BY Object_Id</code></pre></td>
													</tr>
													<tr>
														<td><b>Description</b></td>
														<td>Infolet provides the data for the report 'Quantitative Assessment Factors'. The User name is all that is used to view the report</td>
													</tr>
												</tbody>
											</table>
										</div>

										<h2 align="center" id="content">Analysis Report</h2>
										<hr>

<header class="major"><h2>Plan hash value: 3245173760</h2></header><pre><code>
 
-----------------------------------------------------------------------------------------------------------
| Id  | Operation                   | Name                        | Rows  | Bytes | Cost (%CPU)| Time     |
-----------------------------------------------------------------------------------------------------------
|   0 | SELECT STATEMENT            |                             |     1 |   506 |    13   (8)| 00:00:01 |
|   1 |  VIEW                       | SI_ENT_ACTIVE_V             |     1 |    13 |     4  (25)| 00:00:01 |
|   2 |   SORT ORDER BY             |                             |     1 |    33 |     4  (25)| 00:00:01 |
<font style="background-color: lightblue; color: red">|*  3 |    TABLE ACCESS FULL        | SI_ENT                      |     1 |    33 |     3   (0)| 00:00:01 |</font>
|   4 |  SORT AGGREGATE             |                             |     1 |    19 |            |          |
|*  5 |   INDEX RANGE SCAN          | MS_RSK_QNT_ASMT_FCTR_ORZ_UK |     1 |    19 |     1   (0)| 00:00:01 |
|   6 |  SORT AGGREGATE             |                             |     1 |    27 |            |          |
|*  7 |   INDEX RANGE SCAN          | MS_RSK_QNT_ASMT_FCTR_OWR_UK |     1 |    27 |     1   (0)| 00:00:01 |
|   8 |  VIEW                       | SI_ENT_ACTIVE_V             |     1 |    13 |     4  (25)| 00:00:01 |
|   9 |   SORT ORDER BY             |                             |     1 |    33 |     4  (25)| 00:00:01 |
<font style="background-color: lightblue; color: red">|* 10 |    TABLE ACCESS FULL        | SI_ENT                      |     1 |    33 |     3   (0)| 00:00:01 |</font>
|  11 |  FAST DUAL                  |                             |     1 |       |     2   (0)| 00:00:01 |
|  12 |  VIEW                       | SI_ENT_ACTIVE_V             |     1 |    13 |     4  (25)| 00:00:01 |
|  13 |   SORT ORDER BY             |                             |     1 |    33 |     4  (25)| 00:00:01 |
<font style="background-color: lightblue; color: red">|* 14 |    TABLE ACCESS FULL        | SI_ENT                      |     1 |    33 |     3   (0)| 00:00:01 |</font>
|  15 |  FAST DUAL                  |                             |     1 |       |     2   (0)| 00:00:01 |
|  16 |   VIEW                      | SI_ENT_ACTIVE_V             |     1 |    13 |     4  (25)| 00:00:01 |
|  17 |    SORT ORDER BY            |                             |     1 |    33 |     4  (25)| 00:00:01 |
<font style="background-color: lightblue; color: red">|* 18 |     TABLE ACCESS FULL       | SI_ENT                      |     1 |    33 |     3   (0)| 00:00:01 |</font>
|  19 |   FAST DUAL                 |                             |     1 |       |     2   (0)| 00:00:01 |
|  20 |  VIEW                       | SI_ENT_ACTIVE_V             |     1 |    13 |     4  (25)| 00:00:01 |
|  21 |   SORT ORDER BY             |                             |     1 |    33 |     4  (25)| 00:00:01 |
<font style="background-color: lightblue; color: red">|* 22 |    TABLE ACCESS FULL        | SI_ENT                      |     1 |    33 |     3   (0)| 00:00:01 |</font>
|  23 |  SORT AGGREGATE             |                             |     1 |    15 |            |          |
|* 24 |   INDEX RANGE SCAN          | MS_RSK_QNT_ASMT_FCTR_RSE_UK |     3 |    45 |     1   (0)| 00:00:01 |
|  25 |  SORT AGGREGATE             |                             |     1 |    15 |            |          |
|* 26 |   INDEX RANGE SCAN          | MS_RSK_QNT_ASMT_FCTR_RSE_UK |     3 |    45 |     1   (0)| 00:00:01 |
|  27 |  SORT AGGREGATE             |                             |     1 |    19 |            |          |
|* 28 |   INDEX RANGE SCAN          | MS_RSK_QNT_ASMT_FCTR_ORZ_UK |     1 |    19 |     1   (0)| 00:00:01 |
|  29 |  SORT AGGREGATE             |                             |     1 |    27 |            |          |
|* 30 |   INDEX RANGE SCAN          | MS_RSK_QNT_ASMT_FCTR_OWR_UK |     1 |    27 |     1   (0)| 00:00:01 |
|  31 |  VIEW                       | SI_ENT_ACTIVE_V             |     1 |    13 |     4  (25)| 00:00:01 |
|  32 |   SORT ORDER BY             |                             |     1 |    33 |     4  (25)| 00:00:01 |
<font style="background-color: lightblue; color: red">|* 33 |    TABLE ACCESS FULL        | SI_ENT                      |     1 |    33 |     3   (0)| 00:00:01 |</font>
|  34 |  FAST DUAL                  |                             |     1 |       |     2   (0)| 00:00:01 |
|  35 |  VIEW                       | SI_ENT_ACTIVE_V             |     1 |    13 |     4  (25)| 00:00:01 |
|  36 |   SORT ORDER BY             |                             |     1 |    33 |     4  (25)| 00:00:01 |
<font style="background-color: lightblue; color: red">|* 37 |    TABLE ACCESS FULL        | SI_ENT                      |     1 |    33 |     3   (0)| 00:00:01 |</font>
|  38 |  FAST DUAL                  |                             |     1 |       |     2   (0)| 00:00:01 |
|  39 |  VIEW                       | SI_ENT_ACTIVE_V             |     1 |    13 |     4  (25)| 00:00:01 |
|  40 |   SORT ORDER BY             |                             |     1 |    33 |     4  (25)| 00:00:01 |
<font style="background-color: lightblue; color: red">|* 41 |    TABLE ACCESS FULL        | SI_ENT                      |     1 |    33 |     3   (0)| 00:00:01 |</font>
|  42 |  FAST DUAL                  |                             |     1 |       |     2   (0)| 00:00:01 |
|  43 |  VIEW                       | SI_ENT_ACTIVE_V             |     1 |    13 |     4  (25)| 00:00:01 |
|  44 |   SORT ORDER BY             |                             |     1 |    33 |     4  (25)| 00:00:01 |
<font style="background-color: lightblue; color: red">|* 45 |    TABLE ACCESS FULL        | SI_ENT                      |     1 |    33 |     3   (0)| 00:00:01 |</font>
|  46 |  FAST DUAL                  |                             |     1 |       |     2   (0)| 00:00:01 |
|  47 |  VIEW                       | SI_ENT_ACTIVE_V             |     1 |    13 |     4  (25)| 00:00:01 |
|  48 |   SORT ORDER BY             |                             |     1 |    33 |     4  (25)| 00:00:01 |
<font style="background-color: lightblue; color: red">|* 49 |    TABLE ACCESS FULL        | SI_ENT                      |     1 |    33 |     3   (0)| 00:00:01 |</font>
|  50 |  FAST DUAL                  |                             |     1 |       |     2   (0)| 00:00:01 |
|  51 |  TABLE ACCESS BY INDEX ROWID| SI_METRICS_T                |     1 |    34 |     1   (0)| 00:00:01 |
|* 52 |   INDEX RANGE SCAN          | SI_METRICS_T_N7             |     1 |       |     1   (0)| 00:00:01 |
|  53 |  SORT ORDER BY              |                             |     1 |   506 |    13   (8)| 00:00:01 |
|* 54 |   FILTER                    |                             |       |       |            |          |
<font style="background-color: lightblue; color: red">|  55 |    TABLE ACCESS FULL        | MS_RSK_QNT_ASMT_FCTR        |    17 |  8602 |     3   (0)| 00:00:01 |</font>
|  56 |    SORT AGGREGATE           |                             |     1 |    19 |            |          |
|* 57 |     INDEX RANGE SCAN        | MS_RSK_QNT_ASMT_FCTR_ORZ_UK |     1 |    19 |     1   (0)| 00:00:01 |
-----------------------------------------------------------------------------------------------------------
 
</code></pre><header class="major"><h2>Query Block Name / Object Alias (identified by operation id):</h2></header><pre><code>
 
   1 - SEL$5        / SI_ENT_ACTIVE_V@SEL$4
   2 - SEL$5       
   3 - SEL$5        / SI_ENT@SEL$5
   4 - SEL$3       
   5 - SEL$3        / DD@SEL$3
   6 - SEL$6       
   7 - SEL$6        / GG@SEL$6
   8 - SEL$9        / SI_ENT_ACTIVE_V@SEL$8
   9 - SEL$9       
  10 - SEL$9        / SI_ENT@SEL$9
  11 - SEL$7        / DUAL@SEL$7
  12 - SEL$12       / SI_ENT_ACTIVE_V@SEL$11
  13 - SEL$12      
  14 - SEL$12       / SI_ENT@SEL$12
  15 - SEL$10       / DUAL@SEL$10
  16 - SEL$15       / SI_ENT_ACTIVE_V@SEL$14
  17 - SEL$15      
  18 - SEL$15       / SI_ENT@SEL$15
  19 - SEL$13       / DUAL@SEL$13
  20 - SEL$18       / SI_ENT_ACTIVE_V@SEL$17
  21 - SEL$18      
  22 - SEL$18       / SI_ENT@SEL$18
  23 - SEL$16      
  24 - SEL$16       / FF@SEL$16
  25 - SEL$19      
  26 - SEL$19       / HH@SEL$19
  27 - SEL$20      
  28 - SEL$20       / EE@SEL$20
  29 - SEL$21      
  30 - SEL$21       / II@SEL$21
  31 - SEL$24       / SI_ENT_ACTIVE_V@SEL$23
  32 - SEL$24      
  33 - SEL$24       / SI_ENT@SEL$24
  34 - SEL$22       / DUAL@SEL$22
  35 - SEL$27       / SI_ENT_ACTIVE_V@SEL$26
  36 - SEL$27      
  37 - SEL$27       / SI_ENT@SEL$27
  38 - SEL$25       / DUAL@SEL$25
  39 - SEL$30       / SI_ENT_ACTIVE_V@SEL$29
  40 - SEL$30      
  41 - SEL$30       / SI_ENT@SEL$30
  42 - SEL$28       / DUAL@SEL$28
  43 - SEL$33       / SI_ENT_ACTIVE_V@SEL$32
  44 - SEL$33      
  45 - SEL$33       / SI_ENT@SEL$33
  46 - SEL$31       / DUAL@SEL$31
  47 - SEL$36       / SI_ENT_ACTIVE_V@SEL$35
  48 - SEL$36      
  49 - SEL$36       / SI_ENT@SEL$36
  50 - SEL$34       / DUAL@SEL$34
  51 - SEL$37       / SI_METRICS_T@SEL$37
  52 - SEL$37       / SI_METRICS_T@SEL$37
  53 - SEL$F5BB74E1
  55 - SEL$F5BB74E1 / AA@SEL$2
  56 - SEL$38      
  57 - SEL$38       / Z@SEL$38
 
</code></pre><header class="major"><h2>Predicate Information (identified by operation id):</h2></header><pre><code>
 
   3 - filter("START_DATE"<=SYSDATE@! AND ("END_DATE" IS NULL OR "END_DATE">=SYSDATE@!))
   5 - access("DD"."OBJECT_ID"=:B1)
   7 - access("GG"."OBJECT_ID"=:B1)
  10 - filter("START_DATE"<=SYSDATE@! AND ("END_DATE" IS NULL OR "END_DATE">=SYSDATE@!))
  14 - filter("START_DATE"<=SYSDATE@! AND ("END_DATE" IS NULL OR "END_DATE">=SYSDATE@!))
  18 - filter("START_DATE"<=SYSDATE@! AND ("END_DATE" IS NULL OR "END_DATE">=SYSDATE@!))
  22 - filter("START_DATE"<=SYSDATE@! AND ("END_DATE" IS NULL OR "END_DATE">=SYSDATE@!))
  24 - access("FF"."OBJECT_ID"=:B1)
  26 - access("HH"."OBJECT_ID"=:B1)
  28 - access("EE"."OBJECT_ID"=:B1)
  30 - access("II"."OBJECT_ID"=:B1)
  33 - filter("START_DATE"<=SYSDATE@! AND ("END_DATE" IS NULL OR "END_DATE">=SYSDATE@!))
  37 - filter("START_DATE"<=SYSDATE@! AND ("END_DATE" IS NULL OR "END_DATE">=SYSDATE@!))
  41 - filter("START_DATE"<=SYSDATE@! AND ("END_DATE" IS NULL OR "END_DATE">=SYSDATE@!))
  45 - filter("START_DATE"<=SYSDATE@! AND ("END_DATE" IS NULL OR "END_DATE">=SYSDATE@!))
  49 - filter("START_DATE"<=SYSDATE@! AND ("END_DATE" IS NULL OR "END_DATE">=SYSDATE@!))
  52 - access("METRIC_NAME"='MS_RSK_QUANT_ASSMNT_FACTOR')
  54 - filter("MS_APPS_SECURITY_PKG"."CHECK_OBJECT_ACCESS"("DD_OBJECT_TYPE","RESTRICT_ACCESS_TO", 
              (SELECT "MS_JOIN"("OWNER_ORGANIZATIONS") FROM "MS_RSK_QNT_ASMT_FCTR_ORZ" "Z" WHERE 
              "Z"."OBJECT_ID"=:B1),:1,'VIEW')='ACCESS')
  57 - access("Z"."OBJECT_ID"=:B1)
 
</code></pre><header class="major"><h2>Column Projection Information (identified by operation id):</h2></header><pre><code>
 
   1 - "ENTERPRISE_ID"[NUMBER,22]
   2 - (#keys=1) INTERNAL_FUNCTION("CREATION_DATE")[7], "ENTERPRISE_ID"[NUMBER,22]
   3 - "ENTERPRISE_ID"[NUMBER,22], "CREATION_DATE"[DATE,7]
   4 - (#keys=0) "MS_JOIN_FOR_DISPLAY"("MS_APPS_UTILITIES"."GET_DISPLAY_VALUE"( (SELECT 
       "ENTERPRISE_ID" FROM  (SELECT "ENTERPRISE_ID" "ENTERPRISE_ID","ENTERPRISE_NAME" 
       "ENTERPRISE_NAME","SI_APP_SV"."CHECK_APP_EXISTS"("ENTERPRISE_ID") "APPLICATION_FLAG" FROM 
       METRICSTREAM."SI_ENT" "SI_ENT" WHERE "START_DATE"<=SYSDATE@! AND ("END_DATE" IS NULL OR 
       "END_DATE">=SYSDATE@!) ORDER BY "CREATION_DATE" DESC) 
       "SI_ENT_ACTIVE_V"),'ORGENTITY',"OWNER_ORGANIZATIONS"))[4000]
   5 - "OWNER_ORGANIZATIONS"[VARCHAR2,4000]
   6 - (#keys=0) "MS_JOIN_FOR_DISPLAY"("MS_APPS_UTILITIES"."GET_USER_FULL_NAME"("OWNERS"))[4000]
   7 - "OWNERS"[VARCHAR2,4000]
   8 - "ENTERPRISE_ID"[NUMBER,22]
   9 - (#keys=1) INTERNAL_FUNCTION("CREATION_DATE")[7], "ENTERPRISE_ID"[NUMBER,22]
  10 - "ENTERPRISE_ID"[NUMBER,22], "CREATION_DATE"[DATE,7]
  12 - "ENTERPRISE_ID"[NUMBER,22]
  13 - (#keys=1) INTERNAL_FUNCTION("CREATION_DATE")[7], "ENTERPRISE_ID"[NUMBER,22]
  14 - "ENTERPRISE_ID"[NUMBER,22], "CREATION_DATE"[DATE,7]
  16 - "ENTERPRISE_ID"[NUMBER,22]
  17 - (#keys=1) INTERNAL_FUNCTION("CREATION_DATE")[7], "ENTERPRISE_ID"[NUMBER,22]
  18 - "ENTERPRISE_ID"[NUMBER,22], "CREATION_DATE"[DATE,7]
  20 - "ENTERPRISE_ID"[NUMBER,22]
  21 - (#keys=1) INTERNAL_FUNCTION("CREATION_DATE")[7], "ENTERPRISE_ID"[NUMBER,22]
  22 - "ENTERPRISE_ID"[NUMBER,22], "CREATION_DATE"[DATE,7]
  23 - (#keys=0) "MS_JOIN_FOR_DISPLAY"("MS_APPS_UTILITIES"."GET_DISPLAY_VALUE"( (SELECT 
       "ENTERPRISE_ID" FROM  (SELECT "ENTERPRISE_ID" "ENTERPRISE_ID","ENTERPRISE_NAME" 
       "ENTERPRISE_NAME","SI_APP_SV"."CHECK_APP_EXISTS"("ENTERPRISE_ID") "APPLICATION_FLAG" FROM 
       METRICSTREAM."SI_ENT" "SI_ENT" WHERE "START_DATE"<=SYSDATE@! AND ("END_DATE" IS NULL OR 
       "END_DATE">=SYSDATE@!) ORDER BY "CREATION_DATE" DESC) "SI_ENT_ACTIVE_V"),'MS GRC Risk 
       Category',"RISK_CATEGORY"))[4000]
  24 - "RISK_CATEGORY"[VARCHAR2,4000]
  25 - (#keys=0) "MS_JOIN"("RISK_CATEGORY")[4000]
  26 - "RISK_CATEGORY"[VARCHAR2,4000]
  27 - (#keys=0) "MS_JOIN"("OWNER_ORGANIZATIONS")[4000]
  28 - "OWNER_ORGANIZATIONS"[VARCHAR2,4000]
  29 - (#keys=0) "MS_JOIN"("OWNERS")[4000]
  30 - "OWNERS"[VARCHAR2,4000]
  31 - "ENTERPRISE_ID"[NUMBER,22]
  32 - (#keys=1) INTERNAL_FUNCTION("CREATION_DATE")[7], "ENTERPRISE_ID"[NUMBER,22]
  33 - "ENTERPRISE_ID"[NUMBER,22], "CREATION_DATE"[DATE,7]
  35 - "ENTERPRISE_ID"[NUMBER,22]
  36 - (#keys=1) INTERNAL_FUNCTION("CREATION_DATE")[7], "ENTERPRISE_ID"[NUMBER,22]
  37 - "ENTERPRISE_ID"[NUMBER,22], "CREATION_DATE"[DATE,7]
  39 - "ENTERPRISE_ID"[NUMBER,22]
  40 - (#keys=1) INTERNAL_FUNCTION("CREATION_DATE")[7], "ENTERPRISE_ID"[NUMBER,22]
  41 - "ENTERPRISE_ID"[NUMBER,22], "CREATION_DATE"[DATE,7]
  43 - "ENTERPRISE_ID"[NUMBER,22]
  44 - (#keys=1) INTERNAL_FUNCTION("CREATION_DATE")[7], "ENTERPRISE_ID"[NUMBER,22]
  45 - "ENTERPRISE_ID"[NUMBER,22], "CREATION_DATE"[DATE,7]
  47 - "ENTERPRISE_ID"[NUMBER,22]
  48 - (#keys=1) INTERNAL_FUNCTION("CREATION_DATE")[7], "ENTERPRISE_ID"[NUMBER,22]
  49 - "ENTERPRISE_ID"[NUMBER,22], "CREATION_DATE"[DATE,7]
  51 - "SI_METRICS_T".ROWID[ROWID,10], "METRIC_ID"[NUMBER,22]
  52 - "SI_METRICS_T".ROWID[ROWID,10]
  53 - (#keys=1) "AA"."OBJECT_ID"[VARCHAR2,400], "MS_RSK_RPT_UTILS"."FN_GET_REPORT_JSON"( (SELECT 
       "METRIC_ID" FROM METRICSTREAM."SI_METRICS_T" "SI_METRICS_T" WHERE 
       "METRIC_NAME"='MS_RSK_QUANT_ASSMNT_FACTOR'),"DD_PROCESS_INSTANCE_ID","DD_INSTANCE_ID",'flag=1&emd=1
       &x_edit_mode=Yes&wrapper= No&mode=view')[4000], "OBJECT_NAME"[VARCHAR2,4000], 
       DECODE("PROGRESS_STATUS",'P','Published',"PROGRESS_STATUS")[4000], 
       "GET_CLOB_CHUNK"("DESCRIPTION")[4000],  (SELECT "MS_JOIN_FOR_DISPLAY"("MS_APPS_UTILITIES"."GET_DISP
       LAY_VALUE"( (SELECT "ENTERPRISE_ID" FROM  (SELECT "ENTERPRISE_ID" 
       "ENTERPRISE_ID","ENTERPRISE_NAME" "ENTERPRISE_NAME","SI_APP_SV"."CHECK_APP_EXISTS"("ENTERPRISE_ID")
        "APPLICATION_FLAG" FROM METRICSTREAM."SI_ENT" "SI_ENT" WHERE "START_DATE"<=SYSDATE@! AND 
       ("END_DATE" IS NULL OR "END_DATE">=SYSDATE@!) ORDER BY "CREATION_DATE" DESC) 
       "SI_ENT_ACTIVE_V"),'ORGENTITY',"OWNER_ORGANIZATIONS")) FROM 
       METRICSTREAM."MS_RSK_QNT_ASMT_FCTR_ORZ" "DD" WHERE "DD"."OBJECT_ID"=:B1)[4000],  (SELECT 
       "MS_JOIN_FOR_DISPLAY"("MS_APPS_UTILITIES"."GET_USER_FULL_NAME"("OWNERS")) FROM 
       METRICSTREAM."MS_RSK_QNT_ASMT_FCTR_OWR" "GG" WHERE "GG"."OBJECT_ID"=:B2)[4000], 
       "VALID_FROM"[DATE,7], "VALID_UNTIL"[DATE,7], NULL[0], NULL[0], NULL[0], NULL[0], 
       "MS_RSK_UTILS"."INCLUDE_EXPIRED"("VALID_FROM","VALID_UNTIL")[22],  (SELECT 
       "MS_APPS_UTILITIES"."GET_DISPLAY_VALUE"( (SELECT "ENTERPRISE_ID" FROM  (SELECT "ENTERPRISE_ID" 
       "ENTERPRISE_ID","ENTERPRISE_NAME" "ENTERPRISE_NAME","SI_APP_SV"."CHECK_APP_EXISTS"("ENTERPRISE_ID")
        "APPLICATION_FLAG" FROM METRICSTREAM."SI_ENT" "SI_ENT" WHERE "START_DATE"<=SYSDATE@! AND 
       ("END_DATE" IS NULL OR "END_DATE">=SYSDATE@!) ORDER BY "CREATION_DATE" DESC) 
       "SI_ENT_ACTIVE_V"),'MS RSK Type of Factor',:B3) FROM "SYS"."DUAL" "DUAL")[4000], DECODE( (SELECT 
       "MS_APPS_UTILITIES"."GET_DISPLAY_VALUE"( (SELECT "ENTERPRISE_ID" FROM  (SELECT "ENTERPRISE_ID" 
       "ENTERPRISE_ID","ENTERPRISE_NAME" "ENTERPRISE_NAME","SI_APP_SV"."CHECK_APP_EXISTS"("ENTERPRISE_ID")
        "APPLICATION_FLAG" FROM METRICSTREAM."SI_ENT" "SI_ENT" WHERE "START_DATE"<=SYSDATE@! AND 
       ("END_DATE" IS NULL OR "END_DATE">=SYSDATE@!) ORDER BY "CREATION_DATE" DESC) 
       "SI_ENT_ACTIVE_V"),'MS RSK QUANT OBJECT TYPE',:B4) FROM "SYS"."DUAL" "DUAL"),'Sub Factor',NULL, 
       (SELECT "MS_APPS_UTILITIES"."GET_DISPLAY_VALUE"( (SELECT "ENTERPRISE_ID" FROM  (SELECT 
       "ENTERPRISE_ID" "ENTERPRISE_ID","ENTERPRISE_NAME" 
       "ENTERPRISE_NAME","SI_APP_SV"."CHECK_APP_EXISTS"("ENTERPRISE_ID") "APPLICATION_FLAG" FROM 
       METRICSTREAM."SI_ENT" "SI_ENT" WHERE "START_DATE"<=SYSDATE@! AND ("END_DATE" IS NULL OR 
       "END_DATE">=SYSDATE@!) ORDER BY "CREATION_DATE" DESC) "SI_ENT_ACTIVE_V"),'MS RSK List of Factor 
       Categorization',CASE :B5 WHEN 'yes' THEN NULL ELSE :B6 END ) FROM "SYS"."DUAL" "DUAL"))[4000],  
       (SELECT "MS_JOIN_FOR_DISPLAY"("MS_APPS_UTILITIES"."GET_DISPLAY_VALUE"( (SELECT "ENTERPRISE_ID" 
       FROM  (SELECT "ENTERPRISE_ID" "ENTERPRISE_ID","ENTERPRISE_NAME" 
       "ENTERPRISE_NAME","SI_APP_SV"."CHECK_APP_EXISTS"("ENTERPRISE_ID") "APPLICATION_FLAG" FROM 
       METRICSTREAM."SI_ENT" "SI_ENT" WHERE "START_DATE"<=SYSDATE@! AND ("END_DATE" IS NULL OR 
       "END_DATE">=SYSDATE@!) ORDER BY "CREATION_DATE" DESC) "SI_ENT_ACTIVE_V"),'MS GRC Risk 
       Category',"RISK_CATEGORY")) FROM METRICSTREAM."MS_RSK_QNT_ASMT_FCTR_RSE" "FF" WHERE 
       "FF"."OBJECT_ID"=:B7)[4000],  (SELECT "MS_JOIN"("RISK_CATEGORY") FROM 
       METRICSTREAM."MS_RSK_QNT_ASMT_FCTR_RSE" "HH" WHERE "HH"."OBJECT_ID"=:B8)[4000], CASE 
       "CONTROL_SCORING" WHEN 'yes' THEN NULL ELSE "FACTOR_CONTRIBUTION" END [400], 
       "FACTOR_TYPE"[VARCHAR2,400], "OBJECT_NAME"[VARCHAR2,4000],  (SELECT 
       "MS_JOIN"("OWNER_ORGANIZATIONS") FROM METRICSTREAM."MS_RSK_QNT_ASMT_FCTR_ORZ" "EE" WHERE 
       "EE"."OBJECT_ID"=:B9)[4000],  (SELECT "MS_JOIN"("OWNERS") FROM 
       METRICSTREAM."MS_RSK_QNT_ASMT_FCTR_OWR" "II" WHERE "II"."OBJECT_ID"=:B10)[4000],  (SELECT 
       "MS_APPS_UTILITIES"."GET_DISPLAY_VALUE"( (SELECT "ENTERPRISE_ID" FROM  (SELECT "ENTERPRISE_ID" 
       "ENTERPRISE_ID","ENTERPRISE_NAME" "ENTERPRISE_NAME","SI_APP_SV"."CHECK_APP_EXISTS"("ENTERPRISE_ID")
        "APPLICATION_FLAG" FROM METRICSTREAM.
  54 - "VALID_UNTIL"[DATE,7], "AA"."APPLICABLE_FOR"[VARCHAR2,80], 
       "AA"."FACTOR_CLASSIFICATION"[VARCHAR2,80], "NOT_APPLICABLE_SCR"[VARCHAR2,40], 
       "PROGRESS_STATUS"[VARCHAR2,4000], "AA"."INPUT_TYPE"[VARCHAR2,80], 
       "DD_PROCESS_INSTANCE_ID"[NUMBER,22], "DD_INSTANCE_ID"[NUMBER,22], 
       "NOT_APPLICABLE_MNR"[VARCHAR2,40], "AA"."CURRENCY"[VARCHAR2,40], 
       "NOT_APPLICABLE_RTG"[VARCHAR2,40], "CONTROL_SCORING"[VARCHAR2,400], 
       "FACTOR_CONTRIBUTION"[VARCHAR2,400], "AA"."OBJECT_ID"[VARCHAR2,400], "FACTOR_TYPE"[VARCHAR2,400], 
       "DESCRIPTION"[LOB,4000], "VALID_FROM"[DATE,7], "OBJECT_NAME"[VARCHAR2,4000]
  55 - "VALID_UNTIL"[DATE,7], "AA"."APPLICABLE_FOR"[VARCHAR2,80], 
       "AA"."FACTOR_CLASSIFICATION"[VARCHAR2,80], "NOT_APPLICABLE_SCR"[VARCHAR2,40], 
       "PROGRESS_STATUS"[VARCHAR2,4000], "AA"."INPUT_TYPE"[VARCHAR2,80], "DD_OBJECT_TYPE"[VARCHAR2,400], 
       "DD_PROCESS_INSTANCE_ID"[NUMBER,22], "DD_INSTANCE_ID"[NUMBER,22], 
       "NOT_APPLICABLE_MNR"[VARCHAR2,40], "AA"."CURRENCY"[VARCHAR2,40], 
       "NOT_APPLICABLE_RTG"[VARCHAR2,40], "RESTRICT_ACCESS_TO"[VARCHAR2,40], 
       "CONTROL_SCORING"[VARCHAR2,400], "FACTOR_CONTRIBUTION"[VARCHAR2,400], 
       "AA"."OBJECT_ID"[VARCHAR2,400], "FACTOR_TYPE"[VARCHAR2,400], "DESCRIPTION"[LOB,4000], 
       "VALID_FROM"[DATE,7], "OBJECT_NAME"[VARCHAR2,4000]
  56 - (#keys=0) "MS_JOIN"("OWNER_ORGANIZATIONS")[4000]
  57 - "OWNER_ORGANIZATIONS"[VARCHAR2,4000]
										</code></pre>
								</section>
						</div>
					</div>

				<!-- Sidebar -->
				<div id="sidebar">
					<div class="inner">
						<!-- Menu -->
						<nav id="menu">
							<header class="major">
								<h2>Menu</h2>
							</header>
							<ul>
								<li><a href="../index.html">Module List</a></li>
								<li><a href="index.html">Summary</a></li>
								<li>
									<span class="opener">DB Analysis</span>
									<ul>
										<li><a href="bad-sql.html">Bad SQL</a></li>
										<li><a href="poor-sql.html">Poor SQL Plan</a></li>
										<li><a href="invalid-sql.html">Invalid SQL</a></li>
										<li><a href="full-sql.html">Full SQL Report</a></li>
										<li><a href="table-nil-key.html">Primary/Unique Key Miss</a></li>
										<li><a href="invalid-db-object.html">Invalid DB Objects</a></li>
									</ul>
								</li>
								<li>
									<span class="opener">Infolets</span>
									<ul>
										<li><a href="keep-history-infolets.html">Keep History Infolets</a></li>
									</ul>
								</li>
								<li>
									<span class="opener">Pushforms</span>
									<ul>
										<li><a href="pushform-denormalize.html">Pushform Denormalized</a></li>
									</ul>
								</li>
							</ul>
						</nav>

						<!-- Section -->
						<section>
							<header class="major">
								<h2>Get in touch</h2>
							</header>
							<p>You need more details on the report or want more functionality, don't hesitate to reach out to us.</p>
							<ul class="contact">
								<li class="fa-envelope-o"><a href="mailto:rnd@metricstream.com?Subject=Reg - Static Code Analysis Tool" target="_top">rnd@metricstream.com</a></li>
							</ul>
						</section>

						<!-- Footer -->
						<footer id="footer">
							<p class="copyright">&copy; <a href="http://www.metricstream.com" target="_blank">MetricStream</a>. All rights reserved. </p>
						</footer>
					</div>
				</div>
			</div>

		<!-- Scripts -->
			<script src="../../lib/assets/js/jquery.min.js"></script>
			<script src="../../lib/assets/js/skel.min.js"></script>
			<script src="../../lib/assets/js/util.js"></script>
			<!--[if lte IE 8]><script src="../../lib/assets/js/ie/respond.min.js"></script><![endif]-->
			<script src="../../lib/assets/js/main.js"></script>
	</body>
</html>