<!DOCTYPE HTML>
<html>
	<head>
		<title>Code Analysis - MetricStream</title>
		<meta charset="utf-8" />
		<meta name="viewport" content="width=device-width, initial-scale=1, user-scalable=no" />
		<!--[if lte IE 8]><script src="../../lib/assets/js/ie/html5shiv.js"></script><![endif]-->
		<link rel="stylesheet" href="../../lib/assets/css/main.css" />
		<!--[if lte IE 9]><link rel="stylesheet" href="../../lib/assets/css/ie9.css" /><![endif]-->
		<!--[if lte IE 8]><link rel="stylesheet" href="../../lib/assets/css/ie8.css" /><![endif]-->
	</head>
	<body>

		<!-- Wrapper -->
			<div id="wrapper">

				<!-- Main -->
					<div id="main">
						<div class="inner">
							<!-- Header -->
								<header id="header">
									<a href="index.html" class="logo"><strong>Static Code Analysis Report</strong> by Code Analyzer Tool</a>
								</header>

							<!-- Content -->
								<section>
									<!-- Content -->
										<header class="major"><h2>Infolet Details</h2></header>
										<div class="table-wrapper">
											<table>
												<tbody>
													<tr>
														<td><b>Name</b></td>
														<td>MS_RSK_ORG_WTG_DRILLDOWN (102396)</td>
													</tr>
													<tr>
														<td><b>SQL</b></td>
														<td><pre><code>select NVL2(percentage,display_name ||' [' || percentage || '%]',display_name) as display_name
   ,object_id
       ,object_type
	 ,  NULL as object_level 
	  ,OVER_RIDE_ACTION
	  ,Edit_ACTION_PARAMETERS 
  from ( select  a.organization_name as object_id
                ,B.org_entity_name AS display_name
		        ,a.dd_object_type object_type
				, 'Y' AS over_ride_action
				,'proc='
                     || TO_CHAR (nvl(org_wtg.dd_process_instance_id,a.dd_process_instance_id))
                     ||'|instid='
                     || TO_CHAR (nvl(org_wtg.dd_instance_id,a.dd_instance_id))
                     ||'|edit_flag=Y'  AS edit_action_parameters
			   ,ORG.percentage	
            FROM MS_RSK_ORG_WTG_AUDIT A,  si_org_entities_t B,SI_ORG_HIERARCHY_LEVELS_T C, ms_rsk_org_wtg_org    ORG,ms_rsk_org_wtg org_wtg
                   WHERE B.org_entity_id= A.organization_name
                     AND B.org_hierarchy_id= c.org_hierarchy_id 
					 and a.organization_name = org.CHILD_ORG_ID(+)
					  and org_wtg.organization_name(+) = a.organization_name
					  and nvl(b.start_date,sysdate) <= sysdate
                      and nvl(b.end_date,sysdate) >= sysdate
					 and b.parent_org_entity_ID = :1) D
   WHERE d.display_name IS NOT NULL   </code></pre></td>
													</tr>
													<tr>
														<td><b>Description</b></td>
														<td>null</td>
													</tr>
												</tbody>
											</table>
										</div>

										<h2 align="center" id="content">Analysis Report</h2>
										<hr>

<header class="major"><h2>Plan hash value: 2047372290</h2></header><pre><code>
 
--------------------------------------------------------------------------------------------------------------
| Id  | Operation                       | Name                       | Rows  | Bytes | Cost (%CPU)| Time     |
--------------------------------------------------------------------------------------------------------------
|   0 | SELECT STATEMENT                |                            |     1 |   105 |    11   (0)| 00:00:01 |
|*  1 |  HASH JOIN OUTER                |                            |     1 |   105 |    11   (0)| 00:00:01 |
|*  2 |   HASH JOIN OUTER               |                            |     1 |    88 |     8   (0)| 00:00:01 |
|*  3 |    HASH JOIN                    |                            |     1 |    81 |     5   (0)| 00:00:01 |
|   4 |     NESTED LOOPS                |                            |     1 |    49 |     2   (0)| 00:00:01 |
|*  5 |      TABLE ACCESS BY INDEX ROWID| SI_ORG_ENTITIES_T          |     1 |    44 |     1   (0)| 00:00:01 |
|*  6 |       INDEX RANGE SCAN          | SI_ORG_ENTITIES_N3         |     5 |       |     1   (0)| 00:00:01 |
|*  7 |      INDEX FULL SCAN            | SI_ORG_HIERARCHY_LEVELS_N1 |     1 |     5 |     1   (0)| 00:00:01 |
<font style="background-color: lightblue; color: red">|   8 |     TABLE ACCESS FULL           | MS_RSK_ORG_WTG_AUDIT       |    73 |  2336 |     3   (0)| 00:00:01 |</font>
<font style="background-color: lightblue; color: red">|*  9 |    TABLE ACCESS FULL            | MS_RSK_ORG_WTG_ORG         |    69 |   483 |     3   (0)| 00:00:01 |</font>
<font style="background-color: lightblue; color: red">|  10 |   TABLE ACCESS FULL             | MS_RSK_ORG_WTG             |    73 |  1241 |     3   (0)| 00:00:01 |</font>
--------------------------------------------------------------------------------------------------------------
 
</code></pre><header class="major"><h2>Query Block Name / Object Alias (identified by operation id):</h2></header><pre><code>
 
   1 - SEL$F5BB74E1
   5 - SEL$F5BB74E1 / B@SEL$2
   6 - SEL$F5BB74E1 / B@SEL$2
   7 - SEL$F5BB74E1 / C@SEL$2
   8 - SEL$F5BB74E1 / A@SEL$2
   9 - SEL$F5BB74E1 / ORG@SEL$2
  10 - SEL$F5BB74E1 / ORG_WTG@SEL$2
 
</code></pre><header class="major"><h2>Predicate Information (identified by operation id):</h2></header><pre><code>
 
   1 - access("ORG_WTG"."ORGANIZATION_NAME"(+)="A"."ORGANIZATION_NAME")
   2 - access("A"."ORGANIZATION_NAME"="ORG"."CHILD_ORG_ID"(+))
   3 - access("B"."ORG_ENTITY_ID"=TO_NUMBER("A"."ORGANIZATION_NAME"))
   5 - filter(NVL("B"."END_DATE",SYSDATE@!)>=SYSDATE@! AND "B"."ORG_ENTITY_NAME" IS NOT NULL AND 
              NVL("B"."START_DATE",SYSDATE@!)<=SYSDATE@!)
   6 - access("B"."PARENT_ORG_ENTITY_ID"=TO_NUMBER(:1))
   7 - access("B"."ORG_HIERARCHY_ID"="C"."ORG_HIERARCHY_ID")
       filter("B"."ORG_HIERARCHY_ID"="C"."ORG_HIERARCHY_ID")
   9 - filter("ORG"."CHILD_ORG_ID"(+) IS NOT NULL)
 
</code></pre><header class="major"><h2>Column Projection Information (identified by operation id):</h2></header><pre><code>
 
   1 - (#keys=1) "A"."ORGANIZATION_NAME"[VARCHAR2,4000], "ORG"."PERCENTAGE"[NUMBER,22], 
       "B"."ORG_ENTITY_NAME"[VARCHAR2,400], "A"."DD_INSTANCE_ID"[NUMBER,22], 
       "A"."DD_OBJECT_TYPE"[VARCHAR2,4000], "A"."DD_PROCESS_INSTANCE_ID"[NUMBER,22], 
       "ORG_WTG"."DD_INSTANCE_ID"[NUMBER,22], "ORG_WTG"."DD_PROCESS_INSTANCE_ID"[NUMBER,22]
   2 - (#keys=1) "A"."ORGANIZATION_NAME"[VARCHAR2,4000], "B"."ORG_ENTITY_NAME"[VARCHAR2,400], 
       "A"."DD_INSTANCE_ID"[NUMBER,22], "A"."DD_OBJECT_TYPE"[VARCHAR2,4000], 
       "A"."DD_PROCESS_INSTANCE_ID"[NUMBER,22], "ORG"."PERCENTAGE"[NUMBER,22]
   3 - (#keys=1) "B"."ORG_ENTITY_NAME"[VARCHAR2,400], "A"."ORGANIZATION_NAME"[VARCHAR2,4000], 
       "A"."DD_OBJECT_TYPE"[VARCHAR2,4000], "A"."DD_PROCESS_INSTANCE_ID"[NUMBER,22], 
       "A"."DD_INSTANCE_ID"[NUMBER,22]
   4 - (#keys=0) "B"."ORG_ENTITY_ID"[NUMBER,22], "B"."ORG_ENTITY_NAME"[VARCHAR2,400]
   5 - "B"."ORG_ENTITY_ID"[NUMBER,22], "B"."ORG_ENTITY_NAME"[VARCHAR2,400], 
       "B"."ORG_HIERARCHY_ID"[NUMBER,22]
   6 - "B".ROWID[ROWID,10]
   8 - "A"."ORGANIZATION_NAME"[VARCHAR2,4000], "A"."DD_OBJECT_TYPE"[VARCHAR2,4000], 
       "A"."DD_PROCESS_INSTANCE_ID"[NUMBER,22], "A"."DD_INSTANCE_ID"[NUMBER,22]
   9 - "ORG"."PERCENTAGE"[NUMBER,22], "ORG"."CHILD_ORG_ID"[VARCHAR2,1024]
  10 - "ORG_WTG"."ORGANIZATION_NAME"[VARCHAR2,4000], "ORG_WTG"."DD_PROCESS_INSTANCE_ID"[NUMBER,22], 
       "ORG_WTG"."DD_INSTANCE_ID"[NUMBER,22]
										</code></pre>
								</section>
						</div>
					</div>

				<!-- Sidebar -->
				<div id="sidebar">
					<div class="inner">
						<!-- Menu -->
						<nav id="menu">
							<header class="major">
								<h2>Menu</h2>
							</header>
							<ul>
								<li><a href="../index.html">Module List</a></li>
								<li><a href="index.html">Summary</a></li>
								<li>
									<span class="opener">DB Analysis</span>
									<ul>
										<li><a href="bad-sql.html">Bad SQL</a></li>
										<li><a href="poor-sql.html">Poor SQL Plan</a></li>
										<li><a href="invalid-sql.html">Invalid SQL</a></li>
										<li><a href="full-sql.html">Full SQL Report</a></li>
										<li><a href="table-nil-key.html">Primary/Unique Key Miss</a></li>
										<li><a href="invalid-db-object.html">Invalid DB Objects</a></li>
									</ul>
								</li>
								<li>
									<span class="opener">Infolets</span>
									<ul>
										<li><a href="keep-history-infolets.html">Keep History Infolets</a></li>
									</ul>
								</li>
								<li>
									<span class="opener">Pushforms</span>
									<ul>
										<li><a href="pushform-denormalize.html">Pushform Denormalized</a></li>
									</ul>
								</li>
							</ul>
						</nav>

						<!-- Section -->
						<section>
							<header class="major">
								<h2>Get in touch</h2>
							</header>
							<p>You need more details on the report or want more functionality, don't hesitate to reach out to us.</p>
							<ul class="contact">
								<li class="fa-envelope-o"><a href="mailto:rnd@metricstream.com?Subject=Reg - Static Code Analysis Tool" target="_top">rnd@metricstream.com</a></li>
							</ul>
						</section>

						<!-- Footer -->
						<footer id="footer">
							<p class="copyright">&copy; <a href="http://www.metricstream.com" target="_blank">MetricStream</a>. All rights reserved. </p>
						</footer>
					</div>
				</div>
			</div>

		<!-- Scripts -->
			<script src="../../lib/assets/js/jquery.min.js"></script>
			<script src="../../lib/assets/js/skel.min.js"></script>
			<script src="../../lib/assets/js/util.js"></script>
			<!--[if lte IE 8]><script src="../../lib/assets/js/ie/respond.min.js"></script><![endif]-->
			<script src="../../lib/assets/js/main.js"></script>
	</body>
</html>