<!DOCTYPE HTML>
<html>
	<head>
		<title>Code Analysis - MetricStream</title>
		<meta charset="utf-8" />
		<meta name="viewport" content="width=device-width, initial-scale=1, user-scalable=no" />
		<!--[if lte IE 8]><script src="../../lib/assets/js/ie/html5shiv.js"></script><![endif]-->
		<link rel="stylesheet" href="../../lib/assets/css/main.css" />
		<!--[if lte IE 9]><link rel="stylesheet" href="../../lib/assets/css/ie9.css" /><![endif]-->
		<!--[if lte IE 8]><link rel="stylesheet" href="../../lib/assets/css/ie8.css" /><![endif]-->
	</head>
	<body>

		<!-- Wrapper -->
			<div id="wrapper">

				<!-- Main -->
					<div id="main">
						<div class="inner">
							<!-- Header -->
								<header id="header">
									<a href="index.html" class="logo"><strong>Static Code Analysis Report</strong> by Code Analyzer Tool</a>
								</header>

							<!-- Content -->
								<section>
									<!-- Content -->
										<header class="major"><h2>Infolet Details</h2></header>
										<div class="table-wrapper">
											<table>
												<tbody>
													<tr>
														<td><b>Name</b></td>
														<td>MS_RSK_LND_ASSESSED_PARENT_ORGS (102357)</td>
													</tr>
													<tr>
														<td><b>SQL</b></td>
														<td><pre><code>SELECT DISTINCT org.parent_org_entity_id AS parent_org_entity_id ,
  porg.org_entity_name                   AS parent_org_entity_name
FROM si_org_entities org ,
  si_org_locations loc ,
  si_org_hierarchy_levels ohl ,
  si_org_entities porg
WHERE org.location_id = loc.location_id (+)
AND SYSDATE BETWEEN org.start_date AND NVL(org.end_date, SYSDATE)
AND org.org_hierarchy_id     = ohl.org_hierarchy_id
AND org.parent_org_entity_id = porg.org_entity_id (+)
AND org.org_entity_id       IN
  ( SELECT DISTINCT organization_id FROM ms_rsk_risk_assessment_org
  )
AND org.parent_org_entity_id <> 0
AND org.org_entity_id IN
  (SELECT DISTINCT TO_CHAR(ORG_ENTITY_ID) AS object_id
  FROM SI_ORG_ROLES
  WHERE ORG_ROLE_ID IN
    (SELECT ORG_ROLE_ID
    FROM SI_USER_ORG_ROLES
    WHERE user_id=
      (SELECT USER_ID FROM SI_USERS_T WHERE USER_NAME =:1
      )
    )
  )</code></pre></td>
													</tr>
													<tr>
														<td><b>Description</b></td>
														<td>null</td>
													</tr>
												</tbody>
											</table>
										</div>

										<h2 align="center" id="content">Analysis Report</h2>
										<hr>

<header class="major"><h2>Plan hash value: 2736406838</h2></header><pre><code>
 
--------------------------------------------------------------------------------------------------------------------
| Id  | Operation                             | Name                       | Rows  | Bytes | Cost (%CPU)| Time     |
--------------------------------------------------------------------------------------------------------------------
|   0 | SELECT STATEMENT                      |                            |     1 |    95 |    16   (7)| 00:00:01 |
|   1 |  SORT UNIQUE                          |                            |     1 |    95 |    16   (7)| 00:00:01 |
|   2 |   NESTED LOOPS OUTER                  |                            |     1 |    95 |    15   (0)| 00:00:01 |
|   3 |    NESTED LOOPS                       |                            |     1 |    70 |    14   (0)| 00:00:01 |
|*  4 |     HASH JOIN                         |                            |     1 |    65 |    13   (0)| 00:00:01 |
|   5 |      NESTED LOOPS OUTER               |                            |     1 |    58 |    10   (0)| 00:00:01 |
|*  6 |       HASH JOIN                       |                            |     1 |    54 |     9   (0)| 00:00:01 |
|*  7 |        HASH JOIN                      |                            |     3 |    75 |     3   (0)| 00:00:01 |
|   8 |         NESTED LOOPS                  |                            |     3 |    45 |     2   (0)| 00:00:01 |
|   9 |          NESTED LOOPS                 |                            |     3 |    45 |     2   (0)| 00:00:01 |
|  10 |           VIEW                        | VW_SQ_1                    |     1 |     5 |     1   (0)| 00:00:01 |
|  11 |            TABLE ACCESS BY INDEX ROWID| SI_USERS_T                 |     1 |    18 |     1   (0)| 00:00:01 |
|* 12 |             INDEX RANGE SCAN          | SI_USERS_T_N3              |     1 |       |     1   (0)| 00:00:01 |
|* 13 |           INDEX RANGE SCAN            | SI_USER_ORG_ROLES_N1       |     3 |       |     1   (0)| 00:00:01 |
|  14 |          TABLE ACCESS BY INDEX ROWID  | SI_USER_ORG_ROLES          |     3 |    30 |     1   (0)| 00:00:01 |
|  15 |         INDEX FULL SCAN               | SI_ORG_ROLES_N3            |    63 |   630 |     1   (0)| 00:00:01 |
|  16 |        VIEW                           | SI_ORG_ENTITIES            |     4 |   116 |     6   (0)| 00:00:01 |
|* 17 |         HASH JOIN OUTER               |                            |     4 |   136 |     6   (0)| 00:00:01 |
<font style="background-color: lightblue; color: red">|* 18 |          TABLE ACCESS FULL            | SI_ORG_ENTITIES_T          |     4 |   108 |     3   (0)| 00:00:01 |</font>
<font style="background-color: lightblue; color: red">|* 19 |          TABLE ACCESS FULL            | SI_ORG_ENTITIES_TL         |     2 |    14 |     3   (0)| 00:00:01 |</font>
|* 20 |       INDEX RANGE SCAN                | SI_ORG_LOCATIONS_N1        |     1 |     4 |     1   (0)| 00:00:01 |
<font style="background-color: lightblue; color: red">|  21 |      TABLE ACCESS FULL                | MS_RSK_RISK_ASSESSMENT_ORG |     3 |    21 |     3   (0)| 00:00:01 |</font>
|* 22 |     INDEX FULL SCAN                   | SI_ORG_HIERARCHY_LEVELS_N1 |     1 |     5 |     1   (0)| 00:00:01 |
|  23 |    VIEW PUSHED PREDICATE              | SI_ORG_ENTITIES            |     1 |    25 |     1   (0)| 00:00:01 |
|* 24 |     HASH JOIN OUTER                   |                            |     1 |    32 |     4   (0)| 00:00:01 |
|  25 |      TABLE ACCESS BY INDEX ROWID      | SI_ORG_ENTITIES_T          |     1 |    25 |     1   (0)| 00:00:01 |
|* 26 |       INDEX RANGE SCAN                | SI_ORG_ENTITIES_N5         |     1 |       |     1   (0)| 00:00:01 |
<font style="background-color: lightblue; color: red">|* 27 |      TABLE ACCESS FULL                | SI_ORG_ENTITIES_TL         |     1 |     7 |     3   (0)| 00:00:01 |</font>
--------------------------------------------------------------------------------------------------------------------
 
</code></pre><header class="major"><h2>Query Block Name / Object Alias (identified by operation id):</h2></header><pre><code>
 
   1 - SEL$D97645E9
  10 - SEL$A9DBB1CB / VW_SQ_1@SEL$D0C0A3F7
  11 - SEL$A9DBB1CB / SI_USERS_T@SEL$9
  12 - SEL$A9DBB1CB / SI_USERS_T@SEL$9
  13 - SEL$D97645E9 / SI_USER_ORG_ROLES@SEL$8
  14 - SEL$D97645E9 / SI_USER_ORG_ROLES@SEL$8
  15 - SEL$D97645E9 / SI_ORG_ROLES@SEL$7
  16 - SEL$2        / ORG@SEL$1
  17 - SEL$2       
  18 - SEL$2        / T@SEL$2
  19 - SEL$2        / TL@SEL$2
  20 - SEL$D97645E9 / SI_ORG_LOCATIONS_T@SEL$3
  21 - SEL$D97645E9 / MS_RSK_RISK_ASSESSMENT_ORG@SEL$6
  22 - SEL$D97645E9 / SI_ORG_HIERARCHY_LEVELS_T@SEL$4
  23 - SEL$693A5C0E / PORG@SEL$1
  24 - SEL$693A5C0E
  25 - SEL$693A5C0E / T@SEL$5
  26 - SEL$693A5C0E / T@SEL$5
  27 - SEL$693A5C0E / TL@SEL$5
 
</code></pre><header class="major"><h2>Predicate Information (identified by operation id):</h2></header><pre><code>
 
   4 - access("ORG"."ORG_ENTITY_ID"=TO_NUMBER("ORGANIZATION_ID"))
   6 - access("ORG"."ORG_ENTITY_ID"=TO_NUMBER(TO_CHAR("ORG_ENTITY_ID")))
   7 - access("ORG_ROLE_ID"="ORG_ROLE_ID")
  12 - access("USER_NAME"=:1)
  13 - access("USER_ID"="USER_ID")
  17 - access("T"."ORG_ENTITY_ID"="TL"."ORG_ENTITY_ID"(+))
  18 - filter(NVL("END_DATE",SYSDATE@!)>=SYSDATE@! AND "PARENT_ORG_ENTITY_ID"<>0 AND 
              "START_DATE"<=SYSDATE@!)
  19 - filter("TL"."LOCALE_ID"(+)=TO_NUMBER("SI_DB_LOCALE_SV"."GETVALUE"()))
  20 - access("ORG"."LOCATION_ID"="LOCATION_ID"(+))
  22 - access("ORG"."ORG_HIERARCHY_ID"="ORG_HIERARCHY_ID")
       filter("ORG"."ORG_HIERARCHY_ID"="ORG_HIERARCHY_ID")
  24 - access("T"."ORG_ENTITY_ID"="TL"."ORG_ENTITY_ID"(+))
  26 - access("T"."ORG_ENTITY_ID"="ORG"."PARENT_ORG_ENTITY_ID")
  27 - filter("TL"."ORG_ENTITY_ID"(+)="ORG"."PARENT_ORG_ENTITY_ID" AND 
              "TL"."LOCALE_ID"(+)=TO_NUMBER("SI_DB_LOCALE_SV"."GETVALUE"()))
 
</code></pre><header class="major"><h2>Column Projection Information (identified by operation id):</h2></header><pre><code>
 
   1 - (#keys=2) "ORG"."PARENT_ORG_ENTITY_ID"[NUMBER,22], "PORG"."ORG_ENTITY_NAME"[VARCHAR2,400]
   2 - (#keys=0) "ORG"."PARENT_ORG_ENTITY_ID"[NUMBER,22], "PORG"."ORG_ENTITY_NAME"[VARCHAR2,400]
   3 - (#keys=0) "ORG"."PARENT_ORG_ENTITY_ID"[NUMBER,22]
   4 - (#keys=1) "ORG"."ORG_HIERARCHY_ID"[NUMBER,22], "ORG"."PARENT_ORG_ENTITY_ID"[NUMBER,22]
   5 - (#keys=0) "ORG"."ORG_ENTITY_ID"[NUMBER,22], "ORG"."ORG_HIERARCHY_ID"[NUMBER,22], 
       "ORG"."PARENT_ORG_ENTITY_ID"[NUMBER,22]
   6 - (#keys=1) "ORG"."ORG_ENTITY_ID"[NUMBER,22], "ORG"."ORG_HIERARCHY_ID"[NUMBER,22], 
       "ORG"."PARENT_ORG_ENTITY_ID"[NUMBER,22], "ORG"."LOCATION_ID"[NUMBER,22]
   7 - (#keys=1) "ORG_ENTITY_ID"[NUMBER,22]
   8 - (#keys=0) "ORG_ROLE_ID"[NUMBER,22]
   9 - (#keys=0) "SI_USER_ORG_ROLES".ROWID[ROWID,10]
  10 - "USER_ID"[NUMBER,22]
  11 - "USER_ID"[NUMBER,22]
  12 - "SI_USERS_T".ROWID[ROWID,10]
  13 - "SI_USER_ORG_ROLES".ROWID[ROWID,10]
  14 - "ORG_ROLE_ID"[NUMBER,22]
  15 - "ORG_ROLE_ID"[NUMBER,22], "ORG_ENTITY_ID"[NUMBER,22]
  16 - "ORG"."ORG_ENTITY_ID"[NUMBER,22], "ORG"."ORG_HIERARCHY_ID"[NUMBER,22], 
       "ORG"."PARENT_ORG_ENTITY_ID"[NUMBER,22], "ORG"."LOCATION_ID"[NUMBER,22]
  17 - (#keys=1) "T"."ORG_ENTITY_ID"[NUMBER,22], "ORG_HIERARCHY_ID"[NUMBER,22], 
       "PARENT_ORG_ENTITY_ID"[NUMBER,22], "LOCATION_ID"[NUMBER,22]
  18 - "T"."ORG_ENTITY_ID"[NUMBER,22], "ORG_HIERARCHY_ID"[NUMBER,22], "PARENT_ORG_ENTITY_ID"[NUMBER,22], 
       "LOCATION_ID"[NUMBER,22]
  19 - "TL"."ORG_ENTITY_ID"[NUMBER,22]
  21 - "ORGANIZATION_ID"[VARCHAR2,4000]
  23 - "PORG"."ORG_ENTITY_NAME"[VARCHAR2,400]
  24 - (#keys=1) "T"."ORG_ENTITY_NAME"[VARCHAR2,400]
  25 - "T"."ORG_ENTITY_ID"[NUMBER,22], "T"."ORG_ENTITY_NAME"[VARCHAR2,400]
  26 - "T".ROWID[ROWID,10], "T"."ORG_ENTITY_ID"[NUMBER,22]
  27 - "TL"."ORG_ENTITY_ID"[NUMBER,22]
										</code></pre>
								</section>
						</div>
					</div>

				<!-- Sidebar -->
				<div id="sidebar">
					<div class="inner">
						<!-- Menu -->
						<nav id="menu">
							<header class="major">
								<h2>Menu</h2>
							</header>
							<ul>
								<li><a href="../index.html">Module List</a></li>
								<li><a href="index.html">Summary</a></li>
								<li>
									<span class="opener">DB Analysis</span>
									<ul>
										<li><a href="bad-sql.html">Bad SQL</a></li>
										<li><a href="poor-sql.html">Poor SQL Plan</a></li>
										<li><a href="invalid-sql.html">Invalid SQL</a></li>
										<li><a href="full-sql.html">Full SQL Report</a></li>
										<li><a href="table-nil-key.html">Primary/Unique Key Miss</a></li>
										<li><a href="invalid-db-object.html">Invalid DB Objects</a></li>
									</ul>
								</li>
								<li>
									<span class="opener">Infolets</span>
									<ul>
										<li><a href="keep-history-infolets.html">Keep History Infolets</a></li>
									</ul>
								</li>
								<li>
									<span class="opener">Pushforms</span>
									<ul>
										<li><a href="pushform-denormalize.html">Pushform Denormalized</a></li>
									</ul>
								</li>
							</ul>
						</nav>

						<!-- Section -->
						<section>
							<header class="major">
								<h2>Get in touch</h2>
							</header>
							<p>You need more details on the report or want more functionality, don't hesitate to reach out to us.</p>
							<ul class="contact">
								<li class="fa-envelope-o"><a href="mailto:rnd@metricstream.com?Subject=Reg - Static Code Analysis Tool" target="_top">rnd@metricstream.com</a></li>
							</ul>
						</section>

						<!-- Footer -->
						<footer id="footer">
							<p class="copyright">&copy; <a href="http://www.metricstream.com" target="_blank">MetricStream</a>. All rights reserved. </p>
						</footer>
					</div>
				</div>
			</div>

		<!-- Scripts -->
			<script src="../../lib/assets/js/jquery.min.js"></script>
			<script src="../../lib/assets/js/skel.min.js"></script>
			<script src="../../lib/assets/js/util.js"></script>
			<!--[if lte IE 8]><script src="../../lib/assets/js/ie/respond.min.js"></script><![endif]-->
			<script src="../../lib/assets/js/main.js"></script>
	</body>
</html>