<!DOCTYPE HTML>
<html>
	<head>
		<title>Code Analysis - MetricStream</title>
		<meta charset="utf-8" />
		<meta name="viewport" content="width=device-width, initial-scale=1, user-scalable=no" />
		<!--[if lte IE 8]><script src="../../lib/assets/js/ie/html5shiv.js"></script><![endif]-->
		<link rel="stylesheet" href="../../lib/assets/css/main.css" />
		<!--[if lte IE 9]><link rel="stylesheet" href="../../lib/assets/css/ie9.css" /><![endif]-->
		<!--[if lte IE 8]><link rel="stylesheet" href="../../lib/assets/css/ie8.css" /><![endif]-->
	</head>
	<body>

		<!-- Wrapper -->
			<div id="wrapper">

				<!-- Main -->
					<div id="main">
						<div class="inner">
							<!-- Header -->
								<header id="header">
									<a href="index.html" class="logo"><strong>Static Code Analysis Report</strong> by Code Analyzer Tool</a>
								</header>

							<!-- Content -->
								<section>
									<!-- Content -->
										<header class="major"><h2>Infolet Details</h2></header>
										<div class="table-wrapper">
											<table>
												<tbody>
													<tr>
														<td><b>Name</b></td>
														<td>MS_RSK_PERSP_LIST_RP_INFOL (102410)</td>
													</tr>
													<tr>
														<td><b>SQL</b></td>
														<td><pre><code>SELECT SCENARIO_ID,
  OBJECT_NAME_LINK,
  ASSESSMENT_TYPE,
  DEFAULT_SCENARIO,
  CALCULATE_RESIDUAL_SCORES,
  RISK_CATEGORY,
  VALID_FROM,
  VALID_UNTIL,
  EXPIRED_FLAG,
  SCN_RISK_CATEGORIES,
  SCENARIO_ID_STORED,
  DEFAULT_SCENARIO_STORED,
  OBJECT_NAME_STORED,
  GROUP_NAME_STORED,
  ASSESSMENT_TYPE_STORED,
  I_PERSPECTIVE_NAME,
  RAM_LINK,
  risa_name_link
,
risk_assessment_methodology
  
FROM
  ( SELECT DISTINCT A.SCENARIO_ID AS SCENARIO_ID,
    (SELECT ms_rsk_utils.Get_Edit_Url(dd_object_type,dd_process_instance_id,dd_instance_id,'Y',e.object_name)
    FROM DUAL
    ) AS object_name_link,
    (SELECT ms_apps_utilities.get_display_value (
      (SELECT ENTERPRISE_ID FROM SI_ENT_ACTIVE_V
      ),'MS RSK List of Assessment Types',e.assessment_type)
    FROM DUAL
    ) AS assessment_type,
    (SELECT MS_APPS_UTILITIES.GET_DISPLAY_VALUE (
      (SELECT ENTERPRISE_ID FROM SI_ENT_ACTIVE_V
      ),'MS RSK Yes No', e.DEFAULT_SCENARIO )
    FROM DUAL
    ) AS DEFAULT_SCENARIO,
    (SELECT ms_apps_utilities.get_display_value(
      (SELECT ENTERPRISE_ID FROM SI_ENT_ACTIVE_V
      ),'MS RSK Yes No', e.calculate_residual_scores)
    FROM DUAL
    )                 AS calculate_residual_scores,
    D.RISK_CATEGORIES AS RISK_CATEGORY,
    TO_CHAR(trunc(e.VALID_FROM)) as VALID_FROM,
    TO_CHAR(TRUNC(E.VALID_UNTIL)) AS VALID_UNTIL,
    (SELECT Ms_Rsk_Utils.include_expired (e.valid_from, e.valid_until) FROM dual
    )                     AS expired_flag,
    a.Scn_risk_categories AS Scn_risk_categories,
    A.SCENARIO_ID         AS SCENARIO_ID_STORED,
    e.DEFAULT_SCENARIO      AS DEFAULT_SCENARIO_STORED,
    e.object_name           AS object_name_stored,
    GROUP_NAME            AS GROUP_NAME_STORED,
    e.ASSESSMENT_TYPE       AS ASSESSMENT_TYPE_STORED,
    e.OBJECT_NAME           AS I_PERSPECTIVE_NAME,
    (SELECT ms_apps_utilities.get_display_value(
      (SELECT enterprise_id FROM si_ent_active_v
      ),'MS_RSK_RISK_ASSESSMENT_METHODOLOGY', e.risk_assessment_methodology)
    FROM DUAL
    )                             AS risk_assessment_methodology,
    e.risk_assessment_methodology AS risk_ass_methodology_stored,
    (SELECT object_name FROM ms_rsk_risk_ram WHERE object_id=e.ram_profile
    ) AS ram_name,
    e.ram_profile,
    (SELECT ms_rsk_utils.Get_Edit_Url(dd_object_type,dd_process_instance_id,dd_instance_id,'Y',object_name)
    FROM ms_rsk_risk_ram
    WHERE object_id= e.ram_profile
    ) AS ram_link,
    (SELECT object_name
    FROM ms_rsk_risk_rule_build
    WHERE object_id=e.scenario_algorithm
    ) AS risa_name,
    (SELECT ms_rsk_utils.Get_Edit_Url(dd_object_type,dd_process_instance_id,dd_instance_id,'Y',object_name)
    FROM ms_rsk_risk_rule_build
    WHERE object_id= e.scenario_algorithm
    ) AS risa_name_link,
    e.scenario_algorithm
  FROM Ms_Rsk_Scenarios_detail_Vw a,
    ms_rsk_scenarios b,
    MS_RSK_SCENARIOS_RSC C,
    ms_rsk_scenarios_scn e,
    (SELECT SCENARIO_ID,
      MS_JOIN_FOR_DISPLAY (ms_apps_utilities.get_display_value (
      (SELECT ENTERPRISE_ID FROM SI_ENT_ACTIVE_V
      ),'MS GRC Risk Category',RISK_CATEGORIES)) risk_categories
    FROM MS_RSK_SCENARIOS_RSC
    GROUP BY SCENARIO_ID
    ) d
  WHERE A.OBJECT_ID = B.OBJECT_ID
  AND e.scenario_id =a.scenario_id
  AND A.SCENARIO_ID = C.SCENARIO_ID
  AND C.SCENARIO_ID = D.SCENARIO_ID
  ) where MS_RSK_CHK_ACTVTY_FR_USER(:1,'RSK - Manage Scenarios') > 0</code></pre></td>
													</tr>
													<tr>
														<td><b>Description</b></td>
														<td>null</td>
													</tr>
												</tbody>
											</table>
										</div>

										<h2 align="center" id="content">Analysis Report</h2>
										<hr>

<header class="major"><h2>Plan hash value: 2401813705</h2></header><pre><code>
 
---------------------------------------------------------------------------------------------------------------
| Id  | Operation                         | Name                      | Rows  | Bytes | Cost (%CPU)| Time     |
---------------------------------------------------------------------------------------------------------------
|   0 | SELECT STATEMENT                  |                           |    13 |   250K|    12  (25)| 00:00:01 |
|   1 |  FAST DUAL                        |                           |     1 |       |     2   (0)| 00:00:01 |
|   2 |  VIEW                             | SI_ENT_ACTIVE_V           |     1 |    13 |     4  (25)| 00:00:01 |
|   3 |   SORT ORDER BY                   |                           |     1 |    33 |     4  (25)| 00:00:01 |
<font style="background-color: lightblue; color: red">|*  4 |    TABLE ACCESS FULL              | SI_ENT                    |     1 |    33 |     3   (0)| 00:00:01 |</font>
|   5 |  FAST DUAL                        |                           |     1 |       |     2   (0)| 00:00:01 |
|   6 |  VIEW                             | SI_ENT_ACTIVE_V           |     1 |    13 |     4  (25)| 00:00:01 |
|   7 |   SORT ORDER BY                   |                           |     1 |    33 |     4  (25)| 00:00:01 |
<font style="background-color: lightblue; color: red">|*  8 |    TABLE ACCESS FULL              | SI_ENT                    |     1 |    33 |     3   (0)| 00:00:01 |</font>
|   9 |  FAST DUAL                        |                           |     1 |       |     2   (0)| 00:00:01 |
|  10 |  VIEW                             | SI_ENT_ACTIVE_V           |     1 |    13 |     4  (25)| 00:00:01 |
|  11 |   SORT ORDER BY                   |                           |     1 |    33 |     4  (25)| 00:00:01 |
<font style="background-color: lightblue; color: red">|* 12 |    TABLE ACCESS FULL              | SI_ENT                    |     1 |    33 |     3   (0)| 00:00:01 |</font>
|  13 |  FAST DUAL                        |                           |     1 |       |     2   (0)| 00:00:01 |
|  14 |  VIEW                             | SI_ENT_ACTIVE_V           |     1 |    13 |     4  (25)| 00:00:01 |
|  15 |   SORT ORDER BY                   |                           |     1 |    33 |     4  (25)| 00:00:01 |
<font style="background-color: lightblue; color: red">|* 16 |    TABLE ACCESS FULL              | SI_ENT                    |     1 |    33 |     3   (0)| 00:00:01 |</font>
|  17 |  FAST DUAL                        |                           |     1 |       |     2   (0)| 00:00:01 |
|  18 |  SORT GROUP BY                    |                           |     1 |    14 |            |          |
<font style="background-color: lightblue; color: red">|* 19 |   INDEX SKIP SCAN                 | MS_RSK_SCENARIOS_RSC_UK   |     2 |    28 |     1   (0)| 00:00:01 |</font>
|  20 |  TABLE ACCESS BY INDEX ROWID      | MS_RSK_RISK_RAM           |     1 |    70 |     1   (0)| 00:00:01 |
|* 21 |   INDEX UNIQUE SCAN               | MS_RSK_RISK_RAM_PK        |     1 |       |     1   (0)| 00:00:01 |
|  22 |  TABLE ACCESS BY INDEX ROWID      | MS_RSK_RISK_RULE_BUILD    |     1 |    70 |     1   (0)| 00:00:01 |
|* 23 |   INDEX UNIQUE SCAN               | MS_RSK_RISK_RULE_BUILD_PK |     1 |       |     1   (0)| 00:00:01 |
|  24 |  VIEW                             | SI_ENT_ACTIVE_V           |     1 |    13 |     4  (25)| 00:00:01 |
|  25 |   SORT ORDER BY                   |                           |     1 |    33 |     4  (25)| 00:00:01 |
<font style="background-color: lightblue; color: red">|* 26 |    TABLE ACCESS FULL              | SI_ENT                    |     1 |    33 |     3   (0)| 00:00:01 |</font>
|  27 |  FAST DUAL                        |                           |     1 |       |     2   (0)| 00:00:01 |
|  28 |  VIEW                             |                           |    13 |   250K|    12  (25)| 00:00:01 |
|  29 |   TABLE ACCESS BY INDEX ROWID     | MS_RSK_RISK_RAM           |     1 |    44 |     1   (0)| 00:00:01 |
|* 30 |    INDEX UNIQUE SCAN              | MS_RSK_RISK_RAM_PK        |     1 |       |     1   (0)| 00:00:01 |
|  31 |   TABLE ACCESS BY INDEX ROWID     | MS_RSK_RISK_RULE_BUILD    |     1 |    35 |     1   (0)| 00:00:01 |
|* 32 |    INDEX UNIQUE SCAN              | MS_RSK_RISK_RULE_BUILD_PK |     1 |       |     1   (0)| 00:00:01 |
|  33 |   SORT UNIQUE                     |                           |    13 | 29081 |    12  (25)| 00:00:01 |
|* 34 |    HASH JOIN                      |                           |    13 | 29081 |    11  (19)| 00:00:01 |
|* 35 |     HASH JOIN                     |                           |    31 |  6944 |     7  (15)| 00:00:01 |
|* 36 |      HASH JOIN                    |                           |    13 |  2769 |     6  (17)| 00:00:01 |
|  37 |       MERGE JOIN                  |                           |    13 |  1573 |     3  (34)| 00:00:01 |
|  38 |        TABLE ACCESS BY INDEX ROWID| MS_RSK_SCENARIOS          |     1 |    99 |     1   (0)| 00:00:01 |
|  39 |         INDEX FULL SCAN           | MS_RSK_SCENARIOS_PK       |     1 |       |     1   (0)| 00:00:01 |
|* 40 |        SORT JOIN                  |                           |    13 |   286 |     2  (50)| 00:00:01 |
|  41 |         INDEX FULL SCAN           | MS_RSK_SCENARIOS_SCN_UK   |    13 |   286 |     1   (0)| 00:00:01 |
<font style="background-color: lightblue; color: red">|  42 |       TABLE ACCESS FULL           | MS_RSK_SCENARIOS_SCN      |    13 |  1196 |     3   (0)| 00:00:01 |</font>
|  43 |      INDEX FULL SCAN              | MS_RSK_SCENARIOS_RSC_UK   |    31 |   341 |     1   (0)| 00:00:01 |
|  44 |     VIEW                          |                           |    13 | 26169 |     4  (25)| 00:00:01 |
|  45 |      SORT GROUP BY                |                           |    13 |   182 |     4  (25)| 00:00:01 |
|* 46 |       FILTER                      |                           |       |       |            |          |
<font style="background-color: lightblue; color: red">|  47 |        TABLE ACCESS FULL          | MS_RSK_SCENARIOS_RSC      |    31 |   434 |     3   (0)| 00:00:01 |</font>
---------------------------------------------------------------------------------------------------------------
 
</code></pre><header class="major"><h2>Query Block Name / Object Alias (identified by operation id):</h2></header><pre><code>
 
   1 - SEL$3        / DUAL@SEL$3
   2 - SEL$6        / SI_ENT_ACTIVE_V@SEL$5
   3 - SEL$6       
   4 - SEL$6        / SI_ENT@SEL$6
   5 - SEL$4        / DUAL@SEL$4
   6 - SEL$9        / SI_ENT_ACTIVE_V@SEL$8
   7 - SEL$9       
   8 - SEL$9        / SI_ENT@SEL$9
   9 - SEL$7        / DUAL@SEL$7
  10 - SEL$12       / SI_ENT_ACTIVE_V@SEL$11
  11 - SEL$12      
  12 - SEL$12       / SI_ENT@SEL$12
  13 - SEL$10       / DUAL@SEL$10
  14 - SEL$26       / SI_ENT_ACTIVE_V@SEL$25
  15 - SEL$26      
  16 - SEL$26       / SI_ENT@SEL$26
  17 - SEL$13       / DUAL@SEL$13
  18 - SEL$23      
  19 - SEL$23       / D@SEL$23
  20 - SEL$18       / MS_RSK_RISK_RAM@SEL$18
  21 - SEL$18       / MS_RSK_RISK_RAM@SEL$18
  22 - SEL$20       / MS_RSK_RISK_RULE_BUILD@SEL$20
  23 - SEL$20       / MS_RSK_RISK_RULE_BUILD@SEL$20
  24 - SEL$16       / SI_ENT_ACTIVE_V@SEL$15
  25 - SEL$16      
  26 - SEL$16       / SI_ENT@SEL$16
  27 - SEL$14       / DUAL@SEL$14
  28 - SEL$1B2BA934 / from$_subquery$_001@SEL$1
  29 - SEL$17       / MS_RSK_RISK_RAM@SEL$17
  30 - SEL$17       / MS_RSK_RISK_RAM@SEL$17
  31 - SEL$19       / MS_RSK_RISK_RULE_BUILD@SEL$19
  32 - SEL$19       / MS_RSK_RISK_RULE_BUILD@SEL$19
  33 - SEL$1B2BA934
  38 - SEL$1B2BA934 / B@SEL$2
  39 - SEL$1B2BA934 / B@SEL$2
  41 - SEL$1B2BA934 / B@SEL$21
  42 - SEL$1B2BA934 / E@SEL$2
  43 - SEL$1B2BA934 / C@SEL$2
  44 - SEL$24       / D@SEL$2
  45 - SEL$24      
  47 - SEL$24       / MS_RSK_SCENARIOS_RSC@SEL$24
 
</code></pre><header class="major"><h2>Predicate Information (identified by operation id):</h2></header><pre><code>
 
   4 - filter("START_DATE"<=SYSDATE@! AND ("END_DATE" IS NULL OR "END_DATE">=SYSDATE@!))
   8 - filter("START_DATE"<=SYSDATE@! AND ("END_DATE" IS NULL OR "END_DATE">=SYSDATE@!))
  12 - filter("START_DATE"<=SYSDATE@! AND ("END_DATE" IS NULL OR "END_DATE">=SYSDATE@!))
  16 - filter("START_DATE"<=SYSDATE@! AND ("END_DATE" IS NULL OR "END_DATE">=SYSDATE@!))
  19 - access("D"."SCENARIO_ID"=:B1)
       filter("D"."SCENARIO_ID"=:B1)
  21 - access("OBJECT_ID"=:B1)
  23 - access("OBJECT_ID"=:B1)
  26 - filter("START_DATE"<=SYSDATE@! AND ("END_DATE" IS NULL OR "END_DATE">=SYSDATE@!))
  30 - access("OBJECT_ID"=:B1)
  32 - access("OBJECT_ID"=:B1)
  34 - access("C"."SCENARIO_ID"="D"."SCENARIO_ID")
  35 - access("B"."SCENARIO_ID"="C"."SCENARIO_ID")
  36 - access("E"."SCENARIO_ID"="B"."SCENARIO_ID")
  40 - access("B"."OBJECT_ID"="B"."OBJECT_ID")
       filter("B"."OBJECT_ID"="B"."OBJECT_ID")
  46 - filter("MS_RSK_CHK_ACTVTY_FR_USER"(:1,'RSK - Manage Scenarios')>0)
 
</code></pre><header class="major"><h2>Column Projection Information (identified by operation id):</h2></header><pre><code>
 
   2 - "ENTERPRISE_ID"[NUMBER,22]
   3 - (#keys=1) INTERNAL_FUNCTION("CREATION_DATE")[7], "ENTERPRISE_ID"[NUMBER,22]
   4 - "ENTERPRISE_ID"[NUMBER,22], "CREATION_DATE"[DATE,7]
   6 - "ENTERPRISE_ID"[NUMBER,22]
   7 - (#keys=1) INTERNAL_FUNCTION("CREATION_DATE")[7], "ENTERPRISE_ID"[NUMBER,22]
   8 - "ENTERPRISE_ID"[NUMBER,22], "CREATION_DATE"[DATE,7]
  10 - "ENTERPRISE_ID"[NUMBER,22]
  11 - (#keys=1) INTERNAL_FUNCTION("CREATION_DATE")[7], "ENTERPRISE_ID"[NUMBER,22]
  12 - "ENTERPRISE_ID"[NUMBER,22], "CREATION_DATE"[DATE,7]
  14 - "ENTERPRISE_ID"[NUMBER,22]
  15 - (#keys=1) INTERNAL_FUNCTION("CREATION_DATE")[7], "ENTERPRISE_ID"[NUMBER,22]
  16 - "ENTERPRISE_ID"[NUMBER,22], "CREATION_DATE"[DATE,7]
  18 - (#keys=0) "MS_JOIN"(DISTINCT "D"."RISK_CATEGORIES")[4000]
  19 - "D"."RISK_CATEGORIES"[VARCHAR2,4000]
  20 - "MS_RSK_RISK_RAM".ROWID[ROWID,10], "OBJECT_NAME"[VARCHAR2,1200], 
       "DD_OBJECT_TYPE"[VARCHAR2,400], "DD_PROCESS_INSTANCE_ID"[NUMBER,22], "DD_INSTANCE_ID"[NUMBER,22]
  21 - "MS_RSK_RISK_RAM".ROWID[ROWID,10]
  22 - "MS_RSK_RISK_RULE_BUILD".ROWID[ROWID,10], "OBJECT_NAME"[VARCHAR2,400], 
       "DD_OBJECT_TYPE"[VARCHAR2,400], "DD_PROCESS_INSTANCE_ID"[NUMBER,22], "DD_INSTANCE_ID"[NUMBER,22]
  23 - "MS_RSK_RISK_RULE_BUILD".ROWID[ROWID,10]
  24 - "ENTERPRISE_ID"[NUMBER,22]
  25 - (#keys=1) INTERNAL_FUNCTION("CREATION_DATE")[7], "ENTERPRISE_ID"[NUMBER,22]
  26 - "ENTERPRISE_ID"[NUMBER,22], "CREATION_DATE"[DATE,7]
  28 - "SCENARIO_ID"[VARCHAR2,400], "OBJECT_NAME_LINK"[VARCHAR2,4000], 
       "ASSESSMENT_TYPE"[VARCHAR2,4000], "DEFAULT_SCENARIO"[VARCHAR2,4000], 
       "CALCULATE_RESIDUAL_SCORES"[VARCHAR2,4000], "RISK_CATEGORY"[VARCHAR2,4000], "VALID_FROM"[VARCHAR2,18], 
       "VALID_UNTIL"[VARCHAR2,18], "EXPIRED_FLAG"[NUMBER,22], "SCN_RISK_CATEGORIES"[VARCHAR2,4000], 
       "SCENARIO_ID_STORED"[VARCHAR2,400], "DEFAULT_SCENARIO_STORED"[VARCHAR2,40], 
       "OBJECT_NAME_STORED"[VARCHAR2,800], "GROUP_NAME_STORED"[VARCHAR2,800], 
       "ASSESSMENT_TYPE_STORED"[VARCHAR2,40], "I_PERSPECTIVE_NAME"[VARCHAR2,800], 
       "RISK_ASSESSMENT_METHODOLOGY"[VARCHAR2,4000], "RAM_LINK"[VARCHAR2,4000], 
       "RISA_NAME_LINK"[VARCHAR2,4000]
  29 - "MS_RSK_RISK_RAM".ROWID[ROWID,10], "OBJECT_NAME"[VARCHAR2,1200]
  30 - "MS_RSK_RISK_RAM".ROWID[ROWID,10]
  31 - "MS_RSK_RISK_RULE_BUILD".ROWID[ROWID,10], "OBJECT_NAME"[VARCHAR2,400]
  32 - "MS_RSK_RISK_RULE_BUILD".ROWID[ROWID,10]
  33 - (#keys=24) "B"."SCENARIO_ID"[VARCHAR2,400],  (SELECT 
       "MS_RSK_UTILS"."GET_EDIT_URL"(:B1,:B2,:B3,'Y',:B4) FROM "SYS"."DUAL" "DUAL")[4000],  (SELECT 
       "MS_APPS_UTILITIES"."GET_DISPLAY_VALUE"( (SELECT "ENTERPRISE_ID" FROM  (SELECT "ENTERPRISE_ID" 
       "ENTERPRISE_ID","ENTERPRISE_NAME" "ENTERPRISE_NAME","SI_APP_SV"."CHECK_APP_EXISTS"("ENTERPRISE_ID") 
       "APPLICATION_FLAG" FROM METRICSTREAM."SI_ENT" "SI_ENT" WHERE "START_DATE"<=SYSDATE@! AND ("END_DATE" 
       IS NULL OR "END_DATE">=SYSDATE@!) ORDER BY "CREATION_DATE" DESC) "SI_ENT_ACTIVE_V"),'MS RSK List of 
       Assessment Types',:B5) FROM "SYS"."DUAL" "DUAL")[4000],  (SELECT 
       "MS_APPS_UTILITIES"."GET_DISPLAY_VALUE"( (SELECT "ENTERPRISE_ID" FROM  (SELECT "ENTERPRISE_ID" 
       "ENTERPRISE_ID","ENTERPRISE_NAME" "ENTERPRISE_NAME","SI_APP_SV"."CHECK_APP_EXISTS"("ENTERPRISE_ID") 
       "APPLICATION_FLAG" FROM METRICSTREAM."SI_ENT" "SI_ENT" WHERE "START_DATE"<=SYSDATE@! AND ("END_DATE" 
       IS NULL OR "END_DATE">=SYSDATE@!) ORDER BY "CREATION_DATE" DESC) "SI_ENT_ACTIVE_V"),'MS RSK Yes 
       No',:B6) FROM "SYS"."DUAL" "DUAL")[4000],  (SELECT "MS_APPS_UTILITIES"."GET_DISPLAY_VALUE"( (SELECT 
       "ENTERPRISE_ID" FROM  (SELECT "ENTERPRISE_ID" "ENTERPRISE_ID","ENTERPRISE_NAME" 
       "ENTERPRISE_NAME","SI_APP_SV"."CHECK_APP_EXISTS"("ENTERPRISE_ID") "APPLICATION_FLAG" FROM 
       METRICSTREAM."SI_ENT" "SI_ENT" WHERE "START_DATE"<=SYSDATE@! AND ("END_DATE" IS NULL OR 
       "END_DATE">=SYSDATE@!) ORDER BY "CREATION_DATE" DESC) "SI_ENT_ACTIVE_V"),'MS RSK Yes No',:B7) FROM 
       "SYS"."DUAL" "DUAL")[4000], "D"."RISK_CATEGORIES"[VARCHAR2,4000], 
       TO_CHAR(TRUNC(INTERNAL_FUNCTION("E"."VALID_FROM")))[18], 
       TO_CHAR(TRUNC(INTERNAL_FUNCTION("E"."VALID_UNTIL")))[18],  (SELECT 
       "MS_RSK_UTILS"."INCLUDE_EXPIRED"(:B8,:B9) FROM "SYS"."DUAL" "DUAL")[22],  (SELECT "MS_JOIN"(DISTINCT 
       "D"."RISK_CATEGORIES") FROM METRICSTREAM."MS_RSK_SCENARIOS_RSC" "D" WHERE 
       "D"."SCENARIO_ID"=:B10)[4000], "B"."SCENARIO_ID"[VARCHAR2,400], "E"."DEFAULT_SCENARIO"[VARCHAR2,40], 
       "E"."OBJECT_NAME"[VARCHAR2,800], "GROUP_NAME"[VARCHAR2,800], "E"."ASSESSMENT_TYPE"[VARCHAR2,40], 
       "E"."OBJECT_NAME"[VARCHAR2,800],  (SELECT "MS_APPS_UTILITIES"."GET_DISPLAY_VALUE"( (SELECT 
       "ENTERPRISE_ID" FROM  (SELECT "ENTERPRISE_ID" "ENTERPRISE_ID","ENTERPRISE_NAME" 
       "ENTERPRISE_NAME","SI_APP_SV"."CHECK_APP_EXISTS"("ENTERPRISE_ID") "APPLICATION_FLAG" FROM 
       METRICSTREAM."SI_ENT" "SI_ENT" WHERE "START_DATE"<=SYSDATE@! AND ("END_DATE" IS NULL OR 
       "END_DATE">=SYSDATE@!) ORDER BY "CREATION_DATE" DESC) 
       "SI_ENT_ACTIVE_V"),'MS_RSK_RISK_ASSESSMENT_METHODOLOGY',:B11) FROM "SYS"."DUAL" "DUAL")[4000], 
       "E"."RISK_ASSESSMENT_METHODOLOGY"[VARCHAR2,200],  (SELECT "OBJECT_NAME" FROM "MS_RSK_RISK_RAM" 
       "MS_RSK_RISK_RAM" WHERE "OBJECT_ID"=:B12)[1200], "E"."RAM_PROFILE"[VARCHAR2,240],  (SELECT 
       "MS_RSK_UTILS"."GET_EDIT_URL"("DD_OBJECT_TYPE","DD_PROCESS_INSTANCE_ID","DD_INSTANCE_ID",'Y',"OBJECT_NA
       ME") FROM "MS_RSK_RISK_RAM" "MS_RSK_RISK_RAM" WHERE "OBJECT_ID"=:B13)[4000],  (SELECT "OBJECT_NAME" 
       FROM "MS_RSK_RISK_RULE_BUILD" "MS_RSK_RISK_RULE_BUILD" WHERE "OBJECT_ID"=:B14)[400],  (SELECT 
       "MS_RSK_UTILS"."GET_EDIT_URL"("DD_OBJECT_TYPE","DD_PROCESS_INSTANCE_ID","DD_INSTANCE_ID",'Y',"OBJECT_NA
       ME") FROM "MS_RSK_RISK_RULE_BUILD" "MS_RSK_RISK_RULE_BUILD" WHERE "OBJECT_ID"=:B15)[4000], 
       "E"."SCENARIO_ALGORITHM"[VARCHAR2,40]
  34 - (#keys=1) "B"."SCENARIO_ID"[VARCHAR2,400], "E"."RISK_ASSESSMENT_METHODOLOGY"[VARCHAR2,200], 
       "GROUP_NAME"[VARCHAR2,800], "DD_OBJECT_TYPE"[VARCHAR2,400], "DD_PROCESS_INSTANCE_ID"[NUMBER,22], 
       "DD_INSTANCE_ID"[NUMBER,22], "E"."OBJECT_NAME"[VARCHAR2,800], "E"."RAM_PROFILE"[VARCHAR2,240], 
       "E"."VALID_FROM"[DATE,7], "E"."SCENARIO_ALGORITHM"[VARCHAR2,40], "E"."VALID_UNTIL"[DATE,7], 
       "E"."CALCULATE_RESIDUAL_SCORES"[VARCHAR2,40], "E"."DEFAULT_SCENARIO"[VARCHAR2,40], 
       "E"."ASSESSMENT_TYPE"[VARCHAR2,40], "D"."RISK_CATEGORIES"[VARCHAR2,4000]
  35 - (#keys=1) "B"."SCENARIO_ID"[VARCHAR2,400], "C"."SCENARIO_ID"[VARCHAR2,400], 
       "E"."RISK_ASSESSMENT_METHODOLOGY"[VARCHAR2,200], "GROUP_NAME"[VARCHAR2,800], 
       "DD_OBJECT_TYPE"[VARCHAR2,400], "DD_PROCESS_INSTANCE_ID"[NUMBER,22], "DD_INSTANCE_ID"[NUMBER,22], 
       "E"."OBJECT_NAME"[VARCHAR2,800], "E"."RAM_PROFILE"[VARCHAR2,240], "E"."VALID_FROM"[DATE,7], 
       "E"."SCENARIO_ALGORITHM"[VARCHAR2,40], "E"."VALID_UNTIL"[DATE,7], 
       "E"."CALCULATE_RESIDUAL_SCORES"[VARCHAR2,40], "E"."DEFAULT_SCENARIO"[VARCHAR2,40], 
       "E"."ASSESSMENT_TYPE"[VARCHAR2,40]
  36 - (#keys=1) "B"."SCENARIO_ID"[VARCHAR2,400], "GROUP_NAME"[VARCHAR2,800], 
       "DD_OBJECT_TYPE"[VARCHAR2,400], "DD_PROCESS_INSTANCE_ID"[NUMBER,22], "DD_INSTANCE_ID"[NUMBER,22], 
       "E"."OBJECT_NAME"[VARCHAR2,800], "E"."RAM_PROFILE"[VARCHAR2,240], "E"."VALID_FROM"[DATE,7], 
       "E"."SCENARIO_ALGORITHM"[VARCHAR2,40], "E"."VALID_UNTIL"[DATE,7], 
       "E"."CALCULATE_RESIDUAL_SCORES"[VARCHAR2,40], "E"."DEFAULT_SCENARIO"[VARCHAR2,40], 
       "E"."ASSESSMENT_TYPE"[VARCHAR2,40], "E"."RISK_ASSESSMENT_METHODOLOGY"[VARCHAR2,200]
  37 - (#keys=0) "GROUP_NAME"[VARCHAR2,800], "DD_OBJECT_TYPE"[VARCHAR2,400], 
       "DD_PROCESS_INSTANCE_ID"[NUMBER,22], "DD_INSTANCE_ID"[NUMBER,22], "B"."SCENARIO_ID"[VARCHAR2,400]
  38 - "GROUP_NAME"[VARCHAR2,800], "DD_OBJECT_TYPE"[VARCHAR2,400], 
       "DD_PROCESS_INSTANCE_ID"[NUMBER,22], "DD_INSTANCE_ID"[NUMBER,22], "B"."OBJECT_ID"[VARCHAR2,400]
  39 - "B".ROWID[ROWID,10], "B"."OBJECT_ID"[VARCHAR2,400]
  40 - (#keys=1) "B"."OBJECT_ID"[VARCHAR2,400], "B"."SCENARIO_ID"[VARCHAR2,400]
  41 - "B"."SCENARIO_ID"[VARCHAR2,400], "B"."OBJECT_ID"[VARCHAR2,400]
  42 - "E"."OBJECT_NAME"[VARCHAR2,800], "E"."SCENARIO_ID"[VARCHAR2,400], "E"."VALID_FROM"[DATE,7], 
       "E"."SCENARIO_ALGORITHM"[VARCHAR2,40], "E"."VALID_UNTIL"[DATE,7], 
       "E"."CALCULATE_RESIDUAL_SCORES"[VARCHAR2,40], "E"."DEFAULT_SCENARIO"[VARCHAR2,40], 
       "E"."ASSESSMENT_TYPE"[VARCHAR2,40], "E"."RISK_ASSESSMENT_METHODOLOGY"[VARCHAR2,200], 
       "E"."RAM_PROFILE"[VARCHAR2,240]
  43 - "C"."SCENARIO_ID"[VARCHAR2,400]
  44 - "D"."SCENARIO_ID"[VARCHAR2,400], "D"."RISK_CATEGORIES"[VARCHAR2,4000]
  45 - (#keys=1) "SCENARIO_ID"[VARCHAR2,400], "MS_JOIN_FOR_DISPLAY"("MS_APPS_UTILITIES"."GET_DISPLAY_VA
       LUE"( (SELECT "ENTERPRISE_ID" FROM  (SELECT "ENTERPRISE_ID" "ENTERPRISE_ID","ENTERPRISE_NAME" 
       "ENTERPRISE_NAME","SI_APP_SV"."CHECK_APP_EXISTS"("ENTERPRISE_ID") "APPLICATION_FLAG" FROM 
       METRICSTREAM."SI_ENT" "SI_ENT" WHERE "START_DATE"<=SYSDATE@! AND ("END_DATE" IS NULL OR 
       "END_DATE">=SYSDATE@!) ORDER BY "CREATION_DATE" DESC) "SI_ENT_ACTIVE_V"),'MS GRC Risk 
       Category',"RISK_CATEGORIES"))[4000]
  46 - "RISK_CATEGORIES"[VARCHAR2,4000], "SCENARIO_ID"[VARCHAR2,400]
  47 - "RISK_CATEGORIES"[VARCHAR2,4000], "SCENARIO_ID"[VARCHAR2,400]
										</code></pre>
								</section>
						</div>
					</div>

				<!-- Sidebar -->
				<div id="sidebar">
					<div class="inner">
						<!-- Menu -->
						<nav id="menu">
							<header class="major">
								<h2>Menu</h2>
							</header>
							<ul>
								<li><a href="../index.html">Module List</a></li>
								<li><a href="index.html">Summary</a></li>
								<li>
									<span class="opener">DB Analysis</span>
									<ul>
										<li><a href="bad-sql.html">Bad SQL</a></li>
										<li><a href="poor-sql.html">Poor SQL Plan</a></li>
										<li><a href="invalid-sql.html">Invalid SQL</a></li>
										<li><a href="full-sql.html">Full SQL Report</a></li>
										<li><a href="table-nil-key.html">Primary/Unique Key Miss</a></li>
										<li><a href="invalid-db-object.html">Invalid DB Objects</a></li>
									</ul>
								</li>
								<li>
									<span class="opener">Infolets</span>
									<ul>
										<li><a href="keep-history-infolets.html">Keep History Infolets</a></li>
									</ul>
								</li>
								<li>
									<span class="opener">Pushforms</span>
									<ul>
										<li><a href="pushform-denormalize.html">Pushform Denormalized</a></li>
									</ul>
								</li>
							</ul>
						</nav>

						<!-- Section -->
						<section>
							<header class="major">
								<h2>Get in touch</h2>
							</header>
							<p>You need more details on the report or want more functionality, don't hesitate to reach out to us.</p>
							<ul class="contact">
								<li class="fa-envelope-o"><a href="mailto:rnd@metricstream.com?Subject=Reg - Static Code Analysis Tool" target="_top">rnd@metricstream.com</a></li>
							</ul>
						</section>

						<!-- Footer -->
						<footer id="footer">
							<p class="copyright">&copy; <a href="http://www.metricstream.com" target="_blank">MetricStream</a>. All rights reserved. </p>
						</footer>
					</div>
				</div>
			</div>

		<!-- Scripts -->
			<script src="../../lib/assets/js/jquery.min.js"></script>
			<script src="../../lib/assets/js/skel.min.js"></script>
			<script src="../../lib/assets/js/util.js"></script>
			<!--[if lte IE 8]><script src="../../lib/assets/js/ie/respond.min.js"></script><![endif]-->
			<script src="../../lib/assets/js/main.js"></script>
	</body>
</html>