<!DOCTYPE HTML>
<html>
	<head>
		<title>Code Analysis - MetricStream</title>
		<meta charset="utf-8" />
		<meta name="viewport" content="width=device-width, initial-scale=1, user-scalable=no" />
		<!--[if lte IE 8]><script src="../../lib/assets/js/ie/html5shiv.js"></script><![endif]-->
		<link rel="stylesheet" href="../../lib/assets/css/main.css" />
		<!--[if lte IE 9]><link rel="stylesheet" href="../../lib/assets/css/ie9.css" /><![endif]-->
		<!--[if lte IE 8]><link rel="stylesheet" href="../../lib/assets/css/ie8.css" /><![endif]-->
	</head>
	<body>

		<!-- Wrapper -->
			<div id="wrapper">

				<!-- Main -->
					<div id="main">
						<div class="inner">
							<!-- Header -->
								<header id="header">
									<a href="index.html" class="logo"><strong>Static Code Analysis Report</strong> by Code Analyzer Tool</a>
								</header>

							<!-- Content -->
								<section>
									<!-- Content -->
										<header class="major"><h2>Infolet Details</h2></header>
										<div class="table-wrapper">
											<table>
												<tbody>
													<tr>
														<td><b>Name</b></td>
														<td>MS_RSK_RISK_ASSESSMENT_OPEN_CAL (102478)</td>
													</tr>
													<tr>
														<td><b>SQL</b></td>
														<td><pre><code>SELECT next_scheduled_date + NVL (due_by, 0) startdate, object_name title,
       object_id || '[ Planned ]' description, 0 ismonthevent,
          'Pushinfolet?id='
       || ms_apps_utilities.get_infolet_id (dd_object_type)
       || CHR (38)
       || 'proc='
       || dd_process_instance_id
       || CHR (38)
       || 'instid='
       || dd_instance_id
       || CHR (38)
       || 'edit_flag='
       || 'Y'
       || CHR (38)
       || 'flag=1'
       || CHR (38)
       || 'emd=1' url,
       NULL end_date, NULL objid, NULL objtype
  FROM ms_rsk_schedule_risk_a a
 WHERE 1 = 1
--AND PROGRESS_STATUS ='Completed'
   AND SYSDATE BETWEEN NVL (valid_from, SYSDATE) AND NVL (valid_until,
                                                          SYSDATE)
   AND ms_apps_security_pkg.check_object_access
                                    (dd_object_type,
                                     restrict_access_to,
                                     (SELECT ms_join (owner_organizations)
                                        FROM ms_rsk_schedule_risk_a_owo z
                                       WHERE a.object_id = z.object_id),
                                     :1,
                                     'VIEW'
                                    ) = 'ACCESS'
UNION
SELECT c.assessment_date                                            --due_date
                        ,
       c.object_name title, c.object_id || ' [ In Progress ]' description, 0,
          'Pushinfolet?id='
       || ms_apps_utilities.get_infolet_id (c.dd_object_type)
       || CHR (38)
       || 'proc='
       || c.process_instance_id
       || CHR (38)
       || 'instid='
       || c.instance_id
       || CHR (38)
       || 'edit_flag=N'
       || CHR (38)
       || 'flag=1'
       || CHR (38)
       || 'emd=1' url,
       NULL end_date, NULL objid, NULL objtype
  FROM ms_rsk_risk_assessment_v c, ms_rsk_schedule_risk_a x
 WHERE NOT EXISTS (SELECT object_id
                     FROM ms_rsk_risk_assessment b
                    WHERE c.object_id = b.object_id)
   AND instance_rec_num = 1
   AND instance_id = (SELECT MAX (instance_id)
                        FROM ms_rsk_risk_assessment_v d
                       WHERE d.process_instance_id = c.process_instance_id)
   AND 1 = 1
   AND x.object_id = c.schedule_risk_id
   AND ms_apps_security_pkg.check_object_access
                                    (x.dd_object_type,
                                     x.restrict_access_to,
                                     (SELECT ms_join(owner_organizations)
                                        FROM ms_rsk_schedule_risk_a_owo z
                                       WHERE x.object_id = z.object_id),
                                     :1,
                                     'VIEW'
                                    ) = 'ACCESS'</code></pre></td>
													</tr>
													<tr>
														<td><b>Description</b></td>
														<td>Calendar Infolet for Open Risk Assessments</td>
													</tr>
												</tbody>
											</table>
										</div>

										<h2 align="center" id="content">Analysis Report</h2>
										<hr>

<header class="major"><h2>Plan hash value: 3366875317</h2></header><pre><code>
 
------------------------------------------------------------------------------------------------------------------
| Id  | Operation                        | Name                          | Rows  | Bytes | Cost (%CPU)| Time     |
------------------------------------------------------------------------------------------------------------------
|   0 | SELECT STATEMENT                 |                               |     2 |   223 |   129   (3)| 00:00:02 |
|   1 |  SORT UNIQUE                     |                               |     2 |   223 |   129   (3)| 00:00:02 |
|   2 |   UNION-ALL                      |                               |       |       |            |          |
|*  3 |    FILTER                        |                               |       |       |            |          |
<font style="background-color: lightblue; color: red">|*  4 |     TABLE ACCESS FULL            | MS_RSK_SCHEDULE_RISK_A        |     1 |    94 |     3   (0)| 00:00:01 |</font>
|   5 |     SORT AGGREGATE               |                               |     1 |    21 |            |          |
<font style="background-color: lightblue; color: red">|*  6 |      INDEX SKIP SCAN             | MS_RSK_SCHEDULE_RISK_A_OWO_UK |     1 |    21 |     1   (0)| 00:00:01 |</font>
|*  7 |    FILTER                        |                               |       |       |            |          |
|   8 |     NESTED LOOPS                 |                               |     1 |   129 |   121   (1)| 00:00:02 |
|   9 |      NESTED LOOPS                |                               |     1 |    86 |   120   (1)| 00:00:02 |
|  10 |       VIEW                       | VW_SQ_1                       |    20 |   520 |   104   (1)| 00:00:02 |
|  11 |        SORT GROUP BY             |                               |    20 |   200 |   104   (1)| 00:00:02 |
<font style="background-color: lightblue; color: red">|  12 |         TABLE ACCESS FULL        | SI_102630_T                   |  1624 | 16240 |   103   (0)| 00:00:02 |</font>
|* 13 |       TABLE ACCESS BY INDEX ROWID| SI_102630_T                   |     1 |    60 |     1   (0)| 00:00:01 |
|* 14 |        INDEX RANGE SCAN          | SI_102630_N2                  |     1 |       |     1   (0)| 00:00:01 |
|  15 |      TABLE ACCESS BY INDEX ROWID | MS_RSK_SCHEDULE_RISK_A        |     1 |    43 |     1   (0)| 00:00:01 |
|* 16 |       INDEX RANGE SCAN           | MS_RSK_SCHEDULE_RISK_A_PK     |     1 |       |     1   (0)| 00:00:01 |
|* 17 |     INDEX UNIQUE SCAN            | MS_RSK_RISK_ASSESSMENT_PK     |     1 |    14 |     1   (0)| 00:00:01 |
|  18 |     SORT AGGREGATE               |                               |     1 |    21 |            |          |
<font style="background-color: lightblue; color: red">|* 19 |      INDEX SKIP SCAN             | MS_RSK_SCHEDULE_RISK_A_OWO_UK |     1 |    21 |     1   (0)| 00:00:01 |</font>
------------------------------------------------------------------------------------------------------------------
 
</code></pre><header class="major"><h2>Query Block Name / Object Alias (identified by operation id):</h2></header><pre><code>
 
   1 - SET$1       
   3 - SEL$1       
   4 - SEL$1        / A@SEL$1
   5 - SEL$2       
   6 - SEL$2        / Z@SEL$2
   7 - SEL$5504D1F3
  10 - SEL$A7D54A5B / VW_SQ_1@SEL$6E69B863
  11 - SEL$A7D54A5B
  12 - SEL$A7D54A5B / SI_102630_T@SEL$7
  13 - SEL$5504D1F3 / SI_102630_T@SEL$4
  14 - SEL$5504D1F3 / SI_102630_T@SEL$4
  15 - SEL$5504D1F3 / X@SEL$3
  16 - SEL$5504D1F3 / X@SEL$3
  17 - SEL$5        / B@SEL$5
  18 - SEL$8       
  19 - SEL$8        / Z@SEL$8
 
</code></pre><header class="major"><h2>Predicate Information (identified by operation id):</h2></header><pre><code>
 
   3 - filter("MS_APPS_SECURITY_PKG"."CHECK_OBJECT_ACCESS"("DD_OBJECT_TYPE","RESTRICT_ACCESS_TO", (SELECT 
              "MS_JOIN"("OWNER_ORGANIZATIONS") FROM "MS_RSK_SCHEDULE_RISK_A_OWO" "Z" WHERE 
              "Z"."OBJECT_ID"=:B1),:1,'VIEW')='ACCESS')
   4 - filter(NVL("VALID_FROM",SYSDATE@!)<=SYSDATE@! AND NVL("VALID_UNTIL",SYSDATE@!)>=SYSDATE@!)
   6 - access("Z"."OBJECT_ID"=:B1)
       filter("Z"."OBJECT_ID"=:B1)
   7 - filter( NOT EXISTS (SELECT 0 FROM "MS_RSK_RISK_ASSESSMENT" "B" WHERE "B"."OBJECT_ID"=:B1) AND 
              "MS_APPS_SECURITY_PKG"."CHECK_OBJECT_ACCESS"("X"."DD_OBJECT_TYPE","X"."RESTRICT_ACCESS_TO", (SELECT 
              "MS_JOIN"("OWNER_ORGANIZATIONS") FROM "MS_RSK_SCHEDULE_RISK_A_OWO" "Z" WHERE 
              "Z"."OBJECT_ID"=:B2),:1,'VIEW')='ACCESS')
  13 - filter("SCHEDULE_RISK_ID" IS NOT NULL AND "INSTANCE_REC_NUM"=1)
  14 - access("ITEM_0"="PROCESS_INSTANCE_ID" AND "INSTANCE_ID"="MAX(INSTANCE_ID)")
  16 - access("X"."OBJECT_ID"="SCHEDULE_RISK_ID")
  17 - access("B"."OBJECT_ID"=:B1)
  19 - access("Z"."OBJECT_ID"=:B1)
       filter("Z"."OBJECT_ID"=:B1)
 
</code></pre><header class="major"><h2>Column Projection Information (identified by operation id):</h2></header><pre><code>
 
   1 - (#keys=8) STRDEF[7], STRDEF[4000], STRDEF[4000], STRDEF[1], STRDEF[174], STRDEF[0], STRDEF[0], 
       STRDEF[0]
   2 - STRDEF[7], STRDEF[4000], STRDEF[4000], STRDEF[1], STRDEF[174], STRDEF[0], STRDEF[0], STRDEF[0]
   3 - "DD_OBJECT_TYPE"[VARCHAR2,400], "DD_PROCESS_INSTANCE_ID"[NUMBER,22], "DD_INSTANCE_ID"[NUMBER,22], 
       "OBJECT_ID"[VARCHAR2,400], "DUE_BY"[NUMBER,22], "NEXT_SCHEDULED_DATE"[DATE,7], 
       "OBJECT_NAME"[VARCHAR2,4000]
   4 - "DD_OBJECT_TYPE"[VARCHAR2,400], "DD_PROCESS_INSTANCE_ID"[NUMBER,22], "DD_INSTANCE_ID"[NUMBER,22], 
       "OBJECT_ID"[VARCHAR2,400], "DUE_BY"[NUMBER,22], "NEXT_SCHEDULED_DATE"[DATE,7], 
       "RESTRICT_ACCESS_TO"[VARCHAR2,40], "OBJECT_NAME"[VARCHAR2,4000]
   5 - (#keys=0) "MS_JOIN"("OWNER_ORGANIZATIONS")[4000]
   6 - "OWNER_ORGANIZATIONS"[VARCHAR2,4000]
   7 - "OBJECT_ID"[VARCHAR2,4000], "ASSESSMENT_DATE"[DATE,7], "OBJECT_NAME"[VARCHAR2,4000], 
       "DD_OBJECT_TYPE"[VARCHAR2,4000], "INSTANCE_ID"[NUMBER,22], "PROCESS_INSTANCE_ID"[NUMBER,22]
   8 - (#keys=0) "OBJECT_ID"[VARCHAR2,4000], "ASSESSMENT_DATE"[DATE,7], "OBJECT_NAME"[VARCHAR2,4000], 
       "DD_OBJECT_TYPE"[VARCHAR2,4000], "INSTANCE_ID"[NUMBER,22], "PROCESS_INSTANCE_ID"[NUMBER,22], 
       "X"."DD_OBJECT_TYPE"[VARCHAR2,400], "X"."OBJECT_ID"[VARCHAR2,400], "X"."RESTRICT_ACCESS_TO"[VARCHAR2,40]
   9 - (#keys=0) "SCHEDULE_RISK_ID"[VARCHAR2,4000], "OBJECT_ID"[VARCHAR2,4000], 
       "ASSESSMENT_DATE"[DATE,7], "OBJECT_NAME"[VARCHAR2,4000], "DD_OBJECT_TYPE"[VARCHAR2,4000], 
       "INSTANCE_ID"[NUMBER,22], "PROCESS_INSTANCE_ID"[NUMBER,22]
  10 - "MAX(INSTANCE_ID)"[NUMBER,22], "ITEM_0"[NUMBER,22]
  11 - (#keys=1) "PROCESS_INSTANCE_ID"[NUMBER,22], MAX("INSTANCE_ID")[22]
  12 - "INSTANCE_ID"[NUMBER,22], "PROCESS_INSTANCE_ID"[NUMBER,22]
  13 - "SCHEDULE_RISK_ID"[VARCHAR2,4000], "OBJECT_ID"[VARCHAR2,4000], "ASSESSMENT_DATE"[DATE,7], 
       "OBJECT_NAME"[VARCHAR2,4000], "DD_OBJECT_TYPE"[VARCHAR2,4000], "INSTANCE_ID"[NUMBER,22], 
       "PROCESS_INSTANCE_ID"[NUMBER,22]
  14 - "SI_102630_T".ROWID[ROWID,10], "PROCESS_INSTANCE_ID"[NUMBER,22], "INSTANCE_ID"[NUMBER,22]
  15 - "X"."DD_OBJECT_TYPE"[VARCHAR2,400], "X"."OBJECT_ID"[VARCHAR2,400], 
       "X"."RESTRICT_ACCESS_TO"[VARCHAR2,40]
  16 - "X".ROWID[ROWID,10], "X"."OBJECT_ID"[VARCHAR2,400]
  17 - "B"."OBJECT_ID"[VARCHAR2,400]
  18 - (#keys=0) "MS_JOIN"("OWNER_ORGANIZATIONS")[4000]
  19 - "OWNER_ORGANIZATIONS"[VARCHAR2,4000]
										</code></pre>
								</section>
						</div>
					</div>

				<!-- Sidebar -->
				<div id="sidebar">
					<div class="inner">
						<!-- Menu -->
						<nav id="menu">
							<header class="major">
								<h2>Menu</h2>
							</header>
							<ul>
								<li><a href="../index.html">Module List</a></li>
								<li><a href="index.html">Summary</a></li>
								<li>
									<span class="opener">DB Analysis</span>
									<ul>
										<li><a href="bad-sql.html">Bad SQL</a></li>
										<li><a href="poor-sql.html">Poor SQL Plan</a></li>
										<li><a href="invalid-sql.html">Invalid SQL</a></li>
										<li><a href="full-sql.html">Full SQL Report</a></li>
										<li><a href="table-nil-key.html">Primary/Unique Key Miss</a></li>
										<li><a href="invalid-db-object.html">Invalid DB Objects</a></li>
									</ul>
								</li>
								<li>
									<span class="opener">Infolets</span>
									<ul>
										<li><a href="keep-history-infolets.html">Keep History Infolets</a></li>
									</ul>
								</li>
								<li>
									<span class="opener">Pushforms</span>
									<ul>
										<li><a href="pushform-denormalize.html">Pushform Denormalized</a></li>
									</ul>
								</li>
							</ul>
						</nav>

						<!-- Section -->
						<section>
							<header class="major">
								<h2>Get in touch</h2>
							</header>
							<p>You need more details on the report or want more functionality, don't hesitate to reach out to us.</p>
							<ul class="contact">
								<li class="fa-envelope-o"><a href="mailto:rnd@metricstream.com?Subject=Reg - Static Code Analysis Tool" target="_top">rnd@metricstream.com</a></li>
							</ul>
						</section>

						<!-- Footer -->
						<footer id="footer">
							<p class="copyright">&copy; <a href="http://www.metricstream.com" target="_blank">MetricStream</a>. All rights reserved. </p>
						</footer>
					</div>
				</div>
			</div>

		<!-- Scripts -->
			<script src="../../lib/assets/js/jquery.min.js"></script>
			<script src="../../lib/assets/js/skel.min.js"></script>
			<script src="../../lib/assets/js/util.js"></script>
			<!--[if lte IE 8]><script src="../../lib/assets/js/ie/respond.min.js"></script><![endif]-->
			<script src="../../lib/assets/js/main.js"></script>
	</body>
</html>