<!DOCTYPE HTML>
<html>
	<head>
		<title>Code Analysis - MetricStream</title>
		<meta charset="utf-8" />
		<meta name="viewport" content="width=device-width, initial-scale=1, user-scalable=no" />
		<!--[if lte IE 8]><script src="../../lib/assets/js/ie/html5shiv.js"></script><![endif]-->
		<link rel="stylesheet" href="../../lib/assets/css/main.css" />
		<!--[if lte IE 9]><link rel="stylesheet" href="../../lib/assets/css/ie9.css" /><![endif]-->
		<!--[if lte IE 8]><link rel="stylesheet" href="../../lib/assets/css/ie8.css" /><![endif]-->
	</head>
	<body>

		<!-- Wrapper -->
			<div id="wrapper">

				<!-- Main -->
					<div id="main">
						<div class="inner">
							<!-- Header -->
								<header id="header">
									<a href="index.html" class="logo"><strong>Static Code Analysis Report</strong> by Code Analyzer Tool</a>
								</header>

							<!-- Content -->
								<section>
									<!-- Content -->
										<header class="major"><h2>Infolet Details</h2></header>
										<div class="table-wrapper">
											<table>
												<tbody>
													<tr>
														<td><b>Name</b></td>
														<td>MS_RSK_RISK_RATING_RPT_OPR_OR_INFOL (102513)</td>
													</tr>
													<tr>
														<td><b>SQL</b></td>
														<td><pre><code>select c.assmnt_id,d.org_entity_name,a.organization_id,a.scenario_id,f.object_name scenario_Name ,a.assessment_type,c.plan_id,
       ms_rsk_assessments_task.Fn_Get_Previous_range(a.inherent_rollup_rating) inherent_rollup_rating,
       ms_rsk_assessments_task.Fn_Get_Previous_range(a.residual_rollup_rating) residual_rollup_rating,
       Ms_Apps_Utilities.Get_User_Full_Name(c.assmnt_assessor) assmnt_assessor,
       Ms_Apps_Utilities.Get_User_Full_Name(c.assmnt_approver)assmnt_approver,trunc(c.assmnt_assigned_on) assmnt_assigned_on,
       trunc(c.assmnt_assessed_on) assmnt_assessed_on,trunc(c.assmnt_approved_on) assmnt_approved_on,
       trunc(c.assmnt_due_date) assmnt_due_date,trunc(c.assmnt_published_on) assmnt_published_on      
from  ms_rsk_organization_rollup a,
      ms_rsk_risk_assessment_org b,
      MS_RSK_ASSMNT_RPT_DTLS c,
      si_org_entities d,
      ms_rsk_scenarios_scn f
where a.organization_id = b.organization_id
and   a.scenario_id   = c.scenerio
and   b.object_id = c.assmnt_id 
and   d.org_entity_id = a.organization_id
and   f.scenario_id = c.scenerio
and   a.version_no = (select max(version_no)
                      from   ms_rsk_organization_rollup e
                      where  a.assessment_type = e.assessment_type
                      and    a.scenario_id     = e.scenario_id
                      and    a.organization_id = e.organization_id) 
and  c.assmnt_type = :assessment_type
and  c.scenerio = :scenario
and  c.plan_id in (:plan_id) 
and  a.organization_id  in (:organization_id)</code></pre></td>
													</tr>
													<tr>
														<td><b>Description</b></td>
														<td>null</td>
													</tr>
												</tbody>
											</table>
										</div>

										<h2 align="center" id="content">Analysis Report</h2>
										<hr>

<header class="major"><h2>Plan hash value: 3657549076</h2></header><pre><code>
 
-----------------------------------------------------------------------------------------------------------------
| Id  | Operation                          | Name                       | Rows  | Bytes | Cost (%CPU)| Time     |
-----------------------------------------------------------------------------------------------------------------
|   0 | SELECT STATEMENT                   |                            |     1 |   219 |    17   (0)| 00:00:01 |
|*  1 |  FILTER                            |                            |       |       |            |          |
|*  2 |   HASH JOIN OUTER                  |                            |     1 |   219 |    14   (0)| 00:00:01 |
|   3 |    NESTED LOOPS                    |                            |     1 |   212 |    11   (0)| 00:00:01 |
|*  4 |     HASH JOIN                      |                            |     1 |   187 |    10   (0)| 00:00:01 |
|*  5 |      HASH JOIN                     |                            |     1 |   159 |     7   (0)| 00:00:01 |
<font style="background-color: lightblue; color: red">|   6 |       MERGE JOIN CARTESIAN         |                            |     1 |   138 |     4   (0)| 00:00:01 |</font>
<font style="background-color: lightblue; color: red">|*  7 |        TABLE ACCESS FULL           | MS_RSK_ASSMNT_RPT_DTLS     |     1 |    90 |     3   (0)| 00:00:01 |</font>
|   8 |        BUFFER SORT                 |                            |     1 |    48 |     1   (0)| 00:00:01 |
|   9 |         TABLE ACCESS BY INDEX ROWID| MS_RSK_SCENARIOS_SCN       |     1 |    48 |     1   (0)| 00:00:01 |
|* 10 |          INDEX RANGE SCAN          | MS_RSK_SCENARIOS_SCN_UK    |     1 |       |     1   (0)| 00:00:01 |
<font style="background-color: lightblue; color: red">|* 11 |       TABLE ACCESS FULL            | MS_RSK_RISK_ASSESSMENT_ORG |     2 |    42 |     3   (0)| 00:00:01 |</font>
<font style="background-color: lightblue; color: red">|* 12 |      TABLE ACCESS FULL             | MS_RSK_ORGANIZATION_ROLLUP |     2 |    56 |     3   (0)| 00:00:01 |</font>
|  13 |     TABLE ACCESS BY INDEX ROWID    | SI_ORG_ENTITIES_T          |     1 |    25 |     1   (0)| 00:00:01 |
|* 14 |      INDEX RANGE SCAN              | SI_ORG_ENTITIES_N5         |     1 |       |     1   (0)| 00:00:01 |
<font style="background-color: lightblue; color: red">|* 15 |    TABLE ACCESS FULL               | SI_ORG_ENTITIES_TL         |     2 |    14 |     3   (0)| 00:00:01 |</font>
|  16 |   SORT AGGREGATE                   |                            |     1 |    23 |            |          |
<font style="background-color: lightblue; color: red">|* 17 |    TABLE ACCESS FULL               | MS_RSK_ORGANIZATION_ROLLUP |     2 |    46 |     3   (0)| 00:00:01 |</font>
-----------------------------------------------------------------------------------------------------------------
 
</code></pre><header class="major"><h2>Query Block Name / Object Alias (identified by operation id):</h2></header><pre><code>
 
   1 - SEL$F5BB74E1
   7 - SEL$F5BB74E1 / C@SEL$1
   9 - SEL$F5BB74E1 / F@SEL$1
  10 - SEL$F5BB74E1 / F@SEL$1
  11 - SEL$F5BB74E1 / B@SEL$1
  12 - SEL$F5BB74E1 / A@SEL$1
  13 - SEL$F5BB74E1 / T@SEL$2
  14 - SEL$F5BB74E1 / T@SEL$2
  15 - SEL$F5BB74E1 / TL@SEL$2
  16 - SEL$3       
  17 - SEL$3        / E@SEL$3
 
</code></pre><header class="major"><h2>Predicate Information (identified by operation id):</h2></header><pre><code>
 
   1 - filter("A"."VERSION_NO"= (SELECT MAX("VERSION_NO") FROM "MS_RSK_ORGANIZATION_ROLLUP" "E" WHERE 
              "E"."ORGANIZATION_ID"=:B1 AND "E"."SCENARIO_ID"=:B2 AND "E"."ASSESSMENT_TYPE"=:B3))
   2 - access("T"."ORG_ENTITY_ID"="TL"."ORG_ENTITY_ID"(+))
   4 - access("A"."ORGANIZATION_ID"="B"."ORGANIZATION_ID" AND "A"."SCENARIO_ID"="C"."SCENERIO")
   5 - access("B"."OBJECT_ID"="C"."ASSMNT_ID")
   7 - filter("C"."PLAN_ID"=:PLAN_ID AND "C"."SCENERIO"=:SCENARIO AND "C"."ASSMNT_TYPE"=:ASSESSMENT_TYPE)
  10 - access("F"."SCENARIO_ID"=:SCENARIO)
  11 - filter("B"."ORGANIZATION_ID"=:ORGANIZATION_ID)
  12 - filter("A"."ORGANIZATION_ID"=:ORGANIZATION_ID AND "A"."SCENARIO_ID"=:SCENARIO)
  14 - access("T"."ORG_ENTITY_ID"=TO_NUMBER("A"."ORGANIZATION_ID"))
  15 - filter("TL"."LOCALE_ID"(+)=TO_NUMBER("SI_DB_LOCALE_SV"."GETVALUE"()))
  17 - filter("E"."ORGANIZATION_ID"=:B1 AND "E"."SCENARIO_ID"=:B2 AND "E"."ASSESSMENT_TYPE"=:B3)
 
</code></pre><header class="major"><h2>Column Projection Information (identified by operation id):</h2></header><pre><code>
 
   1 - "A"."ORGANIZATION_ID"[VARCHAR2,400], "A"."SCENARIO_ID"[VARCHAR2,400], 
       "C"."ASSMNT_ID"[VARCHAR2,400], "C"."PLAN_ID"[VARCHAR2,400], "C"."ASSMNT_ASSESSOR"[VARCHAR2,4000], 
       "C"."ASSMNT_APPROVER"[VARCHAR2,4000], "C"."ASSMNT_ASSIGNED_ON"[DATE,7], 
       "C"."ASSMNT_ASSESSED_ON"[DATE,7], "C"."ASSMNT_APPROVED_ON"[DATE,7], "C"."ASSMNT_DUE_DATE"[DATE,7], 
       "F"."OBJECT_NAME"[VARCHAR2,800], "C"."ASSMNT_PUBLISHED_ON"[DATE,7], 
       "A"."RESIDUAL_ROLLUP_RATING"[VARCHAR2,400], "A"."ASSESSMENT_TYPE"[VARCHAR2,400], 
       "A"."INHERENT_ROLLUP_RATING"[VARCHAR2,400], "T"."ORG_ENTITY_NAME"[VARCHAR2,400]
   2 - (#keys=1) "A"."ORGANIZATION_ID"[VARCHAR2,400], "A"."SCENARIO_ID"[VARCHAR2,400], 
       "C"."ASSMNT_ID"[VARCHAR2,400], "C"."PLAN_ID"[VARCHAR2,400], "C"."ASSMNT_ASSESSOR"[VARCHAR2,4000], 
       "C"."ASSMNT_APPROVER"[VARCHAR2,4000], "C"."ASSMNT_ASSIGNED_ON"[DATE,7], 
       "C"."ASSMNT_ASSESSED_ON"[DATE,7], "C"."ASSMNT_APPROVED_ON"[DATE,7], "C"."ASSMNT_DUE_DATE"[DATE,7], 
       "F"."OBJECT_NAME"[VARCHAR2,800], "C"."ASSMNT_PUBLISHED_ON"[DATE,7], 
       "A"."RESIDUAL_ROLLUP_RATING"[VARCHAR2,400], "A"."VERSION_NO"[NUMBER,22], 
       "A"."ASSESSMENT_TYPE"[VARCHAR2,400], "A"."INHERENT_ROLLUP_RATING"[VARCHAR2,400], 
       "T"."ORG_ENTITY_NAME"[VARCHAR2,400]
   3 - (#keys=0) "A"."ORGANIZATION_ID"[VARCHAR2,400], "A"."SCENARIO_ID"[VARCHAR2,400], 
       "C"."ASSMNT_ID"[VARCHAR2,400], "C"."PLAN_ID"[VARCHAR2,400], "C"."ASSMNT_ASSESSOR"[VARCHAR2,4000], 
       "C"."ASSMNT_APPROVER"[VARCHAR2,4000], "C"."ASSMNT_ASSIGNED_ON"[DATE,7], 
       "C"."ASSMNT_ASSESSED_ON"[DATE,7], "C"."ASSMNT_APPROVED_ON"[DATE,7], "C"."ASSMNT_DUE_DATE"[DATE,7], 
       "F"."OBJECT_NAME"[VARCHAR2,800], "C"."ASSMNT_PUBLISHED_ON"[DATE,7], 
       "A"."RESIDUAL_ROLLUP_RATING"[VARCHAR2,400], "A"."VERSION_NO"[NUMBER,22], 
       "A"."ASSESSMENT_TYPE"[VARCHAR2,400], "A"."INHERENT_ROLLUP_RATING"[VARCHAR2,400], 
       "T"."ORG_ENTITY_ID"[NUMBER,22], "T"."ORG_ENTITY_NAME"[VARCHAR2,400]
   4 - (#keys=2) "A"."ORGANIZATION_ID"[VARCHAR2,400], "A"."SCENARIO_ID"[VARCHAR2,400], 
       "C"."ASSMNT_ID"[VARCHAR2,400], "C"."PLAN_ID"[VARCHAR2,400], "C"."ASSMNT_ASSESSOR"[VARCHAR2,4000], 
       "C"."ASSMNT_APPROVER"[VARCHAR2,4000], "C"."ASSMNT_ASSIGNED_ON"[DATE,7], 
       "C"."ASSMNT_ASSESSED_ON"[DATE,7], "C"."ASSMNT_APPROVED_ON"[DATE,7], "C"."ASSMNT_DUE_DATE"[DATE,7], 
       "F"."OBJECT_NAME"[VARCHAR2,800], "C"."ASSMNT_PUBLISHED_ON"[DATE,7], 
       "A"."RESIDUAL_ROLLUP_RATING"[VARCHAR2,400], "A"."VERSION_NO"[NUMBER,22], 
       "A"."ASSESSMENT_TYPE"[VARCHAR2,400], "A"."INHERENT_ROLLUP_RATING"[VARCHAR2,400]
   5 - (#keys=1) "C"."ASSMNT_ID"[VARCHAR2,400], "C"."PLAN_ID"[VARCHAR2,400], 
       "C"."ASSMNT_ASSESSOR"[VARCHAR2,4000], "C"."ASSMNT_APPROVER"[VARCHAR2,4000], 
       "C"."ASSMNT_ASSIGNED_ON"[DATE,7], "C"."ASSMNT_ASSESSED_ON"[DATE,7], "C"."ASSMNT_APPROVED_ON"[DATE,7], 
       "C"."ASSMNT_DUE_DATE"[DATE,7], "C"."SCENERIO"[VARCHAR2,400], "C"."ASSMNT_PUBLISHED_ON"[DATE,7], 
       "F"."OBJECT_NAME"[VARCHAR2,800], "B"."ORGANIZATION_ID"[VARCHAR2,4000]
   6 - (#keys=0) "C"."PLAN_ID"[VARCHAR2,400], "C"."ASSMNT_ID"[VARCHAR2,400], 
       "C"."ASSMNT_ASSESSOR"[VARCHAR2,4000], "C"."ASSMNT_APPROVER"[VARCHAR2,4000], 
       "C"."ASSMNT_ASSIGNED_ON"[DATE,7], "C"."ASSMNT_ASSESSED_ON"[DATE,7], "C"."ASSMNT_APPROVED_ON"[DATE,7], 
       "C"."ASSMNT_DUE_DATE"[DATE,7], "C"."SCENERIO"[VARCHAR2,400], "C"."ASSMNT_PUBLISHED_ON"[DATE,7], 
       "F"."OBJECT_NAME"[VARCHAR2,800]
   7 - "C"."PLAN_ID"[VARCHAR2,400], "C"."ASSMNT_ID"[VARCHAR2,400], "C"."ASSMNT_ASSESSOR"[VARCHAR2,4000], 
       "C"."ASSMNT_APPROVER"[VARCHAR2,4000], "C"."ASSMNT_ASSIGNED_ON"[DATE,7], 
       "C"."ASSMNT_ASSESSED_ON"[DATE,7], "C"."ASSMNT_APPROVED_ON"[DATE,7], "C"."ASSMNT_DUE_DATE"[DATE,7], 
       "C"."SCENERIO"[VARCHAR2,400], "C"."ASSMNT_PUBLISHED_ON"[DATE,7]
   8 - (#keys=0) "F"."OBJECT_NAME"[VARCHAR2,800]
   9 - "F"."OBJECT_NAME"[VARCHAR2,800]
  10 - "F".ROWID[ROWID,10]
  11 - "B"."OBJECT_ID"[VARCHAR2,400], "B"."ORGANIZATION_ID"[VARCHAR2,4000]
  12 - "A"."SCENARIO_ID"[VARCHAR2,400], "A"."ORGANIZATION_ID"[VARCHAR2,400], 
       "A"."ASSESSMENT_TYPE"[VARCHAR2,400], "A"."INHERENT_ROLLUP_RATING"[VARCHAR2,400], 
       "A"."RESIDUAL_ROLLUP_RATING"[VARCHAR2,400], "A"."VERSION_NO"[NUMBER,22]
  13 - "T"."ORG_ENTITY_ID"[NUMBER,22], "T"."ORG_ENTITY_NAME"[VARCHAR2,400]
  14 - "T".ROWID[ROWID,10], "T"."ORG_ENTITY_ID"[NUMBER,22]
  15 - "TL"."ORG_ENTITY_ID"[NUMBER,22]
  16 - (#keys=0) MAX("VERSION_NO")[22]
  17 - "VERSION_NO"[NUMBER,22]
										</code></pre>
								</section>
						</div>
					</div>

				<!-- Sidebar -->
				<div id="sidebar">
					<div class="inner">
						<!-- Menu -->
						<nav id="menu">
							<header class="major">
								<h2>Menu</h2>
							</header>
							<ul>
								<li><a href="../index.html">Module List</a></li>
								<li><a href="index.html">Summary</a></li>
								<li>
									<span class="opener">DB Analysis</span>
									<ul>
										<li><a href="bad-sql.html">Bad SQL</a></li>
										<li><a href="poor-sql.html">Poor SQL Plan</a></li>
										<li><a href="invalid-sql.html">Invalid SQL</a></li>
										<li><a href="full-sql.html">Full SQL Report</a></li>
										<li><a href="table-nil-key.html">Primary/Unique Key Miss</a></li>
										<li><a href="invalid-db-object.html">Invalid DB Objects</a></li>
									</ul>
								</li>
								<li>
									<span class="opener">Infolets</span>
									<ul>
										<li><a href="keep-history-infolets.html">Keep History Infolets</a></li>
									</ul>
								</li>
								<li>
									<span class="opener">Pushforms</span>
									<ul>
										<li><a href="pushform-denormalize.html">Pushform Denormalized</a></li>
									</ul>
								</li>
							</ul>
						</nav>

						<!-- Section -->
						<section>
							<header class="major">
								<h2>Get in touch</h2>
							</header>
							<p>You need more details on the report or want more functionality, don't hesitate to reach out to us.</p>
							<ul class="contact">
								<li class="fa-envelope-o"><a href="mailto:rnd@metricstream.com?Subject=Reg - Static Code Analysis Tool" target="_top">rnd@metricstream.com</a></li>
							</ul>
						</section>

						<!-- Footer -->
						<footer id="footer">
							<p class="copyright">&copy; <a href="http://www.metricstream.com" target="_blank">MetricStream</a>. All rights reserved. </p>
						</footer>
					</div>
				</div>
			</div>

		<!-- Scripts -->
			<script src="../../lib/assets/js/jquery.min.js"></script>
			<script src="../../lib/assets/js/skel.min.js"></script>
			<script src="../../lib/assets/js/util.js"></script>
			<!--[if lte IE 8]><script src="../../lib/assets/js/ie/respond.min.js"></script><![endif]-->
			<script src="../../lib/assets/js/main.js"></script>
	</body>
</html>