<!DOCTYPE HTML>
<html>
	<head>
		<title>Code Analysis - MetricStream</title>
		<meta charset="utf-8" />
		<meta name="viewport" content="width=device-width, initial-scale=1, user-scalable=no" />
		<!--[if lte IE 8]><script src="../../lib/assets/js/ie/html5shiv.js"></script><![endif]-->
		<link rel="stylesheet" href="../../lib/assets/css/main.css" />
		<!--[if lte IE 9]><link rel="stylesheet" href="../../lib/assets/css/ie9.css" /><![endif]-->
		<!--[if lte IE 8]><link rel="stylesheet" href="../../lib/assets/css/ie8.css" /><![endif]-->
	</head>
	<body>

		<!-- Wrapper -->
			<div id="wrapper">

				<!-- Main -->
					<div id="main">
						<div class="inner">
							<!-- Header -->
								<header id="header">
									<a href="index.html" class="logo"><strong>Static Code Analysis Report</strong> by Code Analyzer Tool</a>
								</header>

							<!-- Content -->
								<section>
									<!-- Content -->
										<header class="major"><h2>Infolet Details</h2></header>
										<div class="table-wrapper">
											<table>
												<tbody>
													<tr>
														<td><b>Name</b></td>
														<td>MS_RSK_CROSS_PERS_RPT_LEV2_INFOL (102158)</td>
													</tr>
													<tr>
														<td><b>SQL</b></td>
														<td><pre><code>SELECT DISTINCT  c.core_object_id,e.OBJECT_NAME CORE_OBJECT_NAME, b.object_name SCENARIO_NAME, c.assessment_type,
         ms_rsk_assessments_task.fn_get_previous_range (residual_rollup_rating) as residual_rollup_rating,e.object_level--d.level_num
    FROM ms_rsk_core_object_rollup c,
            --MS_GRC_CORE_OBJECT e,
            ms_rsk_all_assmnt_type e,
         ms_rsk_scenarios_scn b
       --ms_rsk_core_object_levels d
   WHERE version_no =
            (SELECT MAX (version_no)
               FROM ms_rsk_core_object_rollup d
              WHERE c.core_object_id = d.core_object_id
                AND c.assessment_type = d.assessment_type
                AND c.scenario_id = d.scenario_id)
      AND e.OBJECT_ID = c.CORE_OBJECT_ID
     AND c.assessment_type = '1'
     AND c.scenario_id = b.scenario_id
     --AND d.core_object_id = c.core_object_id
     AND e.object_level = 1 --d.LEVEL_NUM = 1
GROUP BY b.object_name,
         c.assessment_type,
        -- d.level_num,
        e.object_level,
         c.core_object_id,
         residual_rollup_rating,
         e.OBJECT_NAME</code></pre></td>
													</tr>
													<tr>
														<td><b>Description</b></td>
														<td>This infolet is used to fetch data to the Level 2 for Cross Perspective Report.</td>
													</tr>
												</tbody>
											</table>
										</div>

										<h2 align="center" id="content">Analysis Report</h2>
										<hr>

<header class="major"><h2>Plan hash value: 2761817787</h2></header><pre><code>
 
-----------------------------------------------------------------------------------------------------
| Id  | Operation               | Name                      | Rows  | Bytes | Cost (%CPU)| Time     |
-----------------------------------------------------------------------------------------------------
|   0 | SELECT STATEMENT        |                           |    20 |  3580 |    26   (8)| 00:00:01 |
|   1 |  SORT UNIQUE            |                           |    20 |  3580 |    26   (8)| 00:00:01 |
|   2 |   SORT GROUP BY         |                           |    20 |  3580 |    26   (8)| 00:00:01 |
|*  3 |    HASH JOIN            |                           |    20 |  3580 |    25   (4)| 00:00:01 |
|*  4 |     HASH JOIN           |                           |    20 |  2460 |    10  (10)| 00:00:01 |
|*  5 |      HASH JOIN          |                           |    23 |  1886 |     6   (0)| 00:00:01 |
<font style="background-color: lightblue; color: red">|   6 |       TABLE ACCESS FULL | MS_RSK_SCENARIOS_SCN      |    13 |   624 |     3   (0)| 00:00:01 |</font>
<font style="background-color: lightblue; color: red">|*  7 |       TABLE ACCESS FULL | MS_RSK_CORE_OBJECT_ROLLUP |    23 |   782 |     3   (0)| 00:00:01 |</font>
|   8 |      VIEW               | VW_SQ_1                   |    23 |   943 |     4  (25)| 00:00:01 |
|   9 |       SORT GROUP BY     |                           |    23 |   713 |     4  (25)| 00:00:01 |
<font style="background-color: lightblue; color: red">|* 10 |        TABLE ACCESS FULL| MS_RSK_CORE_OBJECT_ROLLUP |    23 |   713 |     3   (0)| 00:00:01 |</font>
<font style="background-color: lightblue; color: red">|* 11 |     TABLE ACCESS FULL   | MS_RSK_ALL_ASSMNT_TYPE    |   502 | 28112 |    15   (0)| 00:00:01 |</font>
-----------------------------------------------------------------------------------------------------
 
</code></pre><header class="major"><h2>Query Block Name / Object Alias (identified by operation id):</h2></header><pre><code>
 
   1 - SEL$C772B8D1
   6 - SEL$C772B8D1 / B@SEL$1
   7 - SEL$C772B8D1 / C@SEL$1
   8 - SEL$683B0107 / VW_SQ_1@SEL$7511BFD2
   9 - SEL$683B0107
  10 - SEL$683B0107 / D@SEL$2
  11 - SEL$C772B8D1 / E@SEL$1
 
</code></pre><header class="major"><h2>Predicate Information (identified by operation id):</h2></header><pre><code>
 
   3 - access("E"."OBJECT_ID"="C"."CORE_OBJECT_ID")
   4 - access("VERSION_NO"="MAX(VERSION_NO)" AND "C"."CORE_OBJECT_ID"="ITEM_0" AND 
              "C"."ASSESSMENT_TYPE"="ITEM_1" AND "C"."SCENARIO_ID"="ITEM_2")
   5 - access("C"."SCENARIO_ID"="B"."SCENARIO_ID")
   7 - filter("C"."ASSESSMENT_TYPE"='1')
  10 - filter("D"."ASSESSMENT_TYPE"='1')
  11 - filter(TO_NUMBER("E"."OBJECT_LEVEL")=1)
 
</code></pre><header class="major"><h2>Column Projection Information (identified by operation id):</h2></header><pre><code>
 
   1 - (#keys=6) "B"."OBJECT_NAME"[VARCHAR2,800], "E"."OBJECT_LEVEL"[VARCHAR2,4000], 
       "C"."CORE_OBJECT_ID"[VARCHAR2,400], "C"."ASSESSMENT_TYPE"[VARCHAR2,400], 
       "MS_RSK_ASSESSMENTS_TASK"."FN_GET_PREVIOUS_RANGE"(TO_NUMBER("RESIDUAL_ROLLUP_RATING"))[4000],
        "E"."OBJECT_NAME"[VARCHAR2,4000]
   2 - (#keys=6) "B"."OBJECT_NAME"[VARCHAR2,800], "C"."ASSESSMENT_TYPE"[VARCHAR2,400], 
       "E"."OBJECT_LEVEL"[VARCHAR2,4000], "C"."CORE_OBJECT_ID"[VARCHAR2,400], 
       "RESIDUAL_ROLLUP_RATING"[VARCHAR2,400], "E"."OBJECT_NAME"[VARCHAR2,4000]
   3 - (#keys=1) "C"."CORE_OBJECT_ID"[VARCHAR2,400], "B"."OBJECT_NAME"[VARCHAR2,800], 
       "C"."ASSESSMENT_TYPE"[VARCHAR2,400], "RESIDUAL_ROLLUP_RATING"[VARCHAR2,400], 
       "E"."OBJECT_LEVEL"[VARCHAR2,4000], "E"."OBJECT_NAME"[VARCHAR2,4000]
   4 - (#keys=4) "C"."CORE_OBJECT_ID"[VARCHAR2,400], "C"."ASSESSMENT_TYPE"[VARCHAR2,400], 
       "RESIDUAL_ROLLUP_RATING"[VARCHAR2,400], "B"."OBJECT_NAME"[VARCHAR2,800]
   5 - (#keys=1) "C"."SCENARIO_ID"[VARCHAR2,400], "B"."OBJECT_NAME"[VARCHAR2,800], 
       "VERSION_NO"[NUMBER,22], "C"."CORE_OBJECT_ID"[VARCHAR2,400], 
       "C"."ASSESSMENT_TYPE"[VARCHAR2,400], "RESIDUAL_ROLLUP_RATING"[VARCHAR2,400]
   6 - "B"."OBJECT_NAME"[VARCHAR2,800], "B"."SCENARIO_ID"[VARCHAR2,400]
   7 - "C"."SCENARIO_ID"[VARCHAR2,400], "C"."CORE_OBJECT_ID"[VARCHAR2,400], 
       "C"."ASSESSMENT_TYPE"[VARCHAR2,400], "RESIDUAL_ROLLUP_RATING"[VARCHAR2,400], 
       "VERSION_NO"[NUMBER,22]
   8 - "MAX(VERSION_NO)"[NUMBER,22], "ITEM_0"[VARCHAR2,400], "ITEM_1"[VARCHAR2,400], 
       "ITEM_2"[VARCHAR2,400]
   9 - (#keys=3) "D"."CORE_OBJECT_ID"[VARCHAR2,400], "D"."ASSESSMENT_TYPE"[VARCHAR2,400], 
       "D"."SCENARIO_ID"[VARCHAR2,400], MAX("VERSION_NO")[22]
  10 - "D"."SCENARIO_ID"[VARCHAR2,400], "D"."CORE_OBJECT_ID"[VARCHAR2,400], 
       "D"."ASSESSMENT_TYPE"[VARCHAR2,400], "VERSION_NO"[NUMBER,22]
  11 - "E"."OBJECT_ID"[VARCHAR2,4000], "E"."OBJECT_NAME"[VARCHAR2,4000], 
       "E"."OBJECT_LEVEL"[VARCHAR2,4000]
										</code></pre>
								</section>
						</div>
					</div>

				<!-- Sidebar -->
				<div id="sidebar">
					<div class="inner">
						<!-- Menu -->
						<nav id="menu">
							<header class="major">
								<h2>Menu</h2>
							</header>
							<ul>
								<li><a href="../index.html">Module List</a></li>
								<li><a href="index.html">Summary</a></li>
								<li>
									<span class="opener">DB Analysis</span>
									<ul>
										<li><a href="bad-sql.html">Bad SQL</a></li>
										<li><a href="poor-sql.html">Poor SQL Plan</a></li>
										<li><a href="invalid-sql.html">Invalid SQL</a></li>
										<li><a href="full-sql.html">Full SQL Report</a></li>
										<li><a href="table-nil-key.html">Primary/Unique Key Miss</a></li>
										<li><a href="invalid-db-object.html">Invalid DB Objects</a></li>
									</ul>
								</li>
								<li>
									<span class="opener">Infolets</span>
									<ul>
										<li><a href="keep-history-infolets.html">Keep History Infolets</a></li>
									</ul>
								</li>
								<li>
									<span class="opener">Pushforms</span>
									<ul>
										<li><a href="pushform-denormalize.html">Pushform Denormalized</a></li>
									</ul>
								</li>
							</ul>
						</nav>

						<!-- Section -->
						<section>
							<header class="major">
								<h2>Get in touch</h2>
							</header>
							<p>You need more details on the report or want more functionality, don't hesitate to reach out to us.</p>
							<ul class="contact">
								<li class="fa-envelope-o"><a href="mailto:rnd@metricstream.com?Subject=Reg - Static Code Analysis Tool" target="_top">rnd@metricstream.com</a></li>
							</ul>
						</section>

						<!-- Footer -->
						<footer id="footer">
							<p class="copyright">&copy; <a href="http://www.metricstream.com" target="_blank">MetricStream</a>. All rights reserved. </p>
						</footer>
					</div>
				</div>
			</div>

		<!-- Scripts -->
			<script src="../../lib/assets/js/jquery.min.js"></script>
			<script src="../../lib/assets/js/skel.min.js"></script>
			<script src="../../lib/assets/js/util.js"></script>
			<!--[if lte IE 8]><script src="../../lib/assets/js/ie/respond.min.js"></script><![endif]-->
			<script src="../../lib/assets/js/main.js"></script>
	</body>
</html>