<!DOCTYPE HTML>
<html>
	<head>
		<title>Code Analysis - MetricStream</title>
		<meta charset="utf-8" />
		<meta name="viewport" content="width=device-width, initial-scale=1, user-scalable=no" />
		<!--[if lte IE 8]><script src="../../lib/assets/js/ie/html5shiv.js"></script><![endif]-->
		<link rel="stylesheet" href="../../lib/assets/css/main.css" />
		<!--[if lte IE 9]><link rel="stylesheet" href="../../lib/assets/css/ie9.css" /><![endif]-->
		<!--[if lte IE 8]><link rel="stylesheet" href="../../lib/assets/css/ie8.css" /><![endif]-->
	</head>
	<body>

		<!-- Wrapper -->
			<div id="wrapper">

				<!-- Main -->
					<div id="main">
						<div class="inner">
							<!-- Header -->
								<header id="header">
									<a href="index.html" class="logo"><strong>Static Code Analysis Report</strong> by Code Analyzer Tool</a>
								</header>

							<!-- Content -->
								<section>
									<!-- Content -->
										<header class="major"><h2>Infolet Details</h2></header>
										<div class="table-wrapper">
											<table>
												<tbody>
													<tr>
														<td><b>Name</b></td>
														<td>MS_RSK_RISK_RAM_LIST_INFOLET (102502)</td>
													</tr>
													<tr>
														<td><b>SQL</b></td>
														<td><pre><code>select a.object_id as object_id, a.object_name as object_name, b.object_name as x_axis_name, c.object_name as y_axis_name,
a.object_name as object_url,
MS_RSK_UTILS.Get_displayed_value_from_LOV('MS_RSK_RISK_ASSESSMENT_METHODOLOGY',a.method_type) as method_type, A.DD_OBJECT_TYPE as object_type,
MS_RSK_RPT_UTILS.FN_GET_REPORT_JSON
(
(SELECT METRIC_ID FROM SI_METRICS_T WHERE METRIC_NAME='MS_RSK_RISK_RAM'),
a.dd_process_instance_id,a.dd_instance_id,
'flag=1'||CHR(38)||'emd=1'||CHR(38)||'x_edit_mode=Yes'||CHR (38)|| 'wrapper= No'|| CHR (38)|| 'mode=view')
AS object_name_json 
FROM ms_rsk_risk_ram a , ms_rsk_qnt_asmt_fctr b, ms_rsk_qnt_asmt_fctr c
where a.x_axis_id = b.object_id(+)
and a.y_axis_id = c.object_id(+)</code></pre></td>
													</tr>
													<tr>
														<td><b>Description</b></td>
														<td>MS_RSK_RISK_RAM_LIST_INFOLET</td>
													</tr>
												</tbody>
											</table>
										</div>

										<h2 align="center" id="content">Analysis Report</h2>
										<hr>

<header class="major"><h2>Plan hash value: 3523904741</h2></header><pre><code>
 
---------------------------------------------------------------------------------------------------------
| Id  | Operation                     | Name                    | Rows  | Bytes | Cost (%CPU)| Time     |
---------------------------------------------------------------------------------------------------------
|   0 | SELECT STATEMENT              |                         |     4 |   624 |     6   (0)| 00:00:01 |
|   1 |  TABLE ACCESS BY INDEX ROWID  | SI_METRICS_T            |     1 |    34 |     1   (0)| 00:00:01 |
|*  2 |   INDEX RANGE SCAN            | SI_METRICS_T_N7         |     1 |       |     1   (0)| 00:00:01 |
|   3 |  NESTED LOOPS OUTER           |                         |     4 |   624 |     6   (0)| 00:00:01 |
|   4 |   NESTED LOOPS OUTER          |                         |     4 |   504 |     5   (0)| 00:00:01 |
<font style="background-color: lightblue; color: red">|   5 |    TABLE ACCESS FULL          | MS_RSK_RISK_RAM         |     4 |   384 |     3   (0)| 00:00:01 |</font>
|   6 |    TABLE ACCESS BY INDEX ROWID| MS_RSK_QNT_ASMT_FCTR    |     1 |    30 |     1   (0)| 00:00:01 |
|*  7 |     INDEX UNIQUE SCAN         | MS_RSK_QNT_ASMT_FCTR_PK |     1 |       |     1   (0)| 00:00:01 |
|   8 |   TABLE ACCESS BY INDEX ROWID | MS_RSK_QNT_ASMT_FCTR    |     1 |    30 |     1   (0)| 00:00:01 |
|*  9 |    INDEX UNIQUE SCAN          | MS_RSK_QNT_ASMT_FCTR_PK |     1 |       |     1   (0)| 00:00:01 |
---------------------------------------------------------------------------------------------------------
 
</code></pre><header class="major"><h2>Query Block Name / Object Alias (identified by operation id):</h2></header><pre><code>
 
   1 - SEL$2 / SI_METRICS_T@SEL$2
   2 - SEL$2 / SI_METRICS_T@SEL$2
   3 - SEL$1
   5 - SEL$1 / A@SEL$1
   6 - SEL$1 / B@SEL$1
   7 - SEL$1 / B@SEL$1
   8 - SEL$1 / C@SEL$1
   9 - SEL$1 / C@SEL$1
 
</code></pre><header class="major"><h2>Predicate Information (identified by operation id):</h2></header><pre><code>
 
   2 - access("METRIC_NAME"='MS_RSK_RISK_RAM')
   7 - access("A"."X_AXIS_ID"="B"."OBJECT_ID"(+))
   9 - access("A"."Y_AXIS_ID"="C"."OBJECT_ID"(+))
 
</code></pre><header class="major"><h2>Column Projection Information (identified by operation id):</h2></header><pre><code>
 
   1 - "SI_METRICS_T".ROWID[ROWID,10], "METRIC_ID"[NUMBER,22]
   2 - "SI_METRICS_T".ROWID[ROWID,10]
   3 - (#keys=0) "A"."METHOD_TYPE"[VARCHAR2,400], "A"."OBJECT_ID"[VARCHAR2,80], 
       "A"."OBJECT_NAME"[VARCHAR2,1200], "A"."DD_OBJECT_TYPE"[VARCHAR2,400], 
       "A"."DD_PROCESS_INSTANCE_ID"[NUMBER,22], "A"."DD_INSTANCE_ID"[NUMBER,22], 
       "B"."OBJECT_NAME"[VARCHAR2,4000], "C"."OBJECT_NAME"[VARCHAR2,4000]
   4 - (#keys=0) "A"."METHOD_TYPE"[VARCHAR2,400], "A"."OBJECT_ID"[VARCHAR2,80], 
       "A"."Y_AXIS_ID"[VARCHAR2,1020], "A"."OBJECT_NAME"[VARCHAR2,1200], 
       "A"."DD_OBJECT_TYPE"[VARCHAR2,400], "A"."DD_PROCESS_INSTANCE_ID"[NUMBER,22], 
       "A"."DD_INSTANCE_ID"[NUMBER,22], "B"."OBJECT_NAME"[VARCHAR2,4000]
   5 - "A"."METHOD_TYPE"[VARCHAR2,400], "A"."OBJECT_ID"[VARCHAR2,80], 
       "A"."Y_AXIS_ID"[VARCHAR2,1020], "A"."X_AXIS_ID"[VARCHAR2,1020], 
       "A"."OBJECT_NAME"[VARCHAR2,1200], "A"."DD_OBJECT_TYPE"[VARCHAR2,400], 
       "A"."DD_PROCESS_INSTANCE_ID"[NUMBER,22], "A"."DD_INSTANCE_ID"[NUMBER,22]
   6 - "B"."OBJECT_NAME"[VARCHAR2,4000]
   7 - "B".ROWID[ROWID,10]
   8 - "C"."OBJECT_NAME"[VARCHAR2,4000]
   9 - "C".ROWID[ROWID,10]
										</code></pre>
								</section>
						</div>
					</div>

				<!-- Sidebar -->
				<div id="sidebar">
					<div class="inner">
						<!-- Menu -->
						<nav id="menu">
							<header class="major">
								<h2>Menu</h2>
							</header>
							<ul>
								<li><a href="../index.html">Module List</a></li>
								<li><a href="index.html">Summary</a></li>
								<li>
									<span class="opener">DB Analysis</span>
									<ul>
										<li><a href="bad-sql.html">Bad SQL</a></li>
										<li><a href="poor-sql.html">Poor SQL Plan</a></li>
										<li><a href="invalid-sql.html">Invalid SQL</a></li>
										<li><a href="full-sql.html">Full SQL Report</a></li>
										<li><a href="table-nil-key.html">Primary/Unique Key Miss</a></li>
										<li><a href="invalid-db-object.html">Invalid DB Objects</a></li>
									</ul>
								</li>
								<li>
									<span class="opener">Infolets</span>
									<ul>
										<li><a href="keep-history-infolets.html">Keep History Infolets</a></li>
									</ul>
								</li>
								<li>
									<span class="opener">Pushforms</span>
									<ul>
										<li><a href="pushform-denormalize.html">Pushform Denormalized</a></li>
									</ul>
								</li>
							</ul>
						</nav>

						<!-- Section -->
						<section>
							<header class="major">
								<h2>Get in touch</h2>
							</header>
							<p>You need more details on the report or want more functionality, don't hesitate to reach out to us.</p>
							<ul class="contact">
								<li class="fa-envelope-o"><a href="mailto:rnd@metricstream.com?Subject=Reg - Static Code Analysis Tool" target="_top">rnd@metricstream.com</a></li>
							</ul>
						</section>

						<!-- Footer -->
						<footer id="footer">
							<p class="copyright">&copy; <a href="http://www.metricstream.com" target="_blank">MetricStream</a>. All rights reserved. </p>
						</footer>
					</div>
				</div>
			</div>

		<!-- Scripts -->
			<script src="../../lib/assets/js/jquery.min.js"></script>
			<script src="../../lib/assets/js/skel.min.js"></script>
			<script src="../../lib/assets/js/util.js"></script>
			<!--[if lte IE 8]><script src="../../lib/assets/js/ie/respond.min.js"></script><![endif]-->
			<script src="../../lib/assets/js/main.js"></script>
	</body>
</html>