<!DOCTYPE HTML>
<html>
	<head>
		<title>Code Analysis - MetricStream</title>
		<meta charset="utf-8" />
		<meta name="viewport" content="width=device-width, initial-scale=1, user-scalable=no" />
		<!--[if lte IE 8]><script src="../../lib/assets/js/ie/html5shiv.js"></script><![endif]-->
		<link rel="stylesheet" href="../../lib/assets/css/main.css" />
		<!--[if lte IE 9]><link rel="stylesheet" href="../../lib/assets/css/ie9.css" /><![endif]-->
		<!--[if lte IE 8]><link rel="stylesheet" href="../../lib/assets/css/ie8.css" /><![endif]-->
	</head>
	<body>

		<!-- Wrapper -->
			<div id="wrapper">

				<!-- Main -->
					<div id="main">
						<div class="inner">
							<!-- Header -->
								<header id="header">
									<a href="index.html" class="logo"><strong>Static Code Analysis Report</strong> by Code Analyzer Tool</a>
								</header>

							<!-- Content -->
								<section>
									<!-- Content -->
										<header class="major"><h2>Infolet Details</h2></header>
										<div class="table-wrapper">
											<table>
												<tbody>
													<tr>
														<td><b>Name</b></td>
														<td>MS_RSK_ORG_WTG_BROWSER (102393)</td>
													</tr>
													<tr>
														<td><b>SQL</b></td>
														<td><pre><code>select object_id,
(SELECT B.org_entity_name
  FROM si_org_entities_t B
  WHERE B.org_entity_id= A.organization_name
  ) AS display_name, 
  dd_object_type object_type, 'Y' AS over_ride_action,
            'proc='
         || TO_CHAR (dd_process_instance_id)
         || '|instid='
         || TO_CHAR (dd_instance_id)
         || '|edit_flag='
         || NVL (dd_edit_flag, 'Y') AS edit_action_parameters
FROM ms_rsk_org_wtg A
WHERE dd_process_instance_id IN (
SELECT max(dd_process_instance_id) FROM ms_rsk_org_wtg
  GROUP BY organization_name, organization_hierarchy)</code></pre></td>
													</tr>
													<tr>
														<td><b>Description</b></td>
														<td>null</td>
													</tr>
												</tbody>
											</table>
										</div>

										<h2 align="center" id="content">Analysis Report</h2>
										<hr>

<header class="major"><h2>Plan hash value: 2865375382</h2></header><pre><code>
 
--------------------------------------------------------------------------------------------------
| Id  | Operation                   | Name               | Rows  | Bytes | Cost (%CPU)| Time     |
--------------------------------------------------------------------------------------------------
|   0 | SELECT STATEMENT            |                    |     1 |    60 |     7  (15)| 00:00:01 |
|   1 |  TABLE ACCESS BY INDEX ROWID| SI_ORG_ENTITIES_T  |     1 |    25 |     1   (0)| 00:00:01 |
|*  2 |   INDEX RANGE SCAN          | SI_ORG_ENTITIES_N5 |     1 |       |     1   (0)| 00:00:01 |
|*  3 |  HASH JOIN SEMI             |                    |     1 |    60 |     7  (15)| 00:00:01 |
<font style="background-color: lightblue; color: red">|   4 |   TABLE ACCESS FULL         | MS_RSK_ORG_WTG     |    73 |  3431 |     3   (0)| 00:00:01 |</font>
|   5 |   VIEW                      | VW_NSO_1           |    73 |   949 |     4  (25)| 00:00:01 |
|   6 |    SORT GROUP BY            |                    |    73 |  1387 |     4  (25)| 00:00:01 |
<font style="background-color: lightblue; color: red">|   7 |     TABLE ACCESS FULL       | MS_RSK_ORG_WTG     |    73 |  1387 |     3   (0)| 00:00:01 |</font>
--------------------------------------------------------------------------------------------------
 
</code></pre><header class="major"><h2>Query Block Name / Object Alias (identified by operation id):</h2></header><pre><code>
 
   1 - SEL$2        / B@SEL$2
   2 - SEL$2        / B@SEL$2
   3 - SEL$8771BF6C
   4 - SEL$8771BF6C / A@SEL$1
   5 - SEL$291F8F59 / VW_NSO_1@SEL$8771BF6C
   6 - SEL$291F8F59
   7 - SEL$291F8F59 / MS_RSK_ORG_WTG@SEL$3
 
</code></pre><header class="major"><h2>Predicate Information (identified by operation id):</h2></header><pre><code>
 
   2 - access("B"."ORG_ENTITY_ID"=TO_NUMBER(:B1))
   3 - access("DD_PROCESS_INSTANCE_ID"="MAX(DD_PROCESS_INSTANCE_ID)")
 
</code></pre><header class="major"><h2>Column Projection Information (identified by operation id):</h2></header><pre><code>
 
   1 - "B".ROWID[ROWID,10], "B"."ORG_ENTITY_NAME"[VARCHAR2,400]
   2 - "B".ROWID[ROWID,10]
   3 - (#keys=1) "DD_PROCESS_INSTANCE_ID"[NUMBER,22], "OBJECT_ID"[VARCHAR2,400], 
       "A"."ORGANIZATION_NAME"[VARCHAR2,4000], "DD_OBJECT_TYPE"[VARCHAR2,400], 
       "DD_EDIT_FLAG"[VARCHAR2,4], "DD_INSTANCE_ID"[NUMBER,22]
   4 - "OBJECT_ID"[VARCHAR2,400], "A"."ORGANIZATION_NAME"[VARCHAR2,4000], 
       "DD_OBJECT_TYPE"[VARCHAR2,400], "DD_PROCESS_INSTANCE_ID"[NUMBER,22], 
       "DD_INSTANCE_ID"[NUMBER,22], "DD_EDIT_FLAG"[VARCHAR2,4]
   5 - "MAX(DD_PROCESS_INSTANCE_ID)"[NUMBER,22]
   6 - (#keys=2) "ORGANIZATION_NAME"[VARCHAR2,4000], 
       "ORGANIZATION_HIERARCHY"[VARCHAR2,200], MAX("DD_PROCESS_INSTANCE_ID")[22]
   7 - "ORGANIZATION_HIERARCHY"[VARCHAR2,200], "ORGANIZATION_NAME"[VARCHAR2,4000], 
       "DD_PROCESS_INSTANCE_ID"[NUMBER,22]
										</code></pre>
								</section>
						</div>
					</div>

				<!-- Sidebar -->
				<div id="sidebar">
					<div class="inner">
						<!-- Menu -->
						<nav id="menu">
							<header class="major">
								<h2>Menu</h2>
							</header>
							<ul>
								<li><a href="../index.html">Module List</a></li>
								<li><a href="index.html">Summary</a></li>
								<li>
									<span class="opener">DB Analysis</span>
									<ul>
										<li><a href="bad-sql.html">Bad SQL</a></li>
										<li><a href="poor-sql.html">Poor SQL Plan</a></li>
										<li><a href="invalid-sql.html">Invalid SQL</a></li>
										<li><a href="full-sql.html">Full SQL Report</a></li>
										<li><a href="table-nil-key.html">Primary/Unique Key Miss</a></li>
										<li><a href="invalid-db-object.html">Invalid DB Objects</a></li>
									</ul>
								</li>
								<li>
									<span class="opener">Infolets</span>
									<ul>
										<li><a href="keep-history-infolets.html">Keep History Infolets</a></li>
									</ul>
								</li>
								<li>
									<span class="opener">Pushforms</span>
									<ul>
										<li><a href="pushform-denormalize.html">Pushform Denormalized</a></li>
									</ul>
								</li>
							</ul>
						</nav>

						<!-- Section -->
						<section>
							<header class="major">
								<h2>Get in touch</h2>
							</header>
							<p>You need more details on the report or want more functionality, don't hesitate to reach out to us.</p>
							<ul class="contact">
								<li class="fa-envelope-o"><a href="mailto:rnd@metricstream.com?Subject=Reg - Static Code Analysis Tool" target="_top">rnd@metricstream.com</a></li>
							</ul>
						</section>

						<!-- Footer -->
						<footer id="footer">
							<p class="copyright">&copy; <a href="http://www.metricstream.com" target="_blank">MetricStream</a>. All rights reserved. </p>
						</footer>
					</div>
				</div>
			</div>

		<!-- Scripts -->
			<script src="../../lib/assets/js/jquery.min.js"></script>
			<script src="../../lib/assets/js/skel.min.js"></script>
			<script src="../../lib/assets/js/util.js"></script>
			<!--[if lte IE 8]><script src="../../lib/assets/js/ie/respond.min.js"></script><![endif]-->
			<script src="../../lib/assets/js/main.js"></script>
	</body>
</html>