<!DOCTYPE HTML>
<html>
	<head>
		<title>Code Analysis - MetricStream</title>
		<meta charset="utf-8" />
		<meta name="viewport" content="width=device-width, initial-scale=1, user-scalable=no" />
		<!--[if lte IE 8]><script src="../../lib/assets/js/ie/html5shiv.js"></script><![endif]-->
		<link rel="stylesheet" href="../../lib/assets/css/main.css" />
		<!--[if lte IE 9]><link rel="stylesheet" href="../../lib/assets/css/ie9.css" /><![endif]-->
		<!--[if lte IE 8]><link rel="stylesheet" href="../../lib/assets/css/ie8.css" /><![endif]-->
	</head>
	<body>

		<!-- Wrapper -->
			<div id="wrapper">

				<!-- Main -->
					<div id="main">
						<div class="inner">
							<!-- Header -->
								<header id="header">
									<a href="index.html" class="logo"><strong>Static Code Analysis Report</strong> by Code Analyzer Tool</a>
								</header>

							<!-- Content -->
								<section>
									<!-- Content -->
										<header class="major"><h2>Infolet Details</h2></header>
										<div class="table-wrapper">
											<table>
												<tbody>
													<tr>
														<td><b>Name</b></td>
														<td>MS_RSK_Risk_Breakdown_Dashboard (102547)</td>
													</tr>
													<tr>
														<td><b>SQL</b></td>
														<td><pre><code>SELECT   risk_score, COUNT (risk_id),level_num,scenario_id,assessment_type
    FROM (SELECT a.risk_id, a.residual_rollup_rating,
                 a.inherent_rollup_rating, a.scenario_id, a.assessment_type,
                 a.version_no, b.level_num, e.risk_score
            FROM ms_rsk_risk_rollup a,
                 ms_rsk_risk_levels b,
                 ms_rsk_scenarios_scn c,
                 ms_rsk_assessed_score e                 
           WHERE a.risk_id = b.risk_id
             AND a.scenario_id = c.scenario_id
             --and c.default_scenario = '1' -- for default scenario
             AND b.level_num = :1
             AND a.scenario_id = :2
             AND a.assessment_type = :3
             AND a.version_no = (SELECT MAX (d.version_no)
                                   FROM ms_rsk_risk_rollup d
                                  WHERE d.risk_id = a.risk_id AND d.scenario_id = a.scenario_id 
AND d.assessment_type = a.assessment_type)
             AND a.residual_rollup_rating BETWEEN e.minimum_value
                                              AND e.maximum_value)
GROUP BY risk_score,level_num,scenario_id,assessment_type</code></pre></td>
													</tr>
													<tr>
														<td><b>Description</b></td>
														<td>MS_RSK_Risk_Breakdown_Dashboard</td>
													</tr>
												</tbody>
											</table>
										</div>

										<h2 align="center" id="content">Analysis Report</h2>
										<hr>

<header class="major"><h2>Plan hash value: 3702358886</h2></header><pre><code>
 
-------------------------------------------------------------------------------------------------------------
| Id  | Operation                      | Name                       | Rows  | Bytes | Cost (%CPU)| Time     |
-------------------------------------------------------------------------------------------------------------
|   0 | SELECT STATEMENT               |                            |     1 |    78 |    12   (9)| 00:00:01 |
|   1 |  SORT GROUP BY                 |                            |     1 |    78 |    12   (9)| 00:00:01 |
|*  2 |   FILTER                       |                            |       |       |            |          |
|   3 |    NESTED LOOPS                |                            |     1 |    78 |     8   (0)| 00:00:01 |
|   4 |     NESTED LOOPS               |                            |     1 |    78 |     8   (0)| 00:00:01 |
|*  5 |      HASH JOIN                 |                            |     1 |    60 |     7   (0)| 00:00:01 |
<font style="background-color: lightblue; color: red">|   6 |       MERGE JOIN CARTESIAN     |                            |     4 |   104 |     4   (0)| 00:00:01 |</font>
|*  7 |        INDEX RANGE SCAN        | MS_RSK_SCENARIOS_SCN_UK    |     1 |    11 |     1   (0)| 00:00:01 |
|   8 |        BUFFER SORT             |                            |     4 |    60 |     3   (0)| 00:00:01 |
<font style="background-color: lightblue; color: red">|   9 |         TABLE ACCESS FULL      | MS_RSK_ASSESSED_SCORE      |     4 |    60 |     3   (0)| 00:00:01 |</font>
<font style="background-color: lightblue; color: red">|* 10 |       TABLE ACCESS FULL        | MS_RSK_RISK_ROLLUP         |     2 |    68 |     3   (0)| 00:00:01 |</font>
|* 11 |      INDEX RANGE SCAN          | MS_RSK_RISK_LEVELS_RISK_ID |     1 |       |     1   (0)| 00:00:01 |
|* 12 |     TABLE ACCESS BY INDEX ROWID| MS_RSK_RISK_LEVELS         |     1 |    18 |     1   (0)| 00:00:01 |
|  13 |    SORT AGGREGATE              |                            |     1 |    31 |            |          |
<font style="background-color: lightblue; color: red">|* 14 |     TABLE ACCESS FULL          | MS_RSK_RISK_ROLLUP         |     1 |    31 |     3   (0)| 00:00:01 |</font>
-------------------------------------------------------------------------------------------------------------
 
</code></pre><header class="major"><h2>Query Block Name / Object Alias (identified by operation id):</h2></header><pre><code>
 
   1 - SEL$F5BB74E1
   7 - SEL$F5BB74E1 / C@SEL$2
   9 - SEL$F5BB74E1 / E@SEL$2
  10 - SEL$F5BB74E1 / A@SEL$2
  11 - SEL$F5BB74E1 / B@SEL$2
  12 - SEL$F5BB74E1 / B@SEL$2
  13 - SEL$3       
  14 - SEL$3        / D@SEL$3
 
</code></pre><header class="major"><h2>Predicate Information (identified by operation id):</h2></header><pre><code>
 
   2 - filter("A"."VERSION_NO"= (SELECT MAX("D"."VERSION_NO") FROM "MS_RSK_RISK_ROLLUP" "D" WHERE 
              "D"."RISK_ID"=:B1 AND "D"."SCENARIO_ID"=:B2 AND "D"."ASSESSMENT_TYPE"=:B3))
   5 - access("A"."SCENARIO_ID"="C"."SCENARIO_ID")
       filter("E"."MINIMUM_VALUE"<=TO_NUMBER("A"."RESIDUAL_ROLLUP_RATING") AND 
              "E"."MAXIMUM_VALUE">=TO_NUMBER("A"."RESIDUAL_ROLLUP_RATING"))
   7 - access("C"."SCENARIO_ID"=:2)
  10 - filter("A"."SCENARIO_ID"=:2 AND "A"."ASSESSMENT_TYPE"=:3)
  11 - access("A"."RISK_ID"="B"."RISK_ID")
  12 - filter("B"."LEVEL_NUM"=TO_NUMBER(:1))
  14 - filter("D"."RISK_ID"=:B1 AND "D"."SCENARIO_ID"=:B2 AND "D"."ASSESSMENT_TYPE"=:B3)
 
</code></pre><header class="major"><h2>Column Projection Information (identified by operation id):</h2></header><pre><code>
 
   1 - (#keys=4) "E"."RISK_SCORE"[VARCHAR2,400], "B"."LEVEL_NUM"[NUMBER,22], 
       "A"."SCENARIO_ID"[VARCHAR2,400], "A"."ASSESSMENT_TYPE"[VARCHAR2,400], COUNT("A"."RISK_ID")[22]
   2 - "A"."SCENARIO_ID"[VARCHAR2,400], "E"."RISK_SCORE"[VARCHAR2,400], "A"."RISK_ID"[VARCHAR2,400], 
       "A"."ASSESSMENT_TYPE"[VARCHAR2,400], "B"."LEVEL_NUM"[NUMBER,22]
   3 - (#keys=0) "A"."SCENARIO_ID"[VARCHAR2,400], "E"."RISK_SCORE"[VARCHAR2,400], 
       "A"."VERSION_NO"[NUMBER,22], "A"."RISK_ID"[VARCHAR2,400], "A"."ASSESSMENT_TYPE"[VARCHAR2,400], 
       "B"."LEVEL_NUM"[NUMBER,22]
   4 - (#keys=0) "A"."SCENARIO_ID"[VARCHAR2,400], "E"."RISK_SCORE"[VARCHAR2,400], 
       "A"."VERSION_NO"[NUMBER,22], "A"."RISK_ID"[VARCHAR2,400], "A"."ASSESSMENT_TYPE"[VARCHAR2,400], 
       "B".ROWID[ROWID,10]
   5 - (#keys=1) "A"."SCENARIO_ID"[VARCHAR2,400], "E"."RISK_SCORE"[VARCHAR2,400], 
       "A"."VERSION_NO"[NUMBER,22], "A"."RISK_ID"[VARCHAR2,400], "A"."ASSESSMENT_TYPE"[VARCHAR2,400]
   6 - (#keys=0) "C"."SCENARIO_ID"[VARCHAR2,400], "E"."RISK_SCORE"[VARCHAR2,400], 
       "E"."MAXIMUM_VALUE"[NUMBER,22], "E"."MINIMUM_VALUE"[NUMBER,22]
   7 - "C"."SCENARIO_ID"[VARCHAR2,400]
   8 - (#keys=0) "E"."RISK_SCORE"[VARCHAR2,400], "E"."MAXIMUM_VALUE"[NUMBER,22], 
       "E"."MINIMUM_VALUE"[NUMBER,22]
   9 - "E"."RISK_SCORE"[VARCHAR2,400], "E"."MAXIMUM_VALUE"[NUMBER,22], "E"."MINIMUM_VALUE"[NUMBER,22]
  10 - "A"."SCENARIO_ID"[VARCHAR2,400], "A"."RISK_ID"[VARCHAR2,400], 
       "A"."ASSESSMENT_TYPE"[VARCHAR2,400], "A"."RESIDUAL_ROLLUP_RATING"[VARCHAR2,400], 
       "A"."VERSION_NO"[NUMBER,22]
  11 - "B".ROWID[ROWID,10]
  12 - "B"."LEVEL_NUM"[NUMBER,22]
  13 - (#keys=0) MAX("D"."VERSION_NO")[22]
  14 - "D"."VERSION_NO"[NUMBER,22]
										</code></pre>
								</section>
						</div>
					</div>

				<!-- Sidebar -->
				<div id="sidebar">
					<div class="inner">
						<!-- Menu -->
						<nav id="menu">
							<header class="major">
								<h2>Menu</h2>
							</header>
							<ul>
								<li><a href="../index.html">Module List</a></li>
								<li><a href="index.html">Summary</a></li>
								<li>
									<span class="opener">DB Analysis</span>
									<ul>
										<li><a href="bad-sql.html">Bad SQL</a></li>
										<li><a href="poor-sql.html">Poor SQL Plan</a></li>
										<li><a href="invalid-sql.html">Invalid SQL</a></li>
										<li><a href="full-sql.html">Full SQL Report</a></li>
										<li><a href="table-nil-key.html">Primary/Unique Key Miss</a></li>
										<li><a href="invalid-db-object.html">Invalid DB Objects</a></li>
									</ul>
								</li>
								<li>
									<span class="opener">Infolets</span>
									<ul>
										<li><a href="keep-history-infolets.html">Keep History Infolets</a></li>
									</ul>
								</li>
								<li>
									<span class="opener">Pushforms</span>
									<ul>
										<li><a href="pushform-denormalize.html">Pushform Denormalized</a></li>
									</ul>
								</li>
							</ul>
						</nav>

						<!-- Section -->
						<section>
							<header class="major">
								<h2>Get in touch</h2>
							</header>
							<p>You need more details on the report or want more functionality, don't hesitate to reach out to us.</p>
							<ul class="contact">
								<li class="fa-envelope-o"><a href="mailto:rnd@metricstream.com?Subject=Reg - Static Code Analysis Tool" target="_top">rnd@metricstream.com</a></li>
							</ul>
						</section>

						<!-- Footer -->
						<footer id="footer">
							<p class="copyright">&copy; <a href="http://www.metricstream.com" target="_blank">MetricStream</a>. All rights reserved. </p>
						</footer>
					</div>
				</div>
			</div>

		<!-- Scripts -->
			<script src="../../lib/assets/js/jquery.min.js"></script>
			<script src="../../lib/assets/js/skel.min.js"></script>
			<script src="../../lib/assets/js/util.js"></script>
			<!--[if lte IE 8]><script src="../../lib/assets/js/ie/respond.min.js"></script><![endif]-->
			<script src="../../lib/assets/js/main.js"></script>
	</body>
</html>