<!DOCTYPE HTML>
<html>
	<head>
		<title>Code Analysis - MetricStream</title>
		<meta charset="utf-8" />
		<meta name="viewport" content="width=device-width, initial-scale=1, user-scalable=no" />
		<!--[if lte IE 8]><script src="../../lib/assets/js/ie/html5shiv.js"></script><![endif]-->
		<link rel="stylesheet" href="../../lib/assets/css/main.css" />
		<!--[if lte IE 9]><link rel="stylesheet" href="../../lib/assets/css/ie9.css" /><![endif]-->
		<!--[if lte IE 8]><link rel="stylesheet" href="../../lib/assets/css/ie8.css" /><![endif]-->
	</head>
	<body>

		<!-- Wrapper -->
			<div id="wrapper">

				<!-- Main -->
					<div id="main">
						<div class="inner">
							<!-- Header -->
								<header id="header">
									<a href="index.html" class="logo"><strong>Static Code Analysis Report</strong> by Code Analyzer Tool</a>
								</header>

							<!-- Content -->
								<section>
									<!-- Content -->
										<header class="major"><h2>Infolet Details</h2></header>
										<div class="table-wrapper">
											<table>
												<tbody>
													<tr>
														<td><b>Name</b></td>
														<td>MS_RSK_JUM_RPT_CNTL_NAM (102323)</td>
													</tr>
													<tr>
														<td><b>SQL</b></td>
														<td><pre><code>SELECT  distinct GRC_CNTL.OBJECT_NAME AS CNTL_NAME,GRC_CNTL.object_id as CNTL_ID
        FROM MS_GRC_ORB_RELATIONS_PUB_V GRC_B, 
      MS_GRC_COMPLIANCE_OBJE GRC_CNTL,
    MS_RSK_RISK_REGISTER_RPT RSK_A
    WHERE GRC_CNTL.OBJECT_ID(+)=GRC_B.TGT_OBJ_ID
           AND GRC_B.SRC_OBJ_ID=RSK_A.RISK_ID
           AND GRC_B.TGT_OBJ_TYPE IN ('MS_GRC_CONTROL')
           and GRC_CNTL.OBJECT_NAME is not null</code></pre></td>
													</tr>
													<tr>
														<td><b>Description</b></td>
														<td>null</td>
													</tr>
												</tbody>
											</table>
										</div>

										<h2 align="center" id="content">Analysis Report</h2>
										<hr>

<header class="major"><h2>Plan hash value: 165724755</h2></header><pre><code>
 
--------------------------------------------------------------------------------------------------------------------
| Id  | Operation                          | Name                          | Rows  | Bytes | Cost (%CPU)| Time     |
--------------------------------------------------------------------------------------------------------------------
|   0 | SELECT STATEMENT                   |                               |     3 |   678 |    22   (5)| 00:00:01 |
|   1 |  SORT UNIQUE                       |                               |     3 |   678 |    22   (5)| 00:00:01 |
|   2 |   NESTED LOOPS                     |                               |     3 |   678 |    21   (0)| 00:00:01 |
|   3 |    NESTED LOOPS                    |                               |     3 |   183 |    20   (0)| 00:00:01 |
|   4 |     INDEX FULL SCAN                | MS_RSK_RISK_ID_IDX3           |    16 |   240 |     1   (0)| 00:00:01 |
|   5 |     VIEW                           | MS_GRC_ORB_RELATIONS_PUB_V    |     1 |    46 |     1   (0)| 00:00:01 |
|   6 |      UNION-ALL PARTITION           |                               |       |       |            |          |
|   7 |       NESTED LOOPS                 |                               |     1 |   123 |     3   (0)| 00:00:01 |
|   8 |        NESTED LOOPS                |                               |     2 |   194 |     2   (0)| 00:00:01 |
|   9 |         TABLE ACCESS BY INDEX ROWID| MS_GRC_ORB_RELATIONS          |     1 |    29 |     1   (0)| 00:00:01 |
|* 10 |          INDEX RANGE SCAN          | MS_GRC_ORB_RELATIONS_IDX1     |     1 |       |     1   (0)| 00:00:01 |
|  11 |         TABLE ACCESS BY INDEX ROWID| MS_GRC_ORB_RELATIONS_ORB      |     2 |   136 |     1   (0)| 00:00:01 |
|* 12 |          INDEX RANGE SCAN          | MS_GRC_ORB_RELATIONS_ORB_FK2  |     2 |       |     1   (0)| 00:00:01 |
|* 13 |        TABLE ACCESS BY INDEX ROWID | MS_GRC_REL_DEFN               |     1 |    26 |     1   (0)| 00:00:01 |
|* 14 |         INDEX UNIQUE SCAN          | MS_GRC_REL_DEFN_PK            |     1 |       |     1   (0)| 00:00:01 |
|  15 |       NESTED LOOPS                 |                               |     9 |  1107 |     7   (0)| 00:00:01 |
|* 16 |        HASH JOIN                   |                               |     9 |   846 |     3   (0)| 00:00:01 |
|  17 |         TABLE ACCESS BY INDEX ROWID| MS_GRC_ORB_RELATIONS_ORB      |     9 |   612 |     2   (0)| 00:00:01 |
|* 18 |          INDEX RANGE SCAN          | MS_GRC_ORB_RELATIONS_ORB_IDX1 |     9 |       |     1   (0)| 00:00:01 |
|  19 |         TABLE ACCESS BY INDEX ROWID| MS_GRC_REL_DEFN               |    14 |   364 |     1   (0)| 00:00:01 |
|* 20 |          INDEX RANGE SCAN          | MS_GRC_REL_DEFN_IDX1          |    14 |       |     1   (0)| 00:00:01 |
|  21 |        TABLE ACCESS BY INDEX ROWID | MS_GRC_ORB_RELATIONS          |     1 |    29 |     1   (0)| 00:00:01 |
|* 22 |         INDEX UNIQUE SCAN          | MS_GRC_ORB_RELATIONS_PK       |     1 |       |     1   (0)| 00:00:01 |
|  23 |    TABLE ACCESS BY INDEX ROWID     | MS_GRC_COMPLIANCE_OBJE        |     1 |   165 |     1   (0)| 00:00:01 |
|* 24 |     INDEX UNIQUE SCAN              | MS_GRC_COMPLIANCE_OBJE_PK     |     1 |       |     1   (0)| 00:00:01 |
--------------------------------------------------------------------------------------------------------------------
 
</code></pre><header class="major"><h2>Query Block Name / Object Alias (identified by operation id):</h2></header><pre><code>
 
   1 - SEL$C1676BEB
   4 - SEL$C1676BEB / RSK_A@SEL$1
   5 - SET$AD7CC163 / GRC_B@SEL$1
   6 - SET$AD7CC163
   7 - SEL$661FCD0D
   9 - SEL$661FCD0D / REL@SEL$2
  10 - SEL$661FCD0D / REL@SEL$2
  11 - SEL$661FCD0D / REL_ORB@SEL$2
  12 - SEL$661FCD0D / REL_ORB@SEL$2
  13 - SEL$661FCD0D / DEFN@SEL$2
  14 - SEL$661FCD0D / DEFN@SEL$2
  15 - SEL$9AACC4F0
  17 - SEL$9AACC4F0 / REL_ORB@SEL$4
  18 - SEL$9AACC4F0 / REL_ORB@SEL$4
  19 - SEL$9AACC4F0 / DEFN@SEL$4
  20 - SEL$9AACC4F0 / DEFN@SEL$4
  21 - SEL$9AACC4F0 / REL@SEL$4
  22 - SEL$9AACC4F0 / REL@SEL$4
  23 - SEL$C1676BEB / GRC_CNTL@SEL$1
  24 - SEL$C1676BEB / GRC_CNTL@SEL$1
 
</code></pre><header class="major"><h2>Predicate Information (identified by operation id):</h2></header><pre><code>
 
  10 - access("REL"."REL_SOURCE_OBJECT_ID"="RSK_A"."RISK_ID")
  12 - access("REL"."REL_SOURCE_ID"="REL_ORB"."REL_SOURCE_ID")
  13 - filter("DEFN"."DEST_OBJ_TYPE"='MS_GRC_CONTROL')
  14 - access("DEFN"."REL_ID"="REL_ORB"."REL_CONFIG_ID")
  16 - access("DEFN"."REL_ID"="REL_ORB"."REL_CONFIG_ID")
  18 - access("REL_ORB"."TGT_OBJ_ID"="RSK_A"."RISK_ID")
  20 - access("DEFN"."SRC_OBJ_TYPE"='MS_GRC_CONTROL')
  22 - access("REL"."REL_SOURCE_ID"="REL_ORB"."REL_SOURCE_ID")
  24 - access("GRC_CNTL"."OBJECT_ID"="GRC_B"."TGT_OBJ_ID")
 
</code></pre><header class="major"><h2>Column Projection Information (identified by operation id):</h2></header><pre><code>
 
   1 - (#keys=2) "GRC_CNTL"."OBJECT_NAME"[VARCHAR2,4000], "GRC_CNTL"."OBJECT_ID"[VARCHAR2,400]
   2 - (#keys=0) "GRC_CNTL"."OBJECT_ID"[VARCHAR2,400], "GRC_CNTL"."OBJECT_NAME"[VARCHAR2,4000]
   3 - (#keys=0) "GRC_B"."TGT_OBJ_ID"[VARCHAR2,4000]
   4 - "RSK_A"."RISK_ID"[VARCHAR2,4000]
   5 - "GRC_B"."TGT_OBJ_ID"[VARCHAR2,4000]
   6 - STRDEF[4000], STRDEF[512], STRDEF[4000]
   7 - (#keys=0) "REL"."REL_SOURCE_OBJECT_ID"[VARCHAR2,1016], "REL_ORB"."TGT_OBJ_ID"[VARCHAR2,4000], 
       "DEFN"."DEST_OBJ_TYPE"[VARCHAR2,512]
   8 - (#keys=0) "REL"."REL_SOURCE_OBJECT_ID"[VARCHAR2,1016], "REL_ORB"."REL_CONFIG_ID"[VARCHAR2,1020], 
       "REL_ORB"."TGT_OBJ_ID"[VARCHAR2,4000]
   9 - "REL"."REL_SOURCE_OBJECT_ID"[VARCHAR2,1016], "REL"."REL_SOURCE_ID"[VARCHAR2,1020]
  10 - "REL".ROWID[ROWID,10], "REL"."REL_SOURCE_OBJECT_ID"[VARCHAR2,1016]
  11 - "REL_ORB"."REL_CONFIG_ID"[VARCHAR2,1020], "REL_ORB"."TGT_OBJ_ID"[VARCHAR2,4000]
  12 - "REL_ORB".ROWID[ROWID,10]
  13 - "DEFN"."DEST_OBJ_TYPE"[VARCHAR2,512]
  14 - "DEFN".ROWID[ROWID,10]
  15 - (#keys=0) "REL_ORB"."TGT_OBJ_ID"[VARCHAR2,4000], "DEFN"."SRC_OBJ_TYPE"[VARCHAR2,512], 
       "REL"."REL_SOURCE_OBJECT_ID"[VARCHAR2,1016]
  16 - (#keys=1) "REL_ORB"."TGT_OBJ_ID"[VARCHAR2,4000], "REL_ORB"."REL_SOURCE_ID"[VARCHAR2,1020], 
       "DEFN"."SRC_OBJ_TYPE"[VARCHAR2,512]
  17 - "REL_ORB"."REL_CONFIG_ID"[VARCHAR2,1020], "REL_ORB"."TGT_OBJ_ID"[VARCHAR2,4000], 
       "REL_ORB"."REL_SOURCE_ID"[VARCHAR2,1020]
  18 - "REL_ORB".ROWID[ROWID,10], "REL_ORB"."TGT_OBJ_ID"[VARCHAR2,4000]
  19 - "DEFN"."REL_ID"[VARCHAR2,160], "DEFN"."SRC_OBJ_TYPE"[VARCHAR2,512]
  20 - "DEFN".ROWID[ROWID,10], "DEFN"."SRC_OBJ_TYPE"[VARCHAR2,512]
  21 - "REL"."REL_SOURCE_OBJECT_ID"[VARCHAR2,1016]
  22 - "REL".ROWID[ROWID,10]
  23 - "GRC_CNTL"."OBJECT_ID"[VARCHAR2,400], "GRC_CNTL"."OBJECT_NAME"[VARCHAR2,4000]
  24 - "GRC_CNTL".ROWID[ROWID,10], "GRC_CNTL"."OBJECT_ID"[VARCHAR2,400]
										</code></pre>
								</section>
						</div>
					</div>

				<!-- Sidebar -->
				<div id="sidebar">
					<div class="inner">
						<!-- Menu -->
						<nav id="menu">
							<header class="major">
								<h2>Menu</h2>
							</header>
							<ul>
								<li><a href="../index.html">Module List</a></li>
								<li><a href="index.html">Summary</a></li>
								<li>
									<span class="opener">DB Analysis</span>
									<ul>
										<li><a href="bad-sql.html">Bad SQL</a></li>
										<li><a href="poor-sql.html">Poor SQL Plan</a></li>
										<li><a href="invalid-sql.html">Invalid SQL</a></li>
										<li><a href="full-sql.html">Full SQL Report</a></li>
										<li><a href="table-nil-key.html">Primary/Unique Key Miss</a></li>
										<li><a href="invalid-db-object.html">Invalid DB Objects</a></li>
									</ul>
								</li>
								<li>
									<span class="opener">Infolets</span>
									<ul>
										<li><a href="keep-history-infolets.html">Keep History Infolets</a></li>
									</ul>
								</li>
								<li>
									<span class="opener">Pushforms</span>
									<ul>
										<li><a href="pushform-denormalize.html">Pushform Denormalized</a></li>
									</ul>
								</li>
							</ul>
						</nav>

						<!-- Section -->
						<section>
							<header class="major">
								<h2>Get in touch</h2>
							</header>
							<p>You need more details on the report or want more functionality, don't hesitate to reach out to us.</p>
							<ul class="contact">
								<li class="fa-envelope-o"><a href="mailto:rnd@metricstream.com?Subject=Reg - Static Code Analysis Tool" target="_top">rnd@metricstream.com</a></li>
							</ul>
						</section>

						<!-- Footer -->
						<footer id="footer">
							<p class="copyright">&copy; <a href="http://www.metricstream.com" target="_blank">MetricStream</a>. All rights reserved. </p>
						</footer>
					</div>
				</div>
			</div>

		<!-- Scripts -->
			<script src="../../lib/assets/js/jquery.min.js"></script>
			<script src="../../lib/assets/js/skel.min.js"></script>
			<script src="../../lib/assets/js/util.js"></script>
			<!--[if lte IE 8]><script src="../../lib/assets/js/ie/respond.min.js"></script><![endif]-->
			<script src="../../lib/assets/js/main.js"></script>
	</body>
</html>