<!DOCTYPE HTML>
<html>
	<head>
		<title>Code Analysis - MetricStream</title>
		<meta charset="utf-8" />
		<meta name="viewport" content="width=device-width, initial-scale=1, user-scalable=no" />
		<!--[if lte IE 8]><script src="../../lib/assets/js/ie/html5shiv.js"></script><![endif]-->
		<link rel="stylesheet" href="../../lib/assets/css/main.css" />
		<!--[if lte IE 9]><link rel="stylesheet" href="../../lib/assets/css/ie9.css" /><![endif]-->
		<!--[if lte IE 8]><link rel="stylesheet" href="../../lib/assets/css/ie8.css" /><![endif]-->
	</head>
	<body>

		<!-- Wrapper -->
			<div id="wrapper">

				<!-- Main -->
					<div id="main">
						<div class="inner">
							<!-- Header -->
								<header id="header">
									<a href="index.html" class="logo"><strong>Static Code Analysis Report</strong> by Code Analyzer Tool</a>
								</header>

							<!-- Content -->
								<section>
									<!-- Content -->
										<header class="major"><h2>Infolet Details</h2></header>
										<div class="table-wrapper">
											<table>
												<tbody>
													<tr>
														<td><b>Name</b></td>
														<td>MS_RSK_ADD_LIB_RISKS (102105)</td>
													</tr>
													<tr>
														<td><b>SQL</b></td>
														<td><pre><code>select 
   '<input type="radio" name="selectCheck" value='
            || '"'
            || object_name
            || '"'
            || ' id ='
            || '"'
            || object_id
            || '"'
            || ' onClick="javascript:populateValues('''
            || object_id
            || ''')">' As Checkbox,
                 object_id, object_name, owners  FROM Ms_Add_Lib_Rsk_VW</code></pre></td>
													</tr>
													<tr>
														<td><b>Description</b></td>
														<td>null</td>
													</tr>
												</tbody>
											</table>
										</div>

										<h2 align="center" id="content">Analysis Report</h2>
										<hr>

<header class="major"><h2>Plan hash value: 2046146217</h2></header><pre><code>
 
----------------------------------------------------------------------------------------------
| Id  | Operation               | Name               | Rows  | Bytes | Cost (%CPU)| Time     |
----------------------------------------------------------------------------------------------
|   0 | SELECT STATEMENT        |                    |   230 |   944K|    12  (25)| 00:00:01 |
|   1 |  VIEW                   | MS_ADD_LIB_RSK_VW  |   230 |   944K|    12  (25)| 00:00:01 |
|   2 |   SORT UNIQUE           |                    |   230 |   917K|    12  (25)| 00:00:01 |
|*  3 |    HASH JOIN RIGHT OUTER|                    |   230 |   917K|    11  (19)| 00:00:01 |
|   4 |     VIEW                |                    |   226 |   444K|     4  (25)| 00:00:01 |
|   5 |      SORT GROUP BY      |                    |   226 |  6102 |     4  (25)| 00:00:01 |
<font style="background-color: lightblue; color: red">|   6 |       TABLE ACCESS FULL | MS_GRC_RISK_OWN    |   230 |  6210 |     3   (0)| 00:00:01 |</font>
|*  7 |     HASH JOIN           |                    |   230 |   464K|     7  (15)| 00:00:01 |
<font style="background-color: lightblue; color: red">|   8 |      TABLE ACCESS FULL  | MS_GRC_RISK        |   230 | 11960 |     5   (0)| 00:00:01 |</font>
|   9 |      VIEW               |                    |   230 |   453K|     2  (50)| 00:00:01 |
|  10 |       SORT GROUP BY     |                    |   230 |  4140 |     2  (50)| 00:00:01 |
|  11 |        INDEX FULL SCAN  | MS_GRC_RISK_CAT_UK |   239 |  4302 |     1   (0)| 00:00:01 |
----------------------------------------------------------------------------------------------
 
</code></pre><header class="major"><h2>Query Block Name / Object Alias (identified by operation id):</h2></header><pre><code>
 
   1 - SEL$335DD26A / MS_ADD_LIB_RSK_VW@SEL$1
   2 - SEL$335DD26A
   4 - SEL$5        / C@SEL$3
   5 - SEL$5       
   6 - SEL$5        / MS_GRC_RISK_OWN@SEL$5
   8 - SEL$335DD26A / A@SEL$3
   9 - SEL$4        / B@SEL$3
  10 - SEL$4       
  11 - SEL$4        / MS_GRC_RISK_CAT@SEL$4
 
</code></pre><header class="major"><h2>Predicate Information (identified by operation id):</h2></header><pre><code>
 
   3 - access("A"."OBJECT_ID"="C"."OBJECT_ID"(+))
   7 - access("A"."OBJECT_ID"="B"."OBJECT_ID")
 
</code></pre><header class="major"><h2>Column Projection Information (identified by operation id):</h2></header><pre><code>
 
   1 - "OBJECT_ID"[VARCHAR2,400], "OBJECT_NAME"[VARCHAR2,4000], 
       "OWNERS"[VARCHAR2,4000]
   2 - (#keys=4) "A"."OBJECT_ID"[VARCHAR2,400], 
       SUBSTR("A"."OBJECT_NAME",1,3800)[4000], "B"."CATEGORY_RISK"[VARCHAR2,4000], 
       "C"."OWNERS"[VARCHAR2,4000]
   3 - (#keys=1) "A"."OBJECT_ID"[VARCHAR2,400], "C"."OWNERS"[VARCHAR2,4000], 
       "B"."CATEGORY_RISK"[VARCHAR2,4000], "A"."OBJECT_NAME"[VARCHAR2,4000]
   4 - "C"."OWNERS"[VARCHAR2,4000], "C"."OBJECT_ID"[VARCHAR2,400]
   5 - (#keys=1) "OBJECT_ID"[VARCHAR2,400], "MS_CONCAT"(DISTINCT 
       "MS_APPS_UTILITIES"."GET_USER_FULL_NAME"("OWNERS"))[4000]
   6 - "OWNERS"[VARCHAR2,4000], "OBJECT_ID"[VARCHAR2,400]
   7 - (#keys=1) "A"."OBJECT_ID"[VARCHAR2,400], "A"."OBJECT_NAME"[VARCHAR2,4000], 
       "B"."CATEGORY_RISK"[VARCHAR2,4000]
   8 - "A"."OBJECT_NAME"[VARCHAR2,4000], "A"."OBJECT_ID"[VARCHAR2,400]
   9 - "B"."CATEGORY_RISK"[VARCHAR2,4000], "B"."OBJECT_ID"[VARCHAR2,400]
  10 - (#keys=1) "OBJECT_ID"[VARCHAR2,400], "MS_CONCAT"(DISTINCT 
       "CATEGORY_RISK")[4000]
  11 - "CATEGORY_RISK"[VARCHAR2,4000], "OBJECT_ID"[VARCHAR2,400]
										</code></pre>
								</section>
						</div>
					</div>

				<!-- Sidebar -->
				<div id="sidebar">
					<div class="inner">
						<!-- Menu -->
						<nav id="menu">
							<header class="major">
								<h2>Menu</h2>
							</header>
							<ul>
								<li><a href="../index.html">Module List</a></li>
								<li><a href="index.html">Summary</a></li>
								<li>
									<span class="opener">DB Analysis</span>
									<ul>
										<li><a href="bad-sql.html">Bad SQL</a></li>
										<li><a href="poor-sql.html">Poor SQL Plan</a></li>
										<li><a href="invalid-sql.html">Invalid SQL</a></li>
										<li><a href="full-sql.html">Full SQL Report</a></li>
										<li><a href="table-nil-key.html">Primary/Unique Key Miss</a></li>
										<li><a href="invalid-db-object.html">Invalid DB Objects</a></li>
									</ul>
								</li>
								<li>
									<span class="opener">Infolets</span>
									<ul>
										<li><a href="keep-history-infolets.html">Keep History Infolets</a></li>
									</ul>
								</li>
								<li>
									<span class="opener">Pushforms</span>
									<ul>
										<li><a href="pushform-denormalize.html">Pushform Denormalized</a></li>
									</ul>
								</li>
							</ul>
						</nav>

						<!-- Section -->
						<section>
							<header class="major">
								<h2>Get in touch</h2>
							</header>
							<p>You need more details on the report or want more functionality, don't hesitate to reach out to us.</p>
							<ul class="contact">
								<li class="fa-envelope-o"><a href="mailto:rnd@metricstream.com?Subject=Reg - Static Code Analysis Tool" target="_top">rnd@metricstream.com</a></li>
							</ul>
						</section>

						<!-- Footer -->
						<footer id="footer">
							<p class="copyright">&copy; <a href="http://www.metricstream.com" target="_blank">MetricStream</a>. All rights reserved. </p>
						</footer>
					</div>
				</div>
			</div>

		<!-- Scripts -->
			<script src="../../lib/assets/js/jquery.min.js"></script>
			<script src="../../lib/assets/js/skel.min.js"></script>
			<script src="../../lib/assets/js/util.js"></script>
			<!--[if lte IE 8]><script src="../../lib/assets/js/ie/respond.min.js"></script><![endif]-->
			<script src="../../lib/assets/js/main.js"></script>
	</body>
</html>