<!DOCTYPE HTML>
<html>
	<head>
		<title>Code Analysis - MetricStream</title>
		<meta charset="utf-8" />
		<meta name="viewport" content="width=device-width, initial-scale=1, user-scalable=no" />
		<!--[if lte IE 8]><script src="../../lib/assets/js/ie/html5shiv.js"></script><![endif]-->
		<link rel="stylesheet" href="../../lib/assets/css/main.css" />
		<!--[if lte IE 9]><link rel="stylesheet" href="../../lib/assets/css/ie9.css" /><![endif]-->
		<!--[if lte IE 8]><link rel="stylesheet" href="../../lib/assets/css/ie8.css" /><![endif]-->
	</head>
	<body>

		<!-- Wrapper -->
			<div id="wrapper">

				<!-- Main -->
					<div id="main">
						<div class="inner">
							<!-- Header -->
								<header id="header">
									<a href="index.html" class="logo"><strong>Static Code Analysis Report</strong> by Code Analyzer Tool</a>
								</header>

							<!-- Content -->
								<section>
									<!-- Content -->
										<header class="major"><h2>Infolet Details</h2></header>
										<div class="table-wrapper">
											<table>
												<tbody>
													<tr>
														<td><b>Name</b></td>
														<td>MS_RSK_LAND_GET_KEY_CONTROL (102338)</td>
													</tr>
													<tr>
														<td><b>SQL</b></td>
														<td><pre><code>select distinct key_control as Key_control  from MS_RSK_CONTROL_ASSMNT_REPORT_V where key_control is not null
and :1 IS NOT NULL</code></pre></td>
													</tr>
													<tr>
														<td><b>Description</b></td>
														<td>null</td>
													</tr>
												</tbody>
											</table>
										</div>

										<h2 align="center" id="content">Analysis Report</h2>
										<hr>

<header class="major"><h2>Plan hash value: 1378398159</h2></header><pre><code>
 
-------------------------------------------------------------------------------------------------------------------------
| Id  | Operation                                | Name                         | Rows  | Bytes | Cost (%CPU)| Time     |
-------------------------------------------------------------------------------------------------------------------------
|   0 | SELECT STATEMENT                         |                              |     1 |   188 |    28   (8)| 00:00:01 |
|   1 |  SORT UNIQUE                             |                              |     1 |   188 |    28   (8)| 00:00:01 |
|   2 |   NESTED LOOPS OUTER                     |                              |     1 |   188 |    27   (4)| 00:00:01 |
|   3 |    NESTED LOOPS                          |                              |     1 |   174 |    26   (4)| 00:00:01 |
|*  4 |     HASH JOIN OUTER                      |                              |     1 |   159 |    25   (4)| 00:00:01 |
|*  5 |      HASH JOIN OUTER                     |                              |     1 |   130 |    22   (5)| 00:00:01 |
|*  6 |       HASH JOIN                          |                              |     1 |   128 |    19   (6)| 00:00:01 |
<font style="background-color: lightblue; color: red">|*  7 |        TABLE ACCESS FULL                 | MS_RSK_RISK_ASSESSMENT_CTL   |     1 |    67 |     3   (0)| 00:00:01 |</font>
|   8 |        VIEW                              |                              |     1 |    61 |    16   (7)| 00:00:01 |
|   9 |         SORT GROUP BY                    |                              |     1 |   202 |    16   (7)| 00:00:01 |
|* 10 |          FILTER                          |                              |       |       |            |          |
|* 11 |           HASH JOIN                      |                              |     1 |   202 |    15   (0)| 00:00:01 |
|* 12 |            HASH JOIN                     |                              |     1 |   173 |    10   (0)| 00:00:01 |
|* 13 |             HASH JOIN                    |                              |     1 |   144 |     7   (0)| 00:00:01 |
|  14 |              NESTED LOOPS                |                              |     3 |   369 |     4   (0)| 00:00:01 |
|  15 |               NESTED LOOPS               |                              |     3 |   369 |     4   (0)| 00:00:01 |
<font style="background-color: lightblue; color: red">|  16 |                TABLE ACCESS FULL         | MS_RSK_RISK_ASSESSMENT_CTL   |     3 |   189 |     3   (0)| 00:00:01 |</font>
|* 17 |                INDEX UNIQUE SCAN         | MS_RSK_RISK_ASSESSMENT_PK    |     1 |       |     1   (0)| 00:00:01 |
|  18 |               TABLE ACCESS BY INDEX ROWID| MS_RSK_RISK_ASSESSMENT       |     1 |    60 |     1   (0)| 00:00:01 |
<font style="background-color: lightblue; color: red">|  19 |              TABLE ACCESS FULL           | MS_RSK_RISK_ASSESSMENT_ORG   |     3 |    63 |     3   (0)| 00:00:01 |</font>
<font style="background-color: lightblue; color: red">|  20 |             TABLE ACCESS FULL            | MS_RSK_RISK_ASSESSMENT_PRC   |    21 |   609 |     3   (0)| 00:00:01 |</font>
<font style="background-color: lightblue; color: red">|  21 |            TABLE ACCESS FULL             | MS_RSK_RISK_ASSESSMENT_RSK   |    46 |  1334 |     5   (0)| 00:00:01 |</font>
<font style="background-color: lightblue; color: red">|  22 |       TABLE ACCESS FULL                  | MS_RSK_CONTROL_EFFECTIVENESS |     3 |     6 |     3   (0)| 00:00:01 |</font>
<font style="background-color: lightblue; color: red">|  23 |      TABLE ACCESS FULL                   | MS_RSK_RISK_ASSESSMENT_PRC   |    21 |   609 |     3   (0)| 00:00:01 |</font>
|* 24 |     INDEX UNIQUE SCAN                    | MS_GRC_RISK_PK               |     1 |    15 |     1   (0)| 00:00:01 |
|  25 |    VIEW PUSHED PREDICATE                 | MS_GRC_CONTROL_PUB_V         |     1 |    14 |     1   (0)| 00:00:01 |
|  26 |     NESTED LOOPS                         |                              |     1 |    43 |     2   (0)| 00:00:01 |
|* 27 |      INDEX UNIQUE SCAN                   | MS_GRC_CONTROL_PK            |     1 |    14 |     1   (0)| 00:00:01 |
|* 28 |      TABLE ACCESS BY INDEX ROWID         | MS_GRC_COMPLIANCE_OBJE       |     1 |    29 |     1   (0)| 00:00:01 |
|* 29 |       INDEX UNIQUE SCAN                  | MS_GRC_COMPLIANCE_OBJE_PK    |     1 |       |     1   (0)| 00:00:01 |
-------------------------------------------------------------------------------------------------------------------------
 
</code></pre><header class="major"><h2>Query Block Name / Object Alias (identified by operation id):</h2></header><pre><code>
 
   1 - SEL$5D157CEE
   7 - SEL$5D157CEE / B@SEL$2
   8 - SEL$7        / V@SEL$2
   9 - SEL$7       
  16 - SEL$7        / E@SEL$7
  17 - SEL$7        / A@SEL$7
  18 - SEL$7        / A@SEL$7
  19 - SEL$7        / D@SEL$7
  20 - SEL$7        / C@SEL$7
  21 - SEL$7        / B@SEL$7
  22 - SEL$5D157CEE / E@SEL$2
  23 - SEL$5D157CEE / A@SEL$2
  24 - SEL$5D157CEE / C@SEL$2
  25 - SEL$81C74289 / D@SEL$2
  26 - SEL$81C74289
  27 - SEL$81C74289 / C@SEL$8
  28 - SEL$81C74289 / A@SEL$8
  29 - SEL$81C74289 / A@SEL$8
 
</code></pre><header class="major"><h2>Predicate Information (identified by operation id):</h2></header><pre><code>
 
   4 - access("V"."OBJECT_ID"="A"."OBJECT_ID"(+) AND "V"."ASSESSABLE_ENTITY"="A"."PROCESS_ID"(+))
   5 - access("B"."CONTROL_EFFECTIVENESS_RATING"="E"."STORE_VALUE"(+))
   6 - access("B"."OBJECT_ID"="V"."OBJECT_ID" AND NVL("B"."CTRL_RISK_ID",'www')="V"."RISK_ID" AND 
              NVL("B"."CTRL_PROC_ID",'xxx')=NVL("V"."ASSESSABLE_ENTITY",'xxx') AND 
              NVL("B"."CTRL_ORG_ID",'yyy')=NVL("V"."ORGANIZATION_ID",'yyy') AND 
              NVL("B"."CTL_ID",'zzz')=NVL("V"."CONTROL_ID",'zzz'))
   7 - filter(CASE  WHEN TO_NUMBER("KEY_CONTROL")=2 THEN 'No' WHEN LOWER("KEY_CONTROL") IS NULL THEN 'No' ELSE 
              'Yes' END  IS NOT NULL)
  10 - filter(:1 IS NOT NULL)
  11 - access("A"."OBJECT_ID"="B"."OBJECT_ID" AND NVL("B"."RISK_ID",'www')=NVL("E"."CTRL_RISK_ID",'www'))
  12 - access("A"."OBJECT_ID"="C"."OBJECT_ID" AND NVL("C"."PROCESS_ID",'xxx')=NVL("E"."CTRL_PROC_ID",'xxx'))
  13 - access("A"."OBJECT_ID"="D"."OBJECT_ID" AND NVL("D"."ORGANIZATION_ID",'yyy')=NVL("E"."CTRL_ORG_ID",'yyy'))
  17 - access("A"."OBJECT_ID"="E"."OBJECT_ID")
  24 - access("V"."RISK_ID"="C"."OBJECT_ID")
  27 - access("C"."OBJECT_ID"="V"."CONTROL_ID")
  28 - filter("A"."DD_OBJECT_TYPE"='MS_GRC_CONTROL')
  29 - access("C"."OBJECT_ID"="A"."OBJECT_ID")
       filter("A"."OBJECT_ID"="V"."CONTROL_ID")
 
</code></pre><header class="major"><h2>Column Projection Information (identified by operation id):</h2></header><pre><code>
 
   1 - (#keys=1) CASE  WHEN TO_NUMBER("KEY_CONTROL")=2 THEN 'No' WHEN LOWER("KEY_CONTROL") IS NULL THEN 'No' 
       ELSE 'Yes' END [3]
   2 - (#keys=0) "KEY_CONTROL"[VARCHAR2,400]
   3 - (#keys=0) "V"."CONTROL_ID"[VARCHAR2,4000], "KEY_CONTROL"[VARCHAR2,400]
   4 - (#keys=2) "V"."RISK_ID"[VARCHAR2,4000], "V"."CONTROL_ID"[VARCHAR2,4000], "KEY_CONTROL"[VARCHAR2,400]
   5 - (#keys=1) "V"."OBJECT_ID"[VARCHAR2,400], "V"."RISK_ID"[VARCHAR2,4000], 
       "V"."ASSESSABLE_ENTITY"[VARCHAR2,4000], "KEY_CONTROL"[VARCHAR2,400], "V"."CONTROL_ID"[VARCHAR2,4000]
   6 - (#keys=5) "V"."OBJECT_ID"[VARCHAR2,400], "V"."RISK_ID"[VARCHAR2,4000], 
       "B"."CONTROL_EFFECTIVENESS_RATING"[VARCHAR2,800], "KEY_CONTROL"[VARCHAR2,400], "V"."CONTROL_ID"[VARCHAR2,4000], 
       "V"."ASSESSABLE_ENTITY"[VARCHAR2,4000]
   7 - "B"."CONTROL_EFFECTIVENESS_RATING"[VARCHAR2,800], "B"."CTL_ID"[VARCHAR2,4000], 
       "KEY_CONTROL"[VARCHAR2,400], "B"."CTRL_RISK_ID"[VARCHAR2,400], "B"."CTRL_PROC_ID"[VARCHAR2,400], 
       "B"."CTRL_ORG_ID"[VARCHAR2,400], "B"."OBJECT_ID"[VARCHAR2,400]
   8 - "V"."OBJECT_ID"[VARCHAR2,400], "V"."RISK_ID"[VARCHAR2,4000], "V"."ASSESSABLE_ENTITY"[VARCHAR2,4000], 
       "V"."ORGANIZATION_ID"[VARCHAR2,4000], "V"."CONTROL_ID"[VARCHAR2,4000]
   9 - (#keys=7) "ORGANIZATION_ID"[VARCHAR2,4000], "PROCESS_ID"[VARCHAR2,4000], "RISK_ID"[VARCHAR2,4000], 
       "CTL_ID"[VARCHAR2,4000], "RISK_ASSESSMENT_TYPE"[VARCHAR2,400], "SCENARIO_NAME"[VARCHAR2,1600], 
       "OBJECT_NAME"[VARCHAR2,880], MAX("A"."OBJECT_ID")[400]
  10 - "A"."OBJECT_ID"[VARCHAR2,400], "PROCESS_ID"[VARCHAR2,4000], "ORGANIZATION_ID"[VARCHAR2,4000], 
       "CTL_ID"[VARCHAR2,4000], "OBJECT_NAME"[VARCHAR2,880], "SCENARIO_NAME"[VARCHAR2,1600], 
       "RISK_ASSESSMENT_TYPE"[VARCHAR2,400], "RISK_ID"[VARCHAR2,4000]
  11 - (#keys=2) "A"."OBJECT_ID"[VARCHAR2,400], "PROCESS_ID"[VARCHAR2,4000], "ORGANIZATION_ID"[VARCHAR2,4000], 
       "CTL_ID"[VARCHAR2,4000], "OBJECT_NAME"[VARCHAR2,880], "SCENARIO_NAME"[VARCHAR2,1600], 
       "RISK_ASSESSMENT_TYPE"[VARCHAR2,400], "RISK_ID"[VARCHAR2,4000]
  12 - (#keys=2) "A"."OBJECT_ID"[VARCHAR2,400], "ORGANIZATION_ID"[VARCHAR2,4000], "CTL_ID"[VARCHAR2,4000], 
       "E"."CTRL_RISK_ID"[VARCHAR2,400], "OBJECT_NAME"[VARCHAR2,880], "SCENARIO_NAME"[VARCHAR2,1600], 
       "RISK_ASSESSMENT_TYPE"[VARCHAR2,400], "PROCESS_ID"[VARCHAR2,4000]
  13 - (#keys=2) "A"."OBJECT_ID"[VARCHAR2,400], "CTL_ID"[VARCHAR2,4000], "E"."CTRL_RISK_ID"[VARCHAR2,400], 
       "E"."CTRL_PROC_ID"[VARCHAR2,400], "OBJECT_NAME"[VARCHAR2,880], "SCENARIO_NAME"[VARCHAR2,1600], 
       "RISK_ASSESSMENT_TYPE"[VARCHAR2,400], "ORGANIZATION_ID"[VARCHAR2,4000]
  14 - (#keys=0) "CTL_ID"[VARCHAR2,4000], "E"."CTRL_RISK_ID"[VARCHAR2,400], "E"."CTRL_PROC_ID"[VARCHAR2,400], 
       "E"."CTRL_ORG_ID"[VARCHAR2,400], "OBJECT_NAME"[VARCHAR2,880], "A"."OBJECT_ID"[VARCHAR2,400], 
       "RISK_ASSESSMENT_TYPE"[VARCHAR2,400], "SCENARIO_NAME"[VARCHAR2,1600]
  15 - (#keys=0) "CTL_ID"[VARCHAR2,4000], "E"."CTRL_RISK_ID"[VARCHAR2,400], "E"."CTRL_PROC_ID"[VARCHAR2,400], 
       "E"."CTRL_ORG_ID"[VARCHAR2,400], "A".ROWID[ROWID,10], "A"."OBJECT_ID"[VARCHAR2,400]
  16 - "CTL_ID"[VARCHAR2,4000], "E"."CTRL_RISK_ID"[VARCHAR2,400], "E"."CTRL_PROC_ID"[VARCHAR2,400], 
       "E"."CTRL_ORG_ID"[VARCHAR2,400], "E"."OBJECT_ID"[VARCHAR2,400]
  17 - "A".ROWID[ROWID,10], "A"."OBJECT_ID"[VARCHAR2,400]
  18 - "OBJECT_NAME"[VARCHAR2,880], "RISK_ASSESSMENT_TYPE"[VARCHAR2,400], "SCENARIO_NAME"[VARCHAR2,1600]
  19 - "D"."OBJECT_ID"[VARCHAR2,400], "ORGANIZATION_ID"[VARCHAR2,4000]
  20 - "PROCESS_ID"[VARCHAR2,4000], "C"."OBJECT_ID"[VARCHAR2,400]
  21 - "B"."OBJECT_ID"[VARCHAR2,400], "RISK_ID"[VARCHAR2,4000]
  22 - "E"."STORE_VALUE"[VARCHAR2,80]
  23 - "A"."PROCESS_ID"[VARCHAR2,4000], "A"."OBJECT_ID"[VARCHAR2,400]
  26 - (#keys=0) 
  27 - "C"."OBJECT_ID"[VARCHAR2,400]
  29 - "A".ROWID[ROWID,10]
										</code></pre>
								</section>
						</div>
					</div>

				<!-- Sidebar -->
				<div id="sidebar">
					<div class="inner">
						<!-- Menu -->
						<nav id="menu">
							<header class="major">
								<h2>Menu</h2>
							</header>
							<ul>
								<li><a href="../index.html">Module List</a></li>
								<li><a href="index.html">Summary</a></li>
								<li>
									<span class="opener">DB Analysis</span>
									<ul>
										<li><a href="bad-sql.html">Bad SQL</a></li>
										<li><a href="poor-sql.html">Poor SQL Plan</a></li>
										<li><a href="invalid-sql.html">Invalid SQL</a></li>
										<li><a href="full-sql.html">Full SQL Report</a></li>
										<li><a href="table-nil-key.html">Primary/Unique Key Miss</a></li>
										<li><a href="invalid-db-object.html">Invalid DB Objects</a></li>
									</ul>
								</li>
								<li>
									<span class="opener">Infolets</span>
									<ul>
										<li><a href="keep-history-infolets.html">Keep History Infolets</a></li>
									</ul>
								</li>
								<li>
									<span class="opener">Pushforms</span>
									<ul>
										<li><a href="pushform-denormalize.html">Pushform Denormalized</a></li>
									</ul>
								</li>
							</ul>
						</nav>

						<!-- Section -->
						<section>
							<header class="major">
								<h2>Get in touch</h2>
							</header>
							<p>You need more details on the report or want more functionality, don't hesitate to reach out to us.</p>
							<ul class="contact">
								<li class="fa-envelope-o"><a href="mailto:rnd@metricstream.com?Subject=Reg - Static Code Analysis Tool" target="_top">rnd@metricstream.com</a></li>
							</ul>
						</section>

						<!-- Footer -->
						<footer id="footer">
							<p class="copyright">&copy; <a href="http://www.metricstream.com" target="_blank">MetricStream</a>. All rights reserved. </p>
						</footer>
					</div>
				</div>
			</div>

		<!-- Scripts -->
			<script src="../../lib/assets/js/jquery.min.js"></script>
			<script src="../../lib/assets/js/skel.min.js"></script>
			<script src="../../lib/assets/js/util.js"></script>
			<!--[if lte IE 8]><script src="../../lib/assets/js/ie/respond.min.js"></script><![endif]-->
			<script src="../../lib/assets/js/main.js"></script>
	</body>
</html>