<!DOCTYPE HTML>
<html>
	<head>
		<title>Code Analysis - MetricStream</title>
		<meta charset="utf-8" />
		<meta name="viewport" content="width=device-width, initial-scale=1, user-scalable=no" />
		<!--[if lte IE 8]><script src="../../lib/assets/js/ie/html5shiv.js"></script><![endif]-->
		<link rel="stylesheet" href="../../lib/assets/css/main.css" />
		<!--[if lte IE 9]><link rel="stylesheet" href="../../lib/assets/css/ie9.css" /><![endif]-->
		<!--[if lte IE 8]><link rel="stylesheet" href="../../lib/assets/css/ie8.css" /><![endif]-->
	</head>
	<body>

		<!-- Wrapper -->
			<div id="wrapper">

				<!-- Main -->
					<div id="main">
						<div class="inner">
							<!-- Header -->
								<header id="header">
									<a href="index.html" class="logo"><strong>Static Code Analysis Report</strong> by Code Analyzer Tool</a>
								</header>

							<!-- Content -->
								<section>
									<!-- Content -->
										<header class="major"><h2>Infolet Details</h2></header>
										<div class="table-wrapper">
											<table>
												<tbody>
													<tr>
														<td><b>Name</b></td>
														<td>MS_RSK_RISK_RATI_RPT_OPR_OR_L2_INFOL (102515)</td>
													</tr>
													<tr>
														<td><b>SQL</b></td>
														<td><pre><code>Select   a.organization_name,a.organization_id,a.scenario_id,a.scenario_Name,a.assessment_type,
a.inherent_rollup_rating,a.residual_rollup_rating,a.Object_level_num,a.parent_organization_id,
b.ASSMNT_ID,b.PLAN_NAME,b.ASSMNT_ASSESSOR,b.ASSMNT_APPROVER,b.ASSMNT_ASSIGNED_ON,
b.ASSMNT_APPROVED_ON,b.ASSMNT_DUE_DATE,b.ASSMNT_STATUS,b.ASSMNT_TRIGD_FROM
from  Ms_Rsk_Risk_Rating_Org_Vw  a Left outer Join Ms_Rsk_Assmnt_Rpt_Org_Dtl_Vw b
 on (a.organization_id=b.organization_id
 and   a.scenario_id = b.SCENERIO)
Where  a.scenario_id = :1
and   a.assessment_type = :2
and   a.parent_organization_id =:3</code></pre></td>
													</tr>
													<tr>
														<td><b>Description</b></td>
														<td>null</td>
													</tr>
												</tbody>
											</table>
										</div>

										<h2 align="center" id="content">Analysis Report</h2>
										<hr>

<header class="major"><h2>Plan hash value: 2323675679</h2></header><pre><code>
 
-------------------------------------------------------------------------------------------------------------------
| Id  | Operation                          | Name                         | Rows  | Bytes | Cost (%CPU)| Time     |
-------------------------------------------------------------------------------------------------------------------
|   0 | SELECT STATEMENT                   |                              |     2 |  9988 |    14   (8)| 00:00:01 |
|   1 |  NESTED LOOPS OUTER                |                              |     2 |  9988 |    14   (8)| 00:00:01 |
|   2 |   VIEW                             | MS_RSK_RISK_RATING_ORG_VW    |     2 |  9708 |    13   (8)| 00:00:01 |
|*  3 |    HASH JOIN OUTER                 |                              |     2 |  1484 |    13   (8)| 00:00:01 |
|   4 |     NESTED LOOPS                   |                              |     2 |  1470 |    10  (10)| 00:00:01 |
|   5 |      NESTED LOOPS                  |                              |     2 |  1470 |    10  (10)| 00:00:01 |
|   6 |       NESTED LOOPS                 |                              |     2 |  1410 |     9  (12)| 00:00:01 |
|*  7 |        HASH JOIN                   |                              |     2 |  1390 |     8  (13)| 00:00:01 |
|*  8 |         HASH JOIN                  |                              |     2 |  1294 |     7  (15)| 00:00:01 |
|   9 |          VIEW                      | VW_SQ_1                      |     2 |  1238 |     4  (25)| 00:00:01 |
|  10 |           SORT GROUP BY            |                              |     2 |    46 |     4  (25)| 00:00:01 |
<font style="background-color: lightblue; color: red">|* 11 |            TABLE ACCESS FULL       | MS_RSK_ORGANIZATION_ROLLUP   |     5 |   115 |     3   (0)| 00:00:01 |</font>
<font style="background-color: lightblue; color: red">|* 12 |          TABLE ACCESS FULL         | MS_RSK_ORGANIZATION_ROLLUP   |     5 |   140 |     3   (0)| 00:00:01 |</font>
|  13 |         TABLE ACCESS BY INDEX ROWID| MS_RSK_SCENARIOS_SCN         |     1 |    48 |     1   (0)| 00:00:01 |
|* 14 |          INDEX RANGE SCAN          | MS_RSK_SCENARIOS_SCN_UK      |     1 |       |     1   (0)| 00:00:01 |
|  15 |        TABLE ACCESS BY INDEX ROWID | MS_RSK_ORG_LEVELS            |     1 |    10 |     1   (0)| 00:00:01 |
|* 16 |         INDEX RANGE SCAN           | MS_RSK_ORG_LEVELS_ORG_ID     |     1 |       |     1   (0)| 00:00:01 |
|* 17 |       INDEX RANGE SCAN             | SI_ORG_ENTITIES_N5           |     1 |       |     1   (0)| 00:00:01 |
|  18 |      TABLE ACCESS BY INDEX ROWID   | SI_ORG_ENTITIES_T            |     1 |    30 |     1   (0)| 00:00:01 |
<font style="background-color: lightblue; color: red">|* 19 |     TABLE ACCESS FULL              | SI_ORG_ENTITIES_TL           |     2 |    14 |     3   (0)| 00:00:01 |</font>
|* 20 |   VIEW PUSHED PREDICATE            | MS_RSK_ASSMNT_RPT_ORG_DTL_VW |     1 |   140 |     1   (0)| 00:00:01 |
|* 21 |    HASH JOIN                       |                              |     1 |   140 |     6   (0)| 00:00:01 |
<font style="background-color: lightblue; color: red">|* 22 |     TABLE ACCESS FULL              | MS_RSK_RISK_ASSESSMENT_ORG   |     2 |    42 |     3   (0)| 00:00:01 |</font>
<font style="background-color: lightblue; color: red">|* 23 |     TABLE ACCESS FULL              | MS_RSK_ASSMNT_RPT_DTLS       |    13 |  1547 |     3   (0)| 00:00:01 |</font>
-------------------------------------------------------------------------------------------------------------------
 
</code></pre><header class="major"><h2>Query Block Name / Object Alias (identified by operation id):</h2></header><pre><code>
 
   1 - SEL$DEADE8CB
   2 - SEL$FDCC42B0 / A@SEL$3
   3 - SEL$FDCC42B0
   9 - SEL$CE1D94FA / VW_SQ_1@SEL$23DF6774
  10 - SEL$CE1D94FA
  11 - SEL$CE1D94FA / E@SEL$6
  12 - SEL$FDCC42B0 / A@SEL$4
  13 - SEL$FDCC42B0 / F@SEL$4
  14 - SEL$FDCC42B0 / F@SEL$4
  15 - SEL$FDCC42B0 / G@SEL$4
  16 - SEL$FDCC42B0 / G@SEL$4
  17 - SEL$FDCC42B0 / T@SEL$5
  18 - SEL$FDCC42B0 / T@SEL$5
  19 - SEL$FDCC42B0 / TL@SEL$5
  20 - SEL$661FCD0D / B@SEL$1
  21 - SEL$661FCD0D
  22 - SEL$661FCD0D / A@SEL$2
  23 - SEL$661FCD0D / B@SEL$2
 
</code></pre><header class="major"><h2>Predicate Information (identified by operation id):</h2></header><pre><code>
 
   3 - access("T"."ORG_ENTITY_ID"="TL"."ORG_ENTITY_ID"(+))
   7 - access("F"."SCENARIO_ID"="A"."SCENARIO_ID")
   8 - access("A"."VERSION_NO"="MAX(VERSION_NO)" AND "A"."ASSESSMENT_TYPE"="ITEM_0" AND 
              "A"."SCENARIO_ID"="ITEM_1" AND "A"."ORGANIZATION_ID"="ITEM_2")
  11 - filter("E"."SCENARIO_ID"=:1 AND "E"."ASSESSMENT_TYPE"=:2)
  12 - filter("A"."SCENARIO_ID"=:1 AND "A"."ASSESSMENT_TYPE"=:2)
  14 - access("F"."SCENARIO_ID"=:1)
  16 - access("G"."ORG_ID"="A"."ORGANIZATION_ID")
  17 - access("T"."ORG_ENTITY_ID"=TO_NUMBER("A"."ORGANIZATION_ID") AND 
              "PARENT_ORG_ENTITY_ID"=TO_NUMBER(:3))
  19 - filter("TL"."LOCALE_ID"(+)=TO_NUMBER("SI_DB_LOCALE_SV"."GETVALUE"()))
  20 - filter("A"."SCENARIO_ID"="B"."SCENERIO"(+))
  21 - access("A"."OBJECT_ID"="B"."ASSMNT_ID")
  22 - filter("A"."ORGANIZATION_ID"="A"."ORGANIZATION_ID")
  23 - filter("B"."ASSMNT_TYPE"='2' OR "B"."ASSMNT_TYPE"='3')
 
</code></pre><header class="major"><h2>Column Projection Information (identified by operation id):</h2></header><pre><code>
 
   1 - (#keys=0) "A"."ORGANIZATION_NAME"[VARCHAR2,400], "A"."ORGANIZATION_ID"[VARCHAR2,400], 
       "A"."SCENARIO_ID"[VARCHAR2,400], "A"."SCENARIO_NAME"[VARCHAR2,800], "A"."ASSESSMENT_TYPE"[VARCHAR2,400], 
       "A"."INHERENT_ROLLUP_RATING"[VARCHAR2,4000], "A"."RESIDUAL_ROLLUP_RATING"[VARCHAR2,4000], 
       "A"."OBJECT_LEVEL_NUM"[NUMBER,22], "A"."PARENT_ORGANIZATION_ID"[NUMBER,22], "B"."ASSMNT_ID"[VARCHAR2,400], 
       "B"."PLAN_NAME"[VARCHAR2,4000], "B"."ASSMNT_ASSESSOR"[VARCHAR2,4000], 
       "B"."ASSMNT_APPROVER"[VARCHAR2,4000], "B"."ASSMNT_ASSIGNED_ON"[DATE,7], "B"."ASSMNT_APPROVED_ON"[DATE,7], 
       "B"."ASSMNT_DUE_DATE"[DATE,7], "B"."ASSMNT_STATUS"[VARCHAR2,400], "B"."ASSMNT_TRIGD_FROM"[VARCHAR2,400]
   2 - "A"."ORGANIZATION_NAME"[VARCHAR2,400], "A"."ORGANIZATION_ID"[VARCHAR2,400], 
       "A"."SCENARIO_ID"[VARCHAR2,400], "A"."SCENARIO_NAME"[VARCHAR2,800], "A"."ASSESSMENT_TYPE"[VARCHAR2,400], 
       "A"."INHERENT_ROLLUP_RATING"[VARCHAR2,4000], "A"."RESIDUAL_ROLLUP_RATING"[VARCHAR2,4000], 
       "A"."OBJECT_LEVEL_NUM"[NUMBER,22], "A"."PARENT_ORGANIZATION_ID"[NUMBER,22]
   3 - (#keys=1) "A"."SCENARIO_ID"[VARCHAR2,400], "A"."ASSESSMENT_TYPE"[VARCHAR2,400], 
       "A"."RESIDUAL_ROLLUP_RATING"[VARCHAR2,400], "A"."ORGANIZATION_ID"[VARCHAR2,400], 
       "A"."INHERENT_ROLLUP_RATING"[VARCHAR2,400], "F"."OBJECT_NAME"[VARCHAR2,800], "G"."LEVEL_NUM"[NUMBER,22], 
       "PARENT_ORG_ENTITY_ID"[NUMBER,22], "T"."ORG_ENTITY_NAME"[VARCHAR2,400]
   4 - (#keys=0) "A"."SCENARIO_ID"[VARCHAR2,400], "A"."ASSESSMENT_TYPE"[VARCHAR2,400], 
       "A"."RESIDUAL_ROLLUP_RATING"[VARCHAR2,400], "A"."ORGANIZATION_ID"[VARCHAR2,400], 
       "A"."INHERENT_ROLLUP_RATING"[VARCHAR2,400], "F"."OBJECT_NAME"[VARCHAR2,800], "G"."LEVEL_NUM"[NUMBER,22], 
       "T"."ORG_ENTITY_ID"[NUMBER,22], "T"."ORG_ENTITY_NAME"[VARCHAR2,400], "PARENT_ORG_ENTITY_ID"[NUMBER,22]
   5 - (#keys=0) "A"."SCENARIO_ID"[VARCHAR2,400], "A"."ASSESSMENT_TYPE"[VARCHAR2,400], 
       "A"."RESIDUAL_ROLLUP_RATING"[VARCHAR2,400], "A"."ORGANIZATION_ID"[VARCHAR2,400], 
       "A"."INHERENT_ROLLUP_RATING"[VARCHAR2,400], "F"."OBJECT_NAME"[VARCHAR2,800], "G"."LEVEL_NUM"[NUMBER,22], 
       "T".ROWID[ROWID,10], "T"."ORG_ENTITY_ID"[NUMBER,22], "PARENT_ORG_ENTITY_ID"[NUMBER,22]
   6 - (#keys=0) "A"."SCENARIO_ID"[VARCHAR2,400], "A"."ASSESSMENT_TYPE"[VARCHAR2,400], 
       "A"."RESIDUAL_ROLLUP_RATING"[VARCHAR2,400], "A"."ORGANIZATION_ID"[VARCHAR2,400], 
       "A"."INHERENT_ROLLUP_RATING"[VARCHAR2,400], "F"."OBJECT_NAME"[VARCHAR2,800], "G"."LEVEL_NUM"[NUMBER,22]
   7 - (#keys=1) "A"."SCENARIO_ID"[VARCHAR2,400], "A"."ASSESSMENT_TYPE"[VARCHAR2,400], 
       "A"."RESIDUAL_ROLLUP_RATING"[VARCHAR2,400], "A"."ORGANIZATION_ID"[VARCHAR2,400], 
       "A"."INHERENT_ROLLUP_RATING"[VARCHAR2,400], "F"."OBJECT_NAME"[VARCHAR2,800]
   8 - (#keys=4) "A"."ASSESSMENT_TYPE"[VARCHAR2,400], "A"."SCENARIO_ID"[VARCHAR2,400], 
       "A"."ORGANIZATION_ID"[VARCHAR2,400], "A"."INHERENT_ROLLUP_RATING"[VARCHAR2,400], 
       "A"."RESIDUAL_ROLLUP_RATING"[VARCHAR2,400]
   9 - "MAX(VERSION_NO)"[NUMBER,22], "ITEM_0"[VARCHAR2,400], "ITEM_1"[VARCHAR2,400], "ITEM_2"[VARCHAR2,400]
  10 - (#keys=3) "E"."ASSESSMENT_TYPE"[VARCHAR2,400], "E"."SCENARIO_ID"[VARCHAR2,400], 
       "E"."ORGANIZATION_ID"[VARCHAR2,400], MAX("VERSION_NO")[22]
  11 - "E"."SCENARIO_ID"[VARCHAR2,400], "E"."ORGANIZATION_ID"[VARCHAR2,400], 
       "E"."ASSESSMENT_TYPE"[VARCHAR2,400], "VERSION_NO"[NUMBER,22]
  12 - "A"."SCENARIO_ID"[VARCHAR2,400], "A"."ORGANIZATION_ID"[VARCHAR2,400], 
       "A"."ASSESSMENT_TYPE"[VARCHAR2,400], "A"."INHERENT_ROLLUP_RATING"[VARCHAR2,400], 
       "A"."RESIDUAL_ROLLUP_RATING"[VARCHAR2,400], "A"."VERSION_NO"[NUMBER,22]
  13 - "F"."OBJECT_NAME"[VARCHAR2,800], "F"."SCENARIO_ID"[VARCHAR2,400]
  14 - "F".ROWID[ROWID,10], "F"."SCENARIO_ID"[VARCHAR2,400]
  15 - "G"."LEVEL_NUM"[NUMBER,22]
  16 - "G".ROWID[ROWID,10]
  17 - "T".ROWID[ROWID,10], "T"."ORG_ENTITY_ID"[NUMBER,22], "PARENT_ORG_ENTITY_ID"[NUMBER,22]
  18 - "T"."ORG_ENTITY_NAME"[VARCHAR2,400]
  19 - "TL"."ORG_ENTITY_ID"[NUMBER,22]
  20 - "B"."ASSMNT_ID"[VARCHAR2,400], "B"."PLAN_NAME"[VARCHAR2,4000], 
       "B"."ASSMNT_ASSESSOR"[VARCHAR2,4000], "B"."ASSMNT_APPROVER"[VARCHAR2,4000], 
       "B"."ASSMNT_ASSIGNED_ON"[DATE,7], "B"."ASSMNT_APPROVED_ON"[DATE,7], "B"."ASSMNT_DUE_DATE"[DATE,7], 
       "B"."ASSMNT_STATUS"[VARCHAR2,400], "B"."ASSMNT_TRIGD_FROM"[VARCHAR2,400], "B"."SCENERIO"[VARCHAR2,400]
  21 - (#keys=1) "B"."ASSMNT_ID"[VARCHAR2,400], "B"."SCENERIO"[VARCHAR2,400], 
       "B"."PLAN_NAME"[VARCHAR2,4000], "B"."ASSMNT_ASSESSOR"[VARCHAR2,4000], 
       "B"."ASSMNT_APPROVER"[VARCHAR2,4000], "B"."ASSMNT_ASSIGNED_ON"[DATE,7], "B"."ASSMNT_APPROVED_ON"[DATE,7], 
       "B"."ASSMNT_DUE_DATE"[DATE,7], "B"."ASSMNT_STATUS"[VARCHAR2,400], "B"."ASSMNT_TRIGD_FROM"[VARCHAR2,400]
  22 - "A"."OBJECT_ID"[VARCHAR2,400]
  23 - "B"."ASSMNT_ID"[VARCHAR2,400], "B"."PLAN_NAME"[VARCHAR2,4000], 
       "B"."ASSMNT_ASSESSOR"[VARCHAR2,4000], "B"."ASSMNT_APPROVER"[VARCHAR2,4000], 
       "B"."ASSMNT_ASSIGNED_ON"[DATE,7], "B"."ASSMNT_APPROVED_ON"[DATE,7], "B"."ASSMNT_DUE_DATE"[DATE,7], 
       "B"."ASSMNT_STATUS"[VARCHAR2,400], "B"."ASSMNT_TRIGD_FROM"[VARCHAR2,400], "B"."SCENERIO"[VARCHAR2,400]
										</code></pre>
								</section>
						</div>
					</div>

				<!-- Sidebar -->
				<div id="sidebar">
					<div class="inner">
						<!-- Menu -->
						<nav id="menu">
							<header class="major">
								<h2>Menu</h2>
							</header>
							<ul>
								<li><a href="../index.html">Module List</a></li>
								<li><a href="index.html">Summary</a></li>
								<li>
									<span class="opener">DB Analysis</span>
									<ul>
										<li><a href="bad-sql.html">Bad SQL</a></li>
										<li><a href="poor-sql.html">Poor SQL Plan</a></li>
										<li><a href="invalid-sql.html">Invalid SQL</a></li>
										<li><a href="full-sql.html">Full SQL Report</a></li>
										<li><a href="table-nil-key.html">Primary/Unique Key Miss</a></li>
										<li><a href="invalid-db-object.html">Invalid DB Objects</a></li>
									</ul>
								</li>
								<li>
									<span class="opener">Infolets</span>
									<ul>
										<li><a href="keep-history-infolets.html">Keep History Infolets</a></li>
									</ul>
								</li>
								<li>
									<span class="opener">Pushforms</span>
									<ul>
										<li><a href="pushform-denormalize.html">Pushform Denormalized</a></li>
									</ul>
								</li>
							</ul>
						</nav>

						<!-- Section -->
						<section>
							<header class="major">
								<h2>Get in touch</h2>
							</header>
							<p>You need more details on the report or want more functionality, don't hesitate to reach out to us.</p>
							<ul class="contact">
								<li class="fa-envelope-o"><a href="mailto:rnd@metricstream.com?Subject=Reg - Static Code Analysis Tool" target="_top">rnd@metricstream.com</a></li>
							</ul>
						</section>

						<!-- Footer -->
						<footer id="footer">
							<p class="copyright">&copy; <a href="http://www.metricstream.com" target="_blank">MetricStream</a>. All rights reserved. </p>
						</footer>
					</div>
				</div>
			</div>

		<!-- Scripts -->
			<script src="../../lib/assets/js/jquery.min.js"></script>
			<script src="../../lib/assets/js/skel.min.js"></script>
			<script src="../../lib/assets/js/util.js"></script>
			<!--[if lte IE 8]><script src="../../lib/assets/js/ie/respond.min.js"></script><![endif]-->
			<script src="../../lib/assets/js/main.js"></script>
	</body>
</html>