<!DOCTYPE HTML>
<html>
	<head>
		<title>Code Analysis - MetricStream</title>
		<meta charset="utf-8" />
		<meta name="viewport" content="width=device-width, initial-scale=1, user-scalable=no" />
		<!--[if lte IE 8]><script src="../../lib/assets/js/ie/html5shiv.js"></script><![endif]-->
		<link rel="stylesheet" href="../../lib/assets/css/main.css" />
		<!--[if lte IE 9]><link rel="stylesheet" href="../../lib/assets/css/ie9.css" /><![endif]-->
		<!--[if lte IE 8]><link rel="stylesheet" href="../../lib/assets/css/ie8.css" /><![endif]-->
	</head>
	<body>

		<!-- Wrapper -->
			<div id="wrapper">

				<!-- Main -->
					<div id="main">
						<div class="inner">
							<!-- Header -->
								<header id="header">
									<a href="index.html" class="logo"><strong>Static Code Analysis Report</strong> by Code Analyzer Tool</a>
								</header>

							<!-- Content -->
								<section>
									<!-- Content -->
										<header class="major"><h2>Infolet Details</h2></header>
										<div class="table-wrapper">
											<table>
												<tbody>
													<tr>
														<td><b>Name</b></td>
														<td>MS_RSK_LND_GET_ROLLED_UP_PERSPECTIVE (102370)</td>
													</tr>
													<tr>
														<td><b>SQL</b></td>
														<td><pre><code>SELECT distinct 1 as ORGANIZATION_NAME,
  1 as ORGANIZATION_ID,
  SCENARIO_ID,
  SCENARIO_NAME,
  ASSESSMENT_TYPE,
 OBJECT_LEVEL_NUM+1
FROM TABLE(ms_rsk_lnd_reporting_utils.fn_lnd_rk_rt_org_level1()) 
WHERE ORGANIZATION_ID IN
  (SELECT DISTINCT owner_organization
  FROM ms_rsk_scenarios_orn
  WHERE scenario_id IN (scenario_id)
  )
AND assessment_type <> '1'
AND ORGANIZATION_ID IN
  (SELECT DISTINCT TO_CHAR(ORG_ENTITY_ID) AS object_id
  FROM SI_ORG_ROLES
  WHERE ORG_ROLE_ID IN
    (SELECT ORG_ROLE_ID
    FROM SI_USER_ORG_ROLES
    WHERE user_id=
      (SELECT USER_ID FROM SI_USERS_T WHERE USER_NAME =:1
      )
    )
  )</code></pre></td>
													</tr>
													<tr>
														<td><b>Description</b></td>
														<td>The infolet is used to populate the Perspective filter in the report Organizations at Risk (by Rolled Up Score)</td>
													</tr>
												</tbody>
											</table>
										</div>

										<h2 align="center" id="content">Analysis Report</h2>
										<hr>

<header class="major"><h2>Plan hash value: 2432594251</h2></header><pre><code>
 
-------------------------------------------------------------------------------------------------------------------
| Id  | Operation                               | Name                    | Rows  | Bytes | Cost (%CPU)| Time     |
-------------------------------------------------------------------------------------------------------------------
|   0 | SELECT STATEMENT                        |                         |     1 |  2239 |    34   (3)| 00:00:01 |
|   1 |  SORT UNIQUE                            |                         |     1 |  2239 |    34   (3)| 00:00:01 |
|   2 |   NESTED LOOPS                          |                         |     1 |  2239 |    33   (0)| 00:00:01 |
|   3 |    NESTED LOOPS                         |                         |     1 |  2229 |    32   (0)| 00:00:01 |
|   4 |     NESTED LOOPS                        |                         |     1 |  2219 |    31   (0)| 00:00:01 |
<font style="background-color: lightblue; color: red">|   5 |      MERGE JOIN CARTESIAN               |                         |   408 |  6120 |    30   (0)| 00:00:01 |</font>
|   6 |       VIEW                              | VW_SQ_1                 |     1 |    13 |     1   (0)| 00:00:01 |
|   7 |        TABLE ACCESS BY INDEX ROWID      | SI_USERS_T              |     1 |    18 |     1   (0)| 00:00:01 |
|*  8 |         INDEX RANGE SCAN                | SI_USERS_T_N3           |     1 |       |     1   (0)| 00:00:01 |
|   9 |       BUFFER SORT                       |                         |   408 |   816 |    30   (0)| 00:00:01 |
<font style="background-color: lightblue; color: red">|* 10 |        COLLECTION ITERATOR PICKLER FETCH| FN_LND_RK_RT_ORG_LEVEL1 |   408 |   816 |    29   (0)| 00:00:01 |</font>
|* 11 |      INDEX RANGE SCAN                   | MS_RSK_SCENARIOS_ORN_UK |     1 |  2204 |     1   (0)| 00:00:01 |
|* 12 |     INDEX FULL SCAN                     | SI_ORG_ROLES_N3         |     4 |    40 |     1   (0)| 00:00:01 |
|* 13 |    INDEX RANGE SCAN                     | SI_USER_ORG_ROLES_N2    |     1 |    10 |     1   (0)| 00:00:01 |
-------------------------------------------------------------------------------------------------------------------
 
</code></pre><header class="major"><h2>Query Block Name / Object Alias (identified by operation id):</h2></header><pre><code>
 
   1 - SEL$8693EF3D
   6 - SEL$CE1D94FA / VW_SQ_1@SEL$0A1A5A0C
   7 - SEL$CE1D94FA / SI_USERS_T@SEL$6
   8 - SEL$CE1D94FA / SI_USERS_T@SEL$6
  10 - SEL$8693EF3D / KOKBF$0@SEL$2
  11 - SEL$8693EF3D / MS_RSK_SCENARIOS_ORN@SEL$3
  12 - SEL$8693EF3D / SI_ORG_ROLES@SEL$4
  13 - SEL$8693EF3D / SI_USER_ORG_ROLES@SEL$5
 
</code></pre><header class="major"><h2>Predicate Information (identified by operation id):</h2></header><pre><code>
 
   8 - access("USER_NAME"=:1)
  10 - filter(VALUE(KOKBF$)<>'1')
  11 - access("OWNER_ORGANIZATION"=VALUE(KOKBF$))
       filter("SCENARIO_ID" IS NOT NULL)
  12 - filter(VALUE(KOKBF$)=TO_CHAR("ORG_ENTITY_ID"))
  13 - access("ORG_ROLE_ID"="ORG_ROLE_ID" AND "USER_ID"="USER_ID")
 
</code></pre><header class="major"><h2>Column Projection Information (identified by operation id):</h2></header><pre><code>
 
   1 - (#keys=6) 1[2], 1[2], VALUE(KOKBF$)[400], VALUE(KOKBF$)[800], VALUE(KOKBF$)[400], 
       VALUE(KOKBF$)+1[22]
   2 - (#keys=0) VALUE(A0)[400], VALUE(A0)[800], VALUE(A0)[400], VALUE(A0)[22]
   3 - (#keys=0) "USER_ID"[NUMBER,22], VALUE(A0)[400], VALUE(A0)[800], VALUE(A0)[400], VALUE(A0)[22], 
       "ORG_ROLE_ID"[NUMBER,22]
   4 - (#keys=0) "USER_ID"[NUMBER,22], VALUE(A0)[400], VALUE(A0)[400], VALUE(A0)[800], VALUE(A0)[400], 
       VALUE(A0)[22]
   5 - (#keys=0) "USER_ID"[NUMBER,22], VALUE(A0)[400], VALUE(A0)[400], VALUE(A0)[800], VALUE(A0)[400], 
       VALUE(A0)[22]
   6 - "USER_ID"[NUMBER,22]
   7 - "USER_ID"[NUMBER,22]
   8 - "SI_USERS_T".ROWID[ROWID,10]
   9 - (#keys=0) VALUE(A0)[400], VALUE(A0)[400], VALUE(A0)[800], VALUE(A0)[400], VALUE(A0)[22]
  10 - VALUE(A0)[400], VALUE(A0)[400], VALUE(A0)[400], VALUE(A0)[800], VALUE(A0)[400], VALUE(A0)[4000], 
       VALUE(A0)[4000], VALUE(A0)[22], VALUE(A0)[200], VALUE(A0)[4000], VALUE(A0)[4000], VALUE(A0)[4000], 
       VALUE(A0)[4000], VALUE(A0)[4000], VALUE(A0)[4000], VALUE(A0)[22], VALUE(A0)[4000], VALUE(A0)[4000], 
       VALUE(A0)[4000], VALUE(A0)[4000], VALUE(A0)[4000], VALUE(A0)[4000], VALUE(A0)[4000], VALUE(A0)[4000], 
       VALUE(A0)[4000], VALUE(A0)[4000], VALUE(A0)[4000], VALUE(A0)[4000], VALUE(A0)[4000], VALUE(A0)[4000]
  12 - "ORG_ROLE_ID"[NUMBER,22]
										</code></pre>
								</section>
						</div>
					</div>

				<!-- Sidebar -->
				<div id="sidebar">
					<div class="inner">
						<!-- Menu -->
						<nav id="menu">
							<header class="major">
								<h2>Menu</h2>
							</header>
							<ul>
								<li><a href="../index.html">Module List</a></li>
								<li><a href="index.html">Summary</a></li>
								<li>
									<span class="opener">DB Analysis</span>
									<ul>
										<li><a href="bad-sql.html">Bad SQL</a></li>
										<li><a href="poor-sql.html">Poor SQL Plan</a></li>
										<li><a href="invalid-sql.html">Invalid SQL</a></li>
										<li><a href="full-sql.html">Full SQL Report</a></li>
										<li><a href="table-nil-key.html">Primary/Unique Key Miss</a></li>
										<li><a href="invalid-db-object.html">Invalid DB Objects</a></li>
									</ul>
								</li>
								<li>
									<span class="opener">Infolets</span>
									<ul>
										<li><a href="keep-history-infolets.html">Keep History Infolets</a></li>
									</ul>
								</li>
								<li>
									<span class="opener">Pushforms</span>
									<ul>
										<li><a href="pushform-denormalize.html">Pushform Denormalized</a></li>
									</ul>
								</li>
							</ul>
						</nav>

						<!-- Section -->
						<section>
							<header class="major">
								<h2>Get in touch</h2>
							</header>
							<p>You need more details on the report or want more functionality, don't hesitate to reach out to us.</p>
							<ul class="contact">
								<li class="fa-envelope-o"><a href="mailto:rnd@metricstream.com?Subject=Reg - Static Code Analysis Tool" target="_top">rnd@metricstream.com</a></li>
							</ul>
						</section>

						<!-- Footer -->
						<footer id="footer">
							<p class="copyright">&copy; <a href="http://www.metricstream.com" target="_blank">MetricStream</a>. All rights reserved. </p>
						</footer>
					</div>
				</div>
			</div>

		<!-- Scripts -->
			<script src="../../lib/assets/js/jquery.min.js"></script>
			<script src="../../lib/assets/js/skel.min.js"></script>
			<script src="../../lib/assets/js/util.js"></script>
			<!--[if lte IE 8]><script src="../../lib/assets/js/ie/respond.min.js"></script><![endif]-->
			<script src="../../lib/assets/js/main.js"></script>
	</body>
</html>