<!DOCTYPE HTML>
<html>
	<head>
		<title>Code Analysis - MetricStream</title>
		<meta charset="utf-8" />
		<meta name="viewport" content="width=device-width, initial-scale=1, user-scalable=no" />
		<!--[if lte IE 8]><script src="../../lib/assets/js/ie/html5shiv.js"></script><![endif]-->
		<link rel="stylesheet" href="../../lib/assets/css/main.css" />
		<!--[if lte IE 9]><link rel="stylesheet" href="../../lib/assets/css/ie9.css" /><![endif]-->
		<!--[if lte IE 8]><link rel="stylesheet" href="../../lib/assets/css/ie8.css" /><![endif]-->
	</head>
	<body>

		<!-- Wrapper -->
			<div id="wrapper">

				<!-- Main -->
					<div id="main">
						<div class="inner">
							<!-- Header -->
								<header id="header">
									<a href="index.html" class="logo"><strong>Static Code Analysis Report</strong> by Code Analyzer Tool</a>
								</header>

							<!-- Content -->
								<section>
									<!-- Content -->
										<header class="major"><h2>Infolet Details</h2></header>
										<div class="table-wrapper">
											<table>
												<tbody>
													<tr>
														<td><b>Name</b></td>
														<td>MS_RSK_GET_TASK_NMR_ROLES INFOLET (102223)</td>
													</tr>
													<tr>
														<td><b>SQL</b></td>
														<td><pre><code>select distinct fdo.role_name, fdo.role_id 
  from MS_RSK_USER_FLDW_ORG_ACT_VIEW fdo 
 where fdo.org_entity_id in 
       (select organizations 
          from  MS_RSK_SCHEDULE_RISK_A_ORT q 
         where q.object_id = :1 
           and (:2 IN ('3', '2') and 
               q.organizations = fdo.org_entity_id) 
            or (:2 = '1')) 
   and (trim(fdo.activity_name) = 'RSK - Assess Risks') 
 order by role_name</code></pre></td>
													</tr>
													<tr>
														<td><b>Description</b></td>
														<td>null</td>
													</tr>
												</tbody>
											</table>
										</div>

										<h2 align="center" id="content">Analysis Report</h2>
										<hr>

<header class="major"><h2>Plan hash value: 3914756077</h2></header><pre><code>
 
------------------------------------------------------------------------------------------------------------------------------------
| Id  | Operation                                             | Name                       | Rows  | Bytes | Cost (%CPU)| Time     |
------------------------------------------------------------------------------------------------------------------------------------
|   0 | SELECT STATEMENT                                      |                            |     1 |   227 |    29   (7)| 00:00:01 |
|   1 |  SORT UNIQUE                                          |                            |     1 |   227 |    28   (4)| 00:00:01 |
|*  2 |   HASH JOIN                                           |                            |     1 |   227 |    27   (0)| 00:00:01 |
|*  3 |    HASH JOIN                                          |                            |     1 |   214 |    24   (0)| 00:00:01 |
<font style="background-color: lightblue; color: red">|   4 |     MERGE JOIN CARTESIAN                              |                            |     1 |   181 |    19   (0)| 00:00:01 |</font>
|   5 |      NESTED LOOPS                                     |                            |     1 |   149 |    16   (0)| 00:00:01 |
|   6 |       NESTED LOOPS                                    |                            |     1 |   149 |    16   (0)| 00:00:01 |
|   7 |        NESTED LOOPS                                   |                            |     1 |   117 |    15   (0)| 00:00:01 |
|   8 |         NESTED LOOPS                                  |                            |     1 |   107 |    14   (0)| 00:00:01 |
|   9 |          NESTED LOOPS                                 |                            |     1 |    83 |    13   (0)| 00:00:01 |
|  10 |           NESTED LOOPS                                |                            |     1 |    77 |    12   (0)| 00:00:01 |
|  11 |            NESTED LOOPS                               |                            |     1 |    67 |    11   (0)| 00:00:01 |
|  12 |             NESTED LOOPS                              |                            |     1 |    52 |    10   (0)| 00:00:01 |
|* 13 |              HASH JOIN                                |                            |     1 |    47 |     9   (0)| 00:00:01 |
<font style="background-color: lightblue; color: red">|* 14 |               TABLE ACCESS FULL                       | MS_RSK_SCHEDULE_RISK_A_ORT |     1 |    21 |     3   (0)| 00:00:01 |</font>
|  15 |               VIEW                                    | MS_RSK_FLOW_DOWN_ORGS_VIEW |   465 | 12090 |     7  (15)| 00:00:01 |
|* 16 |                CONNECT BY NO FILTERING WITH START-WITH|                            |       |       |            |          |
|* 17 |                 HASH JOIN OUTER                       |                            |    74 |  1258 |     6   (0)| 00:00:01 |
<font style="background-color: lightblue; color: red">|  18 |                  TABLE ACCESS FULL                    | SI_ORG_ENTITIES_T          |    74 |   740 |     3   (0)| 00:00:01 |</font>
<font style="background-color: lightblue; color: red">|* 19 |                  TABLE ACCESS FULL                    | SI_ORG_ENTITIES_TL         |     2 |    14 |     3   (0)| 00:00:01 |</font>
|* 20 |              INDEX RANGE SCAN                         | SI_ORG_ENTITIES_N5         |     1 |     5 |     1   (0)| 00:00:01 |
|  21 |             TABLE ACCESS BY INDEX ROWID               | SI_ORG_ROLES               |     1 |    15 |     1   (0)| 00:00:01 |
|* 22 |              INDEX RANGE SCAN                         | SI_ORG_ROLES_N1            |     4 |       |     1   (0)| 00:00:01 |
|* 23 |            INDEX RANGE SCAN                           | SI_USER_ORG_ROLES_N2       |     2 |    20 |     1   (0)| 00:00:01 |
|* 24 |           TABLE ACCESS BY INDEX ROWID                 | SI_USERS_T                 |     1 |     6 |     1   (0)| 00:00:01 |
|* 25 |            INDEX UNIQUE SCAN                          | SI_USERS_T_N1              |     1 |       |     1   (0)| 00:00:01 |
|  26 |          TABLE ACCESS BY INDEX ROWID                  | SI_ROLES_T                 |     1 |    24 |     1   (0)| 00:00:01 |
|* 27 |           INDEX RANGE SCAN                            | SI_ROLES_N2                |     1 |       |     1   (0)| 00:00:01 |
|* 28 |         INDEX RANGE SCAN                              | SI_ROLE_ACTIVITIES_N2      |    12 |   120 |     1   (0)| 00:00:01 |
|* 29 |        INDEX RANGE SCAN                               | SI_ACTIVITIES_N1           |     1 |       |     1   (0)| 00:00:01 |
|* 30 |       TABLE ACCESS BY INDEX ROWID                     | SI_ACTIVITIES_T            |     1 |    32 |     1   (0)| 00:00:01 |
|  31 |      BUFFER SORT                                      |                            |     1 |    32 |    18   (0)| 00:00:01 |
<font style="background-color: lightblue; color: red">|* 32 |       TABLE ACCESS FULL                               | MS_QS_PARAMETER_TYPES      |     1 |    32 |     3   (0)| 00:00:01 |</font>
<font style="background-color: lightblue; color: red">|* 33 |     TABLE ACCESS FULL                                 | MS_QS_PARAMETER_NAMES      |     3 |    99 |     5   (0)| 00:00:01 |</font>
<font style="background-color: lightblue; color: red">|* 34 |    TABLE ACCESS FULL                                  | MS_QS_PARAMETER_VALUES     |   257 |  3341 |     3   (0)| 00:00:01 |</font>
------------------------------------------------------------------------------------------------------------------------------------
 
</code></pre><header class="major"><h2>Query Block Name / Object Alias (identified by operation id):</h2></header><pre><code>
 
   1 - SEL$EA83390C
  14 - SEL$EA83390C / Q@SEL$12
  15 - SEL$3        / FLOW_DOWN_ORGS@SEL$2
  16 - SEL$3       
  17 - SEL$8F5C5713
  18 - SEL$8F5C5713 / T@SEL$7
  19 - SEL$8F5C5713 / TL@SEL$7
  20 - SEL$EA83390C / ORGS@SEL$10
  21 - SEL$EA83390C / ORG_ROLES@SEL$10
  22 - SEL$EA83390C / ORG_ROLES@SEL$10
  23 - SEL$EA83390C / USR_ORG_ROLES@SEL$10
  24 - SEL$EA83390C / USERS@SEL$10
  25 - SEL$EA83390C / USERS@SEL$10
  26 - SEL$EA83390C / ROLES@SEL$10
  27 - SEL$EA83390C / ROLES@SEL$10
  28 - SEL$EA83390C / ROLE_ACT@SEL$10
  29 - SEL$EA83390C / ACT@SEL$10
  30 - SEL$EA83390C / ACT@SEL$10
  32 - SEL$EA83390C / PTYPE@SEL$10
  33 - SEL$EA83390C / PNAME@SEL$10
  34 - SEL$EA83390C / PVALUE@SEL$10
 
</code></pre><header class="major"><h2>Predicate Information (identified by operation id):</h2></header><pre><code>
 
   2 - access("PNAME"."PARAMETER_ID"="PVALUE"."PARAMETER_ID" AND "PTYPE"."PARAMETER_TYPE_ID"="PVALUE"."PARAMETER_TYPE_ID")
   3 - access("PTYPE"."PARAMETER_TYPE_ID"="PNAME"."PARAMETER_TYPE_ID")
  13 - access("FLOW_DOWN_ORGS"."ORG_ENTITY_ID"=TO_NUMBER("ORGANIZATIONS"))
  14 - filter(:2='1' OR "Q"."OBJECT_ID"=:1 AND (:2='3' OR :2='2'))
  16 - access("PARENT_ORG_ENTITY_ID"=PRIOR "T"."ORG_ENTITY_ID")
       filter("T"."ORG_ENTITY_ID"="T"."ORG_ENTITY_ID")
  17 - access("T"."ORG_ENTITY_ID"="TL"."ORG_ENTITY_ID"(+))
  19 - filter("TL"."LOCALE_ID"(+)=TO_NUMBER("SI_DB_LOCALE_SV"."GETVALUE"()))
  20 - access("ORGS"."ORG_ENTITY_ID"="FLOW_DOWN_ORGS"."PARENT")
  22 - access("ORGS"."ORG_ENTITY_ID"="ORG_ROLES"."ORG_ENTITY_ID")
  23 - access("USR_ORG_ROLES"."ORG_ROLE_ID"="ORG_ROLES"."ORG_ROLE_ID")
  24 - filter(NVL("USERS"."END_DATE",SYSDATE@!)>=SYSDATE@!)
  25 - access("USERS"."USER_ID"="USR_ORG_ROLES"."USER_ID")
  27 - access("ROLES"."ROLE_ID"="ORG_ROLES"."ROLE_ID")
  28 - access("ROLE_ACT"."ROLE_ID"="ORG_ROLES"."ROLE_ID")
  29 - access("ROLE_ACT"."ACTIVITY_ID"="ACT"."ACTIVITY_ID")
  30 - filter(TRIM("ACT"."ACTIVITY_NAME")='RSK - Assess Risks')
  32 - filter(UPPER("PTYPE"."PARAMETER_TYPE")='MS APPS USER NAME DISPLAY FORMAT')
  33 - filter(UPPER("PNAME"."PARAMETER_NAME")='DISPLAY_FORMAT')
  34 - filter("PVALUE"."ORG_ENTITY_ID"=1)
 
</code></pre><header class="major"><h2>Column Projection Information (identified by operation id):</h2></header><pre><code>
 
   1 - (#keys=2) "ROLES"."ROLE_NAME"[VARCHAR2,400], "ROLES"."ROLE_ID"[NUMBER,22]
   2 - (#keys=2) "ROLES"."ROLE_ID"[NUMBER,22], "ROLES"."ROLE_NAME"[VARCHAR2,400]
   3 - (#keys=1) "PTYPE"."PARAMETER_TYPE_ID"[NUMBER,22], "ROLES"."ROLE_ID"[NUMBER,22], "ROLES"."ROLE_NAME"[VARCHAR2,400], 
       "PNAME"."PARAMETER_ID"[NUMBER,22]
   4 - (#keys=0) "ROLES"."ROLE_ID"[NUMBER,22], "ROLES"."ROLE_NAME"[VARCHAR2,400], "PTYPE"."PARAMETER_TYPE_ID"[NUMBER,22]
   5 - (#keys=0) "ROLES"."ROLE_ID"[NUMBER,22], "ROLES"."ROLE_NAME"[VARCHAR2,400]
   6 - (#keys=0) "ROLES"."ROLE_ID"[NUMBER,22], "ROLES"."ROLE_NAME"[VARCHAR2,400], "ACT".ROWID[ROWID,10]
   7 - (#keys=0) "ROLES"."ROLE_ID"[NUMBER,22], "ROLES"."ROLE_NAME"[VARCHAR2,400], "ROLE_ACT"."ACTIVITY_ID"[NUMBER,22]
   8 - (#keys=0) "ORG_ROLES"."ROLE_ID"[NUMBER,22], "ROLES"."ROLE_ID"[NUMBER,22], "ROLES"."ROLE_NAME"[VARCHAR2,400]
   9 - (#keys=0) "ORG_ROLES"."ROLE_ID"[NUMBER,22]
  10 - (#keys=0) "ORG_ROLES"."ROLE_ID"[NUMBER,22], "USR_ORG_ROLES"."USER_ID"[NUMBER,22]
  11 - (#keys=0) "ORG_ROLES"."ORG_ROLE_ID"[NUMBER,22], "ORG_ROLES"."ROLE_ID"[NUMBER,22]
  12 - (#keys=0) "ORGS"."ORG_ENTITY_ID"[NUMBER,22]
  13 - (#keys=1) "FLOW_DOWN_ORGS"."PARENT"[NUMBER,22]
  14 - "Q"."ORGANIZATIONS"[VARCHAR2,4000]
  15 - "FLOW_DOWN_ORGS"."ORG_ENTITY_ID"[NUMBER,22], "FLOW_DOWN_ORGS"."PARENT"[NUMBER,22]
  16 - "PARENT_ORG_ENTITY_ID"[NUMBER,22], "T"."ORG_ENTITY_ID"[NUMBER,22], PRIOR NULL[22], ANY[22], LEVEL[4]
  17 - (#keys=1) "T"."ORG_ENTITY_ID"[NUMBER,22], "TL"."ORG_ENTITY_ID"[NUMBER,22], "PARENT_ORG_ENTITY_ID"[NUMBER,22], 
       "TL"."LOCALE_ID"[NUMBER,22]
  18 - "T"."ORG_ENTITY_ID"[NUMBER,22], "PARENT_ORG_ENTITY_ID"[NUMBER,22]
  19 - "TL"."ORG_ENTITY_ID"[NUMBER,22], "TL"."LOCALE_ID"[NUMBER,22]
  20 - "ORGS"."ORG_ENTITY_ID"[NUMBER,22]
  21 - "ORG_ROLES"."ORG_ROLE_ID"[NUMBER,22], "ORG_ROLES"."ROLE_ID"[NUMBER,22]
  22 - "ORG_ROLES".ROWID[ROWID,10]
  23 - "USR_ORG_ROLES"."USER_ID"[NUMBER,22]
  25 - "USERS".ROWID[ROWID,10]
  26 - "ROLES"."ROLE_ID"[NUMBER,22], "ROLES"."ROLE_NAME"[VARCHAR2,400]
  27 - "ROLES".ROWID[ROWID,10], "ROLES"."ROLE_ID"[NUMBER,22]
  28 - "ROLE_ACT"."ACTIVITY_ID"[NUMBER,22]
  29 - "ACT".ROWID[ROWID,10]
  31 - (#keys=0) "PTYPE"."PARAMETER_TYPE_ID"[NUMBER,22]
  32 - "PTYPE"."PARAMETER_TYPE_ID"[NUMBER,22]
  33 - "PNAME"."PARAMETER_ID"[NUMBER,22], "PNAME"."PARAMETER_TYPE_ID"[NUMBER,22]
  34 - "PVALUE"."PARAMETER_TYPE_ID"[NUMBER,22], "PVALUE"."PARAMETER_ID"[NUMBER,22]
										</code></pre>
								</section>
						</div>
					</div>

				<!-- Sidebar -->
				<div id="sidebar">
					<div class="inner">
						<!-- Menu -->
						<nav id="menu">
							<header class="major">
								<h2>Menu</h2>
							</header>
							<ul>
								<li><a href="../index.html">Module List</a></li>
								<li><a href="index.html">Summary</a></li>
								<li>
									<span class="opener">DB Analysis</span>
									<ul>
										<li><a href="bad-sql.html">Bad SQL</a></li>
										<li><a href="poor-sql.html">Poor SQL Plan</a></li>
										<li><a href="invalid-sql.html">Invalid SQL</a></li>
										<li><a href="full-sql.html">Full SQL Report</a></li>
										<li><a href="table-nil-key.html">Primary/Unique Key Miss</a></li>
										<li><a href="invalid-db-object.html">Invalid DB Objects</a></li>
									</ul>
								</li>
								<li>
									<span class="opener">Infolets</span>
									<ul>
										<li><a href="keep-history-infolets.html">Keep History Infolets</a></li>
									</ul>
								</li>
								<li>
									<span class="opener">Pushforms</span>
									<ul>
										<li><a href="pushform-denormalize.html">Pushform Denormalized</a></li>
									</ul>
								</li>
							</ul>
						</nav>

						<!-- Section -->
						<section>
							<header class="major">
								<h2>Get in touch</h2>
							</header>
							<p>You need more details on the report or want more functionality, don't hesitate to reach out to us.</p>
							<ul class="contact">
								<li class="fa-envelope-o"><a href="mailto:rnd@metricstream.com?Subject=Reg - Static Code Analysis Tool" target="_top">rnd@metricstream.com</a></li>
							</ul>
						</section>

						<!-- Footer -->
						<footer id="footer">
							<p class="copyright">&copy; <a href="http://www.metricstream.com" target="_blank">MetricStream</a>. All rights reserved. </p>
						</footer>
					</div>
				</div>
			</div>

		<!-- Scripts -->
			<script src="../../lib/assets/js/jquery.min.js"></script>
			<script src="../../lib/assets/js/skel.min.js"></script>
			<script src="../../lib/assets/js/util.js"></script>
			<!--[if lte IE 8]><script src="../../lib/assets/js/ie/respond.min.js"></script><![endif]-->
			<script src="../../lib/assets/js/main.js"></script>
	</body>
</html>