<!DOCTYPE HTML>
<html>
	<head>
		<title>Code Analysis - MetricStream</title>
		<meta charset="utf-8" />
		<meta name="viewport" content="width=device-width, initial-scale=1, user-scalable=no" />
		<!--[if lte IE 8]><script src="../../lib/assets/js/ie/html5shiv.js"></script><![endif]-->
		<link rel="stylesheet" href="../../lib/assets/css/main.css" />
		<!--[if lte IE 9]><link rel="stylesheet" href="../../lib/assets/css/ie9.css" /><![endif]-->
		<!--[if lte IE 8]><link rel="stylesheet" href="../../lib/assets/css/ie8.css" /><![endif]-->
	</head>
	<body>

		<!-- Wrapper -->
			<div id="wrapper">

				<!-- Main -->
					<div id="main">
						<div class="inner">
							<!-- Header -->
								<header id="header">
									<a href="index.html" class="logo"><strong>Static Code Analysis Report</strong> by Code Analyzer Tool</a>
								</header>

							<!-- Content -->
								<section>
									<!-- Content -->
										<header class="major"><h2>Infolet Details</h2></header>
										<div class="table-wrapper">
											<table>
												<tbody>
													<tr>
														<td><b>Name</b></td>
														<td>MS_RSK_Org_Risks_Info_Drilldown_Report_Dashboard (102402)</td>
													</tr>
													<tr>
														<td><b>SQL</b></td>
														<td><pre><code>SELECT org.org_entity_name AS organization, f.risk_score AS inherent_risk,
       a.inherent_rollup_rating AS inherent_risk_score,
       e.risk_score AS residual_risk,
       a.residual_rollup_rating AS residual_risk_score,
       a.organization_id,a.scenario_id,a.assessment_type,b.level_num
  FROM ms_rsk_organization_rollup a,
       ms_rsk_org_levels b,
       ms_rsk_scenarios_scn c,
       ms_rsk_assessed_score e,
       ms_rsk_assessed_score f,
       si_org_entities_t org
 WHERE a.organization_id = b.org_id
   AND a.scenario_id = c.scenario_id
   AND a.organization_id = org.org_entity_id
  -- and c.default_scenario = '1'     
   AND a.version_no = (SELECT MAX (d.version_no)
                         FROM ms_rsk_organization_rollup d
                        WHERE d.organization_id = a.organization_id AND d.scenario_id = a.scenario_id 
AND d.assessment_type = a.assessment_type)
   AND round(a.residual_rollup_rating) BETWEEN round(e.minimum_value) AND round(e.maximum_value)
   AND round(a.inherent_rollup_rating) BETWEEN round(f.minimum_value) AND round(f.maximum_value) 
   and b.parent_org_id = :1</code></pre></td>
													</tr>
													<tr>
														<td><b>Description</b></td>
														<td>MS_RSK_Org_Risks_Info_Drilldown_Report_Dashboard</td>
													</tr>
												</tbody>
											</table>
										</div>

										<h2 align="center" id="content">Analysis Report</h2>
										<hr>

<header class="major"><h2>Plan hash value: 1304469501</h2></header><pre><code>
 
--------------------------------------------------------------------------------------------------------------
| Id  | Operation                       | Name                       | Rows  | Bytes | Cost (%CPU)| Time     |
--------------------------------------------------------------------------------------------------------------
|   0 | SELECT STATEMENT                |                            |     1 |   730 |    18  (17)| 00:00:01 |
|   1 |  NESTED LOOPS                   |                            |     1 |   730 |    18  (17)| 00:00:01 |
|   2 |   NESTED LOOPS                  |                            |     1 |   715 |    15  (20)| 00:00:01 |
|   3 |    NESTED LOOPS                 |                            |     1 |   690 |    14  (22)| 00:00:01 |
|   4 |     NESTED LOOPS                |                            |     1 |   679 |    13  (24)| 00:00:01 |
|   5 |      MERGE JOIN                 |                            |     1 |   662 |    12  (25)| 00:00:01 |
|   6 |       SORT JOIN                 |                            |     3 |  1941 |     8  (25)| 00:00:01 |
|*  7 |        HASH JOIN                |                            |     3 |  1941 |     7  (15)| 00:00:01 |
|   8 |         VIEW                    | VW_SQ_1                    |     3 |  1857 |     4  (25)| 00:00:01 |
|   9 |          SORT GROUP BY          |                            |     3 |    69 |     4  (25)| 00:00:01 |
<font style="background-color: lightblue; color: red">|  10 |           TABLE ACCESS FULL     | MS_RSK_ORGANIZATION_ROLLUP |    10 |   230 |     3   (0)| 00:00:01 |</font>
<font style="background-color: lightblue; color: red">|  11 |         TABLE ACCESS FULL       | MS_RSK_ORGANIZATION_ROLLUP |    10 |   280 |     3   (0)| 00:00:01 |</font>
|* 12 |       FILTER                    |                            |       |       |            |          |
|* 13 |        SORT JOIN                |                            |     4 |    60 |     4  (25)| 00:00:01 |
<font style="background-color: lightblue; color: red">|  14 |         TABLE ACCESS FULL       | MS_RSK_ASSESSED_SCORE      |     4 |    60 |     3   (0)| 00:00:01 |</font>
|* 15 |      TABLE ACCESS BY INDEX ROWID| MS_RSK_ORG_LEVELS          |     1 |    17 |     1   (0)| 00:00:01 |
|* 16 |       INDEX RANGE SCAN          | MS_RSK_ORG_LEVELS_ORG_ID   |     1 |       |     1   (0)| 00:00:01 |
|* 17 |     INDEX RANGE SCAN            | MS_RSK_SCENARIOS_SCN_UK    |     1 |    11 |     1   (0)| 00:00:01 |
|  18 |    TABLE ACCESS BY INDEX ROWID  | SI_ORG_ENTITIES_T          |     1 |    25 |     1   (0)| 00:00:01 |
|* 19 |     INDEX RANGE SCAN            | SI_ORG_ENTITIES_N5         |     1 |       |     1   (0)| 00:00:01 |
<font style="background-color: lightblue; color: red">|* 20 |   TABLE ACCESS FULL             | MS_RSK_ASSESSED_SCORE      |     1 |    15 |     3   (0)| 00:00:01 |</font>
--------------------------------------------------------------------------------------------------------------
 
</code></pre><header class="major"><h2>Query Block Name / Object Alias (identified by operation id):</h2></header><pre><code>
 
   1 - SEL$C772B8D1
   8 - SEL$683B0107 / VW_SQ_1@SEL$7511BFD2
   9 - SEL$683B0107
  10 - SEL$683B0107 / D@SEL$2
  11 - SEL$C772B8D1 / A@SEL$1
  14 - SEL$C772B8D1 / F@SEL$1
  15 - SEL$C772B8D1 / B@SEL$1
  16 - SEL$C772B8D1 / B@SEL$1
  17 - SEL$C772B8D1 / C@SEL$1
  18 - SEL$C772B8D1 / ORG@SEL$1
  19 - SEL$C772B8D1 / ORG@SEL$1
  20 - SEL$C772B8D1 / E@SEL$1
 
</code></pre><header class="major"><h2>Predicate Information (identified by operation id):</h2></header><pre><code>
 
   7 - access("A"."VERSION_NO"="MAX(D.VERSION_NO)" AND "ITEM_0"="A"."ORGANIZATION_ID" AND 
              "ITEM_1"="A"."SCENARIO_ID" AND "ITEM_2"="A"."ASSESSMENT_TYPE")
  12 - filter(ROUND(TO_NUMBER("A"."INHERENT_ROLLUP_RATING"))<=ROUND("F"."MAXIMUM_VALUE"))
  13 - access(ROUND(TO_NUMBER("A"."INHERENT_ROLLUP_RATING"))>=ROUND("F"."MINIMUM_VALUE"))
       filter(ROUND(TO_NUMBER("A"."INHERENT_ROLLUP_RATING"))>=ROUND("F"."MINIMUM_VALUE"))
  15 - filter("B"."PARENT_ORG_ID"=:1)
  16 - access("A"."ORGANIZATION_ID"="B"."ORG_ID")
  17 - access("A"."SCENARIO_ID"="C"."SCENARIO_ID")
  19 - access("ORG"."ORG_ENTITY_ID"=TO_NUMBER("A"."ORGANIZATION_ID"))
  20 - filter(ROUND(TO_NUMBER("A"."RESIDUAL_ROLLUP_RATING"))>=ROUND("E"."MINIMUM_VALUE") AND 
              ROUND(TO_NUMBER("A"."RESIDUAL_ROLLUP_RATING"))<=ROUND("E"."MAXIMUM_VALUE"))
 
</code></pre><header class="major"><h2>Column Projection Information (identified by operation id):</h2></header><pre><code>
 
   1 - (#keys=0) "A"."ORGANIZATION_ID"[VARCHAR2,400], "A"."SCENARIO_ID"[VARCHAR2,400], 
       "A"."ASSESSMENT_TYPE"[VARCHAR2,400], "A"."INHERENT_ROLLUP_RATING"[VARCHAR2,400], 
       "A"."RESIDUAL_ROLLUP_RATING"[VARCHAR2,400], "F"."RISK_SCORE"[VARCHAR2,400], 
       "B"."LEVEL_NUM"[NUMBER,22], "ORG"."ORG_ENTITY_NAME"[VARCHAR2,400], "E"."RISK_SCORE"[VARCHAR2,400]
   2 - (#keys=0) "A"."ORGANIZATION_ID"[VARCHAR2,400], "A"."SCENARIO_ID"[VARCHAR2,400], 
       "A"."ASSESSMENT_TYPE"[VARCHAR2,400], "A"."INHERENT_ROLLUP_RATING"[VARCHAR2,400], 
       "A"."RESIDUAL_ROLLUP_RATING"[VARCHAR2,400], "F"."RISK_SCORE"[VARCHAR2,400], 
       "B"."LEVEL_NUM"[NUMBER,22], "ORG"."ORG_ENTITY_NAME"[VARCHAR2,400]
   3 - (#keys=0) "A"."ORGANIZATION_ID"[VARCHAR2,400], "A"."SCENARIO_ID"[VARCHAR2,400], 
       "A"."ASSESSMENT_TYPE"[VARCHAR2,400], "A"."INHERENT_ROLLUP_RATING"[VARCHAR2,400], 
       "A"."RESIDUAL_ROLLUP_RATING"[VARCHAR2,400], "F"."RISK_SCORE"[VARCHAR2,400], "B"."LEVEL_NUM"[NUMBER,22]
   4 - (#keys=0) "A"."ORGANIZATION_ID"[VARCHAR2,400], "A"."SCENARIO_ID"[VARCHAR2,400], 
       "A"."ASSESSMENT_TYPE"[VARCHAR2,400], "A"."INHERENT_ROLLUP_RATING"[VARCHAR2,400], 
       "A"."RESIDUAL_ROLLUP_RATING"[VARCHAR2,400], "F"."RISK_SCORE"[VARCHAR2,400], "B"."LEVEL_NUM"[NUMBER,22]
   5 - (#keys=0) "A"."ORGANIZATION_ID"[VARCHAR2,400], "A"."SCENARIO_ID"[VARCHAR2,400], 
       "A"."ASSESSMENT_TYPE"[VARCHAR2,400], "A"."INHERENT_ROLLUP_RATING"[VARCHAR2,400], 
       "A"."RESIDUAL_ROLLUP_RATING"[VARCHAR2,400], "F"."RISK_SCORE"[VARCHAR2,400]
   6 - (#keys=1) ROUND(TO_NUMBER("A"."INHERENT_ROLLUP_RATING"))[22], 
       "A"."ORGANIZATION_ID"[VARCHAR2,400], "A"."SCENARIO_ID"[VARCHAR2,400], 
       "A"."ASSESSMENT_TYPE"[VARCHAR2,400], "A"."INHERENT_ROLLUP_RATING"[VARCHAR2,400], 
       "A"."RESIDUAL_ROLLUP_RATING"[VARCHAR2,400]
   7 - (#keys=4) "A"."ORGANIZATION_ID"[VARCHAR2,400], "A"."SCENARIO_ID"[VARCHAR2,400], 
       "A"."ASSESSMENT_TYPE"[VARCHAR2,400], "A"."INHERENT_ROLLUP_RATING"[VARCHAR2,400], 
       "A"."RESIDUAL_ROLLUP_RATING"[VARCHAR2,400]
   8 - "MAX(D.VERSION_NO)"[NUMBER,22], "ITEM_0"[VARCHAR2,400], "ITEM_1"[VARCHAR2,400], 
       "ITEM_2"[VARCHAR2,400]
   9 - (#keys=3) "D"."ORGANIZATION_ID"[VARCHAR2,400], "D"."SCENARIO_ID"[VARCHAR2,400], 
       "D"."ASSESSMENT_TYPE"[VARCHAR2,400], MAX("D"."VERSION_NO")[22]
  10 - "D"."SCENARIO_ID"[VARCHAR2,400], "D"."ORGANIZATION_ID"[VARCHAR2,400], 
       "D"."ASSESSMENT_TYPE"[VARCHAR2,400], "D"."VERSION_NO"[NUMBER,22]
  11 - "A"."SCENARIO_ID"[VARCHAR2,400], "A"."ORGANIZATION_ID"[VARCHAR2,400], 
       "A"."ASSESSMENT_TYPE"[VARCHAR2,400], "A"."INHERENT_ROLLUP_RATING"[VARCHAR2,400], 
       "A"."RESIDUAL_ROLLUP_RATING"[VARCHAR2,400], "A"."VERSION_NO"[NUMBER,22]
  12 - "F"."RISK_SCORE"[VARCHAR2,400]
  13 - (#keys=1) ROUND("F"."MINIMUM_VALUE")[22], "F"."RISK_SCORE"[VARCHAR2,400], 
       "F"."MAXIMUM_VALUE"[NUMBER,22]
  14 - "F"."RISK_SCORE"[VARCHAR2,400], "F"."MAXIMUM_VALUE"[NUMBER,22], "F"."MINIMUM_VALUE"[NUMBER,22]
  15 - "B"."LEVEL_NUM"[NUMBER,22]
  16 - "B".ROWID[ROWID,10]
  18 - "ORG"."ORG_ENTITY_NAME"[VARCHAR2,400]
  19 - "ORG".ROWID[ROWID,10]
  20 - "E"."RISK_SCORE"[VARCHAR2,400]
										</code></pre>
								</section>
						</div>
					</div>

				<!-- Sidebar -->
				<div id="sidebar">
					<div class="inner">
						<!-- Menu -->
						<nav id="menu">
							<header class="major">
								<h2>Menu</h2>
							</header>
							<ul>
								<li><a href="../index.html">Module List</a></li>
								<li><a href="index.html">Summary</a></li>
								<li>
									<span class="opener">DB Analysis</span>
									<ul>
										<li><a href="bad-sql.html">Bad SQL</a></li>
										<li><a href="poor-sql.html">Poor SQL Plan</a></li>
										<li><a href="invalid-sql.html">Invalid SQL</a></li>
										<li><a href="full-sql.html">Full SQL Report</a></li>
										<li><a href="table-nil-key.html">Primary/Unique Key Miss</a></li>
										<li><a href="invalid-db-object.html">Invalid DB Objects</a></li>
									</ul>
								</li>
								<li>
									<span class="opener">Infolets</span>
									<ul>
										<li><a href="keep-history-infolets.html">Keep History Infolets</a></li>
									</ul>
								</li>
								<li>
									<span class="opener">Pushforms</span>
									<ul>
										<li><a href="pushform-denormalize.html">Pushform Denormalized</a></li>
									</ul>
								</li>
							</ul>
						</nav>

						<!-- Section -->
						<section>
							<header class="major">
								<h2>Get in touch</h2>
							</header>
							<p>You need more details on the report or want more functionality, don't hesitate to reach out to us.</p>
							<ul class="contact">
								<li class="fa-envelope-o"><a href="mailto:rnd@metricstream.com?Subject=Reg - Static Code Analysis Tool" target="_top">rnd@metricstream.com</a></li>
							</ul>
						</section>

						<!-- Footer -->
						<footer id="footer">
							<p class="copyright">&copy; <a href="http://www.metricstream.com" target="_blank">MetricStream</a>. All rights reserved. </p>
						</footer>
					</div>
				</div>
			</div>

		<!-- Scripts -->
			<script src="../../lib/assets/js/jquery.min.js"></script>
			<script src="../../lib/assets/js/skel.min.js"></script>
			<script src="../../lib/assets/js/util.js"></script>
			<!--[if lte IE 8]><script src="../../lib/assets/js/ie/respond.min.js"></script><![endif]-->
			<script src="../../lib/assets/js/main.js"></script>
	</body>
</html>