<!DOCTYPE HTML>
<html>
	<head>
		<title>Code Analysis - MetricStream</title>
		<meta charset="utf-8" />
		<meta name="viewport" content="width=device-width, initial-scale=1, user-scalable=no" />
		<!--[if lte IE 8]><script src="../../lib/assets/js/ie/html5shiv.js"></script><![endif]-->
		<link rel="stylesheet" href="../../lib/assets/css/main.css" />
		<!--[if lte IE 9]><link rel="stylesheet" href="../../lib/assets/css/ie9.css" /><![endif]-->
		<!--[if lte IE 8]><link rel="stylesheet" href="../../lib/assets/css/ie8.css" /><![endif]-->
	</head>
	<body>

		<!-- Wrapper -->
			<div id="wrapper">

				<!-- Main -->
					<div id="main">
						<div class="inner">
							<!-- Header -->
								<header id="header">
									<a href="index.html" class="logo"><strong>Static Code Analysis Report</strong> by Code Analyzer Tool</a>
								</header>

							<!-- Content -->
								<section>
									<!-- Content -->
										<header class="major"><h2>Infolet Details</h2></header>
										<div class="table-wrapper">
											<table>
												<tbody>
													<tr>
														<td><b>Name</b></td>
														<td>MS_RSK_RSA_ACTIVE_WINDOWS_FLAG (102543)</td>
													</tr>
													<tr>
														<td><b>SQL</b></td>
														<td><pre><code>SELECT
    DISTINCT
    (CASE
        WHEN b.risk_assessment_methodology IN (3,5)
        THEN (SELECT a.object_id FROM ms_rsk_risk_rule_build a WHERE a.object_id = b.scenario_algorithm)
        ELSE (SELECT a.object_id FROM ms_rsk_risk_ram a WHERE a.object_id = b.ram_profile)
    END) AS object_id,
    (CASE
        WHEN b.risk_assessment_methodology IN (3,5)
        THEN (SELECT a.rrb_temp3 FROM ms_rsk_risk_rule_build a WHERE a.object_id = b.scenario_algorithm)
        ELSE (SELECT a.hide_section FROM ms_rsk_risk_ram a WHERE a.object_id = b.ram_profile)
    END) ||'<>'|| NVL(b.manual_refresh,'1') AS rsa_flag
FROM
    ms_rsk_scenarios_scn  b,
    ms_rsk_scenarios      c
WHERE
    b.object_id   = c.object_id
AND b.scenario_id = :1
AND :2 IS NOT NULL</code></pre></td>
													</tr>
													<tr>
														<td><b>Description</b></td>
														<td>MS_RSK_RSA_ACTIVE_WINDOWS_FLAG</td>
													</tr>
												</tbody>
											</table>
										</div>

										<h2 align="center" id="content">Analysis Report</h2>
										<hr>

<header class="major"><h2>Plan hash value: 1617721368</h2></header><pre><code>
 
------------------------------------------------------------------------------------------------------------
| Id  | Operation                      | Name                      | Rows  | Bytes | Cost (%CPU)| Time     |
------------------------------------------------------------------------------------------------------------
|   0 | SELECT STATEMENT               |                           |     1 |    51 |     3  (34)| 00:00:01 |
|*  1 |  INDEX UNIQUE SCAN             | MS_RSK_RISK_RULE_BUILD_PK |     1 |    11 |     1   (0)| 00:00:01 |
|*  2 |   INDEX UNIQUE SCAN            | MS_RSK_RISK_RAM_PK        |     1 |    11 |     1   (0)| 00:00:01 |
|   3 |  TABLE ACCESS BY INDEX ROWID   | MS_RSK_RISK_RULE_BUILD    |     1 |    14 |     1   (0)| 00:00:01 |
|*  4 |   INDEX UNIQUE SCAN            | MS_RSK_RISK_RULE_BUILD_PK |     1 |       |     1   (0)| 00:00:01 |
|   5 |   TABLE ACCESS BY INDEX ROWID  | MS_RSK_RISK_RAM           |     1 |   168 |     1   (0)| 00:00:01 |
|*  6 |    INDEX UNIQUE SCAN           | MS_RSK_RISK_RAM_PK        |     1 |       |     1   (0)| 00:00:01 |
|   7 |  SORT UNIQUE                   |                           |     1 |    51 |     3  (34)| 00:00:01 |
|*  8 |   FILTER                       |                           |       |       |            |          |
|   9 |    NESTED LOOPS                |                           |     1 |    51 |     2   (0)| 00:00:01 |
|  10 |     TABLE ACCESS BY INDEX ROWID| MS_RSK_SCENARIOS_SCN      |     1 |    40 |     1   (0)| 00:00:01 |
|* 11 |      INDEX RANGE SCAN          | MS_RSK_SCENARIOS_SCN_UK   |     1 |       |     1   (0)| 00:00:01 |
|* 12 |     INDEX UNIQUE SCAN          | MS_RSK_SCENARIOS_PK       |     1 |    11 |     1   (0)| 00:00:01 |
------------------------------------------------------------------------------------------------------------
 
</code></pre><header class="major"><h2>Query Block Name / Object Alias (identified by operation id):</h2></header><pre><code>
 
   1 - SEL$2 / A@SEL$2
   2 - SEL$3 / A@SEL$3
   3 - SEL$4 / A@SEL$4
   4 - SEL$4 / A@SEL$4
   5 - SEL$5 / A@SEL$5
   6 - SEL$5 / A@SEL$5
   7 - SEL$1
  10 - SEL$1 / B@SEL$1
  11 - SEL$1 / B@SEL$1
  12 - SEL$1 / C@SEL$1
 
</code></pre><header class="major"><h2>Predicate Information (identified by operation id):</h2></header><pre><code>
 
   1 - access("A"."OBJECT_ID"=:B1)
   2 - access("A"."OBJECT_ID"=:B1)
   4 - access("A"."OBJECT_ID"=:B1)
   6 - access("A"."OBJECT_ID"=:B1)
   8 - filter(:2 IS NOT NULL)
  11 - access("B"."SCENARIO_ID"=:1)
  12 - access("B"."OBJECT_ID"="C"."OBJECT_ID")
 
</code></pre><header class="major"><h2>Column Projection Information (identified by operation id):</h2></header><pre><code>
 
   1 - "A"."OBJECT_ID"[VARCHAR2,400]
   2 - "A"."OBJECT_ID"[VARCHAR2,80]
   3 - "A".ROWID[ROWID,10], "A"."RRB_TEMP3"[VARCHAR2,1020]
   4 - "A".ROWID[ROWID,10]
   5 - "A".ROWID[ROWID,10], "A"."HIDE_SECTION"[VARCHAR2,400]
   6 - "A".ROWID[ROWID,10]
   7 - (#keys=2) CASE  WHEN (TO_NUMBER("B"."RISK_ASSESSMENT_METHODOLOGY")=3 OR 
       TO_NUMBER("B"."RISK_ASSESSMENT_METHODOLOGY")=5) THEN  (SELECT "A"."OBJECT_ID" FROM 
       "MS_RSK_RISK_RULE_BUILD" "A" WHERE "A"."OBJECT_ID"=:B1) ELSE  (SELECT "A"."OBJECT_ID" FROM 
       "MS_RSK_RISK_RAM" "A" WHERE "A"."OBJECT_ID"=:B2) END [400], CASE  WHEN 
       ((TO_NUMBER("B"."RISK_ASSESSMENT_METHODOLOGY")=3) OR 
       (TO_NUMBER("B"."RISK_ASSESSMENT_METHODOLOGY")=5)) THEN  (SELECT "A"."RRB_TEMP3" FROM 
       "MS_RSK_RISK_RULE_BUILD" "A" WHERE "A"."OBJECT_ID"=:B3) ELSE  (SELECT "A"."HIDE_SECTION" FROM 
       "MS_RSK_RISK_RAM" "A" WHERE "A"."OBJECT_ID"=:B4) END ||'<>'||NVL("B"."MANUAL_REFRESH",'1')[1110]
   8 - "B"."SCENARIO_ALGORITHM"[VARCHAR2,40], "B"."RISK_ASSESSMENT_METHODOLOGY"[VARCHAR2,200], 
       "B"."RAM_PROFILE"[VARCHAR2,240], "B"."MANUAL_REFRESH"[VARCHAR2,88]
   9 - (#keys=0) "B"."SCENARIO_ALGORITHM"[VARCHAR2,40], 
       "B"."RISK_ASSESSMENT_METHODOLOGY"[VARCHAR2,200], "B"."RAM_PROFILE"[VARCHAR2,240], 
       "B"."MANUAL_REFRESH"[VARCHAR2,88]
  10 - "B"."SCENARIO_ALGORITHM"[VARCHAR2,40], "B"."RISK_ASSESSMENT_METHODOLOGY"[VARCHAR2,200], 
       "B"."RAM_PROFILE"[VARCHAR2,240], "B"."MANUAL_REFRESH"[VARCHAR2,88], "B"."OBJECT_ID"[VARCHAR2,400]
  11 - "B".ROWID[ROWID,10], "B"."OBJECT_ID"[VARCHAR2,400]
										</code></pre>
								</section>
						</div>
					</div>

				<!-- Sidebar -->
				<div id="sidebar">
					<div class="inner">
						<!-- Menu -->
						<nav id="menu">
							<header class="major">
								<h2>Menu</h2>
							</header>
							<ul>
								<li><a href="../index.html">Module List</a></li>
								<li><a href="index.html">Summary</a></li>
								<li>
									<span class="opener">DB Analysis</span>
									<ul>
										<li><a href="bad-sql.html">Bad SQL</a></li>
										<li><a href="poor-sql.html">Poor SQL Plan</a></li>
										<li><a href="invalid-sql.html">Invalid SQL</a></li>
										<li><a href="full-sql.html">Full SQL Report</a></li>
										<li><a href="table-nil-key.html">Primary/Unique Key Miss</a></li>
										<li><a href="invalid-db-object.html">Invalid DB Objects</a></li>
									</ul>
								</li>
								<li>
									<span class="opener">Infolets</span>
									<ul>
										<li><a href="keep-history-infolets.html">Keep History Infolets</a></li>
									</ul>
								</li>
								<li>
									<span class="opener">Pushforms</span>
									<ul>
										<li><a href="pushform-denormalize.html">Pushform Denormalized</a></li>
									</ul>
								</li>
							</ul>
						</nav>

						<!-- Section -->
						<section>
							<header class="major">
								<h2>Get in touch</h2>
							</header>
							<p>You need more details on the report or want more functionality, don't hesitate to reach out to us.</p>
							<ul class="contact">
								<li class="fa-envelope-o"><a href="mailto:rnd@metricstream.com?Subject=Reg - Static Code Analysis Tool" target="_top">rnd@metricstream.com</a></li>
							</ul>
						</section>

						<!-- Footer -->
						<footer id="footer">
							<p class="copyright">&copy; <a href="http://www.metricstream.com" target="_blank">MetricStream</a>. All rights reserved. </p>
						</footer>
					</div>
				</div>
			</div>

		<!-- Scripts -->
			<script src="../../lib/assets/js/jquery.min.js"></script>
			<script src="../../lib/assets/js/skel.min.js"></script>
			<script src="../../lib/assets/js/util.js"></script>
			<!--[if lte IE 8]><script src="../../lib/assets/js/ie/respond.min.js"></script><![endif]-->
			<script src="../../lib/assets/js/main.js"></script>
	</body>
</html>