<!DOCTYPE HTML>
<html>
	<head>
		<title>Code Analysis - MetricStream</title>
		<meta charset="utf-8" />
		<meta name="viewport" content="width=device-width, initial-scale=1, user-scalable=no" />
		<!--[if lte IE 8]><script src="../../lib/assets/js/ie/html5shiv.js"></script><![endif]-->
		<link rel="stylesheet" href="../../lib/assets/css/main.css" />
		<!--[if lte IE 9]><link rel="stylesheet" href="../../lib/assets/css/ie9.css" /><![endif]-->
		<!--[if lte IE 8]><link rel="stylesheet" href="../../lib/assets/css/ie8.css" /><![endif]-->
	</head>
	<body>

		<!-- Wrapper -->
			<div id="wrapper">

				<!-- Main -->
					<div id="main">
						<div class="inner">
							<!-- Header -->
								<header id="header">
									<a href="index.html" class="logo"><strong>Static Code Analysis Report</strong> by Code Analyzer Tool</a>
								</header>

							<!-- Content -->
								<section>
									<!-- Content -->
										<header class="major"><h2>Infolet Details</h2></header>
										<div class="table-wrapper">
											<table>
												<tbody>
													<tr>
														<td><b>Name</b></td>
														<td>MS_RSK_SF_SCENARIO (102585)</td>
													</tr>
													<tr>
														<td><b>SQL</b></td>
														<td><pre><code>select distinct z.object_name,z.scenario_id from ms_rsk_scenarios_scn z
where 1 < (
SELECT  count(a.object_id) 
FROM MS_RSK_QNT_ASMT_FCTR a,MS_RSK_QNT_ASMT_FCTR_RSE b
WHERE UPPER( a.control_scoring) = 'YES'
and a.object_id = b.object_id                       
and exists (select risk_categories,Object_id,Scenario_id from MS_RSK_SCENARIOS_RSc c
where c.scenario_id=z.scenario_id
and c.risk_categories=b.risk_category
)
)</code></pre></td>
													</tr>
													<tr>
														<td><b>Description</b></td>
														<td>null</td>
													</tr>
												</tbody>
											</table>
										</div>

										<h2 align="center" id="content">Analysis Report</h2>
										<hr>

<header class="major"><h2>Plan hash value: 3796264214</h2></header><pre><code>
 
---------------------------------------------------------------------------------------------------------------
| Id  | Operation                       | Name                        | Rows  | Bytes | Cost (%CPU)| Time     |
---------------------------------------------------------------------------------------------------------------
|   0 | SELECT STATEMENT                |                             |     1 |    48 |    24   (5)| 00:00:01 |
|   1 |  SORT UNIQUE                    |                             |     1 |    48 |    24   (5)| 00:00:01 |
|*  2 |   FILTER                        |                             |       |       |            |          |
<font style="background-color: lightblue; color: red">|   3 |    TABLE ACCESS FULL            | MS_RSK_SCENARIOS_SCN        |    13 |   624 |     3   (0)| 00:00:01 |</font>
|   4 |    SORT AGGREGATE               |                             |     1 |    31 |            |          |
|   5 |     NESTED LOOPS                |                             |     1 |    31 |     2   (0)| 00:00:01 |
|   6 |      NESTED LOOPS               |                             |     2 |    31 |     2   (0)| 00:00:01 |
|*  7 |       INDEX FULL SCAN           | MS_RSK_QNT_ASMT_FCTR_RSE_UK |     2 |    30 |     1   (0)| 00:00:01 |
|*  8 |        INDEX RANGE SCAN         | MS_RSK_SCENARIOS_RSC_UK     |     1 |    14 |     1   (0)| 00:00:01 |
|*  9 |       INDEX UNIQUE SCAN         | MS_RSK_QNT_ASMT_FCTR_PK     |     1 |       |     1   (0)| 00:00:01 |
|* 10 |      TABLE ACCESS BY INDEX ROWID| MS_RSK_QNT_ASMT_FCTR        |     1 |    16 |     1   (0)| 00:00:01 |
---------------------------------------------------------------------------------------------------------------
 
</code></pre><header class="major"><h2>Query Block Name / Object Alias (identified by operation id):</h2></header><pre><code>
 
   1 - SEL$1
   3 - SEL$1 / Z@SEL$1
   4 - SEL$2
   7 - SEL$2 / B@SEL$2
   8 - SEL$3 / C@SEL$3
   9 - SEL$2 / A@SEL$2
  10 - SEL$2 / A@SEL$2
 
</code></pre><header class="major"><h2>Predicate Information (identified by operation id):</h2></header><pre><code>
 
   2 - filter( (SELECT COUNT(*) FROM "MS_RSK_QNT_ASMT_FCTR_RSE" "B","MS_RSK_QNT_ASMT_FCTR" "A" WHERE 
              "A"."OBJECT_ID"="B"."OBJECT_ID" AND UPPER("A"."CONTROL_SCORING")='YES' AND  EXISTS (SELECT 0 FROM 
              "MS_RSK_SCENARIOS_RSC" "C" WHERE "C"."RISK_CATEGORIES"=:B1 AND "C"."SCENARIO_ID"=:B2))>1)
   7 - filter( EXISTS (SELECT 0 FROM "MS_RSK_SCENARIOS_RSC" "C" WHERE "C"."RISK_CATEGORIES"=:B1 AND 
              "C"."SCENARIO_ID"=:B2))
   8 - access("C"."RISK_CATEGORIES"=:B1 AND "C"."SCENARIO_ID"=:B2)
       filter("C"."SCENARIO_ID"=:B1)
   9 - access("A"."OBJECT_ID"="B"."OBJECT_ID")
  10 - filter(UPPER("A"."CONTROL_SCORING")='YES')
 
</code></pre><header class="major"><h2>Column Projection Information (identified by operation id):</h2></header><pre><code>
 
   1 - (#keys=2) "Z"."OBJECT_NAME"[VARCHAR2,800], "Z"."SCENARIO_ID"[VARCHAR2,400]
   2 - "Z"."OBJECT_NAME"[VARCHAR2,800], "Z"."SCENARIO_ID"[VARCHAR2,400]
   3 - "Z"."OBJECT_NAME"[VARCHAR2,800], "Z"."SCENARIO_ID"[VARCHAR2,400]
   4 - (#keys=0) COUNT(*)[22]
   5 - (#keys=0) 
   6 - (#keys=0) "A".ROWID[ROWID,10]
   7 - "B"."OBJECT_ID"[VARCHAR2,400]
   8 - "C"."RISK_CATEGORIES"[VARCHAR2,4000], "C"."SCENARIO_ID"[VARCHAR2,400]
   9 - "A".ROWID[ROWID,10]
										</code></pre>
								</section>
						</div>
					</div>

				<!-- Sidebar -->
				<div id="sidebar">
					<div class="inner">
						<!-- Menu -->
						<nav id="menu">
							<header class="major">
								<h2>Menu</h2>
							</header>
							<ul>
								<li><a href="../index.html">Module List</a></li>
								<li><a href="index.html">Summary</a></li>
								<li>
									<span class="opener">DB Analysis</span>
									<ul>
										<li><a href="bad-sql.html">Bad SQL</a></li>
										<li><a href="poor-sql.html">Poor SQL Plan</a></li>
										<li><a href="invalid-sql.html">Invalid SQL</a></li>
										<li><a href="full-sql.html">Full SQL Report</a></li>
										<li><a href="table-nil-key.html">Primary/Unique Key Miss</a></li>
										<li><a href="invalid-db-object.html">Invalid DB Objects</a></li>
									</ul>
								</li>
								<li>
									<span class="opener">Infolets</span>
									<ul>
										<li><a href="keep-history-infolets.html">Keep History Infolets</a></li>
									</ul>
								</li>
								<li>
									<span class="opener">Pushforms</span>
									<ul>
										<li><a href="pushform-denormalize.html">Pushform Denormalized</a></li>
									</ul>
								</li>
							</ul>
						</nav>

						<!-- Section -->
						<section>
							<header class="major">
								<h2>Get in touch</h2>
							</header>
							<p>You need more details on the report or want more functionality, don't hesitate to reach out to us.</p>
							<ul class="contact">
								<li class="fa-envelope-o"><a href="mailto:rnd@metricstream.com?Subject=Reg - Static Code Analysis Tool" target="_top">rnd@metricstream.com</a></li>
							</ul>
						</section>

						<!-- Footer -->
						<footer id="footer">
							<p class="copyright">&copy; <a href="http://www.metricstream.com" target="_blank">MetricStream</a>. All rights reserved. </p>
						</footer>
					</div>
				</div>
			</div>

		<!-- Scripts -->
			<script src="../../lib/assets/js/jquery.min.js"></script>
			<script src="../../lib/assets/js/skel.min.js"></script>
			<script src="../../lib/assets/js/util.js"></script>
			<!--[if lte IE 8]><script src="../../lib/assets/js/ie/respond.min.js"></script><![endif]-->
			<script src="../../lib/assets/js/main.js"></script>
	</body>
</html>