<!DOCTYPE HTML>
<html>
	<head>
		<title>Code Analysis - MetricStream</title>
		<meta charset="utf-8" />
		<meta name="viewport" content="width=device-width, initial-scale=1, user-scalable=no" />
		<!--[if lte IE 8]><script src="../../lib/assets/js/ie/html5shiv.js"></script><![endif]-->
		<link rel="stylesheet" href="../../lib/assets/css/main.css" />
		<!--[if lte IE 9]><link rel="stylesheet" href="../../lib/assets/css/ie9.css" /><![endif]-->
		<!--[if lte IE 8]><link rel="stylesheet" href="../../lib/assets/css/ie8.css" /><![endif]-->
	</head>
	<body>

		<!-- Wrapper -->
			<div id="wrapper">

				<!-- Main -->
					<div id="main">
						<div class="inner">
							<!-- Header -->
								<header id="header">
									<a href="index.html" class="logo"><strong>Static Code Analysis Report</strong> by Code Analyzer Tool</a>
								</header>

							<!-- Content -->
								<section>
									<!-- Content -->
										<header class="major"><h2>Infolet Details</h2></header>
										<div class="table-wrapper">
											<table>
												<tbody>
													<tr>
														<td><b>Name</b></td>
														<td>MS_RSK_RAM_GET_NAMES_IDS_STRING (102452)</td>
													</tr>
													<tr>
														<td><b>SQL</b></td>
														<td><pre><code>SELECT SCORE,RATING FROM ((SELECT MS_JOIN_FOR_DISPLAY(SCORE_RTG) SCORE,
  MS_JOIN_FOR_DISPLAY(RESPONSE_RTG) RATING
FROM
  (SELECT SCORE_RTG,
    RESPONSE_RTG
  FROM MS_RSK_QNT_ASMT_FCTR_RTG
  WHERE OBJECT_ID=:1
  ORDER BY SCORE_RTG
  ))
UNION
(SELECT MS_JOIN_FOR_DISPLAY(SCR_SCORE) SCORE,
  MS_JOIN_FOR_DISPLAY(RATING) RATING
FROM
  (SELECT SCR_SCORE,
    RATING
  FROM MS_RSK_QNT_ASMT_FCTR_SCR
  WHERE OBJECT_ID=:1
  ORDER BY SCR_SCORE
  ))
  UNION
(SELECT MS_JOIN_FOR_DISPLAY(MNR_SCORE) SCORE,
  MS_JOIN_FOR_DISPLAY(RESPONSE) RATING
FROM
  (SELECT MNR_SCORE,
    RESPONSE
  FROM MS_RSK_QNT_ASMT_FCTR_MNR
  WHERE OBJECT_ID=:1
  ORDER BY MNR_SCORE
  ))) WHERE SCORE IS NOT NULL AND RATING IS NOT NULL</code></pre></td>
													</tr>
													<tr>
														<td><b>Description</b></td>
														<td>MS_RSK_RAM_GET_NAMES_IDS_STRING</td>
													</tr>
												</tbody>
											</table>
										</div>

										<h2 align="center" id="content">Analysis Report</h2>
										<hr>

<header class="major"><h2>Plan hash value: 184231826</h2></header><pre><code>
 
------------------------------------------------------------------------------------------------------------------
| Id  | Operation                          | Name                        | Rows  | Bytes | Cost (%CPU)| Time     |
------------------------------------------------------------------------------------------------------------------
|   0 | SELECT STATEMENT                   |                             |     3 | 12012 |     9  (67)| 00:00:01 |
|   1 |  VIEW                              |                             |     3 | 12012 |     9  (67)| 00:00:01 |
|   2 |   SORT UNIQUE                      |                             |     3 |   645 |     9  (67)| 00:00:01 |
|   3 |    UNION-ALL                       |                             |       |       |            |          |
|*  4 |     FILTER                         |                             |       |       |            |          |
|   5 |      SORT AGGREGATE                |                             |     1 |   215 |     3  (67)| 00:00:01 |
|   6 |       VIEW                         |                             |     4 |   860 |     2  (50)| 00:00:01 |
|   7 |        SORT ORDER BY               |                             |     4 |    80 |     2  (50)| 00:00:01 |
|   8 |         TABLE ACCESS BY INDEX ROWID| MS_RSK_QNT_ASMT_FCTR_RTG    |     4 |    80 |     1   (0)| 00:00:01 |
<font style="background-color: lightblue; color: red">|*  9 |          INDEX SKIP SCAN           | MS_RSK_QNT_ASMT_FCTR_RTG_UK |     4 |       |     1   (0)| 00:00:01 |</font>
|* 10 |     FILTER                         |                             |       |       |            |          |
|  11 |      SORT AGGREGATE                |                             |     1 |   215 |     3  (67)| 00:00:01 |
|  12 |       VIEW                         |                             |     5 |  1075 |     2  (50)| 00:00:01 |
|  13 |        SORT ORDER BY               |                             |     5 |   120 |     2  (50)| 00:00:01 |
|  14 |         TABLE ACCESS BY INDEX ROWID| MS_RSK_QNT_ASMT_FCTR_SCR    |     5 |   120 |     1   (0)| 00:00:01 |
<font style="background-color: lightblue; color: red">|* 15 |          INDEX SKIP SCAN           | MS_RSK_QNT_ASMT_FCTR_SCR_UK |     5 |       |     1   (0)| 00:00:01 |</font>
|* 16 |     FILTER                         |                             |       |       |            |          |
|  17 |      SORT AGGREGATE                |                             |     1 |   215 |     3  (67)| 00:00:01 |
|  18 |       VIEW                         |                             |     3 |   645 |     2  (50)| 00:00:01 |
|  19 |        SORT ORDER BY               |                             |     3 |    63 |     2  (50)| 00:00:01 |
|  20 |         TABLE ACCESS BY INDEX ROWID| MS_RSK_QNT_ASMT_FCTR_MNR    |     3 |    63 |     1   (0)| 00:00:01 |
<font style="background-color: lightblue; color: red">|* 21 |          INDEX SKIP SCAN           | MS_RSK_QNT_ASMT_FCTR_MNR_UK |     3 |       |     1   (0)| 00:00:01 |</font>
------------------------------------------------------------------------------------------------------------------
 
</code></pre><header class="major"><h2>Query Block Name / Object Alias (identified by operation id):</h2></header><pre><code>
 
   1 - SET$1 / from$_subquery$_001@SEL$1
   2 - SET$1
   4 - SEL$2
   6 - SEL$3 / from$_subquery$_002@SEL$2
   7 - SEL$3
   8 - SEL$3 / MS_RSK_QNT_ASMT_FCTR_RTG@SEL$3
   9 - SEL$3 / MS_RSK_QNT_ASMT_FCTR_RTG@SEL$3
  10 - SEL$4
  12 - SEL$5 / from$_subquery$_004@SEL$4
  13 - SEL$5
  14 - SEL$5 / MS_RSK_QNT_ASMT_FCTR_SCR@SEL$5
  15 - SEL$5 / MS_RSK_QNT_ASMT_FCTR_SCR@SEL$5
  16 - SEL$6
  18 - SEL$7 / from$_subquery$_006@SEL$6
  19 - SEL$7
  20 - SEL$7 / MS_RSK_QNT_ASMT_FCTR_MNR@SEL$7
  21 - SEL$7 / MS_RSK_QNT_ASMT_FCTR_MNR@SEL$7
 
</code></pre><header class="major"><h2>Predicate Information (identified by operation id):</h2></header><pre><code>
 
   4 - filter("MS_JOIN_FOR_DISPLAY"(TO_CHAR("SCORE_RTG")) IS NOT NULL AND 
              "MS_JOIN_FOR_DISPLAY"("RESPONSE_RTG") IS NOT NULL)
   9 - access("OBJECT_ID"=:1)
       filter("OBJECT_ID"=:1)
  10 - filter("MS_JOIN_FOR_DISPLAY"(TO_CHAR("SCR_SCORE")) IS NOT NULL AND "MS_JOIN_FOR_DISPLAY"("RATING") 
              IS NOT NULL)
  15 - access("OBJECT_ID"=:1)
       filter("OBJECT_ID"=:1)
  16 - filter("MS_JOIN_FOR_DISPLAY"(TO_CHAR("MNR_SCORE")) IS NOT NULL AND 
              "MS_JOIN_FOR_DISPLAY"("RESPONSE") IS NOT NULL)
  21 - access("OBJECT_ID"=:1)
       filter("OBJECT_ID"=:1)
 
</code></pre><header class="major"><h2>Column Projection Information (identified by operation id):</h2></header><pre><code>
 
   1 - "SCORE"[VARCHAR2,4000], "RATING"[VARCHAR2,4000]
   2 - (#keys=2) STRDEF[4000], STRDEF[4000]
   3 - STRDEF[4000], STRDEF[4000]
   4 - "MS_JOIN_FOR_DISPLAY"(TO_CHAR("SCORE_RTG"))[4000], "MS_JOIN_FOR_DISPLAY"("RESPONSE_RTG")[4000]
   5 - (#keys=0) "MS_JOIN_FOR_DISPLAY"(TO_CHAR("SCORE_RTG"))[4000], 
       "MS_JOIN_FOR_DISPLAY"("RESPONSE_RTG")[4000]
   6 - "SCORE_RTG"[NUMBER,22], "RESPONSE_RTG"[VARCHAR2,400]
   7 - (#keys=1) "SCORE_RTG"[NUMBER,22], "RESPONSE_RTG"[VARCHAR2,400]
   8 - "RESPONSE_RTG"[VARCHAR2,400], "SCORE_RTG"[NUMBER,22]
   9 - "MS_RSK_QNT_ASMT_FCTR_RTG".ROWID[ROWID,10]
  10 - "MS_JOIN_FOR_DISPLAY"(TO_CHAR("SCR_SCORE"))[4000], "MS_JOIN_FOR_DISPLAY"("RATING")[4000]
  11 - (#keys=0) "MS_JOIN_FOR_DISPLAY"(TO_CHAR("SCR_SCORE"))[4000], "MS_JOIN_FOR_DISPLAY"("RATING")[4000]
  12 - "SCR_SCORE"[NUMBER,22], "RATING"[VARCHAR2,400]
  13 - (#keys=1) "SCR_SCORE"[NUMBER,22], "RATING"[VARCHAR2,400]
  14 - "SCR_SCORE"[NUMBER,22], "RATING"[VARCHAR2,400]
  15 - "MS_RSK_QNT_ASMT_FCTR_SCR".ROWID[ROWID,10]
  16 - "MS_JOIN_FOR_DISPLAY"(TO_CHAR("MNR_SCORE"))[4000], "MS_JOIN_FOR_DISPLAY"("RESPONSE")[4000]
  17 - (#keys=0) "MS_JOIN_FOR_DISPLAY"(TO_CHAR("MNR_SCORE"))[4000], 
       "MS_JOIN_FOR_DISPLAY"("RESPONSE")[4000]
  18 - "MNR_SCORE"[NUMBER,22], "RESPONSE"[VARCHAR2,400]
  19 - (#keys=1) "MNR_SCORE"[NUMBER,22], "RESPONSE"[VARCHAR2,400]
  20 - "RESPONSE"[VARCHAR2,400], "MNR_SCORE"[NUMBER,22]
  21 - "MS_RSK_QNT_ASMT_FCTR_MNR".ROWID[ROWID,10]
										</code></pre>
								</section>
						</div>
					</div>

				<!-- Sidebar -->
				<div id="sidebar">
					<div class="inner">
						<!-- Menu -->
						<nav id="menu">
							<header class="major">
								<h2>Menu</h2>
							</header>
							<ul>
								<li><a href="../index.html">Module List</a></li>
								<li><a href="index.html">Summary</a></li>
								<li>
									<span class="opener">DB Analysis</span>
									<ul>
										<li><a href="bad-sql.html">Bad SQL</a></li>
										<li><a href="poor-sql.html">Poor SQL Plan</a></li>
										<li><a href="invalid-sql.html">Invalid SQL</a></li>
										<li><a href="full-sql.html">Full SQL Report</a></li>
										<li><a href="table-nil-key.html">Primary/Unique Key Miss</a></li>
										<li><a href="invalid-db-object.html">Invalid DB Objects</a></li>
									</ul>
								</li>
								<li>
									<span class="opener">Infolets</span>
									<ul>
										<li><a href="keep-history-infolets.html">Keep History Infolets</a></li>
									</ul>
								</li>
								<li>
									<span class="opener">Pushforms</span>
									<ul>
										<li><a href="pushform-denormalize.html">Pushform Denormalized</a></li>
									</ul>
								</li>
							</ul>
						</nav>

						<!-- Section -->
						<section>
							<header class="major">
								<h2>Get in touch</h2>
							</header>
							<p>You need more details on the report or want more functionality, don't hesitate to reach out to us.</p>
							<ul class="contact">
								<li class="fa-envelope-o"><a href="mailto:rnd@metricstream.com?Subject=Reg - Static Code Analysis Tool" target="_top">rnd@metricstream.com</a></li>
							</ul>
						</section>

						<!-- Footer -->
						<footer id="footer">
							<p class="copyright">&copy; <a href="http://www.metricstream.com" target="_blank">MetricStream</a>. All rights reserved. </p>
						</footer>
					</div>
				</div>
			</div>

		<!-- Scripts -->
			<script src="../../lib/assets/js/jquery.min.js"></script>
			<script src="../../lib/assets/js/skel.min.js"></script>
			<script src="../../lib/assets/js/util.js"></script>
			<!--[if lte IE 8]><script src="../../lib/assets/js/ie/respond.min.js"></script><![endif]-->
			<script src="../../lib/assets/js/main.js"></script>
	</body>
</html>