<!DOCTYPE HTML>
<html>
	<head>
		<title>Code Analysis - MetricStream</title>
		<meta charset="utf-8" />
		<meta name="viewport" content="width=device-width, initial-scale=1, user-scalable=no" />
		<!--[if lte IE 8]><script src="../../lib/assets/js/ie/html5shiv.js"></script><![endif]-->
		<link rel="stylesheet" href="../../lib/assets/css/main.css" />
		<!--[if lte IE 9]><link rel="stylesheet" href="../../lib/assets/css/ie9.css" /><![endif]-->
		<!--[if lte IE 8]><link rel="stylesheet" href="../../lib/assets/css/ie8.css" /><![endif]-->
	</head>
	<body>

		<!-- Wrapper -->
			<div id="wrapper">

				<!-- Main -->
					<div id="main">
						<div class="inner">
							<!-- Header -->
								<header id="header">
									<a href="index.html" class="logo"><strong>Static Code Analysis Report</strong> by Code Analyzer Tool</a>
								</header>

							<!-- Content -->
								<section>
									<!-- Content -->
										<header class="major"><h2>Infolet Details</h2></header>
										<div class="table-wrapper">
											<table>
												<tbody>
													<tr>
														<td><b>Name</b></td>
														<td>MS_RSK_PARENT_FILTER (102406)</td>
													</tr>
													<tr>
														<td><b>SQL</b></td>
														<td><pre><code>select distinct CORE_OBJECT_NAME,CORE_OBJECT_ID from  Ms_Rsk_Hm_Master where core_object_id in (SELECT DISTINCT (
  CASE
    WHEN CORE_OBJECT_ID LIKE '%OBJC%'
    THEN
      (SELECT parent_objective_name
      FROM ms_grc_objectives
      WHERE object_id=CORE_OBJECT_ID
      )
    ELSE
      CASE
        WHEN CORE_OBJECT_ID LIKE '%RQMT%'
        THEN
          (SELECT object_parent FROM ms_grc_requirement WHERE object_id= CORE_OBJECT_ID
          )
        ELSE
          CASE
            WHEN CORE_OBJECT_ID LIKE '%RQMT%'
            THEN
              (SELECT object_parent FROM ms_grc_product WHERE object_id= CORE_OBJECT_ID
              )
            ELSE
              (SELECT object_parent FROM MS_GRC_CORE_OBJECT WHERE object_id= CORE_OBJECT_ID
              )
          END
      END
  END) AS CO_Owner
FROM Ms_Rsk_Hm_Master )</code></pre></td>
													</tr>
													<tr>
														<td><b>Description</b></td>
														<td>This infolet is using in Risk Exposure report filter</td>
													</tr>
												</tbody>
											</table>
										</div>

										<h2 align="center" id="content">Analysis Report</h2>
										<hr>

<header class="major"><h2>Plan hash value: 4099903015</h2></header><pre><code>
 
-------------------------------------------------------------------------------------------------------
| Id  | Operation                     | Name                  | Rows  | Bytes | Cost (%CPU)| Time     |
-------------------------------------------------------------------------------------------------------
|   0 | SELECT STATEMENT              |                       |   139 |  5699 |    51   (2)| 00:00:01 |
|   1 |  SORT UNIQUE                  |                       |   139 |  5699 |    51   (2)| 00:00:01 |
|*  2 |   FILTER                      |                       |       |       |            |          |
<font style="background-color: lightblue; color: red">|   3 |    MERGE JOIN CARTESIAN       |                       |  1089 | 44649 |    49   (0)| 00:00:01 |</font>
<font style="background-color: lightblue; color: red">|   4 |     TABLE ACCESS FULL         | MS_RSK_HM_MASTER      |    33 |   264 |     3   (0)| 00:00:01 |</font>
|   5 |     BUFFER SORT               |                       |    33 |  1089 |    46   (0)| 00:00:01 |
<font style="background-color: lightblue; color: red">|   6 |      TABLE ACCESS FULL        | MS_RSK_HM_MASTER      |    33 |  1089 |     1   (0)| 00:00:01 |</font>
|   7 |    TABLE ACCESS BY INDEX ROWID| MS_GRC_OBJECTIVES     |     1 |   497 |     1   (0)| 00:00:01 |
|*  8 |     INDEX UNIQUE SCAN         | MS_GRC_OBJECTIVES_PK  |     1 |       |     1   (0)| 00:00:01 |
|   9 |    TABLE ACCESS BY INDEX ROWID| MS_GRC_REQUIREMENT    |     1 |   732 |     1   (0)| 00:00:01 |
|* 10 |     INDEX UNIQUE SCAN         | MS_GRC_REQUIREMENT_PK |     1 |       |     1   (0)| 00:00:01 |
|  11 |    TABLE ACCESS BY INDEX ROWID| MS_GRC_PRODUCT        |     1 |    28 |     1   (0)| 00:00:01 |
|* 12 |     INDEX UNIQUE SCAN         | MS_GRC_PRODUCT_PK     |     1 |       |     1   (0)| 00:00:01 |
|  13 |    TABLE ACCESS BY INDEX ROWID| MS_GRC_CORE_OBJECT    |     1 |    26 |     1   (0)| 00:00:01 |
|* 14 |     INDEX UNIQUE SCAN         | MS_GRC_CORE_OBJECT_PK |     1 |       |     1   (0)| 00:00:01 |
-------------------------------------------------------------------------------------------------------
 
</code></pre><header class="major"><h2>Query Block Name / Object Alias (identified by operation id):</h2></header><pre><code>
 
   1 - SEL$5DA710D3
   4 - SEL$5DA710D3 / MS_RSK_HM_MASTER@SEL$2
   6 - SEL$5DA710D3 / MS_RSK_HM_MASTER@SEL$1
   7 - SEL$3        / MS_GRC_OBJECTIVES@SEL$3
   8 - SEL$3        / MS_GRC_OBJECTIVES@SEL$3
   9 - SEL$4        / MS_GRC_REQUIREMENT@SEL$4
  10 - SEL$4        / MS_GRC_REQUIREMENT@SEL$4
  11 - SEL$5        / MS_GRC_PRODUCT@SEL$5
  12 - SEL$5        / MS_GRC_PRODUCT@SEL$5
  13 - SEL$6        / MS_GRC_CORE_OBJECT@SEL$6
  14 - SEL$6        / MS_GRC_CORE_OBJECT@SEL$6
 
</code></pre><header class="major"><h2>Predicate Information (identified by operation id):</h2></header><pre><code>
 
   2 - filter("CORE_OBJECT_ID"=CASE  WHEN ("CORE_OBJECT_ID" LIKE '%OBJC%') THEN  (SELECT 
              "PARENT_OBJECTIVE_NAME" FROM "MS_GRC_OBJECTIVES" "MS_GRC_OBJECTIVES" WHERE "OBJECT_ID"=:B1) 
              ELSE CASE  WHEN ("CORE_OBJECT_ID" LIKE '%RQMT%') THEN  (SELECT "OBJECT_PARENT" FROM 
              "MS_GRC_REQUIREMENT" "MS_GRC_REQUIREMENT" WHERE "OBJECT_ID"=:B2) ELSE CASE  WHEN 
              ("CORE_OBJECT_ID" LIKE '%RQMT%') THEN  (SELECT "OBJECT_PARENT" FROM "MS_GRC_PRODUCT" 
              "MS_GRC_PRODUCT" WHERE "OBJECT_ID"=:B3) ELSE  (SELECT "OBJECT_PARENT" FROM 
              "MS_GRC_CORE_OBJECT" "MS_GRC_CORE_OBJECT" WHERE "OBJECT_ID"=:B4) END  END  END )
   8 - access("OBJECT_ID"=:B1)
  10 - access("OBJECT_ID"=:B1)
  12 - access("OBJECT_ID"=:B1)
  14 - access("OBJECT_ID"=:B1)
 
</code></pre><header class="major"><h2>Column Projection Information (identified by operation id):</h2></header><pre><code>
 
   1 - (#keys=2) "CORE_OBJECT_NAME"[VARCHAR2,4000], "CORE_OBJECT_ID"[VARCHAR2,400]
   2 - "CORE_OBJECT_ID"[VARCHAR2,400], "CORE_OBJECT_NAME"[VARCHAR2,4000]
   3 - (#keys=0) "CORE_OBJECT_ID"[VARCHAR2,400], "CORE_OBJECT_ID"[VARCHAR2,400], 
       "CORE_OBJECT_NAME"[VARCHAR2,4000]
   4 - "CORE_OBJECT_ID"[VARCHAR2,400]
   5 - (#keys=0) "CORE_OBJECT_ID"[VARCHAR2,400], "CORE_OBJECT_NAME"[VARCHAR2,4000]
   6 - "CORE_OBJECT_ID"[VARCHAR2,400], "CORE_OBJECT_NAME"[VARCHAR2,4000]
   7 - "MS_GRC_OBJECTIVES".ROWID[ROWID,10], "PARENT_OBJECTIVE_NAME"[VARCHAR2,4000]
   8 - "MS_GRC_OBJECTIVES".ROWID[ROWID,10]
   9 - "MS_GRC_REQUIREMENT".ROWID[ROWID,10], "OBJECT_PARENT"[VARCHAR2,4000]
  10 - "MS_GRC_REQUIREMENT".ROWID[ROWID,10]
  11 - "MS_GRC_PRODUCT".ROWID[ROWID,10], "OBJECT_PARENT"[VARCHAR2,4000]
  12 - "MS_GRC_PRODUCT".ROWID[ROWID,10]
  13 - "MS_GRC_CORE_OBJECT".ROWID[ROWID,10], "OBJECT_PARENT"[VARCHAR2,400]
  14 - "MS_GRC_CORE_OBJECT".ROWID[ROWID,10]
										</code></pre>
								</section>
						</div>
					</div>

				<!-- Sidebar -->
				<div id="sidebar">
					<div class="inner">
						<!-- Menu -->
						<nav id="menu">
							<header class="major">
								<h2>Menu</h2>
							</header>
							<ul>
								<li><a href="../index.html">Module List</a></li>
								<li><a href="index.html">Summary</a></li>
								<li>
									<span class="opener">DB Analysis</span>
									<ul>
										<li><a href="bad-sql.html">Bad SQL</a></li>
										<li><a href="poor-sql.html">Poor SQL Plan</a></li>
										<li><a href="invalid-sql.html">Invalid SQL</a></li>
										<li><a href="full-sql.html">Full SQL Report</a></li>
										<li><a href="table-nil-key.html">Primary/Unique Key Miss</a></li>
										<li><a href="invalid-db-object.html">Invalid DB Objects</a></li>
									</ul>
								</li>
								<li>
									<span class="opener">Infolets</span>
									<ul>
										<li><a href="keep-history-infolets.html">Keep History Infolets</a></li>
									</ul>
								</li>
								<li>
									<span class="opener">Pushforms</span>
									<ul>
										<li><a href="pushform-denormalize.html">Pushform Denormalized</a></li>
									</ul>
								</li>
							</ul>
						</nav>

						<!-- Section -->
						<section>
							<header class="major">
								<h2>Get in touch</h2>
							</header>
							<p>You need more details on the report or want more functionality, don't hesitate to reach out to us.</p>
							<ul class="contact">
								<li class="fa-envelope-o"><a href="mailto:rnd@metricstream.com?Subject=Reg - Static Code Analysis Tool" target="_top">rnd@metricstream.com</a></li>
							</ul>
						</section>

						<!-- Footer -->
						<footer id="footer">
							<p class="copyright">&copy; <a href="http://www.metricstream.com" target="_blank">MetricStream</a>. All rights reserved. </p>
						</footer>
					</div>
				</div>
			</div>

		<!-- Scripts -->
			<script src="../../lib/assets/js/jquery.min.js"></script>
			<script src="../../lib/assets/js/skel.min.js"></script>
			<script src="../../lib/assets/js/util.js"></script>
			<!--[if lte IE 8]><script src="../../lib/assets/js/ie/respond.min.js"></script><![endif]-->
			<script src="../../lib/assets/js/main.js"></script>
	</body>
</html>