<!DOCTYPE HTML>
<html>
	<head>
		<title>Code Analysis - MetricStream</title>
		<meta charset="utf-8" />
		<meta name="viewport" content="width=device-width, initial-scale=1, user-scalable=no" />
		<!--[if lte IE 8]><script src="../../lib/assets/js/ie/html5shiv.js"></script><![endif]-->
		<link rel="stylesheet" href="../../lib/assets/css/main.css" />
		<!--[if lte IE 9]><link rel="stylesheet" href="../../lib/assets/css/ie9.css" /><![endif]-->
		<!--[if lte IE 8]><link rel="stylesheet" href="../../lib/assets/css/ie8.css" /><![endif]-->
	</head>
	<body>

		<!-- Wrapper -->
			<div id="wrapper">

				<!-- Main -->
					<div id="main">
						<div class="inner">
							<!-- Header -->
								<header id="header">
									<a href="index.html" class="logo"><strong>Static Code Analysis Report</strong> by Code Analyzer Tool</a>
								</header>

							<!-- Content -->
								<section>
									<!-- Content -->
										<header class="major"><h2>Infolet Details</h2></header>
										<div class="table-wrapper">
											<table>
												<tbody>
													<tr>
														<td><b>Name</b></td>
														<td>MS RSK Org Users Reviewer New (102079)</td>
													</tr>
													<tr>
														<td><b>SQL</b></td>
														<td><pre><code>SELECT  distinct USRS.user_id, USRS.user_name,
                ms_apps_utilities.get_user_full_name
                                                  (USRS.user_id)
                                                               user_full_name
  FROM SI_FLOW_DOWN_ORG_V ENT,
       SI_ORG_ROLES ORGR,
       SI_USER_ORG_ROLES UOR,
       SI_ACTIVITIES ACT,
       SI_ROLE_ACTIVITIES RACT,
	   SI_USER_ENT_ACTIVE_V ENAB,
       SI_USERS_T USRS
 WHERE ORGR.ORG_ENTITY_ID = ENT.ORG_ENTITY_ID
   and RACT.ACTIVITY_ID = ACT.ACTIVITY_ID
   AND RACT.ROLE_ID = ORGR.ROLE_ID
   AND ORGR.ORG_ROLE_ID = UOR.ORG_ROLE_ID
   AND UOR.USER_ID = USRS.USER_ID
   AND ENAB.USER_ID = USRS.USER_ID 
   AND (TRIM (activity_name) = 'RSK - Approve Risk Assessments')
</code></pre></td>
													</tr>
													<tr>
														<td><b>Description</b></td>
														<td>MS RSK Org Users Reviewer :-
A: Assessor
O: Owner</td>
													</tr>
												</tbody>
											</table>
										</div>

										<h2 align="center" id="content">Analysis Report</h2>
										<hr>

<header class="major"><h2>Plan hash value: 280290437</h2></header><pre><code>
 
----------------------------------------------------------------------------------------------------------------------------
| Id  | Operation                                     | Name                       | Rows  | Bytes | Cost (%CPU)| Time     |
----------------------------------------------------------------------------------------------------------------------------
|   0 | SELECT STATEMENT                              |                            |  1497 |   203K|    95   (7)| 00:00:02 |
|   1 |  SORT UNIQUE                                  |                            |  1497 |   203K|    95   (7)| 00:00:02 |
|*  2 |   HASH JOIN                                   |                            | 20750 |  2816K|    93   (5)| 00:00:02 |
<font style="background-color: lightblue; color: red">|   3 |    VIEW                                       | SI_FLOW_DOWN_ORG_V         |   465 |  2325 |    14  (15)| 00:00:01 |</font>
<font style="background-color: lightblue; color: red">|   4 |     TEMP TABLE TRANSFORMATION                 |                            |       |       |            |          |</font>
|   5 |      LOAD AS SELECT                           | SYS_TEMP_0FD9D662D_27E11A9 |       |       |            |          |
|*  6 |       FILTER                                  |                            |       |       |            |          |
|*  7 |        CONNECT BY NO FILTERING WITH START-WITH|                            |       |       |            |          |
|*  8 |         HASH JOIN OUTER                       |                            |    74 |  3034 |     6   (0)| 00:00:01 |
<font style="background-color: lightblue; color: red">|   9 |          TABLE ACCESS FULL                    | SI_ORG_ENTITIES_T          |    74 |  2516 |     3   (0)| 00:00:01 |</font>
<font style="background-color: lightblue; color: red">|* 10 |          TABLE ACCESS FULL                    | SI_ORG_ENTITIES_TL         |     2 |    14 |     3   (0)| 00:00:01 |</font>
|* 11 |      HASH JOIN                                |                            |   465 | 20460 |     7  (15)| 00:00:01 |
|  12 |       VIEW                                    | VW_SQ_1                    |    74 |  1924 |     4  (25)| 00:00:01 |
|  13 |        SORT GROUP BY                          |                            |    74 |  1332 |     4  (25)| 00:00:01 |
|  14 |         VIEW                                  |                            |   465 |  8370 |     3   (0)| 00:00:01 |
<font style="background-color: lightblue; color: red">|  15 |          TABLE ACCESS FULL                    | SYS_TEMP_0FD9D662D_27E11A9 |   465 | 23250 |     3   (0)| 00:00:01 |</font>
|  16 |       VIEW                                    |                            |   465 |  8370 |     3   (0)| 00:00:01 |
<font style="background-color: lightblue; color: red">|  17 |        TABLE ACCESS FULL                      | SYS_TEMP_0FD9D662D_27E11A9 |   465 | 23250 |     3   (0)| 00:00:01 |</font>
|* 18 |    HASH JOIN                                  |                            |   759 |    99K|    80   (4)| 00:00:01 |
|  19 |     VIEW                                      | SI_REGISTER_APPLICATION_V  |    40 |   520 |     7   (0)| 00:00:01 |
|  20 |      UNION-ALL                                |                            |       |       |            |          |
|* 21 |       HASH JOIN OUTER                         |                            |    39 |  1287 |     5   (0)| 00:00:01 |
<font style="background-color: lightblue; color: red">|  22 |        TABLE ACCESS FULL                      | SI_REGISTER_APPLICATION    |    39 |   273 |     3   (0)| 00:00:01 |</font>
<font style="background-color: lightblue; color: red">|* 23 |        TABLE ACCESS FULL                      | SI_REGISTER_APPLICATION_TL |     1 |    26 |     2   (0)| 00:00:01 |</font>
|  24 |       FAST DUAL                               |                            |     1 |       |     2   (0)| 00:00:01 |
|* 25 |     HASH JOIN RIGHT OUTER                     |                            |   228 | 27588 |    73   (5)| 00:00:01 |
<font style="background-color: lightblue; color: red">|* 26 |      TABLE ACCESS FULL                        | SI_ACTIVITIES_TL           |     1 |    26 |     2   (0)| 00:00:01 |</font>
|* 27 |      HASH JOIN                                |                            |   228 | 21660 |    71   (5)| 00:00:01 |
<font style="background-color: lightblue; color: red">|* 28 |       TABLE ACCESS FULL                       | SI_ACTIVITIES_T            |     4 |   148 |     5   (0)| 00:00:01 |</font>
|* 29 |       HASH JOIN                               |                            | 20621 |  1167K|    66   (5)| 00:00:01 |
|  30 |        INDEX FULL SCAN                        | SI_ROLE_ACTIVITIES_N2      |  1005 | 10050 |     2   (0)| 00:00:01 |
|* 31 |        HASH JOIN                              |                            |  1787 | 85776 |    64   (5)| 00:00:01 |
|  32 |         INDEX FULL SCAN                       | SI_ORG_ROLES_N3            |    63 |   945 |     1   (0)| 00:00:01 |
|* 33 |         HASH JOIN                             |                            |  1787 | 58971 |    63   (5)| 00:00:01 |
|  34 |          INDEX FULL SCAN                      | SI_USER_ORG_ROLES_N2       |   137 |  1370 |     1   (0)| 00:00:01 |
|  35 |          MERGE JOIN                           |                            |   600 | 13800 |    62   (5)| 00:00:01 |
|  36 |           TABLE ACCESS BY INDEX ROWID         | SI_USERS_T                 |    46 |   828 |     2   (0)| 00:00:01 |
|  37 |            INDEX FULL SCAN                    | SI_USERS_T_N1              |    46 |       |     1   (0)| 00:00:01 |
|* 38 |           SORT JOIN                           |                            |   600 |  3000 |    60   (5)| 00:00:01 |
|  39 |            VIEW                               | SI_USER_ENT_ACTIVE_V       |   600 |  3000 |    59   (4)| 00:00:01 |
|  40 |             SORT ORDER BY                     |                            |   600 |   228K|    59   (4)| 00:00:01 |
|* 41 |              FILTER                           |                            |       |       |            |          |
|* 42 |               HASH JOIN                       |                            |   613 |   233K|    12   (9)| 00:00:01 |
|  43 |                VIEW                           | SI_REGISTER_APPLICATION_V  |    40 |   520 |     7   (0)| 00:00:01 |
|  44 |                 UNION-ALL                     |                            |       |       |            |          |
|* 45 |                  HASH JOIN OUTER              |                            |    39 |  1287 |     5   (0)| 00:00:01 |
<font style="background-color: lightblue; color: red">|  46 |                   TABLE ACCESS FULL           | SI_REGISTER_APPLICATION    |    39 |   273 |     3   (0)| 00:00:01 |</font>
<font style="background-color: lightblue; color: red">|* 47 |                   TABLE ACCESS FULL           | SI_REGISTER_APPLICATION_TL |     1 |    26 |     2   (0)| 00:00:01 |</font>
|  48 |                  FAST DUAL                    |                            |     1 |       |     2   (0)| 00:00:01 |
|  49 |                MERGE JOIN                     |                            |    46 | 17342 |     5  (20)| 00:00:01 |
|  50 |                 INDEX FULL SCAN               | SI_ENT_N1                  |     1 |       |     1   (0)| 00:00:01 |
|* 51 |                 SORT JOIN                     |                            |    46 | 16606 |     4  (25)| 00:00:01 |
<font style="background-color: lightblue; color: red">|* 52 |                  TABLE ACCESS FULL            | SI_USERS_T                 |    46 | 16606 |     3   (0)| 00:00:01 |</font>
<font style="background-color: lightblue; color: red">|* 53 |               INDEX SKIP SCAN                 | SI_USER_GROUP_USERS_N1     |     1 |    13 |     1   (0)| 00:00:01 |</font>
|  54 |               NESTED LOOPS                    |                            |     1 |    57 |     2   (0)| 00:00:01 |
|  55 |                NESTED LOOPS                   |                            |     1 |    57 |     2   (0)| 00:00:01 |
<font style="background-color: lightblue; color: red">|* 56 |                 INDEX SKIP SCAN               | SI_USER_GROUP_USERS_N1     |     1 |    26 |     1   (0)| 00:00:01 |</font>
|* 57 |                 INDEX RANGE SCAN              | SI_USER_GROUPS_U1          |     1 |       |     1   (0)| 00:00:01 |
|* 58 |                TABLE ACCESS BY INDEX ROWID    | SI_USER_GROUPS             |     1 |    31 |     1   (0)| 00:00:01 |
----------------------------------------------------------------------------------------------------------------------------
 
</code></pre><header class="major"><h2>Query Block Name / Object Alias (identified by operation id):</h2></header><pre><code>
 
   1 - SEL$651CB77D
   3 - SEL$15BD0953 / ENT@SEL$1
   4 - SEL$15BD0953
   5 - SEL$2       
   8 - SEL$04B9C198
   9 - SEL$04B9C198 / T@SEL$6
  10 - SEL$04B9C198 / TL@SEL$6
  12 - SEL$0DDF58A2 / VW_SQ_1@SEL$778796C4
  13 - SEL$0DDF58A2
  14 - SEL$EC770CBA / O2@SEL$10
  15 - SEL$EC770CBA / T1@SEL$EC770CBA
  16 - SEL$EC770CBB / O1@SEL$9
  17 - SEL$EC770CBB / T1@SEL$EC770CBB
  19 - SET$2        / SRA@SEL$11
  20 - SET$2       
  21 - SEL$12      
  22 - SEL$12       / T@SEL$12
  23 - SEL$12       / TL@SEL$12
  24 - SEL$15       / DUAL@SEL$15
  26 - SEL$651CB77D / TL@SEL$11
  28 - SEL$651CB77D / T@SEL$11
  30 - SEL$651CB77D / RACT@SEL$1
  32 - SEL$651CB77D / ORGR@SEL$1
  34 - SEL$651CB77D / UOR@SEL$1
  36 - SEL$651CB77D / USRS@SEL$1
  37 - SEL$651CB77D / USRS@SEL$1
  39 - SEL$5EC70623 / ENAB@SEL$1
  40 - SEL$5EC70623
  43 - SET$3        / SRA@SEL$21
  44 - SET$3       
  45 - SEL$22      
  46 - SEL$22       / T@SEL$22
  47 - SEL$22       / TL@SEL$22
  48 - SEL$25       / DUAL@SEL$25
  50 - SEL$5EC70623 / B@SEL$20
  52 - SEL$5EC70623 / SUT@SEL$21
  53 - SEL$30       / C@SEL$30
  54 - SEL$31      
  56 - SEL$31       / D@SEL$31
  57 - SEL$31       / E@SEL$31
  58 - SEL$31       / E@SEL$31
 
</code></pre><header class="major"><h2>Predicate Information (identified by operation id):</h2></header><pre><code>
 
   2 - access("ORGR"."ORG_ENTITY_ID"="ENT"."ORG_ENTITY_ID")
   6 - filter(NVL("END_DATE",SYSDATE@!)>=SYSDATE@!)
   7 - access("PARENT_ORG_ENTITY_ID"=PRIOR "T"."ORG_ENTITY_ID")
       filter("T"."ORG_ENTITY_ID" IS NOT NULL)
   8 - access("T"."ORG_ENTITY_ID"="TL"."ORG_ENTITY_ID"(+))
  10 - filter("TL"."LOCALE_ID"(+)=TO_NUMBER("SI_DB_LOCALE_SV"."GETVALUE"()))
  11 - access("LVL"="MAX(LVL)" AND "ITEM_0"="O1"."ORG_ENTITY_ID")
  18 - access(NVL("T"."PACKAGE_ID",0)=NVL("SRA"."PACKAGE_ID",0))
  21 - access("TL"."MODULE_ID"(+)="T"."MODULE_ID")
  23 - filter("TL"."LOCALE_ID"(+)=TO_NUMBER("SI_DB_LOCALE_SV"."GETVALUE"()))
  25 - access("T"."ACTIVITY_ID"="TL"."ACTIVITY_ID"(+))
  26 - filter("TL"."LOCALE_ID"(+)=TO_NUMBER("SI_DB_LOCALE_SV"."GETVALUE"()))
  27 - access("RACT"."ACTIVITY_ID"="T"."ACTIVITY_ID")
  28 - filter(TRIM("ACTIVITY_NAME")='RSK - Approve Risk Assessments')
  29 - access("RACT"."ROLE_ID"="ORGR"."ROLE_ID")
  31 - access("ORGR"."ORG_ROLE_ID"="UOR"."ORG_ROLE_ID")
  33 - access("UOR"."USER_ID"="USRS"."USER_ID")
  38 - access("ENAB"."USER_ID"="USRS"."USER_ID")
       filter("ENAB"."USER_ID"="USRS"."USER_ID")
  41 - filter( NOT EXISTS (SELECT 0 FROM METRICSTREAM."SI_USER_GROUP_USERS" "C" WHERE "C"."USER_ID"=:B1) OR  EXISTS 
              (SELECT 0 FROM METRICSTREAM."SI_USER_GROUPS" "E",METRICSTREAM."SI_USER_GROUP_USERS" "D" WHERE "D"."USER_ID"=:B2 AND 
              "D"."USER_GROUP_ID"="E"."USER_GROUP_ID" AND "E"."START_DATE"<=SYSDATE@! AND ("E"."END_DATE" IS NULL OR 
              "E"."END_DATE">=SYSDATE@!)))
  42 - access(NVL("SUT"."PACKAGE_ID",0)=NVL("SRA"."PACKAGE_ID",0))
  45 - access("TL"."MODULE_ID"(+)="T"."MODULE_ID")
  47 - filter("TL"."LOCALE_ID"(+)=TO_NUMBER("SI_DB_LOCALE_SV"."GETVALUE"()))
  51 - access("SUT"."ENTERPRISE_ID"="B"."ENTERPRISE_ID")
       filter("SUT"."ENTERPRISE_ID"="B"."ENTERPRISE_ID")
  52 - filter("START_DATE"<=SYSDATE@! AND ("END_DATE" IS NULL OR "END_DATE">=SYSDATE@!) AND "USER_NAME" IS NOT NULL)
  53 - access("C"."USER_ID"=:B1)
       filter("C"."USER_ID"=:B1)
  56 - access("D"."USER_ID"=:B1)
       filter("D"."USER_ID"=:B1)
  57 - access("D"."USER_GROUP_ID"="E"."USER_GROUP_ID")
  58 - filter("E"."START_DATE"<=SYSDATE@! AND ("E"."END_DATE" IS NULL OR "E"."END_DATE">=SYSDATE@!))
 
</code></pre><header class="major"><h2>Column Projection Information (identified by operation id):</h2></header><pre><code>
 
   1 - (#keys=3) "USRS"."USER_ID"[NUMBER,22], "USRS"."USER_NAME"[VARCHAR2,80], 
       "MS_APPS_UTILITIES"."GET_USER_FULL_NAME"("USRS"."USER_ID")[4000]
   2 - (#keys=1) "USRS"."USER_NAME"[VARCHAR2,80], "USRS"."USER_ID"[NUMBER,22]
   3 - "ENT"."ORG_ENTITY_ID"[NUMBER,22]
   4 - "MAX(LVL)"[NUMBER,22], "LVL"[NUMBER,22], "ITEM_0"[NUMBER,22], "O1"."ORG_ENTITY_ID"[NUMBER,22]
   5 - SYSDEF[4], SYSDEF[0], SYSDEF[1], SYSDEF[96], SYSDEF[0]
   6 - "PARENT_ORG_ENTITY_ID"[NUMBER,22], "T"."ORG_ENTITY_ID"[NUMBER,22], STRDEF[400], STRDEF[22], STRDEF[7], PRIOR 
       NULL[22], LEVEL[4], SYS_CONNECT_BY_PATH(TO_CHAR("T"."ORG_ENTITY_ID"),':')[4000]
   7 - "PARENT_ORG_ENTITY_ID"[NUMBER,22], "T"."ORG_ENTITY_ID"[NUMBER,22], STRDEF[400], STRDEF[22], STRDEF[7], PRIOR 
       NULL[22], LEVEL[4], SYS_CONNECT_BY_PATH(TO_CHAR("T"."ORG_ENTITY_ID"),':')[4000]
   8 - (#keys=1) "T"."ORG_ENTITY_ID"[NUMBER,22], "TL"."ORG_ENTITY_ID"[NUMBER,22], "T"."ENTERPRISE_ID"[NUMBER,22], 
       "END_DATE"[DATE,7], "T"."ORG_ENTITY_NAME"[VARCHAR2,400], "PARENT_ORG_ENTITY_ID"[NUMBER,22], 
       "TL"."LOCALE_ID"[NUMBER,22]
   9 - "T"."ENTERPRISE_ID"[NUMBER,22], "T"."ORG_ENTITY_ID"[NUMBER,22], "T"."ORG_ENTITY_NAME"[VARCHAR2,400], 
       "PARENT_ORG_ENTITY_ID"[NUMBER,22], "END_DATE"[DATE,7]
  10 - "TL"."ORG_ENTITY_ID"[NUMBER,22], "TL"."LOCALE_ID"[NUMBER,22]
  11 - (#keys=2) "MAX(LVL)"[NUMBER,22], "LVL"[NUMBER,22], "ITEM_0"[NUMBER,22], "O1"."ORG_ENTITY_ID"[NUMBER,22]
  12 - "MAX(LVL)"[NUMBER,22], "ITEM_0"[NUMBER,22]
  13 - (#keys=1) "O2"."ORG_ENTITY_ID"[NUMBER,22], MAX("LVL")[22]
  14 - "O2"."ORG_ENTITY_ID"[NUMBER,22], "LVL"[NUMBER,22]
  15 - "C0"[NUMBER,22], "C1"[VARCHAR2,400], "C2"[NUMBER,22], "C3"[NUMBER,22], "C4"[VARCHAR2,4000]
  16 - "ORG_ENTITY_ID"[NUMBER,22], "LVL"[NUMBER,22]
  17 - "C0"[NUMBER,22], "C1"[VARCHAR2,400], "C2"[NUMBER,22], "C3"[NUMBER,22], "C4"[VARCHAR2,4000]
  18 - (#keys=1) "USRS"."USER_NAME"[VARCHAR2,80], "ORGR"."ORG_ENTITY_ID"[NUMBER,22], "USRS"."USER_ID"[NUMBER,22]
  19 - "SRA"."PACKAGE_ID"[NUMBER,22]
  20 - STRDEF[22]
  21 - (#keys=1) "T"."MODULE_ID"[NUMBER,22]
  22 - "T"."MODULE_ID"[NUMBER,22]
  23 - "TL"."MODULE_ID"[NUMBER,22]
  25 - (#keys=1) "T"."PACKAGE_ID"[NUMBER,22], "USRS"."USER_NAME"[VARCHAR2,80], "ORGR"."ORG_ENTITY_ID"[NUMBER,22], 
       "USRS"."USER_ID"[NUMBER,22]
  26 - "TL"."ACTIVITY_ID"[NUMBER,22]
  27 - (#keys=1) "T"."ACTIVITY_ID"[NUMBER,22], "T"."PACKAGE_ID"[NUMBER,22], "USRS"."USER_NAME"[VARCHAR2,80], 
       "ORGR"."ORG_ENTITY_ID"[NUMBER,22], "USRS"."USER_ID"[NUMBER,22]
  28 - "T"."ACTIVITY_ID"[NUMBER,22], "T"."PACKAGE_ID"[NUMBER,22]
  29 - (#keys=1) "RACT"."ACTIVITY_ID"[NUMBER,22], "ORGR"."ORG_ENTITY_ID"[NUMBER,22], "USRS"."USER_ID"[NUMBER,22], 
       "USRS"."USER_NAME"[VARCHAR2,80]
  30 - "RACT"."ACTIVITY_ID"[NUMBER,22], "RACT"."ROLE_ID"[NUMBER,22]
  31 - (#keys=1) "ORGR"."ROLE_ID"[NUMBER,22], "ORGR"."ORG_ENTITY_ID"[NUMBER,22], "USRS"."USER_ID"[NUMBER,22], 
       "USRS"."USER_NAME"[VARCHAR2,80]
  32 - "ORGR"."ORG_ROLE_ID"[NUMBER,22], "ORGR"."ORG_ENTITY_ID"[NUMBER,22], "ORGR"."ROLE_ID"[NUMBER,22]
  33 - (#keys=1) "USRS"."USER_ID"[NUMBER,22], "UOR"."ORG_ROLE_ID"[NUMBER,22], "USRS"."USER_NAME"[VARCHAR2,80]
  34 - "UOR"."ORG_ROLE_ID"[NUMBER,22], "UOR"."USER_ID"[NUMBER,22]
  35 - (#keys=0) "USRS"."USER_ID"[NUMBER,22], "USRS"."USER_NAME"[VARCHAR2,80]
  36 - "USRS"."USER_ID"[NUMBER,22], "USRS"."USER_NAME"[VARCHAR2,80]
  37 - "USRS".ROWID[ROWID,10], "USRS"."USER_ID"[NUMBER,22]
  38 - (#keys=1) "ENAB"."USER_ID"[NUMBER,22]
  39 - "ENAB"."USER_ID"[NUMBER,22]
  40 - (#keys=1) INTERNAL_FUNCTION("SUT"."CREATION_DATE")[7], "USER_ID"[NUMBER,22]
  41 - "USER_ID"[NUMBER,22], "SUT"."CREATION_DATE"[DATE,7]
  42 - (#keys=1) "USER_ID"[NUMBER,22], "SUT"."CREATION_DATE"[DATE,7]
  43 - "SRA"."PACKAGE_ID"[NUMBER,22]
  44 - STRDEF[22]
  45 - (#keys=1) "T"."MODULE_ID"[NUMBER,22]
  46 - "T"."MODULE_ID"[NUMBER,22]
  47 - "TL"."MODULE_ID"[NUMBER,22]
  49 - (#keys=0) "USER_ID"[NUMBER,22], "SUT"."PACKAGE_ID"[NUMBER,22], "SUT"."CREATION_DATE"[DATE,7]
  50 - "B".ROWID[ROWID,10], "B"."ENTERPRISE_ID"[NUMBER,22]
  51 - (#keys=1) "SUT"."ENTERPRISE_ID"[NUMBER,22], "USER_ID"[NUMBER,22], "SUT"."PACKAGE_ID"[NUMBER,22], 
       "SUT"."CREATION_DATE"[DATE,7]
  52 - "USER_ID"[NUMBER,22], "SUT"."ENTERPRISE_ID"[NUMBER,22], "SUT"."CREATION_DATE"[DATE,7], 
       "SUT"."PACKAGE_ID"[NUMBER,22]
  53 - "C"."USER_ID"[NUMBER,22]
  54 - (#keys=0) 
  55 - (#keys=0) "E".ROWID[ROWID,10]
  56 - "D"."USER_GROUP_ID"[NUMBER,22]
  57 - "E".ROWID[ROWID,10]
										</code></pre>
								</section>
						</div>
					</div>

				<!-- Sidebar -->
				<div id="sidebar">
					<div class="inner">
						<!-- Menu -->
						<nav id="menu">
							<header class="major">
								<h2>Menu</h2>
							</header>
							<ul>
								<li><a href="../index.html">Module List</a></li>
								<li><a href="index.html">Summary</a></li>
								<li>
									<span class="opener">DB Analysis</span>
									<ul>
										<li><a href="bad-sql.html">Bad SQL</a></li>
										<li><a href="poor-sql.html">Poor SQL Plan</a></li>
										<li><a href="invalid-sql.html">Invalid SQL</a></li>
										<li><a href="full-sql.html">Full SQL Report</a></li>
										<li><a href="table-nil-key.html">Primary/Unique Key Miss</a></li>
										<li><a href="invalid-db-object.html">Invalid DB Objects</a></li>
									</ul>
								</li>
								<li>
									<span class="opener">Infolets</span>
									<ul>
										<li><a href="keep-history-infolets.html">Keep History Infolets</a></li>
									</ul>
								</li>
								<li>
									<span class="opener">Pushforms</span>
									<ul>
										<li><a href="pushform-denormalize.html">Pushform Denormalized</a></li>
									</ul>
								</li>
							</ul>
						</nav>

						<!-- Section -->
						<section>
							<header class="major">
								<h2>Get in touch</h2>
							</header>
							<p>You need more details on the report or want more functionality, don't hesitate to reach out to us.</p>
							<ul class="contact">
								<li class="fa-envelope-o"><a href="mailto:rnd@metricstream.com?Subject=Reg - Static Code Analysis Tool" target="_top">rnd@metricstream.com</a></li>
							</ul>
						</section>

						<!-- Footer -->
						<footer id="footer">
							<p class="copyright">&copy; <a href="http://www.metricstream.com" target="_blank">MetricStream</a>. All rights reserved. </p>
						</footer>
					</div>
				</div>
			</div>

		<!-- Scripts -->
			<script src="../../lib/assets/js/jquery.min.js"></script>
			<script src="../../lib/assets/js/skel.min.js"></script>
			<script src="../../lib/assets/js/util.js"></script>
			<!--[if lte IE 8]><script src="../../lib/assets/js/ie/respond.min.js"></script><![endif]-->
			<script src="../../lib/assets/js/main.js"></script>
	</body>
</html>