<!DOCTYPE HTML>
<html>
	<head>
		<title>Code Analysis - MetricStream</title>
		<meta charset="utf-8" />
		<meta name="viewport" content="width=device-width, initial-scale=1, user-scalable=no" />
		<!--[if lte IE 8]><script src="../../lib/assets/js/ie/html5shiv.js"></script><![endif]-->
		<link rel="stylesheet" href="../../lib/assets/css/main.css" />
		<!--[if lte IE 9]><link rel="stylesheet" href="../../lib/assets/css/ie9.css" /><![endif]-->
		<!--[if lte IE 8]><link rel="stylesheet" href="../../lib/assets/css/ie8.css" /><![endif]-->
	</head>
	<body>

		<!-- Wrapper -->
			<div id="wrapper">

				<!-- Main -->
					<div id="main">
						<div class="inner">
							<!-- Header -->
								<header id="header">
									<a href="index.html" class="logo"><strong>Static Code Analysis Report</strong> by Code Analyzer Tool</a>
								</header>

							<!-- Content -->
								<section>
									<!-- Content -->
										<header class="major"><h2>Infolet Details</h2></header>
										<div class="table-wrapper">
											<table>
												<tbody>
													<tr>
														<td><b>Name</b></td>
														<td>MS_RSK_CHECK_QUANTITATIVE_ACCESS (102137)</td>
													</tr>
													<tr>
														<td><b>SQL</b></td>
														<td><pre><code>SELECT COUNT(u.user_name)   as cnt
FROM
               SI_ORG_ROLES G,
               SI_USER_ORG_ROLES E ,
               SI_ROLE_ACTIVITIES A,
               SI_ACTIVITIES_T C,
               si_users_t u
           WHERE
                G.ORG_ROLE_ID = E.ORG_ROLE_ID
            AND  A.ROLE_ID = G.ROLE_ID
           AND  A.ACTIVITY_ID = C.ACTIVITY_ID
             AND  e.USER_ID =  u.user_id
             AND u.user_name=:1
               AND  ACTIVITY_NAME ='RSK - Manage Risk Factors'</code></pre></td>
													</tr>
													<tr>
														<td><b>Description</b></td>
														<td>To check whether user has access to Quantitative form or not</td>
													</tr>
												</tbody>
											</table>
										</div>

										<h2 align="center" id="content">Analysis Report</h2>
										<hr>

<header class="major"><h2>Plan hash value: 1251669590</h2></header><pre><code>
 
-----------------------------------------------------------------------------------------------------------
| Id  | Operation                         | Name                  | Rows  | Bytes | Cost (%CPU)| Time     |
-----------------------------------------------------------------------------------------------------------
|   0 | SELECT STATEMENT                  |                       |     1 |    80 |     5   (0)| 00:00:01 |
|   1 |  SORT AGGREGATE                   |                       |     1 |    80 |            |          |
|   2 |   NESTED LOOPS                    |                       |     1 |    80 |     5   (0)| 00:00:01 |
|   3 |    NESTED LOOPS                   |                       |     3 |   210 |     4   (0)| 00:00:01 |
<font style="background-color: lightblue; color: red">|   4 |     MERGE JOIN CARTESIAN          |                       |    61 |  3660 |     3   (0)| 00:00:01 |</font>
|   5 |      NESTED LOOPS                 |                       |     1 |    50 |     2   (0)| 00:00:01 |
|   6 |       NESTED LOOPS                |                       |     1 |    50 |     2   (0)| 00:00:01 |
|   7 |        TABLE ACCESS BY INDEX ROWID| SI_USERS_T            |     1 |    18 |     1   (0)| 00:00:01 |
|*  8 |         INDEX RANGE SCAN          | SI_USERS_T_N3         |     1 |       |     1   (0)| 00:00:01 |
|*  9 |        INDEX RANGE SCAN           | SI_ACTIVITIES_N2      |     1 |       |     1   (0)| 00:00:01 |
|  10 |       TABLE ACCESS BY INDEX ROWID | SI_ACTIVITIES_T       |     1 |    32 |     1   (0)| 00:00:01 |
|  11 |      BUFFER SORT                  |                       |    63 |   630 |     2   (0)| 00:00:01 |
|  12 |       INDEX FULL SCAN             | SI_ORG_ROLES_N3       |    63 |   630 |     1   (0)| 00:00:01 |
|* 13 |     INDEX RANGE SCAN              | SI_USER_ORG_ROLES_N2  |     1 |    10 |     1   (0)| 00:00:01 |
|* 14 |    INDEX RANGE SCAN               | SI_ROLE_ACTIVITIES_N2 |     1 |    10 |     1   (0)| 00:00:01 |
-----------------------------------------------------------------------------------------------------------
 
</code></pre><header class="major"><h2>Query Block Name / Object Alias (identified by operation id):</h2></header><pre><code>
 
   1 - SEL$1
   7 - SEL$1 / U@SEL$1
   8 - SEL$1 / U@SEL$1
   9 - SEL$1 / C@SEL$1
  10 - SEL$1 / C@SEL$1
  12 - SEL$1 / G@SEL$1
  13 - SEL$1 / E@SEL$1
  14 - SEL$1 / A@SEL$1
 
</code></pre><header class="major"><h2>Predicate Information (identified by operation id):</h2></header><pre><code>
 
   8 - access("U"."USER_NAME"=:1)
   9 - access("ACTIVITY_NAME"='RSK - Manage Risk Factors')
  13 - access("G"."ORG_ROLE_ID"="E"."ORG_ROLE_ID" AND "E"."USER_ID"="U"."USER_ID")
  14 - access("A"."ROLE_ID"="G"."ROLE_ID" AND "A"."ACTIVITY_ID"="C"."ACTIVITY_ID")
 
</code></pre><header class="major"><h2>Column Projection Information (identified by operation id):</h2></header><pre><code>
 
   1 - (#keys=0) COUNT("U"."USER_NAME")[22]
   2 - (#keys=0) "U"."USER_NAME"[VARCHAR2,80]
   3 - (#keys=0) "U"."USER_NAME"[VARCHAR2,80], "C"."ACTIVITY_ID"[NUMBER,22], 
       "G"."ROLE_ID"[NUMBER,22]
   4 - (#keys=0) "U"."USER_ID"[NUMBER,22], "U"."USER_NAME"[VARCHAR2,80], 
       "C"."ACTIVITY_ID"[NUMBER,22], "G"."ORG_ROLE_ID"[NUMBER,22], "G"."ROLE_ID"[NUMBER,22]
   5 - (#keys=0) "U"."USER_ID"[NUMBER,22], "U"."USER_NAME"[VARCHAR2,80], 
       "C"."ACTIVITY_ID"[NUMBER,22]
   6 - (#keys=0) "U"."USER_ID"[NUMBER,22], "U"."USER_NAME"[VARCHAR2,80], "C".ROWID[ROWID,10]
   7 - "U"."USER_ID"[NUMBER,22], "U"."USER_NAME"[VARCHAR2,80]
   8 - "U".ROWID[ROWID,10], "U"."USER_NAME"[VARCHAR2,80]
   9 - "C".ROWID[ROWID,10]
  10 - "C"."ACTIVITY_ID"[NUMBER,22]
  11 - (#keys=0) "G"."ORG_ROLE_ID"[NUMBER,22], "G"."ROLE_ID"[NUMBER,22]
  12 - "G"."ORG_ROLE_ID"[NUMBER,22], "G"."ROLE_ID"[NUMBER,22]
										</code></pre>
								</section>
						</div>
					</div>

				<!-- Sidebar -->
				<div id="sidebar">
					<div class="inner">
						<!-- Menu -->
						<nav id="menu">
							<header class="major">
								<h2>Menu</h2>
							</header>
							<ul>
								<li><a href="../index.html">Module List</a></li>
								<li><a href="index.html">Summary</a></li>
								<li>
									<span class="opener">DB Analysis</span>
									<ul>
										<li><a href="bad-sql.html">Bad SQL</a></li>
										<li><a href="poor-sql.html">Poor SQL Plan</a></li>
										<li><a href="invalid-sql.html">Invalid SQL</a></li>
										<li><a href="full-sql.html">Full SQL Report</a></li>
										<li><a href="table-nil-key.html">Primary/Unique Key Miss</a></li>
										<li><a href="invalid-db-object.html">Invalid DB Objects</a></li>
									</ul>
								</li>
								<li>
									<span class="opener">Infolets</span>
									<ul>
										<li><a href="keep-history-infolets.html">Keep History Infolets</a></li>
									</ul>
								</li>
								<li>
									<span class="opener">Pushforms</span>
									<ul>
										<li><a href="pushform-denormalize.html">Pushform Denormalized</a></li>
									</ul>
								</li>
							</ul>
						</nav>

						<!-- Section -->
						<section>
							<header class="major">
								<h2>Get in touch</h2>
							</header>
							<p>You need more details on the report or want more functionality, don't hesitate to reach out to us.</p>
							<ul class="contact">
								<li class="fa-envelope-o"><a href="mailto:rnd@metricstream.com?Subject=Reg - Static Code Analysis Tool" target="_top">rnd@metricstream.com</a></li>
							</ul>
						</section>

						<!-- Footer -->
						<footer id="footer">
							<p class="copyright">&copy; <a href="http://www.metricstream.com" target="_blank">MetricStream</a>. All rights reserved. </p>
						</footer>
					</div>
				</div>
			</div>

		<!-- Scripts -->
			<script src="../../lib/assets/js/jquery.min.js"></script>
			<script src="../../lib/assets/js/skel.min.js"></script>
			<script src="../../lib/assets/js/util.js"></script>
			<!--[if lte IE 8]><script src="../../lib/assets/js/ie/respond.min.js"></script><![endif]-->
			<script src="../../lib/assets/js/main.js"></script>
	</body>
</html>