<!DOCTYPE HTML>
<html>
	<head>
		<title>Code Analysis - MetricStream</title>
		<meta charset="utf-8" />
		<meta name="viewport" content="width=device-width, initial-scale=1, user-scalable=no" />
		<!--[if lte IE 8]><script src="../../lib/assets/js/ie/html5shiv.js"></script><![endif]-->
		<link rel="stylesheet" href="../../lib/assets/css/main.css" />
		<!--[if lte IE 9]><link rel="stylesheet" href="../../lib/assets/css/ie9.css" /><![endif]-->
		<!--[if lte IE 8]><link rel="stylesheet" href="../../lib/assets/css/ie8.css" /><![endif]-->
	</head>
	<body>

		<!-- Wrapper -->
			<div id="wrapper">

				<!-- Main -->
					<div id="main">
						<div class="inner">
							<!-- Header -->
								<header id="header">
									<a href="index.html" class="logo"><strong>Static Code Analysis Report</strong> by Code Analyzer Tool</a>
								</header>

							<!-- Content -->
								<section>
									<!-- Content -->
										<header class="major"><h2>Infolet Details</h2></header>
										<div class="table-wrapper">
											<table>
												<tbody>
													<tr>
														<td><b>Name</b></td>
														<td>MS RSK Assessment Task Info (102054)</td>
													</tr>
													<tr>
														<td><b>SQL</b></td>
														<td><pre><code>SELECT PLAN.object_name, PLAN.object_id, PLAN.risk_assessment_type,
       (SELECT ms_apps_utilities.get_display_value
                   (100000,
                    'MS RSK List of Assessment Types',
                    PLAN.risk_assessment_type
                   )
          FROM DUAL) assess_type_disp_value,
       SCN.object_name as scenario_name
  FROM ms_rsk_schedule_risk_a PLAN, ms_rsk_scenarios_scn SCN
 WHERE PLAN.object_id = :1
   AND PLAN.scenario_id = SCN.scenario_id
   AND UPPER (PLAN.progress_status) = 'PUBLISHED'</code></pre></td>
													</tr>
													<tr>
														<td><b>Description</b></td>
														<td>Assessment Plan Infolet - Allows us to select the assessment plans</td>
													</tr>
												</tbody>
											</table>
										</div>

										<h2 align="center" id="content">Analysis Report</h2>
										<hr>

<header class="major"><h2>Plan hash value: 1346211400</h2></header><pre><code>
 
----------------------------------------------------------------------------------------------------------
| Id  | Operation                    | Name                      | Rows  | Bytes | Cost (%CPU)| Time     |
----------------------------------------------------------------------------------------------------------
|   0 | SELECT STATEMENT             |                           |     1 |   116 |     2   (0)| 00:00:01 |
|   1 |  FAST DUAL                   |                           |     1 |       |     2   (0)| 00:00:01 |
|   2 |  NESTED LOOPS                |                           |     1 |   116 |     2   (0)| 00:00:01 |
|*  3 |   TABLE ACCESS BY INDEX ROWID| MS_RSK_SCHEDULE_RISK_A    |     1 |    68 |     1   (0)| 00:00:01 |
|*  4 |    INDEX RANGE SCAN          | MS_RSK_SCHEDULE_RISK_A_PK |     1 |       |     1   (0)| 00:00:01 |
|   5 |   TABLE ACCESS BY INDEX ROWID| MS_RSK_SCENARIOS_SCN      |     1 |    48 |     1   (0)| 00:00:01 |
|*  6 |    INDEX RANGE SCAN          | MS_RSK_SCENARIOS_SCN_UK   |     1 |       |     1   (0)| 00:00:01 |
----------------------------------------------------------------------------------------------------------
 
</code></pre><header class="major"><h2>Query Block Name / Object Alias (identified by operation id):</h2></header><pre><code>
 
   1 - SEL$2 / DUAL@SEL$2
   2 - SEL$1
   3 - SEL$1 / PLAN@SEL$1
   4 - SEL$1 / PLAN@SEL$1
   5 - SEL$1 / SCN@SEL$1
   6 - SEL$1 / SCN@SEL$1
 
</code></pre><header class="major"><h2>Predicate Information (identified by operation id):</h2></header><pre><code>
 
   3 - filter(UPPER("PLAN"."PROGRESS_STATUS")='PUBLISHED')
   4 - access("PLAN"."OBJECT_ID"=:1)
   6 - access("PLAN"."SCENARIO_ID"="SCN"."SCENARIO_ID")
 
</code></pre><header class="major"><h2>Column Projection Information (identified by operation id):</h2></header><pre><code>
 
   2 - (#keys=0) "PLAN"."OBJECT_ID"[VARCHAR2,400], "PLAN"."RISK_ASSESSMENT_TYPE"[VARCHAR2,400], 
       "PLAN"."OBJECT_NAME"[VARCHAR2,4000], "SCN"."OBJECT_NAME"[VARCHAR2,800]
   3 - "PLAN"."OBJECT_ID"[VARCHAR2,400], "PLAN"."RISK_ASSESSMENT_TYPE"[VARCHAR2,400], 
       "PLAN"."SCENARIO_ID"[VARCHAR2,400], "PLAN"."OBJECT_NAME"[VARCHAR2,4000]
   4 - "PLAN".ROWID[ROWID,10], "PLAN"."OBJECT_ID"[VARCHAR2,400], 
       "PLAN"."SCENARIO_ID"[VARCHAR2,400]
   5 - "SCN"."OBJECT_NAME"[VARCHAR2,800]
   6 - "SCN".ROWID[ROWID,10]
										</code></pre>
								</section>
						</div>
					</div>

				<!-- Sidebar -->
				<div id="sidebar">
					<div class="inner">
						<!-- Menu -->
						<nav id="menu">
							<header class="major">
								<h2>Menu</h2>
							</header>
							<ul>
								<li><a href="../index.html">Module List</a></li>
								<li><a href="index.html">Summary</a></li>
								<li>
									<span class="opener">DB Analysis</span>
									<ul>
										<li><a href="bad-sql.html">Bad SQL</a></li>
										<li><a href="poor-sql.html">Poor SQL Plan</a></li>
										<li><a href="invalid-sql.html">Invalid SQL</a></li>
										<li><a href="full-sql.html">Full SQL Report</a></li>
										<li><a href="table-nil-key.html">Primary/Unique Key Miss</a></li>
										<li><a href="invalid-db-object.html">Invalid DB Objects</a></li>
									</ul>
								</li>
								<li>
									<span class="opener">Infolets</span>
									<ul>
										<li><a href="keep-history-infolets.html">Keep History Infolets</a></li>
									</ul>
								</li>
								<li>
									<span class="opener">Pushforms</span>
									<ul>
										<li><a href="pushform-denormalize.html">Pushform Denormalized</a></li>
									</ul>
								</li>
							</ul>
						</nav>

						<!-- Section -->
						<section>
							<header class="major">
								<h2>Get in touch</h2>
							</header>
							<p>You need more details on the report or want more functionality, don't hesitate to reach out to us.</p>
							<ul class="contact">
								<li class="fa-envelope-o"><a href="mailto:rnd@metricstream.com?Subject=Reg - Static Code Analysis Tool" target="_top">rnd@metricstream.com</a></li>
							</ul>
						</section>

						<!-- Footer -->
						<footer id="footer">
							<p class="copyright">&copy; <a href="http://www.metricstream.com" target="_blank">MetricStream</a>. All rights reserved. </p>
						</footer>
					</div>
				</div>
			</div>

		<!-- Scripts -->
			<script src="../../lib/assets/js/jquery.min.js"></script>
			<script src="../../lib/assets/js/skel.min.js"></script>
			<script src="../../lib/assets/js/util.js"></script>
			<!--[if lte IE 8]><script src="../../lib/assets/js/ie/respond.min.js"></script><![endif]-->
			<script src="../../lib/assets/js/main.js"></script>
	</body>
</html>