<!DOCTYPE HTML>
<html>
	<head>
		<title>Code Analysis - MetricStream</title>
		<meta charset="utf-8" />
		<meta name="viewport" content="width=device-width, initial-scale=1, user-scalable=no" />
		<!--[if lte IE 8]><script src="../../lib/assets/js/ie/html5shiv.js"></script><![endif]-->
		<link rel="stylesheet" href="../../lib/assets/css/main.css" />
		<!--[if lte IE 9]><link rel="stylesheet" href="../../lib/assets/css/ie9.css" /><![endif]-->
		<!--[if lte IE 8]><link rel="stylesheet" href="../../lib/assets/css/ie8.css" /><![endif]-->
	</head>
	<body>

		<!-- Wrapper -->
			<div id="wrapper">

				<!-- Main -->
					<div id="main">
						<div class="inner">
							<!-- Header -->
								<header id="header">
									<a href="index.html" class="logo"><strong>Static Code Analysis Report</strong> by Code Analyzer Tool</a>
								</header>

							<!-- Content -->
								<section>
									<!-- Content -->
										<header class="major"><h2>Infolet Details</h2></header>
										<div class="table-wrapper">
											<table>
												<tbody>
													<tr>
														<td><b>Name</b></td>
														<td>MS_RSK_GET_ROLES_OF_PLAN (102214)</td>
													</tr>
													<tr>
														<td><b>SQL</b></td>
														<td><pre><code>select distinct role_id as role_id, ROLE_NAME as role_name
from MS_RSK_SCHEDULE_RISK_A_ROE ROE, SI_rOLES_T SIROL
where  SIROL.ROLE_ID = ROE.ROLE_NEW</code></pre></td>
													</tr>
													<tr>
														<td><b>Description</b></td>
														<td>Infolet to get all the roles selected in multiple plans</td>
													</tr>
												</tbody>
											</table>
										</div>

										<h2 align="center" id="content">Analysis Report</h2>
										<hr>

<header class="major"><h2>Plan hash value: 1240041685</h2></header><pre><code>
 
------------------------------------------------------------------------------------------------------------
| Id  | Operation                     | Name                       | Rows  | Bytes | Cost (%CPU)| Time     |
------------------------------------------------------------------------------------------------------------
|   0 | SELECT STATEMENT              |                            |     1 |  2026 |     5  (20)| 00:00:01 |
|   1 |  SORT UNIQUE                  |                            |     1 |  2026 |     5  (20)| 00:00:01 |
|   2 |   NESTED LOOPS                |                            |     1 |  2026 |     4   (0)| 00:00:01 |
|   3 |    NESTED LOOPS               |                            |     1 |  2026 |     4   (0)| 00:00:01 |
<font style="background-color: lightblue; color: red">|   4 |     TABLE ACCESS FULL         | MS_RSK_SCHEDULE_RISK_A_ROE |     1 |  2002 |     3   (0)| 00:00:01 |</font>
|*  5 |     INDEX RANGE SCAN          | SI_ROLES_N2                |     1 |       |     1   (0)| 00:00:01 |
|   6 |    TABLE ACCESS BY INDEX ROWID| SI_ROLES_T                 |     1 |    24 |     1   (0)| 00:00:01 |
------------------------------------------------------------------------------------------------------------
 
</code></pre><header class="major"><h2>Query Block Name / Object Alias (identified by operation id):</h2></header><pre><code>
 
   1 - SEL$1
   4 - SEL$1 / ROE@SEL$1
   5 - SEL$1 / SIROL@SEL$1
   6 - SEL$1 / SIROL@SEL$1
 
</code></pre><header class="major"><h2>Predicate Information (identified by operation id):</h2></header><pre><code>
 
   5 - access("SIROL"."ROLE_ID"=TO_NUMBER("ROE"."ROLE_NEW"))
 
</code></pre><header class="major"><h2>Column Projection Information (identified by operation id):</h2></header><pre><code>
 
   1 - (#keys=2) "ROLE_ID"[NUMBER,22], "ROLE_NAME"[VARCHAR2,400]
   2 - (#keys=0) "SIROL"."ROLE_ID"[NUMBER,22], "ROLE_NAME"[VARCHAR2,400]
   3 - (#keys=0) "SIROL".ROWID[ROWID,10], "SIROL"."ROLE_ID"[NUMBER,22]
   4 - "ROE"."ROLE_NEW"[VARCHAR2,4000]
   5 - "SIROL".ROWID[ROWID,10], "SIROL"."ROLE_ID"[NUMBER,22]
   6 - "ROLE_NAME"[VARCHAR2,400]
										</code></pre>
								</section>
						</div>
					</div>

				<!-- Sidebar -->
				<div id="sidebar">
					<div class="inner">
						<!-- Menu -->
						<nav id="menu">
							<header class="major">
								<h2>Menu</h2>
							</header>
							<ul>
								<li><a href="../index.html">Module List</a></li>
								<li><a href="index.html">Summary</a></li>
								<li>
									<span class="opener">DB Analysis</span>
									<ul>
										<li><a href="bad-sql.html">Bad SQL</a></li>
										<li><a href="poor-sql.html">Poor SQL Plan</a></li>
										<li><a href="invalid-sql.html">Invalid SQL</a></li>
										<li><a href="full-sql.html">Full SQL Report</a></li>
										<li><a href="table-nil-key.html">Primary/Unique Key Miss</a></li>
										<li><a href="invalid-db-object.html">Invalid DB Objects</a></li>
									</ul>
								</li>
								<li>
									<span class="opener">Infolets</span>
									<ul>
										<li><a href="keep-history-infolets.html">Keep History Infolets</a></li>
									</ul>
								</li>
								<li>
									<span class="opener">Pushforms</span>
									<ul>
										<li><a href="pushform-denormalize.html">Pushform Denormalized</a></li>
									</ul>
								</li>
							</ul>
						</nav>

						<!-- Section -->
						<section>
							<header class="major">
								<h2>Get in touch</h2>
							</header>
							<p>You need more details on the report or want more functionality, don't hesitate to reach out to us.</p>
							<ul class="contact">
								<li class="fa-envelope-o"><a href="mailto:rnd@metricstream.com?Subject=Reg - Static Code Analysis Tool" target="_top">rnd@metricstream.com</a></li>
							</ul>
						</section>

						<!-- Footer -->
						<footer id="footer">
							<p class="copyright">&copy; <a href="http://www.metricstream.com" target="_blank">MetricStream</a>. All rights reserved. </p>
						</footer>
					</div>
				</div>
			</div>

		<!-- Scripts -->
			<script src="../../lib/assets/js/jquery.min.js"></script>
			<script src="../../lib/assets/js/skel.min.js"></script>
			<script src="../../lib/assets/js/util.js"></script>
			<!--[if lte IE 8]><script src="../../lib/assets/js/ie/respond.min.js"></script><![endif]-->
			<script src="../../lib/assets/js/main.js"></script>
	</body>
</html>