<!DOCTYPE HTML>
<html>
	<head>
		<title>Code Analysis - MetricStream</title>
		<meta charset="utf-8" />
		<meta name="viewport" content="width=device-width, initial-scale=1, user-scalable=no" />
		<!--[if lte IE 8]><script src="../../lib/assets/js/ie/html5shiv.js"></script><![endif]-->
		<link rel="stylesheet" href="../../lib/assets/css/main.css" />
		<!--[if lte IE 9]><link rel="stylesheet" href="../../lib/assets/css/ie9.css" /><![endif]-->
		<!--[if lte IE 8]><link rel="stylesheet" href="../../lib/assets/css/ie8.css" /><![endif]-->
	</head>
	<body>

		<!-- Wrapper -->
			<div id="wrapper">

				<!-- Main -->
					<div id="main">
						<div class="inner">
							<!-- Header -->
								<header id="header">
									<a href="index.html" class="logo"><strong>Static Code Analysis Report</strong> by Code Analyzer Tool</a>
								</header>

							<!-- Content -->
								<section>
									<!-- Content -->
										<header class="major"><h2>Infolet Details</h2></header>
										<div class="table-wrapper">
											<table>
												<tbody>
													<tr>
														<td><b>Name</b></td>
														<td>MS_RSK_RISK_EXPOSURE (102499)</td>
													</tr>
													<tr>
														<td><b>SQL</b></td>
														<td><pre><code>select 
ORG_ID,  ORG_NAME,  CORE_OBJECT_ID,  CORE_OBJECT_NAME, Types, CO_OWNER, 
(select distinct CORE_OBJECT_NAME from  Ms_Rsk_Hm_Master where core_object_id= CO_Owner) as CO_OWNER_NAME, 
decode(CO_Level,'','','Level '||CO_Level) as CLevel, 
CO_Level+ '1' as nextlevel,LEVEL_NAME,LEVEL_NUM,
  RISK_ID,  RISK_NAME,  
   CURR_RESIDUAL_SCORE,PREV_RESIDUAL_SCORE,PREV_RESIDUAL_RATING,RESIDUAL_RATING, 
 SCENARIO_ID,  SCENARIO_NAME, CURR_INHERENT_SCORE,  PREV_INHERENT_RATING,INHERENT_RATING,
    OBJECT_OWNERS from
(
select
ORG_ID,  ORG_NAME,  CORE_OBJECT_ID,  CORE_OBJECT_NAME, 
(select ASSESSMENT_ON from ms_rsk_all_assmnt_type where object_id = CORE_OBJECT_ID) AS Types,
(select object_parent from ms_rsk_all_assmnt_type where object_id = CORE_OBJECT_ID) as CO_Owner,
(select OBJECT_LEVEL from ms_rsk_all_assmnt_type where object_id = CORE_OBJECT_ID) as CO_Level, 
     MS_RSK_UTILS.Get_displayed_value_from_LOV('MS_GRC_LEVEL',LEVEL_NUM)
     AS LEVEL_NAME,LEVEL_NUM,
  RISK_ID,  RISK_NAME,  
   CURR_RESIDUAL_SCORE,PREV_RESIDUAL_SCORE,PREV_RESIDUAL_RATING,RESIDUAL_RATING, 
 SCENARIO_ID,SCENARIO_NAME, CURR_INHERENT_SCORE,  PREV_INHERENT_RATING,INHERENT_RATING,
    OBJECT_OWNERS
FROM Ms_Rsk_Hm_Master
WHERE 
flag='C'  AND NVL(:1,'A')=NVL(:1,'A')
)</code></pre></td>
													</tr>
													<tr>
														<td><b>Description</b></td>
														<td>MS_RSK_RISK_EXPOSURE</td>
													</tr>
												</tbody>
											</table>
										</div>

										<h2 align="center" id="content">Analysis Report</h2>
										<hr>

<header class="major"><h2>Plan hash value: 3341658587</h2></header><pre><code>
 
------------------------------------------------------------------------------------------------------------
| Id  | Operation                     | Name                       | Rows  | Bytes | Cost (%CPU)| Time     |
------------------------------------------------------------------------------------------------------------
|   0 | SELECT STATEMENT              |                            |    14 |   367K|     2   (0)| 00:00:01 |
|   1 |  TABLE ACCESS BY INDEX ROWID  | MS_RSK_ALL_ASSMNT_TYPE     |     1 |    23 |     1   (0)| 00:00:01 |
|*  2 |   INDEX RANGE SCAN            | IDX_MS_RSK_ALL_ASSMNT_TYPE |     1 |       |     1   (0)| 00:00:01 |
|   3 |  TABLE ACCESS BY INDEX ROWID  | MS_RSK_ALL_ASSMNT_TYPE     |     1 |    24 |     1   (0)| 00:00:01 |
|*  4 |   INDEX RANGE SCAN            | IDX_MS_RSK_ALL_ASSMNT_TYPE |     1 |       |     1   (0)| 00:00:01 |
|   5 |  SORT UNIQUE                  |                            |     2 |    66 |     4  (25)| 00:00:01 |
<font style="background-color: lightblue; color: red">|*  6 |   TABLE ACCESS FULL           | MS_RSK_HM_MASTER           |     2 |    66 |     3   (0)| 00:00:01 |</font>
|   7 |  TABLE ACCESS BY INDEX ROWID  | MS_RSK_ALL_ASSMNT_TYPE     |     1 |    16 |     1   (0)| 00:00:01 |
|*  8 |   INDEX RANGE SCAN            | IDX_MS_RSK_ALL_ASSMNT_TYPE |     1 |       |     1   (0)| 00:00:01 |
|   9 |  VIEW                         |                            |    14 |   367K|     2   (0)| 00:00:01 |
|* 10 |   FILTER                      |                            |       |       |            |          |
|  11 |    TABLE ACCESS BY INDEX ROWID| MS_RSK_HM_MASTER           |    14 |  2310 |     2   (0)| 00:00:01 |
<font style="background-color: lightblue; color: red">|* 12 |     INDEX SKIP SCAN           | MS_RSK_HM_MASTER_SCN_FLAG  |    14 |       |     1   (0)| 00:00:01 |</font>
------------------------------------------------------------------------------------------------------------
 
</code></pre><header class="major"><h2>Query Block Name / Object Alias (identified by operation id):</h2></header><pre><code>
 
   1 - SEL$4 / MS_RSK_ALL_ASSMNT_TYPE@SEL$4
   2 - SEL$4 / MS_RSK_ALL_ASSMNT_TYPE@SEL$4
   3 - SEL$5 / MS_RSK_ALL_ASSMNT_TYPE@SEL$5
   4 - SEL$5 / MS_RSK_ALL_ASSMNT_TYPE@SEL$5
   5 - SEL$2
   6 - SEL$2 / MS_RSK_HM_MASTER@SEL$2
   7 - SEL$6 / MS_RSK_ALL_ASSMNT_TYPE@SEL$6
   8 - SEL$6 / MS_RSK_ALL_ASSMNT_TYPE@SEL$6
   9 - SEL$3 / from$_subquery$_002@SEL$1
  10 - SEL$3
  11 - SEL$3 / MS_RSK_HM_MASTER@SEL$3
  12 - SEL$3 / MS_RSK_HM_MASTER@SEL$3
 
</code></pre><header class="major"><h2>Predicate Information (identified by operation id):</h2></header><pre><code>
 
   2 - access("OBJECT_ID"=:B1)
   4 - access("OBJECT_ID"=:B1)
   6 - filter("CORE_OBJECT_ID"=:B1)
   8 - access("OBJECT_ID"=:B1)
  10 - filter(NVL(:1,'A') IS NOT NULL)
  12 - access("FLAG"='C')
       filter("FLAG"='C')
 
</code></pre><header class="major"><h2>Column Projection Information (identified by operation id):</h2></header><pre><code>
 
   1 - "MS_RSK_ALL_ASSMNT_TYPE".ROWID[ROWID,10], "ASSESSMENT_ON"[VARCHAR2,4000]
   2 - "MS_RSK_ALL_ASSMNT_TYPE".ROWID[ROWID,10]
   3 - "MS_RSK_ALL_ASSMNT_TYPE".ROWID[ROWID,10], "OBJECT_PARENT"[VARCHAR2,4000]
   4 - "MS_RSK_ALL_ASSMNT_TYPE".ROWID[ROWID,10]
   5 - (#keys=1) "CORE_OBJECT_NAME"[VARCHAR2,4000]
   6 - "CORE_OBJECT_NAME"[VARCHAR2,4000]
   7 - "MS_RSK_ALL_ASSMNT_TYPE".ROWID[ROWID,10], "OBJECT_LEVEL"[VARCHAR2,4000]
   8 - "MS_RSK_ALL_ASSMNT_TYPE".ROWID[ROWID,10]
   9 - "ORG_ID"[VARCHAR2,400], "ORG_NAME"[VARCHAR2,4000], "CORE_OBJECT_ID"[VARCHAR2,400], 
       "CORE_OBJECT_NAME"[VARCHAR2,4000], "TYPES"[VARCHAR2,4000], "CO_OWNER"[VARCHAR2,4000], 
       "CO_LEVEL"[VARCHAR2,4000], "LEVEL_NAME"[VARCHAR2,4000], "LEVEL_NUM"[NUMBER,22], 
       "RISK_ID"[VARCHAR2,400], "RISK_NAME"[VARCHAR2,4000], "CURR_RESIDUAL_SCORE"[NUMBER,22], 
       "PREV_RESIDUAL_SCORE"[NUMBER,22], "PREV_RESIDUAL_RATING"[VARCHAR2,4000], 
       "RESIDUAL_RATING"[VARCHAR2,4000], "SCENARIO_ID"[VARCHAR2,400], "SCENARIO_NAME"[VARCHAR2,4000], 
       "CURR_INHERENT_SCORE"[NUMBER,22], "PREV_INHERENT_RATING"[VARCHAR2,4000], 
       "INHERENT_RATING"[VARCHAR2,4000], "OBJECT_OWNERS"[VARCHAR2,4000]
  10 - "OBJECT_OWNERS"[VARCHAR2,4000], "SCENARIO_NAME"[VARCHAR2,4000], "ORG_ID"[VARCHAR2,400], 
       "ORG_NAME"[VARCHAR2,4000], "CORE_OBJECT_ID"[VARCHAR2,400], "CORE_OBJECT_NAME"[VARCHAR2,4000], 
       "RISK_ID"[VARCHAR2,400], "RISK_NAME"[VARCHAR2,4000], "CURR_INHERENT_SCORE"[NUMBER,22], 
       "CURR_RESIDUAL_SCORE"[NUMBER,22], "PREV_RESIDUAL_SCORE"[NUMBER,22], "LEVEL_NUM"[NUMBER,22], 
       "INHERENT_RATING"[VARCHAR2,4000], "RESIDUAL_RATING"[VARCHAR2,4000], "SCENARIO_ID"[VARCHAR2,400], 
       "PREV_RESIDUAL_RATING"[VARCHAR2,4000], "PREV_INHERENT_RATING"[VARCHAR2,4000]
  11 - "OBJECT_OWNERS"[VARCHAR2,4000], "SCENARIO_NAME"[VARCHAR2,4000], "ORG_ID"[VARCHAR2,400], 
       "ORG_NAME"[VARCHAR2,4000], "CORE_OBJECT_ID"[VARCHAR2,400], "CORE_OBJECT_NAME"[VARCHAR2,4000], 
       "RISK_ID"[VARCHAR2,400], "RISK_NAME"[VARCHAR2,4000], "CURR_INHERENT_SCORE"[NUMBER,22], 
       "CURR_RESIDUAL_SCORE"[NUMBER,22], "PREV_RESIDUAL_SCORE"[NUMBER,22], "LEVEL_NUM"[NUMBER,22], 
       "INHERENT_RATING"[VARCHAR2,4000], "RESIDUAL_RATING"[VARCHAR2,4000], "SCENARIO_ID"[VARCHAR2,400], 
       "PREV_RESIDUAL_RATING"[VARCHAR2,4000], "PREV_INHERENT_RATING"[VARCHAR2,4000]
  12 - "MS_RSK_HM_MASTER".ROWID[ROWID,10], "SCENARIO_ID"[VARCHAR2,400]
										</code></pre>
								</section>
						</div>
					</div>

				<!-- Sidebar -->
				<div id="sidebar">
					<div class="inner">
						<!-- Menu -->
						<nav id="menu">
							<header class="major">
								<h2>Menu</h2>
							</header>
							<ul>
								<li><a href="../index.html">Module List</a></li>
								<li><a href="index.html">Summary</a></li>
								<li>
									<span class="opener">DB Analysis</span>
									<ul>
										<li><a href="bad-sql.html">Bad SQL</a></li>
										<li><a href="poor-sql.html">Poor SQL Plan</a></li>
										<li><a href="invalid-sql.html">Invalid SQL</a></li>
										<li><a href="full-sql.html">Full SQL Report</a></li>
										<li><a href="table-nil-key.html">Primary/Unique Key Miss</a></li>
										<li><a href="invalid-db-object.html">Invalid DB Objects</a></li>
									</ul>
								</li>
								<li>
									<span class="opener">Infolets</span>
									<ul>
										<li><a href="keep-history-infolets.html">Keep History Infolets</a></li>
									</ul>
								</li>
								<li>
									<span class="opener">Pushforms</span>
									<ul>
										<li><a href="pushform-denormalize.html">Pushform Denormalized</a></li>
									</ul>
								</li>
							</ul>
						</nav>

						<!-- Section -->
						<section>
							<header class="major">
								<h2>Get in touch</h2>
							</header>
							<p>You need more details on the report or want more functionality, don't hesitate to reach out to us.</p>
							<ul class="contact">
								<li class="fa-envelope-o"><a href="mailto:rnd@metricstream.com?Subject=Reg - Static Code Analysis Tool" target="_top">rnd@metricstream.com</a></li>
							</ul>
						</section>

						<!-- Footer -->
						<footer id="footer">
							<p class="copyright">&copy; <a href="http://www.metricstream.com" target="_blank">MetricStream</a>. All rights reserved. </p>
						</footer>
					</div>
				</div>
			</div>

		<!-- Scripts -->
			<script src="../../lib/assets/js/jquery.min.js"></script>
			<script src="../../lib/assets/js/skel.min.js"></script>
			<script src="../../lib/assets/js/util.js"></script>
			<!--[if lte IE 8]><script src="../../lib/assets/js/ie/respond.min.js"></script><![endif]-->
			<script src="../../lib/assets/js/main.js"></script>
	</body>
</html>