<!DOCTYPE HTML>
<html>
	<head>
		<title>Code Analysis - MetricStream</title>
		<meta charset="utf-8" />
		<meta name="viewport" content="width=device-width, initial-scale=1, user-scalable=no" />
		<!--[if lte IE 8]><script src="../../lib/assets/js/ie/html5shiv.js"></script><![endif]-->
		<link rel="stylesheet" href="../../lib/assets/css/main.css" />
		<!--[if lte IE 9]><link rel="stylesheet" href="../../lib/assets/css/ie9.css" /><![endif]-->
		<!--[if lte IE 8]><link rel="stylesheet" href="../../lib/assets/css/ie8.css" /><![endif]-->
	</head>
	<body>

		<!-- Wrapper -->
			<div id="wrapper">

				<!-- Main -->
					<div id="main">
						<div class="inner">
							<!-- Header -->
								<header id="header">
									<a href="index.html" class="logo"><strong>Static Code Analysis Report</strong> by Code Analyzer Tool</a>
								</header>

							<!-- Content -->
								<section>
									<!-- Content -->
										<header class="major"><h2>Infolet Details</h2></header>
										<div class="table-wrapper">
											<table>
												<tbody>
													<tr>
														<td><b>Name</b></td>
														<td>MS_RSK_RISK_ASSMNT_PLANS_INFOPORT_INFOLET (102495)</td>
													</tr>
													<tr>
														<td><b>SQL</b></td>
														<td><pre><code>select distinct object_id, 
                  Object_name , 
                  trunc(due_date) due_by,
                  (select ms_concat( distinct organization_name)   
                   from ms_rsk_risk_assessment_v ab
                   where a.OBJECT_ID = ab.OBJECT_ID)organizations,
                   (select ms_concat( distinct process_name)   
                   from ms_rsk_risk_assessment_v ab
                   where a.OBJECT_ID = ab.OBJECT_ID)process,
                   (select ms_concat( distinct rsk_question_title )   
                   from ms_rsk_risk_assessment_v ab
                   where a.OBJECT_ID = ab.OBJECT_ID)Risks,
                   progress_status , 
                   (select object_name from MS_RSK_SCENARIOS_SCN where scenario_id = scenario_name) scenario_name, 
                   decode(risk_assessment_type, 1, 'Core Object - Risk', 2, 'Org - Core Object - Risk', 3, 'Org - Risk')risk_assessment_type,
                   null as var_name1,
                    null as var_name2,
                    null as var_name3,
                    null as start_date   
  from ms_rsk_risk_assessment_v a
  where a.instance_id =    (Select max(instance_id) 
                            from ms_rsk_risk_assessment_v mi
                            where a.OBJECT_ID = mi.OBJECT_ID)
  and a.process_instance_id = (Select max(process_instance_id) 
                               from ms_rsk_risk_assessment_v mp
                               where a.OBJECT_ID = mp.OBJECT_ID)
  and a.object_id in (select  distinct Object_id from ms_rsk_risk_assessment_v a
                            where a.dd_current_stage   <> 'PUBLISH' 
                            and a.instance_id =    (Select max(instance_id) 
                                               from ms_rsk_risk_assessment_v mi
                                               where a.OBJECT_ID = mi.OBJECT_ID)
                             and a.process_instance_id = (Select max(process_instance_id) 
                                                         from ms_rsk_risk_assessment_v mp
                                                         where a.OBJECT_ID = mp.OBJECT_ID))</code></pre></td>
													</tr>
													<tr>
														<td><b>Description</b></td>
														<td>This infolet is used to fetch data into the 'Risk Assessment Plansâ€™ Infoport' report.</td>
													</tr>
												</tbody>
											</table>
										</div>

										<h2 align="center" id="content">Analysis Report</h2>
										<hr>

<header class="major"><h2>Plan hash value: 3362971205</h2></header><pre><code>
 
----------------------------------------------------------------------------------------------------------------
| Id  | Operation                        | Name                        | Rows  | Bytes | Cost (%CPU)| Time     |
----------------------------------------------------------------------------------------------------------------
|   0 | SELECT STATEMENT                 |                             |     1 |   111 |   310   (2)| 00:00:04 |
|   1 |  SORT GROUP BY                   |                             |     1 |     8 |            |          |
|   2 |   TABLE ACCESS BY INDEX ROWID    | SI_102630_T                 |   102 |   816 |     5   (0)| 00:00:01 |
|*  3 |    INDEX RANGE SCAN              | MS_RSK_RISK_ASSMNT_V_OBJ_ID |    33 |       |     1   (0)| 00:00:01 |
|   4 |  SORT GROUP BY                   |                             |     1 |    11 |            |          |
|   5 |   TABLE ACCESS BY INDEX ROWID    | SI_102630_T                 |   102 |  1122 |     5   (0)| 00:00:01 |
|*  6 |    INDEX RANGE SCAN              | MS_RSK_RISK_ASSMNT_V_OBJ_ID |    33 |       |     1   (0)| 00:00:01 |
|   7 |  SORT GROUP BY                   |                             |     1 |    14 |            |          |
|   8 |   TABLE ACCESS BY INDEX ROWID    | SI_102630_T                 |   102 |  1428 |     5   (0)| 00:00:01 |
|*  9 |    INDEX RANGE SCAN              | MS_RSK_RISK_ASSMNT_V_OBJ_ID |    33 |       |     1   (0)| 00:00:01 |
|  10 |  TABLE ACCESS BY INDEX ROWID     | MS_RSK_SCENARIOS_SCN        |     1 |    48 |     1   (0)| 00:00:01 |
|* 11 |   INDEX RANGE SCAN               | MS_RSK_SCENARIOS_SCN_UK     |     1 |       |     1   (0)| 00:00:01 |
|  12 |  SORT UNIQUE                     |                             |     1 |   111 |   310   (2)| 00:00:04 |
|* 13 |   FILTER                         |                             |       |       |            |          |
|* 14 |    HASH JOIN                     |                             |     3 |   333 |   300   (1)| 00:00:04 |
|  15 |     VIEW                         | VW_SQ_2                     |    16 |   304 |   104   (1)| 00:00:02 |
|  16 |      SORT GROUP BY               |                             |    16 |   176 |   104   (1)| 00:00:02 |
<font style="background-color: lightblue; color: red">|  17 |       TABLE ACCESS FULL          | SI_102630_T                 |  1624 | 17864 |   103   (0)| 00:00:02 |</font>
|  18 |     NESTED LOOPS                 |                             |   222 | 20424 |   196   (2)| 00:00:03 |
|  19 |      NESTED LOOPS                |                             |     4 |   180 |   143   (2)| 00:00:02 |
|  20 |       VIEW                       | VW_SQ_1                     |    16 |   304 |   104   (1)| 00:00:02 |
|  21 |        SORT GROUP BY             |                             |    16 |   176 |   104   (1)| 00:00:02 |
<font style="background-color: lightblue; color: red">|  22 |         TABLE ACCESS FULL        | SI_102630_T                 |  1624 | 17864 |   103   (0)| 00:00:02 |</font>
|* 23 |       TABLE ACCESS BY INDEX ROWID| SI_102630_T                 |     1 |    26 |     2   (0)| 00:00:01 |
|* 24 |        INDEX RANGE SCAN          | SI_102630_N1                |    25 |       |     1   (0)| 00:00:01 |
|  25 |      TABLE ACCESS BY INDEX ROWID | SI_102630_T                 |    51 |  2397 |    13   (0)| 00:00:01 |
|* 26 |       INDEX RANGE SCAN           | MS_RSK_RISK_ASSMNT_V_OBJ_ID |   102 |       |     1   (0)| 00:00:01 |
|  27 |    SORT AGGREGATE                |                             |     1 |    11 |            |          |
|* 28 |     VIEW                         | index$_join$_016            |   102 |  1122 |     3   (0)| 00:00:01 |
|* 29 |      HASH JOIN                   |                             |       |       |            |          |
|* 30 |       INDEX RANGE SCAN           | MS_RSK_RISK_ASSMNT_V_OBJ_ID |   102 |  1122 |     1   (0)| 00:00:01 |
|  31 |       INDEX FAST FULL SCAN       | SI_102630_N2                |   102 |  1122 |     3   (0)| 00:00:01 |
|  32 |    SORT AGGREGATE                |                             |     1 |    11 |            |          |
|* 33 |     VIEW                         | index$_join$_019            |   102 |  1122 |     3   (0)| 00:00:01 |
|* 34 |      HASH JOIN                   |                             |       |       |            |          |
|* 35 |       INDEX RANGE SCAN           | MS_RSK_RISK_ASSMNT_V_OBJ_ID |   102 |  1122 |     1   (0)| 00:00:01 |
|  36 |       INDEX FAST FULL SCAN       | SI_102630_N2                |   102 |  1122 |     3   (0)| 00:00:01 |
----------------------------------------------------------------------------------------------------------------
 
</code></pre><header class="major"><h2>Query Block Name / Object Alias (identified by operation id):</h2></header><pre><code>
 
   1 - SEL$335DD26A
   2 - SEL$335DD26A / SI_102630_T@SEL$3
   3 - SEL$335DD26A / SI_102630_T@SEL$3
   4 - SEL$7286615E
   5 - SEL$7286615E / SI_102630_T@SEL$5
   6 - SEL$7286615E / SI_102630_T@SEL$5
   7 - SEL$68B588A0
   8 - SEL$68B588A0 / SI_102630_T@SEL$7
   9 - SEL$68B588A0 / SI_102630_T@SEL$7
  10 - SEL$8        / MS_RSK_SCENARIOS_SCN@SEL$8
  11 - SEL$8        / MS_RSK_SCENARIOS_SCN@SEL$8
  12 - SEL$61369265
  15 - SEL$6F2F0ED9 / VW_SQ_2@SEL$CDCCAE8D
  16 - SEL$6F2F0ED9
  17 - SEL$6F2F0ED9 / SI_102630_T@SEL$11
  20 - SEL$473DF9F5 / VW_SQ_1@SEL$051B6BE1
  21 - SEL$473DF9F5
  22 - SEL$473DF9F5 / SI_102630_T@SEL$17
  23 - SEL$61369265 / SI_102630_T@SEL$15
  24 - SEL$61369265 / SI_102630_T@SEL$15
  25 - SEL$61369265 / SI_102630_T@SEL$9
  26 - SEL$61369265 / SI_102630_T@SEL$9
  27 - SEL$61262C81
  28 - SEL$C22AEB74 / SI_102630_T@SEL$13
  29 - SEL$C22AEB74
  30 - SEL$C22AEB74 / indexjoin$_alias$_001@SEL$C22AEB74
  31 - SEL$C22AEB74 / indexjoin$_alias$_002@SEL$C22AEB74
  32 - SEL$07C48A2D
  33 - SEL$B18BFA74 / SI_102630_T@SEL$19
  34 - SEL$B18BFA74
  35 - SEL$B18BFA74 / indexjoin$_alias$_001@SEL$B18BFA74
  36 - SEL$B18BFA74 / indexjoin$_alias$_002@SEL$B18BFA74
 
</code></pre><header class="major"><h2>Predicate Information (identified by operation id):</h2></header><pre><code>
 
   3 - access("OBJECT_ID"=:B1)
   6 - access("OBJECT_ID"=:B1)
   9 - access("OBJECT_ID"=:B1)
  11 - access("SCENARIO_ID"=:B1)
  13 - filter("PROCESS_INSTANCE_ID"= (SELECT MAX("PROCESS_INSTANCE_ID") FROM  (SELECT 
              "PROCESS_INSTANCE_ID" "PROCESS_INSTANCE_ID","OBJECT_ID" "OBJECT_ID",ROWID "ROWID" FROM 
              METRICSTREAM."SI_102630_T" "indexjoin$_alias$_002",METRICSTREAM."SI_102630_T" "indexjoin$_alias$_001" 
              WHERE "OBJECT_ID"=:B1 AND ROWID=ROWID) "SI_102630_T" WHERE "OBJECT_ID"=:B2) AND "PROCESS_INSTANCE_ID"= 
              (SELECT MAX("PROCESS_INSTANCE_ID") FROM  (SELECT "PROCESS_INSTANCE_ID" 
              "PROCESS_INSTANCE_ID","OBJECT_ID" "OBJECT_ID",ROWID "ROWID" FROM METRICSTREAM."SI_102630_T" 
              "indexjoin$_alias$_002",METRICSTREAM."SI_102630_T" "indexjoin$_alias$_001" WHERE "OBJECT_ID"=:B3 AND 
              ROWID=ROWID) "SI_102630_T" WHERE "OBJECT_ID"=:B4))
  14 - access("INSTANCE_ID"="MAX(INSTANCE_ID)" AND "OBJECT_ID"="ITEM_1")
  23 - filter("OBJECT_ID" IS NOT NULL AND "DD_CURRENT_STAGE"<>'PUBLISH' AND "OBJECT_ID"="ITEM_0")
  24 - access("INSTANCE_ID"="MAX(INSTANCE_ID)")
  26 - access("OBJECT_ID"="OBJECT_ID")
       filter("OBJECT_ID" IS NOT NULL)
  28 - filter("OBJECT_ID"=:B1)
  29 - access(ROWID=ROWID)
  30 - access("OBJECT_ID"=:B1)
  33 - filter("OBJECT_ID"=:B1)
  34 - access(ROWID=ROWID)
  35 - access("OBJECT_ID"=:B1)
 
</code></pre><header class="major"><h2>Column Projection Information (identified by operation id):</h2></header><pre><code>
 
   1 - (#keys=0) "MS_CONCAT"(DISTINCT "ORGANIZATION_NAME")[4000]
   2 - "ORGANIZATION_NAME"[VARCHAR2,4000]
   3 - "SI_102630_T".ROWID[ROWID,10]
   4 - (#keys=0) "MS_CONCAT"(DISTINCT "PROCESS_NAME")[4000]
   5 - "PROCESS_NAME"[VARCHAR2,4000]
   6 - "SI_102630_T".ROWID[ROWID,10]
   7 - (#keys=0) "MS_CONCAT"(DISTINCT "RSK_QUESTION_TITLE")[4000]
   8 - "RSK_QUESTION_TITLE"[VARCHAR2,4000]
   9 - "SI_102630_T".ROWID[ROWID,10]
  10 - "MS_RSK_SCENARIOS_SCN".ROWID[ROWID,10], "OBJECT_NAME"[VARCHAR2,800]
  11 - "MS_RSK_SCENARIOS_SCN".ROWID[ROWID,10]
  12 - (#keys=13) "OBJECT_ID"[VARCHAR2,4000], "OBJECT_NAME"[VARCHAR2,4000], 
       TRUNC(INTERNAL_FUNCTION("DUE_DATE"))[8],  (SELECT "MS_CONCAT"(DISTINCT "ORGANIZATION_NAME") FROM 
       METRICSTREAM."SI_102630_T" "SI_102630_T" WHERE "OBJECT_ID"=:B1)[4000],  (SELECT "MS_CONCAT"(DISTINCT 
       "PROCESS_NAME") FROM METRICSTREAM."SI_102630_T" "SI_102630_T" WHERE "OBJECT_ID"=:B2)[4000],  (SELECT 
       "MS_CONCAT"(DISTINCT "RSK_QUESTION_TITLE") FROM METRICSTREAM."SI_102630_T" "SI_102630_T" WHERE 
       "OBJECT_ID"=:B3)[4000], "PROGRESS_STATUS"[VARCHAR2,4000],  (SELECT "OBJECT_NAME" FROM 
       "MS_RSK_SCENARIOS_SCN" "MS_RSK_SCENARIOS_SCN" WHERE "SCENARIO_ID"=:B4)[800], 
       DECODE(TO_NUMBER("RISK_ASSESSMENT_TYPE"),1,'Core Object - Risk',2,'Org - Core Object - Risk',3,'Org - 
       Risk')[24], NULL[0], NULL[0], NULL[0], NULL[0]
  13 - "OBJECT_ID"[VARCHAR2,4000], "DUE_DATE"[DATE,7], "RISK_ASSESSMENT_TYPE"[VARCHAR2,4000], 
       "SCENARIO_NAME"[VARCHAR2,4000], "PROGRESS_STATUS"[VARCHAR2,4000], "OBJECT_NAME"[VARCHAR2,4000]
  14 - (#keys=2) "OBJECT_ID"[VARCHAR2,4000], "OBJECT_ID"[VARCHAR2,4000], 
       "PROCESS_INSTANCE_ID"[NUMBER,22], "PROCESS_INSTANCE_ID"[NUMBER,22], "DUE_DATE"[DATE,7], 
       "RISK_ASSESSMENT_TYPE"[VARCHAR2,4000], "SCENARIO_NAME"[VARCHAR2,4000], 
       "PROGRESS_STATUS"[VARCHAR2,4000], "OBJECT_NAME"[VARCHAR2,4000]
  15 - "MAX(INSTANCE_ID)"[NUMBER,22], "ITEM_1"[VARCHAR2,4000]
  16 - (#keys=1) "OBJECT_ID"[VARCHAR2,4000], MAX("INSTANCE_ID")[22]
  17 - "OBJECT_ID"[VARCHAR2,4000], "INSTANCE_ID"[NUMBER,22]
  18 - (#keys=0) "OBJECT_ID"[VARCHAR2,4000], "PROCESS_INSTANCE_ID"[NUMBER,22], 
       "OBJECT_ID"[VARCHAR2,4000], "DUE_DATE"[DATE,7], "RISK_ASSESSMENT_TYPE"[VARCHAR2,4000], 
       "SCENARIO_NAME"[VARCHAR2,4000], "PROGRESS_STATUS"[VARCHAR2,4000], "OBJECT_NAME"[VARCHAR2,4000], 
       "INSTANCE_ID"[NUMBER,22], "PROCESS_INSTANCE_ID"[NUMBER,22]
  19 - (#keys=0) "OBJECT_ID"[VARCHAR2,4000], "PROCESS_INSTANCE_ID"[NUMBER,22]
  20 - "MAX(INSTANCE_ID)"[NUMBER,22], "ITEM_0"[VARCHAR2,4000]
  21 - (#keys=1) "OBJECT_ID"[VARCHAR2,4000], MAX("INSTANCE_ID")[22]
  22 - "OBJECT_ID"[VARCHAR2,4000], "INSTANCE_ID"[NUMBER,22]
  23 - "OBJECT_ID"[VARCHAR2,4000], "PROCESS_INSTANCE_ID"[NUMBER,22]
  24 - "SI_102630_T".ROWID[ROWID,10]
  25 - "OBJECT_ID"[VARCHAR2,4000], "DUE_DATE"[DATE,7], "RISK_ASSESSMENT_TYPE"[VARCHAR2,4000], 
       "SCENARIO_NAME"[VARCHAR2,4000], "PROGRESS_STATUS"[VARCHAR2,4000], "OBJECT_NAME"[VARCHAR2,4000], 
       "INSTANCE_ID"[NUMBER,22], "PROCESS_INSTANCE_ID"[NUMBER,22]
  26 - "SI_102630_T".ROWID[ROWID,10], "OBJECT_ID"[VARCHAR2,4000]
  27 - (#keys=0) MAX("PROCESS_INSTANCE_ID")[22]
  28 - "PROCESS_INSTANCE_ID"[NUMBER,22], "OBJECT_ID"[VARCHAR2,4000]
  29 - (#keys=1) "OBJECT_ID"[VARCHAR2,4000], "PROCESS_INSTANCE_ID"[NUMBER,22]
  30 - ROWID[ROWID,10], "OBJECT_ID"[VARCHAR2,4000]
  31 - ROWID[ROWID,10], "PROCESS_INSTANCE_ID"[NUMBER,22]
  32 - (#keys=0) MAX("PROCESS_INSTANCE_ID")[22]
  33 - "PROCESS_INSTANCE_ID"[NUMBER,22], "OBJECT_ID"[VARCHAR2,4000]
  34 - (#keys=1) "OBJECT_ID"[VARCHAR2,4000], "PROCESS_INSTANCE_ID"[NUMBER,22]
  35 - ROWID[ROWID,10], "OBJECT_ID"[VARCHAR2,4000]
  36 - ROWID[ROWID,10], "PROCESS_INSTANCE_ID"[NUMBER,22]
										</code></pre>
								</section>
						</div>
					</div>

				<!-- Sidebar -->
				<div id="sidebar">
					<div class="inner">
						<!-- Menu -->
						<nav id="menu">
							<header class="major">
								<h2>Menu</h2>
							</header>
							<ul>
								<li><a href="../index.html">Module List</a></li>
								<li><a href="index.html">Summary</a></li>
								<li>
									<span class="opener">DB Analysis</span>
									<ul>
										<li><a href="bad-sql.html">Bad SQL</a></li>
										<li><a href="poor-sql.html">Poor SQL Plan</a></li>
										<li><a href="invalid-sql.html">Invalid SQL</a></li>
										<li><a href="full-sql.html">Full SQL Report</a></li>
										<li><a href="table-nil-key.html">Primary/Unique Key Miss</a></li>
										<li><a href="invalid-db-object.html">Invalid DB Objects</a></li>
									</ul>
								</li>
								<li>
									<span class="opener">Infolets</span>
									<ul>
										<li><a href="keep-history-infolets.html">Keep History Infolets</a></li>
									</ul>
								</li>
								<li>
									<span class="opener">Pushforms</span>
									<ul>
										<li><a href="pushform-denormalize.html">Pushform Denormalized</a></li>
									</ul>
								</li>
							</ul>
						</nav>

						<!-- Section -->
						<section>
							<header class="major">
								<h2>Get in touch</h2>
							</header>
							<p>You need more details on the report or want more functionality, don't hesitate to reach out to us.</p>
							<ul class="contact">
								<li class="fa-envelope-o"><a href="mailto:rnd@metricstream.com?Subject=Reg - Static Code Analysis Tool" target="_top">rnd@metricstream.com</a></li>
							</ul>
						</section>

						<!-- Footer -->
						<footer id="footer">
							<p class="copyright">&copy; <a href="http://www.metricstream.com" target="_blank">MetricStream</a>. All rights reserved. </p>
						</footer>
					</div>
				</div>
			</div>

		<!-- Scripts -->
			<script src="../../lib/assets/js/jquery.min.js"></script>
			<script src="../../lib/assets/js/skel.min.js"></script>
			<script src="../../lib/assets/js/util.js"></script>
			<!--[if lte IE 8]><script src="../../lib/assets/js/ie/respond.min.js"></script><![endif]-->
			<script src="../../lib/assets/js/main.js"></script>
	</body>
</html>