<!DOCTYPE HTML>
<html>
	<head>
		<title>Code Analysis - MetricStream</title>
		<meta charset="utf-8" />
		<meta name="viewport" content="width=device-width, initial-scale=1, user-scalable=no" />
		<!--[if lte IE 8]><script src="../../lib/assets/js/ie/html5shiv.js"></script><![endif]-->
		<link rel="stylesheet" href="../../lib/assets/css/main.css" />
		<!--[if lte IE 9]><link rel="stylesheet" href="../../lib/assets/css/ie9.css" /><![endif]-->
		<!--[if lte IE 8]><link rel="stylesheet" href="../../lib/assets/css/ie8.css" /><![endif]-->
	</head>
	<body>

		<!-- Wrapper -->
			<div id="wrapper">

				<!-- Main -->
					<div id="main">
						<div class="inner">
							<!-- Header -->
								<header id="header">
									<a href="index.html" class="logo"><strong>Static Code Analysis Report</strong> by Code Analyzer Tool</a>
								</header>

							<!-- Content -->
								<section>
									<!-- Content -->
										<header class="major"><h2>Infolet Details</h2></header>
										<div class="table-wrapper">
											<table>
												<tbody>
													<tr>
														<td><b>Name</b></td>
														<td>MS_RSK_LND_NR_GET_PARENT_ORGS (102375)</td>
													</tr>
													<tr>
														<td><b>SQL</b></td>
														<td><pre><code>SELECT DISTINCT  E.ORG_ENTITY_ID as organization_id ,E.org_entity_name as organization_name
  FROM ms_rsk_risk_assessment a,
  ms_rsk_risk_assessment_org b
,SI_ORG_ENTITIES_T D,SI_ORG_ENTITIES_T E
WHERE A.OBJECT_ID    =B.OBJECT_ID
AND b.ORGANIZATION_ID IS NOT NULL
and D.ORG_entity_ID=B.ORGANIZATION_ID
AND E.ORG_ENTITY_ID=D.PARENT_ORG_ENTITY_ID
</code></pre></td>
													</tr>
													<tr>
														<td><b>Description</b></td>
														<td>The infolet is used to populate the Parent filter in the report Organizations at Risk (by individual Assessment)</td>
													</tr>
												</tbody>
											</table>
										</div>

										<h2 align="center" id="content">Analysis Report</h2>
										<hr>

<header class="major"><h2>Plan hash value: 4087702498</h2></header><pre><code>
 
------------------------------------------------------------------------------------------------------------
| Id  | Operation                     | Name                       | Rows  | Bytes | Cost (%CPU)| Time     |
------------------------------------------------------------------------------------------------------------
|   0 | SELECT STATEMENT              |                            |     3 |   210 |     8  (13)| 00:00:01 |
|   1 |  SORT UNIQUE                  |                            |     3 |   210 |     8  (13)| 00:00:01 |
|   2 |   NESTED LOOPS                |                            |     3 |   210 |     7   (0)| 00:00:01 |
|   3 |    NESTED LOOPS               |                            |     3 |   210 |     7   (0)| 00:00:01 |
|*  4 |     HASH JOIN                 |                            |     3 |   135 |     5   (0)| 00:00:01 |
|   5 |      NESTED LOOPS             |                            |     3 |   105 |     4   (0)| 00:00:01 |
<font style="background-color: lightblue; color: red">|*  6 |       TABLE ACCESS FULL       | MS_RSK_RISK_ASSESSMENT_ORG |     3 |    63 |     3   (0)| 00:00:01 |</font>
|*  7 |       INDEX UNIQUE SCAN       | MS_RSK_RISK_ASSESSMENT_PK  |     1 |    14 |     1   (0)| 00:00:01 |
|   8 |      INDEX FULL SCAN          | SI_ORG_ENTITIES_N5         |    74 |   740 |     1   (0)| 00:00:01 |
|*  9 |     INDEX RANGE SCAN          | SI_ORG_ENTITIES_N5         |     1 |       |     1   (0)| 00:00:01 |
|  10 |    TABLE ACCESS BY INDEX ROWID| SI_ORG_ENTITIES_T          |     1 |    25 |     1   (0)| 00:00:01 |
------------------------------------------------------------------------------------------------------------
 
</code></pre><header class="major"><h2>Query Block Name / Object Alias (identified by operation id):</h2></header><pre><code>
 
   1 - SEL$1
   6 - SEL$1 / B@SEL$1
   7 - SEL$1 / A@SEL$1
   8 - SEL$1 / D@SEL$1
   9 - SEL$1 / E@SEL$1
  10 - SEL$1 / E@SEL$1
 
</code></pre><header class="major"><h2>Predicate Information (identified by operation id):</h2></header><pre><code>
 
   4 - access("D"."ORG_ENTITY_ID"=TO_NUMBER("B"."ORGANIZATION_ID"))
   6 - filter("B"."ORGANIZATION_ID" IS NOT NULL)
   7 - access("A"."OBJECT_ID"="B"."OBJECT_ID")
   9 - access("E"."ORG_ENTITY_ID"="D"."PARENT_ORG_ENTITY_ID")
 
</code></pre><header class="major"><h2>Column Projection Information (identified by operation id):</h2></header><pre><code>
 
   1 - (#keys=2) "E"."ORG_ENTITY_ID"[NUMBER,22], "E"."ORG_ENTITY_NAME"[VARCHAR2,400]
   2 - (#keys=0) "E"."ORG_ENTITY_ID"[NUMBER,22], "E"."ORG_ENTITY_NAME"[VARCHAR2,400]
   3 - (#keys=0) "E".ROWID[ROWID,10], "E"."ORG_ENTITY_ID"[NUMBER,22]
   4 - (#keys=1) "D"."PARENT_ORG_ENTITY_ID"[NUMBER,22]
   5 - (#keys=0) "B"."ORGANIZATION_ID"[VARCHAR2,4000]
   6 - "B"."OBJECT_ID"[VARCHAR2,400], "B"."ORGANIZATION_ID"[VARCHAR2,4000]
   8 - "D"."ORG_ENTITY_ID"[NUMBER,22], "D"."PARENT_ORG_ENTITY_ID"[NUMBER,22]
   9 - "E".ROWID[ROWID,10], "E"."ORG_ENTITY_ID"[NUMBER,22]
  10 - "E"."ORG_ENTITY_NAME"[VARCHAR2,400]
										</code></pre>
								</section>
						</div>
					</div>

				<!-- Sidebar -->
				<div id="sidebar">
					<div class="inner">
						<!-- Menu -->
						<nav id="menu">
							<header class="major">
								<h2>Menu</h2>
							</header>
							<ul>
								<li><a href="../index.html">Module List</a></li>
								<li><a href="index.html">Summary</a></li>
								<li>
									<span class="opener">DB Analysis</span>
									<ul>
										<li><a href="bad-sql.html">Bad SQL</a></li>
										<li><a href="poor-sql.html">Poor SQL Plan</a></li>
										<li><a href="invalid-sql.html">Invalid SQL</a></li>
										<li><a href="full-sql.html">Full SQL Report</a></li>
										<li><a href="table-nil-key.html">Primary/Unique Key Miss</a></li>
										<li><a href="invalid-db-object.html">Invalid DB Objects</a></li>
									</ul>
								</li>
								<li>
									<span class="opener">Infolets</span>
									<ul>
										<li><a href="keep-history-infolets.html">Keep History Infolets</a></li>
									</ul>
								</li>
								<li>
									<span class="opener">Pushforms</span>
									<ul>
										<li><a href="pushform-denormalize.html">Pushform Denormalized</a></li>
									</ul>
								</li>
							</ul>
						</nav>

						<!-- Section -->
						<section>
							<header class="major">
								<h2>Get in touch</h2>
							</header>
							<p>You need more details on the report or want more functionality, don't hesitate to reach out to us.</p>
							<ul class="contact">
								<li class="fa-envelope-o"><a href="mailto:rnd@metricstream.com?Subject=Reg - Static Code Analysis Tool" target="_top">rnd@metricstream.com</a></li>
							</ul>
						</section>

						<!-- Footer -->
						<footer id="footer">
							<p class="copyright">&copy; <a href="http://www.metricstream.com" target="_blank">MetricStream</a>. All rights reserved. </p>
						</footer>
					</div>
				</div>
			</div>

		<!-- Scripts -->
			<script src="../../lib/assets/js/jquery.min.js"></script>
			<script src="../../lib/assets/js/skel.min.js"></script>
			<script src="../../lib/assets/js/util.js"></script>
			<!--[if lte IE 8]><script src="../../lib/assets/js/ie/respond.min.js"></script><![endif]-->
			<script src="../../lib/assets/js/main.js"></script>
	</body>
</html>