<!DOCTYPE HTML>
<html>
	<head>
		<title>Code Analysis - MetricStream</title>
		<meta charset="utf-8" />
		<meta name="viewport" content="width=device-width, initial-scale=1, user-scalable=no" />
		<!--[if lte IE 8]><script src="../../lib/assets/js/ie/html5shiv.js"></script><![endif]-->
		<link rel="stylesheet" href="../../lib/assets/css/main.css" />
		<!--[if lte IE 9]><link rel="stylesheet" href="../../lib/assets/css/ie9.css" /><![endif]-->
		<!--[if lte IE 8]><link rel="stylesheet" href="../../lib/assets/css/ie8.css" /><![endif]-->
	</head>
	<body>

		<!-- Wrapper -->
			<div id="wrapper">

				<!-- Main -->
					<div id="main">
						<div class="inner">
							<!-- Header -->
								<header id="header">
									<a href="index.html" class="logo"><strong>Static Code Analysis Report</strong> by Code Analyzer Tool</a>
								</header>

							<!-- Content -->
								<section>
									<!-- Content -->
										<header class="major"><h2>Infolet Details</h2></header>
										<div class="table-wrapper">
											<table>
												<tbody>
													<tr>
														<td><b>Name</b></td>
														<td>MS_RSK_GRC_CONTROL_INFOLET (102236)</td>
													</tr>
													<tr>
														<td><b>SQL</b></td>
														<td><pre><code>select CHECKBOX,
        OBJID_ROWNUM,
        OBJECT_ID,
        OBJECT_NAME,
        C_TYPE,
        C_KEY,
        C_CATEGORY,
        null as var1,
        null as var2,
        null as start_date,
        null as var_id
 from ms_rsk_grc_ctl_inline_rpt_view</code></pre></td>
													</tr>
													<tr>
														<td><b>Description</b></td>
														<td>This infolet is used to fetch the data for the control report.</td>
													</tr>
												</tbody>
											</table>
										</div>

										<h2 align="center" id="content">Analysis Report</h2>
										<hr>

<header class="major"><h2>Plan hash value: 3320012989</h2></header><pre><code>
 
--------------------------------------------------------------------------------------------------------------
| Id  | Operation                   | Name                           | Rows  | Bytes | Cost (%CPU)| Time     |
--------------------------------------------------------------------------------------------------------------
|   0 | SELECT STATEMENT            |                                |    70 |   717K|    68   (0)| 00:00:01 |
|   1 |  TABLE ACCESS BY INDEX ROWID| SI_METRICS_T                   |     1 |    34 |     1   (0)| 00:00:01 |
|*  2 |   INDEX RANGE SCAN          | SI_METRICS_T_N7                |     1 |       |     1   (0)| 00:00:01 |
|   3 |  SORT AGGREGATE             |                                |     1 |  2218 |            |          |
|   4 |   NESTED LOOPS              |                                |     1 |  2218 |     2   (0)| 00:00:01 |
|*  5 |    INDEX UNIQUE SCAN        | MS_GRC_COMPLIANCE_OBJE_PK      |     1 |    14 |     1   (0)| 00:00:01 |
<font style="background-color: lightblue; color: red">|*  6 |    INDEX SKIP SCAN          | MS_GRC_CONTROL_NRE_UK          |     1 |  2204 |     1   (0)| 00:00:01 |</font>
|   7 |  SORT AGGREGATE             |                                |     1 |    30 |            |          |
|   8 |   NESTED LOOPS              |                                |     1 |    30 |     2   (0)| 00:00:01 |
|*  9 |    INDEX UNIQUE SCAN        | MS_GRC_COMPLIANCE_OBJE_PK      |     1 |    14 |     1   (0)| 00:00:01 |
<font style="background-color: lightblue; color: red">|* 10 |    INDEX SKIP SCAN          | MS_GRC_CONTROL_PUR_UK          |     1 |    16 |     1   (0)| 00:00:01 |</font>
|  11 |  VIEW                       | MS_RSK_GRC_CTL_INLINE_RPT_VIEW |    70 |   717K|    68   (0)| 00:00:01 |
|  12 |   COUNT                     |                                |       |       |            |          |
<font style="background-color: lightblue; color: red">|* 13 |    TABLE ACCESS FULL        | MS_GRC_COMPLIANCE_OBJE         |    70 | 12600 |    68   (0)| 00:00:01 |</font>
--------------------------------------------------------------------------------------------------------------
 
</code></pre><header class="major"><h2>Query Block Name / Object Alias (identified by operation id):</h2></header><pre><code>
 
   1 - SEL$3 / SI_METRICS_T@SEL$3
   2 - SEL$3 / SI_METRICS_T@SEL$3
   3 - SEL$4
   5 - SEL$4 / T@SEL$4
   6 - SEL$4 / S@SEL$4
   7 - SEL$5
   9 - SEL$5 / O@SEL$5
  10 - SEL$5 / P@SEL$5
  11 - SEL$2 / MS_RSK_GRC_CTL_INLINE_RPT_VIEW@SEL$1
  12 - SEL$2
  13 - SEL$2 / A@SEL$2
 
</code></pre><header class="major"><h2>Predicate Information (identified by operation id):</h2></header><pre><code>
 
   2 - access("METRIC_NAME"='MS_GRC_CONTROL')
   5 - access("T"."OBJECT_ID"=:B1)
   6 - access("S"."OBJECT_ID"=:B1)
       filter("S"."OBJECT_ID"=:B1)
   9 - access("O"."OBJECT_ID"=:B1)
  10 - access("P"."OBJECT_ID"=:B1)
       filter("P"."OBJECT_ID"=:B1)
  13 - filter(NVL("VALID_UNTIL",SYSDATE@!)>=SYSDATE@!)
 
</code></pre><header class="major"><h2>Column Projection Information (identified by operation id):</h2></header><pre><code>
 
   1 - "SI_METRICS_T".ROWID[ROWID,10], "METRIC_ID"[NUMBER,22]
   2 - "SI_METRICS_T".ROWID[ROWID,10]
   3 - (#keys=0) "MS_JOIN_FOR_DISPLAY"("MS_APPS_UTILITIES"."GET_DISPLAY_VALUE"(100000,'MS_GRC_COMPLIAN
       CE_TYPE',"S"."NATURE_TYPE"))[4000]
   4 - (#keys=0) "S"."NATURE_TYPE"[VARCHAR2,4000]
   6 - "S"."NATURE_TYPE"[VARCHAR2,4000]
   7 - (#keys=0) "MS_JOIN_FOR_DISPLAY"("MS_APPS_UTILITIES"."GET_DISPLAY_VALUE"(100000,'MS_GRC_COMPLIAN
       CE_CATEGORY',"P"."PURPOSE"))[4000]
   8 - (#keys=0) "P"."PURPOSE"[VARCHAR2,1020]
  10 - "P"."PURPOSE"[VARCHAR2,1020]
  11 - "CHECKBOX"[VARCHAR2,4000], "OBJID_ROWNUM"[VARCHAR2,564], "OBJECT_ID"[VARCHAR2,400], 
       "OBJECT_NAME"[VARCHAR2,4000], "C_TYPE"[VARCHAR2,4000], "C_KEY"[VARCHAR2,4000], 
       "C_CATEGORY"[VARCHAR2,4000]
  12 - "A"."DD_INSTANCE_ID"[NUMBER,22], "A"."KEY_COMPLIANCE"[VARCHAR2,400], 
       "A"."OBJECT_ID"[VARCHAR2,400], "A"."OBJECT_NAME"[VARCHAR2,4000], 
       "A"."DD_PROCESS_INSTANCE_ID"[NUMBER,22], ROWNUM[4]
  13 - "A"."DD_INSTANCE_ID"[NUMBER,22], "A"."KEY_COMPLIANCE"[VARCHAR2,400], 
       "A"."OBJECT_ID"[VARCHAR2,400], "A"."OBJECT_NAME"[VARCHAR2,4000], 
       "A"."DD_PROCESS_INSTANCE_ID"[NUMBER,22]
										</code></pre>
								</section>
						</div>
					</div>

				<!-- Sidebar -->
				<div id="sidebar">
					<div class="inner">
						<!-- Menu -->
						<nav id="menu">
							<header class="major">
								<h2>Menu</h2>
							</header>
							<ul>
								<li><a href="../index.html">Module List</a></li>
								<li><a href="index.html">Summary</a></li>
								<li>
									<span class="opener">DB Analysis</span>
									<ul>
										<li><a href="bad-sql.html">Bad SQL</a></li>
										<li><a href="poor-sql.html">Poor SQL Plan</a></li>
										<li><a href="invalid-sql.html">Invalid SQL</a></li>
										<li><a href="full-sql.html">Full SQL Report</a></li>
										<li><a href="table-nil-key.html">Primary/Unique Key Miss</a></li>
										<li><a href="invalid-db-object.html">Invalid DB Objects</a></li>
									</ul>
								</li>
								<li>
									<span class="opener">Infolets</span>
									<ul>
										<li><a href="keep-history-infolets.html">Keep History Infolets</a></li>
									</ul>
								</li>
								<li>
									<span class="opener">Pushforms</span>
									<ul>
										<li><a href="pushform-denormalize.html">Pushform Denormalized</a></li>
									</ul>
								</li>
							</ul>
						</nav>

						<!-- Section -->
						<section>
							<header class="major">
								<h2>Get in touch</h2>
							</header>
							<p>You need more details on the report or want more functionality, don't hesitate to reach out to us.</p>
							<ul class="contact">
								<li class="fa-envelope-o"><a href="mailto:rnd@metricstream.com?Subject=Reg - Static Code Analysis Tool" target="_top">rnd@metricstream.com</a></li>
							</ul>
						</section>

						<!-- Footer -->
						<footer id="footer">
							<p class="copyright">&copy; <a href="http://www.metricstream.com" target="_blank">MetricStream</a>. All rights reserved. </p>
						</footer>
					</div>
				</div>
			</div>

		<!-- Scripts -->
			<script src="../../lib/assets/js/jquery.min.js"></script>
			<script src="../../lib/assets/js/skel.min.js"></script>
			<script src="../../lib/assets/js/util.js"></script>
			<!--[if lte IE 8]><script src="../../lib/assets/js/ie/respond.min.js"></script><![endif]-->
			<script src="../../lib/assets/js/main.js"></script>
	</body>
</html>