<!DOCTYPE HTML>
<html>
	<head>
		<title>Code Analysis - MetricStream</title>
		<meta charset="utf-8" />
		<meta name="viewport" content="width=device-width, initial-scale=1, user-scalable=no" />
		<!--[if lte IE 8]><script src="../../lib/assets/js/ie/html5shiv.js"></script><![endif]-->
		<link rel="stylesheet" href="../../lib/assets/css/main.css" />
		<!--[if lte IE 9]><link rel="stylesheet" href="../../lib/assets/css/ie9.css" /><![endif]-->
		<!--[if lte IE 8]><link rel="stylesheet" href="../../lib/assets/css/ie8.css" /><![endif]-->
	</head>
	<body>

		<!-- Wrapper -->
			<div id="wrapper">

				<!-- Main -->
					<div id="main">
						<div class="inner">
							<!-- Header -->
								<header id="header">
									<a href="index.html" class="logo"><strong>Static Code Analysis Report</strong> by Code Analyzer Tool</a>
								</header>

							<!-- Content -->
								<section>
									<!-- Content -->
										<header class="major"><h2>Infolet Details</h2></header>
										<div class="table-wrapper">
											<table>
												<tbody>
													<tr>
														<td><b>Name</b></td>
														<td>MS_RSK_LAND_GET_CONTROL_OWNER (102336)</td>
													</tr>
													<tr>
														<td><b>SQL</b></td>
														<td><pre><code>SELECT DISTINCT(user_name) AS control_owner,
  ms_apps_utilities.get_user_full_name(USER_ID) as Control_owner_full_name
FROM SI_USERS
WHERE :1=:1</code></pre></td>
													</tr>
													<tr>
														<td><b>Description</b></td>
														<td>null</td>
													</tr>
												</tbody>
											</table>
										</div>

										<h2 align="center" id="content">Analysis Report</h2>
										<hr>

<header class="major"><h2>Plan hash value: 2610843981</h2></header><pre><code>
 
------------------------------------------------------------------------------------------------------
| Id  | Operation               | Name                       | Rows  | Bytes | Cost (%CPU)| Time     |
------------------------------------------------------------------------------------------------------
|   0 | SELECT STATEMENT        |                            |   613 | 20842 |    11  (10)| 00:00:01 |
|   1 |  SORT UNIQUE            |                            |   613 | 20842 |    11  (10)| 00:00:01 |
|*  2 |   FILTER                |                            |       |       |            |          |
|*  3 |    HASH JOIN            |                            |   613 | 20842 |    10   (0)| 00:00:01 |
|   4 |     VIEW                | SI_REGISTER_APPLICATION_V  |    40 |   520 |     7   (0)| 00:00:01 |
|   5 |      UNION-ALL          |                            |       |       |            |          |
|*  6 |       HASH JOIN OUTER   |                            |    39 |  1287 |     5   (0)| 00:00:01 |
<font style="background-color: lightblue; color: red">|   7 |        TABLE ACCESS FULL| SI_REGISTER_APPLICATION    |    39 |   273 |     3   (0)| 00:00:01 |</font>
<font style="background-color: lightblue; color: red">|*  8 |        TABLE ACCESS FULL| SI_REGISTER_APPLICATION_TL |     1 |    26 |     2   (0)| 00:00:01 |</font>
|   9 |       FAST DUAL         |                            |     1 |       |     2   (0)| 00:00:01 |
<font style="background-color: lightblue; color: red">|  10 |     TABLE ACCESS FULL   | SI_USERS_T                 |    46 |   966 |     3   (0)| 00:00:01 |</font>
------------------------------------------------------------------------------------------------------
 
</code></pre><header class="major"><h2>Query Block Name / Object Alias (identified by operation id):</h2></header><pre><code>
 
   1 - SEL$F5BB74E1
   4 - SET$1        / SRA@SEL$2
   5 - SET$1       
   6 - SEL$3       
   7 - SEL$3        / T@SEL$3
   8 - SEL$3        / TL@SEL$3
   9 - SEL$6        / DUAL@SEL$6
  10 - SEL$F5BB74E1 / SUT@SEL$2
 
</code></pre><header class="major"><h2>Predicate Information (identified by operation id):</h2></header><pre><code>
 
   2 - filter(:1=:1)
   3 - access(NVL("SUT"."PACKAGE_ID",0)=NVL("SRA"."PACKAGE_ID",0))
   6 - access("TL"."MODULE_ID"(+)="T"."MODULE_ID")
   8 - filter("TL"."LOCALE_ID"(+)=TO_NUMBER("SI_DB_LOCALE_SV"."GETVALUE"()))
 
</code></pre><header class="major"><h2>Column Projection Information (identified by operation id):</h2></header><pre><code>
 
   1 - (#keys=2) "USER_NAME"[VARCHAR2,80], "MS_APPS_UTILITIES"."GET_USER_FULL_NAME"("USER_ID")
       [4000]
   2 - "USER_ID"[NUMBER,22], "USER_NAME"[VARCHAR2,80]
   3 - (#keys=1) "USER_ID"[NUMBER,22], "USER_NAME"[VARCHAR2,80]
   4 - "SRA"."PACKAGE_ID"[NUMBER,22]
   5 - STRDEF[22]
   6 - (#keys=1) "T"."MODULE_ID"[NUMBER,22]
   7 - "T"."MODULE_ID"[NUMBER,22]
   8 - "TL"."MODULE_ID"[NUMBER,22]
  10 - "USER_ID"[NUMBER,22], "USER_NAME"[VARCHAR2,80], "SUT"."PACKAGE_ID"[NUMBER,22]
										</code></pre>
								</section>
						</div>
					</div>

				<!-- Sidebar -->
				<div id="sidebar">
					<div class="inner">
						<!-- Menu -->
						<nav id="menu">
							<header class="major">
								<h2>Menu</h2>
							</header>
							<ul>
								<li><a href="../index.html">Module List</a></li>
								<li><a href="index.html">Summary</a></li>
								<li>
									<span class="opener">DB Analysis</span>
									<ul>
										<li><a href="bad-sql.html">Bad SQL</a></li>
										<li><a href="poor-sql.html">Poor SQL Plan</a></li>
										<li><a href="invalid-sql.html">Invalid SQL</a></li>
										<li><a href="full-sql.html">Full SQL Report</a></li>
										<li><a href="table-nil-key.html">Primary/Unique Key Miss</a></li>
										<li><a href="invalid-db-object.html">Invalid DB Objects</a></li>
									</ul>
								</li>
								<li>
									<span class="opener">Infolets</span>
									<ul>
										<li><a href="keep-history-infolets.html">Keep History Infolets</a></li>
									</ul>
								</li>
								<li>
									<span class="opener">Pushforms</span>
									<ul>
										<li><a href="pushform-denormalize.html">Pushform Denormalized</a></li>
									</ul>
								</li>
							</ul>
						</nav>

						<!-- Section -->
						<section>
							<header class="major">
								<h2>Get in touch</h2>
							</header>
							<p>You need more details on the report or want more functionality, don't hesitate to reach out to us.</p>
							<ul class="contact">
								<li class="fa-envelope-o"><a href="mailto:rnd@metricstream.com?Subject=Reg - Static Code Analysis Tool" target="_top">rnd@metricstream.com</a></li>
							</ul>
						</section>

						<!-- Footer -->
						<footer id="footer">
							<p class="copyright">&copy; <a href="http://www.metricstream.com" target="_blank">MetricStream</a>. All rights reserved. </p>
						</footer>
					</div>
				</div>
			</div>

		<!-- Scripts -->
			<script src="../../lib/assets/js/jquery.min.js"></script>
			<script src="../../lib/assets/js/skel.min.js"></script>
			<script src="../../lib/assets/js/util.js"></script>
			<!--[if lte IE 8]><script src="../../lib/assets/js/ie/respond.min.js"></script><![endif]-->
			<script src="../../lib/assets/js/main.js"></script>
	</body>
</html>