<!DOCTYPE HTML>
<html>
	<head>
		<title>Code Analysis - MetricStream</title>
		<meta charset="utf-8" />
		<meta name="viewport" content="width=device-width, initial-scale=1, user-scalable=no" />
		<!--[if lte IE 8]><script src="../../lib/assets/js/ie/html5shiv.js"></script><![endif]-->
		<link rel="stylesheet" href="../../lib/assets/css/main.css" />
		<!--[if lte IE 9]><link rel="stylesheet" href="../../lib/assets/css/ie9.css" /><![endif]-->
		<!--[if lte IE 8]><link rel="stylesheet" href="../../lib/assets/css/ie8.css" /><![endif]-->
	</head>
	<body>

		<!-- Wrapper -->
			<div id="wrapper">

				<!-- Main -->
					<div id="main">
						<div class="inner">
							<!-- Header -->
								<header id="header">
									<a href="index.html" class="logo"><strong>Static Code Analysis Report</strong> by Code Analyzer Tool</a>
								</header>

							<!-- Content -->
								<section>
									<!-- Content -->
										<header class="major"><h2>Infolet Details</h2></header>
										<div class="table-wrapper">
											<table>
												<tbody>
													<tr>
														<td><b>Name</b></td>
														<td>MS_RSK_HM_PERSPECTIVE_SF_PROFILE_CONFIG_X (102292)</td>
													</tr>
													<tr>
														<td><b>SQL</b></td>
														<td><pre><code>SELECT distinct a.object_name, a.object_id 
FROM MS_RSK_QNT_ASMT_FCTR a,MS_RSK_QNT_ASMT_FCTR_RSE b
WHERE UPPER(a.control_scoring) = 'YES'
and a.object_id = b.object_id                       
and exists (select risk_categories,Object_id,Scenario_id from MS_RSK_SCENARIOS_RSc c
where c.scenario_id=:1
and c.risk_categories=b.risk_category)</code></pre></td>
													</tr>
													<tr>
														<td><b>Description</b></td>
														<td>This infolet is used to get all the X-Axis standard factors</td>
													</tr>
												</tbody>
											</table>
										</div>

										<h2 align="center" id="content">Analysis Report</h2>
										<hr>

<header class="major"><h2>Plan hash value: 2734526276</h2></header><pre><code>
 
------------------------------------------------------------------------------------------------------
| Id  | Operation              | Name                        | Rows  | Bytes | Cost (%CPU)| Time     |
------------------------------------------------------------------------------------------------------
|   0 | SELECT STATEMENT       |                             |     1 |    63 |     6  (17)| 00:00:01 |
|   1 |  SORT UNIQUE           |                             |     1 |    63 |     6  (17)| 00:00:01 |
|   2 |   NESTED LOOPS         |                             |     1 |    63 |     5   (0)| 00:00:01 |
<font style="background-color: lightblue; color: red">|   3 |    MERGE JOIN CARTESIAN|                             |     1 |    48 |     4   (0)| 00:00:01 |</font>
<font style="background-color: lightblue; color: red">|*  4 |     TABLE ACCESS FULL  | MS_RSK_QNT_ASMT_FCTR        |     1 |    34 |     3   (0)| 00:00:01 |</font>
|   5 |     BUFFER SORT        |                             |     2 |    28 |     1   (0)| 00:00:01 |
|   6 |      SORT UNIQUE       |                             |     2 |    28 |     1   (0)| 00:00:01 |
<font style="background-color: lightblue; color: red">|*  7 |       INDEX SKIP SCAN  | MS_RSK_SCENARIOS_RSC_UK     |     2 |    28 |     1   (0)| 00:00:01 |</font>
|*  8 |    INDEX UNIQUE SCAN   | MS_RSK_QNT_ASMT_FCTR_RSE_UK |     1 |    15 |     1   (0)| 00:00:01 |
------------------------------------------------------------------------------------------------------
 
</code></pre><header class="major"><h2>Query Block Name / Object Alias (identified by operation id):</h2></header><pre><code>
 
   1 - SEL$5DA710D3
   4 - SEL$5DA710D3 / A@SEL$1
   7 - SEL$5DA710D3 / C@SEL$2
   8 - SEL$5DA710D3 / B@SEL$1
 
</code></pre><header class="major"><h2>Predicate Information (identified by operation id):</h2></header><pre><code>
 
   4 - filter(UPPER("A"."CONTROL_SCORING")='YES')
   7 - access("C"."SCENARIO_ID"=:1)
       filter("C"."SCENARIO_ID"=:1)
   8 - access("A"."OBJECT_ID"="B"."OBJECT_ID" AND "C"."RISK_CATEGORIES"="B"."RISK_CATEGORY")
 
</code></pre><header class="major"><h2>Column Projection Information (identified by operation id):</h2></header><pre><code>
 
   1 - (#keys=2) "A"."OBJECT_NAME"[VARCHAR2,4000], "A"."OBJECT_ID"[VARCHAR2,400]
   2 - (#keys=0) "A"."OBJECT_ID"[VARCHAR2,400], "A"."OBJECT_NAME"[VARCHAR2,4000]
   3 - (#keys=0) "A"."OBJECT_ID"[VARCHAR2,400], "A"."OBJECT_NAME"[VARCHAR2,4000], 
       "C"."RISK_CATEGORIES"[VARCHAR2,4000]
   4 - "A"."OBJECT_ID"[VARCHAR2,400], "A"."OBJECT_NAME"[VARCHAR2,4000]
   5 - (#keys=0) "C"."RISK_CATEGORIES"[VARCHAR2,4000]
   6 - (#keys=1) "C"."RISK_CATEGORIES"[VARCHAR2,4000]
   7 - "C"."RISK_CATEGORIES"[VARCHAR2,4000]
										</code></pre>
								</section>
						</div>
					</div>

				<!-- Sidebar -->
				<div id="sidebar">
					<div class="inner">
						<!-- Menu -->
						<nav id="menu">
							<header class="major">
								<h2>Menu</h2>
							</header>
							<ul>
								<li><a href="../index.html">Module List</a></li>
								<li><a href="index.html">Summary</a></li>
								<li>
									<span class="opener">DB Analysis</span>
									<ul>
										<li><a href="bad-sql.html">Bad SQL</a></li>
										<li><a href="poor-sql.html">Poor SQL Plan</a></li>
										<li><a href="invalid-sql.html">Invalid SQL</a></li>
										<li><a href="full-sql.html">Full SQL Report</a></li>
										<li><a href="table-nil-key.html">Primary/Unique Key Miss</a></li>
										<li><a href="invalid-db-object.html">Invalid DB Objects</a></li>
									</ul>
								</li>
								<li>
									<span class="opener">Infolets</span>
									<ul>
										<li><a href="keep-history-infolets.html">Keep History Infolets</a></li>
									</ul>
								</li>
								<li>
									<span class="opener">Pushforms</span>
									<ul>
										<li><a href="pushform-denormalize.html">Pushform Denormalized</a></li>
									</ul>
								</li>
							</ul>
						</nav>

						<!-- Section -->
						<section>
							<header class="major">
								<h2>Get in touch</h2>
							</header>
							<p>You need more details on the report or want more functionality, don't hesitate to reach out to us.</p>
							<ul class="contact">
								<li class="fa-envelope-o"><a href="mailto:rnd@metricstream.com?Subject=Reg - Static Code Analysis Tool" target="_top">rnd@metricstream.com</a></li>
							</ul>
						</section>

						<!-- Footer -->
						<footer id="footer">
							<p class="copyright">&copy; <a href="http://www.metricstream.com" target="_blank">MetricStream</a>. All rights reserved. </p>
						</footer>
					</div>
				</div>
			</div>

		<!-- Scripts -->
			<script src="../../lib/assets/js/jquery.min.js"></script>
			<script src="../../lib/assets/js/skel.min.js"></script>
			<script src="../../lib/assets/js/util.js"></script>
			<!--[if lte IE 8]><script src="../../lib/assets/js/ie/respond.min.js"></script><![endif]-->
			<script src="../../lib/assets/js/main.js"></script>
	</body>
</html>