<!DOCTYPE HTML>
<html>
	<head>
		<title>Code Analysis - MetricStream</title>
		<meta charset="utf-8" />
		<meta name="viewport" content="width=device-width, initial-scale=1, user-scalable=no" />
		<!--[if lte IE 8]><script src="../../lib/assets/js/ie/html5shiv.js"></script><![endif]-->
		<link rel="stylesheet" href="../../lib/assets/css/main.css" />
		<!--[if lte IE 9]><link rel="stylesheet" href="../../lib/assets/css/ie9.css" /><![endif]-->
		<!--[if lte IE 8]><link rel="stylesheet" href="../../lib/assets/css/ie8.css" /><![endif]-->
	</head>
	<body>

		<!-- Wrapper -->
			<div id="wrapper">

				<!-- Main -->
					<div id="main">
						<div class="inner">
							<!-- Header -->
								<header id="header">
									<a href="index.html" class="logo"><strong>Static Code Analysis Report</strong> by Code Analyzer Tool</a>
								</header>

							<!-- Content -->
								<section>
									<!-- Content -->
										<header class="major"><h2>Infolet Details</h2></header>
										<div class="table-wrapper">
											<table>
												<tbody>
													<tr>
														<td><b>Name</b></td>
														<td>MS_RSK_Risk_Bar_For_Dashboard (102546)</td>
													</tr>
													<tr>
														<td><b>SQL</b></td>
														<td><pre><code>SELECT risk_id, risk_name, residual_rollup_rating, inherent_rollup_rating,
       scenario_id, assessment_type, level_num + 1 AS next_level, level_num AS current_level, 1 as default_level, scenario_name
  FROM (SELECT a.risk_id, rsk.object_name AS risk_name,
               a.residual_rollup_rating, a.inherent_rollup_rating,
               a.scenario_id, a.assessment_type, a.version_no, b.level_num,
               c.object_name AS scenario_name,
               RANK () OVER (ORDER BY a.residual_rollup_rating DESC) res_rank
          FROM ms_rsk_risk_rollup a,
               ms_rsk_risk_levels b,
               ms_rsk_scenarios_scn c,
               ms_grc_risk rsk
         WHERE a.risk_id = b.risk_id
           AND a.risk_id = rsk.object_id
           AND a.scenario_id = c.scenario_id
           AND b.level_num = 1
           AND a.scenario_id = :1
           AND a.assessment_type = :2
           AND a.version_no = (SELECT MAX (d.version_no)
                                 FROM ms_rsk_risk_rollup d
                                WHERE d.risk_id = a.risk_id AND d.scenario_id = a.scenario_id 
AND d.assessment_type = a.assessment_type))
 WHERE res_rank <= 10</code></pre></td>
													</tr>
													<tr>
														<td><b>Description</b></td>
														<td>MS_RSK_Risk_Bar_For_Dashboard</td>
													</tr>
												</tbody>
											</table>
										</div>

										<h2 align="center" id="content">Analysis Report</h2>
										<hr>

<header class="major"><h2>Plan hash value: 4183109049</h2></header><pre><code>
 
-----------------------------------------------------------------------------------------------------------------
| Id  | Operation                          | Name                       | Rows  | Bytes | Cost (%CPU)| Time     |
-----------------------------------------------------------------------------------------------------------------
|   0 | SELECT STATEMENT                   |                            |     1 |  3440 |    11  (10)| 00:00:01 |
|*  1 |  VIEW                              |                            |     1 |  3440 |    11  (10)| 00:00:01 |
|*  2 |   WINDOW SORT PUSHED RANK          |                            |     1 |   157 |    11  (10)| 00:00:01 |
|*  3 |    FILTER                          |                            |       |       |            |          |
|   4 |     NESTED LOOPS                   |                            |     2 |   314 |     7   (0)| 00:00:01 |
|   5 |      NESTED LOOPS                  |                            |     2 |   314 |     7   (0)| 00:00:01 |
|   6 |       NESTED LOOPS                 |                            |     2 |   210 |     6   (0)| 00:00:01 |
|*  7 |        HASH JOIN                   |                            |     2 |   174 |     4   (0)| 00:00:01 |
|   8 |         TABLE ACCESS BY INDEX ROWID| MS_RSK_SCENARIOS_SCN       |     1 |    48 |     1   (0)| 00:00:01 |
|*  9 |          INDEX RANGE SCAN          | MS_RSK_SCENARIOS_SCN_UK    |     1 |       |     1   (0)| 00:00:01 |
<font style="background-color: lightblue; color: red">|* 10 |         TABLE ACCESS FULL          | MS_RSK_RISK_ROLLUP         |     2 |    78 |     3   (0)| 00:00:01 |</font>
|* 11 |        TABLE ACCESS BY INDEX ROWID | MS_RSK_RISK_LEVELS         |     1 |    18 |     1   (0)| 00:00:01 |
|* 12 |         INDEX RANGE SCAN           | MS_RSK_RISK_LEVELS_RISK_ID |     1 |       |     1   (0)| 00:00:01 |
|* 13 |       INDEX UNIQUE SCAN            | MS_GRC_RISK_PK             |     1 |       |     1   (0)| 00:00:01 |
|  14 |      TABLE ACCESS BY INDEX ROWID   | MS_GRC_RISK                |     1 |    52 |     1   (0)| 00:00:01 |
|  15 |     SORT AGGREGATE                 |                            |     1 |    31 |            |          |
<font style="background-color: lightblue; color: red">|* 16 |      TABLE ACCESS FULL             | MS_RSK_RISK_ROLLUP         |     1 |    31 |     3   (0)| 00:00:01 |</font>
-----------------------------------------------------------------------------------------------------------------
 
</code></pre><header class="major"><h2>Query Block Name / Object Alias (identified by operation id):</h2></header><pre><code>
 
   1 - SEL$2 / from$_subquery$_001@SEL$1
   2 - SEL$2
   8 - SEL$2 / C@SEL$2
   9 - SEL$2 / C@SEL$2
  10 - SEL$2 / A@SEL$2
  11 - SEL$2 / B@SEL$2
  12 - SEL$2 / B@SEL$2
  13 - SEL$2 / RSK@SEL$2
  14 - SEL$2 / RSK@SEL$2
  15 - SEL$3
  16 - SEL$3 / D@SEL$3
 
</code></pre><header class="major"><h2>Predicate Information (identified by operation id):</h2></header><pre><code>
 
   1 - filter("RES_RANK"<=10)
   2 - filter(RANK() OVER ( ORDER BY INTERNAL_FUNCTION("A"."RESIDUAL_ROLLUP_RATING") DESC )<=10)
   3 - filter("A"."VERSION_NO"= (SELECT MAX("D"."VERSION_NO") FROM "MS_RSK_RISK_ROLLUP" "D" WHERE 
              "D"."RISK_ID"=:B1 AND "D"."SCENARIO_ID"=:B2 AND "D"."ASSESSMENT_TYPE"=:B3))
   7 - access("A"."SCENARIO_ID"="C"."SCENARIO_ID")
   9 - access("C"."SCENARIO_ID"=:1)
  10 - filter("A"."SCENARIO_ID"=:1 AND "A"."ASSESSMENT_TYPE"=:2)
  11 - filter("B"."LEVEL_NUM"=1)
  12 - access("A"."RISK_ID"="B"."RISK_ID")
  13 - access("A"."RISK_ID"="RSK"."OBJECT_ID")
  16 - filter("D"."RISK_ID"=:B1 AND "D"."SCENARIO_ID"=:B2 AND "D"."ASSESSMENT_TYPE"=:B3)
 
</code></pre><header class="major"><h2>Column Projection Information (identified by operation id):</h2></header><pre><code>
 
   1 - "RISK_ID"[VARCHAR2,400], "RISK_NAME"[VARCHAR2,4000], "RESIDUAL_ROLLUP_RATING"[VARCHAR2,400], 
       "INHERENT_ROLLUP_RATING"[VARCHAR2,400], "SCENARIO_ID"[VARCHAR2,400], "ASSESSMENT_TYPE"[VARCHAR2,400], 
       "LEVEL_NUM"[NUMBER,22], "SCENARIO_NAME"[VARCHAR2,800], "RES_RANK"[NUMBER,22]
   2 - (#keys=1) INTERNAL_FUNCTION("A"."RESIDUAL_ROLLUP_RATING")[400], "C"."SCENARIO_ID"[VARCHAR2,400], 
       "A"."SCENARIO_ID"[VARCHAR2,400], "C".ROWID[ROWID,10], "C"."OBJECT_NAME"[VARCHAR2,800], 
       "A"."VERSION_NO"[NUMBER,22], "A"."RISK_ID"[VARCHAR2,400], "A"."ASSESSMENT_TYPE"[VARCHAR2,400], 
       "A"."INHERENT_ROLLUP_RATING"[VARCHAR2,400], "RSK"."OBJECT_ID"[VARCHAR2,400], "B".ROWID[ROWID,10], 
       "B"."RISK_ID"[VARCHAR2,400], "B"."LEVEL_NUM"[NUMBER,22], "RSK".ROWID[ROWID,10], 
       "RSK"."OBJECT_NAME"[VARCHAR2,4000], RANK() OVER ( ORDER BY 
       INTERNAL_FUNCTION("A"."RESIDUAL_ROLLUP_RATING") DESC )[22]
   3 - "C"."SCENARIO_ID"[VARCHAR2,400], "A"."SCENARIO_ID"[VARCHAR2,400], "C".ROWID[ROWID,10], 
       "C"."OBJECT_NAME"[VARCHAR2,800], "A"."VERSION_NO"[NUMBER,22], "A"."RISK_ID"[VARCHAR2,400], 
       "A"."ASSESSMENT_TYPE"[VARCHAR2,400], "A"."INHERENT_ROLLUP_RATING"[VARCHAR2,400], 
       "A"."RESIDUAL_ROLLUP_RATING"[VARCHAR2,400], "B".ROWID[ROWID,10], "B"."RISK_ID"[VARCHAR2,400], 
       "B"."LEVEL_NUM"[NUMBER,22], "RSK".ROWID[ROWID,10], "RSK"."OBJECT_NAME"[VARCHAR2,4000], 
       "RSK"."OBJECT_ID"[VARCHAR2,400]
   4 - (#keys=0) "C"."SCENARIO_ID"[VARCHAR2,400], "A"."SCENARIO_ID"[VARCHAR2,400], "C".ROWID[ROWID,10], 
       "C"."OBJECT_NAME"[VARCHAR2,800], "A"."VERSION_NO"[NUMBER,22], "A"."RISK_ID"[VARCHAR2,400], 
       "A"."ASSESSMENT_TYPE"[VARCHAR2,400], "A"."INHERENT_ROLLUP_RATING"[VARCHAR2,400], 
       "A"."RESIDUAL_ROLLUP_RATING"[VARCHAR2,400], "B".ROWID[ROWID,10], "B"."RISK_ID"[VARCHAR2,400], 
       "B"."LEVEL_NUM"[NUMBER,22], "RSK".ROWID[ROWID,10], "RSK"."OBJECT_NAME"[VARCHAR2,4000], 
       "RSK"."OBJECT_ID"[VARCHAR2,400]
   5 - (#keys=0) "C"."SCENARIO_ID"[VARCHAR2,400], "A"."SCENARIO_ID"[VARCHAR2,400], "C".ROWID[ROWID,10], 
       "C"."OBJECT_NAME"[VARCHAR2,800], "A"."VERSION_NO"[NUMBER,22], "A"."RISK_ID"[VARCHAR2,400], 
       "A"."ASSESSMENT_TYPE"[VARCHAR2,400], "A"."INHERENT_ROLLUP_RATING"[VARCHAR2,400], 
       "A"."RESIDUAL_ROLLUP_RATING"[VARCHAR2,400], "B".ROWID[ROWID,10], "B"."RISK_ID"[VARCHAR2,400], 
       "B"."LEVEL_NUM"[NUMBER,22], "RSK".ROWID[ROWID,10], "RSK"."OBJECT_ID"[VARCHAR2,400]
   6 - (#keys=0) "C"."SCENARIO_ID"[VARCHAR2,400], "A"."SCENARIO_ID"[VARCHAR2,400], "C".ROWID[ROWID,10], 
       "C"."OBJECT_NAME"[VARCHAR2,800], "A"."VERSION_NO"[NUMBER,22], "A"."RISK_ID"[VARCHAR2,400], 
       "A"."ASSESSMENT_TYPE"[VARCHAR2,400], "A"."INHERENT_ROLLUP_RATING"[VARCHAR2,400], 
       "A"."RESIDUAL_ROLLUP_RATING"[VARCHAR2,400], "B".ROWID[ROWID,10], "B"."RISK_ID"[VARCHAR2,400], 
       "B"."LEVEL_NUM"[NUMBER,22]
   7 - (#keys=1) "C"."SCENARIO_ID"[VARCHAR2,400], "A"."SCENARIO_ID"[VARCHAR2,400], "C".ROWID[ROWID,10], 
       "C"."OBJECT_NAME"[VARCHAR2,800], "A"."VERSION_NO"[NUMBER,22], "A"."RISK_ID"[VARCHAR2,400], 
       "A"."ASSESSMENT_TYPE"[VARCHAR2,400], "A"."INHERENT_ROLLUP_RATING"[VARCHAR2,400], 
       "A"."RESIDUAL_ROLLUP_RATING"[VARCHAR2,400]
   8 - "C".ROWID[ROWID,10], "C"."OBJECT_NAME"[VARCHAR2,800], "C"."SCENARIO_ID"[VARCHAR2,400]
   9 - "C".ROWID[ROWID,10], "C"."SCENARIO_ID"[VARCHAR2,400]
  10 - "A"."SCENARIO_ID"[VARCHAR2,400], "A"."RISK_ID"[VARCHAR2,400], 
       "A"."ASSESSMENT_TYPE"[VARCHAR2,400], "A"."INHERENT_ROLLUP_RATING"[VARCHAR2,400], 
       "A"."RESIDUAL_ROLLUP_RATING"[VARCHAR2,400], "A"."VERSION_NO"[NUMBER,22]
  11 - "B".ROWID[ROWID,10], "B"."RISK_ID"[VARCHAR2,400], "B"."LEVEL_NUM"[NUMBER,22]
  12 - "B".ROWID[ROWID,10], "B"."RISK_ID"[VARCHAR2,400]
  13 - "RSK".ROWID[ROWID,10], "RSK"."OBJECT_ID"[VARCHAR2,400]
  14 - "RSK".ROWID[ROWID,10], "RSK"."OBJECT_NAME"[VARCHAR2,4000]
  15 - (#keys=0) MAX("D"."VERSION_NO")[22]
  16 - "D"."VERSION_NO"[NUMBER,22]
										</code></pre>
								</section>
						</div>
					</div>

				<!-- Sidebar -->
				<div id="sidebar">
					<div class="inner">
						<!-- Menu -->
						<nav id="menu">
							<header class="major">
								<h2>Menu</h2>
							</header>
							<ul>
								<li><a href="../index.html">Module List</a></li>
								<li><a href="index.html">Summary</a></li>
								<li>
									<span class="opener">DB Analysis</span>
									<ul>
										<li><a href="bad-sql.html">Bad SQL</a></li>
										<li><a href="poor-sql.html">Poor SQL Plan</a></li>
										<li><a href="invalid-sql.html">Invalid SQL</a></li>
										<li><a href="full-sql.html">Full SQL Report</a></li>
										<li><a href="table-nil-key.html">Primary/Unique Key Miss</a></li>
										<li><a href="invalid-db-object.html">Invalid DB Objects</a></li>
									</ul>
								</li>
								<li>
									<span class="opener">Infolets</span>
									<ul>
										<li><a href="keep-history-infolets.html">Keep History Infolets</a></li>
									</ul>
								</li>
								<li>
									<span class="opener">Pushforms</span>
									<ul>
										<li><a href="pushform-denormalize.html">Pushform Denormalized</a></li>
									</ul>
								</li>
							</ul>
						</nav>

						<!-- Section -->
						<section>
							<header class="major">
								<h2>Get in touch</h2>
							</header>
							<p>You need more details on the report or want more functionality, don't hesitate to reach out to us.</p>
							<ul class="contact">
								<li class="fa-envelope-o"><a href="mailto:rnd@metricstream.com?Subject=Reg - Static Code Analysis Tool" target="_top">rnd@metricstream.com</a></li>
							</ul>
						</section>

						<!-- Footer -->
						<footer id="footer">
							<p class="copyright">&copy; <a href="http://www.metricstream.com" target="_blank">MetricStream</a>. All rights reserved. </p>
						</footer>
					</div>
				</div>
			</div>

		<!-- Scripts -->
			<script src="../../lib/assets/js/jquery.min.js"></script>
			<script src="../../lib/assets/js/skel.min.js"></script>
			<script src="../../lib/assets/js/util.js"></script>
			<!--[if lte IE 8]><script src="../../lib/assets/js/ie/respond.min.js"></script><![endif]-->
			<script src="../../lib/assets/js/main.js"></script>
	</body>
</html>