<!DOCTYPE HTML>
<html>
	<head>
		<title>Code Analysis - MetricStream</title>
		<meta charset="utf-8" />
		<meta name="viewport" content="width=device-width, initial-scale=1, user-scalable=no" />
		<!--[if lte IE 8]><script src="../../lib/assets/js/ie/html5shiv.js"></script><![endif]-->
		<link rel="stylesheet" href="../../lib/assets/css/main.css" />
		<!--[if lte IE 9]><link rel="stylesheet" href="../../lib/assets/css/ie9.css" /><![endif]-->
		<!--[if lte IE 8]><link rel="stylesheet" href="../../lib/assets/css/ie8.css" /><![endif]-->
	</head>
	<body>

		<!-- Wrapper -->
			<div id="wrapper">

				<!-- Main -->
					<div id="main">
						<div class="inner">
							<!-- Header -->
								<header id="header">
									<a href="index.html" class="logo"><strong>Static Code Analysis Report</strong> by Code Analyzer Tool</a>
								</header>

							<!-- Content -->
								<section>
									<!-- Content -->
										<header class="major"><h2>Infolet Details</h2></header>
										<div class="table-wrapper">
											<table>
												<tbody>
													<tr>
														<td><b>Name</b></td>
														<td>MS_RSK_SCENARIO_REPTS (102558)</td>
													</tr>
													<tr>
														<td><b>SQL</b></td>
														<td><pre><code>SELECT DISTINCT a.scenario_id AS Object_id,
  (SELECT ms_rsk_utils.Get_Edit_Url(dd_object_type,dd_process_instance_id,dd_instance_id,'N',object_name)
  FROM DUAL
  ) AS object_name_link,
  (SELECT ms_apps_utilities.get_display_value (
    (SELECT enterprise_id FROM si_ent_active_v
    ),'MS RSK List of Assessment Types',assessment_type)
  FROM DUAL
  ) AS assessment_type,
  (SELECT ms_apps_utilities.get_display_value (
    (SELECT enterprise_id FROM si_ent_active_v
    ),'MS RSK Yes No', default_scenario )
  FROM DUAL
  ) AS default_scenario,
  (SELECT ms_apps_utilities.get_display_value(
    (SELECT enterprise_id FROM si_ent_active_v
    ),'MS RSK Yes No', calculate_residual_scores)
  FROM DUAL
  ) AS calculate_residual_scores,
  (SELECT MS_JOIN_FOR_DISPLAY(ms_apps_utilities.get_display_value (
    (SELECT enterprise_id FROM si_ent_active_v
    ),'MS GRC Risk Category',RISK_CATEGORIES))
  FROM MS_RSK_SCENARIOS_RSC ff
  WHERE a.scenario_id = ff.scenario_id
  ) AS RISK_CATEGORY,
  valid_from,
  valid_until,
  Ms_Rsk_Utils.include_expired (valid_from, valid_until) AS expired_flag,
  a.Scn_risk_categories                                  AS Scn_risk_categories,
  a.scenario_id                                          AS scenario_id_stored,
  default_scenario                                       AS default_scenario_stored,
  object_name                                            AS object_name_stored,
  group_name                                             AS group_name_stored,
  assessment_type                                        AS assessment_type_stored
FROM Ms_Rsk_Scenarios_detail_Vw a,
  ms_rsk_scenarios b,
  MS_RSK_SCENARIOS_RSC c
WHERE a.object_id = b.object_id</code></pre></td>
													</tr>
													<tr>
														<td><b>Description</b></td>
														<td>MS_RSK_SCENARIO_RPTS</td>
													</tr>
												</tbody>
											</table>
										</div>

										<h2 align="center" id="content">Analysis Report</h2>
										<hr>

<header class="major"><h2>Plan hash value: 2654359165</h2></header><pre><code>
 
--------------------------------------------------------------------------------------------------
| Id  | Operation              | Name                    | Rows  | Bytes | Cost (%CPU)| Time     |
--------------------------------------------------------------------------------------------------
|   0 | SELECT STATEMENT       |                         |   127 | 23622 |    10  (10)| 00:00:01 |
|   1 |  FAST DUAL             |                         |     1 |       |     2   (0)| 00:00:01 |
|   2 |  VIEW                  | SI_ENT_ACTIVE_V         |     1 |    13 |     4  (25)| 00:00:01 |
|   3 |   SORT ORDER BY        |                         |     1 |    33 |     4  (25)| 00:00:01 |
<font style="background-color: lightblue; color: red">|*  4 |    TABLE ACCESS FULL   | SI_ENT                  |     1 |    33 |     3   (0)| 00:00:01 |</font>
|   5 |  FAST DUAL             |                         |     1 |       |     2   (0)| 00:00:01 |
|   6 |  VIEW                  | SI_ENT_ACTIVE_V         |     1 |    13 |     4  (25)| 00:00:01 |
|   7 |   SORT ORDER BY        |                         |     1 |    33 |     4  (25)| 00:00:01 |
<font style="background-color: lightblue; color: red">|*  8 |    TABLE ACCESS FULL   | SI_ENT                  |     1 |    33 |     3   (0)| 00:00:01 |</font>
|   9 |  FAST DUAL             |                         |     1 |       |     2   (0)| 00:00:01 |
|  10 |  VIEW                  | SI_ENT_ACTIVE_V         |     1 |    13 |     4  (25)| 00:00:01 |
|  11 |   SORT ORDER BY        |                         |     1 |    33 |     4  (25)| 00:00:01 |
<font style="background-color: lightblue; color: red">|* 12 |    TABLE ACCESS FULL   | SI_ENT                  |     1 |    33 |     3   (0)| 00:00:01 |</font>
|  13 |  FAST DUAL             |                         |     1 |       |     2   (0)| 00:00:01 |
|  14 |  VIEW                  | SI_ENT_ACTIVE_V         |     1 |    13 |     4  (25)| 00:00:01 |
|  15 |   SORT ORDER BY        |                         |     1 |    33 |     4  (25)| 00:00:01 |
<font style="background-color: lightblue; color: red">|* 16 |    TABLE ACCESS FULL   | SI_ENT                  |     1 |    33 |     3   (0)| 00:00:01 |</font>
|  17 |  SORT AGGREGATE        |                         |     1 |    14 |            |          |
<font style="background-color: lightblue; color: red">|* 18 |   INDEX SKIP SCAN      | MS_RSK_SCENARIOS_RSC_UK |     2 |    28 |     1   (0)| 00:00:01 |</font>
|  19 |  SORT GROUP BY         |                         |     1 |    14 |            |          |
<font style="background-color: lightblue; color: red">|* 20 |   INDEX SKIP SCAN      | MS_RSK_SCENARIOS_RSC_UK |     2 |    28 |     1   (0)| 00:00:01 |</font>
|  21 |  SORT UNIQUE           |                         |   127 | 23622 |    10  (10)| 00:00:01 |
|* 22 |   HASH JOIN            |                         |   403 | 74958 |     9   (0)| 00:00:01 |
<font style="background-color: lightblue; color: red">|  23 |    MERGE JOIN CARTESIAN|                         |    31 |  3069 |     6   (0)| 00:00:01 |</font>
<font style="background-color: lightblue; color: red">|  24 |     TABLE ACCESS FULL  | MS_RSK_SCENARIOS        |     1 |    99 |     3   (0)| 00:00:01 |</font>
|  25 |     BUFFER SORT        |                         |    31 |       |     3   (0)| 00:00:01 |
<font style="background-color: lightblue; color: red">|  26 |      TABLE ACCESS FULL | MS_RSK_SCENARIOS_RSC    |    31 |       |     3   (0)| 00:00:01 |</font>
<font style="background-color: lightblue; color: red">|  27 |    TABLE ACCESS FULL   | MS_RSK_SCENARIOS_SCN    |    13 |  1131 |     3   (0)| 00:00:01 |</font>
--------------------------------------------------------------------------------------------------
 
</code></pre><header class="major"><h2>Query Block Name / Object Alias (identified by operation id):</h2></header><pre><code>
 
   1 - SEL$2        / DUAL@SEL$2
   2 - SEL$5        / SI_ENT_ACTIVE_V@SEL$4
   3 - SEL$5       
   4 - SEL$5        / SI_ENT@SEL$5
   5 - SEL$3        / DUAL@SEL$3
   6 - SEL$8        / SI_ENT_ACTIVE_V@SEL$7
   7 - SEL$8       
   8 - SEL$8        / SI_ENT@SEL$8
   9 - SEL$6        / DUAL@SEL$6
  10 - SEL$11       / SI_ENT_ACTIVE_V@SEL$10
  11 - SEL$11      
  12 - SEL$11       / SI_ENT@SEL$11
  13 - SEL$9        / DUAL@SEL$9
  14 - SEL$14       / SI_ENT_ACTIVE_V@SEL$13
  15 - SEL$14      
  16 - SEL$14       / SI_ENT@SEL$14
  17 - SEL$12      
  18 - SEL$12       / FF@SEL$12
  19 - SEL$17      
  20 - SEL$17       / D@SEL$17
  21 - SEL$48C160B9
  24 - SEL$48C160B9 / B@SEL$1
  26 - SEL$48C160B9 / C@SEL$1
  27 - SEL$48C160B9 / B@SEL$15
 
</code></pre><header class="major"><h2>Predicate Information (identified by operation id):</h2></header><pre><code>
 
   4 - filter("START_DATE"<=SYSDATE@! AND ("END_DATE" IS NULL OR "END_DATE">=SYSDATE@!))
   8 - filter("START_DATE"<=SYSDATE@! AND ("END_DATE" IS NULL OR "END_DATE">=SYSDATE@!))
  12 - filter("START_DATE"<=SYSDATE@! AND ("END_DATE" IS NULL OR "END_DATE">=SYSDATE@!))
  16 - filter("START_DATE"<=SYSDATE@! AND ("END_DATE" IS NULL OR "END_DATE">=SYSDATE@!))
  18 - access("FF"."SCENARIO_ID"=:B1)
       filter("FF"."SCENARIO_ID"=:B1)
  20 - access("D"."SCENARIO_ID"=:B1)
       filter("D"."SCENARIO_ID"=:B1)
  22 - access("B"."OBJECT_ID"="B"."OBJECT_ID")
 
</code></pre><header class="major"><h2>Column Projection Information (identified by operation id):</h2></header><pre><code>
 
   2 - "ENTERPRISE_ID"[NUMBER,22]
   3 - (#keys=1) INTERNAL_FUNCTION("CREATION_DATE")[7], "ENTERPRISE_ID"[NUMBER,22]
   4 - "ENTERPRISE_ID"[NUMBER,22], "CREATION_DATE"[DATE,7]
   6 - "ENTERPRISE_ID"[NUMBER,22]
   7 - (#keys=1) INTERNAL_FUNCTION("CREATION_DATE")[7], "ENTERPRISE_ID"[NUMBER,22]
   8 - "ENTERPRISE_ID"[NUMBER,22], "CREATION_DATE"[DATE,7]
  10 - "ENTERPRISE_ID"[NUMBER,22]
  11 - (#keys=1) INTERNAL_FUNCTION("CREATION_DATE")[7], "ENTERPRISE_ID"[NUMBER,22]
  12 - "ENTERPRISE_ID"[NUMBER,22], "CREATION_DATE"[DATE,7]
  14 - "ENTERPRISE_ID"[NUMBER,22]
  15 - (#keys=1) INTERNAL_FUNCTION("CREATION_DATE")[7], "ENTERPRISE_ID"[NUMBER,22]
  16 - "ENTERPRISE_ID"[NUMBER,22], "CREATION_DATE"[DATE,7]
  17 - (#keys=0) "MS_JOIN_FOR_DISPLAY"("MS_APPS_UTILITIES"."GET_DISPLAY_VALUE"( (SELECT 
       "ENTERPRISE_ID" FROM  (SELECT "ENTERPRISE_ID" "ENTERPRISE_ID","ENTERPRISE_NAME" 
       "ENTERPRISE_NAME","SI_APP_SV"."CHECK_APP_EXISTS"("ENTERPRISE_ID") "APPLICATION_FLAG" FROM 
       METRICSTREAM."SI_ENT" "SI_ENT" WHERE "START_DATE"<=SYSDATE@! AND ("END_DATE" IS NULL OR 
       "END_DATE">=SYSDATE@!) ORDER BY "CREATION_DATE" DESC) "SI_ENT_ACTIVE_V"),'MS GRC Risk 
       Category',"RISK_CATEGORIES"))[4000]
  18 - "RISK_CATEGORIES"[VARCHAR2,4000]
  19 - (#keys=0) "MS_JOIN"(DISTINCT "D"."RISK_CATEGORIES")[4000]
  20 - "D"."RISK_CATEGORIES"[VARCHAR2,4000]
  21 - (#keys=15) "B"."SCENARIO_ID"[VARCHAR2,400],  (SELECT 
       "MS_RSK_UTILS"."GET_EDIT_URL"(:B1,:B2,:B3,'N',:B4) FROM "SYS"."DUAL" "DUAL")[4000],  
       (SELECT "MS_APPS_UTILITIES"."GET_DISPLAY_VALUE"( (SELECT "ENTERPRISE_ID" FROM  (SELECT 
       "ENTERPRISE_ID" "ENTERPRISE_ID","ENTERPRISE_NAME" 
       "ENTERPRISE_NAME","SI_APP_SV"."CHECK_APP_EXISTS"("ENTERPRISE_ID") "APPLICATION_FLAG" FROM 
       METRICSTREAM."SI_ENT" "SI_ENT" WHERE "START_DATE"<=SYSDATE@! AND ("END_DATE" IS NULL OR 
       "END_DATE">=SYSDATE@!) ORDER BY "CREATION_DATE" DESC) "SI_ENT_ACTIVE_V"),'MS RSK List of 
       Assessment Types',:B5) FROM "SYS"."DUAL" "DUAL")[4000],  (SELECT 
       "MS_APPS_UTILITIES"."GET_DISPLAY_VALUE"( (SELECT "ENTERPRISE_ID" FROM  (SELECT 
       "ENTERPRISE_ID" "ENTERPRISE_ID","ENTERPRISE_NAME" 
       "ENTERPRISE_NAME","SI_APP_SV"."CHECK_APP_EXISTS"("ENTERPRISE_ID") "APPLICATION_FLAG" FROM 
       METRICSTREAM."SI_ENT" "SI_ENT" WHERE "START_DATE"<=SYSDATE@! AND ("END_DATE" IS NULL OR 
       "END_DATE">=SYSDATE@!) ORDER BY "CREATION_DATE" DESC) "SI_ENT_ACTIVE_V"),'MS RSK Yes 
       No',:B6) FROM "SYS"."DUAL" "DUAL")[4000],  (SELECT 
       "MS_APPS_UTILITIES"."GET_DISPLAY_VALUE"( (SELECT "ENTERPRISE_ID" FROM  (SELECT 
       "ENTERPRISE_ID" "ENTERPRISE_ID","ENTERPRISE_NAME" 
       "ENTERPRISE_NAME","SI_APP_SV"."CHECK_APP_EXISTS"("ENTERPRISE_ID") "APPLICATION_FLAG" FROM 
       METRICSTREAM."SI_ENT" "SI_ENT" WHERE "START_DATE"<=SYSDATE@! AND ("END_DATE" IS NULL OR 
       "END_DATE">=SYSDATE@!) ORDER BY "CREATION_DATE" DESC) "SI_ENT_ACTIVE_V"),'MS RSK Yes 
       No',:B7) FROM "SYS"."DUAL" "DUAL")[4000],  (SELECT 
       "MS_JOIN_FOR_DISPLAY"("MS_APPS_UTILITIES"."GET_DISPLAY_VALUE"( (SELECT "ENTERPRISE_ID" 
       FROM  (SELECT "ENTERPRISE_ID" "ENTERPRISE_ID","ENTERPRISE_NAME" 
       "ENTERPRISE_NAME","SI_APP_SV"."CHECK_APP_EXISTS"("ENTERPRISE_ID") "APPLICATION_FLAG" FROM 
       METRICSTREAM."SI_ENT" "SI_ENT" WHERE "START_DATE"<=SYSDATE@! AND ("END_DATE" IS NULL OR 
       "END_DATE">=SYSDATE@!) ORDER BY "CREATION_DATE" DESC) "SI_ENT_ACTIVE_V"),'MS GRC Risk 
       Category',"RISK_CATEGORIES")) FROM "MS_RSK_SCENARIOS_RSC" "FF" WHERE 
       "FF"."SCENARIO_ID"=:B8)[4000], "B"."VALID_FROM"[DATE,7], "B"."VALID_UNTIL"[DATE,7], 
       "MS_RSK_UTILS"."INCLUDE_EXPIRED"("B"."VALID_FROM","B"."VALID_UNTIL")[22],  (SELECT 
       "MS_JOIN"(DISTINCT "D"."RISK_CATEGORIES") FROM METRICSTREAM."MS_RSK_SCENARIOS_RSC" "D" 
       WHERE "D"."SCENARIO_ID"=:B9)[4000], "B"."SCENARIO_ID"[VARCHAR2,400], 
       "B"."DEFAULT_SCENARIO"[VARCHAR2,40], "B"."OBJECT_NAME"[VARCHAR2,800], 
       "GROUP_NAME"[VARCHAR2,800], "B"."ASSESSMENT_TYPE"[VARCHAR2,40]
  22 - (#keys=1) "GROUP_NAME"[VARCHAR2,800], "DD_OBJECT_TYPE"[VARCHAR2,400], 
       "DD_PROCESS_INSTANCE_ID"[NUMBER,22], "DD_INSTANCE_ID"[NUMBER,22], 
       "B"."OBJECT_NAME"[VARCHAR2,800], "B"."SCENARIO_ID"[VARCHAR2,400], 
       "B"."VALID_FROM"[DATE,7], "B"."VALID_UNTIL"[DATE,7], 
       "B"."CALCULATE_RESIDUAL_SCORES"[VARCHAR2,40], "B"."DEFAULT_SCENARIO"[VARCHAR2,40], 
       "B"."ASSESSMENT_TYPE"[VARCHAR2,40]
  23 - (#keys=0) "GROUP_NAME"[VARCHAR2,800], "DD_OBJECT_TYPE"[VARCHAR2,400], 
       "DD_PROCESS_INSTANCE_ID"[NUMBER,22], "DD_INSTANCE_ID"[NUMBER,22], 
       "B"."OBJECT_ID"[VARCHAR2,400]
  24 - "GROUP_NAME"[VARCHAR2,800], "DD_OBJECT_TYPE"[VARCHAR2,400], 
       "DD_PROCESS_INSTANCE_ID"[NUMBER,22], "DD_INSTANCE_ID"[NUMBER,22], 
       "B"."OBJECT_ID"[VARCHAR2,400]
  25 - (#keys=0) 
  27 - "B"."OBJECT_NAME"[VARCHAR2,800], "B"."SCENARIO_ID"[VARCHAR2,400], 
       "B"."VALID_FROM"[DATE,7], "B"."VALID_UNTIL"[DATE,7], 
       "B"."CALCULATE_RESIDUAL_SCORES"[VARCHAR2,40], "B"."DEFAULT_SCENARIO"[VARCHAR2,40], 
       "B"."ASSESSMENT_TYPE"[VARCHAR2,40], "B"."OBJECT_ID"[VARCHAR2,400]
										</code></pre>
								</section>
						</div>
					</div>

				<!-- Sidebar -->
				<div id="sidebar">
					<div class="inner">
						<!-- Menu -->
						<nav id="menu">
							<header class="major">
								<h2>Menu</h2>
							</header>
							<ul>
								<li><a href="../index.html">Module List</a></li>
								<li><a href="index.html">Summary</a></li>
								<li>
									<span class="opener">DB Analysis</span>
									<ul>
										<li><a href="bad-sql.html">Bad SQL</a></li>
										<li><a href="poor-sql.html">Poor SQL Plan</a></li>
										<li><a href="invalid-sql.html">Invalid SQL</a></li>
										<li><a href="full-sql.html">Full SQL Report</a></li>
										<li><a href="table-nil-key.html">Primary/Unique Key Miss</a></li>
										<li><a href="invalid-db-object.html">Invalid DB Objects</a></li>
									</ul>
								</li>
								<li>
									<span class="opener">Infolets</span>
									<ul>
										<li><a href="keep-history-infolets.html">Keep History Infolets</a></li>
									</ul>
								</li>
								<li>
									<span class="opener">Pushforms</span>
									<ul>
										<li><a href="pushform-denormalize.html">Pushform Denormalized</a></li>
									</ul>
								</li>
							</ul>
						</nav>

						<!-- Section -->
						<section>
							<header class="major">
								<h2>Get in touch</h2>
							</header>
							<p>You need more details on the report or want more functionality, don't hesitate to reach out to us.</p>
							<ul class="contact">
								<li class="fa-envelope-o"><a href="mailto:rnd@metricstream.com?Subject=Reg - Static Code Analysis Tool" target="_top">rnd@metricstream.com</a></li>
							</ul>
						</section>

						<!-- Footer -->
						<footer id="footer">
							<p class="copyright">&copy; <a href="http://www.metricstream.com" target="_blank">MetricStream</a>. All rights reserved. </p>
						</footer>
					</div>
				</div>
			</div>

		<!-- Scripts -->
			<script src="../../lib/assets/js/jquery.min.js"></script>
			<script src="../../lib/assets/js/skel.min.js"></script>
			<script src="../../lib/assets/js/util.js"></script>
			<!--[if lte IE 8]><script src="../../lib/assets/js/ie/respond.min.js"></script><![endif]-->
			<script src="../../lib/assets/js/main.js"></script>
	</body>
</html>